exp017-n2048-k12-d200-bs60-f1.000-r00:000000.275: ==========================Instance==========================
exp017-n2048-k12-d200-bs60-f1.000-r00:000000.275: # of equations: 200
exp017-n2048-k12-d200-bs60-f1.000-r00:000000.278: Gap: 2.68
exp017-n2048-k12-d200-bs60-f1.000-r00:000000.294: Tau: 2.09
exp017-n2048-k12-d200-bs60-f1.000-r00:000000.295: ======================BKZ-60 reduction======================
exp017-n2048-k12-d200-bs60-f1.000-r00:000005.037: Expectedly achievable log(norm): 2052.94
exp017-n2048-k12-d200-bs60-f1.000-r00:000010.682: log(exp-norms): [2047.94, 2049.98, 2051.4]
exp017-n2048-k12-d200-bs60-f1.000-r00:000010.682: log(norms):     [2062.94, 2050.77, 2059.89, 2059.89, 2059.89, 2059.89, 2059.89, 2059.89, 2059.89, 2059.89]
exp017-n2048-k12-d200-bs60-f1.000-r00:000010.784: Loop 1/100
exp017-n2048-k12-d200-bs60-f1.000-r00:002796.849: log(exp-norms): [2047.94, 2049.98, 2051.4]
exp017-n2048-k12-d200-bs60-f1.000-r00:002796.850: log(norms):     [2050.77, 2055.06, 2055.16, 2055.13, 2055.21, 2055.13, 2055.08, 2055.23, 2055.04, 2054.89]
exp017-n2048-k12-d200-bs60-f1.000-r00:002796.885: (2787 sec)
exp017-n2048-k12-d200-bs60-f1.000-r00:002796.885: Loop 2/100
exp017-n2048-k12-d200-bs60-f1.000-r00:004018.875: log(exp-norms): [2047.94, 2049.98, 2051.4]
exp017-n2048-k12-d200-bs60-f1.000-r00:004018.876: log(norms):     [2050.77, 2054.28, 2054.39, 2054.44, 2054.47, 2054.56, 2054.39, 2054.63, 2054.51, 2054.43]
exp017-n2048-k12-d200-bs60-f1.000-r00:004018.897: (1223 sec)
exp017-n2048-k12-d200-bs60-f1.000-r00:004018.898: Loop 3/100
exp017-n2048-k12-d200-bs60-f1.000-r00:005241.552: log(exp-norms): [2047.94, 2049.98, 2051.4]
exp017-n2048-k12-d200-bs60-f1.000-r00:005241.553: log(norms):     [2047.94, 2050.77, 2054.0, 2054.05, 2054.15, 2054.09, 2054.07, 2054.19, 2054.2, 2054.21]
exp017-n2048-k12-d200-bs60-f1.000-r00:005241.588: (1223 sec)
exp017-n2048-k12-d200-bs60-f1.000-r00:005241.589: Loop 4/100
exp017-n2048-k12-d200-bs60-f1.000-r00:006462.911: log(exp-norms): [2047.94, 2049.98, 2051.4]
exp017-n2048-k12-d200-bs60-f1.000-r00:006462.912: log(norms):     [2047.94, 2050.77, 2053.65, 2053.65, 2053.65, 2053.72, 2053.66, 2053.9, 2053.64, 2053.78]
exp017-n2048-k12-d200-bs60-f1.000-r00:006462.947: (1222 sec)
exp017-n2048-k12-d200-bs60-f1.000-r00:006462.947: Loop 5/100
exp017-n2048-k12-d200-bs60-f1.000-r00:007365.307: log(exp-norms): [2047.94, 2049.98, 2051.4]
exp017-n2048-k12-d200-bs60-f1.000-r00:007365.308: log(norms):     [2047.94, 2050.77, 2053.43, 2053.5, 2053.56, 2053.49, 2053.61, 2053.45, 2053.56, 2053.54]
exp017-n2048-k12-d200-bs60-f1.000-r00:007365.329: (903 sec)
exp017-n2048-k12-d200-bs60-f1.000-r00:007365.329: Loop 6/100
exp017-n2048-k12-d200-bs60-f1.000-r00:008363.412: log(exp-norms): [2047.94, 2049.98, 2051.4]
exp017-n2048-k12-d200-bs60-f1.000-r00:008363.412: log(norms):     [2047.94, 2050.77, 2053.21, 2053.35, 2053.24, 2053.3, 2053.43, 2053.49, 2053.38, 2053.3]
exp017-n2048-k12-d200-bs60-f1.000-r00:008363.433: (999 sec)
exp017-n2048-k12-d200-bs60-f1.000-r00:008363.433: Loop 7/100
exp017-n2048-k12-d200-bs60-f1.000-r00:009227.900: log(exp-norms): [2047.94, 2049.98, 2051.4]
exp017-n2048-k12-d200-bs60-f1.000-r00:009227.900: log(norms):     [2047.94, 2050.77, 2053.09, 2053.19, 2053.28, 2053.26, 2053.23, 2053.2, 2053.37, 2053.43]
exp017-n2048-k12-d200-bs60-f1.000-r00:009227.922: (865 sec)
exp017-n2048-k12-d200-bs60-f1.000-r00:009227.922: Loop 8/100
exp017-n2048-k12-d200-bs60-f1.000-r00:010156.658: log(exp-norms): [2047.94, 2049.98, 2051.4]
exp017-n2048-k12-d200-bs60-f1.000-r00:010156.658: log(norms):     [2047.94, 2050.77, 2053.09, 2053.13, 2053.08, 2053.16, 2053.24, 2053.23, 2053.31, 2053.3]
exp017-n2048-k12-d200-bs60-f1.000-r00:010156.680: (929 sec)
exp017-n2048-k12-d200-bs60-f1.000-r00:010156.680: Loop 9/100
exp017-n2048-k12-d200-bs60-f1.000-r00:011038.216: log(exp-norms): [2047.94, 2049.98, 2051.4]
exp017-n2048-k12-d200-bs60-f1.000-r00:011038.216: log(norms):     [2047.94, 2050.77, 2053.0, 2053.1, 2053.02, 2053.09, 2053.14, 2053.36, 2053.24, 2053.17]
exp017-n2048-k12-d200-bs60-f1.000-r00:011038.237: (882 sec)
exp017-n2048-k12-d200-bs60-f1.000-r00:011038.237: Loop 10/100
exp017-n2048-k12-d200-bs60-f1.000-r00:012039.934: log(exp-norms): [2047.94, 2049.98, 2051.4]
exp017-n2048-k12-d200-bs60-f1.000-r00:012039.934: log(norms):     [2047.94, 2050.77, 2053.0, 2053.1, 2053.1, 2053.19, 2053.2, 2052.93, 2053.08, 2053.35]
exp017-n2048-k12-d200-bs60-f1.000-r00:012039.957: (1002 sec)
exp017-n2048-k12-d200-bs60-f1.000-r00:012039.958: Loop 11/100
exp017-n2048-k12-d200-bs60-f1.000-r00:013168.499: log(exp-norms): [2047.94, 2049.98, 2051.4]
exp017-n2048-k12-d200-bs60-f1.000-r00:013168.500: log(norms):     [2047.94, 2050.77, 2052.93, 2052.93, 2053.07, 2053.13, 2053.0, 2053.06, 2053.07, 2053.14]
exp017-n2048-k12-d200-bs60-f1.000-r00:013168.521: (1129 sec)
exp017-n2048-k12-d200-bs60-f1.000-r00:013168.521: Loop 12/100
exp017-n2048-k12-d200-bs60-f1.000-r00:014100.901: log(exp-norms): [2047.94, 2049.98, 2051.4]
exp017-n2048-k12-d200-bs60-f1.000-r00:014100.901: log(norms):     [2047.94, 2050.77, 2052.93, 2052.99, 2053.01, 2053.0, 2052.94, 2053.18, 2053.18, 2053.1]
exp017-n2048-k12-d200-bs60-f1.000-r00:014100.922: (933 sec)
exp017-n2048-k12-d200-bs60-f1.000-r00:014100.922: Loop 13/100
exp017-n2048-k12-d200-bs60-f1.000-r00:014882.941: log(exp-norms): [2047.94, 2049.98, 2051.4]
exp017-n2048-k12-d200-bs60-f1.000-r00:014882.942: log(norms):     [2047.94, 2050.77, 2052.93, 2052.99, 2053.01, 2053.0, 2052.94, 2053.18, 2053.18, 2053.23]
exp017-n2048-k12-d200-bs60-f1.000-r00:014882.962: (783 sec)
exp017-n2048-k12-d200-bs60-f1.000-r00:014882.962: Loop 14/100
exp017-n2048-k12-d200-bs60-f1.000-r00:015694.434: log(exp-norms): [2047.94, 2049.98, 2051.4]
exp017-n2048-k12-d200-bs60-f1.000-r00:015694.434: log(norms):     [2047.94, 2050.77, 2052.93, 2052.99, 2053.01, 2053.0, 2053.02, 2053.09, 2053.15, 2053.06]
exp017-n2048-k12-d200-bs60-f1.000-r00:015694.454: (812 sec)
exp017-n2048-k12-d200-bs60-f1.000-r00:015694.454: Loop 15/100
exp017-n2048-k12-d200-bs60-f1.000-r00:016507.626: log(exp-norms): [2047.94, 2049.98, 2051.4]
exp017-n2048-k12-d200-bs60-f1.000-r00:016507.626: log(norms):     [2047.94, 2050.77, 2052.85, 2052.89, 2052.93, 2052.93, 2052.99, 2053.13, 2053.01, 2053.0]
exp017-n2048-k12-d200-bs60-f1.000-r00:016507.647: (814 sec)
exp017-n2048-k12-d200-bs60-f1.000-r00:016507.648: Loop 16/100
exp017-n2048-k12-d200-bs60-f1.000-r00:017315.935: log(exp-norms): [2047.94, 2049.98, 2051.4]
exp017-n2048-k12-d200-bs60-f1.000-r00:017315.935: log(norms):     [2047.94, 2050.77, 2052.85, 2052.89, 2052.93, 2053.15, 2053.24, 2053.12, 2052.96, 2053.24]
exp017-n2048-k12-d200-bs60-f1.000-r00:017315.955: (809 sec)
exp017-n2048-k12-d200-bs60-f1.000-r00:017315.955: Loop 17/100
exp017-n2048-k12-d200-bs60-f1.000-r00:018111.662: log(exp-norms): [2047.94, 2049.98, 2051.4]
exp017-n2048-k12-d200-bs60-f1.000-r00:018111.663: log(norms):     [2047.94, 2050.77, 2052.85, 2052.89, 2052.93, 2053.15, 2053.24, 2053.12, 2052.96, 2053.24]
exp017-n2048-k12-d200-bs60-f1.000-r00:018111.683: (796 sec)
exp017-n2048-k12-d200-bs60-f1.000-r00:018111.683: Loop 18/100
exp017-n2048-k12-d200-bs60-f1.000-r00:018904.928: log(exp-norms): [2047.94, 2049.98, 2051.4]
exp017-n2048-k12-d200-bs60-f1.000-r00:018904.928: log(norms):     [2047.94, 2050.77, 2052.85, 2052.89, 2052.93, 2053.15, 2053.1, 2053.07, 2053.29, 2053.14]
exp017-n2048-k12-d200-bs60-f1.000-r00:018904.948: (794 sec)
exp017-n2048-k12-d200-bs60-f1.000-r00:018904.948: Loop 19/100
