exp029-n2048-k16-d160-bs50-f1.000-r00:000000.344: ==========================Instance==========================
exp029-n2048-k16-d160-bs50-f1.000-r00:000000.344: # of equations: 160
exp029-n2048-k16-d160-bs50-f1.000-r00:000000.347: Gap: 7.16
exp029-n2048-k16-d160-bs50-f1.000-r00:000000.353: Tau: 16.64
exp029-n2048-k16-d160-bs50-f1.000-r00:000000.353: ======================BKZ-50 reduction======================
exp029-n2048-k16-d160-bs50-f1.000-r00:000003.903: Expectedly achievable log(norm): 2053.84
exp029-n2048-k16-d160-bs50-f1.000-r00:000007.662: log(exp-norms): [2047.94, 2049.82, 2052.66]
exp029-n2048-k16-d160-bs50-f1.000-r00:000007.662: log(norms):     [2066.78, 2050.61, 2063.89, 2063.89, 2063.89, 2063.89, 2063.89, 2063.89, 2063.89, 2063.89]
exp029-n2048-k16-d160-bs50-f1.000-r00:000007.766: Loop 1/100
exp029-n2048-k16-d160-bs50-f1.000-r00:001124.418: log(exp-norms): [2047.94, 2049.82, 2052.66]
exp029-n2048-k16-d160-bs50-f1.000-r00:001124.419: log(norms):     [2047.94, 2050.61, 2055.49, 2055.56, 2055.54, 2055.57, 2055.77, 2055.43, 2055.68, 2055.66]
exp029-n2048-k16-d160-bs50-f1.000-r00:001124.438: (1117 sec)
exp029-n2048-k16-d160-bs50-f1.000-r00:001124.438: Loop 2/100
exp029-n2048-k16-d160-bs50-f1.000-r00:001387.087: log(exp-norms): [2047.94, 2049.82, 2052.66]
exp029-n2048-k16-d160-bs50-f1.000-r00:001387.087: log(norms):     [2047.94, 2049.85, 2050.61, 2055.06, 2055.12, 2055.03, 2055.08, 2055.02, 2055.18, 2054.98]
exp029-n2048-k16-d160-bs50-f1.000-r00:001387.105: (263 sec)
exp029-n2048-k16-d160-bs50-f1.000-r00:001387.105: ==========================Summary===========================
exp029-n2048-k16-d160-bs50-f1.000-r00:001387.106: Total time: 1387sec
exp029-n2048-k16-d160-bs50-f1.000-r00:001387.106: SUCCESS
exp029-n2048-k16-d160-bs50-f1.000-r00:001387.106: HNP solution: 21167975012918209552870912686771806438255541139730826066240181635621995443071722460092792766861449656651971904291494739624795743912805281300205929006874334739401927940244927625209913798361661459251278313555519353642349115638315408362633444025792932001859113279660550582627886616827766347381574068296526040175929893169077556725088334319029806072045420620743758952554100350242506733953941532202221585526098667900646237835635973957787430016458915948532825984650322309201129448700846664082632282345847636675284528957185198677963453685751932736766208738712710808794428045621406898257160840156291641067235468252088992925184
exp029-n2048-k16-d160-bs50-f1.000-r00:001387.106: Shared secret: 21167975012918209552870912686771806438255541139730826066240181635621995443071722460092792766861449656651971904291494739624795743912805281300205929006874334739401927940244927625209913798361661459251278313555519353642349115638315408362633444025792932001859113279660550582627886616827766347381574068296526040175929893169077556725088334319029806072045420620743758952554100350242506733953941532202221585526098667900646237835635973957787430016458915948532825984650322309201129448700846664082632282345847636675284528957185198677963453685751932736766208738712710808794428045621406898257160840156291641067235468252088992925184
exp029-n2048-k16-d160-bs50-f1.000-r00:001387.106: SUMMARY:n:2048:k:16:d:160:bs:50:t:1387:r:True
