exp016-n2048-k12-d190-bs60-f1.000-r00:000000.261: ==========================Instance==========================
exp016-n2048-k12-d190-bs60-f1.000-r00:000000.261: # of equations: 190
exp016-n2048-k12-d190-bs60-f1.000-r00:000000.265: Gap: 1.85
exp016-n2048-k12-d190-bs60-f1.000-r00:000000.272: Tau: 1.02
exp016-n2048-k12-d190-bs60-f1.000-r00:000000.273: ======================BKZ-60 reduction======================
exp016-n2048-k12-d190-bs60-f1.000-r00:000005.304: Expectedly achievable log(norm): 2052.24
exp016-n2048-k12-d190-bs60-f1.000-r00:000010.334: log(exp-norms): [2047.94, 2049.94, 2050.83]
exp016-n2048-k12-d190-bs60-f1.000-r00:000010.334: log(norms):     [2062.89, 2050.73, 2059.89, 2059.89, 2059.89, 2059.89, 2059.89, 2059.89, 2059.89, 2059.89]
exp016-n2048-k12-d190-bs60-f1.000-r00:000010.430: Loop 1/100
exp016-n2048-k12-d190-bs60-f1.000-r00:002419.560: log(exp-norms): [2047.94, 2049.94, 2050.83]
exp016-n2048-k12-d190-bs60-f1.000-r00:002419.560: log(norms):     [2050.73, 2053.99, 2053.99, 2054.18, 2054.15, 2054.15, 2054.21, 2054.02, 2054.23, 2054.09]
exp016-n2048-k12-d190-bs60-f1.000-r00:002419.593: (2410 sec)
exp016-n2048-k12-d190-bs60-f1.000-r00:002419.594: Loop 2/100
exp016-n2048-k12-d190-bs60-f1.000-r00:003383.506: log(exp-norms): [2047.94, 2049.94, 2050.83]
exp016-n2048-k12-d190-bs60-f1.000-r00:003383.507: log(norms):     [2050.73, 2053.39, 2053.41, 2053.47, 2053.53, 2053.55, 2053.58, 2053.51, 2053.53, 2053.66]
exp016-n2048-k12-d190-bs60-f1.000-r00:003383.527: (964 sec)
exp016-n2048-k12-d190-bs60-f1.000-r00:003383.528: Loop 3/100
exp016-n2048-k12-d190-bs60-f1.000-r00:004389.136: log(exp-norms): [2047.94, 2049.94, 2050.83]
exp016-n2048-k12-d190-bs60-f1.000-r00:004389.137: log(norms):     [2047.94, 2050.73, 2053.13, 2053.13, 2053.22, 2053.26, 2053.1, 2053.29, 2053.25, 2053.18]
exp016-n2048-k12-d190-bs60-f1.000-r00:004389.158: (1006 sec)
exp016-n2048-k12-d190-bs60-f1.000-r00:004389.158: Loop 4/100
exp016-n2048-k12-d190-bs60-f1.000-r00:005411.969: log(exp-norms): [2047.94, 2049.94, 2050.83]
exp016-n2048-k12-d190-bs60-f1.000-r00:005411.969: log(norms):     [2047.94, 2050.73, 2052.72, 2052.84, 2052.77, 2052.84, 2052.92, 2052.78, 2052.83, 2052.97]
exp016-n2048-k12-d190-bs60-f1.000-r00:005411.990: (1023 sec)
exp016-n2048-k12-d190-bs60-f1.000-r00:005411.990: Loop 5/100
exp016-n2048-k12-d190-bs60-f1.000-r00:006408.882: log(exp-norms): [2047.94, 2049.94, 2050.83]
exp016-n2048-k12-d190-bs60-f1.000-r00:006408.882: log(norms):     [2047.94, 2050.73, 2052.63, 2052.65, 2052.7, 2052.7, 2052.71, 2052.76, 2052.82, 2052.64]
exp016-n2048-k12-d190-bs60-f1.000-r00:006408.903: (997 sec)
exp016-n2048-k12-d190-bs60-f1.000-r00:006408.903: Loop 6/100
exp016-n2048-k12-d190-bs60-f1.000-r00:007187.179: log(exp-norms): [2047.94, 2049.94, 2050.83]
exp016-n2048-k12-d190-bs60-f1.000-r00:007187.179: log(norms):     [2047.94, 2050.73, 2052.42, 2052.48, 2052.6, 2052.48, 2052.66, 2052.69, 2052.62, 2052.55]
exp016-n2048-k12-d190-bs60-f1.000-r00:007187.200: (779 sec)
exp016-n2048-k12-d190-bs60-f1.000-r00:007187.200: Loop 7/100
exp016-n2048-k12-d190-bs60-f1.000-r00:008190.496: log(exp-norms): [2047.94, 2049.94, 2050.83]
exp016-n2048-k12-d190-bs60-f1.000-r00:008190.496: log(norms):     [2047.94, 2050.73, 2052.35, 2052.41, 2052.44, 2052.48, 2052.39, 2052.56, 2052.48, 2052.54]
exp016-n2048-k12-d190-bs60-f1.000-r00:008190.516: (1004 sec)
exp016-n2048-k12-d190-bs60-f1.000-r00:008190.516: Loop 8/100
exp016-n2048-k12-d190-bs60-f1.000-r00:008907.682: log(exp-norms): [2047.94, 2049.94, 2050.83]
exp016-n2048-k12-d190-bs60-f1.000-r00:008907.682: log(norms):     [2047.94, 2050.73, 2052.35, 2052.35, 2052.54, 2052.49, 2052.55, 2052.64, 2052.38, 2052.54]
exp016-n2048-k12-d190-bs60-f1.000-r00:008907.703: (718 sec)
exp016-n2048-k12-d190-bs60-f1.000-r00:008907.703: Loop 9/100
exp016-n2048-k12-d190-bs60-f1.000-r00:009904.427: log(exp-norms): [2047.94, 2049.94, 2050.83]
exp016-n2048-k12-d190-bs60-f1.000-r00:009904.428: log(norms):     [2047.94, 2050.73, 2052.33, 2052.32, 2052.33, 2052.43, 2052.47, 2052.36, 2052.47, 2052.64]
exp016-n2048-k12-d190-bs60-f1.000-r00:009904.448: (997 sec)
exp016-n2048-k12-d190-bs60-f1.000-r00:009904.448: Loop 10/100
exp016-n2048-k12-d190-bs60-f1.000-r00:010874.550: log(exp-norms): [2047.94, 2049.94, 2050.83]
exp016-n2048-k12-d190-bs60-f1.000-r00:010874.550: log(norms):     [2047.94, 2050.73, 2052.23, 2052.3, 2052.38, 2052.31, 2052.46, 2052.38, 2052.36, 2052.35]
exp016-n2048-k12-d190-bs60-f1.000-r00:010874.583: (971 sec)
exp016-n2048-k12-d190-bs60-f1.000-r00:010874.583: Loop 11/100
exp016-n2048-k12-d190-bs60-f1.000-r00:011702.220: log(exp-norms): [2047.94, 2049.94, 2050.83]
exp016-n2048-k12-d190-bs60-f1.000-r00:011702.220: log(norms):     [2047.94, 2050.73, 2052.22, 2052.23, 2052.28, 2052.29, 2052.37, 2052.41, 2052.41, 2052.47]
exp016-n2048-k12-d190-bs60-f1.000-r00:011702.241: (828 sec)
exp016-n2048-k12-d190-bs60-f1.000-r00:011702.241: Loop 12/100
exp016-n2048-k12-d190-bs60-f1.000-r00:012436.722: log(exp-norms): [2047.94, 2049.94, 2050.83]
exp016-n2048-k12-d190-bs60-f1.000-r00:012436.723: log(norms):     [2047.94, 2050.73, 2052.22, 2052.23, 2052.28, 2052.29, 2052.29, 2052.46, 2052.37, 2052.53]
exp016-n2048-k12-d190-bs60-f1.000-r00:012436.742: (735 sec)
exp016-n2048-k12-d190-bs60-f1.000-r00:012436.742: Loop 13/100
exp016-n2048-k12-d190-bs60-f1.000-r00:013107.574: log(exp-norms): [2047.94, 2049.94, 2050.83]
exp016-n2048-k12-d190-bs60-f1.000-r00:013107.575: log(norms):     [2047.94, 2050.73, 2052.22, 2052.23, 2052.28, 2052.29, 2052.29, 2052.36, 2052.37, 2052.33]
exp016-n2048-k12-d190-bs60-f1.000-r00:013107.594: (671 sec)
exp016-n2048-k12-d190-bs60-f1.000-r00:013107.595: Loop 14/100
exp016-n2048-k12-d190-bs60-f1.000-r00:013817.078: log(exp-norms): [2047.94, 2049.94, 2050.83]
exp016-n2048-k12-d190-bs60-f1.000-r00:013817.078: log(norms):     [2047.94, 2050.73, 2052.22, 2052.31, 2052.4, 2052.23, 2052.28, 2052.28, 2052.41, 2052.38]
exp016-n2048-k12-d190-bs60-f1.000-r00:013817.097: (710 sec)
exp016-n2048-k12-d190-bs60-f1.000-r00:013817.098: Loop 15/100
exp016-n2048-k12-d190-bs60-f1.000-r00:014530.034: log(exp-norms): [2047.94, 2049.94, 2050.83]
exp016-n2048-k12-d190-bs60-f1.000-r00:014530.035: log(norms):     [2047.94, 2050.73, 2052.22, 2052.31, 2052.4, 2052.44, 2052.48, 2052.29, 2052.41, 2052.44]
exp016-n2048-k12-d190-bs60-f1.000-r00:014530.055: (713 sec)
exp016-n2048-k12-d190-bs60-f1.000-r00:014530.055: Loop 16/100
exp016-n2048-k12-d190-bs60-f1.000-r00:015235.687: log(exp-norms): [2047.94, 2049.94, 2050.83]
exp016-n2048-k12-d190-bs60-f1.000-r00:015235.688: log(norms):     [2047.94, 2050.73, 2052.22, 2052.31, 2052.4, 2052.44, 2052.34, 2052.49, 2052.34, 2052.54]
exp016-n2048-k12-d190-bs60-f1.000-r00:015235.707: (706 sec)
exp016-n2048-k12-d190-bs60-f1.000-r00:015235.707: Loop 17/100
exp016-n2048-k12-d190-bs60-f1.000-r00:015913.688: log(exp-norms): [2047.94, 2049.94, 2050.83]
exp016-n2048-k12-d190-bs60-f1.000-r00:015913.688: log(norms):     [2047.94, 2050.73, 2052.22, 2052.31, 2052.4, 2052.34, 2052.44, 2052.34, 2052.38, 2052.34]
exp016-n2048-k12-d190-bs60-f1.000-r00:015913.707: (678 sec)
exp016-n2048-k12-d190-bs60-f1.000-r00:015913.708: Loop 18/100
exp016-n2048-k12-d190-bs60-f1.000-r00:016614.681: log(exp-norms): [2047.94, 2049.94, 2050.83]
exp016-n2048-k12-d190-bs60-f1.000-r00:016614.681: log(norms):     [2047.94, 2050.73, 2052.22, 2052.31, 2052.4, 2052.34, 2052.5, 2052.48, 2052.34, 2052.43]
exp016-n2048-k12-d190-bs60-f1.000-r00:016614.701: (701 sec)
exp016-n2048-k12-d190-bs60-f1.000-r00:016614.701: Loop 19/100
exp016-n2048-k12-d190-bs60-f1.000-r00:017304.343: log(exp-norms): [2047.94, 2049.94, 2050.83]
exp016-n2048-k12-d190-bs60-f1.000-r00:017304.344: log(norms):     [2047.94, 2050.73, 2052.22, 2052.31, 2052.34, 2052.21, 2052.4, 2052.34, 2052.38, 2052.38]
exp016-n2048-k12-d190-bs60-f1.000-r00:017304.364: (690 sec)
exp016-n2048-k12-d190-bs60-f1.000-r00:017304.364: Loop 20/100
exp016-n2048-k12-d190-bs60-f1.000-r00:017986.402: log(exp-norms): [2047.94, 2049.94, 2050.83]
exp016-n2048-k12-d190-bs60-f1.000-r00:017986.402: log(norms):     [2047.94, 2050.73, 2052.21, 2052.22, 2052.31, 2052.34, 2052.28, 2052.32, 2052.41, 2052.41]
exp016-n2048-k12-d190-bs60-f1.000-r00:017986.421: (683 sec)
exp016-n2048-k12-d190-bs60-f1.000-r00:017986.422: Loop 21/100
exp016-n2048-k12-d190-bs60-f1.000-r00:018675.577: log(exp-norms): [2047.94, 2049.94, 2050.83]
exp016-n2048-k12-d190-bs60-f1.000-r00:018675.577: log(norms):     [2047.94, 2050.73, 2052.21, 2052.22, 2052.28, 2052.32, 2052.35, 2052.26, 2052.26, 2052.27]
exp016-n2048-k12-d190-bs60-f1.000-r00:018675.597: (690 sec)
exp016-n2048-k12-d190-bs60-f1.000-r00:018675.597: Loop 22/100
exp016-n2048-k12-d190-bs60-f1.000-r00:019346.940: log(exp-norms): [2047.94, 2049.94, 2050.83]
exp016-n2048-k12-d190-bs60-f1.000-r00:019346.941: log(norms):     [2047.94, 2050.73, 2052.21, 2052.22, 2052.28, 2052.32, 2052.35, 2052.26, 2052.37, 2052.44]
exp016-n2048-k12-d190-bs60-f1.000-r00:019346.960: (672 sec)
exp016-n2048-k12-d190-bs60-f1.000-r00:019346.960: Loop 23/100
