exp025-n2048-k16-d160-bs40-f1.000-r00:000000.303: ==========================Instance==========================
exp025-n2048-k16-d160-bs40-f1.000-r00:000000.303: # of equations: 160
exp025-n2048-k16-d160-bs40-f1.000-r00:000000.305: Gap: 7.16
exp025-n2048-k16-d160-bs40-f1.000-r00:000000.309: Tau: 16.64
exp025-n2048-k16-d160-bs40-f1.000-r00:000000.310: ======================BKZ-40 reduction======================
exp025-n2048-k16-d160-bs40-f1.000-r00:000003.757: Expectedly achievable log(norm): 2053.95
exp025-n2048-k16-d160-bs40-f1.000-r00:000007.458: log(exp-norms): [2047.94, 2049.82, 2052.66]
exp025-n2048-k16-d160-bs40-f1.000-r00:000007.458: log(norms):     [2066.78, 2050.61, 2063.89, 2063.89, 2063.89, 2063.89, 2063.89, 2063.89, 2063.89, 2063.89]
exp025-n2048-k16-d160-bs40-f1.000-r00:000007.560: Loop 1/100
exp025-n2048-k16-d160-bs40-f1.000-r00:000844.072: log(exp-norms): [2047.94, 2049.82, 2052.66]
exp025-n2048-k16-d160-bs40-f1.000-r00:000844.073: log(norms):     [2047.94, 2050.61, 2055.7, 2055.81, 2055.73, 2055.77, 2055.79, 2055.8, 2055.9, 2055.74]
exp025-n2048-k16-d160-bs40-f1.000-r00:000844.092: (837 sec)
exp025-n2048-k16-d160-bs40-f1.000-r00:000844.092: Loop 2/100
exp025-n2048-k16-d160-bs40-f1.000-r00:000915.926: log(exp-norms): [2047.94, 2049.82, 2052.66]
exp025-n2048-k16-d160-bs40-f1.000-r00:000915.926: log(norms):     [2047.94, 2050.61, 2055.27, 2055.29, 2055.26, 2055.49, 2055.46, 2055.33, 2055.48, 2055.39]
exp025-n2048-k16-d160-bs40-f1.000-r00:000915.955: (72 sec)
exp025-n2048-k16-d160-bs40-f1.000-r00:000915.955: Loop 3/100
exp025-n2048-k16-d160-bs40-f1.000-r00:000997.047: log(exp-norms): [2047.94, 2049.82, 2052.66]
exp025-n2048-k16-d160-bs40-f1.000-r00:000997.047: log(norms):     [2047.94, 2049.85, 2050.61, 2055.09, 2055.15, 2055.15, 2055.23, 2055.16, 2055.29, 2055.18]
exp025-n2048-k16-d160-bs40-f1.000-r00:000997.079: (82 sec)
exp025-n2048-k16-d160-bs40-f1.000-r00:000997.079: ==========================Summary===========================
exp025-n2048-k16-d160-bs40-f1.000-r00:000997.080: Total time: 997sec
exp025-n2048-k16-d160-bs40-f1.000-r00:000997.080: SUCCESS
exp025-n2048-k16-d160-bs40-f1.000-r00:000997.080: HNP solution: 21167975012918209552870912686771806438255541139730826066240181635621995443071722460092792766861449656651971904291494739624795743912805281300205929006874334739401927940244927625209913798361661459251278313555519353642349115638315408362633444025792932001859113279660550582627886616827766347381574068296526040175929893169077556725088334319029806072045420620743758952554100350242506733953941532202221585526098667900646237835635973957787430016458915948532825984650322309201129448700846664082632282345847636675284528957185198677963453685751932736766208738712710808794428045621406898257160840156291641067235468252088992925184
exp025-n2048-k16-d160-bs40-f1.000-r00:000997.080: Shared secret: 21167975012918209552870912686771806438255541139730826066240181635621995443071722460092792766861449656651971904291494739624795743912805281300205929006874334739401927940244927625209913798361661459251278313555519353642349115638315408362633444025792932001859113279660550582627886616827766347381574068296526040175929893169077556725088334319029806072045420620743758952554100350242506733953941532202221585526098667900646237835635973957787430016458915948532825984650322309201129448700846664082632282345847636675284528957185198677963453685751932736766208738712710808794428045621406898257160840156291641067235468252088992925184
exp025-n2048-k16-d160-bs40-f1.000-r00:000997.080: SUMMARY:n:2048:k:16:d:160:bs:40:t:997:r:True
