exp031-n2048-k16-d140-bs60-f1.000-r00:000000.338: ==========================Instance==========================
exp031-n2048-k16-d140-bs60-f1.000-r00:000000.338: # of equations: 140
exp031-n2048-k16-d140-bs60-f1.000-r00:000000.341: Gap: 2.04
exp031-n2048-k16-d140-bs60-f1.000-r00:000000.347: Tau: 1.45
exp031-n2048-k16-d140-bs60-f1.000-r00:000000.347: ======================BKZ-60 reduction======================
exp031-n2048-k16-d140-bs60-f1.000-r00:000002.986: Expectedly achievable log(norm): 2051.56
exp031-n2048-k16-d140-bs60-f1.000-r00:000005.776: log(exp-norms): [2047.94, 2049.73, 2050.76]
exp031-n2048-k16-d140-bs60-f1.000-r00:000005.776: log(norms):     [2066.66, 2050.51, 2063.89, 2063.89, 2063.89, 2063.89, 2063.89, 2063.89, 2063.89, 2063.89]
exp031-n2048-k16-d140-bs60-f1.000-r00:000005.872: Loop 1/100
exp031-n2048-k16-d140-bs60-f1.000-r00:001128.004: log(exp-norms): [2047.94, 2049.73, 2050.76]
exp031-n2048-k16-d140-bs60-f1.000-r00:001128.005: log(norms):     [2047.94, 2050.51, 2052.74, 2052.79, 2052.72, 2052.85, 2052.82, 2052.72, 2052.69, 2052.69]
exp031-n2048-k16-d140-bs60-f1.000-r00:001128.034: (1123 sec)
exp031-n2048-k16-d140-bs60-f1.000-r00:001128.035: Loop 2/100
exp031-n2048-k16-d140-bs60-f1.000-r00:001524.537: log(exp-norms): [2047.94, 2049.73, 2050.76]
exp031-n2048-k16-d140-bs60-f1.000-r00:001524.537: log(norms):     [2047.94, 2050.51, 2052.17, 2052.27, 2052.26, 2052.18, 2052.21, 2052.22, 2052.25, 2052.21]
exp031-n2048-k16-d140-bs60-f1.000-r00:001524.562: (397 sec)
exp031-n2048-k16-d140-bs60-f1.000-r00:001524.562: Loop 3/100
exp031-n2048-k16-d140-bs60-f1.000-r00:001936.974: log(exp-norms): [2047.94, 2049.73, 2050.76]
exp031-n2048-k16-d140-bs60-f1.000-r00:001936.974: log(norms):     [2047.94, 2050.51, 2051.8, 2051.82, 2051.84, 2051.98, 2051.82, 2051.82, 2051.96, 2051.76]
exp031-n2048-k16-d140-bs60-f1.000-r00:001936.999: (413 sec)
exp031-n2048-k16-d140-bs60-f1.000-r00:001936.999: Loop 4/100
exp031-n2048-k16-d140-bs60-f1.000-r00:002295.438: log(exp-norms): [2047.94, 2049.73, 2050.76]
exp031-n2048-k16-d140-bs60-f1.000-r00:002295.439: log(norms):     [2047.94, 2050.51, 2051.68, 2051.73, 2051.74, 2051.65, 2051.87, 2051.7, 2051.87, 2051.87]
exp031-n2048-k16-d140-bs60-f1.000-r00:002295.463: (359 sec)
exp031-n2048-k16-d140-bs60-f1.000-r00:002295.463: Loop 5/100
exp031-n2048-k16-d140-bs60-f1.000-r00:002691.997: log(exp-norms): [2047.94, 2049.73, 2050.76]
exp031-n2048-k16-d140-bs60-f1.000-r00:002691.997: log(norms):     [2047.94, 2050.51, 2051.61, 2051.65, 2051.78, 2051.67, 2051.91, 2051.71, 2051.65, 2051.88]
exp031-n2048-k16-d140-bs60-f1.000-r00:002692.014: (397 sec)
exp031-n2048-k16-d140-bs60-f1.000-r00:002692.014: Loop 6/100
exp031-n2048-k16-d140-bs60-f1.000-r00:003030.439: log(exp-norms): [2047.94, 2049.73, 2050.76]
exp031-n2048-k16-d140-bs60-f1.000-r00:003030.440: log(norms):     [2047.94, 2050.51, 2051.5, 2051.64, 2051.61, 2051.72, 2051.68, 2051.77, 2051.78, 2051.81]
exp031-n2048-k16-d140-bs60-f1.000-r00:003030.454: (339 sec)
exp031-n2048-k16-d140-bs60-f1.000-r00:003030.455: Loop 7/100
exp031-n2048-k16-d140-bs60-f1.000-r00:003405.833: log(exp-norms): [2047.94, 2049.73, 2050.76]
exp031-n2048-k16-d140-bs60-f1.000-r00:003405.833: log(norms):     [2047.94, 2050.51, 2051.5, 2051.64, 2051.61, 2051.68, 2051.72, 2051.68, 2051.76, 2051.64]
exp031-n2048-k16-d140-bs60-f1.000-r00:003405.858: (376 sec)
exp031-n2048-k16-d140-bs60-f1.000-r00:003405.859: Loop 8/100
exp031-n2048-k16-d140-bs60-f1.000-r00:003750.290: log(exp-norms): [2047.94, 2049.73, 2050.76]
exp031-n2048-k16-d140-bs60-f1.000-r00:003750.290: log(norms):     [2047.94, 2050.51, 2051.5, 2051.63, 2051.62, 2051.69, 2051.73, 2051.64, 2051.69, 2051.79]
exp031-n2048-k16-d140-bs60-f1.000-r00:003750.305: (345 sec)
exp031-n2048-k16-d140-bs60-f1.000-r00:003750.305: Loop 9/100
exp031-n2048-k16-d140-bs60-f1.000-r00:004119.240: log(exp-norms): [2047.94, 2049.73, 2050.76]
exp031-n2048-k16-d140-bs60-f1.000-r00:004119.241: log(norms):     [2047.94, 2050.51, 2051.5, 2051.63, 2051.62, 2051.81, 2051.65, 2051.62, 2051.75, 2051.64]
exp031-n2048-k16-d140-bs60-f1.000-r00:004119.256: (369 sec)
exp031-n2048-k16-d140-bs60-f1.000-r00:004119.256: Loop 10/100
exp031-n2048-k16-d140-bs60-f1.000-r00:004442.089: log(exp-norms): [2047.94, 2049.73, 2050.76]
exp031-n2048-k16-d140-bs60-f1.000-r00:004442.089: log(norms):     [2047.94, 2050.51, 2051.5, 2051.63, 2051.62, 2051.81, 2051.65, 2051.84, 2051.66, 2051.74]
exp031-n2048-k16-d140-bs60-f1.000-r00:004442.116: (323 sec)
exp031-n2048-k16-d140-bs60-f1.000-r00:004442.116: Loop 11/100
exp031-n2048-k16-d140-bs60-f1.000-r00:004836.063: log(exp-norms): [2047.94, 2049.73, 2050.76]
exp031-n2048-k16-d140-bs60-f1.000-r00:004836.063: log(norms):     [2047.94, 2050.51, 2051.47, 2051.5, 2051.63, 2051.69, 2051.62, 2051.81, 2051.52, 2051.84]
exp031-n2048-k16-d140-bs60-f1.000-r00:004836.089: (394 sec)
exp031-n2048-k16-d140-bs60-f1.000-r00:004836.089: Loop 12/100
exp031-n2048-k16-d140-bs60-f1.000-r00:005217.333: log(exp-norms): [2047.94, 2049.73, 2050.76]
exp031-n2048-k16-d140-bs60-f1.000-r00:005217.334: log(norms):     [2047.94, 2050.51, 2051.47, 2051.5, 2051.52, 2051.63, 2051.69, 2051.62, 2051.81, 2051.71]
exp031-n2048-k16-d140-bs60-f1.000-r00:005217.358: (382 sec)
exp031-n2048-k16-d140-bs60-f1.000-r00:005217.359: Loop 13/100
exp031-n2048-k16-d140-bs60-f1.000-r00:005547.128: log(exp-norms): [2047.94, 2049.73, 2050.76]
exp031-n2048-k16-d140-bs60-f1.000-r00:005547.128: log(norms):     [2047.94, 2050.51, 2051.47, 2051.57, 2051.62, 2051.53, 2051.52, 2051.5, 2051.71, 2051.76]
exp031-n2048-k16-d140-bs60-f1.000-r00:005547.145: (330 sec)
exp031-n2048-k16-d140-bs60-f1.000-r00:005547.145: Loop 14/100
exp031-n2048-k16-d140-bs60-f1.000-r00:005992.584: log(exp-norms): [2047.94, 2049.73, 2050.76]
exp031-n2048-k16-d140-bs60-f1.000-r00:005992.584: log(norms):     [2047.94, 2049.7, 2050.51, 2051.47, 2051.57, 2051.62, 2051.53, 2051.66, 2051.5, 2051.52]
exp031-n2048-k16-d140-bs60-f1.000-r00:005992.600: (446 sec)
exp031-n2048-k16-d140-bs60-f1.000-r00:005992.600: ==========================Summary===========================
exp031-n2048-k16-d140-bs60-f1.000-r00:005992.600: Total time: 5993sec
exp031-n2048-k16-d140-bs60-f1.000-r00:005992.600: SUCCESS
exp031-n2048-k16-d140-bs60-f1.000-r00:005992.600: HNP solution: 21167975012918209552870912686771806438255541139730826066240181635621995443071722460092792766861449656651971904291494739624795743912805281300205929006874334739401927940244927625209913798361661459251278313555519353642349115638315408362633444025792932001859113279660550582627886616827766347381574068296526040175929893169077556725088334319029806072045420620743758952554100350242506733953941532202221585526098667900646237835635973957787430016458915948532825984650322309201129448700846664082632282345847636675284528957185198677963453685751932736766208738712710808794428045621406898257160840156291641067235468252088992925184
exp031-n2048-k16-d140-bs60-f1.000-r00:005992.600: Shared secret: 21167975012918209552870912686771806438255541139730826066240181635621995443071722460092792766861449656651971904291494739624795743912805281300205929006874334739401927940244927625209913798361661459251278313555519353642349115638315408362633444025792932001859113279660550582627886616827766347381574068296526040175929893169077556725088334319029806072045420620743758952554100350242506733953941532202221585526098667900646237835635973957787430016458915948532825984650322309201129448700846664082632282345847636675284528957185198677963453685751932736766208738712710808794428045621406898257160840156291641067235468252088992925184
exp031-n2048-k16-d140-bs60-f1.000-r00:005992.600: SUMMARY:n:2048:k:16:d:140:bs:60:t:5993:r:True
