exp003-n2048-k12-d200-bs40-f1.000-r00:000000.212: ==========================Instance==========================
exp003-n2048-k12-d200-bs40-f1.000-r00:000000.212: # of equations: 200
exp003-n2048-k12-d200-bs40-f1.000-r00:000000.216: Gap: 2.68
exp003-n2048-k12-d200-bs40-f1.000-r00:000000.223: Tau: 2.09
exp003-n2048-k12-d200-bs40-f1.000-r00:000000.224: ======================BKZ-40 reduction======================
exp003-n2048-k12-d200-bs40-f1.000-r00:000005.617: Expectedly achievable log(norm): 2053.25
exp003-n2048-k12-d200-bs40-f1.000-r00:000010.356: log(exp-norms): [2047.94, 2049.98, 2051.4]
exp003-n2048-k12-d200-bs40-f1.000-r00:000010.357: log(norms):     [2062.94, 2050.77, 2059.89, 2059.89, 2059.89, 2059.89, 2059.89, 2059.89, 2059.89, 2059.89]
exp003-n2048-k12-d200-bs40-f1.000-r00:000010.449: Loop 1/100
exp003-n2048-k12-d200-bs40-f1.000-r00:001560.477: log(exp-norms): [2047.94, 2049.98, 2051.4]
exp003-n2048-k12-d200-bs40-f1.000-r00:001560.477: log(norms):     [2050.77, 2055.1, 2055.36, 2055.45, 2055.44, 2055.4, 2055.46, 2055.47, 2055.58, 2055.26]
exp003-n2048-k12-d200-bs40-f1.000-r00:001560.499: (1551 sec)
exp003-n2048-k12-d200-bs40-f1.000-r00:001560.500: Loop 2/100
exp003-n2048-k12-d200-bs40-f1.000-r00:001713.747: log(exp-norms): [2047.94, 2049.98, 2051.4]
exp003-n2048-k12-d200-bs40-f1.000-r00:001713.748: log(norms):     [2050.77, 2054.87, 2054.98, 2055.03, 2055.05, 2055.02, 2055.07, 2055.21, 2055.15, 2055.12]
exp003-n2048-k12-d200-bs40-f1.000-r00:001713.782: (154 sec)
exp003-n2048-k12-d200-bs40-f1.000-r00:001713.782: Loop 3/100
exp003-n2048-k12-d200-bs40-f1.000-r00:001847.398: log(exp-norms): [2047.94, 2049.98, 2051.4]
exp003-n2048-k12-d200-bs40-f1.000-r00:001847.398: log(norms):     [2050.77, 2054.62, 2054.82, 2054.95, 2054.96, 2055.05, 2054.89, 2055.01, 2054.69, 2054.78]
exp003-n2048-k12-d200-bs40-f1.000-r00:001847.432: (134 sec)
exp003-n2048-k12-d200-bs40-f1.000-r00:001847.432: Loop 4/100
exp003-n2048-k12-d200-bs40-f1.000-r00:001978.415: log(exp-norms): [2047.94, 2049.98, 2051.4]
exp003-n2048-k12-d200-bs40-f1.000-r00:001978.415: log(norms):     [2050.77, 2054.59, 2054.6, 2054.71, 2054.55, 2054.62, 2054.78, 2054.82, 2054.81, 2054.83]
exp003-n2048-k12-d200-bs40-f1.000-r00:001978.450: (132 sec)
exp003-n2048-k12-d200-bs40-f1.000-r00:001978.450: Loop 5/100
exp003-n2048-k12-d200-bs40-f1.000-r00:002074.713: log(exp-norms): [2047.94, 2049.98, 2051.4]
exp003-n2048-k12-d200-bs40-f1.000-r00:002074.714: log(norms):     [2050.77, 2054.32, 2054.35, 2054.41, 2054.39, 2054.49, 2054.66, 2054.48, 2054.43, 2054.52]
exp003-n2048-k12-d200-bs40-f1.000-r00:002074.748: (97 sec)
exp003-n2048-k12-d200-bs40-f1.000-r00:002074.748: Loop 6/100
exp003-n2048-k12-d200-bs40-f1.000-r00:002180.562: log(exp-norms): [2047.94, 2049.98, 2051.4]
exp003-n2048-k12-d200-bs40-f1.000-r00:002180.563: log(norms):     [2050.77, 2054.23, 2054.38, 2054.42, 2054.25, 2054.34, 2054.43, 2054.34, 2054.39, 2054.29]
exp003-n2048-k12-d200-bs40-f1.000-r00:002180.598: (106 sec)
exp003-n2048-k12-d200-bs40-f1.000-r00:002180.598: Loop 7/100
exp003-n2048-k12-d200-bs40-f1.000-r00:002287.049: log(exp-norms): [2047.94, 2049.98, 2051.4]
exp003-n2048-k12-d200-bs40-f1.000-r00:002287.049: log(norms):     [2050.77, 2054.17, 2054.23, 2054.29, 2054.17, 2054.22, 2054.33, 2054.4, 2054.19, 2054.03]
exp003-n2048-k12-d200-bs40-f1.000-r00:002287.073: (107 sec)
exp003-n2048-k12-d200-bs40-f1.000-r00:002287.073: Loop 8/100
exp003-n2048-k12-d200-bs40-f1.000-r00:002394.479: log(exp-norms): [2047.94, 2049.98, 2051.4]
exp003-n2048-k12-d200-bs40-f1.000-r00:002394.479: log(norms):     [2047.94, 2050.77, 2053.87, 2053.96, 2053.96, 2054.2, 2053.96, 2054.19, 2054.22, 2054.2]
exp003-n2048-k12-d200-bs40-f1.000-r00:002394.513: (108 sec)
exp003-n2048-k12-d200-bs40-f1.000-r00:002394.513: Loop 9/100
exp003-n2048-k12-d200-bs40-f1.000-r00:002484.790: log(exp-norms): [2047.94, 2049.98, 2051.4]
exp003-n2048-k12-d200-bs40-f1.000-r00:002484.791: log(norms):     [2047.94, 2050.77, 2053.87, 2054.01, 2053.93, 2053.97, 2053.94, 2054.06, 2053.9, 2054.06]
exp003-n2048-k12-d200-bs40-f1.000-r00:002484.811: (91 sec)
exp003-n2048-k12-d200-bs40-f1.000-r00:002484.812: Loop 10/100
exp003-n2048-k12-d200-bs40-f1.000-r00:002587.960: log(exp-norms): [2047.94, 2049.98, 2051.4]
exp003-n2048-k12-d200-bs40-f1.000-r00:002587.961: log(norms):     [2047.94, 2050.77, 2053.76, 2053.96, 2053.9, 2053.98, 2054.13, 2053.97, 2053.86, 2053.98]
exp003-n2048-k12-d200-bs40-f1.000-r00:002587.982: (104 sec)
exp003-n2048-k12-d200-bs40-f1.000-r00:002587.983: Loop 11/100
exp003-n2048-k12-d200-bs40-f1.000-r00:002659.699: log(exp-norms): [2047.94, 2049.98, 2051.4]
exp003-n2048-k12-d200-bs40-f1.000-r00:002659.699: log(norms):     [2047.94, 2050.77, 2053.69, 2053.71, 2053.83, 2053.92, 2053.86, 2053.81, 2054.08, 2053.75]
exp003-n2048-k12-d200-bs40-f1.000-r00:002659.734: (72 sec)
exp003-n2048-k12-d200-bs40-f1.000-r00:002659.734: Loop 12/100
exp003-n2048-k12-d200-bs40-f1.000-r00:002743.153: log(exp-norms): [2047.94, 2049.98, 2051.4]
exp003-n2048-k12-d200-bs40-f1.000-r00:002743.153: log(norms):     [2047.94, 2050.77, 2053.6, 2053.69, 2053.73, 2053.8, 2053.8, 2053.88, 2053.75, 2054.06]
exp003-n2048-k12-d200-bs40-f1.000-r00:002743.189: (84 sec)
exp003-n2048-k12-d200-bs40-f1.000-r00:002743.189: Loop 13/100
exp003-n2048-k12-d200-bs40-f1.000-r00:002823.668: log(exp-norms): [2047.94, 2049.98, 2051.4]
exp003-n2048-k12-d200-bs40-f1.000-r00:002823.669: log(norms):     [2047.94, 2050.77, 2053.6, 2053.69, 2053.77, 2053.73, 2053.65, 2053.8, 2053.73, 2053.96]
exp003-n2048-k12-d200-bs40-f1.000-r00:002823.690: (81 sec)
exp003-n2048-k12-d200-bs40-f1.000-r00:002823.690: Loop 14/100
exp003-n2048-k12-d200-bs40-f1.000-r00:002892.142: log(exp-norms): [2047.94, 2049.98, 2051.4]
exp003-n2048-k12-d200-bs40-f1.000-r00:002892.142: log(norms):     [2047.94, 2050.77, 2053.6, 2053.69, 2053.63, 2053.6, 2053.6, 2053.65, 2053.59, 2053.88]
exp003-n2048-k12-d200-bs40-f1.000-r00:002892.163: (69 sec)
exp003-n2048-k12-d200-bs40-f1.000-r00:002892.164: Loop 15/100
exp003-n2048-k12-d200-bs40-f1.000-r00:002965.131: log(exp-norms): [2047.94, 2049.98, 2051.4]
exp003-n2048-k12-d200-bs40-f1.000-r00:002965.131: log(norms):     [2047.94, 2050.77, 2053.42, 2053.6, 2053.65, 2053.71, 2053.64, 2053.62, 2053.63, 2053.63]
exp003-n2048-k12-d200-bs40-f1.000-r00:002965.153: (73 sec)
exp003-n2048-k12-d200-bs40-f1.000-r00:002965.154: Loop 16/100
exp003-n2048-k12-d200-bs40-f1.000-r00:003047.769: log(exp-norms): [2047.94, 2049.98, 2051.4]
exp003-n2048-k12-d200-bs40-f1.000-r00:003047.769: log(norms):     [2047.94, 2050.77, 2053.42, 2053.5, 2053.68, 2053.65, 2053.7, 2053.62, 2053.75, 2053.86]
exp003-n2048-k12-d200-bs40-f1.000-r00:003047.792: (83 sec)
exp003-n2048-k12-d200-bs40-f1.000-r00:003047.792: Loop 17/100
exp003-n2048-k12-d200-bs40-f1.000-r00:003140.787: log(exp-norms): [2047.94, 2049.98, 2051.4]
exp003-n2048-k12-d200-bs40-f1.000-r00:003140.787: log(norms):     [2047.94, 2050.77, 2053.41, 2053.42, 2053.68, 2053.66, 2053.68, 2053.71, 2053.62, 2053.63]
exp003-n2048-k12-d200-bs40-f1.000-r00:003140.821: (94 sec)
exp003-n2048-k12-d200-bs40-f1.000-r00:003140.821: Loop 18/100
exp003-n2048-k12-d200-bs40-f1.000-r00:003228.477: log(exp-norms): [2047.94, 2049.98, 2051.4]
exp003-n2048-k12-d200-bs40-f1.000-r00:003228.478: log(norms):     [2047.94, 2050.77, 2053.41, 2053.42, 2053.52, 2053.59, 2053.62, 2053.58, 2053.77, 2053.76]
exp003-n2048-k12-d200-bs40-f1.000-r00:003228.500: (88 sec)
exp003-n2048-k12-d200-bs40-f1.000-r00:003228.500: Loop 19/100
exp003-n2048-k12-d200-bs40-f1.000-r00:003304.862: log(exp-norms): [2047.94, 2049.98, 2051.4]
exp003-n2048-k12-d200-bs40-f1.000-r00:003304.862: log(norms):     [2047.94, 2050.77, 2053.41, 2053.42, 2053.49, 2053.52, 2053.59, 2053.66, 2053.46, 2053.61]
exp003-n2048-k12-d200-bs40-f1.000-r00:003304.884: (77 sec)
exp003-n2048-k12-d200-bs40-f1.000-r00:003304.885: Loop 20/100
exp003-n2048-k12-d200-bs40-f1.000-r00:003355.790: log(exp-norms): [2047.94, 2049.98, 2051.4]
exp003-n2048-k12-d200-bs40-f1.000-r00:003355.790: log(norms):     [2047.94, 2050.77, 2053.41, 2053.42, 2053.49, 2053.52, 2053.59, 2053.66, 2053.52, 2053.46]
exp003-n2048-k12-d200-bs40-f1.000-r00:003355.811: (51 sec)
exp003-n2048-k12-d200-bs40-f1.000-r00:003355.811: Loop 21/100
exp003-n2048-k12-d200-bs40-f1.000-r00:003411.028: log(exp-norms): [2047.94, 2049.98, 2051.4]
exp003-n2048-k12-d200-bs40-f1.000-r00:003411.028: log(norms):     [2047.94, 2050.77, 2053.41, 2053.42, 2053.49, 2053.52, 2053.59, 2053.66, 2053.52, 2053.62]
exp003-n2048-k12-d200-bs40-f1.000-r00:003411.050: (56 sec)
exp003-n2048-k12-d200-bs40-f1.000-r00:003411.050: Loop 22/100
exp003-n2048-k12-d200-bs40-f1.000-r00:003473.305: log(exp-norms): [2047.94, 2049.98, 2051.4]
exp003-n2048-k12-d200-bs40-f1.000-r00:003473.306: log(norms):     [2047.94, 2050.77, 2053.41, 2053.42, 2053.49, 2053.52, 2053.59, 2053.66, 2053.52, 2053.62]
exp003-n2048-k12-d200-bs40-f1.000-r00:003473.340: (63 sec)
exp003-n2048-k12-d200-bs40-f1.000-r00:003473.341: Loop 23/100
exp003-n2048-k12-d200-bs40-f1.000-r00:003541.125: log(exp-norms): [2047.94, 2049.98, 2051.4]
exp003-n2048-k12-d200-bs40-f1.000-r00:003541.125: log(norms):     [2047.94, 2050.77, 2053.41, 2053.42, 2053.49, 2053.52, 2053.67, 2053.52, 2053.56, 2053.39]
exp003-n2048-k12-d200-bs40-f1.000-r00:003541.163: (68 sec)
exp003-n2048-k12-d200-bs40-f1.000-r00:003541.163: Loop 24/100
exp003-n2048-k12-d200-bs40-f1.000-r00:003620.208: log(exp-norms): [2047.94, 2049.98, 2051.4]
exp003-n2048-k12-d200-bs40-f1.000-r00:003620.208: log(norms):     [2047.94, 2050.77, 2053.39, 2053.41, 2053.42, 2053.49, 2053.52, 2053.52, 2053.56, 2053.67]
exp003-n2048-k12-d200-bs40-f1.000-r00:003620.241: (80 sec)
exp003-n2048-k12-d200-bs40-f1.000-r00:003620.242: Loop 25/100
exp003-n2048-k12-d200-bs40-f1.000-r00:003711.961: log(exp-norms): [2047.94, 2049.98, 2051.4]
exp003-n2048-k12-d200-bs40-f1.000-r00:003711.961: log(norms):     [2047.94, 2050.77, 2053.39, 2053.41, 2053.42, 2053.49, 2053.52, 2053.52, 2053.56, 2053.67]
exp003-n2048-k12-d200-bs40-f1.000-r00:003711.999: (92 sec)
exp003-n2048-k12-d200-bs40-f1.000-r00:003712.000: Loop 26/100
exp003-n2048-k12-d200-bs40-f1.000-r00:003795.646: log(exp-norms): [2047.94, 2049.98, 2051.4]
exp003-n2048-k12-d200-bs40-f1.000-r00:003795.647: log(norms):     [2047.94, 2050.77, 2053.39, 2053.45, 2053.45, 2053.41, 2053.61, 2053.49, 2053.42, 2053.52]
exp003-n2048-k12-d200-bs40-f1.000-r00:003795.680: (84 sec)
exp003-n2048-k12-d200-bs40-f1.000-r00:003795.681: Loop 27/100
exp003-n2048-k12-d200-bs40-f1.000-r00:003854.408: log(exp-norms): [2047.94, 2049.98, 2051.4]
exp003-n2048-k12-d200-bs40-f1.000-r00:003854.409: log(norms):     [2047.94, 2050.77, 2053.39, 2053.45, 2053.45, 2053.41, 2053.61, 2053.49, 2053.42, 2053.52]
exp003-n2048-k12-d200-bs40-f1.000-r00:003854.443: (59 sec)
exp003-n2048-k12-d200-bs40-f1.000-r00:003854.443: Loop 28/100
exp003-n2048-k12-d200-bs40-f1.000-r00:003944.263: log(exp-norms): [2047.94, 2049.98, 2051.4]
exp003-n2048-k12-d200-bs40-f1.000-r00:003944.263: log(norms):     [2047.94, 2050.77, 2053.39, 2053.45, 2053.45, 2053.41, 2053.61, 2053.49, 2053.42, 2053.52]
exp003-n2048-k12-d200-bs40-f1.000-r00:003944.297: (90 sec)
exp003-n2048-k12-d200-bs40-f1.000-r00:003944.297: Loop 29/100
exp003-n2048-k12-d200-bs40-f1.000-r00:004032.005: log(exp-norms): [2047.94, 2049.98, 2051.4]
exp003-n2048-k12-d200-bs40-f1.000-r00:004032.006: log(norms):     [2047.94, 2050.77, 2053.39, 2053.45, 2053.45, 2053.45, 2053.48, 2053.52, 2053.53, 2053.6]
exp003-n2048-k12-d200-bs40-f1.000-r00:004032.040: (88 sec)
exp003-n2048-k12-d200-bs40-f1.000-r00:004032.040: Loop 30/100
exp003-n2048-k12-d200-bs40-f1.000-r00:004117.966: log(exp-norms): [2047.94, 2049.98, 2051.4]
exp003-n2048-k12-d200-bs40-f1.000-r00:004117.966: log(norms):     [2047.94, 2050.77, 2053.39, 2053.45, 2053.45, 2053.45, 2053.68, 2053.48, 2053.53, 2053.53]
exp003-n2048-k12-d200-bs40-f1.000-r00:004118.002: (86 sec)
exp003-n2048-k12-d200-bs40-f1.000-r00:004118.002: Loop 31/100
exp003-n2048-k12-d200-bs40-f1.000-r00:004200.606: log(exp-norms): [2047.94, 2049.98, 2051.4]
exp003-n2048-k12-d200-bs40-f1.000-r00:004200.606: log(norms):     [2047.94, 2050.77, 2053.39, 2053.45, 2053.45, 2053.42, 2053.45, 2053.68, 2053.64, 2053.37]
exp003-n2048-k12-d200-bs40-f1.000-r00:004200.640: (83 sec)
exp003-n2048-k12-d200-bs40-f1.000-r00:004200.640: Loop 32/100
exp003-n2048-k12-d200-bs40-f1.000-r00:004291.294: log(exp-norms): [2047.94, 2049.98, 2051.4]
exp003-n2048-k12-d200-bs40-f1.000-r00:004291.295: log(norms):     [2047.94, 2050.77, 2053.37, 2053.45, 2053.48, 2053.54, 2053.36, 2053.53, 2053.45, 2053.63]
exp003-n2048-k12-d200-bs40-f1.000-r00:004291.332: (91 sec)
exp003-n2048-k12-d200-bs40-f1.000-r00:004291.333: Loop 33/100
exp003-n2048-k12-d200-bs40-f1.000-r00:004374.364: log(exp-norms): [2047.94, 2049.98, 2051.4]
exp003-n2048-k12-d200-bs40-f1.000-r00:004374.364: log(norms):     [2047.94, 2050.77, 2053.36, 2053.37, 2053.45, 2053.42, 2053.5, 2053.51, 2053.48, 2053.57]
exp003-n2048-k12-d200-bs40-f1.000-r00:004374.400: (84 sec)
exp003-n2048-k12-d200-bs40-f1.000-r00:004374.400: Loop 34/100
exp003-n2048-k12-d200-bs40-f1.000-r00:004455.008: log(exp-norms): [2047.94, 2049.98, 2051.4]
exp003-n2048-k12-d200-bs40-f1.000-r00:004455.009: log(norms):     [2047.94, 2050.77, 2053.36, 2053.37, 2053.45, 2053.42, 2053.5, 2053.42, 2053.51, 2053.64]
exp003-n2048-k12-d200-bs40-f1.000-r00:004455.044: (81 sec)
exp003-n2048-k12-d200-bs40-f1.000-r00:004455.044: Loop 35/100
exp003-n2048-k12-d200-bs40-f1.000-r00:004529.677: log(exp-norms): [2047.94, 2049.98, 2051.4]
exp003-n2048-k12-d200-bs40-f1.000-r00:004529.677: log(norms):     [2047.94, 2050.77, 2053.36, 2053.37, 2053.42, 2053.51, 2053.45, 2053.43, 2053.42, 2053.42]
exp003-n2048-k12-d200-bs40-f1.000-r00:004529.711: (75 sec)
exp003-n2048-k12-d200-bs40-f1.000-r00:004529.712: Loop 36/100
exp003-n2048-k12-d200-bs40-f1.000-r00:004612.592: log(exp-norms): [2047.94, 2049.98, 2051.4]
exp003-n2048-k12-d200-bs40-f1.000-r00:004612.593: log(norms):     [2047.94, 2050.77, 2053.29, 2053.37, 2053.42, 2053.42, 2053.45, 2053.5, 2053.54, 2053.45]
exp003-n2048-k12-d200-bs40-f1.000-r00:004612.627: (83 sec)
exp003-n2048-k12-d200-bs40-f1.000-r00:004612.627: Loop 37/100
exp003-n2048-k12-d200-bs40-f1.000-r00:004690.369: log(exp-norms): [2047.94, 2049.98, 2051.4]
exp003-n2048-k12-d200-bs40-f1.000-r00:004690.369: log(norms):     [2047.94, 2050.77, 2053.29, 2053.37, 2053.42, 2053.42, 2053.45, 2053.5, 2053.54, 2053.45]
exp003-n2048-k12-d200-bs40-f1.000-r00:004690.391: (78 sec)
exp003-n2048-k12-d200-bs40-f1.000-r00:004690.391: Loop 38/100
exp003-n2048-k12-d200-bs40-f1.000-r00:004779.497: log(exp-norms): [2047.94, 2049.98, 2051.4]
exp003-n2048-k12-d200-bs40-f1.000-r00:004779.497: log(norms):     [2047.94, 2050.77, 2053.29, 2053.37, 2053.42, 2053.46, 2053.42, 2053.45, 2053.5, 2053.54]
exp003-n2048-k12-d200-bs40-f1.000-r00:004779.535: (90 sec)
exp003-n2048-k12-d200-bs40-f1.000-r00:004779.536: Loop 39/100
exp003-n2048-k12-d200-bs40-f1.000-r00:004856.167: log(exp-norms): [2047.94, 2049.98, 2051.4]
exp003-n2048-k12-d200-bs40-f1.000-r00:004856.168: log(norms):     [2047.94, 2050.77, 2053.29, 2053.37, 2053.42, 2053.46, 2053.42, 2053.45, 2053.5, 2053.54]
exp003-n2048-k12-d200-bs40-f1.000-r00:004856.202: (77 sec)
exp003-n2048-k12-d200-bs40-f1.000-r00:004856.202: Loop 40/100
exp003-n2048-k12-d200-bs40-f1.000-r00:004937.712: log(exp-norms): [2047.94, 2049.98, 2051.4]
exp003-n2048-k12-d200-bs40-f1.000-r00:004937.713: log(norms):     [2047.94, 2050.77, 2053.29, 2053.37, 2053.42, 2053.46, 2053.42, 2053.45, 2053.5, 2053.54]
exp003-n2048-k12-d200-bs40-f1.000-r00:004937.750: (82 sec)
exp003-n2048-k12-d200-bs40-f1.000-r00:004937.751: Loop 41/100
exp003-n2048-k12-d200-bs40-f1.000-r00:005018.064: log(exp-norms): [2047.94, 2049.98, 2051.4]
exp003-n2048-k12-d200-bs40-f1.000-r00:005018.065: log(norms):     [2047.94, 2050.77, 2053.29, 2053.37, 2053.42, 2053.46, 2053.42, 2053.45, 2053.5, 2053.54]
exp003-n2048-k12-d200-bs40-f1.000-r00:005018.100: (81 sec)
exp003-n2048-k12-d200-bs40-f1.000-r00:005018.101: Loop 42/100
exp003-n2048-k12-d200-bs40-f1.000-r00:005106.003: log(exp-norms): [2047.94, 2049.98, 2051.4]
exp003-n2048-k12-d200-bs40-f1.000-r00:005106.004: log(norms):     [2047.94, 2050.77, 2053.29, 2053.37, 2053.42, 2053.46, 2053.42, 2053.45, 2053.5, 2053.54]
exp003-n2048-k12-d200-bs40-f1.000-r00:005106.038: (88 sec)
exp003-n2048-k12-d200-bs40-f1.000-r00:005106.038: Loop 43/100
exp003-n2048-k12-d200-bs40-f1.000-r00:005193.488: log(exp-norms): [2047.94, 2049.98, 2051.4]
exp003-n2048-k12-d200-bs40-f1.000-r00:005193.488: log(norms):     [2047.94, 2050.77, 2053.29, 2053.37, 2053.42, 2053.46, 2053.42, 2053.45, 2053.5, 2053.54]
exp003-n2048-k12-d200-bs40-f1.000-r00:005193.522: (88 sec)
exp003-n2048-k12-d200-bs40-f1.000-r00:005193.522: Loop 44/100
exp003-n2048-k12-d200-bs40-f1.000-r00:005255.886: log(exp-norms): [2047.94, 2049.98, 2051.4]
exp003-n2048-k12-d200-bs40-f1.000-r00:005255.886: log(norms):     [2047.94, 2050.77, 2053.29, 2053.37, 2053.42, 2053.46, 2053.42, 2053.45, 2053.5, 2053.54]
exp003-n2048-k12-d200-bs40-f1.000-r00:005255.908: (63 sec)
exp003-n2048-k12-d200-bs40-f1.000-r00:005255.908: Loop 45/100
exp003-n2048-k12-d200-bs40-f1.000-r00:005309.263: log(exp-norms): [2047.94, 2049.98, 2051.4]
exp003-n2048-k12-d200-bs40-f1.000-r00:005309.264: log(norms):     [2047.94, 2050.77, 2053.29, 2053.37, 2053.42, 2053.46, 2053.42, 2053.45, 2053.5, 2053.54]
exp003-n2048-k12-d200-bs40-f1.000-r00:005309.285: (54 sec)
exp003-n2048-k12-d200-bs40-f1.000-r00:005309.285: Loop 46/100
exp003-n2048-k12-d200-bs40-f1.000-r00:005374.932: log(exp-norms): [2047.94, 2049.98, 2051.4]
exp003-n2048-k12-d200-bs40-f1.000-r00:005374.933: log(norms):     [2047.94, 2050.77, 2053.29, 2053.37, 2053.42, 2053.46, 2053.42, 2053.45, 2053.5, 2053.54]
exp003-n2048-k12-d200-bs40-f1.000-r00:005374.955: (66 sec)
exp003-n2048-k12-d200-bs40-f1.000-r00:005374.955: Loop 47/100
exp003-n2048-k12-d200-bs40-f1.000-r00:005453.988: log(exp-norms): [2047.94, 2049.98, 2051.4]
exp003-n2048-k12-d200-bs40-f1.000-r00:005453.989: log(norms):     [2047.94, 2050.77, 2053.29, 2053.37, 2053.42, 2053.46, 2053.42, 2053.45, 2053.5, 2053.56]
exp003-n2048-k12-d200-bs40-f1.000-r00:005454.010: (80 sec)
exp003-n2048-k12-d200-bs40-f1.000-r00:005454.010: Loop 48/100
exp003-n2048-k12-d200-bs40-f1.000-r00:005530.893: log(exp-norms): [2047.94, 2049.98, 2051.4]
exp003-n2048-k12-d200-bs40-f1.000-r00:005530.893: log(norms):     [2047.94, 2050.77, 2053.29, 2053.37, 2053.42, 2053.46, 2053.36, 2053.37, 2053.42, 2053.55]
exp003-n2048-k12-d200-bs40-f1.000-r00:005530.929: (77 sec)
exp003-n2048-k12-d200-bs40-f1.000-r00:005530.929: Loop 49/100
exp003-n2048-k12-d200-bs40-f1.000-r00:005609.673: log(exp-norms): [2047.94, 2049.98, 2051.4]
exp003-n2048-k12-d200-bs40-f1.000-r00:005609.673: log(norms):     [2047.94, 2050.77, 2053.29, 2053.37, 2053.42, 2053.46, 2053.36, 2053.37, 2053.42, 2053.56]
exp003-n2048-k12-d200-bs40-f1.000-r00:005609.707: (79 sec)
exp003-n2048-k12-d200-bs40-f1.000-r00:005609.707: Loop 50/100
exp003-n2048-k12-d200-bs40-f1.000-r00:005683.922: log(exp-norms): [2047.94, 2049.98, 2051.4]
exp003-n2048-k12-d200-bs40-f1.000-r00:005683.923: log(norms):     [2047.94, 2050.77, 2053.29, 2053.37, 2053.42, 2053.46, 2053.36, 2053.37, 2053.42, 2053.56]
exp003-n2048-k12-d200-bs40-f1.000-r00:005683.956: (75 sec)
exp003-n2048-k12-d200-bs40-f1.000-r00:005683.956: Loop 51/100
exp003-n2048-k12-d200-bs40-f1.000-r00:005765.626: log(exp-norms): [2047.94, 2049.98, 2051.4]
exp003-n2048-k12-d200-bs40-f1.000-r00:005765.627: log(norms):     [2047.94, 2050.77, 2053.29, 2053.37, 2053.42, 2053.46, 2053.24, 2053.36, 2053.56, 2053.42]
exp003-n2048-k12-d200-bs40-f1.000-r00:005765.661: (82 sec)
exp003-n2048-k12-d200-bs40-f1.000-r00:005765.661: Loop 52/100
exp003-n2048-k12-d200-bs40-f1.000-r00:005849.608: log(exp-norms): [2047.94, 2049.98, 2051.4]
exp003-n2048-k12-d200-bs40-f1.000-r00:005849.608: log(norms):     [2047.94, 2050.77, 2053.24, 2053.29, 2053.49, 2053.36, 2053.37, 2053.42, 2053.46, 2053.42]
exp003-n2048-k12-d200-bs40-f1.000-r00:005849.629: (84 sec)
exp003-n2048-k12-d200-bs40-f1.000-r00:005849.630: Loop 53/100
exp003-n2048-k12-d200-bs40-f1.000-r00:005924.614: log(exp-norms): [2047.94, 2049.98, 2051.4]
exp003-n2048-k12-d200-bs40-f1.000-r00:005924.614: log(norms):     [2047.94, 2050.77, 2053.24, 2053.34, 2053.29, 2053.37, 2053.51, 2053.49, 2053.46, 2053.36]
exp003-n2048-k12-d200-bs40-f1.000-r00:005924.649: (76 sec)
exp003-n2048-k12-d200-bs40-f1.000-r00:005924.649: Loop 54/100
exp003-n2048-k12-d200-bs40-f1.000-r00:006003.766: log(exp-norms): [2047.94, 2049.98, 2051.4]
exp003-n2048-k12-d200-bs40-f1.000-r00:006003.767: log(norms):     [2047.94, 2050.77, 2053.24, 2053.34, 2053.29, 2053.37, 2053.51, 2053.41, 2053.49, 2053.46]
exp003-n2048-k12-d200-bs40-f1.000-r00:006003.788: (80 sec)
exp003-n2048-k12-d200-bs40-f1.000-r00:006003.788: Loop 55/100
exp003-n2048-k12-d200-bs40-f1.000-r00:006061.821: log(exp-norms): [2047.94, 2049.98, 2051.4]
exp003-n2048-k12-d200-bs40-f1.000-r00:006061.821: log(norms):     [2047.94, 2050.77, 2053.24, 2053.34, 2053.29, 2053.37, 2053.51, 2053.41, 2053.49, 2053.46]
exp003-n2048-k12-d200-bs40-f1.000-r00:006061.843: (59 sec)
exp003-n2048-k12-d200-bs40-f1.000-r00:006061.843: Loop 56/100
exp003-n2048-k12-d200-bs40-f1.000-r00:006125.362: log(exp-norms): [2047.94, 2049.98, 2051.4]
exp003-n2048-k12-d200-bs40-f1.000-r00:006125.362: log(norms):     [2047.94, 2050.77, 2053.24, 2053.34, 2053.29, 2053.37, 2053.51, 2053.41, 2053.36, 2053.49]
exp003-n2048-k12-d200-bs40-f1.000-r00:006125.384: (64 sec)
exp003-n2048-k12-d200-bs40-f1.000-r00:006125.384: Loop 57/100
exp003-n2048-k12-d200-bs40-f1.000-r00:006199.727: log(exp-norms): [2047.94, 2049.98, 2051.4]
exp003-n2048-k12-d200-bs40-f1.000-r00:006199.728: log(norms):     [2047.94, 2050.77, 2053.24, 2053.34, 2053.29, 2053.37, 2053.51, 2053.41, 2053.36, 2053.53]
exp003-n2048-k12-d200-bs40-f1.000-r00:006199.761: (75 sec)
exp003-n2048-k12-d200-bs40-f1.000-r00:006199.761: Loop 58/100
exp003-n2048-k12-d200-bs40-f1.000-r00:006271.681: log(exp-norms): [2047.94, 2049.98, 2051.4]
exp003-n2048-k12-d200-bs40-f1.000-r00:006271.682: log(norms):     [2047.94, 2050.77, 2053.24, 2053.34, 2053.29, 2053.37, 2053.51, 2053.41, 2053.36, 2053.53]
exp003-n2048-k12-d200-bs40-f1.000-r00:006271.703: (72 sec)
exp003-n2048-k12-d200-bs40-f1.000-r00:006271.703: Loop 59/100
exp003-n2048-k12-d200-bs40-f1.000-r00:006345.836: log(exp-norms): [2047.94, 2049.98, 2051.4]
exp003-n2048-k12-d200-bs40-f1.000-r00:006345.836: log(norms):     [2047.94, 2050.77, 2053.24, 2053.34, 2053.34, 2053.29, 2053.37, 2053.51, 2053.41, 2053.47]
exp003-n2048-k12-d200-bs40-f1.000-r00:006345.858: (75 sec)
exp003-n2048-k12-d200-bs40-f1.000-r00:006345.858: Loop 60/100
exp003-n2048-k12-d200-bs40-f1.000-r00:006397.441: log(exp-norms): [2047.94, 2049.98, 2051.4]
exp003-n2048-k12-d200-bs40-f1.000-r00:006397.441: log(norms):     [2047.94, 2050.77, 2053.24, 2053.34, 2053.34, 2053.29, 2053.37, 2053.51, 2053.41, 2053.47]
exp003-n2048-k12-d200-bs40-f1.000-r00:006397.462: (52 sec)
exp003-n2048-k12-d200-bs40-f1.000-r00:006397.463: Loop 61/100
exp003-n2048-k12-d200-bs40-f1.000-r00:006450.950: log(exp-norms): [2047.94, 2049.98, 2051.4]
exp003-n2048-k12-d200-bs40-f1.000-r00:006450.951: log(norms):     [2047.94, 2050.77, 2053.24, 2053.34, 2053.34, 2053.29, 2053.37, 2053.51, 2053.41, 2053.47]
exp003-n2048-k12-d200-bs40-f1.000-r00:006450.973: (54 sec)
exp003-n2048-k12-d200-bs40-f1.000-r00:006450.973: Loop 62/100
exp003-n2048-k12-d200-bs40-f1.000-r00:006503.153: log(exp-norms): [2047.94, 2049.98, 2051.4]
exp003-n2048-k12-d200-bs40-f1.000-r00:006503.153: log(norms):     [2047.94, 2050.77, 2053.24, 2053.34, 2053.34, 2053.29, 2053.37, 2053.51, 2053.41, 2053.47]
exp003-n2048-k12-d200-bs40-f1.000-r00:006503.175: (53 sec)
exp003-n2048-k12-d200-bs40-f1.000-r00:006503.175: Loop 63/100
exp003-n2048-k12-d200-bs40-f1.000-r00:006557.541: log(exp-norms): [2047.94, 2049.98, 2051.4]
exp003-n2048-k12-d200-bs40-f1.000-r00:006557.542: log(norms):     [2047.94, 2050.77, 2053.24, 2053.34, 2053.34, 2053.32, 2053.47, 2053.29, 2053.37, 2053.51]
exp003-n2048-k12-d200-bs40-f1.000-r00:006557.563: (55 sec)
exp003-n2048-k12-d200-bs40-f1.000-r00:006557.563: Loop 64/100
exp003-n2048-k12-d200-bs40-f1.000-r00:006609.408: log(exp-norms): [2047.94, 2049.98, 2051.4]
exp003-n2048-k12-d200-bs40-f1.000-r00:006609.408: log(norms):     [2047.94, 2050.77, 2053.24, 2053.34, 2053.34, 2053.36, 2053.29, 2053.37, 2053.51, 2053.47]
exp003-n2048-k12-d200-bs40-f1.000-r00:006609.430: (52 sec)
exp003-n2048-k12-d200-bs40-f1.000-r00:006609.430: Loop 65/100
exp003-n2048-k12-d200-bs40-f1.000-r00:006663.525: log(exp-norms): [2047.94, 2049.98, 2051.4]
exp003-n2048-k12-d200-bs40-f1.000-r00:006663.525: log(norms):     [2047.94, 2050.77, 2053.24, 2053.34, 2053.34, 2053.36, 2053.29, 2053.37, 2053.51, 2053.47]
exp003-n2048-k12-d200-bs40-f1.000-r00:006663.547: (55 sec)
exp003-n2048-k12-d200-bs40-f1.000-r00:006663.547: Loop 66/100
exp003-n2048-k12-d200-bs40-f1.000-r00:006716.230: log(exp-norms): [2047.94, 2049.98, 2051.4]
exp003-n2048-k12-d200-bs40-f1.000-r00:006716.230: log(norms):     [2047.94, 2050.77, 2053.24, 2053.34, 2053.34, 2053.51, 2053.36, 2053.29, 2053.47, 2053.37]
exp003-n2048-k12-d200-bs40-f1.000-r00:006716.251: (53 sec)
exp003-n2048-k12-d200-bs40-f1.000-r00:006716.252: Loop 67/100
exp003-n2048-k12-d200-bs40-f1.000-r00:006771.101: log(exp-norms): [2047.94, 2049.98, 2051.4]
exp003-n2048-k12-d200-bs40-f1.000-r00:006771.102: log(norms):     [2047.94, 2050.77, 2053.24, 2053.34, 2053.34, 2053.51, 2053.36, 2053.29, 2053.47, 2053.37]
exp003-n2048-k12-d200-bs40-f1.000-r00:006771.123: (55 sec)
exp003-n2048-k12-d200-bs40-f1.000-r00:006771.123: Loop 68/100
exp003-n2048-k12-d200-bs40-f1.000-r00:006833.180: log(exp-norms): [2047.94, 2049.98, 2051.4]
exp003-n2048-k12-d200-bs40-f1.000-r00:006833.180: log(norms):     [2047.94, 2050.77, 2053.24, 2053.34, 2053.34, 2053.51, 2053.36, 2053.3, 2053.37, 2053.29]
exp003-n2048-k12-d200-bs40-f1.000-r00:006833.215: (63 sec)
exp003-n2048-k12-d200-bs40-f1.000-r00:006833.216: Loop 69/100
exp003-n2048-k12-d200-bs40-f1.000-r00:006923.210: log(exp-norms): [2047.94, 2049.98, 2051.4]
exp003-n2048-k12-d200-bs40-f1.000-r00:006923.210: log(norms):     [2047.94, 2050.77, 2053.24, 2053.34, 2053.34, 2053.51, 2053.36, 2053.3, 2053.37, 2053.29]
exp003-n2048-k12-d200-bs40-f1.000-r00:006923.244: (91 sec)
exp003-n2048-k12-d200-bs40-f1.000-r00:006923.244: Loop 70/100
exp003-n2048-k12-d200-bs40-f1.000-r00:006981.528: log(exp-norms): [2047.94, 2049.98, 2051.4]
exp003-n2048-k12-d200-bs40-f1.000-r00:006981.529: log(norms):     [2047.94, 2050.77, 2053.24, 2053.34, 2053.34, 2053.51, 2053.36, 2053.3, 2053.37, 2053.29]
exp003-n2048-k12-d200-bs40-f1.000-r00:006981.550: (59 sec)
exp003-n2048-k12-d200-bs40-f1.000-r00:006981.550: Loop 71/100
exp003-n2048-k12-d200-bs40-f1.000-r00:007029.988: log(exp-norms): [2047.94, 2049.98, 2051.4]
exp003-n2048-k12-d200-bs40-f1.000-r00:007029.989: log(norms):     [2047.94, 2050.77, 2053.24, 2053.34, 2053.34, 2053.51, 2053.36, 2053.3, 2053.37, 2053.29]
exp003-n2048-k12-d200-bs40-f1.000-r00:007030.011: (49 sec)
exp003-n2048-k12-d200-bs40-f1.000-r00:007030.011: Loop 72/100
exp003-n2048-k12-d200-bs40-f1.000-r00:007101.074: log(exp-norms): [2047.94, 2049.98, 2051.4]
exp003-n2048-k12-d200-bs40-f1.000-r00:007101.075: log(norms):     [2047.94, 2050.77, 2053.24, 2053.34, 2053.34, 2053.51, 2053.36, 2053.3, 2053.37, 2053.29]
exp003-n2048-k12-d200-bs40-f1.000-r00:007101.110: (72 sec)
exp003-n2048-k12-d200-bs40-f1.000-r00:007101.110: Loop 73/100
exp003-n2048-k12-d200-bs40-f1.000-r00:007190.617: log(exp-norms): [2047.94, 2049.98, 2051.4]
exp003-n2048-k12-d200-bs40-f1.000-r00:007190.617: log(norms):     [2047.94, 2050.77, 2053.24, 2053.34, 2053.34, 2053.51, 2053.36, 2053.3, 2053.37, 2053.29]
exp003-n2048-k12-d200-bs40-f1.000-r00:007190.655: (90 sec)
exp003-n2048-k12-d200-bs40-f1.000-r00:007190.656: Loop 74/100
exp003-n2048-k12-d200-bs40-f1.000-r00:007262.379: log(exp-norms): [2047.94, 2049.98, 2051.4]
exp003-n2048-k12-d200-bs40-f1.000-r00:007262.379: log(norms):     [2047.94, 2050.77, 2053.24, 2053.34, 2053.34, 2053.51, 2053.36, 2053.3, 2053.37, 2053.29]
exp003-n2048-k12-d200-bs40-f1.000-r00:007262.414: (72 sec)
exp003-n2048-k12-d200-bs40-f1.000-r00:007262.415: Loop 75/100
exp003-n2048-k12-d200-bs40-f1.000-r00:007351.174: log(exp-norms): [2047.94, 2049.98, 2051.4]
exp003-n2048-k12-d200-bs40-f1.000-r00:007351.175: log(norms):     [2047.94, 2050.77, 2053.24, 2053.34, 2053.34, 2053.51, 2053.36, 2053.3, 2053.37, 2053.27]
exp003-n2048-k12-d200-bs40-f1.000-r00:007351.209: (89 sec)
exp003-n2048-k12-d200-bs40-f1.000-r00:007351.209: Loop 76/100
exp003-n2048-k12-d200-bs40-f1.000-r00:007403.790: log(exp-norms): [2047.94, 2049.98, 2051.4]
exp003-n2048-k12-d200-bs40-f1.000-r00:007403.790: log(norms):     [2047.94, 2050.77, 2053.24, 2053.34, 2053.34, 2053.51, 2053.36, 2053.3, 2053.37, 2053.27]
exp003-n2048-k12-d200-bs40-f1.000-r00:007403.812: (53 sec)
exp003-n2048-k12-d200-bs40-f1.000-r00:007403.812: Loop 77/100
exp003-n2048-k12-d200-bs40-f1.000-r00:007452.422: log(exp-norms): [2047.94, 2049.98, 2051.4]
exp003-n2048-k12-d200-bs40-f1.000-r00:007452.422: log(norms):     [2047.94, 2050.77, 2053.24, 2053.34, 2053.34, 2053.51, 2053.36, 2053.3, 2053.37, 2053.27]
exp003-n2048-k12-d200-bs40-f1.000-r00:007452.443: (49 sec)
exp003-n2048-k12-d200-bs40-f1.000-r00:007452.443: Loop 78/100
exp003-n2048-k12-d200-bs40-f1.000-r00:007503.335: log(exp-norms): [2047.94, 2049.98, 2051.4]
exp003-n2048-k12-d200-bs40-f1.000-r00:007503.335: log(norms):     [2047.94, 2050.77, 2053.24, 2053.34, 2053.34, 2053.51, 2053.36, 2053.3, 2053.37, 2053.27]
exp003-n2048-k12-d200-bs40-f1.000-r00:007503.356: (51 sec)
exp003-n2048-k12-d200-bs40-f1.000-r00:007503.356: Loop 79/100
exp003-n2048-k12-d200-bs40-f1.000-r00:007554.472: log(exp-norms): [2047.94, 2049.98, 2051.4]
exp003-n2048-k12-d200-bs40-f1.000-r00:007554.473: log(norms):     [2047.94, 2050.77, 2053.24, 2053.34, 2053.34, 2053.51, 2053.36, 2053.3, 2053.37, 2053.27]
exp003-n2048-k12-d200-bs40-f1.000-r00:007554.494: (52 sec)
exp003-n2048-k12-d200-bs40-f1.000-r00:007554.494: Loop 80/100
exp003-n2048-k12-d200-bs40-f1.000-r00:007611.104: log(exp-norms): [2047.94, 2049.98, 2051.4]
exp003-n2048-k12-d200-bs40-f1.000-r00:007611.105: log(norms):     [2047.94, 2050.77, 2053.24, 2053.34, 2053.34, 2053.51, 2053.36, 2053.3, 2053.37, 2053.27]
exp003-n2048-k12-d200-bs40-f1.000-r00:007611.139: (57 sec)
exp003-n2048-k12-d200-bs40-f1.000-r00:007611.139: Loop 81/100
exp003-n2048-k12-d200-bs40-f1.000-r00:007702.437: log(exp-norms): [2047.94, 2049.98, 2051.4]
exp003-n2048-k12-d200-bs40-f1.000-r00:007702.437: log(norms):     [2047.94, 2050.77, 2053.24, 2053.34, 2053.34, 2053.51, 2053.36, 2053.3, 2053.37, 2053.27]
exp003-n2048-k12-d200-bs40-f1.000-r00:007702.471: (92 sec)
exp003-n2048-k12-d200-bs40-f1.000-r00:007702.471: Loop 82/100
exp003-n2048-k12-d200-bs40-f1.000-r00:007793.253: log(exp-norms): [2047.94, 2049.98, 2051.4]
exp003-n2048-k12-d200-bs40-f1.000-r00:007793.253: log(norms):     [2047.94, 2050.77, 2053.24, 2053.34, 2053.34, 2053.51, 2053.36, 2053.3, 2053.37, 2053.27]
exp003-n2048-k12-d200-bs40-f1.000-r00:007793.286: (91 sec)
exp003-n2048-k12-d200-bs40-f1.000-r00:007793.287: Loop 83/100
exp003-n2048-k12-d200-bs40-f1.000-r00:007884.288: log(exp-norms): [2047.94, 2049.98, 2051.4]
exp003-n2048-k12-d200-bs40-f1.000-r00:007884.288: log(norms):     [2047.94, 2050.77, 2053.24, 2053.34, 2053.34, 2053.51, 2053.36, 2053.3, 2053.37, 2053.27]
exp003-n2048-k12-d200-bs40-f1.000-r00:007884.320: (92 sec)
exp003-n2048-k12-d200-bs40-f1.000-r00:007884.320: Loop 84/100
exp003-n2048-k12-d200-bs40-f1.000-r00:007973.221: log(exp-norms): [2047.94, 2049.98, 2051.4]
exp003-n2048-k12-d200-bs40-f1.000-r00:007973.222: log(norms):     [2047.94, 2050.77, 2053.24, 2053.34, 2053.34, 2053.51, 2053.36, 2053.3, 2053.37, 2053.27]
exp003-n2048-k12-d200-bs40-f1.000-r00:007973.256: (89 sec)
exp003-n2048-k12-d200-bs40-f1.000-r00:007973.256: Loop 85/100
exp003-n2048-k12-d200-bs40-f1.000-r00:008039.604: log(exp-norms): [2047.94, 2049.98, 2051.4]
exp003-n2048-k12-d200-bs40-f1.000-r00:008039.604: log(norms):     [2047.94, 2050.77, 2053.24, 2053.34, 2053.34, 2053.51, 2053.36, 2053.3, 2053.37, 2053.27]
exp003-n2048-k12-d200-bs40-f1.000-r00:008039.625: (67 sec)
exp003-n2048-k12-d200-bs40-f1.000-r00:008039.625: Loop 86/100
exp003-n2048-k12-d200-bs40-f1.000-r00:008092.461: log(exp-norms): [2047.94, 2049.98, 2051.4]
exp003-n2048-k12-d200-bs40-f1.000-r00:008092.461: log(norms):     [2047.94, 2050.77, 2053.24, 2053.34, 2053.34, 2053.51, 2053.36, 2053.3, 2053.37, 2053.27]
exp003-n2048-k12-d200-bs40-f1.000-r00:008092.483: (53 sec)
exp003-n2048-k12-d200-bs40-f1.000-r00:008092.484: Loop 87/100
exp003-n2048-k12-d200-bs40-f1.000-r00:008144.508: log(exp-norms): [2047.94, 2049.98, 2051.4]
exp003-n2048-k12-d200-bs40-f1.000-r00:008144.508: log(norms):     [2047.94, 2050.77, 2053.24, 2053.34, 2053.34, 2053.51, 2053.36, 2053.3, 2053.37, 2053.27]
exp003-n2048-k12-d200-bs40-f1.000-r00:008144.529: (53 sec)
exp003-n2048-k12-d200-bs40-f1.000-r00:008144.529: Loop 88/100
exp003-n2048-k12-d200-bs40-f1.000-r00:008197.302: log(exp-norms): [2047.94, 2049.98, 2051.4]
exp003-n2048-k12-d200-bs40-f1.000-r00:008197.303: log(norms):     [2047.94, 2050.77, 2053.24, 2053.34, 2053.34, 2053.51, 2053.36, 2053.3, 2053.37, 2053.27]
exp003-n2048-k12-d200-bs40-f1.000-r00:008197.323: (53 sec)
exp003-n2048-k12-d200-bs40-f1.000-r00:008197.323: Loop 89/100
exp003-n2048-k12-d200-bs40-f1.000-r00:008247.809: log(exp-norms): [2047.94, 2049.98, 2051.4]
exp003-n2048-k12-d200-bs40-f1.000-r00:008247.809: log(norms):     [2047.94, 2050.77, 2053.24, 2053.34, 2053.34, 2053.51, 2053.36, 2053.3, 2053.37, 2053.27]
exp003-n2048-k12-d200-bs40-f1.000-r00:008247.830: (51 sec)
exp003-n2048-k12-d200-bs40-f1.000-r00:008247.830: Loop 90/100
exp003-n2048-k12-d200-bs40-f1.000-r00:008322.468: log(exp-norms): [2047.94, 2049.98, 2051.4]
exp003-n2048-k12-d200-bs40-f1.000-r00:008322.469: log(norms):     [2047.94, 2050.77, 2053.24, 2053.34, 2053.34, 2053.51, 2053.36, 2053.3, 2053.37, 2053.27]
exp003-n2048-k12-d200-bs40-f1.000-r00:008322.502: (75 sec)
exp003-n2048-k12-d200-bs40-f1.000-r00:008322.503: Loop 91/100
exp003-n2048-k12-d200-bs40-f1.000-r00:008394.034: log(exp-norms): [2047.94, 2049.98, 2051.4]
exp003-n2048-k12-d200-bs40-f1.000-r00:008394.035: log(norms):     [2047.94, 2050.77, 2053.24, 2053.34, 2053.34, 2053.51, 2053.36, 2053.3, 2053.37, 2053.27]
exp003-n2048-k12-d200-bs40-f1.000-r00:008394.055: (72 sec)
exp003-n2048-k12-d200-bs40-f1.000-r00:008394.055: Loop 92/100
exp003-n2048-k12-d200-bs40-f1.000-r00:008439.871: log(exp-norms): [2047.94, 2049.98, 2051.4]
exp003-n2048-k12-d200-bs40-f1.000-r00:008439.871: log(norms):     [2047.94, 2050.77, 2053.24, 2053.34, 2053.34, 2053.51, 2053.36, 2053.3, 2053.37, 2053.27]
exp003-n2048-k12-d200-bs40-f1.000-r00:008439.893: (46 sec)
exp003-n2048-k12-d200-bs40-f1.000-r00:008439.893: Loop 93/100
exp003-n2048-k12-d200-bs40-f1.000-r00:008508.710: log(exp-norms): [2047.94, 2049.98, 2051.4]
exp003-n2048-k12-d200-bs40-f1.000-r00:008508.711: log(norms):     [2047.94, 2050.77, 2053.24, 2053.34, 2053.34, 2053.51, 2053.36, 2053.3, 2053.37, 2053.27]
exp003-n2048-k12-d200-bs40-f1.000-r00:008508.744: (69 sec)
exp003-n2048-k12-d200-bs40-f1.000-r00:008508.745: Loop 94/100
exp003-n2048-k12-d200-bs40-f1.000-r00:008594.251: log(exp-norms): [2047.94, 2049.98, 2051.4]
exp003-n2048-k12-d200-bs40-f1.000-r00:008594.251: log(norms):     [2047.94, 2050.77, 2053.24, 2053.34, 2053.34, 2053.51, 2053.36, 2053.3, 2053.37, 2053.27]
exp003-n2048-k12-d200-bs40-f1.000-r00:008594.285: (86 sec)
exp003-n2048-k12-d200-bs40-f1.000-r00:008594.285: Loop 95/100
exp003-n2048-k12-d200-bs40-f1.000-r00:008659.071: log(exp-norms): [2047.94, 2049.98, 2051.4]
exp003-n2048-k12-d200-bs40-f1.000-r00:008659.072: log(norms):     [2047.94, 2050.77, 2053.24, 2053.34, 2053.34, 2053.51, 2053.36, 2053.3, 2053.37, 2053.27]
exp003-n2048-k12-d200-bs40-f1.000-r00:008659.092: (65 sec)
exp003-n2048-k12-d200-bs40-f1.000-r00:008659.093: Loop 96/100
exp003-n2048-k12-d200-bs40-f1.000-r00:008714.285: log(exp-norms): [2047.94, 2049.98, 2051.4]
exp003-n2048-k12-d200-bs40-f1.000-r00:008714.286: log(norms):     [2047.94, 2050.77, 2053.24, 2053.34, 2053.34, 2053.51, 2053.45, 2053.28, 2053.59, 2053.4]
exp003-n2048-k12-d200-bs40-f1.000-r00:008714.307: (56 sec)
exp003-n2048-k12-d200-bs40-f1.000-r00:008714.307: Loop 97/100
exp003-n2048-k12-d200-bs40-f1.000-r00:008789.967: log(exp-norms): [2047.94, 2049.98, 2051.4]
exp003-n2048-k12-d200-bs40-f1.000-r00:008789.967: log(norms):     [2047.94, 2050.77, 2053.24, 2053.34, 2053.34, 2053.51, 2053.45, 2053.28, 2053.59, 2053.4]
exp003-n2048-k12-d200-bs40-f1.000-r00:008790.001: (76 sec)
exp003-n2048-k12-d200-bs40-f1.000-r00:008790.001: Loop 98/100
exp003-n2048-k12-d200-bs40-f1.000-r00:008865.036: log(exp-norms): [2047.94, 2049.98, 2051.4]
exp003-n2048-k12-d200-bs40-f1.000-r00:008865.036: log(norms):     [2047.94, 2050.77, 2053.24, 2053.34, 2053.34, 2053.51, 2053.45, 2053.28, 2053.59, 2053.4]
exp003-n2048-k12-d200-bs40-f1.000-r00:008865.057: (76 sec)
exp003-n2048-k12-d200-bs40-f1.000-r00:008865.057: Loop 99/100
exp003-n2048-k12-d200-bs40-f1.000-r00:008916.086: log(exp-norms): [2047.94, 2049.98, 2051.4]
exp003-n2048-k12-d200-bs40-f1.000-r00:008916.087: log(norms):     [2047.94, 2050.77, 2053.24, 2053.34, 2053.34, 2053.51, 2053.45, 2053.28, 2053.59, 2053.4]
exp003-n2048-k12-d200-bs40-f1.000-r00:008916.108: (52 sec)
exp003-n2048-k12-d200-bs40-f1.000-r00:008916.108: Loop 100/100
exp003-n2048-k12-d200-bs40-f1.000-r00:008970.671: log(exp-norms): [2047.94, 2049.98, 2051.4]
exp003-n2048-k12-d200-bs40-f1.000-r00:008970.671: log(norms):     [2047.94, 2050.77, 2053.24, 2053.34, 2053.34, 2053.51, 2053.45, 2053.28, 2053.59, 2053.4]
exp003-n2048-k12-d200-bs40-f1.000-r00:008970.693: (55 sec)
exp003-n2048-k12-d200-bs40-f1.000-r00:008970.693: ==========================Summary===========================
exp003-n2048-k12-d200-bs40-f1.000-r00:008970.694: Total time: 8971sec
exp003-n2048-k12-d200-bs40-f1.000-r00:008970.694: FAIL
exp003-n2048-k12-d200-bs40-f1.000-r00:008970.694: SUMMARY:n:2048:k:12:d:200:bs:40:t:8971:r:False
