exp032-n2048-k16-d150-bs60-f1.000-r00:000000.381: ==========================Instance==========================
exp032-n2048-k16-d150-bs60-f1.000-r00:000000.382: # of equations: 150
exp032-n2048-k16-d150-bs60-f1.000-r00:000000.384: Gap: 3.98
exp032-n2048-k16-d150-bs60-f1.000-r00:000000.391: Tau: 5.32
exp032-n2048-k16-d150-bs60-f1.000-r00:000000.391: ======================BKZ-60 reduction======================
exp032-n2048-k16-d150-bs60-f1.000-r00:000002.828: Expectedly achievable log(norm): 2052.69
exp032-n2048-k16-d150-bs60-f1.000-r00:000004.521: log(exp-norms): [2047.94, 2049.78, 2051.77]
exp032-n2048-k16-d150-bs60-f1.000-r00:000004.522: log(norms):     [2066.71, 2050.56, 2063.89, 2063.89, 2063.89, 2063.89, 2063.89, 2063.89, 2063.89, 2063.89]
exp032-n2048-k16-d150-bs60-f1.000-r00:000004.575: Loop 1/100
exp032-n2048-k16-d150-bs60-f1.000-r00:001324.399: log(exp-norms): [2047.94, 2049.78, 2051.77]
exp032-n2048-k16-d150-bs60-f1.000-r00:001324.400: log(norms):     [2047.94, 2050.56, 2054.08, 2054.11, 2054.06, 2054.15, 2054.27, 2054.18, 2054.23, 2054.15]
exp032-n2048-k16-d150-bs60-f1.000-r00:001324.430: (1320 sec)
exp032-n2048-k16-d150-bs60-f1.000-r00:001324.430: Loop 2/100
exp032-n2048-k16-d150-bs60-f1.000-r00:001813.053: log(exp-norms): [2047.94, 2049.78, 2051.77]
exp032-n2048-k16-d150-bs60-f1.000-r00:001813.054: log(norms):     [2047.94, 2049.8, 2050.56, 2053.49, 2053.52, 2053.52, 2053.61, 2053.72, 2053.62, 2053.67]
exp032-n2048-k16-d150-bs60-f1.000-r00:001813.070: (489 sec)
exp032-n2048-k16-d150-bs60-f1.000-r00:001813.070: ==========================Summary===========================
exp032-n2048-k16-d150-bs60-f1.000-r00:001813.070: Total time: 1813sec
exp032-n2048-k16-d150-bs60-f1.000-r00:001813.070: SUCCESS
exp032-n2048-k16-d150-bs60-f1.000-r00:001813.070: HNP solution: 21167975012918209552870912686771806438255541139730826066240181635621995443071722460092792766861449656651971904291494739624795743912805281300205929006874334739401927940244927625209913798361661459251278313555519353642349115638315408362633444025792932001859113279660550582627886616827766347381574068296526040175929893169077556725088334319029806072045420620743758952554100350242506733953941532202221585526098667900646237835635973957787430016458915948532825984650322309201129448700846664082632282345847636675284528957185198677963453685751932736766208738712710808794428045621406898257160840156291641067235468252088992925184
exp032-n2048-k16-d150-bs60-f1.000-r00:001813.070: Shared secret: 21167975012918209552870912686771806438255541139730826066240181635621995443071722460092792766861449656651971904291494739624795743912805281300205929006874334739401927940244927625209913798361661459251278313555519353642349115638315408362633444025792932001859113279660550582627886616827766347381574068296526040175929893169077556725088334319029806072045420620743758952554100350242506733953941532202221585526098667900646237835635973957787430016458915948532825984650322309201129448700846664082632282345847636675284528957185198677963453685751932736766208738712710808794428045621406898257160840156291641067235468252088992925184
exp032-n2048-k16-d150-bs60-f1.000-r00:001813.070: SUMMARY:n:2048:k:16:d:150:bs:60:t:1813:r:True
