exp024-n2048-k16-d150-bs40-f1.000-r00:000000.252: ==========================Instance==========================
exp024-n2048-k16-d150-bs40-f1.000-r00:000000.252: # of equations: 150
exp024-n2048-k16-d150-bs40-f1.000-r00:000000.255: Gap: 3.98
exp024-n2048-k16-d150-bs40-f1.000-r00:000000.261: Tau: 5.32
exp024-n2048-k16-d150-bs40-f1.000-r00:000000.262: ======================BKZ-40 reduction======================
exp024-n2048-k16-d150-bs40-f1.000-r00:000003.364: Expectedly achievable log(norm): 2052.93
exp024-n2048-k16-d150-bs40-f1.000-r00:000005.384: log(exp-norms): [2047.94, 2049.78, 2051.77]
exp024-n2048-k16-d150-bs40-f1.000-r00:000005.384: log(norms):     [2066.71, 2050.56, 2063.89, 2063.89, 2063.89, 2063.89, 2063.89, 2063.89, 2063.89, 2063.89]
exp024-n2048-k16-d150-bs40-f1.000-r00:000005.439: Loop 1/100
exp024-n2048-k16-d150-bs40-f1.000-r00:000735.782: log(exp-norms): [2047.94, 2049.78, 2051.77]
exp024-n2048-k16-d150-bs40-f1.000-r00:000735.783: log(norms):     [2047.94, 2050.56, 2054.45, 2054.49, 2054.52, 2054.5, 2054.67, 2054.72, 2054.51, 2054.72]
exp024-n2048-k16-d150-bs40-f1.000-r00:000735.814: (731 sec)
exp024-n2048-k16-d150-bs40-f1.000-r00:000735.815: Loop 2/100
exp024-n2048-k16-d150-bs40-f1.000-r00:000803.305: log(exp-norms): [2047.94, 2049.78, 2051.77]
exp024-n2048-k16-d150-bs40-f1.000-r00:000803.305: log(norms):     [2047.94, 2050.56, 2054.15, 2054.19, 2054.23, 2054.31, 2054.23, 2054.27, 2054.16, 2054.3]
exp024-n2048-k16-d150-bs40-f1.000-r00:000803.337: (68 sec)
exp024-n2048-k16-d150-bs40-f1.000-r00:000803.337: Loop 3/100
exp024-n2048-k16-d150-bs40-f1.000-r00:000855.332: log(exp-norms): [2047.94, 2049.78, 2051.77]
exp024-n2048-k16-d150-bs40-f1.000-r00:000855.333: log(norms):     [2047.94, 2050.56, 2053.86, 2053.86, 2053.89, 2053.97, 2053.94, 2053.86, 2054.08, 2054.05]
exp024-n2048-k16-d150-bs40-f1.000-r00:000855.350: (53 sec)
exp024-n2048-k16-d150-bs40-f1.000-r00:000855.350: Loop 4/100
exp024-n2048-k16-d150-bs40-f1.000-r00:000906.422: log(exp-norms): [2047.94, 2049.78, 2051.77]
exp024-n2048-k16-d150-bs40-f1.000-r00:000906.423: log(norms):     [2047.94, 2050.56, 2053.54, 2053.63, 2053.65, 2053.78, 2053.88, 2053.74, 2053.88, 2053.73]
exp024-n2048-k16-d150-bs40-f1.000-r00:000906.440: (52 sec)
exp024-n2048-k16-d150-bs40-f1.000-r00:000906.441: Loop 5/100
exp024-n2048-k16-d150-bs40-f1.000-r00:000955.579: log(exp-norms): [2047.94, 2049.78, 2051.77]
exp024-n2048-k16-d150-bs40-f1.000-r00:000955.579: log(norms):     [2047.94, 2050.56, 2053.44, 2053.45, 2053.5, 2053.49, 2053.49, 2053.62, 2053.68, 2053.63]
exp024-n2048-k16-d150-bs40-f1.000-r00:000955.610: (50 sec)
exp024-n2048-k16-d150-bs40-f1.000-r00:000955.610: Loop 6/100
exp024-n2048-k16-d150-bs40-f1.000-r00:001006.517: log(exp-norms): [2047.94, 2049.78, 2051.77]
exp024-n2048-k16-d150-bs40-f1.000-r00:001006.518: log(norms):     [2047.94, 2050.56, 2053.27, 2053.41, 2053.38, 2053.41, 2053.51, 2053.47, 2053.45, 2053.49]
exp024-n2048-k16-d150-bs40-f1.000-r00:001006.550: (51 sec)
exp024-n2048-k16-d150-bs40-f1.000-r00:001006.550: Loop 7/100
exp024-n2048-k16-d150-bs40-f1.000-r00:001055.548: log(exp-norms): [2047.94, 2049.78, 2051.77]
exp024-n2048-k16-d150-bs40-f1.000-r00:001055.548: log(norms):     [2047.94, 2049.8, 2050.56, 2053.15, 2053.27, 2053.3, 2053.29, 2053.24, 2053.35, 2053.51]
exp024-n2048-k16-d150-bs40-f1.000-r00:001055.576: (50 sec)
exp024-n2048-k16-d150-bs40-f1.000-r00:001055.576: ==========================Summary===========================
exp024-n2048-k16-d150-bs40-f1.000-r00:001055.576: Total time: 1056sec
exp024-n2048-k16-d150-bs40-f1.000-r00:001055.576: SUCCESS
exp024-n2048-k16-d150-bs40-f1.000-r00:001055.576: HNP solution: 21167975012918209552870912686771806438255541139730826066240181635621995443071722460092792766861449656651971904291494739624795743912805281300205929006874334739401927940244927625209913798361661459251278313555519353642349115638315408362633444025792932001859113279660550582627886616827766347381574068296526040175929893169077556725088334319029806072045420620743758952554100350242506733953941532202221585526098667900646237835635973957787430016458915948532825984650322309201129448700846664082632282345847636675284528957185198677963453685751932736766208738712710808794428045621406898257160840156291641067235468252088992925184
exp024-n2048-k16-d150-bs40-f1.000-r00:001055.576: Shared secret: 21167975012918209552870912686771806438255541139730826066240181635621995443071722460092792766861449656651971904291494739624795743912805281300205929006874334739401927940244927625209913798361661459251278313555519353642349115638315408362633444025792932001859113279660550582627886616827766347381574068296526040175929893169077556725088334319029806072045420620743758952554100350242506733953941532202221585526098667900646237835635973957787430016458915948532825984650322309201129448700846664082632282345847636675284528957185198677963453685751932736766208738712710808794428045621406898257160840156291641067235468252088992925184
exp024-n2048-k16-d150-bs40-f1.000-r00:001055.577: SUMMARY:n:2048:k:16:d:150:bs:40:t:1056:r:True
