exp019-n2048-k12-d220-bs60-f1.000-r00:000000.287: ==========================Instance==========================
exp019-n2048-k12-d220-bs60-f1.000-r00:000000.287: # of equations: 220
exp019-n2048-k12-d220-bs60-f1.000-r00:000000.291: Gap: 5.09
exp019-n2048-k12-d220-bs60-f1.000-r00:000000.299: Tau: 7.20
exp019-n2048-k12-d220-bs60-f1.000-r00:000000.300: ======================BKZ-60 reduction======================
exp019-n2048-k12-d220-bs60-f1.000-r00:000004.673: Expectedly achievable log(norm): 2054.20
exp019-n2048-k12-d220-bs60-f1.000-r00:000010.241: log(exp-norms): [2047.94, 2050.05, 2052.4]
exp019-n2048-k12-d220-bs60-f1.000-r00:000010.242: log(norms):     [2063.04, 2050.84, 2059.89, 2059.89, 2059.89, 2059.89, 2059.89, 2059.89, 2059.89, 2059.89]
exp019-n2048-k12-d220-bs60-f1.000-r00:000010.341: Loop 1/100
exp019-n2048-k12-d220-bs60-f1.000-r00:005050.950: log(exp-norms): [2047.94, 2050.05, 2052.4]
exp019-n2048-k12-d220-bs60-f1.000-r00:005050.951: log(norms):     [2050.84, 2056.87, 2056.98, 2056.95, 2056.92, 2056.94, 2057.04, 2056.93, 2056.94, 2057.12]
exp019-n2048-k12-d220-bs60-f1.000-r00:005050.978: (5041 sec)
exp019-n2048-k12-d220-bs60-f1.000-r00:005050.978: Loop 2/100
exp019-n2048-k12-d220-bs60-f1.000-r00:006617.690: log(exp-norms): [2047.94, 2050.05, 2052.4]
exp019-n2048-k12-d220-bs60-f1.000-r00:006617.690: log(norms):     [2047.94, 2050.84, 2056.05, 2056.1, 2056.21, 2056.15, 2056.2, 2056.21, 2056.34, 2056.4]
exp019-n2048-k12-d220-bs60-f1.000-r00:006617.715: (1567 sec)
exp019-n2048-k12-d220-bs60-f1.000-r00:006617.715: Loop 3/100
exp019-n2048-k12-d220-bs60-f1.000-r00:008002.440: log(exp-norms): [2047.94, 2050.05, 2052.4]
exp019-n2048-k12-d220-bs60-f1.000-r00:008002.440: log(norms):     [2047.94, 2050.84, 2055.57, 2055.66, 2055.66, 2055.73, 2055.7, 2055.83, 2055.63, 2055.92]
exp019-n2048-k12-d220-bs60-f1.000-r00:008002.463: (1385 sec)
exp019-n2048-k12-d220-bs60-f1.000-r00:008002.464: Loop 4/100
exp019-n2048-k12-d220-bs60-f1.000-r00:009359.846: log(exp-norms): [2047.94, 2050.05, 2052.4]
exp019-n2048-k12-d220-bs60-f1.000-r00:009359.846: log(norms):     [2047.94, 2050.84, 2055.32, 2055.42, 2055.28, 2055.22, 2055.33, 2055.37, 2055.31, 2055.28]
exp019-n2048-k12-d220-bs60-f1.000-r00:009359.870: (1358 sec)
exp019-n2048-k12-d220-bs60-f1.000-r00:009359.870: Loop 5/100
exp019-n2048-k12-d220-bs60-f1.000-r00:010687.821: log(exp-norms): [2047.94, 2050.05, 2052.4]
exp019-n2048-k12-d220-bs60-f1.000-r00:010687.821: log(norms):     [2047.94, 2050.84, 2055.0, 2055.02, 2055.03, 2055.12, 2055.09, 2055.26, 2054.92, 2055.16]
exp019-n2048-k12-d220-bs60-f1.000-r00:010687.844: (1328 sec)
exp019-n2048-k12-d220-bs60-f1.000-r00:010687.844: Loop 6/100
exp019-n2048-k12-d220-bs60-f1.000-r00:011989.603: log(exp-norms): [2047.94, 2050.05, 2052.4]
exp019-n2048-k12-d220-bs60-f1.000-r00:011989.603: log(norms):     [2047.94, 2050.84, 2054.78, 2054.82, 2054.97, 2054.92, 2054.9, 2054.69, 2054.97, 2054.92]
exp019-n2048-k12-d220-bs60-f1.000-r00:011989.626: (1302 sec)
exp019-n2048-k12-d220-bs60-f1.000-r00:011989.626: Loop 7/100
exp019-n2048-k12-d220-bs60-f1.000-r00:013173.438: log(exp-norms): [2047.94, 2050.05, 2052.4]
exp019-n2048-k12-d220-bs60-f1.000-r00:013173.438: log(norms):     [2047.94, 2050.84, 2054.56, 2054.67, 2054.7, 2054.62, 2054.65, 2054.78, 2054.65, 2054.8]
exp019-n2048-k12-d220-bs60-f1.000-r00:013173.462: (1184 sec)
exp019-n2048-k12-d220-bs60-f1.000-r00:013173.462: Loop 8/100
exp019-n2048-k12-d220-bs60-f1.000-r00:014493.628: log(exp-norms): [2047.94, 2050.05, 2052.4]
exp019-n2048-k12-d220-bs60-f1.000-r00:014493.628: log(norms):     [2047.94, 2050.84, 2054.47, 2054.57, 2054.5, 2054.65, 2054.56, 2054.69, 2054.64, 2054.6]
exp019-n2048-k12-d220-bs60-f1.000-r00:014493.665: (1321 sec)
exp019-n2048-k12-d220-bs60-f1.000-r00:014493.665: Loop 9/100
exp019-n2048-k12-d220-bs60-f1.000-r00:015927.086: log(exp-norms): [2047.94, 2050.05, 2052.4]
exp019-n2048-k12-d220-bs60-f1.000-r00:015927.086: log(norms):     [2047.94, 2050.84, 2054.36, 2054.39, 2054.41, 2054.52, 2054.51, 2054.61, 2054.64, 2054.72]
exp019-n2048-k12-d220-bs60-f1.000-r00:015927.111: (1434 sec)
exp019-n2048-k12-d220-bs60-f1.000-r00:015927.111: Loop 10/100
exp019-n2048-k12-d220-bs60-f1.000-r00:017084.822: log(exp-norms): [2047.94, 2050.05, 2052.4]
exp019-n2048-k12-d220-bs60-f1.000-r00:017084.822: log(norms):     [2047.94, 2050.84, 2054.25, 2054.35, 2054.42, 2054.49, 2054.35, 2054.51, 2054.39, 2054.54]
exp019-n2048-k12-d220-bs60-f1.000-r00:017084.845: (1158 sec)
exp019-n2048-k12-d220-bs60-f1.000-r00:017084.845: Loop 11/100
exp019-n2048-k12-d220-bs60-f1.000-r00:018140.293: log(exp-norms): [2047.94, 2050.05, 2052.4]
exp019-n2048-k12-d220-bs60-f1.000-r00:018140.293: log(norms):     [2047.94, 2050.01, 2050.84, 2054.25, 2054.26, 2054.38, 2054.25, 2054.52, 2054.54, 2054.47]
exp019-n2048-k12-d220-bs60-f1.000-r00:018140.316: (1056 sec)
exp019-n2048-k12-d220-bs60-f1.000-r00:018140.316: ==========================Summary===========================
exp019-n2048-k12-d220-bs60-f1.000-r00:018140.317: Total time: 18141sec
exp019-n2048-k12-d220-bs60-f1.000-r00:018140.317: SUCCESS
exp019-n2048-k12-d220-bs60-f1.000-r00:018140.317: HNP solution: 21167975012918209552870912686771806438255541139730826066240181635621995443071722460092792766861449656651971904291494739624795743912805281300205929006874334739401927940244927625209913798361661459251278313555519353642349115638315408362633444025792932001859113279660550582627886616827766347381574068296526040175929893169077556725088334319029806072045420620743758952554100350242506733953941532202221585526098667900646237835635973957787430016458915948532825984650322309201129448700846664082632282345847636675284528957185198677963453685751932736766208738712710808794428045621406898257160840156291641067235468252088992925184
exp019-n2048-k12-d220-bs60-f1.000-r00:018140.317: Shared secret: 21167975012918209552870912686771806438255541139730826066240181635621995443071722460092792766861449656651971904291494739624795743912805281300205929006874334739401927940244927625209913798361661459251278313555519353642349115638315408362633444025792932001859113279660550582627886616827766347381574068296526040175929893169077556725088334319029806072045420620743758952554100350242506733953941532202221585526098667900646237835635973957787430016458915948532825984650322309201129448700846664082632282345847636675284528957185198677963453685751932736766208738712710808794428045621406898257160840156291641067235468252088992925184
exp019-n2048-k12-d220-bs60-f1.000-r00:018140.317: SUMMARY:n:2048:k:12:d:220:bs:60:t:18141:r:True
