exp022-n2048-k16-d130-bs40-f1.000-r00:000000.335: ==========================Instance==========================
exp022-n2048-k16-d130-bs40-f1.000-r00:000000.335: # of equations: 130
exp022-n2048-k16-d130-bs40-f1.000-r00:000000.337: Gap: 0.95
exp022-n2048-k16-d130-bs40-f1.000-r00:000000.341: Tau: 0.32
exp022-n2048-k16-d130-bs40-f1.000-r00:000000.341: ======================BKZ-40 reduction======================
exp022-n2048-k16-d130-bs40-f1.000-r00:000002.644: Expectedly achievable log(norm): 2050.49
exp022-n2048-k16-d130-bs40-f1.000-r00:000004.994: log(exp-norms): [2047.94, 2049.67, 2049.59]
exp022-n2048-k16-d130-bs40-f1.000-r00:000004.994: log(norms):     [2066.62, 2050.46, 2063.89, 2063.89, 2063.89, 2063.89, 2063.89, 2063.89, 2063.89, 2063.89]
exp022-n2048-k16-d130-bs40-f1.000-r00:000005.086: Loop 1/100
exp022-n2048-k16-d130-bs40-f1.000-r00:000437.653: log(exp-norms): [2047.94, 2049.67, 2049.59]
exp022-n2048-k16-d130-bs40-f1.000-r00:000437.654: log(norms):     [2050.46, 2051.38, 2051.43, 2051.64, 2051.69, 2051.71, 2051.64, 2051.78, 2051.81, 2051.72]
exp022-n2048-k16-d130-bs40-f1.000-r00:000437.681: (433 sec)
exp022-n2048-k16-d130-bs40-f1.000-r00:000437.682: Loop 2/100
exp022-n2048-k16-d130-bs40-f1.000-r00:000482.736: log(exp-norms): [2047.94, 2049.67, 2049.59]
exp022-n2048-k16-d130-bs40-f1.000-r00:000482.737: log(norms):     [2050.46, 2051.3, 2051.3, 2051.33, 2051.44, 2051.4, 2051.51, 2051.51, 2051.44, 2051.41]
exp022-n2048-k16-d130-bs40-f1.000-r00:000482.764: (46 sec)
exp022-n2048-k16-d130-bs40-f1.000-r00:000482.764: Loop 3/100
exp022-n2048-k16-d130-bs40-f1.000-r00:000521.788: log(exp-norms): [2047.94, 2049.67, 2049.59]
exp022-n2048-k16-d130-bs40-f1.000-r00:000521.789: log(norms):     [2050.46, 2051.12, 2051.14, 2051.22, 2051.28, 2051.11, 2051.29, 2051.2, 2051.29, 2051.24]
exp022-n2048-k16-d130-bs40-f1.000-r00:000521.816: (40 sec)
exp022-n2048-k16-d130-bs40-f1.000-r00:000521.816: Loop 4/100
exp022-n2048-k16-d130-bs40-f1.000-r00:000558.253: log(exp-norms): [2047.94, 2049.67, 2049.59]
exp022-n2048-k16-d130-bs40-f1.000-r00:000558.254: log(norms):     [2050.46, 2050.71, 2051.04, 2050.95, 2050.95, 2051.07, 2050.97, 2051.11, 2051.1, 2050.99]
exp022-n2048-k16-d130-bs40-f1.000-r00:000558.269: (37 sec)
exp022-n2048-k16-d130-bs40-f1.000-r00:000558.270: Loop 5/100
exp022-n2048-k16-d130-bs40-f1.000-r00:000579.457: log(exp-norms): [2047.94, 2049.67, 2049.59]
exp022-n2048-k16-d130-bs40-f1.000-r00:000579.458: log(norms):     [2050.46, 2050.71, 2050.85, 2050.83, 2050.95, 2051.09, 2050.97, 2050.93, 2051.12, 2051.04]
exp022-n2048-k16-d130-bs40-f1.000-r00:000579.474: (22 sec)
exp022-n2048-k16-d130-bs40-f1.000-r00:000579.475: Loop 6/100
exp022-n2048-k16-d130-bs40-f1.000-r00:000597.914: log(exp-norms): [2047.94, 2049.67, 2049.59]
exp022-n2048-k16-d130-bs40-f1.000-r00:000597.914: log(norms):     [2050.46, 2050.71, 2050.85, 2050.85, 2050.85, 2050.9, 2050.64, 2050.96, 2050.92, 2050.81]
exp022-n2048-k16-d130-bs40-f1.000-r00:000597.929: (19 sec)
exp022-n2048-k16-d130-bs40-f1.000-r00:000597.929: Loop 7/100
exp022-n2048-k16-d130-bs40-f1.000-r00:000626.665: log(exp-norms): [2047.94, 2049.67, 2049.59]
exp022-n2048-k16-d130-bs40-f1.000-r00:000626.666: log(norms):     [2047.94, 2050.46, 2050.63, 2050.77, 2050.71, 2050.7, 2050.85, 2050.77, 2050.81, 2050.94]
exp022-n2048-k16-d130-bs40-f1.000-r00:000626.692: (29 sec)
exp022-n2048-k16-d130-bs40-f1.000-r00:000626.692: Loop 8/100
exp022-n2048-k16-d130-bs40-f1.000-r00:000655.744: log(exp-norms): [2047.94, 2049.67, 2049.59]
exp022-n2048-k16-d130-bs40-f1.000-r00:000655.745: log(norms):     [2047.94, 2050.46, 2050.56, 2050.59, 2050.63, 2050.75, 2050.76, 2050.78, 2050.72, 2050.79]
exp022-n2048-k16-d130-bs40-f1.000-r00:000655.761: (30 sec)
exp022-n2048-k16-d130-bs40-f1.000-r00:000655.761: Loop 9/100
exp022-n2048-k16-d130-bs40-f1.000-r00:000685.185: log(exp-norms): [2047.94, 2049.67, 2049.59]
exp022-n2048-k16-d130-bs40-f1.000-r00:000685.185: log(norms):     [2047.94, 2050.46, 2050.56, 2050.6, 2050.73, 2050.72, 2050.8, 2050.78, 2050.91, 2050.84]
exp022-n2048-k16-d130-bs40-f1.000-r00:000685.212: (30 sec)
exp022-n2048-k16-d130-bs40-f1.000-r00:000685.213: Loop 10/100
exp022-n2048-k16-d130-bs40-f1.000-r00:000714.285: log(exp-norms): [2047.94, 2049.67, 2049.59]
exp022-n2048-k16-d130-bs40-f1.000-r00:000714.286: log(norms):     [2047.94, 2050.46, 2050.56, 2050.6, 2050.73, 2050.72, 2050.8, 2050.69, 2050.75, 2050.89]
exp022-n2048-k16-d130-bs40-f1.000-r00:000714.311: (30 sec)
exp022-n2048-k16-d130-bs40-f1.000-r00:000714.312: Loop 11/100
exp022-n2048-k16-d130-bs40-f1.000-r00:000742.385: log(exp-norms): [2047.94, 2049.67, 2049.59]
exp022-n2048-k16-d130-bs40-f1.000-r00:000742.385: log(norms):     [2047.94, 2050.46, 2050.56, 2050.6, 2050.7, 2050.72, 2050.73, 2050.73, 2050.78, 2050.84]
exp022-n2048-k16-d130-bs40-f1.000-r00:000742.400: (29 sec)
exp022-n2048-k16-d130-bs40-f1.000-r00:000742.400: Loop 12/100
exp022-n2048-k16-d130-bs40-f1.000-r00:000760.849: log(exp-norms): [2047.94, 2049.67, 2049.59]
exp022-n2048-k16-d130-bs40-f1.000-r00:000760.849: log(norms):     [2047.94, 2050.46, 2050.55, 2050.67, 2050.7, 2050.56, 2050.63, 2050.77, 2050.88, 2050.72]
exp022-n2048-k16-d130-bs40-f1.000-r00:000760.864: (19 sec)
exp022-n2048-k16-d130-bs40-f1.000-r00:000760.865: Loop 13/100
exp022-n2048-k16-d130-bs40-f1.000-r00:000778.142: log(exp-norms): [2047.94, 2049.67, 2049.59]
exp022-n2048-k16-d130-bs40-f1.000-r00:000778.142: log(norms):     [2047.94, 2050.46, 2050.55, 2050.65, 2050.69, 2050.58, 2050.72, 2050.78, 2050.8, 2050.79]
exp022-n2048-k16-d130-bs40-f1.000-r00:000778.157: (18 sec)
exp022-n2048-k16-d130-bs40-f1.000-r00:000778.157: Loop 14/100
exp022-n2048-k16-d130-bs40-f1.000-r00:000795.036: log(exp-norms): [2047.94, 2049.67, 2049.59]
exp022-n2048-k16-d130-bs40-f1.000-r00:000795.037: log(norms):     [2047.94, 2050.46, 2050.55, 2050.58, 2050.65, 2050.64, 2050.66, 2050.56, 2050.71, 2050.76]
exp022-n2048-k16-d130-bs40-f1.000-r00:000795.052: (17 sec)
exp022-n2048-k16-d130-bs40-f1.000-r00:000795.052: Loop 15/100
exp022-n2048-k16-d130-bs40-f1.000-r00:000813.418: log(exp-norms): [2047.94, 2049.67, 2049.59]
exp022-n2048-k16-d130-bs40-f1.000-r00:000813.418: log(norms):     [2047.94, 2050.46, 2050.55, 2050.64, 2050.58, 2050.55, 2050.56, 2050.82, 2050.63, 2050.54]
exp022-n2048-k16-d130-bs40-f1.000-r00:000813.445: (19 sec)
exp022-n2048-k16-d130-bs40-f1.000-r00:000813.446: Loop 16/100
exp022-n2048-k16-d130-bs40-f1.000-r00:000842.296: log(exp-norms): [2047.94, 2049.67, 2049.59]
exp022-n2048-k16-d130-bs40-f1.000-r00:000842.297: log(norms):     [2047.94, 2050.46, 2050.55, 2050.64, 2050.54, 2050.63, 2050.77, 2050.54, 2050.67, 2050.77]
exp022-n2048-k16-d130-bs40-f1.000-r00:000842.325: (29 sec)
exp022-n2048-k16-d130-bs40-f1.000-r00:000842.325: Loop 17/100
exp022-n2048-k16-d130-bs40-f1.000-r00:000868.035: log(exp-norms): [2047.94, 2049.67, 2049.59]
exp022-n2048-k16-d130-bs40-f1.000-r00:000868.035: log(norms):     [2047.94, 2050.46, 2050.55, 2050.64, 2050.54, 2050.71, 2050.56, 2050.63, 2050.77, 2050.54]
exp022-n2048-k16-d130-bs40-f1.000-r00:000868.058: (26 sec)
exp022-n2048-k16-d130-bs40-f1.000-r00:000868.058: Loop 18/100
exp022-n2048-k16-d130-bs40-f1.000-r00:000886.126: log(exp-norms): [2047.94, 2049.67, 2049.59]
exp022-n2048-k16-d130-bs40-f1.000-r00:000886.127: log(norms):     [2047.94, 2050.46, 2050.55, 2050.64, 2050.54, 2050.71, 2050.49, 2050.56, 2050.71, 2050.7]
exp022-n2048-k16-d130-bs40-f1.000-r00:000886.149: (19 sec)
exp022-n2048-k16-d130-bs40-f1.000-r00:000886.150: Loop 19/100
exp022-n2048-k16-d130-bs40-f1.000-r00:000912.731: log(exp-norms): [2047.94, 2049.67, 2049.59]
exp022-n2048-k16-d130-bs40-f1.000-r00:000912.731: log(norms):     [2047.94, 2050.46, 2050.55, 2050.64, 2050.54, 2050.71, 2050.49, 2050.56, 2050.6, 2050.71]
exp022-n2048-k16-d130-bs40-f1.000-r00:000912.760: (27 sec)
exp022-n2048-k16-d130-bs40-f1.000-r00:000912.760: Loop 20/100
exp022-n2048-k16-d130-bs40-f1.000-r00:000940.047: log(exp-norms): [2047.94, 2049.67, 2049.59]
exp022-n2048-k16-d130-bs40-f1.000-r00:000940.047: log(norms):     [2047.94, 2050.46, 2050.55, 2050.64, 2050.54, 2050.71, 2050.49, 2050.56, 2050.48, 2050.71]
exp022-n2048-k16-d130-bs40-f1.000-r00:000940.079: (28 sec)
exp022-n2048-k16-d130-bs40-f1.000-r00:000940.080: Loop 21/100
exp022-n2048-k16-d130-bs40-f1.000-r00:000964.083: log(exp-norms): [2047.94, 2049.67, 2049.59]
exp022-n2048-k16-d130-bs40-f1.000-r00:000964.083: log(norms):     [2047.94, 2050.46, 2050.55, 2050.64, 2050.54, 2050.71, 2050.49, 2050.56, 2050.48, 2050.71]
exp022-n2048-k16-d130-bs40-f1.000-r00:000964.110: (25 sec)
exp022-n2048-k16-d130-bs40-f1.000-r00:000964.110: Loop 22/100
exp022-n2048-k16-d130-bs40-f1.000-r00:000991.596: log(exp-norms): [2047.94, 2049.67, 2049.59]
exp022-n2048-k16-d130-bs40-f1.000-r00:000991.596: log(norms):     [2047.94, 2050.46, 2050.55, 2050.64, 2050.62, 2050.54, 2050.48, 2050.49, 2050.71, 2050.56]
exp022-n2048-k16-d130-bs40-f1.000-r00:000991.624: (28 sec)
exp022-n2048-k16-d130-bs40-f1.000-r00:000991.624: Loop 23/100
exp022-n2048-k16-d130-bs40-f1.000-r00:001018.505: log(exp-norms): [2047.94, 2049.67, 2049.59]
exp022-n2048-k16-d130-bs40-f1.000-r00:001018.505: log(norms):     [2047.94, 2050.46, 2050.55, 2050.64, 2050.62, 2050.54, 2050.65, 2050.48, 2050.72, 2050.74]
exp022-n2048-k16-d130-bs40-f1.000-r00:001018.531: (27 sec)
exp022-n2048-k16-d130-bs40-f1.000-r00:001018.532: Loop 24/100
exp022-n2048-k16-d130-bs40-f1.000-r00:001044.608: log(exp-norms): [2047.94, 2049.67, 2049.59]
exp022-n2048-k16-d130-bs40-f1.000-r00:001044.609: log(norms):     [2047.94, 2050.46, 2050.55, 2050.64, 2050.62, 2050.54, 2050.65, 2050.48, 2050.72, 2050.74]
exp022-n2048-k16-d130-bs40-f1.000-r00:001044.635: (27 sec)
exp022-n2048-k16-d130-bs40-f1.000-r00:001044.635: Loop 25/100
exp022-n2048-k16-d130-bs40-f1.000-r00:001072.388: log(exp-norms): [2047.94, 2049.67, 2049.59]
exp022-n2048-k16-d130-bs40-f1.000-r00:001072.389: log(norms):     [2047.94, 2050.46, 2050.55, 2050.64, 2050.62, 2050.54, 2050.51, 2050.65, 2050.48, 2050.73]
exp022-n2048-k16-d130-bs40-f1.000-r00:001072.415: (28 sec)
exp022-n2048-k16-d130-bs40-f1.000-r00:001072.415: Loop 26/100
exp022-n2048-k16-d130-bs40-f1.000-r00:001098.990: log(exp-norms): [2047.94, 2049.67, 2049.59]
exp022-n2048-k16-d130-bs40-f1.000-r00:001098.991: log(norms):     [2047.94, 2050.46, 2050.55, 2050.64, 2050.62, 2050.54, 2050.51, 2050.52, 2050.65, 2050.77]
exp022-n2048-k16-d130-bs40-f1.000-r00:001099.017: (27 sec)
exp022-n2048-k16-d130-bs40-f1.000-r00:001099.017: Loop 27/100
exp022-n2048-k16-d130-bs40-f1.000-r00:001127.075: log(exp-norms): [2047.94, 2049.67, 2049.59]
exp022-n2048-k16-d130-bs40-f1.000-r00:001127.075: log(norms):     [2047.94, 2050.46, 2050.55, 2050.64, 2050.62, 2050.54, 2050.51, 2050.52, 2050.65, 2050.77]
exp022-n2048-k16-d130-bs40-f1.000-r00:001127.102: (29 sec)
exp022-n2048-k16-d130-bs40-f1.000-r00:001127.103: Loop 28/100
exp022-n2048-k16-d130-bs40-f1.000-r00:001153.047: log(exp-norms): [2047.94, 2049.67, 2049.59]
exp022-n2048-k16-d130-bs40-f1.000-r00:001153.048: log(norms):     [2047.94, 2050.46, 2050.55, 2050.64, 2050.62, 2050.54, 2050.51, 2050.52, 2050.65, 2050.77]
exp022-n2048-k16-d130-bs40-f1.000-r00:001153.070: (26 sec)
exp022-n2048-k16-d130-bs40-f1.000-r00:001153.070: Loop 29/100
exp022-n2048-k16-d130-bs40-f1.000-r00:001172.316: log(exp-norms): [2047.94, 2049.67, 2049.59]
exp022-n2048-k16-d130-bs40-f1.000-r00:001172.317: log(norms):     [2047.94, 2050.46, 2050.55, 2050.64, 2050.62, 2050.54, 2050.51, 2050.52, 2050.65, 2050.77]
exp022-n2048-k16-d130-bs40-f1.000-r00:001172.330: (20 sec)
exp022-n2048-k16-d130-bs40-f1.000-r00:001172.331: Loop 30/100
exp022-n2048-k16-d130-bs40-f1.000-r00:001200.314: log(exp-norms): [2047.94, 2049.67, 2049.59]
exp022-n2048-k16-d130-bs40-f1.000-r00:001200.314: log(norms):     [2047.94, 2050.46, 2050.55, 2050.64, 2050.62, 2050.54, 2050.51, 2050.52, 2050.65, 2050.77]
exp022-n2048-k16-d130-bs40-f1.000-r00:001200.338: (29 sec)
exp022-n2048-k16-d130-bs40-f1.000-r00:001200.338: Loop 31/100
exp022-n2048-k16-d130-bs40-f1.000-r00:001226.798: log(exp-norms): [2047.94, 2049.67, 2049.59]
exp022-n2048-k16-d130-bs40-f1.000-r00:001226.799: log(norms):     [2047.94, 2050.46, 2050.55, 2050.64, 2050.62, 2050.54, 2050.51, 2050.52, 2050.65, 2050.77]
exp022-n2048-k16-d130-bs40-f1.000-r00:001226.823: (27 sec)
exp022-n2048-k16-d130-bs40-f1.000-r00:001226.823: Loop 32/100
exp022-n2048-k16-d130-bs40-f1.000-r00:001250.999: log(exp-norms): [2047.94, 2049.67, 2049.59]
exp022-n2048-k16-d130-bs40-f1.000-r00:001251.000: log(norms):     [2047.94, 2050.46, 2050.55, 2050.64, 2050.62, 2050.54, 2050.51, 2050.52, 2050.65, 2050.77]
exp022-n2048-k16-d130-bs40-f1.000-r00:001251.023: (25 sec)
exp022-n2048-k16-d130-bs40-f1.000-r00:001251.023: Loop 33/100
exp022-n2048-k16-d130-bs40-f1.000-r00:001275.603: log(exp-norms): [2047.94, 2049.67, 2049.59]
exp022-n2048-k16-d130-bs40-f1.000-r00:001275.603: log(norms):     [2047.94, 2050.46, 2050.55, 2050.64, 2050.62, 2050.54, 2050.51, 2050.52, 2050.65, 2050.77]
exp022-n2048-k16-d130-bs40-f1.000-r00:001275.626: (25 sec)
exp022-n2048-k16-d130-bs40-f1.000-r00:001275.627: Loop 34/100
exp022-n2048-k16-d130-bs40-f1.000-r00:001302.518: log(exp-norms): [2047.94, 2049.67, 2049.59]
exp022-n2048-k16-d130-bs40-f1.000-r00:001302.518: log(norms):     [2047.94, 2050.46, 2050.55, 2050.64, 2050.62, 2050.54, 2050.51, 2050.52, 2050.65, 2050.65]
exp022-n2048-k16-d130-bs40-f1.000-r00:001302.543: (27 sec)
exp022-n2048-k16-d130-bs40-f1.000-r00:001302.543: Loop 35/100
exp022-n2048-k16-d130-bs40-f1.000-r00:001329.151: log(exp-norms): [2047.94, 2049.67, 2049.59]
exp022-n2048-k16-d130-bs40-f1.000-r00:001329.151: log(norms):     [2047.94, 2050.42, 2050.46, 2050.55, 2050.64, 2050.62, 2050.65, 2050.54, 2050.51, 2050.52]
exp022-n2048-k16-d130-bs40-f1.000-r00:001329.176: (27 sec)
exp022-n2048-k16-d130-bs40-f1.000-r00:001329.176: Loop 36/100
exp022-n2048-k16-d130-bs40-f1.000-r00:001356.286: log(exp-norms): [2047.94, 2049.67, 2049.59]
exp022-n2048-k16-d130-bs40-f1.000-r00:001356.286: log(norms):     [2047.94, 2050.42, 2050.46, 2050.55, 2050.64, 2050.62, 2050.65, 2050.54, 2050.51, 2050.52]
exp022-n2048-k16-d130-bs40-f1.000-r00:001356.309: (28 sec)
exp022-n2048-k16-d130-bs40-f1.000-r00:001356.310: Loop 37/100
exp022-n2048-k16-d130-bs40-f1.000-r00:001378.890: log(exp-norms): [2047.94, 2049.67, 2049.59]
exp022-n2048-k16-d130-bs40-f1.000-r00:001378.891: log(norms):     [2047.94, 2050.42, 2050.46, 2050.55, 2050.64, 2050.62, 2050.65, 2050.54, 2050.51, 2050.52]
exp022-n2048-k16-d130-bs40-f1.000-r00:001378.915: (23 sec)
exp022-n2048-k16-d130-bs40-f1.000-r00:001378.915: Loop 38/100
exp022-n2048-k16-d130-bs40-f1.000-r00:001406.408: log(exp-norms): [2047.94, 2049.67, 2049.59]
exp022-n2048-k16-d130-bs40-f1.000-r00:001406.408: log(norms):     [2047.94, 2050.42, 2050.46, 2050.53, 2050.55, 2050.69, 2050.56, 2050.51, 2050.58, 2050.65]
exp022-n2048-k16-d130-bs40-f1.000-r00:001406.431: (28 sec)
exp022-n2048-k16-d130-bs40-f1.000-r00:001406.431: Loop 39/100
exp022-n2048-k16-d130-bs40-f1.000-r00:001428.700: log(exp-norms): [2047.94, 2049.67, 2049.59]
exp022-n2048-k16-d130-bs40-f1.000-r00:001428.700: log(norms):     [2047.94, 2050.42, 2050.46, 2050.53, 2050.55, 2050.69, 2050.56, 2050.51, 2050.58, 2050.65]
exp022-n2048-k16-d130-bs40-f1.000-r00:001428.715: (23 sec)
exp022-n2048-k16-d130-bs40-f1.000-r00:001428.715: Loop 40/100
exp022-n2048-k16-d130-bs40-f1.000-r00:001444.696: log(exp-norms): [2047.94, 2049.67, 2049.59]
exp022-n2048-k16-d130-bs40-f1.000-r00:001444.696: log(norms):     [2047.94, 2050.42, 2050.46, 2050.53, 2050.55, 2050.59, 2050.69, 2050.56, 2050.65, 2050.58]
exp022-n2048-k16-d130-bs40-f1.000-r00:001444.710: (16 sec)
exp022-n2048-k16-d130-bs40-f1.000-r00:001444.710: Loop 41/100
exp022-n2048-k16-d130-bs40-f1.000-r00:001463.510: log(exp-norms): [2047.94, 2049.67, 2049.59]
exp022-n2048-k16-d130-bs40-f1.000-r00:001463.510: log(norms):     [2047.94, 2050.42, 2050.46, 2050.53, 2050.63, 2050.69, 2050.55, 2050.59, 2050.56, 2050.65]
exp022-n2048-k16-d130-bs40-f1.000-r00:001463.524: (19 sec)
exp022-n2048-k16-d130-bs40-f1.000-r00:001463.525: Loop 42/100
exp022-n2048-k16-d130-bs40-f1.000-r00:001482.915: log(exp-norms): [2047.94, 2049.67, 2049.59]
exp022-n2048-k16-d130-bs40-f1.000-r00:001482.915: log(norms):     [2047.94, 2050.42, 2050.46, 2050.53, 2050.63, 2050.69, 2050.55, 2050.59, 2050.56, 2050.65]
exp022-n2048-k16-d130-bs40-f1.000-r00:001482.938: (20 sec)
exp022-n2048-k16-d130-bs40-f1.000-r00:001482.939: Loop 43/100
exp022-n2048-k16-d130-bs40-f1.000-r00:001506.491: log(exp-norms): [2047.94, 2049.67, 2049.59]
exp022-n2048-k16-d130-bs40-f1.000-r00:001506.491: log(norms):     [2047.94, 2050.42, 2050.46, 2050.53, 2050.63, 2050.69, 2050.55, 2050.59, 2050.67, 2050.56]
exp022-n2048-k16-d130-bs40-f1.000-r00:001506.513: (24 sec)
exp022-n2048-k16-d130-bs40-f1.000-r00:001506.513: Loop 44/100
exp022-n2048-k16-d130-bs40-f1.000-r00:001524.644: log(exp-norms): [2047.94, 2049.67, 2049.59]
exp022-n2048-k16-d130-bs40-f1.000-r00:001524.645: log(norms):     [2047.94, 2050.42, 2050.46, 2050.53, 2050.63, 2050.69, 2050.55, 2050.59, 2050.67, 2050.82]
exp022-n2048-k16-d130-bs40-f1.000-r00:001524.659: (19 sec)
exp022-n2048-k16-d130-bs40-f1.000-r00:001524.659: Loop 45/100
exp022-n2048-k16-d130-bs40-f1.000-r00:001540.324: log(exp-norms): [2047.94, 2049.67, 2049.59]
exp022-n2048-k16-d130-bs40-f1.000-r00:001540.324: log(norms):     [2047.94, 2050.42, 2050.46, 2050.53, 2050.63, 2050.69, 2050.55, 2050.59, 2050.67, 2050.67]
exp022-n2048-k16-d130-bs40-f1.000-r00:001540.338: (16 sec)
exp022-n2048-k16-d130-bs40-f1.000-r00:001540.338: Loop 46/100
exp022-n2048-k16-d130-bs40-f1.000-r00:001555.800: log(exp-norms): [2047.94, 2049.67, 2049.59]
exp022-n2048-k16-d130-bs40-f1.000-r00:001555.800: log(norms):     [2047.94, 2050.42, 2050.46, 2050.53, 2050.63, 2050.69, 2050.55, 2050.59, 2050.67, 2050.67]
exp022-n2048-k16-d130-bs40-f1.000-r00:001555.815: (16 sec)
exp022-n2048-k16-d130-bs40-f1.000-r00:001555.815: Loop 47/100
exp022-n2048-k16-d130-bs40-f1.000-r00:001569.581: log(exp-norms): [2047.94, 2049.67, 2049.59]
exp022-n2048-k16-d130-bs40-f1.000-r00:001569.582: log(norms):     [2047.94, 2050.42, 2050.46, 2050.53, 2050.63, 2050.69, 2050.55, 2050.59, 2050.67, 2050.67]
exp022-n2048-k16-d130-bs40-f1.000-r00:001569.596: (14 sec)
exp022-n2048-k16-d130-bs40-f1.000-r00:001569.596: Loop 48/100
exp022-n2048-k16-d130-bs40-f1.000-r00:001584.538: log(exp-norms): [2047.94, 2049.67, 2049.59]
exp022-n2048-k16-d130-bs40-f1.000-r00:001584.539: log(norms):     [2047.94, 2050.42, 2050.46, 2050.53, 2050.63, 2050.69, 2050.55, 2050.59, 2050.67, 2050.67]
exp022-n2048-k16-d130-bs40-f1.000-r00:001584.553: (15 sec)
exp022-n2048-k16-d130-bs40-f1.000-r00:001584.553: Loop 49/100
exp022-n2048-k16-d130-bs40-f1.000-r00:001599.021: log(exp-norms): [2047.94, 2049.67, 2049.59]
exp022-n2048-k16-d130-bs40-f1.000-r00:001599.021: log(norms):     [2047.94, 2050.42, 2050.46, 2050.53, 2050.63, 2050.69, 2050.55, 2050.59, 2050.67, 2050.67]
exp022-n2048-k16-d130-bs40-f1.000-r00:001599.044: (15 sec)
exp022-n2048-k16-d130-bs40-f1.000-r00:001599.044: Loop 50/100
exp022-n2048-k16-d130-bs40-f1.000-r00:001613.786: log(exp-norms): [2047.94, 2049.67, 2049.59]
exp022-n2048-k16-d130-bs40-f1.000-r00:001613.787: log(norms):     [2047.94, 2050.42, 2050.46, 2050.53, 2050.63, 2050.69, 2050.55, 2050.59, 2050.67, 2050.67]
exp022-n2048-k16-d130-bs40-f1.000-r00:001613.800: (15 sec)
exp022-n2048-k16-d130-bs40-f1.000-r00:001613.801: Loop 51/100
exp022-n2048-k16-d130-bs40-f1.000-r00:001628.930: log(exp-norms): [2047.94, 2049.67, 2049.59]
exp022-n2048-k16-d130-bs40-f1.000-r00:001628.931: log(norms):     [2047.94, 2050.42, 2050.46, 2050.53, 2050.63, 2050.69, 2050.55, 2050.59, 2050.67, 2050.67]
exp022-n2048-k16-d130-bs40-f1.000-r00:001628.945: (16 sec)
exp022-n2048-k16-d130-bs40-f1.000-r00:001628.945: Loop 52/100
exp022-n2048-k16-d130-bs40-f1.000-r00:001644.346: log(exp-norms): [2047.94, 2049.67, 2049.59]
exp022-n2048-k16-d130-bs40-f1.000-r00:001644.346: log(norms):     [2047.94, 2050.42, 2050.46, 2050.53, 2050.63, 2050.69, 2050.55, 2050.59, 2050.67, 2050.67]
exp022-n2048-k16-d130-bs40-f1.000-r00:001644.360: (16 sec)
exp022-n2048-k16-d130-bs40-f1.000-r00:001644.361: Loop 53/100
exp022-n2048-k16-d130-bs40-f1.000-r00:001664.136: log(exp-norms): [2047.94, 2049.67, 2049.59]
exp022-n2048-k16-d130-bs40-f1.000-r00:001664.137: log(norms):     [2047.94, 2050.42, 2050.46, 2050.53, 2050.63, 2050.69, 2050.55, 2050.59, 2050.67, 2050.67]
exp022-n2048-k16-d130-bs40-f1.000-r00:001664.151: (20 sec)
exp022-n2048-k16-d130-bs40-f1.000-r00:001664.151: Loop 54/100
exp022-n2048-k16-d130-bs40-f1.000-r00:001682.539: log(exp-norms): [2047.94, 2049.67, 2049.59]
exp022-n2048-k16-d130-bs40-f1.000-r00:001682.540: log(norms):     [2047.94, 2050.42, 2050.46, 2050.53, 2050.63, 2050.69, 2050.55, 2050.59, 2050.67, 2050.67]
exp022-n2048-k16-d130-bs40-f1.000-r00:001682.562: (19 sec)
exp022-n2048-k16-d130-bs40-f1.000-r00:001682.562: Loop 55/100
exp022-n2048-k16-d130-bs40-f1.000-r00:001706.296: log(exp-norms): [2047.94, 2049.67, 2049.59]
exp022-n2048-k16-d130-bs40-f1.000-r00:001706.296: log(norms):     [2047.94, 2050.42, 2050.46, 2050.53, 2050.63, 2050.69, 2050.55, 2050.59, 2050.67, 2050.67]
exp022-n2048-k16-d130-bs40-f1.000-r00:001706.318: (24 sec)
exp022-n2048-k16-d130-bs40-f1.000-r00:001706.319: Loop 56/100
exp022-n2048-k16-d130-bs40-f1.000-r00:001721.179: log(exp-norms): [2047.94, 2049.67, 2049.59]
exp022-n2048-k16-d130-bs40-f1.000-r00:001721.180: log(norms):     [2047.94, 2050.42, 2050.46, 2050.53, 2050.63, 2050.69, 2050.55, 2050.59, 2050.67, 2050.67]
exp022-n2048-k16-d130-bs40-f1.000-r00:001721.194: (15 sec)
exp022-n2048-k16-d130-bs40-f1.000-r00:001721.194: Loop 57/100
exp022-n2048-k16-d130-bs40-f1.000-r00:001740.901: log(exp-norms): [2047.94, 2049.67, 2049.59]
exp022-n2048-k16-d130-bs40-f1.000-r00:001740.902: log(norms):     [2047.94, 2050.42, 2050.46, 2050.53, 2050.63, 2050.69, 2050.55, 2050.59, 2050.67, 2050.67]
exp022-n2048-k16-d130-bs40-f1.000-r00:001740.925: (20 sec)
exp022-n2048-k16-d130-bs40-f1.000-r00:001740.925: Loop 58/100
exp022-n2048-k16-d130-bs40-f1.000-r00:001763.185: log(exp-norms): [2047.94, 2049.67, 2049.59]
exp022-n2048-k16-d130-bs40-f1.000-r00:001763.185: log(norms):     [2047.94, 2050.42, 2050.46, 2050.53, 2050.63, 2050.69, 2050.55, 2050.59, 2050.67, 2050.67]
exp022-n2048-k16-d130-bs40-f1.000-r00:001763.208: (23 sec)
exp022-n2048-k16-d130-bs40-f1.000-r00:001763.208: Loop 59/100
exp022-n2048-k16-d130-bs40-f1.000-r00:001785.783: log(exp-norms): [2047.94, 2049.67, 2049.59]
exp022-n2048-k16-d130-bs40-f1.000-r00:001785.784: log(norms):     [2047.94, 2050.42, 2050.46, 2050.53, 2050.63, 2050.69, 2050.55, 2050.59, 2050.5, 2050.6]
exp022-n2048-k16-d130-bs40-f1.000-r00:001785.797: (23 sec)
exp022-n2048-k16-d130-bs40-f1.000-r00:001785.798: Loop 60/100
exp022-n2048-k16-d130-bs40-f1.000-r00:001800.586: log(exp-norms): [2047.94, 2049.67, 2049.59]
exp022-n2048-k16-d130-bs40-f1.000-r00:001800.586: log(norms):     [2047.94, 2050.42, 2050.46, 2050.53, 2050.63, 2050.69, 2050.5, 2050.6, 2050.55, 2050.59]
exp022-n2048-k16-d130-bs40-f1.000-r00:001800.600: (15 sec)
exp022-n2048-k16-d130-bs40-f1.000-r00:001800.601: Loop 61/100
exp022-n2048-k16-d130-bs40-f1.000-r00:001820.158: log(exp-norms): [2047.94, 2049.67, 2049.59]
exp022-n2048-k16-d130-bs40-f1.000-r00:001820.158: log(norms):     [2047.94, 2050.42, 2050.46, 2050.53, 2050.63, 2050.69, 2050.5, 2050.6, 2050.55, 2050.59]
exp022-n2048-k16-d130-bs40-f1.000-r00:001820.180: (20 sec)
exp022-n2048-k16-d130-bs40-f1.000-r00:001820.181: Loop 62/100
exp022-n2048-k16-d130-bs40-f1.000-r00:001842.606: log(exp-norms): [2047.94, 2049.67, 2049.59]
exp022-n2048-k16-d130-bs40-f1.000-r00:001842.606: log(norms):     [2047.94, 2050.42, 2050.46, 2050.53, 2050.63, 2050.69, 2050.5, 2050.6, 2050.55, 2050.59]
exp022-n2048-k16-d130-bs40-f1.000-r00:001842.632: (23 sec)
exp022-n2048-k16-d130-bs40-f1.000-r00:001842.632: Loop 63/100
exp022-n2048-k16-d130-bs40-f1.000-r00:001865.879: log(exp-norms): [2047.94, 2049.67, 2049.59]
exp022-n2048-k16-d130-bs40-f1.000-r00:001865.879: log(norms):     [2047.94, 2050.42, 2050.46, 2050.53, 2050.63, 2050.69, 2050.5, 2050.6, 2050.55, 2050.59]
exp022-n2048-k16-d130-bs40-f1.000-r00:001865.902: (24 sec)
exp022-n2048-k16-d130-bs40-f1.000-r00:001865.902: Loop 64/100
exp022-n2048-k16-d130-bs40-f1.000-r00:001889.436: log(exp-norms): [2047.94, 2049.67, 2049.59]
exp022-n2048-k16-d130-bs40-f1.000-r00:001889.436: log(norms):     [2047.94, 2050.42, 2050.46, 2050.53, 2050.63, 2050.69, 2050.5, 2050.6, 2050.55, 2050.59]
exp022-n2048-k16-d130-bs40-f1.000-r00:001889.458: (24 sec)
exp022-n2048-k16-d130-bs40-f1.000-r00:001889.459: Loop 65/100
exp022-n2048-k16-d130-bs40-f1.000-r00:001906.789: log(exp-norms): [2047.94, 2049.67, 2049.59]
exp022-n2048-k16-d130-bs40-f1.000-r00:001906.789: log(norms):     [2047.94, 2050.42, 2050.51, 2050.5, 2050.53, 2050.51, 2050.6, 2050.53, 2050.59, 2050.66]
exp022-n2048-k16-d130-bs40-f1.000-r00:001906.812: (18 sec)
exp022-n2048-k16-d130-bs40-f1.000-r00:001906.812: Loop 66/100
exp022-n2048-k16-d130-bs40-f1.000-r00:001930.484: log(exp-norms): [2047.94, 2049.67, 2049.59]
exp022-n2048-k16-d130-bs40-f1.000-r00:001930.485: log(norms):     [2047.94, 2050.42, 2050.51, 2050.5, 2050.53, 2050.51, 2050.6, 2050.53, 2050.59, 2050.66]
exp022-n2048-k16-d130-bs40-f1.000-r00:001930.500: (24 sec)
exp022-n2048-k16-d130-bs40-f1.000-r00:001930.500: Loop 67/100
exp022-n2048-k16-d130-bs40-f1.000-r00:001956.738: log(exp-norms): [2047.94, 2049.67, 2049.59]
exp022-n2048-k16-d130-bs40-f1.000-r00:001956.738: log(norms):     [2047.94, 2050.42, 2050.51, 2050.58, 2050.5, 2050.53, 2050.51, 2050.6, 2050.53, 2050.59]
exp022-n2048-k16-d130-bs40-f1.000-r00:001956.760: (27 sec)
exp022-n2048-k16-d130-bs40-f1.000-r00:001956.760: Loop 68/100
exp022-n2048-k16-d130-bs40-f1.000-r00:001981.678: log(exp-norms): [2047.94, 2049.67, 2049.59]
exp022-n2048-k16-d130-bs40-f1.000-r00:001981.678: log(norms):     [2047.94, 2050.42, 2050.51, 2050.58, 2050.6, 2050.5, 2050.53, 2050.51, 2050.66, 2050.49]
exp022-n2048-k16-d130-bs40-f1.000-r00:001981.700: (25 sec)
exp022-n2048-k16-d130-bs40-f1.000-r00:001981.701: Loop 69/100
exp022-n2048-k16-d130-bs40-f1.000-r00:002006.832: log(exp-norms): [2047.94, 2049.67, 2049.59]
exp022-n2048-k16-d130-bs40-f1.000-r00:002006.832: log(norms):     [2047.94, 2050.42, 2050.51, 2050.58, 2050.6, 2050.5, 2050.53, 2050.51, 2050.66, 2050.49]
exp022-n2048-k16-d130-bs40-f1.000-r00:002006.847: (26 sec)
exp022-n2048-k16-d130-bs40-f1.000-r00:002006.847: Loop 70/100
exp022-n2048-k16-d130-bs40-f1.000-r00:002021.724: log(exp-norms): [2047.94, 2049.67, 2049.59]
exp022-n2048-k16-d130-bs40-f1.000-r00:002021.725: log(norms):     [2047.94, 2050.42, 2050.51, 2050.58, 2050.6, 2050.5, 2050.53, 2050.51, 2050.66, 2050.49]
exp022-n2048-k16-d130-bs40-f1.000-r00:002021.739: (15 sec)
exp022-n2048-k16-d130-bs40-f1.000-r00:002021.739: Loop 71/100
exp022-n2048-k16-d130-bs40-f1.000-r00:002035.850: log(exp-norms): [2047.94, 2049.67, 2049.59]
exp022-n2048-k16-d130-bs40-f1.000-r00:002035.850: log(norms):     [2047.94, 2050.42, 2050.51, 2050.58, 2050.6, 2050.5, 2050.53, 2050.51, 2050.66, 2050.49]
exp022-n2048-k16-d130-bs40-f1.000-r00:002035.865: (15 sec)
exp022-n2048-k16-d130-bs40-f1.000-r00:002035.865: Loop 72/100
exp022-n2048-k16-d130-bs40-f1.000-r00:002049.709: log(exp-norms): [2047.94, 2049.67, 2049.59]
exp022-n2048-k16-d130-bs40-f1.000-r00:002049.709: log(norms):     [2047.94, 2050.42, 2050.51, 2050.58, 2050.6, 2050.5, 2050.53, 2050.51, 2050.66, 2050.49]
exp022-n2048-k16-d130-bs40-f1.000-r00:002049.723: (14 sec)
exp022-n2048-k16-d130-bs40-f1.000-r00:002049.723: Loop 73/100
exp022-n2048-k16-d130-bs40-f1.000-r00:002064.563: log(exp-norms): [2047.94, 2049.67, 2049.59]
exp022-n2048-k16-d130-bs40-f1.000-r00:002064.564: log(norms):     [2047.94, 2050.42, 2050.51, 2050.58, 2050.6, 2050.5, 2050.53, 2050.51, 2050.66, 2050.49]
exp022-n2048-k16-d130-bs40-f1.000-r00:002064.578: (15 sec)
exp022-n2048-k16-d130-bs40-f1.000-r00:002064.578: Loop 74/100
exp022-n2048-k16-d130-bs40-f1.000-r00:002078.433: log(exp-norms): [2047.94, 2049.67, 2049.59]
exp022-n2048-k16-d130-bs40-f1.000-r00:002078.433: log(norms):     [2047.94, 2050.42, 2050.51, 2050.58, 2050.6, 2050.52, 2050.76, 2050.5, 2050.6, 2050.51]
exp022-n2048-k16-d130-bs40-f1.000-r00:002078.448: (14 sec)
exp022-n2048-k16-d130-bs40-f1.000-r00:002078.448: Loop 75/100
exp022-n2048-k16-d130-bs40-f1.000-r00:002092.726: log(exp-norms): [2047.94, 2049.67, 2049.59]
exp022-n2048-k16-d130-bs40-f1.000-r00:002092.726: log(norms):     [2047.94, 2050.42, 2050.51, 2050.58, 2050.6, 2050.52, 2050.76, 2050.66, 2050.5, 2050.86]
exp022-n2048-k16-d130-bs40-f1.000-r00:002092.740: (15 sec)
exp022-n2048-k16-d130-bs40-f1.000-r00:002092.740: Loop 76/100
exp022-n2048-k16-d130-bs40-f1.000-r00:002117.314: log(exp-norms): [2047.94, 2049.67, 2049.59]
exp022-n2048-k16-d130-bs40-f1.000-r00:002117.314: log(norms):     [2047.94, 2050.42, 2050.51, 2050.58, 2050.6, 2050.52, 2050.76, 2050.66, 2050.5, 2050.86]
exp022-n2048-k16-d130-bs40-f1.000-r00:002117.337: (25 sec)
exp022-n2048-k16-d130-bs40-f1.000-r00:002117.337: Loop 77/100
exp022-n2048-k16-d130-bs40-f1.000-r00:002140.233: log(exp-norms): [2047.94, 2049.67, 2049.59]
exp022-n2048-k16-d130-bs40-f1.000-r00:002140.234: log(norms):     [2047.94, 2050.42, 2050.51, 2050.58, 2050.6, 2050.52, 2050.76, 2050.66, 2050.5, 2050.86]
exp022-n2048-k16-d130-bs40-f1.000-r00:002140.248: (23 sec)
exp022-n2048-k16-d130-bs40-f1.000-r00:002140.248: Loop 78/100
exp022-n2048-k16-d130-bs40-f1.000-r00:002154.669: log(exp-norms): [2047.94, 2049.67, 2049.59]
exp022-n2048-k16-d130-bs40-f1.000-r00:002154.669: log(norms):     [2047.94, 2050.42, 2050.51, 2050.58, 2050.5, 2050.6, 2050.52, 2050.7, 2050.62, 2050.52]
exp022-n2048-k16-d130-bs40-f1.000-r00:002154.683: (15 sec)
exp022-n2048-k16-d130-bs40-f1.000-r00:002154.683: Loop 79/100
exp022-n2048-k16-d130-bs40-f1.000-r00:002169.171: log(exp-norms): [2047.94, 2049.67, 2049.59]
exp022-n2048-k16-d130-bs40-f1.000-r00:002169.171: log(norms):     [2047.94, 2050.42, 2050.51, 2050.58, 2050.5, 2050.6, 2050.52, 2050.7, 2050.62, 2050.52]
exp022-n2048-k16-d130-bs40-f1.000-r00:002169.185: (15 sec)
exp022-n2048-k16-d130-bs40-f1.000-r00:002169.185: Loop 80/100
exp022-n2048-k16-d130-bs40-f1.000-r00:002184.240: log(exp-norms): [2047.94, 2049.67, 2049.59]
exp022-n2048-k16-d130-bs40-f1.000-r00:002184.241: log(norms):     [2047.94, 2050.42, 2050.51, 2050.58, 2050.5, 2050.6, 2050.52, 2050.7, 2050.62, 2050.52]
exp022-n2048-k16-d130-bs40-f1.000-r00:002184.255: (16 sec)
exp022-n2048-k16-d130-bs40-f1.000-r00:002184.255: Loop 81/100
exp022-n2048-k16-d130-bs40-f1.000-r00:002200.092: log(exp-norms): [2047.94, 2049.67, 2049.59]
exp022-n2048-k16-d130-bs40-f1.000-r00:002200.092: log(norms):     [2047.94, 2050.42, 2050.51, 2050.58, 2050.5, 2050.6, 2050.52, 2050.61, 2050.7, 2050.52]
exp022-n2048-k16-d130-bs40-f1.000-r00:002200.106: (16 sec)
exp022-n2048-k16-d130-bs40-f1.000-r00:002200.106: Loop 82/100
exp022-n2048-k16-d130-bs40-f1.000-r00:002213.468: log(exp-norms): [2047.94, 2049.67, 2049.59]
exp022-n2048-k16-d130-bs40-f1.000-r00:002213.468: log(norms):     [2047.94, 2050.42, 2050.51, 2050.58, 2050.5, 2050.6, 2050.52, 2050.61, 2050.7, 2050.52]
exp022-n2048-k16-d130-bs40-f1.000-r00:002213.483: (14 sec)
exp022-n2048-k16-d130-bs40-f1.000-r00:002213.483: Loop 83/100
exp022-n2048-k16-d130-bs40-f1.000-r00:002227.139: log(exp-norms): [2047.94, 2049.67, 2049.59]
exp022-n2048-k16-d130-bs40-f1.000-r00:002227.140: log(norms):     [2047.94, 2050.42, 2050.51, 2050.58, 2050.5, 2050.6, 2050.52, 2050.61, 2050.7, 2050.52]
exp022-n2048-k16-d130-bs40-f1.000-r00:002227.154: (14 sec)
exp022-n2048-k16-d130-bs40-f1.000-r00:002227.154: Loop 84/100
exp022-n2048-k16-d130-bs40-f1.000-r00:002241.703: log(exp-norms): [2047.94, 2049.67, 2049.59]
exp022-n2048-k16-d130-bs40-f1.000-r00:002241.703: log(norms):     [2047.94, 2050.42, 2050.51, 2050.58, 2050.5, 2050.6, 2050.52, 2050.61, 2050.7, 2050.52]
exp022-n2048-k16-d130-bs40-f1.000-r00:002241.717: (15 sec)
exp022-n2048-k16-d130-bs40-f1.000-r00:002241.717: Loop 85/100
exp022-n2048-k16-d130-bs40-f1.000-r00:002255.112: log(exp-norms): [2047.94, 2049.67, 2049.59]
exp022-n2048-k16-d130-bs40-f1.000-r00:002255.112: log(norms):     [2047.94, 2050.42, 2050.51, 2050.58, 2050.5, 2050.6, 2050.62, 2050.47, 2050.52, 2050.61]
exp022-n2048-k16-d130-bs40-f1.000-r00:002255.126: (14 sec)
exp022-n2048-k16-d130-bs40-f1.000-r00:002255.127: Loop 86/100
exp022-n2048-k16-d130-bs40-f1.000-r00:002270.448: log(exp-norms): [2047.94, 2049.67, 2049.59]
exp022-n2048-k16-d130-bs40-f1.000-r00:002270.448: log(norms):     [2047.94, 2050.42, 2050.51, 2050.58, 2050.5, 2050.6, 2050.62, 2050.47, 2050.52, 2050.61]
exp022-n2048-k16-d130-bs40-f1.000-r00:002270.462: (16 sec)
exp022-n2048-k16-d130-bs40-f1.000-r00:002270.462: Loop 87/100
exp022-n2048-k16-d130-bs40-f1.000-r00:002285.179: log(exp-norms): [2047.94, 2049.67, 2049.59]
exp022-n2048-k16-d130-bs40-f1.000-r00:002285.179: log(norms):     [2047.94, 2050.42, 2050.51, 2050.58, 2050.5, 2050.6, 2050.62, 2050.47, 2050.52, 2050.61]
exp022-n2048-k16-d130-bs40-f1.000-r00:002285.193: (15 sec)
exp022-n2048-k16-d130-bs40-f1.000-r00:002285.193: Loop 88/100
exp022-n2048-k16-d130-bs40-f1.000-r00:002298.597: log(exp-norms): [2047.94, 2049.67, 2049.59]
exp022-n2048-k16-d130-bs40-f1.000-r00:002298.597: log(norms):     [2047.94, 2050.42, 2050.51, 2050.58, 2050.5, 2050.6, 2050.62, 2050.47, 2050.52, 2050.61]
exp022-n2048-k16-d130-bs40-f1.000-r00:002298.611: (14 sec)
exp022-n2048-k16-d130-bs40-f1.000-r00:002298.611: Loop 89/100
exp022-n2048-k16-d130-bs40-f1.000-r00:002313.465: log(exp-norms): [2047.94, 2049.67, 2049.59]
exp022-n2048-k16-d130-bs40-f1.000-r00:002313.466: log(norms):     [2047.94, 2050.42, 2050.51, 2050.58, 2050.5, 2050.6, 2050.62, 2050.47, 2050.52, 2050.61]
exp022-n2048-k16-d130-bs40-f1.000-r00:002313.480: (15 sec)
exp022-n2048-k16-d130-bs40-f1.000-r00:002313.480: Loop 90/100
exp022-n2048-k16-d130-bs40-f1.000-r00:002328.334: log(exp-norms): [2047.94, 2049.67, 2049.59]
exp022-n2048-k16-d130-bs40-f1.000-r00:002328.335: log(norms):     [2047.94, 2050.42, 2050.51, 2050.58, 2050.5, 2050.6, 2050.62, 2050.47, 2050.52, 2050.61]
exp022-n2048-k16-d130-bs40-f1.000-r00:002328.349: (15 sec)
exp022-n2048-k16-d130-bs40-f1.000-r00:002328.349: Loop 91/100
exp022-n2048-k16-d130-bs40-f1.000-r00:002351.562: log(exp-norms): [2047.94, 2049.67, 2049.59]
exp022-n2048-k16-d130-bs40-f1.000-r00:002351.562: log(norms):     [2047.94, 2050.42, 2050.51, 2050.58, 2050.5, 2050.6, 2050.62, 2050.47, 2050.52, 2050.61]
exp022-n2048-k16-d130-bs40-f1.000-r00:002351.585: (24 sec)
exp022-n2048-k16-d130-bs40-f1.000-r00:002351.585: Loop 92/100
exp022-n2048-k16-d130-bs40-f1.000-r00:002378.405: log(exp-norms): [2047.94, 2049.67, 2049.59]
exp022-n2048-k16-d130-bs40-f1.000-r00:002378.406: log(norms):     [2047.94, 2050.42, 2050.51, 2050.58, 2050.5, 2050.6, 2050.62, 2050.47, 2050.52, 2050.61]
exp022-n2048-k16-d130-bs40-f1.000-r00:002378.428: (27 sec)
exp022-n2048-k16-d130-bs40-f1.000-r00:002378.429: Loop 93/100
exp022-n2048-k16-d130-bs40-f1.000-r00:002403.254: log(exp-norms): [2047.94, 2049.67, 2049.59]
exp022-n2048-k16-d130-bs40-f1.000-r00:002403.254: log(norms):     [2047.94, 2050.42, 2050.51, 2050.58, 2050.5, 2050.6, 2050.62, 2050.47, 2050.52, 2050.61]
exp022-n2048-k16-d130-bs40-f1.000-r00:002403.277: (25 sec)
exp022-n2048-k16-d130-bs40-f1.000-r00:002403.277: Loop 94/100
exp022-n2048-k16-d130-bs40-f1.000-r00:002429.030: log(exp-norms): [2047.94, 2049.67, 2049.59]
exp022-n2048-k16-d130-bs40-f1.000-r00:002429.030: log(norms):     [2047.94, 2050.42, 2050.51, 2050.58, 2050.5, 2050.6, 2050.62, 2050.47, 2050.52, 2050.61]
exp022-n2048-k16-d130-bs40-f1.000-r00:002429.054: (26 sec)
exp022-n2048-k16-d130-bs40-f1.000-r00:002429.054: Loop 95/100
exp022-n2048-k16-d130-bs40-f1.000-r00:002455.078: log(exp-norms): [2047.94, 2049.67, 2049.59]
exp022-n2048-k16-d130-bs40-f1.000-r00:002455.078: log(norms):     [2047.94, 2050.42, 2050.51, 2050.58, 2050.5, 2050.6, 2050.62, 2050.47, 2050.56, 2050.49]
exp022-n2048-k16-d130-bs40-f1.000-r00:002455.100: (27 sec)
exp022-n2048-k16-d130-bs40-f1.000-r00:002455.100: Loop 96/100
exp022-n2048-k16-d130-bs40-f1.000-r00:002479.124: log(exp-norms): [2047.94, 2049.67, 2049.59]
exp022-n2048-k16-d130-bs40-f1.000-r00:002479.124: log(norms):     [2047.94, 2050.42, 2050.51, 2050.58, 2050.5, 2050.6, 2050.62, 2050.63, 2050.47, 2050.56]
exp022-n2048-k16-d130-bs40-f1.000-r00:002479.148: (25 sec)
exp022-n2048-k16-d130-bs40-f1.000-r00:002479.148: Loop 97/100
exp022-n2048-k16-d130-bs40-f1.000-r00:002503.197: log(exp-norms): [2047.94, 2049.67, 2049.59]
exp022-n2048-k16-d130-bs40-f1.000-r00:002503.197: log(norms):     [2047.94, 2050.42, 2050.51, 2050.58, 2050.5, 2050.6, 2050.62, 2050.63, 2050.47, 2050.56]
exp022-n2048-k16-d130-bs40-f1.000-r00:002503.220: (25 sec)
exp022-n2048-k16-d130-bs40-f1.000-r00:002503.221: Loop 98/100
exp022-n2048-k16-d130-bs40-f1.000-r00:002529.617: log(exp-norms): [2047.94, 2049.67, 2049.59]
exp022-n2048-k16-d130-bs40-f1.000-r00:002529.618: log(norms):     [2047.94, 2050.42, 2050.51, 2050.58, 2050.5, 2050.45, 2050.49, 2050.52, 2050.65, 2050.47]
exp022-n2048-k16-d130-bs40-f1.000-r00:002529.638: (27 sec)
exp022-n2048-k16-d130-bs40-f1.000-r00:002529.639: Loop 99/100
exp022-n2048-k16-d130-bs40-f1.000-r00:002554.385: log(exp-norms): [2047.94, 2049.67, 2049.59]
exp022-n2048-k16-d130-bs40-f1.000-r00:002554.386: log(norms):     [2047.94, 2050.42, 2050.51, 2050.58, 2050.5, 2050.45, 2050.49, 2050.52, 2050.65, 2050.47]
exp022-n2048-k16-d130-bs40-f1.000-r00:002554.408: (25 sec)
exp022-n2048-k16-d130-bs40-f1.000-r00:002554.408: Loop 100/100
exp022-n2048-k16-d130-bs40-f1.000-r00:002578.879: log(exp-norms): [2047.94, 2049.67, 2049.59]
exp022-n2048-k16-d130-bs40-f1.000-r00:002578.879: log(norms):     [2047.94, 2050.42, 2050.51, 2050.58, 2050.5, 2050.45, 2050.49, 2050.66, 2050.52, 2050.68]
exp022-n2048-k16-d130-bs40-f1.000-r00:002578.902: (25 sec)
exp022-n2048-k16-d130-bs40-f1.000-r00:002578.902: ==========================Summary===========================
exp022-n2048-k16-d130-bs40-f1.000-r00:002578.902: Total time: 2579sec
exp022-n2048-k16-d130-bs40-f1.000-r00:002578.902: FAIL
exp022-n2048-k16-d130-bs40-f1.000-r00:002578.903: SUMMARY:n:2048:k:16:d:130:bs:40:t:2579:r:False
