exp009-n2048-k12-d190-bs50-f1.000-r00:000000.209: ==========================Instance==========================
exp009-n2048-k12-d190-bs50-f1.000-r00:000000.209: # of equations: 190
exp009-n2048-k12-d190-bs50-f1.000-r00:000000.212: Gap: 1.85
exp009-n2048-k12-d190-bs50-f1.000-r00:000000.219: Tau: 1.02
exp009-n2048-k12-d190-bs50-f1.000-r00:000000.220: ======================BKZ-50 reduction======================
exp009-n2048-k12-d190-bs50-f1.000-r00:000005.229: Expectedly achievable log(norm): 2052.41
exp009-n2048-k12-d190-bs50-f1.000-r00:000010.292: log(exp-norms): [2047.94, 2049.94, 2050.83]
exp009-n2048-k12-d190-bs50-f1.000-r00:000010.292: log(norms):     [2062.89, 2050.73, 2059.89, 2059.89, 2059.89, 2059.89, 2059.89, 2059.89, 2059.89, 2059.89]
exp009-n2048-k12-d190-bs50-f1.000-r00:000010.387: Loop 1/100
exp009-n2048-k12-d190-bs50-f1.000-r00:001823.139: log(exp-norms): [2047.94, 2049.94, 2050.83]
exp009-n2048-k12-d190-bs50-f1.000-r00:001823.139: log(norms):     [2050.73, 2054.21, 2054.25, 2054.15, 2054.19, 2054.24, 2054.3, 2054.36, 2054.44, 2054.24]
exp009-n2048-k12-d190-bs50-f1.000-r00:001823.160: (1813 sec)
exp009-n2048-k12-d190-bs50-f1.000-r00:001823.160: Loop 2/100
exp009-n2048-k12-d190-bs50-f1.000-r00:002467.176: log(exp-norms): [2047.94, 2049.94, 2050.83]
exp009-n2048-k12-d190-bs50-f1.000-r00:002467.176: log(norms):     [2050.73, 2053.64, 2053.8, 2053.86, 2053.78, 2054.02, 2053.89, 2053.89, 2054.14, 2054.17]
exp009-n2048-k12-d190-bs50-f1.000-r00:002467.209: (645 sec)
exp009-n2048-k12-d190-bs50-f1.000-r00:002467.209: Loop 3/100
exp009-n2048-k12-d190-bs50-f1.000-r00:002958.875: log(exp-norms): [2047.94, 2049.94, 2050.83]
exp009-n2048-k12-d190-bs50-f1.000-r00:002958.876: log(norms):     [2050.73, 2053.38, 2053.53, 2053.64, 2053.6, 2053.48, 2053.48, 2053.76, 2053.66, 2053.67]
exp009-n2048-k12-d190-bs50-f1.000-r00:002958.896: (492 sec)
exp009-n2048-k12-d190-bs50-f1.000-r00:002958.896: Loop 4/100
exp009-n2048-k12-d190-bs50-f1.000-r00:003430.056: log(exp-norms): [2047.94, 2049.94, 2050.83]
exp009-n2048-k12-d190-bs50-f1.000-r00:003430.057: log(norms):     [2050.73, 2053.19, 2053.26, 2053.27, 2053.29, 2053.36, 2053.34, 2053.45, 2053.3, 2053.51]
exp009-n2048-k12-d190-bs50-f1.000-r00:003430.077: (472 sec)
exp009-n2048-k12-d190-bs50-f1.000-r00:003430.077: Loop 5/100
exp009-n2048-k12-d190-bs50-f1.000-r00:003895.084: log(exp-norms): [2047.94, 2049.94, 2050.83]
exp009-n2048-k12-d190-bs50-f1.000-r00:003895.084: log(norms):     [2050.73, 2053.0, 2053.06, 2053.26, 2053.08, 2053.23, 2053.22, 2053.27, 2053.15, 2053.18]
exp009-n2048-k12-d190-bs50-f1.000-r00:003895.116: (466 sec)
exp009-n2048-k12-d190-bs50-f1.000-r00:003895.117: Loop 6/100
exp009-n2048-k12-d190-bs50-f1.000-r00:004491.746: log(exp-norms): [2047.94, 2049.94, 2050.83]
exp009-n2048-k12-d190-bs50-f1.000-r00:004491.747: log(norms):     [2047.94, 2050.73, 2052.9, 2052.95, 2052.93, 2052.93, 2052.99, 2052.88, 2052.89, 2053.09]
exp009-n2048-k12-d190-bs50-f1.000-r00:004491.779: (597 sec)
exp009-n2048-k12-d190-bs50-f1.000-r00:004491.780: Loop 7/100
exp009-n2048-k12-d190-bs50-f1.000-r00:004982.790: log(exp-norms): [2047.94, 2049.94, 2050.83]
exp009-n2048-k12-d190-bs50-f1.000-r00:004982.790: log(norms):     [2047.94, 2050.73, 2052.77, 2052.88, 2052.89, 2052.96, 2053.03, 2052.88, 2052.96, 2052.82]
exp009-n2048-k12-d190-bs50-f1.000-r00:004982.811: (492 sec)
exp009-n2048-k12-d190-bs50-f1.000-r00:004982.811: Loop 8/100
exp009-n2048-k12-d190-bs50-f1.000-r00:005459.079: log(exp-norms): [2047.94, 2049.94, 2050.83]
exp009-n2048-k12-d190-bs50-f1.000-r00:005459.079: log(norms):     [2047.94, 2050.73, 2052.62, 2052.66, 2052.73, 2052.77, 2052.83, 2052.84, 2052.93, 2052.82]
exp009-n2048-k12-d190-bs50-f1.000-r00:005459.100: (477 sec)
exp009-n2048-k12-d190-bs50-f1.000-r00:005459.101: Loop 9/100
exp009-n2048-k12-d190-bs50-f1.000-r00:005855.393: log(exp-norms): [2047.94, 2049.94, 2050.83]
exp009-n2048-k12-d190-bs50-f1.000-r00:005855.393: log(norms):     [2047.94, 2050.73, 2052.62, 2052.7, 2052.72, 2052.66, 2052.79, 2052.75, 2052.68, 2052.88]
exp009-n2048-k12-d190-bs50-f1.000-r00:005855.413: (397 sec)
exp009-n2048-k12-d190-bs50-f1.000-r00:005855.413: Loop 10/100
exp009-n2048-k12-d190-bs50-f1.000-r00:006238.770: log(exp-norms): [2047.94, 2049.94, 2050.83]
exp009-n2048-k12-d190-bs50-f1.000-r00:006238.770: log(norms):     [2047.94, 2050.73, 2052.59, 2052.63, 2052.65, 2052.62, 2052.76, 2052.73, 2052.7, 2052.75]
exp009-n2048-k12-d190-bs50-f1.000-r00:006238.790: (384 sec)
exp009-n2048-k12-d190-bs50-f1.000-r00:006238.790: Loop 11/100
exp009-n2048-k12-d190-bs50-f1.000-r00:006600.217: log(exp-norms): [2047.94, 2049.94, 2050.83]
exp009-n2048-k12-d190-bs50-f1.000-r00:006600.217: log(norms):     [2047.94, 2050.73, 2052.47, 2052.51, 2052.64, 2052.61, 2052.59, 2052.71, 2052.74, 2052.73]
exp009-n2048-k12-d190-bs50-f1.000-r00:006600.237: (362 sec)
exp009-n2048-k12-d190-bs50-f1.000-r00:006600.237: Loop 12/100
exp009-n2048-k12-d190-bs50-f1.000-r00:006945.241: log(exp-norms): [2047.94, 2049.94, 2050.83]
exp009-n2048-k12-d190-bs50-f1.000-r00:006945.242: log(norms):     [2047.94, 2050.73, 2052.47, 2052.51, 2052.49, 2052.49, 2052.67, 2052.64, 2052.74, 2052.66]
exp009-n2048-k12-d190-bs50-f1.000-r00:006945.262: (346 sec)
exp009-n2048-k12-d190-bs50-f1.000-r00:006945.262: Loop 13/100
exp009-n2048-k12-d190-bs50-f1.000-r00:007279.316: log(exp-norms): [2047.94, 2049.94, 2050.83]
exp009-n2048-k12-d190-bs50-f1.000-r00:007279.316: log(norms):     [2047.94, 2050.73, 2052.45, 2052.51, 2052.47, 2052.52, 2052.65, 2052.49, 2052.55, 2052.65]
exp009-n2048-k12-d190-bs50-f1.000-r00:007279.336: (335 sec)
exp009-n2048-k12-d190-bs50-f1.000-r00:007279.336: Loop 14/100
exp009-n2048-k12-d190-bs50-f1.000-r00:007610.433: log(exp-norms): [2047.94, 2049.94, 2050.83]
exp009-n2048-k12-d190-bs50-f1.000-r00:007610.434: log(norms):     [2047.94, 2050.73, 2052.45, 2052.51, 2052.47, 2052.52, 2052.65, 2052.57, 2052.71, 2052.78]
exp009-n2048-k12-d190-bs50-f1.000-r00:007610.454: (332 sec)
exp009-n2048-k12-d190-bs50-f1.000-r00:007610.454: Loop 15/100
exp009-n2048-k12-d190-bs50-f1.000-r00:007945.695: log(exp-norms): [2047.94, 2049.94, 2050.83]
exp009-n2048-k12-d190-bs50-f1.000-r00:007945.696: log(norms):     [2047.94, 2050.73, 2052.45, 2052.51, 2052.47, 2052.52, 2052.65, 2052.6, 2052.57, 2052.67]
exp009-n2048-k12-d190-bs50-f1.000-r00:007945.716: (336 sec)
exp009-n2048-k12-d190-bs50-f1.000-r00:007945.717: Loop 16/100
exp009-n2048-k12-d190-bs50-f1.000-r00:008297.332: log(exp-norms): [2047.94, 2049.94, 2050.83]
exp009-n2048-k12-d190-bs50-f1.000-r00:008297.332: log(norms):     [2047.94, 2050.73, 2052.45, 2052.45, 2052.6, 2052.73, 2052.51, 2052.54, 2052.47, 2052.8]
exp009-n2048-k12-d190-bs50-f1.000-r00:008297.352: (352 sec)
exp009-n2048-k12-d190-bs50-f1.000-r00:008297.352: Loop 17/100
exp009-n2048-k12-d190-bs50-f1.000-r00:008630.731: log(exp-norms): [2047.94, 2049.94, 2050.83]
exp009-n2048-k12-d190-bs50-f1.000-r00:008630.731: log(norms):     [2047.94, 2050.73, 2052.45, 2052.45, 2052.55, 2052.59, 2052.6, 2052.53, 2052.73, 2052.72]
exp009-n2048-k12-d190-bs50-f1.000-r00:008630.751: (334 sec)
exp009-n2048-k12-d190-bs50-f1.000-r00:008630.751: Loop 18/100
exp009-n2048-k12-d190-bs50-f1.000-r00:008966.318: log(exp-norms): [2047.94, 2049.94, 2050.83]
exp009-n2048-k12-d190-bs50-f1.000-r00:008966.318: log(norms):     [2047.94, 2050.73, 2052.45, 2052.56, 2052.45, 2052.55, 2052.6, 2052.6, 2052.72, 2052.6]
exp009-n2048-k12-d190-bs50-f1.000-r00:008966.339: (336 sec)
exp009-n2048-k12-d190-bs50-f1.000-r00:008966.339: Loop 19/100
exp009-n2048-k12-d190-bs50-f1.000-r00:009403.882: log(exp-norms): [2047.94, 2049.94, 2050.83]
exp009-n2048-k12-d190-bs50-f1.000-r00:009403.882: log(norms):     [2047.94, 2050.73, 2052.45, 2052.56, 2052.69, 2052.48, 2052.67, 2052.77, 2052.46, 2052.75]
exp009-n2048-k12-d190-bs50-f1.000-r00:009403.902: (438 sec)
exp009-n2048-k12-d190-bs50-f1.000-r00:009403.902: Loop 20/100
exp009-n2048-k12-d190-bs50-f1.000-r00:009755.889: log(exp-norms): [2047.94, 2049.94, 2050.83]
exp009-n2048-k12-d190-bs50-f1.000-r00:009755.889: log(norms):     [2047.94, 2050.73, 2052.46, 2052.51, 2052.53, 2052.48, 2052.45, 2052.56, 2052.51, 2052.75]
exp009-n2048-k12-d190-bs50-f1.000-r00:009755.910: (353 sec)
exp009-n2048-k12-d190-bs50-f1.000-r00:009755.910: Loop 21/100
exp009-n2048-k12-d190-bs50-f1.000-r00:010104.693: log(exp-norms): [2047.94, 2049.94, 2050.83]
exp009-n2048-k12-d190-bs50-f1.000-r00:010104.694: log(norms):     [2047.94, 2050.73, 2052.46, 2052.51, 2052.59, 2052.53, 2052.59, 2052.56, 2052.67, 2052.78]
exp009-n2048-k12-d190-bs50-f1.000-r00:010104.714: (349 sec)
exp009-n2048-k12-d190-bs50-f1.000-r00:010104.714: Loop 22/100
exp009-n2048-k12-d190-bs50-f1.000-r00:010487.832: log(exp-norms): [2047.94, 2049.94, 2050.83]
exp009-n2048-k12-d190-bs50-f1.000-r00:010487.832: log(norms):     [2047.94, 2050.73, 2052.46, 2052.51, 2052.59, 2052.47, 2052.59, 2052.45, 2052.59, 2052.53]
exp009-n2048-k12-d190-bs50-f1.000-r00:010487.852: (384 sec)
exp009-n2048-k12-d190-bs50-f1.000-r00:010487.852: Loop 23/100
exp009-n2048-k12-d190-bs50-f1.000-r00:010841.935: log(exp-norms): [2047.94, 2049.94, 2050.83]
exp009-n2048-k12-d190-bs50-f1.000-r00:010841.935: log(norms):     [2047.94, 2050.73, 2052.42, 2052.46, 2052.51, 2052.59, 2052.61, 2052.49, 2052.59, 2052.56]
exp009-n2048-k12-d190-bs50-f1.000-r00:010841.955: (355 sec)
exp009-n2048-k12-d190-bs50-f1.000-r00:010841.956: Loop 24/100
exp009-n2048-k12-d190-bs50-f1.000-r00:011221.257: log(exp-norms): [2047.94, 2049.94, 2050.83]
exp009-n2048-k12-d190-bs50-f1.000-r00:011221.258: log(norms):     [2047.94, 2050.73, 2052.42, 2052.46, 2052.61, 2052.6, 2052.54, 2052.59, 2052.51, 2052.59]
exp009-n2048-k12-d190-bs50-f1.000-r00:011221.277: (380 sec)
exp009-n2048-k12-d190-bs50-f1.000-r00:011221.277: Loop 25/100
exp009-n2048-k12-d190-bs50-f1.000-r00:011584.097: log(exp-norms): [2047.94, 2049.94, 2050.83]
exp009-n2048-k12-d190-bs50-f1.000-r00:011584.097: log(norms):     [2047.94, 2050.73, 2052.42, 2052.46, 2052.61, 2052.6, 2052.48, 2052.54, 2052.59, 2052.72]
exp009-n2048-k12-d190-bs50-f1.000-r00:011584.118: (363 sec)
exp009-n2048-k12-d190-bs50-f1.000-r00:011584.118: Loop 26/100
exp009-n2048-k12-d190-bs50-f1.000-r00:011903.626: log(exp-norms): [2047.94, 2049.94, 2050.83]
exp009-n2048-k12-d190-bs50-f1.000-r00:011903.627: log(norms):     [2047.94, 2050.73, 2052.42, 2052.46, 2052.61, 2052.6, 2052.48, 2052.5, 2052.51, 2052.59]
exp009-n2048-k12-d190-bs50-f1.000-r00:011903.646: (320 sec)
exp009-n2048-k12-d190-bs50-f1.000-r00:011903.646: Loop 27/100
exp009-n2048-k12-d190-bs50-f1.000-r00:012286.395: log(exp-norms): [2047.94, 2049.94, 2050.83]
exp009-n2048-k12-d190-bs50-f1.000-r00:012286.396: log(norms):     [2047.94, 2050.73, 2052.42, 2052.46, 2052.53, 2052.52, 2052.51, 2052.48, 2052.42, 2052.7]
exp009-n2048-k12-d190-bs50-f1.000-r00:012286.415: (383 sec)
exp009-n2048-k12-d190-bs50-f1.000-r00:012286.415: Loop 28/100
exp009-n2048-k12-d190-bs50-f1.000-r00:012675.177: log(exp-norms): [2047.94, 2049.94, 2050.83]
exp009-n2048-k12-d190-bs50-f1.000-r00:012675.178: log(norms):     [2047.94, 2050.73, 2052.42, 2052.46, 2052.53, 2052.52, 2052.51, 2052.48, 2052.42, 2052.7]
exp009-n2048-k12-d190-bs50-f1.000-r00:012675.198: (389 sec)
exp009-n2048-k12-d190-bs50-f1.000-r00:012675.198: Loop 29/100
exp009-n2048-k12-d190-bs50-f1.000-r00:012998.577: log(exp-norms): [2047.94, 2049.94, 2050.83]
exp009-n2048-k12-d190-bs50-f1.000-r00:012998.578: log(norms):     [2047.94, 2050.73, 2052.42, 2052.46, 2052.53, 2052.52, 2052.51, 2052.48, 2052.49, 2052.5]
exp009-n2048-k12-d190-bs50-f1.000-r00:012998.598: (324 sec)
exp009-n2048-k12-d190-bs50-f1.000-r00:012998.598: Loop 30/100
exp009-n2048-k12-d190-bs50-f1.000-r00:013327.929: log(exp-norms): [2047.94, 2049.94, 2050.83]
exp009-n2048-k12-d190-bs50-f1.000-r00:013327.929: log(norms):     [2047.94, 2050.73, 2052.42, 2052.46, 2052.53, 2052.52, 2052.51, 2052.48, 2052.49, 2052.5]
exp009-n2048-k12-d190-bs50-f1.000-r00:013327.949: (330 sec)
exp009-n2048-k12-d190-bs50-f1.000-r00:013327.949: Loop 31/100
exp009-n2048-k12-d190-bs50-f1.000-r00:013657.107: log(exp-norms): [2047.94, 2049.94, 2050.83]
exp009-n2048-k12-d190-bs50-f1.000-r00:013657.107: log(norms):     [2047.94, 2050.73, 2052.42, 2052.46, 2052.53, 2052.52, 2052.51, 2052.48, 2052.49, 2052.5]
exp009-n2048-k12-d190-bs50-f1.000-r00:013657.126: (330 sec)
exp009-n2048-k12-d190-bs50-f1.000-r00:013657.127: Loop 32/100
exp009-n2048-k12-d190-bs50-f1.000-r00:013979.390: log(exp-norms): [2047.94, 2049.94, 2050.83]
exp009-n2048-k12-d190-bs50-f1.000-r00:013979.390: log(norms):     [2047.94, 2050.73, 2052.42, 2052.46, 2052.53, 2052.52, 2052.51, 2052.48, 2052.49, 2052.5]
exp009-n2048-k12-d190-bs50-f1.000-r00:013979.410: (323 sec)
exp009-n2048-k12-d190-bs50-f1.000-r00:013979.410: Loop 33/100
exp009-n2048-k12-d190-bs50-f1.000-r00:014310.984: log(exp-norms): [2047.94, 2049.94, 2050.83]
exp009-n2048-k12-d190-bs50-f1.000-r00:014310.984: log(norms):     [2047.94, 2050.73, 2052.42, 2052.46, 2052.44, 2052.53, 2052.65, 2052.51, 2052.51, 2052.51]
exp009-n2048-k12-d190-bs50-f1.000-r00:014311.004: (332 sec)
exp009-n2048-k12-d190-bs50-f1.000-r00:014311.004: Loop 34/100
exp009-n2048-k12-d190-bs50-f1.000-r00:014639.878: log(exp-norms): [2047.94, 2049.94, 2050.83]
exp009-n2048-k12-d190-bs50-f1.000-r00:014639.878: log(norms):     [2047.94, 2050.73, 2052.42, 2052.46, 2052.44, 2052.53, 2052.65, 2052.51, 2052.51, 2052.55]
exp009-n2048-k12-d190-bs50-f1.000-r00:014639.898: (329 sec)
exp009-n2048-k12-d190-bs50-f1.000-r00:014639.898: Loop 35/100
exp009-n2048-k12-d190-bs50-f1.000-r00:014958.798: log(exp-norms): [2047.94, 2049.94, 2050.83]
exp009-n2048-k12-d190-bs50-f1.000-r00:014958.799: log(norms):     [2047.94, 2050.73, 2052.42, 2052.46, 2052.44, 2052.53, 2052.65, 2052.51, 2052.51, 2052.55]
exp009-n2048-k12-d190-bs50-f1.000-r00:014958.818: (319 sec)
exp009-n2048-k12-d190-bs50-f1.000-r00:014958.818: Loop 36/100
exp009-n2048-k12-d190-bs50-f1.000-r00:015287.087: log(exp-norms): [2047.94, 2049.94, 2050.83]
exp009-n2048-k12-d190-bs50-f1.000-r00:015287.088: log(norms):     [2047.94, 2050.73, 2052.42, 2052.46, 2052.44, 2052.53, 2052.44, 2052.65, 2052.51, 2052.51]
exp009-n2048-k12-d190-bs50-f1.000-r00:015287.107: (329 sec)
exp009-n2048-k12-d190-bs50-f1.000-r00:015287.107: Loop 37/100
exp009-n2048-k12-d190-bs50-f1.000-r00:015622.712: log(exp-norms): [2047.94, 2049.94, 2050.83]
exp009-n2048-k12-d190-bs50-f1.000-r00:015622.712: log(norms):     [2047.94, 2050.73, 2052.42, 2052.46, 2052.44, 2052.53, 2052.44, 2052.65, 2052.51, 2052.51]
exp009-n2048-k12-d190-bs50-f1.000-r00:015622.731: (336 sec)
exp009-n2048-k12-d190-bs50-f1.000-r00:015622.732: Loop 38/100
exp009-n2048-k12-d190-bs50-f1.000-r00:015934.809: log(exp-norms): [2047.94, 2049.94, 2050.83]
exp009-n2048-k12-d190-bs50-f1.000-r00:015934.810: log(norms):     [2047.94, 2050.73, 2052.42, 2052.46, 2052.44, 2052.53, 2052.44, 2052.65, 2052.51, 2052.59]
exp009-n2048-k12-d190-bs50-f1.000-r00:015934.829: (313 sec)
exp009-n2048-k12-d190-bs50-f1.000-r00:015934.829: Loop 39/100
exp009-n2048-k12-d190-bs50-f1.000-r00:016251.782: log(exp-norms): [2047.94, 2049.94, 2050.83]
exp009-n2048-k12-d190-bs50-f1.000-r00:016251.783: log(norms):     [2047.94, 2050.73, 2052.42, 2052.46, 2052.44, 2052.53, 2052.44, 2052.65, 2052.51, 2052.59]
exp009-n2048-k12-d190-bs50-f1.000-r00:016251.802: (317 sec)
exp009-n2048-k12-d190-bs50-f1.000-r00:016251.802: Loop 40/100
exp009-n2048-k12-d190-bs50-f1.000-r00:016575.722: log(exp-norms): [2047.94, 2049.94, 2050.83]
exp009-n2048-k12-d190-bs50-f1.000-r00:016575.723: log(norms):     [2047.94, 2050.73, 2052.42, 2052.46, 2052.44, 2052.53, 2052.44, 2052.65, 2052.51, 2052.59]
exp009-n2048-k12-d190-bs50-f1.000-r00:016575.742: (324 sec)
exp009-n2048-k12-d190-bs50-f1.000-r00:016575.742: Loop 41/100
exp009-n2048-k12-d190-bs50-f1.000-r00:016890.626: log(exp-norms): [2047.94, 2049.94, 2050.83]
exp009-n2048-k12-d190-bs50-f1.000-r00:016890.626: log(norms):     [2047.94, 2050.73, 2052.42, 2052.46, 2052.44, 2052.53, 2052.44, 2052.52, 2052.6, 2052.43]
exp009-n2048-k12-d190-bs50-f1.000-r00:016890.645: (315 sec)
exp009-n2048-k12-d190-bs50-f1.000-r00:016890.645: Loop 42/100
exp009-n2048-k12-d190-bs50-f1.000-r00:017220.126: log(exp-norms): [2047.94, 2049.94, 2050.83]
exp009-n2048-k12-d190-bs50-f1.000-r00:017220.126: log(norms):     [2047.94, 2050.73, 2052.42, 2052.46, 2052.44, 2052.53, 2052.44, 2052.52, 2052.49, 2052.6]
exp009-n2048-k12-d190-bs50-f1.000-r00:017220.146: (330 sec)
exp009-n2048-k12-d190-bs50-f1.000-r00:017220.146: Loop 43/100
exp009-n2048-k12-d190-bs50-f1.000-r00:017544.802: log(exp-norms): [2047.94, 2049.94, 2050.83]
exp009-n2048-k12-d190-bs50-f1.000-r00:017544.802: log(norms):     [2047.94, 2050.73, 2052.42, 2052.46, 2052.44, 2052.53, 2052.49, 2052.44, 2052.52, 2052.6]
exp009-n2048-k12-d190-bs50-f1.000-r00:017544.821: (325 sec)
exp009-n2048-k12-d190-bs50-f1.000-r00:017544.822: Loop 44/100
exp009-n2048-k12-d190-bs50-f1.000-r00:017871.447: log(exp-norms): [2047.94, 2049.94, 2050.83]
exp009-n2048-k12-d190-bs50-f1.000-r00:017871.447: log(norms):     [2047.94, 2050.73, 2052.42, 2052.46, 2052.44, 2052.53, 2052.49, 2052.44, 2052.52, 2052.6]
exp009-n2048-k12-d190-bs50-f1.000-r00:017871.467: (327 sec)
exp009-n2048-k12-d190-bs50-f1.000-r00:017871.467: Loop 45/100
exp009-n2048-k12-d190-bs50-f1.000-r00:018206.746: log(exp-norms): [2047.94, 2049.94, 2050.83]
exp009-n2048-k12-d190-bs50-f1.000-r00:018206.747: log(norms):     [2047.94, 2050.73, 2052.42, 2052.46, 2052.44, 2052.53, 2052.49, 2052.44, 2052.52, 2052.6]
exp009-n2048-k12-d190-bs50-f1.000-r00:018206.766: (336 sec)
exp009-n2048-k12-d190-bs50-f1.000-r00:018206.766: Loop 46/100
exp009-n2048-k12-d190-bs50-f1.000-r00:018516.573: log(exp-norms): [2047.94, 2049.94, 2050.83]
exp009-n2048-k12-d190-bs50-f1.000-r00:018516.573: log(norms):     [2047.94, 2050.73, 2052.42, 2052.46, 2052.44, 2052.53, 2052.49, 2052.44, 2052.52, 2052.6]
exp009-n2048-k12-d190-bs50-f1.000-r00:018516.593: (310 sec)
exp009-n2048-k12-d190-bs50-f1.000-r00:018516.593: Loop 47/100
exp009-n2048-k12-d190-bs50-f1.000-r00:018828.673: log(exp-norms): [2047.94, 2049.94, 2050.83]
exp009-n2048-k12-d190-bs50-f1.000-r00:018828.673: log(norms):     [2047.94, 2050.73, 2052.41, 2052.44, 2052.43, 2052.48, 2052.42, 2052.45, 2052.52, 2052.6]
exp009-n2048-k12-d190-bs50-f1.000-r00:018828.693: (313 sec)
exp009-n2048-k12-d190-bs50-f1.000-r00:018828.693: Loop 48/100
exp009-n2048-k12-d190-bs50-f1.000-r00:019153.978: log(exp-norms): [2047.94, 2049.94, 2050.83]
exp009-n2048-k12-d190-bs50-f1.000-r00:019153.978: log(norms):     [2047.94, 2050.73, 2052.41, 2052.44, 2052.43, 2052.5, 2052.6, 2052.48, 2052.42, 2052.45]
exp009-n2048-k12-d190-bs50-f1.000-r00:019153.997: (326 sec)
exp009-n2048-k12-d190-bs50-f1.000-r00:019153.998: Loop 49/100
exp009-n2048-k12-d190-bs50-f1.000-r00:019480.251: log(exp-norms): [2047.94, 2049.94, 2050.83]
exp009-n2048-k12-d190-bs50-f1.000-r00:019480.251: log(norms):     [2047.94, 2050.73, 2052.41, 2052.44, 2052.43, 2052.5, 2052.6, 2052.48, 2052.42, 2052.45]
exp009-n2048-k12-d190-bs50-f1.000-r00:019480.271: (327 sec)
exp009-n2048-k12-d190-bs50-f1.000-r00:019480.271: Loop 50/100
