exp020-n2048-k12-d230-bs60-f1.000-r00:000000.265: ==========================Instance==========================
exp020-n2048-k12-d230-bs60-f1.000-r00:000000.265: # of equations: 230
exp020-n2048-k12-d230-bs60-f1.000-r00:000000.269: Gap: 6.74
exp020-n2048-k12-d230-bs60-f1.000-r00:000000.277: Tau: 12.31
exp020-n2048-k12-d230-bs60-f1.000-r00:000000.277: ======================BKZ-60 reduction======================
exp020-n2048-k12-d230-bs60-f1.000-r00:000004.747: Expectedly achievable log(norm): 2054.76
exp020-n2048-k12-d230-bs60-f1.000-r00:000008.977: log(exp-norms): [2047.94, 2050.08, 2052.83]
exp020-n2048-k12-d230-bs60-f1.000-r00:000008.977: log(norms):     [2063.06, 2050.87, 2059.89, 2059.89, 2059.89, 2059.89, 2059.89, 2059.89, 2059.89, 2059.89]
exp020-n2048-k12-d230-bs60-f1.000-r00:000009.037: Loop 1/100
exp020-n2048-k12-d230-bs60-f1.000-r00:005398.289: log(exp-norms): [2047.94, 2050.08, 2052.83]
exp020-n2048-k12-d230-bs60-f1.000-r00:005398.290: log(norms):     [2050.87, 2057.38, 2057.39, 2057.45, 2057.5, 2057.48, 2057.54, 2057.68, 2057.64, 2057.51]
exp020-n2048-k12-d230-bs60-f1.000-r00:005398.332: (5390 sec)
exp020-n2048-k12-d230-bs60-f1.000-r00:005398.332: Loop 2/100
exp020-n2048-k12-d230-bs60-f1.000-r00:007222.695: log(exp-norms): [2047.94, 2050.08, 2052.83]
exp020-n2048-k12-d230-bs60-f1.000-r00:007222.695: log(norms):     [2047.94, 2050.87, 2056.8, 2056.79, 2056.92, 2056.82, 2056.9, 2056.86, 2056.98, 2056.93]
exp020-n2048-k12-d230-bs60-f1.000-r00:007222.723: (1825 sec)
exp020-n2048-k12-d230-bs60-f1.000-r00:007222.723: Loop 3/100
exp020-n2048-k12-d230-bs60-f1.000-r00:008689.037: log(exp-norms): [2047.94, 2050.08, 2052.83]
exp020-n2048-k12-d230-bs60-f1.000-r00:008689.037: log(norms):     [2047.94, 2050.87, 2056.28, 2056.41, 2056.44, 2056.4, 2056.44, 2056.42, 2056.38, 2056.41]
exp020-n2048-k12-d230-bs60-f1.000-r00:008689.073: (1467 sec)
exp020-n2048-k12-d230-bs60-f1.000-r00:008689.073: Loop 4/100
exp020-n2048-k12-d230-bs60-f1.000-r00:010394.799: log(exp-norms): [2047.94, 2050.08, 2052.83]
exp020-n2048-k12-d230-bs60-f1.000-r00:010394.800: log(norms):     [2047.94, 2050.87, 2055.95, 2055.98, 2056.19, 2056.06, 2056.15, 2056.1, 2055.97, 2056.31]
exp020-n2048-k12-d230-bs60-f1.000-r00:010394.824: (1706 sec)
exp020-n2048-k12-d230-bs60-f1.000-r00:010394.824: Loop 5/100
exp020-n2048-k12-d230-bs60-f1.000-r00:011891.232: log(exp-norms): [2047.94, 2050.08, 2052.83]
exp020-n2048-k12-d230-bs60-f1.000-r00:011891.233: log(norms):     [2047.94, 2050.87, 2055.62, 2055.65, 2055.79, 2055.78, 2055.74, 2055.63, 2055.77, 2055.75]
exp020-n2048-k12-d230-bs60-f1.000-r00:011891.258: (1497 sec)
exp020-n2048-k12-d230-bs60-f1.000-r00:011891.258: Loop 6/100
exp020-n2048-k12-d230-bs60-f1.000-r00:013250.246: log(exp-norms): [2047.94, 2050.08, 2052.83]
exp020-n2048-k12-d230-bs60-f1.000-r00:013250.247: log(norms):     [2047.94, 2050.87, 2055.36, 2055.47, 2055.46, 2055.53, 2055.5, 2055.67, 2055.61, 2055.68]
exp020-n2048-k12-d230-bs60-f1.000-r00:013250.270: (1360 sec)
exp020-n2048-k12-d230-bs60-f1.000-r00:013250.271: Loop 7/100
exp020-n2048-k12-d230-bs60-f1.000-r00:014559.135: log(exp-norms): [2047.94, 2050.08, 2052.83]
exp020-n2048-k12-d230-bs60-f1.000-r00:014559.135: log(norms):     [2047.94, 2050.87, 2055.19, 2055.32, 2055.27, 2055.31, 2055.45, 2055.47, 2055.36, 2055.51]
exp020-n2048-k12-d230-bs60-f1.000-r00:014559.160: (1309 sec)
exp020-n2048-k12-d230-bs60-f1.000-r00:014559.160: Loop 8/100
exp020-n2048-k12-d230-bs60-f1.000-r00:015812.851: log(exp-norms): [2047.94, 2050.08, 2052.83]
exp020-n2048-k12-d230-bs60-f1.000-r00:015812.851: log(norms):     [2047.94, 2050.87, 2055.14, 2055.19, 2055.14, 2055.23, 2055.32, 2055.25, 2055.36, 2055.21]
exp020-n2048-k12-d230-bs60-f1.000-r00:015812.875: (1254 sec)
exp020-n2048-k12-d230-bs60-f1.000-r00:015812.875: Loop 9/100
exp020-n2048-k12-d230-bs60-f1.000-r00:017039.716: log(exp-norms): [2047.94, 2050.08, 2052.83]
exp020-n2048-k12-d230-bs60-f1.000-r00:017039.716: log(norms):     [2047.94, 2050.04, 2050.87, 2055.04, 2055.11, 2055.1, 2055.14, 2055.16, 2055.18, 2055.2]
exp020-n2048-k12-d230-bs60-f1.000-r00:017039.739: (1227 sec)
exp020-n2048-k12-d230-bs60-f1.000-r00:017039.740: ==========================Summary===========================
exp020-n2048-k12-d230-bs60-f1.000-r00:017039.740: Total time: 17040sec
exp020-n2048-k12-d230-bs60-f1.000-r00:017039.740: SUCCESS
exp020-n2048-k12-d230-bs60-f1.000-r00:017039.740: HNP solution: 21167975012918209552870912686771806438255541139730826066240181635621995443071722460092792766861449656651971904291494739624795743912805281300205929006874334739401927940244927625209913798361661459251278313555519353642349115638315408362633444025792932001859113279660550582627886616827766347381574068296526040175929893169077556725088334319029806072045420620743758952554100350242506733953941532202221585526098667900646237835635973957787430016458915948532825984650322309201129448700846664082632282345847636675284528957185198677963453685751932736766208738712710808794428045621406898257160840156291641067235468252088992925184
exp020-n2048-k12-d230-bs60-f1.000-r00:017039.740: Shared secret: 21167975012918209552870912686771806438255541139730826066240181635621995443071722460092792766861449656651971904291494739624795743912805281300205929006874334739401927940244927625209913798361661459251278313555519353642349115638315408362633444025792932001859113279660550582627886616827766347381574068296526040175929893169077556725088334319029806072045420620743758952554100350242506733953941532202221585526098667900646237835635973957787430016458915948532825984650322309201129448700846664082632282345847636675284528957185198677963453685751932736766208738712710808794428045621406898257160840156291641067235468252088992925184
exp020-n2048-k12-d230-bs60-f1.000-r00:017039.740: SUMMARY:n:2048:k:12:d:230:bs:60:t:17040:r:True
