exp027-n2048-k16-d140-bs50-f1.000-r00:000000.442: ==========================Instance==========================
exp027-n2048-k16-d140-bs50-f1.000-r00:000000.443: # of equations: 140
exp027-n2048-k16-d140-bs50-f1.000-r00:000000.445: Gap: 2.04
exp027-n2048-k16-d140-bs50-f1.000-r00:000000.451: Tau: 1.45
exp027-n2048-k16-d140-bs50-f1.000-r00:000000.452: ======================BKZ-50 reduction======================
exp027-n2048-k16-d140-bs50-f1.000-r00:000002.934: Expectedly achievable log(norm): 2051.69
exp027-n2048-k16-d140-bs50-f1.000-r00:000005.401: log(exp-norms): [2047.94, 2049.73, 2050.76]
exp027-n2048-k16-d140-bs50-f1.000-r00:000005.401: log(norms):     [2066.66, 2050.51, 2063.89, 2063.89, 2063.89, 2063.89, 2063.89, 2063.89, 2063.89, 2063.89]
exp027-n2048-k16-d140-bs50-f1.000-r00:000005.495: Loop 1/100
exp027-n2048-k16-d140-bs50-f1.000-r00:000807.296: log(exp-norms): [2047.94, 2049.73, 2050.76]
exp027-n2048-k16-d140-bs50-f1.000-r00:000807.297: log(norms):     [2050.51, 2052.81, 2052.97, 2053.04, 2053.1, 2053.06, 2053.01, 2053.12, 2053.02, 2053.16]
exp027-n2048-k16-d140-bs50-f1.000-r00:000807.313: (802 sec)
exp027-n2048-k16-d140-bs50-f1.000-r00:000807.313: Loop 2/100
exp027-n2048-k16-d140-bs50-f1.000-r00:001080.300: log(exp-norms): [2047.94, 2049.73, 2050.76]
exp027-n2048-k16-d140-bs50-f1.000-r00:001080.301: log(norms):     [2047.94, 2050.51, 2052.48, 2052.49, 2052.46, 2052.49, 2052.55, 2052.43, 2052.71, 2052.54]
exp027-n2048-k16-d140-bs50-f1.000-r00:001080.329: (274 sec)
exp027-n2048-k16-d140-bs50-f1.000-r00:001080.330: Loop 3/100
exp027-n2048-k16-d140-bs50-f1.000-r00:001318.871: log(exp-norms): [2047.94, 2049.73, 2050.76]
exp027-n2048-k16-d140-bs50-f1.000-r00:001318.872: log(norms):     [2047.94, 2050.51, 2052.09, 2052.21, 2052.11, 2052.22, 2052.22, 2052.29, 2052.31, 2052.16]
exp027-n2048-k16-d140-bs50-f1.000-r00:001318.901: (239 sec)
exp027-n2048-k16-d140-bs50-f1.000-r00:001318.901: Loop 4/100
exp027-n2048-k16-d140-bs50-f1.000-r00:001529.320: log(exp-norms): [2047.94, 2049.73, 2050.76]
exp027-n2048-k16-d140-bs50-f1.000-r00:001529.320: log(norms):     [2047.94, 2050.51, 2051.98, 2052.03, 2051.97, 2052.02, 2052.16, 2051.99, 2052.0, 2052.23]
exp027-n2048-k16-d140-bs50-f1.000-r00:001529.344: (211 sec)
exp027-n2048-k16-d140-bs50-f1.000-r00:001529.344: Loop 5/100
exp027-n2048-k16-d140-bs50-f1.000-r00:001743.855: log(exp-norms): [2047.94, 2049.73, 2050.76]
exp027-n2048-k16-d140-bs50-f1.000-r00:001743.856: log(norms):     [2047.94, 2050.51, 2051.84, 2051.87, 2051.94, 2051.84, 2051.85, 2051.97, 2051.96, 2052.11]
exp027-n2048-k16-d140-bs50-f1.000-r00:001743.871: (215 sec)
exp027-n2048-k16-d140-bs50-f1.000-r00:001743.872: Loop 6/100
exp027-n2048-k16-d140-bs50-f1.000-r00:001938.995: log(exp-norms): [2047.94, 2049.73, 2050.76]
exp027-n2048-k16-d140-bs50-f1.000-r00:001938.995: log(norms):     [2047.94, 2050.51, 2051.77, 2051.84, 2051.76, 2051.92, 2051.84, 2051.83, 2051.97, 2051.94]
exp027-n2048-k16-d140-bs50-f1.000-r00:001939.011: (196 sec)
exp027-n2048-k16-d140-bs50-f1.000-r00:001939.011: Loop 7/100
exp027-n2048-k16-d140-bs50-f1.000-r00:002129.087: log(exp-norms): [2047.94, 2049.73, 2050.76]
exp027-n2048-k16-d140-bs50-f1.000-r00:002129.087: log(norms):     [2047.94, 2050.51, 2051.77, 2051.83, 2051.77, 2051.89, 2051.89, 2051.84, 2052.03, 2051.97]
exp027-n2048-k16-d140-bs50-f1.000-r00:002129.113: (191 sec)
exp027-n2048-k16-d140-bs50-f1.000-r00:002129.113: Loop 8/100
exp027-n2048-k16-d140-bs50-f1.000-r00:002342.224: log(exp-norms): [2047.94, 2049.73, 2050.76]
exp027-n2048-k16-d140-bs50-f1.000-r00:002342.224: log(norms):     [2047.94, 2050.51, 2051.75, 2051.77, 2051.75, 2051.88, 2051.99, 2051.97, 2051.73, 2051.78]
exp027-n2048-k16-d140-bs50-f1.000-r00:002342.252: (214 sec)
exp027-n2048-k16-d140-bs50-f1.000-r00:002342.252: Loop 9/100
exp027-n2048-k16-d140-bs50-f1.000-r00:002525.959: log(exp-norms): [2047.94, 2049.73, 2050.76]
exp027-n2048-k16-d140-bs50-f1.000-r00:002525.959: log(norms):     [2047.94, 2050.51, 2051.73, 2051.77, 2051.75, 2051.75, 2051.87, 2051.88, 2051.91, 2051.88]
exp027-n2048-k16-d140-bs50-f1.000-r00:002525.985: (184 sec)
exp027-n2048-k16-d140-bs50-f1.000-r00:002525.985: Loop 10/100
exp027-n2048-k16-d140-bs50-f1.000-r00:002703.182: log(exp-norms): [2047.94, 2049.73, 2050.76]
exp027-n2048-k16-d140-bs50-f1.000-r00:002703.182: log(norms):     [2047.94, 2050.51, 2051.73, 2051.77, 2051.75, 2051.75, 2051.87, 2051.81, 2052.01, 2051.85]
exp027-n2048-k16-d140-bs50-f1.000-r00:002703.207: (178 sec)
exp027-n2048-k16-d140-bs50-f1.000-r00:002703.207: Loop 11/100
exp027-n2048-k16-d140-bs50-f1.000-r00:002915.655: log(exp-norms): [2047.94, 2049.73, 2050.76]
exp027-n2048-k16-d140-bs50-f1.000-r00:002915.656: log(norms):     [2047.94, 2050.51, 2051.73, 2051.79, 2051.75, 2051.88, 2051.93, 2051.77, 2051.74, 2051.75]
exp027-n2048-k16-d140-bs50-f1.000-r00:002915.680: (213 sec)
exp027-n2048-k16-d140-bs50-f1.000-r00:002915.681: Loop 12/100
exp027-n2048-k16-d140-bs50-f1.000-r00:003111.095: log(exp-norms): [2047.94, 2049.73, 2050.76]
exp027-n2048-k16-d140-bs50-f1.000-r00:003111.095: log(norms):     [2047.94, 2050.51, 2051.73, 2051.74, 2051.77, 2051.75, 2051.93, 2051.77, 2051.75, 2051.75]
exp027-n2048-k16-d140-bs50-f1.000-r00:003111.110: (196 sec)
exp027-n2048-k16-d140-bs50-f1.000-r00:003111.110: Loop 13/100
exp027-n2048-k16-d140-bs50-f1.000-r00:003317.531: log(exp-norms): [2047.94, 2049.73, 2050.76]
exp027-n2048-k16-d140-bs50-f1.000-r00:003317.531: log(norms):     [2047.94, 2050.51, 2051.73, 2051.74, 2051.77, 2051.75, 2051.93, 2051.77, 2051.75, 2051.75]
exp027-n2048-k16-d140-bs50-f1.000-r00:003317.555: (207 sec)
exp027-n2048-k16-d140-bs50-f1.000-r00:003317.556: Loop 14/100
exp027-n2048-k16-d140-bs50-f1.000-r00:003499.472: log(exp-norms): [2047.94, 2049.73, 2050.76]
exp027-n2048-k16-d140-bs50-f1.000-r00:003499.472: log(norms):     [2047.94, 2050.51, 2051.73, 2051.71, 2051.73, 2051.74, 2051.77, 2051.75, 2051.92, 2051.77]
exp027-n2048-k16-d140-bs50-f1.000-r00:003499.497: (182 sec)
exp027-n2048-k16-d140-bs50-f1.000-r00:003499.497: Loop 15/100
exp027-n2048-k16-d140-bs50-f1.000-r00:003667.509: log(exp-norms): [2047.94, 2049.73, 2050.76]
exp027-n2048-k16-d140-bs50-f1.000-r00:003667.509: log(norms):     [2047.94, 2050.51, 2051.73, 2051.79, 2051.71, 2051.81, 2051.75, 2051.75, 2051.77, 2051.74]
exp027-n2048-k16-d140-bs50-f1.000-r00:003667.534: (169 sec)
exp027-n2048-k16-d140-bs50-f1.000-r00:003667.534: Loop 16/100
exp027-n2048-k16-d140-bs50-f1.000-r00:003866.479: log(exp-norms): [2047.94, 2049.73, 2050.76]
exp027-n2048-k16-d140-bs50-f1.000-r00:003866.479: log(norms):     [2047.94, 2050.51, 2051.73, 2051.79, 2051.75, 2051.83, 2051.71, 2051.93, 2051.79, 2051.75]
exp027-n2048-k16-d140-bs50-f1.000-r00:003866.504: (199 sec)
exp027-n2048-k16-d140-bs50-f1.000-r00:003866.504: Loop 17/100
exp027-n2048-k16-d140-bs50-f1.000-r00:004074.658: log(exp-norms): [2047.94, 2049.73, 2050.76]
exp027-n2048-k16-d140-bs50-f1.000-r00:004074.658: log(norms):     [2047.94, 2050.51, 2051.65, 2051.69, 2051.79, 2051.75, 2051.83, 2051.71, 2051.93, 2051.85]
exp027-n2048-k16-d140-bs50-f1.000-r00:004074.686: (209 sec)
exp027-n2048-k16-d140-bs50-f1.000-r00:004074.686: Loop 18/100
exp027-n2048-k16-d140-bs50-f1.000-r00:004253.045: log(exp-norms): [2047.94, 2049.73, 2050.76]
exp027-n2048-k16-d140-bs50-f1.000-r00:004253.046: log(norms):     [2047.94, 2050.51, 2051.65, 2051.69, 2051.79, 2051.75, 2051.83, 2051.92, 2051.86, 2051.71]
exp027-n2048-k16-d140-bs50-f1.000-r00:004253.070: (179 sec)
exp027-n2048-k16-d140-bs50-f1.000-r00:004253.071: Loop 19/100
exp027-n2048-k16-d140-bs50-f1.000-r00:004454.929: log(exp-norms): [2047.94, 2049.73, 2050.76]
exp027-n2048-k16-d140-bs50-f1.000-r00:004454.929: log(norms):     [2047.94, 2050.51, 2051.65, 2051.69, 2051.75, 2051.79, 2051.75, 2051.83, 2051.86, 2051.72]
exp027-n2048-k16-d140-bs50-f1.000-r00:004454.953: (202 sec)
exp027-n2048-k16-d140-bs50-f1.000-r00:004454.954: Loop 20/100
exp027-n2048-k16-d140-bs50-f1.000-r00:004632.663: log(exp-norms): [2047.94, 2049.73, 2050.76]
exp027-n2048-k16-d140-bs50-f1.000-r00:004632.664: log(norms):     [2047.94, 2050.51, 2051.65, 2051.69, 2051.75, 2051.79, 2051.79, 2051.76, 2051.75, 2051.83]
exp027-n2048-k16-d140-bs50-f1.000-r00:004632.691: (178 sec)
exp027-n2048-k16-d140-bs50-f1.000-r00:004632.692: Loop 21/100
exp027-n2048-k16-d140-bs50-f1.000-r00:004830.682: log(exp-norms): [2047.94, 2049.73, 2050.76]
exp027-n2048-k16-d140-bs50-f1.000-r00:004830.682: log(norms):     [2047.94, 2050.51, 2051.65, 2051.69, 2051.75, 2051.79, 2051.77, 2051.77, 2051.87, 2051.95]
exp027-n2048-k16-d140-bs50-f1.000-r00:004830.707: (199 sec)
exp027-n2048-k16-d140-bs50-f1.000-r00:004830.708: Loop 22/100
exp027-n2048-k16-d140-bs50-f1.000-r00:005023.354: log(exp-norms): [2047.94, 2049.73, 2050.76]
exp027-n2048-k16-d140-bs50-f1.000-r00:005023.354: log(norms):     [2047.94, 2050.51, 2051.65, 2051.69, 2051.77, 2051.71, 2051.75, 2051.79, 2051.77, 2051.82]
exp027-n2048-k16-d140-bs50-f1.000-r00:005023.377: (193 sec)
exp027-n2048-k16-d140-bs50-f1.000-r00:005023.377: Loop 23/100
exp027-n2048-k16-d140-bs50-f1.000-r00:005232.404: log(exp-norms): [2047.94, 2049.73, 2050.76]
exp027-n2048-k16-d140-bs50-f1.000-r00:005232.404: log(norms):     [2047.94, 2050.51, 2051.65, 2051.69, 2051.77, 2051.71, 2051.75, 2051.94, 2051.94, 2051.98]
exp027-n2048-k16-d140-bs50-f1.000-r00:005232.428: (210 sec)
exp027-n2048-k16-d140-bs50-f1.000-r00:005232.428: Loop 24/100
exp027-n2048-k16-d140-bs50-f1.000-r00:005423.015: log(exp-norms): [2047.94, 2049.73, 2050.76]
exp027-n2048-k16-d140-bs50-f1.000-r00:005423.015: log(norms):     [2047.94, 2050.51, 2051.65, 2051.69, 2051.77, 2051.71, 2051.84, 2051.8, 2051.84, 2051.77]
exp027-n2048-k16-d140-bs50-f1.000-r00:005423.040: (191 sec)
exp027-n2048-k16-d140-bs50-f1.000-r00:005423.040: Loop 25/100
exp027-n2048-k16-d140-bs50-f1.000-r00:005588.421: log(exp-norms): [2047.94, 2049.73, 2050.76]
exp027-n2048-k16-d140-bs50-f1.000-r00:005588.422: log(norms):     [2047.94, 2050.51, 2051.65, 2051.69, 2051.77, 2051.71, 2051.84, 2051.79, 2051.72, 2051.96]
exp027-n2048-k16-d140-bs50-f1.000-r00:005588.446: (166 sec)
exp027-n2048-k16-d140-bs50-f1.000-r00:005588.446: Loop 26/100
exp027-n2048-k16-d140-bs50-f1.000-r00:005750.770: log(exp-norms): [2047.94, 2049.73, 2050.76]
exp027-n2048-k16-d140-bs50-f1.000-r00:005750.771: log(norms):     [2047.94, 2050.51, 2051.65, 2051.69, 2051.73, 2051.77, 2051.71, 2051.79, 2051.72, 2051.83]
exp027-n2048-k16-d140-bs50-f1.000-r00:005750.796: (163 sec)
exp027-n2048-k16-d140-bs50-f1.000-r00:005750.796: Loop 27/100
exp027-n2048-k16-d140-bs50-f1.000-r00:005922.323: log(exp-norms): [2047.94, 2049.73, 2050.76]
exp027-n2048-k16-d140-bs50-f1.000-r00:005922.323: log(norms):     [2047.94, 2050.51, 2051.65, 2051.69, 2051.64, 2051.73, 2051.79, 2051.79, 2051.92, 2052.01]
exp027-n2048-k16-d140-bs50-f1.000-r00:005922.338: (172 sec)
exp027-n2048-k16-d140-bs50-f1.000-r00:005922.338: Loop 28/100
exp027-n2048-k16-d140-bs50-f1.000-r00:006106.022: log(exp-norms): [2047.94, 2049.73, 2050.76]
exp027-n2048-k16-d140-bs50-f1.000-r00:006106.023: log(norms):     [2047.94, 2050.51, 2051.65, 2051.69, 2051.64, 2051.73, 2051.79, 2051.79, 2051.92, 2052.01]
exp027-n2048-k16-d140-bs50-f1.000-r00:006106.047: (184 sec)
exp027-n2048-k16-d140-bs50-f1.000-r00:006106.047: Loop 29/100
exp027-n2048-k16-d140-bs50-f1.000-r00:006288.696: log(exp-norms): [2047.94, 2049.73, 2050.76]
exp027-n2048-k16-d140-bs50-f1.000-r00:006288.696: log(norms):     [2047.94, 2050.51, 2051.63, 2051.65, 2051.73, 2051.73, 2051.64, 2051.79, 2051.92, 2051.91]
exp027-n2048-k16-d140-bs50-f1.000-r00:006288.711: (183 sec)
exp027-n2048-k16-d140-bs50-f1.000-r00:006288.712: Loop 30/100
exp027-n2048-k16-d140-bs50-f1.000-r00:006475.562: log(exp-norms): [2047.94, 2049.73, 2050.76]
exp027-n2048-k16-d140-bs50-f1.000-r00:006475.562: log(norms):     [2047.94, 2050.51, 2051.63, 2051.65, 2051.73, 2051.73, 2051.64, 2051.86, 2051.84, 2051.94]
exp027-n2048-k16-d140-bs50-f1.000-r00:006475.586: (187 sec)
exp027-n2048-k16-d140-bs50-f1.000-r00:006475.586: Loop 31/100
exp027-n2048-k16-d140-bs50-f1.000-r00:006664.025: log(exp-norms): [2047.94, 2049.73, 2050.76]
exp027-n2048-k16-d140-bs50-f1.000-r00:006664.025: log(norms):     [2047.94, 2050.51, 2051.63, 2051.65, 2051.73, 2051.73, 2051.64, 2051.86, 2051.84, 2051.94]
exp027-n2048-k16-d140-bs50-f1.000-r00:006664.040: (189 sec)
exp027-n2048-k16-d140-bs50-f1.000-r00:006664.041: Loop 32/100
exp027-n2048-k16-d140-bs50-f1.000-r00:006839.674: log(exp-norms): [2047.94, 2049.73, 2050.76]
exp027-n2048-k16-d140-bs50-f1.000-r00:006839.674: log(norms):     [2047.94, 2050.51, 2051.63, 2051.65, 2051.73, 2051.73, 2051.64, 2051.86, 2051.84, 2051.94]
exp027-n2048-k16-d140-bs50-f1.000-r00:006839.701: (176 sec)
exp027-n2048-k16-d140-bs50-f1.000-r00:006839.701: Loop 33/100
exp027-n2048-k16-d140-bs50-f1.000-r00:007037.257: log(exp-norms): [2047.94, 2049.73, 2050.76]
exp027-n2048-k16-d140-bs50-f1.000-r00:007037.257: log(norms):     [2047.94, 2050.51, 2051.63, 2051.65, 2051.73, 2051.73, 2051.74, 2051.86, 2051.64, 2051.79]
exp027-n2048-k16-d140-bs50-f1.000-r00:007037.281: (198 sec)
exp027-n2048-k16-d140-bs50-f1.000-r00:007037.281: Loop 34/100
exp027-n2048-k16-d140-bs50-f1.000-r00:007195.233: log(exp-norms): [2047.94, 2049.73, 2050.76]
exp027-n2048-k16-d140-bs50-f1.000-r00:007195.234: log(norms):     [2047.94, 2050.51, 2051.63, 2051.65, 2051.73, 2051.73, 2051.74, 2051.88, 2051.87, 2051.91]
exp027-n2048-k16-d140-bs50-f1.000-r00:007195.258: (158 sec)
exp027-n2048-k16-d140-bs50-f1.000-r00:007195.258: Loop 35/100
exp027-n2048-k16-d140-bs50-f1.000-r00:007329.078: log(exp-norms): [2047.94, 2049.73, 2050.76]
exp027-n2048-k16-d140-bs50-f1.000-r00:007329.079: log(norms):     [2047.94, 2050.51, 2051.63, 2051.65, 2051.73, 2051.73, 2051.74, 2051.88, 2051.87, 2051.91]
exp027-n2048-k16-d140-bs50-f1.000-r00:007329.093: (134 sec)
exp027-n2048-k16-d140-bs50-f1.000-r00:007329.094: Loop 36/100
exp027-n2048-k16-d140-bs50-f1.000-r00:007467.747: log(exp-norms): [2047.94, 2049.73, 2050.76]
exp027-n2048-k16-d140-bs50-f1.000-r00:007467.747: log(norms):     [2047.94, 2050.51, 2051.63, 2051.65, 2051.73, 2051.73, 2051.74, 2051.88, 2051.87, 2051.74]
exp027-n2048-k16-d140-bs50-f1.000-r00:007467.771: (139 sec)
exp027-n2048-k16-d140-bs50-f1.000-r00:007467.771: Loop 37/100
exp027-n2048-k16-d140-bs50-f1.000-r00:007659.330: log(exp-norms): [2047.94, 2049.73, 2050.76]
exp027-n2048-k16-d140-bs50-f1.000-r00:007659.330: log(norms):     [2047.94, 2050.51, 2051.63, 2051.65, 2051.73, 2051.67, 2051.74, 2051.73, 2051.61, 2051.83]
exp027-n2048-k16-d140-bs50-f1.000-r00:007659.354: (192 sec)
exp027-n2048-k16-d140-bs50-f1.000-r00:007659.354: Loop 38/100
exp027-n2048-k16-d140-bs50-f1.000-r00:007846.189: log(exp-norms): [2047.94, 2049.73, 2050.76]
exp027-n2048-k16-d140-bs50-f1.000-r00:007846.189: log(norms):     [2047.94, 2050.51, 2051.63, 2051.65, 2051.73, 2051.67, 2051.74, 2051.73, 2051.61, 2051.83]
exp027-n2048-k16-d140-bs50-f1.000-r00:007846.213: (187 sec)
exp027-n2048-k16-d140-bs50-f1.000-r00:007846.214: Loop 39/100
exp027-n2048-k16-d140-bs50-f1.000-r00:008006.631: log(exp-norms): [2047.94, 2049.73, 2050.76]
exp027-n2048-k16-d140-bs50-f1.000-r00:008006.631: log(norms):     [2047.94, 2050.51, 2051.63, 2051.65, 2051.73, 2051.67, 2051.74, 2051.73, 2051.61, 2051.83]
exp027-n2048-k16-d140-bs50-f1.000-r00:008006.650: (161 sec)
exp027-n2048-k16-d140-bs50-f1.000-r00:008006.650: Loop 40/100
exp027-n2048-k16-d140-bs50-f1.000-r00:008123.665: log(exp-norms): [2047.94, 2049.73, 2050.76]
exp027-n2048-k16-d140-bs50-f1.000-r00:008123.665: log(norms):     [2047.94, 2050.51, 2051.63, 2051.65, 2051.73, 2051.67, 2051.74, 2051.73, 2051.61, 2051.82]
exp027-n2048-k16-d140-bs50-f1.000-r00:008123.680: (118 sec)
exp027-n2048-k16-d140-bs50-f1.000-r00:008123.680: Loop 41/100
exp027-n2048-k16-d140-bs50-f1.000-r00:008251.543: log(exp-norms): [2047.94, 2049.73, 2050.76]
exp027-n2048-k16-d140-bs50-f1.000-r00:008251.543: log(norms):     [2047.94, 2050.51, 2051.63, 2051.65, 2051.73, 2051.67, 2051.74, 2051.73, 2051.61, 2051.82]
exp027-n2048-k16-d140-bs50-f1.000-r00:008251.558: (128 sec)
exp027-n2048-k16-d140-bs50-f1.000-r00:008251.558: Loop 42/100
exp027-n2048-k16-d140-bs50-f1.000-r00:008376.792: log(exp-norms): [2047.94, 2049.73, 2050.76]
exp027-n2048-k16-d140-bs50-f1.000-r00:008376.792: log(norms):     [2047.94, 2050.51, 2051.63, 2051.65, 2051.73, 2051.67, 2051.74, 2051.73, 2051.61, 2051.82]
exp027-n2048-k16-d140-bs50-f1.000-r00:008376.807: (126 sec)
exp027-n2048-k16-d140-bs50-f1.000-r00:008376.807: Loop 43/100
exp027-n2048-k16-d140-bs50-f1.000-r00:008503.464: log(exp-norms): [2047.94, 2049.73, 2050.76]
exp027-n2048-k16-d140-bs50-f1.000-r00:008503.464: log(norms):     [2047.94, 2050.51, 2051.63, 2051.65, 2051.73, 2051.67, 2051.74, 2051.73, 2051.61, 2051.82]
exp027-n2048-k16-d140-bs50-f1.000-r00:008503.479: (127 sec)
exp027-n2048-k16-d140-bs50-f1.000-r00:008503.479: Loop 44/100
exp027-n2048-k16-d140-bs50-f1.000-r00:008624.238: log(exp-norms): [2047.94, 2049.73, 2050.76]
exp027-n2048-k16-d140-bs50-f1.000-r00:008624.238: log(norms):     [2047.94, 2050.51, 2051.63, 2051.65, 2051.73, 2051.67, 2051.74, 2051.73, 2051.61, 2051.82]
exp027-n2048-k16-d140-bs50-f1.000-r00:008624.254: (121 sec)
exp027-n2048-k16-d140-bs50-f1.000-r00:008624.254: Loop 45/100
exp027-n2048-k16-d140-bs50-f1.000-r00:008737.942: log(exp-norms): [2047.94, 2049.73, 2050.76]
exp027-n2048-k16-d140-bs50-f1.000-r00:008737.942: log(norms):     [2047.94, 2050.51, 2051.63, 2051.65, 2051.73, 2051.67, 2051.74, 2051.73, 2051.61, 2051.82]
exp027-n2048-k16-d140-bs50-f1.000-r00:008737.958: (114 sec)
exp027-n2048-k16-d140-bs50-f1.000-r00:008737.958: Loop 46/100
exp027-n2048-k16-d140-bs50-f1.000-r00:008863.579: log(exp-norms): [2047.94, 2049.73, 2050.76]
exp027-n2048-k16-d140-bs50-f1.000-r00:008863.579: log(norms):     [2047.94, 2050.51, 2051.63, 2051.65, 2051.73, 2051.67, 2051.74, 2051.73, 2051.61, 2051.82]
exp027-n2048-k16-d140-bs50-f1.000-r00:008863.594: (126 sec)
exp027-n2048-k16-d140-bs50-f1.000-r00:008863.594: Loop 47/100
exp027-n2048-k16-d140-bs50-f1.000-r00:009021.720: log(exp-norms): [2047.94, 2049.73, 2050.76]
exp027-n2048-k16-d140-bs50-f1.000-r00:009021.721: log(norms):     [2047.94, 2050.51, 2051.63, 2051.65, 2051.73, 2051.67, 2051.74, 2051.73, 2051.61, 2051.82]
exp027-n2048-k16-d140-bs50-f1.000-r00:009021.745: (159 sec)
exp027-n2048-k16-d140-bs50-f1.000-r00:009021.745: Loop 48/100
exp027-n2048-k16-d140-bs50-f1.000-r00:009202.193: log(exp-norms): [2047.94, 2049.73, 2050.76]
exp027-n2048-k16-d140-bs50-f1.000-r00:009202.193: log(norms):     [2047.94, 2050.51, 2051.63, 2051.65, 2051.73, 2051.67, 2051.72, 2051.74, 2051.73, 2051.61]
exp027-n2048-k16-d140-bs50-f1.000-r00:009202.217: (181 sec)
exp027-n2048-k16-d140-bs50-f1.000-r00:009202.217: Loop 49/100
exp027-n2048-k16-d140-bs50-f1.000-r00:009334.604: log(exp-norms): [2047.94, 2049.73, 2050.76]
exp027-n2048-k16-d140-bs50-f1.000-r00:009334.604: log(norms):     [2047.94, 2050.51, 2051.63, 2051.65, 2051.73, 2051.67, 2051.72, 2051.74, 2051.73, 2051.61]
exp027-n2048-k16-d140-bs50-f1.000-r00:009334.629: (133 sec)
exp027-n2048-k16-d140-bs50-f1.000-r00:009334.629: Loop 50/100
exp027-n2048-k16-d140-bs50-f1.000-r00:009454.335: log(exp-norms): [2047.94, 2049.73, 2050.76]
exp027-n2048-k16-d140-bs50-f1.000-r00:009454.335: log(norms):     [2047.94, 2050.51, 2051.63, 2051.65, 2051.73, 2051.67, 2051.72, 2051.74, 2051.73, 2051.61]
exp027-n2048-k16-d140-bs50-f1.000-r00:009454.350: (120 sec)
exp027-n2048-k16-d140-bs50-f1.000-r00:009454.350: Loop 51/100
exp027-n2048-k16-d140-bs50-f1.000-r00:009625.908: log(exp-norms): [2047.94, 2049.73, 2050.76]
exp027-n2048-k16-d140-bs50-f1.000-r00:009625.908: log(norms):     [2047.94, 2050.51, 2051.63, 2051.65, 2051.73, 2051.67, 2051.72, 2051.74, 2051.73, 2051.61]
exp027-n2048-k16-d140-bs50-f1.000-r00:009625.933: (172 sec)
exp027-n2048-k16-d140-bs50-f1.000-r00:009625.933: Loop 52/100
exp027-n2048-k16-d140-bs50-f1.000-r00:009804.604: log(exp-norms): [2047.94, 2049.73, 2050.76]
exp027-n2048-k16-d140-bs50-f1.000-r00:009804.604: log(norms):     [2047.94, 2050.51, 2051.63, 2051.65, 2051.73, 2051.67, 2051.72, 2051.74, 2051.73, 2051.61]
exp027-n2048-k16-d140-bs50-f1.000-r00:009804.629: (179 sec)
exp027-n2048-k16-d140-bs50-f1.000-r00:009804.629: Loop 53/100
exp027-n2048-k16-d140-bs50-f1.000-r00:009941.768: log(exp-norms): [2047.94, 2049.73, 2050.76]
exp027-n2048-k16-d140-bs50-f1.000-r00:009941.768: log(norms):     [2047.94, 2050.51, 2051.63, 2051.65, 2051.73, 2051.67, 2051.72, 2051.74, 2051.73, 2051.61]
exp027-n2048-k16-d140-bs50-f1.000-r00:009941.782: (138 sec)
exp027-n2048-k16-d140-bs50-f1.000-r00:009941.783: Loop 54/100
exp027-n2048-k16-d140-bs50-f1.000-r00:010059.277: log(exp-norms): [2047.94, 2049.73, 2050.76]
exp027-n2048-k16-d140-bs50-f1.000-r00:010059.277: log(norms):     [2047.94, 2050.51, 2051.63, 2051.65, 2051.73, 2051.67, 2051.72, 2051.74, 2051.73, 2051.61]
exp027-n2048-k16-d140-bs50-f1.000-r00:010059.292: (118 sec)
exp027-n2048-k16-d140-bs50-f1.000-r00:010059.292: Loop 55/100
exp027-n2048-k16-d140-bs50-f1.000-r00:010181.972: log(exp-norms): [2047.94, 2049.73, 2050.76]
exp027-n2048-k16-d140-bs50-f1.000-r00:010181.972: log(norms):     [2047.94, 2050.51, 2051.63, 2051.65, 2051.73, 2051.67, 2051.72, 2051.74, 2051.73, 2051.61]
exp027-n2048-k16-d140-bs50-f1.000-r00:010181.987: (123 sec)
exp027-n2048-k16-d140-bs50-f1.000-r00:010181.987: Loop 56/100
exp027-n2048-k16-d140-bs50-f1.000-r00:010297.316: log(exp-norms): [2047.94, 2049.73, 2050.76]
exp027-n2048-k16-d140-bs50-f1.000-r00:010297.316: log(norms):     [2047.94, 2050.51, 2051.57, 2051.63, 2051.65, 2051.73, 2051.72, 2051.67, 2051.74, 2051.73]
exp027-n2048-k16-d140-bs50-f1.000-r00:010297.341: (116 sec)
exp027-n2048-k16-d140-bs50-f1.000-r00:010297.341: Loop 57/100
exp027-n2048-k16-d140-bs50-f1.000-r00:010431.809: log(exp-norms): [2047.94, 2049.73, 2050.76]
exp027-n2048-k16-d140-bs50-f1.000-r00:010431.809: log(norms):     [2047.94, 2050.51, 2051.57, 2051.63, 2051.65, 2051.73, 2051.72, 2051.67, 2051.74, 2051.73]
exp027-n2048-k16-d140-bs50-f1.000-r00:010431.824: (135 sec)
exp027-n2048-k16-d140-bs50-f1.000-r00:010431.824: Loop 58/100
exp027-n2048-k16-d140-bs50-f1.000-r00:010554.730: log(exp-norms): [2047.94, 2049.73, 2050.76]
exp027-n2048-k16-d140-bs50-f1.000-r00:010554.730: log(norms):     [2047.94, 2050.51, 2051.57, 2051.63, 2051.65, 2051.73, 2051.72, 2051.67, 2051.74, 2051.73]
exp027-n2048-k16-d140-bs50-f1.000-r00:010554.745: (123 sec)
exp027-n2048-k16-d140-bs50-f1.000-r00:010554.745: Loop 59/100
exp027-n2048-k16-d140-bs50-f1.000-r00:010676.862: log(exp-norms): [2047.94, 2049.73, 2050.76]
exp027-n2048-k16-d140-bs50-f1.000-r00:010676.862: log(norms):     [2047.94, 2050.51, 2051.57, 2051.63, 2051.65, 2051.73, 2051.72, 2051.67, 2051.74, 2051.73]
exp027-n2048-k16-d140-bs50-f1.000-r00:010676.877: (123 sec)
exp027-n2048-k16-d140-bs50-f1.000-r00:010676.877: Loop 60/100
exp027-n2048-k16-d140-bs50-f1.000-r00:010835.872: log(exp-norms): [2047.94, 2049.73, 2050.76]
exp027-n2048-k16-d140-bs50-f1.000-r00:010835.873: log(norms):     [2047.94, 2050.51, 2051.57, 2051.63, 2051.65, 2051.73, 2051.72, 2051.67, 2051.74, 2051.73]
exp027-n2048-k16-d140-bs50-f1.000-r00:010835.898: (160 sec)
exp027-n2048-k16-d140-bs50-f1.000-r00:010835.898: Loop 61/100
exp027-n2048-k16-d140-bs50-f1.000-r00:010955.328: log(exp-norms): [2047.94, 2049.73, 2050.76]
exp027-n2048-k16-d140-bs50-f1.000-r00:010955.328: log(norms):     [2047.94, 2050.51, 2051.57, 2051.63, 2051.65, 2051.73, 2051.72, 2051.67, 2051.74, 2051.73]
exp027-n2048-k16-d140-bs50-f1.000-r00:010955.343: (120 sec)
exp027-n2048-k16-d140-bs50-f1.000-r00:010955.343: Loop 62/100
exp027-n2048-k16-d140-bs50-f1.000-r00:011100.270: log(exp-norms): [2047.94, 2049.73, 2050.76]
exp027-n2048-k16-d140-bs50-f1.000-r00:011100.271: log(norms):     [2047.94, 2050.51, 2051.57, 2051.63, 2051.65, 2051.73, 2051.72, 2051.67, 2051.74, 2051.73]
exp027-n2048-k16-d140-bs50-f1.000-r00:011100.285: (145 sec)
exp027-n2048-k16-d140-bs50-f1.000-r00:011100.286: Loop 63/100
exp027-n2048-k16-d140-bs50-f1.000-r00:011255.976: log(exp-norms): [2047.94, 2049.73, 2050.76]
exp027-n2048-k16-d140-bs50-f1.000-r00:011255.976: log(norms):     [2047.94, 2050.51, 2051.57, 2051.63, 2051.65, 2051.73, 2051.72, 2051.67, 2051.74, 2051.73]
exp027-n2048-k16-d140-bs50-f1.000-r00:011256.001: (156 sec)
exp027-n2048-k16-d140-bs50-f1.000-r00:011256.001: Loop 64/100
exp027-n2048-k16-d140-bs50-f1.000-r00:011423.208: log(exp-norms): [2047.94, 2049.73, 2050.76]
exp027-n2048-k16-d140-bs50-f1.000-r00:011423.209: log(norms):     [2047.94, 2050.51, 2051.57, 2051.63, 2051.65, 2051.73, 2051.72, 2051.67, 2051.74, 2051.73]
exp027-n2048-k16-d140-bs50-f1.000-r00:011423.234: (168 sec)
exp027-n2048-k16-d140-bs50-f1.000-r00:011423.234: Loop 65/100
exp027-n2048-k16-d140-bs50-f1.000-r00:011553.567: log(exp-norms): [2047.94, 2049.73, 2050.76]
exp027-n2048-k16-d140-bs50-f1.000-r00:011553.567: log(norms):     [2047.94, 2050.51, 2051.57, 2051.63, 2051.65, 2051.73, 2051.72, 2051.67, 2051.74, 2051.73]
exp027-n2048-k16-d140-bs50-f1.000-r00:011553.582: (131 sec)
exp027-n2048-k16-d140-bs50-f1.000-r00:011553.582: Loop 66/100
exp027-n2048-k16-d140-bs50-f1.000-r00:011673.113: log(exp-norms): [2047.94, 2049.73, 2050.76]
exp027-n2048-k16-d140-bs50-f1.000-r00:011673.113: log(norms):     [2047.94, 2050.51, 2051.57, 2051.63, 2051.65, 2051.73, 2051.72, 2051.67, 2051.74, 2051.73]
exp027-n2048-k16-d140-bs50-f1.000-r00:011673.128: (120 sec)
exp027-n2048-k16-d140-bs50-f1.000-r00:011673.128: Loop 67/100
exp027-n2048-k16-d140-bs50-f1.000-r00:011779.127: log(exp-norms): [2047.94, 2049.73, 2050.76]
exp027-n2048-k16-d140-bs50-f1.000-r00:011779.128: log(norms):     [2047.94, 2050.51, 2051.57, 2051.63, 2051.65, 2051.73, 2051.72, 2051.67, 2051.74, 2051.73]
exp027-n2048-k16-d140-bs50-f1.000-r00:011779.142: (107 sec)
exp027-n2048-k16-d140-bs50-f1.000-r00:011779.143: Loop 68/100
exp027-n2048-k16-d140-bs50-f1.000-r00:011895.968: log(exp-norms): [2047.94, 2049.73, 2050.76]
exp027-n2048-k16-d140-bs50-f1.000-r00:011895.968: log(norms):     [2047.94, 2050.51, 2051.57, 2051.63, 2051.65, 2051.73, 2051.72, 2051.67, 2051.74, 2051.73]
exp027-n2048-k16-d140-bs50-f1.000-r00:011895.983: (117 sec)
exp027-n2048-k16-d140-bs50-f1.000-r00:011895.983: Loop 69/100
exp027-n2048-k16-d140-bs50-f1.000-r00:012010.301: log(exp-norms): [2047.94, 2049.73, 2050.76]
exp027-n2048-k16-d140-bs50-f1.000-r00:012010.302: log(norms):     [2047.94, 2050.51, 2051.57, 2051.63, 2051.65, 2051.73, 2051.72, 2051.67, 2051.74, 2051.73]
exp027-n2048-k16-d140-bs50-f1.000-r00:012010.316: (115 sec)
exp027-n2048-k16-d140-bs50-f1.000-r00:012010.317: Loop 70/100
exp027-n2048-k16-d140-bs50-f1.000-r00:012122.478: log(exp-norms): [2047.94, 2049.73, 2050.76]
exp027-n2048-k16-d140-bs50-f1.000-r00:012122.478: log(norms):     [2047.94, 2050.51, 2051.57, 2051.63, 2051.65, 2051.73, 2051.72, 2051.67, 2051.74, 2051.73]
exp027-n2048-k16-d140-bs50-f1.000-r00:012122.493: (113 sec)
exp027-n2048-k16-d140-bs50-f1.000-r00:012122.493: Loop 71/100
exp027-n2048-k16-d140-bs50-f1.000-r00:012245.525: log(exp-norms): [2047.94, 2049.73, 2050.76]
exp027-n2048-k16-d140-bs50-f1.000-r00:012245.525: log(norms):     [2047.94, 2050.51, 2051.57, 2051.63, 2051.65, 2051.73, 2051.72, 2051.67, 2051.74, 2051.73]
exp027-n2048-k16-d140-bs50-f1.000-r00:012245.539: (124 sec)
exp027-n2048-k16-d140-bs50-f1.000-r00:012245.540: Loop 72/100
exp027-n2048-k16-d140-bs50-f1.000-r00:012362.772: log(exp-norms): [2047.94, 2049.73, 2050.76]
exp027-n2048-k16-d140-bs50-f1.000-r00:012362.773: log(norms):     [2047.94, 2050.51, 2051.57, 2051.63, 2051.65, 2051.73, 2051.72, 2051.67, 2051.74, 2051.73]
exp027-n2048-k16-d140-bs50-f1.000-r00:012362.788: (118 sec)
exp027-n2048-k16-d140-bs50-f1.000-r00:012362.788: Loop 73/100
exp027-n2048-k16-d140-bs50-f1.000-r00:012467.836: log(exp-norms): [2047.94, 2049.73, 2050.76]
exp027-n2048-k16-d140-bs50-f1.000-r00:012467.836: log(norms):     [2047.94, 2050.51, 2051.57, 2051.63, 2051.65, 2051.73, 2051.72, 2051.67, 2051.74, 2051.73]
exp027-n2048-k16-d140-bs50-f1.000-r00:012467.851: (106 sec)
exp027-n2048-k16-d140-bs50-f1.000-r00:012467.851: Loop 74/100
exp027-n2048-k16-d140-bs50-f1.000-r00:012588.005: log(exp-norms): [2047.94, 2049.73, 2050.76]
exp027-n2048-k16-d140-bs50-f1.000-r00:012588.005: log(norms):     [2047.94, 2050.51, 2051.57, 2051.63, 2051.65, 2051.73, 2051.72, 2051.67, 2051.74, 2051.73]
exp027-n2048-k16-d140-bs50-f1.000-r00:012588.021: (121 sec)
exp027-n2048-k16-d140-bs50-f1.000-r00:012588.021: Loop 75/100
exp027-n2048-k16-d140-bs50-f1.000-r00:012707.062: log(exp-norms): [2047.94, 2049.73, 2050.76]
exp027-n2048-k16-d140-bs50-f1.000-r00:012707.062: log(norms):     [2047.94, 2050.51, 2051.57, 2051.63, 2051.65, 2051.73, 2051.72, 2051.67, 2051.74, 2051.73]
exp027-n2048-k16-d140-bs50-f1.000-r00:012707.077: (120 sec)
exp027-n2048-k16-d140-bs50-f1.000-r00:012707.077: Loop 76/100
exp027-n2048-k16-d140-bs50-f1.000-r00:012822.324: log(exp-norms): [2047.94, 2049.73, 2050.76]
exp027-n2048-k16-d140-bs50-f1.000-r00:012822.324: log(norms):     [2047.94, 2050.51, 2051.57, 2051.63, 2051.65, 2051.73, 2051.72, 2051.67, 2051.74, 2051.73]
exp027-n2048-k16-d140-bs50-f1.000-r00:012822.339: (116 sec)
exp027-n2048-k16-d140-bs50-f1.000-r00:012822.339: Loop 77/100
exp027-n2048-k16-d140-bs50-f1.000-r00:012941.680: log(exp-norms): [2047.94, 2049.73, 2050.76]
exp027-n2048-k16-d140-bs50-f1.000-r00:012941.681: log(norms):     [2047.94, 2050.51, 2051.57, 2051.63, 2051.65, 2051.73, 2051.72, 2051.67, 2051.74, 2051.73]
exp027-n2048-k16-d140-bs50-f1.000-r00:012941.695: (120 sec)
exp027-n2048-k16-d140-bs50-f1.000-r00:012941.696: Loop 78/100
exp027-n2048-k16-d140-bs50-f1.000-r00:013053.554: log(exp-norms): [2047.94, 2049.73, 2050.76]
exp027-n2048-k16-d140-bs50-f1.000-r00:013053.554: log(norms):     [2047.94, 2050.51, 2051.57, 2051.63, 2051.65, 2051.73, 2051.72, 2051.67, 2051.74, 2051.73]
exp027-n2048-k16-d140-bs50-f1.000-r00:013053.569: (112 sec)
exp027-n2048-k16-d140-bs50-f1.000-r00:013053.569: Loop 79/100
exp027-n2048-k16-d140-bs50-f1.000-r00:013172.390: log(exp-norms): [2047.94, 2049.73, 2050.76]
exp027-n2048-k16-d140-bs50-f1.000-r00:013172.390: log(norms):     [2047.94, 2050.51, 2051.57, 2051.63, 2051.65, 2051.73, 2051.72, 2051.67, 2051.74, 2051.73]
exp027-n2048-k16-d140-bs50-f1.000-r00:013172.405: (119 sec)
exp027-n2048-k16-d140-bs50-f1.000-r00:013172.405: Loop 80/100
exp027-n2048-k16-d140-bs50-f1.000-r00:013271.375: log(exp-norms): [2047.94, 2049.73, 2050.76]
exp027-n2048-k16-d140-bs50-f1.000-r00:013271.375: log(norms):     [2047.94, 2050.51, 2051.57, 2051.63, 2051.65, 2051.73, 2051.72, 2051.67, 2051.74, 2051.73]
exp027-n2048-k16-d140-bs50-f1.000-r00:013271.390: (99 sec)
exp027-n2048-k16-d140-bs50-f1.000-r00:013271.390: Loop 81/100
exp027-n2048-k16-d140-bs50-f1.000-r00:013383.788: log(exp-norms): [2047.94, 2049.73, 2050.76]
exp027-n2048-k16-d140-bs50-f1.000-r00:013383.788: log(norms):     [2047.94, 2050.51, 2051.57, 2051.63, 2051.65, 2051.73, 2051.72, 2051.67, 2051.74, 2051.73]
exp027-n2048-k16-d140-bs50-f1.000-r00:013383.803: (113 sec)
exp027-n2048-k16-d140-bs50-f1.000-r00:013383.803: Loop 82/100
exp027-n2048-k16-d140-bs50-f1.000-r00:013486.398: log(exp-norms): [2047.94, 2049.73, 2050.76]
exp027-n2048-k16-d140-bs50-f1.000-r00:013486.398: log(norms):     [2047.94, 2050.51, 2051.57, 2051.63, 2051.65, 2051.73, 2051.72, 2051.67, 2051.74, 2051.73]
exp027-n2048-k16-d140-bs50-f1.000-r00:013486.413: (103 sec)
exp027-n2048-k16-d140-bs50-f1.000-r00:013486.413: Loop 83/100
exp027-n2048-k16-d140-bs50-f1.000-r00:013603.325: log(exp-norms): [2047.94, 2049.73, 2050.76]
exp027-n2048-k16-d140-bs50-f1.000-r00:013603.325: log(norms):     [2047.94, 2050.51, 2051.57, 2051.63, 2051.65, 2051.73, 2051.72, 2051.67, 2051.74, 2051.73]
exp027-n2048-k16-d140-bs50-f1.000-r00:013603.340: (117 sec)
exp027-n2048-k16-d140-bs50-f1.000-r00:013603.341: Loop 84/100
exp027-n2048-k16-d140-bs50-f1.000-r00:013717.505: log(exp-norms): [2047.94, 2049.73, 2050.76]
exp027-n2048-k16-d140-bs50-f1.000-r00:013717.505: log(norms):     [2047.94, 2050.51, 2051.57, 2051.63, 2051.65, 2051.73, 2051.72, 2051.67, 2051.74, 2051.73]
exp027-n2048-k16-d140-bs50-f1.000-r00:013717.521: (115 sec)
exp027-n2048-k16-d140-bs50-f1.000-r00:013717.521: Loop 85/100
exp027-n2048-k16-d140-bs50-f1.000-r00:013839.478: log(exp-norms): [2047.94, 2049.73, 2050.76]
exp027-n2048-k16-d140-bs50-f1.000-r00:013839.478: log(norms):     [2047.94, 2050.51, 2051.57, 2051.61, 2051.65, 2051.69, 2051.65, 2051.63, 2051.82, 2051.74]
exp027-n2048-k16-d140-bs50-f1.000-r00:013839.493: (122 sec)
exp027-n2048-k16-d140-bs50-f1.000-r00:013839.493: Loop 86/100
exp027-n2048-k16-d140-bs50-f1.000-r00:013962.409: log(exp-norms): [2047.94, 2049.73, 2050.76]
exp027-n2048-k16-d140-bs50-f1.000-r00:013962.409: log(norms):     [2047.94, 2050.51, 2051.57, 2051.61, 2051.65, 2051.69, 2051.65, 2051.63, 2051.84, 2051.82]
exp027-n2048-k16-d140-bs50-f1.000-r00:013962.424: (123 sec)
exp027-n2048-k16-d140-bs50-f1.000-r00:013962.424: Loop 87/100
exp027-n2048-k16-d140-bs50-f1.000-r00:014080.386: log(exp-norms): [2047.94, 2049.73, 2050.76]
exp027-n2048-k16-d140-bs50-f1.000-r00:014080.387: log(norms):     [2047.94, 2050.51, 2051.57, 2051.61, 2051.65, 2051.69, 2051.65, 2051.63, 2051.84, 2051.85]
exp027-n2048-k16-d140-bs50-f1.000-r00:014080.401: (118 sec)
exp027-n2048-k16-d140-bs50-f1.000-r00:014080.402: Loop 88/100
exp027-n2048-k16-d140-bs50-f1.000-r00:014202.422: log(exp-norms): [2047.94, 2049.73, 2050.76]
exp027-n2048-k16-d140-bs50-f1.000-r00:014202.423: log(norms):     [2047.94, 2050.51, 2051.57, 2051.61, 2051.65, 2051.69, 2051.65, 2051.63, 2051.84, 2051.85]
exp027-n2048-k16-d140-bs50-f1.000-r00:014202.438: (123 sec)
exp027-n2048-k16-d140-bs50-f1.000-r00:014202.438: Loop 89/100
exp027-n2048-k16-d140-bs50-f1.000-r00:014328.420: log(exp-norms): [2047.94, 2049.73, 2050.76]
exp027-n2048-k16-d140-bs50-f1.000-r00:014328.420: log(norms):     [2047.94, 2050.51, 2051.57, 2051.61, 2051.63, 2051.65, 2051.76, 2051.71, 2051.69, 2051.67]
exp027-n2048-k16-d140-bs50-f1.000-r00:014328.435: (126 sec)
exp027-n2048-k16-d140-bs50-f1.000-r00:014328.435: Loop 90/100
exp027-n2048-k16-d140-bs50-f1.000-r00:014455.240: log(exp-norms): [2047.94, 2049.73, 2050.76]
exp027-n2048-k16-d140-bs50-f1.000-r00:014455.240: log(norms):     [2047.94, 2050.51, 2051.57, 2051.61, 2051.63, 2051.8, 2051.71, 2051.76, 2051.65, 2051.76]
exp027-n2048-k16-d140-bs50-f1.000-r00:014455.255: (127 sec)
exp027-n2048-k16-d140-bs50-f1.000-r00:014455.255: Loop 91/100
exp027-n2048-k16-d140-bs50-f1.000-r00:014575.283: log(exp-norms): [2047.94, 2049.73, 2050.76]
exp027-n2048-k16-d140-bs50-f1.000-r00:014575.283: log(norms):     [2047.94, 2050.51, 2051.57, 2051.61, 2051.63, 2051.8, 2051.71, 2051.76, 2051.76, 2051.65]
exp027-n2048-k16-d140-bs50-f1.000-r00:014575.298: (121 sec)
exp027-n2048-k16-d140-bs50-f1.000-r00:014575.298: Loop 92/100
exp027-n2048-k16-d140-bs50-f1.000-r00:014693.881: log(exp-norms): [2047.94, 2049.73, 2050.76]
exp027-n2048-k16-d140-bs50-f1.000-r00:014693.881: log(norms):     [2047.94, 2050.51, 2051.57, 2051.61, 2051.63, 2051.8, 2051.71, 2051.76, 2051.76, 2051.65]
exp027-n2048-k16-d140-bs50-f1.000-r00:014693.896: (119 sec)
exp027-n2048-k16-d140-bs50-f1.000-r00:014693.896: Loop 93/100
exp027-n2048-k16-d140-bs50-f1.000-r00:014816.115: log(exp-norms): [2047.94, 2049.73, 2050.76]
exp027-n2048-k16-d140-bs50-f1.000-r00:014816.115: log(norms):     [2047.94, 2050.51, 2051.57, 2051.61, 2051.63, 2051.8, 2051.9, 2051.89, 2051.76, 2051.65]
exp027-n2048-k16-d140-bs50-f1.000-r00:014816.130: (123 sec)
exp027-n2048-k16-d140-bs50-f1.000-r00:014816.131: Loop 94/100
exp027-n2048-k16-d140-bs50-f1.000-r00:014941.426: log(exp-norms): [2047.94, 2049.73, 2050.76]
exp027-n2048-k16-d140-bs50-f1.000-r00:014941.426: log(norms):     [2047.94, 2050.51, 2051.57, 2051.61, 2051.63, 2051.8, 2051.9, 2051.89, 2051.76, 2051.65]
exp027-n2048-k16-d140-bs50-f1.000-r00:014941.441: (126 sec)
exp027-n2048-k16-d140-bs50-f1.000-r00:014941.441: Loop 95/100
exp027-n2048-k16-d140-bs50-f1.000-r00:015060.743: log(exp-norms): [2047.94, 2049.73, 2050.76]
exp027-n2048-k16-d140-bs50-f1.000-r00:015060.743: log(norms):     [2047.94, 2050.51, 2051.57, 2051.61, 2051.63, 2051.8, 2051.9, 2051.64, 2051.89, 2051.76]
exp027-n2048-k16-d140-bs50-f1.000-r00:015060.758: (120 sec)
exp027-n2048-k16-d140-bs50-f1.000-r00:015060.758: Loop 96/100
exp027-n2048-k16-d140-bs50-f1.000-r00:015187.862: log(exp-norms): [2047.94, 2049.73, 2050.76]
exp027-n2048-k16-d140-bs50-f1.000-r00:015187.863: log(norms):     [2047.94, 2050.51, 2051.57, 2051.61, 2051.63, 2051.8, 2051.9, 2051.64, 2051.89, 2051.76]
exp027-n2048-k16-d140-bs50-f1.000-r00:015187.877: (128 sec)
exp027-n2048-k16-d140-bs50-f1.000-r00:015187.877: Loop 97/100
exp027-n2048-k16-d140-bs50-f1.000-r00:015311.138: log(exp-norms): [2047.94, 2049.73, 2050.76]
exp027-n2048-k16-d140-bs50-f1.000-r00:015311.139: log(norms):     [2047.94, 2050.51, 2051.57, 2051.61, 2051.63, 2051.8, 2051.9, 2051.64, 2051.89, 2051.69]
exp027-n2048-k16-d140-bs50-f1.000-r00:015311.154: (124 sec)
exp027-n2048-k16-d140-bs50-f1.000-r00:015311.154: Loop 98/100
exp027-n2048-k16-d140-bs50-f1.000-r00:015431.629: log(exp-norms): [2047.94, 2049.73, 2050.76]
exp027-n2048-k16-d140-bs50-f1.000-r00:015431.629: log(norms):     [2047.94, 2050.51, 2051.57, 2051.61, 2051.63, 2051.8, 2051.9, 2051.64, 2051.89, 2051.69]
exp027-n2048-k16-d140-bs50-f1.000-r00:015431.643: (121 sec)
exp027-n2048-k16-d140-bs50-f1.000-r00:015431.644: Loop 99/100
exp027-n2048-k16-d140-bs50-f1.000-r00:015548.464: log(exp-norms): [2047.94, 2049.73, 2050.76]
exp027-n2048-k16-d140-bs50-f1.000-r00:015548.464: log(norms):     [2047.94, 2050.51, 2051.57, 2051.61, 2051.63, 2051.8, 2051.9, 2051.64, 2051.89, 2051.69]
exp027-n2048-k16-d140-bs50-f1.000-r00:015548.479: (117 sec)
exp027-n2048-k16-d140-bs50-f1.000-r00:015548.479: Loop 100/100
exp027-n2048-k16-d140-bs50-f1.000-r00:015668.327: log(exp-norms): [2047.94, 2049.73, 2050.76]
exp027-n2048-k16-d140-bs50-f1.000-r00:015668.327: log(norms):     [2047.94, 2050.51, 2051.57, 2051.61, 2051.63, 2051.8, 2051.9, 2051.64, 2051.89, 2051.69]
exp027-n2048-k16-d140-bs50-f1.000-r00:015668.342: (120 sec)
exp027-n2048-k16-d140-bs50-f1.000-r00:015668.342: ==========================Summary===========================
exp027-n2048-k16-d140-bs50-f1.000-r00:015668.342: Total time: 15668sec
exp027-n2048-k16-d140-bs50-f1.000-r00:015668.342: FAIL
exp027-n2048-k16-d140-bs50-f1.000-r00:015668.342: SUMMARY:n:2048:k:16:d:140:bs:50:t:15668:r:False
