exp012-n2048-k12-d220-bs50-f1.000-r00:000000.261: ==========================Instance==========================
exp012-n2048-k12-d220-bs50-f1.000-r00:000000.262: # of equations: 220
exp012-n2048-k12-d220-bs50-f1.000-r00:000000.265: Gap: 5.09
exp012-n2048-k12-d220-bs50-f1.000-r00:000000.273: Tau: 7.20
exp012-n2048-k12-d220-bs50-f1.000-r00:000000.274: ======================BKZ-50 reduction======================
exp012-n2048-k12-d220-bs50-f1.000-r00:000006.198: Expectedly achievable log(norm): 2054.39
exp012-n2048-k12-d220-bs50-f1.000-r00:000010.149: log(exp-norms): [2047.94, 2050.05, 2052.4]
exp012-n2048-k12-d220-bs50-f1.000-r00:000010.149: log(norms):     [2063.04, 2050.84, 2059.89, 2059.89, 2059.89, 2059.89, 2059.89, 2059.89, 2059.89, 2059.89]
exp012-n2048-k12-d220-bs50-f1.000-r00:000010.209: Loop 1/100
exp012-n2048-k12-d220-bs50-f1.000-r00:004022.799: log(exp-norms): [2047.94, 2050.05, 2052.4]
exp012-n2048-k12-d220-bs50-f1.000-r00:004022.800: log(norms):     [2050.84, 2057.11, 2057.18, 2057.13, 2057.23, 2057.14, 2057.34, 2057.06, 2057.16, 2057.18]
exp012-n2048-k12-d220-bs50-f1.000-r00:004022.836: (4013 sec)
exp012-n2048-k12-d220-bs50-f1.000-r00:004022.836: Loop 2/100
exp012-n2048-k12-d220-bs50-f1.000-r00:004823.387: log(exp-norms): [2047.94, 2050.05, 2052.4]
exp012-n2048-k12-d220-bs50-f1.000-r00:004823.387: log(norms):     [2050.84, 2056.43, 2056.47, 2056.38, 2056.45, 2056.63, 2056.52, 2056.52, 2056.53, 2056.72]
exp012-n2048-k12-d220-bs50-f1.000-r00:004823.412: (801 sec)
exp012-n2048-k12-d220-bs50-f1.000-r00:004823.412: Loop 3/100
exp012-n2048-k12-d220-bs50-f1.000-r00:005578.686: log(exp-norms): [2047.94, 2050.05, 2052.4]
exp012-n2048-k12-d220-bs50-f1.000-r00:005578.686: log(norms):     [2050.84, 2056.17, 2056.22, 2056.17, 2056.25, 2056.31, 2056.24, 2056.25, 2056.26, 2056.21]
exp012-n2048-k12-d220-bs50-f1.000-r00:005578.711: (756 sec)
exp012-n2048-k12-d220-bs50-f1.000-r00:005578.711: Loop 4/100
exp012-n2048-k12-d220-bs50-f1.000-r00:006386.086: log(exp-norms): [2047.94, 2050.05, 2052.4]
exp012-n2048-k12-d220-bs50-f1.000-r00:006386.087: log(norms):     [2047.94, 2050.84, 2055.8, 2055.84, 2055.81, 2055.88, 2056.02, 2055.83, 2055.95, 2055.89]
exp012-n2048-k12-d220-bs50-f1.000-r00:006386.124: (808 sec)
exp012-n2048-k12-d220-bs50-f1.000-r00:006386.124: Loop 5/100
exp012-n2048-k12-d220-bs50-f1.000-r00:007046.508: log(exp-norms): [2047.94, 2050.05, 2052.4]
exp012-n2048-k12-d220-bs50-f1.000-r00:007046.508: log(norms):     [2047.94, 2050.84, 2055.37, 2055.49, 2055.62, 2055.6, 2055.54, 2055.55, 2055.51, 2055.64]
exp012-n2048-k12-d220-bs50-f1.000-r00:007046.532: (661 sec)
exp012-n2048-k12-d220-bs50-f1.000-r00:007046.532: Loop 6/100
exp012-n2048-k12-d220-bs50-f1.000-r00:007642.209: log(exp-norms): [2047.94, 2050.05, 2052.4]
exp012-n2048-k12-d220-bs50-f1.000-r00:007642.209: log(norms):     [2047.94, 2050.84, 2055.18, 2055.39, 2055.3, 2055.3, 2055.4, 2055.29, 2055.51, 2055.46]
exp012-n2048-k12-d220-bs50-f1.000-r00:007642.233: (596 sec)
exp012-n2048-k12-d220-bs50-f1.000-r00:007642.233: Loop 7/100
exp012-n2048-k12-d220-bs50-f1.000-r00:008234.374: log(exp-norms): [2047.94, 2050.05, 2052.4]
exp012-n2048-k12-d220-bs50-f1.000-r00:008234.375: log(norms):     [2047.94, 2050.84, 2055.13, 2055.15, 2055.04, 2055.12, 2055.0, 2055.08, 2055.21, 2055.16]
exp012-n2048-k12-d220-bs50-f1.000-r00:008234.397: (593 sec)
exp012-n2048-k12-d220-bs50-f1.000-r00:008234.397: Loop 8/100
exp012-n2048-k12-d220-bs50-f1.000-r00:008881.989: log(exp-norms): [2047.94, 2050.05, 2052.4]
exp012-n2048-k12-d220-bs50-f1.000-r00:008881.989: log(norms):     [2047.94, 2050.84, 2054.9, 2054.91, 2055.06, 2055.03, 2055.16, 2055.18, 2054.96, 2055.36]
exp012-n2048-k12-d220-bs50-f1.000-r00:008882.026: (648 sec)
exp012-n2048-k12-d220-bs50-f1.000-r00:008882.026: Loop 9/100
exp012-n2048-k12-d220-bs50-f1.000-r00:009503.391: log(exp-norms): [2047.94, 2050.05, 2052.4]
exp012-n2048-k12-d220-bs50-f1.000-r00:009503.392: log(norms):     [2047.94, 2050.84, 2054.82, 2054.93, 2054.85, 2054.93, 2054.86, 2055.1, 2054.91, 2055.01]
exp012-n2048-k12-d220-bs50-f1.000-r00:009503.414: (622 sec)
exp012-n2048-k12-d220-bs50-f1.000-r00:009503.415: Loop 10/100
exp012-n2048-k12-d220-bs50-f1.000-r00:010134.586: log(exp-norms): [2047.94, 2050.05, 2052.4]
exp012-n2048-k12-d220-bs50-f1.000-r00:010134.587: log(norms):     [2047.94, 2050.84, 2054.67, 2054.82, 2054.82, 2054.93, 2054.82, 2054.86, 2054.79, 2054.83]
exp012-n2048-k12-d220-bs50-f1.000-r00:010134.609: (632 sec)
exp012-n2048-k12-d220-bs50-f1.000-r00:010134.610: Loop 11/100
exp012-n2048-k12-d220-bs50-f1.000-r00:010762.137: log(exp-norms): [2047.94, 2050.05, 2052.4]
exp012-n2048-k12-d220-bs50-f1.000-r00:010762.137: log(norms):     [2047.94, 2050.84, 2054.67, 2054.82, 2054.7, 2054.8, 2054.79, 2054.82, 2054.85, 2054.78]
exp012-n2048-k12-d220-bs50-f1.000-r00:010762.161: (628 sec)
exp012-n2048-k12-d220-bs50-f1.000-r00:010762.161: Loop 12/100
exp012-n2048-k12-d220-bs50-f1.000-r00:011396.128: log(exp-norms): [2047.94, 2050.05, 2052.4]
exp012-n2048-k12-d220-bs50-f1.000-r00:011396.129: log(norms):     [2047.94, 2050.84, 2054.61, 2054.62, 2054.68, 2054.79, 2054.75, 2054.82, 2054.63, 2054.75]
exp012-n2048-k12-d220-bs50-f1.000-r00:011396.152: (634 sec)
exp012-n2048-k12-d220-bs50-f1.000-r00:011396.152: Loop 13/100
exp012-n2048-k12-d220-bs50-f1.000-r00:011998.957: log(exp-norms): [2047.94, 2050.05, 2052.4]
exp012-n2048-k12-d220-bs50-f1.000-r00:011998.957: log(norms):     [2047.94, 2050.84, 2054.61, 2054.62, 2054.68, 2054.68, 2054.74, 2054.75, 2054.7, 2054.9]
exp012-n2048-k12-d220-bs50-f1.000-r00:011998.981: (603 sec)
exp012-n2048-k12-d220-bs50-f1.000-r00:011998.981: Loop 14/100
exp012-n2048-k12-d220-bs50-f1.000-r00:012522.411: log(exp-norms): [2047.94, 2050.05, 2052.4]
exp012-n2048-k12-d220-bs50-f1.000-r00:012522.412: log(norms):     [2047.94, 2050.84, 2054.57, 2054.65, 2054.61, 2054.55, 2054.53, 2054.61, 2054.79, 2054.65]
exp012-n2048-k12-d220-bs50-f1.000-r00:012522.435: (524 sec)
exp012-n2048-k12-d220-bs50-f1.000-r00:012522.435: Loop 15/100
exp012-n2048-k12-d220-bs50-f1.000-r00:013054.253: log(exp-norms): [2047.94, 2050.05, 2052.4]
exp012-n2048-k12-d220-bs50-f1.000-r00:013054.254: log(norms):     [2047.94, 2050.84, 2054.53, 2054.57, 2054.65, 2054.77, 2054.68, 2054.74, 2054.81, 2054.8]
exp012-n2048-k12-d220-bs50-f1.000-r00:013054.277: (532 sec)
exp012-n2048-k12-d220-bs50-f1.000-r00:013054.277: Loop 16/100
exp012-n2048-k12-d220-bs50-f1.000-r00:013592.605: log(exp-norms): [2047.94, 2050.05, 2052.4]
exp012-n2048-k12-d220-bs50-f1.000-r00:013592.605: log(norms):     [2047.94, 2050.84, 2054.53, 2054.62, 2054.55, 2054.63, 2054.6, 2054.71, 2054.79, 2054.73]
exp012-n2048-k12-d220-bs50-f1.000-r00:013592.629: (539 sec)
exp012-n2048-k12-d220-bs50-f1.000-r00:013592.629: Loop 17/100
exp012-n2048-k12-d220-bs50-f1.000-r00:014121.417: log(exp-norms): [2047.94, 2050.05, 2052.4]
exp012-n2048-k12-d220-bs50-f1.000-r00:014121.418: log(norms):     [2047.94, 2050.84, 2054.48, 2054.6, 2054.54, 2054.63, 2054.77, 2054.82, 2054.69, 2054.64]
exp012-n2048-k12-d220-bs50-f1.000-r00:014121.441: (529 sec)
exp012-n2048-k12-d220-bs50-f1.000-r00:014121.442: Loop 18/100
exp012-n2048-k12-d220-bs50-f1.000-r00:014624.624: log(exp-norms): [2047.94, 2050.05, 2052.4]
exp012-n2048-k12-d220-bs50-f1.000-r00:014624.624: log(norms):     [2047.94, 2050.84, 2054.48, 2054.6, 2054.61, 2054.67, 2054.7, 2054.77, 2054.77, 2054.69]
exp012-n2048-k12-d220-bs50-f1.000-r00:014624.646: (504 sec)
exp012-n2048-k12-d220-bs50-f1.000-r00:014624.647: Loop 19/100
exp012-n2048-k12-d220-bs50-f1.000-r00:015144.149: log(exp-norms): [2047.94, 2050.05, 2052.4]
exp012-n2048-k12-d220-bs50-f1.000-r00:015144.149: log(norms):     [2047.94, 2050.84, 2054.48, 2054.6, 2054.61, 2054.68, 2054.74, 2054.68, 2054.52, 2054.59]
exp012-n2048-k12-d220-bs50-f1.000-r00:015144.171: (520 sec)
exp012-n2048-k12-d220-bs50-f1.000-r00:015144.172: Loop 20/100
exp012-n2048-k12-d220-bs50-f1.000-r00:015669.653: log(exp-norms): [2047.94, 2050.05, 2052.4]
exp012-n2048-k12-d220-bs50-f1.000-r00:015669.654: log(norms):     [2047.94, 2050.84, 2054.47, 2054.48, 2054.6, 2054.63, 2054.46, 2054.62, 2054.73, 2054.65]
exp012-n2048-k12-d220-bs50-f1.000-r00:015669.676: (526 sec)
exp012-n2048-k12-d220-bs50-f1.000-r00:015669.676: Loop 21/100
exp012-n2048-k12-d220-bs50-f1.000-r00:016185.407: log(exp-norms): [2047.94, 2050.05, 2052.4]
exp012-n2048-k12-d220-bs50-f1.000-r00:016185.407: log(norms):     [2047.94, 2050.84, 2054.41, 2054.44, 2054.46, 2054.47, 2054.63, 2054.63, 2054.61, 2054.81]
exp012-n2048-k12-d220-bs50-f1.000-r00:016185.430: (516 sec)
exp012-n2048-k12-d220-bs50-f1.000-r00:016185.430: Loop 22/100
exp012-n2048-k12-d220-bs50-f1.000-r00:016698.025: log(exp-norms): [2047.94, 2050.05, 2052.4]
exp012-n2048-k12-d220-bs50-f1.000-r00:016698.025: log(norms):     [2047.94, 2050.84, 2054.37, 2054.41, 2054.44, 2054.46, 2054.47, 2054.63, 2054.63, 2054.56]
exp012-n2048-k12-d220-bs50-f1.000-r00:016698.048: (513 sec)
exp012-n2048-k12-d220-bs50-f1.000-r00:016698.048: Loop 23/100
exp012-n2048-k12-d220-bs50-f1.000-r00:017199.653: log(exp-norms): [2047.94, 2050.05, 2052.4]
exp012-n2048-k12-d220-bs50-f1.000-r00:017199.653: log(norms):     [2047.94, 2050.84, 2054.37, 2054.41, 2054.44, 2054.46, 2054.47, 2054.57, 2054.45, 2054.6]
exp012-n2048-k12-d220-bs50-f1.000-r00:017199.676: (502 sec)
exp012-n2048-k12-d220-bs50-f1.000-r00:017199.676: Loop 24/100
exp012-n2048-k12-d220-bs50-f1.000-r00:017718.124: log(exp-norms): [2047.94, 2050.05, 2052.4]
exp012-n2048-k12-d220-bs50-f1.000-r00:017718.124: log(norms):     [2047.94, 2050.84, 2054.37, 2054.41, 2054.44, 2054.44, 2054.47, 2054.7, 2054.45, 2054.57]
exp012-n2048-k12-d220-bs50-f1.000-r00:017718.146: (519 sec)
exp012-n2048-k12-d220-bs50-f1.000-r00:017718.147: Loop 25/100
exp012-n2048-k12-d220-bs50-f1.000-r00:018203.387: log(exp-norms): [2047.94, 2050.05, 2052.4]
exp012-n2048-k12-d220-bs50-f1.000-r00:018203.388: log(norms):     [2047.94, 2050.84, 2054.37, 2054.41, 2054.44, 2054.44, 2054.47, 2054.47, 2054.7, 2054.56]
exp012-n2048-k12-d220-bs50-f1.000-r00:018203.411: (486 sec)
exp012-n2048-k12-d220-bs50-f1.000-r00:018203.411: Loop 26/100
exp012-n2048-k12-d220-bs50-f1.000-r00:018720.786: log(exp-norms): [2047.94, 2050.05, 2052.4]
exp012-n2048-k12-d220-bs50-f1.000-r00:018720.786: log(norms):     [2047.94, 2050.84, 2054.35, 2054.37, 2054.41, 2054.44, 2054.44, 2054.47, 2054.47, 2054.61]
exp012-n2048-k12-d220-bs50-f1.000-r00:018720.808: (518 sec)
exp012-n2048-k12-d220-bs50-f1.000-r00:018720.808: Loop 27/100
exp012-n2048-k12-d220-bs50-f1.000-r00:019218.774: log(exp-norms): [2047.94, 2050.05, 2052.4]
exp012-n2048-k12-d220-bs50-f1.000-r00:019218.775: log(norms):     [2047.94, 2050.84, 2054.35, 2054.37, 2054.41, 2054.44, 2054.44, 2054.47, 2054.47, 2054.61]
exp012-n2048-k12-d220-bs50-f1.000-r00:019218.797: (498 sec)
exp012-n2048-k12-d220-bs50-f1.000-r00:019218.797: Loop 28/100
