exp018-n2048-k12-d210-bs60-f1.000-r00:000000.259: ==========================Instance==========================
exp018-n2048-k12-d210-bs60-f1.000-r00:000000.260: # of equations: 210
exp018-n2048-k12-d210-bs60-f1.000-r00:000000.263: Gap: 3.75
exp018-n2048-k12-d210-bs60-f1.000-r00:000000.271: Tau: 4.00
exp018-n2048-k12-d210-bs60-f1.000-r00:000000.271: ======================BKZ-60 reduction======================
exp018-n2048-k12-d210-bs60-f1.000-r00:000006.369: Expectedly achievable log(norm): 2053.59
exp018-n2048-k12-d210-bs60-f1.000-r00:000012.485: log(exp-norms): [2047.94, 2050.02, 2051.92]
exp018-n2048-k12-d210-bs60-f1.000-r00:000012.485: log(norms):     [2062.98, 2050.8, 2059.89, 2059.89, 2059.89, 2059.89, 2059.89, 2059.89, 2059.89, 2059.89]
exp018-n2048-k12-d210-bs60-f1.000-r00:000012.585: Loop 1/100
exp018-n2048-k12-d210-bs60-f1.000-r00:002991.825: log(exp-norms): [2047.94, 2050.02, 2051.92]
exp018-n2048-k12-d210-bs60-f1.000-r00:002991.826: log(norms):     [2050.8, 2055.81, 2055.85, 2056.0, 2055.86, 2055.93, 2056.2, 2056.02, 2055.93, 2055.78]
exp018-n2048-k12-d210-bs60-f1.000-r00:002991.850: (2980 sec)
exp018-n2048-k12-d210-bs60-f1.000-r00:002991.850: Loop 2/100
exp018-n2048-k12-d210-bs60-f1.000-r00:004478.243: log(exp-norms): [2047.94, 2050.02, 2051.92]
exp018-n2048-k12-d210-bs60-f1.000-r00:004478.244: log(norms):     [2050.8, 2055.16, 2055.25, 2055.31, 2055.28, 2055.43, 2055.3, 2055.43, 2055.36, 2055.33]
exp018-n2048-k12-d210-bs60-f1.000-r00:004478.266: (1487 sec)
exp018-n2048-k12-d210-bs60-f1.000-r00:004478.267: Loop 3/100
exp018-n2048-k12-d210-bs60-f1.000-r00:005855.567: log(exp-norms): [2047.94, 2050.02, 2051.92]
exp018-n2048-k12-d210-bs60-f1.000-r00:005855.568: log(norms):     [2047.94, 2050.8, 2054.78, 2054.84, 2054.81, 2054.83, 2054.99, 2054.9, 2054.9, 2055.09]
exp018-n2048-k12-d210-bs60-f1.000-r00:005855.591: (1378 sec)
exp018-n2048-k12-d210-bs60-f1.000-r00:005855.591: Loop 4/100
exp018-n2048-k12-d210-bs60-f1.000-r00:007034.977: log(exp-norms): [2047.94, 2050.02, 2051.92]
exp018-n2048-k12-d210-bs60-f1.000-r00:007034.978: log(norms):     [2047.94, 2050.8, 2054.5, 2054.55, 2054.55, 2054.47, 2054.64, 2054.64, 2054.66, 2054.87]
exp018-n2048-k12-d210-bs60-f1.000-r00:007035.001: (1180 sec)
exp018-n2048-k12-d210-bs60-f1.000-r00:007035.001: Loop 5/100
exp018-n2048-k12-d210-bs60-f1.000-r00:008135.542: log(exp-norms): [2047.94, 2050.02, 2051.92]
exp018-n2048-k12-d210-bs60-f1.000-r00:008135.543: log(norms):     [2047.94, 2050.8, 2054.11, 2054.2, 2054.33, 2054.27, 2054.41, 2054.22, 2054.28, 2054.35]
exp018-n2048-k12-d210-bs60-f1.000-r00:008135.579: (1101 sec)
exp018-n2048-k12-d210-bs60-f1.000-r00:008135.579: Loop 6/100
exp018-n2048-k12-d210-bs60-f1.000-r00:009275.473: log(exp-norms): [2047.94, 2050.02, 2051.92]
exp018-n2048-k12-d210-bs60-f1.000-r00:009275.473: log(norms):     [2047.94, 2050.8, 2053.98, 2054.05, 2054.16, 2054.15, 2054.29, 2054.11, 2054.14, 2053.97]
exp018-n2048-k12-d210-bs60-f1.000-r00:009275.497: (1140 sec)
exp018-n2048-k12-d210-bs60-f1.000-r00:009275.497: Loop 7/100
exp018-n2048-k12-d210-bs60-f1.000-r00:010299.211: log(exp-norms): [2047.94, 2050.02, 2051.92]
exp018-n2048-k12-d210-bs60-f1.000-r00:010299.211: log(norms):     [2047.94, 2050.8, 2053.93, 2053.97, 2053.95, 2054.02, 2054.17, 2053.97, 2054.14, 2054.06]
exp018-n2048-k12-d210-bs60-f1.000-r00:010299.233: (1024 sec)
exp018-n2048-k12-d210-bs60-f1.000-r00:010299.233: Loop 8/100
exp018-n2048-k12-d210-bs60-f1.000-r00:011272.027: log(exp-norms): [2047.94, 2050.02, 2051.92]
exp018-n2048-k12-d210-bs60-f1.000-r00:011272.027: log(norms):     [2047.94, 2050.8, 2053.79, 2053.88, 2053.83, 2053.85, 2053.95, 2053.98, 2053.91, 2053.85]
exp018-n2048-k12-d210-bs60-f1.000-r00:011272.049: (973 sec)
exp018-n2048-k12-d210-bs60-f1.000-r00:011272.050: Loop 9/100
exp018-n2048-k12-d210-bs60-f1.000-r00:012217.132: log(exp-norms): [2047.94, 2050.02, 2051.92]
exp018-n2048-k12-d210-bs60-f1.000-r00:012217.132: log(norms):     [2047.94, 2050.8, 2053.72, 2053.83, 2053.82, 2053.72, 2053.87, 2053.81, 2053.86, 2053.79]
exp018-n2048-k12-d210-bs60-f1.000-r00:012217.154: (946 sec)
exp018-n2048-k12-d210-bs60-f1.000-r00:012217.154: Loop 10/100
exp018-n2048-k12-d210-bs60-f1.000-r00:013230.134: log(exp-norms): [2047.94, 2050.02, 2051.92]
exp018-n2048-k12-d210-bs60-f1.000-r00:013230.134: log(norms):     [2047.94, 2050.8, 2053.72, 2053.83, 2053.81, 2053.82, 2053.79, 2053.89, 2053.87, 2053.94]
exp018-n2048-k12-d210-bs60-f1.000-r00:013230.157: (1014 sec)
exp018-n2048-k12-d210-bs60-f1.000-r00:013230.157: Loop 11/100
exp018-n2048-k12-d210-bs60-f1.000-r00:014195.590: log(exp-norms): [2047.94, 2050.02, 2051.92]
exp018-n2048-k12-d210-bs60-f1.000-r00:014195.591: log(norms):     [2047.94, 2050.8, 2053.64, 2053.71, 2053.68, 2053.81, 2053.86, 2053.75, 2053.81, 2053.87]
exp018-n2048-k12-d210-bs60-f1.000-r00:014195.612: (966 sec)
exp018-n2048-k12-d210-bs60-f1.000-r00:014195.612: Loop 12/100
exp018-n2048-k12-d210-bs60-f1.000-r00:015133.650: log(exp-norms): [2047.94, 2050.02, 2051.92]
exp018-n2048-k12-d210-bs60-f1.000-r00:015133.650: log(norms):     [2047.94, 2050.8, 2053.64, 2053.65, 2053.71, 2053.68, 2053.81, 2053.87, 2053.65, 2053.74]
exp018-n2048-k12-d210-bs60-f1.000-r00:015133.672: (939 sec)
exp018-n2048-k12-d210-bs60-f1.000-r00:015133.672: Loop 13/100
exp018-n2048-k12-d210-bs60-f1.000-r00:016082.774: log(exp-norms): [2047.94, 2050.02, 2051.92]
exp018-n2048-k12-d210-bs60-f1.000-r00:016082.774: log(norms):     [2047.94, 2050.8, 2053.64, 2053.66, 2053.65, 2053.76, 2053.7, 2053.9, 2053.71, 2053.76]
exp018-n2048-k12-d210-bs60-f1.000-r00:016082.796: (950 sec)
exp018-n2048-k12-d210-bs60-f1.000-r00:016082.796: Loop 14/100
exp018-n2048-k12-d210-bs60-f1.000-r00:017010.285: log(exp-norms): [2047.94, 2050.02, 2051.92]
exp018-n2048-k12-d210-bs60-f1.000-r00:017010.286: log(norms):     [2047.94, 2050.8, 2053.64, 2053.66, 2053.65, 2053.76, 2053.7, 2053.71, 2053.86, 2053.9]
exp018-n2048-k12-d210-bs60-f1.000-r00:017010.307: (928 sec)
exp018-n2048-k12-d210-bs60-f1.000-r00:017010.307: Loop 15/100
exp018-n2048-k12-d210-bs60-f1.000-r00:017938.238: log(exp-norms): [2047.94, 2050.02, 2051.92]
exp018-n2048-k12-d210-bs60-f1.000-r00:017938.238: log(norms):     [2047.94, 2050.8, 2053.6, 2053.72, 2053.66, 2053.64, 2053.7, 2053.66, 2053.76, 2053.72]
exp018-n2048-k12-d210-bs60-f1.000-r00:017938.260: (928 sec)
exp018-n2048-k12-d210-bs60-f1.000-r00:017938.261: Loop 16/100
exp018-n2048-k12-d210-bs60-f1.000-r00:018873.611: log(exp-norms): [2047.94, 2050.02, 2051.92]
exp018-n2048-k12-d210-bs60-f1.000-r00:018873.611: log(norms):     [2047.94, 2050.8, 2053.59, 2053.6, 2053.72, 2053.63, 2053.77, 2053.75, 2053.93, 2053.83]
exp018-n2048-k12-d210-bs60-f1.000-r00:018873.633: (936 sec)
exp018-n2048-k12-d210-bs60-f1.000-r00:018873.633: Loop 17/100
