exp028-n2048-k16-d150-bs50-f1.000-r00:000000.347: ==========================Instance==========================
exp028-n2048-k16-d150-bs50-f1.000-r00:000000.347: # of equations: 150
exp028-n2048-k16-d150-bs50-f1.000-r00:000000.350: Gap: 3.98
exp028-n2048-k16-d150-bs50-f1.000-r00:000000.357: Tau: 5.32
exp028-n2048-k16-d150-bs50-f1.000-r00:000000.357: ======================BKZ-50 reduction======================
exp028-n2048-k16-d150-bs50-f1.000-r00:000003.364: Expectedly achievable log(norm): 2052.82
exp028-n2048-k16-d150-bs50-f1.000-r00:000006.322: log(exp-norms): [2047.94, 2049.78, 2051.77]
exp028-n2048-k16-d150-bs50-f1.000-r00:000006.323: log(norms):     [2066.71, 2050.56, 2063.89, 2063.89, 2063.89, 2063.89, 2063.89, 2063.89, 2063.89, 2063.89]
exp028-n2048-k16-d150-bs50-f1.000-r00:000006.420: Loop 1/100
exp028-n2048-k16-d150-bs50-f1.000-r00:000932.444: log(exp-norms): [2047.94, 2049.78, 2051.77]
exp028-n2048-k16-d150-bs50-f1.000-r00:000932.445: log(norms):     [2047.94, 2050.56, 2054.09, 2054.22, 2054.31, 2054.36, 2054.27, 2054.33, 2054.37, 2054.39]
exp028-n2048-k16-d150-bs50-f1.000-r00:000932.473: (927 sec)
exp028-n2048-k16-d150-bs50-f1.000-r00:000932.473: Loop 2/100
exp028-n2048-k16-d150-bs50-f1.000-r00:001268.627: log(exp-norms): [2047.94, 2049.78, 2051.77]
exp028-n2048-k16-d150-bs50-f1.000-r00:001268.627: log(norms):     [2047.94, 2050.56, 2053.77, 2053.85, 2053.85, 2053.95, 2054.0, 2053.91, 2053.76, 2053.92]
exp028-n2048-k16-d150-bs50-f1.000-r00:001268.652: (337 sec)
exp028-n2048-k16-d150-bs50-f1.000-r00:001268.653: Loop 3/100
exp028-n2048-k16-d150-bs50-f1.000-r00:001520.799: log(exp-norms): [2047.94, 2049.78, 2051.77]
exp028-n2048-k16-d150-bs50-f1.000-r00:001520.800: log(norms):     [2047.94, 2050.56, 2053.53, 2053.59, 2053.54, 2053.64, 2053.4, 2053.57, 2053.58, 2053.46]
exp028-n2048-k16-d150-bs50-f1.000-r00:001520.826: (253 sec)
exp028-n2048-k16-d150-bs50-f1.000-r00:001520.827: Loop 4/100
exp028-n2048-k16-d150-bs50-f1.000-r00:001778.332: log(exp-norms): [2047.94, 2049.78, 2051.77]
exp028-n2048-k16-d150-bs50-f1.000-r00:001778.332: log(norms):     [2047.94, 2049.8, 2050.56, 2053.16, 2053.22, 2053.27, 2053.24, 2053.09, 2053.31, 2053.22]
exp028-n2048-k16-d150-bs50-f1.000-r00:001778.358: (258 sec)
exp028-n2048-k16-d150-bs50-f1.000-r00:001778.358: ==========================Summary===========================
exp028-n2048-k16-d150-bs50-f1.000-r00:001778.358: Total time: 1779sec
exp028-n2048-k16-d150-bs50-f1.000-r00:001778.358: SUCCESS
exp028-n2048-k16-d150-bs50-f1.000-r00:001778.359: HNP solution: 21167975012918209552870912686771806438255541139730826066240181635621995443071722460092792766861449656651971904291494739624795743912805281300205929006874334739401927940244927625209913798361661459251278313555519353642349115638315408362633444025792932001859113279660550582627886616827766347381574068296526040175929893169077556725088334319029806072045420620743758952554100350242506733953941532202221585526098667900646237835635973957787430016458915948532825984650322309201129448700846664082632282345847636675284528957185198677963453685751932736766208738712710808794428045621406898257160840156291641067235468252088992925184
exp028-n2048-k16-d150-bs50-f1.000-r00:001778.359: Shared secret: 21167975012918209552870912686771806438255541139730826066240181635621995443071722460092792766861449656651971904291494739624795743912805281300205929006874334739401927940244927625209913798361661459251278313555519353642349115638315408362633444025792932001859113279660550582627886616827766347381574068296526040175929893169077556725088334319029806072045420620743758952554100350242506733953941532202221585526098667900646237835635973957787430016458915948532825984650322309201129448700846664082632282345847636675284528957185198677963453685751932736766208738712710808794428045621406898257160840156291641067235468252088992925184
exp028-n2048-k16-d150-bs50-f1.000-r00:001778.359: SUMMARY:n:2048:k:16:d:150:bs:50:t:1779:r:True
