exp002-n2048-k12-d190-bs40-f1.000-r00:000000.224: ==========================Instance==========================
exp002-n2048-k12-d190-bs40-f1.000-r00:000000.224: # of equations: 190
exp002-n2048-k12-d190-bs40-f1.000-r00:000000.228: Gap: 1.85
exp002-n2048-k12-d190-bs40-f1.000-r00:000000.235: Tau: 1.02
exp002-n2048-k12-d190-bs40-f1.000-r00:000000.235: ======================BKZ-40 reduction======================
exp002-n2048-k12-d190-bs40-f1.000-r00:000005.252: Expectedly achievable log(norm): 2052.54
exp002-n2048-k12-d190-bs40-f1.000-r00:000008.228: log(exp-norms): [2047.94, 2049.94, 2050.83]
exp002-n2048-k12-d190-bs40-f1.000-r00:000008.228: log(norms):     [2062.89, 2050.73, 2059.89, 2059.89, 2059.89, 2059.89, 2059.89, 2059.89, 2059.89, 2059.89]
exp002-n2048-k12-d190-bs40-f1.000-r00:000008.288: Loop 1/100
exp002-n2048-k12-d190-bs40-f1.000-r00:001384.492: log(exp-norms): [2047.94, 2049.94, 2050.83]
exp002-n2048-k12-d190-bs40-f1.000-r00:001384.493: log(norms):     [2050.73, 2054.16, 2054.28, 2054.46, 2054.56, 2054.44, 2054.54, 2054.47, 2054.56, 2054.61]
exp002-n2048-k12-d190-bs40-f1.000-r00:001384.526: (1377 sec)
exp002-n2048-k12-d190-bs40-f1.000-r00:001384.527: Loop 2/100
exp002-n2048-k12-d190-bs40-f1.000-r00:001507.085: log(exp-norms): [2047.94, 2049.94, 2050.83]
exp002-n2048-k12-d190-bs40-f1.000-r00:001507.085: log(norms):     [2050.73, 2054.04, 2054.12, 2054.15, 2054.16, 2054.32, 2054.23, 2054.3, 2054.3, 2054.13]
exp002-n2048-k12-d190-bs40-f1.000-r00:001507.118: (123 sec)
exp002-n2048-k12-d190-bs40-f1.000-r00:001507.118: Loop 3/100
exp002-n2048-k12-d190-bs40-f1.000-r00:001612.169: log(exp-norms): [2047.94, 2049.94, 2050.83]
exp002-n2048-k12-d190-bs40-f1.000-r00:001612.169: log(norms):     [2050.73, 2053.82, 2053.82, 2053.89, 2053.89, 2053.93, 2053.93, 2053.99, 2054.1, 2054.11]
exp002-n2048-k12-d190-bs40-f1.000-r00:001612.192: (106 sec)
exp002-n2048-k12-d190-bs40-f1.000-r00:001612.192: Loop 4/100
exp002-n2048-k12-d190-bs40-f1.000-r00:001702.293: log(exp-norms): [2047.94, 2049.94, 2050.83]
exp002-n2048-k12-d190-bs40-f1.000-r00:001702.294: log(norms):     [2050.73, 2053.73, 2053.75, 2053.81, 2053.67, 2053.62, 2053.81, 2053.83, 2053.87, 2053.91]
exp002-n2048-k12-d190-bs40-f1.000-r00:001702.326: (91 sec)
exp002-n2048-k12-d190-bs40-f1.000-r00:001702.327: Loop 5/100
exp002-n2048-k12-d190-bs40-f1.000-r00:001800.401: log(exp-norms): [2047.94, 2049.94, 2050.83]
exp002-n2048-k12-d190-bs40-f1.000-r00:001800.401: log(norms):     [2050.73, 2053.56, 2053.55, 2053.63, 2053.62, 2053.62, 2053.58, 2053.67, 2053.53, 2053.79]
exp002-n2048-k12-d190-bs40-f1.000-r00:001800.434: (99 sec)
exp002-n2048-k12-d190-bs40-f1.000-r00:001800.434: Loop 6/100
exp002-n2048-k12-d190-bs40-f1.000-r00:001892.214: log(exp-norms): [2047.94, 2049.94, 2050.83]
exp002-n2048-k12-d190-bs40-f1.000-r00:001892.215: log(norms):     [2050.73, 2053.36, 2053.37, 2053.39, 2053.37, 2053.43, 2053.49, 2053.5, 2053.62, 2053.67]
exp002-n2048-k12-d190-bs40-f1.000-r00:001892.247: (92 sec)
exp002-n2048-k12-d190-bs40-f1.000-r00:001892.247: Loop 7/100
exp002-n2048-k12-d190-bs40-f1.000-r00:001971.960: log(exp-norms): [2047.94, 2049.94, 2050.83]
exp002-n2048-k12-d190-bs40-f1.000-r00:001971.961: log(norms):     [2050.73, 2053.01, 2053.24, 2053.25, 2053.26, 2053.34, 2053.2, 2053.28, 2053.34, 2053.3]
exp002-n2048-k12-d190-bs40-f1.000-r00:001971.998: (80 sec)
exp002-n2048-k12-d190-bs40-f1.000-r00:001971.998: Loop 8/100
exp002-n2048-k12-d190-bs40-f1.000-r00:002060.850: log(exp-norms): [2047.94, 2049.94, 2050.83]
exp002-n2048-k12-d190-bs40-f1.000-r00:002060.850: log(norms):     [2050.73, 2053.01, 2053.19, 2053.11, 2053.07, 2053.29, 2053.21, 2052.91, 2053.11, 2053.26]
exp002-n2048-k12-d190-bs40-f1.000-r00:002060.883: (89 sec)
exp002-n2048-k12-d190-bs40-f1.000-r00:002060.883: Loop 9/100
exp002-n2048-k12-d190-bs40-f1.000-r00:002142.042: log(exp-norms): [2047.94, 2049.94, 2050.83]
exp002-n2048-k12-d190-bs40-f1.000-r00:002142.043: log(norms):     [2050.73, 2052.91, 2052.99, 2053.01, 2053.15, 2053.0, 2053.24, 2053.17, 2053.19, 2053.26]
exp002-n2048-k12-d190-bs40-f1.000-r00:002142.076: (82 sec)
exp002-n2048-k12-d190-bs40-f1.000-r00:002142.076: Loop 10/100
exp002-n2048-k12-d190-bs40-f1.000-r00:002228.623: log(exp-norms): [2047.94, 2049.94, 2050.83]
exp002-n2048-k12-d190-bs40-f1.000-r00:002228.623: log(norms):     [2050.73, 2052.84, 2052.91, 2052.98, 2052.99, 2053.01, 2053.19, 2053.09, 2053.19, 2053.18]
exp002-n2048-k12-d190-bs40-f1.000-r00:002228.656: (87 sec)
exp002-n2048-k12-d190-bs40-f1.000-r00:002228.656: Loop 11/100
exp002-n2048-k12-d190-bs40-f1.000-r00:002294.235: log(exp-norms): [2047.94, 2049.94, 2050.83]
exp002-n2048-k12-d190-bs40-f1.000-r00:002294.235: log(norms):     [2050.73, 2052.84, 2052.91, 2052.98, 2053.19, 2053.09, 2053.07, 2053.01, 2052.81, 2053.14]
exp002-n2048-k12-d190-bs40-f1.000-r00:002294.267: (66 sec)
exp002-n2048-k12-d190-bs40-f1.000-r00:002294.268: Loop 12/100
exp002-n2048-k12-d190-bs40-f1.000-r00:002370.258: log(exp-norms): [2047.94, 2049.94, 2050.83]
exp002-n2048-k12-d190-bs40-f1.000-r00:002370.258: log(norms):     [2050.73, 2052.81, 2052.84, 2053.06, 2053.11, 2052.96, 2053.09, 2053.05, 2053.07, 2053.02]
exp002-n2048-k12-d190-bs40-f1.000-r00:002370.278: (77 sec)
exp002-n2048-k12-d190-bs40-f1.000-r00:002370.278: Loop 13/100
exp002-n2048-k12-d190-bs40-f1.000-r00:002437.313: log(exp-norms): [2047.94, 2049.94, 2050.83]
exp002-n2048-k12-d190-bs40-f1.000-r00:002437.313: log(norms):     [2050.73, 2052.65, 2052.81, 2052.78, 2052.79, 2052.84, 2053.04, 2053.0, 2053.12, 2052.98]
exp002-n2048-k12-d190-bs40-f1.000-r00:002437.345: (68 sec)
exp002-n2048-k12-d190-bs40-f1.000-r00:002437.345: Loop 14/100
exp002-n2048-k12-d190-bs40-f1.000-r00:002520.824: log(exp-norms): [2047.94, 2049.94, 2050.83]
exp002-n2048-k12-d190-bs40-f1.000-r00:002520.824: log(norms):     [2050.73, 2052.65, 2052.81, 2052.78, 2052.85, 2052.88, 2052.79, 2052.97, 2052.93, 2052.88]
exp002-n2048-k12-d190-bs40-f1.000-r00:002520.857: (84 sec)
exp002-n2048-k12-d190-bs40-f1.000-r00:002520.858: Loop 15/100
exp002-n2048-k12-d190-bs40-f1.000-r00:002595.904: log(exp-norms): [2047.94, 2049.94, 2050.83]
exp002-n2048-k12-d190-bs40-f1.000-r00:002595.904: log(norms):     [2050.73, 2052.65, 2052.81, 2052.78, 2052.85, 2052.92, 2052.94, 2053.03, 2053.05, 2052.93]
exp002-n2048-k12-d190-bs40-f1.000-r00:002595.937: (76 sec)
exp002-n2048-k12-d190-bs40-f1.000-r00:002595.937: Loop 16/100
exp002-n2048-k12-d190-bs40-f1.000-r00:002661.142: log(exp-norms): [2047.94, 2049.94, 2050.83]
exp002-n2048-k12-d190-bs40-f1.000-r00:002661.142: log(norms):     [2050.73, 2052.65, 2052.81, 2052.78, 2052.8, 2052.96, 2052.88, 2052.96, 2052.99, 2052.87]
exp002-n2048-k12-d190-bs40-f1.000-r00:002661.162: (66 sec)
exp002-n2048-k12-d190-bs40-f1.000-r00:002661.162: Loop 17/100
exp002-n2048-k12-d190-bs40-f1.000-r00:002733.891: log(exp-norms): [2047.94, 2049.94, 2050.83]
exp002-n2048-k12-d190-bs40-f1.000-r00:002733.891: log(norms):     [2050.73, 2052.65, 2052.81, 2052.78, 2052.8, 2052.96, 2052.73, 2052.82, 2052.94, 2053.06]
exp002-n2048-k12-d190-bs40-f1.000-r00:002733.925: (73 sec)
exp002-n2048-k12-d190-bs40-f1.000-r00:002733.925: Loop 18/100
exp002-n2048-k12-d190-bs40-f1.000-r00:002808.733: log(exp-norms): [2047.94, 2049.94, 2050.83]
exp002-n2048-k12-d190-bs40-f1.000-r00:002808.733: log(norms):     [2050.73, 2052.6, 2052.65, 2052.82, 2052.73, 2052.8, 2052.78, 2053.09, 2052.95, 2052.75]
exp002-n2048-k12-d190-bs40-f1.000-r00:002808.765: (75 sec)
exp002-n2048-k12-d190-bs40-f1.000-r00:002808.766: Loop 19/100
exp002-n2048-k12-d190-bs40-f1.000-r00:002885.841: log(exp-norms): [2047.94, 2049.94, 2050.83]
exp002-n2048-k12-d190-bs40-f1.000-r00:002885.841: log(norms):     [2047.94, 2050.73, 2052.59, 2052.64, 2052.74, 2052.75, 2052.71, 2052.91, 2052.85, 2053.01]
exp002-n2048-k12-d190-bs40-f1.000-r00:002885.874: (78 sec)
exp002-n2048-k12-d190-bs40-f1.000-r00:002885.874: Loop 20/100
exp002-n2048-k12-d190-bs40-f1.000-r00:002962.504: log(exp-norms): [2047.94, 2049.94, 2050.83]
exp002-n2048-k12-d190-bs40-f1.000-r00:002962.505: log(norms):     [2047.94, 2050.73, 2052.59, 2052.64, 2052.67, 2052.8, 2052.74, 2053.04, 2052.74, 2052.87]
exp002-n2048-k12-d190-bs40-f1.000-r00:002962.525: (77 sec)
exp002-n2048-k12-d190-bs40-f1.000-r00:002962.525: Loop 21/100
exp002-n2048-k12-d190-bs40-f1.000-r00:003038.597: log(exp-norms): [2047.94, 2049.94, 2050.83]
exp002-n2048-k12-d190-bs40-f1.000-r00:003038.597: log(norms):     [2047.94, 2050.73, 2052.59, 2052.64, 2052.74, 2052.67, 2052.85, 2052.74, 2052.89, 2052.79]
exp002-n2048-k12-d190-bs40-f1.000-r00:003038.631: (77 sec)
exp002-n2048-k12-d190-bs40-f1.000-r00:003038.631: Loop 22/100
exp002-n2048-k12-d190-bs40-f1.000-r00:003107.642: log(exp-norms): [2047.94, 2049.94, 2050.83]
exp002-n2048-k12-d190-bs40-f1.000-r00:003107.643: log(norms):     [2047.94, 2050.73, 2052.59, 2052.64, 2052.74, 2052.67, 2052.85, 2052.74, 2052.89, 2052.79]
exp002-n2048-k12-d190-bs40-f1.000-r00:003107.679: (70 sec)
exp002-n2048-k12-d190-bs40-f1.000-r00:003107.680: Loop 23/100
exp002-n2048-k12-d190-bs40-f1.000-r00:003176.784: log(exp-norms): [2047.94, 2049.94, 2050.83]
exp002-n2048-k12-d190-bs40-f1.000-r00:003176.784: log(norms):     [2047.94, 2050.73, 2052.59, 2052.64, 2052.74, 2052.75, 2052.67, 2052.9, 2052.85, 2052.88]
exp002-n2048-k12-d190-bs40-f1.000-r00:003176.816: (70 sec)
exp002-n2048-k12-d190-bs40-f1.000-r00:003176.816: Loop 24/100
exp002-n2048-k12-d190-bs40-f1.000-r00:003249.350: log(exp-norms): [2047.94, 2049.94, 2050.83]
exp002-n2048-k12-d190-bs40-f1.000-r00:003249.350: log(norms):     [2047.94, 2050.73, 2052.59, 2052.64, 2052.74, 2052.75, 2052.67, 2052.9, 2052.85, 2052.88]
exp002-n2048-k12-d190-bs40-f1.000-r00:003249.371: (73 sec)
exp002-n2048-k12-d190-bs40-f1.000-r00:003249.371: Loop 25/100
exp002-n2048-k12-d190-bs40-f1.000-r00:003318.144: log(exp-norms): [2047.94, 2049.94, 2050.83]
exp002-n2048-k12-d190-bs40-f1.000-r00:003318.144: log(norms):     [2047.94, 2050.73, 2052.59, 2052.64, 2052.74, 2052.72, 2052.74, 2052.84, 2052.9, 2052.75]
exp002-n2048-k12-d190-bs40-f1.000-r00:003318.178: (69 sec)
exp002-n2048-k12-d190-bs40-f1.000-r00:003318.178: Loop 26/100
exp002-n2048-k12-d190-bs40-f1.000-r00:003399.058: log(exp-norms): [2047.94, 2049.94, 2050.83]
exp002-n2048-k12-d190-bs40-f1.000-r00:003399.059: log(norms):     [2047.94, 2050.73, 2052.59, 2052.64, 2052.74, 2052.8, 2052.75, 2052.73, 2052.74, 2052.75]
exp002-n2048-k12-d190-bs40-f1.000-r00:003399.091: (81 sec)
exp002-n2048-k12-d190-bs40-f1.000-r00:003399.091: Loop 27/100
exp002-n2048-k12-d190-bs40-f1.000-r00:003472.329: log(exp-norms): [2047.94, 2049.94, 2050.83]
exp002-n2048-k12-d190-bs40-f1.000-r00:003472.330: log(norms):     [2047.94, 2050.73, 2052.59, 2052.64, 2052.74, 2052.8, 2052.75, 2052.73, 2052.74, 2052.75]
exp002-n2048-k12-d190-bs40-f1.000-r00:003472.360: (74 sec)
exp002-n2048-k12-d190-bs40-f1.000-r00:003472.360: Loop 28/100
exp002-n2048-k12-d190-bs40-f1.000-r00:003529.600: log(exp-norms): [2047.94, 2049.94, 2050.83]
exp002-n2048-k12-d190-bs40-f1.000-r00:003529.600: log(norms):     [2047.94, 2050.73, 2052.59, 2052.64, 2052.74, 2052.8, 2052.75, 2052.73, 2052.74, 2052.75]
exp002-n2048-k12-d190-bs40-f1.000-r00:003529.630: (58 sec)
exp002-n2048-k12-d190-bs40-f1.000-r00:003529.630: Loop 29/100
exp002-n2048-k12-d190-bs40-f1.000-r00:003587.893: log(exp-norms): [2047.94, 2049.94, 2050.83]
exp002-n2048-k12-d190-bs40-f1.000-r00:003587.893: log(norms):     [2047.94, 2050.73, 2052.59, 2052.64, 2052.74, 2052.8, 2052.75, 2052.73, 2052.74, 2052.75]
exp002-n2048-k12-d190-bs40-f1.000-r00:003587.929: (59 sec)
exp002-n2048-k12-d190-bs40-f1.000-r00:003587.930: Loop 30/100
exp002-n2048-k12-d190-bs40-f1.000-r00:003666.831: log(exp-norms): [2047.94, 2049.94, 2050.83]
exp002-n2048-k12-d190-bs40-f1.000-r00:003666.831: log(norms):     [2047.94, 2050.73, 2052.58, 2052.59, 2052.64, 2052.75, 2052.74, 2052.8, 2052.99, 2052.85]
exp002-n2048-k12-d190-bs40-f1.000-r00:003666.867: (79 sec)
exp002-n2048-k12-d190-bs40-f1.000-r00:003666.867: Loop 31/100
exp002-n2048-k12-d190-bs40-f1.000-r00:003738.196: log(exp-norms): [2047.94, 2049.94, 2050.83]
exp002-n2048-k12-d190-bs40-f1.000-r00:003738.197: log(norms):     [2047.94, 2050.73, 2052.58, 2052.59, 2052.64, 2052.75, 2052.74, 2052.8, 2052.99, 2052.85]
exp002-n2048-k12-d190-bs40-f1.000-r00:003738.233: (72 sec)
exp002-n2048-k12-d190-bs40-f1.000-r00:003738.233: Loop 32/100
exp002-n2048-k12-d190-bs40-f1.000-r00:003802.169: log(exp-norms): [2047.94, 2049.94, 2050.83]
exp002-n2048-k12-d190-bs40-f1.000-r00:003802.170: log(norms):     [2047.94, 2050.73, 2052.58, 2052.59, 2052.64, 2052.75, 2052.74, 2052.8, 2052.99, 2052.85]
exp002-n2048-k12-d190-bs40-f1.000-r00:003802.202: (64 sec)
exp002-n2048-k12-d190-bs40-f1.000-r00:003802.203: Loop 33/100
exp002-n2048-k12-d190-bs40-f1.000-r00:003875.280: log(exp-norms): [2047.94, 2049.94, 2050.83]
exp002-n2048-k12-d190-bs40-f1.000-r00:003875.280: log(norms):     [2047.94, 2050.73, 2052.58, 2052.59, 2052.64, 2052.75, 2052.74, 2052.8, 2052.99, 2052.85]
exp002-n2048-k12-d190-bs40-f1.000-r00:003875.313: (74 sec)
exp002-n2048-k12-d190-bs40-f1.000-r00:003875.313: Loop 34/100
exp002-n2048-k12-d190-bs40-f1.000-r00:003952.385: log(exp-norms): [2047.94, 2049.94, 2050.83]
exp002-n2048-k12-d190-bs40-f1.000-r00:003952.386: log(norms):     [2047.94, 2050.73, 2052.58, 2052.59, 2052.64, 2052.75, 2052.74, 2052.8, 2052.99, 2052.85]
exp002-n2048-k12-d190-bs40-f1.000-r00:003952.419: (78 sec)
exp002-n2048-k12-d190-bs40-f1.000-r00:003952.420: Loop 35/100
exp002-n2048-k12-d190-bs40-f1.000-r00:004027.783: log(exp-norms): [2047.94, 2049.94, 2050.83]
exp002-n2048-k12-d190-bs40-f1.000-r00:004027.783: log(norms):     [2047.94, 2050.73, 2052.58, 2052.59, 2052.64, 2052.75, 2052.74, 2052.8, 2052.74, 2052.58]
exp002-n2048-k12-d190-bs40-f1.000-r00:004027.820: (76 sec)
exp002-n2048-k12-d190-bs40-f1.000-r00:004027.820: Loop 36/100
exp002-n2048-k12-d190-bs40-f1.000-r00:004103.613: log(exp-norms): [2047.94, 2049.94, 2050.83]
exp002-n2048-k12-d190-bs40-f1.000-r00:004103.613: log(norms):     [2047.94, 2050.73, 2052.58, 2052.59, 2052.64, 2052.75, 2052.74, 2052.8, 2052.74, 2052.58]
exp002-n2048-k12-d190-bs40-f1.000-r00:004103.648: (76 sec)
exp002-n2048-k12-d190-bs40-f1.000-r00:004103.648: Loop 37/100
exp002-n2048-k12-d190-bs40-f1.000-r00:004170.626: log(exp-norms): [2047.94, 2049.94, 2050.83]
exp002-n2048-k12-d190-bs40-f1.000-r00:004170.626: log(norms):     [2047.94, 2050.73, 2052.58, 2052.59, 2052.64, 2052.66, 2052.75, 2052.85, 2052.74, 2052.99]
exp002-n2048-k12-d190-bs40-f1.000-r00:004170.658: (68 sec)
exp002-n2048-k12-d190-bs40-f1.000-r00:004170.659: Loop 38/100
exp002-n2048-k12-d190-bs40-f1.000-r00:004233.805: log(exp-norms): [2047.94, 2049.94, 2050.83]
exp002-n2048-k12-d190-bs40-f1.000-r00:004233.806: log(norms):     [2047.94, 2050.73, 2052.58, 2052.59, 2052.64, 2052.66, 2052.75, 2052.85, 2052.85, 2052.74]
exp002-n2048-k12-d190-bs40-f1.000-r00:004233.838: (64 sec)
exp002-n2048-k12-d190-bs40-f1.000-r00:004233.838: Loop 39/100
exp002-n2048-k12-d190-bs40-f1.000-r00:004291.981: log(exp-norms): [2047.94, 2049.94, 2050.83]
exp002-n2048-k12-d190-bs40-f1.000-r00:004291.982: log(norms):     [2047.94, 2050.73, 2052.58, 2052.59, 2052.64, 2052.66, 2052.75, 2052.85, 2052.85, 2052.74]
exp002-n2048-k12-d190-bs40-f1.000-r00:004292.014: (59 sec)
exp002-n2048-k12-d190-bs40-f1.000-r00:004292.014: Loop 40/100
exp002-n2048-k12-d190-bs40-f1.000-r00:004350.730: log(exp-norms): [2047.94, 2049.94, 2050.83]
exp002-n2048-k12-d190-bs40-f1.000-r00:004350.730: log(norms):     [2047.94, 2050.73, 2052.58, 2052.59, 2052.64, 2052.66, 2052.75, 2052.85, 2052.85, 2052.75]
exp002-n2048-k12-d190-bs40-f1.000-r00:004350.750: (59 sec)
exp002-n2048-k12-d190-bs40-f1.000-r00:004350.750: Loop 41/100
exp002-n2048-k12-d190-bs40-f1.000-r00:004398.124: log(exp-norms): [2047.94, 2049.94, 2050.83]
exp002-n2048-k12-d190-bs40-f1.000-r00:004398.124: log(norms):     [2047.94, 2050.73, 2052.58, 2052.59, 2052.64, 2052.66, 2052.75, 2052.85, 2052.85, 2052.77]
exp002-n2048-k12-d190-bs40-f1.000-r00:004398.144: (48 sec)
exp002-n2048-k12-d190-bs40-f1.000-r00:004398.144: Loop 42/100
exp002-n2048-k12-d190-bs40-f1.000-r00:004448.283: log(exp-norms): [2047.94, 2049.94, 2050.83]
exp002-n2048-k12-d190-bs40-f1.000-r00:004448.283: log(norms):     [2047.94, 2050.73, 2052.58, 2052.59, 2052.64, 2052.66, 2052.75, 2052.85, 2052.85, 2052.86]
exp002-n2048-k12-d190-bs40-f1.000-r00:004448.317: (51 sec)
exp002-n2048-k12-d190-bs40-f1.000-r00:004448.317: Loop 43/100
exp002-n2048-k12-d190-bs40-f1.000-r00:004520.327: log(exp-norms): [2047.94, 2049.94, 2050.83]
exp002-n2048-k12-d190-bs40-f1.000-r00:004520.328: log(norms):     [2047.94, 2050.73, 2052.58, 2052.59, 2052.64, 2052.79, 2052.75, 2052.82, 2052.68, 2052.85]
exp002-n2048-k12-d190-bs40-f1.000-r00:004520.361: (73 sec)
exp002-n2048-k12-d190-bs40-f1.000-r00:004520.361: Loop 44/100
exp002-n2048-k12-d190-bs40-f1.000-r00:004593.336: log(exp-norms): [2047.94, 2049.94, 2050.83]
exp002-n2048-k12-d190-bs40-f1.000-r00:004593.337: log(norms):     [2047.94, 2050.73, 2052.58, 2052.59, 2052.64, 2052.79, 2052.79, 2052.75, 2052.86, 2052.82]
exp002-n2048-k12-d190-bs40-f1.000-r00:004593.369: (74 sec)
exp002-n2048-k12-d190-bs40-f1.000-r00:004593.369: Loop 45/100
exp002-n2048-k12-d190-bs40-f1.000-r00:004662.647: log(exp-norms): [2047.94, 2049.94, 2050.83]
exp002-n2048-k12-d190-bs40-f1.000-r00:004662.648: log(norms):     [2047.94, 2050.73, 2052.58, 2052.59, 2052.64, 2052.79, 2052.79, 2052.75, 2052.86, 2052.82]
exp002-n2048-k12-d190-bs40-f1.000-r00:004662.680: (70 sec)
exp002-n2048-k12-d190-bs40-f1.000-r00:004662.681: Loop 46/100
exp002-n2048-k12-d190-bs40-f1.000-r00:004734.492: log(exp-norms): [2047.94, 2049.94, 2050.83]
exp002-n2048-k12-d190-bs40-f1.000-r00:004734.492: log(norms):     [2047.94, 2050.73, 2052.58, 2052.59, 2052.64, 2052.79, 2052.79, 2052.75, 2052.86, 2052.82]
exp002-n2048-k12-d190-bs40-f1.000-r00:004734.512: (72 sec)
exp002-n2048-k12-d190-bs40-f1.000-r00:004734.512: Loop 47/100
exp002-n2048-k12-d190-bs40-f1.000-r00:004805.137: log(exp-norms): [2047.94, 2049.94, 2050.83]
exp002-n2048-k12-d190-bs40-f1.000-r00:004805.137: log(norms):     [2047.94, 2050.73, 2052.58, 2052.59, 2052.74, 2052.66, 2052.64, 2052.79, 2052.86, 2052.81]
exp002-n2048-k12-d190-bs40-f1.000-r00:004805.158: (71 sec)
exp002-n2048-k12-d190-bs40-f1.000-r00:004805.158: Loop 48/100
exp002-n2048-k12-d190-bs40-f1.000-r00:004876.327: log(exp-norms): [2047.94, 2049.94, 2050.83]
exp002-n2048-k12-d190-bs40-f1.000-r00:004876.327: log(norms):     [2047.94, 2050.73, 2052.58, 2052.59, 2052.74, 2052.66, 2052.64, 2052.79, 2052.86, 2052.81]
exp002-n2048-k12-d190-bs40-f1.000-r00:004876.360: (72 sec)
exp002-n2048-k12-d190-bs40-f1.000-r00:004876.360: Loop 49/100
exp002-n2048-k12-d190-bs40-f1.000-r00:004944.355: log(exp-norms): [2047.94, 2049.94, 2050.83]
exp002-n2048-k12-d190-bs40-f1.000-r00:004944.355: log(norms):     [2047.94, 2050.73, 2052.58, 2052.59, 2052.74, 2052.66, 2052.64, 2052.79, 2052.86, 2052.81]
exp002-n2048-k12-d190-bs40-f1.000-r00:004944.388: (69 sec)
exp002-n2048-k12-d190-bs40-f1.000-r00:004944.388: Loop 50/100
exp002-n2048-k12-d190-bs40-f1.000-r00:005015.551: log(exp-norms): [2047.94, 2049.94, 2050.83]
exp002-n2048-k12-d190-bs40-f1.000-r00:005015.551: log(norms):     [2047.94, 2050.73, 2052.58, 2052.59, 2052.64, 2052.74, 2052.8, 2052.69, 2052.93, 2052.86]
exp002-n2048-k12-d190-bs40-f1.000-r00:005015.592: (72 sec)
exp002-n2048-k12-d190-bs40-f1.000-r00:005015.593: Loop 51/100
exp002-n2048-k12-d190-bs40-f1.000-r00:005082.471: log(exp-norms): [2047.94, 2049.94, 2050.83]
exp002-n2048-k12-d190-bs40-f1.000-r00:005082.472: log(norms):     [2047.94, 2050.73, 2052.58, 2052.59, 2052.64, 2052.74, 2052.8, 2052.78, 2052.66, 2052.64]
exp002-n2048-k12-d190-bs40-f1.000-r00:005082.504: (67 sec)
exp002-n2048-k12-d190-bs40-f1.000-r00:005082.504: Loop 52/100
exp002-n2048-k12-d190-bs40-f1.000-r00:005154.376: log(exp-norms): [2047.94, 2049.94, 2050.83]
exp002-n2048-k12-d190-bs40-f1.000-r00:005154.376: log(norms):     [2047.94, 2050.73, 2052.58, 2052.59, 2052.64, 2052.7, 2052.81, 2052.74, 2052.8, 2052.77]
exp002-n2048-k12-d190-bs40-f1.000-r00:005154.410: (72 sec)
exp002-n2048-k12-d190-bs40-f1.000-r00:005154.410: Loop 53/100
exp002-n2048-k12-d190-bs40-f1.000-r00:005237.442: log(exp-norms): [2047.94, 2049.94, 2050.83]
exp002-n2048-k12-d190-bs40-f1.000-r00:005237.443: log(norms):     [2047.94, 2050.73, 2052.58, 2052.59, 2052.64, 2052.7, 2052.81, 2052.74, 2052.8, 2052.81]
exp002-n2048-k12-d190-bs40-f1.000-r00:005237.475: (84 sec)
exp002-n2048-k12-d190-bs40-f1.000-r00:005237.475: Loop 54/100
exp002-n2048-k12-d190-bs40-f1.000-r00:005292.229: log(exp-norms): [2047.94, 2049.94, 2050.83]
exp002-n2048-k12-d190-bs40-f1.000-r00:005292.229: log(norms):     [2047.94, 2050.73, 2052.58, 2052.59, 2052.64, 2052.7, 2052.81, 2052.74, 2052.8, 2052.81]
exp002-n2048-k12-d190-bs40-f1.000-r00:005292.248: (55 sec)
exp002-n2048-k12-d190-bs40-f1.000-r00:005292.249: Loop 55/100
exp002-n2048-k12-d190-bs40-f1.000-r00:005364.457: log(exp-norms): [2047.94, 2049.94, 2050.83]
exp002-n2048-k12-d190-bs40-f1.000-r00:005364.458: log(norms):     [2047.94, 2050.73, 2052.58, 2052.59, 2052.64, 2052.7, 2052.81, 2052.77, 2052.85, 2052.71]
exp002-n2048-k12-d190-bs40-f1.000-r00:005364.490: (73 sec)
exp002-n2048-k12-d190-bs40-f1.000-r00:005364.490: Loop 56/100
exp002-n2048-k12-d190-bs40-f1.000-r00:005436.726: log(exp-norms): [2047.94, 2049.94, 2050.83]
exp002-n2048-k12-d190-bs40-f1.000-r00:005436.726: log(norms):     [2047.94, 2050.73, 2052.58, 2052.59, 2052.64, 2052.7, 2052.75, 2052.81, 2052.62, 2052.63]
exp002-n2048-k12-d190-bs40-f1.000-r00:005436.758: (73 sec)
exp002-n2048-k12-d190-bs40-f1.000-r00:005436.758: Loop 57/100
exp002-n2048-k12-d190-bs40-f1.000-r00:005511.451: log(exp-norms): [2047.94, 2049.94, 2050.83]
exp002-n2048-k12-d190-bs40-f1.000-r00:005511.451: log(norms):     [2047.94, 2050.73, 2052.58, 2052.59, 2052.64, 2052.7, 2052.75, 2052.81, 2052.62, 2052.63]
exp002-n2048-k12-d190-bs40-f1.000-r00:005511.483: (75 sec)
exp002-n2048-k12-d190-bs40-f1.000-r00:005511.483: Loop 58/100
exp002-n2048-k12-d190-bs40-f1.000-r00:005576.448: log(exp-norms): [2047.94, 2049.94, 2050.83]
exp002-n2048-k12-d190-bs40-f1.000-r00:005576.448: log(norms):     [2047.94, 2050.73, 2052.54, 2052.58, 2052.59, 2052.64, 2052.7, 2052.75, 2052.81, 2052.62]
exp002-n2048-k12-d190-bs40-f1.000-r00:005576.480: (65 sec)
exp002-n2048-k12-d190-bs40-f1.000-r00:005576.480: Loop 59/100
exp002-n2048-k12-d190-bs40-f1.000-r00:005631.203: log(exp-norms): [2047.94, 2049.94, 2050.83]
exp002-n2048-k12-d190-bs40-f1.000-r00:005631.204: log(norms):     [2047.94, 2050.73, 2052.54, 2052.58, 2052.59, 2052.64, 2052.7, 2052.75, 2052.65, 2052.75]
exp002-n2048-k12-d190-bs40-f1.000-r00:005631.236: (55 sec)
exp002-n2048-k12-d190-bs40-f1.000-r00:005631.236: Loop 60/100
exp002-n2048-k12-d190-bs40-f1.000-r00:005699.444: log(exp-norms): [2047.94, 2049.94, 2050.83]
exp002-n2048-k12-d190-bs40-f1.000-r00:005699.444: log(norms):     [2047.94, 2050.73, 2052.54, 2052.58, 2052.6, 2052.59, 2052.64, 2052.7, 2052.7, 2052.86]
exp002-n2048-k12-d190-bs40-f1.000-r00:005699.476: (69 sec)
exp002-n2048-k12-d190-bs40-f1.000-r00:005699.476: Loop 61/100
exp002-n2048-k12-d190-bs40-f1.000-r00:005760.807: log(exp-norms): [2047.94, 2049.94, 2050.83]
exp002-n2048-k12-d190-bs40-f1.000-r00:005760.807: log(norms):     [2047.94, 2050.73, 2052.54, 2052.58, 2052.6, 2052.59, 2052.64, 2052.7, 2052.7, 2052.86]
exp002-n2048-k12-d190-bs40-f1.000-r00:005760.839: (62 sec)
exp002-n2048-k12-d190-bs40-f1.000-r00:005760.840: Loop 62/100
exp002-n2048-k12-d190-bs40-f1.000-r00:005830.259: log(exp-norms): [2047.94, 2049.94, 2050.83]
exp002-n2048-k12-d190-bs40-f1.000-r00:005830.260: log(norms):     [2047.94, 2050.73, 2052.54, 2052.58, 2052.6, 2052.59, 2052.64, 2052.7, 2052.7, 2052.86]
exp002-n2048-k12-d190-bs40-f1.000-r00:005830.293: (70 sec)
exp002-n2048-k12-d190-bs40-f1.000-r00:005830.293: Loop 63/100
exp002-n2048-k12-d190-bs40-f1.000-r00:005896.991: log(exp-norms): [2047.94, 2049.94, 2050.83]
exp002-n2048-k12-d190-bs40-f1.000-r00:005896.991: log(norms):     [2047.94, 2050.73, 2052.54, 2052.58, 2052.6, 2052.59, 2052.64, 2052.7, 2052.7, 2052.86]
exp002-n2048-k12-d190-bs40-f1.000-r00:005897.026: (67 sec)
exp002-n2048-k12-d190-bs40-f1.000-r00:005897.026: Loop 64/100
exp002-n2048-k12-d190-bs40-f1.000-r00:005964.149: log(exp-norms): [2047.94, 2049.94, 2050.83]
exp002-n2048-k12-d190-bs40-f1.000-r00:005964.150: log(norms):     [2047.94, 2050.73, 2052.54, 2052.58, 2052.6, 2052.59, 2052.64, 2052.7, 2052.7, 2052.86]
exp002-n2048-k12-d190-bs40-f1.000-r00:005964.182: (68 sec)
exp002-n2048-k12-d190-bs40-f1.000-r00:005964.182: Loop 65/100
exp002-n2048-k12-d190-bs40-f1.000-r00:006037.678: log(exp-norms): [2047.94, 2049.94, 2050.83]
exp002-n2048-k12-d190-bs40-f1.000-r00:006037.678: log(norms):     [2047.94, 2050.73, 2052.54, 2052.58, 2052.6, 2052.59, 2052.64, 2052.7, 2052.7, 2052.86]
exp002-n2048-k12-d190-bs40-f1.000-r00:006037.710: (74 sec)
exp002-n2048-k12-d190-bs40-f1.000-r00:006037.711: Loop 66/100
exp002-n2048-k12-d190-bs40-f1.000-r00:006101.588: log(exp-norms): [2047.94, 2049.94, 2050.83]
exp002-n2048-k12-d190-bs40-f1.000-r00:006101.588: log(norms):     [2047.94, 2050.73, 2052.54, 2052.58, 2052.6, 2052.59, 2052.64, 2052.7, 2052.7, 2052.86]
exp002-n2048-k12-d190-bs40-f1.000-r00:006101.609: (64 sec)
exp002-n2048-k12-d190-bs40-f1.000-r00:006101.609: Loop 67/100
exp002-n2048-k12-d190-bs40-f1.000-r00:006170.662: log(exp-norms): [2047.94, 2049.94, 2050.83]
exp002-n2048-k12-d190-bs40-f1.000-r00:006170.662: log(norms):     [2047.94, 2050.73, 2052.54, 2052.58, 2052.6, 2052.59, 2052.64, 2052.7, 2052.7, 2052.86]
exp002-n2048-k12-d190-bs40-f1.000-r00:006170.694: (70 sec)
exp002-n2048-k12-d190-bs40-f1.000-r00:006170.695: Loop 68/100
exp002-n2048-k12-d190-bs40-f1.000-r00:006237.383: log(exp-norms): [2047.94, 2049.94, 2050.83]
exp002-n2048-k12-d190-bs40-f1.000-r00:006237.383: log(norms):     [2047.94, 2050.73, 2052.54, 2052.58, 2052.6, 2052.59, 2052.64, 2052.7, 2052.73, 2052.76]
exp002-n2048-k12-d190-bs40-f1.000-r00:006237.406: (67 sec)
exp002-n2048-k12-d190-bs40-f1.000-r00:006237.406: Loop 69/100
exp002-n2048-k12-d190-bs40-f1.000-r00:006295.064: log(exp-norms): [2047.94, 2049.94, 2050.83]
exp002-n2048-k12-d190-bs40-f1.000-r00:006295.065: log(norms):     [2047.94, 2050.73, 2052.54, 2052.58, 2052.6, 2052.59, 2052.64, 2052.7, 2052.73, 2052.93]
exp002-n2048-k12-d190-bs40-f1.000-r00:006295.098: (58 sec)
exp002-n2048-k12-d190-bs40-f1.000-r00:006295.098: Loop 70/100
exp002-n2048-k12-d190-bs40-f1.000-r00:006358.234: log(exp-norms): [2047.94, 2049.94, 2050.83]
exp002-n2048-k12-d190-bs40-f1.000-r00:006358.234: log(norms):     [2047.94, 2050.73, 2052.54, 2052.58, 2052.6, 2052.59, 2052.64, 2052.7, 2052.73, 2052.93]
exp002-n2048-k12-d190-bs40-f1.000-r00:006358.266: (64 sec)
exp002-n2048-k12-d190-bs40-f1.000-r00:006358.267: Loop 71/100
exp002-n2048-k12-d190-bs40-f1.000-r00:006427.761: log(exp-norms): [2047.94, 2049.94, 2050.83]
exp002-n2048-k12-d190-bs40-f1.000-r00:006427.762: log(norms):     [2047.94, 2050.73, 2052.54, 2052.58, 2052.6, 2052.59, 2052.64, 2052.7, 2052.73, 2052.93]
exp002-n2048-k12-d190-bs40-f1.000-r00:006427.798: (70 sec)
exp002-n2048-k12-d190-bs40-f1.000-r00:006427.798: Loop 72/100
exp002-n2048-k12-d190-bs40-f1.000-r00:006499.081: log(exp-norms): [2047.94, 2049.94, 2050.83]
exp002-n2048-k12-d190-bs40-f1.000-r00:006499.081: log(norms):     [2047.94, 2050.73, 2052.54, 2052.58, 2052.6, 2052.59, 2052.64, 2052.7, 2052.73, 2052.93]
exp002-n2048-k12-d190-bs40-f1.000-r00:006499.117: (72 sec)
exp002-n2048-k12-d190-bs40-f1.000-r00:006499.117: Loop 73/100
exp002-n2048-k12-d190-bs40-f1.000-r00:006549.372: log(exp-norms): [2047.94, 2049.94, 2050.83]
exp002-n2048-k12-d190-bs40-f1.000-r00:006549.373: log(norms):     [2047.94, 2050.73, 2052.54, 2052.58, 2052.6, 2052.59, 2052.64, 2052.7, 2052.73, 2052.93]
exp002-n2048-k12-d190-bs40-f1.000-r00:006549.394: (51 sec)
exp002-n2048-k12-d190-bs40-f1.000-r00:006549.394: Loop 74/100
exp002-n2048-k12-d190-bs40-f1.000-r00:006611.486: log(exp-norms): [2047.94, 2049.94, 2050.83]
exp002-n2048-k12-d190-bs40-f1.000-r00:006611.486: log(norms):     [2047.94, 2050.73, 2052.54, 2052.58, 2052.6, 2052.59, 2052.64, 2052.7, 2052.73, 2052.93]
exp002-n2048-k12-d190-bs40-f1.000-r00:006611.506: (63 sec)
exp002-n2048-k12-d190-bs40-f1.000-r00:006611.506: Loop 75/100
exp002-n2048-k12-d190-bs40-f1.000-r00:006667.913: log(exp-norms): [2047.94, 2049.94, 2050.83]
exp002-n2048-k12-d190-bs40-f1.000-r00:006667.913: log(norms):     [2047.94, 2050.73, 2052.54, 2052.58, 2052.55, 2052.63, 2052.72, 2052.64, 2052.59, 2052.89]
exp002-n2048-k12-d190-bs40-f1.000-r00:006667.933: (57 sec)
exp002-n2048-k12-d190-bs40-f1.000-r00:006667.933: Loop 76/100
exp002-n2048-k12-d190-bs40-f1.000-r00:006728.385: log(exp-norms): [2047.94, 2049.94, 2050.83]
exp002-n2048-k12-d190-bs40-f1.000-r00:006728.386: log(norms):     [2047.94, 2050.73, 2052.54, 2052.58, 2052.55, 2052.63, 2052.72, 2052.64, 2052.59, 2052.89]
exp002-n2048-k12-d190-bs40-f1.000-r00:006728.418: (61 sec)
exp002-n2048-k12-d190-bs40-f1.000-r00:006728.418: Loop 77/100
exp002-n2048-k12-d190-bs40-f1.000-r00:006800.221: log(exp-norms): [2047.94, 2049.94, 2050.83]
exp002-n2048-k12-d190-bs40-f1.000-r00:006800.221: log(norms):     [2047.94, 2050.73, 2052.54, 2052.58, 2052.55, 2052.63, 2052.72, 2052.64, 2052.59, 2052.89]
exp002-n2048-k12-d190-bs40-f1.000-r00:006800.253: (72 sec)
exp002-n2048-k12-d190-bs40-f1.000-r00:006800.253: Loop 78/100
exp002-n2048-k12-d190-bs40-f1.000-r00:006869.397: log(exp-norms): [2047.94, 2049.94, 2050.83]
exp002-n2048-k12-d190-bs40-f1.000-r00:006869.398: log(norms):     [2047.94, 2050.73, 2052.54, 2052.58, 2052.55, 2052.63, 2052.72, 2052.64, 2052.59, 2052.89]
exp002-n2048-k12-d190-bs40-f1.000-r00:006869.431: (70 sec)
exp002-n2048-k12-d190-bs40-f1.000-r00:006869.431: Loop 79/100
exp002-n2048-k12-d190-bs40-f1.000-r00:006939.423: log(exp-norms): [2047.94, 2049.94, 2050.83]
exp002-n2048-k12-d190-bs40-f1.000-r00:006939.424: log(norms):     [2047.94, 2050.73, 2052.54, 2052.58, 2052.55, 2052.63, 2052.72, 2052.64, 2052.59, 2052.73]
exp002-n2048-k12-d190-bs40-f1.000-r00:006939.457: (71 sec)
exp002-n2048-k12-d190-bs40-f1.000-r00:006939.457: Loop 80/100
exp002-n2048-k12-d190-bs40-f1.000-r00:006993.114: log(exp-norms): [2047.94, 2049.94, 2050.83]
exp002-n2048-k12-d190-bs40-f1.000-r00:006993.114: log(norms):     [2047.94, 2050.73, 2052.54, 2052.58, 2052.55, 2052.63, 2052.72, 2052.64, 2052.59, 2052.73]
exp002-n2048-k12-d190-bs40-f1.000-r00:006993.146: (54 sec)
exp002-n2048-k12-d190-bs40-f1.000-r00:006993.147: Loop 81/100
exp002-n2048-k12-d190-bs40-f1.000-r00:007064.830: log(exp-norms): [2047.94, 2049.94, 2050.83]
exp002-n2048-k12-d190-bs40-f1.000-r00:007064.831: log(norms):     [2047.94, 2050.73, 2052.54, 2052.58, 2052.55, 2052.63, 2052.72, 2052.64, 2052.59, 2052.73]
exp002-n2048-k12-d190-bs40-f1.000-r00:007064.862: (72 sec)
exp002-n2048-k12-d190-bs40-f1.000-r00:007064.863: Loop 82/100
exp002-n2048-k12-d190-bs40-f1.000-r00:007125.482: log(exp-norms): [2047.94, 2049.94, 2050.83]
exp002-n2048-k12-d190-bs40-f1.000-r00:007125.482: log(norms):     [2047.94, 2050.73, 2052.54, 2052.58, 2052.55, 2052.63, 2052.72, 2052.64, 2052.59, 2052.73]
exp002-n2048-k12-d190-bs40-f1.000-r00:007125.502: (61 sec)
exp002-n2048-k12-d190-bs40-f1.000-r00:007125.502: Loop 83/100
exp002-n2048-k12-d190-bs40-f1.000-r00:007173.853: log(exp-norms): [2047.94, 2049.94, 2050.83]
exp002-n2048-k12-d190-bs40-f1.000-r00:007173.854: log(norms):     [2047.94, 2050.73, 2052.54, 2052.58, 2052.55, 2052.63, 2052.72, 2052.64, 2052.59, 2052.73]
exp002-n2048-k12-d190-bs40-f1.000-r00:007173.885: (49 sec)
exp002-n2048-k12-d190-bs40-f1.000-r00:007173.886: Loop 84/100
exp002-n2048-k12-d190-bs40-f1.000-r00:007243.486: log(exp-norms): [2047.94, 2049.94, 2050.83]
exp002-n2048-k12-d190-bs40-f1.000-r00:007243.486: log(norms):     [2047.94, 2050.73, 2052.54, 2052.58, 2052.55, 2052.63, 2052.72, 2052.64, 2052.59, 2052.73]
exp002-n2048-k12-d190-bs40-f1.000-r00:007243.519: (70 sec)
exp002-n2048-k12-d190-bs40-f1.000-r00:007243.519: Loop 85/100
exp002-n2048-k12-d190-bs40-f1.000-r00:007313.849: log(exp-norms): [2047.94, 2049.94, 2050.83]
exp002-n2048-k12-d190-bs40-f1.000-r00:007313.849: log(norms):     [2047.94, 2050.73, 2052.54, 2052.58, 2052.55, 2052.63, 2052.72, 2052.64, 2052.59, 2052.73]
exp002-n2048-k12-d190-bs40-f1.000-r00:007313.882: (71 sec)
exp002-n2048-k12-d190-bs40-f1.000-r00:007313.882: Loop 86/100
exp002-n2048-k12-d190-bs40-f1.000-r00:007382.881: log(exp-norms): [2047.94, 2049.94, 2050.83]
exp002-n2048-k12-d190-bs40-f1.000-r00:007382.882: log(norms):     [2047.94, 2050.73, 2052.54, 2052.58, 2052.55, 2052.63, 2052.72, 2052.64, 2052.59, 2052.73]
exp002-n2048-k12-d190-bs40-f1.000-r00:007382.903: (70 sec)
exp002-n2048-k12-d190-bs40-f1.000-r00:007382.903: Loop 87/100
exp002-n2048-k12-d190-bs40-f1.000-r00:007442.463: log(exp-norms): [2047.94, 2049.94, 2050.83]
exp002-n2048-k12-d190-bs40-f1.000-r00:007442.464: log(norms):     [2047.94, 2050.73, 2052.54, 2052.58, 2052.55, 2052.63, 2052.72, 2052.64, 2052.59, 2052.73]
exp002-n2048-k12-d190-bs40-f1.000-r00:007442.495: (60 sec)
exp002-n2048-k12-d190-bs40-f1.000-r00:007442.496: Loop 88/100
exp002-n2048-k12-d190-bs40-f1.000-r00:007509.615: log(exp-norms): [2047.94, 2049.94, 2050.83]
exp002-n2048-k12-d190-bs40-f1.000-r00:007509.615: log(norms):     [2047.94, 2050.73, 2052.54, 2052.58, 2052.55, 2052.63, 2052.72, 2052.64, 2052.59, 2052.73]
exp002-n2048-k12-d190-bs40-f1.000-r00:007509.647: (68 sec)
exp002-n2048-k12-d190-bs40-f1.000-r00:007509.647: Loop 89/100
exp002-n2048-k12-d190-bs40-f1.000-r00:007565.359: log(exp-norms): [2047.94, 2049.94, 2050.83]
exp002-n2048-k12-d190-bs40-f1.000-r00:007565.359: log(norms):     [2047.94, 2050.73, 2052.54, 2052.58, 2052.55, 2052.63, 2052.72, 2052.64, 2052.59, 2052.73]
exp002-n2048-k12-d190-bs40-f1.000-r00:007565.380: (56 sec)
exp002-n2048-k12-d190-bs40-f1.000-r00:007565.381: Loop 90/100
exp002-n2048-k12-d190-bs40-f1.000-r00:007630.046: log(exp-norms): [2047.94, 2049.94, 2050.83]
exp002-n2048-k12-d190-bs40-f1.000-r00:007630.047: log(norms):     [2047.94, 2050.73, 2052.54, 2052.58, 2052.55, 2052.63, 2052.72, 2052.64, 2052.59, 2052.73]
exp002-n2048-k12-d190-bs40-f1.000-r00:007630.079: (65 sec)
exp002-n2048-k12-d190-bs40-f1.000-r00:007630.079: Loop 91/100
exp002-n2048-k12-d190-bs40-f1.000-r00:007681.134: log(exp-norms): [2047.94, 2049.94, 2050.83]
exp002-n2048-k12-d190-bs40-f1.000-r00:007681.134: log(norms):     [2047.94, 2050.73, 2052.54, 2052.58, 2052.55, 2052.63, 2052.72, 2052.64, 2052.59, 2052.73]
exp002-n2048-k12-d190-bs40-f1.000-r00:007681.154: (52 sec)
exp002-n2048-k12-d190-bs40-f1.000-r00:007681.154: Loop 92/100
exp002-n2048-k12-d190-bs40-f1.000-r00:007726.042: log(exp-norms): [2047.94, 2049.94, 2050.83]
exp002-n2048-k12-d190-bs40-f1.000-r00:007726.043: log(norms):     [2047.94, 2050.73, 2052.54, 2052.58, 2052.55, 2052.63, 2052.72, 2052.64, 2052.59, 2052.73]
exp002-n2048-k12-d190-bs40-f1.000-r00:007726.062: (45 sec)
exp002-n2048-k12-d190-bs40-f1.000-r00:007726.062: Loop 93/100
exp002-n2048-k12-d190-bs40-f1.000-r00:007770.635: log(exp-norms): [2047.94, 2049.94, 2050.83]
exp002-n2048-k12-d190-bs40-f1.000-r00:007770.635: log(norms):     [2047.94, 2050.73, 2052.54, 2052.58, 2052.55, 2052.63, 2052.72, 2052.64, 2052.59, 2052.73]
exp002-n2048-k12-d190-bs40-f1.000-r00:007770.655: (45 sec)
exp002-n2048-k12-d190-bs40-f1.000-r00:007770.655: Loop 94/100
exp002-n2048-k12-d190-bs40-f1.000-r00:007816.388: log(exp-norms): [2047.94, 2049.94, 2050.83]
exp002-n2048-k12-d190-bs40-f1.000-r00:007816.388: log(norms):     [2047.94, 2050.73, 2052.54, 2052.58, 2052.55, 2052.63, 2052.72, 2052.64, 2052.59, 2052.73]
exp002-n2048-k12-d190-bs40-f1.000-r00:007816.408: (46 sec)
exp002-n2048-k12-d190-bs40-f1.000-r00:007816.408: Loop 95/100
exp002-n2048-k12-d190-bs40-f1.000-r00:007862.098: log(exp-norms): [2047.94, 2049.94, 2050.83]
exp002-n2048-k12-d190-bs40-f1.000-r00:007862.099: log(norms):     [2047.94, 2050.73, 2052.54, 2052.58, 2052.55, 2052.63, 2052.72, 2052.64, 2052.59, 2052.73]
exp002-n2048-k12-d190-bs40-f1.000-r00:007862.118: (46 sec)
exp002-n2048-k12-d190-bs40-f1.000-r00:007862.118: Loop 96/100
exp002-n2048-k12-d190-bs40-f1.000-r00:007908.634: log(exp-norms): [2047.94, 2049.94, 2050.83]
exp002-n2048-k12-d190-bs40-f1.000-r00:007908.634: log(norms):     [2047.94, 2050.73, 2052.54, 2052.58, 2052.55, 2052.63, 2052.72, 2052.64, 2052.59, 2052.7]
exp002-n2048-k12-d190-bs40-f1.000-r00:007908.653: (47 sec)
exp002-n2048-k12-d190-bs40-f1.000-r00:007908.654: Loop 97/100
exp002-n2048-k12-d190-bs40-f1.000-r00:007951.834: log(exp-norms): [2047.94, 2049.94, 2050.83]
exp002-n2048-k12-d190-bs40-f1.000-r00:007951.834: log(norms):     [2047.94, 2050.73, 2052.54, 2052.58, 2052.7, 2052.55, 2052.63, 2052.72, 2052.73, 2052.75]
exp002-n2048-k12-d190-bs40-f1.000-r00:007951.854: (44 sec)
exp002-n2048-k12-d190-bs40-f1.000-r00:007951.854: Loop 98/100
exp002-n2048-k12-d190-bs40-f1.000-r00:008006.883: log(exp-norms): [2047.94, 2049.94, 2050.83]
exp002-n2048-k12-d190-bs40-f1.000-r00:008006.883: log(norms):     [2047.94, 2050.73, 2052.54, 2052.58, 2052.7, 2052.55, 2052.63, 2052.72, 2052.73, 2052.75]
exp002-n2048-k12-d190-bs40-f1.000-r00:008006.907: (56 sec)
exp002-n2048-k12-d190-bs40-f1.000-r00:008006.907: Loop 99/100
exp002-n2048-k12-d190-bs40-f1.000-r00:008079.746: log(exp-norms): [2047.94, 2049.94, 2050.83]
exp002-n2048-k12-d190-bs40-f1.000-r00:008079.746: log(norms):     [2047.94, 2050.73, 2052.54, 2052.58, 2052.7, 2052.55, 2052.63, 2052.72, 2052.73, 2052.75]
exp002-n2048-k12-d190-bs40-f1.000-r00:008079.779: (73 sec)
exp002-n2048-k12-d190-bs40-f1.000-r00:008079.779: Loop 100/100
exp002-n2048-k12-d190-bs40-f1.000-r00:008158.231: log(exp-norms): [2047.94, 2049.94, 2050.83]
exp002-n2048-k12-d190-bs40-f1.000-r00:008158.231: log(norms):     [2047.94, 2050.73, 2052.54, 2052.58, 2052.7, 2052.55, 2052.63, 2052.72, 2052.73, 2052.75]
exp002-n2048-k12-d190-bs40-f1.000-r00:008158.263: (79 sec)
exp002-n2048-k12-d190-bs40-f1.000-r00:008158.264: ==========================Summary===========================
exp002-n2048-k12-d190-bs40-f1.000-r00:008158.264: Total time: 8159sec
exp002-n2048-k12-d190-bs40-f1.000-r00:008158.264: FAIL
exp002-n2048-k12-d190-bs40-f1.000-r00:008158.264: SUMMARY:n:2048:k:12:d:190:bs:40:t:8159:r:False
