exp001-n2048-k12-d180-bs40-f1.000-r00:000000.227: ==========================Instance==========================
exp001-n2048-k12-d180-bs40-f1.000-r00:000000.228: # of equations: 180
exp001-n2048-k12-d180-bs40-f1.000-r00:000000.231: Gap: 1.23
exp001-n2048-k12-d180-bs40-f1.000-r00:000000.238: Tau: 0.46
exp001-n2048-k12-d180-bs40-f1.000-r00:000000.238: ======================BKZ-40 reduction======================
exp001-n2048-k12-d180-bs40-f1.000-r00:000004.720: Expectedly achievable log(norm): 2051.77
exp001-n2048-k12-d180-bs40-f1.000-r00:000009.559: log(exp-norms): [2047.94, 2049.91, 2050.2]
exp001-n2048-k12-d180-bs40-f1.000-r00:000009.560: log(norms):     [2062.85, 2050.69, 2059.89, 2059.89, 2059.89, 2059.89, 2059.89, 2059.89, 2059.89, 2059.89]
exp001-n2048-k12-d180-bs40-f1.000-r00:000009.662: Loop 1/100
exp001-n2048-k12-d180-bs40-f1.000-r00:001260.735: log(exp-norms): [2047.94, 2049.91, 2050.2]
exp001-n2048-k12-d180-bs40-f1.000-r00:001260.736: log(norms):     [2050.69, 2053.75, 2053.78, 2053.77, 2053.71, 2053.61, 2053.7, 2053.76, 2053.83, 2053.86]
exp001-n2048-k12-d180-bs40-f1.000-r00:001260.773: (1252 sec)
exp001-n2048-k12-d180-bs40-f1.000-r00:001260.774: Loop 2/100
exp001-n2048-k12-d180-bs40-f1.000-r00:001380.258: log(exp-norms): [2047.94, 2049.91, 2050.2]
exp001-n2048-k12-d180-bs40-f1.000-r00:001380.258: log(norms):     [2050.69, 2053.27, 2053.27, 2053.39, 2053.46, 2053.37, 2053.37, 2053.46, 2053.43, 2053.65]
exp001-n2048-k12-d180-bs40-f1.000-r00:001380.293: (120 sec)
exp001-n2048-k12-d180-bs40-f1.000-r00:001380.294: Loop 3/100
exp001-n2048-k12-d180-bs40-f1.000-r00:001476.164: log(exp-norms): [2047.94, 2049.91, 2050.2]
exp001-n2048-k12-d180-bs40-f1.000-r00:001476.164: log(norms):     [2050.69, 2053.07, 2053.1, 2053.28, 2053.18, 2053.15, 2053.31, 2053.25, 2053.46, 2053.37]
exp001-n2048-k12-d180-bs40-f1.000-r00:001476.195: (96 sec)
exp001-n2048-k12-d180-bs40-f1.000-r00:001476.196: Loop 4/100
exp001-n2048-k12-d180-bs40-f1.000-r00:001566.365: log(exp-norms): [2047.94, 2049.91, 2050.2]
exp001-n2048-k12-d180-bs40-f1.000-r00:001566.365: log(norms):     [2050.69, 2052.78, 2052.86, 2052.81, 2052.81, 2052.95, 2052.81, 2052.84, 2053.06, 2052.99]
exp001-n2048-k12-d180-bs40-f1.000-r00:001566.396: (91 sec)
exp001-n2048-k12-d180-bs40-f1.000-r00:001566.396: Loop 5/100
exp001-n2048-k12-d180-bs40-f1.000-r00:001644.498: log(exp-norms): [2047.94, 2049.91, 2050.2]
exp001-n2048-k12-d180-bs40-f1.000-r00:001644.498: log(norms):     [2050.69, 2052.62, 2052.78, 2052.7, 2052.73, 2052.79, 2052.79, 2052.68, 2052.73, 2052.8]
exp001-n2048-k12-d180-bs40-f1.000-r00:001644.518: (79 sec)
exp001-n2048-k12-d180-bs40-f1.000-r00:001644.518: Loop 6/100
exp001-n2048-k12-d180-bs40-f1.000-r00:001703.010: log(exp-norms): [2047.94, 2049.91, 2050.2]
exp001-n2048-k12-d180-bs40-f1.000-r00:001703.011: log(norms):     [2050.69, 2052.56, 2052.6, 2052.61, 2052.47, 2052.67, 2052.65, 2052.56, 2052.59, 2052.63]
exp001-n2048-k12-d180-bs40-f1.000-r00:001703.031: (59 sec)
exp001-n2048-k12-d180-bs40-f1.000-r00:001703.031: Loop 7/100
exp001-n2048-k12-d180-bs40-f1.000-r00:001772.647: log(exp-norms): [2047.94, 2049.91, 2050.2]
exp001-n2048-k12-d180-bs40-f1.000-r00:001772.647: log(norms):     [2050.69, 2052.28, 2052.42, 2052.45, 2052.46, 2052.49, 2052.54, 2052.69, 2052.45, 2052.59]
exp001-n2048-k12-d180-bs40-f1.000-r00:001772.666: (70 sec)
exp001-n2048-k12-d180-bs40-f1.000-r00:001772.667: Loop 8/100
exp001-n2048-k12-d180-bs40-f1.000-r00:001827.892: log(exp-norms): [2047.94, 2049.91, 2050.2]
exp001-n2048-k12-d180-bs40-f1.000-r00:001827.892: log(norms):     [2050.69, 2051.99, 2052.28, 2052.25, 2052.38, 2052.39, 2052.37, 2052.29, 2052.54, 2052.4]
exp001-n2048-k12-d180-bs40-f1.000-r00:001827.925: (56 sec)
exp001-n2048-k12-d180-bs40-f1.000-r00:001827.925: Loop 9/100
exp001-n2048-k12-d180-bs40-f1.000-r00:001902.230: log(exp-norms): [2047.94, 2049.91, 2050.2]
exp001-n2048-k12-d180-bs40-f1.000-r00:001902.230: log(norms):     [2050.69, 2051.99, 2052.19, 2052.2, 2052.2, 2052.39, 2052.4, 2052.24, 2052.44, 2052.44]
exp001-n2048-k12-d180-bs40-f1.000-r00:001902.249: (75 sec)
exp001-n2048-k12-d180-bs40-f1.000-r00:001902.249: Loop 10/100
exp001-n2048-k12-d180-bs40-f1.000-r00:001972.741: log(exp-norms): [2047.94, 2049.91, 2050.2]
exp001-n2048-k12-d180-bs40-f1.000-r00:001972.741: log(norms):     [2050.69, 2051.99, 2052.19, 2052.19, 2052.2, 2052.33, 2052.2, 2052.17, 2052.27, 2052.36]
exp001-n2048-k12-d180-bs40-f1.000-r00:001972.761: (71 sec)
exp001-n2048-k12-d180-bs40-f1.000-r00:001972.761: Loop 11/100
exp001-n2048-k12-d180-bs40-f1.000-r00:002016.757: log(exp-norms): [2047.94, 2049.91, 2050.2]
exp001-n2048-k12-d180-bs40-f1.000-r00:002016.758: log(norms):     [2050.69, 2051.99, 2052.04, 2051.97, 2052.05, 2052.27, 2052.27, 2052.24, 2052.21, 2052.17]
exp001-n2048-k12-d180-bs40-f1.000-r00:002016.778: (45 sec)
exp001-n2048-k12-d180-bs40-f1.000-r00:002016.778: Loop 12/100
exp001-n2048-k12-d180-bs40-f1.000-r00:002058.654: log(exp-norms): [2047.94, 2049.91, 2050.2]
exp001-n2048-k12-d180-bs40-f1.000-r00:002058.654: log(norms):     [2050.69, 2051.97, 2051.99, 2052.04, 2052.15, 2052.09, 2052.2, 2052.17, 2052.28, 2052.25]
exp001-n2048-k12-d180-bs40-f1.000-r00:002058.673: (42 sec)
exp001-n2048-k12-d180-bs40-f1.000-r00:002058.673: Loop 13/100
exp001-n2048-k12-d180-bs40-f1.000-r00:002114.256: log(exp-norms): [2047.94, 2049.91, 2050.2]
exp001-n2048-k12-d180-bs40-f1.000-r00:002114.257: log(norms):     [2050.69, 2051.97, 2051.99, 2052.14, 2052.08, 2052.02, 2052.04, 2052.09, 2052.15, 2052.03]
exp001-n2048-k12-d180-bs40-f1.000-r00:002114.288: (56 sec)
exp001-n2048-k12-d180-bs40-f1.000-r00:002114.289: Loop 14/100
exp001-n2048-k12-d180-bs40-f1.000-r00:002186.775: log(exp-norms): [2047.94, 2049.91, 2050.2]
exp001-n2048-k12-d180-bs40-f1.000-r00:002186.775: log(norms):     [2050.69, 2051.97, 2051.99, 2052.14, 2052.08, 2052.02, 2051.95, 2052.14, 2052.19, 2052.28]
exp001-n2048-k12-d180-bs40-f1.000-r00:002186.794: (73 sec)
exp001-n2048-k12-d180-bs40-f1.000-r00:002186.795: Loop 15/100
exp001-n2048-k12-d180-bs40-f1.000-r00:002241.844: log(exp-norms): [2047.94, 2049.91, 2050.2]
exp001-n2048-k12-d180-bs40-f1.000-r00:002241.844: log(norms):     [2050.69, 2051.95, 2051.97, 2052.07, 2052.06, 2052.06, 2052.1, 2052.25, 2052.16, 2052.1]
exp001-n2048-k12-d180-bs40-f1.000-r00:002241.864: (56 sec)
exp001-n2048-k12-d180-bs40-f1.000-r00:002241.864: Loop 16/100
exp001-n2048-k12-d180-bs40-f1.000-r00:002283.740: log(exp-norms): [2047.94, 2049.91, 2050.2]
exp001-n2048-k12-d180-bs40-f1.000-r00:002283.740: log(norms):     [2050.69, 2051.95, 2051.97, 2052.04, 2052.07, 2052.11, 2052.26, 2052.06, 2052.12, 2052.15]
exp001-n2048-k12-d180-bs40-f1.000-r00:002283.760: (42 sec)
exp001-n2048-k12-d180-bs40-f1.000-r00:002283.760: Loop 17/100
exp001-n2048-k12-d180-bs40-f1.000-r00:002325.022: log(exp-norms): [2047.94, 2049.91, 2050.2]
exp001-n2048-k12-d180-bs40-f1.000-r00:002325.023: log(norms):     [2050.69, 2051.89, 2052.0, 2051.99, 2052.07, 2051.97, 2052.14, 2051.95, 2052.18, 2052.14]
exp001-n2048-k12-d180-bs40-f1.000-r00:002325.042: (42 sec)
exp001-n2048-k12-d180-bs40-f1.000-r00:002325.042: Loop 18/100
exp001-n2048-k12-d180-bs40-f1.000-r00:002389.221: log(exp-norms): [2047.94, 2049.91, 2050.2]
exp001-n2048-k12-d180-bs40-f1.000-r00:002389.221: log(norms):     [2050.69, 2051.89, 2052.0, 2051.99, 2051.99, 2052.04, 2051.95, 2052.07, 2051.97, 2052.34]
exp001-n2048-k12-d180-bs40-f1.000-r00:002389.253: (65 sec)
exp001-n2048-k12-d180-bs40-f1.000-r00:002389.254: Loop 19/100
exp001-n2048-k12-d180-bs40-f1.000-r00:002454.908: log(exp-norms): [2047.94, 2049.91, 2050.2]
exp001-n2048-k12-d180-bs40-f1.000-r00:002454.909: log(norms):     [2050.69, 2051.89, 2052.0, 2051.95, 2051.99, 2051.99, 2052.04, 2052.07, 2051.97, 2052.18]
exp001-n2048-k12-d180-bs40-f1.000-r00:002454.944: (66 sec)
exp001-n2048-k12-d180-bs40-f1.000-r00:002454.944: Loop 20/100
exp001-n2048-k12-d180-bs40-f1.000-r00:002525.173: log(exp-norms): [2047.94, 2049.91, 2050.2]
exp001-n2048-k12-d180-bs40-f1.000-r00:002525.173: log(norms):     [2050.69, 2051.89, 2052.0, 2051.95, 2051.99, 2051.99, 2052.02, 2052.06, 2052.04, 2052.21]
exp001-n2048-k12-d180-bs40-f1.000-r00:002525.204: (71 sec)
exp001-n2048-k12-d180-bs40-f1.000-r00:002525.204: Loop 21/100
exp001-n2048-k12-d180-bs40-f1.000-r00:002586.699: log(exp-norms): [2047.94, 2049.91, 2050.2]
exp001-n2048-k12-d180-bs40-f1.000-r00:002586.700: log(norms):     [2050.69, 2051.89, 2052.0, 2051.95, 2051.99, 2051.99, 2052.02, 2052.06, 2052.04, 2052.21]
exp001-n2048-k12-d180-bs40-f1.000-r00:002586.719: (62 sec)
exp001-n2048-k12-d180-bs40-f1.000-r00:002586.719: Loop 22/100
exp001-n2048-k12-d180-bs40-f1.000-r00:002626.759: log(exp-norms): [2047.94, 2049.91, 2050.2]
exp001-n2048-k12-d180-bs40-f1.000-r00:002626.759: log(norms):     [2050.69, 2051.89, 2052.01, 2052.0, 2051.95, 2051.9, 2052.16, 2052.18, 2052.08, 2052.18]
exp001-n2048-k12-d180-bs40-f1.000-r00:002626.778: (41 sec)
exp001-n2048-k12-d180-bs40-f1.000-r00:002626.778: Loop 23/100
exp001-n2048-k12-d180-bs40-f1.000-r00:002667.317: log(exp-norms): [2047.94, 2049.91, 2050.2]
exp001-n2048-k12-d180-bs40-f1.000-r00:002667.317: log(norms):     [2050.69, 2051.89, 2052.01, 2052.01, 2051.93, 2051.9, 2052.0, 2051.95, 2052.19, 2052.08]
exp001-n2048-k12-d180-bs40-f1.000-r00:002667.337: (41 sec)
exp001-n2048-k12-d180-bs40-f1.000-r00:002667.338: Loop 24/100
exp001-n2048-k12-d180-bs40-f1.000-r00:002718.466: log(exp-norms): [2047.94, 2049.91, 2050.2]
exp001-n2048-k12-d180-bs40-f1.000-r00:002718.467: log(norms):     [2050.69, 2051.89, 2052.01, 2052.01, 2051.93, 2051.9, 2052.18, 2051.89, 2052.09, 2052.0]
exp001-n2048-k12-d180-bs40-f1.000-r00:002718.497: (52 sec)
exp001-n2048-k12-d180-bs40-f1.000-r00:002718.497: Loop 25/100
exp001-n2048-k12-d180-bs40-f1.000-r00:002782.363: log(exp-norms): [2047.94, 2049.91, 2050.2]
exp001-n2048-k12-d180-bs40-f1.000-r00:002782.363: log(norms):     [2050.69, 2051.89, 2051.92, 2051.89, 2051.9, 2052.09, 2052.0, 2052.01, 2052.1, 2052.08]
exp001-n2048-k12-d180-bs40-f1.000-r00:002782.394: (64 sec)
exp001-n2048-k12-d180-bs40-f1.000-r00:002782.395: Loop 26/100
exp001-n2048-k12-d180-bs40-f1.000-r00:002850.222: log(exp-norms): [2047.94, 2049.91, 2050.2]
exp001-n2048-k12-d180-bs40-f1.000-r00:002850.222: log(norms):     [2050.69, 2051.79, 2051.89, 2051.92, 2051.83, 2051.89, 2052.06, 2052.02, 2052.1, 2051.9]
exp001-n2048-k12-d180-bs40-f1.000-r00:002850.252: (68 sec)
exp001-n2048-k12-d180-bs40-f1.000-r00:002850.253: Loop 27/100
exp001-n2048-k12-d180-bs40-f1.000-r00:002912.381: log(exp-norms): [2047.94, 2049.91, 2050.2]
exp001-n2048-k12-d180-bs40-f1.000-r00:002912.382: log(norms):     [2050.69, 2051.79, 2051.8, 2051.89, 2051.83, 2051.92, 2051.89, 2052.02, 2052.0, 2052.16]
exp001-n2048-k12-d180-bs40-f1.000-r00:002912.412: (63 sec)
exp001-n2048-k12-d180-bs40-f1.000-r00:002912.412: Loop 28/100
exp001-n2048-k12-d180-bs40-f1.000-r00:002974.960: log(exp-norms): [2047.94, 2049.91, 2050.2]
exp001-n2048-k12-d180-bs40-f1.000-r00:002974.960: log(norms):     [2050.69, 2051.79, 2051.8, 2051.86, 2051.88, 2051.95, 2051.96, 2051.96, 2051.83, 2052.02]
exp001-n2048-k12-d180-bs40-f1.000-r00:002974.980: (63 sec)
exp001-n2048-k12-d180-bs40-f1.000-r00:002974.980: Loop 29/100
exp001-n2048-k12-d180-bs40-f1.000-r00:003036.400: log(exp-norms): [2047.94, 2049.91, 2050.2]
exp001-n2048-k12-d180-bs40-f1.000-r00:003036.400: log(norms):     [2050.69, 2051.79, 2051.8, 2051.86, 2051.88, 2051.95, 2051.96, 2051.96, 2051.83, 2052.12]
exp001-n2048-k12-d180-bs40-f1.000-r00:003036.419: (62 sec)
exp001-n2048-k12-d180-bs40-f1.000-r00:003036.419: Loop 30/100
exp001-n2048-k12-d180-bs40-f1.000-r00:003092.934: log(exp-norms): [2047.94, 2049.91, 2050.2]
exp001-n2048-k12-d180-bs40-f1.000-r00:003092.934: log(norms):     [2050.69, 2051.79, 2051.8, 2051.86, 2051.88, 2051.95, 2051.96, 2052.01, 2051.96, 2051.83]
exp001-n2048-k12-d180-bs40-f1.000-r00:003092.953: (57 sec)
exp001-n2048-k12-d180-bs40-f1.000-r00:003092.953: Loop 31/100
exp001-n2048-k12-d180-bs40-f1.000-r00:003142.829: log(exp-norms): [2047.94, 2049.91, 2050.2]
exp001-n2048-k12-d180-bs40-f1.000-r00:003142.829: log(norms):     [2050.69, 2051.79, 2051.8, 2051.86, 2051.88, 2051.92, 2052.01, 2051.96, 2051.95, 2051.96]
exp001-n2048-k12-d180-bs40-f1.000-r00:003142.860: (50 sec)
exp001-n2048-k12-d180-bs40-f1.000-r00:003142.860: Loop 32/100
exp001-n2048-k12-d180-bs40-f1.000-r00:003203.299: log(exp-norms): [2047.94, 2049.91, 2050.2]
exp001-n2048-k12-d180-bs40-f1.000-r00:003203.299: log(norms):     [2050.69, 2051.79, 2051.8, 2051.86, 2051.88, 2051.92, 2052.01, 2051.96, 2052.18, 2051.95]
exp001-n2048-k12-d180-bs40-f1.000-r00:003203.318: (61 sec)
exp001-n2048-k12-d180-bs40-f1.000-r00:003203.318: Loop 33/100
exp001-n2048-k12-d180-bs40-f1.000-r00:003244.842: log(exp-norms): [2047.94, 2049.91, 2050.2]
exp001-n2048-k12-d180-bs40-f1.000-r00:003244.842: log(norms):     [2050.69, 2051.79, 2051.8, 2051.86, 2051.88, 2051.92, 2052.01, 2051.96, 2052.18, 2052.05]
exp001-n2048-k12-d180-bs40-f1.000-r00:003244.862: (42 sec)
exp001-n2048-k12-d180-bs40-f1.000-r00:003244.862: Loop 34/100
exp001-n2048-k12-d180-bs40-f1.000-r00:003282.765: log(exp-norms): [2047.94, 2049.91, 2050.2]
exp001-n2048-k12-d180-bs40-f1.000-r00:003282.765: log(norms):     [2050.69, 2051.79, 2051.8, 2051.86, 2051.88, 2051.92, 2052.01, 2051.96, 2052.18, 2052.05]
exp001-n2048-k12-d180-bs40-f1.000-r00:003282.784: (38 sec)
exp001-n2048-k12-d180-bs40-f1.000-r00:003282.785: Loop 35/100
exp001-n2048-k12-d180-bs40-f1.000-r00:003320.932: log(exp-norms): [2047.94, 2049.91, 2050.2]
exp001-n2048-k12-d180-bs40-f1.000-r00:003320.932: log(norms):     [2050.69, 2051.79, 2051.8, 2051.86, 2051.88, 2051.92, 2052.01, 2051.96, 2052.18, 2052.05]
exp001-n2048-k12-d180-bs40-f1.000-r00:003320.952: (39 sec)
exp001-n2048-k12-d180-bs40-f1.000-r00:003320.952: Loop 36/100
exp001-n2048-k12-d180-bs40-f1.000-r00:003361.887: log(exp-norms): [2047.94, 2049.91, 2050.2]
exp001-n2048-k12-d180-bs40-f1.000-r00:003361.887: log(norms):     [2050.69, 2051.79, 2051.8, 2051.86, 2051.88, 2051.92, 2052.01, 2051.96, 2052.18, 2052.05]
exp001-n2048-k12-d180-bs40-f1.000-r00:003361.907: (41 sec)
exp001-n2048-k12-d180-bs40-f1.000-r00:003361.907: Loop 37/100
exp001-n2048-k12-d180-bs40-f1.000-r00:003401.285: log(exp-norms): [2047.94, 2049.91, 2050.2]
exp001-n2048-k12-d180-bs40-f1.000-r00:003401.285: log(norms):     [2050.69, 2051.79, 2051.8, 2051.86, 2051.88, 2051.92, 2052.01, 2051.92, 2052.02, 2051.97]
exp001-n2048-k12-d180-bs40-f1.000-r00:003401.304: (40 sec)
exp001-n2048-k12-d180-bs40-f1.000-r00:003401.305: Loop 38/100
exp001-n2048-k12-d180-bs40-f1.000-r00:003440.137: log(exp-norms): [2047.94, 2049.91, 2050.2]
exp001-n2048-k12-d180-bs40-f1.000-r00:003440.137: log(norms):     [2050.69, 2051.79, 2051.8, 2051.86, 2051.88, 2052.02, 2052.01, 2051.95, 2052.15, 2051.96]
exp001-n2048-k12-d180-bs40-f1.000-r00:003440.156: (39 sec)
exp001-n2048-k12-d180-bs40-f1.000-r00:003440.156: Loop 39/100
exp001-n2048-k12-d180-bs40-f1.000-r00:003479.133: log(exp-norms): [2047.94, 2049.91, 2050.2]
exp001-n2048-k12-d180-bs40-f1.000-r00:003479.134: log(norms):     [2050.69, 2051.79, 2051.8, 2051.86, 2051.88, 2052.02, 2052.01, 2051.95, 2052.09, 2052.03]
exp001-n2048-k12-d180-bs40-f1.000-r00:003479.153: (39 sec)
exp001-n2048-k12-d180-bs40-f1.000-r00:003479.153: Loop 40/100
exp001-n2048-k12-d180-bs40-f1.000-r00:003515.922: log(exp-norms): [2047.94, 2049.91, 2050.2]
exp001-n2048-k12-d180-bs40-f1.000-r00:003515.922: log(norms):     [2050.69, 2051.79, 2051.8, 2051.86, 2051.88, 2052.02, 2052.01, 2051.95, 2052.09, 2052.03]
exp001-n2048-k12-d180-bs40-f1.000-r00:003515.941: (37 sec)
exp001-n2048-k12-d180-bs40-f1.000-r00:003515.942: Loop 41/100
exp001-n2048-k12-d180-bs40-f1.000-r00:003554.364: log(exp-norms): [2047.94, 2049.91, 2050.2]
exp001-n2048-k12-d180-bs40-f1.000-r00:003554.364: log(norms):     [2050.69, 2051.79, 2051.8, 2051.86, 2051.88, 2052.02, 2052.01, 2051.95, 2052.09, 2052.03]
exp001-n2048-k12-d180-bs40-f1.000-r00:003554.383: (39 sec)
exp001-n2048-k12-d180-bs40-f1.000-r00:003554.383: Loop 42/100
exp001-n2048-k12-d180-bs40-f1.000-r00:003594.598: log(exp-norms): [2047.94, 2049.91, 2050.2]
exp001-n2048-k12-d180-bs40-f1.000-r00:003594.599: log(norms):     [2050.69, 2051.79, 2051.8, 2051.86, 2051.88, 2052.02, 2052.01, 2051.95, 2052.09, 2052.03]
exp001-n2048-k12-d180-bs40-f1.000-r00:003594.618: (41 sec)
exp001-n2048-k12-d180-bs40-f1.000-r00:003594.618: Loop 43/100
exp001-n2048-k12-d180-bs40-f1.000-r00:003634.052: log(exp-norms): [2047.94, 2049.91, 2050.2]
exp001-n2048-k12-d180-bs40-f1.000-r00:003634.052: log(norms):     [2050.69, 2051.79, 2051.8, 2051.86, 2051.88, 2052.02, 2052.01, 2051.95, 2052.09, 2052.03]
exp001-n2048-k12-d180-bs40-f1.000-r00:003634.071: (40 sec)
exp001-n2048-k12-d180-bs40-f1.000-r00:003634.071: Loop 44/100
exp001-n2048-k12-d180-bs40-f1.000-r00:003673.084: log(exp-norms): [2047.94, 2049.91, 2050.2]
exp001-n2048-k12-d180-bs40-f1.000-r00:003673.084: log(norms):     [2050.69, 2051.79, 2051.8, 2051.86, 2051.88, 2052.02, 2052.01, 2051.95, 2052.09, 2052.03]
exp001-n2048-k12-d180-bs40-f1.000-r00:003673.103: (40 sec)
exp001-n2048-k12-d180-bs40-f1.000-r00:003673.104: Loop 45/100
exp001-n2048-k12-d180-bs40-f1.000-r00:003721.195: log(exp-norms): [2047.94, 2049.91, 2050.2]
exp001-n2048-k12-d180-bs40-f1.000-r00:003721.196: log(norms):     [2050.69, 2051.79, 2051.8, 2051.86, 2051.88, 2052.02, 2052.01, 2051.95, 2052.09, 2052.03]
exp001-n2048-k12-d180-bs40-f1.000-r00:003721.215: (49 sec)
exp001-n2048-k12-d180-bs40-f1.000-r00:003721.215: Loop 46/100
exp001-n2048-k12-d180-bs40-f1.000-r00:003778.517: log(exp-norms): [2047.94, 2049.91, 2050.2]
exp001-n2048-k12-d180-bs40-f1.000-r00:003778.517: log(norms):     [2050.69, 2051.79, 2051.8, 2051.86, 2051.88, 2052.02, 2052.01, 2051.95, 2052.09, 2052.03]
exp001-n2048-k12-d180-bs40-f1.000-r00:003778.548: (58 sec)
exp001-n2048-k12-d180-bs40-f1.000-r00:003778.548: Loop 47/100
exp001-n2048-k12-d180-bs40-f1.000-r00:003841.936: log(exp-norms): [2047.94, 2049.91, 2050.2]
exp001-n2048-k12-d180-bs40-f1.000-r00:003841.936: log(norms):     [2050.69, 2051.79, 2051.8, 2051.86, 2051.88, 2052.02, 2052.01, 2051.95, 2052.09, 2052.03]
exp001-n2048-k12-d180-bs40-f1.000-r00:003841.967: (64 sec)
exp001-n2048-k12-d180-bs40-f1.000-r00:003841.968: Loop 48/100
exp001-n2048-k12-d180-bs40-f1.000-r00:003905.854: log(exp-norms): [2047.94, 2049.91, 2050.2]
exp001-n2048-k12-d180-bs40-f1.000-r00:003905.854: log(norms):     [2050.69, 2051.79, 2051.8, 2051.86, 2051.88, 2052.02, 2052.01, 2051.95, 2052.09, 2052.03]
exp001-n2048-k12-d180-bs40-f1.000-r00:003905.885: (64 sec)
exp001-n2048-k12-d180-bs40-f1.000-r00:003905.886: Loop 49/100
exp001-n2048-k12-d180-bs40-f1.000-r00:003970.992: log(exp-norms): [2047.94, 2049.91, 2050.2]
exp001-n2048-k12-d180-bs40-f1.000-r00:003970.993: log(norms):     [2050.69, 2051.79, 2051.8, 2051.86, 2051.88, 2052.02, 2052.01, 2051.95, 2052.09, 2052.03]
exp001-n2048-k12-d180-bs40-f1.000-r00:003971.013: (66 sec)
exp001-n2048-k12-d180-bs40-f1.000-r00:003971.013: Loop 50/100
exp001-n2048-k12-d180-bs40-f1.000-r00:004020.643: log(exp-norms): [2047.94, 2049.91, 2050.2]
exp001-n2048-k12-d180-bs40-f1.000-r00:004020.643: log(norms):     [2050.69, 2051.79, 2051.8, 2051.86, 2051.88, 2052.02, 2052.01, 2051.95, 2052.09, 2052.03]
exp001-n2048-k12-d180-bs40-f1.000-r00:004020.674: (50 sec)
exp001-n2048-k12-d180-bs40-f1.000-r00:004020.675: Loop 51/100
exp001-n2048-k12-d180-bs40-f1.000-r00:004075.631: log(exp-norms): [2047.94, 2049.91, 2050.2]
exp001-n2048-k12-d180-bs40-f1.000-r00:004075.632: log(norms):     [2050.69, 2051.79, 2051.8, 2051.86, 2051.88, 2052.02, 2052.01, 2051.95, 2052.09, 2052.03]
exp001-n2048-k12-d180-bs40-f1.000-r00:004075.662: (55 sec)
exp001-n2048-k12-d180-bs40-f1.000-r00:004075.662: Loop 52/100
exp001-n2048-k12-d180-bs40-f1.000-r00:004132.837: log(exp-norms): [2047.94, 2049.91, 2050.2]
exp001-n2048-k12-d180-bs40-f1.000-r00:004132.837: log(norms):     [2050.69, 2051.79, 2051.8, 2051.86, 2051.88, 2052.02, 2051.87, 2052.01, 2051.95, 2052.03]
exp001-n2048-k12-d180-bs40-f1.000-r00:004132.869: (58 sec)
exp001-n2048-k12-d180-bs40-f1.000-r00:004132.870: Loop 53/100
exp001-n2048-k12-d180-bs40-f1.000-r00:004195.309: log(exp-norms): [2047.94, 2049.91, 2050.2]
exp001-n2048-k12-d180-bs40-f1.000-r00:004195.309: log(norms):     [2050.69, 2051.79, 2051.8, 2051.86, 2051.88, 2052.02, 2051.87, 2052.01, 2051.95, 2052.03]
exp001-n2048-k12-d180-bs40-f1.000-r00:004195.330: (63 sec)
exp001-n2048-k12-d180-bs40-f1.000-r00:004195.330: Loop 54/100
exp001-n2048-k12-d180-bs40-f1.000-r00:004251.535: log(exp-norms): [2047.94, 2049.91, 2050.2]
exp001-n2048-k12-d180-bs40-f1.000-r00:004251.535: log(norms):     [2050.69, 2051.78, 2051.79, 2051.8, 2051.86, 2052.04, 2051.88, 2051.87, 2051.98, 2051.98]
exp001-n2048-k12-d180-bs40-f1.000-r00:004251.566: (57 sec)
exp001-n2048-k12-d180-bs40-f1.000-r00:004251.566: Loop 55/100
exp001-n2048-k12-d180-bs40-f1.000-r00:004316.298: log(exp-norms): [2047.94, 2049.91, 2050.2]
exp001-n2048-k12-d180-bs40-f1.000-r00:004316.298: log(norms):     [2050.69, 2051.78, 2051.79, 2051.8, 2051.86, 2052.04, 2051.88, 2051.87, 2051.98, 2051.98]
exp001-n2048-k12-d180-bs40-f1.000-r00:004316.329: (65 sec)
exp001-n2048-k12-d180-bs40-f1.000-r00:004316.329: Loop 56/100
exp001-n2048-k12-d180-bs40-f1.000-r00:004377.391: log(exp-norms): [2047.94, 2049.91, 2050.2]
exp001-n2048-k12-d180-bs40-f1.000-r00:004377.391: log(norms):     [2050.69, 2051.78, 2051.79, 2051.8, 2051.86, 2052.04, 2051.88, 2051.87, 2051.98, 2051.98]
exp001-n2048-k12-d180-bs40-f1.000-r00:004377.422: (62 sec)
exp001-n2048-k12-d180-bs40-f1.000-r00:004377.422: Loop 57/100
exp001-n2048-k12-d180-bs40-f1.000-r00:004445.235: log(exp-norms): [2047.94, 2049.91, 2050.2]
exp001-n2048-k12-d180-bs40-f1.000-r00:004445.236: log(norms):     [2050.69, 2051.78, 2051.79, 2051.8, 2051.86, 2052.04, 2051.88, 2051.87, 2051.98, 2051.98]
exp001-n2048-k12-d180-bs40-f1.000-r00:004445.267: (68 sec)
exp001-n2048-k12-d180-bs40-f1.000-r00:004445.267: Loop 58/100
exp001-n2048-k12-d180-bs40-f1.000-r00:004500.531: log(exp-norms): [2047.94, 2049.91, 2050.2]
exp001-n2048-k12-d180-bs40-f1.000-r00:004500.531: log(norms):     [2050.69, 2051.78, 2051.79, 2051.8, 2051.86, 2052.04, 2051.88, 2051.87, 2051.98, 2051.98]
exp001-n2048-k12-d180-bs40-f1.000-r00:004500.551: (56 sec)
exp001-n2048-k12-d180-bs40-f1.000-r00:004500.551: Loop 59/100
exp001-n2048-k12-d180-bs40-f1.000-r00:004566.103: log(exp-norms): [2047.94, 2049.91, 2050.2]
exp001-n2048-k12-d180-bs40-f1.000-r00:004566.103: log(norms):     [2050.69, 2051.78, 2051.79, 2051.8, 2051.86, 2052.04, 2051.88, 2051.87, 2051.98, 2051.98]
exp001-n2048-k12-d180-bs40-f1.000-r00:004566.134: (66 sec)
exp001-n2048-k12-d180-bs40-f1.000-r00:004566.134: Loop 60/100
exp001-n2048-k12-d180-bs40-f1.000-r00:004619.575: log(exp-norms): [2047.94, 2049.91, 2050.2]
exp001-n2048-k12-d180-bs40-f1.000-r00:004619.576: log(norms):     [2050.69, 2051.78, 2051.79, 2051.8, 2051.86, 2052.04, 2051.88, 2051.87, 2051.98, 2051.98]
exp001-n2048-k12-d180-bs40-f1.000-r00:004619.595: (54 sec)
exp001-n2048-k12-d180-bs40-f1.000-r00:004619.596: Loop 61/100
exp001-n2048-k12-d180-bs40-f1.000-r00:004665.935: log(exp-norms): [2047.94, 2049.91, 2050.2]
exp001-n2048-k12-d180-bs40-f1.000-r00:004665.936: log(norms):     [2050.69, 2051.78, 2051.79, 2051.8, 2051.86, 2052.04, 2051.88, 2051.87, 2052.02, 2051.98]
exp001-n2048-k12-d180-bs40-f1.000-r00:004665.955: (47 sec)
exp001-n2048-k12-d180-bs40-f1.000-r00:004665.955: Loop 62/100
exp001-n2048-k12-d180-bs40-f1.000-r00:004707.913: log(exp-norms): [2047.94, 2049.91, 2050.2]
exp001-n2048-k12-d180-bs40-f1.000-r00:004707.914: log(norms):     [2050.69, 2051.78, 2051.79, 2051.8, 2051.86, 2052.04, 2051.88, 2051.87, 2052.02, 2052.07]
exp001-n2048-k12-d180-bs40-f1.000-r00:004707.933: (42 sec)
exp001-n2048-k12-d180-bs40-f1.000-r00:004707.933: Loop 63/100
exp001-n2048-k12-d180-bs40-f1.000-r00:004747.248: log(exp-norms): [2047.94, 2049.91, 2050.2]
exp001-n2048-k12-d180-bs40-f1.000-r00:004747.248: log(norms):     [2050.69, 2051.78, 2051.79, 2051.8, 2051.86, 2052.04, 2051.88, 2051.87, 2052.02, 2052.07]
exp001-n2048-k12-d180-bs40-f1.000-r00:004747.267: (40 sec)
exp001-n2048-k12-d180-bs40-f1.000-r00:004747.267: Loop 64/100
exp001-n2048-k12-d180-bs40-f1.000-r00:004785.653: log(exp-norms): [2047.94, 2049.91, 2050.2]
exp001-n2048-k12-d180-bs40-f1.000-r00:004785.653: log(norms):     [2050.69, 2051.78, 2051.79, 2051.8, 2051.86, 2052.04, 2051.88, 2051.87, 2052.02, 2052.07]
exp001-n2048-k12-d180-bs40-f1.000-r00:004785.672: (39 sec)
exp001-n2048-k12-d180-bs40-f1.000-r00:004785.673: Loop 65/100
exp001-n2048-k12-d180-bs40-f1.000-r00:004825.179: log(exp-norms): [2047.94, 2049.91, 2050.2]
exp001-n2048-k12-d180-bs40-f1.000-r00:004825.179: log(norms):     [2050.69, 2051.78, 2051.79, 2051.8, 2051.86, 2052.04, 2051.88, 2051.87, 2052.02, 2052.07]
exp001-n2048-k12-d180-bs40-f1.000-r00:004825.198: (40 sec)
exp001-n2048-k12-d180-bs40-f1.000-r00:004825.198: Loop 66/100
exp001-n2048-k12-d180-bs40-f1.000-r00:004866.021: log(exp-norms): [2047.94, 2049.91, 2050.2]
exp001-n2048-k12-d180-bs40-f1.000-r00:004866.022: log(norms):     [2050.69, 2051.78, 2051.79, 2051.8, 2051.86, 2052.04, 2051.88, 2051.87, 2052.02, 2052.07]
exp001-n2048-k12-d180-bs40-f1.000-r00:004866.042: (41 sec)
exp001-n2048-k12-d180-bs40-f1.000-r00:004866.042: Loop 67/100
exp001-n2048-k12-d180-bs40-f1.000-r00:004906.555: log(exp-norms): [2047.94, 2049.91, 2050.2]
exp001-n2048-k12-d180-bs40-f1.000-r00:004906.555: log(norms):     [2050.69, 2051.78, 2051.79, 2051.8, 2051.86, 2052.04, 2051.88, 2051.99, 2052.09, 2052.02]
exp001-n2048-k12-d180-bs40-f1.000-r00:004906.574: (41 sec)
exp001-n2048-k12-d180-bs40-f1.000-r00:004906.574: Loop 68/100
exp001-n2048-k12-d180-bs40-f1.000-r00:004945.389: log(exp-norms): [2047.94, 2049.91, 2050.2]
exp001-n2048-k12-d180-bs40-f1.000-r00:004945.389: log(norms):     [2050.69, 2051.78, 2051.79, 2051.8, 2051.86, 2052.04, 2051.88, 2051.99, 2052.09, 2052.02]
exp001-n2048-k12-d180-bs40-f1.000-r00:004945.408: (39 sec)
exp001-n2048-k12-d180-bs40-f1.000-r00:004945.409: Loop 69/100
exp001-n2048-k12-d180-bs40-f1.000-r00:004985.716: log(exp-norms): [2047.94, 2049.91, 2050.2]
exp001-n2048-k12-d180-bs40-f1.000-r00:004985.717: log(norms):     [2047.94, 2050.69, 2051.77, 2051.79, 2051.79, 2051.86, 2052.04, 2051.97, 2051.97, 2051.96]
exp001-n2048-k12-d180-bs40-f1.000-r00:004985.736: (41 sec)
exp001-n2048-k12-d180-bs40-f1.000-r00:004985.736: Loop 70/100
exp001-n2048-k12-d180-bs40-f1.000-r00:005022.620: log(exp-norms): [2047.94, 2049.91, 2050.2]
exp001-n2048-k12-d180-bs40-f1.000-r00:005022.620: log(norms):     [2047.94, 2050.69, 2051.77, 2051.79, 2051.79, 2051.86, 2052.04, 2051.97, 2051.97, 2051.96]
exp001-n2048-k12-d180-bs40-f1.000-r00:005022.640: (37 sec)
exp001-n2048-k12-d180-bs40-f1.000-r00:005022.640: Loop 71/100
exp001-n2048-k12-d180-bs40-f1.000-r00:005084.948: log(exp-norms): [2047.94, 2049.91, 2050.2]
exp001-n2048-k12-d180-bs40-f1.000-r00:005084.948: log(norms):     [2047.94, 2050.69, 2051.77, 2051.79, 2051.79, 2051.86, 2052.04, 2051.97, 2051.97, 2051.96]
exp001-n2048-k12-d180-bs40-f1.000-r00:005084.978: (63 sec)
exp001-n2048-k12-d180-bs40-f1.000-r00:005084.978: Loop 72/100
exp001-n2048-k12-d180-bs40-f1.000-r00:005150.317: log(exp-norms): [2047.94, 2049.91, 2050.2]
exp001-n2048-k12-d180-bs40-f1.000-r00:005150.317: log(norms):     [2047.94, 2050.69, 2051.72, 2051.79, 2051.79, 2051.77, 2051.86, 2052.04, 2051.97, 2051.97]
exp001-n2048-k12-d180-bs40-f1.000-r00:005150.337: (66 sec)
exp001-n2048-k12-d180-bs40-f1.000-r00:005150.337: Loop 73/100
exp001-n2048-k12-d180-bs40-f1.000-r00:005191.292: log(exp-norms): [2047.94, 2049.91, 2050.2]
exp001-n2048-k12-d180-bs40-f1.000-r00:005191.292: log(norms):     [2047.94, 2050.69, 2051.72, 2051.79, 2051.79, 2051.77, 2051.86, 2051.92, 2051.82, 2052.09]
exp001-n2048-k12-d180-bs40-f1.000-r00:005191.312: (41 sec)
exp001-n2048-k12-d180-bs40-f1.000-r00:005191.312: Loop 74/100
exp001-n2048-k12-d180-bs40-f1.000-r00:005228.071: log(exp-norms): [2047.94, 2049.91, 2050.2]
exp001-n2048-k12-d180-bs40-f1.000-r00:005228.071: log(norms):     [2047.94, 2050.69, 2051.72, 2051.79, 2051.79, 2051.77, 2051.86, 2051.92, 2052.05, 2051.88]
exp001-n2048-k12-d180-bs40-f1.000-r00:005228.091: (37 sec)
exp001-n2048-k12-d180-bs40-f1.000-r00:005228.091: Loop 75/100
exp001-n2048-k12-d180-bs40-f1.000-r00:005266.843: log(exp-norms): [2047.94, 2049.91, 2050.2]
exp001-n2048-k12-d180-bs40-f1.000-r00:005266.843: log(norms):     [2047.94, 2050.69, 2051.72, 2051.79, 2051.79, 2051.77, 2051.86, 2051.92, 2052.05, 2051.88]
exp001-n2048-k12-d180-bs40-f1.000-r00:005266.863: (39 sec)
exp001-n2048-k12-d180-bs40-f1.000-r00:005266.863: Loop 76/100
exp001-n2048-k12-d180-bs40-f1.000-r00:005301.705: log(exp-norms): [2047.94, 2049.91, 2050.2]
exp001-n2048-k12-d180-bs40-f1.000-r00:005301.706: log(norms):     [2047.94, 2050.69, 2051.72, 2051.79, 2051.79, 2051.77, 2051.86, 2051.92, 2052.05, 2051.88]
exp001-n2048-k12-d180-bs40-f1.000-r00:005301.725: (35 sec)
exp001-n2048-k12-d180-bs40-f1.000-r00:005301.725: Loop 77/100
exp001-n2048-k12-d180-bs40-f1.000-r00:005340.039: log(exp-norms): [2047.94, 2049.91, 2050.2]
exp001-n2048-k12-d180-bs40-f1.000-r00:005340.039: log(norms):     [2047.94, 2050.69, 2051.72, 2051.79, 2051.79, 2051.77, 2051.86, 2051.92, 2052.05, 2051.88]
exp001-n2048-k12-d180-bs40-f1.000-r00:005340.059: (39 sec)
exp001-n2048-k12-d180-bs40-f1.000-r00:005340.059: Loop 78/100
exp001-n2048-k12-d180-bs40-f1.000-r00:005378.345: log(exp-norms): [2047.94, 2049.91, 2050.2]
exp001-n2048-k12-d180-bs40-f1.000-r00:005378.345: log(norms):     [2047.94, 2050.69, 2051.72, 2051.79, 2051.79, 2051.77, 2051.86, 2051.92, 2052.05, 2051.88]
exp001-n2048-k12-d180-bs40-f1.000-r00:005378.364: (39 sec)
exp001-n2048-k12-d180-bs40-f1.000-r00:005378.364: Loop 79/100
exp001-n2048-k12-d180-bs40-f1.000-r00:005416.223: log(exp-norms): [2047.94, 2049.91, 2050.2]
exp001-n2048-k12-d180-bs40-f1.000-r00:005416.223: log(norms):     [2047.94, 2050.69, 2051.72, 2051.79, 2051.79, 2051.77, 2051.86, 2051.92, 2052.05, 2051.88]
exp001-n2048-k12-d180-bs40-f1.000-r00:005416.243: (38 sec)
exp001-n2048-k12-d180-bs40-f1.000-r00:005416.243: Loop 80/100
exp001-n2048-k12-d180-bs40-f1.000-r00:005454.951: log(exp-norms): [2047.94, 2049.91, 2050.2]
exp001-n2048-k12-d180-bs40-f1.000-r00:005454.951: log(norms):     [2047.94, 2050.69, 2051.72, 2051.79, 2051.79, 2051.87, 2051.88, 2051.97, 2052.03, 2051.92]
exp001-n2048-k12-d180-bs40-f1.000-r00:005454.970: (39 sec)
exp001-n2048-k12-d180-bs40-f1.000-r00:005454.970: Loop 81/100
exp001-n2048-k12-d180-bs40-f1.000-r00:005493.532: log(exp-norms): [2047.94, 2049.91, 2050.2]
exp001-n2048-k12-d180-bs40-f1.000-r00:005493.532: log(norms):     [2047.94, 2050.69, 2051.72, 2051.79, 2051.79, 2051.87, 2051.88, 2051.97, 2052.03, 2051.92]
exp001-n2048-k12-d180-bs40-f1.000-r00:005493.551: (39 sec)
exp001-n2048-k12-d180-bs40-f1.000-r00:005493.551: Loop 82/100
exp001-n2048-k12-d180-bs40-f1.000-r00:005533.938: log(exp-norms): [2047.94, 2049.91, 2050.2]
exp001-n2048-k12-d180-bs40-f1.000-r00:005533.939: log(norms):     [2047.94, 2050.69, 2051.72, 2051.79, 2051.79, 2051.87, 2051.88, 2051.97, 2052.03, 2051.92]
exp001-n2048-k12-d180-bs40-f1.000-r00:005533.958: (41 sec)
exp001-n2048-k12-d180-bs40-f1.000-r00:005533.958: Loop 83/100
exp001-n2048-k12-d180-bs40-f1.000-r00:005571.928: log(exp-norms): [2047.94, 2049.91, 2050.2]
exp001-n2048-k12-d180-bs40-f1.000-r00:005571.928: log(norms):     [2047.94, 2050.69, 2051.72, 2051.79, 2051.79, 2051.87, 2051.88, 2051.97, 2052.03, 2051.92]
exp001-n2048-k12-d180-bs40-f1.000-r00:005571.947: (38 sec)
exp001-n2048-k12-d180-bs40-f1.000-r00:005571.947: Loop 84/100
exp001-n2048-k12-d180-bs40-f1.000-r00:005610.105: log(exp-norms): [2047.94, 2049.91, 2050.2]
exp001-n2048-k12-d180-bs40-f1.000-r00:005610.106: log(norms):     [2047.94, 2050.69, 2051.72, 2051.79, 2051.79, 2051.87, 2051.88, 2051.97, 2052.03, 2051.92]
exp001-n2048-k12-d180-bs40-f1.000-r00:005610.125: (39 sec)
exp001-n2048-k12-d180-bs40-f1.000-r00:005610.125: Loop 85/100
exp001-n2048-k12-d180-bs40-f1.000-r00:005648.169: log(exp-norms): [2047.94, 2049.91, 2050.2]
exp001-n2048-k12-d180-bs40-f1.000-r00:005648.169: log(norms):     [2047.94, 2050.69, 2051.72, 2051.79, 2051.79, 2051.87, 2051.88, 2051.97, 2052.03, 2051.92]
exp001-n2048-k12-d180-bs40-f1.000-r00:005648.188: (39 sec)
exp001-n2048-k12-d180-bs40-f1.000-r00:005648.188: Loop 86/100
exp001-n2048-k12-d180-bs40-f1.000-r00:005687.497: log(exp-norms): [2047.94, 2049.91, 2050.2]
exp001-n2048-k12-d180-bs40-f1.000-r00:005687.497: log(norms):     [2047.94, 2050.69, 2051.72, 2051.79, 2051.79, 2051.87, 2051.88, 2051.97, 2052.05, 2051.95]
exp001-n2048-k12-d180-bs40-f1.000-r00:005687.516: (40 sec)
exp001-n2048-k12-d180-bs40-f1.000-r00:005687.517: Loop 87/100
exp001-n2048-k12-d180-bs40-f1.000-r00:005725.017: log(exp-norms): [2047.94, 2049.91, 2050.2]
exp001-n2048-k12-d180-bs40-f1.000-r00:005725.017: log(norms):     [2047.94, 2050.69, 2051.72, 2051.79, 2051.79, 2051.87, 2051.88, 2051.97, 2052.05, 2051.95]
exp001-n2048-k12-d180-bs40-f1.000-r00:005725.036: (38 sec)
exp001-n2048-k12-d180-bs40-f1.000-r00:005725.036: Loop 88/100
exp001-n2048-k12-d180-bs40-f1.000-r00:005764.772: log(exp-norms): [2047.94, 2049.91, 2050.2]
exp001-n2048-k12-d180-bs40-f1.000-r00:005764.773: log(norms):     [2047.94, 2050.69, 2051.72, 2051.79, 2051.79, 2051.87, 2051.88, 2051.97, 2052.05, 2051.95]
exp001-n2048-k12-d180-bs40-f1.000-r00:005764.792: (40 sec)
exp001-n2048-k12-d180-bs40-f1.000-r00:005764.793: Loop 89/100
exp001-n2048-k12-d180-bs40-f1.000-r00:005803.861: log(exp-norms): [2047.94, 2049.91, 2050.2]
exp001-n2048-k12-d180-bs40-f1.000-r00:005803.861: log(norms):     [2047.94, 2050.69, 2051.72, 2051.79, 2051.79, 2051.87, 2051.88, 2051.97, 2052.05, 2051.95]
exp001-n2048-k12-d180-bs40-f1.000-r00:005803.880: (40 sec)
exp001-n2048-k12-d180-bs40-f1.000-r00:005803.880: Loop 90/100
exp001-n2048-k12-d180-bs40-f1.000-r00:005843.267: log(exp-norms): [2047.94, 2049.91, 2050.2]
exp001-n2048-k12-d180-bs40-f1.000-r00:005843.267: log(norms):     [2047.94, 2050.69, 2051.72, 2051.79, 2051.79, 2051.87, 2051.88, 2051.97, 2052.05, 2051.95]
exp001-n2048-k12-d180-bs40-f1.000-r00:005843.298: (40 sec)
exp001-n2048-k12-d180-bs40-f1.000-r00:005843.298: Loop 91/100
exp001-n2048-k12-d180-bs40-f1.000-r00:005900.731: log(exp-norms): [2047.94, 2049.91, 2050.2]
exp001-n2048-k12-d180-bs40-f1.000-r00:005900.731: log(norms):     [2047.94, 2050.69, 2051.72, 2051.79, 2051.79, 2051.87, 2051.88, 2051.97, 2052.05, 2051.98]
exp001-n2048-k12-d180-bs40-f1.000-r00:005900.751: (58 sec)
exp001-n2048-k12-d180-bs40-f1.000-r00:005900.751: Loop 92/100
exp001-n2048-k12-d180-bs40-f1.000-r00:005940.326: log(exp-norms): [2047.94, 2049.91, 2050.2]
exp001-n2048-k12-d180-bs40-f1.000-r00:005940.327: log(norms):     [2047.94, 2050.69, 2051.72, 2051.79, 2051.79, 2051.87, 2051.88, 2051.97, 2052.05, 2051.98]
exp001-n2048-k12-d180-bs40-f1.000-r00:005940.346: (40 sec)
exp001-n2048-k12-d180-bs40-f1.000-r00:005940.346: Loop 93/100
exp001-n2048-k12-d180-bs40-f1.000-r00:005991.839: log(exp-norms): [2047.94, 2049.91, 2050.2]
exp001-n2048-k12-d180-bs40-f1.000-r00:005991.839: log(norms):     [2047.94, 2050.69, 2051.72, 2051.79, 2051.79, 2051.87, 2051.88, 2051.97, 2052.05, 2051.98]
exp001-n2048-k12-d180-bs40-f1.000-r00:005991.871: (52 sec)
exp001-n2048-k12-d180-bs40-f1.000-r00:005991.871: Loop 94/100
exp001-n2048-k12-d180-bs40-f1.000-r00:006041.739: log(exp-norms): [2047.94, 2049.91, 2050.2]
exp001-n2048-k12-d180-bs40-f1.000-r00:006041.740: log(norms):     [2047.94, 2050.69, 2051.72, 2051.79, 2051.79, 2051.87, 2051.88, 2051.97, 2052.05, 2051.98]
exp001-n2048-k12-d180-bs40-f1.000-r00:006041.758: (50 sec)
exp001-n2048-k12-d180-bs40-f1.000-r00:006041.759: Loop 95/100
exp001-n2048-k12-d180-bs40-f1.000-r00:006079.620: log(exp-norms): [2047.94, 2049.91, 2050.2]
exp001-n2048-k12-d180-bs40-f1.000-r00:006079.620: log(norms):     [2047.94, 2050.69, 2051.72, 2051.79, 2051.79, 2051.87, 2051.88, 2051.97, 2052.05, 2051.98]
exp001-n2048-k12-d180-bs40-f1.000-r00:006079.639: (38 sec)
exp001-n2048-k12-d180-bs40-f1.000-r00:006079.639: Loop 96/100
exp001-n2048-k12-d180-bs40-f1.000-r00:006131.629: log(exp-norms): [2047.94, 2049.91, 2050.2]
exp001-n2048-k12-d180-bs40-f1.000-r00:006131.629: log(norms):     [2047.94, 2050.69, 2051.72, 2051.79, 2051.79, 2051.87, 2051.88, 2051.97, 2052.05, 2051.98]
exp001-n2048-k12-d180-bs40-f1.000-r00:006131.661: (53 sec)
exp001-n2048-k12-d180-bs40-f1.000-r00:006131.661: Loop 97/100
exp001-n2048-k12-d180-bs40-f1.000-r00:006195.513: log(exp-norms): [2047.94, 2049.91, 2050.2]
exp001-n2048-k12-d180-bs40-f1.000-r00:006195.513: log(norms):     [2047.94, 2050.69, 2051.72, 2051.79, 2051.79, 2051.87, 2051.88, 2051.97, 2052.05, 2051.98]
exp001-n2048-k12-d180-bs40-f1.000-r00:006195.544: (64 sec)
exp001-n2048-k12-d180-bs40-f1.000-r00:006195.544: Loop 98/100
exp001-n2048-k12-d180-bs40-f1.000-r00:006261.059: log(exp-norms): [2047.94, 2049.91, 2050.2]
exp001-n2048-k12-d180-bs40-f1.000-r00:006261.059: log(norms):     [2047.94, 2050.69, 2051.72, 2051.79, 2051.79, 2051.87, 2051.88, 2051.97, 2052.05, 2051.98]
exp001-n2048-k12-d180-bs40-f1.000-r00:006261.089: (66 sec)
exp001-n2048-k12-d180-bs40-f1.000-r00:006261.089: Loop 99/100
exp001-n2048-k12-d180-bs40-f1.000-r00:006301.344: log(exp-norms): [2047.94, 2049.91, 2050.2]
exp001-n2048-k12-d180-bs40-f1.000-r00:006301.344: log(norms):     [2047.94, 2050.69, 2051.72, 2051.79, 2051.79, 2051.87, 2051.88, 2051.97, 2052.05, 2051.98]
exp001-n2048-k12-d180-bs40-f1.000-r00:006301.363: (41 sec)
exp001-n2048-k12-d180-bs40-f1.000-r00:006301.363: Loop 100/100
exp001-n2048-k12-d180-bs40-f1.000-r00:006341.026: log(exp-norms): [2047.94, 2049.91, 2050.2]
exp001-n2048-k12-d180-bs40-f1.000-r00:006341.026: log(norms):     [2047.94, 2050.69, 2051.72, 2051.79, 2051.79, 2051.87, 2051.88, 2051.97, 2052.05, 2051.98]
exp001-n2048-k12-d180-bs40-f1.000-r00:006341.045: (40 sec)
exp001-n2048-k12-d180-bs40-f1.000-r00:006341.045: ==========================Summary===========================
exp001-n2048-k12-d180-bs40-f1.000-r00:006341.045: Total time: 6341sec
exp001-n2048-k12-d180-bs40-f1.000-r00:006341.046: FAIL
exp001-n2048-k12-d180-bs40-f1.000-r00:006341.046: SUMMARY:n:2048:k:12:d:180:bs:40:t:6341:r:False
