exp011-n2048-k12-d210-bs50-f1.000-r00:000000.258: ==========================Instance==========================
exp011-n2048-k12-d210-bs50-f1.000-r00:000000.258: # of equations: 210
exp011-n2048-k12-d210-bs50-f1.000-r00:000000.261: Gap: 3.75
exp011-n2048-k12-d210-bs50-f1.000-r00:000000.269: Tau: 4.00
exp011-n2048-k12-d210-bs50-f1.000-r00:000000.270: ======================BKZ-50 reduction======================
exp011-n2048-k12-d210-bs50-f1.000-r00:000006.517: Expectedly achievable log(norm): 2053.78
exp011-n2048-k12-d210-bs50-f1.000-r00:000013.139: log(exp-norms): [2047.94, 2050.02, 2051.92]
exp011-n2048-k12-d210-bs50-f1.000-r00:000013.139: log(norms):     [2062.98, 2050.8, 2059.89, 2059.89, 2059.89, 2059.89, 2059.89, 2059.89, 2059.89, 2059.89]
exp011-n2048-k12-d210-bs50-f1.000-r00:000013.238: Loop 1/100
exp011-n2048-k12-d210-bs50-f1.000-r00:002426.948: log(exp-norms): [2047.94, 2050.02, 2051.92]
exp011-n2048-k12-d210-bs50-f1.000-r00:002426.948: log(norms):     [2050.8, 2056.02, 2056.05, 2056.13, 2056.03, 2056.11, 2056.2, 2056.06, 2056.2, 2056.23]
exp011-n2048-k12-d210-bs50-f1.000-r00:002426.972: (2414 sec)
exp011-n2048-k12-d210-bs50-f1.000-r00:002426.973: Loop 2/100
exp011-n2048-k12-d210-bs50-f1.000-r00:003280.086: log(exp-norms): [2047.94, 2050.02, 2051.92]
exp011-n2048-k12-d210-bs50-f1.000-r00:003280.086: log(norms):     [2050.8, 2055.51, 2055.61, 2055.58, 2055.9, 2055.82, 2055.77, 2055.84, 2055.64, 2055.74]
exp011-n2048-k12-d210-bs50-f1.000-r00:003280.124: (854 sec)
exp011-n2048-k12-d210-bs50-f1.000-r00:003280.124: Loop 3/100
exp011-n2048-k12-d210-bs50-f1.000-r00:004029.468: log(exp-norms): [2047.94, 2050.02, 2051.92]
exp011-n2048-k12-d210-bs50-f1.000-r00:004029.468: log(norms):     [2050.8, 2055.26, 2055.34, 2055.42, 2055.42, 2055.47, 2055.5, 2055.3, 2055.52, 2055.47]
exp011-n2048-k12-d210-bs50-f1.000-r00:004029.492: (750 sec)
exp011-n2048-k12-d210-bs50-f1.000-r00:004029.492: Loop 4/100
exp011-n2048-k12-d210-bs50-f1.000-r00:004631.773: log(exp-norms): [2047.94, 2050.02, 2051.92]
exp011-n2048-k12-d210-bs50-f1.000-r00:004631.773: log(norms):     [2047.94, 2050.8, 2054.94, 2055.02, 2055.02, 2055.02, 2055.15, 2055.15, 2055.03, 2055.26]
exp011-n2048-k12-d210-bs50-f1.000-r00:004631.795: (603 sec)
exp011-n2048-k12-d210-bs50-f1.000-r00:004631.795: Loop 5/100
exp011-n2048-k12-d210-bs50-f1.000-r00:005241.807: log(exp-norms): [2047.94, 2050.02, 2051.92]
exp011-n2048-k12-d210-bs50-f1.000-r00:005241.807: log(norms):     [2047.94, 2050.8, 2054.67, 2054.73, 2054.75, 2054.89, 2054.74, 2054.83, 2054.68, 2055.06]
exp011-n2048-k12-d210-bs50-f1.000-r00:005241.830: (611 sec)
exp011-n2048-k12-d210-bs50-f1.000-r00:005241.830: Loop 6/100
exp011-n2048-k12-d210-bs50-f1.000-r00:005842.478: log(exp-norms): [2047.94, 2050.02, 2051.92]
exp011-n2048-k12-d210-bs50-f1.000-r00:005842.479: log(norms):     [2047.94, 2050.8, 2054.49, 2054.52, 2054.58, 2054.71, 2054.65, 2054.8, 2054.55, 2054.72]
exp011-n2048-k12-d210-bs50-f1.000-r00:005842.501: (601 sec)
exp011-n2048-k12-d210-bs50-f1.000-r00:005842.501: Loop 7/100
exp011-n2048-k12-d210-bs50-f1.000-r00:006533.030: log(exp-norms): [2047.94, 2050.02, 2051.92]
exp011-n2048-k12-d210-bs50-f1.000-r00:006533.031: log(norms):     [2047.94, 2050.8, 2054.37, 2054.39, 2054.45, 2054.4, 2054.45, 2054.46, 2054.5, 2054.4]
exp011-n2048-k12-d210-bs50-f1.000-r00:006533.067: (691 sec)
exp011-n2048-k12-d210-bs50-f1.000-r00:006533.067: Loop 8/100
exp011-n2048-k12-d210-bs50-f1.000-r00:007189.130: log(exp-norms): [2047.94, 2050.02, 2051.92]
exp011-n2048-k12-d210-bs50-f1.000-r00:007189.130: log(norms):     [2047.94, 2050.8, 2054.22, 2054.25, 2054.24, 2054.42, 2054.31, 2054.35, 2054.44, 2054.45]
exp011-n2048-k12-d210-bs50-f1.000-r00:007189.153: (657 sec)
exp011-n2048-k12-d210-bs50-f1.000-r00:007189.153: Loop 9/100
exp011-n2048-k12-d210-bs50-f1.000-r00:007878.226: log(exp-norms): [2047.94, 2050.02, 2051.92]
exp011-n2048-k12-d210-bs50-f1.000-r00:007878.226: log(norms):     [2047.94, 2050.8, 2054.2, 2054.25, 2054.33, 2054.29, 2054.29, 2054.23, 2054.14, 2054.37]
exp011-n2048-k12-d210-bs50-f1.000-r00:007878.261: (690 sec)
exp011-n2048-k12-d210-bs50-f1.000-r00:007878.261: Loop 10/100
exp011-n2048-k12-d210-bs50-f1.000-r00:008650.116: log(exp-norms): [2047.94, 2050.02, 2051.92]
exp011-n2048-k12-d210-bs50-f1.000-r00:008650.117: log(norms):     [2047.94, 2050.8, 2054.07, 2054.19, 2054.18, 2054.09, 2054.19, 2054.28, 2054.17, 2054.23]
exp011-n2048-k12-d210-bs50-f1.000-r00:008650.139: (772 sec)
exp011-n2048-k12-d210-bs50-f1.000-r00:008650.139: Loop 11/100
exp011-n2048-k12-d210-bs50-f1.000-r00:009119.448: log(exp-norms): [2047.94, 2050.02, 2051.92]
exp011-n2048-k12-d210-bs50-f1.000-r00:009119.448: log(norms):     [2047.94, 2050.8, 2054.07, 2054.11, 2054.17, 2054.19, 2054.17, 2054.26, 2054.16, 2054.09]
exp011-n2048-k12-d210-bs50-f1.000-r00:009119.470: (470 sec)
exp011-n2048-k12-d210-bs50-f1.000-r00:009119.470: Loop 12/100
exp011-n2048-k12-d210-bs50-f1.000-r00:009812.208: log(exp-norms): [2047.94, 2050.02, 2051.92]
exp011-n2048-k12-d210-bs50-f1.000-r00:009812.208: log(norms):     [2047.94, 2050.8, 2054.03, 2054.05, 2054.14, 2054.07, 2054.11, 2054.02, 2054.26, 2054.18]
exp011-n2048-k12-d210-bs50-f1.000-r00:009812.243: (693 sec)
exp011-n2048-k12-d210-bs50-f1.000-r00:009812.243: Loop 13/100
exp011-n2048-k12-d210-bs50-f1.000-r00:010511.728: log(exp-norms): [2047.94, 2050.02, 2051.92]
exp011-n2048-k12-d210-bs50-f1.000-r00:010511.728: log(norms):     [2047.94, 2050.8, 2053.97, 2054.03, 2054.06, 2054.19, 2054.19, 2054.17, 2054.05, 2053.97]
exp011-n2048-k12-d210-bs50-f1.000-r00:010511.761: (700 sec)
exp011-n2048-k12-d210-bs50-f1.000-r00:010511.762: Loop 14/100
exp011-n2048-k12-d210-bs50-f1.000-r00:011008.499: log(exp-norms): [2047.94, 2050.02, 2051.92]
exp011-n2048-k12-d210-bs50-f1.000-r00:011008.499: log(norms):     [2047.94, 2050.8, 2053.84, 2053.97, 2053.97, 2054.04, 2054.18, 2054.11, 2054.01, 2054.09]
exp011-n2048-k12-d210-bs50-f1.000-r00:011008.521: (497 sec)
exp011-n2048-k12-d210-bs50-f1.000-r00:011008.521: Loop 15/100
exp011-n2048-k12-d210-bs50-f1.000-r00:011518.697: log(exp-norms): [2047.94, 2050.02, 2051.92]
exp011-n2048-k12-d210-bs50-f1.000-r00:011518.697: log(norms):     [2047.94, 2050.8, 2053.82, 2053.84, 2053.86, 2054.04, 2054.12, 2054.05, 2053.95, 2054.04]
exp011-n2048-k12-d210-bs50-f1.000-r00:011518.719: (511 sec)
exp011-n2048-k12-d210-bs50-f1.000-r00:011518.719: Loop 16/100
exp011-n2048-k12-d210-bs50-f1.000-r00:011984.137: log(exp-norms): [2047.94, 2050.02, 2051.92]
exp011-n2048-k12-d210-bs50-f1.000-r00:011984.137: log(norms):     [2047.94, 2050.8, 2053.82, 2053.84, 2053.97, 2053.86, 2054.1, 2053.88, 2054.05, 2054.19]
exp011-n2048-k12-d210-bs50-f1.000-r00:011984.160: (466 sec)
exp011-n2048-k12-d210-bs50-f1.000-r00:011984.160: Loop 17/100
exp011-n2048-k12-d210-bs50-f1.000-r00:012433.092: log(exp-norms): [2047.94, 2050.02, 2051.92]
exp011-n2048-k12-d210-bs50-f1.000-r00:012433.093: log(norms):     [2047.94, 2050.8, 2053.82, 2053.88, 2053.84, 2054.01, 2054.1, 2054.03, 2053.97, 2054.02]
exp011-n2048-k12-d210-bs50-f1.000-r00:012433.114: (449 sec)
exp011-n2048-k12-d210-bs50-f1.000-r00:012433.114: Loop 18/100
exp011-n2048-k12-d210-bs50-f1.000-r00:012879.510: log(exp-norms): [2047.94, 2050.02, 2051.92]
exp011-n2048-k12-d210-bs50-f1.000-r00:012879.510: log(norms):     [2047.94, 2050.8, 2053.82, 2053.88, 2053.84, 2054.01, 2054.1, 2054.03, 2053.97, 2054.02]
exp011-n2048-k12-d210-bs50-f1.000-r00:012879.532: (447 sec)
exp011-n2048-k12-d210-bs50-f1.000-r00:012879.533: Loop 19/100
exp011-n2048-k12-d210-bs50-f1.000-r00:013398.713: log(exp-norms): [2047.94, 2050.02, 2051.92]
exp011-n2048-k12-d210-bs50-f1.000-r00:013398.713: log(norms):     [2047.94, 2050.8, 2053.82, 2053.88, 2053.83, 2053.85, 2053.86, 2054.03, 2054.1, 2053.97]
exp011-n2048-k12-d210-bs50-f1.000-r00:013398.735: (520 sec)
exp011-n2048-k12-d210-bs50-f1.000-r00:013398.735: Loop 20/100
exp011-n2048-k12-d210-bs50-f1.000-r00:013838.700: log(exp-norms): [2047.94, 2050.02, 2051.92]
exp011-n2048-k12-d210-bs50-f1.000-r00:013838.700: log(norms):     [2047.94, 2050.8, 2053.82, 2053.88, 2053.86, 2053.83, 2053.97, 2053.85, 2053.86, 2054.03]
exp011-n2048-k12-d210-bs50-f1.000-r00:013838.722: (440 sec)
exp011-n2048-k12-d210-bs50-f1.000-r00:013838.723: Loop 21/100
exp011-n2048-k12-d210-bs50-f1.000-r00:014463.575: log(exp-norms): [2047.94, 2050.02, 2051.92]
exp011-n2048-k12-d210-bs50-f1.000-r00:014463.575: log(norms):     [2047.94, 2050.8, 2053.77, 2053.82, 2053.88, 2053.88, 2053.97, 2053.83, 2053.86, 2053.98]
exp011-n2048-k12-d210-bs50-f1.000-r00:014463.598: (625 sec)
exp011-n2048-k12-d210-bs50-f1.000-r00:014463.598: Loop 22/100
exp011-n2048-k12-d210-bs50-f1.000-r00:014890.937: log(exp-norms): [2047.94, 2050.02, 2051.92]
exp011-n2048-k12-d210-bs50-f1.000-r00:014890.937: log(norms):     [2047.94, 2050.8, 2053.77, 2053.82, 2053.88, 2053.88, 2053.97, 2053.83, 2053.86, 2053.98]
exp011-n2048-k12-d210-bs50-f1.000-r00:014890.960: (428 sec)
exp011-n2048-k12-d210-bs50-f1.000-r00:014890.960: Loop 23/100
exp011-n2048-k12-d210-bs50-f1.000-r00:015317.656: log(exp-norms): [2047.94, 2050.02, 2051.92]
exp011-n2048-k12-d210-bs50-f1.000-r00:015317.657: log(norms):     [2047.94, 2050.8, 2053.77, 2053.82, 2053.88, 2053.88, 2053.97, 2053.83, 2053.86, 2053.98]
exp011-n2048-k12-d210-bs50-f1.000-r00:015317.678: (427 sec)
exp011-n2048-k12-d210-bs50-f1.000-r00:015317.678: Loop 24/100
exp011-n2048-k12-d210-bs50-f1.000-r00:015763.606: log(exp-norms): [2047.94, 2050.02, 2051.92]
exp011-n2048-k12-d210-bs50-f1.000-r00:015763.606: log(norms):     [2047.94, 2050.8, 2053.77, 2053.82, 2053.88, 2054.05, 2054.08, 2054.05, 2053.89, 2054.04]
exp011-n2048-k12-d210-bs50-f1.000-r00:015763.627: (446 sec)
exp011-n2048-k12-d210-bs50-f1.000-r00:015763.628: Loop 25/100
exp011-n2048-k12-d210-bs50-f1.000-r00:016201.648: log(exp-norms): [2047.94, 2050.02, 2051.92]
exp011-n2048-k12-d210-bs50-f1.000-r00:016201.649: log(norms):     [2047.94, 2050.8, 2053.77, 2053.78, 2053.82, 2053.88, 2054.05, 2053.99, 2054.01, 2054.02]
exp011-n2048-k12-d210-bs50-f1.000-r00:016201.670: (439 sec)
exp011-n2048-k12-d210-bs50-f1.000-r00:016201.670: Loop 26/100
exp011-n2048-k12-d210-bs50-f1.000-r00:016623.044: log(exp-norms): [2047.94, 2050.02, 2051.92]
exp011-n2048-k12-d210-bs50-f1.000-r00:016623.044: log(norms):     [2047.94, 2050.8, 2053.77, 2053.78, 2053.82, 2053.88, 2054.05, 2053.99, 2054.08, 2054.02]
exp011-n2048-k12-d210-bs50-f1.000-r00:016623.066: (422 sec)
exp011-n2048-k12-d210-bs50-f1.000-r00:016623.066: Loop 27/100
exp011-n2048-k12-d210-bs50-f1.000-r00:017068.005: log(exp-norms): [2047.94, 2050.02, 2051.92]
exp011-n2048-k12-d210-bs50-f1.000-r00:017068.006: log(norms):     [2047.94, 2050.8, 2053.77, 2053.78, 2053.82, 2053.94, 2053.95, 2054.09, 2053.85, 2054.13]
exp011-n2048-k12-d210-bs50-f1.000-r00:017068.027: (445 sec)
exp011-n2048-k12-d210-bs50-f1.000-r00:017068.027: Loop 28/100
exp011-n2048-k12-d210-bs50-f1.000-r00:017499.526: log(exp-norms): [2047.94, 2050.02, 2051.92]
exp011-n2048-k12-d210-bs50-f1.000-r00:017499.526: log(norms):     [2047.94, 2050.8, 2053.77, 2053.78, 2053.82, 2053.85, 2053.94, 2053.95, 2054.09, 2054.13]
exp011-n2048-k12-d210-bs50-f1.000-r00:017499.548: (432 sec)
exp011-n2048-k12-d210-bs50-f1.000-r00:017499.549: Loop 29/100
exp011-n2048-k12-d210-bs50-f1.000-r00:017932.862: log(exp-norms): [2047.94, 2050.02, 2051.92]
exp011-n2048-k12-d210-bs50-f1.000-r00:017932.863: log(norms):     [2047.94, 2050.8, 2053.77, 2053.78, 2053.82, 2053.85, 2053.94, 2054.0, 2053.95, 2054.09]
exp011-n2048-k12-d210-bs50-f1.000-r00:017932.885: (434 sec)
exp011-n2048-k12-d210-bs50-f1.000-r00:017932.885: Loop 30/100
exp011-n2048-k12-d210-bs50-f1.000-r00:018374.221: log(exp-norms): [2047.94, 2050.02, 2051.92]
exp011-n2048-k12-d210-bs50-f1.000-r00:018374.221: log(norms):     [2047.94, 2050.8, 2053.77, 2053.78, 2053.84, 2053.92, 2053.98, 2053.82, 2053.92, 2054.0]
exp011-n2048-k12-d210-bs50-f1.000-r00:018374.242: (442 sec)
exp011-n2048-k12-d210-bs50-f1.000-r00:018374.242: Loop 31/100
exp011-n2048-k12-d210-bs50-f1.000-r00:018792.749: log(exp-norms): [2047.94, 2050.02, 2051.92]
exp011-n2048-k12-d210-bs50-f1.000-r00:018792.749: log(norms):     [2047.94, 2050.8, 2053.77, 2053.78, 2053.92, 2053.87, 2053.8, 2053.84, 2054.05, 2053.95]
exp011-n2048-k12-d210-bs50-f1.000-r00:018792.770: (419 sec)
exp011-n2048-k12-d210-bs50-f1.000-r00:018792.770: Loop 32/100
exp011-n2048-k12-d210-bs50-f1.000-r00:019240.117: log(exp-norms): [2047.94, 2050.02, 2051.92]
exp011-n2048-k12-d210-bs50-f1.000-r00:019240.118: log(norms):     [2047.94, 2050.8, 2053.77, 2053.87, 2053.92, 2053.78, 2053.8, 2053.95, 2054.03, 2053.98]
exp011-n2048-k12-d210-bs50-f1.000-r00:019240.139: (448 sec)
exp011-n2048-k12-d210-bs50-f1.000-r00:019240.139: Loop 33/100
