exp005-n2048-k12-d220-bs40-f1.000-r00:000000.255: ==========================Instance==========================
exp005-n2048-k12-d220-bs40-f1.000-r00:000000.255: # of equations: 220
exp005-n2048-k12-d220-bs40-f1.000-r00:000000.259: Gap: 5.09
exp005-n2048-k12-d220-bs40-f1.000-r00:000000.266: Tau: 7.20
exp005-n2048-k12-d220-bs40-f1.000-r00:000000.267: ======================BKZ-40 reduction======================
exp005-n2048-k12-d220-bs40-f1.000-r00:000007.026: Expectedly achievable log(norm): 2054.54
exp005-n2048-k12-d220-bs40-f1.000-r00:000012.149: log(exp-norms): [2047.94, 2050.05, 2052.4]
exp005-n2048-k12-d220-bs40-f1.000-r00:000012.149: log(norms):     [2063.04, 2050.84, 2059.89, 2059.89, 2059.89, 2059.89, 2059.89, 2059.89, 2059.89, 2059.89]
exp005-n2048-k12-d220-bs40-f1.000-r00:000012.211: Loop 1/100
exp005-n2048-k12-d220-bs40-f1.000-r00:003467.000: log(exp-norms): [2047.94, 2050.05, 2052.4]
exp005-n2048-k12-d220-bs40-f1.000-r00:003467.001: log(norms):     [2050.84, 2057.25, 2057.28, 2057.28, 2057.21, 2057.21, 2057.18, 2057.26, 2057.3, 2057.32]
exp005-n2048-k12-d220-bs40-f1.000-r00:003467.028: (3455 sec)
exp005-n2048-k12-d220-bs40-f1.000-r00:003467.028: Loop 2/100
exp005-n2048-k12-d220-bs40-f1.000-r00:003645.849: log(exp-norms): [2047.94, 2050.05, 2052.4]
exp005-n2048-k12-d220-bs40-f1.000-r00:003645.849: log(norms):     [2050.84, 2056.69, 2056.74, 2056.8, 2056.83, 2056.87, 2056.98, 2056.94, 2056.96, 2057.04]
exp005-n2048-k12-d220-bs40-f1.000-r00:003645.887: (179 sec)
exp005-n2048-k12-d220-bs40-f1.000-r00:003645.887: Loop 3/100
exp005-n2048-k12-d220-bs40-f1.000-r00:003799.834: log(exp-norms): [2047.94, 2050.05, 2052.4]
exp005-n2048-k12-d220-bs40-f1.000-r00:003799.834: log(norms):     [2050.84, 2056.4, 2056.44, 2056.48, 2056.62, 2056.61, 2056.64, 2056.62, 2056.58, 2056.39]
exp005-n2048-k12-d220-bs40-f1.000-r00:003799.859: (154 sec)
exp005-n2048-k12-d220-bs40-f1.000-r00:003799.859: Loop 4/100
exp005-n2048-k12-d220-bs40-f1.000-r00:003952.150: log(exp-norms): [2047.94, 2050.05, 2052.4]
exp005-n2048-k12-d220-bs40-f1.000-r00:003952.150: log(norms):     [2050.84, 2056.16, 2056.35, 2056.31, 2056.25, 2056.34, 2056.23, 2056.3, 2056.29, 2056.46]
exp005-n2048-k12-d220-bs40-f1.000-r00:003952.176: (153 sec)
exp005-n2048-k12-d220-bs40-f1.000-r00:003952.176: Loop 5/100
exp005-n2048-k12-d220-bs40-f1.000-r00:004091.537: log(exp-norms): [2047.94, 2050.05, 2052.4]
exp005-n2048-k12-d220-bs40-f1.000-r00:004091.537: log(norms):     [2047.94, 2050.84, 2055.99, 2056.04, 2056.16, 2056.09, 2056.27, 2056.24, 2056.09, 2056.14]
exp005-n2048-k12-d220-bs40-f1.000-r00:004091.563: (140 sec)
exp005-n2048-k12-d220-bs40-f1.000-r00:004091.563: Loop 6/100
exp005-n2048-k12-d220-bs40-f1.000-r00:004230.644: log(exp-norms): [2047.94, 2050.05, 2052.4]
exp005-n2048-k12-d220-bs40-f1.000-r00:004230.644: log(norms):     [2047.94, 2050.84, 2055.86, 2055.87, 2055.9, 2055.89, 2055.94, 2055.94, 2055.98, 2055.95]
exp005-n2048-k12-d220-bs40-f1.000-r00:004230.667: (140 sec)
exp005-n2048-k12-d220-bs40-f1.000-r00:004230.668: Loop 7/100
exp005-n2048-k12-d220-bs40-f1.000-r00:004334.090: log(exp-norms): [2047.94, 2050.05, 2052.4]
exp005-n2048-k12-d220-bs40-f1.000-r00:004334.091: log(norms):     [2047.94, 2050.84, 2055.67, 2055.67, 2055.82, 2055.76, 2055.88, 2055.87, 2055.92, 2055.84]
exp005-n2048-k12-d220-bs40-f1.000-r00:004334.115: (104 sec)
exp005-n2048-k12-d220-bs40-f1.000-r00:004334.115: Loop 8/100
exp005-n2048-k12-d220-bs40-f1.000-r00:004425.294: log(exp-norms): [2047.94, 2050.05, 2052.4]
exp005-n2048-k12-d220-bs40-f1.000-r00:004425.294: log(norms):     [2047.94, 2050.84, 2055.51, 2055.63, 2055.67, 2055.8, 2055.61, 2055.65, 2055.65, 2055.76]
exp005-n2048-k12-d220-bs40-f1.000-r00:004425.317: (92 sec)
exp005-n2048-k12-d220-bs40-f1.000-r00:004425.318: Loop 9/100
exp005-n2048-k12-d220-bs40-f1.000-r00:004520.764: log(exp-norms): [2047.94, 2050.05, 2052.4]
exp005-n2048-k12-d220-bs40-f1.000-r00:004520.764: log(norms):     [2047.94, 2050.84, 2055.46, 2055.47, 2055.5, 2055.6, 2055.49, 2055.61, 2055.53, 2055.41]
exp005-n2048-k12-d220-bs40-f1.000-r00:004520.787: (96 sec)
exp005-n2048-k12-d220-bs40-f1.000-r00:004520.787: Loop 10/100
exp005-n2048-k12-d220-bs40-f1.000-r00:004655.121: log(exp-norms): [2047.94, 2050.05, 2052.4]
exp005-n2048-k12-d220-bs40-f1.000-r00:004655.122: log(norms):     [2047.94, 2050.84, 2055.34, 2055.36, 2055.48, 2055.42, 2055.39, 2055.53, 2055.38, 2055.24]
exp005-n2048-k12-d220-bs40-f1.000-r00:004655.160: (135 sec)
exp005-n2048-k12-d220-bs40-f1.000-r00:004655.161: Loop 11/100
exp005-n2048-k12-d220-bs40-f1.000-r00:004780.186: log(exp-norms): [2047.94, 2050.05, 2052.4]
exp005-n2048-k12-d220-bs40-f1.000-r00:004780.186: log(norms):     [2047.94, 2050.84, 2055.24, 2055.26, 2055.36, 2055.32, 2055.44, 2055.53, 2055.33, 2055.41]
exp005-n2048-k12-d220-bs40-f1.000-r00:004780.223: (126 sec)
exp005-n2048-k12-d220-bs40-f1.000-r00:004780.224: Loop 12/100
exp005-n2048-k12-d220-bs40-f1.000-r00:004881.076: log(exp-norms): [2047.94, 2050.05, 2052.4]
exp005-n2048-k12-d220-bs40-f1.000-r00:004881.077: log(norms):     [2047.94, 2050.84, 2055.13, 2055.28, 2055.21, 2055.23, 2055.33, 2055.35, 2055.33, 2055.26]
exp005-n2048-k12-d220-bs40-f1.000-r00:004881.114: (101 sec)
exp005-n2048-k12-d220-bs40-f1.000-r00:004881.114: Loop 13/100
exp005-n2048-k12-d220-bs40-f1.000-r00:005005.237: log(exp-norms): [2047.94, 2050.05, 2052.4]
exp005-n2048-k12-d220-bs40-f1.000-r00:005005.237: log(norms):     [2047.94, 2050.84, 2054.99, 2055.06, 2055.14, 2055.06, 2055.16, 2055.15, 2055.24, 2055.33]
exp005-n2048-k12-d220-bs40-f1.000-r00:005005.263: (125 sec)
exp005-n2048-k12-d220-bs40-f1.000-r00:005005.263: Loop 14/100
exp005-n2048-k12-d220-bs40-f1.000-r00:005083.447: log(exp-norms): [2047.94, 2050.05, 2052.4]
exp005-n2048-k12-d220-bs40-f1.000-r00:005083.447: log(norms):     [2047.94, 2050.84, 2054.89, 2054.99, 2055.11, 2055.06, 2055.06, 2055.25, 2055.25, 2055.24]
exp005-n2048-k12-d220-bs40-f1.000-r00:005083.471: (79 sec)
exp005-n2048-k12-d220-bs40-f1.000-r00:005083.471: Loop 15/100
exp005-n2048-k12-d220-bs40-f1.000-r00:005181.395: log(exp-norms): [2047.94, 2050.05, 2052.4]
exp005-n2048-k12-d220-bs40-f1.000-r00:005181.395: log(norms):     [2047.94, 2050.84, 2054.89, 2054.99, 2055.01, 2055.11, 2055.06, 2055.23, 2055.06, 2055.24]
exp005-n2048-k12-d220-bs40-f1.000-r00:005181.418: (98 sec)
exp005-n2048-k12-d220-bs40-f1.000-r00:005181.418: Loop 16/100
exp005-n2048-k12-d220-bs40-f1.000-r00:005259.046: log(exp-norms): [2047.94, 2050.05, 2052.4]
exp005-n2048-k12-d220-bs40-f1.000-r00:005259.046: log(norms):     [2047.94, 2050.84, 2054.82, 2054.89, 2054.91, 2054.96, 2054.95, 2055.21, 2054.93, 2055.0]
exp005-n2048-k12-d220-bs40-f1.000-r00:005259.070: (78 sec)
exp005-n2048-k12-d220-bs40-f1.000-r00:005259.070: Loop 17/100
exp005-n2048-k12-d220-bs40-f1.000-r00:005350.100: log(exp-norms): [2047.94, 2050.05, 2052.4]
exp005-n2048-k12-d220-bs40-f1.000-r00:005350.100: log(norms):     [2047.94, 2050.84, 2054.82, 2054.89, 2055.0, 2055.12, 2054.91, 2054.95, 2055.14, 2054.96]
exp005-n2048-k12-d220-bs40-f1.000-r00:005350.137: (92 sec)
exp005-n2048-k12-d220-bs40-f1.000-r00:005350.137: Loop 18/100
exp005-n2048-k12-d220-bs40-f1.000-r00:005470.456: log(exp-norms): [2047.94, 2050.05, 2052.4]
exp005-n2048-k12-d220-bs40-f1.000-r00:005470.456: log(norms):     [2047.94, 2050.84, 2054.82, 2054.89, 2055.0, 2055.12, 2054.91, 2054.95, 2055.14, 2054.89]
exp005-n2048-k12-d220-bs40-f1.000-r00:005470.494: (121 sec)
exp005-n2048-k12-d220-bs40-f1.000-r00:005470.495: Loop 19/100
exp005-n2048-k12-d220-bs40-f1.000-r00:005547.603: log(exp-norms): [2047.94, 2050.05, 2052.4]
exp005-n2048-k12-d220-bs40-f1.000-r00:005547.603: log(norms):     [2047.94, 2050.84, 2054.82, 2054.83, 2054.86, 2054.91, 2054.91, 2054.9, 2054.99, 2055.18]
exp005-n2048-k12-d220-bs40-f1.000-r00:005547.626: (78 sec)
exp005-n2048-k12-d220-bs40-f1.000-r00:005547.626: Loop 20/100
exp005-n2048-k12-d220-bs40-f1.000-r00:005620.596: log(exp-norms): [2047.94, 2050.05, 2052.4]
exp005-n2048-k12-d220-bs40-f1.000-r00:005620.596: log(norms):     [2047.94, 2050.84, 2054.82, 2054.87, 2054.86, 2054.86, 2054.83, 2054.91, 2054.92, 2055.07]
exp005-n2048-k12-d220-bs40-f1.000-r00:005620.619: (73 sec)
exp005-n2048-k12-d220-bs40-f1.000-r00:005620.620: Loop 21/100
exp005-n2048-k12-d220-bs40-f1.000-r00:005693.043: log(exp-norms): [2047.94, 2050.05, 2052.4]
exp005-n2048-k12-d220-bs40-f1.000-r00:005693.043: log(norms):     [2047.94, 2050.84, 2054.82, 2054.82, 2054.83, 2055.0, 2054.91, 2054.92, 2054.95, 2054.93]
exp005-n2048-k12-d220-bs40-f1.000-r00:005693.067: (73 sec)
exp005-n2048-k12-d220-bs40-f1.000-r00:005693.067: Loop 22/100
exp005-n2048-k12-d220-bs40-f1.000-r00:005766.678: log(exp-norms): [2047.94, 2050.05, 2052.4]
exp005-n2048-k12-d220-bs40-f1.000-r00:005766.678: log(norms):     [2047.94, 2050.84, 2054.82, 2054.82, 2054.83, 2055.0, 2054.95, 2054.94, 2054.91, 2055.0]
exp005-n2048-k12-d220-bs40-f1.000-r00:005766.702: (74 sec)
exp005-n2048-k12-d220-bs40-f1.000-r00:005766.702: Loop 23/100
exp005-n2048-k12-d220-bs40-f1.000-r00:005837.692: log(exp-norms): [2047.94, 2050.05, 2052.4]
exp005-n2048-k12-d220-bs40-f1.000-r00:005837.693: log(norms):     [2047.94, 2050.84, 2054.79, 2054.81, 2055.02, 2054.82, 2054.81, 2054.95, 2055.1, 2055.05]
exp005-n2048-k12-d220-bs40-f1.000-r00:005837.716: (72 sec)
exp005-n2048-k12-d220-bs40-f1.000-r00:005837.716: Loop 24/100
exp005-n2048-k12-d220-bs40-f1.000-r00:005906.799: log(exp-norms): [2047.94, 2050.05, 2052.4]
exp005-n2048-k12-d220-bs40-f1.000-r00:005906.799: log(norms):     [2047.94, 2050.84, 2054.71, 2054.85, 2054.86, 2054.87, 2054.9, 2054.92, 2054.77, 2054.93]
exp005-n2048-k12-d220-bs40-f1.000-r00:005906.824: (70 sec)
exp005-n2048-k12-d220-bs40-f1.000-r00:005906.824: Loop 25/100
exp005-n2048-k12-d220-bs40-f1.000-r00:005975.985: log(exp-norms): [2047.94, 2050.05, 2052.4]
exp005-n2048-k12-d220-bs40-f1.000-r00:005975.986: log(norms):     [2047.94, 2050.84, 2054.7, 2054.71, 2054.82, 2054.87, 2054.89, 2054.92, 2054.9, 2055.11]
exp005-n2048-k12-d220-bs40-f1.000-r00:005976.009: (70 sec)
exp005-n2048-k12-d220-bs40-f1.000-r00:005976.009: Loop 26/100
exp005-n2048-k12-d220-bs40-f1.000-r00:006053.273: log(exp-norms): [2047.94, 2050.05, 2052.4]
exp005-n2048-k12-d220-bs40-f1.000-r00:006053.274: log(norms):     [2047.94, 2050.84, 2054.7, 2054.71, 2054.69, 2054.82, 2054.87, 2054.89, 2054.94, 2055.07]
exp005-n2048-k12-d220-bs40-f1.000-r00:006053.296: (78 sec)
exp005-n2048-k12-d220-bs40-f1.000-r00:006053.297: Loop 27/100
exp005-n2048-k12-d220-bs40-f1.000-r00:006122.808: log(exp-norms): [2047.94, 2050.05, 2052.4]
exp005-n2048-k12-d220-bs40-f1.000-r00:006122.809: log(norms):     [2047.94, 2050.84, 2054.7, 2054.71, 2054.69, 2054.83, 2054.78, 2054.92, 2055.02, 2054.82]
exp005-n2048-k12-d220-bs40-f1.000-r00:006122.833: (70 sec)
exp005-n2048-k12-d220-bs40-f1.000-r00:006122.833: Loop 28/100
exp005-n2048-k12-d220-bs40-f1.000-r00:006198.006: log(exp-norms): [2047.94, 2050.05, 2052.4]
exp005-n2048-k12-d220-bs40-f1.000-r00:006198.006: log(norms):     [2047.94, 2050.84, 2054.7, 2054.7, 2054.69, 2054.92, 2054.71, 2054.89, 2054.99, 2054.98]
exp005-n2048-k12-d220-bs40-f1.000-r00:006198.029: (76 sec)
exp005-n2048-k12-d220-bs40-f1.000-r00:006198.029: Loop 29/100
exp005-n2048-k12-d220-bs40-f1.000-r00:006291.938: log(exp-norms): [2047.94, 2050.05, 2052.4]
exp005-n2048-k12-d220-bs40-f1.000-r00:006291.938: log(norms):     [2047.94, 2050.84, 2054.68, 2054.71, 2054.69, 2054.7, 2054.83, 2054.7, 2054.89, 2054.82]
exp005-n2048-k12-d220-bs40-f1.000-r00:006291.962: (94 sec)
exp005-n2048-k12-d220-bs40-f1.000-r00:006291.962: Loop 30/100
exp005-n2048-k12-d220-bs40-f1.000-r00:006360.069: log(exp-norms): [2047.94, 2050.05, 2052.4]
exp005-n2048-k12-d220-bs40-f1.000-r00:006360.070: log(norms):     [2047.94, 2050.84, 2054.68, 2054.71, 2054.69, 2054.7, 2054.83, 2054.95, 2054.88, 2054.79]
exp005-n2048-k12-d220-bs40-f1.000-r00:006360.093: (69 sec)
exp005-n2048-k12-d220-bs40-f1.000-r00:006360.093: Loop 31/100
exp005-n2048-k12-d220-bs40-f1.000-r00:006428.134: log(exp-norms): [2047.94, 2050.05, 2052.4]
exp005-n2048-k12-d220-bs40-f1.000-r00:006428.134: log(norms):     [2047.94, 2050.84, 2054.68, 2054.79, 2054.71, 2054.7, 2054.85, 2054.67, 2054.8, 2054.73]
exp005-n2048-k12-d220-bs40-f1.000-r00:006428.159: (69 sec)
exp005-n2048-k12-d220-bs40-f1.000-r00:006428.159: Loop 32/100
exp005-n2048-k12-d220-bs40-f1.000-r00:006497.675: log(exp-norms): [2047.94, 2050.05, 2052.4]
exp005-n2048-k12-d220-bs40-f1.000-r00:006497.675: log(norms):     [2047.94, 2050.84, 2054.68, 2054.67, 2054.71, 2054.83, 2054.85, 2054.7, 2054.89, 2054.79]
exp005-n2048-k12-d220-bs40-f1.000-r00:006497.699: (70 sec)
exp005-n2048-k12-d220-bs40-f1.000-r00:006497.700: Loop 33/100
exp005-n2048-k12-d220-bs40-f1.000-r00:006570.126: log(exp-norms): [2047.94, 2050.05, 2052.4]
exp005-n2048-k12-d220-bs40-f1.000-r00:006570.126: log(norms):     [2047.94, 2050.84, 2054.68, 2054.67, 2054.71, 2054.83, 2054.85, 2054.89, 2054.7, 2054.76]
exp005-n2048-k12-d220-bs40-f1.000-r00:006570.149: (73 sec)
exp005-n2048-k12-d220-bs40-f1.000-r00:006570.150: Loop 34/100
exp005-n2048-k12-d220-bs40-f1.000-r00:006661.462: log(exp-norms): [2047.94, 2050.05, 2052.4]
exp005-n2048-k12-d220-bs40-f1.000-r00:006661.462: log(norms):     [2047.94, 2050.84, 2054.68, 2054.67, 2054.71, 2054.71, 2054.83, 2054.85, 2054.75, 2055.01]
exp005-n2048-k12-d220-bs40-f1.000-r00:006661.500: (92 sec)
exp005-n2048-k12-d220-bs40-f1.000-r00:006661.500: Loop 35/100
exp005-n2048-k12-d220-bs40-f1.000-r00:006768.983: log(exp-norms): [2047.94, 2050.05, 2052.4]
exp005-n2048-k12-d220-bs40-f1.000-r00:006768.983: log(norms):     [2047.94, 2050.84, 2054.68, 2054.67, 2054.71, 2054.71, 2054.83, 2054.85, 2054.81, 2054.7]
exp005-n2048-k12-d220-bs40-f1.000-r00:006769.006: (108 sec)
exp005-n2048-k12-d220-bs40-f1.000-r00:006769.006: Loop 36/100
exp005-n2048-k12-d220-bs40-f1.000-r00:006837.165: log(exp-norms): [2047.94, 2050.05, 2052.4]
exp005-n2048-k12-d220-bs40-f1.000-r00:006837.166: log(norms):     [2047.94, 2050.84, 2054.68, 2054.67, 2054.77, 2054.71, 2054.71, 2054.75, 2054.91, 2054.83]
exp005-n2048-k12-d220-bs40-f1.000-r00:006837.188: (69 sec)
exp005-n2048-k12-d220-bs40-f1.000-r00:006837.189: Loop 37/100
exp005-n2048-k12-d220-bs40-f1.000-r00:006906.431: log(exp-norms): [2047.94, 2050.05, 2052.4]
exp005-n2048-k12-d220-bs40-f1.000-r00:006906.431: log(norms):     [2047.94, 2050.84, 2054.68, 2054.67, 2054.83, 2054.77, 2054.71, 2054.71, 2054.86, 2054.84]
exp005-n2048-k12-d220-bs40-f1.000-r00:006906.455: (70 sec)
exp005-n2048-k12-d220-bs40-f1.000-r00:006906.455: Loop 38/100
exp005-n2048-k12-d220-bs40-f1.000-r00:007029.063: log(exp-norms): [2047.94, 2050.05, 2052.4]
exp005-n2048-k12-d220-bs40-f1.000-r00:007029.063: log(norms):     [2047.94, 2050.84, 2054.68, 2054.67, 2054.83, 2054.77, 2054.71, 2054.71, 2054.86, 2054.84]
exp005-n2048-k12-d220-bs40-f1.000-r00:007029.101: (123 sec)
exp005-n2048-k12-d220-bs40-f1.000-r00:007029.101: Loop 39/100
exp005-n2048-k12-d220-bs40-f1.000-r00:007150.096: log(exp-norms): [2047.94, 2050.05, 2052.4]
exp005-n2048-k12-d220-bs40-f1.000-r00:007150.096: log(norms):     [2047.94, 2050.84, 2054.68, 2054.67, 2054.83, 2054.77, 2054.71, 2054.71, 2054.86, 2054.84]
exp005-n2048-k12-d220-bs40-f1.000-r00:007150.133: (122 sec)
exp005-n2048-k12-d220-bs40-f1.000-r00:007150.133: Loop 40/100
exp005-n2048-k12-d220-bs40-f1.000-r00:007264.729: log(exp-norms): [2047.94, 2050.05, 2052.4]
exp005-n2048-k12-d220-bs40-f1.000-r00:007264.729: log(norms):     [2047.94, 2050.84, 2054.68, 2054.67, 2054.83, 2054.77, 2054.71, 2054.71, 2054.86, 2054.84]
exp005-n2048-k12-d220-bs40-f1.000-r00:007264.766: (115 sec)
exp005-n2048-k12-d220-bs40-f1.000-r00:007264.766: Loop 41/100
exp005-n2048-k12-d220-bs40-f1.000-r00:007386.502: log(exp-norms): [2047.94, 2050.05, 2052.4]
exp005-n2048-k12-d220-bs40-f1.000-r00:007386.502: log(norms):     [2047.94, 2050.84, 2054.68, 2054.67, 2054.83, 2054.77, 2054.8, 2054.71, 2054.71, 2054.77]
exp005-n2048-k12-d220-bs40-f1.000-r00:007386.538: (122 sec)
exp005-n2048-k12-d220-bs40-f1.000-r00:007386.539: Loop 42/100
exp005-n2048-k12-d220-bs40-f1.000-r00:007499.295: log(exp-norms): [2047.94, 2050.05, 2052.4]
exp005-n2048-k12-d220-bs40-f1.000-r00:007499.296: log(norms):     [2047.94, 2050.84, 2054.68, 2054.67, 2054.83, 2054.77, 2054.8, 2054.71, 2054.71, 2054.95]
exp005-n2048-k12-d220-bs40-f1.000-r00:007499.333: (113 sec)
exp005-n2048-k12-d220-bs40-f1.000-r00:007499.333: Loop 43/100
exp005-n2048-k12-d220-bs40-f1.000-r00:007582.590: log(exp-norms): [2047.94, 2050.05, 2052.4]
exp005-n2048-k12-d220-bs40-f1.000-r00:007582.591: log(norms):     [2047.94, 2050.84, 2054.66, 2054.68, 2054.67, 2054.83, 2054.77, 2055.01, 2054.89, 2054.95]
exp005-n2048-k12-d220-bs40-f1.000-r00:007582.613: (84 sec)
exp005-n2048-k12-d220-bs40-f1.000-r00:007582.614: Loop 44/100
exp005-n2048-k12-d220-bs40-f1.000-r00:007646.417: log(exp-norms): [2047.94, 2050.05, 2052.4]
exp005-n2048-k12-d220-bs40-f1.000-r00:007646.417: log(norms):     [2047.94, 2050.84, 2054.66, 2054.68, 2054.67, 2054.83, 2054.77, 2055.01, 2054.65, 2054.89]
exp005-n2048-k12-d220-bs40-f1.000-r00:007646.440: (64 sec)
exp005-n2048-k12-d220-bs40-f1.000-r00:007646.440: Loop 45/100
exp005-n2048-k12-d220-bs40-f1.000-r00:007712.335: log(exp-norms): [2047.94, 2050.05, 2052.4]
exp005-n2048-k12-d220-bs40-f1.000-r00:007712.336: log(norms):     [2047.94, 2050.84, 2054.66, 2054.68, 2054.67, 2054.83, 2054.77, 2055.01, 2054.65, 2054.89]
exp005-n2048-k12-d220-bs40-f1.000-r00:007712.374: (66 sec)
exp005-n2048-k12-d220-bs40-f1.000-r00:007712.374: Loop 46/100
exp005-n2048-k12-d220-bs40-f1.000-r00:007832.526: log(exp-norms): [2047.94, 2050.05, 2052.4]
exp005-n2048-k12-d220-bs40-f1.000-r00:007832.527: log(norms):     [2047.94, 2050.84, 2054.66, 2054.68, 2054.67, 2054.83, 2054.77, 2054.91, 2054.65, 2054.89]
exp005-n2048-k12-d220-bs40-f1.000-r00:007832.564: (121 sec)
exp005-n2048-k12-d220-bs40-f1.000-r00:007832.564: Loop 47/100
exp005-n2048-k12-d220-bs40-f1.000-r00:007946.179: log(exp-norms): [2047.94, 2050.05, 2052.4]
exp005-n2048-k12-d220-bs40-f1.000-r00:007946.180: log(norms):     [2047.94, 2050.84, 2054.63, 2054.65, 2054.7, 2054.73, 2054.7, 2054.67, 2054.77, 2054.83]
exp005-n2048-k12-d220-bs40-f1.000-r00:007946.217: (114 sec)
exp005-n2048-k12-d220-bs40-f1.000-r00:007946.217: Loop 48/100
exp005-n2048-k12-d220-bs40-f1.000-r00:008041.048: log(exp-norms): [2047.94, 2050.05, 2052.4]
exp005-n2048-k12-d220-bs40-f1.000-r00:008041.048: log(norms):     [2047.94, 2050.84, 2054.63, 2054.65, 2054.7, 2054.73, 2054.7, 2054.67, 2054.77, 2054.83]
exp005-n2048-k12-d220-bs40-f1.000-r00:008041.071: (95 sec)
exp005-n2048-k12-d220-bs40-f1.000-r00:008041.071: Loop 49/100
exp005-n2048-k12-d220-bs40-f1.000-r00:008153.994: log(exp-norms): [2047.94, 2050.05, 2052.4]
exp005-n2048-k12-d220-bs40-f1.000-r00:008153.994: log(norms):     [2047.94, 2050.84, 2054.63, 2054.65, 2054.7, 2054.73, 2054.7, 2054.67, 2054.77, 2054.83]
exp005-n2048-k12-d220-bs40-f1.000-r00:008154.036: (113 sec)
exp005-n2048-k12-d220-bs40-f1.000-r00:008154.036: Loop 50/100
exp005-n2048-k12-d220-bs40-f1.000-r00:008268.620: log(exp-norms): [2047.94, 2050.05, 2052.4]
exp005-n2048-k12-d220-bs40-f1.000-r00:008268.621: log(norms):     [2047.94, 2050.84, 2054.63, 2054.65, 2054.7, 2054.73, 2054.7, 2054.67, 2054.77, 2054.83]
exp005-n2048-k12-d220-bs40-f1.000-r00:008268.660: (115 sec)
exp005-n2048-k12-d220-bs40-f1.000-r00:008268.660: Loop 51/100
exp005-n2048-k12-d220-bs40-f1.000-r00:008385.860: log(exp-norms): [2047.94, 2050.05, 2052.4]
exp005-n2048-k12-d220-bs40-f1.000-r00:008385.860: log(norms):     [2047.94, 2050.84, 2054.63, 2054.65, 2054.7, 2054.73, 2054.7, 2054.67, 2054.77, 2054.69]
exp005-n2048-k12-d220-bs40-f1.000-r00:008385.897: (118 sec)
exp005-n2048-k12-d220-bs40-f1.000-r00:008385.897: Loop 52/100
exp005-n2048-k12-d220-bs40-f1.000-r00:008500.381: log(exp-norms): [2047.94, 2050.05, 2052.4]
exp005-n2048-k12-d220-bs40-f1.000-r00:008500.382: log(norms):     [2047.94, 2050.84, 2054.63, 2054.65, 2054.7, 2054.73, 2054.7, 2054.67, 2054.77, 2054.69]
exp005-n2048-k12-d220-bs40-f1.000-r00:008500.418: (115 sec)
exp005-n2048-k12-d220-bs40-f1.000-r00:008500.419: Loop 53/100
exp005-n2048-k12-d220-bs40-f1.000-r00:008622.883: log(exp-norms): [2047.94, 2050.05, 2052.4]
exp005-n2048-k12-d220-bs40-f1.000-r00:008622.883: log(norms):     [2047.94, 2050.84, 2054.63, 2054.65, 2054.7, 2054.73, 2054.7, 2054.67, 2054.77, 2055.05]
exp005-n2048-k12-d220-bs40-f1.000-r00:008622.920: (123 sec)
exp005-n2048-k12-d220-bs40-f1.000-r00:008622.920: Loop 54/100
exp005-n2048-k12-d220-bs40-f1.000-r00:008742.312: log(exp-norms): [2047.94, 2050.05, 2052.4]
exp005-n2048-k12-d220-bs40-f1.000-r00:008742.312: log(norms):     [2047.94, 2050.84, 2054.63, 2054.65, 2054.7, 2054.73, 2054.7, 2054.67, 2054.94, 2054.84]
exp005-n2048-k12-d220-bs40-f1.000-r00:008742.349: (120 sec)
exp005-n2048-k12-d220-bs40-f1.000-r00:008742.349: Loop 55/100
exp005-n2048-k12-d220-bs40-f1.000-r00:008861.569: log(exp-norms): [2047.94, 2050.05, 2052.4]
exp005-n2048-k12-d220-bs40-f1.000-r00:008861.569: log(norms):     [2047.94, 2050.84, 2054.63, 2054.65, 2054.7, 2054.73, 2054.7, 2054.95, 2054.67, 2054.94]
exp005-n2048-k12-d220-bs40-f1.000-r00:008861.605: (120 sec)
exp005-n2048-k12-d220-bs40-f1.000-r00:008861.605: Loop 56/100
exp005-n2048-k12-d220-bs40-f1.000-r00:008955.617: log(exp-norms): [2047.94, 2050.05, 2052.4]
exp005-n2048-k12-d220-bs40-f1.000-r00:008955.618: log(norms):     [2047.94, 2050.84, 2054.63, 2054.65, 2054.7, 2054.73, 2054.7, 2054.95, 2054.67, 2054.94]
exp005-n2048-k12-d220-bs40-f1.000-r00:008955.640: (95 sec)
exp005-n2048-k12-d220-bs40-f1.000-r00:008955.641: Loop 57/100
exp005-n2048-k12-d220-bs40-f1.000-r00:009024.964: log(exp-norms): [2047.94, 2050.05, 2052.4]
exp005-n2048-k12-d220-bs40-f1.000-r00:009024.965: log(norms):     [2047.94, 2050.84, 2054.63, 2054.65, 2054.7, 2054.73, 2054.7, 2054.95, 2054.67, 2054.94]
exp005-n2048-k12-d220-bs40-f1.000-r00:009024.989: (70 sec)
exp005-n2048-k12-d220-bs40-f1.000-r00:009024.989: Loop 58/100
exp005-n2048-k12-d220-bs40-f1.000-r00:009094.160: log(exp-norms): [2047.94, 2050.05, 2052.4]
exp005-n2048-k12-d220-bs40-f1.000-r00:009094.160: log(norms):     [2047.94, 2050.84, 2054.63, 2054.65, 2054.7, 2054.73, 2054.7, 2054.95, 2054.67, 2054.94]
exp005-n2048-k12-d220-bs40-f1.000-r00:009094.184: (70 sec)
exp005-n2048-k12-d220-bs40-f1.000-r00:009094.184: Loop 59/100
exp005-n2048-k12-d220-bs40-f1.000-r00:009163.827: log(exp-norms): [2047.94, 2050.05, 2052.4]
exp005-n2048-k12-d220-bs40-f1.000-r00:009163.828: log(norms):     [2047.94, 2050.84, 2054.54, 2054.6, 2054.65, 2054.63, 2054.7, 2054.73, 2054.7, 2054.93]
exp005-n2048-k12-d220-bs40-f1.000-r00:009163.851: (70 sec)
exp005-n2048-k12-d220-bs40-f1.000-r00:009163.851: Loop 60/100
exp005-n2048-k12-d220-bs40-f1.000-r00:009231.285: log(exp-norms): [2047.94, 2050.05, 2052.4]
exp005-n2048-k12-d220-bs40-f1.000-r00:009231.285: log(norms):     [2047.94, 2050.84, 2054.54, 2054.6, 2054.65, 2054.63, 2054.7, 2054.73, 2054.7, 2054.93]
exp005-n2048-k12-d220-bs40-f1.000-r00:009231.308: (68 sec)
exp005-n2048-k12-d220-bs40-f1.000-r00:009231.308: Loop 61/100
exp005-n2048-k12-d220-bs40-f1.000-r00:009297.514: log(exp-norms): [2047.94, 2050.05, 2052.4]
exp005-n2048-k12-d220-bs40-f1.000-r00:009297.515: log(norms):     [2047.94, 2050.84, 2054.54, 2054.6, 2054.67, 2054.67, 2054.7, 2054.96, 2055.0, 2054.73]
exp005-n2048-k12-d220-bs40-f1.000-r00:009297.538: (67 sec)
exp005-n2048-k12-d220-bs40-f1.000-r00:009297.538: Loop 62/100
exp005-n2048-k12-d220-bs40-f1.000-r00:009367.995: log(exp-norms): [2047.94, 2050.05, 2052.4]
exp005-n2048-k12-d220-bs40-f1.000-r00:009367.995: log(norms):     [2047.94, 2050.84, 2054.54, 2054.6, 2054.67, 2054.67, 2054.7, 2054.96, 2055.0, 2054.73]
exp005-n2048-k12-d220-bs40-f1.000-r00:009368.018: (71 sec)
exp005-n2048-k12-d220-bs40-f1.000-r00:009368.018: Loop 63/100
exp005-n2048-k12-d220-bs40-f1.000-r00:009434.294: log(exp-norms): [2047.94, 2050.05, 2052.4]
exp005-n2048-k12-d220-bs40-f1.000-r00:009434.294: log(norms):     [2047.94, 2050.84, 2054.54, 2054.6, 2054.67, 2054.67, 2054.7, 2054.96, 2055.0, 2054.73]
exp005-n2048-k12-d220-bs40-f1.000-r00:009434.317: (67 sec)
exp005-n2048-k12-d220-bs40-f1.000-r00:009434.317: Loop 64/100
exp005-n2048-k12-d220-bs40-f1.000-r00:009502.726: log(exp-norms): [2047.94, 2050.05, 2052.4]
exp005-n2048-k12-d220-bs40-f1.000-r00:009502.727: log(norms):     [2047.94, 2050.84, 2054.54, 2054.6, 2054.67, 2054.67, 2054.81, 2054.79, 2054.68, 2054.63]
exp005-n2048-k12-d220-bs40-f1.000-r00:009502.750: (69 sec)
exp005-n2048-k12-d220-bs40-f1.000-r00:009502.751: Loop 65/100
exp005-n2048-k12-d220-bs40-f1.000-r00:009575.731: log(exp-norms): [2047.94, 2050.05, 2052.4]
exp005-n2048-k12-d220-bs40-f1.000-r00:009575.732: log(norms):     [2047.94, 2050.84, 2054.54, 2054.6, 2054.67, 2054.67, 2054.87, 2054.81, 2054.71, 2054.85]
exp005-n2048-k12-d220-bs40-f1.000-r00:009575.768: (74 sec)
exp005-n2048-k12-d220-bs40-f1.000-r00:009575.768: Loop 66/100
exp005-n2048-k12-d220-bs40-f1.000-r00:009684.378: log(exp-norms): [2047.94, 2050.05, 2052.4]
exp005-n2048-k12-d220-bs40-f1.000-r00:009684.378: log(norms):     [2047.94, 2050.84, 2054.54, 2054.6, 2054.67, 2054.67, 2054.87, 2054.81, 2054.79, 2054.86]
exp005-n2048-k12-d220-bs40-f1.000-r00:009684.402: (109 sec)
exp005-n2048-k12-d220-bs40-f1.000-r00:009684.402: Loop 67/100
exp005-n2048-k12-d220-bs40-f1.000-r00:009767.272: log(exp-norms): [2047.94, 2050.05, 2052.4]
exp005-n2048-k12-d220-bs40-f1.000-r00:009767.272: log(norms):     [2047.94, 2050.84, 2054.54, 2054.6, 2054.67, 2054.67, 2054.87, 2054.81, 2054.79, 2054.92]
exp005-n2048-k12-d220-bs40-f1.000-r00:009767.308: (83 sec)
exp005-n2048-k12-d220-bs40-f1.000-r00:009767.309: Loop 68/100
exp005-n2048-k12-d220-bs40-f1.000-r00:009847.612: log(exp-norms): [2047.94, 2050.05, 2052.4]
exp005-n2048-k12-d220-bs40-f1.000-r00:009847.612: log(norms):     [2047.94, 2050.84, 2054.54, 2054.6, 2054.67, 2054.67, 2054.87, 2054.92, 2054.92, 2054.79]
exp005-n2048-k12-d220-bs40-f1.000-r00:009847.635: (81 sec)
exp005-n2048-k12-d220-bs40-f1.000-r00:009847.635: Loop 69/100
exp005-n2048-k12-d220-bs40-f1.000-r00:009917.560: log(exp-norms): [2047.94, 2050.05, 2052.4]
exp005-n2048-k12-d220-bs40-f1.000-r00:009917.560: log(norms):     [2047.94, 2050.84, 2054.54, 2054.6, 2054.67, 2054.67, 2054.87, 2054.92, 2054.92, 2054.79]
exp005-n2048-k12-d220-bs40-f1.000-r00:009917.583: (70 sec)
exp005-n2048-k12-d220-bs40-f1.000-r00:009917.583: Loop 70/100
exp005-n2048-k12-d220-bs40-f1.000-r00:009988.261: log(exp-norms): [2047.94, 2050.05, 2052.4]
exp005-n2048-k12-d220-bs40-f1.000-r00:009988.261: log(norms):     [2047.94, 2050.84, 2054.54, 2054.6, 2054.67, 2054.67, 2054.8, 2054.62, 2054.87, 2054.59]
exp005-n2048-k12-d220-bs40-f1.000-r00:009988.283: (71 sec)
exp005-n2048-k12-d220-bs40-f1.000-r00:009988.284: Loop 71/100
exp005-n2048-k12-d220-bs40-f1.000-r00:010054.528: log(exp-norms): [2047.94, 2050.05, 2052.4]
exp005-n2048-k12-d220-bs40-f1.000-r00:010054.529: log(norms):     [2047.94, 2050.84, 2054.54, 2054.59, 2054.6, 2054.62, 2054.88, 2054.77, 2054.79, 2054.67]
exp005-n2048-k12-d220-bs40-f1.000-r00:010054.551: (67 sec)
exp005-n2048-k12-d220-bs40-f1.000-r00:010054.552: Loop 72/100
exp005-n2048-k12-d220-bs40-f1.000-r00:010143.980: log(exp-norms): [2047.94, 2050.05, 2052.4]
exp005-n2048-k12-d220-bs40-f1.000-r00:010143.980: log(norms):     [2047.94, 2050.84, 2054.54, 2054.59, 2054.6, 2054.62, 2054.88, 2054.77, 2054.79, 2054.71]
exp005-n2048-k12-d220-bs40-f1.000-r00:010144.004: (90 sec)
exp005-n2048-k12-d220-bs40-f1.000-r00:010144.004: Loop 73/100
exp005-n2048-k12-d220-bs40-f1.000-r00:010210.636: log(exp-norms): [2047.94, 2050.05, 2052.4]
exp005-n2048-k12-d220-bs40-f1.000-r00:010210.637: log(norms):     [2047.94, 2050.84, 2054.54, 2054.59, 2054.6, 2054.75, 2054.67, 2054.67, 2054.8, 2054.62]
exp005-n2048-k12-d220-bs40-f1.000-r00:010210.659: (67 sec)
exp005-n2048-k12-d220-bs40-f1.000-r00:010210.660: Loop 74/100
exp005-n2048-k12-d220-bs40-f1.000-r00:010282.846: log(exp-norms): [2047.94, 2050.05, 2052.4]
exp005-n2048-k12-d220-bs40-f1.000-r00:010282.847: log(norms):     [2047.94, 2050.84, 2054.54, 2054.59, 2054.6, 2054.75, 2054.67, 2054.67, 2054.64, 2054.96]
exp005-n2048-k12-d220-bs40-f1.000-r00:010282.869: (73 sec)
exp005-n2048-k12-d220-bs40-f1.000-r00:010282.869: Loop 75/100
exp005-n2048-k12-d220-bs40-f1.000-r00:010376.114: log(exp-norms): [2047.94, 2050.05, 2052.4]
exp005-n2048-k12-d220-bs40-f1.000-r00:010376.114: log(norms):     [2047.94, 2050.84, 2054.54, 2054.59, 2054.6, 2054.75, 2054.67, 2054.67, 2054.64, 2054.96]
exp005-n2048-k12-d220-bs40-f1.000-r00:010376.151: (94 sec)
exp005-n2048-k12-d220-bs40-f1.000-r00:010376.151: Loop 76/100
exp005-n2048-k12-d220-bs40-f1.000-r00:010443.340: log(exp-norms): [2047.94, 2050.05, 2052.4]
exp005-n2048-k12-d220-bs40-f1.000-r00:010443.340: log(norms):     [2047.94, 2050.84, 2054.54, 2054.59, 2054.6, 2054.75, 2054.67, 2054.67, 2054.64, 2054.96]
exp005-n2048-k12-d220-bs40-f1.000-r00:010443.363: (68 sec)
exp005-n2048-k12-d220-bs40-f1.000-r00:010443.363: Loop 77/100
exp005-n2048-k12-d220-bs40-f1.000-r00:010509.011: log(exp-norms): [2047.94, 2050.05, 2052.4]
exp005-n2048-k12-d220-bs40-f1.000-r00:010509.011: log(norms):     [2047.94, 2050.84, 2054.54, 2054.59, 2054.6, 2054.75, 2054.67, 2054.74, 2054.67, 2054.64]
exp005-n2048-k12-d220-bs40-f1.000-r00:010509.034: (66 sec)
exp005-n2048-k12-d220-bs40-f1.000-r00:010509.035: Loop 78/100
exp005-n2048-k12-d220-bs40-f1.000-r00:010587.876: log(exp-norms): [2047.94, 2050.05, 2052.4]
exp005-n2048-k12-d220-bs40-f1.000-r00:010587.876: log(norms):     [2047.94, 2050.84, 2054.54, 2054.59, 2054.6, 2054.75, 2054.67, 2054.74, 2054.67, 2054.64]
exp005-n2048-k12-d220-bs40-f1.000-r00:010587.913: (79 sec)
exp005-n2048-k12-d220-bs40-f1.000-r00:010587.913: Loop 79/100
exp005-n2048-k12-d220-bs40-f1.000-r00:010657.467: log(exp-norms): [2047.94, 2050.05, 2052.4]
exp005-n2048-k12-d220-bs40-f1.000-r00:010657.467: log(norms):     [2047.94, 2050.84, 2054.54, 2054.59, 2054.6, 2054.75, 2054.67, 2054.74, 2054.67, 2054.64]
exp005-n2048-k12-d220-bs40-f1.000-r00:010657.490: (70 sec)
exp005-n2048-k12-d220-bs40-f1.000-r00:010657.490: Loop 80/100
exp005-n2048-k12-d220-bs40-f1.000-r00:010749.260: log(exp-norms): [2047.94, 2050.05, 2052.4]
exp005-n2048-k12-d220-bs40-f1.000-r00:010749.260: log(norms):     [2047.94, 2050.84, 2054.54, 2054.59, 2054.58, 2054.6, 2054.74, 2054.67, 2054.67, 2054.75]
exp005-n2048-k12-d220-bs40-f1.000-r00:010749.283: (92 sec)
exp005-n2048-k12-d220-bs40-f1.000-r00:010749.283: Loop 81/100
exp005-n2048-k12-d220-bs40-f1.000-r00:010834.861: log(exp-norms): [2047.94, 2050.05, 2052.4]
exp005-n2048-k12-d220-bs40-f1.000-r00:010834.861: log(norms):     [2047.94, 2050.84, 2054.54, 2054.59, 2054.58, 2054.6, 2054.74, 2054.67, 2054.67, 2054.75]
exp005-n2048-k12-d220-bs40-f1.000-r00:010834.899: (86 sec)
exp005-n2048-k12-d220-bs40-f1.000-r00:010834.900: Loop 82/100
exp005-n2048-k12-d220-bs40-f1.000-r00:010900.483: log(exp-norms): [2047.94, 2050.05, 2052.4]
exp005-n2048-k12-d220-bs40-f1.000-r00:010900.484: log(norms):     [2047.94, 2050.84, 2054.54, 2054.59, 2054.58, 2054.6, 2054.74, 2054.67, 2054.67, 2054.75]
exp005-n2048-k12-d220-bs40-f1.000-r00:010900.508: (66 sec)
exp005-n2048-k12-d220-bs40-f1.000-r00:010900.508: Loop 83/100
exp005-n2048-k12-d220-bs40-f1.000-r00:010976.987: log(exp-norms): [2047.94, 2050.05, 2052.4]
exp005-n2048-k12-d220-bs40-f1.000-r00:010976.988: log(norms):     [2047.94, 2050.84, 2054.54, 2054.59, 2054.58, 2054.6, 2054.74, 2054.67, 2054.67, 2054.69]
exp005-n2048-k12-d220-bs40-f1.000-r00:010977.012: (77 sec)
exp005-n2048-k12-d220-bs40-f1.000-r00:010977.012: Loop 84/100
exp005-n2048-k12-d220-bs40-f1.000-r00:011046.870: log(exp-norms): [2047.94, 2050.05, 2052.4]
exp005-n2048-k12-d220-bs40-f1.000-r00:011046.870: log(norms):     [2047.94, 2050.84, 2054.54, 2054.59, 2054.58, 2054.6, 2054.74, 2054.67, 2054.67, 2054.69]
exp005-n2048-k12-d220-bs40-f1.000-r00:011046.893: (70 sec)
exp005-n2048-k12-d220-bs40-f1.000-r00:011046.893: Loop 85/100
exp005-n2048-k12-d220-bs40-f1.000-r00:011118.875: log(exp-norms): [2047.94, 2050.05, 2052.4]
exp005-n2048-k12-d220-bs40-f1.000-r00:011118.875: log(norms):     [2047.94, 2050.84, 2054.54, 2054.59, 2054.58, 2054.6, 2054.74, 2054.67, 2054.67, 2054.69]
exp005-n2048-k12-d220-bs40-f1.000-r00:011118.897: (73 sec)
exp005-n2048-k12-d220-bs40-f1.000-r00:011118.897: Loop 86/100
exp005-n2048-k12-d220-bs40-f1.000-r00:011187.167: log(exp-norms): [2047.94, 2050.05, 2052.4]
exp005-n2048-k12-d220-bs40-f1.000-r00:011187.168: log(norms):     [2047.94, 2050.84, 2054.54, 2054.59, 2054.58, 2054.6, 2054.74, 2054.67, 2054.67, 2054.69]
exp005-n2048-k12-d220-bs40-f1.000-r00:011187.191: (69 sec)
exp005-n2048-k12-d220-bs40-f1.000-r00:011187.191: Loop 87/100
exp005-n2048-k12-d220-bs40-f1.000-r00:011258.094: log(exp-norms): [2047.94, 2050.05, 2052.4]
exp005-n2048-k12-d220-bs40-f1.000-r00:011258.095: log(norms):     [2047.94, 2050.84, 2054.54, 2054.59, 2054.58, 2054.6, 2054.74, 2054.67, 2054.67, 2054.69]
exp005-n2048-k12-d220-bs40-f1.000-r00:011258.118: (71 sec)
exp005-n2048-k12-d220-bs40-f1.000-r00:011258.119: Loop 88/100
exp005-n2048-k12-d220-bs40-f1.000-r00:011327.490: log(exp-norms): [2047.94, 2050.05, 2052.4]
exp005-n2048-k12-d220-bs40-f1.000-r00:011327.490: log(norms):     [2047.94, 2050.84, 2054.54, 2054.59, 2054.58, 2054.6, 2054.74, 2054.67, 2054.67, 2054.69]
exp005-n2048-k12-d220-bs40-f1.000-r00:011327.528: (70 sec)
exp005-n2048-k12-d220-bs40-f1.000-r00:011327.528: Loop 89/100
exp005-n2048-k12-d220-bs40-f1.000-r00:011393.980: log(exp-norms): [2047.94, 2050.05, 2052.4]
exp005-n2048-k12-d220-bs40-f1.000-r00:011393.980: log(norms):     [2047.94, 2050.84, 2054.54, 2054.59, 2054.58, 2054.6, 2054.74, 2054.67, 2054.67, 2054.69]
exp005-n2048-k12-d220-bs40-f1.000-r00:011394.003: (67 sec)
exp005-n2048-k12-d220-bs40-f1.000-r00:011394.004: Loop 90/100
exp005-n2048-k12-d220-bs40-f1.000-r00:011467.096: log(exp-norms): [2047.94, 2050.05, 2052.4]
exp005-n2048-k12-d220-bs40-f1.000-r00:011467.097: log(norms):     [2047.94, 2050.84, 2054.54, 2054.59, 2054.58, 2054.6, 2054.74, 2054.67, 2054.67, 2054.69]
exp005-n2048-k12-d220-bs40-f1.000-r00:011467.132: (74 sec)
exp005-n2048-k12-d220-bs40-f1.000-r00:011467.133: Loop 91/100
exp005-n2048-k12-d220-bs40-f1.000-r00:011538.474: log(exp-norms): [2047.94, 2050.05, 2052.4]
exp005-n2048-k12-d220-bs40-f1.000-r00:011538.474: log(norms):     [2047.94, 2050.84, 2054.54, 2054.59, 2054.58, 2054.6, 2054.74, 2054.67, 2054.67, 2054.69]
exp005-n2048-k12-d220-bs40-f1.000-r00:011538.496: (72 sec)
exp005-n2048-k12-d220-bs40-f1.000-r00:011538.497: Loop 92/100
exp005-n2048-k12-d220-bs40-f1.000-r00:011611.110: log(exp-norms): [2047.94, 2050.05, 2052.4]
exp005-n2048-k12-d220-bs40-f1.000-r00:011611.110: log(norms):     [2047.94, 2050.84, 2054.54, 2054.59, 2054.58, 2054.6, 2054.74, 2054.72, 2054.67, 2054.85]
exp005-n2048-k12-d220-bs40-f1.000-r00:011611.133: (73 sec)
exp005-n2048-k12-d220-bs40-f1.000-r00:011611.133: Loop 93/100
exp005-n2048-k12-d220-bs40-f1.000-r00:011673.055: log(exp-norms): [2047.94, 2050.05, 2052.4]
exp005-n2048-k12-d220-bs40-f1.000-r00:011673.055: log(norms):     [2047.94, 2050.84, 2054.54, 2054.59, 2054.58, 2054.6, 2054.74, 2054.72, 2054.67, 2054.85]
exp005-n2048-k12-d220-bs40-f1.000-r00:011673.079: (62 sec)
exp005-n2048-k12-d220-bs40-f1.000-r00:011673.079: Loop 94/100
exp005-n2048-k12-d220-bs40-f1.000-r00:011741.956: log(exp-norms): [2047.94, 2050.05, 2052.4]
exp005-n2048-k12-d220-bs40-f1.000-r00:011741.956: log(norms):     [2047.94, 2050.84, 2054.54, 2054.59, 2054.58, 2054.6, 2054.74, 2054.72, 2054.6, 2054.67]
exp005-n2048-k12-d220-bs40-f1.000-r00:011741.978: (69 sec)
exp005-n2048-k12-d220-bs40-f1.000-r00:011741.979: Loop 95/100
exp005-n2048-k12-d220-bs40-f1.000-r00:011811.157: log(exp-norms): [2047.94, 2050.05, 2052.4]
exp005-n2048-k12-d220-bs40-f1.000-r00:011811.157: log(norms):     [2047.94, 2050.84, 2054.54, 2054.59, 2054.58, 2054.6, 2054.66, 2054.6, 2054.72, 2054.74]
exp005-n2048-k12-d220-bs40-f1.000-r00:011811.180: (70 sec)
exp005-n2048-k12-d220-bs40-f1.000-r00:011811.180: Loop 96/100
exp005-n2048-k12-d220-bs40-f1.000-r00:011878.531: log(exp-norms): [2047.94, 2050.05, 2052.4]
exp005-n2048-k12-d220-bs40-f1.000-r00:011878.531: log(norms):     [2047.94, 2050.84, 2054.54, 2054.59, 2054.58, 2054.6, 2054.66, 2054.71, 2054.6, 2054.66]
exp005-n2048-k12-d220-bs40-f1.000-r00:011878.554: (68 sec)
exp005-n2048-k12-d220-bs40-f1.000-r00:011878.554: Loop 97/100
exp005-n2048-k12-d220-bs40-f1.000-r00:011944.324: log(exp-norms): [2047.94, 2050.05, 2052.4]
exp005-n2048-k12-d220-bs40-f1.000-r00:011944.325: log(norms):     [2047.94, 2050.84, 2054.54, 2054.59, 2054.58, 2054.6, 2054.66, 2054.71, 2054.6, 2054.66]
exp005-n2048-k12-d220-bs40-f1.000-r00:011944.348: (66 sec)
exp005-n2048-k12-d220-bs40-f1.000-r00:011944.348: Loop 98/100
exp005-n2048-k12-d220-bs40-f1.000-r00:012012.151: log(exp-norms): [2047.94, 2050.05, 2052.4]
exp005-n2048-k12-d220-bs40-f1.000-r00:012012.152: log(norms):     [2047.94, 2050.84, 2054.54, 2054.59, 2054.58, 2054.6, 2054.66, 2054.71, 2054.6, 2054.66]
exp005-n2048-k12-d220-bs40-f1.000-r00:012012.176: (68 sec)
exp005-n2048-k12-d220-bs40-f1.000-r00:012012.176: Loop 99/100
exp005-n2048-k12-d220-bs40-f1.000-r00:012083.155: log(exp-norms): [2047.94, 2050.05, 2052.4]
exp005-n2048-k12-d220-bs40-f1.000-r00:012083.156: log(norms):     [2047.94, 2050.84, 2054.54, 2054.59, 2054.58, 2054.6, 2054.66, 2054.71, 2054.71, 2054.74]
exp005-n2048-k12-d220-bs40-f1.000-r00:012083.178: (72 sec)
exp005-n2048-k12-d220-bs40-f1.000-r00:012083.178: Loop 100/100
exp005-n2048-k12-d220-bs40-f1.000-r00:012150.924: log(exp-norms): [2047.94, 2050.05, 2052.4]
exp005-n2048-k12-d220-bs40-f1.000-r00:012150.924: log(norms):     [2047.94, 2050.84, 2054.54, 2054.59, 2054.58, 2054.6, 2054.66, 2054.71, 2054.71, 2054.74]
exp005-n2048-k12-d220-bs40-f1.000-r00:012150.947: (68 sec)
exp005-n2048-k12-d220-bs40-f1.000-r00:012150.947: ==========================Summary===========================
exp005-n2048-k12-d220-bs40-f1.000-r00:012150.947: Total time: 12151sec
exp005-n2048-k12-d220-bs40-f1.000-r00:012150.947: FAIL
exp005-n2048-k12-d220-bs40-f1.000-r00:012150.947: SUMMARY:n:2048:k:12:d:220:bs:40:t:12151:r:False
