exp006-n2048-k12-d230-bs40-f1.000-r00:000000.237: ==========================Instance==========================
exp006-n2048-k12-d230-bs40-f1.000-r00:000000.238: # of equations: 230
exp006-n2048-k12-d230-bs40-f1.000-r00:000000.241: Gap: 6.74
exp006-n2048-k12-d230-bs40-f1.000-r00:000000.249: Tau: 12.31
exp006-n2048-k12-d230-bs40-f1.000-r00:000000.250: ======================BKZ-40 reduction======================
exp006-n2048-k12-d230-bs40-f1.000-r00:000007.790: Expectedly achievable log(norm): 2055.12
exp006-n2048-k12-d230-bs40-f1.000-r00:000014.975: log(exp-norms): [2047.94, 2050.08, 2052.83]
exp006-n2048-k12-d230-bs40-f1.000-r00:000014.976: log(norms):     [2063.06, 2050.87, 2059.89, 2059.89, 2059.89, 2059.89, 2059.89, 2059.89, 2059.89, 2059.89]
exp006-n2048-k12-d230-bs40-f1.000-r00:000015.075: Loop 1/100
exp006-n2048-k12-d230-bs40-f1.000-r00:003919.812: log(exp-norms): [2047.94, 2050.08, 2052.83]
exp006-n2048-k12-d230-bs40-f1.000-r00:003919.812: log(norms):     [2050.87, 2057.85, 2057.86, 2057.93, 2057.89, 2057.92, 2057.94, 2057.88, 2057.86, 2057.73]
exp006-n2048-k12-d230-bs40-f1.000-r00:003919.837: (3905 sec)
exp006-n2048-k12-d230-bs40-f1.000-r00:003919.837: Loop 2/100
exp006-n2048-k12-d230-bs40-f1.000-r00:004135.415: log(exp-norms): [2047.94, 2050.08, 2052.83]
exp006-n2048-k12-d230-bs40-f1.000-r00:004135.415: log(norms):     [2050.87, 2057.12, 2057.43, 2057.48, 2057.42, 2057.57, 2057.5, 2057.51, 2057.6, 2057.59]
exp006-n2048-k12-d230-bs40-f1.000-r00:004135.440: (216 sec)
exp006-n2048-k12-d230-bs40-f1.000-r00:004135.440: Loop 3/100
exp006-n2048-k12-d230-bs40-f1.000-r00:004299.826: log(exp-norms): [2047.94, 2050.08, 2052.83]
exp006-n2048-k12-d230-bs40-f1.000-r00:004299.827: log(norms):     [2050.87, 2057.12, 2057.17, 2057.17, 2057.23, 2057.38, 2057.26, 2057.26, 2057.26, 2057.32]
exp006-n2048-k12-d230-bs40-f1.000-r00:004299.866: (165 sec)
exp006-n2048-k12-d230-bs40-f1.000-r00:004299.866: Loop 4/100
exp006-n2048-k12-d230-bs40-f1.000-r00:004502.741: log(exp-norms): [2047.94, 2050.08, 2052.83]
exp006-n2048-k12-d230-bs40-f1.000-r00:004502.742: log(norms):     [2050.87, 2056.84, 2056.85, 2056.9, 2057.06, 2056.98, 2056.97, 2057.14, 2057.0, 2057.15]
exp006-n2048-k12-d230-bs40-f1.000-r00:004502.766: (203 sec)
exp006-n2048-k12-d230-bs40-f1.000-r00:004502.766: Loop 5/100
exp006-n2048-k12-d230-bs40-f1.000-r00:004627.666: log(exp-norms): [2047.94, 2050.08, 2052.83]
exp006-n2048-k12-d230-bs40-f1.000-r00:004627.667: log(norms):     [2047.94, 2050.87, 2056.6, 2056.68, 2056.75, 2056.81, 2056.78, 2056.98, 2056.95, 2057.0]
exp006-n2048-k12-d230-bs40-f1.000-r00:004627.692: (125 sec)
exp006-n2048-k12-d230-bs40-f1.000-r00:004627.692: Loop 6/100
exp006-n2048-k12-d230-bs40-f1.000-r00:004755.588: log(exp-norms): [2047.94, 2050.08, 2052.83]
exp006-n2048-k12-d230-bs40-f1.000-r00:004755.588: log(norms):     [2047.94, 2050.87, 2056.51, 2056.6, 2056.7, 2056.62, 2056.51, 2056.62, 2056.69, 2056.67]
exp006-n2048-k12-d230-bs40-f1.000-r00:004755.613: (128 sec)
exp006-n2048-k12-d230-bs40-f1.000-r00:004755.614: Loop 7/100
exp006-n2048-k12-d230-bs40-f1.000-r00:004867.231: log(exp-norms): [2047.94, 2050.08, 2052.83]
exp006-n2048-k12-d230-bs40-f1.000-r00:004867.231: log(norms):     [2047.94, 2050.87, 2056.29, 2056.48, 2056.54, 2056.49, 2056.45, 2056.57, 2056.51, 2056.5]
exp006-n2048-k12-d230-bs40-f1.000-r00:004867.257: (112 sec)
exp006-n2048-k12-d230-bs40-f1.000-r00:004867.257: Loop 8/100
exp006-n2048-k12-d230-bs40-f1.000-r00:004971.399: log(exp-norms): [2047.94, 2050.08, 2052.83]
exp006-n2048-k12-d230-bs40-f1.000-r00:004971.399: log(norms):     [2047.94, 2050.87, 2056.27, 2056.32, 2056.33, 2056.38, 2056.52, 2056.36, 2056.42, 2056.3]
exp006-n2048-k12-d230-bs40-f1.000-r00:004971.423: (105 sec)
exp006-n2048-k12-d230-bs40-f1.000-r00:004971.424: Loop 9/100
exp006-n2048-k12-d230-bs40-f1.000-r00:005116.164: log(exp-norms): [2047.94, 2050.08, 2052.83]
exp006-n2048-k12-d230-bs40-f1.000-r00:005116.164: log(norms):     [2047.94, 2050.87, 2056.09, 2056.1, 2056.26, 2056.33, 2056.3, 2056.37, 2056.16, 2056.12]
exp006-n2048-k12-d230-bs40-f1.000-r00:005116.188: (145 sec)
exp006-n2048-k12-d230-bs40-f1.000-r00:005116.189: Loop 10/100
exp006-n2048-k12-d230-bs40-f1.000-r00:005238.747: log(exp-norms): [2047.94, 2050.08, 2052.83]
exp006-n2048-k12-d230-bs40-f1.000-r00:005238.747: log(norms):     [2047.94, 2050.87, 2056.02, 2056.09, 2056.16, 2056.09, 2056.06, 2056.13, 2056.11, 2056.31]
exp006-n2048-k12-d230-bs40-f1.000-r00:005238.786: (123 sec)
exp006-n2048-k12-d230-bs40-f1.000-r00:005238.786: Loop 11/100
exp006-n2048-k12-d230-bs40-f1.000-r00:005411.549: log(exp-norms): [2047.94, 2050.08, 2052.83]
exp006-n2048-k12-d230-bs40-f1.000-r00:005411.549: log(norms):     [2047.94, 2050.87, 2055.96, 2055.98, 2056.01, 2056.04, 2056.13, 2056.03, 2056.07, 2056.16]
exp006-n2048-k12-d230-bs40-f1.000-r00:005411.589: (173 sec)
exp006-n2048-k12-d230-bs40-f1.000-r00:005411.589: Loop 12/100
exp006-n2048-k12-d230-bs40-f1.000-r00:005577.804: log(exp-norms): [2047.94, 2050.08, 2052.83]
exp006-n2048-k12-d230-bs40-f1.000-r00:005577.805: log(norms):     [2047.94, 2050.87, 2055.88, 2055.93, 2056.02, 2056.04, 2055.97, 2055.89, 2056.07, 2055.96]
exp006-n2048-k12-d230-bs40-f1.000-r00:005577.840: (167 sec)
exp006-n2048-k12-d230-bs40-f1.000-r00:005577.840: Loop 13/100
exp006-n2048-k12-d230-bs40-f1.000-r00:005699.040: log(exp-norms): [2047.94, 2050.08, 2052.83]
exp006-n2048-k12-d230-bs40-f1.000-r00:005699.040: log(norms):     [2047.94, 2050.87, 2055.77, 2055.79, 2055.8, 2055.86, 2055.72, 2055.82, 2055.73, 2055.88]
exp006-n2048-k12-d230-bs40-f1.000-r00:005699.080: (122 sec)
exp006-n2048-k12-d230-bs40-f1.000-r00:005699.081: Loop 14/100
exp006-n2048-k12-d230-bs40-f1.000-r00:005849.941: log(exp-norms): [2047.94, 2050.08, 2052.83]
exp006-n2048-k12-d230-bs40-f1.000-r00:005849.942: log(norms):     [2047.94, 2050.87, 2055.71, 2055.72, 2055.8, 2055.82, 2055.9, 2055.8, 2055.68, 2055.73]
exp006-n2048-k12-d230-bs40-f1.000-r00:005849.966: (151 sec)
exp006-n2048-k12-d230-bs40-f1.000-r00:005849.966: Loop 15/100
exp006-n2048-k12-d230-bs40-f1.000-r00:005939.621: log(exp-norms): [2047.94, 2050.08, 2052.83]
exp006-n2048-k12-d230-bs40-f1.000-r00:005939.621: log(norms):     [2047.94, 2050.87, 2055.5, 2055.66, 2055.71, 2055.68, 2055.72, 2055.78, 2055.7, 2055.62]
exp006-n2048-k12-d230-bs40-f1.000-r00:005939.646: (90 sec)
exp006-n2048-k12-d230-bs40-f1.000-r00:005939.647: Loop 16/100
exp006-n2048-k12-d230-bs40-f1.000-r00:006070.057: log(exp-norms): [2047.94, 2050.08, 2052.83]
exp006-n2048-k12-d230-bs40-f1.000-r00:006070.058: log(norms):     [2047.94, 2050.87, 2055.5, 2055.51, 2055.66, 2055.66, 2055.77, 2055.74, 2055.82, 2055.72]
exp006-n2048-k12-d230-bs40-f1.000-r00:006070.084: (131 sec)
exp006-n2048-k12-d230-bs40-f1.000-r00:006070.085: Loop 17/100
exp006-n2048-k12-d230-bs40-f1.000-r00:006186.679: log(exp-norms): [2047.94, 2050.08, 2052.83]
exp006-n2048-k12-d230-bs40-f1.000-r00:006186.679: log(norms):     [2047.94, 2050.87, 2055.5, 2055.51, 2055.54, 2055.71, 2055.47, 2055.74, 2055.66, 2055.74]
exp006-n2048-k12-d230-bs40-f1.000-r00:006186.703: (117 sec)
exp006-n2048-k12-d230-bs40-f1.000-r00:006186.703: Loop 18/100
exp006-n2048-k12-d230-bs40-f1.000-r00:006279.427: log(exp-norms): [2047.94, 2050.08, 2052.83]
exp006-n2048-k12-d230-bs40-f1.000-r00:006279.427: log(norms):     [2047.94, 2050.87, 2055.47, 2055.5, 2055.61, 2055.58, 2055.66, 2055.67, 2055.65, 2055.76]
exp006-n2048-k12-d230-bs40-f1.000-r00:006279.452: (93 sec)
exp006-n2048-k12-d230-bs40-f1.000-r00:006279.452: Loop 19/100
exp006-n2048-k12-d230-bs40-f1.000-r00:006365.535: log(exp-norms): [2047.94, 2050.08, 2052.83]
exp006-n2048-k12-d230-bs40-f1.000-r00:006365.535: log(norms):     [2047.94, 2050.87, 2055.47, 2055.5, 2055.61, 2055.68, 2055.44, 2055.62, 2055.72, 2055.54]
exp006-n2048-k12-d230-bs40-f1.000-r00:006365.560: (87 sec)
exp006-n2048-k12-d230-bs40-f1.000-r00:006365.560: Loop 20/100
exp006-n2048-k12-d230-bs40-f1.000-r00:006451.890: log(exp-norms): [2047.94, 2050.08, 2052.83]
exp006-n2048-k12-d230-bs40-f1.000-r00:006451.890: log(norms):     [2047.94, 2050.87, 2055.44, 2055.54, 2055.48, 2055.57, 2055.58, 2055.57, 2055.6, 2055.62]
exp006-n2048-k12-d230-bs40-f1.000-r00:006451.915: (87 sec)
exp006-n2048-k12-d230-bs40-f1.000-r00:006451.915: Loop 21/100
exp006-n2048-k12-d230-bs40-f1.000-r00:006534.410: log(exp-norms): [2047.94, 2050.08, 2052.83]
exp006-n2048-k12-d230-bs40-f1.000-r00:006534.410: log(norms):     [2047.94, 2050.87, 2055.42, 2055.48, 2055.57, 2055.54, 2055.44, 2055.56, 2055.65, 2055.55]
exp006-n2048-k12-d230-bs40-f1.000-r00:006534.435: (83 sec)
exp006-n2048-k12-d230-bs40-f1.000-r00:006534.435: Loop 22/100
exp006-n2048-k12-d230-bs40-f1.000-r00:006620.037: log(exp-norms): [2047.94, 2050.08, 2052.83]
exp006-n2048-k12-d230-bs40-f1.000-r00:006620.037: log(norms):     [2047.94, 2050.87, 2055.36, 2055.52, 2055.57, 2055.44, 2055.55, 2055.57, 2055.55, 2055.62]
exp006-n2048-k12-d230-bs40-f1.000-r00:006620.061: (86 sec)
exp006-n2048-k12-d230-bs40-f1.000-r00:006620.061: Loop 23/100
exp006-n2048-k12-d230-bs40-f1.000-r00:006705.620: log(exp-norms): [2047.94, 2050.08, 2052.83]
exp006-n2048-k12-d230-bs40-f1.000-r00:006705.620: log(norms):     [2047.94, 2050.87, 2055.36, 2055.52, 2055.57, 2055.44, 2055.58, 2055.48, 2055.69, 2055.56]
exp006-n2048-k12-d230-bs40-f1.000-r00:006705.644: (86 sec)
exp006-n2048-k12-d230-bs40-f1.000-r00:006705.644: Loop 24/100
exp006-n2048-k12-d230-bs40-f1.000-r00:006817.399: log(exp-norms): [2047.94, 2050.08, 2052.83]
exp006-n2048-k12-d230-bs40-f1.000-r00:006817.400: log(norms):     [2047.94, 2050.87, 2055.36, 2055.52, 2055.45, 2055.55, 2055.47, 2055.42, 2055.44, 2055.57]
exp006-n2048-k12-d230-bs40-f1.000-r00:006817.438: (112 sec)
exp006-n2048-k12-d230-bs40-f1.000-r00:006817.438: Loop 25/100
exp006-n2048-k12-d230-bs40-f1.000-r00:006954.161: log(exp-norms): [2047.94, 2050.08, 2052.83]
exp006-n2048-k12-d230-bs40-f1.000-r00:006954.161: log(norms):     [2047.94, 2050.87, 2055.36, 2055.52, 2055.45, 2055.55, 2055.47, 2055.42, 2055.44, 2055.57]
exp006-n2048-k12-d230-bs40-f1.000-r00:006954.200: (137 sec)
exp006-n2048-k12-d230-bs40-f1.000-r00:006954.200: Loop 26/100
exp006-n2048-k12-d230-bs40-f1.000-r00:007100.111: log(exp-norms): [2047.94, 2050.08, 2052.83]
exp006-n2048-k12-d230-bs40-f1.000-r00:007100.111: log(norms):     [2047.94, 2050.87, 2055.36, 2055.47, 2055.45, 2055.55, 2055.52, 2055.47, 2055.72, 2055.47]
exp006-n2048-k12-d230-bs40-f1.000-r00:007100.150: (146 sec)
exp006-n2048-k12-d230-bs40-f1.000-r00:007100.150: Loop 27/100
exp006-n2048-k12-d230-bs40-f1.000-r00:007241.287: log(exp-norms): [2047.94, 2050.08, 2052.83]
exp006-n2048-k12-d230-bs40-f1.000-r00:007241.287: log(norms):     [2047.94, 2050.87, 2055.36, 2055.47, 2055.45, 2055.55, 2055.49, 2055.44, 2055.44, 2055.42]
exp006-n2048-k12-d230-bs40-f1.000-r00:007241.325: (142 sec)
exp006-n2048-k12-d230-bs40-f1.000-r00:007241.326: Loop 28/100
exp006-n2048-k12-d230-bs40-f1.000-r00:007379.673: log(exp-norms): [2047.94, 2050.08, 2052.83]
exp006-n2048-k12-d230-bs40-f1.000-r00:007379.673: log(norms):     [2047.94, 2050.87, 2055.29, 2055.48, 2055.5, 2055.44, 2055.41, 2055.5, 2055.47, 2055.36]
exp006-n2048-k12-d230-bs40-f1.000-r00:007379.712: (139 sec)
exp006-n2048-k12-d230-bs40-f1.000-r00:007379.712: Loop 29/100
exp006-n2048-k12-d230-bs40-f1.000-r00:007522.583: log(exp-norms): [2047.94, 2050.08, 2052.83]
exp006-n2048-k12-d230-bs40-f1.000-r00:007522.583: log(norms):     [2047.94, 2050.87, 2055.29, 2055.4, 2055.49, 2055.52, 2055.5, 2055.44, 2055.49, 2055.66]
exp006-n2048-k12-d230-bs40-f1.000-r00:007522.622: (143 sec)
exp006-n2048-k12-d230-bs40-f1.000-r00:007522.622: Loop 30/100
exp006-n2048-k12-d230-bs40-f1.000-r00:007669.838: log(exp-norms): [2047.94, 2050.08, 2052.83]
exp006-n2048-k12-d230-bs40-f1.000-r00:007669.839: log(norms):     [2047.94, 2050.87, 2055.29, 2055.4, 2055.49, 2055.52, 2055.5, 2055.44, 2055.56, 2055.56]
exp006-n2048-k12-d230-bs40-f1.000-r00:007669.882: (148 sec)
exp006-n2048-k12-d230-bs40-f1.000-r00:007669.883: Loop 31/100
exp006-n2048-k12-d230-bs40-f1.000-r00:007797.914: log(exp-norms): [2047.94, 2050.08, 2052.83]
exp006-n2048-k12-d230-bs40-f1.000-r00:007797.914: log(norms):     [2047.94, 2050.87, 2055.29, 2055.3, 2055.41, 2055.45, 2055.5, 2055.39, 2055.41, 2055.4]
exp006-n2048-k12-d230-bs40-f1.000-r00:007797.954: (129 sec)
exp006-n2048-k12-d230-bs40-f1.000-r00:007797.955: Loop 32/100
exp006-n2048-k12-d230-bs40-f1.000-r00:007932.315: log(exp-norms): [2047.94, 2050.08, 2052.83]
exp006-n2048-k12-d230-bs40-f1.000-r00:007932.316: log(norms):     [2047.94, 2050.87, 2055.29, 2055.39, 2055.31, 2055.3, 2055.47, 2055.5, 2055.48, 2055.38]
exp006-n2048-k12-d230-bs40-f1.000-r00:007932.354: (135 sec)
exp006-n2048-k12-d230-bs40-f1.000-r00:007932.354: Loop 33/100
exp006-n2048-k12-d230-bs40-f1.000-r00:008072.160: log(exp-norms): [2047.94, 2050.08, 2052.83]
exp006-n2048-k12-d230-bs40-f1.000-r00:008072.160: log(norms):     [2047.94, 2050.87, 2055.2, 2055.31, 2055.29, 2055.39, 2055.43, 2055.3, 2055.39, 2055.35]
exp006-n2048-k12-d230-bs40-f1.000-r00:008072.201: (140 sec)
exp006-n2048-k12-d230-bs40-f1.000-r00:008072.201: Loop 34/100
exp006-n2048-k12-d230-bs40-f1.000-r00:008185.299: log(exp-norms): [2047.94, 2050.08, 2052.83]
exp006-n2048-k12-d230-bs40-f1.000-r00:008185.299: log(norms):     [2047.94, 2050.87, 2055.2, 2055.31, 2055.29, 2055.39, 2055.33, 2055.43, 2055.3, 2055.39]
exp006-n2048-k12-d230-bs40-f1.000-r00:008185.324: (114 sec)
exp006-n2048-k12-d230-bs40-f1.000-r00:008185.324: Loop 35/100
exp006-n2048-k12-d230-bs40-f1.000-r00:008261.309: log(exp-norms): [2047.94, 2050.08, 2052.83]
exp006-n2048-k12-d230-bs40-f1.000-r00:008261.309: log(norms):     [2047.94, 2050.87, 2055.2, 2055.31, 2055.29, 2055.39, 2055.33, 2055.53, 2055.45, 2055.3]
exp006-n2048-k12-d230-bs40-f1.000-r00:008261.334: (77 sec)
exp006-n2048-k12-d230-bs40-f1.000-r00:008261.334: Loop 36/100
exp006-n2048-k12-d230-bs40-f1.000-r00:008338.925: log(exp-norms): [2047.94, 2050.08, 2052.83]
exp006-n2048-k12-d230-bs40-f1.000-r00:008338.925: log(norms):     [2047.94, 2050.87, 2055.2, 2055.31, 2055.44, 2055.39, 2055.29, 2055.29, 2055.42, 2055.43]
exp006-n2048-k12-d230-bs40-f1.000-r00:008338.949: (78 sec)
exp006-n2048-k12-d230-bs40-f1.000-r00:008338.949: Loop 37/100
exp006-n2048-k12-d230-bs40-f1.000-r00:008436.139: log(exp-norms): [2047.94, 2050.08, 2052.83]
exp006-n2048-k12-d230-bs40-f1.000-r00:008436.139: log(norms):     [2047.94, 2050.87, 2055.2, 2055.31, 2055.44, 2055.39, 2055.29, 2055.29, 2055.42, 2055.43]
exp006-n2048-k12-d230-bs40-f1.000-r00:008436.178: (98 sec)
exp006-n2048-k12-d230-bs40-f1.000-r00:008436.178: Loop 38/100
exp006-n2048-k12-d230-bs40-f1.000-r00:008576.289: log(exp-norms): [2047.94, 2050.08, 2052.83]
exp006-n2048-k12-d230-bs40-f1.000-r00:008576.290: log(norms):     [2047.94, 2050.87, 2055.2, 2055.31, 2055.44, 2055.39, 2055.29, 2055.29, 2055.42, 2055.69]
exp006-n2048-k12-d230-bs40-f1.000-r00:008576.328: (141 sec)
exp006-n2048-k12-d230-bs40-f1.000-r00:008576.328: Loop 39/100
exp006-n2048-k12-d230-bs40-f1.000-r00:008672.947: log(exp-norms): [2047.94, 2050.08, 2052.83]
exp006-n2048-k12-d230-bs40-f1.000-r00:008672.947: log(norms):     [2047.94, 2050.87, 2055.2, 2055.31, 2055.44, 2055.39, 2055.29, 2055.29, 2055.42, 2055.64]
exp006-n2048-k12-d230-bs40-f1.000-r00:008672.972: (97 sec)
exp006-n2048-k12-d230-bs40-f1.000-r00:008672.972: Loop 40/100
exp006-n2048-k12-d230-bs40-f1.000-r00:008747.451: log(exp-norms): [2047.94, 2050.08, 2052.83]
exp006-n2048-k12-d230-bs40-f1.000-r00:008747.451: log(norms):     [2047.94, 2050.87, 2055.2, 2055.31, 2055.44, 2055.39, 2055.28, 2055.29, 2055.46, 2055.55]
exp006-n2048-k12-d230-bs40-f1.000-r00:008747.475: (75 sec)
exp006-n2048-k12-d230-bs40-f1.000-r00:008747.475: Loop 41/100
exp006-n2048-k12-d230-bs40-f1.000-r00:008823.439: log(exp-norms): [2047.94, 2050.08, 2052.83]
exp006-n2048-k12-d230-bs40-f1.000-r00:008823.439: log(norms):     [2047.94, 2050.87, 2055.2, 2055.31, 2055.44, 2055.39, 2055.28, 2055.29, 2055.46, 2055.45]
exp006-n2048-k12-d230-bs40-f1.000-r00:008823.464: (76 sec)
exp006-n2048-k12-d230-bs40-f1.000-r00:008823.464: Loop 42/100
exp006-n2048-k12-d230-bs40-f1.000-r00:008901.427: log(exp-norms): [2047.94, 2050.08, 2052.83]
exp006-n2048-k12-d230-bs40-f1.000-r00:008901.427: log(norms):     [2047.94, 2050.87, 2055.2, 2055.31, 2055.44, 2055.34, 2055.39, 2055.28, 2055.29, 2055.46]
exp006-n2048-k12-d230-bs40-f1.000-r00:008901.451: (78 sec)
exp006-n2048-k12-d230-bs40-f1.000-r00:008901.451: Loop 43/100
exp006-n2048-k12-d230-bs40-f1.000-r00:008981.261: log(exp-norms): [2047.94, 2050.08, 2052.83]
exp006-n2048-k12-d230-bs40-f1.000-r00:008981.261: log(norms):     [2047.94, 2050.87, 2055.2, 2055.31, 2055.44, 2055.34, 2055.39, 2055.28, 2055.47, 2055.46]
exp006-n2048-k12-d230-bs40-f1.000-r00:008981.285: (80 sec)
exp006-n2048-k12-d230-bs40-f1.000-r00:008981.285: Loop 44/100
exp006-n2048-k12-d230-bs40-f1.000-r00:009059.149: log(exp-norms): [2047.94, 2050.08, 2052.83]
exp006-n2048-k12-d230-bs40-f1.000-r00:009059.149: log(norms):     [2047.94, 2050.87, 2055.2, 2055.31, 2055.44, 2055.34, 2055.58, 2055.58, 2055.28, 2055.39]
exp006-n2048-k12-d230-bs40-f1.000-r00:009059.173: (78 sec)
exp006-n2048-k12-d230-bs40-f1.000-r00:009059.173: Loop 45/100
exp006-n2048-k12-d230-bs40-f1.000-r00:009136.803: log(exp-norms): [2047.94, 2050.08, 2052.83]
exp006-n2048-k12-d230-bs40-f1.000-r00:009136.804: log(norms):     [2047.94, 2050.87, 2055.2, 2055.31, 2055.33, 2055.26, 2055.34, 2055.44, 2055.39, 2055.28]
exp006-n2048-k12-d230-bs40-f1.000-r00:009136.827: (78 sec)
exp006-n2048-k12-d230-bs40-f1.000-r00:009136.827: Loop 46/100
exp006-n2048-k12-d230-bs40-f1.000-r00:009221.073: log(exp-norms): [2047.94, 2050.08, 2052.83]
exp006-n2048-k12-d230-bs40-f1.000-r00:009221.073: log(norms):     [2047.94, 2050.87, 2055.2, 2055.31, 2055.33, 2055.26, 2055.34, 2055.36, 2055.44, 2055.39]
exp006-n2048-k12-d230-bs40-f1.000-r00:009221.097: (85 sec)
exp006-n2048-k12-d230-bs40-f1.000-r00:009221.097: Loop 47/100
exp006-n2048-k12-d230-bs40-f1.000-r00:009299.961: log(exp-norms): [2047.94, 2050.08, 2052.83]
exp006-n2048-k12-d230-bs40-f1.000-r00:009299.962: log(norms):     [2047.94, 2050.87, 2055.2, 2055.31, 2055.33, 2055.26, 2055.34, 2055.5, 2055.4, 2055.36]
exp006-n2048-k12-d230-bs40-f1.000-r00:009299.985: (79 sec)
exp006-n2048-k12-d230-bs40-f1.000-r00:009299.986: Loop 48/100
exp006-n2048-k12-d230-bs40-f1.000-r00:009381.995: log(exp-norms): [2047.94, 2050.08, 2052.83]
exp006-n2048-k12-d230-bs40-f1.000-r00:009381.995: log(norms):     [2047.94, 2050.87, 2055.2, 2055.31, 2055.33, 2055.26, 2055.34, 2055.5, 2055.4, 2055.36]
exp006-n2048-k12-d230-bs40-f1.000-r00:009382.020: (83 sec)
exp006-n2048-k12-d230-bs40-f1.000-r00:009382.020: Loop 49/100
exp006-n2048-k12-d230-bs40-f1.000-r00:009457.816: log(exp-norms): [2047.94, 2050.08, 2052.83]
exp006-n2048-k12-d230-bs40-f1.000-r00:009457.816: log(norms):     [2047.94, 2050.87, 2055.2, 2055.31, 2055.33, 2055.26, 2055.34, 2055.5, 2055.4, 2055.42]
exp006-n2048-k12-d230-bs40-f1.000-r00:009457.840: (76 sec)
exp006-n2048-k12-d230-bs40-f1.000-r00:009457.841: Loop 50/100
exp006-n2048-k12-d230-bs40-f1.000-r00:009557.411: log(exp-norms): [2047.94, 2050.08, 2052.83]
exp006-n2048-k12-d230-bs40-f1.000-r00:009557.411: log(norms):     [2047.94, 2050.87, 2055.2, 2055.31, 2055.33, 2055.26, 2055.34, 2055.5, 2055.4, 2055.42]
exp006-n2048-k12-d230-bs40-f1.000-r00:009557.436: (100 sec)
exp006-n2048-k12-d230-bs40-f1.000-r00:009557.436: Loop 51/100
exp006-n2048-k12-d230-bs40-f1.000-r00:009630.952: log(exp-norms): [2047.94, 2050.08, 2052.83]
exp006-n2048-k12-d230-bs40-f1.000-r00:009630.952: log(norms):     [2047.94, 2050.87, 2055.2, 2055.31, 2055.33, 2055.26, 2055.34, 2055.5, 2055.4, 2055.38]
exp006-n2048-k12-d230-bs40-f1.000-r00:009630.976: (74 sec)
exp006-n2048-k12-d230-bs40-f1.000-r00:009630.976: Loop 52/100
exp006-n2048-k12-d230-bs40-f1.000-r00:009736.842: log(exp-norms): [2047.94, 2050.08, 2052.83]
exp006-n2048-k12-d230-bs40-f1.000-r00:009736.843: log(norms):     [2047.94, 2050.87, 2055.2, 2055.31, 2055.33, 2055.26, 2055.34, 2055.5, 2055.44, 2055.4]
exp006-n2048-k12-d230-bs40-f1.000-r00:009736.882: (106 sec)
exp006-n2048-k12-d230-bs40-f1.000-r00:009736.883: Loop 53/100
exp006-n2048-k12-d230-bs40-f1.000-r00:009839.223: log(exp-norms): [2047.94, 2050.08, 2052.83]
exp006-n2048-k12-d230-bs40-f1.000-r00:009839.223: log(norms):     [2047.94, 2050.87, 2055.2, 2055.31, 2055.33, 2055.26, 2055.34, 2055.5, 2055.44, 2055.4]
exp006-n2048-k12-d230-bs40-f1.000-r00:009839.247: (103 sec)
exp006-n2048-k12-d230-bs40-f1.000-r00:009839.247: Loop 54/100
exp006-n2048-k12-d230-bs40-f1.000-r00:009916.886: log(exp-norms): [2047.94, 2050.08, 2052.83]
exp006-n2048-k12-d230-bs40-f1.000-r00:009916.887: log(norms):     [2047.94, 2050.87, 2055.2, 2055.31, 2055.33, 2055.26, 2055.34, 2055.5, 2055.44, 2055.4]
exp006-n2048-k12-d230-bs40-f1.000-r00:009916.911: (78 sec)
exp006-n2048-k12-d230-bs40-f1.000-r00:009916.912: Loop 55/100
exp006-n2048-k12-d230-bs40-f1.000-r00:009998.087: log(exp-norms): [2047.94, 2050.08, 2052.83]
exp006-n2048-k12-d230-bs40-f1.000-r00:009998.088: log(norms):     [2047.94, 2050.87, 2055.2, 2055.31, 2055.33, 2055.26, 2055.34, 2055.5, 2055.44, 2055.4]
exp006-n2048-k12-d230-bs40-f1.000-r00:009998.111: (82 sec)
exp006-n2048-k12-d230-bs40-f1.000-r00:009998.112: Loop 56/100
exp006-n2048-k12-d230-bs40-f1.000-r00:010073.609: log(exp-norms): [2047.94, 2050.08, 2052.83]
exp006-n2048-k12-d230-bs40-f1.000-r00:010073.609: log(norms):     [2047.94, 2050.87, 2055.2, 2055.31, 2055.33, 2055.26, 2055.34, 2055.5, 2055.44, 2055.4]
exp006-n2048-k12-d230-bs40-f1.000-r00:010073.633: (76 sec)
exp006-n2048-k12-d230-bs40-f1.000-r00:010073.634: Loop 57/100
exp006-n2048-k12-d230-bs40-f1.000-r00:010151.416: log(exp-norms): [2047.94, 2050.08, 2052.83]
exp006-n2048-k12-d230-bs40-f1.000-r00:010151.416: log(norms):     [2047.94, 2050.87, 2055.2, 2055.21, 2055.31, 2055.33, 2055.26, 2055.38, 2055.5, 2055.34]
exp006-n2048-k12-d230-bs40-f1.000-r00:010151.440: (78 sec)
exp006-n2048-k12-d230-bs40-f1.000-r00:010151.440: Loop 58/100
exp006-n2048-k12-d230-bs40-f1.000-r00:010229.087: log(exp-norms): [2047.94, 2050.08, 2052.83]
exp006-n2048-k12-d230-bs40-f1.000-r00:010229.087: log(norms):     [2047.94, 2050.87, 2055.2, 2055.21, 2055.31, 2055.33, 2055.26, 2055.38, 2055.39, 2055.34]
exp006-n2048-k12-d230-bs40-f1.000-r00:010229.111: (78 sec)
exp006-n2048-k12-d230-bs40-f1.000-r00:010229.111: Loop 59/100
exp006-n2048-k12-d230-bs40-f1.000-r00:010318.526: log(exp-norms): [2047.94, 2050.08, 2052.83]
exp006-n2048-k12-d230-bs40-f1.000-r00:010318.526: log(norms):     [2047.94, 2050.87, 2055.2, 2055.21, 2055.31, 2055.33, 2055.26, 2055.38, 2055.39, 2055.34]
exp006-n2048-k12-d230-bs40-f1.000-r00:010318.564: (90 sec)
exp006-n2048-k12-d230-bs40-f1.000-r00:010318.564: Loop 60/100
exp006-n2048-k12-d230-bs40-f1.000-r00:010418.581: log(exp-norms): [2047.94, 2050.08, 2052.83]
exp006-n2048-k12-d230-bs40-f1.000-r00:010418.582: log(norms):     [2047.94, 2050.87, 2055.2, 2055.21, 2055.31, 2055.33, 2055.26, 2055.38, 2055.39, 2055.34]
exp006-n2048-k12-d230-bs40-f1.000-r00:010418.619: (101 sec)
exp006-n2048-k12-d230-bs40-f1.000-r00:010418.619: Loop 61/100
exp006-n2048-k12-d230-bs40-f1.000-r00:010527.371: log(exp-norms): [2047.94, 2050.08, 2052.83]
exp006-n2048-k12-d230-bs40-f1.000-r00:010527.372: log(norms):     [2047.94, 2050.87, 2055.2, 2055.21, 2055.31, 2055.33, 2055.26, 2055.38, 2055.39, 2055.34]
exp006-n2048-k12-d230-bs40-f1.000-r00:010527.395: (109 sec)
exp006-n2048-k12-d230-bs40-f1.000-r00:010527.395: Loop 62/100
exp006-n2048-k12-d230-bs40-f1.000-r00:010605.847: log(exp-norms): [2047.94, 2050.08, 2052.83]
exp006-n2048-k12-d230-bs40-f1.000-r00:010605.847: log(norms):     [2047.94, 2050.87, 2055.2, 2055.21, 2055.37, 2055.39, 2055.34, 2055.31, 2055.37, 2055.52]
exp006-n2048-k12-d230-bs40-f1.000-r00:010605.872: (79 sec)
exp006-n2048-k12-d230-bs40-f1.000-r00:010605.872: Loop 63/100
exp006-n2048-k12-d230-bs40-f1.000-r00:010684.537: log(exp-norms): [2047.94, 2050.08, 2052.83]
exp006-n2048-k12-d230-bs40-f1.000-r00:010684.537: log(norms):     [2047.94, 2050.87, 2055.2, 2055.21, 2055.37, 2055.39, 2055.34, 2055.31, 2055.37, 2055.52]
exp006-n2048-k12-d230-bs40-f1.000-r00:010684.562: (79 sec)
exp006-n2048-k12-d230-bs40-f1.000-r00:010684.562: Loop 64/100
exp006-n2048-k12-d230-bs40-f1.000-r00:010762.857: log(exp-norms): [2047.94, 2050.08, 2052.83]
exp006-n2048-k12-d230-bs40-f1.000-r00:010762.858: log(norms):     [2047.94, 2050.87, 2055.2, 2055.21, 2055.37, 2055.39, 2055.34, 2055.31, 2055.37, 2055.52]
exp006-n2048-k12-d230-bs40-f1.000-r00:010762.881: (79 sec)
exp006-n2048-k12-d230-bs40-f1.000-r00:010762.881: Loop 65/100
exp006-n2048-k12-d230-bs40-f1.000-r00:010838.786: log(exp-norms): [2047.94, 2050.08, 2052.83]
exp006-n2048-k12-d230-bs40-f1.000-r00:010838.786: log(norms):     [2047.94, 2050.87, 2055.2, 2055.21, 2055.37, 2055.39, 2055.34, 2055.31, 2055.37, 2055.52]
exp006-n2048-k12-d230-bs40-f1.000-r00:010838.811: (76 sec)
exp006-n2048-k12-d230-bs40-f1.000-r00:010838.812: Loop 66/100
exp006-n2048-k12-d230-bs40-f1.000-r00:010917.406: log(exp-norms): [2047.94, 2050.08, 2052.83]
exp006-n2048-k12-d230-bs40-f1.000-r00:010917.406: log(norms):     [2047.94, 2050.87, 2055.2, 2055.21, 2055.37, 2055.39, 2055.34, 2055.31, 2055.37, 2055.52]
exp006-n2048-k12-d230-bs40-f1.000-r00:010917.430: (79 sec)
exp006-n2048-k12-d230-bs40-f1.000-r00:010917.430: Loop 67/100
exp006-n2048-k12-d230-bs40-f1.000-r00:010991.182: log(exp-norms): [2047.94, 2050.08, 2052.83]
exp006-n2048-k12-d230-bs40-f1.000-r00:010991.182: log(norms):     [2047.94, 2050.87, 2055.2, 2055.21, 2055.37, 2055.32, 2055.29, 2055.26, 2055.34, 2055.39]
exp006-n2048-k12-d230-bs40-f1.000-r00:010991.207: (74 sec)
exp006-n2048-k12-d230-bs40-f1.000-r00:010991.207: Loop 68/100
exp006-n2048-k12-d230-bs40-f1.000-r00:011091.148: log(exp-norms): [2047.94, 2050.08, 2052.83]
exp006-n2048-k12-d230-bs40-f1.000-r00:011091.148: log(norms):     [2047.94, 2050.87, 2055.2, 2055.21, 2055.37, 2055.32, 2055.29, 2055.46, 2055.34, 2055.26]
exp006-n2048-k12-d230-bs40-f1.000-r00:011091.172: (100 sec)
exp006-n2048-k12-d230-bs40-f1.000-r00:011091.172: Loop 69/100
exp006-n2048-k12-d230-bs40-f1.000-r00:011219.337: log(exp-norms): [2047.94, 2050.08, 2052.83]
exp006-n2048-k12-d230-bs40-f1.000-r00:011219.337: log(norms):     [2047.94, 2050.87, 2055.2, 2055.21, 2055.37, 2055.32, 2055.29, 2055.46, 2055.43, 2055.31]
exp006-n2048-k12-d230-bs40-f1.000-r00:011219.361: (129 sec)
exp006-n2048-k12-d230-bs40-f1.000-r00:011219.361: Loop 70/100
exp006-n2048-k12-d230-bs40-f1.000-r00:011295.945: log(exp-norms): [2047.94, 2050.08, 2052.83]
exp006-n2048-k12-d230-bs40-f1.000-r00:011295.945: log(norms):     [2047.94, 2050.87, 2055.08, 2055.2, 2055.21, 2055.31, 2055.42, 2055.35, 2055.32, 2055.37]
exp006-n2048-k12-d230-bs40-f1.000-r00:011295.970: (77 sec)
exp006-n2048-k12-d230-bs40-f1.000-r00:011295.970: Loop 71/100
exp006-n2048-k12-d230-bs40-f1.000-r00:011376.143: log(exp-norms): [2047.94, 2050.08, 2052.83]
exp006-n2048-k12-d230-bs40-f1.000-r00:011376.143: log(norms):     [2047.94, 2050.87, 2055.08, 2055.2, 2055.21, 2055.31, 2055.39, 2055.29, 2055.37, 2055.4]
exp006-n2048-k12-d230-bs40-f1.000-r00:011376.166: (81 sec)
exp006-n2048-k12-d230-bs40-f1.000-r00:011376.167: Loop 72/100
exp006-n2048-k12-d230-bs40-f1.000-r00:011463.121: log(exp-norms): [2047.94, 2050.08, 2052.83]
exp006-n2048-k12-d230-bs40-f1.000-r00:011463.121: log(norms):     [2047.94, 2050.87, 2055.08, 2055.2, 2055.21, 2055.31, 2055.39, 2055.29, 2055.37, 2055.41]
exp006-n2048-k12-d230-bs40-f1.000-r00:011463.146: (87 sec)
exp006-n2048-k12-d230-bs40-f1.000-r00:011463.146: Loop 73/100
exp006-n2048-k12-d230-bs40-f1.000-r00:011585.734: log(exp-norms): [2047.94, 2050.08, 2052.83]
exp006-n2048-k12-d230-bs40-f1.000-r00:011585.734: log(norms):     [2047.94, 2050.87, 2055.08, 2055.2, 2055.21, 2055.31, 2055.39, 2055.41, 2055.39, 2055.29]
exp006-n2048-k12-d230-bs40-f1.000-r00:011585.773: (123 sec)
exp006-n2048-k12-d230-bs40-f1.000-r00:011585.773: Loop 74/100
exp006-n2048-k12-d230-bs40-f1.000-r00:011712.148: log(exp-norms): [2047.94, 2050.08, 2052.83]
exp006-n2048-k12-d230-bs40-f1.000-r00:011712.148: log(norms):     [2047.94, 2050.87, 2055.08, 2055.2, 2055.21, 2055.31, 2055.39, 2055.41, 2055.39, 2055.29]
exp006-n2048-k12-d230-bs40-f1.000-r00:011712.187: (127 sec)
exp006-n2048-k12-d230-bs40-f1.000-r00:011712.187: Loop 75/100
exp006-n2048-k12-d230-bs40-f1.000-r00:011850.309: log(exp-norms): [2047.94, 2050.08, 2052.83]
exp006-n2048-k12-d230-bs40-f1.000-r00:011850.310: log(norms):     [2047.94, 2050.87, 2055.08, 2055.2, 2055.21, 2055.31, 2055.39, 2055.41, 2055.39, 2055.29]
exp006-n2048-k12-d230-bs40-f1.000-r00:011850.347: (139 sec)
exp006-n2048-k12-d230-bs40-f1.000-r00:011850.348: Loop 76/100
exp006-n2048-k12-d230-bs40-f1.000-r00:011983.668: log(exp-norms): [2047.94, 2050.08, 2052.83]
exp006-n2048-k12-d230-bs40-f1.000-r00:011983.668: log(norms):     [2047.94, 2050.87, 2055.08, 2055.23, 2055.38, 2055.21, 2055.31, 2055.39, 2055.3, 2055.24]
exp006-n2048-k12-d230-bs40-f1.000-r00:011983.706: (134 sec)
exp006-n2048-k12-d230-bs40-f1.000-r00:011983.706: Loop 77/100
exp006-n2048-k12-d230-bs40-f1.000-r00:012116.625: log(exp-norms): [2047.94, 2050.08, 2052.83]
exp006-n2048-k12-d230-bs40-f1.000-r00:012116.625: log(norms):     [2047.94, 2050.87, 2055.08, 2055.23, 2055.38, 2055.21, 2055.31, 2055.26, 2055.39, 2055.55]
exp006-n2048-k12-d230-bs40-f1.000-r00:012116.663: (133 sec)
exp006-n2048-k12-d230-bs40-f1.000-r00:012116.664: Loop 78/100
exp006-n2048-k12-d230-bs40-f1.000-r00:012208.687: log(exp-norms): [2047.94, 2050.08, 2052.83]
exp006-n2048-k12-d230-bs40-f1.000-r00:012208.687: log(norms):     [2047.94, 2050.87, 2055.08, 2055.23, 2055.38, 2055.32, 2055.21, 2055.31, 2055.26, 2055.35]
exp006-n2048-k12-d230-bs40-f1.000-r00:012208.711: (93 sec)
exp006-n2048-k12-d230-bs40-f1.000-r00:012208.712: Loop 79/100
exp006-n2048-k12-d230-bs40-f1.000-r00:012285.604: log(exp-norms): [2047.94, 2050.08, 2052.83]
exp006-n2048-k12-d230-bs40-f1.000-r00:012285.604: log(norms):     [2047.94, 2050.87, 2055.08, 2055.23, 2055.38, 2055.32, 2055.21, 2055.37, 2055.31, 2055.26]
exp006-n2048-k12-d230-bs40-f1.000-r00:012285.628: (77 sec)
exp006-n2048-k12-d230-bs40-f1.000-r00:012285.628: Loop 80/100
exp006-n2048-k12-d230-bs40-f1.000-r00:012366.711: log(exp-norms): [2047.94, 2050.08, 2052.83]
exp006-n2048-k12-d230-bs40-f1.000-r00:012366.712: log(norms):     [2047.94, 2050.87, 2055.08, 2055.23, 2055.38, 2055.32, 2055.21, 2055.37, 2055.31, 2055.26]
exp006-n2048-k12-d230-bs40-f1.000-r00:012366.735: (82 sec)
exp006-n2048-k12-d230-bs40-f1.000-r00:012366.735: Loop 81/100
exp006-n2048-k12-d230-bs40-f1.000-r00:012446.718: log(exp-norms): [2047.94, 2050.08, 2052.83]
exp006-n2048-k12-d230-bs40-f1.000-r00:012446.719: log(norms):     [2047.94, 2050.87, 2055.08, 2055.23, 2055.38, 2055.32, 2055.21, 2055.37, 2055.31, 2055.26]
exp006-n2048-k12-d230-bs40-f1.000-r00:012446.742: (81 sec)
exp006-n2048-k12-d230-bs40-f1.000-r00:012446.742: Loop 82/100
exp006-n2048-k12-d230-bs40-f1.000-r00:012520.625: log(exp-norms): [2047.94, 2050.08, 2052.83]
exp006-n2048-k12-d230-bs40-f1.000-r00:012520.625: log(norms):     [2047.94, 2050.87, 2055.08, 2055.23, 2055.38, 2055.32, 2055.4, 2055.21, 2055.37, 2055.55]
exp006-n2048-k12-d230-bs40-f1.000-r00:012520.650: (74 sec)
exp006-n2048-k12-d230-bs40-f1.000-r00:012520.650: Loop 83/100
exp006-n2048-k12-d230-bs40-f1.000-r00:012596.409: log(exp-norms): [2047.94, 2050.08, 2052.83]
exp006-n2048-k12-d230-bs40-f1.000-r00:012596.409: log(norms):     [2047.94, 2050.87, 2055.08, 2055.23, 2055.38, 2055.32, 2055.4, 2055.55, 2055.21, 2055.39]
exp006-n2048-k12-d230-bs40-f1.000-r00:012596.432: (76 sec)
exp006-n2048-k12-d230-bs40-f1.000-r00:012596.433: Loop 84/100
exp006-n2048-k12-d230-bs40-f1.000-r00:012691.232: log(exp-norms): [2047.94, 2050.08, 2052.83]
exp006-n2048-k12-d230-bs40-f1.000-r00:012691.232: log(norms):     [2047.94, 2050.87, 2055.08, 2055.23, 2055.38, 2055.32, 2055.4, 2055.55, 2055.21, 2055.39]
exp006-n2048-k12-d230-bs40-f1.000-r00:012691.256: (95 sec)
exp006-n2048-k12-d230-bs40-f1.000-r00:012691.256: Loop 85/100
exp006-n2048-k12-d230-bs40-f1.000-r00:012766.064: log(exp-norms): [2047.94, 2050.08, 2052.83]
exp006-n2048-k12-d230-bs40-f1.000-r00:012766.064: log(norms):     [2047.94, 2050.87, 2055.08, 2055.23, 2055.38, 2055.32, 2055.4, 2055.55, 2055.41, 2055.37]
exp006-n2048-k12-d230-bs40-f1.000-r00:012766.089: (75 sec)
exp006-n2048-k12-d230-bs40-f1.000-r00:012766.089: Loop 86/100
exp006-n2048-k12-d230-bs40-f1.000-r00:012843.383: log(exp-norms): [2047.94, 2050.08, 2052.83]
exp006-n2048-k12-d230-bs40-f1.000-r00:012843.383: log(norms):     [2047.94, 2050.87, 2055.08, 2055.23, 2055.38, 2055.32, 2055.4, 2055.55, 2055.41, 2055.37]
exp006-n2048-k12-d230-bs40-f1.000-r00:012843.407: (78 sec)
exp006-n2048-k12-d230-bs40-f1.000-r00:012843.407: Loop 87/100
exp006-n2048-k12-d230-bs40-f1.000-r00:012922.366: log(exp-norms): [2047.94, 2050.08, 2052.83]
exp006-n2048-k12-d230-bs40-f1.000-r00:012922.366: log(norms):     [2047.94, 2050.87, 2055.08, 2055.23, 2055.38, 2055.32, 2055.4, 2055.55, 2055.41, 2055.37]
exp006-n2048-k12-d230-bs40-f1.000-r00:012922.390: (79 sec)
exp006-n2048-k12-d230-bs40-f1.000-r00:012922.390: Loop 88/100
exp006-n2048-k12-d230-bs40-f1.000-r00:013000.211: log(exp-norms): [2047.94, 2050.08, 2052.83]
exp006-n2048-k12-d230-bs40-f1.000-r00:013000.211: log(norms):     [2047.94, 2050.87, 2055.08, 2055.21, 2055.23, 2055.32, 2055.21, 2055.37, 2055.38, 2055.26]
exp006-n2048-k12-d230-bs40-f1.000-r00:013000.235: (78 sec)
exp006-n2048-k12-d230-bs40-f1.000-r00:013000.235: Loop 89/100
exp006-n2048-k12-d230-bs40-f1.000-r00:013076.620: log(exp-norms): [2047.94, 2050.08, 2052.83]
exp006-n2048-k12-d230-bs40-f1.000-r00:013076.620: log(norms):     [2047.94, 2050.87, 2055.08, 2055.21, 2055.23, 2055.32, 2055.21, 2055.37, 2055.38, 2055.26]
exp006-n2048-k12-d230-bs40-f1.000-r00:013076.644: (77 sec)
exp006-n2048-k12-d230-bs40-f1.000-r00:013076.644: Loop 90/100
exp006-n2048-k12-d230-bs40-f1.000-r00:013153.812: log(exp-norms): [2047.94, 2050.08, 2052.83]
exp006-n2048-k12-d230-bs40-f1.000-r00:013153.812: log(norms):     [2047.94, 2050.87, 2055.08, 2055.21, 2055.23, 2055.32, 2055.21, 2055.37, 2055.38, 2055.26]
exp006-n2048-k12-d230-bs40-f1.000-r00:013153.835: (78 sec)
exp006-n2048-k12-d230-bs40-f1.000-r00:013153.835: Loop 91/100
exp006-n2048-k12-d230-bs40-f1.000-r00:013230.842: log(exp-norms): [2047.94, 2050.08, 2052.83]
exp006-n2048-k12-d230-bs40-f1.000-r00:013230.842: log(norms):     [2047.94, 2050.87, 2055.08, 2055.21, 2055.23, 2055.32, 2055.21, 2055.37, 2055.38, 2055.26]
exp006-n2048-k12-d230-bs40-f1.000-r00:013230.865: (78 sec)
exp006-n2048-k12-d230-bs40-f1.000-r00:013230.866: Loop 92/100
exp006-n2048-k12-d230-bs40-f1.000-r00:013304.518: log(exp-norms): [2047.94, 2050.08, 2052.83]
exp006-n2048-k12-d230-bs40-f1.000-r00:013304.519: log(norms):     [2047.94, 2050.87, 2055.08, 2055.21, 2055.23, 2055.32, 2055.21, 2055.37, 2055.38, 2055.26]
exp006-n2048-k12-d230-bs40-f1.000-r00:013304.542: (74 sec)
exp006-n2048-k12-d230-bs40-f1.000-r00:013304.542: Loop 93/100
exp006-n2048-k12-d230-bs40-f1.000-r00:013385.366: log(exp-norms): [2047.94, 2050.08, 2052.83]
exp006-n2048-k12-d230-bs40-f1.000-r00:013385.366: log(norms):     [2047.94, 2050.87, 2055.08, 2055.21, 2055.23, 2055.32, 2055.21, 2055.37, 2055.38, 2055.26]
exp006-n2048-k12-d230-bs40-f1.000-r00:013385.390: (81 sec)
exp006-n2048-k12-d230-bs40-f1.000-r00:013385.390: Loop 94/100
exp006-n2048-k12-d230-bs40-f1.000-r00:013466.048: log(exp-norms): [2047.94, 2050.08, 2052.83]
exp006-n2048-k12-d230-bs40-f1.000-r00:013466.049: log(norms):     [2047.94, 2050.87, 2055.08, 2055.21, 2055.23, 2055.32, 2055.21, 2055.37, 2055.38, 2055.26]
exp006-n2048-k12-d230-bs40-f1.000-r00:013466.073: (81 sec)
exp006-n2048-k12-d230-bs40-f1.000-r00:013466.073: Loop 95/100
exp006-n2048-k12-d230-bs40-f1.000-r00:013540.691: log(exp-norms): [2047.94, 2050.08, 2052.83]
exp006-n2048-k12-d230-bs40-f1.000-r00:013540.692: log(norms):     [2047.94, 2050.87, 2055.08, 2055.21, 2055.23, 2055.25, 2055.21, 2055.44, 2055.32, 2055.27]
exp006-n2048-k12-d230-bs40-f1.000-r00:013540.715: (75 sec)
exp006-n2048-k12-d230-bs40-f1.000-r00:013540.715: Loop 96/100
exp006-n2048-k12-d230-bs40-f1.000-r00:013617.285: log(exp-norms): [2047.94, 2050.08, 2052.83]
exp006-n2048-k12-d230-bs40-f1.000-r00:013617.286: log(norms):     [2047.94, 2050.87, 2055.08, 2055.21, 2055.23, 2055.25, 2055.21, 2055.44, 2055.32, 2055.27]
exp006-n2048-k12-d230-bs40-f1.000-r00:013617.309: (77 sec)
exp006-n2048-k12-d230-bs40-f1.000-r00:013617.309: Loop 97/100
exp006-n2048-k12-d230-bs40-f1.000-r00:013694.655: log(exp-norms): [2047.94, 2050.08, 2052.83]
exp006-n2048-k12-d230-bs40-f1.000-r00:013694.655: log(norms):     [2047.94, 2050.87, 2055.08, 2055.21, 2055.23, 2055.25, 2055.34, 2055.35, 2055.4, 2055.32]
exp006-n2048-k12-d230-bs40-f1.000-r00:013694.680: (78 sec)
exp006-n2048-k12-d230-bs40-f1.000-r00:013694.680: Loop 98/100
exp006-n2048-k12-d230-bs40-f1.000-r00:013774.588: log(exp-norms): [2047.94, 2050.08, 2052.83]
exp006-n2048-k12-d230-bs40-f1.000-r00:013774.588: log(norms):     [2047.94, 2050.87, 2055.08, 2055.21, 2055.23, 2055.25, 2055.25, 2055.34, 2055.35, 2055.25]
exp006-n2048-k12-d230-bs40-f1.000-r00:013774.611: (80 sec)
exp006-n2048-k12-d230-bs40-f1.000-r00:013774.612: Loop 99/100
exp006-n2048-k12-d230-bs40-f1.000-r00:013855.089: log(exp-norms): [2047.94, 2050.08, 2052.83]
exp006-n2048-k12-d230-bs40-f1.000-r00:013855.089: log(norms):     [2047.94, 2050.87, 2055.08, 2055.21, 2055.3, 2055.24, 2055.23, 2055.38, 2055.41, 2055.3]
exp006-n2048-k12-d230-bs40-f1.000-r00:013855.113: (81 sec)
exp006-n2048-k12-d230-bs40-f1.000-r00:013855.113: Loop 100/100
exp006-n2048-k12-d230-bs40-f1.000-r00:013935.793: log(exp-norms): [2047.94, 2050.08, 2052.83]
exp006-n2048-k12-d230-bs40-f1.000-r00:013935.793: log(norms):     [2047.94, 2050.87, 2055.08, 2055.21, 2055.3, 2055.24, 2055.23, 2055.38, 2055.41, 2055.3]
exp006-n2048-k12-d230-bs40-f1.000-r00:013935.816: (81 sec)
exp006-n2048-k12-d230-bs40-f1.000-r00:013935.817: ==========================Summary===========================
exp006-n2048-k12-d230-bs40-f1.000-r00:013935.817: Total time: 13936sec
exp006-n2048-k12-d230-bs40-f1.000-r00:013935.817: FAIL
exp006-n2048-k12-d230-bs40-f1.000-r00:013935.817: SUMMARY:n:2048:k:12:d:230:bs:40:t:13936:r:False
