exp004-n2048-k12-d210-bs40-f1.000-r00:000000.248: ==========================Instance==========================
exp004-n2048-k12-d210-bs40-f1.000-r00:000000.248: # of equations: 210
exp004-n2048-k12-d210-bs40-f1.000-r00:000000.252: Gap: 3.75
exp004-n2048-k12-d210-bs40-f1.000-r00:000000.259: Tau: 4.00
exp004-n2048-k12-d210-bs40-f1.000-r00:000000.260: ======================BKZ-40 reduction======================
exp004-n2048-k12-d210-bs40-f1.000-r00:000006.526: Expectedly achievable log(norm): 2053.92
exp004-n2048-k12-d210-bs40-f1.000-r00:000013.155: log(exp-norms): [2047.94, 2050.02, 2051.92]
exp004-n2048-k12-d210-bs40-f1.000-r00:000013.155: log(norms):     [2062.98, 2050.8, 2059.89, 2059.89, 2059.89, 2059.89, 2059.89, 2059.89, 2059.89, 2059.89]
exp004-n2048-k12-d210-bs40-f1.000-r00:000013.255: Loop 1/100
exp004-n2048-k12-d210-bs40-f1.000-r00:001638.856: log(exp-norms): [2047.94, 2050.02, 2051.92]
exp004-n2048-k12-d210-bs40-f1.000-r00:001638.857: log(norms):     [2050.8, 2056.27, 2056.28, 2056.34, 2056.37, 2056.36, 2056.43, 2056.41, 2056.25, 2056.5]
exp004-n2048-k12-d210-bs40-f1.000-r00:001638.880: (1626 sec)
exp004-n2048-k12-d210-bs40-f1.000-r00:001638.880: Loop 2/100
exp004-n2048-k12-d210-bs40-f1.000-r00:001809.792: log(exp-norms): [2047.94, 2050.02, 2051.92]
exp004-n2048-k12-d210-bs40-f1.000-r00:001809.793: log(norms):     [2050.8, 2055.91, 2055.94, 2056.1, 2055.94, 2055.87, 2056.05, 2055.87, 2056.07, 2056.04]
exp004-n2048-k12-d210-bs40-f1.000-r00:001809.816: (171 sec)
exp004-n2048-k12-d210-bs40-f1.000-r00:001809.816: Loop 3/100
exp004-n2048-k12-d210-bs40-f1.000-r00:001951.799: log(exp-norms): [2047.94, 2050.02, 2051.92]
exp004-n2048-k12-d210-bs40-f1.000-r00:001951.799: log(norms):     [2050.8, 2055.65, 2055.66, 2055.68, 2055.65, 2055.63, 2055.54, 2055.71, 2055.76, 2055.74]
exp004-n2048-k12-d210-bs40-f1.000-r00:001951.835: (143 sec)
exp004-n2048-k12-d210-bs40-f1.000-r00:001951.835: Loop 4/100
exp004-n2048-k12-d210-bs40-f1.000-r00:002107.305: log(exp-norms): [2047.94, 2050.02, 2051.92]
exp004-n2048-k12-d210-bs40-f1.000-r00:002107.306: log(norms):     [2050.8, 2055.35, 2055.43, 2055.58, 2055.43, 2055.4, 2055.46, 2055.48, 2055.6, 2055.78]
exp004-n2048-k12-d210-bs40-f1.000-r00:002107.329: (156 sec)
exp004-n2048-k12-d210-bs40-f1.000-r00:002107.329: Loop 5/100
exp004-n2048-k12-d210-bs40-f1.000-r00:002258.359: log(exp-norms): [2047.94, 2050.02, 2051.92]
exp004-n2048-k12-d210-bs40-f1.000-r00:002258.360: log(norms):     [2050.8, 2055.23, 2055.35, 2055.34, 2055.29, 2055.4, 2055.4, 2055.51, 2055.39, 2055.49]
exp004-n2048-k12-d210-bs40-f1.000-r00:002258.397: (152 sec)
exp004-n2048-k12-d210-bs40-f1.000-r00:002258.397: Loop 6/100
exp004-n2048-k12-d210-bs40-f1.000-r00:002367.162: log(exp-norms): [2047.94, 2050.02, 2051.92]
exp004-n2048-k12-d210-bs40-f1.000-r00:002367.162: log(norms):     [2050.8, 2055.07, 2055.1, 2055.11, 2055.04, 2055.29, 2055.14, 2055.3, 2055.11, 2055.33]
exp004-n2048-k12-d210-bs40-f1.000-r00:002367.184: (109 sec)
exp004-n2048-k12-d210-bs40-f1.000-r00:002367.185: Loop 7/100
exp004-n2048-k12-d210-bs40-f1.000-r00:002456.692: log(exp-norms): [2047.94, 2050.02, 2051.92]
exp004-n2048-k12-d210-bs40-f1.000-r00:002456.693: log(norms):     [2050.8, 2054.74, 2054.93, 2055.02, 2055.1, 2055.06, 2055.13, 2055.01, 2054.91, 2055.09]
exp004-n2048-k12-d210-bs40-f1.000-r00:002456.728: (90 sec)
exp004-n2048-k12-d210-bs40-f1.000-r00:002456.728: Loop 8/100
exp004-n2048-k12-d210-bs40-f1.000-r00:002572.554: log(exp-norms): [2047.94, 2050.02, 2051.92]
exp004-n2048-k12-d210-bs40-f1.000-r00:002572.554: log(norms):     [2047.94, 2050.8, 2054.72, 2054.74, 2054.72, 2054.84, 2054.91, 2054.86, 2054.94, 2055.02]
exp004-n2048-k12-d210-bs40-f1.000-r00:002572.576: (116 sec)
exp004-n2048-k12-d210-bs40-f1.000-r00:002572.577: Loop 9/100
exp004-n2048-k12-d210-bs40-f1.000-r00:002651.985: log(exp-norms): [2047.94, 2050.02, 2051.92]
exp004-n2048-k12-d210-bs40-f1.000-r00:002651.986: log(norms):     [2047.94, 2050.8, 2054.67, 2054.68, 2054.76, 2054.82, 2054.88, 2054.65, 2054.64, 2054.6]
exp004-n2048-k12-d210-bs40-f1.000-r00:002652.022: (80 sec)
exp004-n2048-k12-d210-bs40-f1.000-r00:002652.023: Loop 10/100
exp004-n2048-k12-d210-bs40-f1.000-r00:002753.909: log(exp-norms): [2047.94, 2050.02, 2051.92]
exp004-n2048-k12-d210-bs40-f1.000-r00:002753.909: log(norms):     [2047.94, 2050.8, 2054.6, 2054.64, 2054.66, 2054.67, 2054.77, 2054.81, 2054.79, 2054.86]
exp004-n2048-k12-d210-bs40-f1.000-r00:002753.931: (102 sec)
exp004-n2048-k12-d210-bs40-f1.000-r00:002753.931: Loop 11/100
exp004-n2048-k12-d210-bs40-f1.000-r00:002831.451: log(exp-norms): [2047.94, 2050.02, 2051.92]
exp004-n2048-k12-d210-bs40-f1.000-r00:002831.451: log(norms):     [2047.94, 2050.8, 2054.49, 2054.53, 2054.56, 2054.63, 2054.68, 2054.55, 2054.49, 2054.7]
exp004-n2048-k12-d210-bs40-f1.000-r00:002831.474: (78 sec)
exp004-n2048-k12-d210-bs40-f1.000-r00:002831.475: Loop 12/100
exp004-n2048-k12-d210-bs40-f1.000-r00:002954.909: log(exp-norms): [2047.94, 2050.02, 2051.92]
exp004-n2048-k12-d210-bs40-f1.000-r00:002954.909: log(norms):     [2047.94, 2050.8, 2054.49, 2054.5, 2054.54, 2054.79, 2054.63, 2054.57, 2054.6, 2054.57]
exp004-n2048-k12-d210-bs40-f1.000-r00:002954.932: (124 sec)
exp004-n2048-k12-d210-bs40-f1.000-r00:002954.932: Loop 13/100
exp004-n2048-k12-d210-bs40-f1.000-r00:003035.493: log(exp-norms): [2047.94, 2050.02, 2051.92]
exp004-n2048-k12-d210-bs40-f1.000-r00:003035.493: log(norms):     [2047.94, 2050.8, 2054.42, 2054.44, 2054.57, 2054.42, 2054.58, 2054.66, 2054.46, 2054.41]
exp004-n2048-k12-d210-bs40-f1.000-r00:003035.516: (81 sec)
exp004-n2048-k12-d210-bs40-f1.000-r00:003035.517: Loop 14/100
exp004-n2048-k12-d210-bs40-f1.000-r00:003106.477: log(exp-norms): [2047.94, 2050.02, 2051.92]
exp004-n2048-k12-d210-bs40-f1.000-r00:003106.477: log(norms):     [2047.94, 2050.8, 2054.33, 2054.41, 2054.4, 2054.42, 2054.43, 2054.29, 2054.41, 2054.42]
exp004-n2048-k12-d210-bs40-f1.000-r00:003106.500: (71 sec)
exp004-n2048-k12-d210-bs40-f1.000-r00:003106.501: Loop 15/100
exp004-n2048-k12-d210-bs40-f1.000-r00:003177.138: log(exp-norms): [2047.94, 2050.02, 2051.92]
exp004-n2048-k12-d210-bs40-f1.000-r00:003177.138: log(norms):     [2047.94, 2050.8, 2054.22, 2054.38, 2054.3, 2054.29, 2054.39, 2054.38, 2054.49, 2054.52]
exp004-n2048-k12-d210-bs40-f1.000-r00:003177.160: (71 sec)
exp004-n2048-k12-d210-bs40-f1.000-r00:003177.161: Loop 16/100
exp004-n2048-k12-d210-bs40-f1.000-r00:003272.492: log(exp-norms): [2047.94, 2050.02, 2051.92]
exp004-n2048-k12-d210-bs40-f1.000-r00:003272.492: log(norms):     [2047.94, 2050.8, 2054.22, 2054.38, 2054.3, 2054.43, 2054.32, 2054.4, 2054.49, 2054.52]
exp004-n2048-k12-d210-bs40-f1.000-r00:003272.529: (96 sec)
exp004-n2048-k12-d210-bs40-f1.000-r00:003272.529: Loop 17/100
exp004-n2048-k12-d210-bs40-f1.000-r00:003336.449: log(exp-norms): [2047.94, 2050.02, 2051.92]
exp004-n2048-k12-d210-bs40-f1.000-r00:003336.449: log(norms):     [2047.94, 2050.8, 2054.22, 2054.21, 2054.22, 2054.34, 2054.39, 2054.46, 2054.38, 2054.49]
exp004-n2048-k12-d210-bs40-f1.000-r00:003336.471: (64 sec)
exp004-n2048-k12-d210-bs40-f1.000-r00:003336.471: Loop 18/100
exp004-n2048-k12-d210-bs40-f1.000-r00:003401.561: log(exp-norms): [2047.94, 2050.02, 2051.92]
exp004-n2048-k12-d210-bs40-f1.000-r00:003401.562: log(norms):     [2047.94, 2050.8, 2054.17, 2054.23, 2054.32, 2054.23, 2054.31, 2054.3, 2054.33, 2054.35]
exp004-n2048-k12-d210-bs40-f1.000-r00:003401.585: (66 sec)
exp004-n2048-k12-d210-bs40-f1.000-r00:003401.585: Loop 19/100
exp004-n2048-k12-d210-bs40-f1.000-r00:003466.197: log(exp-norms): [2047.94, 2050.02, 2051.92]
exp004-n2048-k12-d210-bs40-f1.000-r00:003466.198: log(norms):     [2047.94, 2050.8, 2054.17, 2054.21, 2054.23, 2054.39, 2054.31, 2054.37, 2054.3, 2054.4]
exp004-n2048-k12-d210-bs40-f1.000-r00:003466.221: (65 sec)
exp004-n2048-k12-d210-bs40-f1.000-r00:003466.221: Loop 20/100
exp004-n2048-k12-d210-bs40-f1.000-r00:003527.630: log(exp-norms): [2047.94, 2050.02, 2051.92]
exp004-n2048-k12-d210-bs40-f1.000-r00:003527.631: log(norms):     [2047.94, 2050.8, 2054.17, 2054.29, 2054.21, 2054.16, 2054.38, 2054.38, 2054.43, 2054.32]
exp004-n2048-k12-d210-bs40-f1.000-r00:003527.653: (62 sec)
exp004-n2048-k12-d210-bs40-f1.000-r00:003527.653: Loop 21/100
exp004-n2048-k12-d210-bs40-f1.000-r00:003635.618: log(exp-norms): [2047.94, 2050.02, 2051.92]
exp004-n2048-k12-d210-bs40-f1.000-r00:003635.619: log(norms):     [2047.94, 2050.8, 2054.16, 2054.17, 2054.29, 2054.21, 2054.38, 2054.32, 2054.47, 2054.4]
exp004-n2048-k12-d210-bs40-f1.000-r00:003635.655: (109 sec)
exp004-n2048-k12-d210-bs40-f1.000-r00:003635.655: Loop 22/100
exp004-n2048-k12-d210-bs40-f1.000-r00:003710.827: log(exp-norms): [2047.94, 2050.02, 2051.92]
exp004-n2048-k12-d210-bs40-f1.000-r00:003710.827: log(norms):     [2047.94, 2050.8, 2054.15, 2054.16, 2054.23, 2054.29, 2054.24, 2054.27, 2054.48, 2054.45]
exp004-n2048-k12-d210-bs40-f1.000-r00:003710.850: (76 sec)
exp004-n2048-k12-d210-bs40-f1.000-r00:003710.850: Loop 23/100
exp004-n2048-k12-d210-bs40-f1.000-r00:003775.420: log(exp-norms): [2047.94, 2050.02, 2051.92]
exp004-n2048-k12-d210-bs40-f1.000-r00:003775.421: log(norms):     [2047.94, 2050.8, 2054.15, 2054.16, 2054.27, 2054.17, 2054.27, 2054.26, 2054.3, 2054.29]
exp004-n2048-k12-d210-bs40-f1.000-r00:003775.444: (65 sec)
exp004-n2048-k12-d210-bs40-f1.000-r00:003775.444: Loop 24/100
exp004-n2048-k12-d210-bs40-f1.000-r00:003850.215: log(exp-norms): [2047.94, 2050.02, 2051.92]
exp004-n2048-k12-d210-bs40-f1.000-r00:003850.216: log(norms):     [2047.94, 2050.8, 2054.15, 2054.16, 2054.27, 2054.17, 2054.26, 2054.22, 2054.27, 2054.44]
exp004-n2048-k12-d210-bs40-f1.000-r00:003850.252: (75 sec)
exp004-n2048-k12-d210-bs40-f1.000-r00:003850.252: Loop 25/100
exp004-n2048-k12-d210-bs40-f1.000-r00:003959.425: log(exp-norms): [2047.94, 2050.02, 2051.92]
exp004-n2048-k12-d210-bs40-f1.000-r00:003959.425: log(norms):     [2047.94, 2050.8, 2054.15, 2054.16, 2054.27, 2054.17, 2054.27, 2054.26, 2054.13, 2054.32]
exp004-n2048-k12-d210-bs40-f1.000-r00:003959.461: (110 sec)
exp004-n2048-k12-d210-bs40-f1.000-r00:003959.461: Loop 26/100
exp004-n2048-k12-d210-bs40-f1.000-r00:004044.962: log(exp-norms): [2047.94, 2050.02, 2051.92]
exp004-n2048-k12-d210-bs40-f1.000-r00:004044.962: log(norms):     [2047.94, 2050.8, 2054.13, 2054.15, 2054.13, 2054.15, 2054.31, 2054.23, 2054.26, 2054.17]
exp004-n2048-k12-d210-bs40-f1.000-r00:004044.984: (86 sec)
exp004-n2048-k12-d210-bs40-f1.000-r00:004044.984: Loop 27/100
exp004-n2048-k12-d210-bs40-f1.000-r00:004107.413: log(exp-norms): [2047.94, 2050.02, 2051.92]
exp004-n2048-k12-d210-bs40-f1.000-r00:004107.414: log(norms):     [2047.94, 2050.8, 2054.13, 2054.15, 2054.13, 2054.15, 2054.31, 2054.25, 2054.32, 2054.39]
exp004-n2048-k12-d210-bs40-f1.000-r00:004107.436: (63 sec)
exp004-n2048-k12-d210-bs40-f1.000-r00:004107.436: Loop 28/100
exp004-n2048-k12-d210-bs40-f1.000-r00:004168.107: log(exp-norms): [2047.94, 2050.02, 2051.92]
exp004-n2048-k12-d210-bs40-f1.000-r00:004168.107: log(norms):     [2047.94, 2050.8, 2054.12, 2054.15, 2054.13, 2054.15, 2054.32, 2054.39, 2054.3, 2054.32]
exp004-n2048-k12-d210-bs40-f1.000-r00:004168.135: (61 sec)
exp004-n2048-k12-d210-bs40-f1.000-r00:004168.135: Loop 29/100
exp004-n2048-k12-d210-bs40-f1.000-r00:004251.197: log(exp-norms): [2047.94, 2050.02, 2051.92]
exp004-n2048-k12-d210-bs40-f1.000-r00:004251.197: log(norms):     [2047.94, 2050.8, 2054.11, 2054.16, 2054.16, 2054.23, 2054.15, 2054.13, 2054.3, 2054.12]
exp004-n2048-k12-d210-bs40-f1.000-r00:004251.233: (84 sec)
exp004-n2048-k12-d210-bs40-f1.000-r00:004251.233: Loop 30/100
exp004-n2048-k12-d210-bs40-f1.000-r00:004358.009: log(exp-norms): [2047.94, 2050.02, 2051.92]
exp004-n2048-k12-d210-bs40-f1.000-r00:004358.010: log(norms):     [2047.94, 2050.8, 2054.11, 2054.16, 2054.18, 2054.33, 2054.14, 2054.12, 2054.26, 2054.25]
exp004-n2048-k12-d210-bs40-f1.000-r00:004358.045: (107 sec)
exp004-n2048-k12-d210-bs40-f1.000-r00:004358.045: Loop 31/100
exp004-n2048-k12-d210-bs40-f1.000-r00:004456.934: log(exp-norms): [2047.94, 2050.02, 2051.92]
exp004-n2048-k12-d210-bs40-f1.000-r00:004456.934: log(norms):     [2047.94, 2050.8, 2054.11, 2054.16, 2054.18, 2054.33, 2054.1, 2054.28, 2054.12, 2054.42]
exp004-n2048-k12-d210-bs40-f1.000-r00:004456.956: (99 sec)
exp004-n2048-k12-d210-bs40-f1.000-r00:004456.957: Loop 32/100
exp004-n2048-k12-d210-bs40-f1.000-r00:004517.516: log(exp-norms): [2047.94, 2050.02, 2051.92]
exp004-n2048-k12-d210-bs40-f1.000-r00:004517.516: log(norms):     [2047.94, 2050.8, 2054.11, 2054.16, 2054.18, 2054.33, 2054.1, 2054.28, 2054.28, 2054.25]
exp004-n2048-k12-d210-bs40-f1.000-r00:004517.539: (61 sec)
exp004-n2048-k12-d210-bs40-f1.000-r00:004517.540: Loop 33/100
exp004-n2048-k12-d210-bs40-f1.000-r00:004580.163: log(exp-norms): [2047.94, 2050.02, 2051.92]
exp004-n2048-k12-d210-bs40-f1.000-r00:004580.163: log(norms):     [2047.94, 2050.8, 2054.09, 2054.1, 2054.16, 2054.18, 2054.23, 2054.14, 2054.4, 2054.28]
exp004-n2048-k12-d210-bs40-f1.000-r00:004580.185: (63 sec)
exp004-n2048-k12-d210-bs40-f1.000-r00:004580.185: Loop 34/100
exp004-n2048-k12-d210-bs40-f1.000-r00:004639.973: log(exp-norms): [2047.94, 2050.02, 2051.92]
exp004-n2048-k12-d210-bs40-f1.000-r00:004639.973: log(norms):     [2047.94, 2050.8, 2054.09, 2054.1, 2054.21, 2054.13, 2054.19, 2054.34, 2054.18, 2054.08]
exp004-n2048-k12-d210-bs40-f1.000-r00:004639.995: (60 sec)
exp004-n2048-k12-d210-bs40-f1.000-r00:004639.995: Loop 35/100
exp004-n2048-k12-d210-bs40-f1.000-r00:004697.290: log(exp-norms): [2047.94, 2050.02, 2051.92]
exp004-n2048-k12-d210-bs40-f1.000-r00:004697.290: log(norms):     [2047.94, 2050.8, 2054.08, 2054.18, 2054.09, 2054.24, 2054.25, 2054.1, 2054.19, 2054.31]
exp004-n2048-k12-d210-bs40-f1.000-r00:004697.312: (58 sec)
exp004-n2048-k12-d210-bs40-f1.000-r00:004697.312: Loop 36/100
exp004-n2048-k12-d210-bs40-f1.000-r00:004757.635: log(exp-norms): [2047.94, 2050.02, 2051.92]
exp004-n2048-k12-d210-bs40-f1.000-r00:004757.636: log(norms):     [2047.94, 2050.8, 2054.08, 2054.18, 2054.2, 2054.09, 2054.24, 2054.25, 2054.15, 2054.3]
exp004-n2048-k12-d210-bs40-f1.000-r00:004757.658: (61 sec)
exp004-n2048-k12-d210-bs40-f1.000-r00:004757.658: Loop 37/100
exp004-n2048-k12-d210-bs40-f1.000-r00:004840.233: log(exp-norms): [2047.94, 2050.02, 2051.92]
exp004-n2048-k12-d210-bs40-f1.000-r00:004840.233: log(norms):     [2047.94, 2050.8, 2054.08, 2054.18, 2054.2, 2054.09, 2054.24, 2054.23, 2054.2, 2054.3]
exp004-n2048-k12-d210-bs40-f1.000-r00:004840.269: (83 sec)
exp004-n2048-k12-d210-bs40-f1.000-r00:004840.270: Loop 38/100
exp004-n2048-k12-d210-bs40-f1.000-r00:004948.073: log(exp-norms): [2047.94, 2050.02, 2051.92]
exp004-n2048-k12-d210-bs40-f1.000-r00:004948.073: log(norms):     [2047.94, 2050.8, 2054.08, 2054.18, 2054.2, 2054.09, 2054.2, 2054.25, 2054.22, 2054.22]
exp004-n2048-k12-d210-bs40-f1.000-r00:004948.109: (108 sec)
exp004-n2048-k12-d210-bs40-f1.000-r00:004948.109: Loop 39/100
exp004-n2048-k12-d210-bs40-f1.000-r00:005053.790: log(exp-norms): [2047.94, 2050.02, 2051.92]
exp004-n2048-k12-d210-bs40-f1.000-r00:005053.790: log(norms):     [2047.94, 2050.8, 2054.06, 2054.08, 2054.25, 2054.09, 2054.2, 2054.22, 2054.18, 2054.2]
exp004-n2048-k12-d210-bs40-f1.000-r00:005053.825: (106 sec)
exp004-n2048-k12-d210-bs40-f1.000-r00:005053.826: Loop 40/100
exp004-n2048-k12-d210-bs40-f1.000-r00:005160.088: log(exp-norms): [2047.94, 2050.02, 2051.92]
exp004-n2048-k12-d210-bs40-f1.000-r00:005160.089: log(norms):     [2047.94, 2050.8, 2054.06, 2054.1, 2054.06, 2054.03, 2054.13, 2054.22, 2054.12, 2054.22]
exp004-n2048-k12-d210-bs40-f1.000-r00:005160.125: (107 sec)
exp004-n2048-k12-d210-bs40-f1.000-r00:005160.125: Loop 41/100
exp004-n2048-k12-d210-bs40-f1.000-r00:005261.236: log(exp-norms): [2047.94, 2050.02, 2051.92]
exp004-n2048-k12-d210-bs40-f1.000-r00:005261.237: log(norms):     [2047.94, 2050.8, 2054.03, 2054.06, 2054.23, 2054.05, 2054.11, 2054.26, 2054.16, 2054.18]
exp004-n2048-k12-d210-bs40-f1.000-r00:005261.273: (102 sec)
exp004-n2048-k12-d210-bs40-f1.000-r00:005261.273: Loop 42/100
exp004-n2048-k12-d210-bs40-f1.000-r00:005370.672: log(exp-norms): [2047.94, 2050.02, 2051.92]
exp004-n2048-k12-d210-bs40-f1.000-r00:005370.672: log(norms):     [2047.94, 2050.8, 2054.03, 2054.06, 2054.23, 2054.05, 2054.11, 2054.23, 2054.18, 2054.29]
exp004-n2048-k12-d210-bs40-f1.000-r00:005370.707: (110 sec)
exp004-n2048-k12-d210-bs40-f1.000-r00:005370.708: Loop 43/100
exp004-n2048-k12-d210-bs40-f1.000-r00:005475.686: log(exp-norms): [2047.94, 2050.02, 2051.92]
exp004-n2048-k12-d210-bs40-f1.000-r00:005475.686: log(norms):     [2047.94, 2050.8, 2053.98, 2054.03, 2054.06, 2054.18, 2054.15, 2054.18, 2054.12, 2054.31]
exp004-n2048-k12-d210-bs40-f1.000-r00:005475.722: (106 sec)
exp004-n2048-k12-d210-bs40-f1.000-r00:005475.723: Loop 44/100
exp004-n2048-k12-d210-bs40-f1.000-r00:005577.613: log(exp-norms): [2047.94, 2050.02, 2051.92]
exp004-n2048-k12-d210-bs40-f1.000-r00:005577.613: log(norms):     [2047.94, 2050.8, 2053.98, 2054.03, 2054.06, 2054.18, 2054.15, 2054.18, 2054.12, 2054.31]
exp004-n2048-k12-d210-bs40-f1.000-r00:005577.652: (102 sec)
exp004-n2048-k12-d210-bs40-f1.000-r00:005577.652: Loop 45/100
exp004-n2048-k12-d210-bs40-f1.000-r00:005658.303: log(exp-norms): [2047.94, 2050.02, 2051.92]
exp004-n2048-k12-d210-bs40-f1.000-r00:005658.303: log(norms):     [2047.94, 2050.8, 2053.98, 2053.97, 2054.03, 2054.06, 2054.18, 2054.15, 2054.18, 2054.19]
exp004-n2048-k12-d210-bs40-f1.000-r00:005658.325: (81 sec)
exp004-n2048-k12-d210-bs40-f1.000-r00:005658.325: Loop 46/100
exp004-n2048-k12-d210-bs40-f1.000-r00:005726.370: log(exp-norms): [2047.94, 2050.02, 2051.92]
exp004-n2048-k12-d210-bs40-f1.000-r00:005726.371: log(norms):     [2047.94, 2050.8, 2053.98, 2053.97, 2054.03, 2054.06, 2054.18, 2054.15, 2054.18, 2054.19]
exp004-n2048-k12-d210-bs40-f1.000-r00:005726.406: (69 sec)
exp004-n2048-k12-d210-bs40-f1.000-r00:005726.406: Loop 47/100
exp004-n2048-k12-d210-bs40-f1.000-r00:005824.763: log(exp-norms): [2047.94, 2050.02, 2051.92]
exp004-n2048-k12-d210-bs40-f1.000-r00:005824.763: log(norms):     [2047.94, 2050.8, 2053.95, 2053.97, 2053.98, 2054.06, 2054.03, 2054.18, 2054.15, 2054.18]
exp004-n2048-k12-d210-bs40-f1.000-r00:005824.799: (99 sec)
exp004-n2048-k12-d210-bs40-f1.000-r00:005824.799: Loop 48/100
exp004-n2048-k12-d210-bs40-f1.000-r00:005927.695: log(exp-norms): [2047.94, 2050.02, 2051.92]
exp004-n2048-k12-d210-bs40-f1.000-r00:005927.696: log(norms):     [2047.94, 2050.8, 2053.95, 2053.97, 2053.98, 2054.06, 2054.03, 2054.18, 2054.15, 2054.18]
exp004-n2048-k12-d210-bs40-f1.000-r00:005927.732: (103 sec)
exp004-n2048-k12-d210-bs40-f1.000-r00:005927.733: Loop 49/100
exp004-n2048-k12-d210-bs40-f1.000-r00:006017.254: log(exp-norms): [2047.94, 2050.02, 2051.92]
exp004-n2048-k12-d210-bs40-f1.000-r00:006017.255: log(norms):     [2047.94, 2050.8, 2053.95, 2053.97, 2053.98, 2054.08, 2054.24, 2054.18, 2054.06, 2054.32]
exp004-n2048-k12-d210-bs40-f1.000-r00:006017.277: (90 sec)
exp004-n2048-k12-d210-bs40-f1.000-r00:006017.277: Loop 50/100
exp004-n2048-k12-d210-bs40-f1.000-r00:006070.618: log(exp-norms): [2047.94, 2050.02, 2051.92]
exp004-n2048-k12-d210-bs40-f1.000-r00:006070.618: log(norms):     [2047.94, 2050.8, 2053.95, 2053.97, 2053.98, 2054.08, 2054.24, 2054.23, 2054.18, 2054.14]
exp004-n2048-k12-d210-bs40-f1.000-r00:006070.640: (54 sec)
exp004-n2048-k12-d210-bs40-f1.000-r00:006070.640: Loop 51/100
exp004-n2048-k12-d210-bs40-f1.000-r00:006132.800: log(exp-norms): [2047.94, 2050.02, 2051.92]
exp004-n2048-k12-d210-bs40-f1.000-r00:006132.801: log(norms):     [2047.94, 2050.8, 2053.95, 2053.97, 2053.98, 2054.08, 2054.24, 2054.23, 2054.18, 2054.14]
exp004-n2048-k12-d210-bs40-f1.000-r00:006132.822: (63 sec)
exp004-n2048-k12-d210-bs40-f1.000-r00:006132.823: Loop 52/100
exp004-n2048-k12-d210-bs40-f1.000-r00:006219.311: log(exp-norms): [2047.94, 2050.02, 2051.92]
exp004-n2048-k12-d210-bs40-f1.000-r00:006219.311: log(norms):     [2047.94, 2050.8, 2053.95, 2053.97, 2053.98, 2054.08, 2054.24, 2054.23, 2054.32, 2054.38]
exp004-n2048-k12-d210-bs40-f1.000-r00:006219.333: (87 sec)
exp004-n2048-k12-d210-bs40-f1.000-r00:006219.334: Loop 53/100
exp004-n2048-k12-d210-bs40-f1.000-r00:006287.599: log(exp-norms): [2047.94, 2050.02, 2051.92]
exp004-n2048-k12-d210-bs40-f1.000-r00:006287.600: log(norms):     [2047.94, 2050.8, 2053.95, 2053.97, 2053.98, 2054.08, 2054.24, 2054.23, 2054.07, 2054.32]
exp004-n2048-k12-d210-bs40-f1.000-r00:006287.622: (69 sec)
exp004-n2048-k12-d210-bs40-f1.000-r00:006287.622: Loop 54/100
exp004-n2048-k12-d210-bs40-f1.000-r00:006347.338: log(exp-norms): [2047.94, 2050.02, 2051.92]
exp004-n2048-k12-d210-bs40-f1.000-r00:006347.338: log(norms):     [2047.94, 2050.8, 2053.95, 2053.97, 2053.98, 2054.09, 2054.08, 2054.13, 2054.27, 2054.25]
exp004-n2048-k12-d210-bs40-f1.000-r00:006347.360: (60 sec)
exp004-n2048-k12-d210-bs40-f1.000-r00:006347.360: Loop 55/100
exp004-n2048-k12-d210-bs40-f1.000-r00:006408.000: log(exp-norms): [2047.94, 2050.02, 2051.92]
exp004-n2048-k12-d210-bs40-f1.000-r00:006408.001: log(norms):     [2047.94, 2050.8, 2053.95, 2053.97, 2053.98, 2054.09, 2054.08, 2054.25, 2054.13, 2054.19]
exp004-n2048-k12-d210-bs40-f1.000-r00:006408.023: (61 sec)
exp004-n2048-k12-d210-bs40-f1.000-r00:006408.024: Loop 56/100
exp004-n2048-k12-d210-bs40-f1.000-r00:006467.454: log(exp-norms): [2047.94, 2050.02, 2051.92]
exp004-n2048-k12-d210-bs40-f1.000-r00:006467.454: log(norms):     [2047.94, 2050.8, 2053.95, 2053.97, 2053.98, 2054.09, 2054.08, 2054.25, 2054.13, 2054.23]
exp004-n2048-k12-d210-bs40-f1.000-r00:006467.476: (60 sec)
exp004-n2048-k12-d210-bs40-f1.000-r00:006467.476: Loop 57/100
exp004-n2048-k12-d210-bs40-f1.000-r00:006524.546: log(exp-norms): [2047.94, 2050.02, 2051.92]
exp004-n2048-k12-d210-bs40-f1.000-r00:006524.546: log(norms):     [2047.94, 2050.8, 2053.95, 2053.97, 2053.98, 2054.09, 2054.08, 2054.25, 2054.13, 2054.23]
exp004-n2048-k12-d210-bs40-f1.000-r00:006524.569: (58 sec)
exp004-n2048-k12-d210-bs40-f1.000-r00:006524.569: Loop 58/100
exp004-n2048-k12-d210-bs40-f1.000-r00:006597.956: log(exp-norms): [2047.94, 2050.02, 2051.92]
exp004-n2048-k12-d210-bs40-f1.000-r00:006597.957: log(norms):     [2047.94, 2050.8, 2053.95, 2053.97, 2053.98, 2054.09, 2054.08, 2054.25, 2054.15, 2054.35]
exp004-n2048-k12-d210-bs40-f1.000-r00:006597.993: (74 sec)
exp004-n2048-k12-d210-bs40-f1.000-r00:006597.993: Loop 59/100
exp004-n2048-k12-d210-bs40-f1.000-r00:006702.218: log(exp-norms): [2047.94, 2050.02, 2051.92]
exp004-n2048-k12-d210-bs40-f1.000-r00:006702.218: log(norms):     [2047.94, 2050.8, 2053.95, 2053.97, 2053.98, 2054.09, 2054.08, 2054.25, 2054.15, 2054.18]
exp004-n2048-k12-d210-bs40-f1.000-r00:006702.255: (105 sec)
exp004-n2048-k12-d210-bs40-f1.000-r00:006702.255: Loop 60/100
exp004-n2048-k12-d210-bs40-f1.000-r00:006807.594: log(exp-norms): [2047.94, 2050.02, 2051.92]
exp004-n2048-k12-d210-bs40-f1.000-r00:006807.594: log(norms):     [2047.94, 2050.8, 2053.95, 2053.97, 2053.98, 2054.09, 2054.08, 2054.25, 2054.15, 2054.18]
exp004-n2048-k12-d210-bs40-f1.000-r00:006807.631: (106 sec)
exp004-n2048-k12-d210-bs40-f1.000-r00:006807.631: Loop 61/100
exp004-n2048-k12-d210-bs40-f1.000-r00:006915.395: log(exp-norms): [2047.94, 2050.02, 2051.92]
exp004-n2048-k12-d210-bs40-f1.000-r00:006915.396: log(norms):     [2047.94, 2050.8, 2053.95, 2053.97, 2053.98, 2054.09, 2054.08, 2054.25, 2054.15, 2054.18]
exp004-n2048-k12-d210-bs40-f1.000-r00:006915.431: (108 sec)
exp004-n2048-k12-d210-bs40-f1.000-r00:006915.432: Loop 62/100
exp004-n2048-k12-d210-bs40-f1.000-r00:007018.137: log(exp-norms): [2047.94, 2050.02, 2051.92]
exp004-n2048-k12-d210-bs40-f1.000-r00:007018.137: log(norms):     [2047.94, 2050.8, 2053.95, 2053.97, 2053.98, 2054.09, 2054.15, 2054.08, 2054.19, 2054.15]
exp004-n2048-k12-d210-bs40-f1.000-r00:007018.174: (103 sec)
exp004-n2048-k12-d210-bs40-f1.000-r00:007018.174: Loop 63/100
exp004-n2048-k12-d210-bs40-f1.000-r00:007123.034: log(exp-norms): [2047.94, 2050.02, 2051.92]
exp004-n2048-k12-d210-bs40-f1.000-r00:007123.035: log(norms):     [2047.94, 2050.8, 2053.95, 2053.97, 2053.98, 2054.09, 2054.15, 2054.08, 2054.19, 2054.15]
exp004-n2048-k12-d210-bs40-f1.000-r00:007123.070: (105 sec)
exp004-n2048-k12-d210-bs40-f1.000-r00:007123.070: Loop 64/100
exp004-n2048-k12-d210-bs40-f1.000-r00:007226.995: log(exp-norms): [2047.94, 2050.02, 2051.92]
exp004-n2048-k12-d210-bs40-f1.000-r00:007226.995: log(norms):     [2047.94, 2050.8, 2053.95, 2053.97, 2053.98, 2054.09, 2054.15, 2054.08, 2054.19, 2054.15]
exp004-n2048-k12-d210-bs40-f1.000-r00:007227.032: (104 sec)
exp004-n2048-k12-d210-bs40-f1.000-r00:007227.032: Loop 65/100
exp004-n2048-k12-d210-bs40-f1.000-r00:007334.280: log(exp-norms): [2047.94, 2050.02, 2051.92]
exp004-n2048-k12-d210-bs40-f1.000-r00:007334.281: log(norms):     [2047.94, 2050.8, 2053.95, 2053.97, 2053.98, 2054.09, 2054.15, 2054.08, 2054.08, 2054.19]
exp004-n2048-k12-d210-bs40-f1.000-r00:007334.316: (108 sec)
exp004-n2048-k12-d210-bs40-f1.000-r00:007334.316: Loop 66/100
exp004-n2048-k12-d210-bs40-f1.000-r00:007438.284: log(exp-norms): [2047.94, 2050.02, 2051.92]
exp004-n2048-k12-d210-bs40-f1.000-r00:007438.285: log(norms):     [2047.94, 2050.8, 2053.95, 2053.97, 2053.98, 2054.09, 2054.15, 2054.08, 2054.08, 2054.19]
exp004-n2048-k12-d210-bs40-f1.000-r00:007438.317: (105 sec)
exp004-n2048-k12-d210-bs40-f1.000-r00:007438.317: Loop 67/100
exp004-n2048-k12-d210-bs40-f1.000-r00:007537.430: log(exp-norms): [2047.94, 2050.02, 2051.92]
exp004-n2048-k12-d210-bs40-f1.000-r00:007537.430: log(norms):     [2047.94, 2050.8, 2053.95, 2053.97, 2053.98, 2054.09, 2054.15, 2054.08, 2054.08, 2054.17]
exp004-n2048-k12-d210-bs40-f1.000-r00:007537.465: (100 sec)
exp004-n2048-k12-d210-bs40-f1.000-r00:007537.466: Loop 68/100
exp004-n2048-k12-d210-bs40-f1.000-r00:007642.071: log(exp-norms): [2047.94, 2050.02, 2051.92]
exp004-n2048-k12-d210-bs40-f1.000-r00:007642.072: log(norms):     [2047.94, 2050.8, 2053.95, 2053.97, 2053.98, 2054.09, 2054.15, 2054.08, 2054.08, 2054.18]
exp004-n2048-k12-d210-bs40-f1.000-r00:007642.107: (105 sec)
exp004-n2048-k12-d210-bs40-f1.000-r00:007642.107: Loop 69/100
exp004-n2048-k12-d210-bs40-f1.000-r00:007730.852: log(exp-norms): [2047.94, 2050.02, 2051.92]
exp004-n2048-k12-d210-bs40-f1.000-r00:007730.853: log(norms):     [2047.94, 2050.8, 2053.95, 2053.98, 2053.97, 2053.98, 2054.22, 2054.16, 2054.15, 2054.25]
exp004-n2048-k12-d210-bs40-f1.000-r00:007730.874: (89 sec)
exp004-n2048-k12-d210-bs40-f1.000-r00:007730.875: Loop 70/100
exp004-n2048-k12-d210-bs40-f1.000-r00:007792.841: log(exp-norms): [2047.94, 2050.02, 2051.92]
exp004-n2048-k12-d210-bs40-f1.000-r00:007792.841: log(norms):     [2047.94, 2050.8, 2053.95, 2053.98, 2053.97, 2053.98, 2054.22, 2054.16, 2054.15, 2054.25]
exp004-n2048-k12-d210-bs40-f1.000-r00:007792.863: (62 sec)
exp004-n2048-k12-d210-bs40-f1.000-r00:007792.863: Loop 71/100
exp004-n2048-k12-d210-bs40-f1.000-r00:007852.747: log(exp-norms): [2047.94, 2050.02, 2051.92]
exp004-n2048-k12-d210-bs40-f1.000-r00:007852.748: log(norms):     [2047.94, 2050.8, 2053.95, 2053.98, 2053.97, 2053.98, 2054.22, 2054.16, 2054.15, 2054.25]
exp004-n2048-k12-d210-bs40-f1.000-r00:007852.770: (60 sec)
exp004-n2048-k12-d210-bs40-f1.000-r00:007852.770: Loop 72/100
exp004-n2048-k12-d210-bs40-f1.000-r00:007911.886: log(exp-norms): [2047.94, 2050.02, 2051.92]
exp004-n2048-k12-d210-bs40-f1.000-r00:007911.886: log(norms):     [2047.94, 2050.8, 2053.95, 2053.98, 2054.11, 2053.97, 2054.09, 2053.98, 2054.25, 2054.13]
exp004-n2048-k12-d210-bs40-f1.000-r00:007911.909: (60 sec)
exp004-n2048-k12-d210-bs40-f1.000-r00:007911.909: Loop 73/100
exp004-n2048-k12-d210-bs40-f1.000-r00:007973.460: log(exp-norms): [2047.94, 2050.02, 2051.92]
exp004-n2048-k12-d210-bs40-f1.000-r00:007973.460: log(norms):     [2047.94, 2050.8, 2053.95, 2053.98, 2054.11, 2053.97, 2054.09, 2053.98, 2054.25, 2054.13]
exp004-n2048-k12-d210-bs40-f1.000-r00:007973.482: (62 sec)
exp004-n2048-k12-d210-bs40-f1.000-r00:007973.482: Loop 74/100
exp004-n2048-k12-d210-bs40-f1.000-r00:008036.945: log(exp-norms): [2047.94, 2050.02, 2051.92]
exp004-n2048-k12-d210-bs40-f1.000-r00:008036.945: log(norms):     [2047.94, 2050.8, 2053.95, 2053.98, 2054.11, 2053.97, 2054.09, 2053.98, 2054.25, 2054.13]
exp004-n2048-k12-d210-bs40-f1.000-r00:008036.968: (64 sec)
exp004-n2048-k12-d210-bs40-f1.000-r00:008036.968: Loop 75/100
exp004-n2048-k12-d210-bs40-f1.000-r00:008092.716: log(exp-norms): [2047.94, 2050.02, 2051.92]
exp004-n2048-k12-d210-bs40-f1.000-r00:008092.716: log(norms):     [2047.94, 2050.8, 2053.95, 2053.98, 2054.11, 2053.97, 2054.09, 2053.98, 2054.25, 2054.13]
exp004-n2048-k12-d210-bs40-f1.000-r00:008092.738: (56 sec)
exp004-n2048-k12-d210-bs40-f1.000-r00:008092.738: Loop 76/100
exp004-n2048-k12-d210-bs40-f1.000-r00:008153.520: log(exp-norms): [2047.94, 2050.02, 2051.92]
exp004-n2048-k12-d210-bs40-f1.000-r00:008153.520: log(norms):     [2047.94, 2050.8, 2053.95, 2053.98, 2054.11, 2053.97, 2054.09, 2053.98, 2054.25, 2054.12]
exp004-n2048-k12-d210-bs40-f1.000-r00:008153.544: (61 sec)
exp004-n2048-k12-d210-bs40-f1.000-r00:008153.544: Loop 77/100
exp004-n2048-k12-d210-bs40-f1.000-r00:008214.378: log(exp-norms): [2047.94, 2050.02, 2051.92]
exp004-n2048-k12-d210-bs40-f1.000-r00:008214.379: log(norms):     [2047.94, 2050.8, 2053.95, 2053.98, 2054.11, 2053.97, 2054.09, 2053.98, 2054.25, 2054.12]
exp004-n2048-k12-d210-bs40-f1.000-r00:008214.400: (61 sec)
exp004-n2048-k12-d210-bs40-f1.000-r00:008214.401: Loop 78/100
exp004-n2048-k12-d210-bs40-f1.000-r00:008285.889: log(exp-norms): [2047.94, 2050.02, 2051.92]
exp004-n2048-k12-d210-bs40-f1.000-r00:008285.889: log(norms):     [2047.94, 2050.8, 2053.95, 2053.98, 2054.11, 2053.97, 2054.09, 2053.98, 2054.25, 2054.12]
exp004-n2048-k12-d210-bs40-f1.000-r00:008285.924: (72 sec)
exp004-n2048-k12-d210-bs40-f1.000-r00:008285.924: Loop 79/100
exp004-n2048-k12-d210-bs40-f1.000-r00:008385.608: log(exp-norms): [2047.94, 2050.02, 2051.92]
exp004-n2048-k12-d210-bs40-f1.000-r00:008385.609: log(norms):     [2047.94, 2050.8, 2053.95, 2053.98, 2054.11, 2053.97, 2054.09, 2053.98, 2054.25, 2054.12]
exp004-n2048-k12-d210-bs40-f1.000-r00:008385.645: (100 sec)
exp004-n2048-k12-d210-bs40-f1.000-r00:008385.645: Loop 80/100
exp004-n2048-k12-d210-bs40-f1.000-r00:008487.814: log(exp-norms): [2047.94, 2050.02, 2051.92]
exp004-n2048-k12-d210-bs40-f1.000-r00:008487.814: log(norms):     [2047.94, 2050.8, 2053.95, 2053.98, 2054.11, 2053.97, 2054.09, 2053.98, 2054.18, 2054.12]
exp004-n2048-k12-d210-bs40-f1.000-r00:008487.849: (103 sec)
exp004-n2048-k12-d210-bs40-f1.000-r00:008487.849: Loop 81/100
exp004-n2048-k12-d210-bs40-f1.000-r00:008555.201: log(exp-norms): [2047.94, 2050.02, 2051.92]
exp004-n2048-k12-d210-bs40-f1.000-r00:008555.201: log(norms):     [2047.94, 2050.8, 2053.9, 2053.98, 2053.97, 2053.95, 2054.12, 2053.98, 2054.24, 2054.11]
exp004-n2048-k12-d210-bs40-f1.000-r00:008555.223: (68 sec)
exp004-n2048-k12-d210-bs40-f1.000-r00:008555.223: Loop 82/100
exp004-n2048-k12-d210-bs40-f1.000-r00:008625.558: log(exp-norms): [2047.94, 2050.02, 2051.92]
exp004-n2048-k12-d210-bs40-f1.000-r00:008625.558: log(norms):     [2047.94, 2050.8, 2053.9, 2053.98, 2053.97, 2054.08, 2053.98, 2053.95, 2054.12, 2054.24]
exp004-n2048-k12-d210-bs40-f1.000-r00:008625.594: (71 sec)
exp004-n2048-k12-d210-bs40-f1.000-r00:008625.594: Loop 83/100
exp004-n2048-k12-d210-bs40-f1.000-r00:008688.534: log(exp-norms): [2047.94, 2050.02, 2051.92]
exp004-n2048-k12-d210-bs40-f1.000-r00:008688.535: log(norms):     [2047.94, 2050.8, 2053.9, 2053.98, 2053.97, 2054.08, 2053.98, 2053.95, 2054.12, 2054.24]
exp004-n2048-k12-d210-bs40-f1.000-r00:008688.558: (63 sec)
exp004-n2048-k12-d210-bs40-f1.000-r00:008688.558: Loop 84/100
exp004-n2048-k12-d210-bs40-f1.000-r00:008746.059: log(exp-norms): [2047.94, 2050.02, 2051.92]
exp004-n2048-k12-d210-bs40-f1.000-r00:008746.059: log(norms):     [2047.94, 2050.8, 2053.9, 2053.98, 2053.97, 2054.08, 2053.98, 2053.95, 2054.12, 2054.24]
exp004-n2048-k12-d210-bs40-f1.000-r00:008746.082: (58 sec)
exp004-n2048-k12-d210-bs40-f1.000-r00:008746.082: Loop 85/100
exp004-n2048-k12-d210-bs40-f1.000-r00:008802.436: log(exp-norms): [2047.94, 2050.02, 2051.92]
exp004-n2048-k12-d210-bs40-f1.000-r00:008802.437: log(norms):     [2047.94, 2050.8, 2053.9, 2053.98, 2053.97, 2054.08, 2053.98, 2053.95, 2054.12, 2054.24]
exp004-n2048-k12-d210-bs40-f1.000-r00:008802.459: (57 sec)
exp004-n2048-k12-d210-bs40-f1.000-r00:008802.459: Loop 86/100
exp004-n2048-k12-d210-bs40-f1.000-r00:008859.885: log(exp-norms): [2047.94, 2050.02, 2051.92]
exp004-n2048-k12-d210-bs40-f1.000-r00:008859.885: log(norms):     [2047.94, 2050.8, 2053.9, 2053.98, 2053.97, 2053.91, 2054.18, 2053.95, 2054.12, 2053.98]
exp004-n2048-k12-d210-bs40-f1.000-r00:008859.907: (58 sec)
exp004-n2048-k12-d210-bs40-f1.000-r00:008859.907: Loop 87/100
exp004-n2048-k12-d210-bs40-f1.000-r00:008917.980: log(exp-norms): [2047.94, 2050.02, 2051.92]
exp004-n2048-k12-d210-bs40-f1.000-r00:008917.980: log(norms):     [2047.94, 2050.8, 2053.9, 2053.98, 2053.97, 2053.91, 2054.18, 2053.95, 2054.12, 2053.98]
exp004-n2048-k12-d210-bs40-f1.000-r00:008918.003: (59 sec)
exp004-n2048-k12-d210-bs40-f1.000-r00:008918.003: Loop 88/100
exp004-n2048-k12-d210-bs40-f1.000-r00:008978.780: log(exp-norms): [2047.94, 2050.02, 2051.92]
exp004-n2048-k12-d210-bs40-f1.000-r00:008978.780: log(norms):     [2047.94, 2050.8, 2053.9, 2053.98, 2053.97, 2053.91, 2054.18, 2053.95, 2054.12, 2053.98]
exp004-n2048-k12-d210-bs40-f1.000-r00:008978.803: (61 sec)
exp004-n2048-k12-d210-bs40-f1.000-r00:008978.803: Loop 89/100
exp004-n2048-k12-d210-bs40-f1.000-r00:009035.921: log(exp-norms): [2047.94, 2050.02, 2051.92]
exp004-n2048-k12-d210-bs40-f1.000-r00:009035.921: log(norms):     [2047.94, 2050.8, 2053.9, 2053.98, 2053.97, 2053.91, 2054.18, 2053.95, 2054.12, 2053.98]
exp004-n2048-k12-d210-bs40-f1.000-r00:009035.943: (58 sec)
exp004-n2048-k12-d210-bs40-f1.000-r00:009035.943: Loop 90/100
exp004-n2048-k12-d210-bs40-f1.000-r00:009095.308: log(exp-norms): [2047.94, 2050.02, 2051.92]
exp004-n2048-k12-d210-bs40-f1.000-r00:009095.308: log(norms):     [2047.94, 2050.8, 2053.9, 2053.98, 2053.97, 2053.91, 2054.18, 2053.95, 2054.12, 2053.98]
exp004-n2048-k12-d210-bs40-f1.000-r00:009095.330: (60 sec)
exp004-n2048-k12-d210-bs40-f1.000-r00:009095.330: Loop 91/100
exp004-n2048-k12-d210-bs40-f1.000-r00:009155.493: log(exp-norms): [2047.94, 2050.02, 2051.92]
exp004-n2048-k12-d210-bs40-f1.000-r00:009155.493: log(norms):     [2047.94, 2050.8, 2053.9, 2053.98, 2053.97, 2053.91, 2054.18, 2053.95, 2054.12, 2053.98]
exp004-n2048-k12-d210-bs40-f1.000-r00:009155.515: (61 sec)
exp004-n2048-k12-d210-bs40-f1.000-r00:009155.515: Loop 92/100
exp004-n2048-k12-d210-bs40-f1.000-r00:009211.561: log(exp-norms): [2047.94, 2050.02, 2051.92]
exp004-n2048-k12-d210-bs40-f1.000-r00:009211.562: log(norms):     [2047.94, 2050.8, 2053.9, 2053.98, 2053.97, 2053.91, 2054.18, 2053.95, 2054.12, 2053.98]
exp004-n2048-k12-d210-bs40-f1.000-r00:009211.583: (57 sec)
exp004-n2048-k12-d210-bs40-f1.000-r00:009211.583: Loop 93/100
exp004-n2048-k12-d210-bs40-f1.000-r00:009272.754: log(exp-norms): [2047.94, 2050.02, 2051.92]
exp004-n2048-k12-d210-bs40-f1.000-r00:009272.755: log(norms):     [2047.94, 2050.8, 2053.9, 2053.98, 2053.97, 2053.91, 2054.18, 2053.95, 2054.12, 2053.98]
exp004-n2048-k12-d210-bs40-f1.000-r00:009272.777: (62 sec)
exp004-n2048-k12-d210-bs40-f1.000-r00:009272.777: Loop 94/100
exp004-n2048-k12-d210-bs40-f1.000-r00:009365.876: log(exp-norms): [2047.94, 2050.02, 2051.92]
exp004-n2048-k12-d210-bs40-f1.000-r00:009365.876: log(norms):     [2047.94, 2050.8, 2053.9, 2053.98, 2053.97, 2053.91, 2054.18, 2053.95, 2054.12, 2053.98]
exp004-n2048-k12-d210-bs40-f1.000-r00:009365.912: (94 sec)
exp004-n2048-k12-d210-bs40-f1.000-r00:009365.913: Loop 95/100
exp004-n2048-k12-d210-bs40-f1.000-r00:009473.243: log(exp-norms): [2047.94, 2050.02, 2051.92]
exp004-n2048-k12-d210-bs40-f1.000-r00:009473.243: log(norms):     [2047.94, 2050.8, 2053.9, 2053.98, 2053.97, 2053.91, 2054.18, 2053.95, 2054.12, 2053.98]
exp004-n2048-k12-d210-bs40-f1.000-r00:009473.279: (108 sec)
exp004-n2048-k12-d210-bs40-f1.000-r00:009473.279: Loop 96/100
exp004-n2048-k12-d210-bs40-f1.000-r00:009561.739: log(exp-norms): [2047.94, 2050.02, 2051.92]
exp004-n2048-k12-d210-bs40-f1.000-r00:009561.739: log(norms):     [2047.94, 2050.8, 2053.9, 2053.98, 2053.97, 2053.91, 2054.18, 2054.11, 2054.12, 2053.95]
exp004-n2048-k12-d210-bs40-f1.000-r00:009561.762: (89 sec)
exp004-n2048-k12-d210-bs40-f1.000-r00:009561.762: Loop 97/100
exp004-n2048-k12-d210-bs40-f1.000-r00:009619.330: log(exp-norms): [2047.94, 2050.02, 2051.92]
exp004-n2048-k12-d210-bs40-f1.000-r00:009619.331: log(norms):     [2047.94, 2050.8, 2053.9, 2053.98, 2053.97, 2053.91, 2054.18, 2054.11, 2054.12, 2053.95]
exp004-n2048-k12-d210-bs40-f1.000-r00:009619.353: (58 sec)
exp004-n2048-k12-d210-bs40-f1.000-r00:009619.353: Loop 98/100
exp004-n2048-k12-d210-bs40-f1.000-r00:009677.340: log(exp-norms): [2047.94, 2050.02, 2051.92]
exp004-n2048-k12-d210-bs40-f1.000-r00:009677.340: log(norms):     [2047.94, 2050.8, 2053.9, 2053.98, 2053.97, 2053.91, 2054.18, 2054.11, 2054.12, 2053.95]
exp004-n2048-k12-d210-bs40-f1.000-r00:009677.361: (59 sec)
exp004-n2048-k12-d210-bs40-f1.000-r00:009677.362: Loop 99/100
exp004-n2048-k12-d210-bs40-f1.000-r00:009738.124: log(exp-norms): [2047.94, 2050.02, 2051.92]
exp004-n2048-k12-d210-bs40-f1.000-r00:009738.125: log(norms):     [2047.94, 2050.8, 2053.9, 2053.98, 2053.97, 2053.91, 2054.18, 2054.11, 2054.14, 2054.22]
exp004-n2048-k12-d210-bs40-f1.000-r00:009738.147: (61 sec)
exp004-n2048-k12-d210-bs40-f1.000-r00:009738.147: Loop 100/100
exp004-n2048-k12-d210-bs40-f1.000-r00:009798.058: log(exp-norms): [2047.94, 2050.02, 2051.92]
exp004-n2048-k12-d210-bs40-f1.000-r00:009798.058: log(norms):     [2047.94, 2050.8, 2053.9, 2053.98, 2053.97, 2053.91, 2054.18, 2054.11, 2054.14, 2054.22]
exp004-n2048-k12-d210-bs40-f1.000-r00:009798.081: (60 sec)
exp004-n2048-k12-d210-bs40-f1.000-r00:009798.081: ==========================Summary===========================
exp004-n2048-k12-d210-bs40-f1.000-r00:009798.082: Total time: 9798sec
exp004-n2048-k12-d210-bs40-f1.000-r00:009798.082: FAIL
exp004-n2048-k12-d210-bs40-f1.000-r00:009798.082: SUMMARY:n:2048:k:12:d:210:bs:40:t:9798:r:False
