exp007-n2048-k12-d240-bs40-f1.000-r00:000000.259: ==========================Instance==========================
exp007-n2048-k12-d240-bs40-f1.000-r00:000000.259: # of equations: 240
exp007-n2048-k12-d240-bs40-f1.000-r00:000000.263: Gap: 8.70
exp007-n2048-k12-d240-bs40-f1.000-r00:000000.271: Tau: 20.11
exp007-n2048-k12-d240-bs40-f1.000-r00:000000.272: ======================BKZ-40 reduction======================
exp007-n2048-k12-d240-bs40-f1.000-r00:000007.408: Expectedly achievable log(norm): 2055.67
exp007-n2048-k12-d240-bs40-f1.000-r00:000012.163: log(exp-norms): [2047.94, 2050.11, 2053.23]
exp007-n2048-k12-d240-bs40-f1.000-r00:000012.164: log(norms):     [2063.09, 2050.9, 2059.89, 2059.89, 2059.89, 2059.89, 2059.89, 2059.89, 2059.89, 2059.89]
exp007-n2048-k12-d240-bs40-f1.000-r00:000012.225: Loop 1/100
exp007-n2048-k12-d240-bs40-f1.000-r00:004553.379: log(exp-norms): [2047.94, 2050.11, 2053.23]
exp007-n2048-k12-d240-bs40-f1.000-r00:004553.380: log(norms):     [2050.9, 2058.03, 2058.13, 2058.27, 2058.12, 2058.04, 2058.27, 2058.35, 2058.25, 2058.2]
exp007-n2048-k12-d240-bs40-f1.000-r00:004553.406: (4542 sec)
exp007-n2048-k12-d240-bs40-f1.000-r00:004553.406: Loop 2/100
exp007-n2048-k12-d240-bs40-f1.000-r00:004726.282: log(exp-norms): [2047.94, 2050.11, 2053.23]
exp007-n2048-k12-d240-bs40-f1.000-r00:004726.282: log(norms):     [2050.9, 2057.64, 2057.83, 2057.85, 2057.88, 2057.92, 2058.01, 2057.83, 2058.05, 2058.06]
exp007-n2048-k12-d240-bs40-f1.000-r00:004726.308: (173 sec)
exp007-n2048-k12-d240-bs40-f1.000-r00:004726.309: Loop 3/100
exp007-n2048-k12-d240-bs40-f1.000-r00:004960.024: log(exp-norms): [2047.94, 2050.11, 2053.23]
exp007-n2048-k12-d240-bs40-f1.000-r00:004960.024: log(norms):     [2050.9, 2057.64, 2057.65, 2057.72, 2057.65, 2057.76, 2057.84, 2057.77, 2057.87, 2057.74]
exp007-n2048-k12-d240-bs40-f1.000-r00:004960.065: (234 sec)
exp007-n2048-k12-d240-bs40-f1.000-r00:004960.065: Loop 4/100
exp007-n2048-k12-d240-bs40-f1.000-r00:005130.442: log(exp-norms): [2047.94, 2050.11, 2053.23]
exp007-n2048-k12-d240-bs40-f1.000-r00:005130.442: log(norms):     [2050.9, 2057.39, 2057.39, 2057.45, 2057.45, 2057.54, 2057.5, 2057.3, 2057.71, 2057.74]
exp007-n2048-k12-d240-bs40-f1.000-r00:005130.467: (171 sec)
exp007-n2048-k12-d240-bs40-f1.000-r00:005130.468: Loop 5/100
exp007-n2048-k12-d240-bs40-f1.000-r00:005270.884: log(exp-norms): [2047.94, 2050.11, 2053.23]
exp007-n2048-k12-d240-bs40-f1.000-r00:005270.884: log(norms):     [2047.94, 2050.9, 2057.18, 2057.3, 2057.36, 2057.39, 2057.36, 2057.33, 2057.54, 2057.46]
exp007-n2048-k12-d240-bs40-f1.000-r00:005270.909: (141 sec)
exp007-n2048-k12-d240-bs40-f1.000-r00:005270.909: Loop 6/100
exp007-n2048-k12-d240-bs40-f1.000-r00:005434.526: log(exp-norms): [2047.94, 2050.11, 2053.23]
exp007-n2048-k12-d240-bs40-f1.000-r00:005434.527: log(norms):     [2047.94, 2050.9, 2057.17, 2057.23, 2057.18, 2057.26, 2057.38, 2057.18, 2057.38, 2057.21]
exp007-n2048-k12-d240-bs40-f1.000-r00:005434.552: (164 sec)
exp007-n2048-k12-d240-bs40-f1.000-r00:005434.552: Loop 7/100
exp007-n2048-k12-d240-bs40-f1.000-r00:005573.624: log(exp-norms): [2047.94, 2050.11, 2053.23]
exp007-n2048-k12-d240-bs40-f1.000-r00:005573.625: log(norms):     [2047.94, 2050.9, 2057.01, 2057.03, 2057.03, 2057.0, 2057.04, 2057.09, 2057.16, 2057.06]
exp007-n2048-k12-d240-bs40-f1.000-r00:005573.650: (140 sec)
exp007-n2048-k12-d240-bs40-f1.000-r00:005573.650: Loop 8/100
exp007-n2048-k12-d240-bs40-f1.000-r00:005739.655: log(exp-norms): [2047.94, 2050.11, 2053.23]
exp007-n2048-k12-d240-bs40-f1.000-r00:005739.655: log(norms):     [2047.94, 2050.9, 2056.81, 2056.88, 2056.95, 2056.88, 2056.98, 2056.96, 2056.99, 2056.93]
exp007-n2048-k12-d240-bs40-f1.000-r00:005739.696: (167 sec)
exp007-n2048-k12-d240-bs40-f1.000-r00:005739.696: Loop 9/100
exp007-n2048-k12-d240-bs40-f1.000-r00:005915.170: log(exp-norms): [2047.94, 2050.11, 2053.23]
exp007-n2048-k12-d240-bs40-f1.000-r00:005915.170: log(norms):     [2047.94, 2050.9, 2056.75, 2056.75, 2056.77, 2056.9, 2056.91, 2056.82, 2056.74, 2056.87]
exp007-n2048-k12-d240-bs40-f1.000-r00:005915.211: (176 sec)
exp007-n2048-k12-d240-bs40-f1.000-r00:005915.211: Loop 10/100
exp007-n2048-k12-d240-bs40-f1.000-r00:006068.486: log(exp-norms): [2047.94, 2050.11, 2053.23]
exp007-n2048-k12-d240-bs40-f1.000-r00:006068.487: log(norms):     [2047.94, 2050.9, 2056.6, 2056.63, 2056.7, 2056.7, 2056.69, 2056.67, 2056.66, 2056.93]
exp007-n2048-k12-d240-bs40-f1.000-r00:006068.512: (154 sec)
exp007-n2048-k12-d240-bs40-f1.000-r00:006068.512: Loop 11/100
exp007-n2048-k12-d240-bs40-f1.000-r00:006197.916: log(exp-norms): [2047.94, 2050.11, 2053.23]
exp007-n2048-k12-d240-bs40-f1.000-r00:006197.917: log(norms):     [2047.94, 2050.9, 2056.45, 2056.63, 2056.6, 2056.67, 2056.69, 2056.69, 2056.7, 2056.65]
exp007-n2048-k12-d240-bs40-f1.000-r00:006197.942: (130 sec)
exp007-n2048-k12-d240-bs40-f1.000-r00:006197.942: Loop 12/100
exp007-n2048-k12-d240-bs40-f1.000-r00:006320.393: log(exp-norms): [2047.94, 2050.11, 2053.23]
exp007-n2048-k12-d240-bs40-f1.000-r00:006320.393: log(norms):     [2047.94, 2050.9, 2056.45, 2056.49, 2056.57, 2056.62, 2056.56, 2056.76, 2056.62, 2056.62]
exp007-n2048-k12-d240-bs40-f1.000-r00:006320.418: (123 sec)
exp007-n2048-k12-d240-bs40-f1.000-r00:006320.418: Loop 13/100
exp007-n2048-k12-d240-bs40-f1.000-r00:006428.367: log(exp-norms): [2047.94, 2050.11, 2053.23]
exp007-n2048-k12-d240-bs40-f1.000-r00:006428.367: log(norms):     [2047.94, 2050.9, 2056.38, 2056.42, 2056.46, 2056.4, 2056.42, 2056.57, 2056.52, 2056.53]
exp007-n2048-k12-d240-bs40-f1.000-r00:006428.392: (108 sec)
exp007-n2048-k12-d240-bs40-f1.000-r00:006428.392: Loop 14/100
exp007-n2048-k12-d240-bs40-f1.000-r00:006556.939: log(exp-norms): [2047.94, 2050.11, 2053.23]
exp007-n2048-k12-d240-bs40-f1.000-r00:006556.939: log(norms):     [2047.94, 2050.9, 2056.38, 2056.42, 2056.49, 2056.49, 2056.42, 2056.5, 2056.43, 2056.56]
exp007-n2048-k12-d240-bs40-f1.000-r00:006556.982: (129 sec)
exp007-n2048-k12-d240-bs40-f1.000-r00:006556.982: Loop 15/100
exp007-n2048-k12-d240-bs40-f1.000-r00:006736.561: log(exp-norms): [2047.94, 2050.11, 2053.23]
exp007-n2048-k12-d240-bs40-f1.000-r00:006736.561: log(norms):     [2047.94, 2050.9, 2056.28, 2056.37, 2056.35, 2056.28, 2056.48, 2056.48, 2056.44, 2056.31]
exp007-n2048-k12-d240-bs40-f1.000-r00:006736.601: (180 sec)
exp007-n2048-k12-d240-bs40-f1.000-r00:006736.601: Loop 16/100
exp007-n2048-k12-d240-bs40-f1.000-r00:006904.622: log(exp-norms): [2047.94, 2050.11, 2053.23]
exp007-n2048-k12-d240-bs40-f1.000-r00:006904.622: log(norms):     [2047.94, 2050.9, 2056.25, 2056.31, 2056.26, 2056.12, 2056.34, 2056.3, 2056.54, 2056.27]
exp007-n2048-k12-d240-bs40-f1.000-r00:006904.663: (169 sec)
exp007-n2048-k12-d240-bs40-f1.000-r00:006904.663: Loop 17/100
exp007-n2048-k12-d240-bs40-f1.000-r00:007010.273: log(exp-norms): [2047.94, 2050.11, 2053.23]
exp007-n2048-k12-d240-bs40-f1.000-r00:007010.273: log(norms):     [2047.94, 2050.9, 2056.12, 2056.28, 2056.16, 2056.3, 2056.19, 2056.34, 2056.22, 2056.32]
exp007-n2048-k12-d240-bs40-f1.000-r00:007010.299: (106 sec)
exp007-n2048-k12-d240-bs40-f1.000-r00:007010.300: Loop 18/100
exp007-n2048-k12-d240-bs40-f1.000-r00:007108.760: log(exp-norms): [2047.94, 2050.11, 2053.23]
exp007-n2048-k12-d240-bs40-f1.000-r00:007108.760: log(norms):     [2047.94, 2050.9, 2056.12, 2056.25, 2056.28, 2056.22, 2056.2, 2056.25, 2056.4, 2056.34]
exp007-n2048-k12-d240-bs40-f1.000-r00:007108.785: (99 sec)
exp007-n2048-k12-d240-bs40-f1.000-r00:007108.785: Loop 19/100
exp007-n2048-k12-d240-bs40-f1.000-r00:007206.780: log(exp-norms): [2047.94, 2050.11, 2053.23]
exp007-n2048-k12-d240-bs40-f1.000-r00:007206.780: log(norms):     [2047.94, 2050.9, 2056.02, 2056.09, 2056.33, 2056.29, 2056.22, 2056.12, 2056.23, 2056.39]
exp007-n2048-k12-d240-bs40-f1.000-r00:007206.805: (99 sec)
exp007-n2048-k12-d240-bs40-f1.000-r00:007206.805: Loop 20/100
exp007-n2048-k12-d240-bs40-f1.000-r00:007304.760: log(exp-norms): [2047.94, 2050.11, 2053.23]
exp007-n2048-k12-d240-bs40-f1.000-r00:007304.761: log(norms):     [2047.94, 2050.9, 2055.97, 2056.02, 2056.2, 2056.26, 2056.25, 2056.32, 2056.09, 2056.17]
exp007-n2048-k12-d240-bs40-f1.000-r00:007304.785: (98 sec)
exp007-n2048-k12-d240-bs40-f1.000-r00:007304.786: Loop 21/100
exp007-n2048-k12-d240-bs40-f1.000-r00:007404.340: log(exp-norms): [2047.94, 2050.11, 2053.23]
exp007-n2048-k12-d240-bs40-f1.000-r00:007404.340: log(norms):     [2047.94, 2050.9, 2055.97, 2056.02, 2056.2, 2056.17, 2056.26, 2056.25, 2056.28, 2056.17]
exp007-n2048-k12-d240-bs40-f1.000-r00:007404.365: (100 sec)
exp007-n2048-k12-d240-bs40-f1.000-r00:007404.365: Loop 22/100
exp007-n2048-k12-d240-bs40-f1.000-r00:007497.549: log(exp-norms): [2047.94, 2050.11, 2053.23]
exp007-n2048-k12-d240-bs40-f1.000-r00:007497.549: log(norms):     [2047.94, 2050.9, 2055.97, 2056.02, 2056.13, 2056.09, 2056.2, 2056.14, 2056.25, 2056.34]
exp007-n2048-k12-d240-bs40-f1.000-r00:007497.574: (94 sec)
exp007-n2048-k12-d240-bs40-f1.000-r00:007497.575: Loop 23/100
exp007-n2048-k12-d240-bs40-f1.000-r00:007612.354: log(exp-norms): [2047.94, 2050.11, 2053.23]
exp007-n2048-k12-d240-bs40-f1.000-r00:007612.354: log(norms):     [2047.94, 2050.9, 2055.97, 2056.03, 2056.2, 2056.02, 2056.03, 2056.13, 2056.14, 2056.22]
exp007-n2048-k12-d240-bs40-f1.000-r00:007612.379: (115 sec)
exp007-n2048-k12-d240-bs40-f1.000-r00:007612.379: Loop 24/100
exp007-n2048-k12-d240-bs40-f1.000-r00:007707.729: log(exp-norms): [2047.94, 2050.11, 2053.23]
exp007-n2048-k12-d240-bs40-f1.000-r00:007707.729: log(norms):     [2047.94, 2050.9, 2055.97, 2056.03, 2056.05, 2056.2, 2056.02, 2056.03, 2056.13, 2056.19]
exp007-n2048-k12-d240-bs40-f1.000-r00:007707.754: (96 sec)
exp007-n2048-k12-d240-bs40-f1.000-r00:007707.755: Loop 25/100
exp007-n2048-k12-d240-bs40-f1.000-r00:007801.608: log(exp-norms): [2047.94, 2050.11, 2053.23]
exp007-n2048-k12-d240-bs40-f1.000-r00:007801.609: log(norms):     [2047.94, 2050.9, 2055.97, 2056.03, 2056.05, 2056.07, 2056.06, 2056.11, 2056.25, 2056.18]
exp007-n2048-k12-d240-bs40-f1.000-r00:007801.634: (94 sec)
exp007-n2048-k12-d240-bs40-f1.000-r00:007801.634: Loop 26/100
exp007-n2048-k12-d240-bs40-f1.000-r00:007898.418: log(exp-norms): [2047.94, 2050.11, 2053.23]
exp007-n2048-k12-d240-bs40-f1.000-r00:007898.419: log(norms):     [2047.94, 2050.9, 2055.91, 2055.94, 2055.88, 2055.97, 2056.06, 2056.16, 2056.22, 2056.2]
exp007-n2048-k12-d240-bs40-f1.000-r00:007898.464: (97 sec)
exp007-n2048-k12-d240-bs40-f1.000-r00:007898.464: Loop 27/100
exp007-n2048-k12-d240-bs40-f1.000-r00:007997.106: log(exp-norms): [2047.94, 2050.11, 2053.23]
exp007-n2048-k12-d240-bs40-f1.000-r00:007997.107: log(norms):     [2047.94, 2050.9, 2055.88, 2055.91, 2055.94, 2055.98, 2056.1, 2056.2, 2056.08, 2056.29]
exp007-n2048-k12-d240-bs40-f1.000-r00:007997.135: (99 sec)
exp007-n2048-k12-d240-bs40-f1.000-r00:007997.135: Loop 28/100
exp007-n2048-k12-d240-bs40-f1.000-r00:008140.621: log(exp-norms): [2047.94, 2050.11, 2053.23]
exp007-n2048-k12-d240-bs40-f1.000-r00:008140.622: log(norms):     [2047.94, 2050.9, 2055.88, 2055.91, 2055.94, 2055.98, 2055.97, 2056.04, 2056.1, 2056.08]
exp007-n2048-k12-d240-bs40-f1.000-r00:008140.651: (144 sec)
exp007-n2048-k12-d240-bs40-f1.000-r00:008140.651: Loop 29/100
exp007-n2048-k12-d240-bs40-f1.000-r00:008279.370: log(exp-norms): [2047.94, 2050.11, 2053.23]
exp007-n2048-k12-d240-bs40-f1.000-r00:008279.370: log(norms):     [2047.94, 2050.9, 2055.88, 2055.97, 2056.05, 2055.94, 2056.05, 2056.02, 2056.2, 2056.27]
exp007-n2048-k12-d240-bs40-f1.000-r00:008279.412: (139 sec)
exp007-n2048-k12-d240-bs40-f1.000-r00:008279.412: Loop 30/100
exp007-n2048-k12-d240-bs40-f1.000-r00:008406.372: log(exp-norms): [2047.94, 2050.11, 2053.23]
exp007-n2048-k12-d240-bs40-f1.000-r00:008406.373: log(norms):     [2047.94, 2050.9, 2055.88, 2055.97, 2056.05, 2055.94, 2056.1, 2056.05, 2056.18, 2056.17]
exp007-n2048-k12-d240-bs40-f1.000-r00:008406.400: (127 sec)
exp007-n2048-k12-d240-bs40-f1.000-r00:008406.400: Loop 31/100
exp007-n2048-k12-d240-bs40-f1.000-r00:008536.616: log(exp-norms): [2047.94, 2050.11, 2053.23]
exp007-n2048-k12-d240-bs40-f1.000-r00:008536.616: log(norms):     [2047.94, 2050.9, 2055.88, 2055.97, 2056.05, 2056.08, 2056.08, 2056.19, 2055.94, 2056.05]
exp007-n2048-k12-d240-bs40-f1.000-r00:008536.656: (131 sec)
exp007-n2048-k12-d240-bs40-f1.000-r00:008536.657: Loop 32/100
exp007-n2048-k12-d240-bs40-f1.000-r00:008632.910: log(exp-norms): [2047.94, 2050.11, 2053.23]
exp007-n2048-k12-d240-bs40-f1.000-r00:008632.911: log(norms):     [2047.94, 2050.9, 2055.88, 2055.89, 2056.02, 2056.08, 2056.03, 2055.93, 2055.98, 2056.05]
exp007-n2048-k12-d240-bs40-f1.000-r00:008632.952: (97 sec)
exp007-n2048-k12-d240-bs40-f1.000-r00:008632.952: Loop 33/100
exp007-n2048-k12-d240-bs40-f1.000-r00:008787.584: log(exp-norms): [2047.94, 2050.11, 2053.23]
exp007-n2048-k12-d240-bs40-f1.000-r00:008787.585: log(norms):     [2047.94, 2050.9, 2055.86, 2055.91, 2055.89, 2055.88, 2055.96, 2056.07, 2056.0, 2056.02]
exp007-n2048-k12-d240-bs40-f1.000-r00:008787.625: (155 sec)
exp007-n2048-k12-d240-bs40-f1.000-r00:008787.625: Loop 34/100
exp007-n2048-k12-d240-bs40-f1.000-r00:008935.128: log(exp-norms): [2047.94, 2050.11, 2053.23]
exp007-n2048-k12-d240-bs40-f1.000-r00:008935.129: log(norms):     [2047.94, 2050.9, 2055.86, 2055.91, 2055.89, 2055.88, 2056.09, 2056.02, 2056.07, 2056.08]
exp007-n2048-k12-d240-bs40-f1.000-r00:008935.154: (148 sec)
exp007-n2048-k12-d240-bs40-f1.000-r00:008935.154: Loop 35/100
exp007-n2048-k12-d240-bs40-f1.000-r00:009027.345: log(exp-norms): [2047.94, 2050.11, 2053.23]
exp007-n2048-k12-d240-bs40-f1.000-r00:009027.345: log(norms):     [2047.94, 2050.9, 2055.86, 2055.92, 2055.94, 2055.89, 2055.88, 2056.04, 2056.13, 2055.91]
exp007-n2048-k12-d240-bs40-f1.000-r00:009027.370: (93 sec)
exp007-n2048-k12-d240-bs40-f1.000-r00:009027.370: Loop 36/100
exp007-n2048-k12-d240-bs40-f1.000-r00:009116.784: log(exp-norms): [2047.94, 2050.11, 2053.23]
exp007-n2048-k12-d240-bs40-f1.000-r00:009116.785: log(norms):     [2047.94, 2050.9, 2055.86, 2055.92, 2055.94, 2056.02, 2055.89, 2055.88, 2056.0, 2056.03]
exp007-n2048-k12-d240-bs40-f1.000-r00:009116.811: (90 sec)
exp007-n2048-k12-d240-bs40-f1.000-r00:009116.811: Loop 37/100
exp007-n2048-k12-d240-bs40-f1.000-r00:009207.852: log(exp-norms): [2047.94, 2050.11, 2053.23]
exp007-n2048-k12-d240-bs40-f1.000-r00:009207.852: log(norms):     [2047.94, 2050.9, 2055.86, 2055.92, 2055.98, 2055.94, 2056.02, 2056.09, 2056.03, 2055.91]
exp007-n2048-k12-d240-bs40-f1.000-r00:009207.878: (92 sec)
exp007-n2048-k12-d240-bs40-f1.000-r00:009207.878: Loop 38/100
exp007-n2048-k12-d240-bs40-f1.000-r00:009299.060: log(exp-norms): [2047.94, 2050.11, 2053.23]
exp007-n2048-k12-d240-bs40-f1.000-r00:009299.061: log(norms):     [2047.94, 2050.9, 2055.86, 2055.92, 2055.98, 2055.94, 2056.02, 2056.09, 2056.04, 2056.22]
exp007-n2048-k12-d240-bs40-f1.000-r00:009299.087: (92 sec)
exp007-n2048-k12-d240-bs40-f1.000-r00:009299.087: Loop 39/100
exp007-n2048-k12-d240-bs40-f1.000-r00:009382.134: log(exp-norms): [2047.94, 2050.11, 2053.23]
exp007-n2048-k12-d240-bs40-f1.000-r00:009382.134: log(norms):     [2047.94, 2050.9, 2055.86, 2055.92, 2055.98, 2055.91, 2055.92, 2055.94, 2056.02, 2056.04]
exp007-n2048-k12-d240-bs40-f1.000-r00:009382.159: (84 sec)
exp007-n2048-k12-d240-bs40-f1.000-r00:009382.159: Loop 40/100
exp007-n2048-k12-d240-bs40-f1.000-r00:009472.222: log(exp-norms): [2047.94, 2050.11, 2053.23]
exp007-n2048-k12-d240-bs40-f1.000-r00:009472.222: log(norms):     [2047.94, 2050.9, 2055.86, 2055.92, 2055.98, 2055.91, 2056.13, 2055.92, 2055.88, 2056.0]
exp007-n2048-k12-d240-bs40-f1.000-r00:009472.248: (91 sec)
exp007-n2048-k12-d240-bs40-f1.000-r00:009472.248: Loop 41/100
exp007-n2048-k12-d240-bs40-f1.000-r00:009573.223: log(exp-norms): [2047.94, 2050.11, 2053.23]
exp007-n2048-k12-d240-bs40-f1.000-r00:009573.224: log(norms):     [2047.94, 2050.9, 2055.86, 2055.92, 2055.98, 2055.91, 2056.13, 2055.92, 2056.05, 2055.98]
exp007-n2048-k12-d240-bs40-f1.000-r00:009573.266: (102 sec)
exp007-n2048-k12-d240-bs40-f1.000-r00:009573.266: Loop 42/100
exp007-n2048-k12-d240-bs40-f1.000-r00:009709.511: log(exp-norms): [2047.94, 2050.11, 2053.23]
exp007-n2048-k12-d240-bs40-f1.000-r00:009709.511: log(norms):     [2047.94, 2050.9, 2055.85, 2055.86, 2055.95, 2056.0, 2055.98, 2055.88, 2055.93, 2055.91]
exp007-n2048-k12-d240-bs40-f1.000-r00:009709.536: (137 sec)
exp007-n2048-k12-d240-bs40-f1.000-r00:009709.536: Loop 43/100
exp007-n2048-k12-d240-bs40-f1.000-r00:009799.339: log(exp-norms): [2047.94, 2050.11, 2053.23]
exp007-n2048-k12-d240-bs40-f1.000-r00:009799.340: log(norms):     [2047.94, 2050.9, 2055.85, 2055.86, 2055.95, 2056.0, 2056.02, 2055.98, 2055.88, 2056.18]
exp007-n2048-k12-d240-bs40-f1.000-r00:009799.364: (90 sec)
exp007-n2048-k12-d240-bs40-f1.000-r00:009799.364: Loop 44/100
exp007-n2048-k12-d240-bs40-f1.000-r00:009886.808: log(exp-norms): [2047.94, 2050.11, 2053.23]
exp007-n2048-k12-d240-bs40-f1.000-r00:009886.808: log(norms):     [2047.94, 2050.9, 2055.85, 2055.86, 2055.95, 2056.0, 2056.02, 2055.98, 2055.88, 2056.18]
exp007-n2048-k12-d240-bs40-f1.000-r00:009886.833: (88 sec)
exp007-n2048-k12-d240-bs40-f1.000-r00:009886.833: Loop 45/100
exp007-n2048-k12-d240-bs40-f1.000-r00:009984.054: log(exp-norms): [2047.94, 2050.11, 2053.23]
exp007-n2048-k12-d240-bs40-f1.000-r00:009984.054: log(norms):     [2047.94, 2050.9, 2055.85, 2055.86, 2055.95, 2056.0, 2056.02, 2055.97, 2055.88, 2056.09]
exp007-n2048-k12-d240-bs40-f1.000-r00:009984.080: (98 sec)
exp007-n2048-k12-d240-bs40-f1.000-r00:009984.080: Loop 46/100
exp007-n2048-k12-d240-bs40-f1.000-r00:010073.484: log(exp-norms): [2047.94, 2050.11, 2053.23]
exp007-n2048-k12-d240-bs40-f1.000-r00:010073.484: log(norms):     [2047.94, 2050.9, 2055.83, 2055.86, 2055.85, 2055.95, 2056.02, 2056.0, 2055.97, 2055.88]
exp007-n2048-k12-d240-bs40-f1.000-r00:010073.510: (90 sec)
exp007-n2048-k12-d240-bs40-f1.000-r00:010073.510: Loop 47/100
exp007-n2048-k12-d240-bs40-f1.000-r00:010159.720: log(exp-norms): [2047.94, 2050.11, 2053.23]
exp007-n2048-k12-d240-bs40-f1.000-r00:010159.720: log(norms):     [2047.94, 2050.9, 2055.74, 2055.76, 2055.91, 2055.88, 2055.93, 2055.97, 2055.89, 2055.9]
exp007-n2048-k12-d240-bs40-f1.000-r00:010159.744: (87 sec)
exp007-n2048-k12-d240-bs40-f1.000-r00:010159.745: Loop 48/100
exp007-n2048-k12-d240-bs40-f1.000-r00:010247.584: log(exp-norms): [2047.94, 2050.11, 2053.23]
exp007-n2048-k12-d240-bs40-f1.000-r00:010247.585: log(norms):     [2047.94, 2050.9, 2055.74, 2055.76, 2055.91, 2055.85, 2055.88, 2055.93, 2055.97, 2055.89]
exp007-n2048-k12-d240-bs40-f1.000-r00:010247.609: (88 sec)
exp007-n2048-k12-d240-bs40-f1.000-r00:010247.610: Loop 49/100
exp007-n2048-k12-d240-bs40-f1.000-r00:010335.377: log(exp-norms): [2047.94, 2050.11, 2053.23]
exp007-n2048-k12-d240-bs40-f1.000-r00:010335.377: log(norms):     [2047.94, 2050.9, 2055.74, 2055.76, 2055.91, 2055.85, 2055.88, 2055.91, 2055.96, 2055.97]
exp007-n2048-k12-d240-bs40-f1.000-r00:010335.402: (88 sec)
exp007-n2048-k12-d240-bs40-f1.000-r00:010335.402: Loop 50/100
exp007-n2048-k12-d240-bs40-f1.000-r00:010439.885: log(exp-norms): [2047.94, 2050.11, 2053.23]
exp007-n2048-k12-d240-bs40-f1.000-r00:010439.885: log(norms):     [2047.94, 2050.9, 2055.74, 2055.76, 2055.91, 2055.85, 2055.88, 2055.91, 2055.96, 2056.1]
exp007-n2048-k12-d240-bs40-f1.000-r00:010439.911: (105 sec)
exp007-n2048-k12-d240-bs40-f1.000-r00:010439.911: Loop 51/100
exp007-n2048-k12-d240-bs40-f1.000-r00:010524.290: log(exp-norms): [2047.94, 2050.11, 2053.23]
exp007-n2048-k12-d240-bs40-f1.000-r00:010524.290: log(norms):     [2047.94, 2050.9, 2055.74, 2055.76, 2055.91, 2055.85, 2055.88, 2056.0, 2055.91, 2055.97]
exp007-n2048-k12-d240-bs40-f1.000-r00:010524.316: (85 sec)
exp007-n2048-k12-d240-bs40-f1.000-r00:010524.316: Loop 52/100
exp007-n2048-k12-d240-bs40-f1.000-r00:010610.470: log(exp-norms): [2047.94, 2050.11, 2053.23]
exp007-n2048-k12-d240-bs40-f1.000-r00:010610.470: log(norms):     [2047.94, 2050.9, 2055.74, 2055.76, 2055.91, 2055.85, 2055.88, 2056.0, 2055.91, 2055.97]
exp007-n2048-k12-d240-bs40-f1.000-r00:010610.495: (87 sec)
exp007-n2048-k12-d240-bs40-f1.000-r00:010610.495: Loop 53/100
exp007-n2048-k12-d240-bs40-f1.000-r00:010700.881: log(exp-norms): [2047.94, 2050.11, 2053.23]
exp007-n2048-k12-d240-bs40-f1.000-r00:010700.882: log(norms):     [2047.94, 2050.9, 2055.74, 2055.76, 2055.91, 2055.85, 2055.88, 2056.0, 2055.91, 2056.03]
exp007-n2048-k12-d240-bs40-f1.000-r00:010700.906: (91 sec)
exp007-n2048-k12-d240-bs40-f1.000-r00:010700.906: Loop 54/100
exp007-n2048-k12-d240-bs40-f1.000-r00:010789.131: log(exp-norms): [2047.94, 2050.11, 2053.23]
exp007-n2048-k12-d240-bs40-f1.000-r00:010789.131: log(norms):     [2047.94, 2050.9, 2055.74, 2055.76, 2055.91, 2055.85, 2056.02, 2056.0, 2055.91, 2055.88]
exp007-n2048-k12-d240-bs40-f1.000-r00:010789.155: (89 sec)
exp007-n2048-k12-d240-bs40-f1.000-r00:010789.156: Loop 55/100
exp007-n2048-k12-d240-bs40-f1.000-r00:010885.010: log(exp-norms): [2047.94, 2050.11, 2053.23]
exp007-n2048-k12-d240-bs40-f1.000-r00:010885.010: log(norms):     [2047.94, 2050.9, 2055.74, 2055.76, 2055.91, 2055.85, 2056.02, 2056.0, 2055.91, 2055.88]
exp007-n2048-k12-d240-bs40-f1.000-r00:010885.036: (96 sec)
exp007-n2048-k12-d240-bs40-f1.000-r00:010885.036: Loop 56/100
exp007-n2048-k12-d240-bs40-f1.000-r00:010978.069: log(exp-norms): [2047.94, 2050.11, 2053.23]
exp007-n2048-k12-d240-bs40-f1.000-r00:010978.069: log(norms):     [2047.94, 2050.9, 2055.74, 2055.76, 2055.91, 2055.85, 2056.02, 2056.0, 2055.91, 2055.92]
exp007-n2048-k12-d240-bs40-f1.000-r00:010978.094: (94 sec)
exp007-n2048-k12-d240-bs40-f1.000-r00:010978.094: Loop 57/100
exp007-n2048-k12-d240-bs40-f1.000-r00:011069.773: log(exp-norms): [2047.94, 2050.11, 2053.23]
exp007-n2048-k12-d240-bs40-f1.000-r00:011069.773: log(norms):     [2047.94, 2050.9, 2055.74, 2055.76, 2055.91, 2055.85, 2055.84, 2056.02, 2056.0, 2055.93]
exp007-n2048-k12-d240-bs40-f1.000-r00:011069.798: (92 sec)
exp007-n2048-k12-d240-bs40-f1.000-r00:011069.798: Loop 58/100
exp007-n2048-k12-d240-bs40-f1.000-r00:011156.739: log(exp-norms): [2047.94, 2050.11, 2053.23]
exp007-n2048-k12-d240-bs40-f1.000-r00:011156.740: log(norms):     [2047.94, 2050.9, 2055.74, 2055.76, 2055.91, 2055.85, 2055.84, 2056.02, 2056.0, 2055.93]
exp007-n2048-k12-d240-bs40-f1.000-r00:011156.765: (87 sec)
exp007-n2048-k12-d240-bs40-f1.000-r00:011156.765: Loop 59/100
exp007-n2048-k12-d240-bs40-f1.000-r00:011247.859: log(exp-norms): [2047.94, 2050.11, 2053.23]
exp007-n2048-k12-d240-bs40-f1.000-r00:011247.860: log(norms):     [2047.94, 2050.9, 2055.74, 2055.76, 2055.91, 2055.85, 2055.84, 2056.02, 2055.91, 2056.0]
exp007-n2048-k12-d240-bs40-f1.000-r00:011247.884: (92 sec)
exp007-n2048-k12-d240-bs40-f1.000-r00:011247.885: Loop 60/100
exp007-n2048-k12-d240-bs40-f1.000-r00:011335.844: log(exp-norms): [2047.94, 2050.11, 2053.23]
exp007-n2048-k12-d240-bs40-f1.000-r00:011335.844: log(norms):     [2047.94, 2050.9, 2055.74, 2055.76, 2055.91, 2055.85, 2055.84, 2055.79, 2056.02, 2056.06]
exp007-n2048-k12-d240-bs40-f1.000-r00:011335.869: (88 sec)
exp007-n2048-k12-d240-bs40-f1.000-r00:011335.869: Loop 61/100
exp007-n2048-k12-d240-bs40-f1.000-r00:011428.322: log(exp-norms): [2047.94, 2050.11, 2053.23]
exp007-n2048-k12-d240-bs40-f1.000-r00:011428.322: log(norms):     [2047.94, 2050.9, 2055.74, 2055.76, 2055.91, 2055.85, 2055.9, 2055.79, 2055.84, 2055.93]
exp007-n2048-k12-d240-bs40-f1.000-r00:011428.361: (93 sec)
exp007-n2048-k12-d240-bs40-f1.000-r00:011428.362: Loop 62/100
exp007-n2048-k12-d240-bs40-f1.000-r00:011559.471: log(exp-norms): [2047.94, 2050.11, 2053.23]
exp007-n2048-k12-d240-bs40-f1.000-r00:011559.472: log(norms):     [2047.94, 2050.9, 2055.74, 2055.76, 2055.91, 2055.85, 2055.9, 2055.79, 2055.84, 2055.93]
exp007-n2048-k12-d240-bs40-f1.000-r00:011559.496: (132 sec)
exp007-n2048-k12-d240-bs40-f1.000-r00:011559.497: Loop 63/100
exp007-n2048-k12-d240-bs40-f1.000-r00:011643.852: log(exp-norms): [2047.94, 2050.11, 2053.23]
exp007-n2048-k12-d240-bs40-f1.000-r00:011643.852: log(norms):     [2047.94, 2050.9, 2055.74, 2055.76, 2055.91, 2055.85, 2055.9, 2055.79, 2055.84, 2055.93]
exp007-n2048-k12-d240-bs40-f1.000-r00:011643.878: (85 sec)
exp007-n2048-k12-d240-bs40-f1.000-r00:011643.878: Loop 64/100
exp007-n2048-k12-d240-bs40-f1.000-r00:011729.870: log(exp-norms): [2047.94, 2050.11, 2053.23]
exp007-n2048-k12-d240-bs40-f1.000-r00:011729.870: log(norms):     [2047.94, 2050.9, 2055.74, 2055.76, 2055.91, 2055.85, 2055.9, 2055.79, 2055.84, 2055.93]
exp007-n2048-k12-d240-bs40-f1.000-r00:011729.895: (87 sec)
exp007-n2048-k12-d240-bs40-f1.000-r00:011729.896: Loop 65/100
exp007-n2048-k12-d240-bs40-f1.000-r00:011818.881: log(exp-norms): [2047.94, 2050.11, 2053.23]
exp007-n2048-k12-d240-bs40-f1.000-r00:011818.881: log(norms):     [2047.94, 2050.9, 2055.74, 2055.76, 2055.91, 2055.85, 2055.9, 2055.79, 2055.84, 2055.93]
exp007-n2048-k12-d240-bs40-f1.000-r00:011818.906: (90 sec)
exp007-n2048-k12-d240-bs40-f1.000-r00:011818.906: Loop 66/100
exp007-n2048-k12-d240-bs40-f1.000-r00:011919.132: log(exp-norms): [2047.94, 2050.11, 2053.23]
exp007-n2048-k12-d240-bs40-f1.000-r00:011919.132: log(norms):     [2047.94, 2050.9, 2055.74, 2055.76, 2055.91, 2055.85, 2055.9, 2055.79, 2055.84, 2055.93]
exp007-n2048-k12-d240-bs40-f1.000-r00:011919.156: (101 sec)
exp007-n2048-k12-d240-bs40-f1.000-r00:011919.157: Loop 67/100
exp007-n2048-k12-d240-bs40-f1.000-r00:012007.189: log(exp-norms): [2047.94, 2050.11, 2053.23]
exp007-n2048-k12-d240-bs40-f1.000-r00:012007.190: log(norms):     [2047.94, 2050.9, 2055.71, 2055.76, 2055.9, 2055.79, 2055.85, 2055.8, 2055.85, 2055.78]
exp007-n2048-k12-d240-bs40-f1.000-r00:012007.216: (89 sec)
exp007-n2048-k12-d240-bs40-f1.000-r00:012007.216: Loop 68/100
exp007-n2048-k12-d240-bs40-f1.000-r00:012096.593: log(exp-norms): [2047.94, 2050.11, 2053.23]
exp007-n2048-k12-d240-bs40-f1.000-r00:012096.593: log(norms):     [2047.94, 2050.9, 2055.71, 2055.76, 2055.9, 2055.79, 2055.85, 2055.78, 2055.8, 2055.85]
exp007-n2048-k12-d240-bs40-f1.000-r00:012096.618: (90 sec)
exp007-n2048-k12-d240-bs40-f1.000-r00:012096.618: Loop 69/100
exp007-n2048-k12-d240-bs40-f1.000-r00:012193.534: log(exp-norms): [2047.94, 2050.11, 2053.23]
exp007-n2048-k12-d240-bs40-f1.000-r00:012193.534: log(norms):     [2047.94, 2050.9, 2055.71, 2055.76, 2055.9, 2055.79, 2055.85, 2055.78, 2055.8, 2055.85]
exp007-n2048-k12-d240-bs40-f1.000-r00:012193.561: (97 sec)
exp007-n2048-k12-d240-bs40-f1.000-r00:012193.561: Loop 70/100
exp007-n2048-k12-d240-bs40-f1.000-r00:012281.587: log(exp-norms): [2047.94, 2050.11, 2053.23]
exp007-n2048-k12-d240-bs40-f1.000-r00:012281.587: log(norms):     [2047.94, 2050.9, 2055.71, 2055.76, 2055.9, 2055.79, 2055.85, 2055.78, 2055.98, 2055.84]
exp007-n2048-k12-d240-bs40-f1.000-r00:012281.615: (89 sec)
exp007-n2048-k12-d240-bs40-f1.000-r00:012281.615: Loop 71/100
exp007-n2048-k12-d240-bs40-f1.000-r00:012409.948: log(exp-norms): [2047.94, 2050.11, 2053.23]
exp007-n2048-k12-d240-bs40-f1.000-r00:012409.948: log(norms):     [2047.94, 2050.9, 2055.71, 2055.76, 2055.9, 2055.79, 2055.85, 2055.78, 2055.98, 2055.84]
exp007-n2048-k12-d240-bs40-f1.000-r00:012409.976: (129 sec)
exp007-n2048-k12-d240-bs40-f1.000-r00:012409.976: Loop 72/100
exp007-n2048-k12-d240-bs40-f1.000-r00:012517.299: log(exp-norms): [2047.94, 2050.11, 2053.23]
exp007-n2048-k12-d240-bs40-f1.000-r00:012517.299: log(norms):     [2047.94, 2050.9, 2055.71, 2055.76, 2055.9, 2055.79, 2055.85, 2055.78, 2055.98, 2055.97]
exp007-n2048-k12-d240-bs40-f1.000-r00:012517.324: (108 sec)
exp007-n2048-k12-d240-bs40-f1.000-r00:012517.324: Loop 73/100
exp007-n2048-k12-d240-bs40-f1.000-r00:012612.008: log(exp-norms): [2047.94, 2050.11, 2053.23]
exp007-n2048-k12-d240-bs40-f1.000-r00:012612.008: log(norms):     [2047.94, 2050.9, 2055.71, 2055.76, 2055.9, 2055.79, 2055.85, 2055.78, 2055.98, 2055.97]
exp007-n2048-k12-d240-bs40-f1.000-r00:012612.032: (95 sec)
exp007-n2048-k12-d240-bs40-f1.000-r00:012612.033: Loop 74/100
exp007-n2048-k12-d240-bs40-f1.000-r00:012701.639: log(exp-norms): [2047.94, 2050.11, 2053.23]
exp007-n2048-k12-d240-bs40-f1.000-r00:012701.639: log(norms):     [2047.94, 2050.9, 2055.71, 2055.76, 2055.9, 2055.79, 2055.85, 2055.78, 2055.98, 2055.97]
exp007-n2048-k12-d240-bs40-f1.000-r00:012701.664: (90 sec)
exp007-n2048-k12-d240-bs40-f1.000-r00:012701.664: Loop 75/100
exp007-n2048-k12-d240-bs40-f1.000-r00:012789.887: log(exp-norms): [2047.94, 2050.11, 2053.23]
exp007-n2048-k12-d240-bs40-f1.000-r00:012789.887: log(norms):     [2047.94, 2050.9, 2055.71, 2055.76, 2055.9, 2055.79, 2055.85, 2055.78, 2055.98, 2055.97]
exp007-n2048-k12-d240-bs40-f1.000-r00:012789.911: (89 sec)
exp007-n2048-k12-d240-bs40-f1.000-r00:012789.912: Loop 76/100
exp007-n2048-k12-d240-bs40-f1.000-r00:012879.937: log(exp-norms): [2047.94, 2050.11, 2053.23]
exp007-n2048-k12-d240-bs40-f1.000-r00:012879.937: log(norms):     [2047.94, 2050.9, 2055.71, 2055.76, 2055.9, 2055.79, 2055.85, 2055.78, 2055.88, 2055.86]
exp007-n2048-k12-d240-bs40-f1.000-r00:012879.962: (91 sec)
exp007-n2048-k12-d240-bs40-f1.000-r00:012879.962: Loop 77/100
exp007-n2048-k12-d240-bs40-f1.000-r00:012971.088: log(exp-norms): [2047.94, 2050.11, 2053.23]
exp007-n2048-k12-d240-bs40-f1.000-r00:012971.088: log(norms):     [2047.94, 2050.9, 2055.71, 2055.76, 2055.9, 2055.79, 2055.85, 2055.78, 2055.88, 2056.03]
exp007-n2048-k12-d240-bs40-f1.000-r00:012971.113: (92 sec)
exp007-n2048-k12-d240-bs40-f1.000-r00:012971.113: Loop 78/100
exp007-n2048-k12-d240-bs40-f1.000-r00:013056.817: log(exp-norms): [2047.94, 2050.11, 2053.23]
exp007-n2048-k12-d240-bs40-f1.000-r00:013056.818: log(norms):     [2047.94, 2050.9, 2055.71, 2055.76, 2055.9, 2055.79, 2055.85, 2055.78, 2055.88, 2056.03]
exp007-n2048-k12-d240-bs40-f1.000-r00:013056.842: (86 sec)
exp007-n2048-k12-d240-bs40-f1.000-r00:013056.842: Loop 79/100
exp007-n2048-k12-d240-bs40-f1.000-r00:013150.987: log(exp-norms): [2047.94, 2050.11, 2053.23]
exp007-n2048-k12-d240-bs40-f1.000-r00:013150.988: log(norms):     [2047.94, 2050.9, 2055.71, 2055.76, 2055.9, 2055.79, 2055.85, 2055.78, 2055.88, 2056.03]
exp007-n2048-k12-d240-bs40-f1.000-r00:013151.029: (95 sec)
exp007-n2048-k12-d240-bs40-f1.000-r00:013151.029: Loop 80/100
exp007-n2048-k12-d240-bs40-f1.000-r00:013261.791: log(exp-norms): [2047.94, 2050.11, 2053.23]
exp007-n2048-k12-d240-bs40-f1.000-r00:013261.791: log(norms):     [2047.94, 2050.9, 2055.71, 2055.76, 2055.9, 2055.79, 2055.85, 2055.78, 2055.88, 2056.03]
exp007-n2048-k12-d240-bs40-f1.000-r00:013261.819: (111 sec)
exp007-n2048-k12-d240-bs40-f1.000-r00:013261.819: Loop 81/100
exp007-n2048-k12-d240-bs40-f1.000-r00:013359.349: log(exp-norms): [2047.94, 2050.11, 2053.23]
exp007-n2048-k12-d240-bs40-f1.000-r00:013359.350: log(norms):     [2047.94, 2050.9, 2055.71, 2055.76, 2055.9, 2055.79, 2055.85, 2055.78, 2055.88, 2056.03]
exp007-n2048-k12-d240-bs40-f1.000-r00:013359.375: (98 sec)
exp007-n2048-k12-d240-bs40-f1.000-r00:013359.375: Loop 82/100
exp007-n2048-k12-d240-bs40-f1.000-r00:013471.338: log(exp-norms): [2047.94, 2050.11, 2053.23]
exp007-n2048-k12-d240-bs40-f1.000-r00:013471.338: log(norms):     [2047.94, 2050.9, 2055.71, 2055.76, 2055.9, 2055.79, 2055.85, 2055.78, 2055.88, 2056.03]
exp007-n2048-k12-d240-bs40-f1.000-r00:013471.363: (112 sec)
exp007-n2048-k12-d240-bs40-f1.000-r00:013471.363: Loop 83/100
exp007-n2048-k12-d240-bs40-f1.000-r00:013572.364: log(exp-norms): [2047.94, 2050.11, 2053.23]
exp007-n2048-k12-d240-bs40-f1.000-r00:013572.364: log(norms):     [2047.94, 2050.9, 2055.71, 2055.76, 2055.9, 2055.79, 2055.85, 2055.78, 2055.88, 2056.03]
exp007-n2048-k12-d240-bs40-f1.000-r00:013572.405: (102 sec)
exp007-n2048-k12-d240-bs40-f1.000-r00:013572.405: Loop 84/100
exp007-n2048-k12-d240-bs40-f1.000-r00:013700.826: log(exp-norms): [2047.94, 2050.11, 2053.23]
exp007-n2048-k12-d240-bs40-f1.000-r00:013700.827: log(norms):     [2047.94, 2050.9, 2055.71, 2055.76, 2055.9, 2055.79, 2055.85, 2055.78, 2055.88, 2056.03]
exp007-n2048-k12-d240-bs40-f1.000-r00:013700.866: (129 sec)
exp007-n2048-k12-d240-bs40-f1.000-r00:013700.867: Loop 85/100
exp007-n2048-k12-d240-bs40-f1.000-r00:013840.315: log(exp-norms): [2047.94, 2050.11, 2053.23]
exp007-n2048-k12-d240-bs40-f1.000-r00:013840.315: log(norms):     [2047.94, 2050.9, 2055.71, 2055.76, 2055.9, 2055.79, 2055.85, 2055.78, 2055.88, 2056.03]
exp007-n2048-k12-d240-bs40-f1.000-r00:013840.340: (140 sec)
exp007-n2048-k12-d240-bs40-f1.000-r00:013840.340: Loop 86/100
exp007-n2048-k12-d240-bs40-f1.000-r00:013949.881: log(exp-norms): [2047.94, 2050.11, 2053.23]
exp007-n2048-k12-d240-bs40-f1.000-r00:013949.881: log(norms):     [2047.94, 2050.9, 2055.71, 2055.76, 2055.9, 2055.79, 2055.85, 2055.8, 2055.97, 2056.03]
exp007-n2048-k12-d240-bs40-f1.000-r00:013949.905: (110 sec)
exp007-n2048-k12-d240-bs40-f1.000-r00:013949.905: Loop 87/100
exp007-n2048-k12-d240-bs40-f1.000-r00:014033.974: log(exp-norms): [2047.94, 2050.11, 2053.23]
exp007-n2048-k12-d240-bs40-f1.000-r00:014033.975: log(norms):     [2047.94, 2050.9, 2055.71, 2055.76, 2055.9, 2055.79, 2055.85, 2055.8, 2055.97, 2056.03]
exp007-n2048-k12-d240-bs40-f1.000-r00:014034.000: (85 sec)
exp007-n2048-k12-d240-bs40-f1.000-r00:014034.000: Loop 88/100
exp007-n2048-k12-d240-bs40-f1.000-r00:014122.784: log(exp-norms): [2047.94, 2050.11, 2053.23]
exp007-n2048-k12-d240-bs40-f1.000-r00:014122.784: log(norms):     [2047.94, 2050.9, 2055.71, 2055.76, 2055.9, 2055.79, 2055.85, 2055.8, 2055.97, 2056.03]
exp007-n2048-k12-d240-bs40-f1.000-r00:014122.809: (89 sec)
exp007-n2048-k12-d240-bs40-f1.000-r00:014122.809: Loop 89/100
exp007-n2048-k12-d240-bs40-f1.000-r00:014209.470: log(exp-norms): [2047.94, 2050.11, 2053.23]
exp007-n2048-k12-d240-bs40-f1.000-r00:014209.470: log(norms):     [2047.94, 2050.9, 2055.71, 2055.76, 2055.9, 2055.79, 2055.85, 2055.8, 2055.97, 2056.03]
exp007-n2048-k12-d240-bs40-f1.000-r00:014209.494: (87 sec)
exp007-n2048-k12-d240-bs40-f1.000-r00:014209.495: Loop 90/100
exp007-n2048-k12-d240-bs40-f1.000-r00:014298.390: log(exp-norms): [2047.94, 2050.11, 2053.23]
exp007-n2048-k12-d240-bs40-f1.000-r00:014298.390: log(norms):     [2047.94, 2050.9, 2055.71, 2055.76, 2055.9, 2055.79, 2055.85, 2055.8, 2055.97, 2056.03]
exp007-n2048-k12-d240-bs40-f1.000-r00:014298.414: (89 sec)
exp007-n2048-k12-d240-bs40-f1.000-r00:014298.414: Loop 91/100
exp007-n2048-k12-d240-bs40-f1.000-r00:014382.178: log(exp-norms): [2047.94, 2050.11, 2053.23]
exp007-n2048-k12-d240-bs40-f1.000-r00:014382.178: log(norms):     [2047.94, 2050.9, 2055.71, 2055.76, 2055.9, 2055.79, 2055.85, 2055.95, 2055.88, 2055.78]
exp007-n2048-k12-d240-bs40-f1.000-r00:014382.203: (84 sec)
exp007-n2048-k12-d240-bs40-f1.000-r00:014382.203: Loop 92/100
exp007-n2048-k12-d240-bs40-f1.000-r00:014471.349: log(exp-norms): [2047.94, 2050.11, 2053.23]
exp007-n2048-k12-d240-bs40-f1.000-r00:014471.349: log(norms):     [2047.94, 2050.9, 2055.71, 2055.76, 2055.9, 2055.79, 2055.85, 2055.95, 2055.97, 2055.88]
exp007-n2048-k12-d240-bs40-f1.000-r00:014471.374: (90 sec)
exp007-n2048-k12-d240-bs40-f1.000-r00:014471.374: Loop 93/100
exp007-n2048-k12-d240-bs40-f1.000-r00:014560.076: log(exp-norms): [2047.94, 2050.11, 2053.23]
exp007-n2048-k12-d240-bs40-f1.000-r00:014560.076: log(norms):     [2047.94, 2050.9, 2055.71, 2055.76, 2055.9, 2055.79, 2055.85, 2055.95, 2055.97, 2055.88]
exp007-n2048-k12-d240-bs40-f1.000-r00:014560.100: (89 sec)
exp007-n2048-k12-d240-bs40-f1.000-r00:014560.100: Loop 94/100
exp007-n2048-k12-d240-bs40-f1.000-r00:014648.959: log(exp-norms): [2047.94, 2050.11, 2053.23]
exp007-n2048-k12-d240-bs40-f1.000-r00:014648.959: log(norms):     [2047.94, 2050.9, 2055.71, 2055.76, 2055.9, 2055.79, 2055.85, 2055.95, 2055.97, 2055.88]
exp007-n2048-k12-d240-bs40-f1.000-r00:014648.984: (89 sec)
exp007-n2048-k12-d240-bs40-f1.000-r00:014648.984: Loop 95/100
exp007-n2048-k12-d240-bs40-f1.000-r00:014734.648: log(exp-norms): [2047.94, 2050.11, 2053.23]
exp007-n2048-k12-d240-bs40-f1.000-r00:014734.649: log(norms):     [2047.94, 2050.9, 2055.71, 2055.76, 2055.9, 2055.79, 2055.85, 2055.95, 2055.97, 2056.02]
exp007-n2048-k12-d240-bs40-f1.000-r00:014734.673: (86 sec)
exp007-n2048-k12-d240-bs40-f1.000-r00:014734.673: Loop 96/100
exp007-n2048-k12-d240-bs40-f1.000-r00:014820.036: log(exp-norms): [2047.94, 2050.11, 2053.23]
exp007-n2048-k12-d240-bs40-f1.000-r00:014820.036: log(norms):     [2047.94, 2050.9, 2055.71, 2055.76, 2055.9, 2055.79, 2055.85, 2055.95, 2055.97, 2056.02]
exp007-n2048-k12-d240-bs40-f1.000-r00:014820.061: (86 sec)
exp007-n2048-k12-d240-bs40-f1.000-r00:014820.061: Loop 97/100
exp007-n2048-k12-d240-bs40-f1.000-r00:014907.875: log(exp-norms): [2047.94, 2050.11, 2053.23]
exp007-n2048-k12-d240-bs40-f1.000-r00:014907.876: log(norms):     [2047.94, 2050.9, 2055.71, 2055.76, 2055.9, 2055.79, 2055.85, 2055.95, 2055.97, 2056.02]
exp007-n2048-k12-d240-bs40-f1.000-r00:014907.900: (88 sec)
exp007-n2048-k12-d240-bs40-f1.000-r00:014907.900: Loop 98/100
exp007-n2048-k12-d240-bs40-f1.000-r00:014988.384: log(exp-norms): [2047.94, 2050.11, 2053.23]
exp007-n2048-k12-d240-bs40-f1.000-r00:014988.385: log(norms):     [2047.94, 2050.9, 2055.71, 2055.76, 2055.9, 2055.79, 2055.85, 2055.95, 2055.97, 2056.02]
exp007-n2048-k12-d240-bs40-f1.000-r00:014988.409: (81 sec)
exp007-n2048-k12-d240-bs40-f1.000-r00:014988.409: Loop 99/100
exp007-n2048-k12-d240-bs40-f1.000-r00:015076.074: log(exp-norms): [2047.94, 2050.11, 2053.23]
exp007-n2048-k12-d240-bs40-f1.000-r00:015076.074: log(norms):     [2047.94, 2050.9, 2055.71, 2055.76, 2055.9, 2055.79, 2055.85, 2055.95, 2055.97, 2056.02]
exp007-n2048-k12-d240-bs40-f1.000-r00:015076.104: (88 sec)
exp007-n2048-k12-d240-bs40-f1.000-r00:015076.104: Loop 100/100
exp007-n2048-k12-d240-bs40-f1.000-r00:015162.566: log(exp-norms): [2047.94, 2050.11, 2053.23]
exp007-n2048-k12-d240-bs40-f1.000-r00:015162.566: log(norms):     [2047.94, 2050.9, 2055.71, 2055.76, 2055.9, 2055.79, 2055.85, 2055.95, 2055.97, 2056.02]
exp007-n2048-k12-d240-bs40-f1.000-r00:015162.591: (87 sec)
exp007-n2048-k12-d240-bs40-f1.000-r00:015162.591: ==========================Summary===========================
exp007-n2048-k12-d240-bs40-f1.000-r00:015162.591: Total time: 15163sec
exp007-n2048-k12-d240-bs40-f1.000-r00:015162.591: FAIL
exp007-n2048-k12-d240-bs40-f1.000-r00:015162.591: SUMMARY:n:2048:k:12:d:240:bs:40:t:15163:r:False
