exp026-n2048-k16-d130-bs50-f1.000-r00:000000.346: ==========================Instance==========================
exp026-n2048-k16-d130-bs50-f1.000-r00:000000.347: # of equations: 130
exp026-n2048-k16-d130-bs50-f1.000-r00:000000.349: Gap: 0.95
exp026-n2048-k16-d130-bs50-f1.000-r00:000000.355: Tau: 0.32
exp026-n2048-k16-d130-bs50-f1.000-r00:000000.356: ======================BKZ-50 reduction======================
exp026-n2048-k16-d130-bs50-f1.000-r00:000002.612: Expectedly achievable log(norm): 2050.40
exp026-n2048-k16-d130-bs50-f1.000-r00:000003.900: log(exp-norms): [2047.94, 2049.67, 2049.59]
exp026-n2048-k16-d130-bs50-f1.000-r00:000003.900: log(norms):     [2066.62, 2050.46, 2063.89, 2063.89, 2063.89, 2063.89, 2063.89, 2063.89, 2063.89, 2063.89]
exp026-n2048-k16-d130-bs50-f1.000-r00:000003.955: Loop 1/100
exp026-n2048-k16-d130-bs50-f1.000-r00:000579.421: log(exp-norms): [2047.94, 2049.67, 2049.59]
exp026-n2048-k16-d130-bs50-f1.000-r00:000579.422: log(norms):     [2050.46, 2051.35, 2051.46, 2051.46, 2051.66, 2051.62, 2051.51, 2051.62, 2051.49, 2051.55]
exp026-n2048-k16-d130-bs50-f1.000-r00:000579.437: (576 sec)
exp026-n2048-k16-d130-bs50-f1.000-r00:000579.438: Loop 2/100
exp026-n2048-k16-d130-bs50-f1.000-r00:000719.263: log(exp-norms): [2047.94, 2049.67, 2049.59]
exp026-n2048-k16-d130-bs50-f1.000-r00:000719.263: log(norms):     [2050.46, 2050.96, 2050.98, 2051.07, 2050.94, 2051.11, 2051.07, 2051.19, 2051.09, 2051.19]
exp026-n2048-k16-d130-bs50-f1.000-r00:000719.278: (140 sec)
exp026-n2048-k16-d130-bs50-f1.000-r00:000719.279: Loop 3/100
exp026-n2048-k16-d130-bs50-f1.000-r00:000861.206: log(exp-norms): [2047.94, 2049.67, 2049.59]
exp026-n2048-k16-d130-bs50-f1.000-r00:000861.207: log(norms):     [2047.94, 2050.46, 2050.73, 2050.75, 2050.91, 2050.66, 2050.8, 2050.87, 2050.87, 2050.96]
exp026-n2048-k16-d130-bs50-f1.000-r00:000861.222: (142 sec)
exp026-n2048-k16-d130-bs50-f1.000-r00:000861.222: Loop 4/100
exp026-n2048-k16-d130-bs50-f1.000-r00:001055.346: log(exp-norms): [2047.94, 2049.67, 2049.59]
exp026-n2048-k16-d130-bs50-f1.000-r00:001055.346: log(norms):     [2047.94, 2050.46, 2050.66, 2050.71, 2050.69, 2050.62, 2050.77, 2050.81, 2050.69, 2050.74]
exp026-n2048-k16-d130-bs50-f1.000-r00:001055.373: (195 sec)
exp026-n2048-k16-d130-bs50-f1.000-r00:001055.373: Loop 5/100
exp026-n2048-k16-d130-bs50-f1.000-r00:001221.062: log(exp-norms): [2047.94, 2049.67, 2049.59]
exp026-n2048-k16-d130-bs50-f1.000-r00:001221.063: log(norms):     [2047.94, 2050.46, 2050.49, 2050.64, 2050.59, 2050.51, 2050.68, 2050.59, 2050.63, 2050.6]
exp026-n2048-k16-d130-bs50-f1.000-r00:001221.077: (166 sec)
exp026-n2048-k16-d130-bs50-f1.000-r00:001221.078: Loop 6/100
exp026-n2048-k16-d130-bs50-f1.000-r00:001331.178: log(exp-norms): [2047.94, 2049.67, 2049.59]
exp026-n2048-k16-d130-bs50-f1.000-r00:001331.178: log(norms):     [2047.94, 2050.46, 2050.51, 2050.68, 2050.76, 2050.49, 2050.56, 2050.77, 2050.58, 2050.87]
exp026-n2048-k16-d130-bs50-f1.000-r00:001331.193: (111 sec)
exp026-n2048-k16-d130-bs50-f1.000-r00:001331.193: Loop 7/100
exp026-n2048-k16-d130-bs50-f1.000-r00:001470.782: log(exp-norms): [2047.94, 2049.67, 2049.59]
exp026-n2048-k16-d130-bs50-f1.000-r00:001470.782: log(norms):     [2047.94, 2050.46, 2050.57, 2050.53, 2050.6, 2050.5, 2050.61, 2050.56, 2050.66, 2050.63]
exp026-n2048-k16-d130-bs50-f1.000-r00:001470.806: (140 sec)
exp026-n2048-k16-d130-bs50-f1.000-r00:001470.806: Loop 8/100
exp026-n2048-k16-d130-bs50-f1.000-r00:001628.776: log(exp-norms): [2047.94, 2049.67, 2049.59]
exp026-n2048-k16-d130-bs50-f1.000-r00:001628.776: log(norms):     [2047.94, 2050.46, 2050.57, 2050.56, 2050.5, 2050.6, 2050.56, 2050.33, 2050.51, 2050.54]
exp026-n2048-k16-d130-bs50-f1.000-r00:001628.791: (158 sec)
exp026-n2048-k16-d130-bs50-f1.000-r00:001628.791: Loop 9/100
exp026-n2048-k16-d130-bs50-f1.000-r00:001754.882: log(exp-norms): [2047.94, 2049.67, 2049.59]
exp026-n2048-k16-d130-bs50-f1.000-r00:001754.883: log(norms):     [2047.94, 2050.33, 2050.46, 2050.57, 2050.57, 2050.51, 2050.52, 2050.6, 2050.72, 2050.73]
exp026-n2048-k16-d130-bs50-f1.000-r00:001754.905: (127 sec)
exp026-n2048-k16-d130-bs50-f1.000-r00:001754.905: Loop 10/100
exp026-n2048-k16-d130-bs50-f1.000-r00:001883.899: log(exp-norms): [2047.94, 2049.67, 2049.59]
exp026-n2048-k16-d130-bs50-f1.000-r00:001883.899: log(norms):     [2047.94, 2050.33, 2050.46, 2050.59, 2050.57, 2050.47, 2050.38, 2050.59, 2050.6, 2050.62]
exp026-n2048-k16-d130-bs50-f1.000-r00:001883.922: (130 sec)
exp026-n2048-k16-d130-bs50-f1.000-r00:001883.923: Loop 11/100
exp026-n2048-k16-d130-bs50-f1.000-r00:002016.845: log(exp-norms): [2047.94, 2049.67, 2049.59]
exp026-n2048-k16-d130-bs50-f1.000-r00:002016.846: log(norms):     [2047.94, 2050.33, 2050.37, 2050.38, 2050.59, 2050.64, 2050.4, 2050.47, 2050.75, 2050.46]
exp026-n2048-k16-d130-bs50-f1.000-r00:002016.869: (133 sec)
exp026-n2048-k16-d130-bs50-f1.000-r00:002016.869: Loop 12/100
exp026-n2048-k16-d130-bs50-f1.000-r00:002181.967: log(exp-norms): [2047.94, 2049.67, 2049.59]
exp026-n2048-k16-d130-bs50-f1.000-r00:002181.968: log(norms):     [2047.94, 2050.33, 2050.37, 2050.38, 2050.59, 2050.61, 2050.46, 2050.64, 2050.59, 2050.71]
exp026-n2048-k16-d130-bs50-f1.000-r00:002181.990: (166 sec)
exp026-n2048-k16-d130-bs50-f1.000-r00:002181.991: Loop 13/100
exp026-n2048-k16-d130-bs50-f1.000-r00:002335.970: log(exp-norms): [2047.94, 2049.67, 2049.59]
exp026-n2048-k16-d130-bs50-f1.000-r00:002335.970: log(norms):     [2047.94, 2050.33, 2050.37, 2050.37, 2050.38, 2050.42, 2050.37, 2050.48, 2050.46, 2050.57]
exp026-n2048-k16-d130-bs50-f1.000-r00:002335.984: (154 sec)
exp026-n2048-k16-d130-bs50-f1.000-r00:002335.984: Loop 14/100
exp026-n2048-k16-d130-bs50-f1.000-r00:002430.832: log(exp-norms): [2047.94, 2049.67, 2049.59]
exp026-n2048-k16-d130-bs50-f1.000-r00:002430.833: log(norms):     [2047.94, 2050.33, 2050.37, 2050.37, 2050.38, 2050.42, 2050.37, 2050.48, 2050.46, 2050.57]
exp026-n2048-k16-d130-bs50-f1.000-r00:002430.849: (95 sec)
exp026-n2048-k16-d130-bs50-f1.000-r00:002430.849: Loop 15/100
exp026-n2048-k16-d130-bs50-f1.000-r00:002582.952: log(exp-norms): [2047.94, 2049.67, 2049.59]
exp026-n2048-k16-d130-bs50-f1.000-r00:002582.953: log(norms):     [2047.94, 2050.33, 2050.37, 2050.37, 2050.38, 2050.42, 2050.37, 2050.48, 2050.46, 2050.57]
exp026-n2048-k16-d130-bs50-f1.000-r00:002582.975: (153 sec)
exp026-n2048-k16-d130-bs50-f1.000-r00:002582.976: Loop 16/100
exp026-n2048-k16-d130-bs50-f1.000-r00:002736.966: log(exp-norms): [2047.94, 2049.67, 2049.59]
exp026-n2048-k16-d130-bs50-f1.000-r00:002736.966: log(norms):     [2047.94, 2050.33, 2050.37, 2050.37, 2050.43, 2050.42, 2050.38, 2050.37, 2050.6, 2050.35]
exp026-n2048-k16-d130-bs50-f1.000-r00:002736.985: (155 sec)
exp026-n2048-k16-d130-bs50-f1.000-r00:002736.986: Loop 17/100
exp026-n2048-k16-d130-bs50-f1.000-r00:002880.988: log(exp-norms): [2047.94, 2049.67, 2049.59]
exp026-n2048-k16-d130-bs50-f1.000-r00:002880.988: log(norms):     [2047.94, 2050.33, 2050.37, 2050.37, 2050.43, 2050.6, 2050.35, 2050.35, 2050.6, 2050.68]
exp026-n2048-k16-d130-bs50-f1.000-r00:002881.011: (145 sec)
exp026-n2048-k16-d130-bs50-f1.000-r00:002881.011: Loop 18/100
exp026-n2048-k16-d130-bs50-f1.000-r00:003019.009: log(exp-norms): [2047.94, 2049.67, 2049.59]
exp026-n2048-k16-d130-bs50-f1.000-r00:003019.009: log(norms):     [2047.94, 2050.33, 2050.37, 2050.37, 2050.43, 2050.6, 2050.35, 2050.35, 2050.6, 2050.68]
exp026-n2048-k16-d130-bs50-f1.000-r00:003019.031: (139 sec)
exp026-n2048-k16-d130-bs50-f1.000-r00:003019.032: Loop 19/100
exp026-n2048-k16-d130-bs50-f1.000-r00:003168.195: log(exp-norms): [2047.94, 2049.67, 2049.59]
exp026-n2048-k16-d130-bs50-f1.000-r00:003168.196: log(norms):     [2047.94, 2050.33, 2050.37, 2050.37, 2050.32, 2050.6, 2050.35, 2050.43, 2050.6, 2050.35]
exp026-n2048-k16-d130-bs50-f1.000-r00:003168.219: (150 sec)
exp026-n2048-k16-d130-bs50-f1.000-r00:003168.220: Loop 20/100
exp026-n2048-k16-d130-bs50-f1.000-r00:003324.671: log(exp-norms): [2047.94, 2049.67, 2049.59]
exp026-n2048-k16-d130-bs50-f1.000-r00:003324.672: log(norms):     [2047.94, 2050.33, 2050.37, 2050.37, 2050.32, 2050.6, 2050.35, 2050.35, 2050.53, 2050.42]
exp026-n2048-k16-d130-bs50-f1.000-r00:003324.685: (157 sec)
exp026-n2048-k16-d130-bs50-f1.000-r00:003324.686: Loop 21/100
exp026-n2048-k16-d130-bs50-f1.000-r00:003417.575: log(exp-norms): [2047.94, 2049.67, 2049.59]
exp026-n2048-k16-d130-bs50-f1.000-r00:003417.575: log(norms):     [2047.94, 2050.33, 2050.37, 2050.37, 2050.32, 2050.6, 2050.35, 2050.35, 2050.53, 2050.67]
exp026-n2048-k16-d130-bs50-f1.000-r00:003417.589: (93 sec)
exp026-n2048-k16-d130-bs50-f1.000-r00:003417.590: Loop 22/100
exp026-n2048-k16-d130-bs50-f1.000-r00:003550.640: log(exp-norms): [2047.94, 2049.67, 2049.59]
exp026-n2048-k16-d130-bs50-f1.000-r00:003550.641: log(norms):     [2047.94, 2050.33, 2050.37, 2050.37, 2050.32, 2050.6, 2050.35, 2050.35, 2050.53, 2050.67]
exp026-n2048-k16-d130-bs50-f1.000-r00:003550.664: (134 sec)
exp026-n2048-k16-d130-bs50-f1.000-r00:003550.664: Loop 23/100
exp026-n2048-k16-d130-bs50-f1.000-r00:003658.374: log(exp-norms): [2047.94, 2049.67, 2049.59]
exp026-n2048-k16-d130-bs50-f1.000-r00:003658.375: log(norms):     [2047.94, 2050.33, 2050.37, 2050.37, 2050.32, 2050.6, 2050.35, 2050.35, 2050.53, 2050.45]
exp026-n2048-k16-d130-bs50-f1.000-r00:003658.398: (108 sec)
exp026-n2048-k16-d130-bs50-f1.000-r00:003658.399: Loop 24/100
exp026-n2048-k16-d130-bs50-f1.000-r00:003806.777: log(exp-norms): [2047.94, 2049.67, 2049.59]
exp026-n2048-k16-d130-bs50-f1.000-r00:003806.777: log(norms):     [2047.94, 2050.33, 2050.37, 2050.37, 2050.32, 2050.6, 2050.35, 2050.35, 2050.53, 2050.45]
exp026-n2048-k16-d130-bs50-f1.000-r00:003806.791: (149 sec)
exp026-n2048-k16-d130-bs50-f1.000-r00:003806.792: Loop 25/100
exp026-n2048-k16-d130-bs50-f1.000-r00:003898.712: log(exp-norms): [2047.94, 2049.67, 2049.59]
exp026-n2048-k16-d130-bs50-f1.000-r00:003898.713: log(norms):     [2047.94, 2050.33, 2050.37, 2050.37, 2050.46, 2050.43, 2050.45, 2050.38, 2050.32, 2050.62]
exp026-n2048-k16-d130-bs50-f1.000-r00:003898.727: (92 sec)
exp026-n2048-k16-d130-bs50-f1.000-r00:003898.727: Loop 26/100
exp026-n2048-k16-d130-bs50-f1.000-r00:003990.216: log(exp-norms): [2047.94, 2049.67, 2049.59]
exp026-n2048-k16-d130-bs50-f1.000-r00:003990.217: log(norms):     [2047.94, 2050.33, 2050.37, 2050.37, 2050.46, 2050.43, 2050.45, 2050.38, 2050.32, 2050.62]
exp026-n2048-k16-d130-bs50-f1.000-r00:003990.231: (92 sec)
exp026-n2048-k16-d130-bs50-f1.000-r00:003990.231: Loop 27/100
exp026-n2048-k16-d130-bs50-f1.000-r00:004083.795: log(exp-norms): [2047.94, 2049.67, 2049.59]
exp026-n2048-k16-d130-bs50-f1.000-r00:004083.795: log(norms):     [2047.94, 2050.33, 2050.37, 2050.37, 2050.46, 2050.43, 2050.45, 2050.38, 2050.32, 2050.62]
exp026-n2048-k16-d130-bs50-f1.000-r00:004083.809: (94 sec)
exp026-n2048-k16-d130-bs50-f1.000-r00:004083.810: Loop 28/100
exp026-n2048-k16-d130-bs50-f1.000-r00:004179.501: log(exp-norms): [2047.94, 2049.67, 2049.59]
exp026-n2048-k16-d130-bs50-f1.000-r00:004179.501: log(norms):     [2047.94, 2050.33, 2050.37, 2050.37, 2050.46, 2050.43, 2050.45, 2050.38, 2050.32, 2050.62]
exp026-n2048-k16-d130-bs50-f1.000-r00:004179.523: (96 sec)
exp026-n2048-k16-d130-bs50-f1.000-r00:004179.524: Loop 29/100
exp026-n2048-k16-d130-bs50-f1.000-r00:004336.177: log(exp-norms): [2047.94, 2049.67, 2049.59]
exp026-n2048-k16-d130-bs50-f1.000-r00:004336.177: log(norms):     [2047.94, 2050.33, 2050.37, 2050.37, 2050.46, 2050.43, 2050.45, 2050.38, 2050.32, 2050.62]
exp026-n2048-k16-d130-bs50-f1.000-r00:004336.201: (157 sec)
exp026-n2048-k16-d130-bs50-f1.000-r00:004336.201: Loop 30/100
exp026-n2048-k16-d130-bs50-f1.000-r00:004500.374: log(exp-norms): [2047.94, 2049.67, 2049.59]
exp026-n2048-k16-d130-bs50-f1.000-r00:004500.375: log(norms):     [2047.94, 2050.33, 2050.37, 2050.37, 2050.46, 2050.43, 2050.45, 2050.38, 2050.58, 2050.61]
exp026-n2048-k16-d130-bs50-f1.000-r00:004500.397: (165 sec)
exp026-n2048-k16-d130-bs50-f1.000-r00:004500.398: Loop 31/100
exp026-n2048-k16-d130-bs50-f1.000-r00:004658.856: log(exp-norms): [2047.94, 2049.67, 2049.59]
exp026-n2048-k16-d130-bs50-f1.000-r00:004658.856: log(norms):     [2047.94, 2050.33, 2050.37, 2050.37, 2050.46, 2050.43, 2050.45, 2050.38, 2050.58, 2050.49]
exp026-n2048-k16-d130-bs50-f1.000-r00:004658.879: (159 sec)
exp026-n2048-k16-d130-bs50-f1.000-r00:004658.880: Loop 32/100
exp026-n2048-k16-d130-bs50-f1.000-r00:004807.174: log(exp-norms): [2047.94, 2049.67, 2049.59]
exp026-n2048-k16-d130-bs50-f1.000-r00:004807.175: log(norms):     [2047.94, 2050.33, 2050.37, 2050.37, 2050.46, 2050.43, 2050.47, 2050.45, 2050.56, 2050.54]
exp026-n2048-k16-d130-bs50-f1.000-r00:004807.197: (149 sec)
exp026-n2048-k16-d130-bs50-f1.000-r00:004807.197: Loop 33/100
exp026-n2048-k16-d130-bs50-f1.000-r00:004968.543: log(exp-norms): [2047.94, 2049.67, 2049.59]
exp026-n2048-k16-d130-bs50-f1.000-r00:004968.543: log(norms):     [2047.94, 2050.33, 2050.37, 2050.37, 2050.47, 2050.43, 2050.46, 2050.53, 2050.66, 2050.62]
exp026-n2048-k16-d130-bs50-f1.000-r00:004968.566: (162 sec)
exp026-n2048-k16-d130-bs50-f1.000-r00:004968.566: Loop 34/100
exp026-n2048-k16-d130-bs50-f1.000-r00:005081.018: log(exp-norms): [2047.94, 2049.67, 2049.59]
exp026-n2048-k16-d130-bs50-f1.000-r00:005081.019: log(norms):     [2047.94, 2050.33, 2050.37, 2050.37, 2050.47, 2050.43, 2050.46, 2050.53, 2050.6, 2050.66]
exp026-n2048-k16-d130-bs50-f1.000-r00:005081.033: (113 sec)
exp026-n2048-k16-d130-bs50-f1.000-r00:005081.033: Loop 35/100
exp026-n2048-k16-d130-bs50-f1.000-r00:005172.997: log(exp-norms): [2047.94, 2049.67, 2049.59]
exp026-n2048-k16-d130-bs50-f1.000-r00:005172.997: log(norms):     [2047.94, 2050.33, 2050.37, 2050.37, 2050.47, 2050.43, 2050.46, 2050.53, 2050.6, 2050.76]
exp026-n2048-k16-d130-bs50-f1.000-r00:005173.012: (92 sec)
exp026-n2048-k16-d130-bs50-f1.000-r00:005173.012: Loop 36/100
exp026-n2048-k16-d130-bs50-f1.000-r00:005266.445: log(exp-norms): [2047.94, 2049.67, 2049.59]
exp026-n2048-k16-d130-bs50-f1.000-r00:005266.445: log(norms):     [2047.94, 2050.33, 2050.37, 2050.37, 2050.47, 2050.43, 2050.46, 2050.53, 2050.6, 2050.57]
exp026-n2048-k16-d130-bs50-f1.000-r00:005266.467: (94 sec)
exp026-n2048-k16-d130-bs50-f1.000-r00:005266.467: Loop 37/100
exp026-n2048-k16-d130-bs50-f1.000-r00:005359.697: log(exp-norms): [2047.94, 2049.67, 2049.59]
exp026-n2048-k16-d130-bs50-f1.000-r00:005359.697: log(norms):     [2047.94, 2050.33, 2050.37, 2050.37, 2050.47, 2050.43, 2050.46, 2050.53, 2050.63, 2050.6]
exp026-n2048-k16-d130-bs50-f1.000-r00:005359.712: (94 sec)
exp026-n2048-k16-d130-bs50-f1.000-r00:005359.712: Loop 38/100
exp026-n2048-k16-d130-bs50-f1.000-r00:005454.766: log(exp-norms): [2047.94, 2049.67, 2049.59]
exp026-n2048-k16-d130-bs50-f1.000-r00:005454.766: log(norms):     [2047.94, 2050.33, 2050.37, 2050.37, 2050.47, 2050.43, 2050.46, 2050.53, 2050.62, 2050.51]
exp026-n2048-k16-d130-bs50-f1.000-r00:005454.781: (96 sec)
exp026-n2048-k16-d130-bs50-f1.000-r00:005454.781: Loop 39/100
exp026-n2048-k16-d130-bs50-f1.000-r00:005541.602: log(exp-norms): [2047.94, 2049.67, 2049.59]
exp026-n2048-k16-d130-bs50-f1.000-r00:005541.602: log(norms):     [2047.94, 2050.33, 2050.37, 2050.37, 2050.47, 2050.43, 2050.46, 2050.53, 2050.62, 2050.51]
exp026-n2048-k16-d130-bs50-f1.000-r00:005541.616: (87 sec)
exp026-n2048-k16-d130-bs50-f1.000-r00:005541.616: Loop 40/100
exp026-n2048-k16-d130-bs50-f1.000-r00:005637.223: log(exp-norms): [2047.94, 2049.67, 2049.59]
exp026-n2048-k16-d130-bs50-f1.000-r00:005637.224: log(norms):     [2047.94, 2050.33, 2050.37, 2050.37, 2050.47, 2050.43, 2050.46, 2050.53, 2050.62, 2050.51]
exp026-n2048-k16-d130-bs50-f1.000-r00:005637.238: (96 sec)
exp026-n2048-k16-d130-bs50-f1.000-r00:005637.238: Loop 41/100
exp026-n2048-k16-d130-bs50-f1.000-r00:005770.006: log(exp-norms): [2047.94, 2049.67, 2049.59]
exp026-n2048-k16-d130-bs50-f1.000-r00:005770.006: log(norms):     [2047.94, 2050.33, 2050.37, 2050.37, 2050.47, 2050.43, 2050.46, 2050.53, 2050.62, 2050.51]
exp026-n2048-k16-d130-bs50-f1.000-r00:005770.030: (133 sec)
exp026-n2048-k16-d130-bs50-f1.000-r00:005770.030: Loop 42/100
exp026-n2048-k16-d130-bs50-f1.000-r00:005929.523: log(exp-norms): [2047.94, 2049.67, 2049.59]
exp026-n2048-k16-d130-bs50-f1.000-r00:005929.524: log(norms):     [2047.94, 2050.33, 2050.37, 2050.37, 2050.47, 2050.43, 2050.46, 2050.53, 2050.62, 2050.51]
exp026-n2048-k16-d130-bs50-f1.000-r00:005929.546: (160 sec)
exp026-n2048-k16-d130-bs50-f1.000-r00:005929.546: Loop 43/100
exp026-n2048-k16-d130-bs50-f1.000-r00:006061.696: log(exp-norms): [2047.94, 2049.67, 2049.59]
exp026-n2048-k16-d130-bs50-f1.000-r00:006061.696: log(norms):     [2047.94, 2050.33, 2050.37, 2050.37, 2050.47, 2050.43, 2050.46, 2050.53, 2050.62, 2050.51]
exp026-n2048-k16-d130-bs50-f1.000-r00:006061.710: (133 sec)
exp026-n2048-k16-d130-bs50-f1.000-r00:006061.711: Loop 44/100
exp026-n2048-k16-d130-bs50-f1.000-r00:006174.486: log(exp-norms): [2047.94, 2049.67, 2049.59]
exp026-n2048-k16-d130-bs50-f1.000-r00:006174.486: log(norms):     [2047.94, 2050.33, 2050.37, 2050.37, 2050.47, 2050.43, 2050.46, 2050.53, 2050.62, 2050.51]
exp026-n2048-k16-d130-bs50-f1.000-r00:006174.500: (113 sec)
exp026-n2048-k16-d130-bs50-f1.000-r00:006174.500: Loop 45/100
exp026-n2048-k16-d130-bs50-f1.000-r00:006281.456: log(exp-norms): [2047.94, 2049.67, 2049.59]
exp026-n2048-k16-d130-bs50-f1.000-r00:006281.456: log(norms):     [2047.94, 2050.33, 2050.37, 2050.37, 2050.47, 2050.43, 2050.46, 2050.53, 2050.62, 2050.51]
exp026-n2048-k16-d130-bs50-f1.000-r00:006281.471: (107 sec)
exp026-n2048-k16-d130-bs50-f1.000-r00:006281.471: Loop 46/100
exp026-n2048-k16-d130-bs50-f1.000-r00:006366.284: log(exp-norms): [2047.94, 2049.67, 2049.59]
exp026-n2048-k16-d130-bs50-f1.000-r00:006366.285: log(norms):     [2047.94, 2050.33, 2050.37, 2050.37, 2050.47, 2050.43, 2050.46, 2050.53, 2050.62, 2050.51]
exp026-n2048-k16-d130-bs50-f1.000-r00:006366.298: (85 sec)
exp026-n2048-k16-d130-bs50-f1.000-r00:006366.299: Loop 47/100
exp026-n2048-k16-d130-bs50-f1.000-r00:006453.904: log(exp-norms): [2047.94, 2049.67, 2049.59]
exp026-n2048-k16-d130-bs50-f1.000-r00:006453.904: log(norms):     [2047.94, 2050.33, 2050.37, 2050.37, 2050.47, 2050.43, 2050.46, 2050.53, 2050.62, 2050.37]
exp026-n2048-k16-d130-bs50-f1.000-r00:006453.918: (88 sec)
exp026-n2048-k16-d130-bs50-f1.000-r00:006453.918: Loop 48/100
exp026-n2048-k16-d130-bs50-f1.000-r00:006546.148: log(exp-norms): [2047.94, 2049.67, 2049.59]
exp026-n2048-k16-d130-bs50-f1.000-r00:006546.149: log(norms):     [2047.94, 2050.33, 2050.37, 2050.37, 2050.47, 2050.43, 2050.46, 2050.53, 2050.62, 2050.37]
exp026-n2048-k16-d130-bs50-f1.000-r00:006546.163: (93 sec)
exp026-n2048-k16-d130-bs50-f1.000-r00:006546.163: Loop 49/100
exp026-n2048-k16-d130-bs50-f1.000-r00:006646.912: log(exp-norms): [2047.94, 2049.67, 2049.59]
exp026-n2048-k16-d130-bs50-f1.000-r00:006646.912: log(norms):     [2047.94, 2050.33, 2050.37, 2050.37, 2050.47, 2050.43, 2050.46, 2050.57, 2050.53, 2050.62]
exp026-n2048-k16-d130-bs50-f1.000-r00:006646.934: (101 sec)
exp026-n2048-k16-d130-bs50-f1.000-r00:006646.934: Loop 50/100
exp026-n2048-k16-d130-bs50-f1.000-r00:006780.063: log(exp-norms): [2047.94, 2049.67, 2049.59]
exp026-n2048-k16-d130-bs50-f1.000-r00:006780.063: log(norms):     [2047.94, 2050.33, 2050.37, 2050.37, 2050.47, 2050.43, 2050.46, 2050.57, 2050.53, 2050.62]
exp026-n2048-k16-d130-bs50-f1.000-r00:006780.078: (134 sec)
exp026-n2048-k16-d130-bs50-f1.000-r00:006780.078: Loop 51/100
exp026-n2048-k16-d130-bs50-f1.000-r00:006869.927: log(exp-norms): [2047.94, 2049.67, 2049.59]
exp026-n2048-k16-d130-bs50-f1.000-r00:006869.927: log(norms):     [2047.94, 2050.33, 2050.37, 2050.37, 2050.47, 2050.43, 2050.46, 2050.57, 2050.53, 2050.62]
exp026-n2048-k16-d130-bs50-f1.000-r00:006869.941: (90 sec)
exp026-n2048-k16-d130-bs50-f1.000-r00:006869.941: Loop 52/100
exp026-n2048-k16-d130-bs50-f1.000-r00:006959.853: log(exp-norms): [2047.94, 2049.67, 2049.59]
exp026-n2048-k16-d130-bs50-f1.000-r00:006959.854: log(norms):     [2047.94, 2050.33, 2050.37, 2050.37, 2050.47, 2050.43, 2050.46, 2050.57, 2050.53, 2050.62]
exp026-n2048-k16-d130-bs50-f1.000-r00:006959.868: (90 sec)
exp026-n2048-k16-d130-bs50-f1.000-r00:006959.868: Loop 53/100
exp026-n2048-k16-d130-bs50-f1.000-r00:007048.209: log(exp-norms): [2047.94, 2049.67, 2049.59]
exp026-n2048-k16-d130-bs50-f1.000-r00:007048.209: log(norms):     [2047.94, 2050.33, 2050.37, 2050.36, 2050.37, 2050.47, 2050.57, 2050.5, 2050.46, 2050.43]
exp026-n2048-k16-d130-bs50-f1.000-r00:007048.223: (89 sec)
exp026-n2048-k16-d130-bs50-f1.000-r00:007048.223: Loop 54/100
exp026-n2048-k16-d130-bs50-f1.000-r00:007133.255: log(exp-norms): [2047.94, 2049.67, 2049.59]
exp026-n2048-k16-d130-bs50-f1.000-r00:007133.255: log(norms):     [2047.94, 2050.33, 2050.37, 2050.36, 2050.46, 2050.43, 2050.45, 2050.47, 2050.57, 2050.57]
exp026-n2048-k16-d130-bs50-f1.000-r00:007133.269: (86 sec)
exp026-n2048-k16-d130-bs50-f1.000-r00:007133.269: Loop 55/100
exp026-n2048-k16-d130-bs50-f1.000-r00:007209.736: log(exp-norms): [2047.94, 2049.67, 2049.59]
exp026-n2048-k16-d130-bs50-f1.000-r00:007209.736: log(norms):     [2047.94, 2050.33, 2050.37, 2050.36, 2050.46, 2050.43, 2050.45, 2050.47, 2050.57, 2050.57]
exp026-n2048-k16-d130-bs50-f1.000-r00:007209.750: (77 sec)
exp026-n2048-k16-d130-bs50-f1.000-r00:007209.750: Loop 56/100
exp026-n2048-k16-d130-bs50-f1.000-r00:007300.235: log(exp-norms): [2047.94, 2049.67, 2049.59]
exp026-n2048-k16-d130-bs50-f1.000-r00:007300.235: log(norms):     [2047.94, 2050.33, 2050.37, 2050.36, 2050.46, 2050.43, 2050.45, 2050.47, 2050.57, 2050.57]
exp026-n2048-k16-d130-bs50-f1.000-r00:007300.250: (91 sec)
exp026-n2048-k16-d130-bs50-f1.000-r00:007300.250: Loop 57/100
exp026-n2048-k16-d130-bs50-f1.000-r00:007390.473: log(exp-norms): [2047.94, 2049.67, 2049.59]
exp026-n2048-k16-d130-bs50-f1.000-r00:007390.473: log(norms):     [2047.94, 2050.33, 2050.37, 2050.36, 2050.46, 2050.43, 2050.45, 2050.47, 2050.53, 2050.57]
exp026-n2048-k16-d130-bs50-f1.000-r00:007390.488: (91 sec)
exp026-n2048-k16-d130-bs50-f1.000-r00:007390.488: Loop 58/100
exp026-n2048-k16-d130-bs50-f1.000-r00:007481.403: log(exp-norms): [2047.94, 2049.67, 2049.59]
exp026-n2048-k16-d130-bs50-f1.000-r00:007481.403: log(norms):     [2047.94, 2050.33, 2050.37, 2050.36, 2050.46, 2050.43, 2050.45, 2050.47, 2050.53, 2050.57]
exp026-n2048-k16-d130-bs50-f1.000-r00:007481.417: (91 sec)
exp026-n2048-k16-d130-bs50-f1.000-r00:007481.417: Loop 59/100
exp026-n2048-k16-d130-bs50-f1.000-r00:007565.964: log(exp-norms): [2047.94, 2049.67, 2049.59]
exp026-n2048-k16-d130-bs50-f1.000-r00:007565.965: log(norms):     [2047.94, 2050.33, 2050.37, 2050.36, 2050.46, 2050.43, 2050.45, 2050.47, 2050.53, 2050.57]
exp026-n2048-k16-d130-bs50-f1.000-r00:007565.978: (85 sec)
exp026-n2048-k16-d130-bs50-f1.000-r00:007565.978: Loop 60/100
exp026-n2048-k16-d130-bs50-f1.000-r00:007650.688: log(exp-norms): [2047.94, 2049.67, 2049.59]
exp026-n2048-k16-d130-bs50-f1.000-r00:007650.689: log(norms):     [2047.94, 2050.33, 2050.37, 2050.36, 2050.46, 2050.43, 2050.45, 2050.47, 2050.53, 2050.57]
exp026-n2048-k16-d130-bs50-f1.000-r00:007650.703: (85 sec)
exp026-n2048-k16-d130-bs50-f1.000-r00:007650.703: Loop 61/100
exp026-n2048-k16-d130-bs50-f1.000-r00:007729.567: log(exp-norms): [2047.94, 2049.67, 2049.59]
exp026-n2048-k16-d130-bs50-f1.000-r00:007729.567: log(norms):     [2047.94, 2050.33, 2050.37, 2050.36, 2050.46, 2050.43, 2050.45, 2050.47, 2050.53, 2050.57]
exp026-n2048-k16-d130-bs50-f1.000-r00:007729.581: (79 sec)
exp026-n2048-k16-d130-bs50-f1.000-r00:007729.582: Loop 62/100
exp026-n2048-k16-d130-bs50-f1.000-r00:007810.695: log(exp-norms): [2047.94, 2049.67, 2049.59]
exp026-n2048-k16-d130-bs50-f1.000-r00:007810.695: log(norms):     [2047.94, 2050.33, 2050.37, 2050.36, 2050.46, 2050.43, 2050.45, 2050.47, 2050.53, 2050.57]
exp026-n2048-k16-d130-bs50-f1.000-r00:007810.709: (82 sec)
exp026-n2048-k16-d130-bs50-f1.000-r00:007810.709: Loop 63/100
exp026-n2048-k16-d130-bs50-f1.000-r00:007898.055: log(exp-norms): [2047.94, 2049.67, 2049.59]
exp026-n2048-k16-d130-bs50-f1.000-r00:007898.055: log(norms):     [2047.94, 2050.33, 2050.37, 2050.36, 2050.46, 2050.43, 2050.45, 2050.47, 2050.53, 2050.57]
exp026-n2048-k16-d130-bs50-f1.000-r00:007898.069: (88 sec)
exp026-n2048-k16-d130-bs50-f1.000-r00:007898.069: Loop 64/100
exp026-n2048-k16-d130-bs50-f1.000-r00:007983.214: log(exp-norms): [2047.94, 2049.67, 2049.59]
exp026-n2048-k16-d130-bs50-f1.000-r00:007983.214: log(norms):     [2047.94, 2050.33, 2050.37, 2050.36, 2050.46, 2050.43, 2050.38, 2050.45, 2050.53, 2050.47]
exp026-n2048-k16-d130-bs50-f1.000-r00:007983.228: (86 sec)
exp026-n2048-k16-d130-bs50-f1.000-r00:007983.228: Loop 65/100
exp026-n2048-k16-d130-bs50-f1.000-r00:008068.597: log(exp-norms): [2047.94, 2049.67, 2049.59]
exp026-n2048-k16-d130-bs50-f1.000-r00:008068.598: log(norms):     [2047.94, 2050.33, 2050.37, 2050.36, 2050.38, 2050.46, 2050.43, 2050.45, 2050.45, 2050.47]
exp026-n2048-k16-d130-bs50-f1.000-r00:008068.612: (86 sec)
exp026-n2048-k16-d130-bs50-f1.000-r00:008068.612: Loop 66/100
exp026-n2048-k16-d130-bs50-f1.000-r00:008159.679: log(exp-norms): [2047.94, 2049.67, 2049.59]
exp026-n2048-k16-d130-bs50-f1.000-r00:008159.679: log(norms):     [2047.94, 2050.33, 2050.37, 2050.36, 2050.38, 2050.46, 2050.43, 2050.45, 2050.45, 2050.47]
exp026-n2048-k16-d130-bs50-f1.000-r00:008159.702: (92 sec)
exp026-n2048-k16-d130-bs50-f1.000-r00:008159.702: Loop 67/100
exp026-n2048-k16-d130-bs50-f1.000-r00:008294.918: log(exp-norms): [2047.94, 2049.67, 2049.59]
exp026-n2048-k16-d130-bs50-f1.000-r00:008294.919: log(norms):     [2047.94, 2050.32, 2050.33, 2050.36, 2050.37, 2050.38, 2050.46, 2050.43, 2050.45, 2050.62]
exp026-n2048-k16-d130-bs50-f1.000-r00:008294.933: (136 sec)
exp026-n2048-k16-d130-bs50-f1.000-r00:008294.933: Loop 68/100
exp026-n2048-k16-d130-bs50-f1.000-r00:008377.461: log(exp-norms): [2047.94, 2049.67, 2049.59]
exp026-n2048-k16-d130-bs50-f1.000-r00:008377.461: log(norms):     [2047.94, 2050.32, 2050.33, 2050.36, 2050.37, 2050.38, 2050.46, 2050.43, 2050.45, 2050.62]
exp026-n2048-k16-d130-bs50-f1.000-r00:008377.475: (83 sec)
exp026-n2048-k16-d130-bs50-f1.000-r00:008377.475: Loop 69/100
exp026-n2048-k16-d130-bs50-f1.000-r00:008466.039: log(exp-norms): [2047.94, 2049.67, 2049.59]
exp026-n2048-k16-d130-bs50-f1.000-r00:008466.039: log(norms):     [2047.94, 2050.32, 2050.33, 2050.36, 2050.37, 2050.38, 2050.46, 2050.43, 2050.45, 2050.62]
exp026-n2048-k16-d130-bs50-f1.000-r00:008466.053: (89 sec)
exp026-n2048-k16-d130-bs50-f1.000-r00:008466.053: Loop 70/100
exp026-n2048-k16-d130-bs50-f1.000-r00:008559.336: log(exp-norms): [2047.94, 2049.67, 2049.59]
exp026-n2048-k16-d130-bs50-f1.000-r00:008559.336: log(norms):     [2047.94, 2050.32, 2050.33, 2050.36, 2050.37, 2050.38, 2050.46, 2050.43, 2050.67, 2050.45]
exp026-n2048-k16-d130-bs50-f1.000-r00:008559.350: (94 sec)
exp026-n2048-k16-d130-bs50-f1.000-r00:008559.350: Loop 71/100
exp026-n2048-k16-d130-bs50-f1.000-r00:008644.800: log(exp-norms): [2047.94, 2049.67, 2049.59]
exp026-n2048-k16-d130-bs50-f1.000-r00:008644.800: log(norms):     [2047.94, 2050.32, 2050.33, 2050.36, 2050.37, 2050.38, 2050.46, 2050.43, 2050.67, 2050.45]
exp026-n2048-k16-d130-bs50-f1.000-r00:008644.814: (86 sec)
exp026-n2048-k16-d130-bs50-f1.000-r00:008644.815: Loop 72/100
exp026-n2048-k16-d130-bs50-f1.000-r00:008732.232: log(exp-norms): [2047.94, 2049.67, 2049.59]
exp026-n2048-k16-d130-bs50-f1.000-r00:008732.232: log(norms):     [2047.94, 2050.32, 2050.33, 2050.36, 2050.37, 2050.38, 2050.46, 2050.43, 2050.67, 2050.45]
exp026-n2048-k16-d130-bs50-f1.000-r00:008732.247: (88 sec)
exp026-n2048-k16-d130-bs50-f1.000-r00:008732.247: Loop 73/100
exp026-n2048-k16-d130-bs50-f1.000-r00:008825.334: log(exp-norms): [2047.94, 2049.67, 2049.59]
exp026-n2048-k16-d130-bs50-f1.000-r00:008825.334: log(norms):     [2047.94, 2050.32, 2050.33, 2050.36, 2050.37, 2050.38, 2050.46, 2050.43, 2050.67, 2050.45]
exp026-n2048-k16-d130-bs50-f1.000-r00:008825.348: (94 sec)
exp026-n2048-k16-d130-bs50-f1.000-r00:008825.348: Loop 74/100
exp026-n2048-k16-d130-bs50-f1.000-r00:008908.872: log(exp-norms): [2047.94, 2049.67, 2049.59]
exp026-n2048-k16-d130-bs50-f1.000-r00:008908.872: log(norms):     [2047.94, 2050.32, 2050.33, 2050.36, 2050.37, 2050.38, 2050.46, 2050.43, 2050.67, 2050.45]
exp026-n2048-k16-d130-bs50-f1.000-r00:008908.886: (84 sec)
exp026-n2048-k16-d130-bs50-f1.000-r00:008908.886: Loop 75/100
exp026-n2048-k16-d130-bs50-f1.000-r00:009020.334: log(exp-norms): [2047.94, 2049.67, 2049.59]
exp026-n2048-k16-d130-bs50-f1.000-r00:009020.334: log(norms):     [2047.94, 2050.32, 2050.33, 2050.36, 2050.37, 2050.38, 2050.46, 2050.43, 2050.67, 2050.45]
exp026-n2048-k16-d130-bs50-f1.000-r00:009020.357: (112 sec)
exp026-n2048-k16-d130-bs50-f1.000-r00:009020.357: Loop 76/100
exp026-n2048-k16-d130-bs50-f1.000-r00:009172.593: log(exp-norms): [2047.94, 2049.67, 2049.59]
exp026-n2048-k16-d130-bs50-f1.000-r00:009172.593: log(norms):     [2047.94, 2050.32, 2050.33, 2050.36, 2050.37, 2050.38, 2050.37, 2050.46, 2050.66, 2050.45]
exp026-n2048-k16-d130-bs50-f1.000-r00:009172.615: (153 sec)
exp026-n2048-k16-d130-bs50-f1.000-r00:009172.615: Loop 77/100
exp026-n2048-k16-d130-bs50-f1.000-r00:009327.772: log(exp-norms): [2047.94, 2049.67, 2049.59]
exp026-n2048-k16-d130-bs50-f1.000-r00:009327.772: log(norms):     [2047.94, 2050.32, 2050.33, 2050.36, 2050.37, 2050.38, 2050.37, 2050.46, 2050.66, 2050.45]
exp026-n2048-k16-d130-bs50-f1.000-r00:009327.794: (156 sec)
exp026-n2048-k16-d130-bs50-f1.000-r00:009327.794: Loop 78/100
exp026-n2048-k16-d130-bs50-f1.000-r00:009443.010: log(exp-norms): [2047.94, 2049.67, 2049.59]
exp026-n2048-k16-d130-bs50-f1.000-r00:009443.010: log(norms):     [2047.94, 2050.32, 2050.33, 2050.36, 2050.37, 2050.38, 2050.37, 2050.46, 2050.66, 2050.45]
exp026-n2048-k16-d130-bs50-f1.000-r00:009443.023: (116 sec)
exp026-n2048-k16-d130-bs50-f1.000-r00:009443.024: Loop 79/100
exp026-n2048-k16-d130-bs50-f1.000-r00:009530.178: log(exp-norms): [2047.94, 2049.67, 2049.59]
exp026-n2048-k16-d130-bs50-f1.000-r00:009530.178: log(norms):     [2047.94, 2050.32, 2050.33, 2050.36, 2050.37, 2050.38, 2050.37, 2050.46, 2050.66, 2050.45]
exp026-n2048-k16-d130-bs50-f1.000-r00:009530.192: (88 sec)
exp026-n2048-k16-d130-bs50-f1.000-r00:009530.192: Loop 80/100
exp026-n2048-k16-d130-bs50-f1.000-r00:009619.226: log(exp-norms): [2047.94, 2049.67, 2049.59]
exp026-n2048-k16-d130-bs50-f1.000-r00:009619.226: log(norms):     [2047.94, 2050.32, 2050.33, 2050.36, 2050.37, 2050.38, 2050.37, 2050.46, 2050.66, 2050.43]
exp026-n2048-k16-d130-bs50-f1.000-r00:009619.240: (90 sec)
exp026-n2048-k16-d130-bs50-f1.000-r00:009619.240: Loop 81/100
exp026-n2048-k16-d130-bs50-f1.000-r00:009701.208: log(exp-norms): [2047.94, 2049.67, 2049.59]
exp026-n2048-k16-d130-bs50-f1.000-r00:009701.208: log(norms):     [2047.94, 2050.32, 2050.33, 2050.36, 2050.37, 2050.38, 2050.37, 2050.46, 2050.66, 2050.43]
exp026-n2048-k16-d130-bs50-f1.000-r00:009701.222: (82 sec)
exp026-n2048-k16-d130-bs50-f1.000-r00:009701.223: Loop 82/100
exp026-n2048-k16-d130-bs50-f1.000-r00:009783.574: log(exp-norms): [2047.94, 2049.67, 2049.59]
exp026-n2048-k16-d130-bs50-f1.000-r00:009783.574: log(norms):     [2047.94, 2050.32, 2050.33, 2050.36, 2050.37, 2050.38, 2050.37, 2050.46, 2050.66, 2050.43]
exp026-n2048-k16-d130-bs50-f1.000-r00:009783.588: (83 sec)
exp026-n2048-k16-d130-bs50-f1.000-r00:009783.588: Loop 83/100
exp026-n2048-k16-d130-bs50-f1.000-r00:009862.820: log(exp-norms): [2047.94, 2049.67, 2049.59]
exp026-n2048-k16-d130-bs50-f1.000-r00:009862.820: log(norms):     [2047.94, 2050.32, 2050.33, 2050.36, 2050.37, 2050.38, 2050.37, 2050.46, 2050.66, 2050.43]
exp026-n2048-k16-d130-bs50-f1.000-r00:009862.834: (80 sec)
exp026-n2048-k16-d130-bs50-f1.000-r00:009862.834: Loop 84/100
exp026-n2048-k16-d130-bs50-f1.000-r00:009947.344: log(exp-norms): [2047.94, 2049.67, 2049.59]
exp026-n2048-k16-d130-bs50-f1.000-r00:009947.344: log(norms):     [2047.94, 2050.32, 2050.33, 2050.36, 2050.37, 2050.38, 2050.37, 2050.46, 2050.66, 2050.43]
exp026-n2048-k16-d130-bs50-f1.000-r00:009947.357: (85 sec)
exp026-n2048-k16-d130-bs50-f1.000-r00:009947.358: Loop 85/100
exp026-n2048-k16-d130-bs50-f1.000-r00:010029.216: log(exp-norms): [2047.94, 2049.67, 2049.59]
exp026-n2048-k16-d130-bs50-f1.000-r00:010029.217: log(norms):     [2047.94, 2050.32, 2050.33, 2050.36, 2050.37, 2050.38, 2050.37, 2050.46, 2050.66, 2050.43]
exp026-n2048-k16-d130-bs50-f1.000-r00:010029.230: (82 sec)
exp026-n2048-k16-d130-bs50-f1.000-r00:010029.230: Loop 86/100
exp026-n2048-k16-d130-bs50-f1.000-r00:010117.684: log(exp-norms): [2047.94, 2049.67, 2049.59]
exp026-n2048-k16-d130-bs50-f1.000-r00:010117.685: log(norms):     [2047.94, 2050.32, 2050.33, 2050.36, 2050.37, 2050.38, 2050.37, 2050.46, 2050.66, 2050.43]
exp026-n2048-k16-d130-bs50-f1.000-r00:010117.698: (89 sec)
exp026-n2048-k16-d130-bs50-f1.000-r00:010117.698: Loop 87/100
exp026-n2048-k16-d130-bs50-f1.000-r00:010201.781: log(exp-norms): [2047.94, 2049.67, 2049.59]
exp026-n2048-k16-d130-bs50-f1.000-r00:010201.781: log(norms):     [2047.94, 2050.32, 2050.33, 2050.36, 2050.37, 2050.38, 2050.37, 2050.46, 2050.66, 2050.43]
exp026-n2048-k16-d130-bs50-f1.000-r00:010201.795: (85 sec)
exp026-n2048-k16-d130-bs50-f1.000-r00:010201.795: Loop 88/100
exp026-n2048-k16-d130-bs50-f1.000-r00:010285.609: log(exp-norms): [2047.94, 2049.67, 2049.59]
exp026-n2048-k16-d130-bs50-f1.000-r00:010285.609: log(norms):     [2047.94, 2050.32, 2050.33, 2050.36, 2050.37, 2050.38, 2050.37, 2050.46, 2050.66, 2050.43]
exp026-n2048-k16-d130-bs50-f1.000-r00:010285.624: (84 sec)
exp026-n2048-k16-d130-bs50-f1.000-r00:010285.624: Loop 89/100
exp026-n2048-k16-d130-bs50-f1.000-r00:010374.157: log(exp-norms): [2047.94, 2049.67, 2049.59]
exp026-n2048-k16-d130-bs50-f1.000-r00:010374.157: log(norms):     [2047.94, 2050.32, 2050.33, 2050.36, 2050.37, 2050.38, 2050.37, 2050.46, 2050.66, 2050.43]
exp026-n2048-k16-d130-bs50-f1.000-r00:010374.171: (89 sec)
exp026-n2048-k16-d130-bs50-f1.000-r00:010374.172: Loop 90/100
exp026-n2048-k16-d130-bs50-f1.000-r00:010459.678: log(exp-norms): [2047.94, 2049.67, 2049.59]
exp026-n2048-k16-d130-bs50-f1.000-r00:010459.678: log(norms):     [2047.94, 2050.32, 2050.33, 2050.36, 2050.37, 2050.38, 2050.37, 2050.46, 2050.66, 2050.56]
exp026-n2048-k16-d130-bs50-f1.000-r00:010459.692: (86 sec)
exp026-n2048-k16-d130-bs50-f1.000-r00:010459.692: Loop 91/100
exp026-n2048-k16-d130-bs50-f1.000-r00:010569.173: log(exp-norms): [2047.94, 2049.67, 2049.59]
exp026-n2048-k16-d130-bs50-f1.000-r00:010569.173: log(norms):     [2047.94, 2050.32, 2050.33, 2050.36, 2050.37, 2050.38, 2050.37, 2050.46, 2050.66, 2050.56]
exp026-n2048-k16-d130-bs50-f1.000-r00:010569.194: (110 sec)
exp026-n2048-k16-d130-bs50-f1.000-r00:010569.195: Loop 92/100
exp026-n2048-k16-d130-bs50-f1.000-r00:010721.439: log(exp-norms): [2047.94, 2049.67, 2049.59]
exp026-n2048-k16-d130-bs50-f1.000-r00:010721.439: log(norms):     [2047.94, 2050.32, 2050.33, 2050.36, 2050.37, 2050.38, 2050.37, 2050.46, 2050.66, 2050.56]
exp026-n2048-k16-d130-bs50-f1.000-r00:010721.453: (153 sec)
exp026-n2048-k16-d130-bs50-f1.000-r00:010721.453: Loop 93/100
exp026-n2048-k16-d130-bs50-f1.000-r00:010812.515: log(exp-norms): [2047.94, 2049.67, 2049.59]
exp026-n2048-k16-d130-bs50-f1.000-r00:010812.515: log(norms):     [2047.94, 2050.32, 2050.33, 2050.36, 2050.37, 2050.38, 2050.37, 2050.46, 2050.66, 2050.56]
exp026-n2048-k16-d130-bs50-f1.000-r00:010812.529: (92 sec)
exp026-n2048-k16-d130-bs50-f1.000-r00:010812.529: Loop 94/100
exp026-n2048-k16-d130-bs50-f1.000-r00:010901.290: log(exp-norms): [2047.94, 2049.67, 2049.59]
exp026-n2048-k16-d130-bs50-f1.000-r00:010901.291: log(norms):     [2047.94, 2050.32, 2050.33, 2050.36, 2050.37, 2050.38, 2050.37, 2050.46, 2050.66, 2050.56]
exp026-n2048-k16-d130-bs50-f1.000-r00:010901.304: (89 sec)
exp026-n2048-k16-d130-bs50-f1.000-r00:010901.304: Loop 95/100
exp026-n2048-k16-d130-bs50-f1.000-r00:010991.091: log(exp-norms): [2047.94, 2049.67, 2049.59]
exp026-n2048-k16-d130-bs50-f1.000-r00:010991.091: log(norms):     [2047.94, 2050.32, 2050.33, 2050.36, 2050.37, 2050.38, 2050.37, 2050.46, 2050.66, 2050.56]
exp026-n2048-k16-d130-bs50-f1.000-r00:010991.104: (90 sec)
exp026-n2048-k16-d130-bs50-f1.000-r00:010991.105: Loop 96/100
exp026-n2048-k16-d130-bs50-f1.000-r00:011082.989: log(exp-norms): [2047.94, 2049.67, 2049.59]
exp026-n2048-k16-d130-bs50-f1.000-r00:011082.989: log(norms):     [2047.94, 2050.32, 2050.33, 2050.36, 2050.37, 2050.38, 2050.37, 2050.46, 2050.49, 2050.66]
exp026-n2048-k16-d130-bs50-f1.000-r00:011083.003: (92 sec)
exp026-n2048-k16-d130-bs50-f1.000-r00:011083.003: Loop 97/100
exp026-n2048-k16-d130-bs50-f1.000-r00:011169.309: log(exp-norms): [2047.94, 2049.67, 2049.59]
exp026-n2048-k16-d130-bs50-f1.000-r00:011169.309: log(norms):     [2047.94, 2050.32, 2050.33, 2050.36, 2050.37, 2050.38, 2050.37, 2050.46, 2050.49, 2050.66]
exp026-n2048-k16-d130-bs50-f1.000-r00:011169.323: (87 sec)
exp026-n2048-k16-d130-bs50-f1.000-r00:011169.323: Loop 98/100
exp026-n2048-k16-d130-bs50-f1.000-r00:011259.410: log(exp-norms): [2047.94, 2049.67, 2049.59]
exp026-n2048-k16-d130-bs50-f1.000-r00:011259.410: log(norms):     [2047.94, 2050.32, 2050.33, 2050.36, 2050.37, 2050.38, 2050.37, 2050.46, 2050.49, 2050.66]
exp026-n2048-k16-d130-bs50-f1.000-r00:011259.424: (91 sec)
exp026-n2048-k16-d130-bs50-f1.000-r00:011259.424: Loop 99/100
exp026-n2048-k16-d130-bs50-f1.000-r00:011349.009: log(exp-norms): [2047.94, 2049.67, 2049.59]
exp026-n2048-k16-d130-bs50-f1.000-r00:011349.009: log(norms):     [2047.94, 2050.32, 2050.33, 2050.36, 2050.37, 2050.38, 2050.37, 2050.46, 2050.49, 2050.66]
exp026-n2048-k16-d130-bs50-f1.000-r00:011349.023: (90 sec)
exp026-n2048-k16-d130-bs50-f1.000-r00:011349.023: Loop 100/100
exp026-n2048-k16-d130-bs50-f1.000-r00:011445.323: log(exp-norms): [2047.94, 2049.67, 2049.59]
exp026-n2048-k16-d130-bs50-f1.000-r00:011445.323: log(norms):     [2047.94, 2050.32, 2050.33, 2050.36, 2050.37, 2050.38, 2050.37, 2050.46, 2050.49, 2050.66]
exp026-n2048-k16-d130-bs50-f1.000-r00:011445.345: (97 sec)
exp026-n2048-k16-d130-bs50-f1.000-r00:011445.346: ==========================Summary===========================
exp026-n2048-k16-d130-bs50-f1.000-r00:011445.346: Total time: 11445sec
exp026-n2048-k16-d130-bs50-f1.000-r00:011445.346: FAIL
exp026-n2048-k16-d130-bs50-f1.000-r00:011445.346: SUMMARY:n:2048:k:16:d:130:bs:50:t:11445:r:False
