exp021-n2048-k12-d240-bs60-f1.000-r00:000000.267: ==========================Instance==========================
exp021-n2048-k12-d240-bs60-f1.000-r00:000000.267: # of equations: 240
exp021-n2048-k12-d240-bs60-f1.000-r00:000000.271: Gap: 8.70
exp021-n2048-k12-d240-bs60-f1.000-r00:000000.278: Tau: 20.11
exp021-n2048-k12-d240-bs60-f1.000-r00:000000.279: ======================BKZ-60 reduction======================
exp021-n2048-k12-d240-bs60-f1.000-r00:000007.429: Expectedly achievable log(norm): 2055.30
exp021-n2048-k12-d240-bs60-f1.000-r00:000014.985: log(exp-norms): [2047.94, 2050.11, 2053.23]
exp021-n2048-k12-d240-bs60-f1.000-r00:000014.985: log(norms):     [2063.09, 2050.9, 2059.89, 2059.89, 2059.89, 2059.89, 2059.89, 2059.89, 2059.89, 2059.89]
exp021-n2048-k12-d240-bs60-f1.000-r00:000015.079: Loop 1/100
exp021-n2048-k12-d240-bs60-f1.000-r00:007197.864: log(exp-norms): [2047.94, 2050.11, 2053.23]
exp021-n2048-k12-d240-bs60-f1.000-r00:007197.865: log(norms):     [2050.9, 2057.83, 2057.87, 2057.86, 2058.0, 2057.87, 2058.05, 2058.01, 2058.05, 2058.04]
exp021-n2048-k12-d240-bs60-f1.000-r00:007197.906: (7183 sec)
exp021-n2048-k12-d240-bs60-f1.000-r00:007197.907: Loop 2/100
exp021-n2048-k12-d240-bs60-f1.000-r00:009472.095: log(exp-norms): [2047.94, 2050.11, 2053.23]
exp021-n2048-k12-d240-bs60-f1.000-r00:009472.095: log(norms):     [2047.94, 2050.9, 2057.38, 2057.42, 2057.41, 2057.43, 2057.58, 2057.39, 2057.49, 2057.38]
exp021-n2048-k12-d240-bs60-f1.000-r00:009472.120: (2275 sec)
exp021-n2048-k12-d240-bs60-f1.000-r00:009472.120: Loop 3/100
exp021-n2048-k12-d240-bs60-f1.000-r00:011644.010: log(exp-norms): [2047.94, 2050.11, 2053.23]
exp021-n2048-k12-d240-bs60-f1.000-r00:011644.011: log(norms):     [2047.94, 2050.9, 2056.99, 2057.11, 2057.06, 2057.16, 2057.21, 2057.16, 2057.04, 2057.21]
exp021-n2048-k12-d240-bs60-f1.000-r00:011644.050: (2172 sec)
exp021-n2048-k12-d240-bs60-f1.000-r00:011644.050: Loop 4/100
exp021-n2048-k12-d240-bs60-f1.000-r00:013833.890: log(exp-norms): [2047.94, 2050.11, 2053.23]
exp021-n2048-k12-d240-bs60-f1.000-r00:013833.890: log(norms):     [2047.94, 2050.9, 2056.61, 2056.63, 2056.76, 2056.68, 2056.79, 2056.74, 2056.65, 2056.65]
exp021-n2048-k12-d240-bs60-f1.000-r00:013833.930: (2190 sec)
exp021-n2048-k12-d240-bs60-f1.000-r00:013833.931: Loop 5/100
exp021-n2048-k12-d240-bs60-f1.000-r00:015705.294: log(exp-norms): [2047.94, 2050.11, 2053.23]
exp021-n2048-k12-d240-bs60-f1.000-r00:015705.294: log(norms):     [2047.94, 2050.9, 2056.26, 2056.35, 2056.32, 2056.41, 2056.42, 2056.27, 2056.36, 2056.46]
exp021-n2048-k12-d240-bs60-f1.000-r00:015705.320: (1872 sec)
exp021-n2048-k12-d240-bs60-f1.000-r00:015705.320: Loop 6/100
exp021-n2048-k12-d240-bs60-f1.000-r00:017160.991: log(exp-norms): [2047.94, 2050.11, 2053.23]
exp021-n2048-k12-d240-bs60-f1.000-r00:017160.991: log(norms):     [2047.94, 2050.9, 2056.07, 2056.11, 2056.12, 2056.1, 2056.37, 2056.11, 2056.15, 2056.03]
exp021-n2048-k12-d240-bs60-f1.000-r00:017161.016: (1456 sec)
exp021-n2048-k12-d240-bs60-f1.000-r00:017161.016: Loop 7/100
exp021-n2048-k12-d240-bs60-f1.000-r00:018646.018: log(exp-norms): [2047.94, 2050.11, 2053.23]
exp021-n2048-k12-d240-bs60-f1.000-r00:018646.018: log(norms):     [2047.94, 2050.07, 2050.9, 2055.85, 2055.89, 2055.93, 2055.94, 2055.91, 2056.05, 2056.04]
exp021-n2048-k12-d240-bs60-f1.000-r00:018646.043: (1486 sec)
exp021-n2048-k12-d240-bs60-f1.000-r00:018646.043: ==========================Summary===========================
exp021-n2048-k12-d240-bs60-f1.000-r00:018646.043: Total time: 18646sec
exp021-n2048-k12-d240-bs60-f1.000-r00:018646.043: SUCCESS
exp021-n2048-k12-d240-bs60-f1.000-r00:018646.043: HNP solution: 21167975012918209552870912686771806438255541139730826066240181635621995443071722460092792766861449656651971904291494739624795743912805281300205929006874334739401927940244927625209913798361661459251278313555519353642349115638315408362633444025792932001859113279660550582627886616827766347381574068296526040175929893169077556725088334319029806072045420620743758952554100350242506733953941532202221585526098667900646237835635973957787430016458915948532825984650322309201129448700846664082632282345847636675284528957185198677963453685751932736766208738712710808794428045621406898257160840156291641067235468252088992925184
exp021-n2048-k12-d240-bs60-f1.000-r00:018646.043: Shared secret: 21167975012918209552870912686771806438255541139730826066240181635621995443071722460092792766861449656651971904291494739624795743912805281300205929006874334739401927940244927625209913798361661459251278313555519353642349115638315408362633444025792932001859113279660550582627886616827766347381574068296526040175929893169077556725088334319029806072045420620743758952554100350242506733953941532202221585526098667900646237835635973957787430016458915948532825984650322309201129448700846664082632282345847636675284528957185198677963453685751932736766208738712710808794428045621406898257160840156291641067235468252088992925184
exp021-n2048-k12-d240-bs60-f1.000-r00:018646.043: SUMMARY:n:2048:k:12:d:240:bs:60:t:18646:r:True
