exp001-n1024-k08-d200-bs60-f1.000-r00:000000.175: ==========================Instance==========================
exp001-n1024-k08-d200-bs60-f1.000-r00:000000.175: # of equations: 200
exp001-n1024-k08-d200-bs60-f1.000-r00:000000.177: Gap: 4.20
exp001-n1024-k08-d200-bs60-f1.000-r00:000000.181: Tau: 5.14
exp001-n1024-k08-d200-bs60-f1.000-r00:000000.183: ======================BKZ-60 reduction======================
exp001-n1024-k08-d200-bs60-f1.000-r00:000004.874: Expectedly achievable log(norm): 1029.11
exp001-n1024-k08-d200-bs60-f1.000-r00:000009.577: log(exp-norms): [1023.47, 1025.5, 1027.58]
exp001-n1024-k08-d200-bs60-f1.000-r00:000009.577: log(norms):     [1033.93, 1026.3, 1030.94, 1030.94, 1030.94, 1030.94, 1030.94, 1030.94, 1030.94, 1030.94]
exp001-n1024-k08-d200-bs60-f1.000-r00:000009.670: Loop 1/100
exp001-n1024-k08-d200-bs60-f1.000-r00:001578.345: log(exp-norms): [1023.47, 1025.5, 1027.58]
exp001-n1024-k08-d200-bs60-f1.000-r00:001578.345: log(norms):     [1026.3, 1030.94, 1030.94, 1030.94, 1030.96, 1030.94, 1030.94, 1030.94, 1030.94, 1031.18]
exp001-n1024-k08-d200-bs60-f1.000-r00:001578.381: (1569 sec)
exp001-n1024-k08-d200-bs60-f1.000-r00:001578.382: Loop 2/100
exp001-n1024-k08-d200-bs60-f1.000-r00:002860.429: log(exp-norms): [1023.47, 1025.5, 1027.58]
exp001-n1024-k08-d200-bs60-f1.000-r00:002860.431: log(norms):     [1023.47, 1026.3, 1030.66, 1030.68, 1030.74, 1030.69, 1030.73, 1030.72, 1030.84, 1030.96]
exp001-n1024-k08-d200-bs60-f1.000-r00:002860.466: (1283 sec)
exp001-n1024-k08-d200-bs60-f1.000-r00:002860.467: Loop 3/100
exp001-n1024-k08-d200-bs60-f1.000-r00:004125.727: log(exp-norms): [1023.47, 1025.5, 1027.58]
exp001-n1024-k08-d200-bs60-f1.000-r00:004125.728: log(norms):     [1023.47, 1026.3, 1030.21, 1030.24, 1030.28, 1030.32, 1030.28, 1030.17, 1030.29, 1030.38]
exp001-n1024-k08-d200-bs60-f1.000-r00:004125.749: (1266 sec)
exp001-n1024-k08-d200-bs60-f1.000-r00:004125.749: Loop 4/100
exp001-n1024-k08-d200-bs60-f1.000-r00:005369.459: log(exp-norms): [1023.47, 1025.5, 1027.58]
exp001-n1024-k08-d200-bs60-f1.000-r00:005369.460: log(norms):     [1023.47, 1026.3, 1029.83, 1029.92, 1029.93, 1029.97, 1029.88, 1029.95, 1030.05, 1029.94]
exp001-n1024-k08-d200-bs60-f1.000-r00:005369.492: (1244 sec)
exp001-n1024-k08-d200-bs60-f1.000-r00:005369.492: Loop 5/100
exp001-n1024-k08-d200-bs60-f1.000-r00:006640.444: log(exp-norms): [1023.47, 1025.5, 1027.58]
exp001-n1024-k08-d200-bs60-f1.000-r00:006640.445: log(norms):     [1023.47, 1026.3, 1029.56, 1029.62, 1029.65, 1029.8, 1029.71, 1029.77, 1029.75, 1029.8]
exp001-n1024-k08-d200-bs60-f1.000-r00:006640.477: (1271 sec)
exp001-n1024-k08-d200-bs60-f1.000-r00:006640.478: Loop 6/100
exp001-n1024-k08-d200-bs60-f1.000-r00:007898.615: log(exp-norms): [1023.47, 1025.5, 1027.58]
exp001-n1024-k08-d200-bs60-f1.000-r00:007898.616: log(norms):     [1023.47, 1026.3, 1029.37, 1029.4, 1029.47, 1029.49, 1029.48, 1029.65, 1029.36, 1029.48]
exp001-n1024-k08-d200-bs60-f1.000-r00:007898.637: (1259 sec)
exp001-n1024-k08-d200-bs60-f1.000-r00:007898.637: Loop 7/100
exp001-n1024-k08-d200-bs60-f1.000-r00:009173.999: log(exp-norms): [1023.47, 1025.5, 1027.58]
exp001-n1024-k08-d200-bs60-f1.000-r00:009174.000: log(norms):     [1023.47, 1025.47, 1026.3, 1029.3, 1029.32, 1029.43, 1029.33, 1029.41, 1029.55, 1029.63]
exp001-n1024-k08-d200-bs60-f1.000-r00:009174.021: (1276 sec)
exp001-n1024-k08-d200-bs60-f1.000-r00:009174.021: ==========================Summary===========================
exp001-n1024-k08-d200-bs60-f1.000-r00:009174.021: Total time: 9174sec
exp001-n1024-k08-d200-bs60-f1.000-r00:009174.021: SUCCESS
exp001-n1024-k08-d200-bs60-f1.000-r00:009174.022: HNP solution: 100466552553276666976631490258212017311354091348378375644866344497402791957205605608517109683688901814212186680385797797946155212894744832712380767665525466005612085660533151658700899072273287215852373792360729653667222789636672140792908782700519735226567166321870401360904050477549173613523816716039329392354
exp001-n1024-k08-d200-bs60-f1.000-r00:009174.022: Shared secret: 100466552553276666976631490258212017311354091348378375644866344497402791957205605608517109683688901814212186680385797797946155212894744832712380767665525466005612085660533151658700899072273287215852373792360729653667222789636672140792908782700519735226567166321870401360904050477549173613523816716039329392354
exp001-n1024-k08-d200-bs60-f1.000-r00:009174.022: SUMMARY:n:1024:k:8:d:200:bs:60:t:9174:r:True
