exp020-n1024-k08-d200-bs60-f1.732-r03:000000.159: ==========================Instance==========================
exp020-n1024-k08-d200-bs60-f1.732-r03:000000.160: # of equations: 200
exp020-n1024-k08-d200-bs60-f1.732-r03:000000.162: Gap: 4.20
exp020-n1024-k08-d200-bs60-f1.732-r03:000000.165: Tau: 5.14
exp020-n1024-k08-d200-bs60-f1.732-r03:000000.165: ======================BKZ-60 reduction======================
exp020-n1024-k08-d200-bs60-f1.732-r03:000003.128: Expectedly achievable log(norm): 1029.11
exp020-n1024-k08-d200-bs60-f1.732-r03:000006.496: log(exp-norms): [1023.47, 1025.5, 1027.58]
exp020-n1024-k08-d200-bs60-f1.732-r03:000006.497: log(norms):     [1033.93, 1026.3, 1030.94, 1030.94, 1030.94, 1030.94, 1030.94, 1030.94, 1030.94, 1030.94]
exp020-n1024-k08-d200-bs60-f1.732-r03:000006.555: Loop 1/100
exp020-n1024-k08-d200-bs60-f1.732-r03:001523.805: log(exp-norms): [1023.47, 1025.5, 1027.58]
exp020-n1024-k08-d200-bs60-f1.732-r03:001523.807: log(norms):     [1026.3, 1030.14, 1030.94, 1030.94, 1030.94, 1031.08, 1031.11, 1031.28, 1031.26, 1031.16]
exp020-n1024-k08-d200-bs60-f1.732-r03:001523.841: (1518 sec)
exp020-n1024-k08-d200-bs60-f1.732-r03:001523.841: Loop 2/100
exp020-n1024-k08-d200-bs60-f1.732-r03:002635.575: log(exp-norms): [1023.47, 1025.5, 1027.58]
exp020-n1024-k08-d200-bs60-f1.732-r03:002635.577: log(norms):     [1023.47, 1026.3, 1030.14, 1030.47, 1030.53, 1030.7, 1030.52, 1030.62, 1030.69, 1030.57]
exp020-n1024-k08-d200-bs60-f1.732-r03:002635.610: (1112 sec)
exp020-n1024-k08-d200-bs60-f1.732-r03:002635.611: Loop 3/100
exp020-n1024-k08-d200-bs60-f1.732-r03:003800.367: log(exp-norms): [1023.47, 1025.5, 1027.58]
exp020-n1024-k08-d200-bs60-f1.732-r03:003800.368: log(norms):     [1023.47, 1026.3, 1030.09, 1030.13, 1030.14, 1030.22, 1030.15, 1030.34, 1030.25, 1030.22]
exp020-n1024-k08-d200-bs60-f1.732-r03:003800.403: (1165 sec)
exp020-n1024-k08-d200-bs60-f1.732-r03:003800.404: Loop 4/100
exp020-n1024-k08-d200-bs60-f1.732-r03:004938.673: log(exp-norms): [1023.47, 1025.5, 1027.58]
exp020-n1024-k08-d200-bs60-f1.732-r03:004938.673: log(norms):     [1023.47, 1026.3, 1029.85, 1029.92, 1029.86, 1029.96, 1029.86, 1029.93, 1029.88, 1029.84]
exp020-n1024-k08-d200-bs60-f1.732-r03:004938.694: (1139 sec)
exp020-n1024-k08-d200-bs60-f1.732-r03:004938.695: Loop 5/100
exp020-n1024-k08-d200-bs60-f1.732-r03:006106.065: log(exp-norms): [1023.47, 1025.5, 1027.58]
exp020-n1024-k08-d200-bs60-f1.732-r03:006106.066: log(norms):     [1023.47, 1026.3, 1029.58, 1029.59, 1029.61, 1029.64, 1029.65, 1029.8, 1029.61, 1029.78]
exp020-n1024-k08-d200-bs60-f1.732-r03:006106.088: (1168 sec)
exp020-n1024-k08-d200-bs60-f1.732-r03:006106.088: Loop 6/100
exp020-n1024-k08-d200-bs60-f1.732-r03:007250.066: log(exp-norms): [1023.47, 1025.5, 1027.58]
exp020-n1024-k08-d200-bs60-f1.732-r03:007250.067: log(norms):     [1023.47, 1026.3, 1029.43, 1029.49, 1029.45, 1029.6, 1029.53, 1029.51, 1029.42, 1029.57]
exp020-n1024-k08-d200-bs60-f1.732-r03:007250.089: (1145 sec)
exp020-n1024-k08-d200-bs60-f1.732-r03:007250.089: Loop 7/100
exp020-n1024-k08-d200-bs60-f1.732-r03:008581.623: log(exp-norms): [1023.47, 1025.5, 1027.58]
exp020-n1024-k08-d200-bs60-f1.732-r03:008581.623: log(norms):     [1023.47, 1026.3, 1029.31, 1029.33, 1029.4, 1029.43, 1029.47, 1029.42, 1029.51, 1029.41]
exp020-n1024-k08-d200-bs60-f1.732-r03:008581.657: (1332 sec)
exp020-n1024-k08-d200-bs60-f1.732-r03:008581.658: Loop 8/100
exp020-n1024-k08-d200-bs60-f1.732-r03:009756.062: log(exp-norms): [1023.47, 1025.5, 1027.58]
exp020-n1024-k08-d200-bs60-f1.732-r03:009756.063: log(norms):     [1023.47, 1025.46, 1026.3, 1029.25, 1029.29, 1029.34, 1029.25, 1029.31, 1029.36, 1029.29]
exp020-n1024-k08-d200-bs60-f1.732-r03:009756.084: (1175 sec)
exp020-n1024-k08-d200-bs60-f1.732-r03:009756.084: ==========================Summary===========================
exp020-n1024-k08-d200-bs60-f1.732-r03:009756.084: Total time: 9756sec
exp020-n1024-k08-d200-bs60-f1.732-r03:009756.084: SUCCESS
exp020-n1024-k08-d200-bs60-f1.732-r03:009756.084: HNP solution: 100466552553276666976631490258212017311354091348378375644866344497402791957205605608517109683688901814212186680385797797946155212894744832712380767665525466005612085660533151658700899072273287215852373792360729653667222789636672140792908782700519735226567166321870401360904050477549173613523816716039329392354
exp020-n1024-k08-d200-bs60-f1.732-r03:009756.085: Shared secret: 100466552553276666976631490258212017311354091348378375644866344497402791957205605608517109683688901814212186680385797797946155212894744832712380767665525466005612085660533151658700899072273287215852373792360729653667222789636672140792908782700519735226567166321870401360904050477549173613523816716039329392354
exp020-n1024-k08-d200-bs60-f1.732-r03:009756.085: SUMMARY:n:1024:k:8:d:200:bs:60:t:9756:r:True
