exp015-n1024-k08-d200-bs60-f1.750-r06:000000.202: ==========================Instance==========================
exp015-n1024-k08-d200-bs60-f1.750-r06:000000.202: # of equations: 200
exp015-n1024-k08-d200-bs60-f1.750-r06:000000.204: Gap: 4.20
exp015-n1024-k08-d200-bs60-f1.750-r06:000000.208: Tau: 5.14
exp015-n1024-k08-d200-bs60-f1.750-r06:000000.209: ======================BKZ-60 reduction======================
exp015-n1024-k08-d200-bs60-f1.750-r06:000004.873: Expectedly achievable log(norm): 1029.11
exp015-n1024-k08-d200-bs60-f1.750-r06:000009.594: log(exp-norms): [1023.47, 1025.5, 1027.58]
exp015-n1024-k08-d200-bs60-f1.750-r06:000009.594: log(norms):     [1033.93, 1026.3, 1030.94, 1030.94, 1030.94, 1030.94, 1030.94, 1030.94, 1030.94, 1030.94]
exp015-n1024-k08-d200-bs60-f1.750-r06:000009.689: Loop 1/100
exp015-n1024-k08-d200-bs60-f1.750-r06:001645.965: log(exp-norms): [1023.47, 1025.5, 1027.58]
exp015-n1024-k08-d200-bs60-f1.750-r06:001645.966: log(norms):     [1026.3, 1030.13, 1030.96, 1030.94, 1030.94, 1031.1, 1030.94, 1031.01, 1031.06, 1030.94]
exp015-n1024-k08-d200-bs60-f1.750-r06:001646.000: (1637 sec)
exp015-n1024-k08-d200-bs60-f1.750-r06:001646.000: Loop 2/100
exp015-n1024-k08-d200-bs60-f1.750-r06:003045.694: log(exp-norms): [1023.47, 1025.5, 1027.58]
exp015-n1024-k08-d200-bs60-f1.750-r06:003045.695: log(norms):     [1023.47, 1026.3, 1030.13, 1030.54, 1030.69, 1030.68, 1030.52, 1030.64, 1030.59, 1030.62]
exp015-n1024-k08-d200-bs60-f1.750-r06:003045.736: (1400 sec)
exp015-n1024-k08-d200-bs60-f1.750-r06:003045.736: Loop 3/100
exp015-n1024-k08-d200-bs60-f1.750-r06:004372.105: log(exp-norms): [1023.47, 1025.5, 1027.58]
exp015-n1024-k08-d200-bs60-f1.750-r06:004372.106: log(norms):     [1023.47, 1026.3, 1030.13, 1030.21, 1030.28, 1030.3, 1030.23, 1030.34, 1030.29, 1030.28]
exp015-n1024-k08-d200-bs60-f1.750-r06:004372.139: (1327 sec)
exp015-n1024-k08-d200-bs60-f1.750-r06:004372.139: Loop 4/100
exp015-n1024-k08-d200-bs60-f1.750-r06:005693.362: log(exp-norms): [1023.47, 1025.5, 1027.58]
exp015-n1024-k08-d200-bs60-f1.750-r06:005693.363: log(norms):     [1023.47, 1026.3, 1029.85, 1029.88, 1029.98, 1029.91, 1029.91, 1029.91, 1030.18, 1029.82]
exp015-n1024-k08-d200-bs60-f1.750-r06:005693.384: (1322 sec)
exp015-n1024-k08-d200-bs60-f1.750-r06:005693.384: Loop 5/100
exp015-n1024-k08-d200-bs60-f1.750-r06:007017.751: log(exp-norms): [1023.47, 1025.5, 1027.58]
exp015-n1024-k08-d200-bs60-f1.750-r06:007017.752: log(norms):     [1023.47, 1026.3, 1029.54, 1029.59, 1029.67, 1029.66, 1029.78, 1029.66, 1029.61, 1029.63]
exp015-n1024-k08-d200-bs60-f1.750-r06:007017.785: (1325 sec)
exp015-n1024-k08-d200-bs60-f1.750-r06:007017.785: Loop 6/100
exp015-n1024-k08-d200-bs60-f1.750-r06:008370.915: log(exp-norms): [1023.47, 1025.5, 1027.58]
exp015-n1024-k08-d200-bs60-f1.750-r06:008370.916: log(norms):     [1023.47, 1026.3, 1029.43, 1029.45, 1029.5, 1029.52, 1029.59, 1029.49, 1029.68, 1029.65]
exp015-n1024-k08-d200-bs60-f1.750-r06:008370.949: (1354 sec)
exp015-n1024-k08-d200-bs60-f1.750-r06:008370.950: Loop 7/100
exp015-n1024-k08-d200-bs60-f1.750-r06:009593.818: log(exp-norms): [1023.47, 1025.5, 1027.58]
exp015-n1024-k08-d200-bs60-f1.750-r06:009593.819: log(norms):     [1023.47, 1026.3, 1029.33, 1029.36, 1029.24, 1029.39, 1029.37, 1029.36, 1029.45, 1029.46]
exp015-n1024-k08-d200-bs60-f1.750-r06:009593.852: (1223 sec)
exp015-n1024-k08-d200-bs60-f1.750-r06:009593.853: Loop 8/100
exp015-n1024-k08-d200-bs60-f1.750-r06:010689.551: log(exp-norms): [1023.47, 1025.5, 1027.58]
exp015-n1024-k08-d200-bs60-f1.750-r06:010689.552: log(norms):     [1023.47, 1026.3, 1029.2, 1029.24, 1029.37, 1029.33, 1029.3, 1029.4, 1029.56, 1029.35]
exp015-n1024-k08-d200-bs60-f1.750-r06:010689.573: (1096 sec)
exp015-n1024-k08-d200-bs60-f1.750-r06:010689.574: Loop 9/100
exp015-n1024-k08-d200-bs60-f1.750-r06:011595.013: log(exp-norms): [1023.47, 1025.5, 1027.58]
exp015-n1024-k08-d200-bs60-f1.750-r06:011595.013: log(norms):     [1023.47, 1026.3, 1029.2, 1029.2, 1029.26, 1029.36, 1029.32, 1029.38, 1029.45, 1029.49]
exp015-n1024-k08-d200-bs60-f1.750-r06:011595.034: (906 sec)
exp015-n1024-k08-d200-bs60-f1.750-r06:011595.035: Loop 10/100
exp015-n1024-k08-d200-bs60-f1.750-r06:012758.019: log(exp-norms): [1023.47, 1025.5, 1027.58]
exp015-n1024-k08-d200-bs60-f1.750-r06:012758.020: log(norms):     [1023.47, 1026.3, 1029.09, 1029.2, 1029.24, 1029.35, 1029.3, 1029.36, 1029.24, 1029.36]
exp015-n1024-k08-d200-bs60-f1.750-r06:012758.041: (1164 sec)
exp015-n1024-k08-d200-bs60-f1.750-r06:012758.041: ==========================Summary===========================
exp015-n1024-k08-d200-bs60-f1.750-r06:012758.041: Total time: 12758sec
exp015-n1024-k08-d200-bs60-f1.750-r06:012758.041: SUCCESS
exp015-n1024-k08-d200-bs60-f1.750-r06:012758.041: HNP solution: 100466552553276666976631490258212017311354091348378375644866344497402791957205605608517109683688901814212186680385797797946155212894744832712380767665525466005612085660533151658700899072273287215852373792360729653667222789636672140792908782700519735226567166321870401360904050477549173613523816716039329392354
exp015-n1024-k08-d200-bs60-f1.750-r06:012758.042: Shared secret: 100466552553276666976631490258212017311354091348378375644866344497402791957205605608517109683688901814212186680385797797946155212894744832712380767665525466005612085660533151658700899072273287215852373792360729653667222789636672140792908782700519735226567166321870401360904050477549173613523816716039329392354
exp015-n1024-k08-d200-bs60-f1.750-r06:012758.042: SUMMARY:n:1024:k:8:d:200:bs:60:t:12758:r:True
