exp004-n1024-k08-d200-bs60-f1.000-r03:000000.178: ==========================Instance==========================
exp004-n1024-k08-d200-bs60-f1.000-r03:000000.178: # of equations: 200
exp004-n1024-k08-d200-bs60-f1.000-r03:000000.180: Gap: 4.20
exp004-n1024-k08-d200-bs60-f1.000-r03:000000.185: Tau: 5.14
exp004-n1024-k08-d200-bs60-f1.000-r03:000000.186: ======================BKZ-60 reduction======================
exp004-n1024-k08-d200-bs60-f1.000-r03:000004.819: Expectedly achievable log(norm): 1029.11
exp004-n1024-k08-d200-bs60-f1.000-r03:000010.722: log(exp-norms): [1023.47, 1025.5, 1027.58]
exp004-n1024-k08-d200-bs60-f1.000-r03:000010.722: log(norms):     [1033.93, 1026.3, 1030.94, 1030.94, 1030.94, 1030.94, 1030.94, 1030.94, 1030.94, 1030.94]
exp004-n1024-k08-d200-bs60-f1.000-r03:000010.789: Loop 1/100
exp004-n1024-k08-d200-bs60-f1.000-r03:001734.572: log(exp-norms): [1023.47, 1025.5, 1027.58]
exp004-n1024-k08-d200-bs60-f1.000-r03:001734.572: log(norms):     [1026.3, 1030.94, 1030.94, 1030.94, 1030.96, 1030.94, 1030.94, 1030.94, 1030.94, 1031.18]
exp004-n1024-k08-d200-bs60-f1.000-r03:001734.606: (1724 sec)
exp004-n1024-k08-d200-bs60-f1.000-r03:001734.606: Loop 2/100
exp004-n1024-k08-d200-bs60-f1.000-r03:003147.875: log(exp-norms): [1023.47, 1025.5, 1027.58]
exp004-n1024-k08-d200-bs60-f1.000-r03:003147.877: log(norms):     [1023.47, 1026.3, 1030.66, 1030.68, 1030.74, 1030.69, 1030.73, 1030.72, 1030.84, 1030.96]
exp004-n1024-k08-d200-bs60-f1.000-r03:003147.910: (1414 sec)
exp004-n1024-k08-d200-bs60-f1.000-r03:003147.911: Loop 3/100
exp004-n1024-k08-d200-bs60-f1.000-r03:004395.683: log(exp-norms): [1023.47, 1025.5, 1027.58]
exp004-n1024-k08-d200-bs60-f1.000-r03:004395.684: log(norms):     [1023.47, 1026.3, 1030.21, 1030.24, 1030.28, 1030.32, 1030.28, 1030.17, 1030.29, 1030.38]
exp004-n1024-k08-d200-bs60-f1.000-r03:004395.705: (1248 sec)
exp004-n1024-k08-d200-bs60-f1.000-r03:004395.705: Loop 4/100
exp004-n1024-k08-d200-bs60-f1.000-r03:005698.164: log(exp-norms): [1023.47, 1025.5, 1027.58]
exp004-n1024-k08-d200-bs60-f1.000-r03:005698.164: log(norms):     [1023.47, 1026.3, 1029.83, 1029.92, 1029.93, 1029.97, 1029.88, 1029.95, 1030.05, 1029.94]
exp004-n1024-k08-d200-bs60-f1.000-r03:005698.185: (1303 sec)
exp004-n1024-k08-d200-bs60-f1.000-r03:005698.186: Loop 5/100
exp004-n1024-k08-d200-bs60-f1.000-r03:007015.968: log(exp-norms): [1023.47, 1025.5, 1027.58]
exp004-n1024-k08-d200-bs60-f1.000-r03:007015.968: log(norms):     [1023.47, 1026.3, 1029.56, 1029.62, 1029.65, 1029.8, 1029.71, 1029.77, 1029.75, 1029.8]
exp004-n1024-k08-d200-bs60-f1.000-r03:007015.991: (1318 sec)
exp004-n1024-k08-d200-bs60-f1.000-r03:007015.991: Loop 6/100
exp004-n1024-k08-d200-bs60-f1.000-r03:008390.435: log(exp-norms): [1023.47, 1025.5, 1027.58]
exp004-n1024-k08-d200-bs60-f1.000-r03:008390.436: log(norms):     [1023.47, 1026.3, 1029.37, 1029.4, 1029.47, 1029.49, 1029.48, 1029.65, 1029.36, 1029.48]
exp004-n1024-k08-d200-bs60-f1.000-r03:008390.474: (1375 sec)
exp004-n1024-k08-d200-bs60-f1.000-r03:008390.475: Loop 7/100
exp004-n1024-k08-d200-bs60-f1.000-r03:009682.520: log(exp-norms): [1023.47, 1025.5, 1027.58]
exp004-n1024-k08-d200-bs60-f1.000-r03:009682.521: log(norms):     [1023.47, 1025.47, 1026.3, 1029.3, 1029.32, 1029.43, 1029.33, 1029.41, 1029.55, 1029.63]
exp004-n1024-k08-d200-bs60-f1.000-r03:009682.552: (1293 sec)
exp004-n1024-k08-d200-bs60-f1.000-r03:009682.553: ==========================Summary===========================
exp004-n1024-k08-d200-bs60-f1.000-r03:009682.553: Total time: 9683sec
exp004-n1024-k08-d200-bs60-f1.000-r03:009682.553: SUCCESS
exp004-n1024-k08-d200-bs60-f1.000-r03:009682.553: HNP solution: 100466552553276666976631490258212017311354091348378375644866344497402791957205605608517109683688901814212186680385797797946155212894744832712380767665525466005612085660533151658700899072273287215852373792360729653667222789636672140792908782700519735226567166321870401360904050477549173613523816716039329392354
exp004-n1024-k08-d200-bs60-f1.000-r03:009682.553: Shared secret: 100466552553276666976631490258212017311354091348378375644866344497402791957205605608517109683688901814212186680385797797946155212894744832712380767665525466005612085660533151658700899072273287215852373792360729653667222789636672140792908782700519735226567166321870401360904050477549173613523816716039329392354
exp004-n1024-k08-d200-bs60-f1.000-r03:009682.553: SUMMARY:n:1024:k:8:d:200:bs:60:t:9683:r:True
