exp013-n1024-k08-d200-bs60-f1.750-r04:000000.223: ==========================Instance==========================
exp013-n1024-k08-d200-bs60-f1.750-r04:000000.223: # of equations: 200
exp013-n1024-k08-d200-bs60-f1.750-r04:000000.225: Gap: 4.20
exp013-n1024-k08-d200-bs60-f1.750-r04:000000.230: Tau: 5.14
exp013-n1024-k08-d200-bs60-f1.750-r04:000000.230: ======================BKZ-60 reduction======================
exp013-n1024-k08-d200-bs60-f1.750-r04:000004.971: Expectedly achievable log(norm): 1029.11
exp013-n1024-k08-d200-bs60-f1.750-r04:000008.724: log(exp-norms): [1023.47, 1025.5, 1027.58]
exp013-n1024-k08-d200-bs60-f1.750-r04:000008.724: log(norms):     [1033.93, 1026.3, 1030.94, 1030.94, 1030.94, 1030.94, 1030.94, 1030.94, 1030.94, 1030.94]
exp013-n1024-k08-d200-bs60-f1.750-r04:000008.784: Loop 1/100
exp013-n1024-k08-d200-bs60-f1.750-r04:001572.635: log(exp-norms): [1023.47, 1025.5, 1027.58]
exp013-n1024-k08-d200-bs60-f1.750-r04:001572.636: log(norms):     [1026.3, 1030.13, 1030.96, 1030.94, 1030.94, 1031.1, 1030.94, 1031.01, 1031.06, 1030.94]
exp013-n1024-k08-d200-bs60-f1.750-r04:001572.671: (1564 sec)
exp013-n1024-k08-d200-bs60-f1.750-r04:001572.672: Loop 2/100
exp013-n1024-k08-d200-bs60-f1.750-r04:003001.758: log(exp-norms): [1023.47, 1025.5, 1027.58]
exp013-n1024-k08-d200-bs60-f1.750-r04:003001.759: log(norms):     [1023.47, 1026.3, 1030.13, 1030.54, 1030.69, 1030.68, 1030.52, 1030.64, 1030.59, 1030.62]
exp013-n1024-k08-d200-bs60-f1.750-r04:003001.794: (1430 sec)
exp013-n1024-k08-d200-bs60-f1.750-r04:003001.795: Loop 3/100
exp013-n1024-k08-d200-bs60-f1.750-r04:004439.525: log(exp-norms): [1023.47, 1025.5, 1027.58]
exp013-n1024-k08-d200-bs60-f1.750-r04:004439.525: log(norms):     [1023.47, 1026.3, 1030.13, 1030.21, 1030.28, 1030.3, 1030.23, 1030.34, 1030.29, 1030.28]
exp013-n1024-k08-d200-bs60-f1.750-r04:004439.557: (1438 sec)
exp013-n1024-k08-d200-bs60-f1.750-r04:004439.558: Loop 4/100
exp013-n1024-k08-d200-bs60-f1.750-r04:005732.625: log(exp-norms): [1023.47, 1025.5, 1027.58]
exp013-n1024-k08-d200-bs60-f1.750-r04:005732.626: log(norms):     [1023.47, 1026.3, 1029.85, 1029.88, 1029.98, 1029.91, 1029.91, 1029.91, 1030.18, 1029.82]
exp013-n1024-k08-d200-bs60-f1.750-r04:005732.648: (1294 sec)
exp013-n1024-k08-d200-bs60-f1.750-r04:005732.648: Loop 5/100
exp013-n1024-k08-d200-bs60-f1.750-r04:006897.486: log(exp-norms): [1023.47, 1025.5, 1027.58]
exp013-n1024-k08-d200-bs60-f1.750-r04:006897.487: log(norms):     [1023.47, 1026.3, 1029.54, 1029.59, 1029.67, 1029.66, 1029.78, 1029.66, 1029.61, 1029.63]
exp013-n1024-k08-d200-bs60-f1.750-r04:006897.519: (1165 sec)
exp013-n1024-k08-d200-bs60-f1.750-r04:006897.520: Loop 6/100
exp013-n1024-k08-d200-bs60-f1.750-r04:008077.443: log(exp-norms): [1023.47, 1025.5, 1027.58]
exp013-n1024-k08-d200-bs60-f1.750-r04:008077.444: log(norms):     [1023.47, 1026.3, 1029.43, 1029.45, 1029.5, 1029.52, 1029.59, 1029.49, 1029.68, 1029.65]
exp013-n1024-k08-d200-bs60-f1.750-r04:008077.465: (1180 sec)
exp013-n1024-k08-d200-bs60-f1.750-r04:008077.465: Loop 7/100
exp013-n1024-k08-d200-bs60-f1.750-r04:009326.345: log(exp-norms): [1023.47, 1025.5, 1027.58]
exp013-n1024-k08-d200-bs60-f1.750-r04:009326.345: log(norms):     [1023.47, 1026.3, 1029.33, 1029.36, 1029.24, 1029.39, 1029.37, 1029.36, 1029.45, 1029.46]
exp013-n1024-k08-d200-bs60-f1.750-r04:009326.377: (1249 sec)
exp013-n1024-k08-d200-bs60-f1.750-r04:009326.378: Loop 8/100
exp013-n1024-k08-d200-bs60-f1.750-r04:010428.186: log(exp-norms): [1023.47, 1025.5, 1027.58]
exp013-n1024-k08-d200-bs60-f1.750-r04:010428.187: log(norms):     [1023.47, 1026.3, 1029.2, 1029.24, 1029.37, 1029.33, 1029.3, 1029.4, 1029.56, 1029.35]
exp013-n1024-k08-d200-bs60-f1.750-r04:010428.208: (1102 sec)
exp013-n1024-k08-d200-bs60-f1.750-r04:010428.208: Loop 9/100
exp013-n1024-k08-d200-bs60-f1.750-r04:011359.620: log(exp-norms): [1023.47, 1025.5, 1027.58]
exp013-n1024-k08-d200-bs60-f1.750-r04:011359.620: log(norms):     [1023.47, 1026.3, 1029.2, 1029.2, 1029.26, 1029.36, 1029.32, 1029.38, 1029.45, 1029.49]
exp013-n1024-k08-d200-bs60-f1.750-r04:011359.640: (932 sec)
exp013-n1024-k08-d200-bs60-f1.750-r04:011359.641: Loop 10/100
exp013-n1024-k08-d200-bs60-f1.750-r04:012424.995: log(exp-norms): [1023.47, 1025.5, 1027.58]
exp013-n1024-k08-d200-bs60-f1.750-r04:012424.996: log(norms):     [1023.47, 1026.3, 1029.09, 1029.2, 1029.24, 1029.35, 1029.3, 1029.36, 1029.24, 1029.36]
exp013-n1024-k08-d200-bs60-f1.750-r04:012425.017: (1066 sec)
exp013-n1024-k08-d200-bs60-f1.750-r04:012425.017: ==========================Summary===========================
exp013-n1024-k08-d200-bs60-f1.750-r04:012425.017: Total time: 12425sec
exp013-n1024-k08-d200-bs60-f1.750-r04:012425.017: SUCCESS
exp013-n1024-k08-d200-bs60-f1.750-r04:012425.017: HNP solution: 100466552553276666976631490258212017311354091348378375644866344497402791957205605608517109683688901814212186680385797797946155212894744832712380767665525466005612085660533151658700899072273287215852373792360729653667222789636672140792908782700519735226567166321870401360904050477549173613523816716039329392354
exp013-n1024-k08-d200-bs60-f1.750-r04:012425.018: Shared secret: 100466552553276666976631490258212017311354091348378375644866344497402791957205605608517109683688901814212186680385797797946155212894744832712380767665525466005612085660533151658700899072273287215852373792360729653667222789636672140792908782700519735226567166321870401360904050477549173613523816716039329392354
exp013-n1024-k08-d200-bs60-f1.750-r04:012425.018: SUMMARY:n:1024:k:8:d:200:bs:60:t:12425:r:True
