exp017-n1024-k08-d200-bs60-f1.732-r00:000000.207: ==========================Instance==========================
exp017-n1024-k08-d200-bs60-f1.732-r00:000000.207: # of equations: 200
exp017-n1024-k08-d200-bs60-f1.732-r00:000000.211: Gap: 4.20
exp017-n1024-k08-d200-bs60-f1.732-r00:000000.215: Tau: 5.14
exp017-n1024-k08-d200-bs60-f1.732-r00:000000.216: ======================BKZ-60 reduction======================
exp017-n1024-k08-d200-bs60-f1.732-r00:000004.860: Expectedly achievable log(norm): 1029.11
exp017-n1024-k08-d200-bs60-f1.732-r00:000010.396: log(exp-norms): [1023.47, 1025.5, 1027.58]
exp017-n1024-k08-d200-bs60-f1.732-r00:000010.397: log(norms):     [1033.93, 1026.3, 1030.94, 1030.94, 1030.94, 1030.94, 1030.94, 1030.94, 1030.94, 1030.94]
exp017-n1024-k08-d200-bs60-f1.732-r00:000010.484: Loop 1/100
exp017-n1024-k08-d200-bs60-f1.732-r00:001639.681: log(exp-norms): [1023.47, 1025.5, 1027.58]
exp017-n1024-k08-d200-bs60-f1.732-r00:001639.681: log(norms):     [1026.3, 1030.14, 1030.94, 1030.94, 1030.94, 1031.08, 1031.11, 1031.28, 1031.26, 1031.16]
exp017-n1024-k08-d200-bs60-f1.732-r00:001639.705: (1630 sec)
exp017-n1024-k08-d200-bs60-f1.732-r00:001639.705: Loop 2/100
exp017-n1024-k08-d200-bs60-f1.732-r00:002925.425: log(exp-norms): [1023.47, 1025.5, 1027.58]
exp017-n1024-k08-d200-bs60-f1.732-r00:002925.426: log(norms):     [1023.47, 1026.3, 1030.14, 1030.47, 1030.53, 1030.7, 1030.52, 1030.62, 1030.69, 1030.57]
exp017-n1024-k08-d200-bs60-f1.732-r00:002925.448: (1286 sec)
exp017-n1024-k08-d200-bs60-f1.732-r00:002925.448: Loop 3/100
exp017-n1024-k08-d200-bs60-f1.732-r00:004252.355: log(exp-norms): [1023.47, 1025.5, 1027.58]
exp017-n1024-k08-d200-bs60-f1.732-r00:004252.356: log(norms):     [1023.47, 1026.3, 1030.09, 1030.13, 1030.14, 1030.22, 1030.15, 1030.34, 1030.25, 1030.22]
exp017-n1024-k08-d200-bs60-f1.732-r00:004252.389: (1327 sec)
exp017-n1024-k08-d200-bs60-f1.732-r00:004252.390: Loop 4/100
exp017-n1024-k08-d200-bs60-f1.732-r00:005613.342: log(exp-norms): [1023.47, 1025.5, 1027.58]
exp017-n1024-k08-d200-bs60-f1.732-r00:005613.342: log(norms):     [1023.47, 1026.3, 1029.85, 1029.92, 1029.86, 1029.96, 1029.86, 1029.93, 1029.88, 1029.84]
exp017-n1024-k08-d200-bs60-f1.732-r00:005613.364: (1361 sec)
exp017-n1024-k08-d200-bs60-f1.732-r00:005613.364: Loop 5/100
exp017-n1024-k08-d200-bs60-f1.732-r00:006891.397: log(exp-norms): [1023.47, 1025.5, 1027.58]
exp017-n1024-k08-d200-bs60-f1.732-r00:006891.398: log(norms):     [1023.47, 1026.3, 1029.58, 1029.59, 1029.61, 1029.64, 1029.65, 1029.8, 1029.61, 1029.78]
exp017-n1024-k08-d200-bs60-f1.732-r00:006891.419: (1279 sec)
exp017-n1024-k08-d200-bs60-f1.732-r00:006891.420: Loop 6/100
exp017-n1024-k08-d200-bs60-f1.732-r00:008246.791: log(exp-norms): [1023.47, 1025.5, 1027.58]
exp017-n1024-k08-d200-bs60-f1.732-r00:008246.792: log(norms):     [1023.47, 1026.3, 1029.43, 1029.49, 1029.45, 1029.6, 1029.53, 1029.51, 1029.42, 1029.57]
exp017-n1024-k08-d200-bs60-f1.732-r00:008246.815: (1356 sec)
exp017-n1024-k08-d200-bs60-f1.732-r00:008246.815: Loop 7/100
exp017-n1024-k08-d200-bs60-f1.732-r00:009564.591: log(exp-norms): [1023.47, 1025.5, 1027.58]
exp017-n1024-k08-d200-bs60-f1.732-r00:009564.593: log(norms):     [1023.47, 1026.3, 1029.31, 1029.33, 1029.4, 1029.43, 1029.47, 1029.42, 1029.51, 1029.41]
exp017-n1024-k08-d200-bs60-f1.732-r00:009564.614: (1318 sec)
exp017-n1024-k08-d200-bs60-f1.732-r00:009564.614: Loop 8/100
exp017-n1024-k08-d200-bs60-f1.732-r00:010703.623: log(exp-norms): [1023.47, 1025.5, 1027.58]
exp017-n1024-k08-d200-bs60-f1.732-r00:010703.624: log(norms):     [1023.47, 1025.46, 1026.3, 1029.25, 1029.29, 1029.34, 1029.25, 1029.31, 1029.36, 1029.29]
exp017-n1024-k08-d200-bs60-f1.732-r00:010703.657: (1140 sec)
exp017-n1024-k08-d200-bs60-f1.732-r00:010703.658: ==========================Summary===========================
exp017-n1024-k08-d200-bs60-f1.732-r00:010703.658: Total time: 10704sec
exp017-n1024-k08-d200-bs60-f1.732-r00:010703.658: SUCCESS
exp017-n1024-k08-d200-bs60-f1.732-r00:010703.658: HNP solution: 100466552553276666976631490258212017311354091348378375644866344497402791957205605608517109683688901814212186680385797797946155212894744832712380767665525466005612085660533151658700899072273287215852373792360729653667222789636672140792908782700519735226567166321870401360904050477549173613523816716039329392354
exp017-n1024-k08-d200-bs60-f1.732-r00:010703.658: Shared secret: 100466552553276666976631490258212017311354091348378375644866344497402791957205605608517109683688901814212186680385797797946155212894744832712380767665525466005612085660533151658700899072273287215852373792360729653667222789636672140792908782700519735226567166321870401360904050477549173613523816716039329392354
exp017-n1024-k08-d200-bs60-f1.732-r00:010703.658: SUMMARY:n:1024:k:8:d:200:bs:60:t:10704:r:True
