exp002-n1024-k08-d200-bs60-f1.000-r01:000000.176: ==========================Instance==========================
exp002-n1024-k08-d200-bs60-f1.000-r01:000000.176: # of equations: 200
exp002-n1024-k08-d200-bs60-f1.000-r01:000000.178: Gap: 4.20
exp002-n1024-k08-d200-bs60-f1.000-r01:000000.182: Tau: 5.14
exp002-n1024-k08-d200-bs60-f1.000-r01:000000.184: ======================BKZ-60 reduction======================
exp002-n1024-k08-d200-bs60-f1.000-r01:000004.793: Expectedly achievable log(norm): 1029.11
exp002-n1024-k08-d200-bs60-f1.000-r01:000009.510: log(exp-norms): [1023.47, 1025.5, 1027.58]
exp002-n1024-k08-d200-bs60-f1.000-r01:000009.511: log(norms):     [1033.93, 1026.3, 1030.94, 1030.94, 1030.94, 1030.94, 1030.94, 1030.94, 1030.94, 1030.94]
exp002-n1024-k08-d200-bs60-f1.000-r01:000009.604: Loop 1/100
exp002-n1024-k08-d200-bs60-f1.000-r01:001666.652: log(exp-norms): [1023.47, 1025.5, 1027.58]
exp002-n1024-k08-d200-bs60-f1.000-r01:001666.653: log(norms):     [1026.3, 1030.94, 1030.94, 1030.94, 1030.96, 1030.94, 1030.94, 1030.94, 1030.94, 1031.18]
exp002-n1024-k08-d200-bs60-f1.000-r01:001666.674: (1658 sec)
exp002-n1024-k08-d200-bs60-f1.000-r01:001666.675: Loop 2/100
exp002-n1024-k08-d200-bs60-f1.000-r01:003115.402: log(exp-norms): [1023.47, 1025.5, 1027.58]
exp002-n1024-k08-d200-bs60-f1.000-r01:003115.403: log(norms):     [1023.47, 1026.3, 1030.66, 1030.68, 1030.74, 1030.69, 1030.73, 1030.72, 1030.84, 1030.96]
exp002-n1024-k08-d200-bs60-f1.000-r01:003115.436: (1449 sec)
exp002-n1024-k08-d200-bs60-f1.000-r01:003115.436: Loop 3/100
exp002-n1024-k08-d200-bs60-f1.000-r01:004380.824: log(exp-norms): [1023.47, 1025.5, 1027.58]
exp002-n1024-k08-d200-bs60-f1.000-r01:004380.825: log(norms):     [1023.47, 1026.3, 1030.21, 1030.24, 1030.28, 1030.32, 1030.28, 1030.17, 1030.29, 1030.38]
exp002-n1024-k08-d200-bs60-f1.000-r01:004380.860: (1266 sec)
exp002-n1024-k08-d200-bs60-f1.000-r01:004380.860: Loop 4/100
exp002-n1024-k08-d200-bs60-f1.000-r01:005697.097: log(exp-norms): [1023.47, 1025.5, 1027.58]
exp002-n1024-k08-d200-bs60-f1.000-r01:005697.098: log(norms):     [1023.47, 1026.3, 1029.83, 1029.92, 1029.93, 1029.97, 1029.88, 1029.95, 1030.05, 1029.94]
exp002-n1024-k08-d200-bs60-f1.000-r01:005697.120: (1317 sec)
exp002-n1024-k08-d200-bs60-f1.000-r01:005697.120: Loop 5/100
exp002-n1024-k08-d200-bs60-f1.000-r01:006962.451: log(exp-norms): [1023.47, 1025.5, 1027.58]
exp002-n1024-k08-d200-bs60-f1.000-r01:006962.452: log(norms):     [1023.47, 1026.3, 1029.56, 1029.62, 1029.65, 1029.8, 1029.71, 1029.77, 1029.75, 1029.8]
exp002-n1024-k08-d200-bs60-f1.000-r01:006962.473: (1266 sec)
exp002-n1024-k08-d200-bs60-f1.000-r01:006962.473: Loop 6/100
exp002-n1024-k08-d200-bs60-f1.000-r01:008323.526: log(exp-norms): [1023.47, 1025.5, 1027.58]
exp002-n1024-k08-d200-bs60-f1.000-r01:008323.526: log(norms):     [1023.47, 1026.3, 1029.37, 1029.4, 1029.47, 1029.49, 1029.48, 1029.65, 1029.36, 1029.48]
exp002-n1024-k08-d200-bs60-f1.000-r01:008323.561: (1362 sec)
exp002-n1024-k08-d200-bs60-f1.000-r01:008323.561: Loop 7/100
exp002-n1024-k08-d200-bs60-f1.000-r01:009609.181: log(exp-norms): [1023.47, 1025.5, 1027.58]
exp002-n1024-k08-d200-bs60-f1.000-r01:009609.182: log(norms):     [1023.47, 1025.47, 1026.3, 1029.3, 1029.32, 1029.43, 1029.33, 1029.41, 1029.55, 1029.63]
exp002-n1024-k08-d200-bs60-f1.000-r01:009609.204: (1286 sec)
exp002-n1024-k08-d200-bs60-f1.000-r01:009609.204: ==========================Summary===========================
exp002-n1024-k08-d200-bs60-f1.000-r01:009609.204: Total time: 9610sec
exp002-n1024-k08-d200-bs60-f1.000-r01:009609.204: SUCCESS
exp002-n1024-k08-d200-bs60-f1.000-r01:009609.204: HNP solution: 100466552553276666976631490258212017311354091348378375644866344497402791957205605608517109683688901814212186680385797797946155212894744832712380767665525466005612085660533151658700899072273287215852373792360729653667222789636672140792908782700519735226567166321870401360904050477549173613523816716039329392354
exp002-n1024-k08-d200-bs60-f1.000-r01:009609.204: Shared secret: 100466552553276666976631490258212017311354091348378375644866344497402791957205605608517109683688901814212186680385797797946155212894744832712380767665525466005612085660533151658700899072273287215852373792360729653667222789636672140792908782700519735226567166321870401360904050477549173613523816716039329392354
exp002-n1024-k08-d200-bs60-f1.000-r01:009609.205: SUMMARY:n:1024:k:8:d:200:bs:60:t:9610:r:True
