exp018-n1024-k08-d200-bs60-f1.732-r01:000000.200: ==========================Instance==========================
exp018-n1024-k08-d200-bs60-f1.732-r01:000000.200: # of equations: 200
exp018-n1024-k08-d200-bs60-f1.732-r01:000000.202: Gap: 4.20
exp018-n1024-k08-d200-bs60-f1.732-r01:000000.205: Tau: 5.14
exp018-n1024-k08-d200-bs60-f1.732-r01:000000.205: ======================BKZ-60 reduction======================
exp018-n1024-k08-d200-bs60-f1.732-r01:000003.168: Expectedly achievable log(norm): 1029.11
exp018-n1024-k08-d200-bs60-f1.732-r01:000006.152: log(exp-norms): [1023.47, 1025.5, 1027.58]
exp018-n1024-k08-d200-bs60-f1.732-r01:000006.153: log(norms):     [1033.93, 1026.3, 1030.94, 1030.94, 1030.94, 1030.94, 1030.94, 1030.94, 1030.94, 1030.94]
exp018-n1024-k08-d200-bs60-f1.732-r01:000006.215: Loop 1/100
exp018-n1024-k08-d200-bs60-f1.732-r01:001545.791: log(exp-norms): [1023.47, 1025.5, 1027.58]
exp018-n1024-k08-d200-bs60-f1.732-r01:001545.791: log(norms):     [1026.3, 1030.14, 1030.94, 1030.94, 1030.94, 1031.08, 1031.11, 1031.28, 1031.26, 1031.16]
exp018-n1024-k08-d200-bs60-f1.732-r01:001545.827: (1540 sec)
exp018-n1024-k08-d200-bs60-f1.732-r01:001545.828: Loop 2/100
exp018-n1024-k08-d200-bs60-f1.732-r01:002664.668: log(exp-norms): [1023.47, 1025.5, 1027.58]
exp018-n1024-k08-d200-bs60-f1.732-r01:002664.669: log(norms):     [1023.47, 1026.3, 1030.14, 1030.47, 1030.53, 1030.7, 1030.52, 1030.62, 1030.69, 1030.57]
exp018-n1024-k08-d200-bs60-f1.732-r01:002664.700: (1119 sec)
exp018-n1024-k08-d200-bs60-f1.732-r01:002664.701: Loop 3/100
exp018-n1024-k08-d200-bs60-f1.732-r01:004016.053: log(exp-norms): [1023.47, 1025.5, 1027.58]
exp018-n1024-k08-d200-bs60-f1.732-r01:004016.054: log(norms):     [1023.47, 1026.3, 1030.09, 1030.13, 1030.14, 1030.22, 1030.15, 1030.34, 1030.25, 1030.22]
exp018-n1024-k08-d200-bs60-f1.732-r01:004016.086: (1352 sec)
exp018-n1024-k08-d200-bs60-f1.732-r01:004016.086: Loop 4/100
exp018-n1024-k08-d200-bs60-f1.732-r01:005296.299: log(exp-norms): [1023.47, 1025.5, 1027.58]
exp018-n1024-k08-d200-bs60-f1.732-r01:005296.300: log(norms):     [1023.47, 1026.3, 1029.85, 1029.92, 1029.86, 1029.96, 1029.86, 1029.93, 1029.88, 1029.84]
exp018-n1024-k08-d200-bs60-f1.732-r01:005296.331: (1281 sec)
exp018-n1024-k08-d200-bs60-f1.732-r01:005296.332: Loop 5/100
exp018-n1024-k08-d200-bs60-f1.732-r01:006576.144: log(exp-norms): [1023.47, 1025.5, 1027.58]
exp018-n1024-k08-d200-bs60-f1.732-r01:006576.144: log(norms):     [1023.47, 1026.3, 1029.58, 1029.59, 1029.61, 1029.64, 1029.65, 1029.8, 1029.61, 1029.78]
exp018-n1024-k08-d200-bs60-f1.732-r01:006576.178: (1280 sec)
exp018-n1024-k08-d200-bs60-f1.732-r01:006576.179: Loop 6/100
exp018-n1024-k08-d200-bs60-f1.732-r01:007846.789: log(exp-norms): [1023.47, 1025.5, 1027.58]
exp018-n1024-k08-d200-bs60-f1.732-r01:007846.790: log(norms):     [1023.47, 1026.3, 1029.43, 1029.49, 1029.45, 1029.6, 1029.53, 1029.51, 1029.42, 1029.57]
exp018-n1024-k08-d200-bs60-f1.732-r01:007846.810: (1271 sec)
exp018-n1024-k08-d200-bs60-f1.732-r01:007846.811: Loop 7/100
exp018-n1024-k08-d200-bs60-f1.732-r01:009208.986: log(exp-norms): [1023.47, 1025.5, 1027.58]
exp018-n1024-k08-d200-bs60-f1.732-r01:009208.986: log(norms):     [1023.47, 1026.3, 1029.31, 1029.33, 1029.4, 1029.43, 1029.47, 1029.42, 1029.51, 1029.41]
exp018-n1024-k08-d200-bs60-f1.732-r01:009209.018: (1363 sec)
exp018-n1024-k08-d200-bs60-f1.732-r01:009209.019: Loop 8/100
exp018-n1024-k08-d200-bs60-f1.732-r01:010324.570: log(exp-norms): [1023.47, 1025.5, 1027.58]
exp018-n1024-k08-d200-bs60-f1.732-r01:010324.571: log(norms):     [1023.47, 1025.46, 1026.3, 1029.25, 1029.29, 1029.34, 1029.25, 1029.31, 1029.36, 1029.29]
exp018-n1024-k08-d200-bs60-f1.732-r01:010324.592: (1116 sec)
exp018-n1024-k08-d200-bs60-f1.732-r01:010324.592: ==========================Summary===========================
exp018-n1024-k08-d200-bs60-f1.732-r01:010324.592: Total time: 10325sec
exp018-n1024-k08-d200-bs60-f1.732-r01:010324.592: SUCCESS
exp018-n1024-k08-d200-bs60-f1.732-r01:010324.592: HNP solution: 100466552553276666976631490258212017311354091348378375644866344497402791957205605608517109683688901814212186680385797797946155212894744832712380767665525466005612085660533151658700899072273287215852373792360729653667222789636672140792908782700519735226567166321870401360904050477549173613523816716039329392354
exp018-n1024-k08-d200-bs60-f1.732-r01:010324.593: Shared secret: 100466552553276666976631490258212017311354091348378375644866344497402791957205605608517109683688901814212186680385797797946155212894744832712380767665525466005612085660533151658700899072273287215852373792360729653667222789636672140792908782700519735226567166321870401360904050477549173613523816716039329392354
exp018-n1024-k08-d200-bs60-f1.732-r01:010324.593: SUMMARY:n:1024:k:8:d:200:bs:60:t:10325:r:True
