exp006-n1024-k08-d200-bs60-f1.000-r05:000000.180: ==========================Instance==========================
exp006-n1024-k08-d200-bs60-f1.000-r05:000000.180: # of equations: 200
exp006-n1024-k08-d200-bs60-f1.000-r05:000000.182: Gap: 4.20
exp006-n1024-k08-d200-bs60-f1.000-r05:000000.188: Tau: 5.14
exp006-n1024-k08-d200-bs60-f1.000-r05:000000.188: ======================BKZ-60 reduction======================
exp006-n1024-k08-d200-bs60-f1.000-r05:000005.003: Expectedly achievable log(norm): 1029.11
exp006-n1024-k08-d200-bs60-f1.000-r05:000008.915: log(exp-norms): [1023.47, 1025.5, 1027.58]
exp006-n1024-k08-d200-bs60-f1.000-r05:000008.915: log(norms):     [1033.93, 1026.3, 1030.94, 1030.94, 1030.94, 1030.94, 1030.94, 1030.94, 1030.94, 1030.94]
exp006-n1024-k08-d200-bs60-f1.000-r05:000009.010: Loop 1/100
exp006-n1024-k08-d200-bs60-f1.000-r05:001608.184: log(exp-norms): [1023.47, 1025.5, 1027.58]
exp006-n1024-k08-d200-bs60-f1.000-r05:001608.184: log(norms):     [1026.3, 1030.94, 1030.94, 1030.94, 1030.96, 1030.94, 1030.94, 1030.94, 1030.94, 1031.18]
exp006-n1024-k08-d200-bs60-f1.000-r05:001608.207: (1600 sec)
exp006-n1024-k08-d200-bs60-f1.000-r05:001608.207: Loop 2/100
exp006-n1024-k08-d200-bs60-f1.000-r05:002832.215: log(exp-norms): [1023.47, 1025.5, 1027.58]
exp006-n1024-k08-d200-bs60-f1.000-r05:002832.218: log(norms):     [1023.47, 1026.3, 1030.66, 1030.68, 1030.74, 1030.69, 1030.73, 1030.72, 1030.84, 1030.96]
exp006-n1024-k08-d200-bs60-f1.000-r05:002832.239: (1225 sec)
exp006-n1024-k08-d200-bs60-f1.000-r05:002832.240: Loop 3/100
exp006-n1024-k08-d200-bs60-f1.000-r05:004009.209: log(exp-norms): [1023.47, 1025.5, 1027.58]
exp006-n1024-k08-d200-bs60-f1.000-r05:004009.210: log(norms):     [1023.47, 1026.3, 1030.21, 1030.24, 1030.28, 1030.32, 1030.28, 1030.17, 1030.29, 1030.38]
exp006-n1024-k08-d200-bs60-f1.000-r05:004009.244: (1178 sec)
exp006-n1024-k08-d200-bs60-f1.000-r05:004009.244: Loop 4/100
exp006-n1024-k08-d200-bs60-f1.000-r05:005174.860: log(exp-norms): [1023.47, 1025.5, 1027.58]
exp006-n1024-k08-d200-bs60-f1.000-r05:005174.860: log(norms):     [1023.47, 1026.3, 1029.83, 1029.92, 1029.93, 1029.97, 1029.88, 1029.95, 1030.05, 1029.94]
exp006-n1024-k08-d200-bs60-f1.000-r05:005174.883: (1166 sec)
exp006-n1024-k08-d200-bs60-f1.000-r05:005174.883: Loop 5/100
exp006-n1024-k08-d200-bs60-f1.000-r05:006399.060: log(exp-norms): [1023.47, 1025.5, 1027.58]
exp006-n1024-k08-d200-bs60-f1.000-r05:006399.061: log(norms):     [1023.47, 1026.3, 1029.56, 1029.62, 1029.65, 1029.8, 1029.71, 1029.77, 1029.75, 1029.8]
exp006-n1024-k08-d200-bs60-f1.000-r05:006399.095: (1225 sec)
exp006-n1024-k08-d200-bs60-f1.000-r05:006399.095: Loop 6/100
exp006-n1024-k08-d200-bs60-f1.000-r05:007671.204: log(exp-norms): [1023.47, 1025.5, 1027.58]
exp006-n1024-k08-d200-bs60-f1.000-r05:007671.205: log(norms):     [1023.47, 1026.3, 1029.37, 1029.4, 1029.47, 1029.49, 1029.48, 1029.65, 1029.36, 1029.48]
exp006-n1024-k08-d200-bs60-f1.000-r05:007671.226: (1273 sec)
exp006-n1024-k08-d200-bs60-f1.000-r05:007671.226: Loop 7/100
exp006-n1024-k08-d200-bs60-f1.000-r05:008891.533: log(exp-norms): [1023.47, 1025.5, 1027.58]
exp006-n1024-k08-d200-bs60-f1.000-r05:008891.533: log(norms):     [1023.47, 1025.47, 1026.3, 1029.3, 1029.32, 1029.43, 1029.33, 1029.41, 1029.55, 1029.63]
exp006-n1024-k08-d200-bs60-f1.000-r05:008891.554: (1221 sec)
exp006-n1024-k08-d200-bs60-f1.000-r05:008891.554: ==========================Summary===========================
exp006-n1024-k08-d200-bs60-f1.000-r05:008891.555: Total time: 8892sec
exp006-n1024-k08-d200-bs60-f1.000-r05:008891.555: SUCCESS
exp006-n1024-k08-d200-bs60-f1.000-r05:008891.555: HNP solution: 100466552553276666976631490258212017311354091348378375644866344497402791957205605608517109683688901814212186680385797797946155212894744832712380767665525466005612085660533151658700899072273287215852373792360729653667222789636672140792908782700519735226567166321870401360904050477549173613523816716039329392354
exp006-n1024-k08-d200-bs60-f1.000-r05:008891.555: Shared secret: 100466552553276666976631490258212017311354091348378375644866344497402791957205605608517109683688901814212186680385797797946155212894744832712380767665525466005612085660533151658700899072273287215852373792360729653667222789636672140792908782700519735226567166321870401360904050477549173613523816716039329392354
exp006-n1024-k08-d200-bs60-f1.000-r05:008891.555: SUMMARY:n:1024:k:8:d:200:bs:60:t:8892:r:True
