exp024-n1024-k08-d200-bs60-f1.732-r07:000000.165: ==========================Instance==========================
exp024-n1024-k08-d200-bs60-f1.732-r07:000000.166: # of equations: 200
exp024-n1024-k08-d200-bs60-f1.732-r07:000000.169: Gap: 4.20
exp024-n1024-k08-d200-bs60-f1.732-r07:000000.174: Tau: 5.14
exp024-n1024-k08-d200-bs60-f1.732-r07:000000.175: ======================BKZ-60 reduction======================
exp024-n1024-k08-d200-bs60-f1.732-r07:000004.177: Expectedly achievable log(norm): 1029.11
exp024-n1024-k08-d200-bs60-f1.732-r07:000007.176: log(exp-norms): [1023.47, 1025.5, 1027.58]
exp024-n1024-k08-d200-bs60-f1.732-r07:000007.176: log(norms):     [1033.93, 1026.3, 1030.94, 1030.94, 1030.94, 1030.94, 1030.94, 1030.94, 1030.94, 1030.94]
exp024-n1024-k08-d200-bs60-f1.732-r07:000007.234: Loop 1/100
exp024-n1024-k08-d200-bs60-f1.732-r07:001666.022: log(exp-norms): [1023.47, 1025.5, 1027.58]
exp024-n1024-k08-d200-bs60-f1.732-r07:001666.022: log(norms):     [1026.3, 1030.14, 1030.94, 1030.94, 1030.94, 1031.08, 1031.11, 1031.28, 1031.26, 1031.16]
exp024-n1024-k08-d200-bs60-f1.732-r07:001666.057: (1659 sec)
exp024-n1024-k08-d200-bs60-f1.732-r07:001666.057: Loop 2/100
exp024-n1024-k08-d200-bs60-f1.732-r07:003015.229: log(exp-norms): [1023.47, 1025.5, 1027.58]
exp024-n1024-k08-d200-bs60-f1.732-r07:003015.229: log(norms):     [1023.47, 1026.3, 1030.14, 1030.47, 1030.53, 1030.7, 1030.52, 1030.62, 1030.69, 1030.57]
exp024-n1024-k08-d200-bs60-f1.732-r07:003015.251: (1350 sec)
exp024-n1024-k08-d200-bs60-f1.732-r07:003015.252: Loop 3/100
exp024-n1024-k08-d200-bs60-f1.732-r07:004316.686: log(exp-norms): [1023.47, 1025.5, 1027.58]
exp024-n1024-k08-d200-bs60-f1.732-r07:004316.686: log(norms):     [1023.47, 1026.3, 1030.09, 1030.13, 1030.14, 1030.22, 1030.15, 1030.34, 1030.25, 1030.22]
exp024-n1024-k08-d200-bs60-f1.732-r07:004316.708: (1302 sec)
exp024-n1024-k08-d200-bs60-f1.732-r07:004316.708: Loop 4/100
exp024-n1024-k08-d200-bs60-f1.732-r07:005692.979: log(exp-norms): [1023.47, 1025.5, 1027.58]
exp024-n1024-k08-d200-bs60-f1.732-r07:005692.979: log(norms):     [1023.47, 1026.3, 1029.85, 1029.92, 1029.86, 1029.96, 1029.86, 1029.93, 1029.88, 1029.84]
exp024-n1024-k08-d200-bs60-f1.732-r07:005693.001: (1377 sec)
exp024-n1024-k08-d200-bs60-f1.732-r07:005693.001: Loop 5/100
exp024-n1024-k08-d200-bs60-f1.732-r07:006919.922: log(exp-norms): [1023.47, 1025.5, 1027.58]
exp024-n1024-k08-d200-bs60-f1.732-r07:006919.923: log(norms):     [1023.47, 1026.3, 1029.58, 1029.59, 1029.61, 1029.64, 1029.65, 1029.8, 1029.61, 1029.78]
exp024-n1024-k08-d200-bs60-f1.732-r07:006919.956: (1227 sec)
exp024-n1024-k08-d200-bs60-f1.732-r07:006919.956: Loop 6/100
exp024-n1024-k08-d200-bs60-f1.732-r07:008332.361: log(exp-norms): [1023.47, 1025.5, 1027.58]
exp024-n1024-k08-d200-bs60-f1.732-r07:008332.362: log(norms):     [1023.47, 1026.3, 1029.43, 1029.49, 1029.45, 1029.6, 1029.53, 1029.51, 1029.42, 1029.57]
exp024-n1024-k08-d200-bs60-f1.732-r07:008332.395: (1413 sec)
exp024-n1024-k08-d200-bs60-f1.732-r07:008332.396: Loop 7/100
exp024-n1024-k08-d200-bs60-f1.732-r07:009596.956: log(exp-norms): [1023.47, 1025.5, 1027.58]
exp024-n1024-k08-d200-bs60-f1.732-r07:009596.957: log(norms):     [1023.47, 1026.3, 1029.31, 1029.33, 1029.4, 1029.43, 1029.47, 1029.42, 1029.51, 1029.41]
exp024-n1024-k08-d200-bs60-f1.732-r07:009596.994: (1265 sec)
exp024-n1024-k08-d200-bs60-f1.732-r07:009596.994: Loop 8/100
exp024-n1024-k08-d200-bs60-f1.732-r07:010745.367: log(exp-norms): [1023.47, 1025.5, 1027.58]
exp024-n1024-k08-d200-bs60-f1.732-r07:010745.368: log(norms):     [1023.47, 1025.46, 1026.3, 1029.25, 1029.29, 1029.34, 1029.25, 1029.31, 1029.36, 1029.29]
exp024-n1024-k08-d200-bs60-f1.732-r07:010745.388: (1149 sec)
exp024-n1024-k08-d200-bs60-f1.732-r07:010745.389: ==========================Summary===========================
exp024-n1024-k08-d200-bs60-f1.732-r07:010745.389: Total time: 10746sec
exp024-n1024-k08-d200-bs60-f1.732-r07:010745.389: SUCCESS
exp024-n1024-k08-d200-bs60-f1.732-r07:010745.389: HNP solution: 100466552553276666976631490258212017311354091348378375644866344497402791957205605608517109683688901814212186680385797797946155212894744832712380767665525466005612085660533151658700899072273287215852373792360729653667222789636672140792908782700519735226567166321870401360904050477549173613523816716039329392354
exp024-n1024-k08-d200-bs60-f1.732-r07:010745.389: Shared secret: 100466552553276666976631490258212017311354091348378375644866344497402791957205605608517109683688901814212186680385797797946155212894744832712380767665525466005612085660533151658700899072273287215852373792360729653667222789636672140792908782700519735226567166321870401360904050477549173613523816716039329392354
exp024-n1024-k08-d200-bs60-f1.732-r07:010745.390: SUMMARY:n:1024:k:8:d:200:bs:60:t:10746:r:True
