exp011-n1024-k08-d200-bs60-f1.750-r02:000000.192: ==========================Instance==========================
exp011-n1024-k08-d200-bs60-f1.750-r02:000000.192: # of equations: 200
exp011-n1024-k08-d200-bs60-f1.750-r02:000000.196: Gap: 4.20
exp011-n1024-k08-d200-bs60-f1.750-r02:000000.200: Tau: 5.14
exp011-n1024-k08-d200-bs60-f1.750-r02:000000.200: ======================BKZ-60 reduction======================
exp011-n1024-k08-d200-bs60-f1.750-r02:000004.915: Expectedly achievable log(norm): 1029.11
exp011-n1024-k08-d200-bs60-f1.750-r02:000009.630: log(exp-norms): [1023.47, 1025.5, 1027.58]
exp011-n1024-k08-d200-bs60-f1.750-r02:000009.630: log(norms):     [1033.93, 1026.3, 1030.94, 1030.94, 1030.94, 1030.94, 1030.94, 1030.94, 1030.94, 1030.94]
exp011-n1024-k08-d200-bs60-f1.750-r02:000009.726: Loop 1/100
exp011-n1024-k08-d200-bs60-f1.750-r02:001703.526: log(exp-norms): [1023.47, 1025.5, 1027.58]
exp011-n1024-k08-d200-bs60-f1.750-r02:001703.527: log(norms):     [1026.3, 1030.13, 1030.96, 1030.94, 1030.94, 1031.1, 1030.94, 1031.01, 1031.06, 1030.94]
exp011-n1024-k08-d200-bs60-f1.750-r02:001703.549: (1694 sec)
exp011-n1024-k08-d200-bs60-f1.750-r02:001703.550: Loop 2/100
exp011-n1024-k08-d200-bs60-f1.750-r02:003103.729: log(exp-norms): [1023.47, 1025.5, 1027.58]
exp011-n1024-k08-d200-bs60-f1.750-r02:003103.730: log(norms):     [1023.47, 1026.3, 1030.13, 1030.54, 1030.69, 1030.68, 1030.52, 1030.64, 1030.59, 1030.62]
exp011-n1024-k08-d200-bs60-f1.750-r02:003103.752: (1401 sec)
exp011-n1024-k08-d200-bs60-f1.750-r02:003103.752: Loop 3/100
exp011-n1024-k08-d200-bs60-f1.750-r02:004457.247: log(exp-norms): [1023.47, 1025.5, 1027.58]
exp011-n1024-k08-d200-bs60-f1.750-r02:004457.248: log(norms):     [1023.47, 1026.3, 1030.13, 1030.21, 1030.28, 1030.3, 1030.23, 1030.34, 1030.29, 1030.28]
exp011-n1024-k08-d200-bs60-f1.750-r02:004457.283: (1354 sec)
exp011-n1024-k08-d200-bs60-f1.750-r02:004457.283: Loop 4/100
exp011-n1024-k08-d200-bs60-f1.750-r02:005822.293: log(exp-norms): [1023.47, 1025.5, 1027.58]
exp011-n1024-k08-d200-bs60-f1.750-r02:005822.294: log(norms):     [1023.47, 1026.3, 1029.85, 1029.88, 1029.98, 1029.91, 1029.91, 1029.91, 1030.18, 1029.82]
exp011-n1024-k08-d200-bs60-f1.750-r02:005822.327: (1366 sec)
exp011-n1024-k08-d200-bs60-f1.750-r02:005822.327: Loop 5/100
exp011-n1024-k08-d200-bs60-f1.750-r02:007214.139: log(exp-norms): [1023.47, 1025.5, 1027.58]
exp011-n1024-k08-d200-bs60-f1.750-r02:007214.139: log(norms):     [1023.47, 1026.3, 1029.54, 1029.59, 1029.67, 1029.66, 1029.78, 1029.66, 1029.61, 1029.63]
exp011-n1024-k08-d200-bs60-f1.750-r02:007214.172: (1392 sec)
exp011-n1024-k08-d200-bs60-f1.750-r02:007214.172: Loop 6/100
exp011-n1024-k08-d200-bs60-f1.750-r02:008508.032: log(exp-norms): [1023.47, 1025.5, 1027.58]
exp011-n1024-k08-d200-bs60-f1.750-r02:008508.033: log(norms):     [1023.47, 1026.3, 1029.43, 1029.45, 1029.5, 1029.52, 1029.59, 1029.49, 1029.68, 1029.65]
exp011-n1024-k08-d200-bs60-f1.750-r02:008508.067: (1294 sec)
exp011-n1024-k08-d200-bs60-f1.750-r02:008508.068: Loop 7/100
exp011-n1024-k08-d200-bs60-f1.750-r02:009783.211: log(exp-norms): [1023.47, 1025.5, 1027.58]
exp011-n1024-k08-d200-bs60-f1.750-r02:009783.212: log(norms):     [1023.47, 1026.3, 1029.33, 1029.36, 1029.24, 1029.39, 1029.37, 1029.36, 1029.45, 1029.46]
exp011-n1024-k08-d200-bs60-f1.750-r02:009783.251: (1276 sec)
exp011-n1024-k08-d200-bs60-f1.750-r02:009783.252: Loop 8/100
exp011-n1024-k08-d200-bs60-f1.750-r02:010873.411: log(exp-norms): [1023.47, 1025.5, 1027.58]
exp011-n1024-k08-d200-bs60-f1.750-r02:010873.412: log(norms):     [1023.47, 1026.3, 1029.2, 1029.24, 1029.37, 1029.33, 1029.3, 1029.4, 1029.56, 1029.35]
exp011-n1024-k08-d200-bs60-f1.750-r02:010873.434: (1091 sec)
exp011-n1024-k08-d200-bs60-f1.750-r02:010873.434: Loop 9/100
exp011-n1024-k08-d200-bs60-f1.750-r02:011834.802: log(exp-norms): [1023.47, 1025.5, 1027.58]
exp011-n1024-k08-d200-bs60-f1.750-r02:011834.802: log(norms):     [1023.47, 1026.3, 1029.2, 1029.2, 1029.26, 1029.36, 1029.32, 1029.38, 1029.45, 1029.49]
exp011-n1024-k08-d200-bs60-f1.750-r02:011834.836: (962 sec)
exp011-n1024-k08-d200-bs60-f1.750-r02:011834.836: Loop 10/100
exp011-n1024-k08-d200-bs60-f1.750-r02:012991.339: log(exp-norms): [1023.47, 1025.5, 1027.58]
exp011-n1024-k08-d200-bs60-f1.750-r02:012991.340: log(norms):     [1023.47, 1026.3, 1029.09, 1029.2, 1029.24, 1029.35, 1029.3, 1029.36, 1029.24, 1029.36]
exp011-n1024-k08-d200-bs60-f1.750-r02:012991.361: (1157 sec)
exp011-n1024-k08-d200-bs60-f1.750-r02:012991.361: ==========================Summary===========================
exp011-n1024-k08-d200-bs60-f1.750-r02:012991.362: Total time: 12992sec
exp011-n1024-k08-d200-bs60-f1.750-r02:012991.362: SUCCESS
exp011-n1024-k08-d200-bs60-f1.750-r02:012991.362: HNP solution: 100466552553276666976631490258212017311354091348378375644866344497402791957205605608517109683688901814212186680385797797946155212894744832712380767665525466005612085660533151658700899072273287215852373792360729653667222789636672140792908782700519735226567166321870401360904050477549173613523816716039329392354
exp011-n1024-k08-d200-bs60-f1.750-r02:012991.362: Shared secret: 100466552553276666976631490258212017311354091348378375644866344497402791957205605608517109683688901814212186680385797797946155212894744832712380767665525466005612085660533151658700899072273287215852373792360729653667222789636672140792908782700519735226567166321870401360904050477549173613523816716039329392354
exp011-n1024-k08-d200-bs60-f1.750-r02:012991.362: SUMMARY:n:1024:k:8:d:200:bs:60:t:12992:r:True
