exp003-n1024-k08-d200-bs60-f1.000-r02:000000.175: ==========================Instance==========================
exp003-n1024-k08-d200-bs60-f1.000-r02:000000.176: # of equations: 200
exp003-n1024-k08-d200-bs60-f1.000-r02:000000.178: Gap: 4.20
exp003-n1024-k08-d200-bs60-f1.000-r02:000000.183: Tau: 5.14
exp003-n1024-k08-d200-bs60-f1.000-r02:000000.184: ======================BKZ-60 reduction======================
exp003-n1024-k08-d200-bs60-f1.000-r02:000004.941: Expectedly achievable log(norm): 1029.11
exp003-n1024-k08-d200-bs60-f1.000-r02:000009.721: log(exp-norms): [1023.47, 1025.5, 1027.58]
exp003-n1024-k08-d200-bs60-f1.000-r02:000009.722: log(norms):     [1033.93, 1026.3, 1030.94, 1030.94, 1030.94, 1030.94, 1030.94, 1030.94, 1030.94, 1030.94]
exp003-n1024-k08-d200-bs60-f1.000-r02:000009.782: Loop 1/100
exp003-n1024-k08-d200-bs60-f1.000-r02:001748.626: log(exp-norms): [1023.47, 1025.5, 1027.58]
exp003-n1024-k08-d200-bs60-f1.000-r02:001748.626: log(norms):     [1026.3, 1030.94, 1030.94, 1030.94, 1030.96, 1030.94, 1030.94, 1030.94, 1030.94, 1031.18]
exp003-n1024-k08-d200-bs60-f1.000-r02:001748.660: (1739 sec)
exp003-n1024-k08-d200-bs60-f1.000-r02:001748.660: Loop 2/100
exp003-n1024-k08-d200-bs60-f1.000-r02:003052.727: log(exp-norms): [1023.47, 1025.5, 1027.58]
exp003-n1024-k08-d200-bs60-f1.000-r02:003052.728: log(norms):     [1023.47, 1026.3, 1030.66, 1030.68, 1030.74, 1030.69, 1030.73, 1030.72, 1030.84, 1030.96]
exp003-n1024-k08-d200-bs60-f1.000-r02:003052.750: (1305 sec)
exp003-n1024-k08-d200-bs60-f1.000-r02:003052.751: Loop 3/100
exp003-n1024-k08-d200-bs60-f1.000-r02:004409.459: log(exp-norms): [1023.47, 1025.5, 1027.58]
exp003-n1024-k08-d200-bs60-f1.000-r02:004409.459: log(norms):     [1023.47, 1026.3, 1030.21, 1030.24, 1030.28, 1030.32, 1030.28, 1030.17, 1030.29, 1030.38]
exp003-n1024-k08-d200-bs60-f1.000-r02:004409.492: (1357 sec)
exp003-n1024-k08-d200-bs60-f1.000-r02:004409.492: Loop 4/100
exp003-n1024-k08-d200-bs60-f1.000-r02:005755.120: log(exp-norms): [1023.47, 1025.5, 1027.58]
exp003-n1024-k08-d200-bs60-f1.000-r02:005755.121: log(norms):     [1023.47, 1026.3, 1029.83, 1029.92, 1029.93, 1029.97, 1029.88, 1029.95, 1030.05, 1029.94]
exp003-n1024-k08-d200-bs60-f1.000-r02:005755.142: (1346 sec)
exp003-n1024-k08-d200-bs60-f1.000-r02:005755.142: Loop 5/100
exp003-n1024-k08-d200-bs60-f1.000-r02:007069.807: log(exp-norms): [1023.47, 1025.5, 1027.58]
exp003-n1024-k08-d200-bs60-f1.000-r02:007069.807: log(norms):     [1023.47, 1026.3, 1029.56, 1029.62, 1029.65, 1029.8, 1029.71, 1029.77, 1029.75, 1029.8]
exp003-n1024-k08-d200-bs60-f1.000-r02:007069.828: (1315 sec)
exp003-n1024-k08-d200-bs60-f1.000-r02:007069.828: Loop 6/100
exp003-n1024-k08-d200-bs60-f1.000-r02:008417.692: log(exp-norms): [1023.47, 1025.5, 1027.58]
exp003-n1024-k08-d200-bs60-f1.000-r02:008417.692: log(norms):     [1023.47, 1026.3, 1029.37, 1029.4, 1029.47, 1029.49, 1029.48, 1029.65, 1029.36, 1029.48]
exp003-n1024-k08-d200-bs60-f1.000-r02:008417.715: (1348 sec)
exp003-n1024-k08-d200-bs60-f1.000-r02:008417.715: Loop 7/100
exp003-n1024-k08-d200-bs60-f1.000-r02:009690.960: log(exp-norms): [1023.47, 1025.5, 1027.58]
exp003-n1024-k08-d200-bs60-f1.000-r02:009690.961: log(norms):     [1023.47, 1025.47, 1026.3, 1029.3, 1029.32, 1029.43, 1029.33, 1029.41, 1029.55, 1029.63]
exp003-n1024-k08-d200-bs60-f1.000-r02:009690.982: (1274 sec)
exp003-n1024-k08-d200-bs60-f1.000-r02:009690.982: ==========================Summary===========================
exp003-n1024-k08-d200-bs60-f1.000-r02:009690.982: Total time: 9691sec
exp003-n1024-k08-d200-bs60-f1.000-r02:009690.982: SUCCESS
exp003-n1024-k08-d200-bs60-f1.000-r02:009690.982: HNP solution: 100466552553276666976631490258212017311354091348378375644866344497402791957205605608517109683688901814212186680385797797946155212894744832712380767665525466005612085660533151658700899072273287215852373792360729653667222789636672140792908782700519735226567166321870401360904050477549173613523816716039329392354
exp003-n1024-k08-d200-bs60-f1.000-r02:009690.982: Shared secret: 100466552553276666976631490258212017311354091348378375644866344497402791957205605608517109683688901814212186680385797797946155212894744832712380767665525466005612085660533151658700899072273287215852373792360729653667222789636672140792908782700519735226567166321870401360904050477549173613523816716039329392354
exp003-n1024-k08-d200-bs60-f1.000-r02:009690.982: SUMMARY:n:1024:k:8:d:200:bs:60:t:9691:r:True
