exp009-n1024-k08-d200-bs60-f1.750-r00:000000.190: ==========================Instance==========================
exp009-n1024-k08-d200-bs60-f1.750-r00:000000.190: # of equations: 200
exp009-n1024-k08-d200-bs60-f1.750-r00:000000.192: Gap: 4.20
exp009-n1024-k08-d200-bs60-f1.750-r00:000000.196: Tau: 5.14
exp009-n1024-k08-d200-bs60-f1.750-r00:000000.197: ======================BKZ-60 reduction======================
exp009-n1024-k08-d200-bs60-f1.750-r00:000004.914: Expectedly achievable log(norm): 1029.11
exp009-n1024-k08-d200-bs60-f1.750-r00:000009.642: log(exp-norms): [1023.47, 1025.5, 1027.58]
exp009-n1024-k08-d200-bs60-f1.750-r00:000009.642: log(norms):     [1033.93, 1026.3, 1030.94, 1030.94, 1030.94, 1030.94, 1030.94, 1030.94, 1030.94, 1030.94]
exp009-n1024-k08-d200-bs60-f1.750-r00:000009.739: Loop 1/100
exp009-n1024-k08-d200-bs60-f1.750-r00:001613.822: log(exp-norms): [1023.47, 1025.5, 1027.58]
exp009-n1024-k08-d200-bs60-f1.750-r00:001613.823: log(norms):     [1026.3, 1030.13, 1030.96, 1030.94, 1030.94, 1031.1, 1030.94, 1031.01, 1031.06, 1030.94]
exp009-n1024-k08-d200-bs60-f1.750-r00:001613.858: (1605 sec)
exp009-n1024-k08-d200-bs60-f1.750-r00:001613.858: Loop 2/100
exp009-n1024-k08-d200-bs60-f1.750-r00:003009.344: log(exp-norms): [1023.47, 1025.5, 1027.58]
exp009-n1024-k08-d200-bs60-f1.750-r00:003009.345: log(norms):     [1023.47, 1026.3, 1030.13, 1030.54, 1030.69, 1030.68, 1030.52, 1030.64, 1030.59, 1030.62]
exp009-n1024-k08-d200-bs60-f1.750-r00:003009.380: (1396 sec)
exp009-n1024-k08-d200-bs60-f1.750-r00:003009.381: Loop 3/100
exp009-n1024-k08-d200-bs60-f1.750-r00:004439.239: log(exp-norms): [1023.47, 1025.5, 1027.58]
exp009-n1024-k08-d200-bs60-f1.750-r00:004439.240: log(norms):     [1023.47, 1026.3, 1030.13, 1030.21, 1030.28, 1030.3, 1030.23, 1030.34, 1030.29, 1030.28]
exp009-n1024-k08-d200-bs60-f1.750-r00:004439.273: (1430 sec)
exp009-n1024-k08-d200-bs60-f1.750-r00:004439.274: Loop 4/100
exp009-n1024-k08-d200-bs60-f1.750-r00:005753.053: log(exp-norms): [1023.47, 1025.5, 1027.58]
exp009-n1024-k08-d200-bs60-f1.750-r00:005753.054: log(norms):     [1023.47, 1026.3, 1029.85, 1029.88, 1029.98, 1029.91, 1029.91, 1029.91, 1030.18, 1029.82]
exp009-n1024-k08-d200-bs60-f1.750-r00:005753.089: (1314 sec)
exp009-n1024-k08-d200-bs60-f1.750-r00:005753.089: Loop 5/100
exp009-n1024-k08-d200-bs60-f1.750-r00:007068.011: log(exp-norms): [1023.47, 1025.5, 1027.58]
exp009-n1024-k08-d200-bs60-f1.750-r00:007068.013: log(norms):     [1023.47, 1026.3, 1029.54, 1029.59, 1029.67, 1029.66, 1029.78, 1029.66, 1029.61, 1029.63]
exp009-n1024-k08-d200-bs60-f1.750-r00:007068.047: (1315 sec)
exp009-n1024-k08-d200-bs60-f1.750-r00:007068.048: Loop 6/100
exp009-n1024-k08-d200-bs60-f1.750-r00:008352.078: log(exp-norms): [1023.47, 1025.5, 1027.58]
exp009-n1024-k08-d200-bs60-f1.750-r00:008352.078: log(norms):     [1023.47, 1026.3, 1029.43, 1029.45, 1029.5, 1029.52, 1029.59, 1029.49, 1029.68, 1029.65]
exp009-n1024-k08-d200-bs60-f1.750-r00:008352.111: (1285 sec)
exp009-n1024-k08-d200-bs60-f1.750-r00:008352.111: Loop 7/100
exp009-n1024-k08-d200-bs60-f1.750-r00:009623.984: log(exp-norms): [1023.47, 1025.5, 1027.58]
exp009-n1024-k08-d200-bs60-f1.750-r00:009623.985: log(norms):     [1023.47, 1026.3, 1029.33, 1029.36, 1029.24, 1029.39, 1029.37, 1029.36, 1029.45, 1029.46]
exp009-n1024-k08-d200-bs60-f1.750-r00:009624.018: (1272 sec)
exp009-n1024-k08-d200-bs60-f1.750-r00:009624.018: Loop 8/100
exp009-n1024-k08-d200-bs60-f1.750-r00:010713.960: log(exp-norms): [1023.47, 1025.5, 1027.58]
exp009-n1024-k08-d200-bs60-f1.750-r00:010713.961: log(norms):     [1023.47, 1026.3, 1029.2, 1029.24, 1029.37, 1029.33, 1029.3, 1029.4, 1029.56, 1029.35]
exp009-n1024-k08-d200-bs60-f1.750-r00:010713.983: (1090 sec)
exp009-n1024-k08-d200-bs60-f1.750-r00:010713.983: Loop 9/100
exp009-n1024-k08-d200-bs60-f1.750-r00:011639.231: log(exp-norms): [1023.47, 1025.5, 1027.58]
exp009-n1024-k08-d200-bs60-f1.750-r00:011639.232: log(norms):     [1023.47, 1026.3, 1029.2, 1029.2, 1029.26, 1029.36, 1029.32, 1029.38, 1029.45, 1029.49]
exp009-n1024-k08-d200-bs60-f1.750-r00:011639.252: (926 sec)
exp009-n1024-k08-d200-bs60-f1.750-r00:011639.252: Loop 10/100
exp009-n1024-k08-d200-bs60-f1.750-r00:012772.603: log(exp-norms): [1023.47, 1025.5, 1027.58]
exp009-n1024-k08-d200-bs60-f1.750-r00:012772.604: log(norms):     [1023.47, 1026.3, 1029.09, 1029.2, 1029.24, 1029.35, 1029.3, 1029.36, 1029.24, 1029.36]
exp009-n1024-k08-d200-bs60-f1.750-r00:012772.626: (1134 sec)
exp009-n1024-k08-d200-bs60-f1.750-r00:012772.627: ==========================Summary===========================
exp009-n1024-k08-d200-bs60-f1.750-r00:012772.627: Total time: 12773sec
exp009-n1024-k08-d200-bs60-f1.750-r00:012772.627: SUCCESS
exp009-n1024-k08-d200-bs60-f1.750-r00:012772.627: HNP solution: 100466552553276666976631490258212017311354091348378375644866344497402791957205605608517109683688901814212186680385797797946155212894744832712380767665525466005612085660533151658700899072273287215852373792360729653667222789636672140792908782700519735226567166321870401360904050477549173613523816716039329392354
exp009-n1024-k08-d200-bs60-f1.750-r00:012772.627: Shared secret: 100466552553276666976631490258212017311354091348378375644866344497402791957205605608517109683688901814212186680385797797946155212894744832712380767665525466005612085660533151658700899072273287215852373792360729653667222789636672140792908782700519735226567166321870401360904050477549173613523816716039329392354
exp009-n1024-k08-d200-bs60-f1.750-r00:012772.627: SUMMARY:n:1024:k:8:d:200:bs:60:t:12773:r:True
