exp012-n1024-k08-d200-bs60-f1.750-r03:000000.194: ==========================Instance==========================
exp012-n1024-k08-d200-bs60-f1.750-r03:000000.194: # of equations: 200
exp012-n1024-k08-d200-bs60-f1.750-r03:000000.196: Gap: 4.20
exp012-n1024-k08-d200-bs60-f1.750-r03:000000.200: Tau: 5.14
exp012-n1024-k08-d200-bs60-f1.750-r03:000000.201: ======================BKZ-60 reduction======================
exp012-n1024-k08-d200-bs60-f1.750-r03:000004.913: Expectedly achievable log(norm): 1029.11
exp012-n1024-k08-d200-bs60-f1.750-r03:000009.664: log(exp-norms): [1023.47, 1025.5, 1027.58]
exp012-n1024-k08-d200-bs60-f1.750-r03:000009.665: log(norms):     [1033.93, 1026.3, 1030.94, 1030.94, 1030.94, 1030.94, 1030.94, 1030.94, 1030.94, 1030.94]
exp012-n1024-k08-d200-bs60-f1.750-r03:000009.761: Loop 1/100
exp012-n1024-k08-d200-bs60-f1.750-r03:001683.015: log(exp-norms): [1023.47, 1025.5, 1027.58]
exp012-n1024-k08-d200-bs60-f1.750-r03:001683.016: log(norms):     [1026.3, 1030.13, 1030.96, 1030.94, 1030.94, 1031.1, 1030.94, 1031.01, 1031.06, 1030.94]
exp012-n1024-k08-d200-bs60-f1.750-r03:001683.038: (1674 sec)
exp012-n1024-k08-d200-bs60-f1.750-r03:001683.038: Loop 2/100
exp012-n1024-k08-d200-bs60-f1.750-r03:003060.878: log(exp-norms): [1023.47, 1025.5, 1027.58]
exp012-n1024-k08-d200-bs60-f1.750-r03:003060.879: log(norms):     [1023.47, 1026.3, 1030.13, 1030.54, 1030.69, 1030.68, 1030.52, 1030.64, 1030.59, 1030.62]
exp012-n1024-k08-d200-bs60-f1.750-r03:003060.913: (1378 sec)
exp012-n1024-k08-d200-bs60-f1.750-r03:003060.914: Loop 3/100
exp012-n1024-k08-d200-bs60-f1.750-r03:004461.899: log(exp-norms): [1023.47, 1025.5, 1027.58]
exp012-n1024-k08-d200-bs60-f1.750-r03:004461.899: log(norms):     [1023.47, 1026.3, 1030.13, 1030.21, 1030.28, 1030.3, 1030.23, 1030.34, 1030.29, 1030.28]
exp012-n1024-k08-d200-bs60-f1.750-r03:004461.931: (1402 sec)
exp012-n1024-k08-d200-bs60-f1.750-r03:004461.932: Loop 4/100
exp012-n1024-k08-d200-bs60-f1.750-r03:005775.425: log(exp-norms): [1023.47, 1025.5, 1027.58]
exp012-n1024-k08-d200-bs60-f1.750-r03:005775.426: log(norms):     [1023.47, 1026.3, 1029.85, 1029.88, 1029.98, 1029.91, 1029.91, 1029.91, 1030.18, 1029.82]
exp012-n1024-k08-d200-bs60-f1.750-r03:005775.459: (1314 sec)
exp012-n1024-k08-d200-bs60-f1.750-r03:005775.459: Loop 5/100
exp012-n1024-k08-d200-bs60-f1.750-r03:007153.065: log(exp-norms): [1023.47, 1025.5, 1027.58]
exp012-n1024-k08-d200-bs60-f1.750-r03:007153.065: log(norms):     [1023.47, 1026.3, 1029.54, 1029.59, 1029.67, 1029.66, 1029.78, 1029.66, 1029.61, 1029.63]
exp012-n1024-k08-d200-bs60-f1.750-r03:007153.087: (1378 sec)
exp012-n1024-k08-d200-bs60-f1.750-r03:007153.087: Loop 6/100
exp012-n1024-k08-d200-bs60-f1.750-r03:008481.271: log(exp-norms): [1023.47, 1025.5, 1027.58]
exp012-n1024-k08-d200-bs60-f1.750-r03:008481.271: log(norms):     [1023.47, 1026.3, 1029.43, 1029.45, 1029.5, 1029.52, 1029.59, 1029.49, 1029.68, 1029.65]
exp012-n1024-k08-d200-bs60-f1.750-r03:008481.292: (1329 sec)
exp012-n1024-k08-d200-bs60-f1.750-r03:008481.293: Loop 7/100
exp012-n1024-k08-d200-bs60-f1.750-r03:009778.760: log(exp-norms): [1023.47, 1025.5, 1027.58]
exp012-n1024-k08-d200-bs60-f1.750-r03:009778.761: log(norms):     [1023.47, 1026.3, 1029.33, 1029.36, 1029.24, 1029.39, 1029.37, 1029.36, 1029.45, 1029.46]
exp012-n1024-k08-d200-bs60-f1.750-r03:009778.783: (1298 sec)
exp012-n1024-k08-d200-bs60-f1.750-r03:009778.784: Loop 8/100
exp012-n1024-k08-d200-bs60-f1.750-r03:010833.667: log(exp-norms): [1023.47, 1025.5, 1027.58]
exp012-n1024-k08-d200-bs60-f1.750-r03:010833.668: log(norms):     [1023.47, 1026.3, 1029.2, 1029.24, 1029.37, 1029.33, 1029.3, 1029.4, 1029.56, 1029.35]
exp012-n1024-k08-d200-bs60-f1.750-r03:010833.688: (1055 sec)
exp012-n1024-k08-d200-bs60-f1.750-r03:010833.689: Loop 9/100
exp012-n1024-k08-d200-bs60-f1.750-r03:011775.430: log(exp-norms): [1023.47, 1025.5, 1027.58]
exp012-n1024-k08-d200-bs60-f1.750-r03:011775.430: log(norms):     [1023.47, 1026.3, 1029.2, 1029.2, 1029.26, 1029.36, 1029.32, 1029.38, 1029.45, 1029.49]
exp012-n1024-k08-d200-bs60-f1.750-r03:011775.465: (942 sec)
exp012-n1024-k08-d200-bs60-f1.750-r03:011775.466: Loop 10/100
exp012-n1024-k08-d200-bs60-f1.750-r03:012941.298: log(exp-norms): [1023.47, 1025.5, 1027.58]
exp012-n1024-k08-d200-bs60-f1.750-r03:012941.299: log(norms):     [1023.47, 1026.3, 1029.09, 1029.2, 1029.24, 1029.35, 1029.3, 1029.36, 1029.24, 1029.36]
exp012-n1024-k08-d200-bs60-f1.750-r03:012941.319: (1166 sec)
exp012-n1024-k08-d200-bs60-f1.750-r03:012941.320: ==========================Summary===========================
exp012-n1024-k08-d200-bs60-f1.750-r03:012941.320: Total time: 12942sec
exp012-n1024-k08-d200-bs60-f1.750-r03:012941.320: SUCCESS
exp012-n1024-k08-d200-bs60-f1.750-r03:012941.320: HNP solution: 100466552553276666976631490258212017311354091348378375644866344497402791957205605608517109683688901814212186680385797797946155212894744832712380767665525466005612085660533151658700899072273287215852373792360729653667222789636672140792908782700519735226567166321870401360904050477549173613523816716039329392354
exp012-n1024-k08-d200-bs60-f1.750-r03:012941.320: Shared secret: 100466552553276666976631490258212017311354091348378375644866344497402791957205605608517109683688901814212186680385797797946155212894744832712380767665525466005612085660533151658700899072273287215852373792360729653667222789636672140792908782700519735226567166321870401360904050477549173613523816716039329392354
exp012-n1024-k08-d200-bs60-f1.750-r03:012941.320: SUMMARY:n:1024:k:8:d:200:bs:60:t:12942:r:True
