exp005-n1024-k08-d200-bs60-f1.000-r04:000000.179: ==========================Instance==========================
exp005-n1024-k08-d200-bs60-f1.000-r04:000000.179: # of equations: 200
exp005-n1024-k08-d200-bs60-f1.000-r04:000000.181: Gap: 4.20
exp005-n1024-k08-d200-bs60-f1.000-r04:000000.186: Tau: 5.14
exp005-n1024-k08-d200-bs60-f1.000-r04:000000.187: ======================BKZ-60 reduction======================
exp005-n1024-k08-d200-bs60-f1.000-r04:000005.109: Expectedly achievable log(norm): 1029.11
exp005-n1024-k08-d200-bs60-f1.000-r04:000010.873: log(exp-norms): [1023.47, 1025.5, 1027.58]
exp005-n1024-k08-d200-bs60-f1.000-r04:000010.874: log(norms):     [1033.93, 1026.3, 1030.94, 1030.94, 1030.94, 1030.94, 1030.94, 1030.94, 1030.94, 1030.94]
exp005-n1024-k08-d200-bs60-f1.000-r04:000010.962: Loop 1/100
exp005-n1024-k08-d200-bs60-f1.000-r04:001583.137: log(exp-norms): [1023.47, 1025.5, 1027.58]
exp005-n1024-k08-d200-bs60-f1.000-r04:001583.138: log(norms):     [1026.3, 1030.94, 1030.94, 1030.94, 1030.96, 1030.94, 1030.94, 1030.94, 1030.94, 1031.18]
exp005-n1024-k08-d200-bs60-f1.000-r04:001583.170: (1573 sec)
exp005-n1024-k08-d200-bs60-f1.000-r04:001583.171: Loop 2/100
exp005-n1024-k08-d200-bs60-f1.000-r04:002822.564: log(exp-norms): [1023.47, 1025.5, 1027.58]
exp005-n1024-k08-d200-bs60-f1.000-r04:002822.566: log(norms):     [1023.47, 1026.3, 1030.66, 1030.68, 1030.74, 1030.69, 1030.73, 1030.72, 1030.84, 1030.96]
exp005-n1024-k08-d200-bs60-f1.000-r04:002822.588: (1240 sec)
exp005-n1024-k08-d200-bs60-f1.000-r04:002822.589: Loop 3/100
exp005-n1024-k08-d200-bs60-f1.000-r04:003959.806: log(exp-norms): [1023.47, 1025.5, 1027.58]
exp005-n1024-k08-d200-bs60-f1.000-r04:003959.807: log(norms):     [1023.47, 1026.3, 1030.21, 1030.24, 1030.28, 1030.32, 1030.28, 1030.17, 1030.29, 1030.38]
exp005-n1024-k08-d200-bs60-f1.000-r04:003959.841: (1138 sec)
exp005-n1024-k08-d200-bs60-f1.000-r04:003959.842: Loop 4/100
exp005-n1024-k08-d200-bs60-f1.000-r04:005178.140: log(exp-norms): [1023.47, 1025.5, 1027.58]
exp005-n1024-k08-d200-bs60-f1.000-r04:005178.140: log(norms):     [1023.47, 1026.3, 1029.83, 1029.92, 1029.93, 1029.97, 1029.88, 1029.95, 1030.05, 1029.94]
exp005-n1024-k08-d200-bs60-f1.000-r04:005178.173: (1219 sec)
exp005-n1024-k08-d200-bs60-f1.000-r04:005178.173: Loop 5/100
exp005-n1024-k08-d200-bs60-f1.000-r04:006332.442: log(exp-norms): [1023.47, 1025.5, 1027.58]
exp005-n1024-k08-d200-bs60-f1.000-r04:006332.443: log(norms):     [1023.47, 1026.3, 1029.56, 1029.62, 1029.65, 1029.8, 1029.71, 1029.77, 1029.75, 1029.8]
exp005-n1024-k08-d200-bs60-f1.000-r04:006332.465: (1155 sec)
exp005-n1024-k08-d200-bs60-f1.000-r04:006332.466: Loop 6/100
exp005-n1024-k08-d200-bs60-f1.000-r04:007486.301: log(exp-norms): [1023.47, 1025.5, 1027.58]
exp005-n1024-k08-d200-bs60-f1.000-r04:007486.302: log(norms):     [1023.47, 1026.3, 1029.37, 1029.4, 1029.47, 1029.49, 1029.48, 1029.65, 1029.36, 1029.48]
exp005-n1024-k08-d200-bs60-f1.000-r04:007486.323: (1154 sec)
exp005-n1024-k08-d200-bs60-f1.000-r04:007486.324: Loop 7/100
exp005-n1024-k08-d200-bs60-f1.000-r04:008678.708: log(exp-norms): [1023.47, 1025.5, 1027.58]
exp005-n1024-k08-d200-bs60-f1.000-r04:008678.708: log(norms):     [1023.47, 1025.47, 1026.3, 1029.3, 1029.32, 1029.43, 1029.33, 1029.41, 1029.55, 1029.63]
exp005-n1024-k08-d200-bs60-f1.000-r04:008678.729: (1193 sec)
exp005-n1024-k08-d200-bs60-f1.000-r04:008678.729: ==========================Summary===========================
exp005-n1024-k08-d200-bs60-f1.000-r04:008678.729: Total time: 8679sec
exp005-n1024-k08-d200-bs60-f1.000-r04:008678.729: SUCCESS
exp005-n1024-k08-d200-bs60-f1.000-r04:008678.730: HNP solution: 100466552553276666976631490258212017311354091348378375644866344497402791957205605608517109683688901814212186680385797797946155212894744832712380767665525466005612085660533151658700899072273287215852373792360729653667222789636672140792908782700519735226567166321870401360904050477549173613523816716039329392354
exp005-n1024-k08-d200-bs60-f1.000-r04:008678.730: Shared secret: 100466552553276666976631490258212017311354091348378375644866344497402791957205605608517109683688901814212186680385797797946155212894744832712380767665525466005612085660533151658700899072273287215852373792360729653667222789636672140792908782700519735226567166321870401360904050477549173613523816716039329392354
exp005-n1024-k08-d200-bs60-f1.000-r04:008678.730: SUMMARY:n:1024:k:8:d:200:bs:60:t:8679:r:True
