exp023-n1024-k08-d200-bs60-f1.732-r06:000000.155: ==========================Instance==========================
exp023-n1024-k08-d200-bs60-f1.732-r06:000000.156: # of equations: 200
exp023-n1024-k08-d200-bs60-f1.732-r06:000000.158: Gap: 4.20
exp023-n1024-k08-d200-bs60-f1.732-r06:000000.161: Tau: 5.14
exp023-n1024-k08-d200-bs60-f1.732-r06:000000.161: ======================BKZ-60 reduction======================
exp023-n1024-k08-d200-bs60-f1.732-r06:000003.138: Expectedly achievable log(norm): 1029.11
exp023-n1024-k08-d200-bs60-f1.732-r06:000008.024: log(exp-norms): [1023.47, 1025.5, 1027.58]
exp023-n1024-k08-d200-bs60-f1.732-r06:000008.024: log(norms):     [1033.93, 1026.3, 1030.94, 1030.94, 1030.94, 1030.94, 1030.94, 1030.94, 1030.94, 1030.94]
exp023-n1024-k08-d200-bs60-f1.732-r06:000008.124: Loop 1/100
exp023-n1024-k08-d200-bs60-f1.732-r06:001666.002: log(exp-norms): [1023.47, 1025.5, 1027.58]
exp023-n1024-k08-d200-bs60-f1.732-r06:001666.003: log(norms):     [1026.3, 1030.14, 1030.94, 1030.94, 1030.94, 1031.08, 1031.11, 1031.28, 1031.26, 1031.16]
exp023-n1024-k08-d200-bs60-f1.732-r06:001666.037: (1658 sec)
exp023-n1024-k08-d200-bs60-f1.732-r06:001666.037: Loop 2/100
exp023-n1024-k08-d200-bs60-f1.732-r06:003017.323: log(exp-norms): [1023.47, 1025.5, 1027.58]
exp023-n1024-k08-d200-bs60-f1.732-r06:003017.324: log(norms):     [1023.47, 1026.3, 1030.14, 1030.47, 1030.53, 1030.7, 1030.52, 1030.62, 1030.69, 1030.57]
exp023-n1024-k08-d200-bs60-f1.732-r06:003017.357: (1352 sec)
exp023-n1024-k08-d200-bs60-f1.732-r06:003017.358: Loop 3/100
exp023-n1024-k08-d200-bs60-f1.732-r06:004343.256: log(exp-norms): [1023.47, 1025.5, 1027.58]
exp023-n1024-k08-d200-bs60-f1.732-r06:004343.258: log(norms):     [1023.47, 1026.3, 1030.09, 1030.13, 1030.14, 1030.22, 1030.15, 1030.34, 1030.25, 1030.22]
exp023-n1024-k08-d200-bs60-f1.732-r06:004343.297: (1326 sec)
exp023-n1024-k08-d200-bs60-f1.732-r06:004343.298: Loop 4/100
exp023-n1024-k08-d200-bs60-f1.732-r06:005721.192: log(exp-norms): [1023.47, 1025.5, 1027.58]
exp023-n1024-k08-d200-bs60-f1.732-r06:005721.192: log(norms):     [1023.47, 1026.3, 1029.85, 1029.92, 1029.86, 1029.96, 1029.86, 1029.93, 1029.88, 1029.84]
exp023-n1024-k08-d200-bs60-f1.732-r06:005721.215: (1378 sec)
exp023-n1024-k08-d200-bs60-f1.732-r06:005721.215: Loop 5/100
exp023-n1024-k08-d200-bs60-f1.732-r06:006996.271: log(exp-norms): [1023.47, 1025.5, 1027.58]
exp023-n1024-k08-d200-bs60-f1.732-r06:006996.272: log(norms):     [1023.47, 1026.3, 1029.58, 1029.59, 1029.61, 1029.64, 1029.65, 1029.8, 1029.61, 1029.78]
exp023-n1024-k08-d200-bs60-f1.732-r06:006996.307: (1276 sec)
exp023-n1024-k08-d200-bs60-f1.732-r06:006996.307: Loop 6/100
exp023-n1024-k08-d200-bs60-f1.732-r06:008348.235: log(exp-norms): [1023.47, 1025.5, 1027.58]
exp023-n1024-k08-d200-bs60-f1.732-r06:008348.235: log(norms):     [1023.47, 1026.3, 1029.43, 1029.49, 1029.45, 1029.6, 1029.53, 1029.51, 1029.42, 1029.57]
exp023-n1024-k08-d200-bs60-f1.732-r06:008348.257: (1352 sec)
exp023-n1024-k08-d200-bs60-f1.732-r06:008348.258: Loop 7/100
exp023-n1024-k08-d200-bs60-f1.732-r06:009635.033: log(exp-norms): [1023.47, 1025.5, 1027.58]
exp023-n1024-k08-d200-bs60-f1.732-r06:009635.034: log(norms):     [1023.47, 1026.3, 1029.31, 1029.33, 1029.4, 1029.43, 1029.47, 1029.42, 1029.51, 1029.41]
exp023-n1024-k08-d200-bs60-f1.732-r06:009635.054: (1287 sec)
exp023-n1024-k08-d200-bs60-f1.732-r06:009635.055: Loop 8/100
exp023-n1024-k08-d200-bs60-f1.732-r06:010692.106: log(exp-norms): [1023.47, 1025.5, 1027.58]
exp023-n1024-k08-d200-bs60-f1.732-r06:010692.106: log(norms):     [1023.47, 1025.46, 1026.3, 1029.25, 1029.29, 1029.34, 1029.25, 1029.31, 1029.36, 1029.29]
exp023-n1024-k08-d200-bs60-f1.732-r06:010692.127: (1058 sec)
exp023-n1024-k08-d200-bs60-f1.732-r06:010692.127: ==========================Summary===========================
exp023-n1024-k08-d200-bs60-f1.732-r06:010692.127: Total time: 10692sec
exp023-n1024-k08-d200-bs60-f1.732-r06:010692.127: SUCCESS
exp023-n1024-k08-d200-bs60-f1.732-r06:010692.127: HNP solution: 100466552553276666976631490258212017311354091348378375644866344497402791957205605608517109683688901814212186680385797797946155212894744832712380767665525466005612085660533151658700899072273287215852373792360729653667222789636672140792908782700519735226567166321870401360904050477549173613523816716039329392354
exp023-n1024-k08-d200-bs60-f1.732-r06:010692.128: Shared secret: 100466552553276666976631490258212017311354091348378375644866344497402791957205605608517109683688901814212186680385797797946155212894744832712380767665525466005612085660533151658700899072273287215852373792360729653667222789636672140792908782700519735226567166321870401360904050477549173613523816716039329392354
exp023-n1024-k08-d200-bs60-f1.732-r06:010692.128: SUMMARY:n:1024:k:8:d:200:bs:60:t:10692:r:True
