exp007-n1024-k08-d200-bs60-f1.000-r06:000000.181: ==========================Instance==========================
exp007-n1024-k08-d200-bs60-f1.000-r06:000000.182: # of equations: 200
exp007-n1024-k08-d200-bs60-f1.000-r06:000000.184: Gap: 4.20
exp007-n1024-k08-d200-bs60-f1.000-r06:000000.189: Tau: 5.14
exp007-n1024-k08-d200-bs60-f1.000-r06:000000.190: ======================BKZ-60 reduction======================
exp007-n1024-k08-d200-bs60-f1.000-r06:000004.631: Expectedly achievable log(norm): 1029.11
exp007-n1024-k08-d200-bs60-f1.000-r06:000007.631: log(exp-norms): [1023.47, 1025.5, 1027.58]
exp007-n1024-k08-d200-bs60-f1.000-r06:000007.632: log(norms):     [1033.93, 1026.3, 1030.94, 1030.94, 1030.94, 1030.94, 1030.94, 1030.94, 1030.94, 1030.94]
exp007-n1024-k08-d200-bs60-f1.000-r06:000007.689: Loop 1/100
exp007-n1024-k08-d200-bs60-f1.000-r06:001658.320: log(exp-norms): [1023.47, 1025.5, 1027.58]
exp007-n1024-k08-d200-bs60-f1.000-r06:001658.321: log(norms):     [1026.3, 1030.94, 1030.94, 1030.94, 1030.96, 1030.94, 1030.94, 1030.94, 1030.94, 1031.18]
exp007-n1024-k08-d200-bs60-f1.000-r06:001658.362: (1651 sec)
exp007-n1024-k08-d200-bs60-f1.000-r06:001658.362: Loop 2/100
exp007-n1024-k08-d200-bs60-f1.000-r06:003156.289: log(exp-norms): [1023.47, 1025.5, 1027.58]
exp007-n1024-k08-d200-bs60-f1.000-r06:003156.291: log(norms):     [1023.47, 1026.3, 1030.66, 1030.68, 1030.74, 1030.69, 1030.73, 1030.72, 1030.84, 1030.96]
exp007-n1024-k08-d200-bs60-f1.000-r06:003156.326: (1498 sec)
exp007-n1024-k08-d200-bs60-f1.000-r06:003156.327: Loop 3/100
exp007-n1024-k08-d200-bs60-f1.000-r06:004529.297: log(exp-norms): [1023.47, 1025.5, 1027.58]
exp007-n1024-k08-d200-bs60-f1.000-r06:004529.298: log(norms):     [1023.47, 1026.3, 1030.21, 1030.24, 1030.28, 1030.32, 1030.28, 1030.17, 1030.29, 1030.38]
exp007-n1024-k08-d200-bs60-f1.000-r06:004529.331: (1374 sec)
exp007-n1024-k08-d200-bs60-f1.000-r06:004529.331: Loop 4/100
exp007-n1024-k08-d200-bs60-f1.000-r06:005870.746: log(exp-norms): [1023.47, 1025.5, 1027.58]
exp007-n1024-k08-d200-bs60-f1.000-r06:005870.746: log(norms):     [1023.47, 1026.3, 1029.83, 1029.92, 1029.93, 1029.97, 1029.88, 1029.95, 1030.05, 1029.94]
exp007-n1024-k08-d200-bs60-f1.000-r06:005870.779: (1342 sec)
exp007-n1024-k08-d200-bs60-f1.000-r06:005870.779: Loop 5/100
exp007-n1024-k08-d200-bs60-f1.000-r06:007249.084: log(exp-norms): [1023.47, 1025.5, 1027.58]
exp007-n1024-k08-d200-bs60-f1.000-r06:007249.085: log(norms):     [1023.47, 1026.3, 1029.56, 1029.62, 1029.65, 1029.8, 1029.71, 1029.77, 1029.75, 1029.8]
exp007-n1024-k08-d200-bs60-f1.000-r06:007249.117: (1379 sec)
exp007-n1024-k08-d200-bs60-f1.000-r06:007249.118: Loop 6/100
exp007-n1024-k08-d200-bs60-f1.000-r06:008607.331: log(exp-norms): [1023.47, 1025.5, 1027.58]
exp007-n1024-k08-d200-bs60-f1.000-r06:008607.332: log(norms):     [1023.47, 1026.3, 1029.37, 1029.4, 1029.47, 1029.49, 1029.48, 1029.65, 1029.36, 1029.48]
exp007-n1024-k08-d200-bs60-f1.000-r06:008607.365: (1359 sec)
exp007-n1024-k08-d200-bs60-f1.000-r06:008607.365: Loop 7/100
exp007-n1024-k08-d200-bs60-f1.000-r06:009846.648: log(exp-norms): [1023.47, 1025.5, 1027.58]
exp007-n1024-k08-d200-bs60-f1.000-r06:009846.649: log(norms):     [1023.47, 1025.47, 1026.3, 1029.3, 1029.32, 1029.43, 1029.33, 1029.41, 1029.55, 1029.63]
exp007-n1024-k08-d200-bs60-f1.000-r06:009846.669: (1240 sec)
exp007-n1024-k08-d200-bs60-f1.000-r06:009846.670: ==========================Summary===========================
exp007-n1024-k08-d200-bs60-f1.000-r06:009846.670: Total time: 9847sec
exp007-n1024-k08-d200-bs60-f1.000-r06:009846.670: SUCCESS
exp007-n1024-k08-d200-bs60-f1.000-r06:009846.670: HNP solution: 100466552553276666976631490258212017311354091348378375644866344497402791957205605608517109683688901814212186680385797797946155212894744832712380767665525466005612085660533151658700899072273287215852373792360729653667222789636672140792908782700519735226567166321870401360904050477549173613523816716039329392354
exp007-n1024-k08-d200-bs60-f1.000-r06:009846.670: Shared secret: 100466552553276666976631490258212017311354091348378375644866344497402791957205605608517109683688901814212186680385797797946155212894744832712380767665525466005612085660533151658700899072273287215852373792360729653667222789636672140792908782700519735226567166321870401360904050477549173613523816716039329392354
exp007-n1024-k08-d200-bs60-f1.000-r06:009846.670: SUMMARY:n:1024:k:8:d:200:bs:60:t:9847:r:True
