exp022-n1024-k08-d200-bs60-f1.732-r05:000000.154: ==========================Instance==========================
exp022-n1024-k08-d200-bs60-f1.732-r05:000000.154: # of equations: 200
exp022-n1024-k08-d200-bs60-f1.732-r05:000000.157: Gap: 4.20
exp022-n1024-k08-d200-bs60-f1.732-r05:000000.159: Tau: 5.14
exp022-n1024-k08-d200-bs60-f1.732-r05:000000.160: ======================BKZ-60 reduction======================
exp022-n1024-k08-d200-bs60-f1.732-r05:000003.114: Expectedly achievable log(norm): 1029.11
exp022-n1024-k08-d200-bs60-f1.732-r05:000007.199: log(exp-norms): [1023.47, 1025.5, 1027.58]
exp022-n1024-k08-d200-bs60-f1.732-r05:000007.199: log(norms):     [1033.93, 1026.3, 1030.94, 1030.94, 1030.94, 1030.94, 1030.94, 1030.94, 1030.94, 1030.94]
exp022-n1024-k08-d200-bs60-f1.732-r05:000007.291: Loop 1/100
exp022-n1024-k08-d200-bs60-f1.732-r05:001701.477: log(exp-norms): [1023.47, 1025.5, 1027.58]
exp022-n1024-k08-d200-bs60-f1.732-r05:001701.478: log(norms):     [1026.3, 1030.14, 1030.94, 1030.94, 1030.94, 1031.08, 1031.11, 1031.28, 1031.26, 1031.16]
exp022-n1024-k08-d200-bs60-f1.732-r05:001701.511: (1695 sec)
exp022-n1024-k08-d200-bs60-f1.732-r05:001701.511: Loop 2/100
exp022-n1024-k08-d200-bs60-f1.732-r05:002860.721: log(exp-norms): [1023.47, 1025.5, 1027.58]
exp022-n1024-k08-d200-bs60-f1.732-r05:002860.724: log(norms):     [1023.47, 1026.3, 1030.14, 1030.47, 1030.53, 1030.7, 1030.52, 1030.62, 1030.69, 1030.57]
exp022-n1024-k08-d200-bs60-f1.732-r05:002860.757: (1160 sec)
exp022-n1024-k08-d200-bs60-f1.732-r05:002860.758: Loop 3/100
exp022-n1024-k08-d200-bs60-f1.732-r05:003997.374: log(exp-norms): [1023.47, 1025.5, 1027.58]
exp022-n1024-k08-d200-bs60-f1.732-r05:003997.374: log(norms):     [1023.47, 1026.3, 1030.09, 1030.13, 1030.14, 1030.22, 1030.15, 1030.34, 1030.25, 1030.22]
exp022-n1024-k08-d200-bs60-f1.732-r05:003997.408: (1137 sec)
exp022-n1024-k08-d200-bs60-f1.732-r05:003997.409: Loop 4/100
exp022-n1024-k08-d200-bs60-f1.732-r05:005163.241: log(exp-norms): [1023.47, 1025.5, 1027.58]
exp022-n1024-k08-d200-bs60-f1.732-r05:005163.242: log(norms):     [1023.47, 1026.3, 1029.85, 1029.92, 1029.86, 1029.96, 1029.86, 1029.93, 1029.88, 1029.84]
exp022-n1024-k08-d200-bs60-f1.732-r05:005163.274: (1166 sec)
exp022-n1024-k08-d200-bs60-f1.732-r05:005163.275: Loop 5/100
exp022-n1024-k08-d200-bs60-f1.732-r05:006326.410: log(exp-norms): [1023.47, 1025.5, 1027.58]
exp022-n1024-k08-d200-bs60-f1.732-r05:006326.410: log(norms):     [1023.47, 1026.3, 1029.58, 1029.59, 1029.61, 1029.64, 1029.65, 1029.8, 1029.61, 1029.78]
exp022-n1024-k08-d200-bs60-f1.732-r05:006326.432: (1164 sec)
exp022-n1024-k08-d200-bs60-f1.732-r05:006326.433: Loop 6/100
exp022-n1024-k08-d200-bs60-f1.732-r05:007514.412: log(exp-norms): [1023.47, 1025.5, 1027.58]
exp022-n1024-k08-d200-bs60-f1.732-r05:007514.413: log(norms):     [1023.47, 1026.3, 1029.43, 1029.49, 1029.45, 1029.6, 1029.53, 1029.51, 1029.42, 1029.57]
exp022-n1024-k08-d200-bs60-f1.732-r05:007514.445: (1189 sec)
exp022-n1024-k08-d200-bs60-f1.732-r05:007514.445: Loop 7/100
exp022-n1024-k08-d200-bs60-f1.732-r05:008701.375: log(exp-norms): [1023.47, 1025.5, 1027.58]
exp022-n1024-k08-d200-bs60-f1.732-r05:008701.375: log(norms):     [1023.47, 1026.3, 1029.31, 1029.33, 1029.4, 1029.43, 1029.47, 1029.42, 1029.51, 1029.41]
exp022-n1024-k08-d200-bs60-f1.732-r05:008701.407: (1187 sec)
exp022-n1024-k08-d200-bs60-f1.732-r05:008701.408: Loop 8/100
exp022-n1024-k08-d200-bs60-f1.732-r05:009772.576: log(exp-norms): [1023.47, 1025.5, 1027.58]
exp022-n1024-k08-d200-bs60-f1.732-r05:009772.576: log(norms):     [1023.47, 1025.46, 1026.3, 1029.25, 1029.29, 1029.34, 1029.25, 1029.31, 1029.36, 1029.29]
exp022-n1024-k08-d200-bs60-f1.732-r05:009772.597: (1072 sec)
exp022-n1024-k08-d200-bs60-f1.732-r05:009772.597: ==========================Summary===========================
exp022-n1024-k08-d200-bs60-f1.732-r05:009772.597: Total time: 9773sec
exp022-n1024-k08-d200-bs60-f1.732-r05:009772.597: SUCCESS
exp022-n1024-k08-d200-bs60-f1.732-r05:009772.598: HNP solution: 100466552553276666976631490258212017311354091348378375644866344497402791957205605608517109683688901814212186680385797797946155212894744832712380767665525466005612085660533151658700899072273287215852373792360729653667222789636672140792908782700519735226567166321870401360904050477549173613523816716039329392354
exp022-n1024-k08-d200-bs60-f1.732-r05:009772.598: Shared secret: 100466552553276666976631490258212017311354091348378375644866344497402791957205605608517109683688901814212186680385797797946155212894744832712380767665525466005612085660533151658700899072273287215852373792360729653667222789636672140792908782700519735226567166321870401360904050477549173613523816716039329392354
exp022-n1024-k08-d200-bs60-f1.732-r05:009772.598: SUMMARY:n:1024:k:8:d:200:bs:60:t:9773:r:True
