exp008-n1024-k08-d200-bs60-f1.000-r07:000000.185: ==========================Instance==========================
exp008-n1024-k08-d200-bs60-f1.000-r07:000000.185: # of equations: 200
exp008-n1024-k08-d200-bs60-f1.000-r07:000000.187: Gap: 4.20
exp008-n1024-k08-d200-bs60-f1.000-r07:000000.193: Tau: 5.14
exp008-n1024-k08-d200-bs60-f1.000-r07:000000.193: ======================BKZ-60 reduction======================
exp008-n1024-k08-d200-bs60-f1.000-r07:000004.939: Expectedly achievable log(norm): 1029.11
exp008-n1024-k08-d200-bs60-f1.000-r07:000009.633: log(exp-norms): [1023.47, 1025.5, 1027.58]
exp008-n1024-k08-d200-bs60-f1.000-r07:000009.633: log(norms):     [1033.93, 1026.3, 1030.94, 1030.94, 1030.94, 1030.94, 1030.94, 1030.94, 1030.94, 1030.94]
exp008-n1024-k08-d200-bs60-f1.000-r07:000009.693: Loop 1/100
exp008-n1024-k08-d200-bs60-f1.000-r07:001552.085: log(exp-norms): [1023.47, 1025.5, 1027.58]
exp008-n1024-k08-d200-bs60-f1.000-r07:001552.086: log(norms):     [1026.3, 1030.94, 1030.94, 1030.94, 1030.96, 1030.94, 1030.94, 1030.94, 1030.94, 1031.18]
exp008-n1024-k08-d200-bs60-f1.000-r07:001552.108: (1543 sec)
exp008-n1024-k08-d200-bs60-f1.000-r07:001552.108: Loop 2/100
exp008-n1024-k08-d200-bs60-f1.000-r07:002748.046: log(exp-norms): [1023.47, 1025.5, 1027.58]
exp008-n1024-k08-d200-bs60-f1.000-r07:002748.047: log(norms):     [1023.47, 1026.3, 1030.66, 1030.68, 1030.74, 1030.69, 1030.73, 1030.72, 1030.84, 1030.96]
exp008-n1024-k08-d200-bs60-f1.000-r07:002748.082: (1196 sec)
exp008-n1024-k08-d200-bs60-f1.000-r07:002748.082: Loop 3/100
exp008-n1024-k08-d200-bs60-f1.000-r07:003940.058: log(exp-norms): [1023.47, 1025.5, 1027.58]
exp008-n1024-k08-d200-bs60-f1.000-r07:003940.059: log(norms):     [1023.47, 1026.3, 1030.21, 1030.24, 1030.28, 1030.32, 1030.28, 1030.17, 1030.29, 1030.38]
exp008-n1024-k08-d200-bs60-f1.000-r07:003940.081: (1192 sec)
exp008-n1024-k08-d200-bs60-f1.000-r07:003940.081: Loop 4/100
exp008-n1024-k08-d200-bs60-f1.000-r07:005050.812: log(exp-norms): [1023.47, 1025.5, 1027.58]
exp008-n1024-k08-d200-bs60-f1.000-r07:005050.812: log(norms):     [1023.47, 1026.3, 1029.83, 1029.92, 1029.93, 1029.97, 1029.88, 1029.95, 1030.05, 1029.94]
exp008-n1024-k08-d200-bs60-f1.000-r07:005050.833: (1111 sec)
exp008-n1024-k08-d200-bs60-f1.000-r07:005050.834: Loop 5/100
exp008-n1024-k08-d200-bs60-f1.000-r07:006430.563: log(exp-norms): [1023.47, 1025.5, 1027.58]
exp008-n1024-k08-d200-bs60-f1.000-r07:006430.564: log(norms):     [1023.47, 1026.3, 1029.56, 1029.62, 1029.65, 1029.8, 1029.71, 1029.77, 1029.75, 1029.8]
exp008-n1024-k08-d200-bs60-f1.000-r07:006430.596: (1380 sec)
exp008-n1024-k08-d200-bs60-f1.000-r07:006430.597: Loop 6/100
exp008-n1024-k08-d200-bs60-f1.000-r07:007638.266: log(exp-norms): [1023.47, 1025.5, 1027.58]
exp008-n1024-k08-d200-bs60-f1.000-r07:007638.267: log(norms):     [1023.47, 1026.3, 1029.37, 1029.4, 1029.47, 1029.49, 1029.48, 1029.65, 1029.36, 1029.48]
exp008-n1024-k08-d200-bs60-f1.000-r07:007638.299: (1208 sec)
exp008-n1024-k08-d200-bs60-f1.000-r07:007638.299: Loop 7/100
exp008-n1024-k08-d200-bs60-f1.000-r07:008786.071: log(exp-norms): [1023.47, 1025.5, 1027.58]
exp008-n1024-k08-d200-bs60-f1.000-r07:008786.071: log(norms):     [1023.47, 1025.47, 1026.3, 1029.3, 1029.32, 1029.43, 1029.33, 1029.41, 1029.55, 1029.63]
exp008-n1024-k08-d200-bs60-f1.000-r07:008786.093: (1148 sec)
exp008-n1024-k08-d200-bs60-f1.000-r07:008786.093: ==========================Summary===========================
exp008-n1024-k08-d200-bs60-f1.000-r07:008786.093: Total time: 8786sec
exp008-n1024-k08-d200-bs60-f1.000-r07:008786.093: SUCCESS
exp008-n1024-k08-d200-bs60-f1.000-r07:008786.093: HNP solution: 100466552553276666976631490258212017311354091348378375644866344497402791957205605608517109683688901814212186680385797797946155212894744832712380767665525466005612085660533151658700899072273287215852373792360729653667222789636672140792908782700519735226567166321870401360904050477549173613523816716039329392354
exp008-n1024-k08-d200-bs60-f1.000-r07:008786.093: Shared secret: 100466552553276666976631490258212017311354091348378375644866344497402791957205605608517109683688901814212186680385797797946155212894744832712380767665525466005612085660533151658700899072273287215852373792360729653667222789636672140792908782700519735226567166321870401360904050477549173613523816716039329392354
exp008-n1024-k08-d200-bs60-f1.000-r07:008786.093: SUMMARY:n:1024:k:8:d:200:bs:60:t:8786:r:True
