exp021-n1024-k08-d200-bs60-f1.732-r04:000000.165: ==========================Instance==========================
exp021-n1024-k08-d200-bs60-f1.732-r04:000000.165: # of equations: 200
exp021-n1024-k08-d200-bs60-f1.732-r04:000000.168: Gap: 4.20
exp021-n1024-k08-d200-bs60-f1.732-r04:000000.172: Tau: 5.14
exp021-n1024-k08-d200-bs60-f1.732-r04:000000.172: ======================BKZ-60 reduction======================
exp021-n1024-k08-d200-bs60-f1.732-r04:000003.206: Expectedly achievable log(norm): 1029.11
exp021-n1024-k08-d200-bs60-f1.732-r04:000008.372: log(exp-norms): [1023.47, 1025.5, 1027.58]
exp021-n1024-k08-d200-bs60-f1.732-r04:000008.372: log(norms):     [1033.93, 1026.3, 1030.94, 1030.94, 1030.94, 1030.94, 1030.94, 1030.94, 1030.94, 1030.94]
exp021-n1024-k08-d200-bs60-f1.732-r04:000008.470: Loop 1/100
exp021-n1024-k08-d200-bs60-f1.732-r04:001616.933: log(exp-norms): [1023.47, 1025.5, 1027.58]
exp021-n1024-k08-d200-bs60-f1.732-r04:001616.934: log(norms):     [1026.3, 1030.14, 1030.94, 1030.94, 1030.94, 1031.08, 1031.11, 1031.28, 1031.26, 1031.16]
exp021-n1024-k08-d200-bs60-f1.732-r04:001616.968: (1609 sec)
exp021-n1024-k08-d200-bs60-f1.732-r04:001616.968: Loop 2/100
exp021-n1024-k08-d200-bs60-f1.732-r04:002905.111: log(exp-norms): [1023.47, 1025.5, 1027.58]
exp021-n1024-k08-d200-bs60-f1.732-r04:002905.112: log(norms):     [1023.47, 1026.3, 1030.14, 1030.47, 1030.53, 1030.7, 1030.52, 1030.62, 1030.69, 1030.57]
exp021-n1024-k08-d200-bs60-f1.732-r04:002905.134: (1289 sec)
exp021-n1024-k08-d200-bs60-f1.732-r04:002905.134: Loop 3/100
exp021-n1024-k08-d200-bs60-f1.732-r04:004238.045: log(exp-norms): [1023.47, 1025.5, 1027.58]
exp021-n1024-k08-d200-bs60-f1.732-r04:004238.045: log(norms):     [1023.47, 1026.3, 1030.09, 1030.13, 1030.14, 1030.22, 1030.15, 1030.34, 1030.25, 1030.22]
exp021-n1024-k08-d200-bs60-f1.732-r04:004238.078: (1333 sec)
exp021-n1024-k08-d200-bs60-f1.732-r04:004238.079: Loop 4/100
exp021-n1024-k08-d200-bs60-f1.732-r04:005504.224: log(exp-norms): [1023.47, 1025.5, 1027.58]
exp021-n1024-k08-d200-bs60-f1.732-r04:005504.225: log(norms):     [1023.47, 1026.3, 1029.85, 1029.92, 1029.86, 1029.96, 1029.86, 1029.93, 1029.88, 1029.84]
exp021-n1024-k08-d200-bs60-f1.732-r04:005504.246: (1267 sec)
exp021-n1024-k08-d200-bs60-f1.732-r04:005504.247: Loop 5/100
exp021-n1024-k08-d200-bs60-f1.732-r04:006779.766: log(exp-norms): [1023.47, 1025.5, 1027.58]
exp021-n1024-k08-d200-bs60-f1.732-r04:006779.766: log(norms):     [1023.47, 1026.3, 1029.58, 1029.59, 1029.61, 1029.64, 1029.65, 1029.8, 1029.61, 1029.78]
exp021-n1024-k08-d200-bs60-f1.732-r04:006779.799: (1276 sec)
exp021-n1024-k08-d200-bs60-f1.732-r04:006779.799: Loop 6/100
exp021-n1024-k08-d200-bs60-f1.732-r04:008128.377: log(exp-norms): [1023.47, 1025.5, 1027.58]
exp021-n1024-k08-d200-bs60-f1.732-r04:008128.378: log(norms):     [1023.47, 1026.3, 1029.43, 1029.49, 1029.45, 1029.6, 1029.53, 1029.51, 1029.42, 1029.57]
exp021-n1024-k08-d200-bs60-f1.732-r04:008128.399: (1349 sec)
exp021-n1024-k08-d200-bs60-f1.732-r04:008128.399: Loop 7/100
exp021-n1024-k08-d200-bs60-f1.732-r04:009420.733: log(exp-norms): [1023.47, 1025.5, 1027.58]
exp021-n1024-k08-d200-bs60-f1.732-r04:009420.733: log(norms):     [1023.47, 1026.3, 1029.31, 1029.33, 1029.4, 1029.43, 1029.47, 1029.42, 1029.51, 1029.41]
exp021-n1024-k08-d200-bs60-f1.732-r04:009420.755: (1293 sec)
exp021-n1024-k08-d200-bs60-f1.732-r04:009420.755: Loop 8/100
exp021-n1024-k08-d200-bs60-f1.732-r04:010637.743: log(exp-norms): [1023.47, 1025.5, 1027.58]
exp021-n1024-k08-d200-bs60-f1.732-r04:010637.743: log(norms):     [1023.47, 1025.46, 1026.3, 1029.25, 1029.29, 1029.34, 1029.25, 1029.31, 1029.36, 1029.29]
exp021-n1024-k08-d200-bs60-f1.732-r04:010637.775: (1218 sec)
exp021-n1024-k08-d200-bs60-f1.732-r04:010637.775: ==========================Summary===========================
exp021-n1024-k08-d200-bs60-f1.732-r04:010637.775: Total time: 10638sec
exp021-n1024-k08-d200-bs60-f1.732-r04:010637.775: SUCCESS
exp021-n1024-k08-d200-bs60-f1.732-r04:010637.775: HNP solution: 100466552553276666976631490258212017311354091348378375644866344497402791957205605608517109683688901814212186680385797797946155212894744832712380767665525466005612085660533151658700899072273287215852373792360729653667222789636672140792908782700519735226567166321870401360904050477549173613523816716039329392354
exp021-n1024-k08-d200-bs60-f1.732-r04:010637.776: Shared secret: 100466552553276666976631490258212017311354091348378375644866344497402791957205605608517109683688901814212186680385797797946155212894744832712380767665525466005612085660533151658700899072273287215852373792360729653667222789636672140792908782700519735226567166321870401360904050477549173613523816716039329392354
exp021-n1024-k08-d200-bs60-f1.732-r04:010637.776: SUMMARY:n:1024:k:8:d:200:bs:60:t:10638:r:True
