exp010-n1024-k08-d200-bs60-f1.750-r01:000000.191: ==========================Instance==========================
exp010-n1024-k08-d200-bs60-f1.750-r01:000000.191: # of equations: 200
exp010-n1024-k08-d200-bs60-f1.750-r01:000000.193: Gap: 4.20
exp010-n1024-k08-d200-bs60-f1.750-r01:000000.197: Tau: 5.14
exp010-n1024-k08-d200-bs60-f1.750-r01:000000.198: ======================BKZ-60 reduction======================
exp010-n1024-k08-d200-bs60-f1.750-r01:000004.206: Expectedly achievable log(norm): 1029.11
exp010-n1024-k08-d200-bs60-f1.750-r01:000007.220: log(exp-norms): [1023.47, 1025.5, 1027.58]
exp010-n1024-k08-d200-bs60-f1.750-r01:000007.220: log(norms):     [1033.93, 1026.3, 1030.94, 1030.94, 1030.94, 1030.94, 1030.94, 1030.94, 1030.94, 1030.94]
exp010-n1024-k08-d200-bs60-f1.750-r01:000007.277: Loop 1/100
exp010-n1024-k08-d200-bs60-f1.750-r01:001726.705: log(exp-norms): [1023.47, 1025.5, 1027.58]
exp010-n1024-k08-d200-bs60-f1.750-r01:001726.706: log(norms):     [1026.3, 1030.13, 1030.96, 1030.94, 1030.94, 1031.1, 1030.94, 1031.01, 1031.06, 1030.94]
exp010-n1024-k08-d200-bs60-f1.750-r01:001726.739: (1720 sec)
exp010-n1024-k08-d200-bs60-f1.750-r01:001726.740: Loop 2/100
exp010-n1024-k08-d200-bs60-f1.750-r01:003157.339: log(exp-norms): [1023.47, 1025.5, 1027.58]
exp010-n1024-k08-d200-bs60-f1.750-r01:003157.340: log(norms):     [1023.47, 1026.3, 1030.13, 1030.54, 1030.69, 1030.68, 1030.52, 1030.64, 1030.59, 1030.62]
exp010-n1024-k08-d200-bs60-f1.750-r01:003157.373: (1431 sec)
exp010-n1024-k08-d200-bs60-f1.750-r01:003157.374: Loop 3/100
exp010-n1024-k08-d200-bs60-f1.750-r01:004579.937: log(exp-norms): [1023.47, 1025.5, 1027.58]
exp010-n1024-k08-d200-bs60-f1.750-r01:004579.938: log(norms):     [1023.47, 1026.3, 1030.13, 1030.21, 1030.28, 1030.3, 1030.23, 1030.34, 1030.29, 1030.28]
exp010-n1024-k08-d200-bs60-f1.750-r01:004579.971: (1423 sec)
exp010-n1024-k08-d200-bs60-f1.750-r01:004579.971: Loop 4/100
exp010-n1024-k08-d200-bs60-f1.750-r01:005899.974: log(exp-norms): [1023.47, 1025.5, 1027.58]
exp010-n1024-k08-d200-bs60-f1.750-r01:005899.975: log(norms):     [1023.47, 1026.3, 1029.85, 1029.88, 1029.98, 1029.91, 1029.91, 1029.91, 1030.18, 1029.82]
exp010-n1024-k08-d200-bs60-f1.750-r01:005899.997: (1321 sec)
exp010-n1024-k08-d200-bs60-f1.750-r01:005899.997: Loop 5/100
exp010-n1024-k08-d200-bs60-f1.750-r01:007178.483: log(exp-norms): [1023.47, 1025.5, 1027.58]
exp010-n1024-k08-d200-bs60-f1.750-r01:007178.484: log(norms):     [1023.47, 1026.3, 1029.54, 1029.59, 1029.67, 1029.66, 1029.78, 1029.66, 1029.61, 1029.63]
exp010-n1024-k08-d200-bs60-f1.750-r01:007178.522: (1279 sec)
exp010-n1024-k08-d200-bs60-f1.750-r01:007178.522: Loop 6/100
exp010-n1024-k08-d200-bs60-f1.750-r01:008385.701: log(exp-norms): [1023.47, 1025.5, 1027.58]
exp010-n1024-k08-d200-bs60-f1.750-r01:008385.701: log(norms):     [1023.47, 1026.3, 1029.43, 1029.45, 1029.5, 1029.52, 1029.59, 1029.49, 1029.68, 1029.65]
exp010-n1024-k08-d200-bs60-f1.750-r01:008385.722: (1208 sec)
exp010-n1024-k08-d200-bs60-f1.750-r01:008385.723: Loop 7/100
exp010-n1024-k08-d200-bs60-f1.750-r01:009549.017: log(exp-norms): [1023.47, 1025.5, 1027.58]
exp010-n1024-k08-d200-bs60-f1.750-r01:009549.019: log(norms):     [1023.47, 1026.3, 1029.33, 1029.36, 1029.24, 1029.39, 1029.37, 1029.36, 1029.45, 1029.46]
exp010-n1024-k08-d200-bs60-f1.750-r01:009549.053: (1164 sec)
exp010-n1024-k08-d200-bs60-f1.750-r01:009549.059: Loop 8/100
exp010-n1024-k08-d200-bs60-f1.750-r01:010591.980: log(exp-norms): [1023.47, 1025.5, 1027.58]
exp010-n1024-k08-d200-bs60-f1.750-r01:010591.981: log(norms):     [1023.47, 1026.3, 1029.2, 1029.24, 1029.37, 1029.33, 1029.3, 1029.4, 1029.56, 1029.35]
exp010-n1024-k08-d200-bs60-f1.750-r01:010592.002: (1043 sec)
exp010-n1024-k08-d200-bs60-f1.750-r01:010592.002: Loop 9/100
exp010-n1024-k08-d200-bs60-f1.750-r01:011520.750: log(exp-norms): [1023.47, 1025.5, 1027.58]
exp010-n1024-k08-d200-bs60-f1.750-r01:011520.750: log(norms):     [1023.47, 1026.3, 1029.2, 1029.2, 1029.26, 1029.36, 1029.32, 1029.38, 1029.45, 1029.49]
exp010-n1024-k08-d200-bs60-f1.750-r01:011520.773: (929 sec)
exp010-n1024-k08-d200-bs60-f1.750-r01:011520.774: Loop 10/100
exp010-n1024-k08-d200-bs60-f1.750-r01:012522.409: log(exp-norms): [1023.47, 1025.5, 1027.58]
exp010-n1024-k08-d200-bs60-f1.750-r01:012522.409: log(norms):     [1023.47, 1026.3, 1029.09, 1029.2, 1029.24, 1029.35, 1029.3, 1029.36, 1029.24, 1029.36]
exp010-n1024-k08-d200-bs60-f1.750-r01:012522.430: (1002 sec)
exp010-n1024-k08-d200-bs60-f1.750-r01:012522.431: ==========================Summary===========================
exp010-n1024-k08-d200-bs60-f1.750-r01:012522.431: Total time: 12523sec
exp010-n1024-k08-d200-bs60-f1.750-r01:012522.431: SUCCESS
exp010-n1024-k08-d200-bs60-f1.750-r01:012522.431: HNP solution: 100466552553276666976631490258212017311354091348378375644866344497402791957205605608517109683688901814212186680385797797946155212894744832712380767665525466005612085660533151658700899072273287215852373792360729653667222789636672140792908782700519735226567166321870401360904050477549173613523816716039329392354
exp010-n1024-k08-d200-bs60-f1.750-r01:012522.431: Shared secret: 100466552553276666976631490258212017311354091348378375644866344497402791957205605608517109683688901814212186680385797797946155212894744832712380767665525466005612085660533151658700899072273287215852373792360729653667222789636672140792908782700519735226567166321870401360904050477549173613523816716039329392354
exp010-n1024-k08-d200-bs60-f1.750-r01:012522.431: SUMMARY:n:1024:k:8:d:200:bs:60:t:12523:r:True
