exp019-n1024-k08-d200-bs60-f1.732-r02:000000.181: ==========================Instance==========================
exp019-n1024-k08-d200-bs60-f1.732-r02:000000.182: # of equations: 200
exp019-n1024-k08-d200-bs60-f1.732-r02:000000.184: Gap: 4.20
exp019-n1024-k08-d200-bs60-f1.732-r02:000000.187: Tau: 5.14
exp019-n1024-k08-d200-bs60-f1.732-r02:000000.187: ======================BKZ-60 reduction======================
exp019-n1024-k08-d200-bs60-f1.732-r02:000003.494: Expectedly achievable log(norm): 1029.11
exp019-n1024-k08-d200-bs60-f1.732-r02:000007.697: log(exp-norms): [1023.47, 1025.5, 1027.58]
exp019-n1024-k08-d200-bs60-f1.732-r02:000007.698: log(norms):     [1033.93, 1026.3, 1030.94, 1030.94, 1030.94, 1030.94, 1030.94, 1030.94, 1030.94, 1030.94]
exp019-n1024-k08-d200-bs60-f1.732-r02:000007.794: Loop 1/100
exp019-n1024-k08-d200-bs60-f1.732-r02:001723.091: log(exp-norms): [1023.47, 1025.5, 1027.58]
exp019-n1024-k08-d200-bs60-f1.732-r02:001723.092: log(norms):     [1026.3, 1030.14, 1030.94, 1030.94, 1030.94, 1031.08, 1031.11, 1031.28, 1031.26, 1031.16]
exp019-n1024-k08-d200-bs60-f1.732-r02:001723.114: (1716 sec)
exp019-n1024-k08-d200-bs60-f1.732-r02:001723.115: Loop 2/100
exp019-n1024-k08-d200-bs60-f1.732-r02:003029.146: log(exp-norms): [1023.47, 1025.5, 1027.58]
exp019-n1024-k08-d200-bs60-f1.732-r02:003029.147: log(norms):     [1023.47, 1026.3, 1030.14, 1030.47, 1030.53, 1030.7, 1030.52, 1030.62, 1030.69, 1030.57]
exp019-n1024-k08-d200-bs60-f1.732-r02:003029.180: (1307 sec)
exp019-n1024-k08-d200-bs60-f1.732-r02:003029.181: Loop 3/100
exp019-n1024-k08-d200-bs60-f1.732-r02:004384.877: log(exp-norms): [1023.47, 1025.5, 1027.58]
exp019-n1024-k08-d200-bs60-f1.732-r02:004384.878: log(norms):     [1023.47, 1026.3, 1030.09, 1030.13, 1030.14, 1030.22, 1030.15, 1030.34, 1030.25, 1030.22]
exp019-n1024-k08-d200-bs60-f1.732-r02:004384.899: (1356 sec)
exp019-n1024-k08-d200-bs60-f1.732-r02:004384.899: Loop 4/100
exp019-n1024-k08-d200-bs60-f1.732-r02:005717.384: log(exp-norms): [1023.47, 1025.5, 1027.58]
exp019-n1024-k08-d200-bs60-f1.732-r02:005717.384: log(norms):     [1023.47, 1026.3, 1029.85, 1029.92, 1029.86, 1029.96, 1029.86, 1029.93, 1029.88, 1029.84]
exp019-n1024-k08-d200-bs60-f1.732-r02:005717.418: (1333 sec)
exp019-n1024-k08-d200-bs60-f1.732-r02:005717.419: Loop 5/100
exp019-n1024-k08-d200-bs60-f1.732-r02:007005.172: log(exp-norms): [1023.47, 1025.5, 1027.58]
exp019-n1024-k08-d200-bs60-f1.732-r02:007005.173: log(norms):     [1023.47, 1026.3, 1029.58, 1029.59, 1029.61, 1029.64, 1029.65, 1029.8, 1029.61, 1029.78]
exp019-n1024-k08-d200-bs60-f1.732-r02:007005.211: (1288 sec)
exp019-n1024-k08-d200-bs60-f1.732-r02:007005.211: Loop 6/100
exp019-n1024-k08-d200-bs60-f1.732-r02:008368.173: log(exp-norms): [1023.47, 1025.5, 1027.58]
exp019-n1024-k08-d200-bs60-f1.732-r02:008368.173: log(norms):     [1023.47, 1026.3, 1029.43, 1029.49, 1029.45, 1029.6, 1029.53, 1029.51, 1029.42, 1029.57]
exp019-n1024-k08-d200-bs60-f1.732-r02:008368.195: (1363 sec)
exp019-n1024-k08-d200-bs60-f1.732-r02:008368.195: Loop 7/100
exp019-n1024-k08-d200-bs60-f1.732-r02:009704.281: log(exp-norms): [1023.47, 1025.5, 1027.58]
exp019-n1024-k08-d200-bs60-f1.732-r02:009704.282: log(norms):     [1023.47, 1026.3, 1029.31, 1029.33, 1029.4, 1029.43, 1029.47, 1029.42, 1029.51, 1029.41]
exp019-n1024-k08-d200-bs60-f1.732-r02:009704.316: (1337 sec)
exp019-n1024-k08-d200-bs60-f1.732-r02:009704.317: Loop 8/100
exp019-n1024-k08-d200-bs60-f1.732-r02:010818.607: log(exp-norms): [1023.47, 1025.5, 1027.58]
exp019-n1024-k08-d200-bs60-f1.732-r02:010818.607: log(norms):     [1023.47, 1025.46, 1026.3, 1029.25, 1029.29, 1029.34, 1029.25, 1029.31, 1029.36, 1029.29]
exp019-n1024-k08-d200-bs60-f1.732-r02:010818.639: (1115 sec)
exp019-n1024-k08-d200-bs60-f1.732-r02:010818.639: ==========================Summary===========================
exp019-n1024-k08-d200-bs60-f1.732-r02:010818.639: Total time: 10819sec
exp019-n1024-k08-d200-bs60-f1.732-r02:010818.639: SUCCESS
exp019-n1024-k08-d200-bs60-f1.732-r02:010818.639: HNP solution: 100466552553276666976631490258212017311354091348378375644866344497402791957205605608517109683688901814212186680385797797946155212894744832712380767665525466005612085660533151658700899072273287215852373792360729653667222789636672140792908782700519735226567166321870401360904050477549173613523816716039329392354
exp019-n1024-k08-d200-bs60-f1.732-r02:010818.640: Shared secret: 100466552553276666976631490258212017311354091348378375644866344497402791957205605608517109683688901814212186680385797797946155212894744832712380767665525466005612085660533151658700899072273287215852373792360729653667222789636672140792908782700519735226567166321870401360904050477549173613523816716039329392354
exp019-n1024-k08-d200-bs60-f1.732-r02:010818.640: SUMMARY:n:1024:k:8:d:200:bs:60:t:10819:r:True
