exp016-n1024-k08-d200-bs60-f1.750-r07:000000.205: ==========================Instance==========================
exp016-n1024-k08-d200-bs60-f1.750-r07:000000.205: # of equations: 200
exp016-n1024-k08-d200-bs60-f1.750-r07:000000.207: Gap: 4.20
exp016-n1024-k08-d200-bs60-f1.750-r07:000000.211: Tau: 5.14
exp016-n1024-k08-d200-bs60-f1.750-r07:000000.212: ======================BKZ-60 reduction======================
exp016-n1024-k08-d200-bs60-f1.750-r07:000004.527: Expectedly achievable log(norm): 1029.11
exp016-n1024-k08-d200-bs60-f1.750-r07:000008.254: log(exp-norms): [1023.47, 1025.5, 1027.58]
exp016-n1024-k08-d200-bs60-f1.750-r07:000008.255: log(norms):     [1033.93, 1026.3, 1030.94, 1030.94, 1030.94, 1030.94, 1030.94, 1030.94, 1030.94, 1030.94]
exp016-n1024-k08-d200-bs60-f1.750-r07:000008.349: Loop 1/100
exp016-n1024-k08-d200-bs60-f1.750-r07:001732.855: log(exp-norms): [1023.47, 1025.5, 1027.58]
exp016-n1024-k08-d200-bs60-f1.750-r07:001732.856: log(norms):     [1026.3, 1030.13, 1030.96, 1030.94, 1030.94, 1031.1, 1030.94, 1031.01, 1031.06, 1030.94]
exp016-n1024-k08-d200-bs60-f1.750-r07:001732.881: (1725 sec)
exp016-n1024-k08-d200-bs60-f1.750-r07:001732.881: Loop 2/100
exp016-n1024-k08-d200-bs60-f1.750-r07:003153.232: log(exp-norms): [1023.47, 1025.5, 1027.58]
exp016-n1024-k08-d200-bs60-f1.750-r07:003153.233: log(norms):     [1023.47, 1026.3, 1030.13, 1030.54, 1030.69, 1030.68, 1030.52, 1030.64, 1030.59, 1030.62]
exp016-n1024-k08-d200-bs60-f1.750-r07:003153.266: (1421 sec)
exp016-n1024-k08-d200-bs60-f1.750-r07:003153.266: Loop 3/100
exp016-n1024-k08-d200-bs60-f1.750-r07:004513.005: log(exp-norms): [1023.47, 1025.5, 1027.58]
exp016-n1024-k08-d200-bs60-f1.750-r07:004513.006: log(norms):     [1023.47, 1026.3, 1030.13, 1030.21, 1030.28, 1030.3, 1030.23, 1030.34, 1030.29, 1030.28]
exp016-n1024-k08-d200-bs60-f1.750-r07:004513.038: (1360 sec)
exp016-n1024-k08-d200-bs60-f1.750-r07:004513.039: Loop 4/100
exp016-n1024-k08-d200-bs60-f1.750-r07:005848.239: log(exp-norms): [1023.47, 1025.5, 1027.58]
exp016-n1024-k08-d200-bs60-f1.750-r07:005848.240: log(norms):     [1023.47, 1026.3, 1029.85, 1029.88, 1029.98, 1029.91, 1029.91, 1029.91, 1030.18, 1029.82]
exp016-n1024-k08-d200-bs60-f1.750-r07:005848.273: (1336 sec)
exp016-n1024-k08-d200-bs60-f1.750-r07:005848.274: Loop 5/100
exp016-n1024-k08-d200-bs60-f1.750-r07:007205.173: log(exp-norms): [1023.47, 1025.5, 1027.58]
exp016-n1024-k08-d200-bs60-f1.750-r07:007205.174: log(norms):     [1023.47, 1026.3, 1029.54, 1029.59, 1029.67, 1029.66, 1029.78, 1029.66, 1029.61, 1029.63]
exp016-n1024-k08-d200-bs60-f1.750-r07:007205.212: (1357 sec)
exp016-n1024-k08-d200-bs60-f1.750-r07:007205.212: Loop 6/100
exp016-n1024-k08-d200-bs60-f1.750-r07:008509.048: log(exp-norms): [1023.47, 1025.5, 1027.58]
exp016-n1024-k08-d200-bs60-f1.750-r07:008509.049: log(norms):     [1023.47, 1026.3, 1029.43, 1029.45, 1029.5, 1029.52, 1029.59, 1029.49, 1029.68, 1029.65]
exp016-n1024-k08-d200-bs60-f1.750-r07:008509.082: (1304 sec)
exp016-n1024-k08-d200-bs60-f1.750-r07:008509.082: Loop 7/100
exp016-n1024-k08-d200-bs60-f1.750-r07:009798.544: log(exp-norms): [1023.47, 1025.5, 1027.58]
exp016-n1024-k08-d200-bs60-f1.750-r07:009798.544: log(norms):     [1023.47, 1026.3, 1029.33, 1029.36, 1029.24, 1029.39, 1029.37, 1029.36, 1029.45, 1029.46]
exp016-n1024-k08-d200-bs60-f1.750-r07:009798.565: (1290 sec)
exp016-n1024-k08-d200-bs60-f1.750-r07:009798.566: Loop 8/100
exp016-n1024-k08-d200-bs60-f1.750-r07:010911.351: log(exp-norms): [1023.47, 1025.5, 1027.58]
exp016-n1024-k08-d200-bs60-f1.750-r07:010911.352: log(norms):     [1023.47, 1026.3, 1029.2, 1029.24, 1029.37, 1029.33, 1029.3, 1029.4, 1029.56, 1029.35]
exp016-n1024-k08-d200-bs60-f1.750-r07:010911.377: (1113 sec)
exp016-n1024-k08-d200-bs60-f1.750-r07:010911.377: Loop 9/100
exp016-n1024-k08-d200-bs60-f1.750-r07:011973.191: log(exp-norms): [1023.47, 1025.5, 1027.58]
exp016-n1024-k08-d200-bs60-f1.750-r07:011973.192: log(norms):     [1023.47, 1026.3, 1029.2, 1029.2, 1029.26, 1029.36, 1029.32, 1029.38, 1029.45, 1029.49]
exp016-n1024-k08-d200-bs60-f1.750-r07:011973.233: (1062 sec)
exp016-n1024-k08-d200-bs60-f1.750-r07:011973.233: Loop 10/100
exp016-n1024-k08-d200-bs60-f1.750-r07:013085.918: log(exp-norms): [1023.47, 1025.5, 1027.58]
exp016-n1024-k08-d200-bs60-f1.750-r07:013085.919: log(norms):     [1023.47, 1026.3, 1029.09, 1029.2, 1029.24, 1029.35, 1029.3, 1029.36, 1029.24, 1029.36]
exp016-n1024-k08-d200-bs60-f1.750-r07:013085.939: (1113 sec)
exp016-n1024-k08-d200-bs60-f1.750-r07:013085.940: ==========================Summary===========================
exp016-n1024-k08-d200-bs60-f1.750-r07:013085.940: Total time: 13086sec
exp016-n1024-k08-d200-bs60-f1.750-r07:013085.940: SUCCESS
exp016-n1024-k08-d200-bs60-f1.750-r07:013085.940: HNP solution: 100466552553276666976631490258212017311354091348378375644866344497402791957205605608517109683688901814212186680385797797946155212894744832712380767665525466005612085660533151658700899072273287215852373792360729653667222789636672140792908782700519735226567166321870401360904050477549173613523816716039329392354
exp016-n1024-k08-d200-bs60-f1.750-r07:013085.940: Shared secret: 100466552553276666976631490258212017311354091348378375644866344497402791957205605608517109683688901814212186680385797797946155212894744832712380767665525466005612085660533151658700899072273287215852373792360729653667222789636672140792908782700519735226567166321870401360904050477549173613523816716039329392354
exp016-n1024-k08-d200-bs60-f1.750-r07:013085.940: SUMMARY:n:1024:k:8:d:200:bs:60:t:13086:r:True
