exp014-n1024-k08-d200-bs60-f1.750-r05:000000.212: ==========================Instance==========================
exp014-n1024-k08-d200-bs60-f1.750-r05:000000.213: # of equations: 200
exp014-n1024-k08-d200-bs60-f1.750-r05:000000.215: Gap: 4.20
exp014-n1024-k08-d200-bs60-f1.750-r05:000000.219: Tau: 5.14
exp014-n1024-k08-d200-bs60-f1.750-r05:000000.220: ======================BKZ-60 reduction======================
exp014-n1024-k08-d200-bs60-f1.750-r05:000005.203: Expectedly achievable log(norm): 1029.11
exp014-n1024-k08-d200-bs60-f1.750-r05:000009.940: log(exp-norms): [1023.47, 1025.5, 1027.58]
exp014-n1024-k08-d200-bs60-f1.750-r05:000009.940: log(norms):     [1033.93, 1026.3, 1030.94, 1030.94, 1030.94, 1030.94, 1030.94, 1030.94, 1030.94, 1030.94]
exp014-n1024-k08-d200-bs60-f1.750-r05:000010.037: Loop 1/100
exp014-n1024-k08-d200-bs60-f1.750-r05:001609.357: log(exp-norms): [1023.47, 1025.5, 1027.58]
exp014-n1024-k08-d200-bs60-f1.750-r05:001609.358: log(norms):     [1026.3, 1030.13, 1030.96, 1030.94, 1030.94, 1031.1, 1030.94, 1031.01, 1031.06, 1030.94]
exp014-n1024-k08-d200-bs60-f1.750-r05:001609.379: (1600 sec)
exp014-n1024-k08-d200-bs60-f1.750-r05:001609.380: Loop 2/100
exp014-n1024-k08-d200-bs60-f1.750-r05:002750.967: log(exp-norms): [1023.47, 1025.5, 1027.58]
exp014-n1024-k08-d200-bs60-f1.750-r05:002750.968: log(norms):     [1023.47, 1026.3, 1030.13, 1030.54, 1030.69, 1030.68, 1030.52, 1030.64, 1030.59, 1030.62]
exp014-n1024-k08-d200-bs60-f1.750-r05:002750.991: (1142 sec)
exp014-n1024-k08-d200-bs60-f1.750-r05:002750.991: Loop 3/100
exp014-n1024-k08-d200-bs60-f1.750-r05:003927.531: log(exp-norms): [1023.47, 1025.5, 1027.58]
exp014-n1024-k08-d200-bs60-f1.750-r05:003927.532: log(norms):     [1023.47, 1026.3, 1030.13, 1030.21, 1030.28, 1030.3, 1030.23, 1030.34, 1030.29, 1030.28]
exp014-n1024-k08-d200-bs60-f1.750-r05:003927.552: (1177 sec)
exp014-n1024-k08-d200-bs60-f1.750-r05:003927.553: Loop 4/100
exp014-n1024-k08-d200-bs60-f1.750-r05:005208.421: log(exp-norms): [1023.47, 1025.5, 1027.58]
exp014-n1024-k08-d200-bs60-f1.750-r05:005208.422: log(norms):     [1023.47, 1026.3, 1029.85, 1029.88, 1029.98, 1029.91, 1029.91, 1029.91, 1030.18, 1029.82]
exp014-n1024-k08-d200-bs60-f1.750-r05:005208.451: (1281 sec)
exp014-n1024-k08-d200-bs60-f1.750-r05:005208.451: Loop 5/100
exp014-n1024-k08-d200-bs60-f1.750-r05:006402.390: log(exp-norms): [1023.47, 1025.5, 1027.58]
exp014-n1024-k08-d200-bs60-f1.750-r05:006402.391: log(norms):     [1023.47, 1026.3, 1029.54, 1029.59, 1029.67, 1029.66, 1029.78, 1029.66, 1029.61, 1029.63]
exp014-n1024-k08-d200-bs60-f1.750-r05:006402.423: (1194 sec)
exp014-n1024-k08-d200-bs60-f1.750-r05:006402.423: Loop 6/100
exp014-n1024-k08-d200-bs60-f1.750-r05:007662.640: log(exp-norms): [1023.47, 1025.5, 1027.58]
exp014-n1024-k08-d200-bs60-f1.750-r05:007662.640: log(norms):     [1023.47, 1026.3, 1029.43, 1029.45, 1029.5, 1029.52, 1029.59, 1029.49, 1029.68, 1029.65]
exp014-n1024-k08-d200-bs60-f1.750-r05:007662.674: (1261 sec)
exp014-n1024-k08-d200-bs60-f1.750-r05:007662.674: Loop 7/100
exp014-n1024-k08-d200-bs60-f1.750-r05:008795.067: log(exp-norms): [1023.47, 1025.5, 1027.58]
exp014-n1024-k08-d200-bs60-f1.750-r05:008795.068: log(norms):     [1023.47, 1026.3, 1029.33, 1029.36, 1029.24, 1029.39, 1029.37, 1029.36, 1029.45, 1029.46]
exp014-n1024-k08-d200-bs60-f1.750-r05:008795.102: (1133 sec)
exp014-n1024-k08-d200-bs60-f1.750-r05:008795.102: Loop 8/100
exp014-n1024-k08-d200-bs60-f1.750-r05:009905.922: log(exp-norms): [1023.47, 1025.5, 1027.58]
exp014-n1024-k08-d200-bs60-f1.750-r05:009905.922: log(norms):     [1023.47, 1026.3, 1029.2, 1029.24, 1029.37, 1029.33, 1029.3, 1029.4, 1029.56, 1029.35]
exp014-n1024-k08-d200-bs60-f1.750-r05:009905.943: (1111 sec)
exp014-n1024-k08-d200-bs60-f1.750-r05:009905.943: Loop 9/100
exp014-n1024-k08-d200-bs60-f1.750-r05:010850.506: log(exp-norms): [1023.47, 1025.5, 1027.58]
exp014-n1024-k08-d200-bs60-f1.750-r05:010850.507: log(norms):     [1023.47, 1026.3, 1029.2, 1029.2, 1029.26, 1029.36, 1029.32, 1029.38, 1029.45, 1029.49]
exp014-n1024-k08-d200-bs60-f1.750-r05:010850.527: (945 sec)
exp014-n1024-k08-d200-bs60-f1.750-r05:010850.528: Loop 10/100
exp014-n1024-k08-d200-bs60-f1.750-r05:011793.384: log(exp-norms): [1023.47, 1025.5, 1027.58]
exp014-n1024-k08-d200-bs60-f1.750-r05:011793.384: log(norms):     [1023.47, 1026.3, 1029.09, 1029.2, 1029.24, 1029.35, 1029.3, 1029.36, 1029.24, 1029.36]
exp014-n1024-k08-d200-bs60-f1.750-r05:011793.425: (943 sec)
exp014-n1024-k08-d200-bs60-f1.750-r05:011793.426: ==========================Summary===========================
exp014-n1024-k08-d200-bs60-f1.750-r05:011793.426: Total time: 11794sec
exp014-n1024-k08-d200-bs60-f1.750-r05:011793.426: SUCCESS
exp014-n1024-k08-d200-bs60-f1.750-r05:011793.426: HNP solution: 100466552553276666976631490258212017311354091348378375644866344497402791957205605608517109683688901814212186680385797797946155212894744832712380767665525466005612085660533151658700899072273287215852373792360729653667222789636672140792908782700519735226567166321870401360904050477549173613523816716039329392354
exp014-n1024-k08-d200-bs60-f1.750-r05:011793.426: Shared secret: 100466552553276666976631490258212017311354091348378375644866344497402791957205605608517109683688901814212186680385797797946155212894744832712380767665525466005612085660533151658700899072273287215852373792360729653667222789636672140792908782700519735226567166321870401360904050477549173613523816716039329392354
exp014-n1024-k08-d200-bs60-f1.750-r05:011793.426: SUMMARY:n:1024:k:8:d:200:bs:60:t:11794:r:True
