exp049-n1036-k12-d100-bs40-f1.000-r00:000000.183: ==========================Instance==========================
exp049-n1036-k12-d100-bs40-f1.000-r00:000000.184: # of equations: 100
exp049-n1036-k12-d100-bs40-f1.000-r00:000000.186: Gap: 2.52
exp049-n1036-k12-d100-bs40-f1.000-r00:000000.190: Tau: 2.61
exp049-n1036-k12-d100-bs40-f1.000-r00:000000.191: ======================BKZ-40 reduction======================
exp049-n1036-k12-d100-bs40-f1.000-r00:000001.539: Expectedly achievable log(norm): 1039.42
exp049-n1036-k12-d100-bs40-f1.000-r00:000002.729: log(exp-norms): [1036.0, 1037.54, 1038.88]
exp049-n1036-k12-d100-bs40-f1.000-r00:000002.729: log(norms):     [1050.48, 1038.33, 1048.0, 1048.0, 1048.0, 1048.0, 1048.0, 1048.0, 1048.0, 1048.0]
exp049-n1036-k12-d100-bs40-f1.000-r00:000002.784: Loop 1/100
exp049-n1036-k12-d100-bs40-f1.000-r00:000037.268: log(exp-norms): [1036.0, 1037.54, 1038.88]
exp049-n1036-k12-d100-bs40-f1.000-r00:000037.268: log(norms):     [1036.0, 1038.33, 1040.14, 1040.16, 1040.29, 1040.28, 1040.13, 1040.23, 1040.3, 1040.44]
exp049-n1036-k12-d100-bs40-f1.000-r00:000037.279: (35 sec)
exp049-n1036-k12-d100-bs40-f1.000-r00:000037.279: Loop 2/100
exp049-n1036-k12-d100-bs40-f1.000-r00:000046.939: log(exp-norms): [1036.0, 1037.54, 1038.88]
exp049-n1036-k12-d100-bs40-f1.000-r00:000046.940: log(norms):     [1036.0, 1037.66, 1038.33, 1039.77, 1039.84, 1039.94, 1039.95, 1039.89, 1039.95, 1040.02]
exp049-n1036-k12-d100-bs40-f1.000-r00:000046.950: (10 sec)
exp049-n1036-k12-d100-bs40-f1.000-r00:000046.950: ==========================Summary===========================
exp049-n1036-k12-d100-bs40-f1.000-r00:000046.950: Total time: 47sec
exp049-n1036-k12-d100-bs40-f1.000-r00:000046.950: SUCCESS
exp049-n1036-k12-d100-bs40-f1.000-r00:000046.950: HNP solution: 104372922260826065883540127323517440596214554334320587375512145925846137917350800397277864368967677851185637271418910516802504293677106037315809436630327435133352466343779979782403239222528229188449353923476735769895663809984893628617016952748023358640542082471046071238928130189989775031133083854027330634109688
exp049-n1036-k12-d100-bs40-f1.000-r00:000046.951: Shared secret: 104372922260826065883540127323517440596214554334320587375512145925846137917350800397277864368967677851185637271418910516802504293677106037315809436630327435133352466343779979782403239222528229188449353923476735769895663809984893628617016952748023358640542082471046071238928130189989775031133083854027330634109688
exp049-n1036-k12-d100-bs40-f1.000-r00:000046.951: SUMMARY:n:1036:k:12:d:100:bs:40:t:47:r:True
