exp051-n1036-k12-d100-bs40-f1.000-r02:000000.189: ==========================Instance==========================
exp051-n1036-k12-d100-bs40-f1.000-r02:000000.189: # of equations: 100
exp051-n1036-k12-d100-bs40-f1.000-r02:000000.191: Gap: 2.52
exp051-n1036-k12-d100-bs40-f1.000-r02:000000.194: Tau: 2.61
exp051-n1036-k12-d100-bs40-f1.000-r02:000000.195: ======================BKZ-40 reduction======================
exp051-n1036-k12-d100-bs40-f1.000-r02:000001.386: Expectedly achievable log(norm): 1039.42
exp051-n1036-k12-d100-bs40-f1.000-r02:000002.650: log(exp-norms): [1036.0, 1037.54, 1038.88]
exp051-n1036-k12-d100-bs40-f1.000-r02:000002.650: log(norms):     [1050.48, 1038.33, 1048.0, 1048.0, 1048.0, 1048.0, 1048.0, 1048.0, 1048.0, 1048.0]
exp051-n1036-k12-d100-bs40-f1.000-r02:000002.741: Loop 1/100
exp051-n1036-k12-d100-bs40-f1.000-r02:000048.656: log(exp-norms): [1036.0, 1037.54, 1038.88]
exp051-n1036-k12-d100-bs40-f1.000-r02:000048.656: log(norms):     [1036.0, 1038.33, 1040.14, 1040.16, 1040.29, 1040.28, 1040.13, 1040.23, 1040.3, 1040.44]
exp051-n1036-k12-d100-bs40-f1.000-r02:000048.667: (46 sec)
exp051-n1036-k12-d100-bs40-f1.000-r02:000048.667: Loop 2/100
exp051-n1036-k12-d100-bs40-f1.000-r02:000059.606: log(exp-norms): [1036.0, 1037.54, 1038.88]
exp051-n1036-k12-d100-bs40-f1.000-r02:000059.607: log(norms):     [1036.0, 1037.66, 1038.33, 1039.77, 1039.84, 1039.94, 1039.95, 1039.89, 1039.95, 1040.02]
exp051-n1036-k12-d100-bs40-f1.000-r02:000059.618: (11 sec)
exp051-n1036-k12-d100-bs40-f1.000-r02:000059.618: ==========================Summary===========================
exp051-n1036-k12-d100-bs40-f1.000-r02:000059.618: Total time: 60sec
exp051-n1036-k12-d100-bs40-f1.000-r02:000059.618: SUCCESS
exp051-n1036-k12-d100-bs40-f1.000-r02:000059.618: HNP solution: 104372922260826065883540127323517440596214554334320587375512145925846137917350800397277864368967677851185637271418910516802504293677106037315809436630327435133352466343779979782403239222528229188449353923476735769895663809984893628617016952748023358640542082471046071238928130189989775031133083854027330634109688
exp051-n1036-k12-d100-bs40-f1.000-r02:000059.618: Shared secret: 104372922260826065883540127323517440596214554334320587375512145925846137917350800397277864368967677851185637271418910516802504293677106037315809436630327435133352466343779979782403239222528229188449353923476735769895663809984893628617016952748023358640542082471046071238928130189989775031133083854027330634109688
exp051-n1036-k12-d100-bs40-f1.000-r02:000059.618: SUMMARY:n:1036:k:12:d:100:bs:40:t:60:r:True
