exp056-n1036-k12-d100-bs40-f1.000-r07:000000.200: ==========================Instance==========================
exp056-n1036-k12-d100-bs40-f1.000-r07:000000.200: # of equations: 100
exp056-n1036-k12-d100-bs40-f1.000-r07:000000.202: Gap: 2.52
exp056-n1036-k12-d100-bs40-f1.000-r07:000000.205: Tau: 2.61
exp056-n1036-k12-d100-bs40-f1.000-r07:000000.206: ======================BKZ-40 reduction======================
exp056-n1036-k12-d100-bs40-f1.000-r07:000001.562: Expectedly achievable log(norm): 1039.42
exp056-n1036-k12-d100-bs40-f1.000-r07:000002.995: log(exp-norms): [1036.0, 1037.54, 1038.88]
exp056-n1036-k12-d100-bs40-f1.000-r07:000002.995: log(norms):     [1050.48, 1038.33, 1048.0, 1048.0, 1048.0, 1048.0, 1048.0, 1048.0, 1048.0, 1048.0]
exp056-n1036-k12-d100-bs40-f1.000-r07:000003.096: Loop 1/100
exp056-n1036-k12-d100-bs40-f1.000-r07:000038.322: log(exp-norms): [1036.0, 1037.54, 1038.88]
exp056-n1036-k12-d100-bs40-f1.000-r07:000038.322: log(norms):     [1036.0, 1038.33, 1040.14, 1040.16, 1040.29, 1040.28, 1040.13, 1040.23, 1040.3, 1040.44]
exp056-n1036-k12-d100-bs40-f1.000-r07:000038.332: (36 sec)
exp056-n1036-k12-d100-bs40-f1.000-r07:000038.333: Loop 2/100
exp056-n1036-k12-d100-bs40-f1.000-r07:000047.845: log(exp-norms): [1036.0, 1037.54, 1038.88]
exp056-n1036-k12-d100-bs40-f1.000-r07:000047.845: log(norms):     [1036.0, 1037.66, 1038.33, 1039.77, 1039.84, 1039.94, 1039.95, 1039.89, 1039.95, 1040.02]
exp056-n1036-k12-d100-bs40-f1.000-r07:000047.856: (10 sec)
exp056-n1036-k12-d100-bs40-f1.000-r07:000047.856: ==========================Summary===========================
exp056-n1036-k12-d100-bs40-f1.000-r07:000047.856: Total time: 48sec
exp056-n1036-k12-d100-bs40-f1.000-r07:000047.856: SUCCESS
exp056-n1036-k12-d100-bs40-f1.000-r07:000047.856: HNP solution: 104372922260826065883540127323517440596214554334320587375512145925846137917350800397277864368967677851185637271418910516802504293677106037315809436630327435133352466343779979782403239222528229188449353923476735769895663809984893628617016952748023358640542082471046071238928130189989775031133083854027330634109688
exp056-n1036-k12-d100-bs40-f1.000-r07:000047.856: Shared secret: 104372922260826065883540127323517440596214554334320587375512145925846137917350800397277864368967677851185637271418910516802504293677106037315809436630327435133352466343779979782403239222528229188449353923476735769895663809984893628617016952748023358640542082471046071238928130189989775031133083854027330634109688
exp056-n1036-k12-d100-bs40-f1.000-r07:000047.857: SUMMARY:n:1036:k:12:d:100:bs:40:t:48:r:True
