exp054-n1036-k12-d100-bs40-f1.000-r05:000000.179: ==========================Instance==========================
exp054-n1036-k12-d100-bs40-f1.000-r05:000000.180: # of equations: 100
exp054-n1036-k12-d100-bs40-f1.000-r05:000000.181: Gap: 2.52
exp054-n1036-k12-d100-bs40-f1.000-r05:000000.185: Tau: 2.61
exp054-n1036-k12-d100-bs40-f1.000-r05:000000.186: ======================BKZ-40 reduction======================
exp054-n1036-k12-d100-bs40-f1.000-r05:000001.397: Expectedly achievable log(norm): 1039.42
exp054-n1036-k12-d100-bs40-f1.000-r05:000002.629: log(exp-norms): [1036.0, 1037.54, 1038.88]
exp054-n1036-k12-d100-bs40-f1.000-r05:000002.629: log(norms):     [1050.48, 1038.33, 1048.0, 1048.0, 1048.0, 1048.0, 1048.0, 1048.0, 1048.0, 1048.0]
exp054-n1036-k12-d100-bs40-f1.000-r05:000002.720: Loop 1/100
exp054-n1036-k12-d100-bs40-f1.000-r05:000040.490: log(exp-norms): [1036.0, 1037.54, 1038.88]
exp054-n1036-k12-d100-bs40-f1.000-r05:000040.490: log(norms):     [1036.0, 1038.33, 1040.14, 1040.16, 1040.29, 1040.28, 1040.13, 1040.23, 1040.3, 1040.44]
exp054-n1036-k12-d100-bs40-f1.000-r05:000040.501: (38 sec)
exp054-n1036-k12-d100-bs40-f1.000-r05:000040.501: Loop 2/100
exp054-n1036-k12-d100-bs40-f1.000-r05:000049.904: log(exp-norms): [1036.0, 1037.54, 1038.88]
exp054-n1036-k12-d100-bs40-f1.000-r05:000049.904: log(norms):     [1036.0, 1037.66, 1038.33, 1039.77, 1039.84, 1039.94, 1039.95, 1039.89, 1039.95, 1040.02]
exp054-n1036-k12-d100-bs40-f1.000-r05:000049.915: (10 sec)
exp054-n1036-k12-d100-bs40-f1.000-r05:000049.915: ==========================Summary===========================
exp054-n1036-k12-d100-bs40-f1.000-r05:000049.915: Total time: 50sec
exp054-n1036-k12-d100-bs40-f1.000-r05:000049.915: SUCCESS
exp054-n1036-k12-d100-bs40-f1.000-r05:000049.915: HNP solution: 104372922260826065883540127323517440596214554334320587375512145925846137917350800397277864368967677851185637271418910516802504293677106037315809436630327435133352466343779979782403239222528229188449353923476735769895663809984893628617016952748023358640542082471046071238928130189989775031133083854027330634109688
exp054-n1036-k12-d100-bs40-f1.000-r05:000049.916: Shared secret: 104372922260826065883540127323517440596214554334320587375512145925846137917350800397277864368967677851185637271418910516802504293677106037315809436630327435133352466343779979782403239222528229188449353923476735769895663809984893628617016952748023358640542082471046071238928130189989775031133083854027330634109688
exp054-n1036-k12-d100-bs40-f1.000-r05:000049.916: SUMMARY:n:1036:k:12:d:100:bs:40:t:50:r:True
