exp014-n1024-k08-d180-bs60-f1.750-r05:000000.199: ==========================Instance==========================
exp014-n1024-k08-d180-bs60-f1.750-r05:000000.199: # of equations: 180
exp014-n1024-k08-d180-bs60-f1.750-r05:000000.201: Gap: 2.84
exp014-n1024-k08-d180-bs60-f1.750-r05:000000.205: Tau: 2.47
exp014-n1024-k08-d180-bs60-f1.750-r05:000000.206: ======================BKZ-60 reduction======================
exp014-n1024-k08-d180-bs60-f1.750-r05:000002.818: Expectedly achievable log(norm): 1028.22
exp014-n1024-k08-d180-bs60-f1.750-r05:000005.219: log(exp-norms): [1023.47, 1025.43, 1026.94]
exp014-n1024-k08-d180-bs60-f1.750-r05:000005.219: log(norms):     [1033.92, 1026.22, 1030.94, 1030.94, 1030.94, 1030.94, 1030.94, 1030.94, 1030.94, 1030.94]
exp014-n1024-k08-d180-bs60-f1.750-r05:000005.283: Loop 1/100
exp014-n1024-k08-d180-bs60-f1.750-r05:001188.539: log(exp-norms): [1023.47, 1025.43, 1026.94]
exp014-n1024-k08-d180-bs60-f1.750-r05:001188.539: log(norms):     [1026.22, 1030.11, 1030.11, 1030.2, 1030.15, 1030.18, 1030.07, 1030.2, 1030.33, 1030.17]
exp014-n1024-k08-d180-bs60-f1.750-r05:001188.571: (1184 sec)
exp014-n1024-k08-d180-bs60-f1.750-r05:001188.571: Loop 2/100
exp014-n1024-k08-d180-bs60-f1.750-r05:002133.745: log(exp-norms): [1023.47, 1025.43, 1026.94]
exp014-n1024-k08-d180-bs60-f1.750-r05:002133.747: log(norms):     [1023.47, 1026.22, 1029.47, 1029.55, 1029.61, 1029.55, 1029.77, 1029.62, 1029.61, 1029.69]
exp014-n1024-k08-d180-bs60-f1.750-r05:002133.768: (946 sec)
exp014-n1024-k08-d180-bs60-f1.750-r05:002133.769: Loop 3/100
exp014-n1024-k08-d180-bs60-f1.750-r05:002897.638: log(exp-norms): [1023.47, 1025.43, 1026.94]
exp014-n1024-k08-d180-bs60-f1.750-r05:002897.640: log(norms):     [1023.47, 1026.22, 1029.01, 1029.01, 1029.03, 1029.19, 1029.14, 1029.09, 1029.13, 1029.11]
exp014-n1024-k08-d180-bs60-f1.750-r05:002897.667: (764 sec)
exp014-n1024-k08-d180-bs60-f1.750-r05:002897.667: Loop 4/100
exp014-n1024-k08-d180-bs60-f1.750-r05:003757.839: log(exp-norms): [1023.47, 1025.43, 1026.94]
exp014-n1024-k08-d180-bs60-f1.750-r05:003757.839: log(norms):     [1023.47, 1026.22, 1028.62, 1028.69, 1028.76, 1028.61, 1028.76, 1028.88, 1028.9, 1028.86]
exp014-n1024-k08-d180-bs60-f1.750-r05:003757.858: (861 sec)
exp014-n1024-k08-d180-bs60-f1.750-r05:003757.858: Loop 5/100
exp014-n1024-k08-d180-bs60-f1.750-r05:004579.757: log(exp-norms): [1023.47, 1025.43, 1026.94]
exp014-n1024-k08-d180-bs60-f1.750-r05:004579.758: log(norms):     [1023.47, 1026.22, 1028.48, 1028.53, 1028.64, 1028.51, 1028.45, 1028.54, 1028.57, 1028.57]
exp014-n1024-k08-d180-bs60-f1.750-r05:004579.778: (822 sec)
exp014-n1024-k08-d180-bs60-f1.750-r05:004579.778: Loop 6/100
exp014-n1024-k08-d180-bs60-f1.750-r05:005323.430: log(exp-norms): [1023.47, 1025.43, 1026.94]
exp014-n1024-k08-d180-bs60-f1.750-r05:005323.431: log(norms):     [1023.47, 1026.22, 1028.37, 1028.41, 1028.49, 1028.51, 1028.44, 1028.61, 1028.54, 1028.61]
exp014-n1024-k08-d180-bs60-f1.750-r05:005323.449: (744 sec)
exp014-n1024-k08-d180-bs60-f1.750-r05:005323.450: Loop 7/100
exp014-n1024-k08-d180-bs60-f1.750-r05:006005.087: log(exp-norms): [1023.47, 1025.43, 1026.94]
exp014-n1024-k08-d180-bs60-f1.750-r05:006005.088: log(norms):     [1023.47, 1026.22, 1028.34, 1028.43, 1028.35, 1028.37, 1028.4, 1028.36, 1028.37, 1028.58]
exp014-n1024-k08-d180-bs60-f1.750-r05:006005.106: (682 sec)
exp014-n1024-k08-d180-bs60-f1.750-r05:006005.107: Loop 8/100
exp014-n1024-k08-d180-bs60-f1.750-r05:006687.446: log(exp-norms): [1023.47, 1025.43, 1026.94]
exp014-n1024-k08-d180-bs60-f1.750-r05:006687.447: log(norms):     [1023.47, 1026.22, 1028.34, 1028.33, 1028.36, 1028.45, 1028.35, 1028.46, 1028.25, 1028.61]
exp014-n1024-k08-d180-bs60-f1.750-r05:006687.465: (683 sec)
exp014-n1024-k08-d180-bs60-f1.750-r05:006687.465: Loop 9/100
exp014-n1024-k08-d180-bs60-f1.750-r05:007328.376: log(exp-norms): [1023.47, 1025.43, 1026.94]
exp014-n1024-k08-d180-bs60-f1.750-r05:007328.376: log(norms):     [1023.47, 1026.22, 1028.25, 1028.28, 1028.31, 1028.28, 1028.3, 1028.38, 1028.42, 1028.44]
exp014-n1024-k08-d180-bs60-f1.750-r05:007328.394: (641 sec)
exp014-n1024-k08-d180-bs60-f1.750-r05:007328.394: Loop 10/100
exp014-n1024-k08-d180-bs60-f1.750-r05:007949.445: log(exp-norms): [1023.47, 1025.43, 1026.94]
exp014-n1024-k08-d180-bs60-f1.750-r05:007949.446: log(norms):     [1023.47, 1026.22, 1028.24, 1028.28, 1028.28, 1028.3, 1028.25, 1028.51, 1028.41, 1028.54]
exp014-n1024-k08-d180-bs60-f1.750-r05:007949.463: (622 sec)
exp014-n1024-k08-d180-bs60-f1.750-r05:007949.463: Loop 11/100
exp014-n1024-k08-d180-bs60-f1.750-r05:008581.461: log(exp-norms): [1023.47, 1025.43, 1026.94]
exp014-n1024-k08-d180-bs60-f1.750-r05:008581.461: log(norms):     [1023.47, 1026.22, 1028.19, 1028.24, 1028.29, 1028.22, 1028.28, 1028.3, 1028.45, 1028.44]
exp014-n1024-k08-d180-bs60-f1.750-r05:008581.478: (633 sec)
exp014-n1024-k08-d180-bs60-f1.750-r05:008581.478: Loop 12/100
exp014-n1024-k08-d180-bs60-f1.750-r05:009200.585: log(exp-norms): [1023.47, 1025.43, 1026.94]
exp014-n1024-k08-d180-bs60-f1.750-r05:009200.585: log(norms):     [1023.47, 1026.22, 1028.19, 1028.22, 1028.28, 1028.28, 1028.24, 1028.48, 1028.3, 1028.48]
exp014-n1024-k08-d180-bs60-f1.750-r05:009200.602: (620 sec)
exp014-n1024-k08-d180-bs60-f1.750-r05:009200.602: Loop 13/100
exp014-n1024-k08-d180-bs60-f1.750-r05:009871.306: log(exp-norms): [1023.47, 1025.43, 1026.94]
exp014-n1024-k08-d180-bs60-f1.750-r05:009871.306: log(norms):     [1023.47, 1026.22, 1028.19, 1028.22, 1028.28, 1028.28, 1028.24, 1028.48, 1028.3, 1028.39]
exp014-n1024-k08-d180-bs60-f1.750-r05:009871.324: (671 sec)
exp014-n1024-k08-d180-bs60-f1.750-r05:009871.324: Loop 14/100
exp014-n1024-k08-d180-bs60-f1.750-r05:010532.466: log(exp-norms): [1023.47, 1025.43, 1026.94]
exp014-n1024-k08-d180-bs60-f1.750-r05:010532.466: log(norms):     [1023.47, 1026.22, 1028.19, 1028.22, 1028.28, 1028.28, 1028.24, 1028.48, 1028.48, 1028.3]
exp014-n1024-k08-d180-bs60-f1.750-r05:010532.483: (662 sec)
exp014-n1024-k08-d180-bs60-f1.750-r05:010532.483: Loop 15/100
exp014-n1024-k08-d180-bs60-f1.750-r05:011164.264: log(exp-norms): [1023.47, 1025.43, 1026.94]
exp014-n1024-k08-d180-bs60-f1.750-r05:011164.265: log(norms):     [1023.47, 1026.22, 1028.19, 1028.22, 1028.28, 1028.28, 1028.24, 1028.48, 1028.33, 1028.48]
exp014-n1024-k08-d180-bs60-f1.750-r05:011164.283: (632 sec)
exp014-n1024-k08-d180-bs60-f1.750-r05:011164.283: Loop 16/100
exp014-n1024-k08-d180-bs60-f1.750-r05:011964.407: log(exp-norms): [1023.47, 1025.43, 1026.94]
exp014-n1024-k08-d180-bs60-f1.750-r05:011964.408: log(norms):     [1023.47, 1026.22, 1028.19, 1028.22, 1028.28, 1028.28, 1028.24, 1028.48, 1028.33, 1028.48]
exp014-n1024-k08-d180-bs60-f1.750-r05:011964.435: (801 sec)
exp014-n1024-k08-d180-bs60-f1.750-r05:011964.435: Loop 17/100
exp014-n1024-k08-d180-bs60-f1.750-r05:012852.744: log(exp-norms): [1023.47, 1025.43, 1026.94]
exp014-n1024-k08-d180-bs60-f1.750-r05:012852.745: log(norms):     [1023.47, 1026.22, 1028.16, 1028.19, 1028.22, 1028.28, 1028.39, 1028.24, 1028.28, 1028.44]
exp014-n1024-k08-d180-bs60-f1.750-r05:012852.763: (889 sec)
exp014-n1024-k08-d180-bs60-f1.750-r05:012852.764: Loop 18/100
exp014-n1024-k08-d180-bs60-f1.750-r05:013826.145: log(exp-norms): [1023.47, 1025.43, 1026.94]
exp014-n1024-k08-d180-bs60-f1.750-r05:013826.146: log(norms):     [1023.47, 1026.22, 1028.16, 1028.2, 1028.19, 1028.22, 1028.39, 1028.28, 1028.24, 1028.28]
exp014-n1024-k08-d180-bs60-f1.750-r05:013826.176: (974 sec)
exp014-n1024-k08-d180-bs60-f1.750-r05:013826.177: Loop 19/100
exp014-n1024-k08-d180-bs60-f1.750-r05:014877.991: log(exp-norms): [1023.47, 1025.43, 1026.94]
exp014-n1024-k08-d180-bs60-f1.750-r05:014877.991: log(norms):     [1023.47, 1026.22, 1028.16, 1028.2, 1028.19, 1028.22, 1028.39, 1028.28, 1028.39, 1028.42]
exp014-n1024-k08-d180-bs60-f1.750-r05:014878.020: (1052 sec)
exp014-n1024-k08-d180-bs60-f1.750-r05:014878.021: Loop 20/100
exp014-n1024-k08-d180-bs60-f1.750-r05:015771.425: log(exp-norms): [1023.47, 1025.43, 1026.94]
exp014-n1024-k08-d180-bs60-f1.750-r05:015771.426: log(norms):     [1023.47, 1026.22, 1028.16, 1028.2, 1028.19, 1028.22, 1028.23, 1028.31, 1028.29, 1028.28]
exp014-n1024-k08-d180-bs60-f1.750-r05:015771.445: (894 sec)
exp014-n1024-k08-d180-bs60-f1.750-r05:015771.446: Loop 21/100
exp014-n1024-k08-d180-bs60-f1.750-r05:016772.569: log(exp-norms): [1023.47, 1025.43, 1026.94]
exp014-n1024-k08-d180-bs60-f1.750-r05:016772.570: log(norms):     [1023.47, 1026.22, 1028.16, 1028.21, 1028.25, 1028.3, 1028.2, 1028.28, 1028.22, 1028.23]
exp014-n1024-k08-d180-bs60-f1.750-r05:016772.599: (1002 sec)
exp014-n1024-k08-d180-bs60-f1.750-r05:016772.599: Loop 22/100
exp014-n1024-k08-d180-bs60-f1.750-r05:017816.007: log(exp-norms): [1023.47, 1025.43, 1026.94]
exp014-n1024-k08-d180-bs60-f1.750-r05:017816.010: log(norms):     [1023.47, 1026.22, 1028.16, 1028.21, 1028.25, 1028.3, 1028.2, 1028.37, 1028.23, 1028.37]
exp014-n1024-k08-d180-bs60-f1.750-r05:017816.046: (1044 sec)
exp014-n1024-k08-d180-bs60-f1.750-r05:017816.047: Loop 23/100
exp014-n1024-k08-d180-bs60-f1.750-r05:018819.390: log(exp-norms): [1023.47, 1025.43, 1026.94]
exp014-n1024-k08-d180-bs60-f1.750-r05:018819.391: log(norms):     [1023.47, 1026.22, 1028.16, 1028.21, 1028.25, 1028.3, 1028.2, 1028.41, 1028.49, 1028.37]
exp014-n1024-k08-d180-bs60-f1.750-r05:018819.422: (1004 sec)
exp014-n1024-k08-d180-bs60-f1.750-r05:018819.422: Loop 24/100
exp014-n1024-k08-d180-bs60-f1.750-r05:019775.095: log(exp-norms): [1023.47, 1025.43, 1026.94]
exp014-n1024-k08-d180-bs60-f1.750-r05:019775.096: log(norms):     [1023.47, 1026.22, 1028.16, 1028.21, 1028.25, 1028.3, 1028.2, 1028.41, 1028.49, 1028.36]
exp014-n1024-k08-d180-bs60-f1.750-r05:019775.124: (956 sec)
exp014-n1024-k08-d180-bs60-f1.750-r05:019775.125: Loop 25/100
exp014-n1024-k08-d180-bs60-f1.750-r05:020683.822: log(exp-norms): [1023.47, 1025.43, 1026.94]
exp014-n1024-k08-d180-bs60-f1.750-r05:020683.823: log(norms):     [1023.47, 1026.22, 1028.16, 1028.21, 1028.25, 1028.3, 1028.2, 1028.41, 1028.49, 1028.36]
exp014-n1024-k08-d180-bs60-f1.750-r05:020683.842: (909 sec)
exp014-n1024-k08-d180-bs60-f1.750-r05:020683.842: Loop 26/100
exp014-n1024-k08-d180-bs60-f1.750-r05:021507.257: log(exp-norms): [1023.47, 1025.43, 1026.94]
exp014-n1024-k08-d180-bs60-f1.750-r05:021507.258: log(norms):     [1023.47, 1026.22, 1028.16, 1028.21, 1028.25, 1028.3, 1028.2, 1028.41, 1028.49, 1028.36]
exp014-n1024-k08-d180-bs60-f1.750-r05:021507.276: (824 sec)
exp014-n1024-k08-d180-bs60-f1.750-r05:021507.277: Loop 27/100
exp014-n1024-k08-d180-bs60-f1.750-r05:022367.598: log(exp-norms): [1023.47, 1025.43, 1026.94]
exp014-n1024-k08-d180-bs60-f1.750-r05:022367.599: log(norms):     [1023.47, 1026.22, 1028.16, 1028.21, 1028.25, 1028.3, 1028.2, 1028.41, 1028.49, 1028.49]
exp014-n1024-k08-d180-bs60-f1.750-r05:022367.617: (861 sec)
exp014-n1024-k08-d180-bs60-f1.750-r05:022367.617: Loop 28/100
exp014-n1024-k08-d180-bs60-f1.750-r05:023052.541: log(exp-norms): [1023.47, 1025.43, 1026.94]
exp014-n1024-k08-d180-bs60-f1.750-r05:023052.541: log(norms):     [1023.47, 1026.22, 1028.16, 1028.21, 1028.25, 1028.3, 1028.2, 1028.41, 1028.49, 1028.49]
exp014-n1024-k08-d180-bs60-f1.750-r05:023052.559: (685 sec)
exp014-n1024-k08-d180-bs60-f1.750-r05:023052.559: Loop 29/100
exp014-n1024-k08-d180-bs60-f1.750-r05:023873.238: log(exp-norms): [1023.47, 1025.43, 1026.94]
exp014-n1024-k08-d180-bs60-f1.750-r05:023873.239: log(norms):     [1023.47, 1026.22, 1028.16, 1028.21, 1028.25, 1028.3, 1028.2, 1028.41, 1028.49, 1028.49]
exp014-n1024-k08-d180-bs60-f1.750-r05:023873.258: (821 sec)
exp014-n1024-k08-d180-bs60-f1.750-r05:023873.259: Loop 30/100
exp014-n1024-k08-d180-bs60-f1.750-r05:024603.191: log(exp-norms): [1023.47, 1025.43, 1026.94]
exp014-n1024-k08-d180-bs60-f1.750-r05:024603.192: log(norms):     [1023.47, 1026.22, 1028.16, 1028.21, 1028.25, 1028.3, 1028.2, 1028.32, 1028.41, 1028.49]
exp014-n1024-k08-d180-bs60-f1.750-r05:024603.210: (730 sec)
exp014-n1024-k08-d180-bs60-f1.750-r05:024603.210: Loop 31/100
exp014-n1024-k08-d180-bs60-f1.750-r05:025265.962: log(exp-norms): [1023.47, 1025.43, 1026.94]
exp014-n1024-k08-d180-bs60-f1.750-r05:025265.964: log(norms):     [1023.47, 1026.22, 1028.16, 1028.21, 1028.25, 1028.3, 1028.2, 1028.32, 1028.41, 1028.49]
exp014-n1024-k08-d180-bs60-f1.750-r05:025265.982: (663 sec)
exp014-n1024-k08-d180-bs60-f1.750-r05:025265.982: Loop 32/100
exp014-n1024-k08-d180-bs60-f1.750-r05:025938.828: log(exp-norms): [1023.47, 1025.43, 1026.94]
exp014-n1024-k08-d180-bs60-f1.750-r05:025938.828: log(norms):     [1023.47, 1026.22, 1028.16, 1028.21, 1028.25, 1028.3, 1028.2, 1028.33, 1028.32, 1028.36]
exp014-n1024-k08-d180-bs60-f1.750-r05:025938.846: (673 sec)
exp014-n1024-k08-d180-bs60-f1.750-r05:025938.847: Loop 33/100
exp014-n1024-k08-d180-bs60-f1.750-r05:026619.698: log(exp-norms): [1023.47, 1025.43, 1026.94]
exp014-n1024-k08-d180-bs60-f1.750-r05:026619.699: log(norms):     [1023.47, 1026.22, 1028.16, 1028.21, 1028.25, 1028.3, 1028.2, 1028.33, 1028.32, 1028.36]
exp014-n1024-k08-d180-bs60-f1.750-r05:026619.718: (681 sec)
exp014-n1024-k08-d180-bs60-f1.750-r05:026619.718: Loop 34/100
exp014-n1024-k08-d180-bs60-f1.750-r05:027260.654: log(exp-norms): [1023.47, 1025.43, 1026.94]
exp014-n1024-k08-d180-bs60-f1.750-r05:027260.654: log(norms):     [1023.47, 1026.22, 1028.16, 1028.21, 1028.25, 1028.3, 1028.2, 1028.33, 1028.32, 1028.36]
exp014-n1024-k08-d180-bs60-f1.750-r05:027260.673: (641 sec)
exp014-n1024-k08-d180-bs60-f1.750-r05:027260.673: Loop 35/100
exp014-n1024-k08-d180-bs60-f1.750-r05:027913.969: log(exp-norms): [1023.47, 1025.43, 1026.94]
exp014-n1024-k08-d180-bs60-f1.750-r05:027913.969: log(norms):     [1023.47, 1026.22, 1028.16, 1028.21, 1028.25, 1028.3, 1028.2, 1028.33, 1028.32, 1028.36]
exp014-n1024-k08-d180-bs60-f1.750-r05:027913.987: (654 sec)
exp014-n1024-k08-d180-bs60-f1.750-r05:027913.988: Loop 36/100
exp014-n1024-k08-d180-bs60-f1.750-r05:028528.625: log(exp-norms): [1023.47, 1025.43, 1026.94]
exp014-n1024-k08-d180-bs60-f1.750-r05:028528.626: log(norms):     [1023.47, 1026.22, 1028.16, 1028.21, 1028.25, 1028.3, 1028.2, 1028.33, 1028.32, 1028.36]
exp014-n1024-k08-d180-bs60-f1.750-r05:028528.644: (615 sec)
exp014-n1024-k08-d180-bs60-f1.750-r05:028528.644: Loop 37/100
exp014-n1024-k08-d180-bs60-f1.750-r05:029164.711: log(exp-norms): [1023.47, 1025.43, 1026.94]
exp014-n1024-k08-d180-bs60-f1.750-r05:029164.712: log(norms):     [1023.47, 1026.22, 1028.16, 1028.21, 1028.25, 1028.3, 1028.2, 1028.33, 1028.32, 1028.36]
exp014-n1024-k08-d180-bs60-f1.750-r05:029164.731: (637 sec)
exp014-n1024-k08-d180-bs60-f1.750-r05:029164.731: Loop 38/100
exp014-n1024-k08-d180-bs60-f1.750-r05:029800.091: log(exp-norms): [1023.47, 1025.43, 1026.94]
exp014-n1024-k08-d180-bs60-f1.750-r05:029800.091: log(norms):     [1023.47, 1026.22, 1028.16, 1028.21, 1028.25, 1028.3, 1028.2, 1028.33, 1028.32, 1028.36]
exp014-n1024-k08-d180-bs60-f1.750-r05:029800.109: (636 sec)
exp014-n1024-k08-d180-bs60-f1.750-r05:029800.110: Loop 39/100
exp014-n1024-k08-d180-bs60-f1.750-r05:030480.897: log(exp-norms): [1023.47, 1025.43, 1026.94]
exp014-n1024-k08-d180-bs60-f1.750-r05:030480.897: log(norms):     [1023.47, 1026.22, 1028.16, 1028.21, 1028.25, 1028.25, 1028.23, 1028.3, 1028.2, 1028.45]
exp014-n1024-k08-d180-bs60-f1.750-r05:030480.916: (681 sec)
exp014-n1024-k08-d180-bs60-f1.750-r05:030480.916: Loop 40/100
exp014-n1024-k08-d180-bs60-f1.750-r05:031156.772: log(exp-norms): [1023.47, 1025.43, 1026.94]
exp014-n1024-k08-d180-bs60-f1.750-r05:031156.772: log(norms):     [1023.47, 1026.22, 1028.16, 1028.21, 1028.25, 1028.25, 1028.26, 1028.4, 1028.45, 1028.3]
exp014-n1024-k08-d180-bs60-f1.750-r05:031156.790: (676 sec)
exp014-n1024-k08-d180-bs60-f1.750-r05:031156.791: Loop 41/100
exp014-n1024-k08-d180-bs60-f1.750-r05:031840.693: log(exp-norms): [1023.47, 1025.43, 1026.94]
exp014-n1024-k08-d180-bs60-f1.750-r05:031840.693: log(norms):     [1023.47, 1026.22, 1028.16, 1028.21, 1028.25, 1028.25, 1028.26, 1028.4, 1028.45, 1028.3]
exp014-n1024-k08-d180-bs60-f1.750-r05:031840.711: (684 sec)
exp014-n1024-k08-d180-bs60-f1.750-r05:031840.712: Loop 42/100
exp014-n1024-k08-d180-bs60-f1.750-r05:032525.457: log(exp-norms): [1023.47, 1025.43, 1026.94]
exp014-n1024-k08-d180-bs60-f1.750-r05:032525.458: log(norms):     [1023.47, 1026.22, 1028.16, 1028.21, 1028.25, 1028.25, 1028.26, 1028.4, 1028.41, 1028.45]
exp014-n1024-k08-d180-bs60-f1.750-r05:032525.477: (685 sec)
exp014-n1024-k08-d180-bs60-f1.750-r05:032525.477: Loop 43/100
exp014-n1024-k08-d180-bs60-f1.750-r05:033188.668: log(exp-norms): [1023.47, 1025.43, 1026.94]
exp014-n1024-k08-d180-bs60-f1.750-r05:033188.668: log(norms):     [1023.47, 1026.22, 1028.16, 1028.21, 1028.25, 1028.25, 1028.26, 1028.4, 1028.41, 1028.45]
exp014-n1024-k08-d180-bs60-f1.750-r05:033188.686: (664 sec)
exp014-n1024-k08-d180-bs60-f1.750-r05:033188.687: Loop 44/100
exp014-n1024-k08-d180-bs60-f1.750-r05:033870.012: log(exp-norms): [1023.47, 1025.43, 1026.94]
exp014-n1024-k08-d180-bs60-f1.750-r05:033870.013: log(norms):     [1023.47, 1026.22, 1028.16, 1028.21, 1028.25, 1028.25, 1028.26, 1028.4, 1028.41, 1028.45]
exp014-n1024-k08-d180-bs60-f1.750-r05:033870.031: (682 sec)
exp014-n1024-k08-d180-bs60-f1.750-r05:033870.031: Loop 45/100
exp014-n1024-k08-d180-bs60-f1.750-r05:034544.936: log(exp-norms): [1023.47, 1025.43, 1026.94]
exp014-n1024-k08-d180-bs60-f1.750-r05:034544.937: log(norms):     [1023.47, 1026.22, 1028.11, 1028.16, 1028.21, 1028.25, 1028.38, 1028.42, 1028.36, 1028.43]
exp014-n1024-k08-d180-bs60-f1.750-r05:034544.955: (675 sec)
exp014-n1024-k08-d180-bs60-f1.750-r05:034544.956: Loop 46/100
exp014-n1024-k08-d180-bs60-f1.750-r05:035226.652: log(exp-norms): [1023.47, 1025.43, 1026.94]
exp014-n1024-k08-d180-bs60-f1.750-r05:035226.653: log(norms):     [1023.47, 1026.22, 1028.11, 1028.16, 1028.21, 1028.25, 1028.38, 1028.42, 1028.36, 1028.26]
exp014-n1024-k08-d180-bs60-f1.750-r05:035226.671: (682 sec)
exp014-n1024-k08-d180-bs60-f1.750-r05:035226.671: Loop 47/100
exp014-n1024-k08-d180-bs60-f1.750-r05:035893.339: log(exp-norms): [1023.47, 1025.43, 1026.94]
exp014-n1024-k08-d180-bs60-f1.750-r05:035893.339: log(norms):     [1023.47, 1026.22, 1028.11, 1028.16, 1028.21, 1028.25, 1028.38, 1028.48, 1028.26, 1028.42]
exp014-n1024-k08-d180-bs60-f1.750-r05:035893.358: (667 sec)
exp014-n1024-k08-d180-bs60-f1.750-r05:035893.358: Loop 48/100
exp014-n1024-k08-d180-bs60-f1.750-r05:036570.193: log(exp-norms): [1023.47, 1025.43, 1026.94]
exp014-n1024-k08-d180-bs60-f1.750-r05:036570.193: log(norms):     [1023.47, 1026.22, 1028.11, 1028.16, 1028.21, 1028.25, 1028.38, 1028.39, 1028.42, 1028.4]
exp014-n1024-k08-d180-bs60-f1.750-r05:036570.212: (677 sec)
exp014-n1024-k08-d180-bs60-f1.750-r05:036570.213: Loop 49/100
exp014-n1024-k08-d180-bs60-f1.750-r05:037248.519: log(exp-norms): [1023.47, 1025.43, 1026.94]
exp014-n1024-k08-d180-bs60-f1.750-r05:037248.520: log(norms):     [1023.47, 1026.22, 1028.11, 1028.16, 1028.21, 1028.25, 1028.38, 1028.39, 1028.42, 1028.4]
exp014-n1024-k08-d180-bs60-f1.750-r05:037248.538: (679 sec)
exp014-n1024-k08-d180-bs60-f1.750-r05:037248.539: Loop 50/100
exp014-n1024-k08-d180-bs60-f1.750-r05:037910.174: log(exp-norms): [1023.47, 1025.43, 1026.94]
exp014-n1024-k08-d180-bs60-f1.750-r05:037910.175: log(norms):     [1023.47, 1026.22, 1028.11, 1028.16, 1028.21, 1028.25, 1028.38, 1028.39, 1028.42, 1028.4]
exp014-n1024-k08-d180-bs60-f1.750-r05:037910.194: (662 sec)
exp014-n1024-k08-d180-bs60-f1.750-r05:037910.194: Loop 51/100
exp014-n1024-k08-d180-bs60-f1.750-r05:038592.155: log(exp-norms): [1023.47, 1025.43, 1026.94]
exp014-n1024-k08-d180-bs60-f1.750-r05:038592.156: log(norms):     [1023.47, 1026.22, 1028.11, 1028.16, 1028.21, 1028.15, 1028.22, 1028.25, 1028.38, 1028.39]
exp014-n1024-k08-d180-bs60-f1.750-r05:038592.174: (682 sec)
exp014-n1024-k08-d180-bs60-f1.750-r05:038592.174: Loop 52/100
exp014-n1024-k08-d180-bs60-f1.750-r05:039271.027: log(exp-norms): [1023.47, 1025.43, 1026.94]
exp014-n1024-k08-d180-bs60-f1.750-r05:039271.028: log(norms):     [1023.47, 1026.22, 1028.11, 1028.16, 1028.21, 1028.15, 1028.22, 1028.25, 1028.38, 1028.39]
exp014-n1024-k08-d180-bs60-f1.750-r05:039271.046: (679 sec)
exp014-n1024-k08-d180-bs60-f1.750-r05:039271.046: Loop 53/100
exp014-n1024-k08-d180-bs60-f1.750-r05:039940.096: log(exp-norms): [1023.47, 1025.43, 1026.94]
exp014-n1024-k08-d180-bs60-f1.750-r05:039940.097: log(norms):     [1023.47, 1026.22, 1028.11, 1028.16, 1028.21, 1028.15, 1028.22, 1028.25, 1028.38, 1028.39]
exp014-n1024-k08-d180-bs60-f1.750-r05:039940.115: (670 sec)
exp014-n1024-k08-d180-bs60-f1.750-r05:039940.116: Loop 54/100
exp014-n1024-k08-d180-bs60-f1.750-r05:040575.766: log(exp-norms): [1023.47, 1025.43, 1026.94]
exp014-n1024-k08-d180-bs60-f1.750-r05:040575.767: log(norms):     [1023.47, 1026.22, 1028.11, 1028.16, 1028.21, 1028.15, 1028.22, 1028.25, 1028.38, 1028.39]
exp014-n1024-k08-d180-bs60-f1.750-r05:040575.785: (636 sec)
exp014-n1024-k08-d180-bs60-f1.750-r05:040575.785: Loop 55/100
exp014-n1024-k08-d180-bs60-f1.750-r05:041240.602: log(exp-norms): [1023.47, 1025.43, 1026.94]
exp014-n1024-k08-d180-bs60-f1.750-r05:041240.603: log(norms):     [1023.47, 1026.22, 1028.1, 1028.11, 1028.16, 1028.21, 1028.15, 1028.22, 1028.45, 1028.25]
exp014-n1024-k08-d180-bs60-f1.750-r05:041240.621: (665 sec)
exp014-n1024-k08-d180-bs60-f1.750-r05:041240.621: Loop 56/100
exp014-n1024-k08-d180-bs60-f1.750-r05:041911.929: log(exp-norms): [1023.47, 1025.43, 1026.94]
exp014-n1024-k08-d180-bs60-f1.750-r05:041911.929: log(norms):     [1023.47, 1026.22, 1028.1, 1028.11, 1028.16, 1028.21, 1028.15, 1028.22, 1028.45, 1028.25]
exp014-n1024-k08-d180-bs60-f1.750-r05:041911.947: (672 sec)
exp014-n1024-k08-d180-bs60-f1.750-r05:041911.948: Loop 57/100
exp014-n1024-k08-d180-bs60-f1.750-r05:042577.057: log(exp-norms): [1023.47, 1025.43, 1026.94]
exp014-n1024-k08-d180-bs60-f1.750-r05:042577.058: log(norms):     [1023.47, 1026.22, 1028.1, 1028.11, 1028.16, 1028.21, 1028.15, 1028.3, 1028.44, 1028.46]
exp014-n1024-k08-d180-bs60-f1.750-r05:042577.075: (666 sec)
exp014-n1024-k08-d180-bs60-f1.750-r05:042577.075: Loop 58/100
exp014-n1024-k08-d180-bs60-f1.750-r05:043234.024: log(exp-norms): [1023.47, 1025.43, 1026.94]
exp014-n1024-k08-d180-bs60-f1.750-r05:043234.024: log(norms):     [1023.47, 1026.22, 1028.1, 1028.11, 1028.16, 1028.21, 1028.15, 1028.3, 1028.43, 1028.22]
exp014-n1024-k08-d180-bs60-f1.750-r05:043234.042: (657 sec)
exp014-n1024-k08-d180-bs60-f1.750-r05:043234.043: Loop 59/100
exp014-n1024-k08-d180-bs60-f1.750-r05:043930.201: log(exp-norms): [1023.47, 1025.43, 1026.94]
exp014-n1024-k08-d180-bs60-f1.750-r05:043930.201: log(norms):     [1023.47, 1026.22, 1028.1, 1028.11, 1028.16, 1028.21, 1028.15, 1028.3, 1028.43, 1028.5]
exp014-n1024-k08-d180-bs60-f1.750-r05:043930.219: (697 sec)
exp014-n1024-k08-d180-bs60-f1.750-r05:043930.220: Loop 60/100
exp014-n1024-k08-d180-bs60-f1.750-r05:044628.056: log(exp-norms): [1023.47, 1025.43, 1026.94]
exp014-n1024-k08-d180-bs60-f1.750-r05:044628.056: log(norms):     [1023.47, 1026.22, 1028.1, 1028.11, 1028.16, 1028.21, 1028.15, 1028.3, 1028.25, 1028.43]
exp014-n1024-k08-d180-bs60-f1.750-r05:044628.074: (698 sec)
exp014-n1024-k08-d180-bs60-f1.750-r05:044628.075: Loop 61/100
exp014-n1024-k08-d180-bs60-f1.750-r05:045299.697: log(exp-norms): [1023.47, 1025.43, 1026.94]
exp014-n1024-k08-d180-bs60-f1.750-r05:045299.697: log(norms):     [1023.47, 1026.22, 1028.1, 1028.11, 1028.16, 1028.25, 1028.21, 1028.15, 1028.3, 1028.43]
exp014-n1024-k08-d180-bs60-f1.750-r05:045299.715: (672 sec)
exp014-n1024-k08-d180-bs60-f1.750-r05:045299.716: Loop 62/100
exp014-n1024-k08-d180-bs60-f1.750-r05:045981.605: log(exp-norms): [1023.47, 1025.43, 1026.94]
exp014-n1024-k08-d180-bs60-f1.750-r05:045981.605: log(norms):     [1023.47, 1026.22, 1028.1, 1028.11, 1028.16, 1028.25, 1028.17, 1028.21, 1028.15, 1028.3]
exp014-n1024-k08-d180-bs60-f1.750-r05:045981.624: (682 sec)
exp014-n1024-k08-d180-bs60-f1.750-r05:045981.624: Loop 63/100
exp014-n1024-k08-d180-bs60-f1.750-r05:046666.665: log(exp-norms): [1023.47, 1025.43, 1026.94]
exp014-n1024-k08-d180-bs60-f1.750-r05:046666.666: log(norms):     [1023.47, 1026.22, 1028.1, 1028.11, 1028.16, 1028.25, 1028.17, 1028.21, 1028.2, 1028.49]
exp014-n1024-k08-d180-bs60-f1.750-r05:046666.684: (686 sec)
exp014-n1024-k08-d180-bs60-f1.750-r05:046666.684: Loop 64/100
exp014-n1024-k08-d180-bs60-f1.750-r05:047366.123: log(exp-norms): [1023.47, 1025.43, 1026.94]
exp014-n1024-k08-d180-bs60-f1.750-r05:047366.124: log(norms):     [1023.47, 1026.22, 1028.1, 1028.11, 1028.16, 1028.25, 1028.17, 1028.21, 1028.2, 1028.49]
exp014-n1024-k08-d180-bs60-f1.750-r05:047366.142: (700 sec)
exp014-n1024-k08-d180-bs60-f1.750-r05:047366.142: Loop 65/100
exp014-n1024-k08-d180-bs60-f1.750-r05:048033.551: log(exp-norms): [1023.47, 1025.43, 1026.94]
exp014-n1024-k08-d180-bs60-f1.750-r05:048033.551: log(norms):     [1023.47, 1026.22, 1028.1, 1028.11, 1028.16, 1028.25, 1028.17, 1028.3, 1028.21, 1028.1]
exp014-n1024-k08-d180-bs60-f1.750-r05:048033.569: (668 sec)
exp014-n1024-k08-d180-bs60-f1.750-r05:048033.570: Loop 66/100
exp014-n1024-k08-d180-bs60-f1.750-r05:048701.976: log(exp-norms): [1023.47, 1025.43, 1026.94]
exp014-n1024-k08-d180-bs60-f1.750-r05:048701.977: log(norms):     [1023.47, 1026.22, 1028.1, 1028.11, 1028.16, 1028.25, 1028.17, 1028.3, 1028.21, 1028.1]
exp014-n1024-k08-d180-bs60-f1.750-r05:048701.995: (669 sec)
exp014-n1024-k08-d180-bs60-f1.750-r05:048701.995: Loop 67/100
exp014-n1024-k08-d180-bs60-f1.750-r05:049414.196: log(exp-norms): [1023.47, 1025.43, 1026.94]
exp014-n1024-k08-d180-bs60-f1.750-r05:049414.199: log(norms):     [1023.47, 1026.22, 1028.1, 1028.11, 1028.16, 1028.25, 1028.17, 1028.3, 1028.21, 1028.37]
exp014-n1024-k08-d180-bs60-f1.750-r05:049414.234: (713 sec)
exp014-n1024-k08-d180-bs60-f1.750-r05:049414.234: Loop 68/100
exp014-n1024-k08-d180-bs60-f1.750-r05:050122.548: log(exp-norms): [1023.47, 1025.43, 1026.94]
exp014-n1024-k08-d180-bs60-f1.750-r05:050122.549: log(norms):     [1023.47, 1026.22, 1028.1, 1028.11, 1028.16, 1028.25, 1028.17, 1028.3, 1028.21, 1028.37]
exp014-n1024-k08-d180-bs60-f1.750-r05:050122.567: (709 sec)
exp014-n1024-k08-d180-bs60-f1.750-r05:050122.567: Loop 69/100
exp014-n1024-k08-d180-bs60-f1.750-r05:050791.447: log(exp-norms): [1023.47, 1025.43, 1026.94]
exp014-n1024-k08-d180-bs60-f1.750-r05:050791.450: log(norms):     [1023.47, 1026.22, 1028.1, 1028.11, 1028.16, 1028.25, 1028.17, 1028.3, 1028.21, 1028.37]
exp014-n1024-k08-d180-bs60-f1.750-r05:050791.468: (669 sec)
exp014-n1024-k08-d180-bs60-f1.750-r05:050791.469: Loop 70/100
exp014-n1024-k08-d180-bs60-f1.750-r05:051474.989: log(exp-norms): [1023.47, 1025.43, 1026.94]
exp014-n1024-k08-d180-bs60-f1.750-r05:051474.989: log(norms):     [1023.47, 1026.22, 1028.1, 1028.11, 1028.16, 1028.25, 1028.17, 1028.3, 1028.22, 1028.1]
exp014-n1024-k08-d180-bs60-f1.750-r05:051475.008: (684 sec)
exp014-n1024-k08-d180-bs60-f1.750-r05:051475.008: Loop 71/100
exp014-n1024-k08-d180-bs60-f1.750-r05:052144.677: log(exp-norms): [1023.47, 1025.43, 1026.94]
exp014-n1024-k08-d180-bs60-f1.750-r05:052144.677: log(norms):     [1023.47, 1026.22, 1028.1, 1028.11, 1028.16, 1028.25, 1028.26, 1028.17, 1028.3, 1028.22]
exp014-n1024-k08-d180-bs60-f1.750-r05:052144.696: (670 sec)
exp014-n1024-k08-d180-bs60-f1.750-r05:052144.696: Loop 72/100
exp014-n1024-k08-d180-bs60-f1.750-r05:052818.552: log(exp-norms): [1023.47, 1025.43, 1026.94]
exp014-n1024-k08-d180-bs60-f1.750-r05:052818.552: log(norms):     [1023.47, 1026.22, 1028.1, 1028.11, 1028.16, 1028.25, 1028.26, 1028.17, 1028.3, 1028.22]
exp014-n1024-k08-d180-bs60-f1.750-r05:052818.571: (674 sec)
exp014-n1024-k08-d180-bs60-f1.750-r05:052818.571: Loop 73/100
exp014-n1024-k08-d180-bs60-f1.750-r05:053533.444: log(exp-norms): [1023.47, 1025.43, 1026.94]
exp014-n1024-k08-d180-bs60-f1.750-r05:053533.444: log(norms):     [1023.47, 1026.22, 1028.1, 1028.11, 1028.16, 1028.25, 1028.26, 1028.17, 1028.3, 1028.22]
exp014-n1024-k08-d180-bs60-f1.750-r05:053533.463: (715 sec)
exp014-n1024-k08-d180-bs60-f1.750-r05:053533.463: Loop 74/100
exp014-n1024-k08-d180-bs60-f1.750-r05:054226.082: log(exp-norms): [1023.47, 1025.43, 1026.94]
exp014-n1024-k08-d180-bs60-f1.750-r05:054226.082: log(norms):     [1023.47, 1026.22, 1028.1, 1028.11, 1028.16, 1028.25, 1028.26, 1028.17, 1028.3, 1028.22]
exp014-n1024-k08-d180-bs60-f1.750-r05:054226.101: (693 sec)
exp014-n1024-k08-d180-bs60-f1.750-r05:054226.101: Loop 75/100
exp014-n1024-k08-d180-bs60-f1.750-r05:054887.479: log(exp-norms): [1023.47, 1025.43, 1026.94]
exp014-n1024-k08-d180-bs60-f1.750-r05:054887.479: log(norms):     [1023.47, 1026.22, 1028.1, 1028.11, 1028.16, 1028.25, 1028.26, 1028.17, 1028.3, 1028.22]
exp014-n1024-k08-d180-bs60-f1.750-r05:054887.499: (662 sec)
exp014-n1024-k08-d180-bs60-f1.750-r05:054887.499: Loop 76/100
exp014-n1024-k08-d180-bs60-f1.750-r05:055541.781: log(exp-norms): [1023.47, 1025.43, 1026.94]
exp014-n1024-k08-d180-bs60-f1.750-r05:055541.782: log(norms):     [1023.47, 1026.22, 1028.1, 1028.11, 1028.16, 1028.25, 1028.26, 1028.17, 1028.3, 1028.22]
exp014-n1024-k08-d180-bs60-f1.750-r05:055541.800: (655 sec)
exp014-n1024-k08-d180-bs60-f1.750-r05:055541.800: Loop 77/100
exp014-n1024-k08-d180-bs60-f1.750-r05:056222.904: log(exp-norms): [1023.47, 1025.43, 1026.94]
exp014-n1024-k08-d180-bs60-f1.750-r05:056222.905: log(norms):     [1023.47, 1026.22, 1028.1, 1028.11, 1028.16, 1028.25, 1028.26, 1028.17, 1028.3, 1028.22]
exp014-n1024-k08-d180-bs60-f1.750-r05:056222.922: (682 sec)
exp014-n1024-k08-d180-bs60-f1.750-r05:056222.922: Loop 78/100
exp014-n1024-k08-d180-bs60-f1.750-r05:056915.154: log(exp-norms): [1023.47, 1025.43, 1026.94]
exp014-n1024-k08-d180-bs60-f1.750-r05:056915.155: log(norms):     [1023.47, 1026.22, 1028.1, 1028.11, 1028.16, 1028.25, 1028.26, 1028.17, 1028.3, 1028.22]
exp014-n1024-k08-d180-bs60-f1.750-r05:056915.173: (693 sec)
exp014-n1024-k08-d180-bs60-f1.750-r05:056915.174: Loop 79/100
exp014-n1024-k08-d180-bs60-f1.750-r05:057574.595: log(exp-norms): [1023.47, 1025.43, 1026.94]
exp014-n1024-k08-d180-bs60-f1.750-r05:057574.596: log(norms):     [1023.47, 1026.22, 1028.1, 1028.11, 1028.16, 1028.25, 1028.26, 1028.17, 1028.3, 1028.22]
exp014-n1024-k08-d180-bs60-f1.750-r05:057574.614: (660 sec)
exp014-n1024-k08-d180-bs60-f1.750-r05:057574.615: Loop 80/100
exp014-n1024-k08-d180-bs60-f1.750-r05:058235.583: log(exp-norms): [1023.47, 1025.43, 1026.94]
exp014-n1024-k08-d180-bs60-f1.750-r05:058235.584: log(norms):     [1023.47, 1026.22, 1028.08, 1028.1, 1028.11, 1028.16, 1028.24, 1028.26, 1028.25, 1028.17]
exp014-n1024-k08-d180-bs60-f1.750-r05:058235.603: (661 sec)
exp014-n1024-k08-d180-bs60-f1.750-r05:058235.604: Loop 81/100
exp014-n1024-k08-d180-bs60-f1.750-r05:058958.426: log(exp-norms): [1023.47, 1025.43, 1026.94]
exp014-n1024-k08-d180-bs60-f1.750-r05:058958.427: log(norms):     [1023.47, 1026.22, 1028.08, 1028.1, 1028.11, 1028.16, 1028.24, 1028.26, 1028.25, 1028.35]
exp014-n1024-k08-d180-bs60-f1.750-r05:058958.445: (723 sec)
exp014-n1024-k08-d180-bs60-f1.750-r05:058958.446: Loop 82/100
exp014-n1024-k08-d180-bs60-f1.750-r05:059642.082: log(exp-norms): [1023.47, 1025.43, 1026.94]
exp014-n1024-k08-d180-bs60-f1.750-r05:059642.083: log(norms):     [1023.47, 1026.22, 1028.08, 1028.1, 1028.11, 1028.16, 1028.24, 1028.26, 1028.39, 1028.25]
exp014-n1024-k08-d180-bs60-f1.750-r05:059642.101: (684 sec)
exp014-n1024-k08-d180-bs60-f1.750-r05:059642.101: Loop 83/100
exp014-n1024-k08-d180-bs60-f1.750-r05:060303.578: log(exp-norms): [1023.47, 1025.43, 1026.94]
exp014-n1024-k08-d180-bs60-f1.750-r05:060303.578: log(norms):     [1023.47, 1026.22, 1028.08, 1028.1, 1028.11, 1028.16, 1028.24, 1028.26, 1028.39, 1028.25]
exp014-n1024-k08-d180-bs60-f1.750-r05:060303.597: (662 sec)
exp014-n1024-k08-d180-bs60-f1.750-r05:060303.597: Loop 84/100
exp014-n1024-k08-d180-bs60-f1.750-r05:060982.473: log(exp-norms): [1023.47, 1025.43, 1026.94]
exp014-n1024-k08-d180-bs60-f1.750-r05:060982.474: log(norms):     [1023.47, 1026.22, 1028.08, 1028.1, 1028.11, 1028.16, 1028.24, 1028.26, 1028.39, 1028.25]
exp014-n1024-k08-d180-bs60-f1.750-r05:060982.492: (679 sec)
exp014-n1024-k08-d180-bs60-f1.750-r05:060982.492: Loop 85/100
exp014-n1024-k08-d180-bs60-f1.750-r05:061656.959: log(exp-norms): [1023.47, 1025.43, 1026.94]
exp014-n1024-k08-d180-bs60-f1.750-r05:061656.960: log(norms):     [1023.47, 1026.22, 1028.08, 1028.1, 1028.11, 1028.16, 1028.24, 1028.26, 1028.39, 1028.25]
exp014-n1024-k08-d180-bs60-f1.750-r05:061656.978: (675 sec)
exp014-n1024-k08-d180-bs60-f1.750-r05:061656.978: Loop 86/100
exp014-n1024-k08-d180-bs60-f1.750-r05:062339.984: log(exp-norms): [1023.47, 1025.43, 1026.94]
exp014-n1024-k08-d180-bs60-f1.750-r05:062339.984: log(norms):     [1023.47, 1026.22, 1028.08, 1028.1, 1028.11, 1028.16, 1028.24, 1028.26, 1028.39, 1028.25]
exp014-n1024-k08-d180-bs60-f1.750-r05:062340.002: (684 sec)
exp014-n1024-k08-d180-bs60-f1.750-r05:062340.002: Loop 87/100
exp014-n1024-k08-d180-bs60-f1.750-r05:063032.221: log(exp-norms): [1023.47, 1025.43, 1026.94]
exp014-n1024-k08-d180-bs60-f1.750-r05:063032.222: log(norms):     [1023.47, 1026.22, 1028.08, 1028.1, 1028.11, 1028.16, 1028.24, 1028.26, 1028.39, 1028.25]
exp014-n1024-k08-d180-bs60-f1.750-r05:063032.240: (693 sec)
exp014-n1024-k08-d180-bs60-f1.750-r05:063032.240: Loop 88/100
exp014-n1024-k08-d180-bs60-f1.750-r05:063714.523: log(exp-norms): [1023.47, 1025.43, 1026.94]
exp014-n1024-k08-d180-bs60-f1.750-r05:063714.523: log(norms):     [1023.47, 1026.22, 1028.08, 1028.1, 1028.11, 1028.16, 1028.24, 1028.26, 1028.39, 1028.3]
exp014-n1024-k08-d180-bs60-f1.750-r05:063714.542: (683 sec)
exp014-n1024-k08-d180-bs60-f1.750-r05:063714.542: Loop 89/100
exp014-n1024-k08-d180-bs60-f1.750-r05:064400.081: log(exp-norms): [1023.47, 1025.43, 1026.94]
exp014-n1024-k08-d180-bs60-f1.750-r05:064400.081: log(norms):     [1023.47, 1026.22, 1028.08, 1028.1, 1028.21, 1028.24, 1028.11, 1028.3, 1028.16, 1028.26]
exp014-n1024-k08-d180-bs60-f1.750-r05:064400.099: (686 sec)
exp014-n1024-k08-d180-bs60-f1.750-r05:064400.100: Loop 90/100
exp014-n1024-k08-d180-bs60-f1.750-r05:065125.830: log(exp-norms): [1023.47, 1025.43, 1026.94]
exp014-n1024-k08-d180-bs60-f1.750-r05:065125.830: log(norms):     [1023.47, 1026.22, 1028.08, 1028.1, 1028.21, 1028.24, 1028.11, 1028.3, 1028.16, 1028.26]
exp014-n1024-k08-d180-bs60-f1.750-r05:065125.847: (726 sec)
exp014-n1024-k08-d180-bs60-f1.750-r05:065125.848: Loop 91/100
exp014-n1024-k08-d180-bs60-f1.750-r05:065832.789: log(exp-norms): [1023.47, 1025.43, 1026.94]
exp014-n1024-k08-d180-bs60-f1.750-r05:065832.792: log(norms):     [1023.47, 1026.22, 1028.08, 1028.1, 1028.21, 1028.24, 1028.11, 1028.3, 1028.16, 1028.26]
exp014-n1024-k08-d180-bs60-f1.750-r05:065832.810: (707 sec)
exp014-n1024-k08-d180-bs60-f1.750-r05:065832.811: Loop 92/100
exp014-n1024-k08-d180-bs60-f1.750-r05:066481.280: log(exp-norms): [1023.47, 1025.43, 1026.94]
exp014-n1024-k08-d180-bs60-f1.750-r05:066481.281: log(norms):     [1023.47, 1026.22, 1028.08, 1028.1, 1028.21, 1028.24, 1028.11, 1028.3, 1028.16, 1028.26]
exp014-n1024-k08-d180-bs60-f1.750-r05:066481.298: (649 sec)
exp014-n1024-k08-d180-bs60-f1.750-r05:066481.298: Loop 93/100
exp014-n1024-k08-d180-bs60-f1.750-r05:067137.103: log(exp-norms): [1023.47, 1025.43, 1026.94]
exp014-n1024-k08-d180-bs60-f1.750-r05:067137.103: log(norms):     [1023.47, 1026.22, 1028.08, 1028.1, 1028.21, 1028.24, 1028.11, 1028.3, 1028.16, 1028.26]
exp014-n1024-k08-d180-bs60-f1.750-r05:067137.122: (656 sec)
exp014-n1024-k08-d180-bs60-f1.750-r05:067137.122: Loop 94/100
exp014-n1024-k08-d180-bs60-f1.750-r05:067869.823: log(exp-norms): [1023.47, 1025.43, 1026.94]
exp014-n1024-k08-d180-bs60-f1.750-r05:067869.824: log(norms):     [1023.47, 1026.22, 1028.08, 1028.1, 1028.21, 1028.24, 1028.11, 1028.3, 1028.16, 1028.26]
exp014-n1024-k08-d180-bs60-f1.750-r05:067869.843: (733 sec)
exp014-n1024-k08-d180-bs60-f1.750-r05:067869.843: Loop 95/100
exp014-n1024-k08-d180-bs60-f1.750-r05:068570.080: log(exp-norms): [1023.47, 1025.43, 1026.94]
exp014-n1024-k08-d180-bs60-f1.750-r05:068570.080: log(norms):     [1023.47, 1026.22, 1028.08, 1028.1, 1028.21, 1028.24, 1028.11, 1028.3, 1028.16, 1028.25]
exp014-n1024-k08-d180-bs60-f1.750-r05:068570.098: (701 sec)
exp014-n1024-k08-d180-bs60-f1.750-r05:068570.098: Loop 96/100
exp014-n1024-k08-d180-bs60-f1.750-r05:069225.571: log(exp-norms): [1023.47, 1025.43, 1026.94]
exp014-n1024-k08-d180-bs60-f1.750-r05:069225.571: log(norms):     [1023.47, 1026.22, 1028.08, 1028.1, 1028.21, 1028.24, 1028.11, 1028.3, 1028.16, 1028.25]
exp014-n1024-k08-d180-bs60-f1.750-r05:069225.590: (656 sec)
exp014-n1024-k08-d180-bs60-f1.750-r05:069225.590: Loop 97/100
exp014-n1024-k08-d180-bs60-f1.750-r05:069920.401: log(exp-norms): [1023.47, 1025.43, 1026.94]
exp014-n1024-k08-d180-bs60-f1.750-r05:069920.401: log(norms):     [1023.47, 1026.22, 1028.08, 1028.1, 1028.21, 1028.24, 1028.11, 1028.3, 1028.16, 1028.25]
exp014-n1024-k08-d180-bs60-f1.750-r05:069920.419: (695 sec)
exp014-n1024-k08-d180-bs60-f1.750-r05:069920.419: Loop 98/100
exp014-n1024-k08-d180-bs60-f1.750-r05:070582.787: log(exp-norms): [1023.47, 1025.43, 1026.94]
exp014-n1024-k08-d180-bs60-f1.750-r05:070582.788: log(norms):     [1023.47, 1026.22, 1028.08, 1028.1, 1028.21, 1028.24, 1028.11, 1028.3, 1028.16, 1028.25]
exp014-n1024-k08-d180-bs60-f1.750-r05:070582.805: (663 sec)
exp014-n1024-k08-d180-bs60-f1.750-r05:070582.806: Loop 99/100
exp014-n1024-k08-d180-bs60-f1.750-r05:071228.598: log(exp-norms): [1023.47, 1025.43, 1026.94]
exp014-n1024-k08-d180-bs60-f1.750-r05:071228.599: log(norms):     [1023.47, 1026.22, 1028.08, 1028.1, 1028.21, 1028.24, 1028.11, 1028.3, 1028.16, 1028.25]
exp014-n1024-k08-d180-bs60-f1.750-r05:071228.617: (646 sec)
exp014-n1024-k08-d180-bs60-f1.750-r05:071228.617: Loop 100/100
exp014-n1024-k08-d180-bs60-f1.750-r05:071833.175: log(exp-norms): [1023.47, 1025.43, 1026.94]
exp014-n1024-k08-d180-bs60-f1.750-r05:071833.176: log(norms):     [1023.47, 1026.22, 1028.08, 1028.1, 1028.21, 1028.24, 1028.11, 1028.3, 1028.16, 1028.25]
exp014-n1024-k08-d180-bs60-f1.750-r05:071833.193: (605 sec)
exp014-n1024-k08-d180-bs60-f1.750-r05:071833.193: ==========================Summary===========================
exp014-n1024-k08-d180-bs60-f1.750-r05:071833.193: Total time: 71833sec
exp014-n1024-k08-d180-bs60-f1.750-r05:071833.193: FAIL
exp014-n1024-k08-d180-bs60-f1.750-r05:071833.193: SUMMARY:n:1024:k:8:d:180:bs:60:t:71833:r:False
