exp001-n1024-k08-d180-bs60-f1.000-r00:000000.176: ==========================Instance==========================
exp001-n1024-k08-d180-bs60-f1.000-r00:000000.176: # of equations: 180
exp001-n1024-k08-d180-bs60-f1.000-r00:000000.178: Gap: 2.84
exp001-n1024-k08-d180-bs60-f1.000-r00:000000.182: Tau: 2.47
exp001-n1024-k08-d180-bs60-f1.000-r00:000000.183: ======================BKZ-60 reduction======================
exp001-n1024-k08-d180-bs60-f1.000-r00:000003.813: Expectedly achievable log(norm): 1028.22
exp001-n1024-k08-d180-bs60-f1.000-r00:000006.251: log(exp-norms): [1023.47, 1025.43, 1026.94]
exp001-n1024-k08-d180-bs60-f1.000-r00:000006.251: log(norms):     [1033.92, 1026.23, 1030.94, 1030.94, 1030.94, 1030.94, 1030.94, 1030.94, 1030.94, 1030.94]
exp001-n1024-k08-d180-bs60-f1.000-r00:000006.318: Loop 1/100
exp001-n1024-k08-d180-bs60-f1.000-r00:001274.706: log(exp-norms): [1023.47, 1025.43, 1026.94]
exp001-n1024-k08-d180-bs60-f1.000-r00:001274.707: log(norms):     [1026.23, 1030.15, 1030.17, 1030.29, 1030.17, 1030.12, 1030.3, 1030.27, 1030.27, 1030.1]
exp001-n1024-k08-d180-bs60-f1.000-r00:001274.737: (1269 sec)
exp001-n1024-k08-d180-bs60-f1.000-r00:001274.737: Loop 2/100
exp001-n1024-k08-d180-bs60-f1.000-r00:002195.907: log(exp-norms): [1023.47, 1025.43, 1026.94]
exp001-n1024-k08-d180-bs60-f1.000-r00:002195.908: log(norms):     [1023.47, 1026.23, 1029.49, 1029.52, 1029.54, 1029.73, 1029.57, 1029.72, 1029.55, 1029.8]
exp001-n1024-k08-d180-bs60-f1.000-r00:002195.929: (922 sec)
exp001-n1024-k08-d180-bs60-f1.000-r00:002195.929: Loop 3/100
exp001-n1024-k08-d180-bs60-f1.000-r00:003142.196: log(exp-norms): [1023.47, 1025.43, 1026.94]
exp001-n1024-k08-d180-bs60-f1.000-r00:003142.197: log(norms):     [1023.47, 1026.23, 1028.93, 1029.04, 1029.06, 1029.07, 1029.14, 1029.06, 1029.14, 1029.21]
exp001-n1024-k08-d180-bs60-f1.000-r00:003142.216: (947 sec)
exp001-n1024-k08-d180-bs60-f1.000-r00:003142.217: Loop 4/100
exp001-n1024-k08-d180-bs60-f1.000-r00:004067.082: log(exp-norms): [1023.47, 1025.43, 1026.94]
exp001-n1024-k08-d180-bs60-f1.000-r00:004067.082: log(norms):     [1023.47, 1026.23, 1028.71, 1028.72, 1028.79, 1028.86, 1028.86, 1029.0, 1028.8, 1028.96]
exp001-n1024-k08-d180-bs60-f1.000-r00:004067.111: (925 sec)
exp001-n1024-k08-d180-bs60-f1.000-r00:004067.112: Loop 5/100
exp001-n1024-k08-d180-bs60-f1.000-r00:004823.833: log(exp-norms): [1023.47, 1025.43, 1026.94]
exp001-n1024-k08-d180-bs60-f1.000-r00:004823.833: log(norms):     [1023.47, 1026.23, 1028.52, 1028.52, 1028.52, 1028.63, 1028.55, 1028.78, 1028.68, 1028.62]
exp001-n1024-k08-d180-bs60-f1.000-r00:004823.852: (757 sec)
exp001-n1024-k08-d180-bs60-f1.000-r00:004823.852: Loop 6/100
exp001-n1024-k08-d180-bs60-f1.000-r00:005554.618: log(exp-norms): [1023.47, 1025.43, 1026.94]
exp001-n1024-k08-d180-bs60-f1.000-r00:005554.619: log(norms):     [1023.47, 1026.23, 1028.4, 1028.42, 1028.38, 1028.55, 1028.66, 1028.56, 1028.61, 1028.49]
exp001-n1024-k08-d180-bs60-f1.000-r00:005554.637: (731 sec)
exp001-n1024-k08-d180-bs60-f1.000-r00:005554.637: Loop 7/100
exp001-n1024-k08-d180-bs60-f1.000-r00:006239.155: log(exp-norms): [1023.47, 1025.43, 1026.94]
exp001-n1024-k08-d180-bs60-f1.000-r00:006239.155: log(norms):     [1023.47, 1026.23, 1028.29, 1028.32, 1028.34, 1028.38, 1028.52, 1028.44, 1028.28, 1028.48]
exp001-n1024-k08-d180-bs60-f1.000-r00:006239.173: (685 sec)
exp001-n1024-k08-d180-bs60-f1.000-r00:006239.174: Loop 8/100
exp001-n1024-k08-d180-bs60-f1.000-r00:006902.074: log(exp-norms): [1023.47, 1025.43, 1026.94]
exp001-n1024-k08-d180-bs60-f1.000-r00:006902.075: log(norms):     [1023.47, 1026.23, 1028.23, 1028.28, 1028.32, 1028.55, 1028.41, 1028.37, 1028.31, 1028.53]
exp001-n1024-k08-d180-bs60-f1.000-r00:006902.093: (663 sec)
exp001-n1024-k08-d180-bs60-f1.000-r00:006902.094: Loop 9/100
exp001-n1024-k08-d180-bs60-f1.000-r00:007535.353: log(exp-norms): [1023.47, 1025.43, 1026.94]
exp001-n1024-k08-d180-bs60-f1.000-r00:007535.353: log(norms):     [1023.47, 1026.23, 1028.23, 1028.33, 1028.28, 1028.37, 1028.35, 1028.38, 1028.4, 1028.31]
exp001-n1024-k08-d180-bs60-f1.000-r00:007535.371: (634 sec)
exp001-n1024-k08-d180-bs60-f1.000-r00:007535.371: Loop 10/100
exp001-n1024-k08-d180-bs60-f1.000-r00:008159.219: log(exp-norms): [1023.47, 1025.43, 1026.94]
exp001-n1024-k08-d180-bs60-f1.000-r00:008159.219: log(norms):     [1023.47, 1026.23, 1028.23, 1028.33, 1028.28, 1028.37, 1028.4, 1028.35, 1028.31, 1028.35]
exp001-n1024-k08-d180-bs60-f1.000-r00:008159.236: (624 sec)
exp001-n1024-k08-d180-bs60-f1.000-r00:008159.237: Loop 11/100
exp001-n1024-k08-d180-bs60-f1.000-r00:008797.441: log(exp-norms): [1023.47, 1025.43, 1026.94]
exp001-n1024-k08-d180-bs60-f1.000-r00:008797.441: log(norms):     [1023.47, 1026.23, 1028.2, 1028.23, 1028.35, 1028.33, 1028.28, 1028.37, 1028.4, 1028.39]
exp001-n1024-k08-d180-bs60-f1.000-r00:008797.458: (639 sec)
exp001-n1024-k08-d180-bs60-f1.000-r00:008797.458: Loop 12/100
exp001-n1024-k08-d180-bs60-f1.000-r00:009455.572: log(exp-norms): [1023.47, 1025.43, 1026.94]
exp001-n1024-k08-d180-bs60-f1.000-r00:009455.573: log(norms):     [1023.47, 1026.23, 1028.17, 1028.23, 1028.2, 1028.35, 1028.28, 1028.38, 1028.4, 1028.45]
exp001-n1024-k08-d180-bs60-f1.000-r00:009455.590: (659 sec)
exp001-n1024-k08-d180-bs60-f1.000-r00:009455.590: Loop 13/100
exp001-n1024-k08-d180-bs60-f1.000-r00:010071.500: log(exp-norms): [1023.47, 1025.43, 1026.94]
exp001-n1024-k08-d180-bs60-f1.000-r00:010071.500: log(norms):     [1023.47, 1026.23, 1028.17, 1028.23, 1028.2, 1028.35, 1028.4, 1028.28, 1028.26, 1028.46]
exp001-n1024-k08-d180-bs60-f1.000-r00:010071.518: (616 sec)
exp001-n1024-k08-d180-bs60-f1.000-r00:010071.519: Loop 14/100
exp001-n1024-k08-d180-bs60-f1.000-r00:010716.049: log(exp-norms): [1023.47, 1025.43, 1026.94]
exp001-n1024-k08-d180-bs60-f1.000-r00:010716.050: log(norms):     [1023.47, 1026.23, 1028.17, 1028.23, 1028.2, 1028.35, 1028.4, 1028.45, 1028.28, 1028.26]
exp001-n1024-k08-d180-bs60-f1.000-r00:010716.067: (645 sec)
exp001-n1024-k08-d180-bs60-f1.000-r00:010716.067: Loop 15/100
exp001-n1024-k08-d180-bs60-f1.000-r00:011328.695: log(exp-norms): [1023.47, 1025.43, 1026.94]
exp001-n1024-k08-d180-bs60-f1.000-r00:011328.696: log(norms):     [1023.47, 1026.23, 1028.17, 1028.23, 1028.2, 1028.35, 1028.4, 1028.45, 1028.28, 1028.26]
exp001-n1024-k08-d180-bs60-f1.000-r00:011328.713: (613 sec)
exp001-n1024-k08-d180-bs60-f1.000-r00:011328.713: Loop 16/100
exp001-n1024-k08-d180-bs60-f1.000-r00:012123.979: log(exp-norms): [1023.47, 1025.43, 1026.94]
exp001-n1024-k08-d180-bs60-f1.000-r00:012123.980: log(norms):     [1023.47, 1026.23, 1028.17, 1028.23, 1028.21, 1028.26, 1028.48, 1028.19, 1028.2, 1028.35]
exp001-n1024-k08-d180-bs60-f1.000-r00:012123.999: (796 sec)
exp001-n1024-k08-d180-bs60-f1.000-r00:012124.000: Loop 17/100
exp001-n1024-k08-d180-bs60-f1.000-r00:013023.310: log(exp-norms): [1023.47, 1025.43, 1026.94]
exp001-n1024-k08-d180-bs60-f1.000-r00:013023.311: log(norms):     [1023.47, 1026.23, 1028.17, 1028.23, 1028.27, 1028.37, 1028.38, 1028.21, 1028.19, 1028.26]
exp001-n1024-k08-d180-bs60-f1.000-r00:013023.329: (900 sec)
exp001-n1024-k08-d180-bs60-f1.000-r00:013023.330: Loop 18/100
exp001-n1024-k08-d180-bs60-f1.000-r00:013909.232: log(exp-norms): [1023.47, 1025.43, 1026.94]
exp001-n1024-k08-d180-bs60-f1.000-r00:013909.232: log(norms):     [1023.47, 1026.23, 1028.17, 1028.23, 1028.27, 1028.37, 1028.31, 1028.45, 1028.33, 1028.48]
exp001-n1024-k08-d180-bs60-f1.000-r00:013909.261: (886 sec)
exp001-n1024-k08-d180-bs60-f1.000-r00:013909.262: Loop 19/100
exp001-n1024-k08-d180-bs60-f1.000-r00:014769.707: log(exp-norms): [1023.47, 1025.43, 1026.94]
exp001-n1024-k08-d180-bs60-f1.000-r00:014769.708: log(norms):     [1023.47, 1026.23, 1028.17, 1028.23, 1028.24, 1028.27, 1028.37, 1028.31, 1028.42, 1028.41]
exp001-n1024-k08-d180-bs60-f1.000-r00:014769.739: (861 sec)
exp001-n1024-k08-d180-bs60-f1.000-r00:014769.739: Loop 20/100
exp001-n1024-k08-d180-bs60-f1.000-r00:015688.043: log(exp-norms): [1023.47, 1025.43, 1026.94]
exp001-n1024-k08-d180-bs60-f1.000-r00:015688.044: log(norms):     [1023.47, 1026.23, 1028.17, 1028.23, 1028.24, 1028.27, 1028.35, 1028.37, 1028.36, 1028.38]
exp001-n1024-k08-d180-bs60-f1.000-r00:015688.073: (919 sec)
exp001-n1024-k08-d180-bs60-f1.000-r00:015688.073: Loop 21/100
exp001-n1024-k08-d180-bs60-f1.000-r00:016720.429: log(exp-norms): [1023.47, 1025.43, 1026.94]
exp001-n1024-k08-d180-bs60-f1.000-r00:016720.430: log(norms):     [1023.47, 1026.23, 1028.17, 1028.23, 1028.24, 1028.27, 1028.35, 1028.37, 1028.5, 1028.36]
exp001-n1024-k08-d180-bs60-f1.000-r00:016720.460: (1033 sec)
exp001-n1024-k08-d180-bs60-f1.000-r00:016720.460: Loop 22/100
exp001-n1024-k08-d180-bs60-f1.000-r00:017662.709: log(exp-norms): [1023.47, 1025.43, 1026.94]
exp001-n1024-k08-d180-bs60-f1.000-r00:017662.710: log(norms):     [1023.47, 1026.23, 1028.14, 1028.17, 1028.23, 1028.24, 1028.27, 1028.35, 1028.55, 1028.34]
exp001-n1024-k08-d180-bs60-f1.000-r00:017662.729: (943 sec)
exp001-n1024-k08-d180-bs60-f1.000-r00:017662.730: Loop 23/100
exp001-n1024-k08-d180-bs60-f1.000-r00:018560.065: log(exp-norms): [1023.47, 1025.43, 1026.94]
exp001-n1024-k08-d180-bs60-f1.000-r00:018560.066: log(norms):     [1023.47, 1026.23, 1028.14, 1028.17, 1028.23, 1028.24, 1028.27, 1028.25, 1028.41, 1028.35]
exp001-n1024-k08-d180-bs60-f1.000-r00:018560.094: (898 sec)
exp001-n1024-k08-d180-bs60-f1.000-r00:018560.094: Loop 24/100
exp001-n1024-k08-d180-bs60-f1.000-r00:019443.821: log(exp-norms): [1023.47, 1025.43, 1026.94]
exp001-n1024-k08-d180-bs60-f1.000-r00:019443.821: log(norms):     [1023.47, 1026.23, 1028.14, 1028.17, 1028.23, 1028.24, 1028.27, 1028.25, 1028.45, 1028.41]
exp001-n1024-k08-d180-bs60-f1.000-r00:019443.840: (884 sec)
exp001-n1024-k08-d180-bs60-f1.000-r00:019443.841: Loop 25/100
exp001-n1024-k08-d180-bs60-f1.000-r00:020292.477: log(exp-norms): [1023.47, 1025.43, 1026.94]
exp001-n1024-k08-d180-bs60-f1.000-r00:020292.477: log(norms):     [1023.47, 1026.23, 1028.14, 1028.17, 1028.23, 1028.24, 1028.27, 1028.25, 1028.45, 1028.41]
exp001-n1024-k08-d180-bs60-f1.000-r00:020292.496: (849 sec)
exp001-n1024-k08-d180-bs60-f1.000-r00:020292.496: Loop 26/100
exp001-n1024-k08-d180-bs60-f1.000-r00:021142.892: log(exp-norms): [1023.47, 1025.43, 1026.94]
exp001-n1024-k08-d180-bs60-f1.000-r00:021142.893: log(norms):     [1023.47, 1026.23, 1028.14, 1028.17, 1028.2, 1028.2, 1028.31, 1028.27, 1028.25, 1028.26]
exp001-n1024-k08-d180-bs60-f1.000-r00:021142.911: (851 sec)
exp001-n1024-k08-d180-bs60-f1.000-r00:021142.912: Loop 27/100
exp001-n1024-k08-d180-bs60-f1.000-r00:021868.636: log(exp-norms): [1023.47, 1025.43, 1026.94]
exp001-n1024-k08-d180-bs60-f1.000-r00:021868.637: log(norms):     [1023.47, 1026.23, 1028.14, 1028.17, 1028.2, 1028.36, 1028.25, 1028.26, 1028.24, 1028.27]
exp001-n1024-k08-d180-bs60-f1.000-r00:021868.655: (726 sec)
exp001-n1024-k08-d180-bs60-f1.000-r00:021868.656: Loop 28/100
exp001-n1024-k08-d180-bs60-f1.000-r00:022623.753: log(exp-norms): [1023.47, 1025.43, 1026.94]
exp001-n1024-k08-d180-bs60-f1.000-r00:022623.753: log(norms):     [1023.47, 1026.23, 1028.14, 1028.17, 1028.2, 1028.36, 1028.25, 1028.26, 1028.24, 1028.27]
exp001-n1024-k08-d180-bs60-f1.000-r00:022623.771: (756 sec)
exp001-n1024-k08-d180-bs60-f1.000-r00:022623.772: Loop 29/100
exp001-n1024-k08-d180-bs60-f1.000-r00:023334.602: log(exp-norms): [1023.47, 1025.43, 1026.94]
exp001-n1024-k08-d180-bs60-f1.000-r00:023334.603: log(norms):     [1023.47, 1026.23, 1028.14, 1028.29, 1028.17, 1028.25, 1028.23, 1028.36, 1028.32, 1028.2]
exp001-n1024-k08-d180-bs60-f1.000-r00:023334.632: (711 sec)
exp001-n1024-k08-d180-bs60-f1.000-r00:023334.633: Loop 30/100
exp001-n1024-k08-d180-bs60-f1.000-r00:024293.177: log(exp-norms): [1023.47, 1025.43, 1026.94]
exp001-n1024-k08-d180-bs60-f1.000-r00:024293.177: log(norms):     [1023.47, 1026.23, 1028.14, 1028.29, 1028.17, 1028.25, 1028.23, 1028.36, 1028.33, 1028.35]
exp001-n1024-k08-d180-bs60-f1.000-r00:024293.196: (959 sec)
exp001-n1024-k08-d180-bs60-f1.000-r00:024293.196: Loop 31/100
exp001-n1024-k08-d180-bs60-f1.000-r00:024949.979: log(exp-norms): [1023.47, 1025.43, 1026.94]
exp001-n1024-k08-d180-bs60-f1.000-r00:024949.980: log(norms):     [1023.47, 1026.23, 1028.14, 1028.29, 1028.17, 1028.25, 1028.23, 1028.36, 1028.33, 1028.35]
exp001-n1024-k08-d180-bs60-f1.000-r00:024949.997: (657 sec)
exp001-n1024-k08-d180-bs60-f1.000-r00:024949.997: Loop 32/100
exp001-n1024-k08-d180-bs60-f1.000-r00:025586.952: log(exp-norms): [1023.47, 1025.43, 1026.94]
exp001-n1024-k08-d180-bs60-f1.000-r00:025586.953: log(norms):     [1023.47, 1026.23, 1028.14, 1028.29, 1028.17, 1028.25, 1028.23, 1028.36, 1028.33, 1028.35]
exp001-n1024-k08-d180-bs60-f1.000-r00:025586.970: (637 sec)
exp001-n1024-k08-d180-bs60-f1.000-r00:025586.970: Loop 33/100
exp001-n1024-k08-d180-bs60-f1.000-r00:026222.390: log(exp-norms): [1023.47, 1025.43, 1026.94]
exp001-n1024-k08-d180-bs60-f1.000-r00:026222.391: log(norms):     [1023.47, 1026.23, 1028.14, 1028.29, 1028.21, 1028.17, 1028.25, 1028.4, 1028.32, 1028.33]
exp001-n1024-k08-d180-bs60-f1.000-r00:026222.408: (636 sec)
exp001-n1024-k08-d180-bs60-f1.000-r00:026222.408: Loop 34/100
exp001-n1024-k08-d180-bs60-f1.000-r00:026881.823: log(exp-norms): [1023.47, 1025.43, 1026.94]
exp001-n1024-k08-d180-bs60-f1.000-r00:026881.824: log(norms):     [1023.47, 1026.23, 1028.14, 1028.29, 1028.21, 1028.17, 1028.25, 1028.4, 1028.32, 1028.33]
exp001-n1024-k08-d180-bs60-f1.000-r00:026881.841: (660 sec)
exp001-n1024-k08-d180-bs60-f1.000-r00:026881.841: Loop 35/100
exp001-n1024-k08-d180-bs60-f1.000-r00:027477.039: log(exp-norms): [1023.47, 1025.43, 1026.94]
exp001-n1024-k08-d180-bs60-f1.000-r00:027477.039: log(norms):     [1023.47, 1026.23, 1028.14, 1028.29, 1028.21, 1028.17, 1028.25, 1028.4, 1028.32, 1028.33]
exp001-n1024-k08-d180-bs60-f1.000-r00:027477.056: (596 sec)
exp001-n1024-k08-d180-bs60-f1.000-r00:027477.057: Loop 36/100
exp001-n1024-k08-d180-bs60-f1.000-r00:028089.556: log(exp-norms): [1023.47, 1025.43, 1026.94]
exp001-n1024-k08-d180-bs60-f1.000-r00:028089.557: log(norms):     [1023.47, 1026.23, 1028.14, 1028.29, 1028.21, 1028.17, 1028.25, 1028.4, 1028.32, 1028.33]
exp001-n1024-k08-d180-bs60-f1.000-r00:028089.574: (613 sec)
exp001-n1024-k08-d180-bs60-f1.000-r00:028089.574: Loop 37/100
exp001-n1024-k08-d180-bs60-f1.000-r00:028686.431: log(exp-norms): [1023.47, 1025.43, 1026.94]
exp001-n1024-k08-d180-bs60-f1.000-r00:028686.432: log(norms):     [1023.47, 1026.23, 1028.14, 1028.29, 1028.21, 1028.17, 1028.25, 1028.4, 1028.32, 1028.33]
exp001-n1024-k08-d180-bs60-f1.000-r00:028686.449: (597 sec)
exp001-n1024-k08-d180-bs60-f1.000-r00:028686.449: Loop 38/100
exp001-n1024-k08-d180-bs60-f1.000-r00:029298.194: log(exp-norms): [1023.47, 1025.43, 1026.94]
exp001-n1024-k08-d180-bs60-f1.000-r00:029298.195: log(norms):     [1023.47, 1026.23, 1028.14, 1028.29, 1028.21, 1028.17, 1028.25, 1028.4, 1028.32, 1028.33]
exp001-n1024-k08-d180-bs60-f1.000-r00:029298.214: (612 sec)
exp001-n1024-k08-d180-bs60-f1.000-r00:029298.214: Loop 39/100
exp001-n1024-k08-d180-bs60-f1.000-r00:029923.628: log(exp-norms): [1023.47, 1025.43, 1026.94]
exp001-n1024-k08-d180-bs60-f1.000-r00:029923.629: log(norms):     [1023.47, 1026.23, 1028.14, 1028.29, 1028.21, 1028.17, 1028.25, 1028.4, 1028.32, 1028.33]
exp001-n1024-k08-d180-bs60-f1.000-r00:029923.646: (626 sec)
exp001-n1024-k08-d180-bs60-f1.000-r00:029923.646: Loop 40/100
exp001-n1024-k08-d180-bs60-f1.000-r00:030564.959: log(exp-norms): [1023.47, 1025.43, 1026.94]
exp001-n1024-k08-d180-bs60-f1.000-r00:030564.960: log(norms):     [1023.47, 1026.23, 1028.14, 1028.29, 1028.21, 1028.17, 1028.25, 1028.4, 1028.32, 1028.33]
exp001-n1024-k08-d180-bs60-f1.000-r00:030564.976: (642 sec)
exp001-n1024-k08-d180-bs60-f1.000-r00:030564.976: Loop 41/100
exp001-n1024-k08-d180-bs60-f1.000-r00:031207.019: log(exp-norms): [1023.47, 1025.43, 1026.94]
exp001-n1024-k08-d180-bs60-f1.000-r00:031207.019: log(norms):     [1023.47, 1026.23, 1028.14, 1028.29, 1028.35, 1028.21, 1028.18, 1028.23, 1028.33, 1028.39]
exp001-n1024-k08-d180-bs60-f1.000-r00:031207.037: (643 sec)
exp001-n1024-k08-d180-bs60-f1.000-r00:031207.037: Loop 42/100
exp001-n1024-k08-d180-bs60-f1.000-r00:031857.673: log(exp-norms): [1023.47, 1025.43, 1026.94]
exp001-n1024-k08-d180-bs60-f1.000-r00:031857.674: log(norms):     [1023.47, 1026.23, 1028.14, 1028.29, 1028.35, 1028.21, 1028.18, 1028.23, 1028.33, 1028.46]
exp001-n1024-k08-d180-bs60-f1.000-r00:031857.691: (651 sec)
exp001-n1024-k08-d180-bs60-f1.000-r00:031857.691: Loop 43/100
exp001-n1024-k08-d180-bs60-f1.000-r00:032485.532: log(exp-norms): [1023.47, 1025.43, 1026.94]
exp001-n1024-k08-d180-bs60-f1.000-r00:032485.532: log(norms):     [1023.47, 1026.23, 1028.14, 1028.29, 1028.35, 1028.21, 1028.18, 1028.23, 1028.33, 1028.46]
exp001-n1024-k08-d180-bs60-f1.000-r00:032485.549: (628 sec)
exp001-n1024-k08-d180-bs60-f1.000-r00:032485.550: Loop 44/100
exp001-n1024-k08-d180-bs60-f1.000-r00:033127.683: log(exp-norms): [1023.47, 1025.43, 1026.94]
exp001-n1024-k08-d180-bs60-f1.000-r00:033127.683: log(norms):     [1023.47, 1026.23, 1028.14, 1028.15, 1028.18, 1028.35, 1028.31, 1028.21, 1028.37, 1028.39]
exp001-n1024-k08-d180-bs60-f1.000-r00:033127.702: (643 sec)
exp001-n1024-k08-d180-bs60-f1.000-r00:033127.702: Loop 45/100
exp001-n1024-k08-d180-bs60-f1.000-r00:033756.906: log(exp-norms): [1023.47, 1025.43, 1026.94]
exp001-n1024-k08-d180-bs60-f1.000-r00:033756.908: log(norms):     [1023.47, 1026.23, 1028.14, 1028.15, 1028.33, 1028.18, 1028.35, 1028.31, 1028.21, 1028.25]
exp001-n1024-k08-d180-bs60-f1.000-r00:033756.926: (630 sec)
exp001-n1024-k08-d180-bs60-f1.000-r00:033756.926: Loop 46/100
exp001-n1024-k08-d180-bs60-f1.000-r00:034411.056: log(exp-norms): [1023.47, 1025.43, 1026.94]
exp001-n1024-k08-d180-bs60-f1.000-r00:034411.057: log(norms):     [1023.47, 1026.23, 1028.14, 1028.15, 1028.33, 1028.18, 1028.35, 1028.31, 1028.21, 1028.25]
exp001-n1024-k08-d180-bs60-f1.000-r00:034411.074: (655 sec)
exp001-n1024-k08-d180-bs60-f1.000-r00:034411.074: Loop 47/100
exp001-n1024-k08-d180-bs60-f1.000-r00:035042.601: log(exp-norms): [1023.47, 1025.43, 1026.94]
exp001-n1024-k08-d180-bs60-f1.000-r00:035042.602: log(norms):     [1023.47, 1026.23, 1028.14, 1028.15, 1028.33, 1028.18, 1028.35, 1028.31, 1028.21, 1028.25]
exp001-n1024-k08-d180-bs60-f1.000-r00:035042.619: (632 sec)
exp001-n1024-k08-d180-bs60-f1.000-r00:035042.620: Loop 48/100
exp001-n1024-k08-d180-bs60-f1.000-r00:035703.822: log(exp-norms): [1023.47, 1025.43, 1026.94]
exp001-n1024-k08-d180-bs60-f1.000-r00:035703.823: log(norms):     [1023.47, 1026.23, 1028.14, 1028.15, 1028.33, 1028.18, 1028.35, 1028.31, 1028.29, 1028.21]
exp001-n1024-k08-d180-bs60-f1.000-r00:035703.840: (662 sec)
exp001-n1024-k08-d180-bs60-f1.000-r00:035703.840: Loop 49/100
exp001-n1024-k08-d180-bs60-f1.000-r00:036361.750: log(exp-norms): [1023.47, 1025.43, 1026.94]
exp001-n1024-k08-d180-bs60-f1.000-r00:036361.750: log(norms):     [1023.47, 1026.23, 1028.14, 1028.15, 1028.33, 1028.18, 1028.35, 1028.31, 1028.29, 1028.43]
exp001-n1024-k08-d180-bs60-f1.000-r00:036361.767: (658 sec)
exp001-n1024-k08-d180-bs60-f1.000-r00:036361.768: Loop 50/100
exp001-n1024-k08-d180-bs60-f1.000-r00:037026.490: log(exp-norms): [1023.47, 1025.43, 1026.94]
exp001-n1024-k08-d180-bs60-f1.000-r00:037026.490: log(norms):     [1023.47, 1026.23, 1028.14, 1028.15, 1028.33, 1028.18, 1028.35, 1028.31, 1028.29, 1028.43]
exp001-n1024-k08-d180-bs60-f1.000-r00:037026.507: (665 sec)
exp001-n1024-k08-d180-bs60-f1.000-r00:037026.508: Loop 51/100
exp001-n1024-k08-d180-bs60-f1.000-r00:037675.291: log(exp-norms): [1023.47, 1025.43, 1026.94]
exp001-n1024-k08-d180-bs60-f1.000-r00:037675.292: log(norms):     [1023.47, 1026.23, 1028.14, 1028.15, 1028.33, 1028.18, 1028.35, 1028.31, 1028.29, 1028.43]
exp001-n1024-k08-d180-bs60-f1.000-r00:037675.309: (649 sec)
exp001-n1024-k08-d180-bs60-f1.000-r00:037675.309: Loop 52/100
exp001-n1024-k08-d180-bs60-f1.000-r00:038309.760: log(exp-norms): [1023.47, 1025.43, 1026.94]
exp001-n1024-k08-d180-bs60-f1.000-r00:038309.760: log(norms):     [1023.47, 1026.23, 1028.14, 1028.15, 1028.33, 1028.25, 1028.19, 1028.31, 1028.43, 1028.22]
exp001-n1024-k08-d180-bs60-f1.000-r00:038309.778: (635 sec)
exp001-n1024-k08-d180-bs60-f1.000-r00:038309.779: Loop 53/100
exp001-n1024-k08-d180-bs60-f1.000-r00:038964.121: log(exp-norms): [1023.47, 1025.43, 1026.94]
exp001-n1024-k08-d180-bs60-f1.000-r00:038964.122: log(norms):     [1023.47, 1026.23, 1028.14, 1028.15, 1028.33, 1028.25, 1028.19, 1028.22, 1028.47, 1028.55]
exp001-n1024-k08-d180-bs60-f1.000-r00:038964.142: (655 sec)
exp001-n1024-k08-d180-bs60-f1.000-r00:038964.143: Loop 54/100
exp001-n1024-k08-d180-bs60-f1.000-r00:039610.138: log(exp-norms): [1023.47, 1025.43, 1026.94]
exp001-n1024-k08-d180-bs60-f1.000-r00:039610.139: log(norms):     [1023.47, 1026.23, 1028.14, 1028.15, 1028.33, 1028.25, 1028.19, 1028.22, 1028.47, 1028.45]
exp001-n1024-k08-d180-bs60-f1.000-r00:039610.157: (647 sec)
exp001-n1024-k08-d180-bs60-f1.000-r00:039610.157: Loop 55/100
exp001-n1024-k08-d180-bs60-f1.000-r00:040273.731: log(exp-norms): [1023.47, 1025.43, 1026.94]
exp001-n1024-k08-d180-bs60-f1.000-r00:040273.731: log(norms):     [1023.47, 1026.23, 1028.14, 1028.15, 1028.33, 1028.25, 1028.19, 1028.22, 1028.47, 1028.45]
exp001-n1024-k08-d180-bs60-f1.000-r00:040273.748: (664 sec)
exp001-n1024-k08-d180-bs60-f1.000-r00:040273.749: Loop 56/100
exp001-n1024-k08-d180-bs60-f1.000-r00:040917.272: log(exp-norms): [1023.47, 1025.43, 1026.94]
exp001-n1024-k08-d180-bs60-f1.000-r00:040917.273: log(norms):     [1023.47, 1026.23, 1028.14, 1028.15, 1028.33, 1028.25, 1028.19, 1028.22, 1028.47, 1028.45]
exp001-n1024-k08-d180-bs60-f1.000-r00:040917.290: (644 sec)
exp001-n1024-k08-d180-bs60-f1.000-r00:040917.291: Loop 57/100
exp001-n1024-k08-d180-bs60-f1.000-r00:041577.489: log(exp-norms): [1023.47, 1025.43, 1026.94]
exp001-n1024-k08-d180-bs60-f1.000-r00:041577.489: log(norms):     [1023.47, 1026.23, 1028.14, 1028.14, 1028.15, 1028.33, 1028.25, 1028.22, 1028.47, 1028.19]
exp001-n1024-k08-d180-bs60-f1.000-r00:041577.506: (661 sec)
exp001-n1024-k08-d180-bs60-f1.000-r00:041577.507: Loop 58/100
exp001-n1024-k08-d180-bs60-f1.000-r00:042200.230: log(exp-norms): [1023.47, 1025.43, 1026.94]
exp001-n1024-k08-d180-bs60-f1.000-r00:042200.230: log(norms):     [1023.47, 1026.23, 1028.14, 1028.14, 1028.15, 1028.33, 1028.25, 1028.22, 1028.47, 1028.19]
exp001-n1024-k08-d180-bs60-f1.000-r00:042200.248: (623 sec)
exp001-n1024-k08-d180-bs60-f1.000-r00:042200.248: Loop 59/100
exp001-n1024-k08-d180-bs60-f1.000-r00:042860.561: log(exp-norms): [1023.47, 1025.43, 1026.94]
exp001-n1024-k08-d180-bs60-f1.000-r00:042860.562: log(norms):     [1023.47, 1026.23, 1028.14, 1028.14, 1028.15, 1028.33, 1028.25, 1028.22, 1028.47, 1028.19]
exp001-n1024-k08-d180-bs60-f1.000-r00:042860.579: (661 sec)
exp001-n1024-k08-d180-bs60-f1.000-r00:042860.579: Loop 60/100
exp001-n1024-k08-d180-bs60-f1.000-r00:043475.559: log(exp-norms): [1023.47, 1025.43, 1026.94]
exp001-n1024-k08-d180-bs60-f1.000-r00:043475.560: log(norms):     [1023.47, 1026.23, 1028.14, 1028.14, 1028.15, 1028.33, 1028.25, 1028.22, 1028.47, 1028.19]
exp001-n1024-k08-d180-bs60-f1.000-r00:043475.577: (615 sec)
exp001-n1024-k08-d180-bs60-f1.000-r00:043475.577: Loop 61/100
exp001-n1024-k08-d180-bs60-f1.000-r00:044100.628: log(exp-norms): [1023.47, 1025.43, 1026.94]
exp001-n1024-k08-d180-bs60-f1.000-r00:044100.628: log(norms):     [1023.47, 1026.23, 1028.14, 1028.14, 1028.15, 1028.33, 1028.35, 1028.25, 1028.19, 1028.49]
exp001-n1024-k08-d180-bs60-f1.000-r00:044100.645: (626 sec)
exp001-n1024-k08-d180-bs60-f1.000-r00:044100.646: Loop 62/100
exp001-n1024-k08-d180-bs60-f1.000-r00:044746.373: log(exp-norms): [1023.47, 1025.43, 1026.94]
exp001-n1024-k08-d180-bs60-f1.000-r00:044746.374: log(norms):     [1023.47, 1026.23, 1028.14, 1028.14, 1028.15, 1028.33, 1028.35, 1028.25, 1028.19, 1028.49]
exp001-n1024-k08-d180-bs60-f1.000-r00:044746.391: (646 sec)
exp001-n1024-k08-d180-bs60-f1.000-r00:044746.391: Loop 63/100
exp001-n1024-k08-d180-bs60-f1.000-r00:045401.977: log(exp-norms): [1023.47, 1025.43, 1026.94]
exp001-n1024-k08-d180-bs60-f1.000-r00:045401.977: log(norms):     [1023.47, 1026.23, 1028.14, 1028.14, 1028.15, 1028.33, 1028.35, 1028.25, 1028.19, 1028.49]
exp001-n1024-k08-d180-bs60-f1.000-r00:045401.995: (656 sec)
exp001-n1024-k08-d180-bs60-f1.000-r00:045401.995: Loop 64/100
exp001-n1024-k08-d180-bs60-f1.000-r00:046051.772: log(exp-norms): [1023.47, 1025.43, 1026.94]
exp001-n1024-k08-d180-bs60-f1.000-r00:046051.773: log(norms):     [1023.47, 1026.23, 1028.14, 1028.14, 1028.15, 1028.33, 1028.35, 1028.25, 1028.19, 1028.49]
exp001-n1024-k08-d180-bs60-f1.000-r00:046051.790: (650 sec)
exp001-n1024-k08-d180-bs60-f1.000-r00:046051.791: Loop 65/100
exp001-n1024-k08-d180-bs60-f1.000-r00:046668.005: log(exp-norms): [1023.47, 1025.43, 1026.94]
exp001-n1024-k08-d180-bs60-f1.000-r00:046668.006: log(norms):     [1023.47, 1026.23, 1028.14, 1028.14, 1028.15, 1028.33, 1028.35, 1028.25, 1028.19, 1028.49]
exp001-n1024-k08-d180-bs60-f1.000-r00:046668.023: (617 sec)
exp001-n1024-k08-d180-bs60-f1.000-r00:046668.023: Loop 66/100
exp001-n1024-k08-d180-bs60-f1.000-r00:047323.364: log(exp-norms): [1023.47, 1025.43, 1026.94]
exp001-n1024-k08-d180-bs60-f1.000-r00:047323.364: log(norms):     [1023.47, 1026.23, 1028.14, 1028.14, 1028.15, 1028.33, 1028.35, 1028.25, 1028.19, 1028.49]
exp001-n1024-k08-d180-bs60-f1.000-r00:047323.383: (656 sec)
exp001-n1024-k08-d180-bs60-f1.000-r00:047323.383: Loop 67/100
exp001-n1024-k08-d180-bs60-f1.000-r00:047966.487: log(exp-norms): [1023.47, 1025.43, 1026.94]
exp001-n1024-k08-d180-bs60-f1.000-r00:047966.487: log(norms):     [1023.47, 1026.23, 1028.14, 1028.14, 1028.15, 1028.33, 1028.24, 1028.35, 1028.42, 1028.42]
exp001-n1024-k08-d180-bs60-f1.000-r00:047966.505: (644 sec)
exp001-n1024-k08-d180-bs60-f1.000-r00:047966.505: Loop 68/100
exp001-n1024-k08-d180-bs60-f1.000-r00:048691.508: log(exp-norms): [1023.47, 1025.43, 1026.94]
exp001-n1024-k08-d180-bs60-f1.000-r00:048691.508: log(norms):     [1023.47, 1026.23, 1028.14, 1028.14, 1028.15, 1028.33, 1028.24, 1028.35, 1028.42, 1028.42]
exp001-n1024-k08-d180-bs60-f1.000-r00:048691.525: (726 sec)
exp001-n1024-k08-d180-bs60-f1.000-r00:048691.526: Loop 69/100
exp001-n1024-k08-d180-bs60-f1.000-r00:049351.070: log(exp-norms): [1023.47, 1025.43, 1026.94]
exp001-n1024-k08-d180-bs60-f1.000-r00:049351.071: log(norms):     [1023.47, 1026.23, 1028.14, 1028.14, 1028.15, 1028.33, 1028.24, 1028.25, 1028.35, 1028.42]
exp001-n1024-k08-d180-bs60-f1.000-r00:049351.088: (660 sec)
exp001-n1024-k08-d180-bs60-f1.000-r00:049351.089: Loop 70/100
exp001-n1024-k08-d180-bs60-f1.000-r00:049981.963: log(exp-norms): [1023.47, 1025.43, 1026.94]
exp001-n1024-k08-d180-bs60-f1.000-r00:049981.964: log(norms):     [1023.47, 1026.23, 1028.14, 1028.14, 1028.15, 1028.33, 1028.24, 1028.25, 1028.34, 1028.37]
exp001-n1024-k08-d180-bs60-f1.000-r00:049981.981: (631 sec)
exp001-n1024-k08-d180-bs60-f1.000-r00:049981.982: Loop 71/100
exp001-n1024-k08-d180-bs60-f1.000-r00:050649.948: log(exp-norms): [1023.47, 1025.43, 1026.94]
exp001-n1024-k08-d180-bs60-f1.000-r00:050649.949: log(norms):     [1023.47, 1026.23, 1028.14, 1028.14, 1028.15, 1028.33, 1028.24, 1028.25, 1028.34, 1028.37]
exp001-n1024-k08-d180-bs60-f1.000-r00:050649.966: (668 sec)
exp001-n1024-k08-d180-bs60-f1.000-r00:050649.967: Loop 72/100
exp001-n1024-k08-d180-bs60-f1.000-r00:051314.627: log(exp-norms): [1023.47, 1025.43, 1026.94]
exp001-n1024-k08-d180-bs60-f1.000-r00:051314.628: log(norms):     [1023.47, 1026.23, 1028.14, 1028.14, 1028.16, 1028.15, 1028.33, 1028.25, 1028.24, 1028.34]
exp001-n1024-k08-d180-bs60-f1.000-r00:051314.646: (665 sec)
exp001-n1024-k08-d180-bs60-f1.000-r00:051314.646: Loop 73/100
exp001-n1024-k08-d180-bs60-f1.000-r00:051954.140: log(exp-norms): [1023.47, 1025.43, 1026.94]
exp001-n1024-k08-d180-bs60-f1.000-r00:051954.141: log(norms):     [1023.47, 1026.23, 1028.14, 1028.14, 1028.16, 1028.15, 1028.33, 1028.33, 1028.25, 1028.47]
exp001-n1024-k08-d180-bs60-f1.000-r00:051954.159: (640 sec)
exp001-n1024-k08-d180-bs60-f1.000-r00:051954.160: Loop 74/100
exp001-n1024-k08-d180-bs60-f1.000-r00:052605.813: log(exp-norms): [1023.47, 1025.43, 1026.94]
exp001-n1024-k08-d180-bs60-f1.000-r00:052605.814: log(norms):     [1023.47, 1026.23, 1028.14, 1028.14, 1028.16, 1028.15, 1028.33, 1028.33, 1028.25, 1028.47]
exp001-n1024-k08-d180-bs60-f1.000-r00:052605.831: (652 sec)
exp001-n1024-k08-d180-bs60-f1.000-r00:052605.832: Loop 75/100
exp001-n1024-k08-d180-bs60-f1.000-r00:053270.108: log(exp-norms): [1023.47, 1025.43, 1026.94]
exp001-n1024-k08-d180-bs60-f1.000-r00:053270.109: log(norms):     [1023.47, 1026.23, 1028.14, 1028.14, 1028.16, 1028.22, 1028.15, 1028.32, 1028.39, 1028.33]
exp001-n1024-k08-d180-bs60-f1.000-r00:053270.126: (665 sec)
exp001-n1024-k08-d180-bs60-f1.000-r00:053270.126: Loop 76/100
exp001-n1024-k08-d180-bs60-f1.000-r00:053900.349: log(exp-norms): [1023.47, 1025.43, 1026.94]
exp001-n1024-k08-d180-bs60-f1.000-r00:053900.349: log(norms):     [1023.47, 1026.23, 1028.14, 1028.14, 1028.16, 1028.34, 1028.22, 1028.15, 1028.32, 1028.34]
exp001-n1024-k08-d180-bs60-f1.000-r00:053900.368: (631 sec)
exp001-n1024-k08-d180-bs60-f1.000-r00:053900.368: Loop 77/100
exp001-n1024-k08-d180-bs60-f1.000-r00:054534.525: log(exp-norms): [1023.47, 1025.43, 1026.94]
exp001-n1024-k08-d180-bs60-f1.000-r00:054534.525: log(norms):     [1023.47, 1026.23, 1028.14, 1028.14, 1028.16, 1028.34, 1028.22, 1028.15, 1028.32, 1028.34]
exp001-n1024-k08-d180-bs60-f1.000-r00:054534.542: (635 sec)
exp001-n1024-k08-d180-bs60-f1.000-r00:054534.543: Loop 78/100
exp001-n1024-k08-d180-bs60-f1.000-r00:055177.329: log(exp-norms): [1023.47, 1025.43, 1026.94]
exp001-n1024-k08-d180-bs60-f1.000-r00:055177.329: log(norms):     [1023.47, 1026.23, 1028.14, 1028.14, 1028.16, 1028.34, 1028.22, 1028.15, 1028.32, 1028.34]
exp001-n1024-k08-d180-bs60-f1.000-r00:055177.348: (643 sec)
exp001-n1024-k08-d180-bs60-f1.000-r00:055177.348: Loop 79/100
exp001-n1024-k08-d180-bs60-f1.000-r00:055871.924: log(exp-norms): [1023.47, 1025.43, 1026.94]
exp001-n1024-k08-d180-bs60-f1.000-r00:055871.924: log(norms):     [1023.47, 1026.23, 1028.14, 1028.14, 1028.16, 1028.34, 1028.34, 1028.22, 1028.33, 1028.32]
exp001-n1024-k08-d180-bs60-f1.000-r00:055871.942: (695 sec)
exp001-n1024-k08-d180-bs60-f1.000-r00:055871.942: Loop 80/100
exp001-n1024-k08-d180-bs60-f1.000-r00:056519.041: log(exp-norms): [1023.47, 1025.43, 1026.94]
exp001-n1024-k08-d180-bs60-f1.000-r00:056519.041: log(norms):     [1023.47, 1026.23, 1028.14, 1028.14, 1028.16, 1028.34, 1028.34, 1028.22, 1028.33, 1028.32]
exp001-n1024-k08-d180-bs60-f1.000-r00:056519.059: (648 sec)
exp001-n1024-k08-d180-bs60-f1.000-r00:056519.059: Loop 81/100
exp001-n1024-k08-d180-bs60-f1.000-r00:057171.217: log(exp-norms): [1023.47, 1025.43, 1026.94]
exp001-n1024-k08-d180-bs60-f1.000-r00:057171.217: log(norms):     [1023.47, 1026.23, 1028.14, 1028.14, 1028.16, 1028.34, 1028.34, 1028.22, 1028.33, 1028.32]
exp001-n1024-k08-d180-bs60-f1.000-r00:057171.234: (653 sec)
exp001-n1024-k08-d180-bs60-f1.000-r00:057171.235: Loop 82/100
exp001-n1024-k08-d180-bs60-f1.000-r00:057857.807: log(exp-norms): [1023.47, 1025.43, 1026.94]
exp001-n1024-k08-d180-bs60-f1.000-r00:057857.807: log(norms):     [1023.47, 1026.23, 1028.14, 1028.14, 1028.16, 1028.34, 1028.34, 1028.22, 1028.33, 1028.32]
exp001-n1024-k08-d180-bs60-f1.000-r00:057857.824: (687 sec)
exp001-n1024-k08-d180-bs60-f1.000-r00:057857.825: Loop 83/100
exp001-n1024-k08-d180-bs60-f1.000-r00:058493.744: log(exp-norms): [1023.47, 1025.43, 1026.94]
exp001-n1024-k08-d180-bs60-f1.000-r00:058493.745: log(norms):     [1023.47, 1026.23, 1028.14, 1028.14, 1028.16, 1028.34, 1028.34, 1028.22, 1028.33, 1028.32]
exp001-n1024-k08-d180-bs60-f1.000-r00:058493.762: (636 sec)
exp001-n1024-k08-d180-bs60-f1.000-r00:058493.762: Loop 84/100
exp001-n1024-k08-d180-bs60-f1.000-r00:059126.988: log(exp-norms): [1023.47, 1025.43, 1026.94]
exp001-n1024-k08-d180-bs60-f1.000-r00:059126.989: log(norms):     [1023.47, 1026.23, 1028.14, 1028.14, 1028.16, 1028.34, 1028.34, 1028.22, 1028.33, 1028.32]
exp001-n1024-k08-d180-bs60-f1.000-r00:059127.006: (634 sec)
exp001-n1024-k08-d180-bs60-f1.000-r00:059127.006: Loop 85/100
exp001-n1024-k08-d180-bs60-f1.000-r00:059776.504: log(exp-norms): [1023.47, 1025.43, 1026.94]
exp001-n1024-k08-d180-bs60-f1.000-r00:059776.505: log(norms):     [1023.47, 1026.23, 1028.14, 1028.14, 1028.16, 1028.34, 1028.28, 1028.34, 1028.22, 1028.33]
exp001-n1024-k08-d180-bs60-f1.000-r00:059776.522: (650 sec)
exp001-n1024-k08-d180-bs60-f1.000-r00:059776.523: Loop 86/100
exp001-n1024-k08-d180-bs60-f1.000-r00:060453.891: log(exp-norms): [1023.47, 1025.43, 1026.94]
exp001-n1024-k08-d180-bs60-f1.000-r00:060453.892: log(norms):     [1023.47, 1026.23, 1028.14, 1028.14, 1028.16, 1028.34, 1028.28, 1028.26, 1028.22, 1028.56]
exp001-n1024-k08-d180-bs60-f1.000-r00:060453.910: (678 sec)
exp001-n1024-k08-d180-bs60-f1.000-r00:060453.910: Loop 87/100
exp001-n1024-k08-d180-bs60-f1.000-r00:061124.948: log(exp-norms): [1023.47, 1025.43, 1026.94]
exp001-n1024-k08-d180-bs60-f1.000-r00:061124.949: log(norms):     [1023.47, 1026.23, 1028.14, 1028.14, 1028.16, 1028.34, 1028.28, 1028.26, 1028.22, 1028.56]
exp001-n1024-k08-d180-bs60-f1.000-r00:061124.966: (672 sec)
exp001-n1024-k08-d180-bs60-f1.000-r00:061124.966: Loop 88/100
exp001-n1024-k08-d180-bs60-f1.000-r00:061790.830: log(exp-norms): [1023.47, 1025.43, 1026.94]
exp001-n1024-k08-d180-bs60-f1.000-r00:061790.831: log(norms):     [1023.47, 1026.23, 1028.14, 1028.14, 1028.16, 1028.34, 1028.28, 1028.26, 1028.39, 1028.22]
exp001-n1024-k08-d180-bs60-f1.000-r00:061790.848: (666 sec)
exp001-n1024-k08-d180-bs60-f1.000-r00:061790.848: Loop 89/100
exp001-n1024-k08-d180-bs60-f1.000-r00:062457.578: log(exp-norms): [1023.47, 1025.43, 1026.94]
exp001-n1024-k08-d180-bs60-f1.000-r00:062457.579: log(norms):     [1023.47, 1026.23, 1028.14, 1028.14, 1028.16, 1028.34, 1028.28, 1028.26, 1028.39, 1028.22]
exp001-n1024-k08-d180-bs60-f1.000-r00:062457.597: (667 sec)
exp001-n1024-k08-d180-bs60-f1.000-r00:062457.597: Loop 90/100
exp001-n1024-k08-d180-bs60-f1.000-r00:063109.061: log(exp-norms): [1023.47, 1025.43, 1026.94]
exp001-n1024-k08-d180-bs60-f1.000-r00:063109.062: log(norms):     [1023.47, 1026.23, 1028.14, 1028.14, 1028.16, 1028.34, 1028.28, 1028.26, 1028.39, 1028.22]
exp001-n1024-k08-d180-bs60-f1.000-r00:063109.079: (652 sec)
exp001-n1024-k08-d180-bs60-f1.000-r00:063109.080: Loop 91/100
exp001-n1024-k08-d180-bs60-f1.000-r00:063767.253: log(exp-norms): [1023.47, 1025.43, 1026.94]
exp001-n1024-k08-d180-bs60-f1.000-r00:063767.254: log(norms):     [1023.47, 1026.23, 1028.14, 1028.14, 1028.16, 1028.34, 1028.34, 1028.28, 1028.26, 1028.39]
exp001-n1024-k08-d180-bs60-f1.000-r00:063767.271: (659 sec)
exp001-n1024-k08-d180-bs60-f1.000-r00:063767.271: Loop 92/100
exp001-n1024-k08-d180-bs60-f1.000-r00:064427.195: log(exp-norms): [1023.47, 1025.43, 1026.94]
exp001-n1024-k08-d180-bs60-f1.000-r00:064427.196: log(norms):     [1023.47, 1026.23, 1028.14, 1028.14, 1028.16, 1028.34, 1028.34, 1028.28, 1028.26, 1028.39]
exp001-n1024-k08-d180-bs60-f1.000-r00:064427.213: (660 sec)
exp001-n1024-k08-d180-bs60-f1.000-r00:064427.213: Loop 93/100
exp001-n1024-k08-d180-bs60-f1.000-r00:065097.616: log(exp-norms): [1023.47, 1025.43, 1026.94]
exp001-n1024-k08-d180-bs60-f1.000-r00:065097.616: log(norms):     [1023.47, 1026.23, 1028.14, 1028.14, 1028.16, 1028.34, 1028.34, 1028.37, 1028.28, 1028.47]
exp001-n1024-k08-d180-bs60-f1.000-r00:065097.634: (671 sec)
exp001-n1024-k08-d180-bs60-f1.000-r00:065097.635: Loop 94/100
exp001-n1024-k08-d180-bs60-f1.000-r00:065769.638: log(exp-norms): [1023.47, 1025.43, 1026.94]
exp001-n1024-k08-d180-bs60-f1.000-r00:065769.639: log(norms):     [1023.47, 1026.23, 1028.14, 1028.14, 1028.16, 1028.34, 1028.34, 1028.37, 1028.27, 1028.28]
exp001-n1024-k08-d180-bs60-f1.000-r00:065769.656: (673 sec)
exp001-n1024-k08-d180-bs60-f1.000-r00:065769.657: Loop 95/100
exp001-n1024-k08-d180-bs60-f1.000-r00:066437.508: log(exp-norms): [1023.47, 1025.43, 1026.94]
exp001-n1024-k08-d180-bs60-f1.000-r00:066437.508: log(norms):     [1023.47, 1026.23, 1028.14, 1028.14, 1028.16, 1028.34, 1028.34, 1028.37, 1028.27, 1028.28]
exp001-n1024-k08-d180-bs60-f1.000-r00:066437.526: (668 sec)
exp001-n1024-k08-d180-bs60-f1.000-r00:066437.526: Loop 96/100
exp001-n1024-k08-d180-bs60-f1.000-r00:067112.963: log(exp-norms): [1023.47, 1025.43, 1026.94]
exp001-n1024-k08-d180-bs60-f1.000-r00:067112.963: log(norms):     [1023.47, 1026.23, 1028.14, 1028.14, 1028.16, 1028.34, 1028.34, 1028.37, 1028.27, 1028.28]
exp001-n1024-k08-d180-bs60-f1.000-r00:067112.981: (676 sec)
exp001-n1024-k08-d180-bs60-f1.000-r00:067112.982: Loop 97/100
exp001-n1024-k08-d180-bs60-f1.000-r00:067797.489: log(exp-norms): [1023.47, 1025.43, 1026.94]
exp001-n1024-k08-d180-bs60-f1.000-r00:067797.490: log(norms):     [1023.47, 1026.23, 1028.14, 1028.14, 1028.16, 1028.34, 1028.34, 1028.37, 1028.27, 1028.28]
exp001-n1024-k08-d180-bs60-f1.000-r00:067797.508: (685 sec)
exp001-n1024-k08-d180-bs60-f1.000-r00:067797.509: Loop 98/100
exp001-n1024-k08-d180-bs60-f1.000-r00:068460.811: log(exp-norms): [1023.47, 1025.43, 1026.94]
exp001-n1024-k08-d180-bs60-f1.000-r00:068460.812: log(norms):     [1023.47, 1026.23, 1028.14, 1028.14, 1028.16, 1028.34, 1028.34, 1028.37, 1028.27, 1028.28]
exp001-n1024-k08-d180-bs60-f1.000-r00:068460.830: (664 sec)
exp001-n1024-k08-d180-bs60-f1.000-r00:068460.830: Loop 99/100
exp001-n1024-k08-d180-bs60-f1.000-r00:069155.450: log(exp-norms): [1023.47, 1025.43, 1026.94]
exp001-n1024-k08-d180-bs60-f1.000-r00:069155.450: log(norms):     [1023.47, 1026.23, 1028.14, 1028.14, 1028.16, 1028.34, 1028.34, 1028.37, 1028.27, 1028.1]
exp001-n1024-k08-d180-bs60-f1.000-r00:069155.469: (695 sec)
exp001-n1024-k08-d180-bs60-f1.000-r00:069155.469: Loop 100/100
exp001-n1024-k08-d180-bs60-f1.000-r00:069836.888: log(exp-norms): [1023.47, 1025.43, 1026.94]
exp001-n1024-k08-d180-bs60-f1.000-r00:069836.889: log(norms):     [1023.47, 1026.23, 1028.1, 1028.14, 1028.14, 1028.16, 1028.34, 1028.27, 1028.34, 1028.36]
exp001-n1024-k08-d180-bs60-f1.000-r00:069836.907: (682 sec)
exp001-n1024-k08-d180-bs60-f1.000-r00:069836.907: ==========================Summary===========================
exp001-n1024-k08-d180-bs60-f1.000-r00:069836.907: Total time: 69837sec
exp001-n1024-k08-d180-bs60-f1.000-r00:069836.907: FAIL
exp001-n1024-k08-d180-bs60-f1.000-r00:069836.907: SUMMARY:n:1024:k:8:d:180:bs:60:t:69837:r:False
