exp022-n1024-k08-d180-bs60-f1.732-r05:000000.184: ==========================Instance==========================
exp022-n1024-k08-d180-bs60-f1.732-r05:000000.184: # of equations: 180
exp022-n1024-k08-d180-bs60-f1.732-r05:000000.186: Gap: 2.84
exp022-n1024-k08-d180-bs60-f1.732-r05:000000.190: Tau: 2.47
exp022-n1024-k08-d180-bs60-f1.732-r05:000000.191: ======================BKZ-60 reduction======================
exp022-n1024-k08-d180-bs60-f1.732-r05:000003.821: Expectedly achievable log(norm): 1028.22
exp022-n1024-k08-d180-bs60-f1.732-r05:000006.283: log(exp-norms): [1023.47, 1025.43, 1026.94]
exp022-n1024-k08-d180-bs60-f1.732-r05:000006.283: log(norms):     [1033.92, 1026.22, 1030.94, 1030.94, 1030.94, 1030.94, 1030.94, 1030.94, 1030.94, 1030.94]
exp022-n1024-k08-d180-bs60-f1.732-r05:000006.363: Loop 1/100
exp022-n1024-k08-d180-bs60-f1.732-r05:001223.664: log(exp-norms): [1023.47, 1025.43, 1026.94]
exp022-n1024-k08-d180-bs60-f1.732-r05:001223.665: log(norms):     [1026.22, 1029.97, 1029.98, 1030.01, 1030.06, 1030.04, 1030.08, 1029.93, 1030.04, 1030.19]
exp022-n1024-k08-d180-bs60-f1.732-r05:001223.685: (1218 sec)
exp022-n1024-k08-d180-bs60-f1.732-r05:001223.685: Loop 2/100
exp022-n1024-k08-d180-bs60-f1.732-r05:002287.585: log(exp-norms): [1023.47, 1025.43, 1026.94]
exp022-n1024-k08-d180-bs60-f1.732-r05:002287.587: log(norms):     [1023.47, 1026.22, 1029.35, 1029.37, 1029.47, 1029.46, 1029.48, 1029.5, 1029.48, 1029.53]
exp022-n1024-k08-d180-bs60-f1.732-r05:002287.607: (1064 sec)
exp022-n1024-k08-d180-bs60-f1.732-r05:002287.608: Loop 3/100
exp022-n1024-k08-d180-bs60-f1.732-r05:003248.493: log(exp-norms): [1023.47, 1025.43, 1026.94]
exp022-n1024-k08-d180-bs60-f1.732-r05:003248.495: log(norms):     [1023.47, 1026.22, 1028.94, 1028.96, 1029.0, 1029.04, 1029.07, 1029.12, 1029.03, 1029.11]
exp022-n1024-k08-d180-bs60-f1.732-r05:003248.525: (961 sec)
exp022-n1024-k08-d180-bs60-f1.732-r05:003248.526: Loop 4/100
exp022-n1024-k08-d180-bs60-f1.732-r05:004109.211: log(exp-norms): [1023.47, 1025.43, 1026.94]
exp022-n1024-k08-d180-bs60-f1.732-r05:004109.211: log(norms):     [1023.47, 1026.22, 1028.72, 1028.73, 1028.81, 1028.78, 1028.73, 1028.71, 1028.83, 1028.63]
exp022-n1024-k08-d180-bs60-f1.732-r05:004109.230: (861 sec)
exp022-n1024-k08-d180-bs60-f1.732-r05:004109.230: Loop 5/100
exp022-n1024-k08-d180-bs60-f1.732-r05:004911.100: log(exp-norms): [1023.47, 1025.43, 1026.94]
exp022-n1024-k08-d180-bs60-f1.732-r05:004911.100: log(norms):     [1023.47, 1026.22, 1028.48, 1028.5, 1028.51, 1028.72, 1028.49, 1028.49, 1028.72, 1028.62]
exp022-n1024-k08-d180-bs60-f1.732-r05:004911.119: (802 sec)
exp022-n1024-k08-d180-bs60-f1.732-r05:004911.119: Loop 6/100
exp022-n1024-k08-d180-bs60-f1.732-r05:005633.531: log(exp-norms): [1023.47, 1025.43, 1026.94]
exp022-n1024-k08-d180-bs60-f1.732-r05:005633.532: log(norms):     [1023.47, 1026.22, 1028.43, 1028.43, 1028.58, 1028.49, 1028.5, 1028.58, 1028.45, 1028.57]
exp022-n1024-k08-d180-bs60-f1.732-r05:005633.550: (723 sec)
exp022-n1024-k08-d180-bs60-f1.732-r05:005633.551: Loop 7/100
exp022-n1024-k08-d180-bs60-f1.732-r05:006338.340: log(exp-norms): [1023.47, 1025.43, 1026.94]
exp022-n1024-k08-d180-bs60-f1.732-r05:006338.341: log(norms):     [1023.47, 1026.22, 1028.32, 1028.42, 1028.36, 1028.42, 1028.48, 1028.36, 1028.44, 1028.54]
exp022-n1024-k08-d180-bs60-f1.732-r05:006338.359: (705 sec)
exp022-n1024-k08-d180-bs60-f1.732-r05:006338.360: Loop 8/100
exp022-n1024-k08-d180-bs60-f1.732-r05:007037.248: log(exp-norms): [1023.47, 1025.43, 1026.94]
exp022-n1024-k08-d180-bs60-f1.732-r05:007037.249: log(norms):     [1023.47, 1026.22, 1028.3, 1028.3, 1028.48, 1028.35, 1028.46, 1028.55, 1028.45, 1028.56]
exp022-n1024-k08-d180-bs60-f1.732-r05:007037.267: (699 sec)
exp022-n1024-k08-d180-bs60-f1.732-r05:007037.268: Loop 9/100
exp022-n1024-k08-d180-bs60-f1.732-r05:007755.731: log(exp-norms): [1023.47, 1025.43, 1026.94]
exp022-n1024-k08-d180-bs60-f1.732-r05:007755.732: log(norms):     [1023.47, 1026.22, 1028.3, 1028.33, 1028.3, 1028.48, 1028.48, 1028.42, 1028.43, 1028.47]
exp022-n1024-k08-d180-bs60-f1.732-r05:007755.750: (719 sec)
exp022-n1024-k08-d180-bs60-f1.732-r05:007755.750: Loop 10/100
exp022-n1024-k08-d180-bs60-f1.732-r05:008479.977: log(exp-norms): [1023.47, 1025.43, 1026.94]
exp022-n1024-k08-d180-bs60-f1.732-r05:008479.978: log(norms):     [1023.47, 1026.22, 1028.24, 1028.27, 1028.3, 1028.31, 1028.39, 1028.36, 1028.51, 1028.51]
exp022-n1024-k08-d180-bs60-f1.732-r05:008479.996: (725 sec)
exp022-n1024-k08-d180-bs60-f1.732-r05:008479.996: Loop 11/100
exp022-n1024-k08-d180-bs60-f1.732-r05:009196.372: log(exp-norms): [1023.47, 1025.43, 1026.94]
exp022-n1024-k08-d180-bs60-f1.732-r05:009196.373: log(norms):     [1023.47, 1026.22, 1028.24, 1028.27, 1028.33, 1028.27, 1028.35, 1028.4, 1028.51, 1028.4]
exp022-n1024-k08-d180-bs60-f1.732-r05:009196.391: (717 sec)
exp022-n1024-k08-d180-bs60-f1.732-r05:009196.391: Loop 12/100
exp022-n1024-k08-d180-bs60-f1.732-r05:009879.498: log(exp-norms): [1023.47, 1025.43, 1026.94]
exp022-n1024-k08-d180-bs60-f1.732-r05:009879.498: log(norms):     [1023.47, 1026.22, 1028.24, 1028.27, 1028.38, 1028.33, 1028.44, 1028.5, 1028.35, 1028.4]
exp022-n1024-k08-d180-bs60-f1.732-r05:009879.517: (684 sec)
exp022-n1024-k08-d180-bs60-f1.732-r05:009879.517: Loop 13/100
exp022-n1024-k08-d180-bs60-f1.732-r05:010556.529: log(exp-norms): [1023.47, 1025.43, 1026.94]
exp022-n1024-k08-d180-bs60-f1.732-r05:010556.529: log(norms):     [1023.47, 1026.22, 1028.24, 1028.27, 1028.38, 1028.37, 1028.37, 1028.35, 1028.24, 1028.3]
exp022-n1024-k08-d180-bs60-f1.732-r05:010556.546: (678 sec)
exp022-n1024-k08-d180-bs60-f1.732-r05:010556.546: Loop 14/100
exp022-n1024-k08-d180-bs60-f1.732-r05:011208.579: log(exp-norms): [1023.47, 1025.43, 1026.94]
exp022-n1024-k08-d180-bs60-f1.732-r05:011208.580: log(norms):     [1023.47, 1026.22, 1028.24, 1028.24, 1028.27, 1028.38, 1028.26, 1028.37, 1028.46, 1028.41]
exp022-n1024-k08-d180-bs60-f1.732-r05:011208.597: (653 sec)
exp022-n1024-k08-d180-bs60-f1.732-r05:011208.597: Loop 15/100
exp022-n1024-k08-d180-bs60-f1.732-r05:012090.480: log(exp-norms): [1023.47, 1025.43, 1026.94]
exp022-n1024-k08-d180-bs60-f1.732-r05:012090.480: log(norms):     [1023.47, 1026.22, 1028.24, 1028.24, 1028.27, 1028.38, 1028.26, 1028.26, 1028.41, 1028.3]
exp022-n1024-k08-d180-bs60-f1.732-r05:012090.509: (882 sec)
exp022-n1024-k08-d180-bs60-f1.732-r05:012090.509: Loop 16/100
exp022-n1024-k08-d180-bs60-f1.732-r05:013183.750: log(exp-norms): [1023.47, 1025.43, 1026.94]
exp022-n1024-k08-d180-bs60-f1.732-r05:013183.752: log(norms):     [1023.47, 1026.22, 1028.21, 1028.3, 1028.24, 1028.24, 1028.47, 1028.38, 1028.38, 1028.27]
exp022-n1024-k08-d180-bs60-f1.732-r05:013183.783: (1094 sec)
exp022-n1024-k08-d180-bs60-f1.732-r05:013183.784: Loop 17/100
exp022-n1024-k08-d180-bs60-f1.732-r05:014168.249: log(exp-norms): [1023.47, 1025.43, 1026.94]
exp022-n1024-k08-d180-bs60-f1.732-r05:014168.250: log(norms):     [1023.47, 1026.22, 1028.21, 1028.26, 1028.31, 1028.31, 1028.59, 1028.37, 1028.36, 1028.34]
exp022-n1024-k08-d180-bs60-f1.732-r05:014168.278: (985 sec)
exp022-n1024-k08-d180-bs60-f1.732-r05:014168.279: Loop 18/100
exp022-n1024-k08-d180-bs60-f1.732-r05:015136.089: log(exp-norms): [1023.47, 1025.43, 1026.94]
exp022-n1024-k08-d180-bs60-f1.732-r05:015136.090: log(norms):     [1023.47, 1026.22, 1028.21, 1028.26, 1028.31, 1028.31, 1028.59, 1028.38, 1028.43, 1028.51]
exp022-n1024-k08-d180-bs60-f1.732-r05:015136.109: (968 sec)
exp022-n1024-k08-d180-bs60-f1.732-r05:015136.110: Loop 19/100
exp022-n1024-k08-d180-bs60-f1.732-r05:016164.455: log(exp-norms): [1023.47, 1025.43, 1026.94]
exp022-n1024-k08-d180-bs60-f1.732-r05:016164.456: log(norms):     [1023.47, 1026.22, 1028.21, 1028.26, 1028.31, 1028.36, 1028.33, 1028.41, 1028.39, 1028.47]
exp022-n1024-k08-d180-bs60-f1.732-r05:016164.486: (1029 sec)
exp022-n1024-k08-d180-bs60-f1.732-r05:016164.486: Loop 20/100
exp022-n1024-k08-d180-bs60-f1.732-r05:017139.950: log(exp-norms): [1023.47, 1025.43, 1026.94]
exp022-n1024-k08-d180-bs60-f1.732-r05:017139.951: log(norms):     [1023.47, 1026.22, 1028.21, 1028.26, 1028.31, 1028.36, 1028.33, 1028.41, 1028.32, 1028.35]
exp022-n1024-k08-d180-bs60-f1.732-r05:017139.980: (976 sec)
exp022-n1024-k08-d180-bs60-f1.732-r05:017139.981: Loop 21/100
exp022-n1024-k08-d180-bs60-f1.732-r05:018099.565: log(exp-norms): [1023.47, 1025.43, 1026.94]
exp022-n1024-k08-d180-bs60-f1.732-r05:018099.566: log(norms):     [1023.47, 1026.22, 1028.21, 1028.26, 1028.31, 1028.31, 1028.36, 1028.33, 1028.32, 1028.38]
exp022-n1024-k08-d180-bs60-f1.732-r05:018099.595: (960 sec)
exp022-n1024-k08-d180-bs60-f1.732-r05:018099.595: Loop 22/100
exp022-n1024-k08-d180-bs60-f1.732-r05:019044.371: log(exp-norms): [1023.47, 1025.43, 1026.94]
exp022-n1024-k08-d180-bs60-f1.732-r05:019044.372: log(norms):     [1023.47, 1026.22, 1028.21, 1028.26, 1028.31, 1028.31, 1028.36, 1028.33, 1028.19, 1028.32]
exp022-n1024-k08-d180-bs60-f1.732-r05:019044.406: (945 sec)
exp022-n1024-k08-d180-bs60-f1.732-r05:019044.406: Loop 23/100
exp022-n1024-k08-d180-bs60-f1.732-r05:020024.489: log(exp-norms): [1023.47, 1025.43, 1026.94]
exp022-n1024-k08-d180-bs60-f1.732-r05:020024.489: log(norms):     [1023.47, 1026.22, 1028.19, 1028.21, 1028.26, 1028.31, 1028.33, 1028.36, 1028.39, 1028.47]
exp022-n1024-k08-d180-bs60-f1.732-r05:020024.519: (981 sec)
exp022-n1024-k08-d180-bs60-f1.732-r05:020024.519: Loop 24/100
exp022-n1024-k08-d180-bs60-f1.732-r05:020954.739: log(exp-norms): [1023.47, 1025.43, 1026.94]
exp022-n1024-k08-d180-bs60-f1.732-r05:020954.740: log(norms):     [1023.47, 1026.22, 1028.19, 1028.21, 1028.36, 1028.26, 1028.33, 1028.31, 1028.47, 1028.36]
exp022-n1024-k08-d180-bs60-f1.732-r05:020954.768: (931 sec)
exp022-n1024-k08-d180-bs60-f1.732-r05:020954.769: Loop 25/100
exp022-n1024-k08-d180-bs60-f1.732-r05:021823.290: log(exp-norms): [1023.47, 1025.43, 1026.94]
exp022-n1024-k08-d180-bs60-f1.732-r05:021823.290: log(norms):     [1023.47, 1026.22, 1028.19, 1028.21, 1028.36, 1028.26, 1028.33, 1028.31, 1028.47, 1028.36]
exp022-n1024-k08-d180-bs60-f1.732-r05:021823.309: (869 sec)
exp022-n1024-k08-d180-bs60-f1.732-r05:021823.309: Loop 26/100
exp022-n1024-k08-d180-bs60-f1.732-r05:022507.833: log(exp-norms): [1023.47, 1025.43, 1026.94]
exp022-n1024-k08-d180-bs60-f1.732-r05:022507.833: log(norms):     [1023.47, 1026.22, 1028.19, 1028.21, 1028.36, 1028.26, 1028.33, 1028.31, 1028.47, 1028.36]
exp022-n1024-k08-d180-bs60-f1.732-r05:022507.852: (685 sec)
exp022-n1024-k08-d180-bs60-f1.732-r05:022507.852: Loop 27/100
exp022-n1024-k08-d180-bs60-f1.732-r05:023178.261: log(exp-norms): [1023.47, 1025.43, 1026.94]
exp022-n1024-k08-d180-bs60-f1.732-r05:023178.261: log(norms):     [1023.47, 1026.22, 1028.19, 1028.3, 1028.29, 1028.33, 1028.21, 1028.47, 1028.33, 1028.26]
exp022-n1024-k08-d180-bs60-f1.732-r05:023178.281: (671 sec)
exp022-n1024-k08-d180-bs60-f1.732-r05:023178.281: Loop 28/100
exp022-n1024-k08-d180-bs60-f1.732-r05:023987.615: log(exp-norms): [1023.47, 1025.43, 1026.94]
exp022-n1024-k08-d180-bs60-f1.732-r05:023987.615: log(norms):     [1023.47, 1026.22, 1028.19, 1028.3, 1028.29, 1028.33, 1028.21, 1028.47, 1028.33, 1028.26]
exp022-n1024-k08-d180-bs60-f1.732-r05:023987.634: (810 sec)
exp022-n1024-k08-d180-bs60-f1.732-r05:023987.634: Loop 29/100
exp022-n1024-k08-d180-bs60-f1.732-r05:024722.993: log(exp-norms): [1023.47, 1025.43, 1026.94]
exp022-n1024-k08-d180-bs60-f1.732-r05:024722.994: log(norms):     [1023.47, 1026.22, 1028.16, 1028.19, 1028.3, 1028.29, 1028.33, 1028.21, 1028.47, 1028.47]
exp022-n1024-k08-d180-bs60-f1.732-r05:024723.011: (736 sec)
exp022-n1024-k08-d180-bs60-f1.732-r05:024723.012: Loop 30/100
exp022-n1024-k08-d180-bs60-f1.732-r05:025412.374: log(exp-norms): [1023.47, 1025.43, 1026.94]
exp022-n1024-k08-d180-bs60-f1.732-r05:025412.375: log(norms):     [1023.47, 1026.22, 1028.16, 1028.19, 1028.3, 1028.41, 1028.29, 1028.34, 1028.33, 1028.21]
exp022-n1024-k08-d180-bs60-f1.732-r05:025412.394: (690 sec)
exp022-n1024-k08-d180-bs60-f1.732-r05:025412.395: Loop 31/100
exp022-n1024-k08-d180-bs60-f1.732-r05:026103.597: log(exp-norms): [1023.47, 1025.43, 1026.94]
exp022-n1024-k08-d180-bs60-f1.732-r05:026103.597: log(norms):     [1023.47, 1026.22, 1028.16, 1028.19, 1028.3, 1028.41, 1028.24, 1028.27, 1028.47, 1028.21]
exp022-n1024-k08-d180-bs60-f1.732-r05:026103.616: (692 sec)
exp022-n1024-k08-d180-bs60-f1.732-r05:026103.617: Loop 32/100
exp022-n1024-k08-d180-bs60-f1.732-r05:026801.758: log(exp-norms): [1023.47, 1025.43, 1026.94]
exp022-n1024-k08-d180-bs60-f1.732-r05:026801.759: log(norms):     [1023.47, 1026.22, 1028.16, 1028.19, 1028.3, 1028.41, 1028.33, 1028.28, 1028.27, 1028.21]
exp022-n1024-k08-d180-bs60-f1.732-r05:026801.778: (699 sec)
exp022-n1024-k08-d180-bs60-f1.732-r05:026801.779: Loop 33/100
exp022-n1024-k08-d180-bs60-f1.732-r05:027496.446: log(exp-norms): [1023.47, 1025.43, 1026.94]
exp022-n1024-k08-d180-bs60-f1.732-r05:027496.447: log(norms):     [1023.47, 1026.22, 1028.16, 1028.19, 1028.3, 1028.41, 1028.33, 1028.28, 1028.27, 1028.21]
exp022-n1024-k08-d180-bs60-f1.732-r05:027496.465: (695 sec)
exp022-n1024-k08-d180-bs60-f1.732-r05:027496.465: Loop 34/100
exp022-n1024-k08-d180-bs60-f1.732-r05:028179.571: log(exp-norms): [1023.47, 1025.43, 1026.94]
exp022-n1024-k08-d180-bs60-f1.732-r05:028179.572: log(norms):     [1023.47, 1026.22, 1028.16, 1028.19, 1028.3, 1028.41, 1028.33, 1028.28, 1028.27, 1028.21]
exp022-n1024-k08-d180-bs60-f1.732-r05:028179.589: (684 sec)
exp022-n1024-k08-d180-bs60-f1.732-r05:028179.589: Loop 35/100
exp022-n1024-k08-d180-bs60-f1.732-r05:028851.674: log(exp-norms): [1023.47, 1025.43, 1026.94]
exp022-n1024-k08-d180-bs60-f1.732-r05:028851.675: log(norms):     [1023.47, 1026.22, 1028.16, 1028.18, 1028.19, 1028.3, 1028.41, 1028.33, 1028.28, 1028.43]
exp022-n1024-k08-d180-bs60-f1.732-r05:028851.698: (673 sec)
exp022-n1024-k08-d180-bs60-f1.732-r05:028851.698: Loop 36/100
exp022-n1024-k08-d180-bs60-f1.732-r05:029476.904: log(exp-norms): [1023.47, 1025.43, 1026.94]
exp022-n1024-k08-d180-bs60-f1.732-r05:029476.905: log(norms):     [1023.47, 1026.22, 1028.16, 1028.18, 1028.25, 1028.3, 1028.41, 1028.3, 1028.19, 1028.28]
exp022-n1024-k08-d180-bs60-f1.732-r05:029476.933: (626 sec)
exp022-n1024-k08-d180-bs60-f1.732-r05:029476.933: Loop 37/100
exp022-n1024-k08-d180-bs60-f1.732-r05:030129.183: log(exp-norms): [1023.47, 1025.43, 1026.94]
exp022-n1024-k08-d180-bs60-f1.732-r05:030129.183: log(norms):     [1023.47, 1026.22, 1028.16, 1028.18, 1028.25, 1028.3, 1028.41, 1028.3, 1028.19, 1028.28]
exp022-n1024-k08-d180-bs60-f1.732-r05:030129.219: (653 sec)
exp022-n1024-k08-d180-bs60-f1.732-r05:030129.219: Loop 38/100
exp022-n1024-k08-d180-bs60-f1.732-r05:030753.156: log(exp-norms): [1023.47, 1025.43, 1026.94]
exp022-n1024-k08-d180-bs60-f1.732-r05:030753.156: log(norms):     [1023.47, 1026.22, 1028.16, 1028.18, 1028.25, 1028.3, 1028.41, 1028.3, 1028.19, 1028.28]
exp022-n1024-k08-d180-bs60-f1.732-r05:030753.173: (624 sec)
exp022-n1024-k08-d180-bs60-f1.732-r05:030753.174: Loop 39/100
exp022-n1024-k08-d180-bs60-f1.732-r05:031371.771: log(exp-norms): [1023.47, 1025.43, 1026.94]
exp022-n1024-k08-d180-bs60-f1.732-r05:031371.772: log(norms):     [1023.47, 1026.22, 1028.16, 1028.18, 1028.25, 1028.3, 1028.41, 1028.3, 1028.19, 1028.28]
exp022-n1024-k08-d180-bs60-f1.732-r05:031371.790: (619 sec)
exp022-n1024-k08-d180-bs60-f1.732-r05:031371.790: Loop 40/100
exp022-n1024-k08-d180-bs60-f1.732-r05:032026.932: log(exp-norms): [1023.47, 1025.43, 1026.94]
exp022-n1024-k08-d180-bs60-f1.732-r05:032026.933: log(norms):     [1023.47, 1026.22, 1028.16, 1028.17, 1028.18, 1028.25, 1028.3, 1028.32, 1028.33, 1028.3]
exp022-n1024-k08-d180-bs60-f1.732-r05:032026.952: (656 sec)
exp022-n1024-k08-d180-bs60-f1.732-r05:032026.952: Loop 41/100
exp022-n1024-k08-d180-bs60-f1.732-r05:032696.756: log(exp-norms): [1023.47, 1025.43, 1026.94]
exp022-n1024-k08-d180-bs60-f1.732-r05:032696.757: log(norms):     [1023.47, 1026.22, 1028.16, 1028.17, 1028.18, 1028.25, 1028.3, 1028.32, 1028.33, 1028.42]
exp022-n1024-k08-d180-bs60-f1.732-r05:032696.774: (670 sec)
exp022-n1024-k08-d180-bs60-f1.732-r05:032696.775: Loop 42/100
exp022-n1024-k08-d180-bs60-f1.732-r05:033313.288: log(exp-norms): [1023.47, 1025.43, 1026.94]
exp022-n1024-k08-d180-bs60-f1.732-r05:033313.288: log(norms):     [1023.47, 1026.22, 1028.16, 1028.17, 1028.18, 1028.25, 1028.3, 1028.32, 1028.33, 1028.42]
exp022-n1024-k08-d180-bs60-f1.732-r05:033313.307: (617 sec)
exp022-n1024-k08-d180-bs60-f1.732-r05:033313.307: Loop 43/100
exp022-n1024-k08-d180-bs60-f1.732-r05:033935.931: log(exp-norms): [1023.47, 1025.43, 1026.94]
exp022-n1024-k08-d180-bs60-f1.732-r05:033935.932: log(norms):     [1023.47, 1026.22, 1028.16, 1028.17, 1028.18, 1028.25, 1028.3, 1028.32, 1028.33, 1028.42]
exp022-n1024-k08-d180-bs60-f1.732-r05:033935.949: (623 sec)
exp022-n1024-k08-d180-bs60-f1.732-r05:033935.950: Loop 44/100
exp022-n1024-k08-d180-bs60-f1.732-r05:034585.095: log(exp-norms): [1023.47, 1025.43, 1026.94]
exp022-n1024-k08-d180-bs60-f1.732-r05:034585.096: log(norms):     [1023.47, 1026.22, 1028.16, 1028.17, 1028.18, 1028.25, 1028.3, 1028.32, 1028.33, 1028.42]
exp022-n1024-k08-d180-bs60-f1.732-r05:034585.114: (650 sec)
exp022-n1024-k08-d180-bs60-f1.732-r05:034585.114: Loop 45/100
exp022-n1024-k08-d180-bs60-f1.732-r05:035223.080: log(exp-norms): [1023.47, 1025.43, 1026.94]
exp022-n1024-k08-d180-bs60-f1.732-r05:035223.081: log(norms):     [1023.47, 1026.22, 1028.16, 1028.17, 1028.32, 1028.3, 1028.25, 1028.53, 1028.34, 1028.38]
exp022-n1024-k08-d180-bs60-f1.732-r05:035223.098: (638 sec)
exp022-n1024-k08-d180-bs60-f1.732-r05:035223.098: Loop 46/100
exp022-n1024-k08-d180-bs60-f1.732-r05:035846.476: log(exp-norms): [1023.47, 1025.43, 1026.94]
exp022-n1024-k08-d180-bs60-f1.732-r05:035846.476: log(norms):     [1023.47, 1026.22, 1028.16, 1028.17, 1028.32, 1028.37, 1028.3, 1028.53, 1028.25, 1028.34]
exp022-n1024-k08-d180-bs60-f1.732-r05:035846.493: (624 sec)
exp022-n1024-k08-d180-bs60-f1.732-r05:035846.494: Loop 47/100
exp022-n1024-k08-d180-bs60-f1.732-r05:036489.033: log(exp-norms): [1023.47, 1025.43, 1026.94]
exp022-n1024-k08-d180-bs60-f1.732-r05:036489.034: log(norms):     [1023.47, 1026.22, 1028.16, 1028.17, 1028.32, 1028.37, 1028.3, 1028.36, 1028.32, 1028.47]
exp022-n1024-k08-d180-bs60-f1.732-r05:036489.051: (643 sec)
exp022-n1024-k08-d180-bs60-f1.732-r05:036489.051: Loop 48/100
exp022-n1024-k08-d180-bs60-f1.732-r05:037142.945: log(exp-norms): [1023.47, 1025.43, 1026.94]
exp022-n1024-k08-d180-bs60-f1.732-r05:037142.946: log(norms):     [1023.47, 1026.22, 1028.16, 1028.17, 1028.32, 1028.37, 1028.3, 1028.36, 1028.33, 1028.49]
exp022-n1024-k08-d180-bs60-f1.732-r05:037142.963: (654 sec)
exp022-n1024-k08-d180-bs60-f1.732-r05:037142.964: Loop 49/100
exp022-n1024-k08-d180-bs60-f1.732-r05:037799.197: log(exp-norms): [1023.47, 1025.43, 1026.94]
exp022-n1024-k08-d180-bs60-f1.732-r05:037799.197: log(norms):     [1023.47, 1026.22, 1028.16, 1028.17, 1028.32, 1028.37, 1028.3, 1028.36, 1028.33, 1028.49]
exp022-n1024-k08-d180-bs60-f1.732-r05:037799.214: (657 sec)
exp022-n1024-k08-d180-bs60-f1.732-r05:037799.215: Loop 50/100
exp022-n1024-k08-d180-bs60-f1.732-r05:038446.761: log(exp-norms): [1023.47, 1025.43, 1026.94]
exp022-n1024-k08-d180-bs60-f1.732-r05:038446.762: log(norms):     [1023.47, 1026.22, 1028.16, 1028.17, 1028.32, 1028.37, 1028.3, 1028.4, 1028.36, 1028.33]
exp022-n1024-k08-d180-bs60-f1.732-r05:038446.780: (648 sec)
exp022-n1024-k08-d180-bs60-f1.732-r05:038446.780: Loop 51/100
exp022-n1024-k08-d180-bs60-f1.732-r05:039117.208: log(exp-norms): [1023.47, 1025.43, 1026.94]
exp022-n1024-k08-d180-bs60-f1.732-r05:039117.208: log(norms):     [1023.47, 1026.22, 1028.16, 1028.17, 1028.21, 1028.32, 1028.37, 1028.3, 1028.26, 1028.4]
exp022-n1024-k08-d180-bs60-f1.732-r05:039117.225: (671 sec)
exp022-n1024-k08-d180-bs60-f1.732-r05:039117.226: Loop 52/100
exp022-n1024-k08-d180-bs60-f1.732-r05:039742.436: log(exp-norms): [1023.47, 1025.43, 1026.94]
exp022-n1024-k08-d180-bs60-f1.732-r05:039742.437: log(norms):     [1023.47, 1026.22, 1028.16, 1028.17, 1028.21, 1028.32, 1028.37, 1028.3, 1028.26, 1028.4]
exp022-n1024-k08-d180-bs60-f1.732-r05:039742.454: (626 sec)
exp022-n1024-k08-d180-bs60-f1.732-r05:039742.454: Loop 53/100
exp022-n1024-k08-d180-bs60-f1.732-r05:040403.576: log(exp-norms): [1023.47, 1025.43, 1026.94]
exp022-n1024-k08-d180-bs60-f1.732-r05:040403.577: log(norms):     [1023.47, 1026.22, 1028.16, 1028.17, 1028.21, 1028.32, 1028.37, 1028.3, 1028.26, 1028.4]
exp022-n1024-k08-d180-bs60-f1.732-r05:040403.594: (662 sec)
exp022-n1024-k08-d180-bs60-f1.732-r05:040403.594: Loop 54/100
exp022-n1024-k08-d180-bs60-f1.732-r05:041033.556: log(exp-norms): [1023.47, 1025.43, 1026.94]
exp022-n1024-k08-d180-bs60-f1.732-r05:041033.558: log(norms):     [1023.47, 1026.22, 1028.16, 1028.17, 1028.21, 1028.32, 1028.37, 1028.3, 1028.26, 1028.43]
exp022-n1024-k08-d180-bs60-f1.732-r05:041033.576: (630 sec)
exp022-n1024-k08-d180-bs60-f1.732-r05:041033.576: Loop 55/100
exp022-n1024-k08-d180-bs60-f1.732-r05:041720.796: log(exp-norms): [1023.47, 1025.43, 1026.94]
exp022-n1024-k08-d180-bs60-f1.732-r05:041720.797: log(norms):     [1023.47, 1026.22, 1028.16, 1028.17, 1028.21, 1028.32, 1028.37, 1028.3, 1028.26, 1028.43]
exp022-n1024-k08-d180-bs60-f1.732-r05:041720.815: (688 sec)
exp022-n1024-k08-d180-bs60-f1.732-r05:041720.816: Loop 56/100
exp022-n1024-k08-d180-bs60-f1.732-r05:042392.654: log(exp-norms): [1023.47, 1025.43, 1026.94]
exp022-n1024-k08-d180-bs60-f1.732-r05:042392.655: log(norms):     [1023.47, 1026.22, 1028.16, 1028.17, 1028.21, 1028.32, 1028.37, 1028.3, 1028.26, 1028.43]
exp022-n1024-k08-d180-bs60-f1.732-r05:042392.672: (672 sec)
exp022-n1024-k08-d180-bs60-f1.732-r05:042392.672: Loop 57/100
exp022-n1024-k08-d180-bs60-f1.732-r05:043051.369: log(exp-norms): [1023.47, 1025.43, 1026.94]
exp022-n1024-k08-d180-bs60-f1.732-r05:043051.370: log(norms):     [1023.47, 1026.22, 1028.16, 1028.17, 1028.21, 1028.32, 1028.37, 1028.3, 1028.26, 1028.43]
exp022-n1024-k08-d180-bs60-f1.732-r05:043051.387: (659 sec)
exp022-n1024-k08-d180-bs60-f1.732-r05:043051.388: Loop 58/100
exp022-n1024-k08-d180-bs60-f1.732-r05:043686.556: log(exp-norms): [1023.47, 1025.43, 1026.94]
exp022-n1024-k08-d180-bs60-f1.732-r05:043686.557: log(norms):     [1023.47, 1026.22, 1028.16, 1028.17, 1028.18, 1028.21, 1028.32, 1028.37, 1028.3, 1028.26]
exp022-n1024-k08-d180-bs60-f1.732-r05:043686.574: (636 sec)
exp022-n1024-k08-d180-bs60-f1.732-r05:043686.574: Loop 59/100
exp022-n1024-k08-d180-bs60-f1.732-r05:044342.625: log(exp-norms): [1023.47, 1025.43, 1026.94]
exp022-n1024-k08-d180-bs60-f1.732-r05:044342.626: log(norms):     [1023.47, 1026.22, 1028.16, 1028.17, 1028.18, 1028.21, 1028.32, 1028.37, 1028.3, 1028.48]
exp022-n1024-k08-d180-bs60-f1.732-r05:044342.649: (657 sec)
exp022-n1024-k08-d180-bs60-f1.732-r05:044342.649: Loop 60/100
exp022-n1024-k08-d180-bs60-f1.732-r05:045004.111: log(exp-norms): [1023.47, 1025.43, 1026.94]
exp022-n1024-k08-d180-bs60-f1.732-r05:045004.112: log(norms):     [1023.47, 1026.22, 1028.16, 1028.17, 1028.18, 1028.21, 1028.32, 1028.37, 1028.3, 1028.47]
exp022-n1024-k08-d180-bs60-f1.732-r05:045004.130: (662 sec)
exp022-n1024-k08-d180-bs60-f1.732-r05:045004.130: Loop 61/100
exp022-n1024-k08-d180-bs60-f1.732-r05:045618.808: log(exp-norms): [1023.47, 1025.43, 1026.94]
exp022-n1024-k08-d180-bs60-f1.732-r05:045618.808: log(norms):     [1023.47, 1026.22, 1028.16, 1028.17, 1028.18, 1028.21, 1028.32, 1028.37, 1028.3, 1028.47]
exp022-n1024-k08-d180-bs60-f1.732-r05:045618.826: (615 sec)
exp022-n1024-k08-d180-bs60-f1.732-r05:045618.826: Loop 62/100
exp022-n1024-k08-d180-bs60-f1.732-r05:046289.736: log(exp-norms): [1023.47, 1025.43, 1026.94]
exp022-n1024-k08-d180-bs60-f1.732-r05:046289.737: log(norms):     [1023.47, 1026.22, 1028.16, 1028.17, 1028.18, 1028.21, 1028.32, 1028.37, 1028.3, 1028.47]
exp022-n1024-k08-d180-bs60-f1.732-r05:046289.754: (671 sec)
exp022-n1024-k08-d180-bs60-f1.732-r05:046289.754: Loop 63/100
exp022-n1024-k08-d180-bs60-f1.732-r05:046943.095: log(exp-norms): [1023.47, 1025.43, 1026.94]
exp022-n1024-k08-d180-bs60-f1.732-r05:046943.095: log(norms):     [1023.47, 1026.22, 1028.16, 1028.17, 1028.18, 1028.21, 1028.32, 1028.37, 1028.3, 1028.47]
exp022-n1024-k08-d180-bs60-f1.732-r05:046943.113: (654 sec)
exp022-n1024-k08-d180-bs60-f1.732-r05:046943.113: Loop 64/100
exp022-n1024-k08-d180-bs60-f1.732-r05:047619.195: log(exp-norms): [1023.47, 1025.43, 1026.94]
exp022-n1024-k08-d180-bs60-f1.732-r05:047619.196: log(norms):     [1023.47, 1026.22, 1028.16, 1028.17, 1028.18, 1028.21, 1028.32, 1028.37, 1028.3, 1028.47]
exp022-n1024-k08-d180-bs60-f1.732-r05:047619.213: (677 sec)
exp022-n1024-k08-d180-bs60-f1.732-r05:047619.214: Loop 65/100
exp022-n1024-k08-d180-bs60-f1.732-r05:048268.933: log(exp-norms): [1023.47, 1025.43, 1026.94]
exp022-n1024-k08-d180-bs60-f1.732-r05:048268.934: log(norms):     [1023.47, 1026.22, 1028.16, 1028.17, 1028.18, 1028.21, 1028.32, 1028.37, 1028.3, 1028.47]
exp022-n1024-k08-d180-bs60-f1.732-r05:048268.952: (650 sec)
exp022-n1024-k08-d180-bs60-f1.732-r05:048268.953: Loop 66/100
exp022-n1024-k08-d180-bs60-f1.732-r05:048977.075: log(exp-norms): [1023.47, 1025.43, 1026.94]
exp022-n1024-k08-d180-bs60-f1.732-r05:048977.075: log(norms):     [1023.47, 1026.22, 1028.16, 1028.17, 1028.18, 1028.21, 1028.32, 1028.37, 1028.3, 1028.47]
exp022-n1024-k08-d180-bs60-f1.732-r05:048977.094: (709 sec)
exp022-n1024-k08-d180-bs60-f1.732-r05:048977.094: Loop 67/100
exp022-n1024-k08-d180-bs60-f1.732-r05:049711.480: log(exp-norms): [1023.47, 1025.43, 1026.94]
exp022-n1024-k08-d180-bs60-f1.732-r05:049711.481: log(norms):     [1023.47, 1026.22, 1028.16, 1028.17, 1028.18, 1028.21, 1028.32, 1028.37, 1028.3, 1028.47]
exp022-n1024-k08-d180-bs60-f1.732-r05:049711.498: (735 sec)
exp022-n1024-k08-d180-bs60-f1.732-r05:049711.498: Loop 68/100
exp022-n1024-k08-d180-bs60-f1.732-r05:050375.869: log(exp-norms): [1023.47, 1025.43, 1026.94]
exp022-n1024-k08-d180-bs60-f1.732-r05:050375.870: log(norms):     [1023.47, 1026.22, 1028.16, 1028.17, 1028.18, 1028.21, 1028.32, 1028.37, 1028.3, 1028.47]
exp022-n1024-k08-d180-bs60-f1.732-r05:050375.887: (665 sec)
exp022-n1024-k08-d180-bs60-f1.732-r05:050375.888: Loop 69/100
exp022-n1024-k08-d180-bs60-f1.732-r05:051005.126: log(exp-norms): [1023.47, 1025.43, 1026.94]
exp022-n1024-k08-d180-bs60-f1.732-r05:051005.127: log(norms):     [1023.47, 1026.22, 1028.16, 1028.17, 1028.18, 1028.21, 1028.32, 1028.37, 1028.3, 1028.47]
exp022-n1024-k08-d180-bs60-f1.732-r05:051005.146: (630 sec)
exp022-n1024-k08-d180-bs60-f1.732-r05:051005.146: Loop 70/100
exp022-n1024-k08-d180-bs60-f1.732-r05:051646.474: log(exp-norms): [1023.47, 1025.43, 1026.94]
exp022-n1024-k08-d180-bs60-f1.732-r05:051646.475: log(norms):     [1023.47, 1026.22, 1028.16, 1028.17, 1028.18, 1028.21, 1028.27, 1028.32, 1028.37, 1028.47]
exp022-n1024-k08-d180-bs60-f1.732-r05:051646.492: (642 sec)
exp022-n1024-k08-d180-bs60-f1.732-r05:051646.492: Loop 71/100
exp022-n1024-k08-d180-bs60-f1.732-r05:052293.067: log(exp-norms): [1023.47, 1025.43, 1026.94]
exp022-n1024-k08-d180-bs60-f1.732-r05:052293.067: log(norms):     [1023.47, 1026.22, 1028.16, 1028.17, 1028.18, 1028.21, 1028.27, 1028.32, 1028.37, 1028.47]
exp022-n1024-k08-d180-bs60-f1.732-r05:052293.085: (647 sec)
exp022-n1024-k08-d180-bs60-f1.732-r05:052293.085: Loop 72/100
exp022-n1024-k08-d180-bs60-f1.732-r05:052948.320: log(exp-norms): [1023.47, 1025.43, 1026.94]
exp022-n1024-k08-d180-bs60-f1.732-r05:052948.321: log(norms):     [1023.47, 1026.22, 1028.16, 1028.17, 1028.18, 1028.21, 1028.27, 1028.32, 1028.37, 1028.47]
exp022-n1024-k08-d180-bs60-f1.732-r05:052948.341: (656 sec)
exp022-n1024-k08-d180-bs60-f1.732-r05:052948.341: Loop 73/100
exp022-n1024-k08-d180-bs60-f1.732-r05:053580.752: log(exp-norms): [1023.47, 1025.43, 1026.94]
exp022-n1024-k08-d180-bs60-f1.732-r05:053580.752: log(norms):     [1023.47, 1026.22, 1028.16, 1028.17, 1028.18, 1028.21, 1028.27, 1028.32, 1028.37, 1028.47]
exp022-n1024-k08-d180-bs60-f1.732-r05:053580.770: (633 sec)
exp022-n1024-k08-d180-bs60-f1.732-r05:053580.770: Loop 74/100
exp022-n1024-k08-d180-bs60-f1.732-r05:054225.054: log(exp-norms): [1023.47, 1025.43, 1026.94]
exp022-n1024-k08-d180-bs60-f1.732-r05:054225.055: log(norms):     [1023.47, 1026.22, 1028.16, 1028.17, 1028.18, 1028.17, 1028.21, 1028.27, 1028.32, 1028.37]
exp022-n1024-k08-d180-bs60-f1.732-r05:054225.072: (645 sec)
exp022-n1024-k08-d180-bs60-f1.732-r05:054225.072: Loop 75/100
exp022-n1024-k08-d180-bs60-f1.732-r05:054871.179: log(exp-norms): [1023.47, 1025.43, 1026.94]
exp022-n1024-k08-d180-bs60-f1.732-r05:054871.179: log(norms):     [1023.47, 1026.22, 1028.13, 1028.17, 1028.16, 1028.17, 1028.18, 1028.21, 1028.27, 1028.32]
exp022-n1024-k08-d180-bs60-f1.732-r05:054871.196: (647 sec)
exp022-n1024-k08-d180-bs60-f1.732-r05:054871.197: Loop 76/100
exp022-n1024-k08-d180-bs60-f1.732-r05:055566.690: log(exp-norms): [1023.47, 1025.43, 1026.94]
exp022-n1024-k08-d180-bs60-f1.732-r05:055566.691: log(norms):     [1023.47, 1026.22, 1028.13, 1028.17, 1028.16, 1028.17, 1028.18, 1028.42, 1028.21, 1028.4]
exp022-n1024-k08-d180-bs60-f1.732-r05:055566.709: (696 sec)
exp022-n1024-k08-d180-bs60-f1.732-r05:055566.710: Loop 77/100
exp022-n1024-k08-d180-bs60-f1.732-r05:056278.491: log(exp-norms): [1023.47, 1025.43, 1026.94]
exp022-n1024-k08-d180-bs60-f1.732-r05:056278.494: log(norms):     [1023.47, 1026.22, 1028.13, 1028.17, 1028.16, 1028.17, 1028.18, 1028.32, 1028.35, 1028.42]
exp022-n1024-k08-d180-bs60-f1.732-r05:056278.513: (712 sec)
exp022-n1024-k08-d180-bs60-f1.732-r05:056278.513: Loop 78/100
exp022-n1024-k08-d180-bs60-f1.732-r05:056946.667: log(exp-norms): [1023.47, 1025.43, 1026.94]
exp022-n1024-k08-d180-bs60-f1.732-r05:056946.667: log(norms):     [1023.47, 1026.22, 1028.13, 1028.17, 1028.16, 1028.17, 1028.18, 1028.32, 1028.35, 1028.49]
exp022-n1024-k08-d180-bs60-f1.732-r05:056946.685: (669 sec)
exp022-n1024-k08-d180-bs60-f1.732-r05:056946.686: Loop 79/100
exp022-n1024-k08-d180-bs60-f1.732-r05:057620.236: log(exp-norms): [1023.47, 1025.43, 1026.94]
exp022-n1024-k08-d180-bs60-f1.732-r05:057620.237: log(norms):     [1023.47, 1026.22, 1028.13, 1028.17, 1028.16, 1028.17, 1028.18, 1028.32, 1028.35, 1028.49]
exp022-n1024-k08-d180-bs60-f1.732-r05:057620.256: (674 sec)
exp022-n1024-k08-d180-bs60-f1.732-r05:057620.256: Loop 80/100
exp022-n1024-k08-d180-bs60-f1.732-r05:058322.460: log(exp-norms): [1023.47, 1025.43, 1026.94]
exp022-n1024-k08-d180-bs60-f1.732-r05:058322.460: log(norms):     [1023.47, 1026.22, 1028.13, 1028.17, 1028.16, 1028.33, 1028.17, 1028.32, 1028.18, 1028.35]
exp022-n1024-k08-d180-bs60-f1.732-r05:058322.479: (703 sec)
exp022-n1024-k08-d180-bs60-f1.732-r05:058322.479: Loop 81/100
exp022-n1024-k08-d180-bs60-f1.732-r05:059001.695: log(exp-norms): [1023.47, 1025.43, 1026.94]
exp022-n1024-k08-d180-bs60-f1.732-r05:059001.696: log(norms):     [1023.47, 1026.22, 1028.13, 1028.17, 1028.16, 1028.33, 1028.17, 1028.32, 1028.18, 1028.35]
exp022-n1024-k08-d180-bs60-f1.732-r05:059001.713: (680 sec)
exp022-n1024-k08-d180-bs60-f1.732-r05:059001.714: Loop 82/100
exp022-n1024-k08-d180-bs60-f1.732-r05:059716.989: log(exp-norms): [1023.47, 1025.43, 1026.94]
exp022-n1024-k08-d180-bs60-f1.732-r05:059716.989: log(norms):     [1023.47, 1026.22, 1028.13, 1028.17, 1028.16, 1028.33, 1028.17, 1028.32, 1028.18, 1028.35]
exp022-n1024-k08-d180-bs60-f1.732-r05:059717.007: (716 sec)
exp022-n1024-k08-d180-bs60-f1.732-r05:059717.007: Loop 83/100
exp022-n1024-k08-d180-bs60-f1.732-r05:060437.430: log(exp-norms): [1023.47, 1025.43, 1026.94]
exp022-n1024-k08-d180-bs60-f1.732-r05:060437.432: log(norms):     [1023.47, 1026.22, 1028.13, 1028.17, 1028.16, 1028.33, 1028.17, 1028.32, 1028.18, 1028.35]
exp022-n1024-k08-d180-bs60-f1.732-r05:060437.452: (721 sec)
exp022-n1024-k08-d180-bs60-f1.732-r05:060437.452: Loop 84/100
exp022-n1024-k08-d180-bs60-f1.732-r05:061117.725: log(exp-norms): [1023.47, 1025.43, 1026.94]
exp022-n1024-k08-d180-bs60-f1.732-r05:061117.725: log(norms):     [1023.47, 1026.22, 1028.13, 1028.17, 1028.16, 1028.33, 1028.17, 1028.32, 1028.18, 1028.35]
exp022-n1024-k08-d180-bs60-f1.732-r05:061117.744: (681 sec)
exp022-n1024-k08-d180-bs60-f1.732-r05:061117.744: Loop 85/100
exp022-n1024-k08-d180-bs60-f1.732-r05:061777.112: log(exp-norms): [1023.47, 1025.43, 1026.94]
exp022-n1024-k08-d180-bs60-f1.732-r05:061777.113: log(norms):     [1023.47, 1026.22, 1028.13, 1028.17, 1028.16, 1028.33, 1028.17, 1028.32, 1028.18, 1028.35]
exp022-n1024-k08-d180-bs60-f1.732-r05:061777.133: (660 sec)
exp022-n1024-k08-d180-bs60-f1.732-r05:061777.133: Loop 86/100
exp022-n1024-k08-d180-bs60-f1.732-r05:062464.818: log(exp-norms): [1023.47, 1025.43, 1026.94]
exp022-n1024-k08-d180-bs60-f1.732-r05:062464.820: log(norms):     [1023.47, 1026.22, 1028.13, 1028.17, 1028.16, 1028.33, 1028.17, 1028.32, 1028.18, 1028.35]
exp022-n1024-k08-d180-bs60-f1.732-r05:062464.838: (688 sec)
exp022-n1024-k08-d180-bs60-f1.732-r05:062464.838: Loop 87/100
exp022-n1024-k08-d180-bs60-f1.732-r05:063128.095: log(exp-norms): [1023.47, 1025.43, 1026.94]
exp022-n1024-k08-d180-bs60-f1.732-r05:063128.096: log(norms):     [1023.47, 1026.22, 1028.13, 1028.17, 1028.16, 1028.33, 1028.17, 1028.32, 1028.18, 1028.35]
exp022-n1024-k08-d180-bs60-f1.732-r05:063128.114: (664 sec)
exp022-n1024-k08-d180-bs60-f1.732-r05:063128.114: Loop 88/100
exp022-n1024-k08-d180-bs60-f1.732-r05:063787.600: log(exp-norms): [1023.47, 1025.43, 1026.94]
exp022-n1024-k08-d180-bs60-f1.732-r05:063787.601: log(norms):     [1023.47, 1026.22, 1028.13, 1028.17, 1028.16, 1028.33, 1028.17, 1028.32, 1028.18, 1028.35]
exp022-n1024-k08-d180-bs60-f1.732-r05:063787.619: (660 sec)
exp022-n1024-k08-d180-bs60-f1.732-r05:063787.619: Loop 89/100
exp022-n1024-k08-d180-bs60-f1.732-r05:064482.476: log(exp-norms): [1023.47, 1025.43, 1026.94]
exp022-n1024-k08-d180-bs60-f1.732-r05:064482.476: log(norms):     [1023.47, 1026.22, 1028.13, 1028.17, 1028.16, 1028.33, 1028.17, 1028.32, 1028.18, 1028.35]
exp022-n1024-k08-d180-bs60-f1.732-r05:064482.500: (695 sec)
exp022-n1024-k08-d180-bs60-f1.732-r05:064482.501: Loop 90/100
exp022-n1024-k08-d180-bs60-f1.732-r05:065165.296: log(exp-norms): [1023.47, 1025.43, 1026.94]
exp022-n1024-k08-d180-bs60-f1.732-r05:065165.297: log(norms):     [1023.47, 1026.22, 1028.13, 1028.17, 1028.16, 1028.24, 1028.35, 1028.32, 1028.21, 1028.2]
exp022-n1024-k08-d180-bs60-f1.732-r05:065165.315: (683 sec)
exp022-n1024-k08-d180-bs60-f1.732-r05:065165.315: Loop 91/100
exp022-n1024-k08-d180-bs60-f1.732-r05:065893.354: log(exp-norms): [1023.47, 1025.43, 1026.94]
exp022-n1024-k08-d180-bs60-f1.732-r05:065893.355: log(norms):     [1023.47, 1026.22, 1028.13, 1028.17, 1028.16, 1028.24, 1028.35, 1028.32, 1028.21, 1028.29]
exp022-n1024-k08-d180-bs60-f1.732-r05:065893.373: (729 sec)
exp022-n1024-k08-d180-bs60-f1.732-r05:065893.374: Loop 92/100
exp022-n1024-k08-d180-bs60-f1.732-r05:066559.961: log(exp-norms): [1023.47, 1025.43, 1026.94]
exp022-n1024-k08-d180-bs60-f1.732-r05:066559.961: log(norms):     [1023.47, 1026.22, 1028.13, 1028.17, 1028.16, 1028.24, 1028.35, 1028.32, 1028.26, 1028.21]
exp022-n1024-k08-d180-bs60-f1.732-r05:066559.979: (667 sec)
exp022-n1024-k08-d180-bs60-f1.732-r05:066559.980: Loop 93/100
exp022-n1024-k08-d180-bs60-f1.732-r05:067233.939: log(exp-norms): [1023.47, 1025.43, 1026.94]
exp022-n1024-k08-d180-bs60-f1.732-r05:067233.940: log(norms):     [1023.47, 1026.22, 1028.13, 1028.17, 1028.16, 1028.24, 1028.35, 1028.32, 1028.26, 1028.21]
exp022-n1024-k08-d180-bs60-f1.732-r05:067233.958: (674 sec)
exp022-n1024-k08-d180-bs60-f1.732-r05:067233.958: Loop 94/100
exp022-n1024-k08-d180-bs60-f1.732-r05:067934.777: log(exp-norms): [1023.47, 1025.43, 1026.94]
exp022-n1024-k08-d180-bs60-f1.732-r05:067934.778: log(norms):     [1023.47, 1026.22, 1028.13, 1028.17, 1028.26, 1028.16, 1028.21, 1028.24, 1028.35, 1028.32]
exp022-n1024-k08-d180-bs60-f1.732-r05:067934.797: (701 sec)
exp022-n1024-k08-d180-bs60-f1.732-r05:067934.797: Loop 95/100
exp022-n1024-k08-d180-bs60-f1.732-r05:068612.200: log(exp-norms): [1023.47, 1025.43, 1026.94]
exp022-n1024-k08-d180-bs60-f1.732-r05:068612.201: log(norms):     [1023.47, 1026.22, 1028.13, 1028.17, 1028.26, 1028.16, 1028.21, 1028.29, 1028.35, 1028.24]
exp022-n1024-k08-d180-bs60-f1.732-r05:068612.219: (678 sec)
exp022-n1024-k08-d180-bs60-f1.732-r05:068612.220: Loop 96/100
exp022-n1024-k08-d180-bs60-f1.732-r05:069283.596: log(exp-norms): [1023.47, 1025.43, 1026.94]
exp022-n1024-k08-d180-bs60-f1.732-r05:069283.597: log(norms):     [1023.47, 1026.22, 1028.13, 1028.17, 1028.26, 1028.17, 1028.16, 1028.21, 1028.29, 1028.2]
exp022-n1024-k08-d180-bs60-f1.732-r05:069283.615: (672 sec)
exp022-n1024-k08-d180-bs60-f1.732-r05:069283.615: Loop 97/100
exp022-n1024-k08-d180-bs60-f1.732-r05:069948.644: log(exp-norms): [1023.47, 1025.43, 1026.94]
exp022-n1024-k08-d180-bs60-f1.732-r05:069948.644: log(norms):     [1023.47, 1026.22, 1028.13, 1028.17, 1028.26, 1028.17, 1028.16, 1028.21, 1028.29, 1028.2]
exp022-n1024-k08-d180-bs60-f1.732-r05:069948.663: (666 sec)
exp022-n1024-k08-d180-bs60-f1.732-r05:069948.663: Loop 98/100
exp022-n1024-k08-d180-bs60-f1.732-r05:070602.328: log(exp-norms): [1023.47, 1025.43, 1026.94]
exp022-n1024-k08-d180-bs60-f1.732-r05:070602.329: log(norms):     [1023.47, 1026.22, 1028.13, 1028.17, 1028.26, 1028.17, 1028.16, 1028.21, 1028.29, 1028.2]
exp022-n1024-k08-d180-bs60-f1.732-r05:070602.347: (654 sec)
exp022-n1024-k08-d180-bs60-f1.732-r05:070602.347: Loop 99/100
exp022-n1024-k08-d180-bs60-f1.732-r05:071237.015: log(exp-norms): [1023.47, 1025.43, 1026.94]
exp022-n1024-k08-d180-bs60-f1.732-r05:071237.015: log(norms):     [1023.47, 1026.22, 1028.13, 1028.17, 1028.26, 1028.17, 1028.16, 1028.21, 1028.29, 1028.42]
exp022-n1024-k08-d180-bs60-f1.732-r05:071237.034: (635 sec)
exp022-n1024-k08-d180-bs60-f1.732-r05:071237.034: Loop 100/100
exp022-n1024-k08-d180-bs60-f1.732-r05:071865.128: log(exp-norms): [1023.47, 1025.43, 1026.94]
exp022-n1024-k08-d180-bs60-f1.732-r05:071865.128: log(norms):     [1023.47, 1025.43, 1026.22, 1028.13, 1028.17, 1028.19, 1028.26, 1028.19, 1028.17, 1028.36]
exp022-n1024-k08-d180-bs60-f1.732-r05:071865.146: (629 sec)
exp022-n1024-k08-d180-bs60-f1.732-r05:071865.146: ==========================Summary===========================
exp022-n1024-k08-d180-bs60-f1.732-r05:071865.146: Total time: 71865sec
exp022-n1024-k08-d180-bs60-f1.732-r05:071865.146: SUCCESS
exp022-n1024-k08-d180-bs60-f1.732-r05:071865.146: HNP solution: 102877459799250792326854090176246283928902714295008794401210495853451957450332360389833835914697002769626968958064729899701228197869293238098522849211980830108748219116474573576592369579195186942039575989686384566012462018951333772564017111221060746521375752504393062285465569978124329414276142313387547500583
exp022-n1024-k08-d180-bs60-f1.732-r05:071865.146: Shared secret: 102877459799250792326854090176246283928902714295008794401210495853451957450332360389833835914697002769626968958064729899701228197869293238098522849211980830108748219116474573576592369579195186942039575989686384566012462018951333772564017111221060746521375752504393062285465569978124329414276142313387547500583
exp022-n1024-k08-d180-bs60-f1.732-r05:071865.147: SUMMARY:n:1024:k:8:d:180:bs:60:t:71865:r:True
