exp046-n1036-k08-d180-bs60-f1.732-r05:000000.355: ==========================Instance==========================
exp046-n1036-k08-d180-bs60-f1.732-r05:000000.355: # of equations: 180
exp046-n1036-k08-d180-bs60-f1.732-r05:000000.357: Gap: 3.88
exp046-n1036-k08-d180-bs60-f1.732-r05:000000.361: Tau: 4.61
exp046-n1036-k08-d180-bs60-f1.732-r05:000000.361: ======================BKZ-60 reduction======================
exp046-n1036-k08-d180-bs60-f1.732-r05:000004.787: Expectedly achievable log(norm): 1041.20
exp046-n1036-k08-d180-bs60-f1.732-r05:000008.817: log(exp-norms): [1036.0, 1037.96, 1039.92]
exp046-n1036-k08-d180-bs60-f1.732-r05:000008.818: log(norms):     [1046.85, 1038.75, 1044.0, 1044.0, 1044.0, 1044.0, 1044.0, 1044.0, 1044.0, 1044.0]
exp046-n1036-k08-d180-bs60-f1.732-r05:000008.896: Loop 1/100
exp046-n1036-k08-d180-bs60-f1.732-r05:001303.570: log(exp-norms): [1036.0, 1037.96, 1039.92]
exp046-n1036-k08-d180-bs60-f1.732-r05:001303.571: log(norms):     [1036.0, 1038.75, 1042.78, 1043.04, 1043.12, 1043.21, 1043.05, 1043.06, 1043.35, 1043.17]
exp046-n1036-k08-d180-bs60-f1.732-r05:001303.603: (1295 sec)
exp046-n1036-k08-d180-bs60-f1.732-r05:001303.604: Loop 2/100
exp046-n1036-k08-d180-bs60-f1.732-r05:002347.348: log(exp-norms): [1036.0, 1037.96, 1039.92]
exp046-n1036-k08-d180-bs60-f1.732-r05:002347.348: log(norms):     [1036.0, 1038.75, 1042.42, 1042.49, 1042.51, 1042.57, 1042.59, 1042.59, 1042.66, 1042.52]
exp046-n1036-k08-d180-bs60-f1.732-r05:002347.368: (1044 sec)
exp046-n1036-k08-d180-bs60-f1.732-r05:002347.368: Loop 3/100
exp046-n1036-k08-d180-bs60-f1.732-r05:003325.957: log(exp-norms): [1036.0, 1037.96, 1039.92]
exp046-n1036-k08-d180-bs60-f1.732-r05:003325.958: log(norms):     [1036.0, 1038.75, 1041.91, 1042.02, 1041.93, 1042.07, 1042.0, 1041.98, 1042.17, 1042.3]
exp046-n1036-k08-d180-bs60-f1.732-r05:003325.978: (979 sec)
exp046-n1036-k08-d180-bs60-f1.732-r05:003325.979: Loop 4/100
exp046-n1036-k08-d180-bs60-f1.732-r05:004241.285: log(exp-norms): [1036.0, 1037.96, 1039.92]
exp046-n1036-k08-d180-bs60-f1.732-r05:004241.285: log(norms):     [1036.0, 1038.75, 1041.61, 1041.69, 1041.79, 1041.87, 1041.89, 1041.8, 1041.7, 1041.8]
exp046-n1036-k08-d180-bs60-f1.732-r05:004241.305: (916 sec)
exp046-n1036-k08-d180-bs60-f1.732-r05:004241.305: Loop 5/100
exp046-n1036-k08-d180-bs60-f1.732-r05:005025.462: log(exp-norms): [1036.0, 1037.96, 1039.92]
exp046-n1036-k08-d180-bs60-f1.732-r05:005025.462: log(norms):     [1036.0, 1038.75, 1041.47, 1041.48, 1041.7, 1041.63, 1041.67, 1041.7, 1041.49, 1041.63]
exp046-n1036-k08-d180-bs60-f1.732-r05:005025.482: (785 sec)
exp046-n1036-k08-d180-bs60-f1.732-r05:005025.483: Loop 6/100
exp046-n1036-k08-d180-bs60-f1.732-r05:005804.047: log(exp-norms): [1036.0, 1037.96, 1039.92]
exp046-n1036-k08-d180-bs60-f1.732-r05:005804.048: log(norms):     [1036.0, 1038.75, 1041.4, 1041.42, 1041.53, 1041.46, 1041.43, 1041.44, 1041.48, 1041.51]
exp046-n1036-k08-d180-bs60-f1.732-r05:005804.066: (779 sec)
exp046-n1036-k08-d180-bs60-f1.732-r05:005804.066: Loop 7/100
exp046-n1036-k08-d180-bs60-f1.732-r05:006466.981: log(exp-norms): [1036.0, 1037.96, 1039.92]
exp046-n1036-k08-d180-bs60-f1.732-r05:006466.982: log(norms):     [1036.0, 1038.75, 1041.25, 1041.35, 1041.33, 1041.32, 1041.47, 1041.56, 1041.42, 1041.33]
exp046-n1036-k08-d180-bs60-f1.732-r05:006467.001: (663 sec)
exp046-n1036-k08-d180-bs60-f1.732-r05:006467.001: Loop 8/100
exp046-n1036-k08-d180-bs60-f1.732-r05:007143.281: log(exp-norms): [1036.0, 1037.96, 1039.92]
exp046-n1036-k08-d180-bs60-f1.732-r05:007143.281: log(norms):     [1036.0, 1037.94, 1038.75, 1041.25, 1041.27, 1041.25, 1041.32, 1041.34, 1041.55, 1041.34]
exp046-n1036-k08-d180-bs60-f1.732-r05:007143.299: (677 sec)
exp046-n1036-k08-d180-bs60-f1.732-r05:007143.299: ==========================Summary===========================
exp046-n1036-k08-d180-bs60-f1.732-r05:007143.299: Total time: 7143sec
exp046-n1036-k08-d180-bs60-f1.732-r05:007143.300: SUCCESS
exp046-n1036-k08-d180-bs60-f1.732-r05:007143.300: HNP solution: 344904821120746228266612753649068804591071367502649158533317314641723545052879930423966618962280649876901290533765992405726814108695569993850119552576871873088739017613556150730200333913827403444445011808449266653030685522221166861718505740323320546701520317364821808207566390894669481380016192195446482960952076
exp046-n1036-k08-d180-bs60-f1.732-r05:007143.300: Shared secret: 344904821120746228266612753649068804591071367502649158533317314641723545052879930423966618962280649876901290533765992405726814108695569993850119552576871873088739017613556150730200333913827403444445011808449266653030685522221166861718505740323320546701520317364821808207566390894669481380016192195446482960952076
exp046-n1036-k08-d180-bs60-f1.732-r05:007143.300: SUMMARY:n:1036:k:8:d:180:bs:60:t:7143:r:True
