exp009-n1024-k08-d180-bs60-f1.750-r00:000000.181: ==========================Instance==========================
exp009-n1024-k08-d180-bs60-f1.750-r00:000000.182: # of equations: 180
exp009-n1024-k08-d180-bs60-f1.750-r00:000000.183: Gap: 2.84
exp009-n1024-k08-d180-bs60-f1.750-r00:000000.187: Tau: 2.47
exp009-n1024-k08-d180-bs60-f1.750-r00:000000.188: ======================BKZ-60 reduction======================
exp009-n1024-k08-d180-bs60-f1.750-r00:000004.704: Expectedly achievable log(norm): 1028.22
exp009-n1024-k08-d180-bs60-f1.750-r00:000009.618: log(exp-norms): [1023.47, 1025.43, 1026.94]
exp009-n1024-k08-d180-bs60-f1.750-r00:000009.618: log(norms):     [1033.92, 1026.22, 1030.94, 1030.94, 1030.94, 1030.94, 1030.94, 1030.94, 1030.94, 1030.94]
exp009-n1024-k08-d180-bs60-f1.750-r00:000009.752: Loop 1/100
exp009-n1024-k08-d180-bs60-f1.750-r00:001402.304: log(exp-norms): [1023.47, 1025.43, 1026.94]
exp009-n1024-k08-d180-bs60-f1.750-r00:001402.304: log(norms):     [1026.22, 1030.11, 1030.11, 1030.2, 1030.15, 1030.18, 1030.07, 1030.2, 1030.33, 1030.17]
exp009-n1024-k08-d180-bs60-f1.750-r00:001402.337: (1393 sec)
exp009-n1024-k08-d180-bs60-f1.750-r00:001402.338: Loop 2/100
exp009-n1024-k08-d180-bs60-f1.750-r00:002392.457: log(exp-norms): [1023.47, 1025.43, 1026.94]
exp009-n1024-k08-d180-bs60-f1.750-r00:002392.458: log(norms):     [1023.47, 1026.22, 1029.47, 1029.55, 1029.61, 1029.55, 1029.77, 1029.62, 1029.61, 1029.69]
exp009-n1024-k08-d180-bs60-f1.750-r00:002392.490: (991 sec)
exp009-n1024-k08-d180-bs60-f1.750-r00:002392.491: Loop 3/100
exp009-n1024-k08-d180-bs60-f1.750-r00:003385.485: log(exp-norms): [1023.47, 1025.43, 1026.94]
exp009-n1024-k08-d180-bs60-f1.750-r00:003385.485: log(norms):     [1023.47, 1026.22, 1029.01, 1029.01, 1029.03, 1029.19, 1029.14, 1029.09, 1029.13, 1029.11]
exp009-n1024-k08-d180-bs60-f1.750-r00:003385.504: (994 sec)
exp009-n1024-k08-d180-bs60-f1.750-r00:003385.505: Loop 4/100
exp009-n1024-k08-d180-bs60-f1.750-r00:004375.228: log(exp-norms): [1023.47, 1025.43, 1026.94]
exp009-n1024-k08-d180-bs60-f1.750-r00:004375.228: log(norms):     [1023.47, 1026.22, 1028.62, 1028.69, 1028.76, 1028.61, 1028.76, 1028.88, 1028.9, 1028.86]
exp009-n1024-k08-d180-bs60-f1.750-r00:004375.248: (990 sec)
exp009-n1024-k08-d180-bs60-f1.750-r00:004375.248: Loop 5/100
exp009-n1024-k08-d180-bs60-f1.750-r00:005224.212: log(exp-norms): [1023.47, 1025.43, 1026.94]
exp009-n1024-k08-d180-bs60-f1.750-r00:005224.213: log(norms):     [1023.47, 1026.22, 1028.48, 1028.53, 1028.64, 1028.51, 1028.45, 1028.54, 1028.57, 1028.57]
exp009-n1024-k08-d180-bs60-f1.750-r00:005224.233: (849 sec)
exp009-n1024-k08-d180-bs60-f1.750-r00:005224.233: Loop 6/100
exp009-n1024-k08-d180-bs60-f1.750-r00:005974.998: log(exp-norms): [1023.47, 1025.43, 1026.94]
exp009-n1024-k08-d180-bs60-f1.750-r00:005974.999: log(norms):     [1023.47, 1026.22, 1028.37, 1028.41, 1028.49, 1028.51, 1028.44, 1028.61, 1028.54, 1028.61]
exp009-n1024-k08-d180-bs60-f1.750-r00:005975.017: (751 sec)
exp009-n1024-k08-d180-bs60-f1.750-r00:005975.018: Loop 7/100
exp009-n1024-k08-d180-bs60-f1.750-r00:006629.000: log(exp-norms): [1023.47, 1025.43, 1026.94]
exp009-n1024-k08-d180-bs60-f1.750-r00:006629.001: log(norms):     [1023.47, 1026.22, 1028.34, 1028.43, 1028.35, 1028.37, 1028.4, 1028.36, 1028.37, 1028.58]
exp009-n1024-k08-d180-bs60-f1.750-r00:006629.019: (655 sec)
exp009-n1024-k08-d180-bs60-f1.750-r00:006629.020: Loop 8/100
exp009-n1024-k08-d180-bs60-f1.750-r00:007308.742: log(exp-norms): [1023.47, 1025.43, 1026.94]
exp009-n1024-k08-d180-bs60-f1.750-r00:007308.742: log(norms):     [1023.47, 1026.22, 1028.34, 1028.33, 1028.36, 1028.45, 1028.35, 1028.46, 1028.25, 1028.61]
exp009-n1024-k08-d180-bs60-f1.750-r00:007308.760: (680 sec)
exp009-n1024-k08-d180-bs60-f1.750-r00:007308.760: Loop 9/100
exp009-n1024-k08-d180-bs60-f1.750-r00:007925.478: log(exp-norms): [1023.47, 1025.43, 1026.94]
exp009-n1024-k08-d180-bs60-f1.750-r00:007925.478: log(norms):     [1023.47, 1026.22, 1028.25, 1028.28, 1028.31, 1028.28, 1028.3, 1028.38, 1028.42, 1028.44]
exp009-n1024-k08-d180-bs60-f1.750-r00:007925.498: (617 sec)
exp009-n1024-k08-d180-bs60-f1.750-r00:007925.498: Loop 10/100
exp009-n1024-k08-d180-bs60-f1.750-r00:008558.972: log(exp-norms): [1023.47, 1025.43, 1026.94]
exp009-n1024-k08-d180-bs60-f1.750-r00:008558.972: log(norms):     [1023.47, 1026.22, 1028.24, 1028.28, 1028.28, 1028.3, 1028.25, 1028.51, 1028.41, 1028.54]
exp009-n1024-k08-d180-bs60-f1.750-r00:008558.989: (634 sec)
exp009-n1024-k08-d180-bs60-f1.750-r00:008558.990: Loop 11/100
exp009-n1024-k08-d180-bs60-f1.750-r00:009188.398: log(exp-norms): [1023.47, 1025.43, 1026.94]
exp009-n1024-k08-d180-bs60-f1.750-r00:009188.398: log(norms):     [1023.47, 1026.22, 1028.19, 1028.24, 1028.29, 1028.22, 1028.28, 1028.3, 1028.45, 1028.44]
exp009-n1024-k08-d180-bs60-f1.750-r00:009188.416: (630 sec)
exp009-n1024-k08-d180-bs60-f1.750-r00:009188.417: Loop 12/100
exp009-n1024-k08-d180-bs60-f1.750-r00:009816.799: log(exp-norms): [1023.47, 1025.43, 1026.94]
exp009-n1024-k08-d180-bs60-f1.750-r00:009816.799: log(norms):     [1023.47, 1026.22, 1028.19, 1028.22, 1028.28, 1028.28, 1028.24, 1028.48, 1028.3, 1028.48]
exp009-n1024-k08-d180-bs60-f1.750-r00:009816.817: (629 sec)
exp009-n1024-k08-d180-bs60-f1.750-r00:009816.818: Loop 13/100
exp009-n1024-k08-d180-bs60-f1.750-r00:010465.519: log(exp-norms): [1023.47, 1025.43, 1026.94]
exp009-n1024-k08-d180-bs60-f1.750-r00:010465.519: log(norms):     [1023.47, 1026.22, 1028.19, 1028.22, 1028.28, 1028.28, 1028.24, 1028.48, 1028.3, 1028.39]
exp009-n1024-k08-d180-bs60-f1.750-r00:010465.536: (649 sec)
exp009-n1024-k08-d180-bs60-f1.750-r00:010465.536: Loop 14/100
exp009-n1024-k08-d180-bs60-f1.750-r00:011129.581: log(exp-norms): [1023.47, 1025.43, 1026.94]
exp009-n1024-k08-d180-bs60-f1.750-r00:011129.581: log(norms):     [1023.47, 1026.22, 1028.19, 1028.22, 1028.28, 1028.28, 1028.24, 1028.48, 1028.48, 1028.3]
exp009-n1024-k08-d180-bs60-f1.750-r00:011129.599: (665 sec)
exp009-n1024-k08-d180-bs60-f1.750-r00:011129.599: Loop 15/100
exp009-n1024-k08-d180-bs60-f1.750-r00:011887.431: log(exp-norms): [1023.47, 1025.43, 1026.94]
exp009-n1024-k08-d180-bs60-f1.750-r00:011887.431: log(norms):     [1023.47, 1026.22, 1028.19, 1028.22, 1028.28, 1028.28, 1028.24, 1028.48, 1028.33, 1028.48]
exp009-n1024-k08-d180-bs60-f1.750-r00:011887.450: (758 sec)
exp009-n1024-k08-d180-bs60-f1.750-r00:011887.451: Loop 16/100
exp009-n1024-k08-d180-bs60-f1.750-r00:012748.285: log(exp-norms): [1023.47, 1025.43, 1026.94]
exp009-n1024-k08-d180-bs60-f1.750-r00:012748.286: log(norms):     [1023.47, 1026.22, 1028.19, 1028.22, 1028.28, 1028.28, 1028.24, 1028.48, 1028.33, 1028.48]
exp009-n1024-k08-d180-bs60-f1.750-r00:012748.316: (861 sec)
exp009-n1024-k08-d180-bs60-f1.750-r00:012748.316: Loop 17/100
exp009-n1024-k08-d180-bs60-f1.750-r00:013687.111: log(exp-norms): [1023.47, 1025.43, 1026.94]
exp009-n1024-k08-d180-bs60-f1.750-r00:013687.113: log(norms):     [1023.47, 1026.22, 1028.16, 1028.19, 1028.22, 1028.28, 1028.39, 1028.24, 1028.28, 1028.44]
exp009-n1024-k08-d180-bs60-f1.750-r00:013687.143: (939 sec)
exp009-n1024-k08-d180-bs60-f1.750-r00:013687.143: Loop 18/100
exp009-n1024-k08-d180-bs60-f1.750-r00:014620.174: log(exp-norms): [1023.47, 1025.43, 1026.94]
exp009-n1024-k08-d180-bs60-f1.750-r00:014620.175: log(norms):     [1023.47, 1026.22, 1028.16, 1028.2, 1028.19, 1028.22, 1028.39, 1028.28, 1028.24, 1028.28]
exp009-n1024-k08-d180-bs60-f1.750-r00:014620.204: (934 sec)
exp009-n1024-k08-d180-bs60-f1.750-r00:014620.204: Loop 19/100
exp009-n1024-k08-d180-bs60-f1.750-r00:015576.874: log(exp-norms): [1023.47, 1025.43, 1026.94]
exp009-n1024-k08-d180-bs60-f1.750-r00:015576.875: log(norms):     [1023.47, 1026.22, 1028.16, 1028.2, 1028.19, 1028.22, 1028.39, 1028.28, 1028.39, 1028.42]
exp009-n1024-k08-d180-bs60-f1.750-r00:015576.904: (957 sec)
exp009-n1024-k08-d180-bs60-f1.750-r00:015576.905: Loop 20/100
exp009-n1024-k08-d180-bs60-f1.750-r00:016453.494: log(exp-norms): [1023.47, 1025.43, 1026.94]
exp009-n1024-k08-d180-bs60-f1.750-r00:016453.495: log(norms):     [1023.47, 1026.22, 1028.16, 1028.2, 1028.19, 1028.22, 1028.23, 1028.31, 1028.29, 1028.28]
exp009-n1024-k08-d180-bs60-f1.750-r00:016453.525: (877 sec)
exp009-n1024-k08-d180-bs60-f1.750-r00:016453.525: Loop 21/100
exp009-n1024-k08-d180-bs60-f1.750-r00:017321.036: log(exp-norms): [1023.47, 1025.43, 1026.94]
exp009-n1024-k08-d180-bs60-f1.750-r00:017321.036: log(norms):     [1023.47, 1026.22, 1028.16, 1028.21, 1028.25, 1028.3, 1028.2, 1028.28, 1028.22, 1028.23]
exp009-n1024-k08-d180-bs60-f1.750-r00:017321.055: (868 sec)
exp009-n1024-k08-d180-bs60-f1.750-r00:017321.055: Loop 22/100
exp009-n1024-k08-d180-bs60-f1.750-r00:018193.321: log(exp-norms): [1023.47, 1025.43, 1026.94]
exp009-n1024-k08-d180-bs60-f1.750-r00:018193.322: log(norms):     [1023.47, 1026.22, 1028.16, 1028.21, 1028.25, 1028.3, 1028.2, 1028.37, 1028.23, 1028.37]
exp009-n1024-k08-d180-bs60-f1.750-r00:018193.351: (873 sec)
exp009-n1024-k08-d180-bs60-f1.750-r00:018193.351: Loop 23/100
exp009-n1024-k08-d180-bs60-f1.750-r00:019070.798: log(exp-norms): [1023.47, 1025.43, 1026.94]
exp009-n1024-k08-d180-bs60-f1.750-r00:019070.799: log(norms):     [1023.47, 1026.22, 1028.16, 1028.21, 1028.25, 1028.3, 1028.2, 1028.41, 1028.49, 1028.37]
exp009-n1024-k08-d180-bs60-f1.750-r00:019070.827: (878 sec)
exp009-n1024-k08-d180-bs60-f1.750-r00:019070.828: Loop 24/100
exp009-n1024-k08-d180-bs60-f1.750-r00:019873.869: log(exp-norms): [1023.47, 1025.43, 1026.94]
exp009-n1024-k08-d180-bs60-f1.750-r00:019873.870: log(norms):     [1023.47, 1026.22, 1028.16, 1028.21, 1028.25, 1028.3, 1028.2, 1028.41, 1028.49, 1028.36]
exp009-n1024-k08-d180-bs60-f1.750-r00:019873.889: (804 sec)
exp009-n1024-k08-d180-bs60-f1.750-r00:019873.890: Loop 25/100
exp009-n1024-k08-d180-bs60-f1.750-r00:020696.600: log(exp-norms): [1023.47, 1025.43, 1026.94]
exp009-n1024-k08-d180-bs60-f1.750-r00:020696.600: log(norms):     [1023.47, 1026.22, 1028.16, 1028.21, 1028.25, 1028.3, 1028.2, 1028.41, 1028.49, 1028.36]
exp009-n1024-k08-d180-bs60-f1.750-r00:020696.620: (823 sec)
exp009-n1024-k08-d180-bs60-f1.750-r00:020696.620: Loop 26/100
exp009-n1024-k08-d180-bs60-f1.750-r00:021426.265: log(exp-norms): [1023.47, 1025.43, 1026.94]
exp009-n1024-k08-d180-bs60-f1.750-r00:021426.266: log(norms):     [1023.47, 1026.22, 1028.16, 1028.21, 1028.25, 1028.3, 1028.2, 1028.41, 1028.49, 1028.36]
exp009-n1024-k08-d180-bs60-f1.750-r00:021426.284: (730 sec)
exp009-n1024-k08-d180-bs60-f1.750-r00:021426.284: Loop 27/100
exp009-n1024-k08-d180-bs60-f1.750-r00:022127.981: log(exp-norms): [1023.47, 1025.43, 1026.94]
exp009-n1024-k08-d180-bs60-f1.750-r00:022127.981: log(norms):     [1023.47, 1026.22, 1028.16, 1028.21, 1028.25, 1028.3, 1028.2, 1028.41, 1028.49, 1028.49]
exp009-n1024-k08-d180-bs60-f1.750-r00:022127.999: (702 sec)
exp009-n1024-k08-d180-bs60-f1.750-r00:022128.000: Loop 28/100
exp009-n1024-k08-d180-bs60-f1.750-r00:022803.539: log(exp-norms): [1023.47, 1025.43, 1026.94]
exp009-n1024-k08-d180-bs60-f1.750-r00:022803.539: log(norms):     [1023.47, 1026.22, 1028.16, 1028.21, 1028.25, 1028.3, 1028.2, 1028.41, 1028.49, 1028.49]
exp009-n1024-k08-d180-bs60-f1.750-r00:022803.567: (676 sec)
exp009-n1024-k08-d180-bs60-f1.750-r00:022803.567: Loop 29/100
exp009-n1024-k08-d180-bs60-f1.750-r00:023574.142: log(exp-norms): [1023.47, 1025.43, 1026.94]
exp009-n1024-k08-d180-bs60-f1.750-r00:023574.143: log(norms):     [1023.47, 1026.22, 1028.16, 1028.21, 1028.25, 1028.3, 1028.2, 1028.41, 1028.49, 1028.49]
exp009-n1024-k08-d180-bs60-f1.750-r00:023574.162: (771 sec)
exp009-n1024-k08-d180-bs60-f1.750-r00:023574.162: Loop 30/100
exp009-n1024-k08-d180-bs60-f1.750-r00:024308.464: log(exp-norms): [1023.47, 1025.43, 1026.94]
exp009-n1024-k08-d180-bs60-f1.750-r00:024308.465: log(norms):     [1023.47, 1026.22, 1028.16, 1028.21, 1028.25, 1028.3, 1028.2, 1028.32, 1028.41, 1028.49]
exp009-n1024-k08-d180-bs60-f1.750-r00:024308.483: (735 sec)
exp009-n1024-k08-d180-bs60-f1.750-r00:024308.484: Loop 31/100
exp009-n1024-k08-d180-bs60-f1.750-r00:025052.250: log(exp-norms): [1023.47, 1025.43, 1026.94]
exp009-n1024-k08-d180-bs60-f1.750-r00:025052.250: log(norms):     [1023.47, 1026.22, 1028.16, 1028.21, 1028.25, 1028.3, 1028.2, 1028.32, 1028.41, 1028.49]
exp009-n1024-k08-d180-bs60-f1.750-r00:025052.269: (744 sec)
exp009-n1024-k08-d180-bs60-f1.750-r00:025052.269: Loop 32/100
exp009-n1024-k08-d180-bs60-f1.750-r00:025757.918: log(exp-norms): [1023.47, 1025.43, 1026.94]
exp009-n1024-k08-d180-bs60-f1.750-r00:025757.919: log(norms):     [1023.47, 1026.22, 1028.16, 1028.21, 1028.25, 1028.3, 1028.2, 1028.33, 1028.32, 1028.36]
exp009-n1024-k08-d180-bs60-f1.750-r00:025757.937: (706 sec)
exp009-n1024-k08-d180-bs60-f1.750-r00:025757.937: Loop 33/100
exp009-n1024-k08-d180-bs60-f1.750-r00:026452.725: log(exp-norms): [1023.47, 1025.43, 1026.94]
exp009-n1024-k08-d180-bs60-f1.750-r00:026452.726: log(norms):     [1023.47, 1026.22, 1028.16, 1028.21, 1028.25, 1028.3, 1028.2, 1028.33, 1028.32, 1028.36]
exp009-n1024-k08-d180-bs60-f1.750-r00:026452.745: (695 sec)
exp009-n1024-k08-d180-bs60-f1.750-r00:026452.746: Loop 34/100
exp009-n1024-k08-d180-bs60-f1.750-r00:027114.100: log(exp-norms): [1023.47, 1025.43, 1026.94]
exp009-n1024-k08-d180-bs60-f1.750-r00:027114.101: log(norms):     [1023.47, 1026.22, 1028.16, 1028.21, 1028.25, 1028.3, 1028.2, 1028.33, 1028.32, 1028.36]
exp009-n1024-k08-d180-bs60-f1.750-r00:027114.120: (662 sec)
exp009-n1024-k08-d180-bs60-f1.750-r00:027114.121: Loop 35/100
exp009-n1024-k08-d180-bs60-f1.750-r00:027773.750: log(exp-norms): [1023.47, 1025.43, 1026.94]
exp009-n1024-k08-d180-bs60-f1.750-r00:027773.751: log(norms):     [1023.47, 1026.22, 1028.16, 1028.21, 1028.25, 1028.3, 1028.2, 1028.33, 1028.32, 1028.36]
exp009-n1024-k08-d180-bs60-f1.750-r00:027773.769: (660 sec)
exp009-n1024-k08-d180-bs60-f1.750-r00:027773.770: Loop 36/100
exp009-n1024-k08-d180-bs60-f1.750-r00:028378.593: log(exp-norms): [1023.47, 1025.43, 1026.94]
exp009-n1024-k08-d180-bs60-f1.750-r00:028378.594: log(norms):     [1023.47, 1026.22, 1028.16, 1028.21, 1028.25, 1028.3, 1028.2, 1028.33, 1028.32, 1028.36]
exp009-n1024-k08-d180-bs60-f1.750-r00:028378.612: (605 sec)
exp009-n1024-k08-d180-bs60-f1.750-r00:028378.612: Loop 37/100
exp009-n1024-k08-d180-bs60-f1.750-r00:029010.286: log(exp-norms): [1023.47, 1025.43, 1026.94]
exp009-n1024-k08-d180-bs60-f1.750-r00:029010.287: log(norms):     [1023.47, 1026.22, 1028.16, 1028.21, 1028.25, 1028.3, 1028.2, 1028.33, 1028.32, 1028.36]
exp009-n1024-k08-d180-bs60-f1.750-r00:029010.305: (632 sec)
exp009-n1024-k08-d180-bs60-f1.750-r00:029010.305: Loop 38/100
exp009-n1024-k08-d180-bs60-f1.750-r00:029642.156: log(exp-norms): [1023.47, 1025.43, 1026.94]
exp009-n1024-k08-d180-bs60-f1.750-r00:029642.156: log(norms):     [1023.47, 1026.22, 1028.16, 1028.21, 1028.25, 1028.3, 1028.2, 1028.33, 1028.32, 1028.36]
exp009-n1024-k08-d180-bs60-f1.750-r00:029642.175: (632 sec)
exp009-n1024-k08-d180-bs60-f1.750-r00:029642.175: Loop 39/100
exp009-n1024-k08-d180-bs60-f1.750-r00:030307.325: log(exp-norms): [1023.47, 1025.43, 1026.94]
exp009-n1024-k08-d180-bs60-f1.750-r00:030307.327: log(norms):     [1023.47, 1026.22, 1028.16, 1028.21, 1028.25, 1028.25, 1028.23, 1028.3, 1028.2, 1028.45]
exp009-n1024-k08-d180-bs60-f1.750-r00:030307.345: (666 sec)
exp009-n1024-k08-d180-bs60-f1.750-r00:030307.345: Loop 40/100
exp009-n1024-k08-d180-bs60-f1.750-r00:030973.767: log(exp-norms): [1023.47, 1025.43, 1026.94]
exp009-n1024-k08-d180-bs60-f1.750-r00:030973.768: log(norms):     [1023.47, 1026.22, 1028.16, 1028.21, 1028.25, 1028.25, 1028.26, 1028.4, 1028.45, 1028.3]
exp009-n1024-k08-d180-bs60-f1.750-r00:030973.784: (667 sec)
exp009-n1024-k08-d180-bs60-f1.750-r00:030973.785: Loop 41/100
exp009-n1024-k08-d180-bs60-f1.750-r00:031652.953: log(exp-norms): [1023.47, 1025.43, 1026.94]
exp009-n1024-k08-d180-bs60-f1.750-r00:031652.954: log(norms):     [1023.47, 1026.22, 1028.16, 1028.21, 1028.25, 1028.25, 1028.26, 1028.4, 1028.45, 1028.3]
exp009-n1024-k08-d180-bs60-f1.750-r00:031652.972: (680 sec)
exp009-n1024-k08-d180-bs60-f1.750-r00:031652.973: Loop 42/100
exp009-n1024-k08-d180-bs60-f1.750-r00:032336.973: log(exp-norms): [1023.47, 1025.43, 1026.94]
exp009-n1024-k08-d180-bs60-f1.750-r00:032336.974: log(norms):     [1023.47, 1026.22, 1028.16, 1028.21, 1028.25, 1028.25, 1028.26, 1028.4, 1028.41, 1028.45]
exp009-n1024-k08-d180-bs60-f1.750-r00:032336.992: (685 sec)
exp009-n1024-k08-d180-bs60-f1.750-r00:032336.992: Loop 43/100
exp009-n1024-k08-d180-bs60-f1.750-r00:032995.859: log(exp-norms): [1023.47, 1025.43, 1026.94]
exp009-n1024-k08-d180-bs60-f1.750-r00:032995.860: log(norms):     [1023.47, 1026.22, 1028.16, 1028.21, 1028.25, 1028.25, 1028.26, 1028.4, 1028.41, 1028.45]
exp009-n1024-k08-d180-bs60-f1.750-r00:032995.882: (659 sec)
exp009-n1024-k08-d180-bs60-f1.750-r00:032995.883: Loop 44/100
exp009-n1024-k08-d180-bs60-f1.750-r00:033674.100: log(exp-norms): [1023.47, 1025.43, 1026.94]
exp009-n1024-k08-d180-bs60-f1.750-r00:033674.100: log(norms):     [1023.47, 1026.22, 1028.16, 1028.21, 1028.25, 1028.25, 1028.26, 1028.4, 1028.41, 1028.45]
exp009-n1024-k08-d180-bs60-f1.750-r00:033674.118: (679 sec)
exp009-n1024-k08-d180-bs60-f1.750-r00:033674.119: Loop 45/100
exp009-n1024-k08-d180-bs60-f1.750-r00:034342.472: log(exp-norms): [1023.47, 1025.43, 1026.94]
exp009-n1024-k08-d180-bs60-f1.750-r00:034342.473: log(norms):     [1023.47, 1026.22, 1028.11, 1028.16, 1028.21, 1028.25, 1028.38, 1028.42, 1028.36, 1028.43]
exp009-n1024-k08-d180-bs60-f1.750-r00:034342.491: (669 sec)
exp009-n1024-k08-d180-bs60-f1.750-r00:034342.491: Loop 46/100
exp009-n1024-k08-d180-bs60-f1.750-r00:035024.194: log(exp-norms): [1023.47, 1025.43, 1026.94]
exp009-n1024-k08-d180-bs60-f1.750-r00:035024.195: log(norms):     [1023.47, 1026.22, 1028.11, 1028.16, 1028.21, 1028.25, 1028.38, 1028.42, 1028.36, 1028.26]
exp009-n1024-k08-d180-bs60-f1.750-r00:035024.213: (682 sec)
exp009-n1024-k08-d180-bs60-f1.750-r00:035024.213: Loop 47/100
exp009-n1024-k08-d180-bs60-f1.750-r00:035685.922: log(exp-norms): [1023.47, 1025.43, 1026.94]
exp009-n1024-k08-d180-bs60-f1.750-r00:035685.922: log(norms):     [1023.47, 1026.22, 1028.11, 1028.16, 1028.21, 1028.25, 1028.38, 1028.48, 1028.26, 1028.42]
exp009-n1024-k08-d180-bs60-f1.750-r00:035685.941: (662 sec)
exp009-n1024-k08-d180-bs60-f1.750-r00:035685.941: Loop 48/100
exp009-n1024-k08-d180-bs60-f1.750-r00:036362.175: log(exp-norms): [1023.47, 1025.43, 1026.94]
exp009-n1024-k08-d180-bs60-f1.750-r00:036362.175: log(norms):     [1023.47, 1026.22, 1028.11, 1028.16, 1028.21, 1028.25, 1028.38, 1028.39, 1028.42, 1028.4]
exp009-n1024-k08-d180-bs60-f1.750-r00:036362.194: (677 sec)
exp009-n1024-k08-d180-bs60-f1.750-r00:036362.194: Loop 49/100
exp009-n1024-k08-d180-bs60-f1.750-r00:037037.473: log(exp-norms): [1023.47, 1025.43, 1026.94]
exp009-n1024-k08-d180-bs60-f1.750-r00:037037.473: log(norms):     [1023.47, 1026.22, 1028.11, 1028.16, 1028.21, 1028.25, 1028.38, 1028.39, 1028.42, 1028.4]
exp009-n1024-k08-d180-bs60-f1.750-r00:037037.491: (676 sec)
exp009-n1024-k08-d180-bs60-f1.750-r00:037037.492: Loop 50/100
exp009-n1024-k08-d180-bs60-f1.750-r00:037694.121: log(exp-norms): [1023.47, 1025.43, 1026.94]
exp009-n1024-k08-d180-bs60-f1.750-r00:037694.122: log(norms):     [1023.47, 1026.22, 1028.11, 1028.16, 1028.21, 1028.25, 1028.38, 1028.39, 1028.42, 1028.4]
exp009-n1024-k08-d180-bs60-f1.750-r00:037694.140: (657 sec)
exp009-n1024-k08-d180-bs60-f1.750-r00:037694.140: Loop 51/100
exp009-n1024-k08-d180-bs60-f1.750-r00:038377.182: log(exp-norms): [1023.47, 1025.43, 1026.94]
exp009-n1024-k08-d180-bs60-f1.750-r00:038377.183: log(norms):     [1023.47, 1026.22, 1028.11, 1028.16, 1028.21, 1028.15, 1028.22, 1028.25, 1028.38, 1028.39]
exp009-n1024-k08-d180-bs60-f1.750-r00:038377.201: (684 sec)
exp009-n1024-k08-d180-bs60-f1.750-r00:038377.201: Loop 52/100
exp009-n1024-k08-d180-bs60-f1.750-r00:039054.136: log(exp-norms): [1023.47, 1025.43, 1026.94]
exp009-n1024-k08-d180-bs60-f1.750-r00:039054.137: log(norms):     [1023.47, 1026.22, 1028.11, 1028.16, 1028.21, 1028.15, 1028.22, 1028.25, 1028.38, 1028.39]
exp009-n1024-k08-d180-bs60-f1.750-r00:039054.155: (677 sec)
exp009-n1024-k08-d180-bs60-f1.750-r00:039054.155: Loop 53/100
exp009-n1024-k08-d180-bs60-f1.750-r00:039729.836: log(exp-norms): [1023.47, 1025.43, 1026.94]
exp009-n1024-k08-d180-bs60-f1.750-r00:039729.837: log(norms):     [1023.47, 1026.22, 1028.11, 1028.16, 1028.21, 1028.15, 1028.22, 1028.25, 1028.38, 1028.39]
exp009-n1024-k08-d180-bs60-f1.750-r00:039729.855: (676 sec)
exp009-n1024-k08-d180-bs60-f1.750-r00:039729.855: Loop 54/100
exp009-n1024-k08-d180-bs60-f1.750-r00:040371.695: log(exp-norms): [1023.47, 1025.43, 1026.94]
exp009-n1024-k08-d180-bs60-f1.750-r00:040371.696: log(norms):     [1023.47, 1026.22, 1028.11, 1028.16, 1028.21, 1028.15, 1028.22, 1028.25, 1028.38, 1028.39]
exp009-n1024-k08-d180-bs60-f1.750-r00:040371.714: (642 sec)
exp009-n1024-k08-d180-bs60-f1.750-r00:040371.715: Loop 55/100
exp009-n1024-k08-d180-bs60-f1.750-r00:041037.808: log(exp-norms): [1023.47, 1025.43, 1026.94]
exp009-n1024-k08-d180-bs60-f1.750-r00:041037.808: log(norms):     [1023.47, 1026.22, 1028.1, 1028.11, 1028.16, 1028.21, 1028.15, 1028.22, 1028.45, 1028.25]
exp009-n1024-k08-d180-bs60-f1.750-r00:041037.826: (667 sec)
exp009-n1024-k08-d180-bs60-f1.750-r00:041037.827: Loop 56/100
exp009-n1024-k08-d180-bs60-f1.750-r00:041721.533: log(exp-norms): [1023.47, 1025.43, 1026.94]
exp009-n1024-k08-d180-bs60-f1.750-r00:041721.534: log(norms):     [1023.47, 1026.22, 1028.1, 1028.11, 1028.16, 1028.21, 1028.15, 1028.22, 1028.45, 1028.25]
exp009-n1024-k08-d180-bs60-f1.750-r00:041721.551: (684 sec)
exp009-n1024-k08-d180-bs60-f1.750-r00:041721.551: Loop 57/100
exp009-n1024-k08-d180-bs60-f1.750-r00:042399.163: log(exp-norms): [1023.47, 1025.43, 1026.94]
exp009-n1024-k08-d180-bs60-f1.750-r00:042399.163: log(norms):     [1023.47, 1026.22, 1028.1, 1028.11, 1028.16, 1028.21, 1028.15, 1028.3, 1028.44, 1028.46]
exp009-n1024-k08-d180-bs60-f1.750-r00:042399.182: (678 sec)
exp009-n1024-k08-d180-bs60-f1.750-r00:042399.182: Loop 58/100
exp009-n1024-k08-d180-bs60-f1.750-r00:043046.292: log(exp-norms): [1023.47, 1025.43, 1026.94]
exp009-n1024-k08-d180-bs60-f1.750-r00:043046.292: log(norms):     [1023.47, 1026.22, 1028.1, 1028.11, 1028.16, 1028.21, 1028.15, 1028.3, 1028.43, 1028.22]
exp009-n1024-k08-d180-bs60-f1.750-r00:043046.311: (648 sec)
exp009-n1024-k08-d180-bs60-f1.750-r00:043046.311: Loop 59/100
exp009-n1024-k08-d180-bs60-f1.750-r00:043727.783: log(exp-norms): [1023.47, 1025.43, 1026.94]
exp009-n1024-k08-d180-bs60-f1.750-r00:043727.784: log(norms):     [1023.47, 1026.22, 1028.1, 1028.11, 1028.16, 1028.21, 1028.15, 1028.3, 1028.43, 1028.5]
exp009-n1024-k08-d180-bs60-f1.750-r00:043727.802: (682 sec)
exp009-n1024-k08-d180-bs60-f1.750-r00:043727.803: Loop 60/100
exp009-n1024-k08-d180-bs60-f1.750-r00:044425.395: log(exp-norms): [1023.47, 1025.43, 1026.94]
exp009-n1024-k08-d180-bs60-f1.750-r00:044425.396: log(norms):     [1023.47, 1026.22, 1028.1, 1028.11, 1028.16, 1028.21, 1028.15, 1028.3, 1028.25, 1028.43]
exp009-n1024-k08-d180-bs60-f1.750-r00:044425.414: (698 sec)
exp009-n1024-k08-d180-bs60-f1.750-r00:044425.414: Loop 61/100
exp009-n1024-k08-d180-bs60-f1.750-r00:045098.798: log(exp-norms): [1023.47, 1025.43, 1026.94]
exp009-n1024-k08-d180-bs60-f1.750-r00:045098.799: log(norms):     [1023.47, 1026.22, 1028.1, 1028.11, 1028.16, 1028.25, 1028.21, 1028.15, 1028.3, 1028.43]
exp009-n1024-k08-d180-bs60-f1.750-r00:045098.817: (674 sec)
exp009-n1024-k08-d180-bs60-f1.750-r00:045098.818: Loop 62/100
exp009-n1024-k08-d180-bs60-f1.750-r00:045774.620: log(exp-norms): [1023.47, 1025.43, 1026.94]
exp009-n1024-k08-d180-bs60-f1.750-r00:045774.621: log(norms):     [1023.47, 1026.22, 1028.1, 1028.11, 1028.16, 1028.25, 1028.17, 1028.21, 1028.15, 1028.3]
exp009-n1024-k08-d180-bs60-f1.750-r00:045774.639: (676 sec)
exp009-n1024-k08-d180-bs60-f1.750-r00:045774.640: Loop 63/100
exp009-n1024-k08-d180-bs60-f1.750-r00:046456.248: log(exp-norms): [1023.47, 1025.43, 1026.94]
exp009-n1024-k08-d180-bs60-f1.750-r00:046456.249: log(norms):     [1023.47, 1026.22, 1028.1, 1028.11, 1028.16, 1028.25, 1028.17, 1028.21, 1028.2, 1028.49]
exp009-n1024-k08-d180-bs60-f1.750-r00:046456.267: (682 sec)
exp009-n1024-k08-d180-bs60-f1.750-r00:046456.267: Loop 64/100
exp009-n1024-k08-d180-bs60-f1.750-r00:047147.062: log(exp-norms): [1023.47, 1025.43, 1026.94]
exp009-n1024-k08-d180-bs60-f1.750-r00:047147.062: log(norms):     [1023.47, 1026.22, 1028.1, 1028.11, 1028.16, 1028.25, 1028.17, 1028.21, 1028.2, 1028.49]
exp009-n1024-k08-d180-bs60-f1.750-r00:047147.081: (691 sec)
exp009-n1024-k08-d180-bs60-f1.750-r00:047147.082: Loop 65/100
exp009-n1024-k08-d180-bs60-f1.750-r00:047822.908: log(exp-norms): [1023.47, 1025.43, 1026.94]
exp009-n1024-k08-d180-bs60-f1.750-r00:047822.908: log(norms):     [1023.47, 1026.22, 1028.1, 1028.11, 1028.16, 1028.25, 1028.17, 1028.3, 1028.21, 1028.1]
exp009-n1024-k08-d180-bs60-f1.750-r00:047822.927: (676 sec)
exp009-n1024-k08-d180-bs60-f1.750-r00:047822.927: Loop 66/100
exp009-n1024-k08-d180-bs60-f1.750-r00:048471.017: log(exp-norms): [1023.47, 1025.43, 1026.94]
exp009-n1024-k08-d180-bs60-f1.750-r00:048471.017: log(norms):     [1023.47, 1026.22, 1028.1, 1028.11, 1028.16, 1028.25, 1028.17, 1028.3, 1028.21, 1028.1]
exp009-n1024-k08-d180-bs60-f1.750-r00:048471.035: (649 sec)
exp009-n1024-k08-d180-bs60-f1.750-r00:048471.035: Loop 67/100
exp009-n1024-k08-d180-bs60-f1.750-r00:049136.412: log(exp-norms): [1023.47, 1025.43, 1026.94]
exp009-n1024-k08-d180-bs60-f1.750-r00:049136.413: log(norms):     [1023.47, 1026.22, 1028.1, 1028.11, 1028.16, 1028.25, 1028.17, 1028.3, 1028.21, 1028.37]
exp009-n1024-k08-d180-bs60-f1.750-r00:049136.431: (666 sec)
exp009-n1024-k08-d180-bs60-f1.750-r00:049136.431: Loop 68/100
exp009-n1024-k08-d180-bs60-f1.750-r00:049801.830: log(exp-norms): [1023.47, 1025.43, 1026.94]
exp009-n1024-k08-d180-bs60-f1.750-r00:049801.831: log(norms):     [1023.47, 1026.22, 1028.1, 1028.11, 1028.16, 1028.25, 1028.17, 1028.3, 1028.21, 1028.37]
exp009-n1024-k08-d180-bs60-f1.750-r00:049801.849: (666 sec)
exp009-n1024-k08-d180-bs60-f1.750-r00:049801.849: Loop 69/100
exp009-n1024-k08-d180-bs60-f1.750-r00:050455.972: log(exp-norms): [1023.47, 1025.43, 1026.94]
exp009-n1024-k08-d180-bs60-f1.750-r00:050455.973: log(norms):     [1023.47, 1026.22, 1028.1, 1028.11, 1028.16, 1028.25, 1028.17, 1028.3, 1028.21, 1028.37]
exp009-n1024-k08-d180-bs60-f1.750-r00:050455.991: (655 sec)
exp009-n1024-k08-d180-bs60-f1.750-r00:050455.991: Loop 70/100
exp009-n1024-k08-d180-bs60-f1.750-r00:051141.089: log(exp-norms): [1023.47, 1025.43, 1026.94]
exp009-n1024-k08-d180-bs60-f1.750-r00:051141.090: log(norms):     [1023.47, 1026.22, 1028.1, 1028.11, 1028.16, 1028.25, 1028.17, 1028.3, 1028.22, 1028.1]
exp009-n1024-k08-d180-bs60-f1.750-r00:051141.108: (686 sec)
exp009-n1024-k08-d180-bs60-f1.750-r00:051141.109: Loop 71/100
exp009-n1024-k08-d180-bs60-f1.750-r00:051842.034: log(exp-norms): [1023.47, 1025.43, 1026.94]
exp009-n1024-k08-d180-bs60-f1.750-r00:051842.035: log(norms):     [1023.47, 1026.22, 1028.1, 1028.11, 1028.16, 1028.25, 1028.26, 1028.17, 1028.3, 1028.22]
exp009-n1024-k08-d180-bs60-f1.750-r00:051842.053: (701 sec)
exp009-n1024-k08-d180-bs60-f1.750-r00:051842.054: Loop 72/100
exp009-n1024-k08-d180-bs60-f1.750-r00:052519.443: log(exp-norms): [1023.47, 1025.43, 1026.94]
exp009-n1024-k08-d180-bs60-f1.750-r00:052519.444: log(norms):     [1023.47, 1026.22, 1028.1, 1028.11, 1028.16, 1028.25, 1028.26, 1028.17, 1028.3, 1028.22]
exp009-n1024-k08-d180-bs60-f1.750-r00:052519.462: (678 sec)
exp009-n1024-k08-d180-bs60-f1.750-r00:052519.462: Loop 73/100
exp009-n1024-k08-d180-bs60-f1.750-r00:053213.587: log(exp-norms): [1023.47, 1025.43, 1026.94]
exp009-n1024-k08-d180-bs60-f1.750-r00:053213.588: log(norms):     [1023.47, 1026.22, 1028.1, 1028.11, 1028.16, 1028.25, 1028.26, 1028.17, 1028.3, 1028.22]
exp009-n1024-k08-d180-bs60-f1.750-r00:053213.607: (695 sec)
exp009-n1024-k08-d180-bs60-f1.750-r00:053213.608: Loop 74/100
exp009-n1024-k08-d180-bs60-f1.750-r00:053927.121: log(exp-norms): [1023.47, 1025.43, 1026.94]
exp009-n1024-k08-d180-bs60-f1.750-r00:053927.121: log(norms):     [1023.47, 1026.22, 1028.1, 1028.11, 1028.16, 1028.25, 1028.26, 1028.17, 1028.3, 1028.22]
exp009-n1024-k08-d180-bs60-f1.750-r00:053927.139: (714 sec)
exp009-n1024-k08-d180-bs60-f1.750-r00:053927.140: Loop 75/100
exp009-n1024-k08-d180-bs60-f1.750-r00:054587.577: log(exp-norms): [1023.47, 1025.43, 1026.94]
exp009-n1024-k08-d180-bs60-f1.750-r00:054587.577: log(norms):     [1023.47, 1026.22, 1028.1, 1028.11, 1028.16, 1028.25, 1028.26, 1028.17, 1028.3, 1028.22]
exp009-n1024-k08-d180-bs60-f1.750-r00:054587.596: (661 sec)
exp009-n1024-k08-d180-bs60-f1.750-r00:054587.596: Loop 76/100
exp009-n1024-k08-d180-bs60-f1.750-r00:055247.296: log(exp-norms): [1023.47, 1025.43, 1026.94]
exp009-n1024-k08-d180-bs60-f1.750-r00:055247.297: log(norms):     [1023.47, 1026.22, 1028.1, 1028.11, 1028.16, 1028.25, 1028.26, 1028.17, 1028.3, 1028.22]
exp009-n1024-k08-d180-bs60-f1.750-r00:055247.314: (660 sec)
exp009-n1024-k08-d180-bs60-f1.750-r00:055247.314: Loop 77/100
exp009-n1024-k08-d180-bs60-f1.750-r00:055962.116: log(exp-norms): [1023.47, 1025.43, 1026.94]
exp009-n1024-k08-d180-bs60-f1.750-r00:055962.117: log(norms):     [1023.47, 1026.22, 1028.1, 1028.11, 1028.16, 1028.25, 1028.26, 1028.17, 1028.3, 1028.22]
exp009-n1024-k08-d180-bs60-f1.750-r00:055962.135: (715 sec)
exp009-n1024-k08-d180-bs60-f1.750-r00:055962.135: Loop 78/100
exp009-n1024-k08-d180-bs60-f1.750-r00:056601.993: log(exp-norms): [1023.47, 1025.43, 1026.94]
exp009-n1024-k08-d180-bs60-f1.750-r00:056601.994: log(norms):     [1023.47, 1026.22, 1028.1, 1028.11, 1028.16, 1028.25, 1028.26, 1028.17, 1028.3, 1028.22]
exp009-n1024-k08-d180-bs60-f1.750-r00:056602.013: (640 sec)
exp009-n1024-k08-d180-bs60-f1.750-r00:056602.013: Loop 79/100
exp009-n1024-k08-d180-bs60-f1.750-r00:057255.698: log(exp-norms): [1023.47, 1025.43, 1026.94]
exp009-n1024-k08-d180-bs60-f1.750-r00:057255.698: log(norms):     [1023.47, 1026.22, 1028.1, 1028.11, 1028.16, 1028.25, 1028.26, 1028.17, 1028.3, 1028.22]
exp009-n1024-k08-d180-bs60-f1.750-r00:057255.717: (654 sec)
exp009-n1024-k08-d180-bs60-f1.750-r00:057255.717: Loop 80/100
exp009-n1024-k08-d180-bs60-f1.750-r00:057926.800: log(exp-norms): [1023.47, 1025.43, 1026.94]
exp009-n1024-k08-d180-bs60-f1.750-r00:057926.801: log(norms):     [1023.47, 1026.22, 1028.08, 1028.1, 1028.11, 1028.16, 1028.24, 1028.26, 1028.25, 1028.17]
exp009-n1024-k08-d180-bs60-f1.750-r00:057926.819: (672 sec)
exp009-n1024-k08-d180-bs60-f1.750-r00:057926.819: Loop 81/100
exp009-n1024-k08-d180-bs60-f1.750-r00:058609.132: log(exp-norms): [1023.47, 1025.43, 1026.94]
exp009-n1024-k08-d180-bs60-f1.750-r00:058609.133: log(norms):     [1023.47, 1026.22, 1028.08, 1028.1, 1028.11, 1028.16, 1028.24, 1028.26, 1028.25, 1028.35]
exp009-n1024-k08-d180-bs60-f1.750-r00:058609.151: (683 sec)
exp009-n1024-k08-d180-bs60-f1.750-r00:058609.151: Loop 82/100
exp009-n1024-k08-d180-bs60-f1.750-r00:059286.733: log(exp-norms): [1023.47, 1025.43, 1026.94]
exp009-n1024-k08-d180-bs60-f1.750-r00:059286.733: log(norms):     [1023.47, 1026.22, 1028.08, 1028.1, 1028.11, 1028.16, 1028.24, 1028.26, 1028.39, 1028.25]
exp009-n1024-k08-d180-bs60-f1.750-r00:059286.752: (678 sec)
exp009-n1024-k08-d180-bs60-f1.750-r00:059286.752: Loop 83/100
exp009-n1024-k08-d180-bs60-f1.750-r00:059945.259: log(exp-norms): [1023.47, 1025.43, 1026.94]
exp009-n1024-k08-d180-bs60-f1.750-r00:059945.260: log(norms):     [1023.47, 1026.22, 1028.08, 1028.1, 1028.11, 1028.16, 1028.24, 1028.26, 1028.39, 1028.25]
exp009-n1024-k08-d180-bs60-f1.750-r00:059945.278: (659 sec)
exp009-n1024-k08-d180-bs60-f1.750-r00:059945.278: Loop 84/100
exp009-n1024-k08-d180-bs60-f1.750-r00:060592.551: log(exp-norms): [1023.47, 1025.43, 1026.94]
exp009-n1024-k08-d180-bs60-f1.750-r00:060592.551: log(norms):     [1023.47, 1026.22, 1028.08, 1028.1, 1028.11, 1028.16, 1028.24, 1028.26, 1028.39, 1028.25]
exp009-n1024-k08-d180-bs60-f1.750-r00:060592.570: (648 sec)
exp009-n1024-k08-d180-bs60-f1.750-r00:060592.570: Loop 85/100
exp009-n1024-k08-d180-bs60-f1.750-r00:061268.018: log(exp-norms): [1023.47, 1025.43, 1026.94]
exp009-n1024-k08-d180-bs60-f1.750-r00:061268.018: log(norms):     [1023.47, 1026.22, 1028.08, 1028.1, 1028.11, 1028.16, 1028.24, 1028.26, 1028.39, 1028.25]
exp009-n1024-k08-d180-bs60-f1.750-r00:061268.046: (676 sec)
exp009-n1024-k08-d180-bs60-f1.750-r00:061268.047: Loop 86/100
exp009-n1024-k08-d180-bs60-f1.750-r00:061944.789: log(exp-norms): [1023.47, 1025.43, 1026.94]
exp009-n1024-k08-d180-bs60-f1.750-r00:061944.789: log(norms):     [1023.47, 1026.22, 1028.08, 1028.1, 1028.11, 1028.16, 1028.24, 1028.26, 1028.39, 1028.25]
exp009-n1024-k08-d180-bs60-f1.750-r00:061944.807: (677 sec)
exp009-n1024-k08-d180-bs60-f1.750-r00:061944.808: Loop 87/100
exp009-n1024-k08-d180-bs60-f1.750-r00:062635.391: log(exp-norms): [1023.47, 1025.43, 1026.94]
exp009-n1024-k08-d180-bs60-f1.750-r00:062635.392: log(norms):     [1023.47, 1026.22, 1028.08, 1028.1, 1028.11, 1028.16, 1028.24, 1028.26, 1028.39, 1028.25]
exp009-n1024-k08-d180-bs60-f1.750-r00:062635.410: (691 sec)
exp009-n1024-k08-d180-bs60-f1.750-r00:062635.411: Loop 88/100
exp009-n1024-k08-d180-bs60-f1.750-r00:063317.147: log(exp-norms): [1023.47, 1025.43, 1026.94]
exp009-n1024-k08-d180-bs60-f1.750-r00:063317.147: log(norms):     [1023.47, 1026.22, 1028.08, 1028.1, 1028.11, 1028.16, 1028.24, 1028.26, 1028.39, 1028.3]
exp009-n1024-k08-d180-bs60-f1.750-r00:063317.164: (682 sec)
exp009-n1024-k08-d180-bs60-f1.750-r00:063317.165: Loop 89/100
exp009-n1024-k08-d180-bs60-f1.750-r00:064035.423: log(exp-norms): [1023.47, 1025.43, 1026.94]
exp009-n1024-k08-d180-bs60-f1.750-r00:064035.424: log(norms):     [1023.47, 1026.22, 1028.08, 1028.1, 1028.21, 1028.24, 1028.11, 1028.3, 1028.16, 1028.26]
exp009-n1024-k08-d180-bs60-f1.750-r00:064035.442: (719 sec)
exp009-n1024-k08-d180-bs60-f1.750-r00:064035.442: Loop 90/100
exp009-n1024-k08-d180-bs60-f1.750-r00:064720.259: log(exp-norms): [1023.47, 1025.43, 1026.94]
exp009-n1024-k08-d180-bs60-f1.750-r00:064720.259: log(norms):     [1023.47, 1026.22, 1028.08, 1028.1, 1028.21, 1028.24, 1028.11, 1028.3, 1028.16, 1028.26]
exp009-n1024-k08-d180-bs60-f1.750-r00:064720.277: (685 sec)
exp009-n1024-k08-d180-bs60-f1.750-r00:064720.278: Loop 91/100
exp009-n1024-k08-d180-bs60-f1.750-r00:065423.702: log(exp-norms): [1023.47, 1025.43, 1026.94]
exp009-n1024-k08-d180-bs60-f1.750-r00:065423.703: log(norms):     [1023.47, 1026.22, 1028.08, 1028.1, 1028.21, 1028.24, 1028.11, 1028.3, 1028.16, 1028.26]
exp009-n1024-k08-d180-bs60-f1.750-r00:065423.722: (704 sec)
exp009-n1024-k08-d180-bs60-f1.750-r00:065423.722: Loop 92/100
exp009-n1024-k08-d180-bs60-f1.750-r00:066070.146: log(exp-norms): [1023.47, 1025.43, 1026.94]
exp009-n1024-k08-d180-bs60-f1.750-r00:066070.147: log(norms):     [1023.47, 1026.22, 1028.08, 1028.1, 1028.21, 1028.24, 1028.11, 1028.3, 1028.16, 1028.26]
exp009-n1024-k08-d180-bs60-f1.750-r00:066070.165: (647 sec)
exp009-n1024-k08-d180-bs60-f1.750-r00:066070.165: Loop 93/100
exp009-n1024-k08-d180-bs60-f1.750-r00:066739.376: log(exp-norms): [1023.47, 1025.43, 1026.94]
exp009-n1024-k08-d180-bs60-f1.750-r00:066739.377: log(norms):     [1023.47, 1026.22, 1028.08, 1028.1, 1028.21, 1028.24, 1028.11, 1028.3, 1028.16, 1028.26]
exp009-n1024-k08-d180-bs60-f1.750-r00:066739.395: (670 sec)
exp009-n1024-k08-d180-bs60-f1.750-r00:066739.396: Loop 94/100
exp009-n1024-k08-d180-bs60-f1.750-r00:067456.377: log(exp-norms): [1023.47, 1025.43, 1026.94]
exp009-n1024-k08-d180-bs60-f1.750-r00:067456.377: log(norms):     [1023.47, 1026.22, 1028.08, 1028.1, 1028.21, 1028.24, 1028.11, 1028.3, 1028.16, 1028.26]
exp009-n1024-k08-d180-bs60-f1.750-r00:067456.396: (717 sec)
exp009-n1024-k08-d180-bs60-f1.750-r00:067456.396: Loop 95/100
exp009-n1024-k08-d180-bs60-f1.750-r00:068167.148: log(exp-norms): [1023.47, 1025.43, 1026.94]
exp009-n1024-k08-d180-bs60-f1.750-r00:068167.149: log(norms):     [1023.47, 1026.22, 1028.08, 1028.1, 1028.21, 1028.24, 1028.11, 1028.3, 1028.16, 1028.25]
exp009-n1024-k08-d180-bs60-f1.750-r00:068167.166: (711 sec)
exp009-n1024-k08-d180-bs60-f1.750-r00:068167.167: Loop 96/100
exp009-n1024-k08-d180-bs60-f1.750-r00:068825.091: log(exp-norms): [1023.47, 1025.43, 1026.94]
exp009-n1024-k08-d180-bs60-f1.750-r00:068825.092: log(norms):     [1023.47, 1026.22, 1028.08, 1028.1, 1028.21, 1028.24, 1028.11, 1028.3, 1028.16, 1028.25]
exp009-n1024-k08-d180-bs60-f1.750-r00:068825.119: (658 sec)
exp009-n1024-k08-d180-bs60-f1.750-r00:068825.120: Loop 97/100
exp009-n1024-k08-d180-bs60-f1.750-r00:069518.097: log(exp-norms): [1023.47, 1025.43, 1026.94]
exp009-n1024-k08-d180-bs60-f1.750-r00:069518.097: log(norms):     [1023.47, 1026.22, 1028.08, 1028.1, 1028.21, 1028.24, 1028.11, 1028.3, 1028.16, 1028.25]
exp009-n1024-k08-d180-bs60-f1.750-r00:069518.116: (693 sec)
exp009-n1024-k08-d180-bs60-f1.750-r00:069518.116: Loop 98/100
exp009-n1024-k08-d180-bs60-f1.750-r00:070216.747: log(exp-norms): [1023.47, 1025.43, 1026.94]
exp009-n1024-k08-d180-bs60-f1.750-r00:070216.748: log(norms):     [1023.47, 1026.22, 1028.08, 1028.1, 1028.21, 1028.24, 1028.11, 1028.3, 1028.16, 1028.25]
exp009-n1024-k08-d180-bs60-f1.750-r00:070216.766: (699 sec)
exp009-n1024-k08-d180-bs60-f1.750-r00:070216.767: Loop 99/100
exp009-n1024-k08-d180-bs60-f1.750-r00:070902.022: log(exp-norms): [1023.47, 1025.43, 1026.94]
exp009-n1024-k08-d180-bs60-f1.750-r00:070902.023: log(norms):     [1023.47, 1026.22, 1028.08, 1028.1, 1028.21, 1028.24, 1028.11, 1028.3, 1028.16, 1028.25]
exp009-n1024-k08-d180-bs60-f1.750-r00:070902.041: (686 sec)
exp009-n1024-k08-d180-bs60-f1.750-r00:070902.042: Loop 100/100
exp009-n1024-k08-d180-bs60-f1.750-r00:071553.505: log(exp-norms): [1023.47, 1025.43, 1026.94]
exp009-n1024-k08-d180-bs60-f1.750-r00:071553.506: log(norms):     [1023.47, 1026.22, 1028.08, 1028.1, 1028.21, 1028.24, 1028.11, 1028.3, 1028.16, 1028.25]
exp009-n1024-k08-d180-bs60-f1.750-r00:071553.522: (652 sec)
exp009-n1024-k08-d180-bs60-f1.750-r00:071553.523: ==========================Summary===========================
exp009-n1024-k08-d180-bs60-f1.750-r00:071553.523: Total time: 71554sec
exp009-n1024-k08-d180-bs60-f1.750-r00:071553.523: FAIL
exp009-n1024-k08-d180-bs60-f1.750-r00:071553.523: SUMMARY:n:1024:k:8:d:180:bs:60:t:71554:r:False
