exp021-n1024-k08-d180-bs60-f1.732-r04:000000.201: ==========================Instance==========================
exp021-n1024-k08-d180-bs60-f1.732-r04:000000.201: # of equations: 180
exp021-n1024-k08-d180-bs60-f1.732-r04:000000.203: Gap: 2.84
exp021-n1024-k08-d180-bs60-f1.732-r04:000000.207: Tau: 2.47
exp021-n1024-k08-d180-bs60-f1.732-r04:000000.208: ======================BKZ-60 reduction======================
exp021-n1024-k08-d180-bs60-f1.732-r04:000004.711: Expectedly achievable log(norm): 1028.22
exp021-n1024-k08-d180-bs60-f1.732-r04:000009.630: log(exp-norms): [1023.47, 1025.43, 1026.94]
exp021-n1024-k08-d180-bs60-f1.732-r04:000009.630: log(norms):     [1033.92, 1026.22, 1030.94, 1030.94, 1030.94, 1030.94, 1030.94, 1030.94, 1030.94, 1030.94]
exp021-n1024-k08-d180-bs60-f1.732-r04:000009.761: Loop 1/100
exp021-n1024-k08-d180-bs60-f1.732-r04:001386.059: log(exp-norms): [1023.47, 1025.43, 1026.94]
exp021-n1024-k08-d180-bs60-f1.732-r04:001386.059: log(norms):     [1026.22, 1029.97, 1029.98, 1030.01, 1030.06, 1030.04, 1030.08, 1029.93, 1030.04, 1030.19]
exp021-n1024-k08-d180-bs60-f1.732-r04:001386.079: (1377 sec)
exp021-n1024-k08-d180-bs60-f1.732-r04:001386.079: Loop 2/100
exp021-n1024-k08-d180-bs60-f1.732-r04:002440.969: log(exp-norms): [1023.47, 1025.43, 1026.94]
exp021-n1024-k08-d180-bs60-f1.732-r04:002440.970: log(norms):     [1023.47, 1026.22, 1029.35, 1029.37, 1029.47, 1029.46, 1029.48, 1029.5, 1029.48, 1029.53]
exp021-n1024-k08-d180-bs60-f1.732-r04:002441.001: (1055 sec)
exp021-n1024-k08-d180-bs60-f1.732-r04:002441.002: Loop 3/100
exp021-n1024-k08-d180-bs60-f1.732-r04:003443.277: log(exp-norms): [1023.47, 1025.43, 1026.94]
exp021-n1024-k08-d180-bs60-f1.732-r04:003443.278: log(norms):     [1023.47, 1026.22, 1028.94, 1028.96, 1029.0, 1029.04, 1029.07, 1029.12, 1029.03, 1029.11]
exp021-n1024-k08-d180-bs60-f1.732-r04:003443.297: (1003 sec)
exp021-n1024-k08-d180-bs60-f1.732-r04:003443.298: Loop 4/100
exp021-n1024-k08-d180-bs60-f1.732-r04:004337.937: log(exp-norms): [1023.47, 1025.43, 1026.94]
exp021-n1024-k08-d180-bs60-f1.732-r04:004337.937: log(norms):     [1023.47, 1026.22, 1028.72, 1028.73, 1028.81, 1028.78, 1028.73, 1028.71, 1028.83, 1028.63]
exp021-n1024-k08-d180-bs60-f1.732-r04:004337.956: (895 sec)
exp021-n1024-k08-d180-bs60-f1.732-r04:004337.956: Loop 5/100
exp021-n1024-k08-d180-bs60-f1.732-r04:005168.940: log(exp-norms): [1023.47, 1025.43, 1026.94]
exp021-n1024-k08-d180-bs60-f1.732-r04:005168.941: log(norms):     [1023.47, 1026.22, 1028.48, 1028.5, 1028.51, 1028.72, 1028.49, 1028.49, 1028.72, 1028.62]
exp021-n1024-k08-d180-bs60-f1.732-r04:005168.976: (832 sec)
exp021-n1024-k08-d180-bs60-f1.732-r04:005168.977: Loop 6/100
exp021-n1024-k08-d180-bs60-f1.732-r04:005913.040: log(exp-norms): [1023.47, 1025.43, 1026.94]
exp021-n1024-k08-d180-bs60-f1.732-r04:005913.041: log(norms):     [1023.47, 1026.22, 1028.43, 1028.43, 1028.58, 1028.49, 1028.5, 1028.58, 1028.45, 1028.57]
exp021-n1024-k08-d180-bs60-f1.732-r04:005913.060: (745 sec)
exp021-n1024-k08-d180-bs60-f1.732-r04:005913.061: Loop 7/100
exp021-n1024-k08-d180-bs60-f1.732-r04:006599.603: log(exp-norms): [1023.47, 1025.43, 1026.94]
exp021-n1024-k08-d180-bs60-f1.732-r04:006599.604: log(norms):     [1023.47, 1026.22, 1028.32, 1028.42, 1028.36, 1028.42, 1028.48, 1028.36, 1028.44, 1028.54]
exp021-n1024-k08-d180-bs60-f1.732-r04:006599.622: (687 sec)
exp021-n1024-k08-d180-bs60-f1.732-r04:006599.622: Loop 8/100
exp021-n1024-k08-d180-bs60-f1.732-r04:007277.050: log(exp-norms): [1023.47, 1025.43, 1026.94]
exp021-n1024-k08-d180-bs60-f1.732-r04:007277.050: log(norms):     [1023.47, 1026.22, 1028.3, 1028.3, 1028.48, 1028.35, 1028.46, 1028.55, 1028.45, 1028.56]
exp021-n1024-k08-d180-bs60-f1.732-r04:007277.068: (678 sec)
exp021-n1024-k08-d180-bs60-f1.732-r04:007277.069: Loop 9/100
exp021-n1024-k08-d180-bs60-f1.732-r04:007902.253: log(exp-norms): [1023.47, 1025.43, 1026.94]
exp021-n1024-k08-d180-bs60-f1.732-r04:007902.254: log(norms):     [1023.47, 1026.22, 1028.3, 1028.33, 1028.3, 1028.48, 1028.48, 1028.42, 1028.43, 1028.47]
exp021-n1024-k08-d180-bs60-f1.732-r04:007902.272: (626 sec)
exp021-n1024-k08-d180-bs60-f1.732-r04:007902.272: Loop 10/100
exp021-n1024-k08-d180-bs60-f1.732-r04:008547.983: log(exp-norms): [1023.47, 1025.43, 1026.94]
exp021-n1024-k08-d180-bs60-f1.732-r04:008547.983: log(norms):     [1023.47, 1026.22, 1028.24, 1028.27, 1028.3, 1028.31, 1028.39, 1028.36, 1028.51, 1028.51]
exp021-n1024-k08-d180-bs60-f1.732-r04:008548.001: (646 sec)
exp021-n1024-k08-d180-bs60-f1.732-r04:008548.002: Loop 11/100
exp021-n1024-k08-d180-bs60-f1.732-r04:009211.892: log(exp-norms): [1023.47, 1025.43, 1026.94]
exp021-n1024-k08-d180-bs60-f1.732-r04:009211.892: log(norms):     [1023.47, 1026.22, 1028.24, 1028.27, 1028.33, 1028.27, 1028.35, 1028.4, 1028.51, 1028.4]
exp021-n1024-k08-d180-bs60-f1.732-r04:009211.910: (664 sec)
exp021-n1024-k08-d180-bs60-f1.732-r04:009211.910: Loop 12/100
exp021-n1024-k08-d180-bs60-f1.732-r04:009861.649: log(exp-norms): [1023.47, 1025.43, 1026.94]
exp021-n1024-k08-d180-bs60-f1.732-r04:009861.650: log(norms):     [1023.47, 1026.22, 1028.24, 1028.27, 1028.38, 1028.33, 1028.44, 1028.5, 1028.35, 1028.4]
exp021-n1024-k08-d180-bs60-f1.732-r04:009861.667: (650 sec)
exp021-n1024-k08-d180-bs60-f1.732-r04:009861.668: Loop 13/100
exp021-n1024-k08-d180-bs60-f1.732-r04:010525.519: log(exp-norms): [1023.47, 1025.43, 1026.94]
exp021-n1024-k08-d180-bs60-f1.732-r04:010525.520: log(norms):     [1023.47, 1026.22, 1028.24, 1028.27, 1028.38, 1028.37, 1028.37, 1028.35, 1028.24, 1028.3]
exp021-n1024-k08-d180-bs60-f1.732-r04:010525.538: (664 sec)
exp021-n1024-k08-d180-bs60-f1.732-r04:010525.538: Loop 14/100
exp021-n1024-k08-d180-bs60-f1.732-r04:011162.433: log(exp-norms): [1023.47, 1025.43, 1026.94]
exp021-n1024-k08-d180-bs60-f1.732-r04:011162.433: log(norms):     [1023.47, 1026.22, 1028.24, 1028.24, 1028.27, 1028.38, 1028.26, 1028.37, 1028.46, 1028.41]
exp021-n1024-k08-d180-bs60-f1.732-r04:011162.451: (637 sec)
exp021-n1024-k08-d180-bs60-f1.732-r04:011162.451: Loop 15/100
exp021-n1024-k08-d180-bs60-f1.732-r04:012010.340: log(exp-norms): [1023.47, 1025.43, 1026.94]
exp021-n1024-k08-d180-bs60-f1.732-r04:012010.341: log(norms):     [1023.47, 1026.22, 1028.24, 1028.24, 1028.27, 1028.38, 1028.26, 1028.26, 1028.41, 1028.3]
exp021-n1024-k08-d180-bs60-f1.732-r04:012010.371: (848 sec)
exp021-n1024-k08-d180-bs60-f1.732-r04:012010.371: Loop 16/100
exp021-n1024-k08-d180-bs60-f1.732-r04:013011.837: log(exp-norms): [1023.47, 1025.43, 1026.94]
exp021-n1024-k08-d180-bs60-f1.732-r04:013011.838: log(norms):     [1023.47, 1026.22, 1028.21, 1028.3, 1028.24, 1028.24, 1028.47, 1028.38, 1028.38, 1028.27]
exp021-n1024-k08-d180-bs60-f1.732-r04:013011.857: (1002 sec)
exp021-n1024-k08-d180-bs60-f1.732-r04:013011.857: Loop 17/100
exp021-n1024-k08-d180-bs60-f1.732-r04:014010.482: log(exp-norms): [1023.47, 1025.43, 1026.94]
exp021-n1024-k08-d180-bs60-f1.732-r04:014010.483: log(norms):     [1023.47, 1026.22, 1028.21, 1028.26, 1028.31, 1028.31, 1028.59, 1028.37, 1028.36, 1028.34]
exp021-n1024-k08-d180-bs60-f1.732-r04:014010.513: (999 sec)
exp021-n1024-k08-d180-bs60-f1.732-r04:014010.514: Loop 18/100
exp021-n1024-k08-d180-bs60-f1.732-r04:015034.668: log(exp-norms): [1023.47, 1025.43, 1026.94]
exp021-n1024-k08-d180-bs60-f1.732-r04:015034.668: log(norms):     [1023.47, 1026.22, 1028.21, 1028.26, 1028.31, 1028.31, 1028.59, 1028.38, 1028.43, 1028.51]
exp021-n1024-k08-d180-bs60-f1.732-r04:015034.699: (1025 sec)
exp021-n1024-k08-d180-bs60-f1.732-r04:015034.700: Loop 19/100
exp021-n1024-k08-d180-bs60-f1.732-r04:016009.489: log(exp-norms): [1023.47, 1025.43, 1026.94]
exp021-n1024-k08-d180-bs60-f1.732-r04:016009.490: log(norms):     [1023.47, 1026.22, 1028.21, 1028.26, 1028.31, 1028.36, 1028.33, 1028.41, 1028.39, 1028.47]
exp021-n1024-k08-d180-bs60-f1.732-r04:016009.520: (975 sec)
exp021-n1024-k08-d180-bs60-f1.732-r04:016009.520: Loop 20/100
exp021-n1024-k08-d180-bs60-f1.732-r04:017051.402: log(exp-norms): [1023.47, 1025.43, 1026.94]
exp021-n1024-k08-d180-bs60-f1.732-r04:017051.403: log(norms):     [1023.47, 1026.22, 1028.21, 1028.26, 1028.31, 1028.36, 1028.33, 1028.41, 1028.32, 1028.35]
exp021-n1024-k08-d180-bs60-f1.732-r04:017051.422: (1042 sec)
exp021-n1024-k08-d180-bs60-f1.732-r04:017051.422: Loop 21/100
exp021-n1024-k08-d180-bs60-f1.732-r04:018047.501: log(exp-norms): [1023.47, 1025.43, 1026.94]
exp021-n1024-k08-d180-bs60-f1.732-r04:018047.502: log(norms):     [1023.47, 1026.22, 1028.21, 1028.26, 1028.31, 1028.31, 1028.36, 1028.33, 1028.32, 1028.38]
exp021-n1024-k08-d180-bs60-f1.732-r04:018047.533: (997 sec)
exp021-n1024-k08-d180-bs60-f1.732-r04:018047.534: Loop 22/100
exp021-n1024-k08-d180-bs60-f1.732-r04:018991.999: log(exp-norms): [1023.47, 1025.43, 1026.94]
exp021-n1024-k08-d180-bs60-f1.732-r04:018992.000: log(norms):     [1023.47, 1026.22, 1028.21, 1028.26, 1028.31, 1028.31, 1028.36, 1028.33, 1028.19, 1028.32]
exp021-n1024-k08-d180-bs60-f1.732-r04:018992.030: (945 sec)
exp021-n1024-k08-d180-bs60-f1.732-r04:018992.031: Loop 23/100
exp021-n1024-k08-d180-bs60-f1.732-r04:019938.175: log(exp-norms): [1023.47, 1025.43, 1026.94]
exp021-n1024-k08-d180-bs60-f1.732-r04:019938.175: log(norms):     [1023.47, 1026.22, 1028.19, 1028.21, 1028.26, 1028.31, 1028.33, 1028.36, 1028.39, 1028.47]
exp021-n1024-k08-d180-bs60-f1.732-r04:019938.206: (947 sec)
exp021-n1024-k08-d180-bs60-f1.732-r04:019938.206: Loop 24/100
exp021-n1024-k08-d180-bs60-f1.732-r04:020840.520: log(exp-norms): [1023.47, 1025.43, 1026.94]
exp021-n1024-k08-d180-bs60-f1.732-r04:020840.521: log(norms):     [1023.47, 1026.22, 1028.19, 1028.21, 1028.36, 1028.26, 1028.33, 1028.31, 1028.47, 1028.36]
exp021-n1024-k08-d180-bs60-f1.732-r04:020840.549: (903 sec)
exp021-n1024-k08-d180-bs60-f1.732-r04:020840.550: Loop 25/100
exp021-n1024-k08-d180-bs60-f1.732-r04:021705.065: log(exp-norms): [1023.47, 1025.43, 1026.94]
exp021-n1024-k08-d180-bs60-f1.732-r04:021705.066: log(norms):     [1023.47, 1026.22, 1028.19, 1028.21, 1028.36, 1028.26, 1028.33, 1028.31, 1028.47, 1028.36]
exp021-n1024-k08-d180-bs60-f1.732-r04:021705.086: (865 sec)
exp021-n1024-k08-d180-bs60-f1.732-r04:021705.086: Loop 26/100
exp021-n1024-k08-d180-bs60-f1.732-r04:022438.149: log(exp-norms): [1023.47, 1025.43, 1026.94]
exp021-n1024-k08-d180-bs60-f1.732-r04:022438.150: log(norms):     [1023.47, 1026.22, 1028.19, 1028.21, 1028.36, 1028.26, 1028.33, 1028.31, 1028.47, 1028.36]
exp021-n1024-k08-d180-bs60-f1.732-r04:022438.168: (734 sec)
exp021-n1024-k08-d180-bs60-f1.732-r04:022438.168: Loop 27/100
exp021-n1024-k08-d180-bs60-f1.732-r04:023098.795: log(exp-norms): [1023.47, 1025.43, 1026.94]
exp021-n1024-k08-d180-bs60-f1.732-r04:023098.795: log(norms):     [1023.47, 1026.22, 1028.19, 1028.3, 1028.29, 1028.33, 1028.21, 1028.47, 1028.33, 1028.26]
exp021-n1024-k08-d180-bs60-f1.732-r04:023098.813: (661 sec)
exp021-n1024-k08-d180-bs60-f1.732-r04:023098.814: Loop 28/100
exp021-n1024-k08-d180-bs60-f1.732-r04:023956.723: log(exp-norms): [1023.47, 1025.43, 1026.94]
exp021-n1024-k08-d180-bs60-f1.732-r04:023956.724: log(norms):     [1023.47, 1026.22, 1028.19, 1028.3, 1028.29, 1028.33, 1028.21, 1028.47, 1028.33, 1028.26]
exp021-n1024-k08-d180-bs60-f1.732-r04:023956.742: (858 sec)
exp021-n1024-k08-d180-bs60-f1.732-r04:023956.743: Loop 29/100
exp021-n1024-k08-d180-bs60-f1.732-r04:024662.275: log(exp-norms): [1023.47, 1025.43, 1026.94]
exp021-n1024-k08-d180-bs60-f1.732-r04:024662.276: log(norms):     [1023.47, 1026.22, 1028.16, 1028.19, 1028.3, 1028.29, 1028.33, 1028.21, 1028.47, 1028.47]
exp021-n1024-k08-d180-bs60-f1.732-r04:024662.294: (706 sec)
exp021-n1024-k08-d180-bs60-f1.732-r04:024662.294: Loop 30/100
exp021-n1024-k08-d180-bs60-f1.732-r04:025305.225: log(exp-norms): [1023.47, 1025.43, 1026.94]
exp021-n1024-k08-d180-bs60-f1.732-r04:025305.226: log(norms):     [1023.47, 1026.22, 1028.16, 1028.19, 1028.3, 1028.41, 1028.29, 1028.34, 1028.33, 1028.21]
exp021-n1024-k08-d180-bs60-f1.732-r04:025305.245: (643 sec)
exp021-n1024-k08-d180-bs60-f1.732-r04:025305.245: Loop 31/100
exp021-n1024-k08-d180-bs60-f1.732-r04:025951.544: log(exp-norms): [1023.47, 1025.43, 1026.94]
exp021-n1024-k08-d180-bs60-f1.732-r04:025951.545: log(norms):     [1023.47, 1026.22, 1028.16, 1028.19, 1028.3, 1028.41, 1028.24, 1028.27, 1028.47, 1028.21]
exp021-n1024-k08-d180-bs60-f1.732-r04:025951.564: (647 sec)
exp021-n1024-k08-d180-bs60-f1.732-r04:025951.564: Loop 32/100
exp021-n1024-k08-d180-bs60-f1.732-r04:026620.645: log(exp-norms): [1023.47, 1025.43, 1026.94]
exp021-n1024-k08-d180-bs60-f1.732-r04:026620.645: log(norms):     [1023.47, 1026.22, 1028.16, 1028.19, 1028.3, 1028.41, 1028.33, 1028.28, 1028.27, 1028.21]
exp021-n1024-k08-d180-bs60-f1.732-r04:026620.664: (670 sec)
exp021-n1024-k08-d180-bs60-f1.732-r04:026620.664: Loop 33/100
exp021-n1024-k08-d180-bs60-f1.732-r04:027280.814: log(exp-norms): [1023.47, 1025.43, 1026.94]
exp021-n1024-k08-d180-bs60-f1.732-r04:027280.814: log(norms):     [1023.47, 1026.22, 1028.16, 1028.19, 1028.3, 1028.41, 1028.33, 1028.28, 1028.27, 1028.21]
exp021-n1024-k08-d180-bs60-f1.732-r04:027280.832: (661 sec)
exp021-n1024-k08-d180-bs60-f1.732-r04:027280.833: Loop 34/100
exp021-n1024-k08-d180-bs60-f1.732-r04:027924.269: log(exp-norms): [1023.47, 1025.43, 1026.94]
exp021-n1024-k08-d180-bs60-f1.732-r04:027924.269: log(norms):     [1023.47, 1026.22, 1028.16, 1028.19, 1028.3, 1028.41, 1028.33, 1028.28, 1028.27, 1028.21]
exp021-n1024-k08-d180-bs60-f1.732-r04:027924.287: (644 sec)
exp021-n1024-k08-d180-bs60-f1.732-r04:027924.288: Loop 35/100
exp021-n1024-k08-d180-bs60-f1.732-r04:028587.159: log(exp-norms): [1023.47, 1025.43, 1026.94]
exp021-n1024-k08-d180-bs60-f1.732-r04:028587.159: log(norms):     [1023.47, 1026.22, 1028.16, 1028.18, 1028.19, 1028.3, 1028.41, 1028.33, 1028.28, 1028.43]
exp021-n1024-k08-d180-bs60-f1.732-r04:028587.180: (663 sec)
exp021-n1024-k08-d180-bs60-f1.732-r04:028587.180: Loop 36/100
exp021-n1024-k08-d180-bs60-f1.732-r04:029226.512: log(exp-norms): [1023.47, 1025.43, 1026.94]
exp021-n1024-k08-d180-bs60-f1.732-r04:029226.513: log(norms):     [1023.47, 1026.22, 1028.16, 1028.18, 1028.25, 1028.3, 1028.41, 1028.3, 1028.19, 1028.28]
exp021-n1024-k08-d180-bs60-f1.732-r04:029226.531: (640 sec)
exp021-n1024-k08-d180-bs60-f1.732-r04:029226.531: Loop 37/100
exp021-n1024-k08-d180-bs60-f1.732-r04:029888.419: log(exp-norms): [1023.47, 1025.43, 1026.94]
exp021-n1024-k08-d180-bs60-f1.732-r04:029888.419: log(norms):     [1023.47, 1026.22, 1028.16, 1028.18, 1028.25, 1028.3, 1028.41, 1028.3, 1028.19, 1028.28]
exp021-n1024-k08-d180-bs60-f1.732-r04:029888.440: (662 sec)
exp021-n1024-k08-d180-bs60-f1.732-r04:029888.440: Loop 38/100
exp021-n1024-k08-d180-bs60-f1.732-r04:030528.275: log(exp-norms): [1023.47, 1025.43, 1026.94]
exp021-n1024-k08-d180-bs60-f1.732-r04:030528.276: log(norms):     [1023.47, 1026.22, 1028.16, 1028.18, 1028.25, 1028.3, 1028.41, 1028.3, 1028.19, 1028.28]
exp021-n1024-k08-d180-bs60-f1.732-r04:030528.294: (640 sec)
exp021-n1024-k08-d180-bs60-f1.732-r04:030528.295: Loop 39/100
exp021-n1024-k08-d180-bs60-f1.732-r04:031167.286: log(exp-norms): [1023.47, 1025.43, 1026.94]
exp021-n1024-k08-d180-bs60-f1.732-r04:031167.286: log(norms):     [1023.47, 1026.22, 1028.16, 1028.18, 1028.25, 1028.3, 1028.41, 1028.3, 1028.19, 1028.28]
exp021-n1024-k08-d180-bs60-f1.732-r04:031167.305: (640 sec)
exp021-n1024-k08-d180-bs60-f1.732-r04:031167.305: Loop 40/100
exp021-n1024-k08-d180-bs60-f1.732-r04:031817.993: log(exp-norms): [1023.47, 1025.43, 1026.94]
exp021-n1024-k08-d180-bs60-f1.732-r04:031817.994: log(norms):     [1023.47, 1026.22, 1028.16, 1028.17, 1028.18, 1028.25, 1028.3, 1028.32, 1028.33, 1028.3]
exp021-n1024-k08-d180-bs60-f1.732-r04:031818.012: (651 sec)
exp021-n1024-k08-d180-bs60-f1.732-r04:031818.012: Loop 41/100
exp021-n1024-k08-d180-bs60-f1.732-r04:032526.456: log(exp-norms): [1023.47, 1025.43, 1026.94]
exp021-n1024-k08-d180-bs60-f1.732-r04:032526.457: log(norms):     [1023.47, 1026.22, 1028.16, 1028.17, 1028.18, 1028.25, 1028.3, 1028.32, 1028.33, 1028.42]
exp021-n1024-k08-d180-bs60-f1.732-r04:032526.475: (709 sec)
exp021-n1024-k08-d180-bs60-f1.732-r04:032526.475: Loop 42/100
exp021-n1024-k08-d180-bs60-f1.732-r04:033157.496: log(exp-norms): [1023.47, 1025.43, 1026.94]
exp021-n1024-k08-d180-bs60-f1.732-r04:033157.497: log(norms):     [1023.47, 1026.22, 1028.16, 1028.17, 1028.18, 1028.25, 1028.3, 1028.32, 1028.33, 1028.42]
exp021-n1024-k08-d180-bs60-f1.732-r04:033157.517: (632 sec)
exp021-n1024-k08-d180-bs60-f1.732-r04:033157.517: Loop 43/100
exp021-n1024-k08-d180-bs60-f1.732-r04:033812.210: log(exp-norms): [1023.47, 1025.43, 1026.94]
exp021-n1024-k08-d180-bs60-f1.732-r04:033812.211: log(norms):     [1023.47, 1026.22, 1028.16, 1028.17, 1028.18, 1028.25, 1028.3, 1028.32, 1028.33, 1028.42]
exp021-n1024-k08-d180-bs60-f1.732-r04:033812.229: (655 sec)
exp021-n1024-k08-d180-bs60-f1.732-r04:033812.230: Loop 44/100
exp021-n1024-k08-d180-bs60-f1.732-r04:034477.090: log(exp-norms): [1023.47, 1025.43, 1026.94]
exp021-n1024-k08-d180-bs60-f1.732-r04:034477.090: log(norms):     [1023.47, 1026.22, 1028.16, 1028.17, 1028.18, 1028.25, 1028.3, 1028.32, 1028.33, 1028.42]
exp021-n1024-k08-d180-bs60-f1.732-r04:034477.109: (665 sec)
exp021-n1024-k08-d180-bs60-f1.732-r04:034477.109: Loop 45/100
exp021-n1024-k08-d180-bs60-f1.732-r04:035128.713: log(exp-norms): [1023.47, 1025.43, 1026.94]
exp021-n1024-k08-d180-bs60-f1.732-r04:035128.714: log(norms):     [1023.47, 1026.22, 1028.16, 1028.17, 1028.32, 1028.3, 1028.25, 1028.53, 1028.34, 1028.38]
exp021-n1024-k08-d180-bs60-f1.732-r04:035128.733: (652 sec)
exp021-n1024-k08-d180-bs60-f1.732-r04:035128.734: Loop 46/100
exp021-n1024-k08-d180-bs60-f1.732-r04:035777.052: log(exp-norms): [1023.47, 1025.43, 1026.94]
exp021-n1024-k08-d180-bs60-f1.732-r04:035777.052: log(norms):     [1023.47, 1026.22, 1028.16, 1028.17, 1028.32, 1028.37, 1028.3, 1028.53, 1028.25, 1028.34]
exp021-n1024-k08-d180-bs60-f1.732-r04:035777.071: (649 sec)
exp021-n1024-k08-d180-bs60-f1.732-r04:035777.071: Loop 47/100
exp021-n1024-k08-d180-bs60-f1.732-r04:036444.352: log(exp-norms): [1023.47, 1025.43, 1026.94]
exp021-n1024-k08-d180-bs60-f1.732-r04:036444.353: log(norms):     [1023.47, 1026.22, 1028.16, 1028.17, 1028.32, 1028.37, 1028.3, 1028.36, 1028.32, 1028.47]
exp021-n1024-k08-d180-bs60-f1.732-r04:036444.371: (668 sec)
exp021-n1024-k08-d180-bs60-f1.732-r04:036444.371: Loop 48/100
exp021-n1024-k08-d180-bs60-f1.732-r04:037127.959: log(exp-norms): [1023.47, 1025.43, 1026.94]
exp021-n1024-k08-d180-bs60-f1.732-r04:037127.960: log(norms):     [1023.47, 1026.22, 1028.16, 1028.17, 1028.32, 1028.37, 1028.3, 1028.36, 1028.33, 1028.49]
exp021-n1024-k08-d180-bs60-f1.732-r04:037127.978: (684 sec)
exp021-n1024-k08-d180-bs60-f1.732-r04:037127.979: Loop 49/100
exp021-n1024-k08-d180-bs60-f1.732-r04:037797.589: log(exp-norms): [1023.47, 1025.43, 1026.94]
exp021-n1024-k08-d180-bs60-f1.732-r04:037797.590: log(norms):     [1023.47, 1026.22, 1028.16, 1028.17, 1028.32, 1028.37, 1028.3, 1028.36, 1028.33, 1028.49]
exp021-n1024-k08-d180-bs60-f1.732-r04:037797.608: (670 sec)
exp021-n1024-k08-d180-bs60-f1.732-r04:037797.609: Loop 50/100
exp021-n1024-k08-d180-bs60-f1.732-r04:038468.395: log(exp-norms): [1023.47, 1025.43, 1026.94]
exp021-n1024-k08-d180-bs60-f1.732-r04:038468.395: log(norms):     [1023.47, 1026.22, 1028.16, 1028.17, 1028.32, 1028.37, 1028.3, 1028.4, 1028.36, 1028.33]
exp021-n1024-k08-d180-bs60-f1.732-r04:038468.413: (671 sec)
exp021-n1024-k08-d180-bs60-f1.732-r04:038468.414: Loop 51/100
exp021-n1024-k08-d180-bs60-f1.732-r04:039156.822: log(exp-norms): [1023.47, 1025.43, 1026.94]
exp021-n1024-k08-d180-bs60-f1.732-r04:039156.823: log(norms):     [1023.47, 1026.22, 1028.16, 1028.17, 1028.21, 1028.32, 1028.37, 1028.3, 1028.26, 1028.4]
exp021-n1024-k08-d180-bs60-f1.732-r04:039156.841: (689 sec)
exp021-n1024-k08-d180-bs60-f1.732-r04:039156.841: Loop 52/100
exp021-n1024-k08-d180-bs60-f1.732-r04:039797.599: log(exp-norms): [1023.47, 1025.43, 1026.94]
exp021-n1024-k08-d180-bs60-f1.732-r04:039797.600: log(norms):     [1023.47, 1026.22, 1028.16, 1028.17, 1028.21, 1028.32, 1028.37, 1028.3, 1028.26, 1028.4]
exp021-n1024-k08-d180-bs60-f1.732-r04:039797.618: (641 sec)
exp021-n1024-k08-d180-bs60-f1.732-r04:039797.618: Loop 53/100
exp021-n1024-k08-d180-bs60-f1.732-r04:040480.573: log(exp-norms): [1023.47, 1025.43, 1026.94]
exp021-n1024-k08-d180-bs60-f1.732-r04:040480.574: log(norms):     [1023.47, 1026.22, 1028.16, 1028.17, 1028.21, 1028.32, 1028.37, 1028.3, 1028.26, 1028.4]
exp021-n1024-k08-d180-bs60-f1.732-r04:040480.592: (683 sec)
exp021-n1024-k08-d180-bs60-f1.732-r04:040480.592: Loop 54/100
exp021-n1024-k08-d180-bs60-f1.732-r04:041130.395: log(exp-norms): [1023.47, 1025.43, 1026.94]
exp021-n1024-k08-d180-bs60-f1.732-r04:041130.396: log(norms):     [1023.47, 1026.22, 1028.16, 1028.17, 1028.21, 1028.32, 1028.37, 1028.3, 1028.26, 1028.43]
exp021-n1024-k08-d180-bs60-f1.732-r04:041130.414: (650 sec)
exp021-n1024-k08-d180-bs60-f1.732-r04:041130.414: Loop 55/100
exp021-n1024-k08-d180-bs60-f1.732-r04:041803.929: log(exp-norms): [1023.47, 1025.43, 1026.94]
exp021-n1024-k08-d180-bs60-f1.732-r04:041803.929: log(norms):     [1023.47, 1026.22, 1028.16, 1028.17, 1028.21, 1028.32, 1028.37, 1028.3, 1028.26, 1028.43]
exp021-n1024-k08-d180-bs60-f1.732-r04:041803.948: (674 sec)
exp021-n1024-k08-d180-bs60-f1.732-r04:041803.948: Loop 56/100
exp021-n1024-k08-d180-bs60-f1.732-r04:042461.977: log(exp-norms): [1023.47, 1025.43, 1026.94]
exp021-n1024-k08-d180-bs60-f1.732-r04:042461.977: log(norms):     [1023.47, 1026.22, 1028.16, 1028.17, 1028.21, 1028.32, 1028.37, 1028.3, 1028.26, 1028.43]
exp021-n1024-k08-d180-bs60-f1.732-r04:042461.995: (659 sec)
exp021-n1024-k08-d180-bs60-f1.732-r04:042461.995: Loop 57/100
exp021-n1024-k08-d180-bs60-f1.732-r04:043128.792: log(exp-norms): [1023.47, 1025.43, 1026.94]
exp021-n1024-k08-d180-bs60-f1.732-r04:043128.792: log(norms):     [1023.47, 1026.22, 1028.16, 1028.17, 1028.21, 1028.32, 1028.37, 1028.3, 1028.26, 1028.43]
exp021-n1024-k08-d180-bs60-f1.732-r04:043128.810: (667 sec)
exp021-n1024-k08-d180-bs60-f1.732-r04:043128.811: Loop 58/100
exp021-n1024-k08-d180-bs60-f1.732-r04:043788.667: log(exp-norms): [1023.47, 1025.43, 1026.94]
exp021-n1024-k08-d180-bs60-f1.732-r04:043788.668: log(norms):     [1023.47, 1026.22, 1028.16, 1028.17, 1028.18, 1028.21, 1028.32, 1028.37, 1028.3, 1028.26]
exp021-n1024-k08-d180-bs60-f1.732-r04:043788.686: (660 sec)
exp021-n1024-k08-d180-bs60-f1.732-r04:043788.686: Loop 59/100
exp021-n1024-k08-d180-bs60-f1.732-r04:044472.402: log(exp-norms): [1023.47, 1025.43, 1026.94]
exp021-n1024-k08-d180-bs60-f1.732-r04:044472.402: log(norms):     [1023.47, 1026.22, 1028.16, 1028.17, 1028.18, 1028.21, 1028.32, 1028.37, 1028.3, 1028.48]
exp021-n1024-k08-d180-bs60-f1.732-r04:044472.421: (684 sec)
exp021-n1024-k08-d180-bs60-f1.732-r04:044472.422: Loop 60/100
exp021-n1024-k08-d180-bs60-f1.732-r04:045147.068: log(exp-norms): [1023.47, 1025.43, 1026.94]
exp021-n1024-k08-d180-bs60-f1.732-r04:045147.069: log(norms):     [1023.47, 1026.22, 1028.16, 1028.17, 1028.18, 1028.21, 1028.32, 1028.37, 1028.3, 1028.47]
exp021-n1024-k08-d180-bs60-f1.732-r04:045147.090: (675 sec)
exp021-n1024-k08-d180-bs60-f1.732-r04:045147.091: Loop 61/100
exp021-n1024-k08-d180-bs60-f1.732-r04:045779.061: log(exp-norms): [1023.47, 1025.43, 1026.94]
exp021-n1024-k08-d180-bs60-f1.732-r04:045779.061: log(norms):     [1023.47, 1026.22, 1028.16, 1028.17, 1028.18, 1028.21, 1028.32, 1028.37, 1028.3, 1028.47]
exp021-n1024-k08-d180-bs60-f1.732-r04:045779.080: (632 sec)
exp021-n1024-k08-d180-bs60-f1.732-r04:045779.080: Loop 62/100
exp021-n1024-k08-d180-bs60-f1.732-r04:046474.485: log(exp-norms): [1023.47, 1025.43, 1026.94]
exp021-n1024-k08-d180-bs60-f1.732-r04:046474.486: log(norms):     [1023.47, 1026.22, 1028.16, 1028.17, 1028.18, 1028.21, 1028.32, 1028.37, 1028.3, 1028.47]
exp021-n1024-k08-d180-bs60-f1.732-r04:046474.504: (696 sec)
exp021-n1024-k08-d180-bs60-f1.732-r04:046474.504: Loop 63/100
exp021-n1024-k08-d180-bs60-f1.732-r04:047149.191: log(exp-norms): [1023.47, 1025.43, 1026.94]
exp021-n1024-k08-d180-bs60-f1.732-r04:047149.192: log(norms):     [1023.47, 1026.22, 1028.16, 1028.17, 1028.18, 1028.21, 1028.32, 1028.37, 1028.3, 1028.47]
exp021-n1024-k08-d180-bs60-f1.732-r04:047149.210: (675 sec)
exp021-n1024-k08-d180-bs60-f1.732-r04:047149.210: Loop 64/100
exp021-n1024-k08-d180-bs60-f1.732-r04:047846.736: log(exp-norms): [1023.47, 1025.43, 1026.94]
exp021-n1024-k08-d180-bs60-f1.732-r04:047846.737: log(norms):     [1023.47, 1026.22, 1028.16, 1028.17, 1028.18, 1028.21, 1028.32, 1028.37, 1028.3, 1028.47]
exp021-n1024-k08-d180-bs60-f1.732-r04:047846.757: (698 sec)
exp021-n1024-k08-d180-bs60-f1.732-r04:047846.757: Loop 65/100
exp021-n1024-k08-d180-bs60-f1.732-r04:048497.590: log(exp-norms): [1023.47, 1025.43, 1026.94]
exp021-n1024-k08-d180-bs60-f1.732-r04:048497.591: log(norms):     [1023.47, 1026.22, 1028.16, 1028.17, 1028.18, 1028.21, 1028.32, 1028.37, 1028.3, 1028.47]
exp021-n1024-k08-d180-bs60-f1.732-r04:048497.609: (651 sec)
exp021-n1024-k08-d180-bs60-f1.732-r04:048497.609: Loop 66/100
exp021-n1024-k08-d180-bs60-f1.732-r04:049221.047: log(exp-norms): [1023.47, 1025.43, 1026.94]
exp021-n1024-k08-d180-bs60-f1.732-r04:049221.047: log(norms):     [1023.47, 1026.22, 1028.16, 1028.17, 1028.18, 1028.21, 1028.32, 1028.37, 1028.3, 1028.47]
exp021-n1024-k08-d180-bs60-f1.732-r04:049221.065: (724 sec)
exp021-n1024-k08-d180-bs60-f1.732-r04:049221.066: Loop 67/100
exp021-n1024-k08-d180-bs60-f1.732-r04:049929.803: log(exp-norms): [1023.47, 1025.43, 1026.94]
exp021-n1024-k08-d180-bs60-f1.732-r04:049929.804: log(norms):     [1023.47, 1026.22, 1028.16, 1028.17, 1028.18, 1028.21, 1028.32, 1028.37, 1028.3, 1028.47]
exp021-n1024-k08-d180-bs60-f1.732-r04:049929.822: (709 sec)
exp021-n1024-k08-d180-bs60-f1.732-r04:049929.822: Loop 68/100
exp021-n1024-k08-d180-bs60-f1.732-r04:050604.867: log(exp-norms): [1023.47, 1025.43, 1026.94]
exp021-n1024-k08-d180-bs60-f1.732-r04:050604.867: log(norms):     [1023.47, 1026.22, 1028.16, 1028.17, 1028.18, 1028.21, 1028.32, 1028.37, 1028.3, 1028.47]
exp021-n1024-k08-d180-bs60-f1.732-r04:050604.885: (676 sec)
exp021-n1024-k08-d180-bs60-f1.732-r04:050604.886: Loop 69/100
exp021-n1024-k08-d180-bs60-f1.732-r04:051255.169: log(exp-norms): [1023.47, 1025.43, 1026.94]
exp021-n1024-k08-d180-bs60-f1.732-r04:051255.170: log(norms):     [1023.47, 1026.22, 1028.16, 1028.17, 1028.18, 1028.21, 1028.32, 1028.37, 1028.3, 1028.47]
exp021-n1024-k08-d180-bs60-f1.732-r04:051255.187: (651 sec)
exp021-n1024-k08-d180-bs60-f1.732-r04:051255.187: Loop 70/100
exp021-n1024-k08-d180-bs60-f1.732-r04:051919.828: log(exp-norms): [1023.47, 1025.43, 1026.94]
exp021-n1024-k08-d180-bs60-f1.732-r04:051919.829: log(norms):     [1023.47, 1026.22, 1028.16, 1028.17, 1028.18, 1028.21, 1028.27, 1028.32, 1028.37, 1028.47]
exp021-n1024-k08-d180-bs60-f1.732-r04:051919.849: (665 sec)
exp021-n1024-k08-d180-bs60-f1.732-r04:051919.849: Loop 71/100
exp021-n1024-k08-d180-bs60-f1.732-r04:052605.700: log(exp-norms): [1023.47, 1025.43, 1026.94]
exp021-n1024-k08-d180-bs60-f1.732-r04:052605.701: log(norms):     [1023.47, 1026.22, 1028.16, 1028.17, 1028.18, 1028.21, 1028.27, 1028.32, 1028.37, 1028.47]
exp021-n1024-k08-d180-bs60-f1.732-r04:052605.720: (686 sec)
exp021-n1024-k08-d180-bs60-f1.732-r04:052605.720: Loop 72/100
exp021-n1024-k08-d180-bs60-f1.732-r04:053278.886: log(exp-norms): [1023.47, 1025.43, 1026.94]
exp021-n1024-k08-d180-bs60-f1.732-r04:053278.888: log(norms):     [1023.47, 1026.22, 1028.16, 1028.17, 1028.18, 1028.21, 1028.27, 1028.32, 1028.37, 1028.47]
exp021-n1024-k08-d180-bs60-f1.732-r04:053278.906: (674 sec)
exp021-n1024-k08-d180-bs60-f1.732-r04:053278.906: Loop 73/100
exp021-n1024-k08-d180-bs60-f1.732-r04:053968.854: log(exp-norms): [1023.47, 1025.43, 1026.94]
exp021-n1024-k08-d180-bs60-f1.732-r04:053968.854: log(norms):     [1023.47, 1026.22, 1028.16, 1028.17, 1028.18, 1028.21, 1028.27, 1028.32, 1028.37, 1028.47]
exp021-n1024-k08-d180-bs60-f1.732-r04:053968.872: (690 sec)
exp021-n1024-k08-d180-bs60-f1.732-r04:053968.873: Loop 74/100
exp021-n1024-k08-d180-bs60-f1.732-r04:054639.269: log(exp-norms): [1023.47, 1025.43, 1026.94]
exp021-n1024-k08-d180-bs60-f1.732-r04:054639.269: log(norms):     [1023.47, 1026.22, 1028.16, 1028.17, 1028.18, 1028.17, 1028.21, 1028.27, 1028.32, 1028.37]
exp021-n1024-k08-d180-bs60-f1.732-r04:054639.287: (671 sec)
exp021-n1024-k08-d180-bs60-f1.732-r04:054639.287: Loop 75/100
exp021-n1024-k08-d180-bs60-f1.732-r04:055326.081: log(exp-norms): [1023.47, 1025.43, 1026.94]
exp021-n1024-k08-d180-bs60-f1.732-r04:055326.082: log(norms):     [1023.47, 1026.22, 1028.13, 1028.17, 1028.16, 1028.17, 1028.18, 1028.21, 1028.27, 1028.32]
exp021-n1024-k08-d180-bs60-f1.732-r04:055326.100: (687 sec)
exp021-n1024-k08-d180-bs60-f1.732-r04:055326.101: Loop 76/100
exp021-n1024-k08-d180-bs60-f1.732-r04:056014.936: log(exp-norms): [1023.47, 1025.43, 1026.94]
exp021-n1024-k08-d180-bs60-f1.732-r04:056014.937: log(norms):     [1023.47, 1026.22, 1028.13, 1028.17, 1028.16, 1028.17, 1028.18, 1028.42, 1028.21, 1028.4]
exp021-n1024-k08-d180-bs60-f1.732-r04:056014.959: (689 sec)
exp021-n1024-k08-d180-bs60-f1.732-r04:056014.960: Loop 77/100
exp021-n1024-k08-d180-bs60-f1.732-r04:056678.970: log(exp-norms): [1023.47, 1025.43, 1026.94]
exp021-n1024-k08-d180-bs60-f1.732-r04:056678.970: log(norms):     [1023.47, 1026.22, 1028.13, 1028.17, 1028.16, 1028.17, 1028.18, 1028.32, 1028.35, 1028.42]
exp021-n1024-k08-d180-bs60-f1.732-r04:056678.988: (665 sec)
exp021-n1024-k08-d180-bs60-f1.732-r04:056678.989: Loop 78/100
exp021-n1024-k08-d180-bs60-f1.732-r04:057355.252: log(exp-norms): [1023.47, 1025.43, 1026.94]
exp021-n1024-k08-d180-bs60-f1.732-r04:057355.253: log(norms):     [1023.47, 1026.22, 1028.13, 1028.17, 1028.16, 1028.17, 1028.18, 1028.32, 1028.35, 1028.49]
exp021-n1024-k08-d180-bs60-f1.732-r04:057355.271: (677 sec)
exp021-n1024-k08-d180-bs60-f1.732-r04:057355.271: Loop 79/100
exp021-n1024-k08-d180-bs60-f1.732-r04:058007.406: log(exp-norms): [1023.47, 1025.43, 1026.94]
exp021-n1024-k08-d180-bs60-f1.732-r04:058007.407: log(norms):     [1023.47, 1026.22, 1028.13, 1028.17, 1028.16, 1028.17, 1028.18, 1028.32, 1028.35, 1028.49]
exp021-n1024-k08-d180-bs60-f1.732-r04:058007.425: (653 sec)
exp021-n1024-k08-d180-bs60-f1.732-r04:058007.426: Loop 80/100
exp021-n1024-k08-d180-bs60-f1.732-r04:058696.648: log(exp-norms): [1023.47, 1025.43, 1026.94]
exp021-n1024-k08-d180-bs60-f1.732-r04:058696.648: log(norms):     [1023.47, 1026.22, 1028.13, 1028.17, 1028.16, 1028.33, 1028.17, 1028.32, 1028.18, 1028.35]
exp021-n1024-k08-d180-bs60-f1.732-r04:058696.668: (690 sec)
exp021-n1024-k08-d180-bs60-f1.732-r04:058696.668: Loop 81/100
exp021-n1024-k08-d180-bs60-f1.732-r04:059390.439: log(exp-norms): [1023.47, 1025.43, 1026.94]
exp021-n1024-k08-d180-bs60-f1.732-r04:059390.439: log(norms):     [1023.47, 1026.22, 1028.13, 1028.17, 1028.16, 1028.33, 1028.17, 1028.32, 1028.18, 1028.35]
exp021-n1024-k08-d180-bs60-f1.732-r04:059390.457: (694 sec)
exp021-n1024-k08-d180-bs60-f1.732-r04:059390.458: Loop 82/100
exp021-n1024-k08-d180-bs60-f1.732-r04:060062.644: log(exp-norms): [1023.47, 1025.43, 1026.94]
exp021-n1024-k08-d180-bs60-f1.732-r04:060062.645: log(norms):     [1023.47, 1026.22, 1028.13, 1028.17, 1028.16, 1028.33, 1028.17, 1028.32, 1028.18, 1028.35]
exp021-n1024-k08-d180-bs60-f1.732-r04:060062.663: (673 sec)
exp021-n1024-k08-d180-bs60-f1.732-r04:060062.663: Loop 83/100
exp021-n1024-k08-d180-bs60-f1.732-r04:060753.372: log(exp-norms): [1023.47, 1025.43, 1026.94]
exp021-n1024-k08-d180-bs60-f1.732-r04:060753.373: log(norms):     [1023.47, 1026.22, 1028.13, 1028.17, 1028.16, 1028.33, 1028.17, 1028.32, 1028.18, 1028.35]
exp021-n1024-k08-d180-bs60-f1.732-r04:060753.391: (691 sec)
exp021-n1024-k08-d180-bs60-f1.732-r04:060753.391: Loop 84/100
exp021-n1024-k08-d180-bs60-f1.732-r04:061457.477: log(exp-norms): [1023.47, 1025.43, 1026.94]
exp021-n1024-k08-d180-bs60-f1.732-r04:061457.478: log(norms):     [1023.47, 1026.22, 1028.13, 1028.17, 1028.16, 1028.33, 1028.17, 1028.32, 1028.18, 1028.35]
exp021-n1024-k08-d180-bs60-f1.732-r04:061457.495: (705 sec)
exp021-n1024-k08-d180-bs60-f1.732-r04:061457.495: Loop 85/100
exp021-n1024-k08-d180-bs60-f1.732-r04:062122.919: log(exp-norms): [1023.47, 1025.43, 1026.94]
exp021-n1024-k08-d180-bs60-f1.732-r04:062122.919: log(norms):     [1023.47, 1026.22, 1028.13, 1028.17, 1028.16, 1028.33, 1028.17, 1028.32, 1028.18, 1028.35]
exp021-n1024-k08-d180-bs60-f1.732-r04:062122.937: (666 sec)
exp021-n1024-k08-d180-bs60-f1.732-r04:062122.938: Loop 86/100
exp021-n1024-k08-d180-bs60-f1.732-r04:062830.231: log(exp-norms): [1023.47, 1025.43, 1026.94]
exp021-n1024-k08-d180-bs60-f1.732-r04:062830.232: log(norms):     [1023.47, 1026.22, 1028.13, 1028.17, 1028.16, 1028.33, 1028.17, 1028.32, 1028.18, 1028.35]
exp021-n1024-k08-d180-bs60-f1.732-r04:062830.250: (708 sec)
exp021-n1024-k08-d180-bs60-f1.732-r04:062830.251: Loop 87/100
exp021-n1024-k08-d180-bs60-f1.732-r04:063511.802: log(exp-norms): [1023.47, 1025.43, 1026.94]
exp021-n1024-k08-d180-bs60-f1.732-r04:063511.802: log(norms):     [1023.47, 1026.22, 1028.13, 1028.17, 1028.16, 1028.33, 1028.17, 1028.32, 1028.18, 1028.35]
exp021-n1024-k08-d180-bs60-f1.732-r04:063511.820: (682 sec)
exp021-n1024-k08-d180-bs60-f1.732-r04:063511.820: Loop 88/100
exp021-n1024-k08-d180-bs60-f1.732-r04:064207.986: log(exp-norms): [1023.47, 1025.43, 1026.94]
exp021-n1024-k08-d180-bs60-f1.732-r04:064207.987: log(norms):     [1023.47, 1026.22, 1028.13, 1028.17, 1028.16, 1028.33, 1028.17, 1028.32, 1028.18, 1028.35]
exp021-n1024-k08-d180-bs60-f1.732-r04:064208.005: (697 sec)
exp021-n1024-k08-d180-bs60-f1.732-r04:064208.006: Loop 89/100
exp021-n1024-k08-d180-bs60-f1.732-r04:064903.083: log(exp-norms): [1023.47, 1025.43, 1026.94]
exp021-n1024-k08-d180-bs60-f1.732-r04:064903.083: log(norms):     [1023.47, 1026.22, 1028.13, 1028.17, 1028.16, 1028.33, 1028.17, 1028.32, 1028.18, 1028.35]
exp021-n1024-k08-d180-bs60-f1.732-r04:064903.101: (696 sec)
exp021-n1024-k08-d180-bs60-f1.732-r04:064903.102: Loop 90/100
exp021-n1024-k08-d180-bs60-f1.732-r04:065589.764: log(exp-norms): [1023.47, 1025.43, 1026.94]
exp021-n1024-k08-d180-bs60-f1.732-r04:065589.764: log(norms):     [1023.47, 1026.22, 1028.13, 1028.17, 1028.16, 1028.24, 1028.35, 1028.32, 1028.21, 1028.2]
exp021-n1024-k08-d180-bs60-f1.732-r04:065589.782: (687 sec)
exp021-n1024-k08-d180-bs60-f1.732-r04:065589.783: Loop 91/100
exp021-n1024-k08-d180-bs60-f1.732-r04:066308.165: log(exp-norms): [1023.47, 1025.43, 1026.94]
exp021-n1024-k08-d180-bs60-f1.732-r04:066308.166: log(norms):     [1023.47, 1026.22, 1028.13, 1028.17, 1028.16, 1028.24, 1028.35, 1028.32, 1028.21, 1028.29]
exp021-n1024-k08-d180-bs60-f1.732-r04:066308.184: (719 sec)
exp021-n1024-k08-d180-bs60-f1.732-r04:066308.185: Loop 92/100
exp021-n1024-k08-d180-bs60-f1.732-r04:066963.852: log(exp-norms): [1023.47, 1025.43, 1026.94]
exp021-n1024-k08-d180-bs60-f1.732-r04:066963.853: log(norms):     [1023.47, 1026.22, 1028.13, 1028.17, 1028.16, 1028.24, 1028.35, 1028.32, 1028.26, 1028.21]
exp021-n1024-k08-d180-bs60-f1.732-r04:066963.871: (656 sec)
exp021-n1024-k08-d180-bs60-f1.732-r04:066963.871: Loop 93/100
exp021-n1024-k08-d180-bs60-f1.732-r04:067623.142: log(exp-norms): [1023.47, 1025.43, 1026.94]
exp021-n1024-k08-d180-bs60-f1.732-r04:067623.143: log(norms):     [1023.47, 1026.22, 1028.13, 1028.17, 1028.16, 1028.24, 1028.35, 1028.32, 1028.26, 1028.21]
exp021-n1024-k08-d180-bs60-f1.732-r04:067623.161: (660 sec)
exp021-n1024-k08-d180-bs60-f1.732-r04:067623.161: Loop 94/100
exp021-n1024-k08-d180-bs60-f1.732-r04:068324.960: log(exp-norms): [1023.47, 1025.43, 1026.94]
exp021-n1024-k08-d180-bs60-f1.732-r04:068324.961: log(norms):     [1023.47, 1026.22, 1028.13, 1028.17, 1028.26, 1028.16, 1028.21, 1028.24, 1028.35, 1028.32]
exp021-n1024-k08-d180-bs60-f1.732-r04:068324.979: (702 sec)
exp021-n1024-k08-d180-bs60-f1.732-r04:068324.980: Loop 95/100
exp021-n1024-k08-d180-bs60-f1.732-r04:068994.895: log(exp-norms): [1023.47, 1025.43, 1026.94]
exp021-n1024-k08-d180-bs60-f1.732-r04:068994.896: log(norms):     [1023.47, 1026.22, 1028.13, 1028.17, 1028.26, 1028.16, 1028.21, 1028.29, 1028.35, 1028.24]
exp021-n1024-k08-d180-bs60-f1.732-r04:068994.914: (670 sec)
exp021-n1024-k08-d180-bs60-f1.732-r04:068994.914: Loop 96/100
exp021-n1024-k08-d180-bs60-f1.732-r04:069667.610: log(exp-norms): [1023.47, 1025.43, 1026.94]
exp021-n1024-k08-d180-bs60-f1.732-r04:069667.611: log(norms):     [1023.47, 1026.22, 1028.13, 1028.17, 1028.26, 1028.17, 1028.16, 1028.21, 1028.29, 1028.2]
exp021-n1024-k08-d180-bs60-f1.732-r04:069667.629: (673 sec)
exp021-n1024-k08-d180-bs60-f1.732-r04:069667.629: Loop 97/100
exp021-n1024-k08-d180-bs60-f1.732-r04:070324.852: log(exp-norms): [1023.47, 1025.43, 1026.94]
exp021-n1024-k08-d180-bs60-f1.732-r04:070324.853: log(norms):     [1023.47, 1026.22, 1028.13, 1028.17, 1028.26, 1028.17, 1028.16, 1028.21, 1028.29, 1028.2]
exp021-n1024-k08-d180-bs60-f1.732-r04:070324.871: (658 sec)
exp021-n1024-k08-d180-bs60-f1.732-r04:070324.871: Loop 98/100
exp021-n1024-k08-d180-bs60-f1.732-r04:070958.385: log(exp-norms): [1023.47, 1025.43, 1026.94]
exp021-n1024-k08-d180-bs60-f1.732-r04:070958.385: log(norms):     [1023.47, 1026.22, 1028.13, 1028.17, 1028.26, 1028.17, 1028.16, 1028.21, 1028.29, 1028.2]
exp021-n1024-k08-d180-bs60-f1.732-r04:070958.403: (634 sec)
exp021-n1024-k08-d180-bs60-f1.732-r04:070958.404: Loop 99/100
exp021-n1024-k08-d180-bs60-f1.732-r04:071579.744: log(exp-norms): [1023.47, 1025.43, 1026.94]
exp021-n1024-k08-d180-bs60-f1.732-r04:071579.745: log(norms):     [1023.47, 1026.22, 1028.13, 1028.17, 1028.26, 1028.17, 1028.16, 1028.21, 1028.29, 1028.42]
exp021-n1024-k08-d180-bs60-f1.732-r04:071579.763: (622 sec)
exp021-n1024-k08-d180-bs60-f1.732-r04:071579.763: Loop 100/100
exp021-n1024-k08-d180-bs60-f1.732-r04:072182.228: log(exp-norms): [1023.47, 1025.43, 1026.94]
exp021-n1024-k08-d180-bs60-f1.732-r04:072182.229: log(norms):     [1023.47, 1025.43, 1026.22, 1028.13, 1028.17, 1028.19, 1028.26, 1028.19, 1028.17, 1028.36]
exp021-n1024-k08-d180-bs60-f1.732-r04:072182.247: (603 sec)
exp021-n1024-k08-d180-bs60-f1.732-r04:072182.247: ==========================Summary===========================
exp021-n1024-k08-d180-bs60-f1.732-r04:072182.247: Total time: 72183sec
exp021-n1024-k08-d180-bs60-f1.732-r04:072182.247: SUCCESS
exp021-n1024-k08-d180-bs60-f1.732-r04:072182.247: HNP solution: 102877459799250792326854090176246283928902714295008794401210495853451957450332360389833835914697002769626968958064729899701228197869293238098522849211980830108748219116474573576592369579195186942039575989686384566012462018951333772564017111221060746521375752504393062285465569978124329414276142313387547500583
exp021-n1024-k08-d180-bs60-f1.732-r04:072182.248: Shared secret: 102877459799250792326854090176246283928902714295008794401210495853451957450332360389833835914697002769626968958064729899701228197869293238098522849211980830108748219116474573576592369579195186942039575989686384566012462018951333772564017111221060746521375752504393062285465569978124329414276142313387547500583
exp021-n1024-k08-d180-bs60-f1.732-r04:072182.248: SUMMARY:n:1024:k:8:d:180:bs:60:t:72183:r:True
