exp003-n1024-k08-d180-bs60-f1.000-r02:000000.191: ==========================Instance==========================
exp003-n1024-k08-d180-bs60-f1.000-r02:000000.191: # of equations: 180
exp003-n1024-k08-d180-bs60-f1.000-r02:000000.193: Gap: 2.84
exp003-n1024-k08-d180-bs60-f1.000-r02:000000.197: Tau: 2.47
exp003-n1024-k08-d180-bs60-f1.000-r02:000000.198: ======================BKZ-60 reduction======================
exp003-n1024-k08-d180-bs60-f1.000-r02:000002.826: Expectedly achievable log(norm): 1028.22
exp003-n1024-k08-d180-bs60-f1.000-r02:000005.315: log(exp-norms): [1023.47, 1025.43, 1026.94]
exp003-n1024-k08-d180-bs60-f1.000-r02:000005.316: log(norms):     [1033.92, 1026.23, 1030.94, 1030.94, 1030.94, 1030.94, 1030.94, 1030.94, 1030.94, 1030.94]
exp003-n1024-k08-d180-bs60-f1.000-r02:000005.382: Loop 1/100
exp003-n1024-k08-d180-bs60-f1.000-r02:001223.147: log(exp-norms): [1023.47, 1025.43, 1026.94]
exp003-n1024-k08-d180-bs60-f1.000-r02:001223.148: log(norms):     [1026.23, 1030.15, 1030.17, 1030.29, 1030.17, 1030.12, 1030.3, 1030.27, 1030.27, 1030.1]
exp003-n1024-k08-d180-bs60-f1.000-r02:001223.167: (1218 sec)
exp003-n1024-k08-d180-bs60-f1.000-r02:001223.168: Loop 2/100
exp003-n1024-k08-d180-bs60-f1.000-r02:002085.276: log(exp-norms): [1023.47, 1025.43, 1026.94]
exp003-n1024-k08-d180-bs60-f1.000-r02:002085.278: log(norms):     [1023.47, 1026.23, 1029.49, 1029.52, 1029.54, 1029.73, 1029.57, 1029.72, 1029.55, 1029.8]
exp003-n1024-k08-d180-bs60-f1.000-r02:002085.308: (863 sec)
exp003-n1024-k08-d180-bs60-f1.000-r02:002085.309: Loop 3/100
exp003-n1024-k08-d180-bs60-f1.000-r02:002866.613: log(exp-norms): [1023.47, 1025.43, 1026.94]
exp003-n1024-k08-d180-bs60-f1.000-r02:002866.614: log(norms):     [1023.47, 1026.23, 1028.93, 1029.04, 1029.06, 1029.07, 1029.14, 1029.06, 1029.14, 1029.21]
exp003-n1024-k08-d180-bs60-f1.000-r02:002866.646: (782 sec)
exp003-n1024-k08-d180-bs60-f1.000-r02:002866.646: Loop 4/100
exp003-n1024-k08-d180-bs60-f1.000-r02:003838.795: log(exp-norms): [1023.47, 1025.43, 1026.94]
exp003-n1024-k08-d180-bs60-f1.000-r02:003838.796: log(norms):     [1023.47, 1026.23, 1028.71, 1028.72, 1028.79, 1028.86, 1028.86, 1029.0, 1028.8, 1028.96]
exp003-n1024-k08-d180-bs60-f1.000-r02:003838.825: (973 sec)
exp003-n1024-k08-d180-bs60-f1.000-r02:003838.825: Loop 5/100
exp003-n1024-k08-d180-bs60-f1.000-r02:004745.921: log(exp-norms): [1023.47, 1025.43, 1026.94]
exp003-n1024-k08-d180-bs60-f1.000-r02:004745.922: log(norms):     [1023.47, 1026.23, 1028.52, 1028.52, 1028.52, 1028.63, 1028.55, 1028.78, 1028.68, 1028.62]
exp003-n1024-k08-d180-bs60-f1.000-r02:004745.941: (908 sec)
exp003-n1024-k08-d180-bs60-f1.000-r02:004745.942: Loop 6/100
exp003-n1024-k08-d180-bs60-f1.000-r02:005602.045: log(exp-norms): [1023.47, 1025.43, 1026.94]
exp003-n1024-k08-d180-bs60-f1.000-r02:005602.045: log(norms):     [1023.47, 1026.23, 1028.4, 1028.42, 1028.38, 1028.55, 1028.66, 1028.56, 1028.61, 1028.49]
exp003-n1024-k08-d180-bs60-f1.000-r02:005602.064: (857 sec)
exp003-n1024-k08-d180-bs60-f1.000-r02:005602.065: Loop 7/100
exp003-n1024-k08-d180-bs60-f1.000-r02:006326.168: log(exp-norms): [1023.47, 1025.43, 1026.94]
exp003-n1024-k08-d180-bs60-f1.000-r02:006326.169: log(norms):     [1023.47, 1026.23, 1028.29, 1028.32, 1028.34, 1028.38, 1028.52, 1028.44, 1028.28, 1028.48]
exp003-n1024-k08-d180-bs60-f1.000-r02:006326.187: (725 sec)
exp003-n1024-k08-d180-bs60-f1.000-r02:006326.188: Loop 8/100
exp003-n1024-k08-d180-bs60-f1.000-r02:007006.867: log(exp-norms): [1023.47, 1025.43, 1026.94]
exp003-n1024-k08-d180-bs60-f1.000-r02:007006.867: log(norms):     [1023.47, 1026.23, 1028.23, 1028.28, 1028.32, 1028.55, 1028.41, 1028.37, 1028.31, 1028.53]
exp003-n1024-k08-d180-bs60-f1.000-r02:007006.886: (681 sec)
exp003-n1024-k08-d180-bs60-f1.000-r02:007006.886: Loop 9/100
exp003-n1024-k08-d180-bs60-f1.000-r02:007650.952: log(exp-norms): [1023.47, 1025.43, 1026.94]
exp003-n1024-k08-d180-bs60-f1.000-r02:007650.953: log(norms):     [1023.47, 1026.23, 1028.23, 1028.33, 1028.28, 1028.37, 1028.35, 1028.38, 1028.4, 1028.31]
exp003-n1024-k08-d180-bs60-f1.000-r02:007650.971: (645 sec)
exp003-n1024-k08-d180-bs60-f1.000-r02:007650.971: Loop 10/100
exp003-n1024-k08-d180-bs60-f1.000-r02:008284.568: log(exp-norms): [1023.47, 1025.43, 1026.94]
exp003-n1024-k08-d180-bs60-f1.000-r02:008284.568: log(norms):     [1023.47, 1026.23, 1028.23, 1028.33, 1028.28, 1028.37, 1028.4, 1028.35, 1028.31, 1028.35]
exp003-n1024-k08-d180-bs60-f1.000-r02:008284.587: (634 sec)
exp003-n1024-k08-d180-bs60-f1.000-r02:008284.588: Loop 11/100
exp003-n1024-k08-d180-bs60-f1.000-r02:008936.056: log(exp-norms): [1023.47, 1025.43, 1026.94]
exp003-n1024-k08-d180-bs60-f1.000-r02:008936.057: log(norms):     [1023.47, 1026.23, 1028.2, 1028.23, 1028.35, 1028.33, 1028.28, 1028.37, 1028.4, 1028.39]
exp003-n1024-k08-d180-bs60-f1.000-r02:008936.075: (652 sec)
exp003-n1024-k08-d180-bs60-f1.000-r02:008936.075: Loop 12/100
exp003-n1024-k08-d180-bs60-f1.000-r02:009598.592: log(exp-norms): [1023.47, 1025.43, 1026.94]
exp003-n1024-k08-d180-bs60-f1.000-r02:009598.592: log(norms):     [1023.47, 1026.23, 1028.17, 1028.23, 1028.2, 1028.35, 1028.28, 1028.38, 1028.4, 1028.45]
exp003-n1024-k08-d180-bs60-f1.000-r02:009598.611: (663 sec)
exp003-n1024-k08-d180-bs60-f1.000-r02:009598.611: Loop 13/100
exp003-n1024-k08-d180-bs60-f1.000-r02:010297.118: log(exp-norms): [1023.47, 1025.43, 1026.94]
exp003-n1024-k08-d180-bs60-f1.000-r02:010297.119: log(norms):     [1023.47, 1026.23, 1028.17, 1028.23, 1028.2, 1028.35, 1028.4, 1028.28, 1028.26, 1028.46]
exp003-n1024-k08-d180-bs60-f1.000-r02:010297.137: (699 sec)
exp003-n1024-k08-d180-bs60-f1.000-r02:010297.137: Loop 14/100
exp003-n1024-k08-d180-bs60-f1.000-r02:011027.335: log(exp-norms): [1023.47, 1025.43, 1026.94]
exp003-n1024-k08-d180-bs60-f1.000-r02:011027.336: log(norms):     [1023.47, 1026.23, 1028.17, 1028.23, 1028.2, 1028.35, 1028.4, 1028.45, 1028.28, 1028.26]
exp003-n1024-k08-d180-bs60-f1.000-r02:011027.354: (731 sec)
exp003-n1024-k08-d180-bs60-f1.000-r02:011027.354: Loop 15/100
exp003-n1024-k08-d180-bs60-f1.000-r02:011849.274: log(exp-norms): [1023.47, 1025.43, 1026.94]
exp003-n1024-k08-d180-bs60-f1.000-r02:011849.275: log(norms):     [1023.47, 1026.23, 1028.17, 1028.23, 1028.2, 1028.35, 1028.4, 1028.45, 1028.28, 1028.26]
exp003-n1024-k08-d180-bs60-f1.000-r02:011849.304: (822 sec)
exp003-n1024-k08-d180-bs60-f1.000-r02:011849.305: Loop 16/100
exp003-n1024-k08-d180-bs60-f1.000-r02:012862.068: log(exp-norms): [1023.47, 1025.43, 1026.94]
exp003-n1024-k08-d180-bs60-f1.000-r02:012862.070: log(norms):     [1023.47, 1026.23, 1028.17, 1028.23, 1028.21, 1028.26, 1028.48, 1028.19, 1028.2, 1028.35]
exp003-n1024-k08-d180-bs60-f1.000-r02:012862.102: (1013 sec)
exp003-n1024-k08-d180-bs60-f1.000-r02:012862.102: Loop 17/100
exp003-n1024-k08-d180-bs60-f1.000-r02:013898.740: log(exp-norms): [1023.47, 1025.43, 1026.94]
exp003-n1024-k08-d180-bs60-f1.000-r02:013898.740: log(norms):     [1023.47, 1026.23, 1028.17, 1028.23, 1028.27, 1028.37, 1028.38, 1028.21, 1028.19, 1028.26]
exp003-n1024-k08-d180-bs60-f1.000-r02:013898.770: (1037 sec)
exp003-n1024-k08-d180-bs60-f1.000-r02:013898.771: Loop 18/100
exp003-n1024-k08-d180-bs60-f1.000-r02:014875.474: log(exp-norms): [1023.47, 1025.43, 1026.94]
exp003-n1024-k08-d180-bs60-f1.000-r02:014875.475: log(norms):     [1023.47, 1026.23, 1028.17, 1028.23, 1028.27, 1028.37, 1028.31, 1028.45, 1028.33, 1028.48]
exp003-n1024-k08-d180-bs60-f1.000-r02:014875.505: (977 sec)
exp003-n1024-k08-d180-bs60-f1.000-r02:014875.506: Loop 19/100
exp003-n1024-k08-d180-bs60-f1.000-r02:015867.742: log(exp-norms): [1023.47, 1025.43, 1026.94]
exp003-n1024-k08-d180-bs60-f1.000-r02:015867.743: log(norms):     [1023.47, 1026.23, 1028.17, 1028.23, 1028.24, 1028.27, 1028.37, 1028.31, 1028.42, 1028.41]
exp003-n1024-k08-d180-bs60-f1.000-r02:015867.773: (993 sec)
exp003-n1024-k08-d180-bs60-f1.000-r02:015867.773: Loop 20/100
exp003-n1024-k08-d180-bs60-f1.000-r02:016914.342: log(exp-norms): [1023.47, 1025.43, 1026.94]
exp003-n1024-k08-d180-bs60-f1.000-r02:016914.343: log(norms):     [1023.47, 1026.23, 1028.17, 1028.23, 1028.24, 1028.27, 1028.35, 1028.37, 1028.36, 1028.38]
exp003-n1024-k08-d180-bs60-f1.000-r02:016914.373: (1047 sec)
exp003-n1024-k08-d180-bs60-f1.000-r02:016914.374: Loop 21/100
exp003-n1024-k08-d180-bs60-f1.000-r02:017911.380: log(exp-norms): [1023.47, 1025.43, 1026.94]
exp003-n1024-k08-d180-bs60-f1.000-r02:017911.380: log(norms):     [1023.47, 1026.23, 1028.17, 1028.23, 1028.24, 1028.27, 1028.35, 1028.37, 1028.5, 1028.36]
exp003-n1024-k08-d180-bs60-f1.000-r02:017911.401: (998 sec)
exp003-n1024-k08-d180-bs60-f1.000-r02:017911.402: Loop 22/100
exp003-n1024-k08-d180-bs60-f1.000-r02:018930.678: log(exp-norms): [1023.47, 1025.43, 1026.94]
exp003-n1024-k08-d180-bs60-f1.000-r02:018930.679: log(norms):     [1023.47, 1026.23, 1028.14, 1028.17, 1028.23, 1028.24, 1028.27, 1028.35, 1028.55, 1028.34]
exp003-n1024-k08-d180-bs60-f1.000-r02:018930.700: (1020 sec)
exp003-n1024-k08-d180-bs60-f1.000-r02:018930.700: Loop 23/100
exp003-n1024-k08-d180-bs60-f1.000-r02:019913.665: log(exp-norms): [1023.47, 1025.43, 1026.94]
exp003-n1024-k08-d180-bs60-f1.000-r02:019913.665: log(norms):     [1023.47, 1026.23, 1028.14, 1028.17, 1028.23, 1028.24, 1028.27, 1028.25, 1028.41, 1028.35]
exp003-n1024-k08-d180-bs60-f1.000-r02:019913.685: (983 sec)
exp003-n1024-k08-d180-bs60-f1.000-r02:019913.686: Loop 24/100
exp003-n1024-k08-d180-bs60-f1.000-r02:020871.559: log(exp-norms): [1023.47, 1025.43, 1026.94]
exp003-n1024-k08-d180-bs60-f1.000-r02:020871.560: log(norms):     [1023.47, 1026.23, 1028.14, 1028.17, 1028.23, 1028.24, 1028.27, 1028.25, 1028.45, 1028.41]
exp003-n1024-k08-d180-bs60-f1.000-r02:020871.589: (958 sec)
exp003-n1024-k08-d180-bs60-f1.000-r02:020871.589: Loop 25/100
exp003-n1024-k08-d180-bs60-f1.000-r02:021669.375: log(exp-norms): [1023.47, 1025.43, 1026.94]
exp003-n1024-k08-d180-bs60-f1.000-r02:021669.376: log(norms):     [1023.47, 1026.23, 1028.14, 1028.17, 1028.23, 1028.24, 1028.27, 1028.25, 1028.45, 1028.41]
exp003-n1024-k08-d180-bs60-f1.000-r02:021669.395: (798 sec)
exp003-n1024-k08-d180-bs60-f1.000-r02:021669.395: Loop 26/100
exp003-n1024-k08-d180-bs60-f1.000-r02:022410.052: log(exp-norms): [1023.47, 1025.43, 1026.94]
exp003-n1024-k08-d180-bs60-f1.000-r02:022410.053: log(norms):     [1023.47, 1026.23, 1028.14, 1028.17, 1028.2, 1028.2, 1028.31, 1028.27, 1028.25, 1028.26]
exp003-n1024-k08-d180-bs60-f1.000-r02:022410.071: (741 sec)
exp003-n1024-k08-d180-bs60-f1.000-r02:022410.071: Loop 27/100
exp003-n1024-k08-d180-bs60-f1.000-r02:023085.856: log(exp-norms): [1023.47, 1025.43, 1026.94]
exp003-n1024-k08-d180-bs60-f1.000-r02:023085.857: log(norms):     [1023.47, 1026.23, 1028.14, 1028.17, 1028.2, 1028.36, 1028.25, 1028.26, 1028.24, 1028.27]
exp003-n1024-k08-d180-bs60-f1.000-r02:023085.875: (676 sec)
exp003-n1024-k08-d180-bs60-f1.000-r02:023085.875: Loop 28/100
exp003-n1024-k08-d180-bs60-f1.000-r02:023923.429: log(exp-norms): [1023.47, 1025.43, 1026.94]
exp003-n1024-k08-d180-bs60-f1.000-r02:023923.430: log(norms):     [1023.47, 1026.23, 1028.14, 1028.17, 1028.2, 1028.36, 1028.25, 1028.26, 1028.24, 1028.27]
exp003-n1024-k08-d180-bs60-f1.000-r02:023923.448: (838 sec)
exp003-n1024-k08-d180-bs60-f1.000-r02:023923.449: Loop 29/100
exp003-n1024-k08-d180-bs60-f1.000-r02:024631.244: log(exp-norms): [1023.47, 1025.43, 1026.94]
exp003-n1024-k08-d180-bs60-f1.000-r02:024631.245: log(norms):     [1023.47, 1026.23, 1028.14, 1028.29, 1028.17, 1028.25, 1028.23, 1028.36, 1028.32, 1028.2]
exp003-n1024-k08-d180-bs60-f1.000-r02:024631.262: (708 sec)
exp003-n1024-k08-d180-bs60-f1.000-r02:024631.262: Loop 30/100
exp003-n1024-k08-d180-bs60-f1.000-r02:025336.791: log(exp-norms): [1023.47, 1025.43, 1026.94]
exp003-n1024-k08-d180-bs60-f1.000-r02:025336.793: log(norms):     [1023.47, 1026.23, 1028.14, 1028.29, 1028.17, 1028.25, 1028.23, 1028.36, 1028.33, 1028.35]
exp003-n1024-k08-d180-bs60-f1.000-r02:025336.811: (706 sec)
exp003-n1024-k08-d180-bs60-f1.000-r02:025336.811: Loop 31/100
exp003-n1024-k08-d180-bs60-f1.000-r02:025988.418: log(exp-norms): [1023.47, 1025.43, 1026.94]
exp003-n1024-k08-d180-bs60-f1.000-r02:025988.418: log(norms):     [1023.47, 1026.23, 1028.14, 1028.29, 1028.17, 1028.25, 1028.23, 1028.36, 1028.33, 1028.35]
exp003-n1024-k08-d180-bs60-f1.000-r02:025988.436: (652 sec)
exp003-n1024-k08-d180-bs60-f1.000-r02:025988.436: Loop 32/100
exp003-n1024-k08-d180-bs60-f1.000-r02:026640.170: log(exp-norms): [1023.47, 1025.43, 1026.94]
exp003-n1024-k08-d180-bs60-f1.000-r02:026640.170: log(norms):     [1023.47, 1026.23, 1028.14, 1028.29, 1028.17, 1028.25, 1028.23, 1028.36, 1028.33, 1028.35]
exp003-n1024-k08-d180-bs60-f1.000-r02:026640.188: (652 sec)
exp003-n1024-k08-d180-bs60-f1.000-r02:026640.188: Loop 33/100
exp003-n1024-k08-d180-bs60-f1.000-r02:027284.804: log(exp-norms): [1023.47, 1025.43, 1026.94]
exp003-n1024-k08-d180-bs60-f1.000-r02:027284.804: log(norms):     [1023.47, 1026.23, 1028.14, 1028.29, 1028.21, 1028.17, 1028.25, 1028.4, 1028.32, 1028.33]
exp003-n1024-k08-d180-bs60-f1.000-r02:027284.822: (645 sec)
exp003-n1024-k08-d180-bs60-f1.000-r02:027284.822: Loop 34/100
exp003-n1024-k08-d180-bs60-f1.000-r02:027927.446: log(exp-norms): [1023.47, 1025.43, 1026.94]
exp003-n1024-k08-d180-bs60-f1.000-r02:027927.446: log(norms):     [1023.47, 1026.23, 1028.14, 1028.29, 1028.21, 1028.17, 1028.25, 1028.4, 1028.32, 1028.33]
exp003-n1024-k08-d180-bs60-f1.000-r02:027927.463: (643 sec)
exp003-n1024-k08-d180-bs60-f1.000-r02:027927.464: Loop 35/100
exp003-n1024-k08-d180-bs60-f1.000-r02:028531.746: log(exp-norms): [1023.47, 1025.43, 1026.94]
exp003-n1024-k08-d180-bs60-f1.000-r02:028531.747: log(norms):     [1023.47, 1026.23, 1028.14, 1028.29, 1028.21, 1028.17, 1028.25, 1028.4, 1028.32, 1028.33]
exp003-n1024-k08-d180-bs60-f1.000-r02:028531.764: (605 sec)
exp003-n1024-k08-d180-bs60-f1.000-r02:028531.764: Loop 36/100
exp003-n1024-k08-d180-bs60-f1.000-r02:029147.821: log(exp-norms): [1023.47, 1025.43, 1026.94]
exp003-n1024-k08-d180-bs60-f1.000-r02:029147.822: log(norms):     [1023.47, 1026.23, 1028.14, 1028.29, 1028.21, 1028.17, 1028.25, 1028.4, 1028.32, 1028.33]
exp003-n1024-k08-d180-bs60-f1.000-r02:029147.839: (617 sec)
exp003-n1024-k08-d180-bs60-f1.000-r02:029147.839: Loop 37/100
exp003-n1024-k08-d180-bs60-f1.000-r02:029752.618: log(exp-norms): [1023.47, 1025.43, 1026.94]
exp003-n1024-k08-d180-bs60-f1.000-r02:029752.618: log(norms):     [1023.47, 1026.23, 1028.14, 1028.29, 1028.21, 1028.17, 1028.25, 1028.4, 1028.32, 1028.33]
exp003-n1024-k08-d180-bs60-f1.000-r02:029752.636: (605 sec)
exp003-n1024-k08-d180-bs60-f1.000-r02:029752.636: Loop 38/100
exp003-n1024-k08-d180-bs60-f1.000-r02:030367.731: log(exp-norms): [1023.47, 1025.43, 1026.94]
exp003-n1024-k08-d180-bs60-f1.000-r02:030367.732: log(norms):     [1023.47, 1026.23, 1028.14, 1028.29, 1028.21, 1028.17, 1028.25, 1028.4, 1028.32, 1028.33]
exp003-n1024-k08-d180-bs60-f1.000-r02:030367.751: (616 sec)
exp003-n1024-k08-d180-bs60-f1.000-r02:030367.751: Loop 39/100
exp003-n1024-k08-d180-bs60-f1.000-r02:031000.231: log(exp-norms): [1023.47, 1025.43, 1026.94]
exp003-n1024-k08-d180-bs60-f1.000-r02:031000.232: log(norms):     [1023.47, 1026.23, 1028.14, 1028.29, 1028.21, 1028.17, 1028.25, 1028.4, 1028.32, 1028.33]
exp003-n1024-k08-d180-bs60-f1.000-r02:031000.249: (633 sec)
exp003-n1024-k08-d180-bs60-f1.000-r02:031000.249: Loop 40/100
exp003-n1024-k08-d180-bs60-f1.000-r02:031643.686: log(exp-norms): [1023.47, 1025.43, 1026.94]
exp003-n1024-k08-d180-bs60-f1.000-r02:031643.687: log(norms):     [1023.47, 1026.23, 1028.14, 1028.29, 1028.21, 1028.17, 1028.25, 1028.4, 1028.32, 1028.33]
exp003-n1024-k08-d180-bs60-f1.000-r02:031643.704: (644 sec)
exp003-n1024-k08-d180-bs60-f1.000-r02:031643.704: Loop 41/100
exp003-n1024-k08-d180-bs60-f1.000-r02:032295.098: log(exp-norms): [1023.47, 1025.43, 1026.94]
exp003-n1024-k08-d180-bs60-f1.000-r02:032295.099: log(norms):     [1023.47, 1026.23, 1028.14, 1028.29, 1028.35, 1028.21, 1028.18, 1028.23, 1028.33, 1028.39]
exp003-n1024-k08-d180-bs60-f1.000-r02:032295.116: (652 sec)
exp003-n1024-k08-d180-bs60-f1.000-r02:032295.116: Loop 42/100
exp003-n1024-k08-d180-bs60-f1.000-r02:032952.761: log(exp-norms): [1023.47, 1025.43, 1026.94]
exp003-n1024-k08-d180-bs60-f1.000-r02:032952.761: log(norms):     [1023.47, 1026.23, 1028.14, 1028.29, 1028.35, 1028.21, 1028.18, 1028.23, 1028.33, 1028.46]
exp003-n1024-k08-d180-bs60-f1.000-r02:032952.780: (658 sec)
exp003-n1024-k08-d180-bs60-f1.000-r02:032952.780: Loop 43/100
exp003-n1024-k08-d180-bs60-f1.000-r02:033646.465: log(exp-norms): [1023.47, 1025.43, 1026.94]
exp003-n1024-k08-d180-bs60-f1.000-r02:033646.465: log(norms):     [1023.47, 1026.23, 1028.14, 1028.29, 1028.35, 1028.21, 1028.18, 1028.23, 1028.33, 1028.46]
exp003-n1024-k08-d180-bs60-f1.000-r02:033646.484: (694 sec)
exp003-n1024-k08-d180-bs60-f1.000-r02:033646.485: Loop 44/100
exp003-n1024-k08-d180-bs60-f1.000-r02:034300.746: log(exp-norms): [1023.47, 1025.43, 1026.94]
exp003-n1024-k08-d180-bs60-f1.000-r02:034300.747: log(norms):     [1023.47, 1026.23, 1028.14, 1028.15, 1028.18, 1028.35, 1028.31, 1028.21, 1028.37, 1028.39]
exp003-n1024-k08-d180-bs60-f1.000-r02:034300.766: (655 sec)
exp003-n1024-k08-d180-bs60-f1.000-r02:034300.766: Loop 45/100
exp003-n1024-k08-d180-bs60-f1.000-r02:034934.849: log(exp-norms): [1023.47, 1025.43, 1026.94]
exp003-n1024-k08-d180-bs60-f1.000-r02:034934.850: log(norms):     [1023.47, 1026.23, 1028.14, 1028.15, 1028.33, 1028.18, 1028.35, 1028.31, 1028.21, 1028.25]
exp003-n1024-k08-d180-bs60-f1.000-r02:034934.868: (635 sec)
exp003-n1024-k08-d180-bs60-f1.000-r02:034934.868: Loop 46/100
exp003-n1024-k08-d180-bs60-f1.000-r02:035583.959: log(exp-norms): [1023.47, 1025.43, 1026.94]
exp003-n1024-k08-d180-bs60-f1.000-r02:035583.959: log(norms):     [1023.47, 1026.23, 1028.14, 1028.15, 1028.33, 1028.18, 1028.35, 1028.31, 1028.21, 1028.25]
exp003-n1024-k08-d180-bs60-f1.000-r02:035583.977: (650 sec)
exp003-n1024-k08-d180-bs60-f1.000-r02:035583.977: Loop 47/100
exp003-n1024-k08-d180-bs60-f1.000-r02:036217.276: log(exp-norms): [1023.47, 1025.43, 1026.94]
exp003-n1024-k08-d180-bs60-f1.000-r02:036217.277: log(norms):     [1023.47, 1026.23, 1028.14, 1028.15, 1028.33, 1028.18, 1028.35, 1028.31, 1028.21, 1028.25]
exp003-n1024-k08-d180-bs60-f1.000-r02:036217.294: (634 sec)
exp003-n1024-k08-d180-bs60-f1.000-r02:036217.294: Loop 48/100
exp003-n1024-k08-d180-bs60-f1.000-r02:036867.775: log(exp-norms): [1023.47, 1025.43, 1026.94]
exp003-n1024-k08-d180-bs60-f1.000-r02:036867.776: log(norms):     [1023.47, 1026.23, 1028.14, 1028.15, 1028.33, 1028.18, 1028.35, 1028.31, 1028.29, 1028.21]
exp003-n1024-k08-d180-bs60-f1.000-r02:036867.793: (651 sec)
exp003-n1024-k08-d180-bs60-f1.000-r02:036867.793: Loop 49/100
exp003-n1024-k08-d180-bs60-f1.000-r02:037528.521: log(exp-norms): [1023.47, 1025.43, 1026.94]
exp003-n1024-k08-d180-bs60-f1.000-r02:037528.521: log(norms):     [1023.47, 1026.23, 1028.14, 1028.15, 1028.33, 1028.18, 1028.35, 1028.31, 1028.29, 1028.43]
exp003-n1024-k08-d180-bs60-f1.000-r02:037528.539: (661 sec)
exp003-n1024-k08-d180-bs60-f1.000-r02:037528.540: Loop 50/100
exp003-n1024-k08-d180-bs60-f1.000-r02:038200.168: log(exp-norms): [1023.47, 1025.43, 1026.94]
exp003-n1024-k08-d180-bs60-f1.000-r02:038200.168: log(norms):     [1023.47, 1026.23, 1028.14, 1028.15, 1028.33, 1028.18, 1028.35, 1028.31, 1028.29, 1028.43]
exp003-n1024-k08-d180-bs60-f1.000-r02:038200.186: (672 sec)
exp003-n1024-k08-d180-bs60-f1.000-r02:038200.186: Loop 51/100
exp003-n1024-k08-d180-bs60-f1.000-r02:038851.826: log(exp-norms): [1023.47, 1025.43, 1026.94]
exp003-n1024-k08-d180-bs60-f1.000-r02:038851.827: log(norms):     [1023.47, 1026.23, 1028.14, 1028.15, 1028.33, 1028.18, 1028.35, 1028.31, 1028.29, 1028.43]
exp003-n1024-k08-d180-bs60-f1.000-r02:038851.845: (652 sec)
exp003-n1024-k08-d180-bs60-f1.000-r02:038851.845: Loop 52/100
exp003-n1024-k08-d180-bs60-f1.000-r02:039502.333: log(exp-norms): [1023.47, 1025.43, 1026.94]
exp003-n1024-k08-d180-bs60-f1.000-r02:039502.333: log(norms):     [1023.47, 1026.23, 1028.14, 1028.15, 1028.33, 1028.25, 1028.19, 1028.31, 1028.43, 1028.22]
exp003-n1024-k08-d180-bs60-f1.000-r02:039502.351: (651 sec)
exp003-n1024-k08-d180-bs60-f1.000-r02:039502.351: Loop 53/100
exp003-n1024-k08-d180-bs60-f1.000-r02:040164.142: log(exp-norms): [1023.47, 1025.43, 1026.94]
exp003-n1024-k08-d180-bs60-f1.000-r02:040164.143: log(norms):     [1023.47, 1026.23, 1028.14, 1028.15, 1028.33, 1028.25, 1028.19, 1028.22, 1028.47, 1028.55]
exp003-n1024-k08-d180-bs60-f1.000-r02:040164.161: (662 sec)
exp003-n1024-k08-d180-bs60-f1.000-r02:040164.162: Loop 54/100
exp003-n1024-k08-d180-bs60-f1.000-r02:040824.373: log(exp-norms): [1023.47, 1025.43, 1026.94]
exp003-n1024-k08-d180-bs60-f1.000-r02:040824.374: log(norms):     [1023.47, 1026.23, 1028.14, 1028.15, 1028.33, 1028.25, 1028.19, 1028.22, 1028.47, 1028.45]
exp003-n1024-k08-d180-bs60-f1.000-r02:040824.392: (661 sec)
exp003-n1024-k08-d180-bs60-f1.000-r02:040824.393: Loop 55/100
exp003-n1024-k08-d180-bs60-f1.000-r02:041515.075: log(exp-norms): [1023.47, 1025.43, 1026.94]
exp003-n1024-k08-d180-bs60-f1.000-r02:041515.076: log(norms):     [1023.47, 1026.23, 1028.14, 1028.15, 1028.33, 1028.25, 1028.19, 1028.22, 1028.47, 1028.45]
exp003-n1024-k08-d180-bs60-f1.000-r02:041515.094: (691 sec)
exp003-n1024-k08-d180-bs60-f1.000-r02:041515.094: Loop 56/100
exp003-n1024-k08-d180-bs60-f1.000-r02:042213.083: log(exp-norms): [1023.47, 1025.43, 1026.94]
exp003-n1024-k08-d180-bs60-f1.000-r02:042213.083: log(norms):     [1023.47, 1026.23, 1028.14, 1028.15, 1028.33, 1028.25, 1028.19, 1028.22, 1028.47, 1028.45]
exp003-n1024-k08-d180-bs60-f1.000-r02:042213.100: (699 sec)
exp003-n1024-k08-d180-bs60-f1.000-r02:042213.101: Loop 57/100
exp003-n1024-k08-d180-bs60-f1.000-r02:042872.338: log(exp-norms): [1023.47, 1025.43, 1026.94]
exp003-n1024-k08-d180-bs60-f1.000-r02:042872.339: log(norms):     [1023.47, 1026.23, 1028.14, 1028.14, 1028.15, 1028.33, 1028.25, 1028.22, 1028.47, 1028.19]
exp003-n1024-k08-d180-bs60-f1.000-r02:042872.356: (660 sec)
exp003-n1024-k08-d180-bs60-f1.000-r02:042872.356: Loop 58/100
exp003-n1024-k08-d180-bs60-f1.000-r02:043501.003: log(exp-norms): [1023.47, 1025.43, 1026.94]
exp003-n1024-k08-d180-bs60-f1.000-r02:043501.004: log(norms):     [1023.47, 1026.23, 1028.14, 1028.14, 1028.15, 1028.33, 1028.25, 1028.22, 1028.47, 1028.19]
exp003-n1024-k08-d180-bs60-f1.000-r02:043501.021: (629 sec)
exp003-n1024-k08-d180-bs60-f1.000-r02:043501.021: Loop 59/100
exp003-n1024-k08-d180-bs60-f1.000-r02:044151.205: log(exp-norms): [1023.47, 1025.43, 1026.94]
exp003-n1024-k08-d180-bs60-f1.000-r02:044151.206: log(norms):     [1023.47, 1026.23, 1028.14, 1028.14, 1028.15, 1028.33, 1028.25, 1028.22, 1028.47, 1028.19]
exp003-n1024-k08-d180-bs60-f1.000-r02:044151.223: (651 sec)
exp003-n1024-k08-d180-bs60-f1.000-r02:044151.223: Loop 60/100
exp003-n1024-k08-d180-bs60-f1.000-r02:044792.223: log(exp-norms): [1023.47, 1025.43, 1026.94]
exp003-n1024-k08-d180-bs60-f1.000-r02:044792.224: log(norms):     [1023.47, 1026.23, 1028.14, 1028.14, 1028.15, 1028.33, 1028.25, 1028.22, 1028.47, 1028.19]
exp003-n1024-k08-d180-bs60-f1.000-r02:044792.241: (642 sec)
exp003-n1024-k08-d180-bs60-f1.000-r02:044792.241: Loop 61/100
exp003-n1024-k08-d180-bs60-f1.000-r02:045426.678: log(exp-norms): [1023.47, 1025.43, 1026.94]
exp003-n1024-k08-d180-bs60-f1.000-r02:045426.679: log(norms):     [1023.47, 1026.23, 1028.14, 1028.14, 1028.15, 1028.33, 1028.35, 1028.25, 1028.19, 1028.49]
exp003-n1024-k08-d180-bs60-f1.000-r02:045426.697: (635 sec)
exp003-n1024-k08-d180-bs60-f1.000-r02:045426.697: Loop 62/100
exp003-n1024-k08-d180-bs60-f1.000-r02:046057.854: log(exp-norms): [1023.47, 1025.43, 1026.94]
exp003-n1024-k08-d180-bs60-f1.000-r02:046057.854: log(norms):     [1023.47, 1026.23, 1028.14, 1028.14, 1028.15, 1028.33, 1028.35, 1028.25, 1028.19, 1028.49]
exp003-n1024-k08-d180-bs60-f1.000-r02:046057.871: (632 sec)
exp003-n1024-k08-d180-bs60-f1.000-r02:046057.872: Loop 63/100
exp003-n1024-k08-d180-bs60-f1.000-r02:046701.807: log(exp-norms): [1023.47, 1025.43, 1026.94]
exp003-n1024-k08-d180-bs60-f1.000-r02:046701.808: log(norms):     [1023.47, 1026.23, 1028.14, 1028.14, 1028.15, 1028.33, 1028.35, 1028.25, 1028.19, 1028.49]
exp003-n1024-k08-d180-bs60-f1.000-r02:046701.825: (644 sec)
exp003-n1024-k08-d180-bs60-f1.000-r02:046701.825: Loop 64/100
exp003-n1024-k08-d180-bs60-f1.000-r02:047343.686: log(exp-norms): [1023.47, 1025.43, 1026.94]
exp003-n1024-k08-d180-bs60-f1.000-r02:047343.687: log(norms):     [1023.47, 1026.23, 1028.14, 1028.14, 1028.15, 1028.33, 1028.35, 1028.25, 1028.19, 1028.49]
exp003-n1024-k08-d180-bs60-f1.000-r02:047343.704: (642 sec)
exp003-n1024-k08-d180-bs60-f1.000-r02:047343.705: Loop 65/100
exp003-n1024-k08-d180-bs60-f1.000-r02:047999.467: log(exp-norms): [1023.47, 1025.43, 1026.94]
exp003-n1024-k08-d180-bs60-f1.000-r02:047999.468: log(norms):     [1023.47, 1026.23, 1028.14, 1028.14, 1028.15, 1028.33, 1028.35, 1028.25, 1028.19, 1028.49]
exp003-n1024-k08-d180-bs60-f1.000-r02:047999.486: (656 sec)
exp003-n1024-k08-d180-bs60-f1.000-r02:047999.487: Loop 66/100
exp003-n1024-k08-d180-bs60-f1.000-r02:048706.707: log(exp-norms): [1023.47, 1025.43, 1026.94]
exp003-n1024-k08-d180-bs60-f1.000-r02:048706.708: log(norms):     [1023.47, 1026.23, 1028.14, 1028.14, 1028.15, 1028.33, 1028.35, 1028.25, 1028.19, 1028.49]
exp003-n1024-k08-d180-bs60-f1.000-r02:048706.728: (708 sec)
exp003-n1024-k08-d180-bs60-f1.000-r02:048706.728: Loop 67/100
exp003-n1024-k08-d180-bs60-f1.000-r02:049360.768: log(exp-norms): [1023.47, 1025.43, 1026.94]
exp003-n1024-k08-d180-bs60-f1.000-r02:049360.768: log(norms):     [1023.47, 1026.23, 1028.14, 1028.14, 1028.15, 1028.33, 1028.24, 1028.35, 1028.42, 1028.42]
exp003-n1024-k08-d180-bs60-f1.000-r02:049360.788: (655 sec)
exp003-n1024-k08-d180-bs60-f1.000-r02:049360.788: Loop 68/100
exp003-n1024-k08-d180-bs60-f1.000-r02:050040.051: log(exp-norms): [1023.47, 1025.43, 1026.94]
exp003-n1024-k08-d180-bs60-f1.000-r02:050040.053: log(norms):     [1023.47, 1026.23, 1028.14, 1028.14, 1028.15, 1028.33, 1028.24, 1028.35, 1028.42, 1028.42]
exp003-n1024-k08-d180-bs60-f1.000-r02:050040.070: (680 sec)
exp003-n1024-k08-d180-bs60-f1.000-r02:050040.071: Loop 69/100
exp003-n1024-k08-d180-bs60-f1.000-r02:050717.075: log(exp-norms): [1023.47, 1025.43, 1026.94]
exp003-n1024-k08-d180-bs60-f1.000-r02:050717.076: log(norms):     [1023.47, 1026.23, 1028.14, 1028.14, 1028.15, 1028.33, 1028.24, 1028.25, 1028.35, 1028.42]
exp003-n1024-k08-d180-bs60-f1.000-r02:050717.095: (678 sec)
exp003-n1024-k08-d180-bs60-f1.000-r02:050717.096: Loop 70/100
exp003-n1024-k08-d180-bs60-f1.000-r02:051387.719: log(exp-norms): [1023.47, 1025.43, 1026.94]
exp003-n1024-k08-d180-bs60-f1.000-r02:051387.720: log(norms):     [1023.47, 1026.23, 1028.14, 1028.14, 1028.15, 1028.33, 1028.24, 1028.25, 1028.34, 1028.37]
exp003-n1024-k08-d180-bs60-f1.000-r02:051387.738: (671 sec)
exp003-n1024-k08-d180-bs60-f1.000-r02:051387.739: Loop 71/100
exp003-n1024-k08-d180-bs60-f1.000-r02:052070.587: log(exp-norms): [1023.47, 1025.43, 1026.94]
exp003-n1024-k08-d180-bs60-f1.000-r02:052070.588: log(norms):     [1023.47, 1026.23, 1028.14, 1028.14, 1028.15, 1028.33, 1028.24, 1028.25, 1028.34, 1028.37]
exp003-n1024-k08-d180-bs60-f1.000-r02:052070.607: (683 sec)
exp003-n1024-k08-d180-bs60-f1.000-r02:052070.607: Loop 72/100
exp003-n1024-k08-d180-bs60-f1.000-r02:052757.687: log(exp-norms): [1023.47, 1025.43, 1026.94]
exp003-n1024-k08-d180-bs60-f1.000-r02:052757.687: log(norms):     [1023.47, 1026.23, 1028.14, 1028.14, 1028.16, 1028.15, 1028.33, 1028.25, 1028.24, 1028.34]
exp003-n1024-k08-d180-bs60-f1.000-r02:052757.705: (688 sec)
exp003-n1024-k08-d180-bs60-f1.000-r02:052757.706: Loop 73/100
exp003-n1024-k08-d180-bs60-f1.000-r02:053426.588: log(exp-norms): [1023.47, 1025.43, 1026.94]
exp003-n1024-k08-d180-bs60-f1.000-r02:053426.589: log(norms):     [1023.47, 1026.23, 1028.14, 1028.14, 1028.16, 1028.15, 1028.33, 1028.33, 1028.25, 1028.47]
exp003-n1024-k08-d180-bs60-f1.000-r02:053426.608: (669 sec)
exp003-n1024-k08-d180-bs60-f1.000-r02:053426.608: Loop 74/100
exp003-n1024-k08-d180-bs60-f1.000-r02:054084.161: log(exp-norms): [1023.47, 1025.43, 1026.94]
exp003-n1024-k08-d180-bs60-f1.000-r02:054084.161: log(norms):     [1023.47, 1026.23, 1028.14, 1028.14, 1028.16, 1028.15, 1028.33, 1028.33, 1028.25, 1028.47]
exp003-n1024-k08-d180-bs60-f1.000-r02:054084.180: (658 sec)
exp003-n1024-k08-d180-bs60-f1.000-r02:054084.180: Loop 75/100
exp003-n1024-k08-d180-bs60-f1.000-r02:054770.726: log(exp-norms): [1023.47, 1025.43, 1026.94]
exp003-n1024-k08-d180-bs60-f1.000-r02:054770.727: log(norms):     [1023.47, 1026.23, 1028.14, 1028.14, 1028.16, 1028.22, 1028.15, 1028.32, 1028.39, 1028.33]
exp003-n1024-k08-d180-bs60-f1.000-r02:054770.745: (687 sec)
exp003-n1024-k08-d180-bs60-f1.000-r02:054770.746: Loop 76/100
exp003-n1024-k08-d180-bs60-f1.000-r02:055462.994: log(exp-norms): [1023.47, 1025.43, 1026.94]
exp003-n1024-k08-d180-bs60-f1.000-r02:055462.995: log(norms):     [1023.47, 1026.23, 1028.14, 1028.14, 1028.16, 1028.34, 1028.22, 1028.15, 1028.32, 1028.34]
exp003-n1024-k08-d180-bs60-f1.000-r02:055463.013: (693 sec)
exp003-n1024-k08-d180-bs60-f1.000-r02:055463.014: Loop 77/100
exp003-n1024-k08-d180-bs60-f1.000-r02:056143.757: log(exp-norms): [1023.47, 1025.43, 1026.94]
exp003-n1024-k08-d180-bs60-f1.000-r02:056143.758: log(norms):     [1023.47, 1026.23, 1028.14, 1028.14, 1028.16, 1028.34, 1028.22, 1028.15, 1028.32, 1028.34]
exp003-n1024-k08-d180-bs60-f1.000-r02:056143.776: (681 sec)
exp003-n1024-k08-d180-bs60-f1.000-r02:056143.777: Loop 78/100
exp003-n1024-k08-d180-bs60-f1.000-r02:056866.082: log(exp-norms): [1023.47, 1025.43, 1026.94]
exp003-n1024-k08-d180-bs60-f1.000-r02:056866.083: log(norms):     [1023.47, 1026.23, 1028.14, 1028.14, 1028.16, 1028.34, 1028.22, 1028.15, 1028.32, 1028.34]
exp003-n1024-k08-d180-bs60-f1.000-r02:056866.105: (723 sec)
exp003-n1024-k08-d180-bs60-f1.000-r02:056866.106: Loop 79/100
exp003-n1024-k08-d180-bs60-f1.000-r02:057550.905: log(exp-norms): [1023.47, 1025.43, 1026.94]
exp003-n1024-k08-d180-bs60-f1.000-r02:057550.906: log(norms):     [1023.47, 1026.23, 1028.14, 1028.14, 1028.16, 1028.34, 1028.34, 1028.22, 1028.33, 1028.32]
exp003-n1024-k08-d180-bs60-f1.000-r02:057550.924: (685 sec)
exp003-n1024-k08-d180-bs60-f1.000-r02:057550.925: Loop 80/100
exp003-n1024-k08-d180-bs60-f1.000-r02:058224.115: log(exp-norms): [1023.47, 1025.43, 1026.94]
exp003-n1024-k08-d180-bs60-f1.000-r02:058224.116: log(norms):     [1023.47, 1026.23, 1028.14, 1028.14, 1028.16, 1028.34, 1028.34, 1028.22, 1028.33, 1028.32]
exp003-n1024-k08-d180-bs60-f1.000-r02:058224.134: (674 sec)
exp003-n1024-k08-d180-bs60-f1.000-r02:058224.134: Loop 81/100
exp003-n1024-k08-d180-bs60-f1.000-r02:058915.718: log(exp-norms): [1023.47, 1025.43, 1026.94]
exp003-n1024-k08-d180-bs60-f1.000-r02:058915.719: log(norms):     [1023.47, 1026.23, 1028.14, 1028.14, 1028.16, 1028.34, 1028.34, 1028.22, 1028.33, 1028.32]
exp003-n1024-k08-d180-bs60-f1.000-r02:058915.737: (692 sec)
exp003-n1024-k08-d180-bs60-f1.000-r02:058915.738: Loop 82/100
exp003-n1024-k08-d180-bs60-f1.000-r02:059623.675: log(exp-norms): [1023.47, 1025.43, 1026.94]
exp003-n1024-k08-d180-bs60-f1.000-r02:059623.676: log(norms):     [1023.47, 1026.23, 1028.14, 1028.14, 1028.16, 1028.34, 1028.34, 1028.22, 1028.33, 1028.32]
exp003-n1024-k08-d180-bs60-f1.000-r02:059623.694: (708 sec)
exp003-n1024-k08-d180-bs60-f1.000-r02:059623.695: Loop 83/100
exp003-n1024-k08-d180-bs60-f1.000-r02:060279.688: log(exp-norms): [1023.47, 1025.43, 1026.94]
exp003-n1024-k08-d180-bs60-f1.000-r02:060279.688: log(norms):     [1023.47, 1026.23, 1028.14, 1028.14, 1028.16, 1028.34, 1028.34, 1028.22, 1028.33, 1028.32]
exp003-n1024-k08-d180-bs60-f1.000-r02:060279.707: (657 sec)
exp003-n1024-k08-d180-bs60-f1.000-r02:060279.707: Loop 84/100
exp003-n1024-k08-d180-bs60-f1.000-r02:060948.760: log(exp-norms): [1023.47, 1025.43, 1026.94]
exp003-n1024-k08-d180-bs60-f1.000-r02:060948.761: log(norms):     [1023.47, 1026.23, 1028.14, 1028.14, 1028.16, 1028.34, 1028.34, 1028.22, 1028.33, 1028.32]
exp003-n1024-k08-d180-bs60-f1.000-r02:060948.779: (670 sec)
exp003-n1024-k08-d180-bs60-f1.000-r02:060948.780: Loop 85/100
exp003-n1024-k08-d180-bs60-f1.000-r02:061625.179: log(exp-norms): [1023.47, 1025.43, 1026.94]
exp003-n1024-k08-d180-bs60-f1.000-r02:061625.180: log(norms):     [1023.47, 1026.23, 1028.14, 1028.14, 1028.16, 1028.34, 1028.28, 1028.34, 1028.22, 1028.33]
exp003-n1024-k08-d180-bs60-f1.000-r02:061625.198: (677 sec)
exp003-n1024-k08-d180-bs60-f1.000-r02:061625.198: Loop 86/100
exp003-n1024-k08-d180-bs60-f1.000-r02:062321.431: log(exp-norms): [1023.47, 1025.43, 1026.94]
exp003-n1024-k08-d180-bs60-f1.000-r02:062321.431: log(norms):     [1023.47, 1026.23, 1028.14, 1028.14, 1028.16, 1028.34, 1028.28, 1028.26, 1028.22, 1028.56]
exp003-n1024-k08-d180-bs60-f1.000-r02:062321.450: (697 sec)
exp003-n1024-k08-d180-bs60-f1.000-r02:062321.450: Loop 87/100
exp003-n1024-k08-d180-bs60-f1.000-r02:062985.022: log(exp-norms): [1023.47, 1025.43, 1026.94]
exp003-n1024-k08-d180-bs60-f1.000-r02:062985.024: log(norms):     [1023.47, 1026.23, 1028.14, 1028.14, 1028.16, 1028.34, 1028.28, 1028.26, 1028.22, 1028.56]
exp003-n1024-k08-d180-bs60-f1.000-r02:062985.042: (664 sec)
exp003-n1024-k08-d180-bs60-f1.000-r02:062985.042: Loop 88/100
exp003-n1024-k08-d180-bs60-f1.000-r02:063674.518: log(exp-norms): [1023.47, 1025.43, 1026.94]
exp003-n1024-k08-d180-bs60-f1.000-r02:063674.519: log(norms):     [1023.47, 1026.23, 1028.14, 1028.14, 1028.16, 1028.34, 1028.28, 1028.26, 1028.39, 1028.22]
exp003-n1024-k08-d180-bs60-f1.000-r02:063674.537: (690 sec)
exp003-n1024-k08-d180-bs60-f1.000-r02:063674.537: Loop 89/100
exp003-n1024-k08-d180-bs60-f1.000-r02:064356.878: log(exp-norms): [1023.47, 1025.43, 1026.94]
exp003-n1024-k08-d180-bs60-f1.000-r02:064356.879: log(norms):     [1023.47, 1026.23, 1028.14, 1028.14, 1028.16, 1028.34, 1028.28, 1028.26, 1028.39, 1028.22]
exp003-n1024-k08-d180-bs60-f1.000-r02:064356.897: (683 sec)
exp003-n1024-k08-d180-bs60-f1.000-r02:064356.898: Loop 90/100
exp003-n1024-k08-d180-bs60-f1.000-r02:065043.879: log(exp-norms): [1023.47, 1025.43, 1026.94]
exp003-n1024-k08-d180-bs60-f1.000-r02:065043.879: log(norms):     [1023.47, 1026.23, 1028.14, 1028.14, 1028.16, 1028.34, 1028.28, 1028.26, 1028.39, 1028.22]
exp003-n1024-k08-d180-bs60-f1.000-r02:065043.898: (687 sec)
exp003-n1024-k08-d180-bs60-f1.000-r02:065043.898: Loop 91/100
exp003-n1024-k08-d180-bs60-f1.000-r02:065721.682: log(exp-norms): [1023.47, 1025.43, 1026.94]
exp003-n1024-k08-d180-bs60-f1.000-r02:065721.682: log(norms):     [1023.47, 1026.23, 1028.14, 1028.14, 1028.16, 1028.34, 1028.34, 1028.28, 1028.26, 1028.39]
exp003-n1024-k08-d180-bs60-f1.000-r02:065721.701: (678 sec)
exp003-n1024-k08-d180-bs60-f1.000-r02:065721.701: Loop 92/100
exp003-n1024-k08-d180-bs60-f1.000-r02:066395.232: log(exp-norms): [1023.47, 1025.43, 1026.94]
exp003-n1024-k08-d180-bs60-f1.000-r02:066395.233: log(norms):     [1023.47, 1026.23, 1028.14, 1028.14, 1028.16, 1028.34, 1028.34, 1028.28, 1028.26, 1028.39]
exp003-n1024-k08-d180-bs60-f1.000-r02:066395.251: (674 sec)
exp003-n1024-k08-d180-bs60-f1.000-r02:066395.251: Loop 93/100
exp003-n1024-k08-d180-bs60-f1.000-r02:067085.310: log(exp-norms): [1023.47, 1025.43, 1026.94]
exp003-n1024-k08-d180-bs60-f1.000-r02:067085.310: log(norms):     [1023.47, 1026.23, 1028.14, 1028.14, 1028.16, 1028.34, 1028.34, 1028.37, 1028.28, 1028.47]
exp003-n1024-k08-d180-bs60-f1.000-r02:067085.329: (691 sec)
exp003-n1024-k08-d180-bs60-f1.000-r02:067085.329: Loop 94/100
exp003-n1024-k08-d180-bs60-f1.000-r02:067780.364: log(exp-norms): [1023.47, 1025.43, 1026.94]
exp003-n1024-k08-d180-bs60-f1.000-r02:067780.365: log(norms):     [1023.47, 1026.23, 1028.14, 1028.14, 1028.16, 1028.34, 1028.34, 1028.37, 1028.27, 1028.28]
exp003-n1024-k08-d180-bs60-f1.000-r02:067780.383: (696 sec)
exp003-n1024-k08-d180-bs60-f1.000-r02:067780.383: Loop 95/100
exp003-n1024-k08-d180-bs60-f1.000-r02:068461.532: log(exp-norms): [1023.47, 1025.43, 1026.94]
exp003-n1024-k08-d180-bs60-f1.000-r02:068461.533: log(norms):     [1023.47, 1026.23, 1028.14, 1028.14, 1028.16, 1028.34, 1028.34, 1028.37, 1028.27, 1028.28]
exp003-n1024-k08-d180-bs60-f1.000-r02:068461.551: (682 sec)
exp003-n1024-k08-d180-bs60-f1.000-r02:068461.552: Loop 96/100
exp003-n1024-k08-d180-bs60-f1.000-r02:069140.869: log(exp-norms): [1023.47, 1025.43, 1026.94]
exp003-n1024-k08-d180-bs60-f1.000-r02:069140.870: log(norms):     [1023.47, 1026.23, 1028.14, 1028.14, 1028.16, 1028.34, 1028.34, 1028.37, 1028.27, 1028.28]
exp003-n1024-k08-d180-bs60-f1.000-r02:069140.889: (680 sec)
exp003-n1024-k08-d180-bs60-f1.000-r02:069140.889: Loop 97/100
exp003-n1024-k08-d180-bs60-f1.000-r02:069796.257: log(exp-norms): [1023.47, 1025.43, 1026.94]
exp003-n1024-k08-d180-bs60-f1.000-r02:069796.258: log(norms):     [1023.47, 1026.23, 1028.14, 1028.14, 1028.16, 1028.34, 1028.34, 1028.37, 1028.27, 1028.28]
exp003-n1024-k08-d180-bs60-f1.000-r02:069796.276: (656 sec)
exp003-n1024-k08-d180-bs60-f1.000-r02:069796.276: Loop 98/100
exp003-n1024-k08-d180-bs60-f1.000-r02:070460.050: log(exp-norms): [1023.47, 1025.43, 1026.94]
exp003-n1024-k08-d180-bs60-f1.000-r02:070460.051: log(norms):     [1023.47, 1026.23, 1028.14, 1028.14, 1028.16, 1028.34, 1028.34, 1028.37, 1028.27, 1028.28]
exp003-n1024-k08-d180-bs60-f1.000-r02:070460.069: (664 sec)
exp003-n1024-k08-d180-bs60-f1.000-r02:070460.070: Loop 99/100
exp003-n1024-k08-d180-bs60-f1.000-r02:071117.161: log(exp-norms): [1023.47, 1025.43, 1026.94]
exp003-n1024-k08-d180-bs60-f1.000-r02:071117.162: log(norms):     [1023.47, 1026.23, 1028.14, 1028.14, 1028.16, 1028.34, 1028.34, 1028.37, 1028.27, 1028.1]
exp003-n1024-k08-d180-bs60-f1.000-r02:071117.180: (658 sec)
exp003-n1024-k08-d180-bs60-f1.000-r02:071117.181: Loop 100/100
exp003-n1024-k08-d180-bs60-f1.000-r02:071753.999: log(exp-norms): [1023.47, 1025.43, 1026.94]
exp003-n1024-k08-d180-bs60-f1.000-r02:071753.999: log(norms):     [1023.47, 1026.23, 1028.1, 1028.14, 1028.14, 1028.16, 1028.34, 1028.27, 1028.34, 1028.36]
exp003-n1024-k08-d180-bs60-f1.000-r02:071754.019: (637 sec)
exp003-n1024-k08-d180-bs60-f1.000-r02:071754.020: ==========================Summary===========================
exp003-n1024-k08-d180-bs60-f1.000-r02:071754.020: Total time: 71754sec
exp003-n1024-k08-d180-bs60-f1.000-r02:071754.020: FAIL
exp003-n1024-k08-d180-bs60-f1.000-r02:071754.020: SUMMARY:n:1024:k:8:d:180:bs:60:t:71754:r:False
