exp008-n1024-k08-d180-bs60-f1.000-r07:000000.192: ==========================Instance==========================
exp008-n1024-k08-d180-bs60-f1.000-r07:000000.192: # of equations: 180
exp008-n1024-k08-d180-bs60-f1.000-r07:000000.194: Gap: 2.84
exp008-n1024-k08-d180-bs60-f1.000-r07:000000.197: Tau: 2.47
exp008-n1024-k08-d180-bs60-f1.000-r07:000000.198: ======================BKZ-60 reduction======================
exp008-n1024-k08-d180-bs60-f1.000-r07:000003.536: Expectedly achievable log(norm): 1028.22
exp008-n1024-k08-d180-bs60-f1.000-r07:000007.973: log(exp-norms): [1023.47, 1025.43, 1026.94]
exp008-n1024-k08-d180-bs60-f1.000-r07:000007.974: log(norms):     [1033.92, 1026.23, 1030.94, 1030.94, 1030.94, 1030.94, 1030.94, 1030.94, 1030.94, 1030.94]
exp008-n1024-k08-d180-bs60-f1.000-r07:000008.090: Loop 1/100
exp008-n1024-k08-d180-bs60-f1.000-r07:001368.137: log(exp-norms): [1023.47, 1025.43, 1026.94]
exp008-n1024-k08-d180-bs60-f1.000-r07:001368.137: log(norms):     [1026.23, 1030.15, 1030.17, 1030.29, 1030.17, 1030.12, 1030.3, 1030.27, 1030.27, 1030.1]
exp008-n1024-k08-d180-bs60-f1.000-r07:001368.157: (1361 sec)
exp008-n1024-k08-d180-bs60-f1.000-r07:001368.158: Loop 2/100
exp008-n1024-k08-d180-bs60-f1.000-r07:002428.582: log(exp-norms): [1023.47, 1025.43, 1026.94]
exp008-n1024-k08-d180-bs60-f1.000-r07:002428.583: log(norms):     [1023.47, 1026.23, 1029.49, 1029.52, 1029.54, 1029.73, 1029.57, 1029.72, 1029.55, 1029.8]
exp008-n1024-k08-d180-bs60-f1.000-r07:002428.602: (1061 sec)
exp008-n1024-k08-d180-bs60-f1.000-r07:002428.603: Loop 3/100
exp008-n1024-k08-d180-bs60-f1.000-r07:003399.224: log(exp-norms): [1023.47, 1025.43, 1026.94]
exp008-n1024-k08-d180-bs60-f1.000-r07:003399.225: log(norms):     [1023.47, 1026.23, 1028.93, 1029.04, 1029.06, 1029.07, 1029.14, 1029.06, 1029.14, 1029.21]
exp008-n1024-k08-d180-bs60-f1.000-r07:003399.244: (971 sec)
exp008-n1024-k08-d180-bs60-f1.000-r07:003399.244: Loop 4/100
exp008-n1024-k08-d180-bs60-f1.000-r07:004272.542: log(exp-norms): [1023.47, 1025.43, 1026.94]
exp008-n1024-k08-d180-bs60-f1.000-r07:004272.543: log(norms):     [1023.47, 1026.23, 1028.71, 1028.72, 1028.79, 1028.86, 1028.86, 1029.0, 1028.8, 1028.96]
exp008-n1024-k08-d180-bs60-f1.000-r07:004272.572: (874 sec)
exp008-n1024-k08-d180-bs60-f1.000-r07:004272.572: Loop 5/100
exp008-n1024-k08-d180-bs60-f1.000-r07:005148.626: log(exp-norms): [1023.47, 1025.43, 1026.94]
exp008-n1024-k08-d180-bs60-f1.000-r07:005148.627: log(norms):     [1023.47, 1026.23, 1028.52, 1028.52, 1028.52, 1028.63, 1028.55, 1028.78, 1028.68, 1028.62]
exp008-n1024-k08-d180-bs60-f1.000-r07:005148.657: (877 sec)
exp008-n1024-k08-d180-bs60-f1.000-r07:005148.657: Loop 6/100
exp008-n1024-k08-d180-bs60-f1.000-r07:005916.649: log(exp-norms): [1023.47, 1025.43, 1026.94]
exp008-n1024-k08-d180-bs60-f1.000-r07:005916.649: log(norms):     [1023.47, 1026.23, 1028.4, 1028.42, 1028.38, 1028.55, 1028.66, 1028.56, 1028.61, 1028.49]
exp008-n1024-k08-d180-bs60-f1.000-r07:005916.672: (769 sec)
exp008-n1024-k08-d180-bs60-f1.000-r07:005916.673: Loop 7/100
exp008-n1024-k08-d180-bs60-f1.000-r07:006610.654: log(exp-norms): [1023.47, 1025.43, 1026.94]
exp008-n1024-k08-d180-bs60-f1.000-r07:006610.655: log(norms):     [1023.47, 1026.23, 1028.29, 1028.32, 1028.34, 1028.38, 1028.52, 1028.44, 1028.28, 1028.48]
exp008-n1024-k08-d180-bs60-f1.000-r07:006610.675: (695 sec)
exp008-n1024-k08-d180-bs60-f1.000-r07:006610.675: Loop 8/100
exp008-n1024-k08-d180-bs60-f1.000-r07:007277.660: log(exp-norms): [1023.47, 1025.43, 1026.94]
exp008-n1024-k08-d180-bs60-f1.000-r07:007277.660: log(norms):     [1023.47, 1026.23, 1028.23, 1028.28, 1028.32, 1028.55, 1028.41, 1028.37, 1028.31, 1028.53]
exp008-n1024-k08-d180-bs60-f1.000-r07:007277.679: (668 sec)
exp008-n1024-k08-d180-bs60-f1.000-r07:007277.679: Loop 9/100
exp008-n1024-k08-d180-bs60-f1.000-r07:007906.369: log(exp-norms): [1023.47, 1025.43, 1026.94]
exp008-n1024-k08-d180-bs60-f1.000-r07:007906.369: log(norms):     [1023.47, 1026.23, 1028.23, 1028.33, 1028.28, 1028.37, 1028.35, 1028.38, 1028.4, 1028.31]
exp008-n1024-k08-d180-bs60-f1.000-r07:007906.387: (629 sec)
exp008-n1024-k08-d180-bs60-f1.000-r07:007906.387: Loop 10/100
exp008-n1024-k08-d180-bs60-f1.000-r07:008540.799: log(exp-norms): [1023.47, 1025.43, 1026.94]
exp008-n1024-k08-d180-bs60-f1.000-r07:008540.800: log(norms):     [1023.47, 1026.23, 1028.23, 1028.33, 1028.28, 1028.37, 1028.4, 1028.35, 1028.31, 1028.35]
exp008-n1024-k08-d180-bs60-f1.000-r07:008540.819: (635 sec)
exp008-n1024-k08-d180-bs60-f1.000-r07:008540.819: Loop 11/100
exp008-n1024-k08-d180-bs60-f1.000-r07:009182.914: log(exp-norms): [1023.47, 1025.43, 1026.94]
exp008-n1024-k08-d180-bs60-f1.000-r07:009182.915: log(norms):     [1023.47, 1026.23, 1028.2, 1028.23, 1028.35, 1028.33, 1028.28, 1028.37, 1028.4, 1028.39]
exp008-n1024-k08-d180-bs60-f1.000-r07:009182.932: (643 sec)
exp008-n1024-k08-d180-bs60-f1.000-r07:009182.933: Loop 12/100
exp008-n1024-k08-d180-bs60-f1.000-r07:009851.855: log(exp-norms): [1023.47, 1025.43, 1026.94]
exp008-n1024-k08-d180-bs60-f1.000-r07:009851.855: log(norms):     [1023.47, 1026.23, 1028.17, 1028.23, 1028.2, 1028.35, 1028.28, 1028.38, 1028.4, 1028.45]
exp008-n1024-k08-d180-bs60-f1.000-r07:009851.873: (669 sec)
exp008-n1024-k08-d180-bs60-f1.000-r07:009851.873: Loop 13/100
exp008-n1024-k08-d180-bs60-f1.000-r07:010483.266: log(exp-norms): [1023.47, 1025.43, 1026.94]
exp008-n1024-k08-d180-bs60-f1.000-r07:010483.267: log(norms):     [1023.47, 1026.23, 1028.17, 1028.23, 1028.2, 1028.35, 1028.4, 1028.28, 1028.26, 1028.46]
exp008-n1024-k08-d180-bs60-f1.000-r07:010483.285: (632 sec)
exp008-n1024-k08-d180-bs60-f1.000-r07:010483.285: Loop 14/100
exp008-n1024-k08-d180-bs60-f1.000-r07:011147.354: log(exp-norms): [1023.47, 1025.43, 1026.94]
exp008-n1024-k08-d180-bs60-f1.000-r07:011147.355: log(norms):     [1023.47, 1026.23, 1028.17, 1028.23, 1028.2, 1028.35, 1028.4, 1028.45, 1028.28, 1028.26]
exp008-n1024-k08-d180-bs60-f1.000-r07:011147.373: (665 sec)
exp008-n1024-k08-d180-bs60-f1.000-r07:011147.373: Loop 15/100
exp008-n1024-k08-d180-bs60-f1.000-r07:011952.616: log(exp-norms): [1023.47, 1025.43, 1026.94]
exp008-n1024-k08-d180-bs60-f1.000-r07:011952.617: log(norms):     [1023.47, 1026.23, 1028.17, 1028.23, 1028.2, 1028.35, 1028.4, 1028.45, 1028.28, 1028.26]
exp008-n1024-k08-d180-bs60-f1.000-r07:011952.646: (806 sec)
exp008-n1024-k08-d180-bs60-f1.000-r07:011952.647: Loop 16/100
exp008-n1024-k08-d180-bs60-f1.000-r07:012940.424: log(exp-norms): [1023.47, 1025.43, 1026.94]
exp008-n1024-k08-d180-bs60-f1.000-r07:012940.425: log(norms):     [1023.47, 1026.23, 1028.17, 1028.23, 1028.21, 1028.26, 1028.48, 1028.19, 1028.2, 1028.35]
exp008-n1024-k08-d180-bs60-f1.000-r07:012940.455: (988 sec)
exp008-n1024-k08-d180-bs60-f1.000-r07:012940.456: Loop 17/100
exp008-n1024-k08-d180-bs60-f1.000-r07:013947.628: log(exp-norms): [1023.47, 1025.43, 1026.94]
exp008-n1024-k08-d180-bs60-f1.000-r07:013947.629: log(norms):     [1023.47, 1026.23, 1028.17, 1028.23, 1028.27, 1028.37, 1028.38, 1028.21, 1028.19, 1028.26]
exp008-n1024-k08-d180-bs60-f1.000-r07:013947.647: (1008 sec)
exp008-n1024-k08-d180-bs60-f1.000-r07:013947.648: Loop 18/100
exp008-n1024-k08-d180-bs60-f1.000-r07:014860.632: log(exp-norms): [1023.47, 1025.43, 1026.94]
exp008-n1024-k08-d180-bs60-f1.000-r07:014860.635: log(norms):     [1023.47, 1026.23, 1028.17, 1028.23, 1028.27, 1028.37, 1028.31, 1028.45, 1028.33, 1028.48]
exp008-n1024-k08-d180-bs60-f1.000-r07:014860.667: (914 sec)
exp008-n1024-k08-d180-bs60-f1.000-r07:014860.668: Loop 19/100
exp008-n1024-k08-d180-bs60-f1.000-r07:015758.651: log(exp-norms): [1023.47, 1025.43, 1026.94]
exp008-n1024-k08-d180-bs60-f1.000-r07:015758.652: log(norms):     [1023.47, 1026.23, 1028.17, 1028.23, 1028.24, 1028.27, 1028.37, 1028.31, 1028.42, 1028.41]
exp008-n1024-k08-d180-bs60-f1.000-r07:015758.683: (899 sec)
exp008-n1024-k08-d180-bs60-f1.000-r07:015758.683: Loop 20/100
exp008-n1024-k08-d180-bs60-f1.000-r07:016675.523: log(exp-norms): [1023.47, 1025.43, 1026.94]
exp008-n1024-k08-d180-bs60-f1.000-r07:016675.524: log(norms):     [1023.47, 1026.23, 1028.17, 1028.23, 1028.24, 1028.27, 1028.35, 1028.37, 1028.36, 1028.38]
exp008-n1024-k08-d180-bs60-f1.000-r07:016675.553: (917 sec)
exp008-n1024-k08-d180-bs60-f1.000-r07:016675.554: Loop 21/100
exp008-n1024-k08-d180-bs60-f1.000-r07:017587.478: log(exp-norms): [1023.47, 1025.43, 1026.94]
exp008-n1024-k08-d180-bs60-f1.000-r07:017587.479: log(norms):     [1023.47, 1026.23, 1028.17, 1028.23, 1028.24, 1028.27, 1028.35, 1028.37, 1028.5, 1028.36]
exp008-n1024-k08-d180-bs60-f1.000-r07:017587.509: (912 sec)
exp008-n1024-k08-d180-bs60-f1.000-r07:017587.510: Loop 22/100
exp008-n1024-k08-d180-bs60-f1.000-r07:018523.373: log(exp-norms): [1023.47, 1025.43, 1026.94]
exp008-n1024-k08-d180-bs60-f1.000-r07:018523.374: log(norms):     [1023.47, 1026.23, 1028.14, 1028.17, 1028.23, 1028.24, 1028.27, 1028.35, 1028.55, 1028.34]
exp008-n1024-k08-d180-bs60-f1.000-r07:018523.393: (936 sec)
exp008-n1024-k08-d180-bs60-f1.000-r07:018523.393: Loop 23/100
exp008-n1024-k08-d180-bs60-f1.000-r07:019452.572: log(exp-norms): [1023.47, 1025.43, 1026.94]
exp008-n1024-k08-d180-bs60-f1.000-r07:019452.573: log(norms):     [1023.47, 1026.23, 1028.14, 1028.17, 1028.23, 1028.24, 1028.27, 1028.25, 1028.41, 1028.35]
exp008-n1024-k08-d180-bs60-f1.000-r07:019452.603: (930 sec)
exp008-n1024-k08-d180-bs60-f1.000-r07:019452.603: Loop 24/100
exp008-n1024-k08-d180-bs60-f1.000-r07:020396.483: log(exp-norms): [1023.47, 1025.43, 1026.94]
exp008-n1024-k08-d180-bs60-f1.000-r07:020396.484: log(norms):     [1023.47, 1026.23, 1028.14, 1028.17, 1028.23, 1028.24, 1028.27, 1028.25, 1028.45, 1028.41]
exp008-n1024-k08-d180-bs60-f1.000-r07:020396.504: (944 sec)
exp008-n1024-k08-d180-bs60-f1.000-r07:020396.505: Loop 25/100
exp008-n1024-k08-d180-bs60-f1.000-r07:021252.761: log(exp-norms): [1023.47, 1025.43, 1026.94]
exp008-n1024-k08-d180-bs60-f1.000-r07:021252.762: log(norms):     [1023.47, 1026.23, 1028.14, 1028.17, 1028.23, 1028.24, 1028.27, 1028.25, 1028.45, 1028.41]
exp008-n1024-k08-d180-bs60-f1.000-r07:021252.781: (857 sec)
exp008-n1024-k08-d180-bs60-f1.000-r07:021252.781: Loop 26/100
exp008-n1024-k08-d180-bs60-f1.000-r07:022145.053: log(exp-norms): [1023.47, 1025.43, 1026.94]
exp008-n1024-k08-d180-bs60-f1.000-r07:022145.053: log(norms):     [1023.47, 1026.23, 1028.14, 1028.17, 1028.2, 1028.2, 1028.31, 1028.27, 1028.25, 1028.26]
exp008-n1024-k08-d180-bs60-f1.000-r07:022145.071: (893 sec)
exp008-n1024-k08-d180-bs60-f1.000-r07:022145.072: Loop 27/100
exp008-n1024-k08-d180-bs60-f1.000-r07:022867.504: log(exp-norms): [1023.47, 1025.43, 1026.94]
exp008-n1024-k08-d180-bs60-f1.000-r07:022867.505: log(norms):     [1023.47, 1026.23, 1028.14, 1028.17, 1028.2, 1028.36, 1028.25, 1028.26, 1028.24, 1028.27]
exp008-n1024-k08-d180-bs60-f1.000-r07:022867.524: (723 sec)
exp008-n1024-k08-d180-bs60-f1.000-r07:022867.524: Loop 28/100
exp008-n1024-k08-d180-bs60-f1.000-r07:023771.241: log(exp-norms): [1023.47, 1025.43, 1026.94]
exp008-n1024-k08-d180-bs60-f1.000-r07:023771.242: log(norms):     [1023.47, 1026.23, 1028.14, 1028.17, 1028.2, 1028.36, 1028.25, 1028.26, 1028.24, 1028.27]
exp008-n1024-k08-d180-bs60-f1.000-r07:023771.271: (904 sec)
exp008-n1024-k08-d180-bs60-f1.000-r07:023771.272: Loop 29/100
exp008-n1024-k08-d180-bs60-f1.000-r07:024630.821: log(exp-norms): [1023.47, 1025.43, 1026.94]
exp008-n1024-k08-d180-bs60-f1.000-r07:024630.821: log(norms):     [1023.47, 1026.23, 1028.14, 1028.29, 1028.17, 1028.25, 1028.23, 1028.36, 1028.32, 1028.2]
exp008-n1024-k08-d180-bs60-f1.000-r07:024630.841: (860 sec)
exp008-n1024-k08-d180-bs60-f1.000-r07:024630.841: Loop 30/100
exp008-n1024-k08-d180-bs60-f1.000-r07:025306.810: log(exp-norms): [1023.47, 1025.43, 1026.94]
exp008-n1024-k08-d180-bs60-f1.000-r07:025306.811: log(norms):     [1023.47, 1026.23, 1028.14, 1028.29, 1028.17, 1028.25, 1028.23, 1028.36, 1028.33, 1028.35]
exp008-n1024-k08-d180-bs60-f1.000-r07:025306.829: (676 sec)
exp008-n1024-k08-d180-bs60-f1.000-r07:025306.829: Loop 31/100
exp008-n1024-k08-d180-bs60-f1.000-r07:025941.280: log(exp-norms): [1023.47, 1025.43, 1026.94]
exp008-n1024-k08-d180-bs60-f1.000-r07:025941.280: log(norms):     [1023.47, 1026.23, 1028.14, 1028.29, 1028.17, 1028.25, 1028.23, 1028.36, 1028.33, 1028.35]
exp008-n1024-k08-d180-bs60-f1.000-r07:025941.298: (635 sec)
exp008-n1024-k08-d180-bs60-f1.000-r07:025941.299: Loop 32/100
exp008-n1024-k08-d180-bs60-f1.000-r07:026591.568: log(exp-norms): [1023.47, 1025.43, 1026.94]
exp008-n1024-k08-d180-bs60-f1.000-r07:026591.568: log(norms):     [1023.47, 1026.23, 1028.14, 1028.29, 1028.17, 1028.25, 1028.23, 1028.36, 1028.33, 1028.35]
exp008-n1024-k08-d180-bs60-f1.000-r07:026591.586: (651 sec)
exp008-n1024-k08-d180-bs60-f1.000-r07:026591.587: Loop 33/100
exp008-n1024-k08-d180-bs60-f1.000-r07:027248.657: log(exp-norms): [1023.47, 1025.43, 1026.94]
exp008-n1024-k08-d180-bs60-f1.000-r07:027248.658: log(norms):     [1023.47, 1026.23, 1028.14, 1028.29, 1028.21, 1028.17, 1028.25, 1028.4, 1028.32, 1028.33]
exp008-n1024-k08-d180-bs60-f1.000-r07:027248.676: (658 sec)
exp008-n1024-k08-d180-bs60-f1.000-r07:027248.676: Loop 34/100
exp008-n1024-k08-d180-bs60-f1.000-r07:027913.270: log(exp-norms): [1023.47, 1025.43, 1026.94]
exp008-n1024-k08-d180-bs60-f1.000-r07:027913.271: log(norms):     [1023.47, 1026.23, 1028.14, 1028.29, 1028.21, 1028.17, 1028.25, 1028.4, 1028.32, 1028.33]
exp008-n1024-k08-d180-bs60-f1.000-r07:027913.290: (665 sec)
exp008-n1024-k08-d180-bs60-f1.000-r07:027913.290: Loop 35/100
exp008-n1024-k08-d180-bs60-f1.000-r07:028542.197: log(exp-norms): [1023.47, 1025.43, 1026.94]
exp008-n1024-k08-d180-bs60-f1.000-r07:028542.198: log(norms):     [1023.47, 1026.23, 1028.14, 1028.29, 1028.21, 1028.17, 1028.25, 1028.4, 1028.32, 1028.33]
exp008-n1024-k08-d180-bs60-f1.000-r07:028542.216: (629 sec)
exp008-n1024-k08-d180-bs60-f1.000-r07:028542.216: Loop 36/100
exp008-n1024-k08-d180-bs60-f1.000-r07:029194.801: log(exp-norms): [1023.47, 1025.43, 1026.94]
exp008-n1024-k08-d180-bs60-f1.000-r07:029194.802: log(norms):     [1023.47, 1026.23, 1028.14, 1028.29, 1028.21, 1028.17, 1028.25, 1028.4, 1028.32, 1028.33]
exp008-n1024-k08-d180-bs60-f1.000-r07:029194.820: (653 sec)
exp008-n1024-k08-d180-bs60-f1.000-r07:029194.820: Loop 37/100
exp008-n1024-k08-d180-bs60-f1.000-r07:029813.913: log(exp-norms): [1023.47, 1025.43, 1026.94]
exp008-n1024-k08-d180-bs60-f1.000-r07:029813.914: log(norms):     [1023.47, 1026.23, 1028.14, 1028.29, 1028.21, 1028.17, 1028.25, 1028.4, 1028.32, 1028.33]
exp008-n1024-k08-d180-bs60-f1.000-r07:029813.932: (620 sec)
exp008-n1024-k08-d180-bs60-f1.000-r07:029813.933: Loop 38/100
exp008-n1024-k08-d180-bs60-f1.000-r07:030453.487: log(exp-norms): [1023.47, 1025.43, 1026.94]
exp008-n1024-k08-d180-bs60-f1.000-r07:030453.488: log(norms):     [1023.47, 1026.23, 1028.14, 1028.29, 1028.21, 1028.17, 1028.25, 1028.4, 1028.32, 1028.33]
exp008-n1024-k08-d180-bs60-f1.000-r07:030453.506: (640 sec)
exp008-n1024-k08-d180-bs60-f1.000-r07:030453.507: Loop 39/100
exp008-n1024-k08-d180-bs60-f1.000-r07:031112.033: log(exp-norms): [1023.47, 1025.43, 1026.94]
exp008-n1024-k08-d180-bs60-f1.000-r07:031112.034: log(norms):     [1023.47, 1026.23, 1028.14, 1028.29, 1028.21, 1028.17, 1028.25, 1028.4, 1028.32, 1028.33]
exp008-n1024-k08-d180-bs60-f1.000-r07:031112.052: (659 sec)
exp008-n1024-k08-d180-bs60-f1.000-r07:031112.052: Loop 40/100
exp008-n1024-k08-d180-bs60-f1.000-r07:031785.230: log(exp-norms): [1023.47, 1025.43, 1026.94]
exp008-n1024-k08-d180-bs60-f1.000-r07:031785.230: log(norms):     [1023.47, 1026.23, 1028.14, 1028.29, 1028.21, 1028.17, 1028.25, 1028.4, 1028.32, 1028.33]
exp008-n1024-k08-d180-bs60-f1.000-r07:031785.248: (674 sec)
exp008-n1024-k08-d180-bs60-f1.000-r07:031785.249: Loop 41/100
exp008-n1024-k08-d180-bs60-f1.000-r07:032463.728: log(exp-norms): [1023.47, 1025.43, 1026.94]
exp008-n1024-k08-d180-bs60-f1.000-r07:032463.729: log(norms):     [1023.47, 1026.23, 1028.14, 1028.29, 1028.35, 1028.21, 1028.18, 1028.23, 1028.33, 1028.39]
exp008-n1024-k08-d180-bs60-f1.000-r07:032463.748: (679 sec)
exp008-n1024-k08-d180-bs60-f1.000-r07:032463.748: Loop 42/100
exp008-n1024-k08-d180-bs60-f1.000-r07:033148.979: log(exp-norms): [1023.47, 1025.43, 1026.94]
exp008-n1024-k08-d180-bs60-f1.000-r07:033148.980: log(norms):     [1023.47, 1026.23, 1028.14, 1028.29, 1028.35, 1028.21, 1028.18, 1028.23, 1028.33, 1028.46]
exp008-n1024-k08-d180-bs60-f1.000-r07:033148.998: (686 sec)
exp008-n1024-k08-d180-bs60-f1.000-r07:033148.998: Loop 43/100
exp008-n1024-k08-d180-bs60-f1.000-r07:033810.817: log(exp-norms): [1023.47, 1025.43, 1026.94]
exp008-n1024-k08-d180-bs60-f1.000-r07:033810.818: log(norms):     [1023.47, 1026.23, 1028.14, 1028.29, 1028.35, 1028.21, 1028.18, 1028.23, 1028.33, 1028.46]
exp008-n1024-k08-d180-bs60-f1.000-r07:033810.837: (662 sec)
exp008-n1024-k08-d180-bs60-f1.000-r07:033810.837: Loop 44/100
exp008-n1024-k08-d180-bs60-f1.000-r07:034482.238: log(exp-norms): [1023.47, 1025.43, 1026.94]
exp008-n1024-k08-d180-bs60-f1.000-r07:034482.239: log(norms):     [1023.47, 1026.23, 1028.14, 1028.15, 1028.18, 1028.35, 1028.31, 1028.21, 1028.37, 1028.39]
exp008-n1024-k08-d180-bs60-f1.000-r07:034482.258: (672 sec)
exp008-n1024-k08-d180-bs60-f1.000-r07:034482.258: Loop 45/100
exp008-n1024-k08-d180-bs60-f1.000-r07:035144.628: log(exp-norms): [1023.47, 1025.43, 1026.94]
exp008-n1024-k08-d180-bs60-f1.000-r07:035144.628: log(norms):     [1023.47, 1026.23, 1028.14, 1028.15, 1028.33, 1028.18, 1028.35, 1028.31, 1028.21, 1028.25]
exp008-n1024-k08-d180-bs60-f1.000-r07:035144.646: (663 sec)
exp008-n1024-k08-d180-bs60-f1.000-r07:035144.647: Loop 46/100
exp008-n1024-k08-d180-bs60-f1.000-r07:035814.572: log(exp-norms): [1023.47, 1025.43, 1026.94]
exp008-n1024-k08-d180-bs60-f1.000-r07:035814.572: log(norms):     [1023.47, 1026.23, 1028.14, 1028.15, 1028.33, 1028.18, 1028.35, 1028.31, 1028.21, 1028.25]
exp008-n1024-k08-d180-bs60-f1.000-r07:035814.590: (670 sec)
exp008-n1024-k08-d180-bs60-f1.000-r07:035814.591: Loop 47/100
exp008-n1024-k08-d180-bs60-f1.000-r07:036471.539: log(exp-norms): [1023.47, 1025.43, 1026.94]
exp008-n1024-k08-d180-bs60-f1.000-r07:036471.539: log(norms):     [1023.47, 1026.23, 1028.14, 1028.15, 1028.33, 1028.18, 1028.35, 1028.31, 1028.21, 1028.25]
exp008-n1024-k08-d180-bs60-f1.000-r07:036471.558: (657 sec)
exp008-n1024-k08-d180-bs60-f1.000-r07:036471.558: Loop 48/100
exp008-n1024-k08-d180-bs60-f1.000-r07:037147.853: log(exp-norms): [1023.47, 1025.43, 1026.94]
exp008-n1024-k08-d180-bs60-f1.000-r07:037147.853: log(norms):     [1023.47, 1026.23, 1028.14, 1028.15, 1028.33, 1028.18, 1028.35, 1028.31, 1028.29, 1028.21]
exp008-n1024-k08-d180-bs60-f1.000-r07:037147.873: (677 sec)
exp008-n1024-k08-d180-bs60-f1.000-r07:037147.873: Loop 49/100
exp008-n1024-k08-d180-bs60-f1.000-r07:037833.904: log(exp-norms): [1023.47, 1025.43, 1026.94]
exp008-n1024-k08-d180-bs60-f1.000-r07:037833.905: log(norms):     [1023.47, 1026.23, 1028.14, 1028.15, 1028.33, 1028.18, 1028.35, 1028.31, 1028.29, 1028.43]
exp008-n1024-k08-d180-bs60-f1.000-r07:037833.923: (687 sec)
exp008-n1024-k08-d180-bs60-f1.000-r07:037833.923: Loop 50/100
exp008-n1024-k08-d180-bs60-f1.000-r07:038516.591: log(exp-norms): [1023.47, 1025.43, 1026.94]
exp008-n1024-k08-d180-bs60-f1.000-r07:038516.591: log(norms):     [1023.47, 1026.23, 1028.14, 1028.15, 1028.33, 1028.18, 1028.35, 1028.31, 1028.29, 1028.43]
exp008-n1024-k08-d180-bs60-f1.000-r07:038516.610: (683 sec)
exp008-n1024-k08-d180-bs60-f1.000-r07:038516.610: Loop 51/100
exp008-n1024-k08-d180-bs60-f1.000-r07:039181.748: log(exp-norms): [1023.47, 1025.43, 1026.94]
exp008-n1024-k08-d180-bs60-f1.000-r07:039181.748: log(norms):     [1023.47, 1026.23, 1028.14, 1028.15, 1028.33, 1028.18, 1028.35, 1028.31, 1028.29, 1028.43]
exp008-n1024-k08-d180-bs60-f1.000-r07:039181.766: (666 sec)
exp008-n1024-k08-d180-bs60-f1.000-r07:039181.767: Loop 52/100
exp008-n1024-k08-d180-bs60-f1.000-r07:039837.410: log(exp-norms): [1023.47, 1025.43, 1026.94]
exp008-n1024-k08-d180-bs60-f1.000-r07:039837.410: log(norms):     [1023.47, 1026.23, 1028.14, 1028.15, 1028.33, 1028.25, 1028.19, 1028.31, 1028.43, 1028.22]
exp008-n1024-k08-d180-bs60-f1.000-r07:039837.428: (656 sec)
exp008-n1024-k08-d180-bs60-f1.000-r07:039837.429: Loop 53/100
exp008-n1024-k08-d180-bs60-f1.000-r07:040511.889: log(exp-norms): [1023.47, 1025.43, 1026.94]
exp008-n1024-k08-d180-bs60-f1.000-r07:040511.890: log(norms):     [1023.47, 1026.23, 1028.14, 1028.15, 1028.33, 1028.25, 1028.19, 1028.22, 1028.47, 1028.55]
exp008-n1024-k08-d180-bs60-f1.000-r07:040511.908: (675 sec)
exp008-n1024-k08-d180-bs60-f1.000-r07:040511.908: Loop 54/100
exp008-n1024-k08-d180-bs60-f1.000-r07:041179.568: log(exp-norms): [1023.47, 1025.43, 1026.94]
exp008-n1024-k08-d180-bs60-f1.000-r07:041179.568: log(norms):     [1023.47, 1026.23, 1028.14, 1028.15, 1028.33, 1028.25, 1028.19, 1028.22, 1028.47, 1028.45]
exp008-n1024-k08-d180-bs60-f1.000-r07:041179.587: (668 sec)
exp008-n1024-k08-d180-bs60-f1.000-r07:041179.587: Loop 55/100
exp008-n1024-k08-d180-bs60-f1.000-r07:041884.490: log(exp-norms): [1023.47, 1025.43, 1026.94]
exp008-n1024-k08-d180-bs60-f1.000-r07:041884.491: log(norms):     [1023.47, 1026.23, 1028.14, 1028.15, 1028.33, 1028.25, 1028.19, 1028.22, 1028.47, 1028.45]
exp008-n1024-k08-d180-bs60-f1.000-r07:041884.509: (705 sec)
exp008-n1024-k08-d180-bs60-f1.000-r07:041884.510: Loop 56/100
exp008-n1024-k08-d180-bs60-f1.000-r07:042550.066: log(exp-norms): [1023.47, 1025.43, 1026.94]
exp008-n1024-k08-d180-bs60-f1.000-r07:042550.067: log(norms):     [1023.47, 1026.23, 1028.14, 1028.15, 1028.33, 1028.25, 1028.19, 1028.22, 1028.47, 1028.45]
exp008-n1024-k08-d180-bs60-f1.000-r07:042550.085: (666 sec)
exp008-n1024-k08-d180-bs60-f1.000-r07:042550.086: Loop 57/100
exp008-n1024-k08-d180-bs60-f1.000-r07:043217.955: log(exp-norms): [1023.47, 1025.43, 1026.94]
exp008-n1024-k08-d180-bs60-f1.000-r07:043217.956: log(norms):     [1023.47, 1026.23, 1028.14, 1028.14, 1028.15, 1028.33, 1028.25, 1028.22, 1028.47, 1028.19]
exp008-n1024-k08-d180-bs60-f1.000-r07:043217.974: (668 sec)
exp008-n1024-k08-d180-bs60-f1.000-r07:043217.974: Loop 58/100
exp008-n1024-k08-d180-bs60-f1.000-r07:043877.836: log(exp-norms): [1023.47, 1025.43, 1026.94]
exp008-n1024-k08-d180-bs60-f1.000-r07:043877.837: log(norms):     [1023.47, 1026.23, 1028.14, 1028.14, 1028.15, 1028.33, 1028.25, 1028.22, 1028.47, 1028.19]
exp008-n1024-k08-d180-bs60-f1.000-r07:043877.855: (660 sec)
exp008-n1024-k08-d180-bs60-f1.000-r07:043877.855: Loop 59/100
exp008-n1024-k08-d180-bs60-f1.000-r07:044548.497: log(exp-norms): [1023.47, 1025.43, 1026.94]
exp008-n1024-k08-d180-bs60-f1.000-r07:044548.498: log(norms):     [1023.47, 1026.23, 1028.14, 1028.14, 1028.15, 1028.33, 1028.25, 1028.22, 1028.47, 1028.19]
exp008-n1024-k08-d180-bs60-f1.000-r07:044548.516: (671 sec)
exp008-n1024-k08-d180-bs60-f1.000-r07:044548.516: Loop 60/100
exp008-n1024-k08-d180-bs60-f1.000-r07:045204.709: log(exp-norms): [1023.47, 1025.43, 1026.94]
exp008-n1024-k08-d180-bs60-f1.000-r07:045204.710: log(norms):     [1023.47, 1026.23, 1028.14, 1028.14, 1028.15, 1028.33, 1028.25, 1028.22, 1028.47, 1028.19]
exp008-n1024-k08-d180-bs60-f1.000-r07:045204.728: (657 sec)
exp008-n1024-k08-d180-bs60-f1.000-r07:045204.728: Loop 61/100
exp008-n1024-k08-d180-bs60-f1.000-r07:045853.922: log(exp-norms): [1023.47, 1025.43, 1026.94]
exp008-n1024-k08-d180-bs60-f1.000-r07:045853.922: log(norms):     [1023.47, 1026.23, 1028.14, 1028.14, 1028.15, 1028.33, 1028.35, 1028.25, 1028.19, 1028.49]
exp008-n1024-k08-d180-bs60-f1.000-r07:045853.941: (650 sec)
exp008-n1024-k08-d180-bs60-f1.000-r07:045853.941: Loop 62/100
exp008-n1024-k08-d180-bs60-f1.000-r07:046516.326: log(exp-norms): [1023.47, 1025.43, 1026.94]
exp008-n1024-k08-d180-bs60-f1.000-r07:046516.327: log(norms):     [1023.47, 1026.23, 1028.14, 1028.14, 1028.15, 1028.33, 1028.35, 1028.25, 1028.19, 1028.49]
exp008-n1024-k08-d180-bs60-f1.000-r07:046516.345: (663 sec)
exp008-n1024-k08-d180-bs60-f1.000-r07:046516.345: Loop 63/100
exp008-n1024-k08-d180-bs60-f1.000-r07:047185.201: log(exp-norms): [1023.47, 1025.43, 1026.94]
exp008-n1024-k08-d180-bs60-f1.000-r07:047185.201: log(norms):     [1023.47, 1026.23, 1028.14, 1028.14, 1028.15, 1028.33, 1028.35, 1028.25, 1028.19, 1028.49]
exp008-n1024-k08-d180-bs60-f1.000-r07:047185.220: (669 sec)
exp008-n1024-k08-d180-bs60-f1.000-r07:047185.220: Loop 64/100
exp008-n1024-k08-d180-bs60-f1.000-r07:047849.184: log(exp-norms): [1023.47, 1025.43, 1026.94]
exp008-n1024-k08-d180-bs60-f1.000-r07:047849.184: log(norms):     [1023.47, 1026.23, 1028.14, 1028.14, 1028.15, 1028.33, 1028.35, 1028.25, 1028.19, 1028.49]
exp008-n1024-k08-d180-bs60-f1.000-r07:047849.203: (664 sec)
exp008-n1024-k08-d180-bs60-f1.000-r07:047849.203: Loop 65/100
exp008-n1024-k08-d180-bs60-f1.000-r07:048537.968: log(exp-norms): [1023.47, 1025.43, 1026.94]
exp008-n1024-k08-d180-bs60-f1.000-r07:048537.968: log(norms):     [1023.47, 1026.23, 1028.14, 1028.14, 1028.15, 1028.33, 1028.35, 1028.25, 1028.19, 1028.49]
exp008-n1024-k08-d180-bs60-f1.000-r07:048537.985: (689 sec)
exp008-n1024-k08-d180-bs60-f1.000-r07:048537.985: Loop 66/100
exp008-n1024-k08-d180-bs60-f1.000-r07:049209.253: log(exp-norms): [1023.47, 1025.43, 1026.94]
exp008-n1024-k08-d180-bs60-f1.000-r07:049209.254: log(norms):     [1023.47, 1026.23, 1028.14, 1028.14, 1028.15, 1028.33, 1028.35, 1028.25, 1028.19, 1028.49]
exp008-n1024-k08-d180-bs60-f1.000-r07:049209.272: (672 sec)
exp008-n1024-k08-d180-bs60-f1.000-r07:049209.272: Loop 67/100
exp008-n1024-k08-d180-bs60-f1.000-r07:049864.000: log(exp-norms): [1023.47, 1025.43, 1026.94]
exp008-n1024-k08-d180-bs60-f1.000-r07:049864.001: log(norms):     [1023.47, 1026.23, 1028.14, 1028.14, 1028.15, 1028.33, 1028.24, 1028.35, 1028.42, 1028.42]
exp008-n1024-k08-d180-bs60-f1.000-r07:049864.019: (655 sec)
exp008-n1024-k08-d180-bs60-f1.000-r07:049864.019: Loop 68/100
exp008-n1024-k08-d180-bs60-f1.000-r07:050566.483: log(exp-norms): [1023.47, 1025.43, 1026.94]
exp008-n1024-k08-d180-bs60-f1.000-r07:050566.484: log(norms):     [1023.47, 1026.23, 1028.14, 1028.14, 1028.15, 1028.33, 1028.24, 1028.35, 1028.42, 1028.42]
exp008-n1024-k08-d180-bs60-f1.000-r07:050566.502: (703 sec)
exp008-n1024-k08-d180-bs60-f1.000-r07:050566.502: Loop 69/100
exp008-n1024-k08-d180-bs60-f1.000-r07:051272.978: log(exp-norms): [1023.47, 1025.43, 1026.94]
exp008-n1024-k08-d180-bs60-f1.000-r07:051272.979: log(norms):     [1023.47, 1026.23, 1028.14, 1028.14, 1028.15, 1028.33, 1028.24, 1028.25, 1028.35, 1028.42]
exp008-n1024-k08-d180-bs60-f1.000-r07:051272.997: (707 sec)
exp008-n1024-k08-d180-bs60-f1.000-r07:051272.997: Loop 70/100
exp008-n1024-k08-d180-bs60-f1.000-r07:051954.474: log(exp-norms): [1023.47, 1025.43, 1026.94]
exp008-n1024-k08-d180-bs60-f1.000-r07:051954.475: log(norms):     [1023.47, 1026.23, 1028.14, 1028.14, 1028.15, 1028.33, 1028.24, 1028.25, 1028.34, 1028.37]
exp008-n1024-k08-d180-bs60-f1.000-r07:051954.493: (682 sec)
exp008-n1024-k08-d180-bs60-f1.000-r07:051954.493: Loop 71/100
exp008-n1024-k08-d180-bs60-f1.000-r07:052628.985: log(exp-norms): [1023.47, 1025.43, 1026.94]
exp008-n1024-k08-d180-bs60-f1.000-r07:052628.986: log(norms):     [1023.47, 1026.23, 1028.14, 1028.14, 1028.15, 1028.33, 1028.24, 1028.25, 1028.34, 1028.37]
exp008-n1024-k08-d180-bs60-f1.000-r07:052629.004: (675 sec)
exp008-n1024-k08-d180-bs60-f1.000-r07:052629.004: Loop 72/100
exp008-n1024-k08-d180-bs60-f1.000-r07:053307.943: log(exp-norms): [1023.47, 1025.43, 1026.94]
exp008-n1024-k08-d180-bs60-f1.000-r07:053307.944: log(norms):     [1023.47, 1026.23, 1028.14, 1028.14, 1028.16, 1028.15, 1028.33, 1028.25, 1028.24, 1028.34]
exp008-n1024-k08-d180-bs60-f1.000-r07:053307.962: (679 sec)
exp008-n1024-k08-d180-bs60-f1.000-r07:053307.962: Loop 73/100
exp008-n1024-k08-d180-bs60-f1.000-r07:054010.929: log(exp-norms): [1023.47, 1025.43, 1026.94]
exp008-n1024-k08-d180-bs60-f1.000-r07:054010.930: log(norms):     [1023.47, 1026.23, 1028.14, 1028.14, 1028.16, 1028.15, 1028.33, 1028.33, 1028.25, 1028.47]
exp008-n1024-k08-d180-bs60-f1.000-r07:054010.948: (703 sec)
exp008-n1024-k08-d180-bs60-f1.000-r07:054010.948: Loop 74/100
exp008-n1024-k08-d180-bs60-f1.000-r07:054680.122: log(exp-norms): [1023.47, 1025.43, 1026.94]
exp008-n1024-k08-d180-bs60-f1.000-r07:054680.123: log(norms):     [1023.47, 1026.23, 1028.14, 1028.14, 1028.16, 1028.15, 1028.33, 1028.33, 1028.25, 1028.47]
exp008-n1024-k08-d180-bs60-f1.000-r07:054680.151: (670 sec)
exp008-n1024-k08-d180-bs60-f1.000-r07:054680.151: Loop 75/100
exp008-n1024-k08-d180-bs60-f1.000-r07:055395.018: log(exp-norms): [1023.47, 1025.43, 1026.94]
exp008-n1024-k08-d180-bs60-f1.000-r07:055395.018: log(norms):     [1023.47, 1026.23, 1028.14, 1028.14, 1028.16, 1028.22, 1028.15, 1028.32, 1028.39, 1028.33]
exp008-n1024-k08-d180-bs60-f1.000-r07:055395.035: (715 sec)
exp008-n1024-k08-d180-bs60-f1.000-r07:055395.036: Loop 76/100
exp008-n1024-k08-d180-bs60-f1.000-r07:056106.641: log(exp-norms): [1023.47, 1025.43, 1026.94]
exp008-n1024-k08-d180-bs60-f1.000-r07:056106.642: log(norms):     [1023.47, 1026.23, 1028.14, 1028.14, 1028.16, 1028.34, 1028.22, 1028.15, 1028.32, 1028.34]
exp008-n1024-k08-d180-bs60-f1.000-r07:056106.660: (712 sec)
exp008-n1024-k08-d180-bs60-f1.000-r07:056106.661: Loop 77/100
exp008-n1024-k08-d180-bs60-f1.000-r07:056776.088: log(exp-norms): [1023.47, 1025.43, 1026.94]
exp008-n1024-k08-d180-bs60-f1.000-r07:056776.088: log(norms):     [1023.47, 1026.23, 1028.14, 1028.14, 1028.16, 1028.34, 1028.22, 1028.15, 1028.32, 1028.34]
exp008-n1024-k08-d180-bs60-f1.000-r07:056776.106: (670 sec)
exp008-n1024-k08-d180-bs60-f1.000-r07:056776.107: Loop 78/100
exp008-n1024-k08-d180-bs60-f1.000-r07:057451.408: log(exp-norms): [1023.47, 1025.43, 1026.94]
exp008-n1024-k08-d180-bs60-f1.000-r07:057451.409: log(norms):     [1023.47, 1026.23, 1028.14, 1028.14, 1028.16, 1028.34, 1028.22, 1028.15, 1028.32, 1028.34]
exp008-n1024-k08-d180-bs60-f1.000-r07:057451.427: (676 sec)
exp008-n1024-k08-d180-bs60-f1.000-r07:057451.428: Loop 79/100
exp008-n1024-k08-d180-bs60-f1.000-r07:058116.756: log(exp-norms): [1023.47, 1025.43, 1026.94]
exp008-n1024-k08-d180-bs60-f1.000-r07:058116.756: log(norms):     [1023.47, 1026.23, 1028.14, 1028.14, 1028.16, 1028.34, 1028.34, 1028.22, 1028.33, 1028.32]
exp008-n1024-k08-d180-bs60-f1.000-r07:058116.775: (666 sec)
exp008-n1024-k08-d180-bs60-f1.000-r07:058116.775: Loop 80/100
exp008-n1024-k08-d180-bs60-f1.000-r07:058796.507: log(exp-norms): [1023.47, 1025.43, 1026.94]
exp008-n1024-k08-d180-bs60-f1.000-r07:058796.508: log(norms):     [1023.47, 1026.23, 1028.14, 1028.14, 1028.16, 1028.34, 1028.34, 1028.22, 1028.33, 1028.32]
exp008-n1024-k08-d180-bs60-f1.000-r07:058796.526: (680 sec)
exp008-n1024-k08-d180-bs60-f1.000-r07:058796.526: Loop 81/100
exp008-n1024-k08-d180-bs60-f1.000-r07:059473.220: log(exp-norms): [1023.47, 1025.43, 1026.94]
exp008-n1024-k08-d180-bs60-f1.000-r07:059473.220: log(norms):     [1023.47, 1026.23, 1028.14, 1028.14, 1028.16, 1028.34, 1028.34, 1028.22, 1028.33, 1028.32]
exp008-n1024-k08-d180-bs60-f1.000-r07:059473.239: (677 sec)
exp008-n1024-k08-d180-bs60-f1.000-r07:059473.239: Loop 82/100
exp008-n1024-k08-d180-bs60-f1.000-r07:060171.453: log(exp-norms): [1023.47, 1025.43, 1026.94]
exp008-n1024-k08-d180-bs60-f1.000-r07:060171.453: log(norms):     [1023.47, 1026.23, 1028.14, 1028.14, 1028.16, 1028.34, 1028.34, 1028.22, 1028.33, 1028.32]
exp008-n1024-k08-d180-bs60-f1.000-r07:060171.474: (699 sec)
exp008-n1024-k08-d180-bs60-f1.000-r07:060171.475: Loop 83/100
exp008-n1024-k08-d180-bs60-f1.000-r07:060891.477: log(exp-norms): [1023.47, 1025.43, 1026.94]
exp008-n1024-k08-d180-bs60-f1.000-r07:060891.478: log(norms):     [1023.47, 1026.23, 1028.14, 1028.14, 1028.16, 1028.34, 1028.34, 1028.22, 1028.33, 1028.32]
exp008-n1024-k08-d180-bs60-f1.000-r07:060891.496: (721 sec)
exp008-n1024-k08-d180-bs60-f1.000-r07:060891.496: Loop 84/100
exp008-n1024-k08-d180-bs60-f1.000-r07:061561.319: log(exp-norms): [1023.47, 1025.43, 1026.94]
exp008-n1024-k08-d180-bs60-f1.000-r07:061561.320: log(norms):     [1023.47, 1026.23, 1028.14, 1028.14, 1028.16, 1028.34, 1028.34, 1028.22, 1028.33, 1028.32]
exp008-n1024-k08-d180-bs60-f1.000-r07:061561.338: (670 sec)
exp008-n1024-k08-d180-bs60-f1.000-r07:061561.338: Loop 85/100
exp008-n1024-k08-d180-bs60-f1.000-r07:062223.640: log(exp-norms): [1023.47, 1025.43, 1026.94]
exp008-n1024-k08-d180-bs60-f1.000-r07:062223.641: log(norms):     [1023.47, 1026.23, 1028.14, 1028.14, 1028.16, 1028.34, 1028.28, 1028.34, 1028.22, 1028.33]
exp008-n1024-k08-d180-bs60-f1.000-r07:062223.658: (663 sec)
exp008-n1024-k08-d180-bs60-f1.000-r07:062223.658: Loop 86/100
exp008-n1024-k08-d180-bs60-f1.000-r07:062949.802: log(exp-norms): [1023.47, 1025.43, 1026.94]
exp008-n1024-k08-d180-bs60-f1.000-r07:062949.802: log(norms):     [1023.47, 1026.23, 1028.14, 1028.14, 1028.16, 1028.34, 1028.28, 1028.26, 1028.22, 1028.56]
exp008-n1024-k08-d180-bs60-f1.000-r07:062949.821: (727 sec)
exp008-n1024-k08-d180-bs60-f1.000-r07:062949.821: Loop 87/100
exp008-n1024-k08-d180-bs60-f1.000-r07:063605.317: log(exp-norms): [1023.47, 1025.43, 1026.94]
exp008-n1024-k08-d180-bs60-f1.000-r07:063605.317: log(norms):     [1023.47, 1026.23, 1028.14, 1028.14, 1028.16, 1028.34, 1028.28, 1028.26, 1028.22, 1028.56]
exp008-n1024-k08-d180-bs60-f1.000-r07:063605.336: (656 sec)
exp008-n1024-k08-d180-bs60-f1.000-r07:063605.336: Loop 88/100
exp008-n1024-k08-d180-bs60-f1.000-r07:064285.709: log(exp-norms): [1023.47, 1025.43, 1026.94]
exp008-n1024-k08-d180-bs60-f1.000-r07:064285.710: log(norms):     [1023.47, 1026.23, 1028.14, 1028.14, 1028.16, 1028.34, 1028.28, 1028.26, 1028.39, 1028.22]
exp008-n1024-k08-d180-bs60-f1.000-r07:064285.728: (681 sec)
exp008-n1024-k08-d180-bs60-f1.000-r07:064285.729: Loop 89/100
exp008-n1024-k08-d180-bs60-f1.000-r07:064979.996: log(exp-norms): [1023.47, 1025.43, 1026.94]
exp008-n1024-k08-d180-bs60-f1.000-r07:064979.997: log(norms):     [1023.47, 1026.23, 1028.14, 1028.14, 1028.16, 1028.34, 1028.28, 1028.26, 1028.39, 1028.22]
exp008-n1024-k08-d180-bs60-f1.000-r07:064980.015: (695 sec)
exp008-n1024-k08-d180-bs60-f1.000-r07:064980.016: Loop 90/100
exp008-n1024-k08-d180-bs60-f1.000-r07:065656.871: log(exp-norms): [1023.47, 1025.43, 1026.94]
exp008-n1024-k08-d180-bs60-f1.000-r07:065656.871: log(norms):     [1023.47, 1026.23, 1028.14, 1028.14, 1028.16, 1028.34, 1028.28, 1028.26, 1028.39, 1028.22]
exp008-n1024-k08-d180-bs60-f1.000-r07:065656.889: (677 sec)
exp008-n1024-k08-d180-bs60-f1.000-r07:065656.889: Loop 91/100
exp008-n1024-k08-d180-bs60-f1.000-r07:066338.439: log(exp-norms): [1023.47, 1025.43, 1026.94]
exp008-n1024-k08-d180-bs60-f1.000-r07:066338.440: log(norms):     [1023.47, 1026.23, 1028.14, 1028.14, 1028.16, 1028.34, 1028.34, 1028.28, 1028.26, 1028.39]
exp008-n1024-k08-d180-bs60-f1.000-r07:066338.458: (682 sec)
exp008-n1024-k08-d180-bs60-f1.000-r07:066338.458: Loop 92/100
exp008-n1024-k08-d180-bs60-f1.000-r07:067077.332: log(exp-norms): [1023.47, 1025.43, 1026.94]
exp008-n1024-k08-d180-bs60-f1.000-r07:067077.333: log(norms):     [1023.47, 1026.23, 1028.14, 1028.14, 1028.16, 1028.34, 1028.34, 1028.28, 1028.26, 1028.39]
exp008-n1024-k08-d180-bs60-f1.000-r07:067077.352: (739 sec)
exp008-n1024-k08-d180-bs60-f1.000-r07:067077.352: Loop 93/100
exp008-n1024-k08-d180-bs60-f1.000-r07:067775.862: log(exp-norms): [1023.47, 1025.43, 1026.94]
exp008-n1024-k08-d180-bs60-f1.000-r07:067775.863: log(norms):     [1023.47, 1026.23, 1028.14, 1028.14, 1028.16, 1028.34, 1028.34, 1028.37, 1028.28, 1028.47]
exp008-n1024-k08-d180-bs60-f1.000-r07:067775.882: (699 sec)
exp008-n1024-k08-d180-bs60-f1.000-r07:067775.882: Loop 94/100
exp008-n1024-k08-d180-bs60-f1.000-r07:068528.003: log(exp-norms): [1023.47, 1025.43, 1026.94]
exp008-n1024-k08-d180-bs60-f1.000-r07:068528.003: log(norms):     [1023.47, 1026.23, 1028.14, 1028.14, 1028.16, 1028.34, 1028.34, 1028.37, 1028.27, 1028.28]
exp008-n1024-k08-d180-bs60-f1.000-r07:068528.022: (753 sec)
exp008-n1024-k08-d180-bs60-f1.000-r07:068528.022: Loop 95/100
exp008-n1024-k08-d180-bs60-f1.000-r07:069245.848: log(exp-norms): [1023.47, 1025.43, 1026.94]
exp008-n1024-k08-d180-bs60-f1.000-r07:069245.848: log(norms):     [1023.47, 1026.23, 1028.14, 1028.14, 1028.16, 1028.34, 1028.34, 1028.37, 1028.27, 1028.28]
exp008-n1024-k08-d180-bs60-f1.000-r07:069245.867: (718 sec)
exp008-n1024-k08-d180-bs60-f1.000-r07:069245.867: Loop 96/100
exp008-n1024-k08-d180-bs60-f1.000-r07:069932.648: log(exp-norms): [1023.47, 1025.43, 1026.94]
exp008-n1024-k08-d180-bs60-f1.000-r07:069932.649: log(norms):     [1023.47, 1026.23, 1028.14, 1028.14, 1028.16, 1028.34, 1028.34, 1028.37, 1028.27, 1028.28]
exp008-n1024-k08-d180-bs60-f1.000-r07:069932.667: (687 sec)
exp008-n1024-k08-d180-bs60-f1.000-r07:069932.668: Loop 97/100
exp008-n1024-k08-d180-bs60-f1.000-r07:070573.845: log(exp-norms): [1023.47, 1025.43, 1026.94]
exp008-n1024-k08-d180-bs60-f1.000-r07:070573.846: log(norms):     [1023.47, 1026.23, 1028.14, 1028.14, 1028.16, 1028.34, 1028.34, 1028.37, 1028.27, 1028.28]
exp008-n1024-k08-d180-bs60-f1.000-r07:070573.864: (642 sec)
exp008-n1024-k08-d180-bs60-f1.000-r07:070573.864: Loop 98/100
exp008-n1024-k08-d180-bs60-f1.000-r07:071194.131: log(exp-norms): [1023.47, 1025.43, 1026.94]
exp008-n1024-k08-d180-bs60-f1.000-r07:071194.132: log(norms):     [1023.47, 1026.23, 1028.14, 1028.14, 1028.16, 1028.34, 1028.34, 1028.37, 1028.27, 1028.28]
exp008-n1024-k08-d180-bs60-f1.000-r07:071194.149: (621 sec)
exp008-n1024-k08-d180-bs60-f1.000-r07:071194.149: Loop 99/100
exp008-n1024-k08-d180-bs60-f1.000-r07:071858.766: log(exp-norms): [1023.47, 1025.43, 1026.94]
exp008-n1024-k08-d180-bs60-f1.000-r07:071858.767: log(norms):     [1023.47, 1026.23, 1028.14, 1028.14, 1028.16, 1028.34, 1028.34, 1028.37, 1028.27, 1028.1]
exp008-n1024-k08-d180-bs60-f1.000-r07:071858.784: (665 sec)
exp008-n1024-k08-d180-bs60-f1.000-r07:071858.784: Loop 100/100
exp008-n1024-k08-d180-bs60-f1.000-r07:072383.126: log(exp-norms): [1023.47, 1025.43, 1026.94]
exp008-n1024-k08-d180-bs60-f1.000-r07:072383.128: log(norms):     [1023.47, 1026.23, 1028.1, 1028.14, 1028.14, 1028.16, 1028.34, 1028.27, 1028.34, 1028.36]
exp008-n1024-k08-d180-bs60-f1.000-r07:072383.143: (525 sec)
exp008-n1024-k08-d180-bs60-f1.000-r07:072383.143: ==========================Summary===========================
exp008-n1024-k08-d180-bs60-f1.000-r07:072383.143: Total time: 72383sec
exp008-n1024-k08-d180-bs60-f1.000-r07:072383.143: FAIL
exp008-n1024-k08-d180-bs60-f1.000-r07:072383.144: SUMMARY:n:1024:k:8:d:180:bs:60:t:72383:r:False
