exp004-n1024-k08-d180-bs60-f1.000-r03:000000.203: ==========================Instance==========================
exp004-n1024-k08-d180-bs60-f1.000-r03:000000.203: # of equations: 180
exp004-n1024-k08-d180-bs60-f1.000-r03:000000.205: Gap: 2.84
exp004-n1024-k08-d180-bs60-f1.000-r03:000000.209: Tau: 2.47
exp004-n1024-k08-d180-bs60-f1.000-r03:000000.209: ======================BKZ-60 reduction======================
exp004-n1024-k08-d180-bs60-f1.000-r03:000003.922: Expectedly achievable log(norm): 1028.22
exp004-n1024-k08-d180-bs60-f1.000-r03:000006.381: log(exp-norms): [1023.47, 1025.43, 1026.94]
exp004-n1024-k08-d180-bs60-f1.000-r03:000006.381: log(norms):     [1033.92, 1026.23, 1030.94, 1030.94, 1030.94, 1030.94, 1030.94, 1030.94, 1030.94, 1030.94]
exp004-n1024-k08-d180-bs60-f1.000-r03:000006.460: Loop 1/100
exp004-n1024-k08-d180-bs60-f1.000-r03:001270.682: log(exp-norms): [1023.47, 1025.43, 1026.94]
exp004-n1024-k08-d180-bs60-f1.000-r03:001270.683: log(norms):     [1026.23, 1030.15, 1030.17, 1030.29, 1030.17, 1030.12, 1030.3, 1030.27, 1030.27, 1030.1]
exp004-n1024-k08-d180-bs60-f1.000-r03:001270.715: (1265 sec)
exp004-n1024-k08-d180-bs60-f1.000-r03:001270.715: Loop 2/100
exp004-n1024-k08-d180-bs60-f1.000-r03:002159.626: log(exp-norms): [1023.47, 1025.43, 1026.94]
exp004-n1024-k08-d180-bs60-f1.000-r03:002159.628: log(norms):     [1023.47, 1026.23, 1029.49, 1029.52, 1029.54, 1029.73, 1029.57, 1029.72, 1029.55, 1029.8]
exp004-n1024-k08-d180-bs60-f1.000-r03:002159.659: (889 sec)
exp004-n1024-k08-d180-bs60-f1.000-r03:002159.660: Loop 3/100
exp004-n1024-k08-d180-bs60-f1.000-r03:003094.067: log(exp-norms): [1023.47, 1025.43, 1026.94]
exp004-n1024-k08-d180-bs60-f1.000-r03:003094.068: log(norms):     [1023.47, 1026.23, 1028.93, 1029.04, 1029.06, 1029.07, 1029.14, 1029.06, 1029.14, 1029.21]
exp004-n1024-k08-d180-bs60-f1.000-r03:003094.103: (935 sec)
exp004-n1024-k08-d180-bs60-f1.000-r03:003094.103: Loop 4/100
exp004-n1024-k08-d180-bs60-f1.000-r03:003929.388: log(exp-norms): [1023.47, 1025.43, 1026.94]
exp004-n1024-k08-d180-bs60-f1.000-r03:003929.389: log(norms):     [1023.47, 1026.23, 1028.71, 1028.72, 1028.79, 1028.86, 1028.86, 1029.0, 1028.8, 1028.96]
exp004-n1024-k08-d180-bs60-f1.000-r03:003929.418: (836 sec)
exp004-n1024-k08-d180-bs60-f1.000-r03:003929.418: Loop 5/100
exp004-n1024-k08-d180-bs60-f1.000-r03:004692.072: log(exp-norms): [1023.47, 1025.43, 1026.94]
exp004-n1024-k08-d180-bs60-f1.000-r03:004692.073: log(norms):     [1023.47, 1026.23, 1028.52, 1028.52, 1028.52, 1028.63, 1028.55, 1028.78, 1028.68, 1028.62]
exp004-n1024-k08-d180-bs60-f1.000-r03:004692.091: (763 sec)
exp004-n1024-k08-d180-bs60-f1.000-r03:004692.092: Loop 6/100
exp004-n1024-k08-d180-bs60-f1.000-r03:005386.243: log(exp-norms): [1023.47, 1025.43, 1026.94]
exp004-n1024-k08-d180-bs60-f1.000-r03:005386.244: log(norms):     [1023.47, 1026.23, 1028.4, 1028.42, 1028.38, 1028.55, 1028.66, 1028.56, 1028.61, 1028.49]
exp004-n1024-k08-d180-bs60-f1.000-r03:005386.265: (695 sec)
exp004-n1024-k08-d180-bs60-f1.000-r03:005386.265: Loop 7/100
exp004-n1024-k08-d180-bs60-f1.000-r03:006103.931: log(exp-norms): [1023.47, 1025.43, 1026.94]
exp004-n1024-k08-d180-bs60-f1.000-r03:006103.932: log(norms):     [1023.47, 1026.23, 1028.29, 1028.32, 1028.34, 1028.38, 1028.52, 1028.44, 1028.28, 1028.48]
exp004-n1024-k08-d180-bs60-f1.000-r03:006103.950: (718 sec)
exp004-n1024-k08-d180-bs60-f1.000-r03:006103.950: Loop 8/100
exp004-n1024-k08-d180-bs60-f1.000-r03:006766.855: log(exp-norms): [1023.47, 1025.43, 1026.94]
exp004-n1024-k08-d180-bs60-f1.000-r03:006766.856: log(norms):     [1023.47, 1026.23, 1028.23, 1028.28, 1028.32, 1028.55, 1028.41, 1028.37, 1028.31, 1028.53]
exp004-n1024-k08-d180-bs60-f1.000-r03:006766.874: (663 sec)
exp004-n1024-k08-d180-bs60-f1.000-r03:006766.874: Loop 9/100
exp004-n1024-k08-d180-bs60-f1.000-r03:007405.710: log(exp-norms): [1023.47, 1025.43, 1026.94]
exp004-n1024-k08-d180-bs60-f1.000-r03:007405.710: log(norms):     [1023.47, 1026.23, 1028.23, 1028.33, 1028.28, 1028.37, 1028.35, 1028.38, 1028.4, 1028.31]
exp004-n1024-k08-d180-bs60-f1.000-r03:007405.727: (639 sec)
exp004-n1024-k08-d180-bs60-f1.000-r03:007405.727: Loop 10/100
exp004-n1024-k08-d180-bs60-f1.000-r03:008033.154: log(exp-norms): [1023.47, 1025.43, 1026.94]
exp004-n1024-k08-d180-bs60-f1.000-r03:008033.154: log(norms):     [1023.47, 1026.23, 1028.23, 1028.33, 1028.28, 1028.37, 1028.4, 1028.35, 1028.31, 1028.35]
exp004-n1024-k08-d180-bs60-f1.000-r03:008033.171: (628 sec)
exp004-n1024-k08-d180-bs60-f1.000-r03:008033.171: Loop 11/100
exp004-n1024-k08-d180-bs60-f1.000-r03:008661.981: log(exp-norms): [1023.47, 1025.43, 1026.94]
exp004-n1024-k08-d180-bs60-f1.000-r03:008661.982: log(norms):     [1023.47, 1026.23, 1028.2, 1028.23, 1028.35, 1028.33, 1028.28, 1028.37, 1028.4, 1028.39]
exp004-n1024-k08-d180-bs60-f1.000-r03:008661.998: (629 sec)
exp004-n1024-k08-d180-bs60-f1.000-r03:008661.999: Loop 12/100
exp004-n1024-k08-d180-bs60-f1.000-r03:009321.803: log(exp-norms): [1023.47, 1025.43, 1026.94]
exp004-n1024-k08-d180-bs60-f1.000-r03:009321.803: log(norms):     [1023.47, 1026.23, 1028.17, 1028.23, 1028.2, 1028.35, 1028.28, 1028.38, 1028.4, 1028.45]
exp004-n1024-k08-d180-bs60-f1.000-r03:009321.822: (660 sec)
exp004-n1024-k08-d180-bs60-f1.000-r03:009321.823: Loop 13/100
exp004-n1024-k08-d180-bs60-f1.000-r03:009945.314: log(exp-norms): [1023.47, 1025.43, 1026.94]
exp004-n1024-k08-d180-bs60-f1.000-r03:009945.315: log(norms):     [1023.47, 1026.23, 1028.17, 1028.23, 1028.2, 1028.35, 1028.4, 1028.28, 1028.26, 1028.46]
exp004-n1024-k08-d180-bs60-f1.000-r03:009945.332: (624 sec)
exp004-n1024-k08-d180-bs60-f1.000-r03:009945.332: Loop 14/100
exp004-n1024-k08-d180-bs60-f1.000-r03:010591.028: log(exp-norms): [1023.47, 1025.43, 1026.94]
exp004-n1024-k08-d180-bs60-f1.000-r03:010591.029: log(norms):     [1023.47, 1026.23, 1028.17, 1028.23, 1028.2, 1028.35, 1028.4, 1028.45, 1028.28, 1028.26]
exp004-n1024-k08-d180-bs60-f1.000-r03:010591.046: (646 sec)
exp004-n1024-k08-d180-bs60-f1.000-r03:010591.047: Loop 15/100
exp004-n1024-k08-d180-bs60-f1.000-r03:011204.618: log(exp-norms): [1023.47, 1025.43, 1026.94]
exp004-n1024-k08-d180-bs60-f1.000-r03:011204.618: log(norms):     [1023.47, 1026.23, 1028.17, 1028.23, 1028.2, 1028.35, 1028.4, 1028.45, 1028.28, 1028.26]
exp004-n1024-k08-d180-bs60-f1.000-r03:011204.636: (614 sec)
exp004-n1024-k08-d180-bs60-f1.000-r03:011204.636: Loop 16/100
exp004-n1024-k08-d180-bs60-f1.000-r03:012010.647: log(exp-norms): [1023.47, 1025.43, 1026.94]
exp004-n1024-k08-d180-bs60-f1.000-r03:012010.648: log(norms):     [1023.47, 1026.23, 1028.17, 1028.23, 1028.21, 1028.26, 1028.48, 1028.19, 1028.2, 1028.35]
exp004-n1024-k08-d180-bs60-f1.000-r03:012010.667: (807 sec)
exp004-n1024-k08-d180-bs60-f1.000-r03:012010.668: Loop 17/100
exp004-n1024-k08-d180-bs60-f1.000-r03:012918.597: log(exp-norms): [1023.47, 1025.43, 1026.94]
exp004-n1024-k08-d180-bs60-f1.000-r03:012918.598: log(norms):     [1023.47, 1026.23, 1028.17, 1028.23, 1028.27, 1028.37, 1028.38, 1028.21, 1028.19, 1028.26]
exp004-n1024-k08-d180-bs60-f1.000-r03:012918.627: (908 sec)
exp004-n1024-k08-d180-bs60-f1.000-r03:012918.628: Loop 18/100
exp004-n1024-k08-d180-bs60-f1.000-r03:013767.513: log(exp-norms): [1023.47, 1025.43, 1026.94]
exp004-n1024-k08-d180-bs60-f1.000-r03:013767.515: log(norms):     [1023.47, 1026.23, 1028.17, 1028.23, 1028.27, 1028.37, 1028.31, 1028.45, 1028.33, 1028.48]
exp004-n1024-k08-d180-bs60-f1.000-r03:013767.535: (849 sec)
exp004-n1024-k08-d180-bs60-f1.000-r03:013767.536: Loop 19/100
exp004-n1024-k08-d180-bs60-f1.000-r03:014751.455: log(exp-norms): [1023.47, 1025.43, 1026.94]
exp004-n1024-k08-d180-bs60-f1.000-r03:014751.455: log(norms):     [1023.47, 1026.23, 1028.17, 1028.23, 1028.24, 1028.27, 1028.37, 1028.31, 1028.42, 1028.41]
exp004-n1024-k08-d180-bs60-f1.000-r03:014751.485: (984 sec)
exp004-n1024-k08-d180-bs60-f1.000-r03:014751.486: Loop 20/100
exp004-n1024-k08-d180-bs60-f1.000-r03:015826.789: log(exp-norms): [1023.47, 1025.43, 1026.94]
exp004-n1024-k08-d180-bs60-f1.000-r03:015826.790: log(norms):     [1023.47, 1026.23, 1028.17, 1028.23, 1028.24, 1028.27, 1028.35, 1028.37, 1028.36, 1028.38]
exp004-n1024-k08-d180-bs60-f1.000-r03:015826.819: (1076 sec)
exp004-n1024-k08-d180-bs60-f1.000-r03:015826.820: Loop 21/100
exp004-n1024-k08-d180-bs60-f1.000-r03:016834.059: log(exp-norms): [1023.47, 1025.43, 1026.94]
exp004-n1024-k08-d180-bs60-f1.000-r03:016834.060: log(norms):     [1023.47, 1026.23, 1028.17, 1028.23, 1028.24, 1028.27, 1028.35, 1028.37, 1028.5, 1028.36]
exp004-n1024-k08-d180-bs60-f1.000-r03:016834.089: (1008 sec)
exp004-n1024-k08-d180-bs60-f1.000-r03:016834.089: Loop 22/100
exp004-n1024-k08-d180-bs60-f1.000-r03:017735.802: log(exp-norms): [1023.47, 1025.43, 1026.94]
exp004-n1024-k08-d180-bs60-f1.000-r03:017735.803: log(norms):     [1023.47, 1026.23, 1028.14, 1028.17, 1028.23, 1028.24, 1028.27, 1028.35, 1028.55, 1028.34]
exp004-n1024-k08-d180-bs60-f1.000-r03:017735.836: (902 sec)
exp004-n1024-k08-d180-bs60-f1.000-r03:017735.836: Loop 23/100
exp004-n1024-k08-d180-bs60-f1.000-r03:018609.036: log(exp-norms): [1023.47, 1025.43, 1026.94]
exp004-n1024-k08-d180-bs60-f1.000-r03:018609.037: log(norms):     [1023.47, 1026.23, 1028.14, 1028.17, 1028.23, 1028.24, 1028.27, 1028.25, 1028.41, 1028.35]
exp004-n1024-k08-d180-bs60-f1.000-r03:018609.056: (874 sec)
exp004-n1024-k08-d180-bs60-f1.000-r03:018609.056: Loop 24/100
exp004-n1024-k08-d180-bs60-f1.000-r03:019435.598: log(exp-norms): [1023.47, 1025.43, 1026.94]
exp004-n1024-k08-d180-bs60-f1.000-r03:019435.599: log(norms):     [1023.47, 1026.23, 1028.14, 1028.17, 1028.23, 1028.24, 1028.27, 1028.25, 1028.45, 1028.41]
exp004-n1024-k08-d180-bs60-f1.000-r03:019435.618: (827 sec)
exp004-n1024-k08-d180-bs60-f1.000-r03:019435.618: Loop 25/100
exp004-n1024-k08-d180-bs60-f1.000-r03:020290.264: log(exp-norms): [1023.47, 1025.43, 1026.94]
exp004-n1024-k08-d180-bs60-f1.000-r03:020290.264: log(norms):     [1023.47, 1026.23, 1028.14, 1028.17, 1028.23, 1028.24, 1028.27, 1028.25, 1028.45, 1028.41]
exp004-n1024-k08-d180-bs60-f1.000-r03:020290.295: (855 sec)
exp004-n1024-k08-d180-bs60-f1.000-r03:020290.296: Loop 26/100
exp004-n1024-k08-d180-bs60-f1.000-r03:021162.661: log(exp-norms): [1023.47, 1025.43, 1026.94]
exp004-n1024-k08-d180-bs60-f1.000-r03:021162.662: log(norms):     [1023.47, 1026.23, 1028.14, 1028.17, 1028.2, 1028.2, 1028.31, 1028.27, 1028.25, 1028.26]
exp004-n1024-k08-d180-bs60-f1.000-r03:021162.680: (873 sec)
exp004-n1024-k08-d180-bs60-f1.000-r03:021162.681: Loop 27/100
exp004-n1024-k08-d180-bs60-f1.000-r03:021885.558: log(exp-norms): [1023.47, 1025.43, 1026.94]
exp004-n1024-k08-d180-bs60-f1.000-r03:021885.559: log(norms):     [1023.47, 1026.23, 1028.14, 1028.17, 1028.2, 1028.36, 1028.25, 1028.26, 1028.24, 1028.27]
exp004-n1024-k08-d180-bs60-f1.000-r03:021885.577: (723 sec)
exp004-n1024-k08-d180-bs60-f1.000-r03:021885.578: Loop 28/100
exp004-n1024-k08-d180-bs60-f1.000-r03:022559.754: log(exp-norms): [1023.47, 1025.43, 1026.94]
exp004-n1024-k08-d180-bs60-f1.000-r03:022559.755: log(norms):     [1023.47, 1026.23, 1028.14, 1028.17, 1028.2, 1028.36, 1028.25, 1028.26, 1028.24, 1028.27]
exp004-n1024-k08-d180-bs60-f1.000-r03:022559.773: (675 sec)
exp004-n1024-k08-d180-bs60-f1.000-r03:022559.773: Loop 29/100
exp004-n1024-k08-d180-bs60-f1.000-r03:023250.553: log(exp-norms): [1023.47, 1025.43, 1026.94]
exp004-n1024-k08-d180-bs60-f1.000-r03:023250.554: log(norms):     [1023.47, 1026.23, 1028.14, 1028.29, 1028.17, 1028.25, 1028.23, 1028.36, 1028.32, 1028.2]
exp004-n1024-k08-d180-bs60-f1.000-r03:023250.575: (691 sec)
exp004-n1024-k08-d180-bs60-f1.000-r03:023250.576: Loop 30/100
exp004-n1024-k08-d180-bs60-f1.000-r03:024033.981: log(exp-norms): [1023.47, 1025.43, 1026.94]
exp004-n1024-k08-d180-bs60-f1.000-r03:024033.982: log(norms):     [1023.47, 1026.23, 1028.14, 1028.29, 1028.17, 1028.25, 1028.23, 1028.36, 1028.33, 1028.35]
exp004-n1024-k08-d180-bs60-f1.000-r03:024034.011: (784 sec)
exp004-n1024-k08-d180-bs60-f1.000-r03:024034.012: Loop 31/100
exp004-n1024-k08-d180-bs60-f1.000-r03:024697.064: log(exp-norms): [1023.47, 1025.43, 1026.94]
exp004-n1024-k08-d180-bs60-f1.000-r03:024697.064: log(norms):     [1023.47, 1026.23, 1028.14, 1028.29, 1028.17, 1028.25, 1028.23, 1028.36, 1028.33, 1028.35]
exp004-n1024-k08-d180-bs60-f1.000-r03:024697.081: (664 sec)
exp004-n1024-k08-d180-bs60-f1.000-r03:024697.082: Loop 32/100
exp004-n1024-k08-d180-bs60-f1.000-r03:025399.480: log(exp-norms): [1023.47, 1025.43, 1026.94]
exp004-n1024-k08-d180-bs60-f1.000-r03:025399.481: log(norms):     [1023.47, 1026.23, 1028.14, 1028.29, 1028.17, 1028.25, 1028.23, 1028.36, 1028.33, 1028.35]
exp004-n1024-k08-d180-bs60-f1.000-r03:025399.500: (703 sec)
exp004-n1024-k08-d180-bs60-f1.000-r03:025399.500: Loop 33/100
exp004-n1024-k08-d180-bs60-f1.000-r03:026045.949: log(exp-norms): [1023.47, 1025.43, 1026.94]
exp004-n1024-k08-d180-bs60-f1.000-r03:026045.950: log(norms):     [1023.47, 1026.23, 1028.14, 1028.29, 1028.21, 1028.17, 1028.25, 1028.4, 1028.32, 1028.33]
exp004-n1024-k08-d180-bs60-f1.000-r03:026045.968: (647 sec)
exp004-n1024-k08-d180-bs60-f1.000-r03:026045.968: Loop 34/100
exp004-n1024-k08-d180-bs60-f1.000-r03:026721.032: log(exp-norms): [1023.47, 1025.43, 1026.94]
exp004-n1024-k08-d180-bs60-f1.000-r03:026721.033: log(norms):     [1023.47, 1026.23, 1028.14, 1028.29, 1028.21, 1028.17, 1028.25, 1028.4, 1028.32, 1028.33]
exp004-n1024-k08-d180-bs60-f1.000-r03:026721.051: (676 sec)
exp004-n1024-k08-d180-bs60-f1.000-r03:026721.052: Loop 35/100
exp004-n1024-k08-d180-bs60-f1.000-r03:027323.405: log(exp-norms): [1023.47, 1025.43, 1026.94]
exp004-n1024-k08-d180-bs60-f1.000-r03:027323.406: log(norms):     [1023.47, 1026.23, 1028.14, 1028.29, 1028.21, 1028.17, 1028.25, 1028.4, 1028.32, 1028.33]
exp004-n1024-k08-d180-bs60-f1.000-r03:027323.425: (603 sec)
exp004-n1024-k08-d180-bs60-f1.000-r03:027323.425: Loop 36/100
exp004-n1024-k08-d180-bs60-f1.000-r03:027941.835: log(exp-norms): [1023.47, 1025.43, 1026.94]
exp004-n1024-k08-d180-bs60-f1.000-r03:027941.836: log(norms):     [1023.47, 1026.23, 1028.14, 1028.29, 1028.21, 1028.17, 1028.25, 1028.4, 1028.32, 1028.33]
exp004-n1024-k08-d180-bs60-f1.000-r03:027941.853: (619 sec)
exp004-n1024-k08-d180-bs60-f1.000-r03:027941.853: Loop 37/100
exp004-n1024-k08-d180-bs60-f1.000-r03:028548.888: log(exp-norms): [1023.47, 1025.43, 1026.94]
exp004-n1024-k08-d180-bs60-f1.000-r03:028548.889: log(norms):     [1023.47, 1026.23, 1028.14, 1028.29, 1028.21, 1028.17, 1028.25, 1028.4, 1028.32, 1028.33]
exp004-n1024-k08-d180-bs60-f1.000-r03:028548.907: (608 sec)
exp004-n1024-k08-d180-bs60-f1.000-r03:028548.908: Loop 38/100
exp004-n1024-k08-d180-bs60-f1.000-r03:029153.946: log(exp-norms): [1023.47, 1025.43, 1026.94]
exp004-n1024-k08-d180-bs60-f1.000-r03:029153.947: log(norms):     [1023.47, 1026.23, 1028.14, 1028.29, 1028.21, 1028.17, 1028.25, 1028.4, 1028.32, 1028.33]
exp004-n1024-k08-d180-bs60-f1.000-r03:029153.964: (606 sec)
exp004-n1024-k08-d180-bs60-f1.000-r03:029153.964: Loop 39/100
exp004-n1024-k08-d180-bs60-f1.000-r03:029786.402: log(exp-norms): [1023.47, 1025.43, 1026.94]
exp004-n1024-k08-d180-bs60-f1.000-r03:029786.404: log(norms):     [1023.47, 1026.23, 1028.14, 1028.29, 1028.21, 1028.17, 1028.25, 1028.4, 1028.32, 1028.33]
exp004-n1024-k08-d180-bs60-f1.000-r03:029786.421: (633 sec)
exp004-n1024-k08-d180-bs60-f1.000-r03:029786.421: Loop 40/100
exp004-n1024-k08-d180-bs60-f1.000-r03:030434.425: log(exp-norms): [1023.47, 1025.43, 1026.94]
exp004-n1024-k08-d180-bs60-f1.000-r03:030434.425: log(norms):     [1023.47, 1026.23, 1028.14, 1028.29, 1028.21, 1028.17, 1028.25, 1028.4, 1028.32, 1028.33]
exp004-n1024-k08-d180-bs60-f1.000-r03:030434.442: (649 sec)
exp004-n1024-k08-d180-bs60-f1.000-r03:030434.443: Loop 41/100
exp004-n1024-k08-d180-bs60-f1.000-r03:031087.505: log(exp-norms): [1023.47, 1025.43, 1026.94]
exp004-n1024-k08-d180-bs60-f1.000-r03:031087.506: log(norms):     [1023.47, 1026.23, 1028.14, 1028.29, 1028.35, 1028.21, 1028.18, 1028.23, 1028.33, 1028.39]
exp004-n1024-k08-d180-bs60-f1.000-r03:031087.523: (654 sec)
exp004-n1024-k08-d180-bs60-f1.000-r03:031087.523: Loop 42/100
exp004-n1024-k08-d180-bs60-f1.000-r03:031739.111: log(exp-norms): [1023.47, 1025.43, 1026.94]
exp004-n1024-k08-d180-bs60-f1.000-r03:031739.112: log(norms):     [1023.47, 1026.23, 1028.14, 1028.29, 1028.35, 1028.21, 1028.18, 1028.23, 1028.33, 1028.46]
exp004-n1024-k08-d180-bs60-f1.000-r03:031739.129: (652 sec)
exp004-n1024-k08-d180-bs60-f1.000-r03:031739.129: Loop 43/100
exp004-n1024-k08-d180-bs60-f1.000-r03:032417.805: log(exp-norms): [1023.47, 1025.43, 1026.94]
exp004-n1024-k08-d180-bs60-f1.000-r03:032417.806: log(norms):     [1023.47, 1026.23, 1028.14, 1028.29, 1028.35, 1028.21, 1028.18, 1028.23, 1028.33, 1028.46]
exp004-n1024-k08-d180-bs60-f1.000-r03:032417.823: (679 sec)
exp004-n1024-k08-d180-bs60-f1.000-r03:032417.823: Loop 44/100
exp004-n1024-k08-d180-bs60-f1.000-r03:033063.890: log(exp-norms): [1023.47, 1025.43, 1026.94]
exp004-n1024-k08-d180-bs60-f1.000-r03:033063.891: log(norms):     [1023.47, 1026.23, 1028.14, 1028.15, 1028.18, 1028.35, 1028.31, 1028.21, 1028.37, 1028.39]
exp004-n1024-k08-d180-bs60-f1.000-r03:033063.909: (647 sec)
exp004-n1024-k08-d180-bs60-f1.000-r03:033063.910: Loop 45/100
exp004-n1024-k08-d180-bs60-f1.000-r03:033743.924: log(exp-norms): [1023.47, 1025.43, 1026.94]
exp004-n1024-k08-d180-bs60-f1.000-r03:033743.924: log(norms):     [1023.47, 1026.23, 1028.14, 1028.15, 1028.33, 1028.18, 1028.35, 1028.31, 1028.21, 1028.25]
exp004-n1024-k08-d180-bs60-f1.000-r03:033743.942: (681 sec)
exp004-n1024-k08-d180-bs60-f1.000-r03:033743.943: Loop 46/100
exp004-n1024-k08-d180-bs60-f1.000-r03:034397.586: log(exp-norms): [1023.47, 1025.43, 1026.94]
exp004-n1024-k08-d180-bs60-f1.000-r03:034397.587: log(norms):     [1023.47, 1026.23, 1028.14, 1028.15, 1028.33, 1028.18, 1028.35, 1028.31, 1028.21, 1028.25]
exp004-n1024-k08-d180-bs60-f1.000-r03:034397.605: (654 sec)
exp004-n1024-k08-d180-bs60-f1.000-r03:034397.605: Loop 47/100
exp004-n1024-k08-d180-bs60-f1.000-r03:035027.053: log(exp-norms): [1023.47, 1025.43, 1026.94]
exp004-n1024-k08-d180-bs60-f1.000-r03:035027.054: log(norms):     [1023.47, 1026.23, 1028.14, 1028.15, 1028.33, 1028.18, 1028.35, 1028.31, 1028.21, 1028.25]
exp004-n1024-k08-d180-bs60-f1.000-r03:035027.071: (630 sec)
exp004-n1024-k08-d180-bs60-f1.000-r03:035027.071: Loop 48/100
exp004-n1024-k08-d180-bs60-f1.000-r03:035681.333: log(exp-norms): [1023.47, 1025.43, 1026.94]
exp004-n1024-k08-d180-bs60-f1.000-r03:035681.334: log(norms):     [1023.47, 1026.23, 1028.14, 1028.15, 1028.33, 1028.18, 1028.35, 1028.31, 1028.29, 1028.21]
exp004-n1024-k08-d180-bs60-f1.000-r03:035681.352: (655 sec)
exp004-n1024-k08-d180-bs60-f1.000-r03:035681.353: Loop 49/100
exp004-n1024-k08-d180-bs60-f1.000-r03:036332.134: log(exp-norms): [1023.47, 1025.43, 1026.94]
exp004-n1024-k08-d180-bs60-f1.000-r03:036332.134: log(norms):     [1023.47, 1026.23, 1028.14, 1028.15, 1028.33, 1028.18, 1028.35, 1028.31, 1028.29, 1028.43]
exp004-n1024-k08-d180-bs60-f1.000-r03:036332.152: (651 sec)
exp004-n1024-k08-d180-bs60-f1.000-r03:036332.152: Loop 50/100
exp004-n1024-k08-d180-bs60-f1.000-r03:036989.131: log(exp-norms): [1023.47, 1025.43, 1026.94]
exp004-n1024-k08-d180-bs60-f1.000-r03:036989.132: log(norms):     [1023.47, 1026.23, 1028.14, 1028.15, 1028.33, 1028.18, 1028.35, 1028.31, 1028.29, 1028.43]
exp004-n1024-k08-d180-bs60-f1.000-r03:036989.149: (657 sec)
exp004-n1024-k08-d180-bs60-f1.000-r03:036989.149: Loop 51/100
exp004-n1024-k08-d180-bs60-f1.000-r03:037634.858: log(exp-norms): [1023.47, 1025.43, 1026.94]
exp004-n1024-k08-d180-bs60-f1.000-r03:037634.858: log(norms):     [1023.47, 1026.23, 1028.14, 1028.15, 1028.33, 1028.18, 1028.35, 1028.31, 1028.29, 1028.43]
exp004-n1024-k08-d180-bs60-f1.000-r03:037634.876: (646 sec)
exp004-n1024-k08-d180-bs60-f1.000-r03:037634.876: Loop 52/100
exp004-n1024-k08-d180-bs60-f1.000-r03:038274.170: log(exp-norms): [1023.47, 1025.43, 1026.94]
exp004-n1024-k08-d180-bs60-f1.000-r03:038274.171: log(norms):     [1023.47, 1026.23, 1028.14, 1028.15, 1028.33, 1028.25, 1028.19, 1028.31, 1028.43, 1028.22]
exp004-n1024-k08-d180-bs60-f1.000-r03:038274.189: (640 sec)
exp004-n1024-k08-d180-bs60-f1.000-r03:038274.190: Loop 53/100
exp004-n1024-k08-d180-bs60-f1.000-r03:038928.527: log(exp-norms): [1023.47, 1025.43, 1026.94]
exp004-n1024-k08-d180-bs60-f1.000-r03:038928.528: log(norms):     [1023.47, 1026.23, 1028.14, 1028.15, 1028.33, 1028.25, 1028.19, 1028.22, 1028.47, 1028.55]
exp004-n1024-k08-d180-bs60-f1.000-r03:038928.545: (655 sec)
exp004-n1024-k08-d180-bs60-f1.000-r03:038928.546: Loop 54/100
exp004-n1024-k08-d180-bs60-f1.000-r03:039570.724: log(exp-norms): [1023.47, 1025.43, 1026.94]
exp004-n1024-k08-d180-bs60-f1.000-r03:039570.725: log(norms):     [1023.47, 1026.23, 1028.14, 1028.15, 1028.33, 1028.25, 1028.19, 1028.22, 1028.47, 1028.45]
exp004-n1024-k08-d180-bs60-f1.000-r03:039570.743: (643 sec)
exp004-n1024-k08-d180-bs60-f1.000-r03:039570.744: Loop 55/100
exp004-n1024-k08-d180-bs60-f1.000-r03:040239.979: log(exp-norms): [1023.47, 1025.43, 1026.94]
exp004-n1024-k08-d180-bs60-f1.000-r03:040239.979: log(norms):     [1023.47, 1026.23, 1028.14, 1028.15, 1028.33, 1028.25, 1028.19, 1028.22, 1028.47, 1028.45]
exp004-n1024-k08-d180-bs60-f1.000-r03:040239.996: (670 sec)
exp004-n1024-k08-d180-bs60-f1.000-r03:040239.997: Loop 56/100
exp004-n1024-k08-d180-bs60-f1.000-r03:040890.341: log(exp-norms): [1023.47, 1025.43, 1026.94]
exp004-n1024-k08-d180-bs60-f1.000-r03:040890.343: log(norms):     [1023.47, 1026.23, 1028.14, 1028.15, 1028.33, 1028.25, 1028.19, 1028.22, 1028.47, 1028.45]
exp004-n1024-k08-d180-bs60-f1.000-r03:040890.360: (651 sec)
exp004-n1024-k08-d180-bs60-f1.000-r03:040890.360: Loop 57/100
exp004-n1024-k08-d180-bs60-f1.000-r03:041548.166: log(exp-norms): [1023.47, 1025.43, 1026.94]
exp004-n1024-k08-d180-bs60-f1.000-r03:041548.166: log(norms):     [1023.47, 1026.23, 1028.14, 1028.14, 1028.15, 1028.33, 1028.25, 1028.22, 1028.47, 1028.19]
exp004-n1024-k08-d180-bs60-f1.000-r03:041548.185: (658 sec)
exp004-n1024-k08-d180-bs60-f1.000-r03:041548.185: Loop 58/100
exp004-n1024-k08-d180-bs60-f1.000-r03:042236.094: log(exp-norms): [1023.47, 1025.43, 1026.94]
exp004-n1024-k08-d180-bs60-f1.000-r03:042236.095: log(norms):     [1023.47, 1026.23, 1028.14, 1028.14, 1028.15, 1028.33, 1028.25, 1028.22, 1028.47, 1028.19]
exp004-n1024-k08-d180-bs60-f1.000-r03:042236.113: (688 sec)
exp004-n1024-k08-d180-bs60-f1.000-r03:042236.113: Loop 59/100
exp004-n1024-k08-d180-bs60-f1.000-r03:042918.453: log(exp-norms): [1023.47, 1025.43, 1026.94]
exp004-n1024-k08-d180-bs60-f1.000-r03:042918.453: log(norms):     [1023.47, 1026.23, 1028.14, 1028.14, 1028.15, 1028.33, 1028.25, 1028.22, 1028.47, 1028.19]
exp004-n1024-k08-d180-bs60-f1.000-r03:042918.473: (683 sec)
exp004-n1024-k08-d180-bs60-f1.000-r03:042918.474: Loop 60/100
exp004-n1024-k08-d180-bs60-f1.000-r03:043615.711: log(exp-norms): [1023.47, 1025.43, 1026.94]
exp004-n1024-k08-d180-bs60-f1.000-r03:043615.711: log(norms):     [1023.47, 1026.23, 1028.14, 1028.14, 1028.15, 1028.33, 1028.25, 1028.22, 1028.47, 1028.19]
exp004-n1024-k08-d180-bs60-f1.000-r03:043615.728: (698 sec)
exp004-n1024-k08-d180-bs60-f1.000-r03:043615.729: Loop 61/100
exp004-n1024-k08-d180-bs60-f1.000-r03:044263.055: log(exp-norms): [1023.47, 1025.43, 1026.94]
exp004-n1024-k08-d180-bs60-f1.000-r03:044263.056: log(norms):     [1023.47, 1026.23, 1028.14, 1028.14, 1028.15, 1028.33, 1028.35, 1028.25, 1028.19, 1028.49]
exp004-n1024-k08-d180-bs60-f1.000-r03:044263.074: (648 sec)
exp004-n1024-k08-d180-bs60-f1.000-r03:044263.074: Loop 62/100
exp004-n1024-k08-d180-bs60-f1.000-r03:044924.498: log(exp-norms): [1023.47, 1025.43, 1026.94]
exp004-n1024-k08-d180-bs60-f1.000-r03:044924.499: log(norms):     [1023.47, 1026.23, 1028.14, 1028.14, 1028.15, 1028.33, 1028.35, 1028.25, 1028.19, 1028.49]
exp004-n1024-k08-d180-bs60-f1.000-r03:044924.519: (662 sec)
exp004-n1024-k08-d180-bs60-f1.000-r03:044924.519: Loop 63/100
exp004-n1024-k08-d180-bs60-f1.000-r03:045598.845: log(exp-norms): [1023.47, 1025.43, 1026.94]
exp004-n1024-k08-d180-bs60-f1.000-r03:045598.846: log(norms):     [1023.47, 1026.23, 1028.14, 1028.14, 1028.15, 1028.33, 1028.35, 1028.25, 1028.19, 1028.49]
exp004-n1024-k08-d180-bs60-f1.000-r03:045598.865: (675 sec)
exp004-n1024-k08-d180-bs60-f1.000-r03:045598.866: Loop 64/100
exp004-n1024-k08-d180-bs60-f1.000-r03:046250.367: log(exp-norms): [1023.47, 1025.43, 1026.94]
exp004-n1024-k08-d180-bs60-f1.000-r03:046250.367: log(norms):     [1023.47, 1026.23, 1028.14, 1028.14, 1028.15, 1028.33, 1028.35, 1028.25, 1028.19, 1028.49]
exp004-n1024-k08-d180-bs60-f1.000-r03:046250.384: (652 sec)
exp004-n1024-k08-d180-bs60-f1.000-r03:046250.385: Loop 65/100
exp004-n1024-k08-d180-bs60-f1.000-r03:046883.636: log(exp-norms): [1023.47, 1025.43, 1026.94]
exp004-n1024-k08-d180-bs60-f1.000-r03:046883.637: log(norms):     [1023.47, 1026.23, 1028.14, 1028.14, 1028.15, 1028.33, 1028.35, 1028.25, 1028.19, 1028.49]
exp004-n1024-k08-d180-bs60-f1.000-r03:046883.665: (634 sec)
exp004-n1024-k08-d180-bs60-f1.000-r03:046883.666: Loop 66/100
exp004-n1024-k08-d180-bs60-f1.000-r03:047556.057: log(exp-norms): [1023.47, 1025.43, 1026.94]
exp004-n1024-k08-d180-bs60-f1.000-r03:047556.057: log(norms):     [1023.47, 1026.23, 1028.14, 1028.14, 1028.15, 1028.33, 1028.35, 1028.25, 1028.19, 1028.49]
exp004-n1024-k08-d180-bs60-f1.000-r03:047556.075: (673 sec)
exp004-n1024-k08-d180-bs60-f1.000-r03:047556.075: Loop 67/100
exp004-n1024-k08-d180-bs60-f1.000-r03:048238.013: log(exp-norms): [1023.47, 1025.43, 1026.94]
exp004-n1024-k08-d180-bs60-f1.000-r03:048238.013: log(norms):     [1023.47, 1026.23, 1028.14, 1028.14, 1028.15, 1028.33, 1028.24, 1028.35, 1028.42, 1028.42]
exp004-n1024-k08-d180-bs60-f1.000-r03:048238.032: (682 sec)
exp004-n1024-k08-d180-bs60-f1.000-r03:048238.032: Loop 68/100
exp004-n1024-k08-d180-bs60-f1.000-r03:048936.172: log(exp-norms): [1023.47, 1025.43, 1026.94]
exp004-n1024-k08-d180-bs60-f1.000-r03:048936.173: log(norms):     [1023.47, 1026.23, 1028.14, 1028.14, 1028.15, 1028.33, 1028.24, 1028.35, 1028.42, 1028.42]
exp004-n1024-k08-d180-bs60-f1.000-r03:048936.191: (699 sec)
exp004-n1024-k08-d180-bs60-f1.000-r03:048936.192: Loop 69/100
exp004-n1024-k08-d180-bs60-f1.000-r03:049609.835: log(exp-norms): [1023.47, 1025.43, 1026.94]
exp004-n1024-k08-d180-bs60-f1.000-r03:049609.836: log(norms):     [1023.47, 1026.23, 1028.14, 1028.14, 1028.15, 1028.33, 1028.24, 1028.25, 1028.35, 1028.42]
exp004-n1024-k08-d180-bs60-f1.000-r03:049609.853: (674 sec)
exp004-n1024-k08-d180-bs60-f1.000-r03:049609.854: Loop 70/100
exp004-n1024-k08-d180-bs60-f1.000-r03:050246.793: log(exp-norms): [1023.47, 1025.43, 1026.94]
exp004-n1024-k08-d180-bs60-f1.000-r03:050246.794: log(norms):     [1023.47, 1026.23, 1028.14, 1028.14, 1028.15, 1028.33, 1028.24, 1028.25, 1028.34, 1028.37]
exp004-n1024-k08-d180-bs60-f1.000-r03:050246.814: (637 sec)
exp004-n1024-k08-d180-bs60-f1.000-r03:050246.814: Loop 71/100
exp004-n1024-k08-d180-bs60-f1.000-r03:050918.853: log(exp-norms): [1023.47, 1025.43, 1026.94]
exp004-n1024-k08-d180-bs60-f1.000-r03:050918.854: log(norms):     [1023.47, 1026.23, 1028.14, 1028.14, 1028.15, 1028.33, 1028.24, 1028.25, 1028.34, 1028.37]
exp004-n1024-k08-d180-bs60-f1.000-r03:050918.871: (673 sec)
exp004-n1024-k08-d180-bs60-f1.000-r03:050918.871: Loop 72/100
exp004-n1024-k08-d180-bs60-f1.000-r03:051571.079: log(exp-norms): [1023.47, 1025.43, 1026.94]
exp004-n1024-k08-d180-bs60-f1.000-r03:051571.079: log(norms):     [1023.47, 1026.23, 1028.14, 1028.14, 1028.16, 1028.15, 1028.33, 1028.25, 1028.24, 1028.34]
exp004-n1024-k08-d180-bs60-f1.000-r03:051571.097: (653 sec)
exp004-n1024-k08-d180-bs60-f1.000-r03:051571.097: Loop 73/100
exp004-n1024-k08-d180-bs60-f1.000-r03:052217.236: log(exp-norms): [1023.47, 1025.43, 1026.94]
exp004-n1024-k08-d180-bs60-f1.000-r03:052217.236: log(norms):     [1023.47, 1026.23, 1028.14, 1028.14, 1028.16, 1028.15, 1028.33, 1028.33, 1028.25, 1028.47]
exp004-n1024-k08-d180-bs60-f1.000-r03:052217.255: (647 sec)
exp004-n1024-k08-d180-bs60-f1.000-r03:052217.255: Loop 74/100
exp004-n1024-k08-d180-bs60-f1.000-r03:052861.805: log(exp-norms): [1023.47, 1025.43, 1026.94]
exp004-n1024-k08-d180-bs60-f1.000-r03:052861.805: log(norms):     [1023.47, 1026.23, 1028.14, 1028.14, 1028.16, 1028.15, 1028.33, 1028.33, 1028.25, 1028.47]
exp004-n1024-k08-d180-bs60-f1.000-r03:052861.823: (645 sec)
exp004-n1024-k08-d180-bs60-f1.000-r03:052861.823: Loop 75/100
exp004-n1024-k08-d180-bs60-f1.000-r03:053507.318: log(exp-norms): [1023.47, 1025.43, 1026.94]
exp004-n1024-k08-d180-bs60-f1.000-r03:053507.318: log(norms):     [1023.47, 1026.23, 1028.14, 1028.14, 1028.16, 1028.22, 1028.15, 1028.32, 1028.39, 1028.33]
exp004-n1024-k08-d180-bs60-f1.000-r03:053507.336: (646 sec)
exp004-n1024-k08-d180-bs60-f1.000-r03:053507.336: Loop 76/100
exp004-n1024-k08-d180-bs60-f1.000-r03:054135.099: log(exp-norms): [1023.47, 1025.43, 1026.94]
exp004-n1024-k08-d180-bs60-f1.000-r03:054135.100: log(norms):     [1023.47, 1026.23, 1028.14, 1028.14, 1028.16, 1028.34, 1028.22, 1028.15, 1028.32, 1028.34]
exp004-n1024-k08-d180-bs60-f1.000-r03:054135.141: (628 sec)
exp004-n1024-k08-d180-bs60-f1.000-r03:054135.141: Loop 77/100
exp004-n1024-k08-d180-bs60-f1.000-r03:054779.661: log(exp-norms): [1023.47, 1025.43, 1026.94]
exp004-n1024-k08-d180-bs60-f1.000-r03:054779.661: log(norms):     [1023.47, 1026.23, 1028.14, 1028.14, 1028.16, 1028.34, 1028.22, 1028.15, 1028.32, 1028.34]
exp004-n1024-k08-d180-bs60-f1.000-r03:054779.678: (645 sec)
exp004-n1024-k08-d180-bs60-f1.000-r03:054779.679: Loop 78/100
exp004-n1024-k08-d180-bs60-f1.000-r03:055464.916: log(exp-norms): [1023.47, 1025.43, 1026.94]
exp004-n1024-k08-d180-bs60-f1.000-r03:055464.917: log(norms):     [1023.47, 1026.23, 1028.14, 1028.14, 1028.16, 1028.34, 1028.22, 1028.15, 1028.32, 1028.34]
exp004-n1024-k08-d180-bs60-f1.000-r03:055464.935: (686 sec)
exp004-n1024-k08-d180-bs60-f1.000-r03:055464.936: Loop 79/100
exp004-n1024-k08-d180-bs60-f1.000-r03:056130.307: log(exp-norms): [1023.47, 1025.43, 1026.94]
exp004-n1024-k08-d180-bs60-f1.000-r03:056130.308: log(norms):     [1023.47, 1026.23, 1028.14, 1028.14, 1028.16, 1028.34, 1028.34, 1028.22, 1028.33, 1028.32]
exp004-n1024-k08-d180-bs60-f1.000-r03:056130.325: (666 sec)
exp004-n1024-k08-d180-bs60-f1.000-r03:056130.325: Loop 80/100
exp004-n1024-k08-d180-bs60-f1.000-r03:056778.802: log(exp-norms): [1023.47, 1025.43, 1026.94]
exp004-n1024-k08-d180-bs60-f1.000-r03:056778.804: log(norms):     [1023.47, 1026.23, 1028.14, 1028.14, 1028.16, 1028.34, 1028.34, 1028.22, 1028.33, 1028.32]
exp004-n1024-k08-d180-bs60-f1.000-r03:056778.821: (649 sec)
exp004-n1024-k08-d180-bs60-f1.000-r03:056778.822: Loop 81/100
exp004-n1024-k08-d180-bs60-f1.000-r03:057432.930: log(exp-norms): [1023.47, 1025.43, 1026.94]
exp004-n1024-k08-d180-bs60-f1.000-r03:057432.930: log(norms):     [1023.47, 1026.23, 1028.14, 1028.14, 1028.16, 1028.34, 1028.34, 1028.22, 1028.33, 1028.32]
exp004-n1024-k08-d180-bs60-f1.000-r03:057432.948: (655 sec)
exp004-n1024-k08-d180-bs60-f1.000-r03:057432.948: Loop 82/100
exp004-n1024-k08-d180-bs60-f1.000-r03:058097.207: log(exp-norms): [1023.47, 1025.43, 1026.94]
exp004-n1024-k08-d180-bs60-f1.000-r03:058097.208: log(norms):     [1023.47, 1026.23, 1028.14, 1028.14, 1028.16, 1028.34, 1028.34, 1028.22, 1028.33, 1028.32]
exp004-n1024-k08-d180-bs60-f1.000-r03:058097.225: (665 sec)
exp004-n1024-k08-d180-bs60-f1.000-r03:058097.225: Loop 83/100
exp004-n1024-k08-d180-bs60-f1.000-r03:058720.979: log(exp-norms): [1023.47, 1025.43, 1026.94]
exp004-n1024-k08-d180-bs60-f1.000-r03:058720.980: log(norms):     [1023.47, 1026.23, 1028.14, 1028.14, 1028.16, 1028.34, 1028.34, 1028.22, 1028.33, 1028.32]
exp004-n1024-k08-d180-bs60-f1.000-r03:058720.997: (624 sec)
exp004-n1024-k08-d180-bs60-f1.000-r03:058720.997: Loop 84/100
exp004-n1024-k08-d180-bs60-f1.000-r03:059354.328: log(exp-norms): [1023.47, 1025.43, 1026.94]
exp004-n1024-k08-d180-bs60-f1.000-r03:059354.329: log(norms):     [1023.47, 1026.23, 1028.14, 1028.14, 1028.16, 1028.34, 1028.34, 1028.22, 1028.33, 1028.32]
exp004-n1024-k08-d180-bs60-f1.000-r03:059354.346: (634 sec)
exp004-n1024-k08-d180-bs60-f1.000-r03:059354.346: Loop 85/100
exp004-n1024-k08-d180-bs60-f1.000-r03:059998.226: log(exp-norms): [1023.47, 1025.43, 1026.94]
exp004-n1024-k08-d180-bs60-f1.000-r03:059998.226: log(norms):     [1023.47, 1026.23, 1028.14, 1028.14, 1028.16, 1028.34, 1028.28, 1028.34, 1028.22, 1028.33]
exp004-n1024-k08-d180-bs60-f1.000-r03:059998.245: (644 sec)
exp004-n1024-k08-d180-bs60-f1.000-r03:059998.245: Loop 86/100
exp004-n1024-k08-d180-bs60-f1.000-r03:060699.047: log(exp-norms): [1023.47, 1025.43, 1026.94]
exp004-n1024-k08-d180-bs60-f1.000-r03:060699.049: log(norms):     [1023.47, 1026.23, 1028.14, 1028.14, 1028.16, 1028.34, 1028.28, 1028.26, 1028.22, 1028.56]
exp004-n1024-k08-d180-bs60-f1.000-r03:060699.069: (701 sec)
exp004-n1024-k08-d180-bs60-f1.000-r03:060699.069: Loop 87/100
exp004-n1024-k08-d180-bs60-f1.000-r03:061347.168: log(exp-norms): [1023.47, 1025.43, 1026.94]
exp004-n1024-k08-d180-bs60-f1.000-r03:061347.169: log(norms):     [1023.47, 1026.23, 1028.14, 1028.14, 1028.16, 1028.34, 1028.28, 1028.26, 1028.22, 1028.56]
exp004-n1024-k08-d180-bs60-f1.000-r03:061347.186: (649 sec)
exp004-n1024-k08-d180-bs60-f1.000-r03:061347.186: Loop 88/100
exp004-n1024-k08-d180-bs60-f1.000-r03:062006.234: log(exp-norms): [1023.47, 1025.43, 1026.94]
exp004-n1024-k08-d180-bs60-f1.000-r03:062006.237: log(norms):     [1023.47, 1026.23, 1028.14, 1028.14, 1028.16, 1028.34, 1028.28, 1028.26, 1028.39, 1028.22]
exp004-n1024-k08-d180-bs60-f1.000-r03:062006.255: (660 sec)
exp004-n1024-k08-d180-bs60-f1.000-r03:062006.255: Loop 89/100
exp004-n1024-k08-d180-bs60-f1.000-r03:062678.822: log(exp-norms): [1023.47, 1025.43, 1026.94]
exp004-n1024-k08-d180-bs60-f1.000-r03:062678.823: log(norms):     [1023.47, 1026.23, 1028.14, 1028.14, 1028.16, 1028.34, 1028.28, 1028.26, 1028.39, 1028.22]
exp004-n1024-k08-d180-bs60-f1.000-r03:062678.841: (673 sec)
exp004-n1024-k08-d180-bs60-f1.000-r03:062678.842: Loop 90/100
exp004-n1024-k08-d180-bs60-f1.000-r03:063332.604: log(exp-norms): [1023.47, 1025.43, 1026.94]
exp004-n1024-k08-d180-bs60-f1.000-r03:063332.607: log(norms):     [1023.47, 1026.23, 1028.14, 1028.14, 1028.16, 1028.34, 1028.28, 1028.26, 1028.39, 1028.22]
exp004-n1024-k08-d180-bs60-f1.000-r03:063332.627: (654 sec)
exp004-n1024-k08-d180-bs60-f1.000-r03:063332.628: Loop 91/100
exp004-n1024-k08-d180-bs60-f1.000-r03:063984.192: log(exp-norms): [1023.47, 1025.43, 1026.94]
exp004-n1024-k08-d180-bs60-f1.000-r03:063984.193: log(norms):     [1023.47, 1026.23, 1028.14, 1028.14, 1028.16, 1028.34, 1028.34, 1028.28, 1028.26, 1028.39]
exp004-n1024-k08-d180-bs60-f1.000-r03:063984.211: (652 sec)
exp004-n1024-k08-d180-bs60-f1.000-r03:063984.211: Loop 92/100
exp004-n1024-k08-d180-bs60-f1.000-r03:064643.088: log(exp-norms): [1023.47, 1025.43, 1026.94]
exp004-n1024-k08-d180-bs60-f1.000-r03:064643.089: log(norms):     [1023.47, 1026.23, 1028.14, 1028.14, 1028.16, 1028.34, 1028.34, 1028.28, 1028.26, 1028.39]
exp004-n1024-k08-d180-bs60-f1.000-r03:064643.106: (659 sec)
exp004-n1024-k08-d180-bs60-f1.000-r03:064643.106: Loop 93/100
exp004-n1024-k08-d180-bs60-f1.000-r03:065307.836: log(exp-norms): [1023.47, 1025.43, 1026.94]
exp004-n1024-k08-d180-bs60-f1.000-r03:065307.836: log(norms):     [1023.47, 1026.23, 1028.14, 1028.14, 1028.16, 1028.34, 1028.34, 1028.37, 1028.28, 1028.47]
exp004-n1024-k08-d180-bs60-f1.000-r03:065307.854: (665 sec)
exp004-n1024-k08-d180-bs60-f1.000-r03:065307.855: Loop 94/100
exp004-n1024-k08-d180-bs60-f1.000-r03:065975.525: log(exp-norms): [1023.47, 1025.43, 1026.94]
exp004-n1024-k08-d180-bs60-f1.000-r03:065975.526: log(norms):     [1023.47, 1026.23, 1028.14, 1028.14, 1028.16, 1028.34, 1028.34, 1028.37, 1028.27, 1028.28]
exp004-n1024-k08-d180-bs60-f1.000-r03:065975.544: (668 sec)
exp004-n1024-k08-d180-bs60-f1.000-r03:065975.544: Loop 95/100
exp004-n1024-k08-d180-bs60-f1.000-r03:066650.367: log(exp-norms): [1023.47, 1025.43, 1026.94]
exp004-n1024-k08-d180-bs60-f1.000-r03:066650.367: log(norms):     [1023.47, 1026.23, 1028.14, 1028.14, 1028.16, 1028.34, 1028.34, 1028.37, 1028.27, 1028.28]
exp004-n1024-k08-d180-bs60-f1.000-r03:066650.386: (675 sec)
exp004-n1024-k08-d180-bs60-f1.000-r03:066650.386: Loop 96/100
exp004-n1024-k08-d180-bs60-f1.000-r03:067385.330: log(exp-norms): [1023.47, 1025.43, 1026.94]
exp004-n1024-k08-d180-bs60-f1.000-r03:067385.331: log(norms):     [1023.47, 1026.23, 1028.14, 1028.14, 1028.16, 1028.34, 1028.34, 1028.37, 1028.27, 1028.28]
exp004-n1024-k08-d180-bs60-f1.000-r03:067385.349: (735 sec)
exp004-n1024-k08-d180-bs60-f1.000-r03:067385.350: Loop 97/100
exp004-n1024-k08-d180-bs60-f1.000-r03:068073.377: log(exp-norms): [1023.47, 1025.43, 1026.94]
exp004-n1024-k08-d180-bs60-f1.000-r03:068073.378: log(norms):     [1023.47, 1026.23, 1028.14, 1028.14, 1028.16, 1028.34, 1028.34, 1028.37, 1028.27, 1028.28]
exp004-n1024-k08-d180-bs60-f1.000-r03:068073.396: (689 sec)
exp004-n1024-k08-d180-bs60-f1.000-r03:068073.397: Loop 98/100
exp004-n1024-k08-d180-bs60-f1.000-r03:068748.764: log(exp-norms): [1023.47, 1025.43, 1026.94]
exp004-n1024-k08-d180-bs60-f1.000-r03:068748.766: log(norms):     [1023.47, 1026.23, 1028.14, 1028.14, 1028.16, 1028.34, 1028.34, 1028.37, 1028.27, 1028.28]
exp004-n1024-k08-d180-bs60-f1.000-r03:068748.786: (676 sec)
exp004-n1024-k08-d180-bs60-f1.000-r03:068748.787: Loop 99/100
exp004-n1024-k08-d180-bs60-f1.000-r03:069437.965: log(exp-norms): [1023.47, 1025.43, 1026.94]
exp004-n1024-k08-d180-bs60-f1.000-r03:069437.966: log(norms):     [1023.47, 1026.23, 1028.14, 1028.14, 1028.16, 1028.34, 1028.34, 1028.37, 1028.27, 1028.1]
exp004-n1024-k08-d180-bs60-f1.000-r03:069437.985: (690 sec)
exp004-n1024-k08-d180-bs60-f1.000-r03:069437.986: Loop 100/100
exp004-n1024-k08-d180-bs60-f1.000-r03:070116.739: log(exp-norms): [1023.47, 1025.43, 1026.94]
exp004-n1024-k08-d180-bs60-f1.000-r03:070116.740: log(norms):     [1023.47, 1026.23, 1028.1, 1028.14, 1028.14, 1028.16, 1028.34, 1028.27, 1028.34, 1028.36]
exp004-n1024-k08-d180-bs60-f1.000-r03:070116.758: (679 sec)
exp004-n1024-k08-d180-bs60-f1.000-r03:070116.758: ==========================Summary===========================
exp004-n1024-k08-d180-bs60-f1.000-r03:070116.758: Total time: 70117sec
exp004-n1024-k08-d180-bs60-f1.000-r03:070116.758: FAIL
exp004-n1024-k08-d180-bs60-f1.000-r03:070116.758: SUMMARY:n:1024:k:8:d:180:bs:60:t:70117:r:False
