exp027-n1036-k08-d180-bs60-f1.000-r02:000000.214: ==========================Instance==========================
exp027-n1036-k08-d180-bs60-f1.000-r02:000000.214: # of equations: 180
exp027-n1036-k08-d180-bs60-f1.000-r02:000000.217: Gap: 3.88
exp027-n1036-k08-d180-bs60-f1.000-r02:000000.221: Tau: 4.61
exp027-n1036-k08-d180-bs60-f1.000-r02:000000.222: ======================BKZ-60 reduction======================
exp027-n1036-k08-d180-bs60-f1.000-r02:000003.756: Expectedly achievable log(norm): 1041.20
exp027-n1036-k08-d180-bs60-f1.000-r02:000006.204: log(exp-norms): [1036.0, 1037.96, 1039.92]
exp027-n1036-k08-d180-bs60-f1.000-r02:000006.204: log(norms):     [1046.85, 1038.75, 1044.0, 1044.0, 1044.0, 1044.0, 1044.0, 1044.0, 1044.0, 1044.0]
exp027-n1036-k08-d180-bs60-f1.000-r02:000006.275: Loop 1/100
exp027-n1036-k08-d180-bs60-f1.000-r02:001208.737: log(exp-norms): [1036.0, 1037.96, 1039.92]
exp027-n1036-k08-d180-bs60-f1.000-r02:001208.738: log(norms):     [1036.0, 1038.75, 1042.61, 1042.81, 1042.83, 1042.9, 1042.99, 1043.01, 1043.1, 1043.17]
exp027-n1036-k08-d180-bs60-f1.000-r02:001208.768: (1203 sec)
exp027-n1036-k08-d180-bs60-f1.000-r02:001208.768: Loop 2/100
exp027-n1036-k08-d180-bs60-f1.000-r02:002185.518: log(exp-norms): [1036.0, 1037.96, 1039.92]
exp027-n1036-k08-d180-bs60-f1.000-r02:002185.518: log(norms):     [1036.0, 1038.75, 1042.36, 1042.37, 1042.36, 1042.59, 1042.55, 1042.53, 1042.48, 1042.39]
exp027-n1036-k08-d180-bs60-f1.000-r02:002185.541: (977 sec)
exp027-n1036-k08-d180-bs60-f1.000-r02:002185.541: Loop 3/100
exp027-n1036-k08-d180-bs60-f1.000-r02:003252.786: log(exp-norms): [1036.0, 1037.96, 1039.92]
exp027-n1036-k08-d180-bs60-f1.000-r02:003252.787: log(norms):     [1036.0, 1038.75, 1042.02, 1042.05, 1042.03, 1042.08, 1042.19, 1042.22, 1041.98, 1042.29]
exp027-n1036-k08-d180-bs60-f1.000-r02:003252.819: (1068 sec)
exp027-n1036-k08-d180-bs60-f1.000-r02:003252.820: Loop 4/100
exp027-n1036-k08-d180-bs60-f1.000-r02:004150.163: log(exp-norms): [1036.0, 1037.96, 1039.92]
exp027-n1036-k08-d180-bs60-f1.000-r02:004150.164: log(norms):     [1036.0, 1038.75, 1041.68, 1041.81, 1041.71, 1041.82, 1041.81, 1041.81, 1041.69, 1041.8]
exp027-n1036-k08-d180-bs60-f1.000-r02:004150.195: (898 sec)
exp027-n1036-k08-d180-bs60-f1.000-r02:004150.196: Loop 5/100
exp027-n1036-k08-d180-bs60-f1.000-r02:004933.401: log(exp-norms): [1036.0, 1037.96, 1039.92]
exp027-n1036-k08-d180-bs60-f1.000-r02:004933.402: log(norms):     [1036.0, 1038.75, 1041.49, 1041.5, 1041.53, 1041.64, 1041.54, 1041.58, 1041.78, 1041.57]
exp027-n1036-k08-d180-bs60-f1.000-r02:004933.421: (784 sec)
exp027-n1036-k08-d180-bs60-f1.000-r02:004933.421: Loop 6/100
exp027-n1036-k08-d180-bs60-f1.000-r02:005688.800: log(exp-norms): [1036.0, 1037.96, 1039.92]
exp027-n1036-k08-d180-bs60-f1.000-r02:005688.800: log(norms):     [1036.0, 1037.95, 1038.75, 1041.41, 1041.44, 1041.62, 1041.53, 1041.54, 1041.6, 1041.58]
exp027-n1036-k08-d180-bs60-f1.000-r02:005688.819: (756 sec)
exp027-n1036-k08-d180-bs60-f1.000-r02:005688.819: ==========================Summary===========================
exp027-n1036-k08-d180-bs60-f1.000-r02:005688.819: Total time: 5689sec
exp027-n1036-k08-d180-bs60-f1.000-r02:005688.819: SUCCESS
exp027-n1036-k08-d180-bs60-f1.000-r02:005688.819: HNP solution: 344904821120746228266612753649068804591071367502649158533317314641723545052879930423966618962280649876901290533765992405726814108695569993850119552576871873088739017613556150730200333913827403444445011808449266653030685522221166861718505740323320546701520317364821808207566390894669481380016192195446482960952076
exp027-n1036-k08-d180-bs60-f1.000-r02:005688.820: Shared secret: 344904821120746228266612753649068804591071367502649158533317314641723545052879930423966618962280649876901290533765992405726814108695569993850119552576871873088739017613556150730200333913827403444445011808449266653030685522221166861718505740323320546701520317364821808207566390894669481380016192195446482960952076
exp027-n1036-k08-d180-bs60-f1.000-r02:005688.820: SUMMARY:n:1036:k:8:d:180:bs:60:t:5689:r:True
