exp006-n1024-k08-d180-bs60-f1.000-r05:000000.167: ==========================Instance==========================
exp006-n1024-k08-d180-bs60-f1.000-r05:000000.167: # of equations: 180
exp006-n1024-k08-d180-bs60-f1.000-r05:000000.169: Gap: 2.84
exp006-n1024-k08-d180-bs60-f1.000-r05:000000.173: Tau: 2.47
exp006-n1024-k08-d180-bs60-f1.000-r05:000000.174: ======================BKZ-60 reduction======================
exp006-n1024-k08-d180-bs60-f1.000-r05:000003.236: Expectedly achievable log(norm): 1028.22
exp006-n1024-k08-d180-bs60-f1.000-r05:000007.738: log(exp-norms): [1023.47, 1025.43, 1026.94]
exp006-n1024-k08-d180-bs60-f1.000-r05:000007.738: log(norms):     [1033.92, 1026.23, 1030.94, 1030.94, 1030.94, 1030.94, 1030.94, 1030.94, 1030.94, 1030.94]
exp006-n1024-k08-d180-bs60-f1.000-r05:000007.864: Loop 1/100
exp006-n1024-k08-d180-bs60-f1.000-r05:001335.189: log(exp-norms): [1023.47, 1025.43, 1026.94]
exp006-n1024-k08-d180-bs60-f1.000-r05:001335.189: log(norms):     [1026.23, 1030.15, 1030.17, 1030.29, 1030.17, 1030.12, 1030.3, 1030.27, 1030.27, 1030.1]
exp006-n1024-k08-d180-bs60-f1.000-r05:001335.209: (1328 sec)
exp006-n1024-k08-d180-bs60-f1.000-r05:001335.209: Loop 2/100
exp006-n1024-k08-d180-bs60-f1.000-r05:002457.819: log(exp-norms): [1023.47, 1025.43, 1026.94]
exp006-n1024-k08-d180-bs60-f1.000-r05:002457.821: log(norms):     [1023.47, 1026.23, 1029.49, 1029.52, 1029.54, 1029.73, 1029.57, 1029.72, 1029.55, 1029.8]
exp006-n1024-k08-d180-bs60-f1.000-r05:002457.850: (1123 sec)
exp006-n1024-k08-d180-bs60-f1.000-r05:002457.851: Loop 3/100
exp006-n1024-k08-d180-bs60-f1.000-r05:003488.016: log(exp-norms): [1023.47, 1025.43, 1026.94]
exp006-n1024-k08-d180-bs60-f1.000-r05:003488.017: log(norms):     [1023.47, 1026.23, 1028.93, 1029.04, 1029.06, 1029.07, 1029.14, 1029.06, 1029.14, 1029.21]
exp006-n1024-k08-d180-bs60-f1.000-r05:003488.048: (1031 sec)
exp006-n1024-k08-d180-bs60-f1.000-r05:003488.049: Loop 4/100
exp006-n1024-k08-d180-bs60-f1.000-r05:004418.230: log(exp-norms): [1023.47, 1025.43, 1026.94]
exp006-n1024-k08-d180-bs60-f1.000-r05:004418.231: log(norms):     [1023.47, 1026.23, 1028.71, 1028.72, 1028.79, 1028.86, 1028.86, 1029.0, 1028.8, 1028.96]
exp006-n1024-k08-d180-bs60-f1.000-r05:004418.261: (931 sec)
exp006-n1024-k08-d180-bs60-f1.000-r05:004418.261: Loop 5/100
exp006-n1024-k08-d180-bs60-f1.000-r05:005170.532: log(exp-norms): [1023.47, 1025.43, 1026.94]
exp006-n1024-k08-d180-bs60-f1.000-r05:005170.533: log(norms):     [1023.47, 1026.23, 1028.52, 1028.52, 1028.52, 1028.63, 1028.55, 1028.78, 1028.68, 1028.62]
exp006-n1024-k08-d180-bs60-f1.000-r05:005170.551: (753 sec)
exp006-n1024-k08-d180-bs60-f1.000-r05:005170.552: Loop 6/100
exp006-n1024-k08-d180-bs60-f1.000-r05:005894.320: log(exp-norms): [1023.47, 1025.43, 1026.94]
exp006-n1024-k08-d180-bs60-f1.000-r05:005894.321: log(norms):     [1023.47, 1026.23, 1028.4, 1028.42, 1028.38, 1028.55, 1028.66, 1028.56, 1028.61, 1028.49]
exp006-n1024-k08-d180-bs60-f1.000-r05:005894.339: (724 sec)
exp006-n1024-k08-d180-bs60-f1.000-r05:005894.340: Loop 7/100
exp006-n1024-k08-d180-bs60-f1.000-r05:006576.316: log(exp-norms): [1023.47, 1025.43, 1026.94]
exp006-n1024-k08-d180-bs60-f1.000-r05:006576.316: log(norms):     [1023.47, 1026.23, 1028.29, 1028.32, 1028.34, 1028.38, 1028.52, 1028.44, 1028.28, 1028.48]
exp006-n1024-k08-d180-bs60-f1.000-r05:006576.335: (682 sec)
exp006-n1024-k08-d180-bs60-f1.000-r05:006576.335: Loop 8/100
exp006-n1024-k08-d180-bs60-f1.000-r05:007224.915: log(exp-norms): [1023.47, 1025.43, 1026.94]
exp006-n1024-k08-d180-bs60-f1.000-r05:007224.916: log(norms):     [1023.47, 1026.23, 1028.23, 1028.28, 1028.32, 1028.55, 1028.41, 1028.37, 1028.31, 1028.53]
exp006-n1024-k08-d180-bs60-f1.000-r05:007224.933: (649 sec)
exp006-n1024-k08-d180-bs60-f1.000-r05:007224.933: Loop 9/100
exp006-n1024-k08-d180-bs60-f1.000-r05:007840.253: log(exp-norms): [1023.47, 1025.43, 1026.94]
exp006-n1024-k08-d180-bs60-f1.000-r05:007840.253: log(norms):     [1023.47, 1026.23, 1028.23, 1028.33, 1028.28, 1028.37, 1028.35, 1028.38, 1028.4, 1028.31]
exp006-n1024-k08-d180-bs60-f1.000-r05:007840.271: (616 sec)
exp006-n1024-k08-d180-bs60-f1.000-r05:007840.272: Loop 10/100
exp006-n1024-k08-d180-bs60-f1.000-r05:008468.787: log(exp-norms): [1023.47, 1025.43, 1026.94]
exp006-n1024-k08-d180-bs60-f1.000-r05:008468.788: log(norms):     [1023.47, 1026.23, 1028.23, 1028.33, 1028.28, 1028.37, 1028.4, 1028.35, 1028.31, 1028.35]
exp006-n1024-k08-d180-bs60-f1.000-r05:008468.806: (629 sec)
exp006-n1024-k08-d180-bs60-f1.000-r05:008468.806: Loop 11/100
exp006-n1024-k08-d180-bs60-f1.000-r05:009098.822: log(exp-norms): [1023.47, 1025.43, 1026.94]
exp006-n1024-k08-d180-bs60-f1.000-r05:009098.823: log(norms):     [1023.47, 1026.23, 1028.2, 1028.23, 1028.35, 1028.33, 1028.28, 1028.37, 1028.4, 1028.39]
exp006-n1024-k08-d180-bs60-f1.000-r05:009098.840: (631 sec)
exp006-n1024-k08-d180-bs60-f1.000-r05:009098.840: Loop 12/100
exp006-n1024-k08-d180-bs60-f1.000-r05:009739.880: log(exp-norms): [1023.47, 1025.43, 1026.94]
exp006-n1024-k08-d180-bs60-f1.000-r05:009739.881: log(norms):     [1023.47, 1026.23, 1028.17, 1028.23, 1028.2, 1028.35, 1028.28, 1028.38, 1028.4, 1028.45]
exp006-n1024-k08-d180-bs60-f1.000-r05:009739.897: (642 sec)
exp006-n1024-k08-d180-bs60-f1.000-r05:009739.898: Loop 13/100
exp006-n1024-k08-d180-bs60-f1.000-r05:010370.103: log(exp-norms): [1023.47, 1025.43, 1026.94]
exp006-n1024-k08-d180-bs60-f1.000-r05:010370.103: log(norms):     [1023.47, 1026.23, 1028.17, 1028.23, 1028.2, 1028.35, 1028.4, 1028.28, 1028.26, 1028.46]
exp006-n1024-k08-d180-bs60-f1.000-r05:010370.120: (631 sec)
exp006-n1024-k08-d180-bs60-f1.000-r05:010370.120: Loop 14/100
exp006-n1024-k08-d180-bs60-f1.000-r05:011020.929: log(exp-norms): [1023.47, 1025.43, 1026.94]
exp006-n1024-k08-d180-bs60-f1.000-r05:011020.930: log(norms):     [1023.47, 1026.23, 1028.17, 1028.23, 1028.2, 1028.35, 1028.4, 1028.45, 1028.28, 1028.26]
exp006-n1024-k08-d180-bs60-f1.000-r05:011020.966: (651 sec)
exp006-n1024-k08-d180-bs60-f1.000-r05:011020.967: Loop 15/100
exp006-n1024-k08-d180-bs60-f1.000-r05:011709.053: log(exp-norms): [1023.47, 1025.43, 1026.94]
exp006-n1024-k08-d180-bs60-f1.000-r05:011709.054: log(norms):     [1023.47, 1026.23, 1028.17, 1028.23, 1028.2, 1028.35, 1028.4, 1028.45, 1028.28, 1028.26]
exp006-n1024-k08-d180-bs60-f1.000-r05:011709.074: (689 sec)
exp006-n1024-k08-d180-bs60-f1.000-r05:011709.074: Loop 16/100
exp006-n1024-k08-d180-bs60-f1.000-r05:012746.547: log(exp-norms): [1023.47, 1025.43, 1026.94]
exp006-n1024-k08-d180-bs60-f1.000-r05:012746.547: log(norms):     [1023.47, 1026.23, 1028.17, 1028.23, 1028.21, 1028.26, 1028.48, 1028.19, 1028.2, 1028.35]
exp006-n1024-k08-d180-bs60-f1.000-r05:012746.566: (1038 sec)
exp006-n1024-k08-d180-bs60-f1.000-r05:012746.567: Loop 17/100
exp006-n1024-k08-d180-bs60-f1.000-r05:013816.755: log(exp-norms): [1023.47, 1025.43, 1026.94]
exp006-n1024-k08-d180-bs60-f1.000-r05:013816.756: log(norms):     [1023.47, 1026.23, 1028.17, 1028.23, 1028.27, 1028.37, 1028.38, 1028.21, 1028.19, 1028.26]
exp006-n1024-k08-d180-bs60-f1.000-r05:013816.775: (1071 sec)
exp006-n1024-k08-d180-bs60-f1.000-r05:013816.775: Loop 18/100
exp006-n1024-k08-d180-bs60-f1.000-r05:014796.130: log(exp-norms): [1023.47, 1025.43, 1026.94]
exp006-n1024-k08-d180-bs60-f1.000-r05:014796.130: log(norms):     [1023.47, 1026.23, 1028.17, 1028.23, 1028.27, 1028.37, 1028.31, 1028.45, 1028.33, 1028.48]
exp006-n1024-k08-d180-bs60-f1.000-r05:014796.149: (980 sec)
exp006-n1024-k08-d180-bs60-f1.000-r05:014796.149: Loop 19/100
exp006-n1024-k08-d180-bs60-f1.000-r05:015765.954: log(exp-norms): [1023.47, 1025.43, 1026.94]
exp006-n1024-k08-d180-bs60-f1.000-r05:015765.955: log(norms):     [1023.47, 1026.23, 1028.17, 1028.23, 1028.24, 1028.27, 1028.37, 1028.31, 1028.42, 1028.41]
exp006-n1024-k08-d180-bs60-f1.000-r05:015765.974: (970 sec)
exp006-n1024-k08-d180-bs60-f1.000-r05:015765.975: Loop 20/100
exp006-n1024-k08-d180-bs60-f1.000-r05:016665.924: log(exp-norms): [1023.47, 1025.43, 1026.94]
exp006-n1024-k08-d180-bs60-f1.000-r05:016665.926: log(norms):     [1023.47, 1026.23, 1028.17, 1028.23, 1028.24, 1028.27, 1028.35, 1028.37, 1028.36, 1028.38]
exp006-n1024-k08-d180-bs60-f1.000-r05:016665.957: (900 sec)
exp006-n1024-k08-d180-bs60-f1.000-r05:016665.957: Loop 21/100
exp006-n1024-k08-d180-bs60-f1.000-r05:017559.563: log(exp-norms): [1023.47, 1025.43, 1026.94]
exp006-n1024-k08-d180-bs60-f1.000-r05:017559.564: log(norms):     [1023.47, 1026.23, 1028.17, 1028.23, 1028.24, 1028.27, 1028.35, 1028.37, 1028.5, 1028.36]
exp006-n1024-k08-d180-bs60-f1.000-r05:017559.592: (894 sec)
exp006-n1024-k08-d180-bs60-f1.000-r05:017559.593: Loop 22/100
exp006-n1024-k08-d180-bs60-f1.000-r05:018464.983: log(exp-norms): [1023.47, 1025.43, 1026.94]
exp006-n1024-k08-d180-bs60-f1.000-r05:018464.984: log(norms):     [1023.47, 1026.23, 1028.14, 1028.17, 1028.23, 1028.24, 1028.27, 1028.35, 1028.55, 1028.34]
exp006-n1024-k08-d180-bs60-f1.000-r05:018465.003: (906 sec)
exp006-n1024-k08-d180-bs60-f1.000-r05:018465.003: Loop 23/100
exp006-n1024-k08-d180-bs60-f1.000-r05:019385.655: log(exp-norms): [1023.47, 1025.43, 1026.94]
exp006-n1024-k08-d180-bs60-f1.000-r05:019385.656: log(norms):     [1023.47, 1026.23, 1028.14, 1028.17, 1028.23, 1028.24, 1028.27, 1028.25, 1028.41, 1028.35]
exp006-n1024-k08-d180-bs60-f1.000-r05:019385.686: (921 sec)
exp006-n1024-k08-d180-bs60-f1.000-r05:019385.687: Loop 24/100
exp006-n1024-k08-d180-bs60-f1.000-r05:020343.144: log(exp-norms): [1023.47, 1025.43, 1026.94]
exp006-n1024-k08-d180-bs60-f1.000-r05:020343.145: log(norms):     [1023.47, 1026.23, 1028.14, 1028.17, 1028.23, 1028.24, 1028.27, 1028.25, 1028.45, 1028.41]
exp006-n1024-k08-d180-bs60-f1.000-r05:020343.164: (958 sec)
exp006-n1024-k08-d180-bs60-f1.000-r05:020343.164: Loop 25/100
exp006-n1024-k08-d180-bs60-f1.000-r05:021187.867: log(exp-norms): [1023.47, 1025.43, 1026.94]
exp006-n1024-k08-d180-bs60-f1.000-r05:021187.867: log(norms):     [1023.47, 1026.23, 1028.14, 1028.17, 1028.23, 1028.24, 1028.27, 1028.25, 1028.45, 1028.41]
exp006-n1024-k08-d180-bs60-f1.000-r05:021187.886: (845 sec)
exp006-n1024-k08-d180-bs60-f1.000-r05:021187.886: Loop 26/100
exp006-n1024-k08-d180-bs60-f1.000-r05:021925.706: log(exp-norms): [1023.47, 1025.43, 1026.94]
exp006-n1024-k08-d180-bs60-f1.000-r05:021925.707: log(norms):     [1023.47, 1026.23, 1028.14, 1028.17, 1028.2, 1028.2, 1028.31, 1028.27, 1028.25, 1028.26]
exp006-n1024-k08-d180-bs60-f1.000-r05:021925.725: (738 sec)
exp006-n1024-k08-d180-bs60-f1.000-r05:021925.726: Loop 27/100
exp006-n1024-k08-d180-bs60-f1.000-r05:022615.445: log(exp-norms): [1023.47, 1025.43, 1026.94]
exp006-n1024-k08-d180-bs60-f1.000-r05:022615.445: log(norms):     [1023.47, 1026.23, 1028.14, 1028.17, 1028.2, 1028.36, 1028.25, 1028.26, 1028.24, 1028.27]
exp006-n1024-k08-d180-bs60-f1.000-r05:022615.464: (690 sec)
exp006-n1024-k08-d180-bs60-f1.000-r05:022615.464: Loop 28/100
exp006-n1024-k08-d180-bs60-f1.000-r05:023329.590: log(exp-norms): [1023.47, 1025.43, 1026.94]
exp006-n1024-k08-d180-bs60-f1.000-r05:023329.590: log(norms):     [1023.47, 1026.23, 1028.14, 1028.17, 1028.2, 1028.36, 1028.25, 1028.26, 1028.24, 1028.27]
exp006-n1024-k08-d180-bs60-f1.000-r05:023329.621: (715 sec)
exp006-n1024-k08-d180-bs60-f1.000-r05:023329.621: Loop 29/100
exp006-n1024-k08-d180-bs60-f1.000-r05:024155.508: log(exp-norms): [1023.47, 1025.43, 1026.94]
exp006-n1024-k08-d180-bs60-f1.000-r05:024155.508: log(norms):     [1023.47, 1026.23, 1028.14, 1028.29, 1028.17, 1028.25, 1028.23, 1028.36, 1028.32, 1028.2]
exp006-n1024-k08-d180-bs60-f1.000-r05:024155.527: (826 sec)
exp006-n1024-k08-d180-bs60-f1.000-r05:024155.527: Loop 30/100
exp006-n1024-k08-d180-bs60-f1.000-r05:024855.188: log(exp-norms): [1023.47, 1025.43, 1026.94]
exp006-n1024-k08-d180-bs60-f1.000-r05:024855.189: log(norms):     [1023.47, 1026.23, 1028.14, 1028.29, 1028.17, 1028.25, 1028.23, 1028.36, 1028.33, 1028.35]
exp006-n1024-k08-d180-bs60-f1.000-r05:024855.207: (700 sec)
exp006-n1024-k08-d180-bs60-f1.000-r05:024855.207: Loop 31/100
exp006-n1024-k08-d180-bs60-f1.000-r05:025462.158: log(exp-norms): [1023.47, 1025.43, 1026.94]
exp006-n1024-k08-d180-bs60-f1.000-r05:025462.158: log(norms):     [1023.47, 1026.23, 1028.14, 1028.29, 1028.17, 1028.25, 1028.23, 1028.36, 1028.33, 1028.35]
exp006-n1024-k08-d180-bs60-f1.000-r05:025462.175: (607 sec)
exp006-n1024-k08-d180-bs60-f1.000-r05:025462.176: Loop 32/100
exp006-n1024-k08-d180-bs60-f1.000-r05:026081.492: log(exp-norms): [1023.47, 1025.43, 1026.94]
exp006-n1024-k08-d180-bs60-f1.000-r05:026081.493: log(norms):     [1023.47, 1026.23, 1028.14, 1028.29, 1028.17, 1028.25, 1028.23, 1028.36, 1028.33, 1028.35]
exp006-n1024-k08-d180-bs60-f1.000-r05:026081.510: (620 sec)
exp006-n1024-k08-d180-bs60-f1.000-r05:026081.511: Loop 33/100
exp006-n1024-k08-d180-bs60-f1.000-r05:026731.048: log(exp-norms): [1023.47, 1025.43, 1026.94]
exp006-n1024-k08-d180-bs60-f1.000-r05:026731.049: log(norms):     [1023.47, 1026.23, 1028.14, 1028.29, 1028.21, 1028.17, 1028.25, 1028.4, 1028.32, 1028.33]
exp006-n1024-k08-d180-bs60-f1.000-r05:026731.067: (650 sec)
exp006-n1024-k08-d180-bs60-f1.000-r05:026731.068: Loop 34/100
exp006-n1024-k08-d180-bs60-f1.000-r05:027363.643: log(exp-norms): [1023.47, 1025.43, 1026.94]
exp006-n1024-k08-d180-bs60-f1.000-r05:027363.644: log(norms):     [1023.47, 1026.23, 1028.14, 1028.29, 1028.21, 1028.17, 1028.25, 1028.4, 1028.32, 1028.33]
exp006-n1024-k08-d180-bs60-f1.000-r05:027363.661: (633 sec)
exp006-n1024-k08-d180-bs60-f1.000-r05:027363.661: Loop 35/100
exp006-n1024-k08-d180-bs60-f1.000-r05:027958.563: log(exp-norms): [1023.47, 1025.43, 1026.94]
exp006-n1024-k08-d180-bs60-f1.000-r05:027958.563: log(norms):     [1023.47, 1026.23, 1028.14, 1028.29, 1028.21, 1028.17, 1028.25, 1028.4, 1028.32, 1028.33]
exp006-n1024-k08-d180-bs60-f1.000-r05:027958.580: (595 sec)
exp006-n1024-k08-d180-bs60-f1.000-r05:027958.580: Loop 36/100
exp006-n1024-k08-d180-bs60-f1.000-r05:028569.653: log(exp-norms): [1023.47, 1025.43, 1026.94]
exp006-n1024-k08-d180-bs60-f1.000-r05:028569.654: log(norms):     [1023.47, 1026.23, 1028.14, 1028.29, 1028.21, 1028.17, 1028.25, 1028.4, 1028.32, 1028.33]
exp006-n1024-k08-d180-bs60-f1.000-r05:028569.672: (612 sec)
exp006-n1024-k08-d180-bs60-f1.000-r05:028569.673: Loop 37/100
exp006-n1024-k08-d180-bs60-f1.000-r05:029172.039: log(exp-norms): [1023.47, 1025.43, 1026.94]
exp006-n1024-k08-d180-bs60-f1.000-r05:029172.040: log(norms):     [1023.47, 1026.23, 1028.14, 1028.29, 1028.21, 1028.17, 1028.25, 1028.4, 1028.32, 1028.33]
exp006-n1024-k08-d180-bs60-f1.000-r05:029172.060: (603 sec)
exp006-n1024-k08-d180-bs60-f1.000-r05:029172.060: Loop 38/100
exp006-n1024-k08-d180-bs60-f1.000-r05:029796.194: log(exp-norms): [1023.47, 1025.43, 1026.94]
exp006-n1024-k08-d180-bs60-f1.000-r05:029796.194: log(norms):     [1023.47, 1026.23, 1028.14, 1028.29, 1028.21, 1028.17, 1028.25, 1028.4, 1028.32, 1028.33]
exp006-n1024-k08-d180-bs60-f1.000-r05:029796.212: (625 sec)
exp006-n1024-k08-d180-bs60-f1.000-r05:029796.212: Loop 39/100
exp006-n1024-k08-d180-bs60-f1.000-r05:030424.836: log(exp-norms): [1023.47, 1025.43, 1026.94]
exp006-n1024-k08-d180-bs60-f1.000-r05:030424.837: log(norms):     [1023.47, 1026.23, 1028.14, 1028.29, 1028.21, 1028.17, 1028.25, 1028.4, 1028.32, 1028.33]
exp006-n1024-k08-d180-bs60-f1.000-r05:030424.854: (629 sec)
exp006-n1024-k08-d180-bs60-f1.000-r05:030424.855: Loop 40/100
exp006-n1024-k08-d180-bs60-f1.000-r05:031071.166: log(exp-norms): [1023.47, 1025.43, 1026.94]
exp006-n1024-k08-d180-bs60-f1.000-r05:031071.166: log(norms):     [1023.47, 1026.23, 1028.14, 1028.29, 1028.21, 1028.17, 1028.25, 1028.4, 1028.32, 1028.33]
exp006-n1024-k08-d180-bs60-f1.000-r05:031071.185: (647 sec)
exp006-n1024-k08-d180-bs60-f1.000-r05:031071.185: Loop 41/100
exp006-n1024-k08-d180-bs60-f1.000-r05:031723.348: log(exp-norms): [1023.47, 1025.43, 1026.94]
exp006-n1024-k08-d180-bs60-f1.000-r05:031723.349: log(norms):     [1023.47, 1026.23, 1028.14, 1028.29, 1028.35, 1028.21, 1028.18, 1028.23, 1028.33, 1028.39]
exp006-n1024-k08-d180-bs60-f1.000-r05:031723.367: (653 sec)
exp006-n1024-k08-d180-bs60-f1.000-r05:031723.367: Loop 42/100
exp006-n1024-k08-d180-bs60-f1.000-r05:032371.488: log(exp-norms): [1023.47, 1025.43, 1026.94]
exp006-n1024-k08-d180-bs60-f1.000-r05:032371.488: log(norms):     [1023.47, 1026.23, 1028.14, 1028.29, 1028.35, 1028.21, 1028.18, 1028.23, 1028.33, 1028.46]
exp006-n1024-k08-d180-bs60-f1.000-r05:032371.506: (649 sec)
exp006-n1024-k08-d180-bs60-f1.000-r05:032371.506: Loop 43/100
exp006-n1024-k08-d180-bs60-f1.000-r05:033014.464: log(exp-norms): [1023.47, 1025.43, 1026.94]
exp006-n1024-k08-d180-bs60-f1.000-r05:033014.465: log(norms):     [1023.47, 1026.23, 1028.14, 1028.29, 1028.35, 1028.21, 1028.18, 1028.23, 1028.33, 1028.46]
exp006-n1024-k08-d180-bs60-f1.000-r05:033014.483: (643 sec)
exp006-n1024-k08-d180-bs60-f1.000-r05:033014.484: Loop 44/100
exp006-n1024-k08-d180-bs60-f1.000-r05:033657.988: log(exp-norms): [1023.47, 1025.43, 1026.94]
exp006-n1024-k08-d180-bs60-f1.000-r05:033657.989: log(norms):     [1023.47, 1026.23, 1028.14, 1028.15, 1028.18, 1028.35, 1028.31, 1028.21, 1028.37, 1028.39]
exp006-n1024-k08-d180-bs60-f1.000-r05:033658.006: (644 sec)
exp006-n1024-k08-d180-bs60-f1.000-r05:033658.007: Loop 45/100
exp006-n1024-k08-d180-bs60-f1.000-r05:034303.362: log(exp-norms): [1023.47, 1025.43, 1026.94]
exp006-n1024-k08-d180-bs60-f1.000-r05:034303.362: log(norms):     [1023.47, 1026.23, 1028.14, 1028.15, 1028.33, 1028.18, 1028.35, 1028.31, 1028.21, 1028.25]
exp006-n1024-k08-d180-bs60-f1.000-r05:034303.381: (646 sec)
exp006-n1024-k08-d180-bs60-f1.000-r05:034303.381: Loop 46/100
exp006-n1024-k08-d180-bs60-f1.000-r05:034945.809: log(exp-norms): [1023.47, 1025.43, 1026.94]
exp006-n1024-k08-d180-bs60-f1.000-r05:034945.810: log(norms):     [1023.47, 1026.23, 1028.14, 1028.15, 1028.33, 1028.18, 1028.35, 1028.31, 1028.21, 1028.25]
exp006-n1024-k08-d180-bs60-f1.000-r05:034945.827: (643 sec)
exp006-n1024-k08-d180-bs60-f1.000-r05:034945.828: Loop 47/100
exp006-n1024-k08-d180-bs60-f1.000-r05:035579.467: log(exp-norms): [1023.47, 1025.43, 1026.94]
exp006-n1024-k08-d180-bs60-f1.000-r05:035579.468: log(norms):     [1023.47, 1026.23, 1028.14, 1028.15, 1028.33, 1028.18, 1028.35, 1028.31, 1028.21, 1028.25]
exp006-n1024-k08-d180-bs60-f1.000-r05:035579.487: (634 sec)
exp006-n1024-k08-d180-bs60-f1.000-r05:035579.487: Loop 48/100
exp006-n1024-k08-d180-bs60-f1.000-r05:036231.641: log(exp-norms): [1023.47, 1025.43, 1026.94]
exp006-n1024-k08-d180-bs60-f1.000-r05:036231.642: log(norms):     [1023.47, 1026.23, 1028.14, 1028.15, 1028.33, 1028.18, 1028.35, 1028.31, 1028.29, 1028.21]
exp006-n1024-k08-d180-bs60-f1.000-r05:036231.659: (653 sec)
exp006-n1024-k08-d180-bs60-f1.000-r05:036231.659: Loop 49/100
exp006-n1024-k08-d180-bs60-f1.000-r05:036883.274: log(exp-norms): [1023.47, 1025.43, 1026.94]
exp006-n1024-k08-d180-bs60-f1.000-r05:036883.274: log(norms):     [1023.47, 1026.23, 1028.14, 1028.15, 1028.33, 1028.18, 1028.35, 1028.31, 1028.29, 1028.43]
exp006-n1024-k08-d180-bs60-f1.000-r05:036883.291: (652 sec)
exp006-n1024-k08-d180-bs60-f1.000-r05:036883.292: Loop 50/100
exp006-n1024-k08-d180-bs60-f1.000-r05:037543.431: log(exp-norms): [1023.47, 1025.43, 1026.94]
exp006-n1024-k08-d180-bs60-f1.000-r05:037543.431: log(norms):     [1023.47, 1026.23, 1028.14, 1028.15, 1028.33, 1028.18, 1028.35, 1028.31, 1028.29, 1028.43]
exp006-n1024-k08-d180-bs60-f1.000-r05:037543.450: (661 sec)
exp006-n1024-k08-d180-bs60-f1.000-r05:037543.450: Loop 51/100
exp006-n1024-k08-d180-bs60-f1.000-r05:038189.678: log(exp-norms): [1023.47, 1025.43, 1026.94]
exp006-n1024-k08-d180-bs60-f1.000-r05:038189.679: log(norms):     [1023.47, 1026.23, 1028.14, 1028.15, 1028.33, 1028.18, 1028.35, 1028.31, 1028.29, 1028.43]
exp006-n1024-k08-d180-bs60-f1.000-r05:038189.696: (647 sec)
exp006-n1024-k08-d180-bs60-f1.000-r05:038189.696: Loop 52/100
exp006-n1024-k08-d180-bs60-f1.000-r05:038827.023: log(exp-norms): [1023.47, 1025.43, 1026.94]
exp006-n1024-k08-d180-bs60-f1.000-r05:038827.024: log(norms):     [1023.47, 1026.23, 1028.14, 1028.15, 1028.33, 1028.25, 1028.19, 1028.31, 1028.43, 1028.22]
exp006-n1024-k08-d180-bs60-f1.000-r05:038827.044: (638 sec)
exp006-n1024-k08-d180-bs60-f1.000-r05:038827.044: Loop 53/100
exp006-n1024-k08-d180-bs60-f1.000-r05:039479.769: log(exp-norms): [1023.47, 1025.43, 1026.94]
exp006-n1024-k08-d180-bs60-f1.000-r05:039479.769: log(norms):     [1023.47, 1026.23, 1028.14, 1028.15, 1028.33, 1028.25, 1028.19, 1028.22, 1028.47, 1028.55]
exp006-n1024-k08-d180-bs60-f1.000-r05:039479.787: (653 sec)
exp006-n1024-k08-d180-bs60-f1.000-r05:039479.787: Loop 54/100
exp006-n1024-k08-d180-bs60-f1.000-r05:040127.300: log(exp-norms): [1023.47, 1025.43, 1026.94]
exp006-n1024-k08-d180-bs60-f1.000-r05:040127.300: log(norms):     [1023.47, 1026.23, 1028.14, 1028.15, 1028.33, 1028.25, 1028.19, 1028.22, 1028.47, 1028.45]
exp006-n1024-k08-d180-bs60-f1.000-r05:040127.318: (648 sec)
exp006-n1024-k08-d180-bs60-f1.000-r05:040127.318: Loop 55/100
exp006-n1024-k08-d180-bs60-f1.000-r05:040792.054: log(exp-norms): [1023.47, 1025.43, 1026.94]
exp006-n1024-k08-d180-bs60-f1.000-r05:040792.055: log(norms):     [1023.47, 1026.23, 1028.14, 1028.15, 1028.33, 1028.25, 1028.19, 1028.22, 1028.47, 1028.45]
exp006-n1024-k08-d180-bs60-f1.000-r05:040792.074: (665 sec)
exp006-n1024-k08-d180-bs60-f1.000-r05:040792.074: Loop 56/100
exp006-n1024-k08-d180-bs60-f1.000-r05:041447.711: log(exp-norms): [1023.47, 1025.43, 1026.94]
exp006-n1024-k08-d180-bs60-f1.000-r05:041447.712: log(norms):     [1023.47, 1026.23, 1028.14, 1028.15, 1028.33, 1028.25, 1028.19, 1028.22, 1028.47, 1028.45]
exp006-n1024-k08-d180-bs60-f1.000-r05:041447.730: (656 sec)
exp006-n1024-k08-d180-bs60-f1.000-r05:041447.730: Loop 57/100
exp006-n1024-k08-d180-bs60-f1.000-r05:042091.338: log(exp-norms): [1023.47, 1025.43, 1026.94]
exp006-n1024-k08-d180-bs60-f1.000-r05:042091.338: log(norms):     [1023.47, 1026.23, 1028.14, 1028.14, 1028.15, 1028.33, 1028.25, 1028.22, 1028.47, 1028.19]
exp006-n1024-k08-d180-bs60-f1.000-r05:042091.356: (644 sec)
exp006-n1024-k08-d180-bs60-f1.000-r05:042091.357: Loop 58/100
exp006-n1024-k08-d180-bs60-f1.000-r05:042730.251: log(exp-norms): [1023.47, 1025.43, 1026.94]
exp006-n1024-k08-d180-bs60-f1.000-r05:042730.252: log(norms):     [1023.47, 1026.23, 1028.14, 1028.14, 1028.15, 1028.33, 1028.25, 1028.22, 1028.47, 1028.19]
exp006-n1024-k08-d180-bs60-f1.000-r05:042730.270: (639 sec)
exp006-n1024-k08-d180-bs60-f1.000-r05:042730.270: Loop 59/100
exp006-n1024-k08-d180-bs60-f1.000-r05:043376.179: log(exp-norms): [1023.47, 1025.43, 1026.94]
exp006-n1024-k08-d180-bs60-f1.000-r05:043376.180: log(norms):     [1023.47, 1026.23, 1028.14, 1028.14, 1028.15, 1028.33, 1028.25, 1028.22, 1028.47, 1028.19]
exp006-n1024-k08-d180-bs60-f1.000-r05:043376.197: (646 sec)
exp006-n1024-k08-d180-bs60-f1.000-r05:043376.197: Loop 60/100
exp006-n1024-k08-d180-bs60-f1.000-r05:044006.832: log(exp-norms): [1023.47, 1025.43, 1026.94]
exp006-n1024-k08-d180-bs60-f1.000-r05:044006.832: log(norms):     [1023.47, 1026.23, 1028.14, 1028.14, 1028.15, 1028.33, 1028.25, 1028.22, 1028.47, 1028.19]
exp006-n1024-k08-d180-bs60-f1.000-r05:044006.849: (631 sec)
exp006-n1024-k08-d180-bs60-f1.000-r05:044006.850: Loop 61/100
exp006-n1024-k08-d180-bs60-f1.000-r05:044634.570: log(exp-norms): [1023.47, 1025.43, 1026.94]
exp006-n1024-k08-d180-bs60-f1.000-r05:044634.572: log(norms):     [1023.47, 1026.23, 1028.14, 1028.14, 1028.15, 1028.33, 1028.35, 1028.25, 1028.19, 1028.49]
exp006-n1024-k08-d180-bs60-f1.000-r05:044634.589: (628 sec)
exp006-n1024-k08-d180-bs60-f1.000-r05:044634.589: Loop 62/100
exp006-n1024-k08-d180-bs60-f1.000-r05:045276.060: log(exp-norms): [1023.47, 1025.43, 1026.94]
exp006-n1024-k08-d180-bs60-f1.000-r05:045276.060: log(norms):     [1023.47, 1026.23, 1028.14, 1028.14, 1028.15, 1028.33, 1028.35, 1028.25, 1028.19, 1028.49]
exp006-n1024-k08-d180-bs60-f1.000-r05:045276.079: (642 sec)
exp006-n1024-k08-d180-bs60-f1.000-r05:045276.080: Loop 63/100
exp006-n1024-k08-d180-bs60-f1.000-r05:045916.949: log(exp-norms): [1023.47, 1025.43, 1026.94]
exp006-n1024-k08-d180-bs60-f1.000-r05:045916.950: log(norms):     [1023.47, 1026.23, 1028.14, 1028.14, 1028.15, 1028.33, 1028.35, 1028.25, 1028.19, 1028.49]
exp006-n1024-k08-d180-bs60-f1.000-r05:045916.973: (641 sec)
exp006-n1024-k08-d180-bs60-f1.000-r05:045916.974: Loop 64/100
exp006-n1024-k08-d180-bs60-f1.000-r05:046556.173: log(exp-norms): [1023.47, 1025.43, 1026.94]
exp006-n1024-k08-d180-bs60-f1.000-r05:046556.173: log(norms):     [1023.47, 1026.23, 1028.14, 1028.14, 1028.15, 1028.33, 1028.35, 1028.25, 1028.19, 1028.49]
exp006-n1024-k08-d180-bs60-f1.000-r05:046556.191: (640 sec)
exp006-n1024-k08-d180-bs60-f1.000-r05:046556.192: Loop 65/100
exp006-n1024-k08-d180-bs60-f1.000-r05:047167.205: log(exp-norms): [1023.47, 1025.43, 1026.94]
exp006-n1024-k08-d180-bs60-f1.000-r05:047167.205: log(norms):     [1023.47, 1026.23, 1028.14, 1028.14, 1028.15, 1028.33, 1028.35, 1028.25, 1028.19, 1028.49]
exp006-n1024-k08-d180-bs60-f1.000-r05:047167.222: (612 sec)
exp006-n1024-k08-d180-bs60-f1.000-r05:047167.223: Loop 66/100
exp006-n1024-k08-d180-bs60-f1.000-r05:047824.087: log(exp-norms): [1023.47, 1025.43, 1026.94]
exp006-n1024-k08-d180-bs60-f1.000-r05:047824.087: log(norms):     [1023.47, 1026.23, 1028.14, 1028.14, 1028.15, 1028.33, 1028.35, 1028.25, 1028.19, 1028.49]
exp006-n1024-k08-d180-bs60-f1.000-r05:047824.105: (657 sec)
exp006-n1024-k08-d180-bs60-f1.000-r05:047824.106: Loop 67/100
exp006-n1024-k08-d180-bs60-f1.000-r05:048462.988: log(exp-norms): [1023.47, 1025.43, 1026.94]
exp006-n1024-k08-d180-bs60-f1.000-r05:048462.989: log(norms):     [1023.47, 1026.23, 1028.14, 1028.14, 1028.15, 1028.33, 1028.24, 1028.35, 1028.42, 1028.42]
exp006-n1024-k08-d180-bs60-f1.000-r05:048463.007: (639 sec)
exp006-n1024-k08-d180-bs60-f1.000-r05:048463.008: Loop 68/100
exp006-n1024-k08-d180-bs60-f1.000-r05:049123.655: log(exp-norms): [1023.47, 1025.43, 1026.94]
exp006-n1024-k08-d180-bs60-f1.000-r05:049123.656: log(norms):     [1023.47, 1026.23, 1028.14, 1028.14, 1028.15, 1028.33, 1028.24, 1028.35, 1028.42, 1028.42]
exp006-n1024-k08-d180-bs60-f1.000-r05:049123.674: (661 sec)
exp006-n1024-k08-d180-bs60-f1.000-r05:049123.674: Loop 69/100
exp006-n1024-k08-d180-bs60-f1.000-r05:049781.395: log(exp-norms): [1023.47, 1025.43, 1026.94]
exp006-n1024-k08-d180-bs60-f1.000-r05:049781.395: log(norms):     [1023.47, 1026.23, 1028.14, 1028.14, 1028.15, 1028.33, 1028.24, 1028.25, 1028.35, 1028.42]
exp006-n1024-k08-d180-bs60-f1.000-r05:049781.412: (658 sec)
exp006-n1024-k08-d180-bs60-f1.000-r05:049781.413: Loop 70/100
exp006-n1024-k08-d180-bs60-f1.000-r05:050418.981: log(exp-norms): [1023.47, 1025.43, 1026.94]
exp006-n1024-k08-d180-bs60-f1.000-r05:050418.982: log(norms):     [1023.47, 1026.23, 1028.14, 1028.14, 1028.15, 1028.33, 1028.24, 1028.25, 1028.34, 1028.37]
exp006-n1024-k08-d180-bs60-f1.000-r05:050419.000: (638 sec)
exp006-n1024-k08-d180-bs60-f1.000-r05:050419.000: Loop 71/100
exp006-n1024-k08-d180-bs60-f1.000-r05:051078.360: log(exp-norms): [1023.47, 1025.43, 1026.94]
exp006-n1024-k08-d180-bs60-f1.000-r05:051078.361: log(norms):     [1023.47, 1026.23, 1028.14, 1028.14, 1028.15, 1028.33, 1028.24, 1028.25, 1028.34, 1028.37]
exp006-n1024-k08-d180-bs60-f1.000-r05:051078.380: (660 sec)
exp006-n1024-k08-d180-bs60-f1.000-r05:051078.381: Loop 72/100
exp006-n1024-k08-d180-bs60-f1.000-r05:051733.609: log(exp-norms): [1023.47, 1025.43, 1026.94]
exp006-n1024-k08-d180-bs60-f1.000-r05:051733.610: log(norms):     [1023.47, 1026.23, 1028.14, 1028.14, 1028.16, 1028.15, 1028.33, 1028.25, 1028.24, 1028.34]
exp006-n1024-k08-d180-bs60-f1.000-r05:051733.627: (656 sec)
exp006-n1024-k08-d180-bs60-f1.000-r05:051733.627: Loop 73/100
exp006-n1024-k08-d180-bs60-f1.000-r05:052376.342: log(exp-norms): [1023.47, 1025.43, 1026.94]
exp006-n1024-k08-d180-bs60-f1.000-r05:052376.342: log(norms):     [1023.47, 1026.23, 1028.14, 1028.14, 1028.16, 1028.15, 1028.33, 1028.33, 1028.25, 1028.47]
exp006-n1024-k08-d180-bs60-f1.000-r05:052376.360: (643 sec)
exp006-n1024-k08-d180-bs60-f1.000-r05:052376.360: Loop 74/100
exp006-n1024-k08-d180-bs60-f1.000-r05:053025.108: log(exp-norms): [1023.47, 1025.43, 1026.94]
exp006-n1024-k08-d180-bs60-f1.000-r05:053025.109: log(norms):     [1023.47, 1026.23, 1028.14, 1028.14, 1028.16, 1028.15, 1028.33, 1028.33, 1028.25, 1028.47]
exp006-n1024-k08-d180-bs60-f1.000-r05:053025.128: (649 sec)
exp006-n1024-k08-d180-bs60-f1.000-r05:053025.128: Loop 75/100
exp006-n1024-k08-d180-bs60-f1.000-r05:053669.290: log(exp-norms): [1023.47, 1025.43, 1026.94]
exp006-n1024-k08-d180-bs60-f1.000-r05:053669.290: log(norms):     [1023.47, 1026.23, 1028.14, 1028.14, 1028.16, 1028.22, 1028.15, 1028.32, 1028.39, 1028.33]
exp006-n1024-k08-d180-bs60-f1.000-r05:053669.308: (645 sec)
exp006-n1024-k08-d180-bs60-f1.000-r05:053669.308: Loop 76/100
exp006-n1024-k08-d180-bs60-f1.000-r05:054293.920: log(exp-norms): [1023.47, 1025.43, 1026.94]
exp006-n1024-k08-d180-bs60-f1.000-r05:054293.921: log(norms):     [1023.47, 1026.23, 1028.14, 1028.14, 1028.16, 1028.34, 1028.22, 1028.15, 1028.32, 1028.34]
exp006-n1024-k08-d180-bs60-f1.000-r05:054293.938: (625 sec)
exp006-n1024-k08-d180-bs60-f1.000-r05:054293.938: Loop 77/100
exp006-n1024-k08-d180-bs60-f1.000-r05:054940.442: log(exp-norms): [1023.47, 1025.43, 1026.94]
exp006-n1024-k08-d180-bs60-f1.000-r05:054940.442: log(norms):     [1023.47, 1026.23, 1028.14, 1028.14, 1028.16, 1028.34, 1028.22, 1028.15, 1028.32, 1028.34]
exp006-n1024-k08-d180-bs60-f1.000-r05:054940.460: (647 sec)
exp006-n1024-k08-d180-bs60-f1.000-r05:054940.461: Loop 78/100
exp006-n1024-k08-d180-bs60-f1.000-r05:055637.903: log(exp-norms): [1023.47, 1025.43, 1026.94]
exp006-n1024-k08-d180-bs60-f1.000-r05:055637.904: log(norms):     [1023.47, 1026.23, 1028.14, 1028.14, 1028.16, 1028.34, 1028.22, 1028.15, 1028.32, 1028.34]
exp006-n1024-k08-d180-bs60-f1.000-r05:055637.921: (698 sec)
exp006-n1024-k08-d180-bs60-f1.000-r05:055637.922: Loop 79/100
exp006-n1024-k08-d180-bs60-f1.000-r05:056334.980: log(exp-norms): [1023.47, 1025.43, 1026.94]
exp006-n1024-k08-d180-bs60-f1.000-r05:056334.982: log(norms):     [1023.47, 1026.23, 1028.14, 1028.14, 1028.16, 1028.34, 1028.34, 1028.22, 1028.33, 1028.32]
exp006-n1024-k08-d180-bs60-f1.000-r05:056335.000: (698 sec)
exp006-n1024-k08-d180-bs60-f1.000-r05:056335.001: Loop 80/100
exp006-n1024-k08-d180-bs60-f1.000-r05:057017.153: log(exp-norms): [1023.47, 1025.43, 1026.94]
exp006-n1024-k08-d180-bs60-f1.000-r05:057017.155: log(norms):     [1023.47, 1026.23, 1028.14, 1028.14, 1028.16, 1028.34, 1028.34, 1028.22, 1028.33, 1028.32]
exp006-n1024-k08-d180-bs60-f1.000-r05:057017.174: (683 sec)
exp006-n1024-k08-d180-bs60-f1.000-r05:057017.175: Loop 81/100
exp006-n1024-k08-d180-bs60-f1.000-r05:057693.512: log(exp-norms): [1023.47, 1025.43, 1026.94]
exp006-n1024-k08-d180-bs60-f1.000-r05:057693.513: log(norms):     [1023.47, 1026.23, 1028.14, 1028.14, 1028.16, 1028.34, 1028.34, 1028.22, 1028.33, 1028.32]
exp006-n1024-k08-d180-bs60-f1.000-r05:057693.531: (677 sec)
exp006-n1024-k08-d180-bs60-f1.000-r05:057693.532: Loop 82/100
exp006-n1024-k08-d180-bs60-f1.000-r05:058381.051: log(exp-norms): [1023.47, 1025.43, 1026.94]
exp006-n1024-k08-d180-bs60-f1.000-r05:058381.053: log(norms):     [1023.47, 1026.23, 1028.14, 1028.14, 1028.16, 1028.34, 1028.34, 1028.22, 1028.33, 1028.32]
exp006-n1024-k08-d180-bs60-f1.000-r05:058381.071: (688 sec)
exp006-n1024-k08-d180-bs60-f1.000-r05:058381.071: Loop 83/100
exp006-n1024-k08-d180-bs60-f1.000-r05:059031.546: log(exp-norms): [1023.47, 1025.43, 1026.94]
exp006-n1024-k08-d180-bs60-f1.000-r05:059031.546: log(norms):     [1023.47, 1026.23, 1028.14, 1028.14, 1028.16, 1028.34, 1028.34, 1028.22, 1028.33, 1028.32]
exp006-n1024-k08-d180-bs60-f1.000-r05:059031.565: (651 sec)
exp006-n1024-k08-d180-bs60-f1.000-r05:059031.565: Loop 84/100
exp006-n1024-k08-d180-bs60-f1.000-r05:059682.168: log(exp-norms): [1023.47, 1025.43, 1026.94]
exp006-n1024-k08-d180-bs60-f1.000-r05:059682.168: log(norms):     [1023.47, 1026.23, 1028.14, 1028.14, 1028.16, 1028.34, 1028.34, 1028.22, 1028.33, 1028.32]
exp006-n1024-k08-d180-bs60-f1.000-r05:059682.186: (651 sec)
exp006-n1024-k08-d180-bs60-f1.000-r05:059682.187: Loop 85/100
exp006-n1024-k08-d180-bs60-f1.000-r05:060345.459: log(exp-norms): [1023.47, 1025.43, 1026.94]
exp006-n1024-k08-d180-bs60-f1.000-r05:060345.459: log(norms):     [1023.47, 1026.23, 1028.14, 1028.14, 1028.16, 1028.34, 1028.28, 1028.34, 1028.22, 1028.33]
exp006-n1024-k08-d180-bs60-f1.000-r05:060345.478: (664 sec)
exp006-n1024-k08-d180-bs60-f1.000-r05:060345.478: Loop 86/100
exp006-n1024-k08-d180-bs60-f1.000-r05:061051.758: log(exp-norms): [1023.47, 1025.43, 1026.94]
exp006-n1024-k08-d180-bs60-f1.000-r05:061051.759: log(norms):     [1023.47, 1026.23, 1028.14, 1028.14, 1028.16, 1028.34, 1028.28, 1028.26, 1028.22, 1028.56]
exp006-n1024-k08-d180-bs60-f1.000-r05:061051.777: (707 sec)
exp006-n1024-k08-d180-bs60-f1.000-r05:061051.777: Loop 87/100
exp006-n1024-k08-d180-bs60-f1.000-r05:061731.545: log(exp-norms): [1023.47, 1025.43, 1026.94]
exp006-n1024-k08-d180-bs60-f1.000-r05:061731.546: log(norms):     [1023.47, 1026.23, 1028.14, 1028.14, 1028.16, 1028.34, 1028.28, 1028.26, 1028.22, 1028.56]
exp006-n1024-k08-d180-bs60-f1.000-r05:061731.563: (680 sec)
exp006-n1024-k08-d180-bs60-f1.000-r05:061731.563: Loop 88/100
exp006-n1024-k08-d180-bs60-f1.000-r05:062457.657: log(exp-norms): [1023.47, 1025.43, 1026.94]
exp006-n1024-k08-d180-bs60-f1.000-r05:062457.657: log(norms):     [1023.47, 1026.23, 1028.14, 1028.14, 1028.16, 1028.34, 1028.28, 1028.26, 1028.39, 1028.22]
exp006-n1024-k08-d180-bs60-f1.000-r05:062457.677: (727 sec)
exp006-n1024-k08-d180-bs60-f1.000-r05:062457.677: Loop 89/100
exp006-n1024-k08-d180-bs60-f1.000-r05:063183.836: log(exp-norms): [1023.47, 1025.43, 1026.94]
exp006-n1024-k08-d180-bs60-f1.000-r05:063183.837: log(norms):     [1023.47, 1026.23, 1028.14, 1028.14, 1028.16, 1028.34, 1028.28, 1028.26, 1028.39, 1028.22]
exp006-n1024-k08-d180-bs60-f1.000-r05:063183.856: (727 sec)
exp006-n1024-k08-d180-bs60-f1.000-r05:063183.856: Loop 90/100
exp006-n1024-k08-d180-bs60-f1.000-r05:063876.754: log(exp-norms): [1023.47, 1025.43, 1026.94]
exp006-n1024-k08-d180-bs60-f1.000-r05:063876.755: log(norms):     [1023.47, 1026.23, 1028.14, 1028.14, 1028.16, 1028.34, 1028.28, 1028.26, 1028.39, 1028.22]
exp006-n1024-k08-d180-bs60-f1.000-r05:063876.775: (693 sec)
exp006-n1024-k08-d180-bs60-f1.000-r05:063876.775: Loop 91/100
exp006-n1024-k08-d180-bs60-f1.000-r05:064554.719: log(exp-norms): [1023.47, 1025.43, 1026.94]
exp006-n1024-k08-d180-bs60-f1.000-r05:064554.719: log(norms):     [1023.47, 1026.23, 1028.14, 1028.14, 1028.16, 1028.34, 1028.34, 1028.28, 1028.26, 1028.39]
exp006-n1024-k08-d180-bs60-f1.000-r05:064554.738: (678 sec)
exp006-n1024-k08-d180-bs60-f1.000-r05:064554.738: Loop 92/100
exp006-n1024-k08-d180-bs60-f1.000-r05:065237.946: log(exp-norms): [1023.47, 1025.43, 1026.94]
exp006-n1024-k08-d180-bs60-f1.000-r05:065237.947: log(norms):     [1023.47, 1026.23, 1028.14, 1028.14, 1028.16, 1028.34, 1028.34, 1028.28, 1028.26, 1028.39]
exp006-n1024-k08-d180-bs60-f1.000-r05:065237.965: (684 sec)
exp006-n1024-k08-d180-bs60-f1.000-r05:065237.966: Loop 93/100
exp006-n1024-k08-d180-bs60-f1.000-r05:065927.230: log(exp-norms): [1023.47, 1025.43, 1026.94]
exp006-n1024-k08-d180-bs60-f1.000-r05:065927.230: log(norms):     [1023.47, 1026.23, 1028.14, 1028.14, 1028.16, 1028.34, 1028.34, 1028.37, 1028.28, 1028.47]
exp006-n1024-k08-d180-bs60-f1.000-r05:065927.248: (690 sec)
exp006-n1024-k08-d180-bs60-f1.000-r05:065927.249: Loop 94/100
exp006-n1024-k08-d180-bs60-f1.000-r05:066618.651: log(exp-norms): [1023.47, 1025.43, 1026.94]
exp006-n1024-k08-d180-bs60-f1.000-r05:066618.651: log(norms):     [1023.47, 1026.23, 1028.14, 1028.14, 1028.16, 1028.34, 1028.34, 1028.37, 1028.27, 1028.28]
exp006-n1024-k08-d180-bs60-f1.000-r05:066618.670: (692 sec)
exp006-n1024-k08-d180-bs60-f1.000-r05:066618.670: Loop 95/100
exp006-n1024-k08-d180-bs60-f1.000-r05:067314.726: log(exp-norms): [1023.47, 1025.43, 1026.94]
exp006-n1024-k08-d180-bs60-f1.000-r05:067314.727: log(norms):     [1023.47, 1026.23, 1028.14, 1028.14, 1028.16, 1028.34, 1028.34, 1028.37, 1028.27, 1028.28]
exp006-n1024-k08-d180-bs60-f1.000-r05:067314.745: (697 sec)
exp006-n1024-k08-d180-bs60-f1.000-r05:067314.745: Loop 96/100
exp006-n1024-k08-d180-bs60-f1.000-r05:068053.519: log(exp-norms): [1023.47, 1025.43, 1026.94]
exp006-n1024-k08-d180-bs60-f1.000-r05:068053.520: log(norms):     [1023.47, 1026.23, 1028.14, 1028.14, 1028.16, 1028.34, 1028.34, 1028.37, 1028.27, 1028.28]
exp006-n1024-k08-d180-bs60-f1.000-r05:068053.539: (739 sec)
exp006-n1024-k08-d180-bs60-f1.000-r05:068053.539: Loop 97/100
exp006-n1024-k08-d180-bs60-f1.000-r05:068708.769: log(exp-norms): [1023.47, 1025.43, 1026.94]
exp006-n1024-k08-d180-bs60-f1.000-r05:068708.770: log(norms):     [1023.47, 1026.23, 1028.14, 1028.14, 1028.16, 1028.34, 1028.34, 1028.37, 1028.27, 1028.28]
exp006-n1024-k08-d180-bs60-f1.000-r05:068708.788: (656 sec)
exp006-n1024-k08-d180-bs60-f1.000-r05:068708.789: Loop 98/100
exp006-n1024-k08-d180-bs60-f1.000-r05:069362.924: log(exp-norms): [1023.47, 1025.43, 1026.94]
exp006-n1024-k08-d180-bs60-f1.000-r05:069362.924: log(norms):     [1023.47, 1026.23, 1028.14, 1028.14, 1028.16, 1028.34, 1028.34, 1028.37, 1028.27, 1028.28]
exp006-n1024-k08-d180-bs60-f1.000-r05:069362.942: (655 sec)
exp006-n1024-k08-d180-bs60-f1.000-r05:069362.943: Loop 99/100
exp006-n1024-k08-d180-bs60-f1.000-r05:070056.891: log(exp-norms): [1023.47, 1025.43, 1026.94]
exp006-n1024-k08-d180-bs60-f1.000-r05:070056.892: log(norms):     [1023.47, 1026.23, 1028.14, 1028.14, 1028.16, 1028.34, 1028.34, 1028.37, 1028.27, 1028.1]
exp006-n1024-k08-d180-bs60-f1.000-r05:070056.910: (694 sec)
exp006-n1024-k08-d180-bs60-f1.000-r05:070056.911: Loop 100/100
exp006-n1024-k08-d180-bs60-f1.000-r05:070713.735: log(exp-norms): [1023.47, 1025.43, 1026.94]
exp006-n1024-k08-d180-bs60-f1.000-r05:070713.735: log(norms):     [1023.47, 1026.23, 1028.1, 1028.14, 1028.14, 1028.16, 1028.34, 1028.27, 1028.34, 1028.36]
exp006-n1024-k08-d180-bs60-f1.000-r05:070713.754: (657 sec)
exp006-n1024-k08-d180-bs60-f1.000-r05:070713.754: ==========================Summary===========================
exp006-n1024-k08-d180-bs60-f1.000-r05:070713.754: Total time: 70714sec
exp006-n1024-k08-d180-bs60-f1.000-r05:070713.754: FAIL
exp006-n1024-k08-d180-bs60-f1.000-r05:070713.754: SUMMARY:n:1024:k:8:d:180:bs:60:t:70714:r:False
