exp015-n1024-k08-d180-bs60-f1.750-r06:000000.201: ==========================Instance==========================
exp015-n1024-k08-d180-bs60-f1.750-r06:000000.201: # of equations: 180
exp015-n1024-k08-d180-bs60-f1.750-r06:000000.203: Gap: 2.84
exp015-n1024-k08-d180-bs60-f1.750-r06:000000.207: Tau: 2.47
exp015-n1024-k08-d180-bs60-f1.750-r06:000000.207: ======================BKZ-60 reduction======================
exp015-n1024-k08-d180-bs60-f1.750-r06:000004.730: Expectedly achievable log(norm): 1028.22
exp015-n1024-k08-d180-bs60-f1.750-r06:000009.660: log(exp-norms): [1023.47, 1025.43, 1026.94]
exp015-n1024-k08-d180-bs60-f1.750-r06:000009.660: log(norms):     [1033.92, 1026.22, 1030.94, 1030.94, 1030.94, 1030.94, 1030.94, 1030.94, 1030.94, 1030.94]
exp015-n1024-k08-d180-bs60-f1.750-r06:000009.797: Loop 1/100
exp015-n1024-k08-d180-bs60-f1.750-r06:001398.054: log(exp-norms): [1023.47, 1025.43, 1026.94]
exp015-n1024-k08-d180-bs60-f1.750-r06:001398.055: log(norms):     [1026.22, 1030.11, 1030.11, 1030.2, 1030.15, 1030.18, 1030.07, 1030.2, 1030.33, 1030.17]
exp015-n1024-k08-d180-bs60-f1.750-r06:001398.088: (1389 sec)
exp015-n1024-k08-d180-bs60-f1.750-r06:001398.088: Loop 2/100
exp015-n1024-k08-d180-bs60-f1.750-r06:002391.742: log(exp-norms): [1023.47, 1025.43, 1026.94]
exp015-n1024-k08-d180-bs60-f1.750-r06:002391.743: log(norms):     [1023.47, 1026.22, 1029.47, 1029.55, 1029.61, 1029.55, 1029.77, 1029.62, 1029.61, 1029.69]
exp015-n1024-k08-d180-bs60-f1.750-r06:002391.762: (994 sec)
exp015-n1024-k08-d180-bs60-f1.750-r06:002391.763: Loop 3/100
exp015-n1024-k08-d180-bs60-f1.750-r06:003329.161: log(exp-norms): [1023.47, 1025.43, 1026.94]
exp015-n1024-k08-d180-bs60-f1.750-r06:003329.161: log(norms):     [1023.47, 1026.22, 1029.01, 1029.01, 1029.03, 1029.19, 1029.14, 1029.09, 1029.13, 1029.11]
exp015-n1024-k08-d180-bs60-f1.750-r06:003329.191: (938 sec)
exp015-n1024-k08-d180-bs60-f1.750-r06:003329.192: Loop 4/100
exp015-n1024-k08-d180-bs60-f1.750-r06:004324.972: log(exp-norms): [1023.47, 1025.43, 1026.94]
exp015-n1024-k08-d180-bs60-f1.750-r06:004324.973: log(norms):     [1023.47, 1026.22, 1028.62, 1028.69, 1028.76, 1028.61, 1028.76, 1028.88, 1028.9, 1028.86]
exp015-n1024-k08-d180-bs60-f1.750-r06:004325.002: (996 sec)
exp015-n1024-k08-d180-bs60-f1.750-r06:004325.003: Loop 5/100
exp015-n1024-k08-d180-bs60-f1.750-r06:005194.331: log(exp-norms): [1023.47, 1025.43, 1026.94]
exp015-n1024-k08-d180-bs60-f1.750-r06:005194.332: log(norms):     [1023.47, 1026.22, 1028.48, 1028.53, 1028.64, 1028.51, 1028.45, 1028.54, 1028.57, 1028.57]
exp015-n1024-k08-d180-bs60-f1.750-r06:005194.350: (870 sec)
exp015-n1024-k08-d180-bs60-f1.750-r06:005194.350: Loop 6/100
exp015-n1024-k08-d180-bs60-f1.750-r06:005958.534: log(exp-norms): [1023.47, 1025.43, 1026.94]
exp015-n1024-k08-d180-bs60-f1.750-r06:005958.534: log(norms):     [1023.47, 1026.22, 1028.37, 1028.41, 1028.49, 1028.51, 1028.44, 1028.61, 1028.54, 1028.61]
exp015-n1024-k08-d180-bs60-f1.750-r06:005958.553: (765 sec)
exp015-n1024-k08-d180-bs60-f1.750-r06:005958.553: Loop 7/100
exp015-n1024-k08-d180-bs60-f1.750-r06:006617.704: log(exp-norms): [1023.47, 1025.43, 1026.94]
exp015-n1024-k08-d180-bs60-f1.750-r06:006617.704: log(norms):     [1023.47, 1026.22, 1028.34, 1028.43, 1028.35, 1028.37, 1028.4, 1028.36, 1028.37, 1028.58]
exp015-n1024-k08-d180-bs60-f1.750-r06:006617.723: (660 sec)
exp015-n1024-k08-d180-bs60-f1.750-r06:006617.723: Loop 8/100
exp015-n1024-k08-d180-bs60-f1.750-r06:007301.338: log(exp-norms): [1023.47, 1025.43, 1026.94]
exp015-n1024-k08-d180-bs60-f1.750-r06:007301.339: log(norms):     [1023.47, 1026.22, 1028.34, 1028.33, 1028.36, 1028.45, 1028.35, 1028.46, 1028.25, 1028.61]
exp015-n1024-k08-d180-bs60-f1.750-r06:007301.357: (684 sec)
exp015-n1024-k08-d180-bs60-f1.750-r06:007301.357: Loop 9/100
exp015-n1024-k08-d180-bs60-f1.750-r06:007926.909: log(exp-norms): [1023.47, 1025.43, 1026.94]
exp015-n1024-k08-d180-bs60-f1.750-r06:007926.909: log(norms):     [1023.47, 1026.22, 1028.25, 1028.28, 1028.31, 1028.28, 1028.3, 1028.38, 1028.42, 1028.44]
exp015-n1024-k08-d180-bs60-f1.750-r06:007926.928: (626 sec)
exp015-n1024-k08-d180-bs60-f1.750-r06:007926.928: Loop 10/100
exp015-n1024-k08-d180-bs60-f1.750-r06:008560.531: log(exp-norms): [1023.47, 1025.43, 1026.94]
exp015-n1024-k08-d180-bs60-f1.750-r06:008560.531: log(norms):     [1023.47, 1026.22, 1028.24, 1028.28, 1028.28, 1028.3, 1028.25, 1028.51, 1028.41, 1028.54]
exp015-n1024-k08-d180-bs60-f1.750-r06:008560.550: (634 sec)
exp015-n1024-k08-d180-bs60-f1.750-r06:008560.550: Loop 11/100
exp015-n1024-k08-d180-bs60-f1.750-r06:009218.941: log(exp-norms): [1023.47, 1025.43, 1026.94]
exp015-n1024-k08-d180-bs60-f1.750-r06:009218.941: log(norms):     [1023.47, 1026.22, 1028.19, 1028.24, 1028.29, 1028.22, 1028.28, 1028.3, 1028.45, 1028.44]
exp015-n1024-k08-d180-bs60-f1.750-r06:009218.959: (659 sec)
exp015-n1024-k08-d180-bs60-f1.750-r06:009218.959: Loop 12/100
exp015-n1024-k08-d180-bs60-f1.750-r06:009850.925: log(exp-norms): [1023.47, 1025.43, 1026.94]
exp015-n1024-k08-d180-bs60-f1.750-r06:009850.926: log(norms):     [1023.47, 1026.22, 1028.19, 1028.22, 1028.28, 1028.28, 1028.24, 1028.48, 1028.3, 1028.48]
exp015-n1024-k08-d180-bs60-f1.750-r06:009850.944: (632 sec)
exp015-n1024-k08-d180-bs60-f1.750-r06:009850.944: Loop 13/100
exp015-n1024-k08-d180-bs60-f1.750-r06:010504.084: log(exp-norms): [1023.47, 1025.43, 1026.94]
exp015-n1024-k08-d180-bs60-f1.750-r06:010504.084: log(norms):     [1023.47, 1026.22, 1028.19, 1028.22, 1028.28, 1028.28, 1028.24, 1028.48, 1028.3, 1028.39]
exp015-n1024-k08-d180-bs60-f1.750-r06:010504.102: (654 sec)
exp015-n1024-k08-d180-bs60-f1.750-r06:010504.102: Loop 14/100
exp015-n1024-k08-d180-bs60-f1.750-r06:011169.720: log(exp-norms): [1023.47, 1025.43, 1026.94]
exp015-n1024-k08-d180-bs60-f1.750-r06:011169.721: log(norms):     [1023.47, 1026.22, 1028.19, 1028.22, 1028.28, 1028.28, 1028.24, 1028.48, 1028.48, 1028.3]
exp015-n1024-k08-d180-bs60-f1.750-r06:011169.739: (666 sec)
exp015-n1024-k08-d180-bs60-f1.750-r06:011169.739: Loop 15/100
exp015-n1024-k08-d180-bs60-f1.750-r06:011979.971: log(exp-norms): [1023.47, 1025.43, 1026.94]
exp015-n1024-k08-d180-bs60-f1.750-r06:011979.972: log(norms):     [1023.47, 1026.22, 1028.19, 1028.22, 1028.28, 1028.28, 1028.24, 1028.48, 1028.33, 1028.48]
exp015-n1024-k08-d180-bs60-f1.750-r06:011980.001: (811 sec)
exp015-n1024-k08-d180-bs60-f1.750-r06:011980.002: Loop 16/100
exp015-n1024-k08-d180-bs60-f1.750-r06:012912.668: log(exp-norms): [1023.47, 1025.43, 1026.94]
exp015-n1024-k08-d180-bs60-f1.750-r06:012912.669: log(norms):     [1023.47, 1026.22, 1028.19, 1028.22, 1028.28, 1028.28, 1028.24, 1028.48, 1028.33, 1028.48]
exp015-n1024-k08-d180-bs60-f1.750-r06:012912.699: (933 sec)
exp015-n1024-k08-d180-bs60-f1.750-r06:012912.699: Loop 17/100
exp015-n1024-k08-d180-bs60-f1.750-r06:013933.713: log(exp-norms): [1023.47, 1025.43, 1026.94]
exp015-n1024-k08-d180-bs60-f1.750-r06:013933.713: log(norms):     [1023.47, 1026.22, 1028.16, 1028.19, 1028.22, 1028.28, 1028.39, 1028.24, 1028.28, 1028.44]
exp015-n1024-k08-d180-bs60-f1.750-r06:013933.745: (1022 sec)
exp015-n1024-k08-d180-bs60-f1.750-r06:013933.745: Loop 18/100
exp015-n1024-k08-d180-bs60-f1.750-r06:014870.194: log(exp-norms): [1023.47, 1025.43, 1026.94]
exp015-n1024-k08-d180-bs60-f1.750-r06:014870.195: log(norms):     [1023.47, 1026.22, 1028.16, 1028.2, 1028.19, 1028.22, 1028.39, 1028.28, 1028.24, 1028.28]
exp015-n1024-k08-d180-bs60-f1.750-r06:014870.226: (937 sec)
exp015-n1024-k08-d180-bs60-f1.750-r06:014870.226: Loop 19/100
exp015-n1024-k08-d180-bs60-f1.750-r06:015896.995: log(exp-norms): [1023.47, 1025.43, 1026.94]
exp015-n1024-k08-d180-bs60-f1.750-r06:015896.996: log(norms):     [1023.47, 1026.22, 1028.16, 1028.2, 1028.19, 1028.22, 1028.39, 1028.28, 1028.39, 1028.42]
exp015-n1024-k08-d180-bs60-f1.750-r06:015897.027: (1027 sec)
exp015-n1024-k08-d180-bs60-f1.750-r06:015897.028: Loop 20/100
exp015-n1024-k08-d180-bs60-f1.750-r06:016871.301: log(exp-norms): [1023.47, 1025.43, 1026.94]
exp015-n1024-k08-d180-bs60-f1.750-r06:016871.302: log(norms):     [1023.47, 1026.22, 1028.16, 1028.2, 1028.19, 1028.22, 1028.23, 1028.31, 1028.29, 1028.28]
exp015-n1024-k08-d180-bs60-f1.750-r06:016871.332: (975 sec)
exp015-n1024-k08-d180-bs60-f1.750-r06:016871.332: Loop 21/100
exp015-n1024-k08-d180-bs60-f1.750-r06:017945.116: log(exp-norms): [1023.47, 1025.43, 1026.94]
exp015-n1024-k08-d180-bs60-f1.750-r06:017945.116: log(norms):     [1023.47, 1026.22, 1028.16, 1028.21, 1028.25, 1028.3, 1028.2, 1028.28, 1028.22, 1028.23]
exp015-n1024-k08-d180-bs60-f1.750-r06:017945.135: (1074 sec)
exp015-n1024-k08-d180-bs60-f1.750-r06:017945.136: Loop 22/100
exp015-n1024-k08-d180-bs60-f1.750-r06:018998.545: log(exp-norms): [1023.47, 1025.43, 1026.94]
exp015-n1024-k08-d180-bs60-f1.750-r06:018998.546: log(norms):     [1023.47, 1026.22, 1028.16, 1028.21, 1028.25, 1028.3, 1028.2, 1028.37, 1028.23, 1028.37]
exp015-n1024-k08-d180-bs60-f1.750-r06:018998.575: (1054 sec)
exp015-n1024-k08-d180-bs60-f1.750-r06:018998.576: Loop 23/100
exp015-n1024-k08-d180-bs60-f1.750-r06:019970.962: log(exp-norms): [1023.47, 1025.43, 1026.94]
exp015-n1024-k08-d180-bs60-f1.750-r06:019970.963: log(norms):     [1023.47, 1026.22, 1028.16, 1028.21, 1028.25, 1028.3, 1028.2, 1028.41, 1028.49, 1028.37]
exp015-n1024-k08-d180-bs60-f1.750-r06:019970.994: (973 sec)
exp015-n1024-k08-d180-bs60-f1.750-r06:019970.995: Loop 24/100
exp015-n1024-k08-d180-bs60-f1.750-r06:020921.187: log(exp-norms): [1023.47, 1025.43, 1026.94]
exp015-n1024-k08-d180-bs60-f1.750-r06:020921.187: log(norms):     [1023.47, 1026.22, 1028.16, 1028.21, 1028.25, 1028.3, 1028.2, 1028.41, 1028.49, 1028.36]
exp015-n1024-k08-d180-bs60-f1.750-r06:020921.206: (951 sec)
exp015-n1024-k08-d180-bs60-f1.750-r06:020921.206: Loop 25/100
exp015-n1024-k08-d180-bs60-f1.750-r06:021697.099: log(exp-norms): [1023.47, 1025.43, 1026.94]
exp015-n1024-k08-d180-bs60-f1.750-r06:021697.100: log(norms):     [1023.47, 1026.22, 1028.16, 1028.21, 1028.25, 1028.3, 1028.2, 1028.41, 1028.49, 1028.36]
exp015-n1024-k08-d180-bs60-f1.750-r06:021697.128: (776 sec)
exp015-n1024-k08-d180-bs60-f1.750-r06:021697.129: Loop 26/100
exp015-n1024-k08-d180-bs60-f1.750-r06:022409.076: log(exp-norms): [1023.47, 1025.43, 1026.94]
exp015-n1024-k08-d180-bs60-f1.750-r06:022409.076: log(norms):     [1023.47, 1026.22, 1028.16, 1028.21, 1028.25, 1028.3, 1028.2, 1028.41, 1028.49, 1028.36]
exp015-n1024-k08-d180-bs60-f1.750-r06:022409.096: (712 sec)
exp015-n1024-k08-d180-bs60-f1.750-r06:022409.096: Loop 27/100
exp015-n1024-k08-d180-bs60-f1.750-r06:023070.086: log(exp-norms): [1023.47, 1025.43, 1026.94]
exp015-n1024-k08-d180-bs60-f1.750-r06:023070.086: log(norms):     [1023.47, 1026.22, 1028.16, 1028.21, 1028.25, 1028.3, 1028.2, 1028.41, 1028.49, 1028.49]
exp015-n1024-k08-d180-bs60-f1.750-r06:023070.105: (662 sec)
exp015-n1024-k08-d180-bs60-f1.750-r06:023070.105: Loop 28/100
exp015-n1024-k08-d180-bs60-f1.750-r06:023893.280: log(exp-norms): [1023.47, 1025.43, 1026.94]
exp015-n1024-k08-d180-bs60-f1.750-r06:023893.281: log(norms):     [1023.47, 1026.22, 1028.16, 1028.21, 1028.25, 1028.3, 1028.2, 1028.41, 1028.49, 1028.49]
exp015-n1024-k08-d180-bs60-f1.750-r06:023893.311: (824 sec)
exp015-n1024-k08-d180-bs60-f1.750-r06:023893.312: Loop 29/100
exp015-n1024-k08-d180-bs60-f1.750-r06:024590.299: log(exp-norms): [1023.47, 1025.43, 1026.94]
exp015-n1024-k08-d180-bs60-f1.750-r06:024590.300: log(norms):     [1023.47, 1026.22, 1028.16, 1028.21, 1028.25, 1028.3, 1028.2, 1028.41, 1028.49, 1028.49]
exp015-n1024-k08-d180-bs60-f1.750-r06:024590.318: (698 sec)
exp015-n1024-k08-d180-bs60-f1.750-r06:024590.318: Loop 30/100
exp015-n1024-k08-d180-bs60-f1.750-r06:025263.217: log(exp-norms): [1023.47, 1025.43, 1026.94]
exp015-n1024-k08-d180-bs60-f1.750-r06:025263.218: log(norms):     [1023.47, 1026.22, 1028.16, 1028.21, 1028.25, 1028.3, 1028.2, 1028.32, 1028.41, 1028.49]
exp015-n1024-k08-d180-bs60-f1.750-r06:025263.236: (673 sec)
exp015-n1024-k08-d180-bs60-f1.750-r06:025263.237: Loop 31/100
exp015-n1024-k08-d180-bs60-f1.750-r06:025913.080: log(exp-norms): [1023.47, 1025.43, 1026.94]
exp015-n1024-k08-d180-bs60-f1.750-r06:025913.081: log(norms):     [1023.47, 1026.22, 1028.16, 1028.21, 1028.25, 1028.3, 1028.2, 1028.32, 1028.41, 1028.49]
exp015-n1024-k08-d180-bs60-f1.750-r06:025913.099: (650 sec)
exp015-n1024-k08-d180-bs60-f1.750-r06:025913.099: Loop 32/100
exp015-n1024-k08-d180-bs60-f1.750-r06:026588.890: log(exp-norms): [1023.47, 1025.43, 1026.94]
exp015-n1024-k08-d180-bs60-f1.750-r06:026588.890: log(norms):     [1023.47, 1026.22, 1028.16, 1028.21, 1028.25, 1028.3, 1028.2, 1028.33, 1028.32, 1028.36]
exp015-n1024-k08-d180-bs60-f1.750-r06:026588.907: (676 sec)
exp015-n1024-k08-d180-bs60-f1.750-r06:026588.908: Loop 33/100
exp015-n1024-k08-d180-bs60-f1.750-r06:027204.890: log(exp-norms): [1023.47, 1025.43, 1026.94]
exp015-n1024-k08-d180-bs60-f1.750-r06:027204.891: log(norms):     [1023.47, 1026.22, 1028.16, 1028.21, 1028.25, 1028.3, 1028.2, 1028.33, 1028.32, 1028.36]
exp015-n1024-k08-d180-bs60-f1.750-r06:027204.908: (616 sec)
exp015-n1024-k08-d180-bs60-f1.750-r06:027204.908: Loop 34/100
exp015-n1024-k08-d180-bs60-f1.750-r06:027821.113: log(exp-norms): [1023.47, 1025.43, 1026.94]
exp015-n1024-k08-d180-bs60-f1.750-r06:027821.114: log(norms):     [1023.47, 1026.22, 1028.16, 1028.21, 1028.25, 1028.3, 1028.2, 1028.33, 1028.32, 1028.36]
exp015-n1024-k08-d180-bs60-f1.750-r06:027821.131: (617 sec)
exp015-n1024-k08-d180-bs60-f1.750-r06:027821.132: Loop 35/100
exp015-n1024-k08-d180-bs60-f1.750-r06:028445.097: log(exp-norms): [1023.47, 1025.43, 1026.94]
exp015-n1024-k08-d180-bs60-f1.750-r06:028445.097: log(norms):     [1023.47, 1026.22, 1028.16, 1028.21, 1028.25, 1028.3, 1028.2, 1028.33, 1028.32, 1028.36]
exp015-n1024-k08-d180-bs60-f1.750-r06:028445.114: (624 sec)
exp015-n1024-k08-d180-bs60-f1.750-r06:028445.115: Loop 36/100
exp015-n1024-k08-d180-bs60-f1.750-r06:029037.967: log(exp-norms): [1023.47, 1025.43, 1026.94]
exp015-n1024-k08-d180-bs60-f1.750-r06:029037.968: log(norms):     [1023.47, 1026.22, 1028.16, 1028.21, 1028.25, 1028.3, 1028.2, 1028.33, 1028.32, 1028.36]
exp015-n1024-k08-d180-bs60-f1.750-r06:029037.985: (593 sec)
exp015-n1024-k08-d180-bs60-f1.750-r06:029037.985: Loop 37/100
exp015-n1024-k08-d180-bs60-f1.750-r06:029674.243: log(exp-norms): [1023.47, 1025.43, 1026.94]
exp015-n1024-k08-d180-bs60-f1.750-r06:029674.243: log(norms):     [1023.47, 1026.22, 1028.16, 1028.21, 1028.25, 1028.3, 1028.2, 1028.33, 1028.32, 1028.36]
exp015-n1024-k08-d180-bs60-f1.750-r06:029674.261: (637 sec)
exp015-n1024-k08-d180-bs60-f1.750-r06:029674.261: Loop 38/100
exp015-n1024-k08-d180-bs60-f1.750-r06:030299.936: log(exp-norms): [1023.47, 1025.43, 1026.94]
exp015-n1024-k08-d180-bs60-f1.750-r06:030299.937: log(norms):     [1023.47, 1026.22, 1028.16, 1028.21, 1028.25, 1028.3, 1028.2, 1028.33, 1028.32, 1028.36]
exp015-n1024-k08-d180-bs60-f1.750-r06:030299.955: (626 sec)
exp015-n1024-k08-d180-bs60-f1.750-r06:030299.955: Loop 39/100
exp015-n1024-k08-d180-bs60-f1.750-r06:030955.282: log(exp-norms): [1023.47, 1025.43, 1026.94]
exp015-n1024-k08-d180-bs60-f1.750-r06:030955.283: log(norms):     [1023.47, 1026.22, 1028.16, 1028.21, 1028.25, 1028.25, 1028.23, 1028.3, 1028.2, 1028.45]
exp015-n1024-k08-d180-bs60-f1.750-r06:030955.300: (656 sec)
exp015-n1024-k08-d180-bs60-f1.750-r06:030955.300: Loop 40/100
exp015-n1024-k08-d180-bs60-f1.750-r06:031603.755: log(exp-norms): [1023.47, 1025.43, 1026.94]
exp015-n1024-k08-d180-bs60-f1.750-r06:031603.756: log(norms):     [1023.47, 1026.22, 1028.16, 1028.21, 1028.25, 1028.25, 1028.26, 1028.4, 1028.45, 1028.3]
exp015-n1024-k08-d180-bs60-f1.750-r06:031603.773: (649 sec)
exp015-n1024-k08-d180-bs60-f1.750-r06:031603.773: Loop 41/100
exp015-n1024-k08-d180-bs60-f1.750-r06:032313.293: log(exp-norms): [1023.47, 1025.43, 1026.94]
exp015-n1024-k08-d180-bs60-f1.750-r06:032313.293: log(norms):     [1023.47, 1026.22, 1028.16, 1028.21, 1028.25, 1028.25, 1028.26, 1028.4, 1028.45, 1028.3]
exp015-n1024-k08-d180-bs60-f1.750-r06:032313.312: (710 sec)
exp015-n1024-k08-d180-bs60-f1.750-r06:032313.312: Loop 42/100
exp015-n1024-k08-d180-bs60-f1.750-r06:032983.443: log(exp-norms): [1023.47, 1025.43, 1026.94]
exp015-n1024-k08-d180-bs60-f1.750-r06:032983.444: log(norms):     [1023.47, 1026.22, 1028.16, 1028.21, 1028.25, 1028.25, 1028.26, 1028.4, 1028.41, 1028.45]
exp015-n1024-k08-d180-bs60-f1.750-r06:032983.462: (671 sec)
exp015-n1024-k08-d180-bs60-f1.750-r06:032983.462: Loop 43/100
exp015-n1024-k08-d180-bs60-f1.750-r06:033698.681: log(exp-norms): [1023.47, 1025.43, 1026.94]
exp015-n1024-k08-d180-bs60-f1.750-r06:033698.681: log(norms):     [1023.47, 1026.22, 1028.16, 1028.21, 1028.25, 1028.25, 1028.26, 1028.4, 1028.41, 1028.45]
exp015-n1024-k08-d180-bs60-f1.750-r06:033698.699: (716 sec)
exp015-n1024-k08-d180-bs60-f1.750-r06:033698.699: Loop 44/100
exp015-n1024-k08-d180-bs60-f1.750-r06:034381.756: log(exp-norms): [1023.47, 1025.43, 1026.94]
exp015-n1024-k08-d180-bs60-f1.750-r06:034381.757: log(norms):     [1023.47, 1026.22, 1028.16, 1028.21, 1028.25, 1028.25, 1028.26, 1028.4, 1028.41, 1028.45]
exp015-n1024-k08-d180-bs60-f1.750-r06:034381.774: (684 sec)
exp015-n1024-k08-d180-bs60-f1.750-r06:034381.774: Loop 45/100
exp015-n1024-k08-d180-bs60-f1.750-r06:035077.405: log(exp-norms): [1023.47, 1025.43, 1026.94]
exp015-n1024-k08-d180-bs60-f1.750-r06:035077.405: log(norms):     [1023.47, 1026.22, 1028.11, 1028.16, 1028.21, 1028.25, 1028.38, 1028.42, 1028.36, 1028.43]
exp015-n1024-k08-d180-bs60-f1.750-r06:035077.422: (696 sec)
exp015-n1024-k08-d180-bs60-f1.750-r06:035077.423: Loop 46/100
exp015-n1024-k08-d180-bs60-f1.750-r06:035759.450: log(exp-norms): [1023.47, 1025.43, 1026.94]
exp015-n1024-k08-d180-bs60-f1.750-r06:035759.450: log(norms):     [1023.47, 1026.22, 1028.11, 1028.16, 1028.21, 1028.25, 1028.38, 1028.42, 1028.36, 1028.26]
exp015-n1024-k08-d180-bs60-f1.750-r06:035759.469: (683 sec)
exp015-n1024-k08-d180-bs60-f1.750-r06:035759.469: Loop 47/100
exp015-n1024-k08-d180-bs60-f1.750-r06:036413.302: log(exp-norms): [1023.47, 1025.43, 1026.94]
exp015-n1024-k08-d180-bs60-f1.750-r06:036413.303: log(norms):     [1023.47, 1026.22, 1028.11, 1028.16, 1028.21, 1028.25, 1028.38, 1028.48, 1028.26, 1028.42]
exp015-n1024-k08-d180-bs60-f1.750-r06:036413.320: (654 sec)
exp015-n1024-k08-d180-bs60-f1.750-r06:036413.320: Loop 48/100
exp015-n1024-k08-d180-bs60-f1.750-r06:037076.332: log(exp-norms): [1023.47, 1025.43, 1026.94]
exp015-n1024-k08-d180-bs60-f1.750-r06:037076.332: log(norms):     [1023.47, 1026.22, 1028.11, 1028.16, 1028.21, 1028.25, 1028.38, 1028.39, 1028.42, 1028.4]
exp015-n1024-k08-d180-bs60-f1.750-r06:037076.349: (664 sec)
exp015-n1024-k08-d180-bs60-f1.750-r06:037076.350: Loop 49/100
exp015-n1024-k08-d180-bs60-f1.750-r06:037743.159: log(exp-norms): [1023.47, 1025.43, 1026.94]
exp015-n1024-k08-d180-bs60-f1.750-r06:037743.160: log(norms):     [1023.47, 1026.22, 1028.11, 1028.16, 1028.21, 1028.25, 1028.38, 1028.39, 1028.42, 1028.4]
exp015-n1024-k08-d180-bs60-f1.750-r06:037743.178: (667 sec)
exp015-n1024-k08-d180-bs60-f1.750-r06:037743.179: Loop 50/100
exp015-n1024-k08-d180-bs60-f1.750-r06:038397.421: log(exp-norms): [1023.47, 1025.43, 1026.94]
exp015-n1024-k08-d180-bs60-f1.750-r06:038397.421: log(norms):     [1023.47, 1026.22, 1028.11, 1028.16, 1028.21, 1028.25, 1028.38, 1028.39, 1028.42, 1028.4]
exp015-n1024-k08-d180-bs60-f1.750-r06:038397.440: (655 sec)
exp015-n1024-k08-d180-bs60-f1.750-r06:038397.440: Loop 51/100
exp015-n1024-k08-d180-bs60-f1.750-r06:039068.025: log(exp-norms): [1023.47, 1025.43, 1026.94]
exp015-n1024-k08-d180-bs60-f1.750-r06:039068.025: log(norms):     [1023.47, 1026.22, 1028.11, 1028.16, 1028.21, 1028.15, 1028.22, 1028.25, 1028.38, 1028.39]
exp015-n1024-k08-d180-bs60-f1.750-r06:039068.043: (671 sec)
exp015-n1024-k08-d180-bs60-f1.750-r06:039068.043: Loop 52/100
exp015-n1024-k08-d180-bs60-f1.750-r06:039729.051: log(exp-norms): [1023.47, 1025.43, 1026.94]
exp015-n1024-k08-d180-bs60-f1.750-r06:039729.052: log(norms):     [1023.47, 1026.22, 1028.11, 1028.16, 1028.21, 1028.15, 1028.22, 1028.25, 1028.38, 1028.39]
exp015-n1024-k08-d180-bs60-f1.750-r06:039729.070: (662 sec)
exp015-n1024-k08-d180-bs60-f1.750-r06:039729.070: Loop 53/100
exp015-n1024-k08-d180-bs60-f1.750-r06:040382.642: log(exp-norms): [1023.47, 1025.43, 1026.94]
exp015-n1024-k08-d180-bs60-f1.750-r06:040382.643: log(norms):     [1023.47, 1026.22, 1028.11, 1028.16, 1028.21, 1028.15, 1028.22, 1028.25, 1028.38, 1028.39]
exp015-n1024-k08-d180-bs60-f1.750-r06:040382.679: (654 sec)
exp015-n1024-k08-d180-bs60-f1.750-r06:040382.679: Loop 54/100
exp015-n1024-k08-d180-bs60-f1.750-r06:040998.971: log(exp-norms): [1023.47, 1025.43, 1026.94]
exp015-n1024-k08-d180-bs60-f1.750-r06:040998.972: log(norms):     [1023.47, 1026.22, 1028.11, 1028.16, 1028.21, 1028.15, 1028.22, 1028.25, 1028.38, 1028.39]
exp015-n1024-k08-d180-bs60-f1.750-r06:040998.991: (617 sec)
exp015-n1024-k08-d180-bs60-f1.750-r06:040998.991: Loop 55/100
exp015-n1024-k08-d180-bs60-f1.750-r06:041652.547: log(exp-norms): [1023.47, 1025.43, 1026.94]
exp015-n1024-k08-d180-bs60-f1.750-r06:041652.547: log(norms):     [1023.47, 1026.22, 1028.1, 1028.11, 1028.16, 1028.21, 1028.15, 1028.22, 1028.45, 1028.25]
exp015-n1024-k08-d180-bs60-f1.750-r06:041652.565: (654 sec)
exp015-n1024-k08-d180-bs60-f1.750-r06:041652.565: Loop 56/100
exp015-n1024-k08-d180-bs60-f1.750-r06:042299.233: log(exp-norms): [1023.47, 1025.43, 1026.94]
exp015-n1024-k08-d180-bs60-f1.750-r06:042299.234: log(norms):     [1023.47, 1026.22, 1028.1, 1028.11, 1028.16, 1028.21, 1028.15, 1028.22, 1028.45, 1028.25]
exp015-n1024-k08-d180-bs60-f1.750-r06:042299.252: (647 sec)
exp015-n1024-k08-d180-bs60-f1.750-r06:042299.253: Loop 57/100
exp015-n1024-k08-d180-bs60-f1.750-r06:042948.149: log(exp-norms): [1023.47, 1025.43, 1026.94]
exp015-n1024-k08-d180-bs60-f1.750-r06:042948.150: log(norms):     [1023.47, 1026.22, 1028.1, 1028.11, 1028.16, 1028.21, 1028.15, 1028.3, 1028.44, 1028.46]
exp015-n1024-k08-d180-bs60-f1.750-r06:042948.167: (649 sec)
exp015-n1024-k08-d180-bs60-f1.750-r06:042948.167: Loop 58/100
exp015-n1024-k08-d180-bs60-f1.750-r06:043569.276: log(exp-norms): [1023.47, 1025.43, 1026.94]
exp015-n1024-k08-d180-bs60-f1.750-r06:043569.276: log(norms):     [1023.47, 1026.22, 1028.1, 1028.11, 1028.16, 1028.21, 1028.15, 1028.3, 1028.43, 1028.22]
exp015-n1024-k08-d180-bs60-f1.750-r06:043569.295: (622 sec)
exp015-n1024-k08-d180-bs60-f1.750-r06:043569.295: Loop 59/100
exp015-n1024-k08-d180-bs60-f1.750-r06:044230.610: log(exp-norms): [1023.47, 1025.43, 1026.94]
exp015-n1024-k08-d180-bs60-f1.750-r06:044230.610: log(norms):     [1023.47, 1026.22, 1028.1, 1028.11, 1028.16, 1028.21, 1028.15, 1028.3, 1028.43, 1028.5]
exp015-n1024-k08-d180-bs60-f1.750-r06:044230.627: (662 sec)
exp015-n1024-k08-d180-bs60-f1.750-r06:044230.627: Loop 60/100
exp015-n1024-k08-d180-bs60-f1.750-r06:044908.040: log(exp-norms): [1023.47, 1025.43, 1026.94]
exp015-n1024-k08-d180-bs60-f1.750-r06:044908.041: log(norms):     [1023.47, 1026.22, 1028.1, 1028.11, 1028.16, 1028.21, 1028.15, 1028.3, 1028.25, 1028.43]
exp015-n1024-k08-d180-bs60-f1.750-r06:044908.059: (678 sec)
exp015-n1024-k08-d180-bs60-f1.750-r06:044908.060: Loop 61/100
exp015-n1024-k08-d180-bs60-f1.750-r06:045569.721: log(exp-norms): [1023.47, 1025.43, 1026.94]
exp015-n1024-k08-d180-bs60-f1.750-r06:045569.722: log(norms):     [1023.47, 1026.22, 1028.1, 1028.11, 1028.16, 1028.25, 1028.21, 1028.15, 1028.3, 1028.43]
exp015-n1024-k08-d180-bs60-f1.750-r06:045569.739: (662 sec)
exp015-n1024-k08-d180-bs60-f1.750-r06:045569.740: Loop 62/100
exp015-n1024-k08-d180-bs60-f1.750-r06:046222.081: log(exp-norms): [1023.47, 1025.43, 1026.94]
exp015-n1024-k08-d180-bs60-f1.750-r06:046222.081: log(norms):     [1023.47, 1026.22, 1028.1, 1028.11, 1028.16, 1028.25, 1028.17, 1028.21, 1028.15, 1028.3]
exp015-n1024-k08-d180-bs60-f1.750-r06:046222.098: (653 sec)
exp015-n1024-k08-d180-bs60-f1.750-r06:046222.099: Loop 63/100
exp015-n1024-k08-d180-bs60-f1.750-r06:046878.062: log(exp-norms): [1023.47, 1025.43, 1026.94]
exp015-n1024-k08-d180-bs60-f1.750-r06:046878.063: log(norms):     [1023.47, 1026.22, 1028.1, 1028.11, 1028.16, 1028.25, 1028.17, 1028.21, 1028.2, 1028.49]
exp015-n1024-k08-d180-bs60-f1.750-r06:046878.080: (656 sec)
exp015-n1024-k08-d180-bs60-f1.750-r06:046878.081: Loop 64/100
exp015-n1024-k08-d180-bs60-f1.750-r06:047552.731: log(exp-norms): [1023.47, 1025.43, 1026.94]
exp015-n1024-k08-d180-bs60-f1.750-r06:047552.732: log(norms):     [1023.47, 1026.22, 1028.1, 1028.11, 1028.16, 1028.25, 1028.17, 1028.21, 1028.2, 1028.49]
exp015-n1024-k08-d180-bs60-f1.750-r06:047552.750: (675 sec)
exp015-n1024-k08-d180-bs60-f1.750-r06:047552.750: Loop 65/100
exp015-n1024-k08-d180-bs60-f1.750-r06:048203.822: log(exp-norms): [1023.47, 1025.43, 1026.94]
exp015-n1024-k08-d180-bs60-f1.750-r06:048203.823: log(norms):     [1023.47, 1026.22, 1028.1, 1028.11, 1028.16, 1028.25, 1028.17, 1028.3, 1028.21, 1028.1]
exp015-n1024-k08-d180-bs60-f1.750-r06:048203.841: (652 sec)
exp015-n1024-k08-d180-bs60-f1.750-r06:048203.841: Loop 66/100
exp015-n1024-k08-d180-bs60-f1.750-r06:048839.222: log(exp-norms): [1023.47, 1025.43, 1026.94]
exp015-n1024-k08-d180-bs60-f1.750-r06:048839.223: log(norms):     [1023.47, 1026.22, 1028.1, 1028.11, 1028.16, 1028.25, 1028.17, 1028.3, 1028.21, 1028.1]
exp015-n1024-k08-d180-bs60-f1.750-r06:048839.241: (636 sec)
exp015-n1024-k08-d180-bs60-f1.750-r06:048839.241: Loop 67/100
exp015-n1024-k08-d180-bs60-f1.750-r06:049488.083: log(exp-norms): [1023.47, 1025.43, 1026.94]
exp015-n1024-k08-d180-bs60-f1.750-r06:049488.083: log(norms):     [1023.47, 1026.22, 1028.1, 1028.11, 1028.16, 1028.25, 1028.17, 1028.3, 1028.21, 1028.37]
exp015-n1024-k08-d180-bs60-f1.750-r06:049488.100: (649 sec)
exp015-n1024-k08-d180-bs60-f1.750-r06:049488.101: Loop 68/100
exp015-n1024-k08-d180-bs60-f1.750-r06:050124.867: log(exp-norms): [1023.47, 1025.43, 1026.94]
exp015-n1024-k08-d180-bs60-f1.750-r06:050124.867: log(norms):     [1023.47, 1026.22, 1028.1, 1028.11, 1028.16, 1028.25, 1028.17, 1028.3, 1028.21, 1028.37]
exp015-n1024-k08-d180-bs60-f1.750-r06:050124.885: (637 sec)
exp015-n1024-k08-d180-bs60-f1.750-r06:050124.885: Loop 69/100
exp015-n1024-k08-d180-bs60-f1.750-r06:050770.321: log(exp-norms): [1023.47, 1025.43, 1026.94]
exp015-n1024-k08-d180-bs60-f1.750-r06:050770.322: log(norms):     [1023.47, 1026.22, 1028.1, 1028.11, 1028.16, 1028.25, 1028.17, 1028.3, 1028.21, 1028.37]
exp015-n1024-k08-d180-bs60-f1.750-r06:050770.339: (646 sec)
exp015-n1024-k08-d180-bs60-f1.750-r06:050770.340: Loop 70/100
exp015-n1024-k08-d180-bs60-f1.750-r06:051426.106: log(exp-norms): [1023.47, 1025.43, 1026.94]
exp015-n1024-k08-d180-bs60-f1.750-r06:051426.107: log(norms):     [1023.47, 1026.22, 1028.1, 1028.11, 1028.16, 1028.25, 1028.17, 1028.3, 1028.22, 1028.1]
exp015-n1024-k08-d180-bs60-f1.750-r06:051426.124: (656 sec)
exp015-n1024-k08-d180-bs60-f1.750-r06:051426.125: Loop 71/100
exp015-n1024-k08-d180-bs60-f1.750-r06:052077.891: log(exp-norms): [1023.47, 1025.43, 1026.94]
exp015-n1024-k08-d180-bs60-f1.750-r06:052077.892: log(norms):     [1023.47, 1026.22, 1028.1, 1028.11, 1028.16, 1028.25, 1028.26, 1028.17, 1028.3, 1028.22]
exp015-n1024-k08-d180-bs60-f1.750-r06:052077.910: (652 sec)
exp015-n1024-k08-d180-bs60-f1.750-r06:052077.911: Loop 72/100
exp015-n1024-k08-d180-bs60-f1.750-r06:052732.870: log(exp-norms): [1023.47, 1025.43, 1026.94]
exp015-n1024-k08-d180-bs60-f1.750-r06:052732.871: log(norms):     [1023.47, 1026.22, 1028.1, 1028.11, 1028.16, 1028.25, 1028.26, 1028.17, 1028.3, 1028.22]
exp015-n1024-k08-d180-bs60-f1.750-r06:052732.888: (655 sec)
exp015-n1024-k08-d180-bs60-f1.750-r06:052732.889: Loop 73/100
exp015-n1024-k08-d180-bs60-f1.750-r06:053412.209: log(exp-norms): [1023.47, 1025.43, 1026.94]
exp015-n1024-k08-d180-bs60-f1.750-r06:053412.210: log(norms):     [1023.47, 1026.22, 1028.1, 1028.11, 1028.16, 1028.25, 1028.26, 1028.17, 1028.3, 1028.22]
exp015-n1024-k08-d180-bs60-f1.750-r06:053412.230: (680 sec)
exp015-n1024-k08-d180-bs60-f1.750-r06:053412.231: Loop 74/100
exp015-n1024-k08-d180-bs60-f1.750-r06:054113.496: log(exp-norms): [1023.47, 1025.43, 1026.94]
exp015-n1024-k08-d180-bs60-f1.750-r06:054113.497: log(norms):     [1023.47, 1026.22, 1028.1, 1028.11, 1028.16, 1028.25, 1028.26, 1028.17, 1028.3, 1028.22]
exp015-n1024-k08-d180-bs60-f1.750-r06:054113.514: (702 sec)
exp015-n1024-k08-d180-bs60-f1.750-r06:054113.514: Loop 75/100
exp015-n1024-k08-d180-bs60-f1.750-r06:054759.046: log(exp-norms): [1023.47, 1025.43, 1026.94]
exp015-n1024-k08-d180-bs60-f1.750-r06:054759.047: log(norms):     [1023.47, 1026.22, 1028.1, 1028.11, 1028.16, 1028.25, 1028.26, 1028.17, 1028.3, 1028.22]
exp015-n1024-k08-d180-bs60-f1.750-r06:054759.064: (646 sec)
exp015-n1024-k08-d180-bs60-f1.750-r06:054759.065: Loop 76/100
exp015-n1024-k08-d180-bs60-f1.750-r06:055401.750: log(exp-norms): [1023.47, 1025.43, 1026.94]
exp015-n1024-k08-d180-bs60-f1.750-r06:055401.751: log(norms):     [1023.47, 1026.22, 1028.1, 1028.11, 1028.16, 1028.25, 1028.26, 1028.17, 1028.3, 1028.22]
exp015-n1024-k08-d180-bs60-f1.750-r06:055401.768: (643 sec)
exp015-n1024-k08-d180-bs60-f1.750-r06:055401.769: Loop 77/100
exp015-n1024-k08-d180-bs60-f1.750-r06:056057.702: log(exp-norms): [1023.47, 1025.43, 1026.94]
exp015-n1024-k08-d180-bs60-f1.750-r06:056057.702: log(norms):     [1023.47, 1026.22, 1028.1, 1028.11, 1028.16, 1028.25, 1028.26, 1028.17, 1028.3, 1028.22]
exp015-n1024-k08-d180-bs60-f1.750-r06:056057.719: (656 sec)
exp015-n1024-k08-d180-bs60-f1.750-r06:056057.720: Loop 78/100
exp015-n1024-k08-d180-bs60-f1.750-r06:056689.945: log(exp-norms): [1023.47, 1025.43, 1026.94]
exp015-n1024-k08-d180-bs60-f1.750-r06:056689.946: log(norms):     [1023.47, 1026.22, 1028.1, 1028.11, 1028.16, 1028.25, 1028.26, 1028.17, 1028.3, 1028.22]
exp015-n1024-k08-d180-bs60-f1.750-r06:056689.964: (633 sec)
exp015-n1024-k08-d180-bs60-f1.750-r06:056689.965: Loop 79/100
exp015-n1024-k08-d180-bs60-f1.750-r06:057317.062: log(exp-norms): [1023.47, 1025.43, 1026.94]
exp015-n1024-k08-d180-bs60-f1.750-r06:057317.062: log(norms):     [1023.47, 1026.22, 1028.1, 1028.11, 1028.16, 1028.25, 1028.26, 1028.17, 1028.3, 1028.22]
exp015-n1024-k08-d180-bs60-f1.750-r06:057317.080: (628 sec)
exp015-n1024-k08-d180-bs60-f1.750-r06:057317.080: Loop 80/100
exp015-n1024-k08-d180-bs60-f1.750-r06:057952.542: log(exp-norms): [1023.47, 1025.43, 1026.94]
exp015-n1024-k08-d180-bs60-f1.750-r06:057952.544: log(norms):     [1023.47, 1026.22, 1028.08, 1028.1, 1028.11, 1028.16, 1028.24, 1028.26, 1028.25, 1028.17]
exp015-n1024-k08-d180-bs60-f1.750-r06:057952.561: (636 sec)
exp015-n1024-k08-d180-bs60-f1.750-r06:057952.561: Loop 81/100
exp015-n1024-k08-d180-bs60-f1.750-r06:058611.386: log(exp-norms): [1023.47, 1025.43, 1026.94]
exp015-n1024-k08-d180-bs60-f1.750-r06:058611.387: log(norms):     [1023.47, 1026.22, 1028.08, 1028.1, 1028.11, 1028.16, 1028.24, 1028.26, 1028.25, 1028.35]
exp015-n1024-k08-d180-bs60-f1.750-r06:058611.406: (659 sec)
exp015-n1024-k08-d180-bs60-f1.750-r06:058611.406: Loop 82/100
exp015-n1024-k08-d180-bs60-f1.750-r06:059273.692: log(exp-norms): [1023.47, 1025.43, 1026.94]
exp015-n1024-k08-d180-bs60-f1.750-r06:059273.693: log(norms):     [1023.47, 1026.22, 1028.08, 1028.1, 1028.11, 1028.16, 1028.24, 1028.26, 1028.39, 1028.25]
exp015-n1024-k08-d180-bs60-f1.750-r06:059273.710: (663 sec)
exp015-n1024-k08-d180-bs60-f1.750-r06:059273.711: Loop 83/100
exp015-n1024-k08-d180-bs60-f1.750-r06:059913.734: log(exp-norms): [1023.47, 1025.43, 1026.94]
exp015-n1024-k08-d180-bs60-f1.750-r06:059913.734: log(norms):     [1023.47, 1026.22, 1028.08, 1028.1, 1028.11, 1028.16, 1028.24, 1028.26, 1028.39, 1028.25]
exp015-n1024-k08-d180-bs60-f1.750-r06:059913.751: (641 sec)
exp015-n1024-k08-d180-bs60-f1.750-r06:059913.752: Loop 84/100
exp015-n1024-k08-d180-bs60-f1.750-r06:060564.234: log(exp-norms): [1023.47, 1025.43, 1026.94]
exp015-n1024-k08-d180-bs60-f1.750-r06:060564.235: log(norms):     [1023.47, 1026.22, 1028.08, 1028.1, 1028.11, 1028.16, 1028.24, 1028.26, 1028.39, 1028.25]
exp015-n1024-k08-d180-bs60-f1.750-r06:060564.253: (651 sec)
exp015-n1024-k08-d180-bs60-f1.750-r06:060564.254: Loop 85/100
exp015-n1024-k08-d180-bs60-f1.750-r06:061254.155: log(exp-norms): [1023.47, 1025.43, 1026.94]
exp015-n1024-k08-d180-bs60-f1.750-r06:061254.155: log(norms):     [1023.47, 1026.22, 1028.08, 1028.1, 1028.11, 1028.16, 1028.24, 1028.26, 1028.39, 1028.25]
exp015-n1024-k08-d180-bs60-f1.750-r06:061254.172: (690 sec)
exp015-n1024-k08-d180-bs60-f1.750-r06:061254.173: Loop 86/100
exp015-n1024-k08-d180-bs60-f1.750-r06:061917.211: log(exp-norms): [1023.47, 1025.43, 1026.94]
exp015-n1024-k08-d180-bs60-f1.750-r06:061917.212: log(norms):     [1023.47, 1026.22, 1028.08, 1028.1, 1028.11, 1028.16, 1028.24, 1028.26, 1028.39, 1028.25]
exp015-n1024-k08-d180-bs60-f1.750-r06:061917.229: (664 sec)
exp015-n1024-k08-d180-bs60-f1.750-r06:061917.229: Loop 87/100
exp015-n1024-k08-d180-bs60-f1.750-r06:062589.659: log(exp-norms): [1023.47, 1025.43, 1026.94]
exp015-n1024-k08-d180-bs60-f1.750-r06:062589.660: log(norms):     [1023.47, 1026.22, 1028.08, 1028.1, 1028.11, 1028.16, 1028.24, 1028.26, 1028.39, 1028.25]
exp015-n1024-k08-d180-bs60-f1.750-r06:062589.677: (673 sec)
exp015-n1024-k08-d180-bs60-f1.750-r06:062589.677: Loop 88/100
exp015-n1024-k08-d180-bs60-f1.750-r06:063253.709: log(exp-norms): [1023.47, 1025.43, 1026.94]
exp015-n1024-k08-d180-bs60-f1.750-r06:063253.709: log(norms):     [1023.47, 1026.22, 1028.08, 1028.1, 1028.11, 1028.16, 1028.24, 1028.26, 1028.39, 1028.3]
exp015-n1024-k08-d180-bs60-f1.750-r06:063253.726: (665 sec)
exp015-n1024-k08-d180-bs60-f1.750-r06:063253.727: Loop 89/100
exp015-n1024-k08-d180-bs60-f1.750-r06:063916.969: log(exp-norms): [1023.47, 1025.43, 1026.94]
exp015-n1024-k08-d180-bs60-f1.750-r06:063916.969: log(norms):     [1023.47, 1026.22, 1028.08, 1028.1, 1028.21, 1028.24, 1028.11, 1028.3, 1028.16, 1028.26]
exp015-n1024-k08-d180-bs60-f1.750-r06:063916.988: (664 sec)
exp015-n1024-k08-d180-bs60-f1.750-r06:063916.988: Loop 90/100
exp015-n1024-k08-d180-bs60-f1.750-r06:064577.564: log(exp-norms): [1023.47, 1025.43, 1026.94]
exp015-n1024-k08-d180-bs60-f1.750-r06:064577.565: log(norms):     [1023.47, 1026.22, 1028.08, 1028.1, 1028.21, 1028.24, 1028.11, 1028.3, 1028.16, 1028.26]
exp015-n1024-k08-d180-bs60-f1.750-r06:064577.582: (661 sec)
exp015-n1024-k08-d180-bs60-f1.750-r06:064577.582: Loop 91/100
exp015-n1024-k08-d180-bs60-f1.750-r06:065256.677: log(exp-norms): [1023.47, 1025.43, 1026.94]
exp015-n1024-k08-d180-bs60-f1.750-r06:065256.678: log(norms):     [1023.47, 1026.22, 1028.08, 1028.1, 1028.21, 1028.24, 1028.11, 1028.3, 1028.16, 1028.26]
exp015-n1024-k08-d180-bs60-f1.750-r06:065256.695: (680 sec)
exp015-n1024-k08-d180-bs60-f1.750-r06:065256.696: Loop 92/100
exp015-n1024-k08-d180-bs60-f1.750-r06:065880.805: log(exp-norms): [1023.47, 1025.43, 1026.94]
exp015-n1024-k08-d180-bs60-f1.750-r06:065880.805: log(norms):     [1023.47, 1026.22, 1028.08, 1028.1, 1028.21, 1028.24, 1028.11, 1028.3, 1028.16, 1028.26]
exp015-n1024-k08-d180-bs60-f1.750-r06:065880.823: (625 sec)
exp015-n1024-k08-d180-bs60-f1.750-r06:065880.823: Loop 93/100
exp015-n1024-k08-d180-bs60-f1.750-r06:066517.102: log(exp-norms): [1023.47, 1025.43, 1026.94]
exp015-n1024-k08-d180-bs60-f1.750-r06:066517.103: log(norms):     [1023.47, 1026.22, 1028.08, 1028.1, 1028.21, 1028.24, 1028.11, 1028.3, 1028.16, 1028.26]
exp015-n1024-k08-d180-bs60-f1.750-r06:066517.120: (637 sec)
exp015-n1024-k08-d180-bs60-f1.750-r06:066517.120: Loop 94/100
exp015-n1024-k08-d180-bs60-f1.750-r06:067200.441: log(exp-norms): [1023.47, 1025.43, 1026.94]
exp015-n1024-k08-d180-bs60-f1.750-r06:067200.441: log(norms):     [1023.47, 1026.22, 1028.08, 1028.1, 1028.21, 1028.24, 1028.11, 1028.3, 1028.16, 1028.26]
exp015-n1024-k08-d180-bs60-f1.750-r06:067200.460: (684 sec)
exp015-n1024-k08-d180-bs60-f1.750-r06:067200.460: Loop 95/100
exp015-n1024-k08-d180-bs60-f1.750-r06:067908.217: log(exp-norms): [1023.47, 1025.43, 1026.94]
exp015-n1024-k08-d180-bs60-f1.750-r06:067908.218: log(norms):     [1023.47, 1026.22, 1028.08, 1028.1, 1028.21, 1028.24, 1028.11, 1028.3, 1028.16, 1028.25]
exp015-n1024-k08-d180-bs60-f1.750-r06:067908.238: (708 sec)
exp015-n1024-k08-d180-bs60-f1.750-r06:067908.238: Loop 96/100
exp015-n1024-k08-d180-bs60-f1.750-r06:068594.620: log(exp-norms): [1023.47, 1025.43, 1026.94]
exp015-n1024-k08-d180-bs60-f1.750-r06:068594.620: log(norms):     [1023.47, 1026.22, 1028.08, 1028.1, 1028.21, 1028.24, 1028.11, 1028.3, 1028.16, 1028.25]
exp015-n1024-k08-d180-bs60-f1.750-r06:068594.639: (687 sec)
exp015-n1024-k08-d180-bs60-f1.750-r06:068594.639: Loop 97/100
exp015-n1024-k08-d180-bs60-f1.750-r06:069284.413: log(exp-norms): [1023.47, 1025.43, 1026.94]
exp015-n1024-k08-d180-bs60-f1.750-r06:069284.414: log(norms):     [1023.47, 1026.22, 1028.08, 1028.1, 1028.21, 1028.24, 1028.11, 1028.3, 1028.16, 1028.25]
exp015-n1024-k08-d180-bs60-f1.750-r06:069284.433: (690 sec)
exp015-n1024-k08-d180-bs60-f1.750-r06:069284.434: Loop 98/100
exp015-n1024-k08-d180-bs60-f1.750-r06:069973.024: log(exp-norms): [1023.47, 1025.43, 1026.94]
exp015-n1024-k08-d180-bs60-f1.750-r06:069973.025: log(norms):     [1023.47, 1026.22, 1028.08, 1028.1, 1028.21, 1028.24, 1028.11, 1028.3, 1028.16, 1028.25]
exp015-n1024-k08-d180-bs60-f1.750-r06:069973.043: (689 sec)
exp015-n1024-k08-d180-bs60-f1.750-r06:069973.044: Loop 99/100
exp015-n1024-k08-d180-bs60-f1.750-r06:070635.774: log(exp-norms): [1023.47, 1025.43, 1026.94]
exp015-n1024-k08-d180-bs60-f1.750-r06:070635.774: log(norms):     [1023.47, 1026.22, 1028.08, 1028.1, 1028.21, 1028.24, 1028.11, 1028.3, 1028.16, 1028.25]
exp015-n1024-k08-d180-bs60-f1.750-r06:070635.791: (663 sec)
exp015-n1024-k08-d180-bs60-f1.750-r06:070635.792: Loop 100/100
exp015-n1024-k08-d180-bs60-f1.750-r06:071263.602: log(exp-norms): [1023.47, 1025.43, 1026.94]
exp015-n1024-k08-d180-bs60-f1.750-r06:071263.603: log(norms):     [1023.47, 1026.22, 1028.08, 1028.1, 1028.21, 1028.24, 1028.11, 1028.3, 1028.16, 1028.25]
exp015-n1024-k08-d180-bs60-f1.750-r06:071263.620: (628 sec)
exp015-n1024-k08-d180-bs60-f1.750-r06:071263.620: ==========================Summary===========================
exp015-n1024-k08-d180-bs60-f1.750-r06:071263.620: Total time: 71264sec
exp015-n1024-k08-d180-bs60-f1.750-r06:071263.620: FAIL
exp015-n1024-k08-d180-bs60-f1.750-r06:071263.620: SUMMARY:n:1024:k:8:d:180:bs:60:t:71264:r:False
