exp018-n1024-k08-d180-bs60-f1.732-r01:000000.186: ==========================Instance==========================
exp018-n1024-k08-d180-bs60-f1.732-r01:000000.186: # of equations: 180
exp018-n1024-k08-d180-bs60-f1.732-r01:000000.188: Gap: 2.84
exp018-n1024-k08-d180-bs60-f1.732-r01:000000.192: Tau: 2.47
exp018-n1024-k08-d180-bs60-f1.732-r01:000000.193: ======================BKZ-60 reduction======================
exp018-n1024-k08-d180-bs60-f1.732-r01:000004.661: Expectedly achievable log(norm): 1028.22
exp018-n1024-k08-d180-bs60-f1.732-r01:000009.554: log(exp-norms): [1023.47, 1025.43, 1026.94]
exp018-n1024-k08-d180-bs60-f1.732-r01:000009.554: log(norms):     [1033.92, 1026.22, 1030.94, 1030.94, 1030.94, 1030.94, 1030.94, 1030.94, 1030.94, 1030.94]
exp018-n1024-k08-d180-bs60-f1.732-r01:000009.679: Loop 1/100
exp018-n1024-k08-d180-bs60-f1.732-r01:001360.177: log(exp-norms): [1023.47, 1025.43, 1026.94]
exp018-n1024-k08-d180-bs60-f1.732-r01:001360.178: log(norms):     [1026.22, 1029.97, 1029.98, 1030.01, 1030.06, 1030.04, 1030.08, 1029.93, 1030.04, 1030.19]
exp018-n1024-k08-d180-bs60-f1.732-r01:001360.212: (1351 sec)
exp018-n1024-k08-d180-bs60-f1.732-r01:001360.213: Loop 2/100
exp018-n1024-k08-d180-bs60-f1.732-r01:002378.459: log(exp-norms): [1023.47, 1025.43, 1026.94]
exp018-n1024-k08-d180-bs60-f1.732-r01:002378.460: log(norms):     [1023.47, 1026.22, 1029.35, 1029.37, 1029.47, 1029.46, 1029.48, 1029.5, 1029.48, 1029.53]
exp018-n1024-k08-d180-bs60-f1.732-r01:002378.491: (1019 sec)
exp018-n1024-k08-d180-bs60-f1.732-r01:002378.491: Loop 3/100
exp018-n1024-k08-d180-bs60-f1.732-r01:003291.331: log(exp-norms): [1023.47, 1025.43, 1026.94]
exp018-n1024-k08-d180-bs60-f1.732-r01:003291.332: log(norms):     [1023.47, 1026.22, 1028.94, 1028.96, 1029.0, 1029.04, 1029.07, 1029.12, 1029.03, 1029.11]
exp018-n1024-k08-d180-bs60-f1.732-r01:003291.352: (913 sec)
exp018-n1024-k08-d180-bs60-f1.732-r01:003291.352: Loop 4/100
exp018-n1024-k08-d180-bs60-f1.732-r01:004248.085: log(exp-norms): [1023.47, 1025.43, 1026.94]
exp018-n1024-k08-d180-bs60-f1.732-r01:004248.086: log(norms):     [1023.47, 1026.22, 1028.72, 1028.73, 1028.81, 1028.78, 1028.73, 1028.71, 1028.83, 1028.63]
exp018-n1024-k08-d180-bs60-f1.732-r01:004248.116: (957 sec)
exp018-n1024-k08-d180-bs60-f1.732-r01:004248.117: Loop 5/100
exp018-n1024-k08-d180-bs60-f1.732-r01:005056.554: log(exp-norms): [1023.47, 1025.43, 1026.94]
exp018-n1024-k08-d180-bs60-f1.732-r01:005056.554: log(norms):     [1023.47, 1026.22, 1028.48, 1028.5, 1028.51, 1028.72, 1028.49, 1028.49, 1028.72, 1028.62]
exp018-n1024-k08-d180-bs60-f1.732-r01:005056.583: (809 sec)
exp018-n1024-k08-d180-bs60-f1.732-r01:005056.584: Loop 6/100
exp018-n1024-k08-d180-bs60-f1.732-r01:005855.594: log(exp-norms): [1023.47, 1025.43, 1026.94]
exp018-n1024-k08-d180-bs60-f1.732-r01:005855.595: log(norms):     [1023.47, 1026.22, 1028.43, 1028.43, 1028.58, 1028.49, 1028.5, 1028.58, 1028.45, 1028.57]
exp018-n1024-k08-d180-bs60-f1.732-r01:005855.613: (800 sec)
exp018-n1024-k08-d180-bs60-f1.732-r01:005855.614: Loop 7/100
exp018-n1024-k08-d180-bs60-f1.732-r01:006534.649: log(exp-norms): [1023.47, 1025.43, 1026.94]
exp018-n1024-k08-d180-bs60-f1.732-r01:006534.650: log(norms):     [1023.47, 1026.22, 1028.32, 1028.42, 1028.36, 1028.42, 1028.48, 1028.36, 1028.44, 1028.54]
exp018-n1024-k08-d180-bs60-f1.732-r01:006534.678: (680 sec)
exp018-n1024-k08-d180-bs60-f1.732-r01:006534.678: Loop 8/100
exp018-n1024-k08-d180-bs60-f1.732-r01:007214.752: log(exp-norms): [1023.47, 1025.43, 1026.94]
exp018-n1024-k08-d180-bs60-f1.732-r01:007214.752: log(norms):     [1023.47, 1026.22, 1028.3, 1028.3, 1028.48, 1028.35, 1028.46, 1028.55, 1028.45, 1028.56]
exp018-n1024-k08-d180-bs60-f1.732-r01:007214.770: (681 sec)
exp018-n1024-k08-d180-bs60-f1.732-r01:007214.770: Loop 9/100
exp018-n1024-k08-d180-bs60-f1.732-r01:007855.078: log(exp-norms): [1023.47, 1025.43, 1026.94]
exp018-n1024-k08-d180-bs60-f1.732-r01:007855.078: log(norms):     [1023.47, 1026.22, 1028.3, 1028.33, 1028.3, 1028.48, 1028.48, 1028.42, 1028.43, 1028.47]
exp018-n1024-k08-d180-bs60-f1.732-r01:007855.095: (641 sec)
exp018-n1024-k08-d180-bs60-f1.732-r01:007855.095: Loop 10/100
exp018-n1024-k08-d180-bs60-f1.732-r01:008505.812: log(exp-norms): [1023.47, 1025.43, 1026.94]
exp018-n1024-k08-d180-bs60-f1.732-r01:008505.812: log(norms):     [1023.47, 1026.22, 1028.24, 1028.27, 1028.3, 1028.31, 1028.39, 1028.36, 1028.51, 1028.51]
exp018-n1024-k08-d180-bs60-f1.732-r01:008505.831: (651 sec)
exp018-n1024-k08-d180-bs60-f1.732-r01:008505.831: Loop 11/100
exp018-n1024-k08-d180-bs60-f1.732-r01:009167.357: log(exp-norms): [1023.47, 1025.43, 1026.94]
exp018-n1024-k08-d180-bs60-f1.732-r01:009167.357: log(norms):     [1023.47, 1026.22, 1028.24, 1028.27, 1028.33, 1028.27, 1028.35, 1028.4, 1028.51, 1028.4]
exp018-n1024-k08-d180-bs60-f1.732-r01:009167.375: (662 sec)
exp018-n1024-k08-d180-bs60-f1.732-r01:009167.376: Loop 12/100
exp018-n1024-k08-d180-bs60-f1.732-r01:009808.452: log(exp-norms): [1023.47, 1025.43, 1026.94]
exp018-n1024-k08-d180-bs60-f1.732-r01:009808.452: log(norms):     [1023.47, 1026.22, 1028.24, 1028.27, 1028.38, 1028.33, 1028.44, 1028.5, 1028.35, 1028.4]
exp018-n1024-k08-d180-bs60-f1.732-r01:009808.469: (642 sec)
exp018-n1024-k08-d180-bs60-f1.732-r01:009808.470: Loop 13/100
exp018-n1024-k08-d180-bs60-f1.732-r01:010487.385: log(exp-norms): [1023.47, 1025.43, 1026.94]
exp018-n1024-k08-d180-bs60-f1.732-r01:010487.385: log(norms):     [1023.47, 1026.22, 1028.24, 1028.27, 1028.38, 1028.37, 1028.37, 1028.35, 1028.24, 1028.3]
exp018-n1024-k08-d180-bs60-f1.732-r01:010487.403: (679 sec)
exp018-n1024-k08-d180-bs60-f1.732-r01:010487.403: Loop 14/100
exp018-n1024-k08-d180-bs60-f1.732-r01:011129.756: log(exp-norms): [1023.47, 1025.43, 1026.94]
exp018-n1024-k08-d180-bs60-f1.732-r01:011129.757: log(norms):     [1023.47, 1026.22, 1028.24, 1028.24, 1028.27, 1028.38, 1028.26, 1028.37, 1028.46, 1028.41]
exp018-n1024-k08-d180-bs60-f1.732-r01:011129.774: (643 sec)
exp018-n1024-k08-d180-bs60-f1.732-r01:011129.775: Loop 15/100
exp018-n1024-k08-d180-bs60-f1.732-r01:011960.702: log(exp-norms): [1023.47, 1025.43, 1026.94]
exp018-n1024-k08-d180-bs60-f1.732-r01:011960.702: log(norms):     [1023.47, 1026.22, 1028.24, 1028.24, 1028.27, 1028.38, 1028.26, 1028.26, 1028.41, 1028.3]
exp018-n1024-k08-d180-bs60-f1.732-r01:011960.721: (831 sec)
exp018-n1024-k08-d180-bs60-f1.732-r01:011960.722: Loop 16/100
exp018-n1024-k08-d180-bs60-f1.732-r01:012990.259: log(exp-norms): [1023.47, 1025.43, 1026.94]
exp018-n1024-k08-d180-bs60-f1.732-r01:012990.259: log(norms):     [1023.47, 1026.22, 1028.21, 1028.3, 1028.24, 1028.24, 1028.47, 1028.38, 1028.38, 1028.27]
exp018-n1024-k08-d180-bs60-f1.732-r01:012990.280: (1030 sec)
exp018-n1024-k08-d180-bs60-f1.732-r01:012990.280: Loop 17/100
exp018-n1024-k08-d180-bs60-f1.732-r01:013989.998: log(exp-norms): [1023.47, 1025.43, 1026.94]
exp018-n1024-k08-d180-bs60-f1.732-r01:013989.999: log(norms):     [1023.47, 1026.22, 1028.21, 1028.26, 1028.31, 1028.31, 1028.59, 1028.37, 1028.36, 1028.34]
exp018-n1024-k08-d180-bs60-f1.732-r01:013990.017: (1000 sec)
exp018-n1024-k08-d180-bs60-f1.732-r01:013990.018: Loop 18/100
exp018-n1024-k08-d180-bs60-f1.732-r01:015045.765: log(exp-norms): [1023.47, 1025.43, 1026.94]
exp018-n1024-k08-d180-bs60-f1.732-r01:015045.766: log(norms):     [1023.47, 1026.22, 1028.21, 1028.26, 1028.31, 1028.31, 1028.59, 1028.38, 1028.43, 1028.51]
exp018-n1024-k08-d180-bs60-f1.732-r01:015045.795: (1056 sec)
exp018-n1024-k08-d180-bs60-f1.732-r01:015045.796: Loop 19/100
exp018-n1024-k08-d180-bs60-f1.732-r01:016038.462: log(exp-norms): [1023.47, 1025.43, 1026.94]
exp018-n1024-k08-d180-bs60-f1.732-r01:016038.462: log(norms):     [1023.47, 1026.22, 1028.21, 1028.26, 1028.31, 1028.36, 1028.33, 1028.41, 1028.39, 1028.47]
exp018-n1024-k08-d180-bs60-f1.732-r01:016038.492: (993 sec)
exp018-n1024-k08-d180-bs60-f1.732-r01:016038.492: Loop 20/100
exp018-n1024-k08-d180-bs60-f1.732-r01:017007.086: log(exp-norms): [1023.47, 1025.43, 1026.94]
exp018-n1024-k08-d180-bs60-f1.732-r01:017007.087: log(norms):     [1023.47, 1026.22, 1028.21, 1028.26, 1028.31, 1028.36, 1028.33, 1028.41, 1028.32, 1028.35]
exp018-n1024-k08-d180-bs60-f1.732-r01:017007.116: (969 sec)
exp018-n1024-k08-d180-bs60-f1.732-r01:017007.117: Loop 21/100
exp018-n1024-k08-d180-bs60-f1.732-r01:017999.302: log(exp-norms): [1023.47, 1025.43, 1026.94]
exp018-n1024-k08-d180-bs60-f1.732-r01:017999.303: log(norms):     [1023.47, 1026.22, 1028.21, 1028.26, 1028.31, 1028.31, 1028.36, 1028.33, 1028.32, 1028.38]
exp018-n1024-k08-d180-bs60-f1.732-r01:017999.332: (993 sec)
exp018-n1024-k08-d180-bs60-f1.732-r01:017999.332: Loop 22/100
exp018-n1024-k08-d180-bs60-f1.732-r01:018938.719: log(exp-norms): [1023.47, 1025.43, 1026.94]
exp018-n1024-k08-d180-bs60-f1.732-r01:018938.719: log(norms):     [1023.47, 1026.22, 1028.21, 1028.26, 1028.31, 1028.31, 1028.36, 1028.33, 1028.19, 1028.32]
exp018-n1024-k08-d180-bs60-f1.732-r01:018938.738: (940 sec)
exp018-n1024-k08-d180-bs60-f1.732-r01:018938.738: Loop 23/100
exp018-n1024-k08-d180-bs60-f1.732-r01:019899.341: log(exp-norms): [1023.47, 1025.43, 1026.94]
exp018-n1024-k08-d180-bs60-f1.732-r01:019899.342: log(norms):     [1023.47, 1026.22, 1028.19, 1028.21, 1028.26, 1028.31, 1028.33, 1028.36, 1028.39, 1028.47]
exp018-n1024-k08-d180-bs60-f1.732-r01:019899.372: (961 sec)
exp018-n1024-k08-d180-bs60-f1.732-r01:019899.373: Loop 24/100
exp018-n1024-k08-d180-bs60-f1.732-r01:020847.754: log(exp-norms): [1023.47, 1025.43, 1026.94]
exp018-n1024-k08-d180-bs60-f1.732-r01:020847.754: log(norms):     [1023.47, 1026.22, 1028.19, 1028.21, 1028.36, 1028.26, 1028.33, 1028.31, 1028.47, 1028.36]
exp018-n1024-k08-d180-bs60-f1.732-r01:020847.783: (949 sec)
exp018-n1024-k08-d180-bs60-f1.732-r01:020847.783: Loop 25/100
exp018-n1024-k08-d180-bs60-f1.732-r01:021719.426: log(exp-norms): [1023.47, 1025.43, 1026.94]
exp018-n1024-k08-d180-bs60-f1.732-r01:021719.427: log(norms):     [1023.47, 1026.22, 1028.19, 1028.21, 1028.36, 1028.26, 1028.33, 1028.31, 1028.47, 1028.36]
exp018-n1024-k08-d180-bs60-f1.732-r01:021719.455: (872 sec)
exp018-n1024-k08-d180-bs60-f1.732-r01:021719.456: Loop 26/100
exp018-n1024-k08-d180-bs60-f1.732-r01:022402.473: log(exp-norms): [1023.47, 1025.43, 1026.94]
exp018-n1024-k08-d180-bs60-f1.732-r01:022402.473: log(norms):     [1023.47, 1026.22, 1028.19, 1028.21, 1028.36, 1028.26, 1028.33, 1028.31, 1028.47, 1028.36]
exp018-n1024-k08-d180-bs60-f1.732-r01:022402.492: (684 sec)
exp018-n1024-k08-d180-bs60-f1.732-r01:022402.492: Loop 27/100
exp018-n1024-k08-d180-bs60-f1.732-r01:023058.855: log(exp-norms): [1023.47, 1025.43, 1026.94]
exp018-n1024-k08-d180-bs60-f1.732-r01:023058.855: log(norms):     [1023.47, 1026.22, 1028.19, 1028.3, 1028.29, 1028.33, 1028.21, 1028.47, 1028.33, 1028.26]
exp018-n1024-k08-d180-bs60-f1.732-r01:023058.874: (657 sec)
exp018-n1024-k08-d180-bs60-f1.732-r01:023058.874: Loop 28/100
exp018-n1024-k08-d180-bs60-f1.732-r01:023877.675: log(exp-norms): [1023.47, 1025.43, 1026.94]
exp018-n1024-k08-d180-bs60-f1.732-r01:023877.676: log(norms):     [1023.47, 1026.22, 1028.19, 1028.3, 1028.29, 1028.33, 1028.21, 1028.47, 1028.33, 1028.26]
exp018-n1024-k08-d180-bs60-f1.732-r01:023877.694: (819 sec)
exp018-n1024-k08-d180-bs60-f1.732-r01:023877.694: Loop 29/100
exp018-n1024-k08-d180-bs60-f1.732-r01:024622.232: log(exp-norms): [1023.47, 1025.43, 1026.94]
exp018-n1024-k08-d180-bs60-f1.732-r01:024622.233: log(norms):     [1023.47, 1026.22, 1028.16, 1028.19, 1028.3, 1028.29, 1028.33, 1028.21, 1028.47, 1028.47]
exp018-n1024-k08-d180-bs60-f1.732-r01:024622.251: (745 sec)
exp018-n1024-k08-d180-bs60-f1.732-r01:024622.251: Loop 30/100
exp018-n1024-k08-d180-bs60-f1.732-r01:025296.240: log(exp-norms): [1023.47, 1025.43, 1026.94]
exp018-n1024-k08-d180-bs60-f1.732-r01:025296.240: log(norms):     [1023.47, 1026.22, 1028.16, 1028.19, 1028.3, 1028.41, 1028.29, 1028.34, 1028.33, 1028.21]
exp018-n1024-k08-d180-bs60-f1.732-r01:025296.259: (675 sec)
exp018-n1024-k08-d180-bs60-f1.732-r01:025296.259: Loop 31/100
exp018-n1024-k08-d180-bs60-f1.732-r01:025954.162: log(exp-norms): [1023.47, 1025.43, 1026.94]
exp018-n1024-k08-d180-bs60-f1.732-r01:025954.162: log(norms):     [1023.47, 1026.22, 1028.16, 1028.19, 1028.3, 1028.41, 1028.24, 1028.27, 1028.47, 1028.21]
exp018-n1024-k08-d180-bs60-f1.732-r01:025954.181: (658 sec)
exp018-n1024-k08-d180-bs60-f1.732-r01:025954.181: Loop 32/100
exp018-n1024-k08-d180-bs60-f1.732-r01:026634.300: log(exp-norms): [1023.47, 1025.43, 1026.94]
exp018-n1024-k08-d180-bs60-f1.732-r01:026634.301: log(norms):     [1023.47, 1026.22, 1028.16, 1028.19, 1028.3, 1028.41, 1028.33, 1028.28, 1028.27, 1028.21]
exp018-n1024-k08-d180-bs60-f1.732-r01:026634.319: (681 sec)
exp018-n1024-k08-d180-bs60-f1.732-r01:026634.319: Loop 33/100
exp018-n1024-k08-d180-bs60-f1.732-r01:027303.811: log(exp-norms): [1023.47, 1025.43, 1026.94]
exp018-n1024-k08-d180-bs60-f1.732-r01:027303.812: log(norms):     [1023.47, 1026.22, 1028.16, 1028.19, 1028.3, 1028.41, 1028.33, 1028.28, 1028.27, 1028.21]
exp018-n1024-k08-d180-bs60-f1.732-r01:027303.830: (670 sec)
exp018-n1024-k08-d180-bs60-f1.732-r01:027303.830: Loop 34/100
exp018-n1024-k08-d180-bs60-f1.732-r01:027981.517: log(exp-norms): [1023.47, 1025.43, 1026.94]
exp018-n1024-k08-d180-bs60-f1.732-r01:027981.518: log(norms):     [1023.47, 1026.22, 1028.16, 1028.19, 1028.3, 1028.41, 1028.33, 1028.28, 1028.27, 1028.21]
exp018-n1024-k08-d180-bs60-f1.732-r01:027981.536: (678 sec)
exp018-n1024-k08-d180-bs60-f1.732-r01:027981.536: Loop 35/100
exp018-n1024-k08-d180-bs60-f1.732-r01:028649.656: log(exp-norms): [1023.47, 1025.43, 1026.94]
exp018-n1024-k08-d180-bs60-f1.732-r01:028649.656: log(norms):     [1023.47, 1026.22, 1028.16, 1028.18, 1028.19, 1028.3, 1028.41, 1028.33, 1028.28, 1028.43]
exp018-n1024-k08-d180-bs60-f1.732-r01:028649.676: (669 sec)
exp018-n1024-k08-d180-bs60-f1.732-r01:028649.676: Loop 36/100
exp018-n1024-k08-d180-bs60-f1.732-r01:029276.558: log(exp-norms): [1023.47, 1025.43, 1026.94]
exp018-n1024-k08-d180-bs60-f1.732-r01:029276.558: log(norms):     [1023.47, 1026.22, 1028.16, 1028.18, 1028.25, 1028.3, 1028.41, 1028.3, 1028.19, 1028.28]
exp018-n1024-k08-d180-bs60-f1.732-r01:029276.576: (627 sec)
exp018-n1024-k08-d180-bs60-f1.732-r01:029276.577: Loop 37/100
exp018-n1024-k08-d180-bs60-f1.732-r01:029942.743: log(exp-norms): [1023.47, 1025.43, 1026.94]
exp018-n1024-k08-d180-bs60-f1.732-r01:029942.743: log(norms):     [1023.47, 1026.22, 1028.16, 1028.18, 1028.25, 1028.3, 1028.41, 1028.3, 1028.19, 1028.28]
exp018-n1024-k08-d180-bs60-f1.732-r01:029942.762: (667 sec)
exp018-n1024-k08-d180-bs60-f1.732-r01:029942.762: Loop 38/100
exp018-n1024-k08-d180-bs60-f1.732-r01:030580.131: log(exp-norms): [1023.47, 1025.43, 1026.94]
exp018-n1024-k08-d180-bs60-f1.732-r01:030580.131: log(norms):     [1023.47, 1026.22, 1028.16, 1028.18, 1028.25, 1028.3, 1028.41, 1028.3, 1028.19, 1028.28]
exp018-n1024-k08-d180-bs60-f1.732-r01:030580.150: (638 sec)
exp018-n1024-k08-d180-bs60-f1.732-r01:030580.151: Loop 39/100
exp018-n1024-k08-d180-bs60-f1.732-r01:031211.619: log(exp-norms): [1023.47, 1025.43, 1026.94]
exp018-n1024-k08-d180-bs60-f1.732-r01:031211.619: log(norms):     [1023.47, 1026.22, 1028.16, 1028.18, 1028.25, 1028.3, 1028.41, 1028.3, 1028.19, 1028.28]
exp018-n1024-k08-d180-bs60-f1.732-r01:031211.648: (632 sec)
exp018-n1024-k08-d180-bs60-f1.732-r01:031211.649: Loop 40/100
exp018-n1024-k08-d180-bs60-f1.732-r01:031864.602: log(exp-norms): [1023.47, 1025.43, 1026.94]
exp018-n1024-k08-d180-bs60-f1.732-r01:031864.603: log(norms):     [1023.47, 1026.22, 1028.16, 1028.17, 1028.18, 1028.25, 1028.3, 1028.32, 1028.33, 1028.3]
exp018-n1024-k08-d180-bs60-f1.732-r01:031864.621: (653 sec)
exp018-n1024-k08-d180-bs60-f1.732-r01:031864.621: Loop 41/100
exp018-n1024-k08-d180-bs60-f1.732-r01:032542.262: log(exp-norms): [1023.47, 1025.43, 1026.94]
exp018-n1024-k08-d180-bs60-f1.732-r01:032542.262: log(norms):     [1023.47, 1026.22, 1028.16, 1028.17, 1028.18, 1028.25, 1028.3, 1028.32, 1028.33, 1028.42]
exp018-n1024-k08-d180-bs60-f1.732-r01:032542.281: (678 sec)
exp018-n1024-k08-d180-bs60-f1.732-r01:032542.281: Loop 42/100
exp018-n1024-k08-d180-bs60-f1.732-r01:033172.919: log(exp-norms): [1023.47, 1025.43, 1026.94]
exp018-n1024-k08-d180-bs60-f1.732-r01:033172.920: log(norms):     [1023.47, 1026.22, 1028.16, 1028.17, 1028.18, 1028.25, 1028.3, 1028.32, 1028.33, 1028.42]
exp018-n1024-k08-d180-bs60-f1.732-r01:033172.938: (631 sec)
exp018-n1024-k08-d180-bs60-f1.732-r01:033172.939: Loop 43/100
exp018-n1024-k08-d180-bs60-f1.732-r01:033819.406: log(exp-norms): [1023.47, 1025.43, 1026.94]
exp018-n1024-k08-d180-bs60-f1.732-r01:033819.407: log(norms):     [1023.47, 1026.22, 1028.16, 1028.17, 1028.18, 1028.25, 1028.3, 1028.32, 1028.33, 1028.42]
exp018-n1024-k08-d180-bs60-f1.732-r01:033819.425: (647 sec)
exp018-n1024-k08-d180-bs60-f1.732-r01:033819.425: Loop 44/100
exp018-n1024-k08-d180-bs60-f1.732-r01:034485.058: log(exp-norms): [1023.47, 1025.43, 1026.94]
exp018-n1024-k08-d180-bs60-f1.732-r01:034485.058: log(norms):     [1023.47, 1026.22, 1028.16, 1028.17, 1028.18, 1028.25, 1028.3, 1028.32, 1028.33, 1028.42]
exp018-n1024-k08-d180-bs60-f1.732-r01:034485.076: (666 sec)
exp018-n1024-k08-d180-bs60-f1.732-r01:034485.077: Loop 45/100
exp018-n1024-k08-d180-bs60-f1.732-r01:035136.258: log(exp-norms): [1023.47, 1025.43, 1026.94]
exp018-n1024-k08-d180-bs60-f1.732-r01:035136.259: log(norms):     [1023.47, 1026.22, 1028.16, 1028.17, 1028.32, 1028.3, 1028.25, 1028.53, 1028.34, 1028.38]
exp018-n1024-k08-d180-bs60-f1.732-r01:035136.277: (652 sec)
exp018-n1024-k08-d180-bs60-f1.732-r01:035136.277: Loop 46/100
exp018-n1024-k08-d180-bs60-f1.732-r01:035782.857: log(exp-norms): [1023.47, 1025.43, 1026.94]
exp018-n1024-k08-d180-bs60-f1.732-r01:035782.857: log(norms):     [1023.47, 1026.22, 1028.16, 1028.17, 1028.32, 1028.37, 1028.3, 1028.53, 1028.25, 1028.34]
exp018-n1024-k08-d180-bs60-f1.732-r01:035782.875: (647 sec)
exp018-n1024-k08-d180-bs60-f1.732-r01:035782.876: Loop 47/100
exp018-n1024-k08-d180-bs60-f1.732-r01:036458.526: log(exp-norms): [1023.47, 1025.43, 1026.94]
exp018-n1024-k08-d180-bs60-f1.732-r01:036458.527: log(norms):     [1023.47, 1026.22, 1028.16, 1028.17, 1028.32, 1028.37, 1028.3, 1028.36, 1028.32, 1028.47]
exp018-n1024-k08-d180-bs60-f1.732-r01:036458.545: (676 sec)
exp018-n1024-k08-d180-bs60-f1.732-r01:036458.545: Loop 48/100
exp018-n1024-k08-d180-bs60-f1.732-r01:037145.930: log(exp-norms): [1023.47, 1025.43, 1026.94]
exp018-n1024-k08-d180-bs60-f1.732-r01:037145.930: log(norms):     [1023.47, 1026.22, 1028.16, 1028.17, 1028.32, 1028.37, 1028.3, 1028.36, 1028.33, 1028.49]
exp018-n1024-k08-d180-bs60-f1.732-r01:037145.949: (688 sec)
exp018-n1024-k08-d180-bs60-f1.732-r01:037145.950: Loop 49/100
exp018-n1024-k08-d180-bs60-f1.732-r01:037813.155: log(exp-norms): [1023.47, 1025.43, 1026.94]
exp018-n1024-k08-d180-bs60-f1.732-r01:037813.155: log(norms):     [1023.47, 1026.22, 1028.16, 1028.17, 1028.32, 1028.37, 1028.3, 1028.36, 1028.33, 1028.49]
exp018-n1024-k08-d180-bs60-f1.732-r01:037813.173: (668 sec)
exp018-n1024-k08-d180-bs60-f1.732-r01:037813.174: Loop 50/100
exp018-n1024-k08-d180-bs60-f1.732-r01:038482.708: log(exp-norms): [1023.47, 1025.43, 1026.94]
exp018-n1024-k08-d180-bs60-f1.732-r01:038482.708: log(norms):     [1023.47, 1026.22, 1028.16, 1028.17, 1028.32, 1028.37, 1028.3, 1028.4, 1028.36, 1028.33]
exp018-n1024-k08-d180-bs60-f1.732-r01:038482.727: (670 sec)
exp018-n1024-k08-d180-bs60-f1.732-r01:038482.727: Loop 51/100
exp018-n1024-k08-d180-bs60-f1.732-r01:039177.248: log(exp-norms): [1023.47, 1025.43, 1026.94]
exp018-n1024-k08-d180-bs60-f1.732-r01:039177.248: log(norms):     [1023.47, 1026.22, 1028.16, 1028.17, 1028.21, 1028.32, 1028.37, 1028.3, 1028.26, 1028.4]
exp018-n1024-k08-d180-bs60-f1.732-r01:039177.267: (695 sec)
exp018-n1024-k08-d180-bs60-f1.732-r01:039177.268: Loop 52/100
exp018-n1024-k08-d180-bs60-f1.732-r01:039812.058: log(exp-norms): [1023.47, 1025.43, 1026.94]
exp018-n1024-k08-d180-bs60-f1.732-r01:039812.058: log(norms):     [1023.47, 1026.22, 1028.16, 1028.17, 1028.21, 1028.32, 1028.37, 1028.3, 1028.26, 1028.4]
exp018-n1024-k08-d180-bs60-f1.732-r01:039812.077: (635 sec)
exp018-n1024-k08-d180-bs60-f1.732-r01:039812.077: Loop 53/100
exp018-n1024-k08-d180-bs60-f1.732-r01:040491.993: log(exp-norms): [1023.47, 1025.43, 1026.94]
exp018-n1024-k08-d180-bs60-f1.732-r01:040491.994: log(norms):     [1023.47, 1026.22, 1028.16, 1028.17, 1028.21, 1028.32, 1028.37, 1028.3, 1028.26, 1028.4]
exp018-n1024-k08-d180-bs60-f1.732-r01:040492.012: (680 sec)
exp018-n1024-k08-d180-bs60-f1.732-r01:040492.013: Loop 54/100
exp018-n1024-k08-d180-bs60-f1.732-r01:041137.371: log(exp-norms): [1023.47, 1025.43, 1026.94]
exp018-n1024-k08-d180-bs60-f1.732-r01:041137.372: log(norms):     [1023.47, 1026.22, 1028.16, 1028.17, 1028.21, 1028.32, 1028.37, 1028.3, 1028.26, 1028.43]
exp018-n1024-k08-d180-bs60-f1.732-r01:041137.390: (646 sec)
exp018-n1024-k08-d180-bs60-f1.732-r01:041137.390: Loop 55/100
exp018-n1024-k08-d180-bs60-f1.732-r01:041806.134: log(exp-norms): [1023.47, 1025.43, 1026.94]
exp018-n1024-k08-d180-bs60-f1.732-r01:041806.135: log(norms):     [1023.47, 1026.22, 1028.16, 1028.17, 1028.21, 1028.32, 1028.37, 1028.3, 1028.26, 1028.43]
exp018-n1024-k08-d180-bs60-f1.732-r01:041806.153: (669 sec)
exp018-n1024-k08-d180-bs60-f1.732-r01:041806.154: Loop 56/100
exp018-n1024-k08-d180-bs60-f1.732-r01:042468.051: log(exp-norms): [1023.47, 1025.43, 1026.94]
exp018-n1024-k08-d180-bs60-f1.732-r01:042468.052: log(norms):     [1023.47, 1026.22, 1028.16, 1028.17, 1028.21, 1028.32, 1028.37, 1028.3, 1028.26, 1028.43]
exp018-n1024-k08-d180-bs60-f1.732-r01:042468.070: (662 sec)
exp018-n1024-k08-d180-bs60-f1.732-r01:042468.070: Loop 57/100
exp018-n1024-k08-d180-bs60-f1.732-r01:043139.647: log(exp-norms): [1023.47, 1025.43, 1026.94]
exp018-n1024-k08-d180-bs60-f1.732-r01:043139.647: log(norms):     [1023.47, 1026.22, 1028.16, 1028.17, 1028.21, 1028.32, 1028.37, 1028.3, 1028.26, 1028.43]
exp018-n1024-k08-d180-bs60-f1.732-r01:043139.666: (672 sec)
exp018-n1024-k08-d180-bs60-f1.732-r01:043139.666: Loop 58/100
exp018-n1024-k08-d180-bs60-f1.732-r01:043806.982: log(exp-norms): [1023.47, 1025.43, 1026.94]
exp018-n1024-k08-d180-bs60-f1.732-r01:043806.983: log(norms):     [1023.47, 1026.22, 1028.16, 1028.17, 1028.18, 1028.21, 1028.32, 1028.37, 1028.3, 1028.26]
exp018-n1024-k08-d180-bs60-f1.732-r01:043807.001: (668 sec)
exp018-n1024-k08-d180-bs60-f1.732-r01:043807.001: Loop 59/100
exp018-n1024-k08-d180-bs60-f1.732-r01:044484.358: log(exp-norms): [1023.47, 1025.43, 1026.94]
exp018-n1024-k08-d180-bs60-f1.732-r01:044484.359: log(norms):     [1023.47, 1026.22, 1028.16, 1028.17, 1028.18, 1028.21, 1028.32, 1028.37, 1028.3, 1028.48]
exp018-n1024-k08-d180-bs60-f1.732-r01:044484.377: (678 sec)
exp018-n1024-k08-d180-bs60-f1.732-r01:044484.377: Loop 60/100
exp018-n1024-k08-d180-bs60-f1.732-r01:045162.701: log(exp-norms): [1023.47, 1025.43, 1026.94]
exp018-n1024-k08-d180-bs60-f1.732-r01:045162.701: log(norms):     [1023.47, 1026.22, 1028.16, 1028.17, 1028.18, 1028.21, 1028.32, 1028.37, 1028.3, 1028.47]
exp018-n1024-k08-d180-bs60-f1.732-r01:045162.719: (679 sec)
exp018-n1024-k08-d180-bs60-f1.732-r01:045162.720: Loop 61/100
exp018-n1024-k08-d180-bs60-f1.732-r01:045803.323: log(exp-norms): [1023.47, 1025.43, 1026.94]
exp018-n1024-k08-d180-bs60-f1.732-r01:045803.323: log(norms):     [1023.47, 1026.22, 1028.16, 1028.17, 1028.18, 1028.21, 1028.32, 1028.37, 1028.3, 1028.47]
exp018-n1024-k08-d180-bs60-f1.732-r01:045803.341: (641 sec)
exp018-n1024-k08-d180-bs60-f1.732-r01:045803.342: Loop 62/100
exp018-n1024-k08-d180-bs60-f1.732-r01:046500.038: log(exp-norms): [1023.47, 1025.43, 1026.94]
exp018-n1024-k08-d180-bs60-f1.732-r01:046500.039: log(norms):     [1023.47, 1026.22, 1028.16, 1028.17, 1028.18, 1028.21, 1028.32, 1028.37, 1028.3, 1028.47]
exp018-n1024-k08-d180-bs60-f1.732-r01:046500.057: (697 sec)
exp018-n1024-k08-d180-bs60-f1.732-r01:046500.057: Loop 63/100
exp018-n1024-k08-d180-bs60-f1.732-r01:047167.432: log(exp-norms): [1023.47, 1025.43, 1026.94]
exp018-n1024-k08-d180-bs60-f1.732-r01:047167.432: log(norms):     [1023.47, 1026.22, 1028.16, 1028.17, 1028.18, 1028.21, 1028.32, 1028.37, 1028.3, 1028.47]
exp018-n1024-k08-d180-bs60-f1.732-r01:047167.451: (668 sec)
exp018-n1024-k08-d180-bs60-f1.732-r01:047167.451: Loop 64/100
exp018-n1024-k08-d180-bs60-f1.732-r01:047864.971: log(exp-norms): [1023.47, 1025.43, 1026.94]
exp018-n1024-k08-d180-bs60-f1.732-r01:047864.971: log(norms):     [1023.47, 1026.22, 1028.16, 1028.17, 1028.18, 1028.21, 1028.32, 1028.37, 1028.3, 1028.47]
exp018-n1024-k08-d180-bs60-f1.732-r01:047864.991: (698 sec)
exp018-n1024-k08-d180-bs60-f1.732-r01:047864.992: Loop 65/100
exp018-n1024-k08-d180-bs60-f1.732-r01:048594.227: log(exp-norms): [1023.47, 1025.43, 1026.94]
exp018-n1024-k08-d180-bs60-f1.732-r01:048594.227: log(norms):     [1023.47, 1026.22, 1028.16, 1028.17, 1028.18, 1028.21, 1028.32, 1028.37, 1028.3, 1028.47]
exp018-n1024-k08-d180-bs60-f1.732-r01:048594.246: (730 sec)
exp018-n1024-k08-d180-bs60-f1.732-r01:048594.246: Loop 66/100
exp018-n1024-k08-d180-bs60-f1.732-r01:049292.897: log(exp-norms): [1023.47, 1025.43, 1026.94]
exp018-n1024-k08-d180-bs60-f1.732-r01:049292.898: log(norms):     [1023.47, 1026.22, 1028.16, 1028.17, 1028.18, 1028.21, 1028.32, 1028.37, 1028.3, 1028.47]
exp018-n1024-k08-d180-bs60-f1.732-r01:049292.917: (699 sec)
exp018-n1024-k08-d180-bs60-f1.732-r01:049292.917: Loop 67/100
exp018-n1024-k08-d180-bs60-f1.732-r01:050019.683: log(exp-norms): [1023.47, 1025.43, 1026.94]
exp018-n1024-k08-d180-bs60-f1.732-r01:050019.684: log(norms):     [1023.47, 1026.22, 1028.16, 1028.17, 1028.18, 1028.21, 1028.32, 1028.37, 1028.3, 1028.47]
exp018-n1024-k08-d180-bs60-f1.732-r01:050019.703: (727 sec)
exp018-n1024-k08-d180-bs60-f1.732-r01:050019.704: Loop 68/100
exp018-n1024-k08-d180-bs60-f1.732-r01:050688.769: log(exp-norms): [1023.47, 1025.43, 1026.94]
exp018-n1024-k08-d180-bs60-f1.732-r01:050688.770: log(norms):     [1023.47, 1026.22, 1028.16, 1028.17, 1028.18, 1028.21, 1028.32, 1028.37, 1028.3, 1028.47]
exp018-n1024-k08-d180-bs60-f1.732-r01:050688.798: (670 sec)
exp018-n1024-k08-d180-bs60-f1.732-r01:050688.799: Loop 69/100
exp018-n1024-k08-d180-bs60-f1.732-r01:051333.182: log(exp-norms): [1023.47, 1025.43, 1026.94]
exp018-n1024-k08-d180-bs60-f1.732-r01:051333.183: log(norms):     [1023.47, 1026.22, 1028.16, 1028.17, 1028.18, 1028.21, 1028.32, 1028.37, 1028.3, 1028.47]
exp018-n1024-k08-d180-bs60-f1.732-r01:051333.200: (645 sec)
exp018-n1024-k08-d180-bs60-f1.732-r01:051333.200: Loop 70/100
exp018-n1024-k08-d180-bs60-f1.732-r01:052015.639: log(exp-norms): [1023.47, 1025.43, 1026.94]
exp018-n1024-k08-d180-bs60-f1.732-r01:052015.639: log(norms):     [1023.47, 1026.22, 1028.16, 1028.17, 1028.18, 1028.21, 1028.27, 1028.32, 1028.37, 1028.47]
exp018-n1024-k08-d180-bs60-f1.732-r01:052015.658: (683 sec)
exp018-n1024-k08-d180-bs60-f1.732-r01:052015.658: Loop 71/100
exp018-n1024-k08-d180-bs60-f1.732-r01:052692.068: log(exp-norms): [1023.47, 1025.43, 1026.94]
exp018-n1024-k08-d180-bs60-f1.732-r01:052692.068: log(norms):     [1023.47, 1026.22, 1028.16, 1028.17, 1028.18, 1028.21, 1028.27, 1028.32, 1028.37, 1028.47]
exp018-n1024-k08-d180-bs60-f1.732-r01:052692.085: (677 sec)
exp018-n1024-k08-d180-bs60-f1.732-r01:052692.086: Loop 72/100
exp018-n1024-k08-d180-bs60-f1.732-r01:053356.780: log(exp-norms): [1023.47, 1025.43, 1026.94]
exp018-n1024-k08-d180-bs60-f1.732-r01:053356.780: log(norms):     [1023.47, 1026.22, 1028.16, 1028.17, 1028.18, 1028.21, 1028.27, 1028.32, 1028.37, 1028.47]
exp018-n1024-k08-d180-bs60-f1.732-r01:053356.799: (665 sec)
exp018-n1024-k08-d180-bs60-f1.732-r01:053356.799: Loop 73/100
exp018-n1024-k08-d180-bs60-f1.732-r01:054052.156: log(exp-norms): [1023.47, 1025.43, 1026.94]
exp018-n1024-k08-d180-bs60-f1.732-r01:054052.156: log(norms):     [1023.47, 1026.22, 1028.16, 1028.17, 1028.18, 1028.21, 1028.27, 1028.32, 1028.37, 1028.47]
exp018-n1024-k08-d180-bs60-f1.732-r01:054052.173: (696 sec)
exp018-n1024-k08-d180-bs60-f1.732-r01:054052.174: Loop 74/100
exp018-n1024-k08-d180-bs60-f1.732-r01:054716.991: log(exp-norms): [1023.47, 1025.43, 1026.94]
exp018-n1024-k08-d180-bs60-f1.732-r01:054716.992: log(norms):     [1023.47, 1026.22, 1028.16, 1028.17, 1028.18, 1028.17, 1028.21, 1028.27, 1028.32, 1028.37]
exp018-n1024-k08-d180-bs60-f1.732-r01:054717.015: (665 sec)
exp018-n1024-k08-d180-bs60-f1.732-r01:054717.016: Loop 75/100
exp018-n1024-k08-d180-bs60-f1.732-r01:055379.831: log(exp-norms): [1023.47, 1025.43, 1026.94]
exp018-n1024-k08-d180-bs60-f1.732-r01:055379.832: log(norms):     [1023.47, 1026.22, 1028.13, 1028.17, 1028.16, 1028.17, 1028.18, 1028.21, 1028.27, 1028.32]
exp018-n1024-k08-d180-bs60-f1.732-r01:055379.849: (663 sec)
exp018-n1024-k08-d180-bs60-f1.732-r01:055379.849: Loop 76/100
exp018-n1024-k08-d180-bs60-f1.732-r01:056039.835: log(exp-norms): [1023.47, 1025.43, 1026.94]
exp018-n1024-k08-d180-bs60-f1.732-r01:056039.836: log(norms):     [1023.47, 1026.22, 1028.13, 1028.17, 1028.16, 1028.17, 1028.18, 1028.42, 1028.21, 1028.4]
exp018-n1024-k08-d180-bs60-f1.732-r01:056039.855: (661 sec)
exp018-n1024-k08-d180-bs60-f1.732-r01:056039.855: Loop 77/100
exp018-n1024-k08-d180-bs60-f1.732-r01:056690.039: log(exp-norms): [1023.47, 1025.43, 1026.94]
exp018-n1024-k08-d180-bs60-f1.732-r01:056690.040: log(norms):     [1023.47, 1026.22, 1028.13, 1028.17, 1028.16, 1028.17, 1028.18, 1028.32, 1028.35, 1028.42]
exp018-n1024-k08-d180-bs60-f1.732-r01:056690.057: (651 sec)
exp018-n1024-k08-d180-bs60-f1.732-r01:056690.057: Loop 78/100
exp018-n1024-k08-d180-bs60-f1.732-r01:057326.407: log(exp-norms): [1023.47, 1025.43, 1026.94]
exp018-n1024-k08-d180-bs60-f1.732-r01:057326.407: log(norms):     [1023.47, 1026.22, 1028.13, 1028.17, 1028.16, 1028.17, 1028.18, 1028.32, 1028.35, 1028.49]
exp018-n1024-k08-d180-bs60-f1.732-r01:057326.425: (637 sec)
exp018-n1024-k08-d180-bs60-f1.732-r01:057326.425: Loop 79/100
exp018-n1024-k08-d180-bs60-f1.732-r01:057971.095: log(exp-norms): [1023.47, 1025.43, 1026.94]
exp018-n1024-k08-d180-bs60-f1.732-r01:057971.096: log(norms):     [1023.47, 1026.22, 1028.13, 1028.17, 1028.16, 1028.17, 1028.18, 1028.32, 1028.35, 1028.49]
exp018-n1024-k08-d180-bs60-f1.732-r01:057971.113: (645 sec)
exp018-n1024-k08-d180-bs60-f1.732-r01:057971.114: Loop 80/100
exp018-n1024-k08-d180-bs60-f1.732-r01:058647.875: log(exp-norms): [1023.47, 1025.43, 1026.94]
exp018-n1024-k08-d180-bs60-f1.732-r01:058647.876: log(norms):     [1023.47, 1026.22, 1028.13, 1028.17, 1028.16, 1028.33, 1028.17, 1028.32, 1028.18, 1028.35]
exp018-n1024-k08-d180-bs60-f1.732-r01:058647.893: (677 sec)
exp018-n1024-k08-d180-bs60-f1.732-r01:058647.893: Loop 81/100
exp018-n1024-k08-d180-bs60-f1.732-r01:059307.561: log(exp-norms): [1023.47, 1025.43, 1026.94]
exp018-n1024-k08-d180-bs60-f1.732-r01:059307.561: log(norms):     [1023.47, 1026.22, 1028.13, 1028.17, 1028.16, 1028.33, 1028.17, 1028.32, 1028.18, 1028.35]
exp018-n1024-k08-d180-bs60-f1.732-r01:059307.580: (660 sec)
exp018-n1024-k08-d180-bs60-f1.732-r01:059307.580: Loop 82/100
exp018-n1024-k08-d180-bs60-f1.732-r01:059956.099: log(exp-norms): [1023.47, 1025.43, 1026.94]
exp018-n1024-k08-d180-bs60-f1.732-r01:059956.099: log(norms):     [1023.47, 1026.22, 1028.13, 1028.17, 1028.16, 1028.33, 1028.17, 1028.32, 1028.18, 1028.35]
exp018-n1024-k08-d180-bs60-f1.732-r01:059956.117: (649 sec)
exp018-n1024-k08-d180-bs60-f1.732-r01:059956.117: Loop 83/100
exp018-n1024-k08-d180-bs60-f1.732-r01:060622.520: log(exp-norms): [1023.47, 1025.43, 1026.94]
exp018-n1024-k08-d180-bs60-f1.732-r01:060622.520: log(norms):     [1023.47, 1026.22, 1028.13, 1028.17, 1028.16, 1028.33, 1028.17, 1028.32, 1028.18, 1028.35]
exp018-n1024-k08-d180-bs60-f1.732-r01:060622.539: (667 sec)
exp018-n1024-k08-d180-bs60-f1.732-r01:060622.539: Loop 84/100
exp018-n1024-k08-d180-bs60-f1.732-r01:061296.088: log(exp-norms): [1023.47, 1025.43, 1026.94]
exp018-n1024-k08-d180-bs60-f1.732-r01:061296.089: log(norms):     [1023.47, 1026.22, 1028.13, 1028.17, 1028.16, 1028.33, 1028.17, 1028.32, 1028.18, 1028.35]
exp018-n1024-k08-d180-bs60-f1.732-r01:061296.107: (674 sec)
exp018-n1024-k08-d180-bs60-f1.732-r01:061296.107: Loop 85/100
exp018-n1024-k08-d180-bs60-f1.732-r01:061928.434: log(exp-norms): [1023.47, 1025.43, 1026.94]
exp018-n1024-k08-d180-bs60-f1.732-r01:061928.434: log(norms):     [1023.47, 1026.22, 1028.13, 1028.17, 1028.16, 1028.33, 1028.17, 1028.32, 1028.18, 1028.35]
exp018-n1024-k08-d180-bs60-f1.732-r01:061928.452: (633 sec)
exp018-n1024-k08-d180-bs60-f1.732-r01:061928.453: Loop 86/100
exp018-n1024-k08-d180-bs60-f1.732-r01:062583.518: log(exp-norms): [1023.47, 1025.43, 1026.94]
exp018-n1024-k08-d180-bs60-f1.732-r01:062583.518: log(norms):     [1023.47, 1026.22, 1028.13, 1028.17, 1028.16, 1028.33, 1028.17, 1028.32, 1028.18, 1028.35]
exp018-n1024-k08-d180-bs60-f1.732-r01:062583.535: (656 sec)
exp018-n1024-k08-d180-bs60-f1.732-r01:062583.536: Loop 87/100
exp018-n1024-k08-d180-bs60-f1.732-r01:063221.604: log(exp-norms): [1023.47, 1025.43, 1026.94]
exp018-n1024-k08-d180-bs60-f1.732-r01:063221.604: log(norms):     [1023.47, 1026.22, 1028.13, 1028.17, 1028.16, 1028.33, 1028.17, 1028.32, 1028.18, 1028.35]
exp018-n1024-k08-d180-bs60-f1.732-r01:063221.622: (639 sec)
exp018-n1024-k08-d180-bs60-f1.732-r01:063221.622: Loop 88/100
exp018-n1024-k08-d180-bs60-f1.732-r01:063869.136: log(exp-norms): [1023.47, 1025.43, 1026.94]
exp018-n1024-k08-d180-bs60-f1.732-r01:063869.136: log(norms):     [1023.47, 1026.22, 1028.13, 1028.17, 1028.16, 1028.33, 1028.17, 1028.32, 1028.18, 1028.35]
exp018-n1024-k08-d180-bs60-f1.732-r01:063869.155: (648 sec)
exp018-n1024-k08-d180-bs60-f1.732-r01:063869.155: Loop 89/100
exp018-n1024-k08-d180-bs60-f1.732-r01:064546.449: log(exp-norms): [1023.47, 1025.43, 1026.94]
exp018-n1024-k08-d180-bs60-f1.732-r01:064546.450: log(norms):     [1023.47, 1026.22, 1028.13, 1028.17, 1028.16, 1028.33, 1028.17, 1028.32, 1028.18, 1028.35]
exp018-n1024-k08-d180-bs60-f1.732-r01:064546.468: (678 sec)
exp018-n1024-k08-d180-bs60-f1.732-r01:064546.468: Loop 90/100
exp018-n1024-k08-d180-bs60-f1.732-r01:065210.332: log(exp-norms): [1023.47, 1025.43, 1026.94]
exp018-n1024-k08-d180-bs60-f1.732-r01:065210.333: log(norms):     [1023.47, 1026.22, 1028.13, 1028.17, 1028.16, 1028.24, 1028.35, 1028.32, 1028.21, 1028.2]
exp018-n1024-k08-d180-bs60-f1.732-r01:065210.350: (664 sec)
exp018-n1024-k08-d180-bs60-f1.732-r01:065210.350: Loop 91/100
exp018-n1024-k08-d180-bs60-f1.732-r01:065904.977: log(exp-norms): [1023.47, 1025.43, 1026.94]
exp018-n1024-k08-d180-bs60-f1.732-r01:065904.978: log(norms):     [1023.47, 1026.22, 1028.13, 1028.17, 1028.16, 1028.24, 1028.35, 1028.32, 1028.21, 1028.29]
exp018-n1024-k08-d180-bs60-f1.732-r01:065904.995: (695 sec)
exp018-n1024-k08-d180-bs60-f1.732-r01:065904.996: Loop 92/100
exp018-n1024-k08-d180-bs60-f1.732-r01:066545.643: log(exp-norms): [1023.47, 1025.43, 1026.94]
exp018-n1024-k08-d180-bs60-f1.732-r01:066545.643: log(norms):     [1023.47, 1026.22, 1028.13, 1028.17, 1028.16, 1028.24, 1028.35, 1028.32, 1028.26, 1028.21]
exp018-n1024-k08-d180-bs60-f1.732-r01:066545.660: (641 sec)
exp018-n1024-k08-d180-bs60-f1.732-r01:066545.661: Loop 93/100
exp018-n1024-k08-d180-bs60-f1.732-r01:067217.059: log(exp-norms): [1023.47, 1025.43, 1026.94]
exp018-n1024-k08-d180-bs60-f1.732-r01:067217.059: log(norms):     [1023.47, 1026.22, 1028.13, 1028.17, 1028.16, 1028.24, 1028.35, 1028.32, 1028.26, 1028.21]
exp018-n1024-k08-d180-bs60-f1.732-r01:067217.076: (672 sec)
exp018-n1024-k08-d180-bs60-f1.732-r01:067217.077: Loop 94/100
exp018-n1024-k08-d180-bs60-f1.732-r01:067934.947: log(exp-norms): [1023.47, 1025.43, 1026.94]
exp018-n1024-k08-d180-bs60-f1.732-r01:067934.947: log(norms):     [1023.47, 1026.22, 1028.13, 1028.17, 1028.26, 1028.16, 1028.21, 1028.24, 1028.35, 1028.32]
exp018-n1024-k08-d180-bs60-f1.732-r01:067934.966: (718 sec)
exp018-n1024-k08-d180-bs60-f1.732-r01:067934.966: Loop 95/100
exp018-n1024-k08-d180-bs60-f1.732-r01:068628.876: log(exp-norms): [1023.47, 1025.43, 1026.94]
exp018-n1024-k08-d180-bs60-f1.732-r01:068628.877: log(norms):     [1023.47, 1026.22, 1028.13, 1028.17, 1028.26, 1028.16, 1028.21, 1028.29, 1028.35, 1028.24]
exp018-n1024-k08-d180-bs60-f1.732-r01:068628.895: (694 sec)
exp018-n1024-k08-d180-bs60-f1.732-r01:068628.895: Loop 96/100
exp018-n1024-k08-d180-bs60-f1.732-r01:069310.494: log(exp-norms): [1023.47, 1025.43, 1026.94]
exp018-n1024-k08-d180-bs60-f1.732-r01:069310.494: log(norms):     [1023.47, 1026.22, 1028.13, 1028.17, 1028.26, 1028.17, 1028.16, 1028.21, 1028.29, 1028.2]
exp018-n1024-k08-d180-bs60-f1.732-r01:069310.513: (682 sec)
exp018-n1024-k08-d180-bs60-f1.732-r01:069310.513: Loop 97/100
exp018-n1024-k08-d180-bs60-f1.732-r01:069978.715: log(exp-norms): [1023.47, 1025.43, 1026.94]
exp018-n1024-k08-d180-bs60-f1.732-r01:069978.715: log(norms):     [1023.47, 1026.22, 1028.13, 1028.17, 1028.26, 1028.17, 1028.16, 1028.21, 1028.29, 1028.2]
exp018-n1024-k08-d180-bs60-f1.732-r01:069978.734: (669 sec)
exp018-n1024-k08-d180-bs60-f1.732-r01:069978.734: Loop 98/100
exp018-n1024-k08-d180-bs60-f1.732-r01:070624.291: log(exp-norms): [1023.47, 1025.43, 1026.94]
exp018-n1024-k08-d180-bs60-f1.732-r01:070624.291: log(norms):     [1023.47, 1026.22, 1028.13, 1028.17, 1028.26, 1028.17, 1028.16, 1028.21, 1028.29, 1028.2]
exp018-n1024-k08-d180-bs60-f1.732-r01:070624.308: (646 sec)
exp018-n1024-k08-d180-bs60-f1.732-r01:070624.309: Loop 99/100
exp018-n1024-k08-d180-bs60-f1.732-r01:071258.257: log(exp-norms): [1023.47, 1025.43, 1026.94]
exp018-n1024-k08-d180-bs60-f1.732-r01:071258.258: log(norms):     [1023.47, 1026.22, 1028.13, 1028.17, 1028.26, 1028.17, 1028.16, 1028.21, 1028.29, 1028.42]
exp018-n1024-k08-d180-bs60-f1.732-r01:071258.276: (634 sec)
exp018-n1024-k08-d180-bs60-f1.732-r01:071258.276: Loop 100/100
exp018-n1024-k08-d180-bs60-f1.732-r01:071883.073: log(exp-norms): [1023.47, 1025.43, 1026.94]
exp018-n1024-k08-d180-bs60-f1.732-r01:071883.073: log(norms):     [1023.47, 1025.43, 1026.22, 1028.13, 1028.17, 1028.19, 1028.26, 1028.19, 1028.17, 1028.36]
exp018-n1024-k08-d180-bs60-f1.732-r01:071883.090: (625 sec)
exp018-n1024-k08-d180-bs60-f1.732-r01:071883.090: ==========================Summary===========================
exp018-n1024-k08-d180-bs60-f1.732-r01:071883.090: Total time: 71883sec
exp018-n1024-k08-d180-bs60-f1.732-r01:071883.090: SUCCESS
exp018-n1024-k08-d180-bs60-f1.732-r01:071883.091: HNP solution: 102877459799250792326854090176246283928902714295008794401210495853451957450332360389833835914697002769626968958064729899701228197869293238098522849211980830108748219116474573576592369579195186942039575989686384566012462018951333772564017111221060746521375752504393062285465569978124329414276142313387547500583
exp018-n1024-k08-d180-bs60-f1.732-r01:071883.091: Shared secret: 102877459799250792326854090176246283928902714295008794401210495853451957450332360389833835914697002769626968958064729899701228197869293238098522849211980830108748219116474573576592369579195186942039575989686384566012462018951333772564017111221060746521375752504393062285465569978124329414276142313387547500583
exp018-n1024-k08-d180-bs60-f1.732-r01:071883.091: SUMMARY:n:1024:k:8:d:180:bs:60:t:71883:r:True
