exp044-n1036-k08-d180-bs60-f1.732-r03:000000.383: ==========================Instance==========================
exp044-n1036-k08-d180-bs60-f1.732-r03:000000.384: # of equations: 180
exp044-n1036-k08-d180-bs60-f1.732-r03:000000.386: Gap: 3.88
exp044-n1036-k08-d180-bs60-f1.732-r03:000000.390: Tau: 4.61
exp044-n1036-k08-d180-bs60-f1.732-r03:000000.391: ======================BKZ-60 reduction======================
exp044-n1036-k08-d180-bs60-f1.732-r03:000004.785: Expectedly achievable log(norm): 1041.20
exp044-n1036-k08-d180-bs60-f1.732-r03:000009.590: log(exp-norms): [1036.0, 1037.96, 1039.92]
exp044-n1036-k08-d180-bs60-f1.732-r03:000009.590: log(norms):     [1046.85, 1038.75, 1044.0, 1044.0, 1044.0, 1044.0, 1044.0, 1044.0, 1044.0, 1044.0]
exp044-n1036-k08-d180-bs60-f1.732-r03:000009.711: Loop 1/100
exp044-n1036-k08-d180-bs60-f1.732-r03:001255.108: log(exp-norms): [1036.0, 1037.96, 1039.92]
exp044-n1036-k08-d180-bs60-f1.732-r03:001255.108: log(norms):     [1036.0, 1038.75, 1042.78, 1043.04, 1043.12, 1043.21, 1043.05, 1043.06, 1043.35, 1043.17]
exp044-n1036-k08-d180-bs60-f1.732-r03:001255.139: (1246 sec)
exp044-n1036-k08-d180-bs60-f1.732-r03:001255.139: Loop 2/100
exp044-n1036-k08-d180-bs60-f1.732-r03:002157.868: log(exp-norms): [1036.0, 1037.96, 1039.92]
exp044-n1036-k08-d180-bs60-f1.732-r03:002157.868: log(norms):     [1036.0, 1038.75, 1042.42, 1042.49, 1042.51, 1042.57, 1042.59, 1042.59, 1042.66, 1042.52]
exp044-n1036-k08-d180-bs60-f1.732-r03:002157.906: (903 sec)
exp044-n1036-k08-d180-bs60-f1.732-r03:002157.907: Loop 3/100
exp044-n1036-k08-d180-bs60-f1.732-r03:003019.426: log(exp-norms): [1036.0, 1037.96, 1039.92]
exp044-n1036-k08-d180-bs60-f1.732-r03:003019.427: log(norms):     [1036.0, 1038.75, 1041.91, 1042.02, 1041.93, 1042.07, 1042.0, 1041.98, 1042.17, 1042.3]
exp044-n1036-k08-d180-bs60-f1.732-r03:003019.456: (862 sec)
exp044-n1036-k08-d180-bs60-f1.732-r03:003019.457: Loop 4/100
exp044-n1036-k08-d180-bs60-f1.732-r03:003898.371: log(exp-norms): [1036.0, 1037.96, 1039.92]
exp044-n1036-k08-d180-bs60-f1.732-r03:003898.373: log(norms):     [1036.0, 1038.75, 1041.61, 1041.69, 1041.79, 1041.87, 1041.89, 1041.8, 1041.7, 1041.8]
exp044-n1036-k08-d180-bs60-f1.732-r03:003898.391: (879 sec)
exp044-n1036-k08-d180-bs60-f1.732-r03:003898.392: Loop 5/100
exp044-n1036-k08-d180-bs60-f1.732-r03:004683.438: log(exp-norms): [1036.0, 1037.96, 1039.92]
exp044-n1036-k08-d180-bs60-f1.732-r03:004683.438: log(norms):     [1036.0, 1038.75, 1041.47, 1041.48, 1041.7, 1041.63, 1041.67, 1041.7, 1041.49, 1041.63]
exp044-n1036-k08-d180-bs60-f1.732-r03:004683.457: (786 sec)
exp044-n1036-k08-d180-bs60-f1.732-r03:004683.457: Loop 6/100
exp044-n1036-k08-d180-bs60-f1.732-r03:005451.971: log(exp-norms): [1036.0, 1037.96, 1039.92]
exp044-n1036-k08-d180-bs60-f1.732-r03:005451.971: log(norms):     [1036.0, 1038.75, 1041.4, 1041.42, 1041.53, 1041.46, 1041.43, 1041.44, 1041.48, 1041.51]
exp044-n1036-k08-d180-bs60-f1.732-r03:005451.990: (769 sec)
exp044-n1036-k08-d180-bs60-f1.732-r03:005451.990: Loop 7/100
exp044-n1036-k08-d180-bs60-f1.732-r03:006127.758: log(exp-norms): [1036.0, 1037.96, 1039.92]
exp044-n1036-k08-d180-bs60-f1.732-r03:006127.758: log(norms):     [1036.0, 1038.75, 1041.25, 1041.35, 1041.33, 1041.32, 1041.47, 1041.56, 1041.42, 1041.33]
exp044-n1036-k08-d180-bs60-f1.732-r03:006127.778: (676 sec)
exp044-n1036-k08-d180-bs60-f1.732-r03:006127.778: Loop 8/100
exp044-n1036-k08-d180-bs60-f1.732-r03:006804.531: log(exp-norms): [1036.0, 1037.96, 1039.92]
exp044-n1036-k08-d180-bs60-f1.732-r03:006804.531: log(norms):     [1036.0, 1037.94, 1038.75, 1041.25, 1041.27, 1041.25, 1041.32, 1041.34, 1041.55, 1041.34]
exp044-n1036-k08-d180-bs60-f1.732-r03:006804.550: (677 sec)
exp044-n1036-k08-d180-bs60-f1.732-r03:006804.550: ==========================Summary===========================
exp044-n1036-k08-d180-bs60-f1.732-r03:006804.550: Total time: 6805sec
exp044-n1036-k08-d180-bs60-f1.732-r03:006804.550: SUCCESS
exp044-n1036-k08-d180-bs60-f1.732-r03:006804.550: HNP solution: 344904821120746228266612753649068804591071367502649158533317314641723545052879930423966618962280649876901290533765992405726814108695569993850119552576871873088739017613556150730200333913827403444445011808449266653030685522221166861718505740323320546701520317364821808207566390894669481380016192195446482960952076
exp044-n1036-k08-d180-bs60-f1.732-r03:006804.550: Shared secret: 344904821120746228266612753649068804591071367502649158533317314641723545052879930423966618962280649876901290533765992405726814108695569993850119552576871873088739017613556150730200333913827403444445011808449266653030685522221166861718505740323320546701520317364821808207566390894669481380016192195446482960952076
exp044-n1036-k08-d180-bs60-f1.732-r03:006804.550: SUMMARY:n:1036:k:8:d:180:bs:60:t:6805:r:True
