exp011-n1024-k08-d180-bs60-f1.750-r02:000000.199: ==========================Instance==========================
exp011-n1024-k08-d180-bs60-f1.750-r02:000000.200: # of equations: 180
exp011-n1024-k08-d180-bs60-f1.750-r02:000000.202: Gap: 2.84
exp011-n1024-k08-d180-bs60-f1.750-r02:000000.206: Tau: 2.47
exp011-n1024-k08-d180-bs60-f1.750-r02:000000.206: ======================BKZ-60 reduction======================
exp011-n1024-k08-d180-bs60-f1.750-r02:000004.314: Expectedly achievable log(norm): 1028.22
exp011-n1024-k08-d180-bs60-f1.750-r02:000006.838: log(exp-norms): [1023.47, 1025.43, 1026.94]
exp011-n1024-k08-d180-bs60-f1.750-r02:000006.838: log(norms):     [1033.92, 1026.22, 1030.94, 1030.94, 1030.94, 1030.94, 1030.94, 1030.94, 1030.94, 1030.94]
exp011-n1024-k08-d180-bs60-f1.750-r02:000006.904: Loop 1/100
exp011-n1024-k08-d180-bs60-f1.750-r02:001245.384: log(exp-norms): [1023.47, 1025.43, 1026.94]
exp011-n1024-k08-d180-bs60-f1.750-r02:001245.385: log(norms):     [1026.22, 1030.11, 1030.11, 1030.2, 1030.15, 1030.18, 1030.07, 1030.2, 1030.33, 1030.17]
exp011-n1024-k08-d180-bs60-f1.750-r02:001245.418: (1239 sec)
exp011-n1024-k08-d180-bs60-f1.750-r02:001245.418: Loop 2/100
exp011-n1024-k08-d180-bs60-f1.750-r02:002293.792: log(exp-norms): [1023.47, 1025.43, 1026.94]
exp011-n1024-k08-d180-bs60-f1.750-r02:002293.793: log(norms):     [1023.47, 1026.22, 1029.47, 1029.55, 1029.61, 1029.55, 1029.77, 1029.62, 1029.61, 1029.69]
exp011-n1024-k08-d180-bs60-f1.750-r02:002293.822: (1049 sec)
exp011-n1024-k08-d180-bs60-f1.750-r02:002293.823: Loop 3/100
exp011-n1024-k08-d180-bs60-f1.750-r02:003165.645: log(exp-norms): [1023.47, 1025.43, 1026.94]
exp011-n1024-k08-d180-bs60-f1.750-r02:003165.646: log(norms):     [1023.47, 1026.22, 1029.01, 1029.01, 1029.03, 1029.19, 1029.14, 1029.09, 1029.13, 1029.11]
exp011-n1024-k08-d180-bs60-f1.750-r02:003165.667: (872 sec)
exp011-n1024-k08-d180-bs60-f1.750-r02:003165.667: Loop 4/100
exp011-n1024-k08-d180-bs60-f1.750-r02:004011.432: log(exp-norms): [1023.47, 1025.43, 1026.94]
exp011-n1024-k08-d180-bs60-f1.750-r02:004011.433: log(norms):     [1023.47, 1026.22, 1028.62, 1028.69, 1028.76, 1028.61, 1028.76, 1028.88, 1028.9, 1028.86]
exp011-n1024-k08-d180-bs60-f1.750-r02:004011.462: (846 sec)
exp011-n1024-k08-d180-bs60-f1.750-r02:004011.462: Loop 5/100
exp011-n1024-k08-d180-bs60-f1.750-r02:004775.524: log(exp-norms): [1023.47, 1025.43, 1026.94]
exp011-n1024-k08-d180-bs60-f1.750-r02:004775.525: log(norms):     [1023.47, 1026.22, 1028.48, 1028.53, 1028.64, 1028.51, 1028.45, 1028.54, 1028.57, 1028.57]
exp011-n1024-k08-d180-bs60-f1.750-r02:004775.544: (765 sec)
exp011-n1024-k08-d180-bs60-f1.750-r02:004775.544: Loop 6/100
exp011-n1024-k08-d180-bs60-f1.750-r02:005499.113: log(exp-norms): [1023.47, 1025.43, 1026.94]
exp011-n1024-k08-d180-bs60-f1.750-r02:005499.114: log(norms):     [1023.47, 1026.22, 1028.37, 1028.41, 1028.49, 1028.51, 1028.44, 1028.61, 1028.54, 1028.61]
exp011-n1024-k08-d180-bs60-f1.750-r02:005499.132: (724 sec)
exp011-n1024-k08-d180-bs60-f1.750-r02:005499.132: Loop 7/100
exp011-n1024-k08-d180-bs60-f1.750-r02:006186.952: log(exp-norms): [1023.47, 1025.43, 1026.94]
exp011-n1024-k08-d180-bs60-f1.750-r02:006186.952: log(norms):     [1023.47, 1026.22, 1028.34, 1028.43, 1028.35, 1028.37, 1028.4, 1028.36, 1028.37, 1028.58]
exp011-n1024-k08-d180-bs60-f1.750-r02:006186.971: (688 sec)
exp011-n1024-k08-d180-bs60-f1.750-r02:006186.971: Loop 8/100
exp011-n1024-k08-d180-bs60-f1.750-r02:006933.352: log(exp-norms): [1023.47, 1025.43, 1026.94]
exp011-n1024-k08-d180-bs60-f1.750-r02:006933.353: log(norms):     [1023.47, 1026.22, 1028.34, 1028.33, 1028.36, 1028.45, 1028.35, 1028.46, 1028.25, 1028.61]
exp011-n1024-k08-d180-bs60-f1.750-r02:006933.372: (747 sec)
exp011-n1024-k08-d180-bs60-f1.750-r02:006933.373: Loop 9/100
exp011-n1024-k08-d180-bs60-f1.750-r02:007602.630: log(exp-norms): [1023.47, 1025.43, 1026.94]
exp011-n1024-k08-d180-bs60-f1.750-r02:007602.630: log(norms):     [1023.47, 1026.22, 1028.25, 1028.28, 1028.31, 1028.28, 1028.3, 1028.38, 1028.42, 1028.44]
exp011-n1024-k08-d180-bs60-f1.750-r02:007602.648: (670 sec)
exp011-n1024-k08-d180-bs60-f1.750-r02:007602.649: Loop 10/100
exp011-n1024-k08-d180-bs60-f1.750-r02:008261.122: log(exp-norms): [1023.47, 1025.43, 1026.94]
exp011-n1024-k08-d180-bs60-f1.750-r02:008261.123: log(norms):     [1023.47, 1026.22, 1028.24, 1028.28, 1028.28, 1028.3, 1028.25, 1028.51, 1028.41, 1028.54]
exp011-n1024-k08-d180-bs60-f1.750-r02:008261.142: (659 sec)
exp011-n1024-k08-d180-bs60-f1.750-r02:008261.143: Loop 11/100
exp011-n1024-k08-d180-bs60-f1.750-r02:008940.753: log(exp-norms): [1023.47, 1025.43, 1026.94]
exp011-n1024-k08-d180-bs60-f1.750-r02:008940.754: log(norms):     [1023.47, 1026.22, 1028.19, 1028.24, 1028.29, 1028.22, 1028.28, 1028.3, 1028.45, 1028.44]
exp011-n1024-k08-d180-bs60-f1.750-r02:008940.772: (680 sec)
exp011-n1024-k08-d180-bs60-f1.750-r02:008940.773: Loop 12/100
exp011-n1024-k08-d180-bs60-f1.750-r02:009610.278: log(exp-norms): [1023.47, 1025.43, 1026.94]
exp011-n1024-k08-d180-bs60-f1.750-r02:009610.279: log(norms):     [1023.47, 1026.22, 1028.19, 1028.22, 1028.28, 1028.28, 1028.24, 1028.48, 1028.3, 1028.48]
exp011-n1024-k08-d180-bs60-f1.750-r02:009610.296: (670 sec)
exp011-n1024-k08-d180-bs60-f1.750-r02:009610.297: Loop 13/100
exp011-n1024-k08-d180-bs60-f1.750-r02:010292.775: log(exp-norms): [1023.47, 1025.43, 1026.94]
exp011-n1024-k08-d180-bs60-f1.750-r02:010292.776: log(norms):     [1023.47, 1026.22, 1028.19, 1028.22, 1028.28, 1028.28, 1028.24, 1028.48, 1028.3, 1028.39]
exp011-n1024-k08-d180-bs60-f1.750-r02:010292.794: (683 sec)
exp011-n1024-k08-d180-bs60-f1.750-r02:010292.794: Loop 14/100
exp011-n1024-k08-d180-bs60-f1.750-r02:010997.599: log(exp-norms): [1023.47, 1025.43, 1026.94]
exp011-n1024-k08-d180-bs60-f1.750-r02:010997.599: log(norms):     [1023.47, 1026.22, 1028.19, 1028.22, 1028.28, 1028.28, 1028.24, 1028.48, 1028.48, 1028.3]
exp011-n1024-k08-d180-bs60-f1.750-r02:010997.618: (705 sec)
exp011-n1024-k08-d180-bs60-f1.750-r02:010997.618: Loop 15/100
exp011-n1024-k08-d180-bs60-f1.750-r02:011795.473: log(exp-norms): [1023.47, 1025.43, 1026.94]
exp011-n1024-k08-d180-bs60-f1.750-r02:011795.474: log(norms):     [1023.47, 1026.22, 1028.19, 1028.22, 1028.28, 1028.28, 1028.24, 1028.48, 1028.33, 1028.48]
exp011-n1024-k08-d180-bs60-f1.750-r02:011795.494: (798 sec)
exp011-n1024-k08-d180-bs60-f1.750-r02:011795.494: Loop 16/100
exp011-n1024-k08-d180-bs60-f1.750-r02:012845.977: log(exp-norms): [1023.47, 1025.43, 1026.94]
exp011-n1024-k08-d180-bs60-f1.750-r02:012845.978: log(norms):     [1023.47, 1026.22, 1028.19, 1028.22, 1028.28, 1028.28, 1028.24, 1028.48, 1028.33, 1028.48]
exp011-n1024-k08-d180-bs60-f1.750-r02:012846.008: (1051 sec)
exp011-n1024-k08-d180-bs60-f1.750-r02:012846.008: Loop 17/100
exp011-n1024-k08-d180-bs60-f1.750-r02:013772.768: log(exp-norms): [1023.47, 1025.43, 1026.94]
exp011-n1024-k08-d180-bs60-f1.750-r02:013772.769: log(norms):     [1023.47, 1026.22, 1028.16, 1028.19, 1028.22, 1028.28, 1028.39, 1028.24, 1028.28, 1028.44]
exp011-n1024-k08-d180-bs60-f1.750-r02:013772.798: (927 sec)
exp011-n1024-k08-d180-bs60-f1.750-r02:013772.798: Loop 18/100
exp011-n1024-k08-d180-bs60-f1.750-r02:014670.951: log(exp-norms): [1023.47, 1025.43, 1026.94]
exp011-n1024-k08-d180-bs60-f1.750-r02:014670.953: log(norms):     [1023.47, 1026.22, 1028.16, 1028.2, 1028.19, 1028.22, 1028.39, 1028.28, 1028.24, 1028.28]
exp011-n1024-k08-d180-bs60-f1.750-r02:014670.983: (899 sec)
exp011-n1024-k08-d180-bs60-f1.750-r02:014670.984: Loop 19/100
exp011-n1024-k08-d180-bs60-f1.750-r02:015607.404: log(exp-norms): [1023.47, 1025.43, 1026.94]
exp011-n1024-k08-d180-bs60-f1.750-r02:015607.405: log(norms):     [1023.47, 1026.22, 1028.16, 1028.2, 1028.19, 1028.22, 1028.39, 1028.28, 1028.39, 1028.42]
exp011-n1024-k08-d180-bs60-f1.750-r02:015607.425: (937 sec)
exp011-n1024-k08-d180-bs60-f1.750-r02:015607.425: Loop 20/100
exp011-n1024-k08-d180-bs60-f1.750-r02:016437.221: log(exp-norms): [1023.47, 1025.43, 1026.94]
exp011-n1024-k08-d180-bs60-f1.750-r02:016437.221: log(norms):     [1023.47, 1026.22, 1028.16, 1028.2, 1028.19, 1028.22, 1028.23, 1028.31, 1028.29, 1028.28]
exp011-n1024-k08-d180-bs60-f1.750-r02:016437.240: (830 sec)
exp011-n1024-k08-d180-bs60-f1.750-r02:016437.240: Loop 21/100
exp011-n1024-k08-d180-bs60-f1.750-r02:017310.393: log(exp-norms): [1023.47, 1025.43, 1026.94]
exp011-n1024-k08-d180-bs60-f1.750-r02:017310.394: log(norms):     [1023.47, 1026.22, 1028.16, 1028.21, 1028.25, 1028.3, 1028.2, 1028.28, 1028.22, 1028.23]
exp011-n1024-k08-d180-bs60-f1.750-r02:017310.413: (874 sec)
exp011-n1024-k08-d180-bs60-f1.750-r02:017310.413: Loop 22/100
exp011-n1024-k08-d180-bs60-f1.750-r02:018153.373: log(exp-norms): [1023.47, 1025.43, 1026.94]
exp011-n1024-k08-d180-bs60-f1.750-r02:018153.374: log(norms):     [1023.47, 1026.22, 1028.16, 1028.21, 1028.25, 1028.3, 1028.2, 1028.37, 1028.23, 1028.37]
exp011-n1024-k08-d180-bs60-f1.750-r02:018153.402: (843 sec)
exp011-n1024-k08-d180-bs60-f1.750-r02:018153.403: Loop 23/100
exp011-n1024-k08-d180-bs60-f1.750-r02:018996.669: log(exp-norms): [1023.47, 1025.43, 1026.94]
exp011-n1024-k08-d180-bs60-f1.750-r02:018996.670: log(norms):     [1023.47, 1026.22, 1028.16, 1028.21, 1028.25, 1028.3, 1028.2, 1028.41, 1028.49, 1028.37]
exp011-n1024-k08-d180-bs60-f1.750-r02:018996.700: (844 sec)
exp011-n1024-k08-d180-bs60-f1.750-r02:018996.701: Loop 24/100
exp011-n1024-k08-d180-bs60-f1.750-r02:019900.845: log(exp-norms): [1023.47, 1025.43, 1026.94]
exp011-n1024-k08-d180-bs60-f1.750-r02:019900.846: log(norms):     [1023.47, 1026.22, 1028.16, 1028.21, 1028.25, 1028.3, 1028.2, 1028.41, 1028.49, 1028.36]
exp011-n1024-k08-d180-bs60-f1.750-r02:019900.875: (905 sec)
exp011-n1024-k08-d180-bs60-f1.750-r02:019900.875: Loop 25/100
exp011-n1024-k08-d180-bs60-f1.750-r02:020697.599: log(exp-norms): [1023.47, 1025.43, 1026.94]
exp011-n1024-k08-d180-bs60-f1.750-r02:020697.600: log(norms):     [1023.47, 1026.22, 1028.16, 1028.21, 1028.25, 1028.3, 1028.2, 1028.41, 1028.49, 1028.36]
exp011-n1024-k08-d180-bs60-f1.750-r02:020697.619: (797 sec)
exp011-n1024-k08-d180-bs60-f1.750-r02:020697.620: Loop 26/100
exp011-n1024-k08-d180-bs60-f1.750-r02:021440.492: log(exp-norms): [1023.47, 1025.43, 1026.94]
exp011-n1024-k08-d180-bs60-f1.750-r02:021440.493: log(norms):     [1023.47, 1026.22, 1028.16, 1028.21, 1028.25, 1028.3, 1028.2, 1028.41, 1028.49, 1028.36]
exp011-n1024-k08-d180-bs60-f1.750-r02:021440.522: (743 sec)
exp011-n1024-k08-d180-bs60-f1.750-r02:021440.522: Loop 27/100
exp011-n1024-k08-d180-bs60-f1.750-r02:022133.505: log(exp-norms): [1023.47, 1025.43, 1026.94]
exp011-n1024-k08-d180-bs60-f1.750-r02:022133.505: log(norms):     [1023.47, 1026.22, 1028.16, 1028.21, 1028.25, 1028.3, 1028.2, 1028.41, 1028.49, 1028.49]
exp011-n1024-k08-d180-bs60-f1.750-r02:022133.523: (694 sec)
exp011-n1024-k08-d180-bs60-f1.750-r02:022133.524: Loop 28/100
exp011-n1024-k08-d180-bs60-f1.750-r02:022788.131: log(exp-norms): [1023.47, 1025.43, 1026.94]
exp011-n1024-k08-d180-bs60-f1.750-r02:022788.132: log(norms):     [1023.47, 1026.22, 1028.16, 1028.21, 1028.25, 1028.3, 1028.2, 1028.41, 1028.49, 1028.49]
exp011-n1024-k08-d180-bs60-f1.750-r02:022788.150: (655 sec)
exp011-n1024-k08-d180-bs60-f1.750-r02:022788.150: Loop 29/100
exp011-n1024-k08-d180-bs60-f1.750-r02:023504.522: log(exp-norms): [1023.47, 1025.43, 1026.94]
exp011-n1024-k08-d180-bs60-f1.750-r02:023504.523: log(norms):     [1023.47, 1026.22, 1028.16, 1028.21, 1028.25, 1028.3, 1028.2, 1028.41, 1028.49, 1028.49]
exp011-n1024-k08-d180-bs60-f1.750-r02:023504.542: (717 sec)
exp011-n1024-k08-d180-bs60-f1.750-r02:023504.542: Loop 30/100
exp011-n1024-k08-d180-bs60-f1.750-r02:024188.600: log(exp-norms): [1023.47, 1025.43, 1026.94]
exp011-n1024-k08-d180-bs60-f1.750-r02:024188.600: log(norms):     [1023.47, 1026.22, 1028.16, 1028.21, 1028.25, 1028.3, 1028.2, 1028.32, 1028.41, 1028.49]
exp011-n1024-k08-d180-bs60-f1.750-r02:024188.619: (685 sec)
exp011-n1024-k08-d180-bs60-f1.750-r02:024188.619: Loop 31/100
exp011-n1024-k08-d180-bs60-f1.750-r02:024847.119: log(exp-norms): [1023.47, 1025.43, 1026.94]
exp011-n1024-k08-d180-bs60-f1.750-r02:024847.119: log(norms):     [1023.47, 1026.22, 1028.16, 1028.21, 1028.25, 1028.3, 1028.2, 1028.32, 1028.41, 1028.49]
exp011-n1024-k08-d180-bs60-f1.750-r02:024847.138: (659 sec)
exp011-n1024-k08-d180-bs60-f1.750-r02:024847.138: Loop 32/100
exp011-n1024-k08-d180-bs60-f1.750-r02:025489.123: log(exp-norms): [1023.47, 1025.43, 1026.94]
exp011-n1024-k08-d180-bs60-f1.750-r02:025489.124: log(norms):     [1023.47, 1026.22, 1028.16, 1028.21, 1028.25, 1028.3, 1028.2, 1028.33, 1028.32, 1028.36]
exp011-n1024-k08-d180-bs60-f1.750-r02:025489.142: (643 sec)
exp011-n1024-k08-d180-bs60-f1.750-r02:025489.142: Loop 33/100
exp011-n1024-k08-d180-bs60-f1.750-r02:026106.192: log(exp-norms): [1023.47, 1025.43, 1026.94]
exp011-n1024-k08-d180-bs60-f1.750-r02:026106.192: log(norms):     [1023.47, 1026.22, 1028.16, 1028.21, 1028.25, 1028.3, 1028.2, 1028.33, 1028.32, 1028.36]
exp011-n1024-k08-d180-bs60-f1.750-r02:026106.210: (618 sec)
exp011-n1024-k08-d180-bs60-f1.750-r02:026106.210: Loop 34/100
exp011-n1024-k08-d180-bs60-f1.750-r02:026763.714: log(exp-norms): [1023.47, 1025.43, 1026.94]
exp011-n1024-k08-d180-bs60-f1.750-r02:026763.715: log(norms):     [1023.47, 1026.22, 1028.16, 1028.21, 1028.25, 1028.3, 1028.2, 1028.33, 1028.32, 1028.36]
exp011-n1024-k08-d180-bs60-f1.750-r02:026763.733: (658 sec)
exp011-n1024-k08-d180-bs60-f1.750-r02:026763.733: Loop 35/100
exp011-n1024-k08-d180-bs60-f1.750-r02:027383.750: log(exp-norms): [1023.47, 1025.43, 1026.94]
exp011-n1024-k08-d180-bs60-f1.750-r02:027383.751: log(norms):     [1023.47, 1026.22, 1028.16, 1028.21, 1028.25, 1028.3, 1028.2, 1028.33, 1028.32, 1028.36]
exp011-n1024-k08-d180-bs60-f1.750-r02:027383.768: (621 sec)
exp011-n1024-k08-d180-bs60-f1.750-r02:027383.768: Loop 36/100
exp011-n1024-k08-d180-bs60-f1.750-r02:027967.549: log(exp-norms): [1023.47, 1025.43, 1026.94]
exp011-n1024-k08-d180-bs60-f1.750-r02:027967.549: log(norms):     [1023.47, 1026.22, 1028.16, 1028.21, 1028.25, 1028.3, 1028.2, 1028.33, 1028.32, 1028.36]
exp011-n1024-k08-d180-bs60-f1.750-r02:027967.572: (584 sec)
exp011-n1024-k08-d180-bs60-f1.750-r02:027967.573: Loop 37/100
exp011-n1024-k08-d180-bs60-f1.750-r02:028580.856: log(exp-norms): [1023.47, 1025.43, 1026.94]
exp011-n1024-k08-d180-bs60-f1.750-r02:028580.857: log(norms):     [1023.47, 1026.22, 1028.16, 1028.21, 1028.25, 1028.3, 1028.2, 1028.33, 1028.32, 1028.36]
exp011-n1024-k08-d180-bs60-f1.750-r02:028580.875: (614 sec)
exp011-n1024-k08-d180-bs60-f1.750-r02:028580.876: Loop 38/100
exp011-n1024-k08-d180-bs60-f1.750-r02:029192.039: log(exp-norms): [1023.47, 1025.43, 1026.94]
exp011-n1024-k08-d180-bs60-f1.750-r02:029192.039: log(norms):     [1023.47, 1026.22, 1028.16, 1028.21, 1028.25, 1028.3, 1028.2, 1028.33, 1028.32, 1028.36]
exp011-n1024-k08-d180-bs60-f1.750-r02:029192.058: (612 sec)
exp011-n1024-k08-d180-bs60-f1.750-r02:029192.058: Loop 39/100
exp011-n1024-k08-d180-bs60-f1.750-r02:029838.147: log(exp-norms): [1023.47, 1025.43, 1026.94]
exp011-n1024-k08-d180-bs60-f1.750-r02:029838.147: log(norms):     [1023.47, 1026.22, 1028.16, 1028.21, 1028.25, 1028.25, 1028.23, 1028.3, 1028.2, 1028.45]
exp011-n1024-k08-d180-bs60-f1.750-r02:029838.166: (647 sec)
exp011-n1024-k08-d180-bs60-f1.750-r02:029838.166: Loop 40/100
exp011-n1024-k08-d180-bs60-f1.750-r02:030488.429: log(exp-norms): [1023.47, 1025.43, 1026.94]
exp011-n1024-k08-d180-bs60-f1.750-r02:030488.430: log(norms):     [1023.47, 1026.22, 1028.16, 1028.21, 1028.25, 1028.25, 1028.26, 1028.4, 1028.45, 1028.3]
exp011-n1024-k08-d180-bs60-f1.750-r02:030488.447: (651 sec)
exp011-n1024-k08-d180-bs60-f1.750-r02:030488.448: Loop 41/100
exp011-n1024-k08-d180-bs60-f1.750-r02:031145.814: log(exp-norms): [1023.47, 1025.43, 1026.94]
exp011-n1024-k08-d180-bs60-f1.750-r02:031145.814: log(norms):     [1023.47, 1026.22, 1028.16, 1028.21, 1028.25, 1028.25, 1028.26, 1028.4, 1028.45, 1028.3]
exp011-n1024-k08-d180-bs60-f1.750-r02:031145.832: (658 sec)
exp011-n1024-k08-d180-bs60-f1.750-r02:031145.832: Loop 42/100
exp011-n1024-k08-d180-bs60-f1.750-r02:031795.013: log(exp-norms): [1023.47, 1025.43, 1026.94]
exp011-n1024-k08-d180-bs60-f1.750-r02:031795.014: log(norms):     [1023.47, 1026.22, 1028.16, 1028.21, 1028.25, 1028.25, 1028.26, 1028.4, 1028.41, 1028.45]
exp011-n1024-k08-d180-bs60-f1.750-r02:031795.032: (650 sec)
exp011-n1024-k08-d180-bs60-f1.750-r02:031795.032: Loop 43/100
exp011-n1024-k08-d180-bs60-f1.750-r02:032429.455: log(exp-norms): [1023.47, 1025.43, 1026.94]
exp011-n1024-k08-d180-bs60-f1.750-r02:032429.455: log(norms):     [1023.47, 1026.22, 1028.16, 1028.21, 1028.25, 1028.25, 1028.26, 1028.4, 1028.41, 1028.45]
exp011-n1024-k08-d180-bs60-f1.750-r02:032429.472: (635 sec)
exp011-n1024-k08-d180-bs60-f1.750-r02:032429.473: Loop 44/100
exp011-n1024-k08-d180-bs60-f1.750-r02:033085.877: log(exp-norms): [1023.47, 1025.43, 1026.94]
exp011-n1024-k08-d180-bs60-f1.750-r02:033085.877: log(norms):     [1023.47, 1026.22, 1028.16, 1028.21, 1028.25, 1028.25, 1028.26, 1028.4, 1028.41, 1028.45]
exp011-n1024-k08-d180-bs60-f1.750-r02:033085.894: (657 sec)
exp011-n1024-k08-d180-bs60-f1.750-r02:033085.895: Loop 45/100
exp011-n1024-k08-d180-bs60-f1.750-r02:033737.679: log(exp-norms): [1023.47, 1025.43, 1026.94]
exp011-n1024-k08-d180-bs60-f1.750-r02:033737.680: log(norms):     [1023.47, 1026.22, 1028.11, 1028.16, 1028.21, 1028.25, 1028.38, 1028.42, 1028.36, 1028.43]
exp011-n1024-k08-d180-bs60-f1.750-r02:033737.698: (652 sec)
exp011-n1024-k08-d180-bs60-f1.750-r02:033737.699: Loop 46/100
exp011-n1024-k08-d180-bs60-f1.750-r02:034401.895: log(exp-norms): [1023.47, 1025.43, 1026.94]
exp011-n1024-k08-d180-bs60-f1.750-r02:034401.896: log(norms):     [1023.47, 1026.22, 1028.11, 1028.16, 1028.21, 1028.25, 1028.38, 1028.42, 1028.36, 1028.26]
exp011-n1024-k08-d180-bs60-f1.750-r02:034401.913: (665 sec)
exp011-n1024-k08-d180-bs60-f1.750-r02:034401.914: Loop 47/100
exp011-n1024-k08-d180-bs60-f1.750-r02:035036.592: log(exp-norms): [1023.47, 1025.43, 1026.94]
exp011-n1024-k08-d180-bs60-f1.750-r02:035036.592: log(norms):     [1023.47, 1026.22, 1028.11, 1028.16, 1028.21, 1028.25, 1028.38, 1028.48, 1028.26, 1028.42]
exp011-n1024-k08-d180-bs60-f1.750-r02:035036.609: (635 sec)
exp011-n1024-k08-d180-bs60-f1.750-r02:035036.610: Loop 48/100
exp011-n1024-k08-d180-bs60-f1.750-r02:035692.335: log(exp-norms): [1023.47, 1025.43, 1026.94]
exp011-n1024-k08-d180-bs60-f1.750-r02:035692.335: log(norms):     [1023.47, 1026.22, 1028.11, 1028.16, 1028.21, 1028.25, 1028.38, 1028.39, 1028.42, 1028.4]
exp011-n1024-k08-d180-bs60-f1.750-r02:035692.352: (656 sec)
exp011-n1024-k08-d180-bs60-f1.750-r02:035692.353: Loop 49/100
exp011-n1024-k08-d180-bs60-f1.750-r02:036341.508: log(exp-norms): [1023.47, 1025.43, 1026.94]
exp011-n1024-k08-d180-bs60-f1.750-r02:036341.509: log(norms):     [1023.47, 1026.22, 1028.11, 1028.16, 1028.21, 1028.25, 1028.38, 1028.39, 1028.42, 1028.4]
exp011-n1024-k08-d180-bs60-f1.750-r02:036341.527: (650 sec)
exp011-n1024-k08-d180-bs60-f1.750-r02:036341.528: Loop 50/100
exp011-n1024-k08-d180-bs60-f1.750-r02:036978.166: log(exp-norms): [1023.47, 1025.43, 1026.94]
exp011-n1024-k08-d180-bs60-f1.750-r02:036978.166: log(norms):     [1023.47, 1026.22, 1028.11, 1028.16, 1028.21, 1028.25, 1028.38, 1028.39, 1028.42, 1028.4]
exp011-n1024-k08-d180-bs60-f1.750-r02:036978.184: (637 sec)
exp011-n1024-k08-d180-bs60-f1.750-r02:036978.184: Loop 51/100
exp011-n1024-k08-d180-bs60-f1.750-r02:037644.711: log(exp-norms): [1023.47, 1025.43, 1026.94]
exp011-n1024-k08-d180-bs60-f1.750-r02:037644.711: log(norms):     [1023.47, 1026.22, 1028.11, 1028.16, 1028.21, 1028.15, 1028.22, 1028.25, 1028.38, 1028.39]
exp011-n1024-k08-d180-bs60-f1.750-r02:037644.729: (667 sec)
exp011-n1024-k08-d180-bs60-f1.750-r02:037644.730: Loop 52/100
exp011-n1024-k08-d180-bs60-f1.750-r02:038292.907: log(exp-norms): [1023.47, 1025.43, 1026.94]
exp011-n1024-k08-d180-bs60-f1.750-r02:038292.908: log(norms):     [1023.47, 1026.22, 1028.11, 1028.16, 1028.21, 1028.15, 1028.22, 1028.25, 1028.38, 1028.39]
exp011-n1024-k08-d180-bs60-f1.750-r02:038292.925: (649 sec)
exp011-n1024-k08-d180-bs60-f1.750-r02:038292.926: Loop 53/100
exp011-n1024-k08-d180-bs60-f1.750-r02:038946.960: log(exp-norms): [1023.47, 1025.43, 1026.94]
exp011-n1024-k08-d180-bs60-f1.750-r02:038946.961: log(norms):     [1023.47, 1026.22, 1028.11, 1028.16, 1028.21, 1028.15, 1028.22, 1028.25, 1028.38, 1028.39]
exp011-n1024-k08-d180-bs60-f1.750-r02:038946.978: (655 sec)
exp011-n1024-k08-d180-bs60-f1.750-r02:038946.978: Loop 54/100
exp011-n1024-k08-d180-bs60-f1.750-r02:039558.225: log(exp-norms): [1023.47, 1025.43, 1026.94]
exp011-n1024-k08-d180-bs60-f1.750-r02:039558.226: log(norms):     [1023.47, 1026.22, 1028.11, 1028.16, 1028.21, 1028.15, 1028.22, 1028.25, 1028.38, 1028.39]
exp011-n1024-k08-d180-bs60-f1.750-r02:039558.243: (612 sec)
exp011-n1024-k08-d180-bs60-f1.750-r02:039558.243: Loop 55/100
exp011-n1024-k08-d180-bs60-f1.750-r02:040205.488: log(exp-norms): [1023.47, 1025.43, 1026.94]
exp011-n1024-k08-d180-bs60-f1.750-r02:040205.488: log(norms):     [1023.47, 1026.22, 1028.1, 1028.11, 1028.16, 1028.21, 1028.15, 1028.22, 1028.45, 1028.25]
exp011-n1024-k08-d180-bs60-f1.750-r02:040205.505: (648 sec)
exp011-n1024-k08-d180-bs60-f1.750-r02:040205.506: Loop 56/100
exp011-n1024-k08-d180-bs60-f1.750-r02:040849.838: log(exp-norms): [1023.47, 1025.43, 1026.94]
exp011-n1024-k08-d180-bs60-f1.750-r02:040849.838: log(norms):     [1023.47, 1026.22, 1028.1, 1028.11, 1028.16, 1028.21, 1028.15, 1028.22, 1028.45, 1028.25]
exp011-n1024-k08-d180-bs60-f1.750-r02:040849.855: (645 sec)
exp011-n1024-k08-d180-bs60-f1.750-r02:040849.856: Loop 57/100
exp011-n1024-k08-d180-bs60-f1.750-r02:041500.101: log(exp-norms): [1023.47, 1025.43, 1026.94]
exp011-n1024-k08-d180-bs60-f1.750-r02:041500.102: log(norms):     [1023.47, 1026.22, 1028.1, 1028.11, 1028.16, 1028.21, 1028.15, 1028.3, 1028.44, 1028.46]
exp011-n1024-k08-d180-bs60-f1.750-r02:041500.120: (651 sec)
exp011-n1024-k08-d180-bs60-f1.750-r02:041500.121: Loop 58/100
exp011-n1024-k08-d180-bs60-f1.750-r02:042169.174: log(exp-norms): [1023.47, 1025.43, 1026.94]
exp011-n1024-k08-d180-bs60-f1.750-r02:042169.174: log(norms):     [1023.47, 1026.22, 1028.1, 1028.11, 1028.16, 1028.21, 1028.15, 1028.3, 1028.43, 1028.22]
exp011-n1024-k08-d180-bs60-f1.750-r02:042169.191: (670 sec)
exp011-n1024-k08-d180-bs60-f1.750-r02:042169.192: Loop 59/100
exp011-n1024-k08-d180-bs60-f1.750-r02:042855.075: log(exp-norms): [1023.47, 1025.43, 1026.94]
exp011-n1024-k08-d180-bs60-f1.750-r02:042855.075: log(norms):     [1023.47, 1026.22, 1028.1, 1028.11, 1028.16, 1028.21, 1028.15, 1028.3, 1028.43, 1028.5]
exp011-n1024-k08-d180-bs60-f1.750-r02:042855.093: (686 sec)
exp011-n1024-k08-d180-bs60-f1.750-r02:042855.093: Loop 60/100
exp011-n1024-k08-d180-bs60-f1.750-r02:043518.905: log(exp-norms): [1023.47, 1025.43, 1026.94]
exp011-n1024-k08-d180-bs60-f1.750-r02:043518.906: log(norms):     [1023.47, 1026.22, 1028.1, 1028.11, 1028.16, 1028.21, 1028.15, 1028.3, 1028.25, 1028.43]
exp011-n1024-k08-d180-bs60-f1.750-r02:043518.923: (664 sec)
exp011-n1024-k08-d180-bs60-f1.750-r02:043518.923: Loop 61/100
exp011-n1024-k08-d180-bs60-f1.750-r02:044165.447: log(exp-norms): [1023.47, 1025.43, 1026.94]
exp011-n1024-k08-d180-bs60-f1.750-r02:044165.448: log(norms):     [1023.47, 1026.22, 1028.1, 1028.11, 1028.16, 1028.25, 1028.21, 1028.15, 1028.3, 1028.43]
exp011-n1024-k08-d180-bs60-f1.750-r02:044165.466: (647 sec)
exp011-n1024-k08-d180-bs60-f1.750-r02:044165.467: Loop 62/100
exp011-n1024-k08-d180-bs60-f1.750-r02:044820.415: log(exp-norms): [1023.47, 1025.43, 1026.94]
exp011-n1024-k08-d180-bs60-f1.750-r02:044820.416: log(norms):     [1023.47, 1026.22, 1028.1, 1028.11, 1028.16, 1028.25, 1028.17, 1028.21, 1028.15, 1028.3]
exp011-n1024-k08-d180-bs60-f1.750-r02:044820.433: (655 sec)
exp011-n1024-k08-d180-bs60-f1.750-r02:044820.433: Loop 63/100
exp011-n1024-k08-d180-bs60-f1.750-r02:045481.873: log(exp-norms): [1023.47, 1025.43, 1026.94]
exp011-n1024-k08-d180-bs60-f1.750-r02:045481.873: log(norms):     [1023.47, 1026.22, 1028.1, 1028.11, 1028.16, 1028.25, 1028.17, 1028.21, 1028.2, 1028.49]
exp011-n1024-k08-d180-bs60-f1.750-r02:045481.892: (662 sec)
exp011-n1024-k08-d180-bs60-f1.750-r02:045481.892: Loop 64/100
exp011-n1024-k08-d180-bs60-f1.750-r02:046147.335: log(exp-norms): [1023.47, 1025.43, 1026.94]
exp011-n1024-k08-d180-bs60-f1.750-r02:046147.335: log(norms):     [1023.47, 1026.22, 1028.1, 1028.11, 1028.16, 1028.25, 1028.17, 1028.21, 1028.2, 1028.49]
exp011-n1024-k08-d180-bs60-f1.750-r02:046147.354: (666 sec)
exp011-n1024-k08-d180-bs60-f1.750-r02:046147.354: Loop 65/100
exp011-n1024-k08-d180-bs60-f1.750-r02:046798.530: log(exp-norms): [1023.47, 1025.43, 1026.94]
exp011-n1024-k08-d180-bs60-f1.750-r02:046798.530: log(norms):     [1023.47, 1026.22, 1028.1, 1028.11, 1028.16, 1028.25, 1028.17, 1028.3, 1028.21, 1028.1]
exp011-n1024-k08-d180-bs60-f1.750-r02:046798.547: (652 sec)
exp011-n1024-k08-d180-bs60-f1.750-r02:046798.548: Loop 66/100
exp011-n1024-k08-d180-bs60-f1.750-r02:047432.392: log(exp-norms): [1023.47, 1025.43, 1026.94]
exp011-n1024-k08-d180-bs60-f1.750-r02:047432.393: log(norms):     [1023.47, 1026.22, 1028.1, 1028.11, 1028.16, 1028.25, 1028.17, 1028.3, 1028.21, 1028.1]
exp011-n1024-k08-d180-bs60-f1.750-r02:047432.410: (634 sec)
exp011-n1024-k08-d180-bs60-f1.750-r02:047432.410: Loop 67/100
exp011-n1024-k08-d180-bs60-f1.750-r02:048104.650: log(exp-norms): [1023.47, 1025.43, 1026.94]
exp011-n1024-k08-d180-bs60-f1.750-r02:048104.651: log(norms):     [1023.47, 1026.22, 1028.1, 1028.11, 1028.16, 1028.25, 1028.17, 1028.3, 1028.21, 1028.37]
exp011-n1024-k08-d180-bs60-f1.750-r02:048104.669: (673 sec)
exp011-n1024-k08-d180-bs60-f1.750-r02:048104.670: Loop 68/100
exp011-n1024-k08-d180-bs60-f1.750-r02:048834.788: log(exp-norms): [1023.47, 1025.43, 1026.94]
exp011-n1024-k08-d180-bs60-f1.750-r02:048834.791: log(norms):     [1023.47, 1026.22, 1028.1, 1028.11, 1028.16, 1028.25, 1028.17, 1028.3, 1028.21, 1028.37]
exp011-n1024-k08-d180-bs60-f1.750-r02:048834.810: (731 sec)
exp011-n1024-k08-d180-bs60-f1.750-r02:048834.811: Loop 69/100
exp011-n1024-k08-d180-bs60-f1.750-r02:049497.169: log(exp-norms): [1023.47, 1025.43, 1026.94]
exp011-n1024-k08-d180-bs60-f1.750-r02:049497.169: log(norms):     [1023.47, 1026.22, 1028.1, 1028.11, 1028.16, 1028.25, 1028.17, 1028.3, 1028.21, 1028.37]
exp011-n1024-k08-d180-bs60-f1.750-r02:049497.187: (663 sec)
exp011-n1024-k08-d180-bs60-f1.750-r02:049497.188: Loop 70/100
exp011-n1024-k08-d180-bs60-f1.750-r02:050188.399: log(exp-norms): [1023.47, 1025.43, 1026.94]
exp011-n1024-k08-d180-bs60-f1.750-r02:050188.399: log(norms):     [1023.47, 1026.22, 1028.1, 1028.11, 1028.16, 1028.25, 1028.17, 1028.3, 1028.22, 1028.1]
exp011-n1024-k08-d180-bs60-f1.750-r02:050188.418: (692 sec)
exp011-n1024-k08-d180-bs60-f1.750-r02:050188.418: Loop 71/100
exp011-n1024-k08-d180-bs60-f1.750-r02:050858.067: log(exp-norms): [1023.47, 1025.43, 1026.94]
exp011-n1024-k08-d180-bs60-f1.750-r02:050858.068: log(norms):     [1023.47, 1026.22, 1028.1, 1028.11, 1028.16, 1028.25, 1028.26, 1028.17, 1028.3, 1028.22]
exp011-n1024-k08-d180-bs60-f1.750-r02:050858.086: (670 sec)
exp011-n1024-k08-d180-bs60-f1.750-r02:050858.086: Loop 72/100
exp011-n1024-k08-d180-bs60-f1.750-r02:051536.029: log(exp-norms): [1023.47, 1025.43, 1026.94]
exp011-n1024-k08-d180-bs60-f1.750-r02:051536.030: log(norms):     [1023.47, 1026.22, 1028.1, 1028.11, 1028.16, 1028.25, 1028.26, 1028.17, 1028.3, 1028.22]
exp011-n1024-k08-d180-bs60-f1.750-r02:051536.048: (678 sec)
exp011-n1024-k08-d180-bs60-f1.750-r02:051536.049: Loop 73/100
exp011-n1024-k08-d180-bs60-f1.750-r02:052267.550: log(exp-norms): [1023.47, 1025.43, 1026.94]
exp011-n1024-k08-d180-bs60-f1.750-r02:052267.551: log(norms):     [1023.47, 1026.22, 1028.1, 1028.11, 1028.16, 1028.25, 1028.26, 1028.17, 1028.3, 1028.22]
exp011-n1024-k08-d180-bs60-f1.750-r02:052267.569: (732 sec)
exp011-n1024-k08-d180-bs60-f1.750-r02:052267.570: Loop 74/100
exp011-n1024-k08-d180-bs60-f1.750-r02:052943.369: log(exp-norms): [1023.47, 1025.43, 1026.94]
exp011-n1024-k08-d180-bs60-f1.750-r02:052943.369: log(norms):     [1023.47, 1026.22, 1028.1, 1028.11, 1028.16, 1028.25, 1028.26, 1028.17, 1028.3, 1028.22]
exp011-n1024-k08-d180-bs60-f1.750-r02:052943.388: (676 sec)
exp011-n1024-k08-d180-bs60-f1.750-r02:052943.388: Loop 75/100
exp011-n1024-k08-d180-bs60-f1.750-r02:053599.567: log(exp-norms): [1023.47, 1025.43, 1026.94]
exp011-n1024-k08-d180-bs60-f1.750-r02:053599.568: log(norms):     [1023.47, 1026.22, 1028.1, 1028.11, 1028.16, 1028.25, 1028.26, 1028.17, 1028.3, 1028.22]
exp011-n1024-k08-d180-bs60-f1.750-r02:053599.585: (657 sec)
exp011-n1024-k08-d180-bs60-f1.750-r02:053599.585: Loop 76/100
exp011-n1024-k08-d180-bs60-f1.750-r02:054243.360: log(exp-norms): [1023.47, 1025.43, 1026.94]
exp011-n1024-k08-d180-bs60-f1.750-r02:054243.361: log(norms):     [1023.47, 1026.22, 1028.1, 1028.11, 1028.16, 1028.25, 1028.26, 1028.17, 1028.3, 1028.22]
exp011-n1024-k08-d180-bs60-f1.750-r02:054243.379: (644 sec)
exp011-n1024-k08-d180-bs60-f1.750-r02:054243.380: Loop 77/100
exp011-n1024-k08-d180-bs60-f1.750-r02:054923.703: log(exp-norms): [1023.47, 1025.43, 1026.94]
exp011-n1024-k08-d180-bs60-f1.750-r02:054923.703: log(norms):     [1023.47, 1026.22, 1028.1, 1028.11, 1028.16, 1028.25, 1028.26, 1028.17, 1028.3, 1028.22]
exp011-n1024-k08-d180-bs60-f1.750-r02:054923.721: (681 sec)
exp011-n1024-k08-d180-bs60-f1.750-r02:054923.722: Loop 78/100
exp011-n1024-k08-d180-bs60-f1.750-r02:055621.578: log(exp-norms): [1023.47, 1025.43, 1026.94]
exp011-n1024-k08-d180-bs60-f1.750-r02:055621.578: log(norms):     [1023.47, 1026.22, 1028.1, 1028.11, 1028.16, 1028.25, 1028.26, 1028.17, 1028.3, 1028.22]
exp011-n1024-k08-d180-bs60-f1.750-r02:055621.597: (698 sec)
exp011-n1024-k08-d180-bs60-f1.750-r02:055621.597: Loop 79/100
exp011-n1024-k08-d180-bs60-f1.750-r02:056273.659: log(exp-norms): [1023.47, 1025.43, 1026.94]
exp011-n1024-k08-d180-bs60-f1.750-r02:056273.660: log(norms):     [1023.47, 1026.22, 1028.1, 1028.11, 1028.16, 1028.25, 1028.26, 1028.17, 1028.3, 1028.22]
exp011-n1024-k08-d180-bs60-f1.750-r02:056273.680: (653 sec)
exp011-n1024-k08-d180-bs60-f1.750-r02:056273.680: Loop 80/100
exp011-n1024-k08-d180-bs60-f1.750-r02:056936.141: log(exp-norms): [1023.47, 1025.43, 1026.94]
exp011-n1024-k08-d180-bs60-f1.750-r02:056936.141: log(norms):     [1023.47, 1026.22, 1028.08, 1028.1, 1028.11, 1028.16, 1028.24, 1028.26, 1028.25, 1028.17]
exp011-n1024-k08-d180-bs60-f1.750-r02:056936.160: (663 sec)
exp011-n1024-k08-d180-bs60-f1.750-r02:056936.160: Loop 81/100
exp011-n1024-k08-d180-bs60-f1.750-r02:057624.599: log(exp-norms): [1023.47, 1025.43, 1026.94]
exp011-n1024-k08-d180-bs60-f1.750-r02:057624.600: log(norms):     [1023.47, 1026.22, 1028.08, 1028.1, 1028.11, 1028.16, 1028.24, 1028.26, 1028.25, 1028.35]
exp011-n1024-k08-d180-bs60-f1.750-r02:057624.619: (689 sec)
exp011-n1024-k08-d180-bs60-f1.750-r02:057624.620: Loop 82/100
exp011-n1024-k08-d180-bs60-f1.750-r02:058301.125: log(exp-norms): [1023.47, 1025.43, 1026.94]
exp011-n1024-k08-d180-bs60-f1.750-r02:058301.126: log(norms):     [1023.47, 1026.22, 1028.08, 1028.1, 1028.11, 1028.16, 1028.24, 1028.26, 1028.39, 1028.25]
exp011-n1024-k08-d180-bs60-f1.750-r02:058301.144: (677 sec)
exp011-n1024-k08-d180-bs60-f1.750-r02:058301.144: Loop 83/100
exp011-n1024-k08-d180-bs60-f1.750-r02:058964.597: log(exp-norms): [1023.47, 1025.43, 1026.94]
exp011-n1024-k08-d180-bs60-f1.750-r02:058964.598: log(norms):     [1023.47, 1026.22, 1028.08, 1028.1, 1028.11, 1028.16, 1028.24, 1028.26, 1028.39, 1028.25]
exp011-n1024-k08-d180-bs60-f1.750-r02:058964.616: (664 sec)
exp011-n1024-k08-d180-bs60-f1.750-r02:058964.616: Loop 84/100
exp011-n1024-k08-d180-bs60-f1.750-r02:059618.890: log(exp-norms): [1023.47, 1025.43, 1026.94]
exp011-n1024-k08-d180-bs60-f1.750-r02:059618.891: log(norms):     [1023.47, 1026.22, 1028.08, 1028.1, 1028.11, 1028.16, 1028.24, 1028.26, 1028.39, 1028.25]
exp011-n1024-k08-d180-bs60-f1.750-r02:059618.911: (655 sec)
exp011-n1024-k08-d180-bs60-f1.750-r02:059618.911: Loop 85/100
exp011-n1024-k08-d180-bs60-f1.750-r02:060317.933: log(exp-norms): [1023.47, 1025.43, 1026.94]
exp011-n1024-k08-d180-bs60-f1.750-r02:060317.934: log(norms):     [1023.47, 1026.22, 1028.08, 1028.1, 1028.11, 1028.16, 1028.24, 1028.26, 1028.39, 1028.25]
exp011-n1024-k08-d180-bs60-f1.750-r02:060317.953: (700 sec)
exp011-n1024-k08-d180-bs60-f1.750-r02:060317.954: Loop 86/100
exp011-n1024-k08-d180-bs60-f1.750-r02:061021.342: log(exp-norms): [1023.47, 1025.43, 1026.94]
exp011-n1024-k08-d180-bs60-f1.750-r02:061021.343: log(norms):     [1023.47, 1026.22, 1028.08, 1028.1, 1028.11, 1028.16, 1028.24, 1028.26, 1028.39, 1028.25]
exp011-n1024-k08-d180-bs60-f1.750-r02:061021.360: (704 sec)
exp011-n1024-k08-d180-bs60-f1.750-r02:061021.361: Loop 87/100
exp011-n1024-k08-d180-bs60-f1.750-r02:061719.852: log(exp-norms): [1023.47, 1025.43, 1026.94]
exp011-n1024-k08-d180-bs60-f1.750-r02:061719.853: log(norms):     [1023.47, 1026.22, 1028.08, 1028.1, 1028.11, 1028.16, 1028.24, 1028.26, 1028.39, 1028.25]
exp011-n1024-k08-d180-bs60-f1.750-r02:061719.871: (699 sec)
exp011-n1024-k08-d180-bs60-f1.750-r02:061719.872: Loop 88/100
exp011-n1024-k08-d180-bs60-f1.750-r02:062425.295: log(exp-norms): [1023.47, 1025.43, 1026.94]
exp011-n1024-k08-d180-bs60-f1.750-r02:062425.295: log(norms):     [1023.47, 1026.22, 1028.08, 1028.1, 1028.11, 1028.16, 1028.24, 1028.26, 1028.39, 1028.3]
exp011-n1024-k08-d180-bs60-f1.750-r02:062425.312: (706 sec)
exp011-n1024-k08-d180-bs60-f1.750-r02:062425.313: Loop 89/100
exp011-n1024-k08-d180-bs60-f1.750-r02:063107.571: log(exp-norms): [1023.47, 1025.43, 1026.94]
exp011-n1024-k08-d180-bs60-f1.750-r02:063107.572: log(norms):     [1023.47, 1026.22, 1028.08, 1028.1, 1028.21, 1028.24, 1028.11, 1028.3, 1028.16, 1028.26]
exp011-n1024-k08-d180-bs60-f1.750-r02:063107.591: (683 sec)
exp011-n1024-k08-d180-bs60-f1.750-r02:063107.592: Loop 90/100
exp011-n1024-k08-d180-bs60-f1.750-r02:063846.575: log(exp-norms): [1023.47, 1025.43, 1026.94]
exp011-n1024-k08-d180-bs60-f1.750-r02:063846.576: log(norms):     [1023.47, 1026.22, 1028.08, 1028.1, 1028.21, 1028.24, 1028.11, 1028.3, 1028.16, 1028.26]
exp011-n1024-k08-d180-bs60-f1.750-r02:063846.595: (740 sec)
exp011-n1024-k08-d180-bs60-f1.750-r02:063846.595: Loop 91/100
exp011-n1024-k08-d180-bs60-f1.750-r02:064544.104: log(exp-norms): [1023.47, 1025.43, 1026.94]
exp011-n1024-k08-d180-bs60-f1.750-r02:064544.105: log(norms):     [1023.47, 1026.22, 1028.08, 1028.1, 1028.21, 1028.24, 1028.11, 1028.3, 1028.16, 1028.26]
exp011-n1024-k08-d180-bs60-f1.750-r02:064544.122: (698 sec)
exp011-n1024-k08-d180-bs60-f1.750-r02:064544.123: Loop 92/100
exp011-n1024-k08-d180-bs60-f1.750-r02:065191.340: log(exp-norms): [1023.47, 1025.43, 1026.94]
exp011-n1024-k08-d180-bs60-f1.750-r02:065191.340: log(norms):     [1023.47, 1026.22, 1028.08, 1028.1, 1028.21, 1028.24, 1028.11, 1028.3, 1028.16, 1028.26]
exp011-n1024-k08-d180-bs60-f1.750-r02:065191.359: (648 sec)
exp011-n1024-k08-d180-bs60-f1.750-r02:065191.359: Loop 93/100
exp011-n1024-k08-d180-bs60-f1.750-r02:065854.708: log(exp-norms): [1023.47, 1025.43, 1026.94]
exp011-n1024-k08-d180-bs60-f1.750-r02:065854.708: log(norms):     [1023.47, 1026.22, 1028.08, 1028.1, 1028.21, 1028.24, 1028.11, 1028.3, 1028.16, 1028.26]
exp011-n1024-k08-d180-bs60-f1.750-r02:065854.728: (664 sec)
exp011-n1024-k08-d180-bs60-f1.750-r02:065854.728: Loop 94/100
exp011-n1024-k08-d180-bs60-f1.750-r02:066549.424: log(exp-norms): [1023.47, 1025.43, 1026.94]
exp011-n1024-k08-d180-bs60-f1.750-r02:066549.425: log(norms):     [1023.47, 1026.22, 1028.08, 1028.1, 1028.21, 1028.24, 1028.11, 1028.3, 1028.16, 1028.26]
exp011-n1024-k08-d180-bs60-f1.750-r02:066549.443: (695 sec)
exp011-n1024-k08-d180-bs60-f1.750-r02:066549.444: Loop 95/100
exp011-n1024-k08-d180-bs60-f1.750-r02:067200.389: log(exp-norms): [1023.47, 1025.43, 1026.94]
exp011-n1024-k08-d180-bs60-f1.750-r02:067200.390: log(norms):     [1023.47, 1026.22, 1028.08, 1028.1, 1028.21, 1028.24, 1028.11, 1028.3, 1028.16, 1028.25]
exp011-n1024-k08-d180-bs60-f1.750-r02:067200.408: (651 sec)
exp011-n1024-k08-d180-bs60-f1.750-r02:067200.409: Loop 96/100
exp011-n1024-k08-d180-bs60-f1.750-r02:067873.629: log(exp-norms): [1023.47, 1025.43, 1026.94]
exp011-n1024-k08-d180-bs60-f1.750-r02:067873.630: log(norms):     [1023.47, 1026.22, 1028.08, 1028.1, 1028.21, 1028.24, 1028.11, 1028.3, 1028.16, 1028.25]
exp011-n1024-k08-d180-bs60-f1.750-r02:067873.647: (674 sec)
exp011-n1024-k08-d180-bs60-f1.750-r02:067873.647: Loop 97/100
exp011-n1024-k08-d180-bs60-f1.750-r02:068597.074: log(exp-norms): [1023.47, 1025.43, 1026.94]
exp011-n1024-k08-d180-bs60-f1.750-r02:068597.075: log(norms):     [1023.47, 1026.22, 1028.08, 1028.1, 1028.21, 1028.24, 1028.11, 1028.3, 1028.16, 1028.25]
exp011-n1024-k08-d180-bs60-f1.750-r02:068597.093: (724 sec)
exp011-n1024-k08-d180-bs60-f1.750-r02:068597.094: Loop 98/100
exp011-n1024-k08-d180-bs60-f1.750-r02:069276.182: log(exp-norms): [1023.47, 1025.43, 1026.94]
exp011-n1024-k08-d180-bs60-f1.750-r02:069276.183: log(norms):     [1023.47, 1026.22, 1028.08, 1028.1, 1028.21, 1028.24, 1028.11, 1028.3, 1028.16, 1028.25]
exp011-n1024-k08-d180-bs60-f1.750-r02:069276.202: (680 sec)
exp011-n1024-k08-d180-bs60-f1.750-r02:069276.203: Loop 99/100
exp011-n1024-k08-d180-bs60-f1.750-r02:069963.931: log(exp-norms): [1023.47, 1025.43, 1026.94]
exp011-n1024-k08-d180-bs60-f1.750-r02:069963.932: log(norms):     [1023.47, 1026.22, 1028.08, 1028.1, 1028.21, 1028.24, 1028.11, 1028.3, 1028.16, 1028.25]
exp011-n1024-k08-d180-bs60-f1.750-r02:069963.950: (688 sec)
exp011-n1024-k08-d180-bs60-f1.750-r02:069963.950: Loop 100/100
exp011-n1024-k08-d180-bs60-f1.750-r02:070613.516: log(exp-norms): [1023.47, 1025.43, 1026.94]
exp011-n1024-k08-d180-bs60-f1.750-r02:070613.517: log(norms):     [1023.47, 1026.22, 1028.08, 1028.1, 1028.21, 1028.24, 1028.11, 1028.3, 1028.16, 1028.25]
exp011-n1024-k08-d180-bs60-f1.750-r02:070613.535: (650 sec)
exp011-n1024-k08-d180-bs60-f1.750-r02:070613.535: ==========================Summary===========================
exp011-n1024-k08-d180-bs60-f1.750-r02:070613.535: Total time: 70614sec
exp011-n1024-k08-d180-bs60-f1.750-r02:070613.535: FAIL
exp011-n1024-k08-d180-bs60-f1.750-r02:070613.536: SUMMARY:n:1024:k:8:d:180:bs:60:t:70614:r:False
