exp020-n1024-k08-d180-bs60-f1.732-r03:000000.188: ==========================Instance==========================
exp020-n1024-k08-d180-bs60-f1.732-r03:000000.188: # of equations: 180
exp020-n1024-k08-d180-bs60-f1.732-r03:000000.190: Gap: 2.84
exp020-n1024-k08-d180-bs60-f1.732-r03:000000.194: Tau: 2.47
exp020-n1024-k08-d180-bs60-f1.732-r03:000000.194: ======================BKZ-60 reduction======================
exp020-n1024-k08-d180-bs60-f1.732-r03:000004.708: Expectedly achievable log(norm): 1028.22
exp020-n1024-k08-d180-bs60-f1.732-r03:000009.467: log(exp-norms): [1023.47, 1025.43, 1026.94]
exp020-n1024-k08-d180-bs60-f1.732-r03:000009.467: log(norms):     [1033.92, 1026.22, 1030.94, 1030.94, 1030.94, 1030.94, 1030.94, 1030.94, 1030.94, 1030.94]
exp020-n1024-k08-d180-bs60-f1.732-r03:000009.593: Loop 1/100
exp020-n1024-k08-d180-bs60-f1.732-r03:001262.864: log(exp-norms): [1023.47, 1025.43, 1026.94]
exp020-n1024-k08-d180-bs60-f1.732-r03:001262.865: log(norms):     [1026.22, 1029.97, 1029.98, 1030.01, 1030.06, 1030.04, 1030.08, 1029.93, 1030.04, 1030.19]
exp020-n1024-k08-d180-bs60-f1.732-r03:001262.897: (1254 sec)
exp020-n1024-k08-d180-bs60-f1.732-r03:001262.897: Loop 2/100
exp020-n1024-k08-d180-bs60-f1.732-r03:002267.520: log(exp-norms): [1023.47, 1025.43, 1026.94]
exp020-n1024-k08-d180-bs60-f1.732-r03:002267.521: log(norms):     [1023.47, 1026.22, 1029.35, 1029.37, 1029.47, 1029.46, 1029.48, 1029.5, 1029.48, 1029.53]
exp020-n1024-k08-d180-bs60-f1.732-r03:002267.552: (1005 sec)
exp020-n1024-k08-d180-bs60-f1.732-r03:002267.552: Loop 3/100
exp020-n1024-k08-d180-bs60-f1.732-r03:003290.219: log(exp-norms): [1023.47, 1025.43, 1026.94]
exp020-n1024-k08-d180-bs60-f1.732-r03:003290.219: log(norms):     [1023.47, 1026.22, 1028.94, 1028.96, 1029.0, 1029.04, 1029.07, 1029.12, 1029.03, 1029.11]
exp020-n1024-k08-d180-bs60-f1.732-r03:003290.240: (1023 sec)
exp020-n1024-k08-d180-bs60-f1.732-r03:003290.240: Loop 4/100
exp020-n1024-k08-d180-bs60-f1.732-r03:004205.448: log(exp-norms): [1023.47, 1025.43, 1026.94]
exp020-n1024-k08-d180-bs60-f1.732-r03:004205.449: log(norms):     [1023.47, 1026.22, 1028.72, 1028.73, 1028.81, 1028.78, 1028.73, 1028.71, 1028.83, 1028.63]
exp020-n1024-k08-d180-bs60-f1.732-r03:004205.478: (916 sec)
exp020-n1024-k08-d180-bs60-f1.732-r03:004205.478: Loop 5/100
exp020-n1024-k08-d180-bs60-f1.732-r03:005040.031: log(exp-norms): [1023.47, 1025.43, 1026.94]
exp020-n1024-k08-d180-bs60-f1.732-r03:005040.032: log(norms):     [1023.47, 1026.22, 1028.48, 1028.5, 1028.51, 1028.72, 1028.49, 1028.49, 1028.72, 1028.62]
exp020-n1024-k08-d180-bs60-f1.732-r03:005040.050: (835 sec)
exp020-n1024-k08-d180-bs60-f1.732-r03:005040.051: Loop 6/100
exp020-n1024-k08-d180-bs60-f1.732-r03:005830.281: log(exp-norms): [1023.47, 1025.43, 1026.94]
exp020-n1024-k08-d180-bs60-f1.732-r03:005830.282: log(norms):     [1023.47, 1026.22, 1028.43, 1028.43, 1028.58, 1028.49, 1028.5, 1028.58, 1028.45, 1028.57]
exp020-n1024-k08-d180-bs60-f1.732-r03:005830.301: (791 sec)
exp020-n1024-k08-d180-bs60-f1.732-r03:005830.301: Loop 7/100
exp020-n1024-k08-d180-bs60-f1.732-r03:006518.127: log(exp-norms): [1023.47, 1025.43, 1026.94]
exp020-n1024-k08-d180-bs60-f1.732-r03:006518.128: log(norms):     [1023.47, 1026.22, 1028.32, 1028.42, 1028.36, 1028.42, 1028.48, 1028.36, 1028.44, 1028.54]
exp020-n1024-k08-d180-bs60-f1.732-r03:006518.146: (688 sec)
exp020-n1024-k08-d180-bs60-f1.732-r03:006518.146: Loop 8/100
exp020-n1024-k08-d180-bs60-f1.732-r03:007203.951: log(exp-norms): [1023.47, 1025.43, 1026.94]
exp020-n1024-k08-d180-bs60-f1.732-r03:007203.951: log(norms):     [1023.47, 1026.22, 1028.3, 1028.3, 1028.48, 1028.35, 1028.46, 1028.55, 1028.45, 1028.56]
exp020-n1024-k08-d180-bs60-f1.732-r03:007203.970: (686 sec)
exp020-n1024-k08-d180-bs60-f1.732-r03:007203.970: Loop 9/100
exp020-n1024-k08-d180-bs60-f1.732-r03:007846.175: log(exp-norms): [1023.47, 1025.43, 1026.94]
exp020-n1024-k08-d180-bs60-f1.732-r03:007846.176: log(norms):     [1023.47, 1026.22, 1028.3, 1028.33, 1028.3, 1028.48, 1028.48, 1028.42, 1028.43, 1028.47]
exp020-n1024-k08-d180-bs60-f1.732-r03:007846.192: (643 sec)
exp020-n1024-k08-d180-bs60-f1.732-r03:007846.193: Loop 10/100
exp020-n1024-k08-d180-bs60-f1.732-r03:008500.642: log(exp-norms): [1023.47, 1025.43, 1026.94]
exp020-n1024-k08-d180-bs60-f1.732-r03:008500.643: log(norms):     [1023.47, 1026.22, 1028.24, 1028.27, 1028.3, 1028.31, 1028.39, 1028.36, 1028.51, 1028.51]
exp020-n1024-k08-d180-bs60-f1.732-r03:008500.660: (655 sec)
exp020-n1024-k08-d180-bs60-f1.732-r03:008500.661: Loop 11/100
exp020-n1024-k08-d180-bs60-f1.732-r03:009153.440: log(exp-norms): [1023.47, 1025.43, 1026.94]
exp020-n1024-k08-d180-bs60-f1.732-r03:009153.441: log(norms):     [1023.47, 1026.22, 1028.24, 1028.27, 1028.33, 1028.27, 1028.35, 1028.4, 1028.51, 1028.4]
exp020-n1024-k08-d180-bs60-f1.732-r03:009153.458: (653 sec)
exp020-n1024-k08-d180-bs60-f1.732-r03:009153.459: Loop 12/100
exp020-n1024-k08-d180-bs60-f1.732-r03:009793.615: log(exp-norms): [1023.47, 1025.43, 1026.94]
exp020-n1024-k08-d180-bs60-f1.732-r03:009793.616: log(norms):     [1023.47, 1026.22, 1028.24, 1028.27, 1028.38, 1028.33, 1028.44, 1028.5, 1028.35, 1028.4]
exp020-n1024-k08-d180-bs60-f1.732-r03:009793.634: (641 sec)
exp020-n1024-k08-d180-bs60-f1.732-r03:009793.634: Loop 13/100
exp020-n1024-k08-d180-bs60-f1.732-r03:010468.884: log(exp-norms): [1023.47, 1025.43, 1026.94]
exp020-n1024-k08-d180-bs60-f1.732-r03:010468.885: log(norms):     [1023.47, 1026.22, 1028.24, 1028.27, 1028.38, 1028.37, 1028.37, 1028.35, 1028.24, 1028.3]
exp020-n1024-k08-d180-bs60-f1.732-r03:010468.903: (676 sec)
exp020-n1024-k08-d180-bs60-f1.732-r03:010468.903: Loop 14/100
exp020-n1024-k08-d180-bs60-f1.732-r03:011108.849: log(exp-norms): [1023.47, 1025.43, 1026.94]
exp020-n1024-k08-d180-bs60-f1.732-r03:011108.849: log(norms):     [1023.47, 1026.22, 1028.24, 1028.24, 1028.27, 1028.38, 1028.26, 1028.37, 1028.46, 1028.41]
exp020-n1024-k08-d180-bs60-f1.732-r03:011108.867: (640 sec)
exp020-n1024-k08-d180-bs60-f1.732-r03:011108.867: Loop 15/100
exp020-n1024-k08-d180-bs60-f1.732-r03:011900.339: log(exp-norms): [1023.47, 1025.43, 1026.94]
exp020-n1024-k08-d180-bs60-f1.732-r03:011900.340: log(norms):     [1023.47, 1026.22, 1028.24, 1028.24, 1028.27, 1028.38, 1028.26, 1028.26, 1028.41, 1028.3]
exp020-n1024-k08-d180-bs60-f1.732-r03:011900.368: (792 sec)
exp020-n1024-k08-d180-bs60-f1.732-r03:011900.369: Loop 16/100
exp020-n1024-k08-d180-bs60-f1.732-r03:012975.164: log(exp-norms): [1023.47, 1025.43, 1026.94]
exp020-n1024-k08-d180-bs60-f1.732-r03:012975.165: log(norms):     [1023.47, 1026.22, 1028.21, 1028.3, 1028.24, 1028.24, 1028.47, 1028.38, 1028.38, 1028.27]
exp020-n1024-k08-d180-bs60-f1.732-r03:012975.186: (1075 sec)
exp020-n1024-k08-d180-bs60-f1.732-r03:012975.187: Loop 17/100
exp020-n1024-k08-d180-bs60-f1.732-r03:013997.517: log(exp-norms): [1023.47, 1025.43, 1026.94]
exp020-n1024-k08-d180-bs60-f1.732-r03:013997.518: log(norms):     [1023.47, 1026.22, 1028.21, 1028.26, 1028.31, 1028.31, 1028.59, 1028.37, 1028.36, 1028.34]
exp020-n1024-k08-d180-bs60-f1.732-r03:013997.537: (1023 sec)
exp020-n1024-k08-d180-bs60-f1.732-r03:013997.537: Loop 18/100
exp020-n1024-k08-d180-bs60-f1.732-r03:014939.708: log(exp-norms): [1023.47, 1025.43, 1026.94]
exp020-n1024-k08-d180-bs60-f1.732-r03:014939.710: log(norms):     [1023.47, 1026.22, 1028.21, 1028.26, 1028.31, 1028.31, 1028.59, 1028.38, 1028.43, 1028.51]
exp020-n1024-k08-d180-bs60-f1.732-r03:014939.730: (943 sec)
exp020-n1024-k08-d180-bs60-f1.732-r03:014939.730: Loop 19/100
exp020-n1024-k08-d180-bs60-f1.732-r03:015920.527: log(exp-norms): [1023.47, 1025.43, 1026.94]
exp020-n1024-k08-d180-bs60-f1.732-r03:015920.527: log(norms):     [1023.47, 1026.22, 1028.21, 1028.26, 1028.31, 1028.36, 1028.33, 1028.41, 1028.39, 1028.47]
exp020-n1024-k08-d180-bs60-f1.732-r03:015920.546: (981 sec)
exp020-n1024-k08-d180-bs60-f1.732-r03:015920.546: Loop 20/100
exp020-n1024-k08-d180-bs60-f1.732-r03:016830.957: log(exp-norms): [1023.47, 1025.43, 1026.94]
exp020-n1024-k08-d180-bs60-f1.732-r03:016830.958: log(norms):     [1023.47, 1026.22, 1028.21, 1028.26, 1028.31, 1028.36, 1028.33, 1028.41, 1028.32, 1028.35]
exp020-n1024-k08-d180-bs60-f1.732-r03:016830.978: (911 sec)
exp020-n1024-k08-d180-bs60-f1.732-r03:016830.978: Loop 21/100
exp020-n1024-k08-d180-bs60-f1.732-r03:017735.824: log(exp-norms): [1023.47, 1025.43, 1026.94]
exp020-n1024-k08-d180-bs60-f1.732-r03:017735.824: log(norms):     [1023.47, 1026.22, 1028.21, 1028.26, 1028.31, 1028.31, 1028.36, 1028.33, 1028.32, 1028.38]
exp020-n1024-k08-d180-bs60-f1.732-r03:017735.853: (905 sec)
exp020-n1024-k08-d180-bs60-f1.732-r03:017735.854: Loop 22/100
exp020-n1024-k08-d180-bs60-f1.732-r03:018656.848: log(exp-norms): [1023.47, 1025.43, 1026.94]
exp020-n1024-k08-d180-bs60-f1.732-r03:018656.849: log(norms):     [1023.47, 1026.22, 1028.21, 1028.26, 1028.31, 1028.31, 1028.36, 1028.33, 1028.19, 1028.32]
exp020-n1024-k08-d180-bs60-f1.732-r03:018656.877: (922 sec)
exp020-n1024-k08-d180-bs60-f1.732-r03:018656.878: Loop 23/100
exp020-n1024-k08-d180-bs60-f1.732-r03:019529.767: log(exp-norms): [1023.47, 1025.43, 1026.94]
exp020-n1024-k08-d180-bs60-f1.732-r03:019529.768: log(norms):     [1023.47, 1026.22, 1028.19, 1028.21, 1028.26, 1028.31, 1028.33, 1028.36, 1028.39, 1028.47]
exp020-n1024-k08-d180-bs60-f1.732-r03:019529.794: (873 sec)
exp020-n1024-k08-d180-bs60-f1.732-r03:019529.795: Loop 24/100
exp020-n1024-k08-d180-bs60-f1.732-r03:020552.131: log(exp-norms): [1023.47, 1025.43, 1026.94]
exp020-n1024-k08-d180-bs60-f1.732-r03:020552.132: log(norms):     [1023.47, 1026.22, 1028.19, 1028.21, 1028.36, 1028.26, 1028.33, 1028.31, 1028.47, 1028.36]
exp020-n1024-k08-d180-bs60-f1.732-r03:020552.150: (1023 sec)
exp020-n1024-k08-d180-bs60-f1.732-r03:020552.151: Loop 25/100
exp020-n1024-k08-d180-bs60-f1.732-r03:021460.024: log(exp-norms): [1023.47, 1025.43, 1026.94]
exp020-n1024-k08-d180-bs60-f1.732-r03:021460.025: log(norms):     [1023.47, 1026.22, 1028.19, 1028.21, 1028.36, 1028.26, 1028.33, 1028.31, 1028.47, 1028.36]
exp020-n1024-k08-d180-bs60-f1.732-r03:021460.054: (908 sec)
exp020-n1024-k08-d180-bs60-f1.732-r03:021460.054: Loop 26/100
exp020-n1024-k08-d180-bs60-f1.732-r03:022200.277: log(exp-norms): [1023.47, 1025.43, 1026.94]
exp020-n1024-k08-d180-bs60-f1.732-r03:022200.277: log(norms):     [1023.47, 1026.22, 1028.19, 1028.21, 1028.36, 1028.26, 1028.33, 1028.31, 1028.47, 1028.36]
exp020-n1024-k08-d180-bs60-f1.732-r03:022200.295: (741 sec)
exp020-n1024-k08-d180-bs60-f1.732-r03:022200.295: Loop 27/100
exp020-n1024-k08-d180-bs60-f1.732-r03:022934.697: log(exp-norms): [1023.47, 1025.43, 1026.94]
exp020-n1024-k08-d180-bs60-f1.732-r03:022934.697: log(norms):     [1023.47, 1026.22, 1028.19, 1028.3, 1028.29, 1028.33, 1028.21, 1028.47, 1028.33, 1028.26]
exp020-n1024-k08-d180-bs60-f1.732-r03:022934.716: (735 sec)
exp020-n1024-k08-d180-bs60-f1.732-r03:022934.716: Loop 28/100
exp020-n1024-k08-d180-bs60-f1.732-r03:023809.506: log(exp-norms): [1023.47, 1025.43, 1026.94]
exp020-n1024-k08-d180-bs60-f1.732-r03:023809.507: log(norms):     [1023.47, 1026.22, 1028.19, 1028.3, 1028.29, 1028.33, 1028.21, 1028.47, 1028.33, 1028.26]
exp020-n1024-k08-d180-bs60-f1.732-r03:023809.526: (875 sec)
exp020-n1024-k08-d180-bs60-f1.732-r03:023809.527: Loop 29/100
exp020-n1024-k08-d180-bs60-f1.732-r03:024530.658: log(exp-norms): [1023.47, 1025.43, 1026.94]
exp020-n1024-k08-d180-bs60-f1.732-r03:024530.658: log(norms):     [1023.47, 1026.22, 1028.16, 1028.19, 1028.3, 1028.29, 1028.33, 1028.21, 1028.47, 1028.47]
exp020-n1024-k08-d180-bs60-f1.732-r03:024530.678: (722 sec)
exp020-n1024-k08-d180-bs60-f1.732-r03:024530.678: Loop 30/100
exp020-n1024-k08-d180-bs60-f1.732-r03:025156.304: log(exp-norms): [1023.47, 1025.43, 1026.94]
exp020-n1024-k08-d180-bs60-f1.732-r03:025156.305: log(norms):     [1023.47, 1026.22, 1028.16, 1028.19, 1028.3, 1028.41, 1028.29, 1028.34, 1028.33, 1028.21]
exp020-n1024-k08-d180-bs60-f1.732-r03:025156.322: (626 sec)
exp020-n1024-k08-d180-bs60-f1.732-r03:025156.322: Loop 31/100
exp020-n1024-k08-d180-bs60-f1.732-r03:025795.029: log(exp-norms): [1023.47, 1025.43, 1026.94]
exp020-n1024-k08-d180-bs60-f1.732-r03:025795.030: log(norms):     [1023.47, 1026.22, 1028.16, 1028.19, 1028.3, 1028.41, 1028.24, 1028.27, 1028.47, 1028.21]
exp020-n1024-k08-d180-bs60-f1.732-r03:025795.048: (639 sec)
exp020-n1024-k08-d180-bs60-f1.732-r03:025795.049: Loop 32/100
exp020-n1024-k08-d180-bs60-f1.732-r03:026454.308: log(exp-norms): [1023.47, 1025.43, 1026.94]
exp020-n1024-k08-d180-bs60-f1.732-r03:026454.309: log(norms):     [1023.47, 1026.22, 1028.16, 1028.19, 1028.3, 1028.41, 1028.33, 1028.28, 1028.27, 1028.21]
exp020-n1024-k08-d180-bs60-f1.732-r03:026454.326: (660 sec)
exp020-n1024-k08-d180-bs60-f1.732-r03:026454.326: Loop 33/100
exp020-n1024-k08-d180-bs60-f1.732-r03:027094.487: log(exp-norms): [1023.47, 1025.43, 1026.94]
exp020-n1024-k08-d180-bs60-f1.732-r03:027094.487: log(norms):     [1023.47, 1026.22, 1028.16, 1028.19, 1028.3, 1028.41, 1028.33, 1028.28, 1028.27, 1028.21]
exp020-n1024-k08-d180-bs60-f1.732-r03:027094.506: (641 sec)
exp020-n1024-k08-d180-bs60-f1.732-r03:027094.506: Loop 34/100
exp020-n1024-k08-d180-bs60-f1.732-r03:027708.659: log(exp-norms): [1023.47, 1025.43, 1026.94]
exp020-n1024-k08-d180-bs60-f1.732-r03:027708.660: log(norms):     [1023.47, 1026.22, 1028.16, 1028.19, 1028.3, 1028.41, 1028.33, 1028.28, 1028.27, 1028.21]
exp020-n1024-k08-d180-bs60-f1.732-r03:027708.677: (615 sec)
exp020-n1024-k08-d180-bs60-f1.732-r03:027708.677: Loop 35/100
exp020-n1024-k08-d180-bs60-f1.732-r03:028338.760: log(exp-norms): [1023.47, 1025.43, 1026.94]
exp020-n1024-k08-d180-bs60-f1.732-r03:028338.761: log(norms):     [1023.47, 1026.22, 1028.16, 1028.18, 1028.19, 1028.3, 1028.41, 1028.33, 1028.28, 1028.43]
exp020-n1024-k08-d180-bs60-f1.732-r03:028338.778: (631 sec)
exp020-n1024-k08-d180-bs60-f1.732-r03:028338.778: Loop 36/100
exp020-n1024-k08-d180-bs60-f1.732-r03:028948.212: log(exp-norms): [1023.47, 1025.43, 1026.94]
exp020-n1024-k08-d180-bs60-f1.732-r03:028948.212: log(norms):     [1023.47, 1026.22, 1028.16, 1028.18, 1028.25, 1028.3, 1028.41, 1028.3, 1028.19, 1028.28]
exp020-n1024-k08-d180-bs60-f1.732-r03:028948.230: (610 sec)
exp020-n1024-k08-d180-bs60-f1.732-r03:028948.230: Loop 37/100
exp020-n1024-k08-d180-bs60-f1.732-r03:029600.113: log(exp-norms): [1023.47, 1025.43, 1026.94]
exp020-n1024-k08-d180-bs60-f1.732-r03:029600.114: log(norms):     [1023.47, 1026.22, 1028.16, 1028.18, 1028.25, 1028.3, 1028.41, 1028.3, 1028.19, 1028.28]
exp020-n1024-k08-d180-bs60-f1.732-r03:029600.131: (652 sec)
exp020-n1024-k08-d180-bs60-f1.732-r03:029600.131: Loop 38/100
exp020-n1024-k08-d180-bs60-f1.732-r03:030212.310: log(exp-norms): [1023.47, 1025.43, 1026.94]
exp020-n1024-k08-d180-bs60-f1.732-r03:030212.311: log(norms):     [1023.47, 1026.22, 1028.16, 1028.18, 1028.25, 1028.3, 1028.41, 1028.3, 1028.19, 1028.28]
exp020-n1024-k08-d180-bs60-f1.732-r03:030212.328: (613 sec)
exp020-n1024-k08-d180-bs60-f1.732-r03:030212.328: Loop 39/100
exp020-n1024-k08-d180-bs60-f1.732-r03:030829.439: log(exp-norms): [1023.47, 1025.43, 1026.94]
exp020-n1024-k08-d180-bs60-f1.732-r03:030829.440: log(norms):     [1023.47, 1026.22, 1028.16, 1028.18, 1028.25, 1028.3, 1028.41, 1028.3, 1028.19, 1028.28]
exp020-n1024-k08-d180-bs60-f1.732-r03:030829.457: (618 sec)
exp020-n1024-k08-d180-bs60-f1.732-r03:030829.457: Loop 40/100
exp020-n1024-k08-d180-bs60-f1.732-r03:031451.322: log(exp-norms): [1023.47, 1025.43, 1026.94]
exp020-n1024-k08-d180-bs60-f1.732-r03:031451.322: log(norms):     [1023.47, 1026.22, 1028.16, 1028.17, 1028.18, 1028.25, 1028.3, 1028.32, 1028.33, 1028.3]
exp020-n1024-k08-d180-bs60-f1.732-r03:031451.341: (622 sec)
exp020-n1024-k08-d180-bs60-f1.732-r03:031451.342: Loop 41/100
exp020-n1024-k08-d180-bs60-f1.732-r03:032142.074: log(exp-norms): [1023.47, 1025.43, 1026.94]
exp020-n1024-k08-d180-bs60-f1.732-r03:032142.075: log(norms):     [1023.47, 1026.22, 1028.16, 1028.17, 1028.18, 1028.25, 1028.3, 1028.32, 1028.33, 1028.42]
exp020-n1024-k08-d180-bs60-f1.732-r03:032142.093: (691 sec)
exp020-n1024-k08-d180-bs60-f1.732-r03:032142.093: Loop 42/100
exp020-n1024-k08-d180-bs60-f1.732-r03:032742.836: log(exp-norms): [1023.47, 1025.43, 1026.94]
exp020-n1024-k08-d180-bs60-f1.732-r03:032742.837: log(norms):     [1023.47, 1026.22, 1028.16, 1028.17, 1028.18, 1028.25, 1028.3, 1028.32, 1028.33, 1028.42]
exp020-n1024-k08-d180-bs60-f1.732-r03:032742.855: (601 sec)
exp020-n1024-k08-d180-bs60-f1.732-r03:032742.855: Loop 43/100
exp020-n1024-k08-d180-bs60-f1.732-r03:033372.072: log(exp-norms): [1023.47, 1025.43, 1026.94]
exp020-n1024-k08-d180-bs60-f1.732-r03:033372.073: log(norms):     [1023.47, 1026.22, 1028.16, 1028.17, 1028.18, 1028.25, 1028.3, 1028.32, 1028.33, 1028.42]
exp020-n1024-k08-d180-bs60-f1.732-r03:033372.090: (630 sec)
exp020-n1024-k08-d180-bs60-f1.732-r03:033372.090: Loop 44/100
exp020-n1024-k08-d180-bs60-f1.732-r03:034028.194: log(exp-norms): [1023.47, 1025.43, 1026.94]
exp020-n1024-k08-d180-bs60-f1.732-r03:034028.195: log(norms):     [1023.47, 1026.22, 1028.16, 1028.17, 1028.18, 1028.25, 1028.3, 1028.32, 1028.33, 1028.42]
exp020-n1024-k08-d180-bs60-f1.732-r03:034028.212: (657 sec)
exp020-n1024-k08-d180-bs60-f1.732-r03:034028.212: Loop 45/100
exp020-n1024-k08-d180-bs60-f1.732-r03:034659.506: log(exp-norms): [1023.47, 1025.43, 1026.94]
exp020-n1024-k08-d180-bs60-f1.732-r03:034659.506: log(norms):     [1023.47, 1026.22, 1028.16, 1028.17, 1028.32, 1028.3, 1028.25, 1028.53, 1028.34, 1028.38]
exp020-n1024-k08-d180-bs60-f1.732-r03:034659.523: (632 sec)
exp020-n1024-k08-d180-bs60-f1.732-r03:034659.524: Loop 46/100
exp020-n1024-k08-d180-bs60-f1.732-r03:035287.215: log(exp-norms): [1023.47, 1025.43, 1026.94]
exp020-n1024-k08-d180-bs60-f1.732-r03:035287.215: log(norms):     [1023.47, 1026.22, 1028.16, 1028.17, 1028.32, 1028.37, 1028.3, 1028.53, 1028.25, 1028.34]
exp020-n1024-k08-d180-bs60-f1.732-r03:035287.234: (628 sec)
exp020-n1024-k08-d180-bs60-f1.732-r03:035287.234: Loop 47/100
exp020-n1024-k08-d180-bs60-f1.732-r03:035932.871: log(exp-norms): [1023.47, 1025.43, 1026.94]
exp020-n1024-k08-d180-bs60-f1.732-r03:035932.871: log(norms):     [1023.47, 1026.22, 1028.16, 1028.17, 1028.32, 1028.37, 1028.3, 1028.36, 1028.32, 1028.47]
exp020-n1024-k08-d180-bs60-f1.732-r03:035932.889: (646 sec)
exp020-n1024-k08-d180-bs60-f1.732-r03:035932.889: Loop 48/100
exp020-n1024-k08-d180-bs60-f1.732-r03:036587.407: log(exp-norms): [1023.47, 1025.43, 1026.94]
exp020-n1024-k08-d180-bs60-f1.732-r03:036587.408: log(norms):     [1023.47, 1026.22, 1028.16, 1028.17, 1028.32, 1028.37, 1028.3, 1028.36, 1028.33, 1028.49]
exp020-n1024-k08-d180-bs60-f1.732-r03:036587.425: (655 sec)
exp020-n1024-k08-d180-bs60-f1.732-r03:036587.426: Loop 49/100
exp020-n1024-k08-d180-bs60-f1.732-r03:037242.270: log(exp-norms): [1023.47, 1025.43, 1026.94]
exp020-n1024-k08-d180-bs60-f1.732-r03:037242.270: log(norms):     [1023.47, 1026.22, 1028.16, 1028.17, 1028.32, 1028.37, 1028.3, 1028.36, 1028.33, 1028.49]
exp020-n1024-k08-d180-bs60-f1.732-r03:037242.289: (655 sec)
exp020-n1024-k08-d180-bs60-f1.732-r03:037242.289: Loop 50/100
exp020-n1024-k08-d180-bs60-f1.732-r03:037898.774: log(exp-norms): [1023.47, 1025.43, 1026.94]
exp020-n1024-k08-d180-bs60-f1.732-r03:037898.775: log(norms):     [1023.47, 1026.22, 1028.16, 1028.17, 1028.32, 1028.37, 1028.3, 1028.4, 1028.36, 1028.33]
exp020-n1024-k08-d180-bs60-f1.732-r03:037898.793: (657 sec)
exp020-n1024-k08-d180-bs60-f1.732-r03:037898.794: Loop 51/100
exp020-n1024-k08-d180-bs60-f1.732-r03:038572.590: log(exp-norms): [1023.47, 1025.43, 1026.94]
exp020-n1024-k08-d180-bs60-f1.732-r03:038572.590: log(norms):     [1023.47, 1026.22, 1028.16, 1028.17, 1028.21, 1028.32, 1028.37, 1028.3, 1028.26, 1028.4]
exp020-n1024-k08-d180-bs60-f1.732-r03:038572.607: (674 sec)
exp020-n1024-k08-d180-bs60-f1.732-r03:038572.608: Loop 52/100
exp020-n1024-k08-d180-bs60-f1.732-r03:039190.479: log(exp-norms): [1023.47, 1025.43, 1026.94]
exp020-n1024-k08-d180-bs60-f1.732-r03:039190.480: log(norms):     [1023.47, 1026.22, 1028.16, 1028.17, 1028.21, 1028.32, 1028.37, 1028.3, 1028.26, 1028.4]
exp020-n1024-k08-d180-bs60-f1.732-r03:039190.498: (618 sec)
exp020-n1024-k08-d180-bs60-f1.732-r03:039190.498: Loop 53/100
exp020-n1024-k08-d180-bs60-f1.732-r03:039857.042: log(exp-norms): [1023.47, 1025.43, 1026.94]
exp020-n1024-k08-d180-bs60-f1.732-r03:039857.042: log(norms):     [1023.47, 1026.22, 1028.16, 1028.17, 1028.21, 1028.32, 1028.37, 1028.3, 1028.26, 1028.4]
exp020-n1024-k08-d180-bs60-f1.732-r03:039857.063: (667 sec)
exp020-n1024-k08-d180-bs60-f1.732-r03:039857.064: Loop 54/100
exp020-n1024-k08-d180-bs60-f1.732-r03:040490.895: log(exp-norms): [1023.47, 1025.43, 1026.94]
exp020-n1024-k08-d180-bs60-f1.732-r03:040490.898: log(norms):     [1023.47, 1026.22, 1028.16, 1028.17, 1028.21, 1028.32, 1028.37, 1028.3, 1028.26, 1028.43]
exp020-n1024-k08-d180-bs60-f1.732-r03:040490.915: (634 sec)
exp020-n1024-k08-d180-bs60-f1.732-r03:040490.915: Loop 55/100
exp020-n1024-k08-d180-bs60-f1.732-r03:041144.757: log(exp-norms): [1023.47, 1025.43, 1026.94]
exp020-n1024-k08-d180-bs60-f1.732-r03:041144.757: log(norms):     [1023.47, 1026.22, 1028.16, 1028.17, 1028.21, 1028.32, 1028.37, 1028.3, 1028.26, 1028.43]
exp020-n1024-k08-d180-bs60-f1.732-r03:041144.775: (654 sec)
exp020-n1024-k08-d180-bs60-f1.732-r03:041144.776: Loop 56/100
exp020-n1024-k08-d180-bs60-f1.732-r03:041795.223: log(exp-norms): [1023.47, 1025.43, 1026.94]
exp020-n1024-k08-d180-bs60-f1.732-r03:041795.224: log(norms):     [1023.47, 1026.22, 1028.16, 1028.17, 1028.21, 1028.32, 1028.37, 1028.3, 1028.26, 1028.43]
exp020-n1024-k08-d180-bs60-f1.732-r03:041795.241: (651 sec)
exp020-n1024-k08-d180-bs60-f1.732-r03:041795.241: Loop 57/100
exp020-n1024-k08-d180-bs60-f1.732-r03:042447.547: log(exp-norms): [1023.47, 1025.43, 1026.94]
exp020-n1024-k08-d180-bs60-f1.732-r03:042447.548: log(norms):     [1023.47, 1026.22, 1028.16, 1028.17, 1028.21, 1028.32, 1028.37, 1028.3, 1028.26, 1028.43]
exp020-n1024-k08-d180-bs60-f1.732-r03:042447.567: (653 sec)
exp020-n1024-k08-d180-bs60-f1.732-r03:042447.568: Loop 58/100
exp020-n1024-k08-d180-bs60-f1.732-r03:043089.370: log(exp-norms): [1023.47, 1025.43, 1026.94]
exp020-n1024-k08-d180-bs60-f1.732-r03:043089.371: log(norms):     [1023.47, 1026.22, 1028.16, 1028.17, 1028.18, 1028.21, 1028.32, 1028.37, 1028.3, 1028.26]
exp020-n1024-k08-d180-bs60-f1.732-r03:043089.387: (642 sec)
exp020-n1024-k08-d180-bs60-f1.732-r03:043089.388: Loop 59/100
exp020-n1024-k08-d180-bs60-f1.732-r03:043740.356: log(exp-norms): [1023.47, 1025.43, 1026.94]
exp020-n1024-k08-d180-bs60-f1.732-r03:043740.356: log(norms):     [1023.47, 1026.22, 1028.16, 1028.17, 1028.18, 1028.21, 1028.32, 1028.37, 1028.3, 1028.48]
exp020-n1024-k08-d180-bs60-f1.732-r03:043740.375: (651 sec)
exp020-n1024-k08-d180-bs60-f1.732-r03:043740.376: Loop 60/100
exp020-n1024-k08-d180-bs60-f1.732-r03:044391.836: log(exp-norms): [1023.47, 1025.43, 1026.94]
exp020-n1024-k08-d180-bs60-f1.732-r03:044391.836: log(norms):     [1023.47, 1026.22, 1028.16, 1028.17, 1028.18, 1028.21, 1028.32, 1028.37, 1028.3, 1028.47]
exp020-n1024-k08-d180-bs60-f1.732-r03:044391.854: (652 sec)
exp020-n1024-k08-d180-bs60-f1.732-r03:044391.855: Loop 61/100
exp020-n1024-k08-d180-bs60-f1.732-r03:045006.595: log(exp-norms): [1023.47, 1025.43, 1026.94]
exp020-n1024-k08-d180-bs60-f1.732-r03:045006.596: log(norms):     [1023.47, 1026.22, 1028.16, 1028.17, 1028.18, 1028.21, 1028.32, 1028.37, 1028.3, 1028.47]
exp020-n1024-k08-d180-bs60-f1.732-r03:045006.628: (615 sec)
exp020-n1024-k08-d180-bs60-f1.732-r03:045006.629: Loop 62/100
exp020-n1024-k08-d180-bs60-f1.732-r03:045676.118: log(exp-norms): [1023.47, 1025.43, 1026.94]
exp020-n1024-k08-d180-bs60-f1.732-r03:045676.119: log(norms):     [1023.47, 1026.22, 1028.16, 1028.17, 1028.18, 1028.21, 1028.32, 1028.37, 1028.3, 1028.47]
exp020-n1024-k08-d180-bs60-f1.732-r03:045676.136: (670 sec)
exp020-n1024-k08-d180-bs60-f1.732-r03:045676.136: Loop 63/100
exp020-n1024-k08-d180-bs60-f1.732-r03:046323.949: log(exp-norms): [1023.47, 1025.43, 1026.94]
exp020-n1024-k08-d180-bs60-f1.732-r03:046323.949: log(norms):     [1023.47, 1026.22, 1028.16, 1028.17, 1028.18, 1028.21, 1028.32, 1028.37, 1028.3, 1028.47]
exp020-n1024-k08-d180-bs60-f1.732-r03:046323.966: (648 sec)
exp020-n1024-k08-d180-bs60-f1.732-r03:046323.967: Loop 64/100
exp020-n1024-k08-d180-bs60-f1.732-r03:046995.917: log(exp-norms): [1023.47, 1025.43, 1026.94]
exp020-n1024-k08-d180-bs60-f1.732-r03:046995.917: log(norms):     [1023.47, 1026.22, 1028.16, 1028.17, 1028.18, 1028.21, 1028.32, 1028.37, 1028.3, 1028.47]
exp020-n1024-k08-d180-bs60-f1.732-r03:046995.934: (672 sec)
exp020-n1024-k08-d180-bs60-f1.732-r03:046995.935: Loop 65/100
exp020-n1024-k08-d180-bs60-f1.732-r03:047635.172: log(exp-norms): [1023.47, 1025.43, 1026.94]
exp020-n1024-k08-d180-bs60-f1.732-r03:047635.173: log(norms):     [1023.47, 1026.22, 1028.16, 1028.17, 1028.18, 1028.21, 1028.32, 1028.37, 1028.3, 1028.47]
exp020-n1024-k08-d180-bs60-f1.732-r03:047635.190: (640 sec)
exp020-n1024-k08-d180-bs60-f1.732-r03:047635.190: Loop 66/100
exp020-n1024-k08-d180-bs60-f1.732-r03:048323.010: log(exp-norms): [1023.47, 1025.43, 1026.94]
exp020-n1024-k08-d180-bs60-f1.732-r03:048323.011: log(norms):     [1023.47, 1026.22, 1028.16, 1028.17, 1028.18, 1028.21, 1028.32, 1028.37, 1028.3, 1028.47]
exp020-n1024-k08-d180-bs60-f1.732-r03:048323.029: (688 sec)
exp020-n1024-k08-d180-bs60-f1.732-r03:048323.029: Loop 67/100
exp020-n1024-k08-d180-bs60-f1.732-r03:049009.962: log(exp-norms): [1023.47, 1025.43, 1026.94]
exp020-n1024-k08-d180-bs60-f1.732-r03:049009.962: log(norms):     [1023.47, 1026.22, 1028.16, 1028.17, 1028.18, 1028.21, 1028.32, 1028.37, 1028.3, 1028.47]
exp020-n1024-k08-d180-bs60-f1.732-r03:049009.981: (687 sec)
exp020-n1024-k08-d180-bs60-f1.732-r03:049009.981: Loop 68/100
exp020-n1024-k08-d180-bs60-f1.732-r03:049684.359: log(exp-norms): [1023.47, 1025.43, 1026.94]
exp020-n1024-k08-d180-bs60-f1.732-r03:049684.360: log(norms):     [1023.47, 1026.22, 1028.16, 1028.17, 1028.18, 1028.21, 1028.32, 1028.37, 1028.3, 1028.47]
exp020-n1024-k08-d180-bs60-f1.732-r03:049684.377: (675 sec)
exp020-n1024-k08-d180-bs60-f1.732-r03:049684.377: Loop 69/100
exp020-n1024-k08-d180-bs60-f1.732-r03:050307.279: log(exp-norms): [1023.47, 1025.43, 1026.94]
exp020-n1024-k08-d180-bs60-f1.732-r03:050307.279: log(norms):     [1023.47, 1026.22, 1028.16, 1028.17, 1028.18, 1028.21, 1028.32, 1028.37, 1028.3, 1028.47]
exp020-n1024-k08-d180-bs60-f1.732-r03:050307.298: (623 sec)
exp020-n1024-k08-d180-bs60-f1.732-r03:050307.298: Loop 70/100
exp020-n1024-k08-d180-bs60-f1.732-r03:050954.372: log(exp-norms): [1023.47, 1025.43, 1026.94]
exp020-n1024-k08-d180-bs60-f1.732-r03:050954.373: log(norms):     [1023.47, 1026.22, 1028.16, 1028.17, 1028.18, 1028.21, 1028.27, 1028.32, 1028.37, 1028.47]
exp020-n1024-k08-d180-bs60-f1.732-r03:050954.390: (648 sec)
exp020-n1024-k08-d180-bs60-f1.732-r03:050954.390: Loop 71/100
exp020-n1024-k08-d180-bs60-f1.732-r03:051602.243: log(exp-norms): [1023.47, 1025.43, 1026.94]
exp020-n1024-k08-d180-bs60-f1.732-r03:051602.244: log(norms):     [1023.47, 1026.22, 1028.16, 1028.17, 1028.18, 1028.21, 1028.27, 1028.32, 1028.37, 1028.47]
exp020-n1024-k08-d180-bs60-f1.732-r03:051602.261: (648 sec)
exp020-n1024-k08-d180-bs60-f1.732-r03:051602.262: Loop 72/100
exp020-n1024-k08-d180-bs60-f1.732-r03:052268.924: log(exp-norms): [1023.47, 1025.43, 1026.94]
exp020-n1024-k08-d180-bs60-f1.732-r03:052268.925: log(norms):     [1023.47, 1026.22, 1028.16, 1028.17, 1028.18, 1028.21, 1028.27, 1028.32, 1028.37, 1028.47]
exp020-n1024-k08-d180-bs60-f1.732-r03:052268.942: (667 sec)
exp020-n1024-k08-d180-bs60-f1.732-r03:052268.943: Loop 73/100
exp020-n1024-k08-d180-bs60-f1.732-r03:052912.164: log(exp-norms): [1023.47, 1025.43, 1026.94]
exp020-n1024-k08-d180-bs60-f1.732-r03:052912.165: log(norms):     [1023.47, 1026.22, 1028.16, 1028.17, 1028.18, 1028.21, 1028.27, 1028.32, 1028.37, 1028.47]
exp020-n1024-k08-d180-bs60-f1.732-r03:052912.183: (644 sec)
exp020-n1024-k08-d180-bs60-f1.732-r03:052912.184: Loop 74/100
exp020-n1024-k08-d180-bs60-f1.732-r03:053563.752: log(exp-norms): [1023.47, 1025.43, 1026.94]
exp020-n1024-k08-d180-bs60-f1.732-r03:053563.752: log(norms):     [1023.47, 1026.22, 1028.16, 1028.17, 1028.18, 1028.17, 1028.21, 1028.27, 1028.32, 1028.37]
exp020-n1024-k08-d180-bs60-f1.732-r03:053563.770: (652 sec)
exp020-n1024-k08-d180-bs60-f1.732-r03:053563.771: Loop 75/100
exp020-n1024-k08-d180-bs60-f1.732-r03:054206.707: log(exp-norms): [1023.47, 1025.43, 1026.94]
exp020-n1024-k08-d180-bs60-f1.732-r03:054206.708: log(norms):     [1023.47, 1026.22, 1028.13, 1028.17, 1028.16, 1028.17, 1028.18, 1028.21, 1028.27, 1028.32]
exp020-n1024-k08-d180-bs60-f1.732-r03:054206.725: (643 sec)
exp020-n1024-k08-d180-bs60-f1.732-r03:054206.726: Loop 76/100
exp020-n1024-k08-d180-bs60-f1.732-r03:054833.671: log(exp-norms): [1023.47, 1025.43, 1026.94]
exp020-n1024-k08-d180-bs60-f1.732-r03:054833.672: log(norms):     [1023.47, 1026.22, 1028.13, 1028.17, 1028.16, 1028.17, 1028.18, 1028.42, 1028.21, 1028.4]
exp020-n1024-k08-d180-bs60-f1.732-r03:054833.690: (627 sec)
exp020-n1024-k08-d180-bs60-f1.732-r03:054833.690: Loop 77/100
exp020-n1024-k08-d180-bs60-f1.732-r03:055491.991: log(exp-norms): [1023.47, 1025.43, 1026.94]
exp020-n1024-k08-d180-bs60-f1.732-r03:055491.992: log(norms):     [1023.47, 1026.22, 1028.13, 1028.17, 1028.16, 1028.17, 1028.18, 1028.32, 1028.35, 1028.42]
exp020-n1024-k08-d180-bs60-f1.732-r03:055492.010: (659 sec)
exp020-n1024-k08-d180-bs60-f1.732-r03:055492.011: Loop 78/100
exp020-n1024-k08-d180-bs60-f1.732-r03:056177.451: log(exp-norms): [1023.47, 1025.43, 1026.94]
exp020-n1024-k08-d180-bs60-f1.732-r03:056177.452: log(norms):     [1023.47, 1026.22, 1028.13, 1028.17, 1028.16, 1028.17, 1028.18, 1028.32, 1028.35, 1028.49]
exp020-n1024-k08-d180-bs60-f1.732-r03:056177.470: (686 sec)
exp020-n1024-k08-d180-bs60-f1.732-r03:056177.470: Loop 79/100
exp020-n1024-k08-d180-bs60-f1.732-r03:056821.917: log(exp-norms): [1023.47, 1025.43, 1026.94]
exp020-n1024-k08-d180-bs60-f1.732-r03:056821.918: log(norms):     [1023.47, 1026.22, 1028.13, 1028.17, 1028.16, 1028.17, 1028.18, 1028.32, 1028.35, 1028.49]
exp020-n1024-k08-d180-bs60-f1.732-r03:056821.936: (645 sec)
exp020-n1024-k08-d180-bs60-f1.732-r03:056821.936: Loop 80/100
exp020-n1024-k08-d180-bs60-f1.732-r03:057492.285: log(exp-norms): [1023.47, 1025.43, 1026.94]
exp020-n1024-k08-d180-bs60-f1.732-r03:057492.286: log(norms):     [1023.47, 1026.22, 1028.13, 1028.17, 1028.16, 1028.33, 1028.17, 1028.32, 1028.18, 1028.35]
exp020-n1024-k08-d180-bs60-f1.732-r03:057492.303: (671 sec)
exp020-n1024-k08-d180-bs60-f1.732-r03:057492.303: Loop 81/100
exp020-n1024-k08-d180-bs60-f1.732-r03:058148.525: log(exp-norms): [1023.47, 1025.43, 1026.94]
exp020-n1024-k08-d180-bs60-f1.732-r03:058148.525: log(norms):     [1023.47, 1026.22, 1028.13, 1028.17, 1028.16, 1028.33, 1028.17, 1028.32, 1028.18, 1028.35]
exp020-n1024-k08-d180-bs60-f1.732-r03:058148.543: (657 sec)
exp020-n1024-k08-d180-bs60-f1.732-r03:058148.543: Loop 82/100
exp020-n1024-k08-d180-bs60-f1.732-r03:058793.569: log(exp-norms): [1023.47, 1025.43, 1026.94]
exp020-n1024-k08-d180-bs60-f1.732-r03:058793.570: log(norms):     [1023.47, 1026.22, 1028.13, 1028.17, 1028.16, 1028.33, 1028.17, 1028.32, 1028.18, 1028.35]
exp020-n1024-k08-d180-bs60-f1.732-r03:058793.587: (646 sec)
exp020-n1024-k08-d180-bs60-f1.732-r03:058793.587: Loop 83/100
exp020-n1024-k08-d180-bs60-f1.732-r03:059447.393: log(exp-norms): [1023.47, 1025.43, 1026.94]
exp020-n1024-k08-d180-bs60-f1.732-r03:059447.394: log(norms):     [1023.47, 1026.22, 1028.13, 1028.17, 1028.16, 1028.33, 1028.17, 1028.32, 1028.18, 1028.35]
exp020-n1024-k08-d180-bs60-f1.732-r03:059447.411: (654 sec)
exp020-n1024-k08-d180-bs60-f1.732-r03:059447.411: Loop 84/100
exp020-n1024-k08-d180-bs60-f1.732-r03:060085.209: log(exp-norms): [1023.47, 1025.43, 1026.94]
exp020-n1024-k08-d180-bs60-f1.732-r03:060085.210: log(norms):     [1023.47, 1026.22, 1028.13, 1028.17, 1028.16, 1028.33, 1028.17, 1028.32, 1028.18, 1028.35]
exp020-n1024-k08-d180-bs60-f1.732-r03:060085.227: (638 sec)
exp020-n1024-k08-d180-bs60-f1.732-r03:060085.227: Loop 85/100
exp020-n1024-k08-d180-bs60-f1.732-r03:060757.737: log(exp-norms): [1023.47, 1025.43, 1026.94]
exp020-n1024-k08-d180-bs60-f1.732-r03:060757.738: log(norms):     [1023.47, 1026.22, 1028.13, 1028.17, 1028.16, 1028.33, 1028.17, 1028.32, 1028.18, 1028.35]
exp020-n1024-k08-d180-bs60-f1.732-r03:060757.755: (673 sec)
exp020-n1024-k08-d180-bs60-f1.732-r03:060757.755: Loop 86/100
exp020-n1024-k08-d180-bs60-f1.732-r03:061407.371: log(exp-norms): [1023.47, 1025.43, 1026.94]
exp020-n1024-k08-d180-bs60-f1.732-r03:061407.371: log(norms):     [1023.47, 1026.22, 1028.13, 1028.17, 1028.16, 1028.33, 1028.17, 1028.32, 1028.18, 1028.35]
exp020-n1024-k08-d180-bs60-f1.732-r03:061407.388: (650 sec)
exp020-n1024-k08-d180-bs60-f1.732-r03:061407.389: Loop 87/100
exp020-n1024-k08-d180-bs60-f1.732-r03:062047.732: log(exp-norms): [1023.47, 1025.43, 1026.94]
exp020-n1024-k08-d180-bs60-f1.732-r03:062047.733: log(norms):     [1023.47, 1026.22, 1028.13, 1028.17, 1028.16, 1028.33, 1028.17, 1028.32, 1028.18, 1028.35]
exp020-n1024-k08-d180-bs60-f1.732-r03:062047.750: (641 sec)
exp020-n1024-k08-d180-bs60-f1.732-r03:062047.750: Loop 88/100
exp020-n1024-k08-d180-bs60-f1.732-r03:062694.001: log(exp-norms): [1023.47, 1025.43, 1026.94]
exp020-n1024-k08-d180-bs60-f1.732-r03:062694.001: log(norms):     [1023.47, 1026.22, 1028.13, 1028.17, 1028.16, 1028.33, 1028.17, 1028.32, 1028.18, 1028.35]
exp020-n1024-k08-d180-bs60-f1.732-r03:062694.018: (647 sec)
exp020-n1024-k08-d180-bs60-f1.732-r03:062694.019: Loop 89/100
exp020-n1024-k08-d180-bs60-f1.732-r03:063364.025: log(exp-norms): [1023.47, 1025.43, 1026.94]
exp020-n1024-k08-d180-bs60-f1.732-r03:063364.026: log(norms):     [1023.47, 1026.22, 1028.13, 1028.17, 1028.16, 1028.33, 1028.17, 1028.32, 1028.18, 1028.35]
exp020-n1024-k08-d180-bs60-f1.732-r03:063364.045: (671 sec)
exp020-n1024-k08-d180-bs60-f1.732-r03:063364.045: Loop 90/100
exp020-n1024-k08-d180-bs60-f1.732-r03:064086.640: log(exp-norms): [1023.47, 1025.43, 1026.94]
exp020-n1024-k08-d180-bs60-f1.732-r03:064086.641: log(norms):     [1023.47, 1026.22, 1028.13, 1028.17, 1028.16, 1028.24, 1028.35, 1028.32, 1028.21, 1028.2]
exp020-n1024-k08-d180-bs60-f1.732-r03:064086.658: (723 sec)
exp020-n1024-k08-d180-bs60-f1.732-r03:064086.659: Loop 91/100
exp020-n1024-k08-d180-bs60-f1.732-r03:064791.172: log(exp-norms): [1023.47, 1025.43, 1026.94]
exp020-n1024-k08-d180-bs60-f1.732-r03:064791.172: log(norms):     [1023.47, 1026.22, 1028.13, 1028.17, 1028.16, 1028.24, 1028.35, 1028.32, 1028.21, 1028.29]
exp020-n1024-k08-d180-bs60-f1.732-r03:064791.189: (705 sec)
exp020-n1024-k08-d180-bs60-f1.732-r03:064791.190: Loop 92/100
exp020-n1024-k08-d180-bs60-f1.732-r03:065428.885: log(exp-norms): [1023.47, 1025.43, 1026.94]
exp020-n1024-k08-d180-bs60-f1.732-r03:065428.885: log(norms):     [1023.47, 1026.22, 1028.13, 1028.17, 1028.16, 1028.24, 1028.35, 1028.32, 1028.26, 1028.21]
exp020-n1024-k08-d180-bs60-f1.732-r03:065428.924: (638 sec)
exp020-n1024-k08-d180-bs60-f1.732-r03:065428.925: Loop 93/100
exp020-n1024-k08-d180-bs60-f1.732-r03:066085.963: log(exp-norms): [1023.47, 1025.43, 1026.94]
exp020-n1024-k08-d180-bs60-f1.732-r03:066085.964: log(norms):     [1023.47, 1026.22, 1028.13, 1028.17, 1028.16, 1028.24, 1028.35, 1028.32, 1028.26, 1028.21]
exp020-n1024-k08-d180-bs60-f1.732-r03:066085.981: (658 sec)
exp020-n1024-k08-d180-bs60-f1.732-r03:066085.982: Loop 94/100
exp020-n1024-k08-d180-bs60-f1.732-r03:066781.673: log(exp-norms): [1023.47, 1025.43, 1026.94]
exp020-n1024-k08-d180-bs60-f1.732-r03:066781.673: log(norms):     [1023.47, 1026.22, 1028.13, 1028.17, 1028.26, 1028.16, 1028.21, 1028.24, 1028.35, 1028.32]
exp020-n1024-k08-d180-bs60-f1.732-r03:066781.690: (696 sec)
exp020-n1024-k08-d180-bs60-f1.732-r03:066781.691: Loop 95/100
exp020-n1024-k08-d180-bs60-f1.732-r03:067460.899: log(exp-norms): [1023.47, 1025.43, 1026.94]
exp020-n1024-k08-d180-bs60-f1.732-r03:067460.900: log(norms):     [1023.47, 1026.22, 1028.13, 1028.17, 1028.26, 1028.16, 1028.21, 1028.29, 1028.35, 1028.24]
exp020-n1024-k08-d180-bs60-f1.732-r03:067460.917: (680 sec)
exp020-n1024-k08-d180-bs60-f1.732-r03:067460.917: Loop 96/100
exp020-n1024-k08-d180-bs60-f1.732-r03:068148.191: log(exp-norms): [1023.47, 1025.43, 1026.94]
exp020-n1024-k08-d180-bs60-f1.732-r03:068148.192: log(norms):     [1023.47, 1026.22, 1028.13, 1028.17, 1028.26, 1028.17, 1028.16, 1028.21, 1028.29, 1028.2]
exp020-n1024-k08-d180-bs60-f1.732-r03:068148.210: (688 sec)
exp020-n1024-k08-d180-bs60-f1.732-r03:068148.210: Loop 97/100
exp020-n1024-k08-d180-bs60-f1.732-r03:068851.421: log(exp-norms): [1023.47, 1025.43, 1026.94]
exp020-n1024-k08-d180-bs60-f1.732-r03:068851.422: log(norms):     [1023.47, 1026.22, 1028.13, 1028.17, 1028.26, 1028.17, 1028.16, 1028.21, 1028.29, 1028.2]
exp020-n1024-k08-d180-bs60-f1.732-r03:068851.439: (704 sec)
exp020-n1024-k08-d180-bs60-f1.732-r03:068851.440: Loop 98/100
exp020-n1024-k08-d180-bs60-f1.732-r03:069523.193: log(exp-norms): [1023.47, 1025.43, 1026.94]
exp020-n1024-k08-d180-bs60-f1.732-r03:069523.194: log(norms):     [1023.47, 1026.22, 1028.13, 1028.17, 1028.26, 1028.17, 1028.16, 1028.21, 1028.29, 1028.2]
exp020-n1024-k08-d180-bs60-f1.732-r03:069523.213: (672 sec)
exp020-n1024-k08-d180-bs60-f1.732-r03:069523.214: Loop 99/100
exp020-n1024-k08-d180-bs60-f1.732-r03:070192.909: log(exp-norms): [1023.47, 1025.43, 1026.94]
exp020-n1024-k08-d180-bs60-f1.732-r03:070192.909: log(norms):     [1023.47, 1026.22, 1028.13, 1028.17, 1028.26, 1028.17, 1028.16, 1028.21, 1028.29, 1028.42]
exp020-n1024-k08-d180-bs60-f1.732-r03:070192.926: (670 sec)
exp020-n1024-k08-d180-bs60-f1.732-r03:070192.927: Loop 100/100
exp020-n1024-k08-d180-bs60-f1.732-r03:070863.011: log(exp-norms): [1023.47, 1025.43, 1026.94]
exp020-n1024-k08-d180-bs60-f1.732-r03:070863.012: log(norms):     [1023.47, 1025.43, 1026.22, 1028.13, 1028.17, 1028.19, 1028.26, 1028.19, 1028.17, 1028.36]
exp020-n1024-k08-d180-bs60-f1.732-r03:070863.029: (671 sec)
exp020-n1024-k08-d180-bs60-f1.732-r03:070863.029: ==========================Summary===========================
exp020-n1024-k08-d180-bs60-f1.732-r03:070863.029: Total time: 70863sec
exp020-n1024-k08-d180-bs60-f1.732-r03:070863.029: SUCCESS
exp020-n1024-k08-d180-bs60-f1.732-r03:070863.029: HNP solution: 102877459799250792326854090176246283928902714295008794401210495853451957450332360389833835914697002769626968958064729899701228197869293238098522849211980830108748219116474573576592369579195186942039575989686384566012462018951333772564017111221060746521375752504393062285465569978124329414276142313387547500583
exp020-n1024-k08-d180-bs60-f1.732-r03:070863.029: Shared secret: 102877459799250792326854090176246283928902714295008794401210495853451957450332360389833835914697002769626968958064729899701228197869293238098522849211980830108748219116474573576592369579195186942039575989686384566012462018951333772564017111221060746521375752504393062285465569978124329414276142313387547500583
exp020-n1024-k08-d180-bs60-f1.732-r03:070863.030: SUMMARY:n:1024:k:8:d:180:bs:60:t:70863:r:True
