exp028-n1036-k08-d180-bs60-f1.000-r03:000000.227: ==========================Instance==========================
exp028-n1036-k08-d180-bs60-f1.000-r03:000000.227: # of equations: 180
exp028-n1036-k08-d180-bs60-f1.000-r03:000000.230: Gap: 3.88
exp028-n1036-k08-d180-bs60-f1.000-r03:000000.234: Tau: 4.61
exp028-n1036-k08-d180-bs60-f1.000-r03:000000.235: ======================BKZ-60 reduction======================
exp028-n1036-k08-d180-bs60-f1.000-r03:000004.090: Expectedly achievable log(norm): 1041.20
exp028-n1036-k08-d180-bs60-f1.000-r03:000006.586: log(exp-norms): [1036.0, 1037.96, 1039.92]
exp028-n1036-k08-d180-bs60-f1.000-r03:000006.586: log(norms):     [1046.85, 1038.75, 1044.0, 1044.0, 1044.0, 1044.0, 1044.0, 1044.0, 1044.0, 1044.0]
exp028-n1036-k08-d180-bs60-f1.000-r03:000006.653: Loop 1/100
exp028-n1036-k08-d180-bs60-f1.000-r03:001174.371: log(exp-norms): [1036.0, 1037.96, 1039.92]
exp028-n1036-k08-d180-bs60-f1.000-r03:001174.372: log(norms):     [1036.0, 1038.75, 1042.61, 1042.81, 1042.83, 1042.9, 1042.99, 1043.01, 1043.1, 1043.17]
exp028-n1036-k08-d180-bs60-f1.000-r03:001174.402: (1168 sec)
exp028-n1036-k08-d180-bs60-f1.000-r03:001174.402: Loop 2/100
exp028-n1036-k08-d180-bs60-f1.000-r03:002179.590: log(exp-norms): [1036.0, 1037.96, 1039.92]
exp028-n1036-k08-d180-bs60-f1.000-r03:002179.590: log(norms):     [1036.0, 1038.75, 1042.36, 1042.37, 1042.36, 1042.59, 1042.55, 1042.53, 1042.48, 1042.39]
exp028-n1036-k08-d180-bs60-f1.000-r03:002179.623: (1006 sec)
exp028-n1036-k08-d180-bs60-f1.000-r03:002179.623: Loop 3/100
exp028-n1036-k08-d180-bs60-f1.000-r03:003207.768: log(exp-norms): [1036.0, 1037.96, 1039.92]
exp028-n1036-k08-d180-bs60-f1.000-r03:003207.769: log(norms):     [1036.0, 1038.75, 1042.02, 1042.05, 1042.03, 1042.08, 1042.19, 1042.22, 1041.98, 1042.29]
exp028-n1036-k08-d180-bs60-f1.000-r03:003207.800: (1029 sec)
exp028-n1036-k08-d180-bs60-f1.000-r03:003207.800: Loop 4/100
exp028-n1036-k08-d180-bs60-f1.000-r03:004140.533: log(exp-norms): [1036.0, 1037.96, 1039.92]
exp028-n1036-k08-d180-bs60-f1.000-r03:004140.534: log(norms):     [1036.0, 1038.75, 1041.68, 1041.81, 1041.71, 1041.82, 1041.81, 1041.81, 1041.69, 1041.8]
exp028-n1036-k08-d180-bs60-f1.000-r03:004140.554: (933 sec)
exp028-n1036-k08-d180-bs60-f1.000-r03:004140.554: Loop 5/100
exp028-n1036-k08-d180-bs60-f1.000-r03:005010.538: log(exp-norms): [1036.0, 1037.96, 1039.92]
exp028-n1036-k08-d180-bs60-f1.000-r03:005010.538: log(norms):     [1036.0, 1038.75, 1041.49, 1041.5, 1041.53, 1041.64, 1041.54, 1041.58, 1041.78, 1041.57]
exp028-n1036-k08-d180-bs60-f1.000-r03:005010.567: (871 sec)
exp028-n1036-k08-d180-bs60-f1.000-r03:005010.567: Loop 6/100
exp028-n1036-k08-d180-bs60-f1.000-r03:005793.634: log(exp-norms): [1036.0, 1037.96, 1039.92]
exp028-n1036-k08-d180-bs60-f1.000-r03:005793.635: log(norms):     [1036.0, 1037.95, 1038.75, 1041.41, 1041.44, 1041.62, 1041.53, 1041.54, 1041.6, 1041.58]
exp028-n1036-k08-d180-bs60-f1.000-r03:005793.654: (784 sec)
exp028-n1036-k08-d180-bs60-f1.000-r03:005793.655: ==========================Summary===========================
exp028-n1036-k08-d180-bs60-f1.000-r03:005793.655: Total time: 5794sec
exp028-n1036-k08-d180-bs60-f1.000-r03:005793.655: SUCCESS
exp028-n1036-k08-d180-bs60-f1.000-r03:005793.655: HNP solution: 344904821120746228266612753649068804591071367502649158533317314641723545052879930423966618962280649876901290533765992405726814108695569993850119552576871873088739017613556150730200333913827403444445011808449266653030685522221166861718505740323320546701520317364821808207566390894669481380016192195446482960952076
exp028-n1036-k08-d180-bs60-f1.000-r03:005793.655: Shared secret: 344904821120746228266612753649068804591071367502649158533317314641723545052879930423966618962280649876901290533765992405726814108695569993850119552576871873088739017613556150730200333913827403444445011808449266653030685522221166861718505740323320546701520317364821808207566390894669481380016192195446482960952076
exp028-n1036-k08-d180-bs60-f1.000-r03:005793.655: SUMMARY:n:1036:k:8:d:180:bs:60:t:5794:r:True
