exp037-n1036-k08-d180-bs60-f1.750-r04:000000.301: ==========================Instance==========================
exp037-n1036-k08-d180-bs60-f1.750-r04:000000.301: # of equations: 180
exp037-n1036-k08-d180-bs60-f1.750-r04:000000.304: Gap: 3.88
exp037-n1036-k08-d180-bs60-f1.750-r04:000000.308: Tau: 4.61
exp037-n1036-k08-d180-bs60-f1.750-r04:000000.309: ======================BKZ-60 reduction======================
exp037-n1036-k08-d180-bs60-f1.750-r04:000003.974: Expectedly achievable log(norm): 1041.20
exp037-n1036-k08-d180-bs60-f1.750-r04:000006.463: log(exp-norms): [1036.0, 1037.96, 1039.92]
exp037-n1036-k08-d180-bs60-f1.750-r04:000006.463: log(norms):     [1046.85, 1038.75, 1044.0, 1044.0, 1044.0, 1044.0, 1044.0, 1044.0, 1044.0, 1044.0]
exp037-n1036-k08-d180-bs60-f1.750-r04:000006.531: Loop 1/100
exp037-n1036-k08-d180-bs60-f1.750-r04:001320.264: log(exp-norms): [1036.0, 1037.96, 1039.92]
exp037-n1036-k08-d180-bs60-f1.750-r04:001320.265: log(norms):     [1036.0, 1038.75, 1042.84, 1043.0, 1043.16, 1043.01, 1043.01, 1043.1, 1043.18, 1043.03]
exp037-n1036-k08-d180-bs60-f1.750-r04:001320.284: (1314 sec)
exp037-n1036-k08-d180-bs60-f1.750-r04:001320.285: Loop 2/100
exp037-n1036-k08-d180-bs60-f1.750-r04:002319.353: log(exp-norms): [1036.0, 1037.96, 1039.92]
exp037-n1036-k08-d180-bs60-f1.750-r04:002319.354: log(norms):     [1036.0, 1038.75, 1042.45, 1042.46, 1042.46, 1042.51, 1042.65, 1042.67, 1042.63, 1042.45]
exp037-n1036-k08-d180-bs60-f1.750-r04:002319.385: (1000 sec)
exp037-n1036-k08-d180-bs60-f1.750-r04:002319.386: Loop 3/100
exp037-n1036-k08-d180-bs60-f1.750-r04:003291.430: log(exp-norms): [1036.0, 1037.96, 1039.92]
exp037-n1036-k08-d180-bs60-f1.750-r04:003291.431: log(norms):     [1036.0, 1038.75, 1041.99, 1042.0, 1042.06, 1041.98, 1042.11, 1042.05, 1042.14, 1042.05]
exp037-n1036-k08-d180-bs60-f1.750-r04:003291.450: (973 sec)
exp037-n1036-k08-d180-bs60-f1.750-r04:003291.450: Loop 4/100
exp037-n1036-k08-d180-bs60-f1.750-r04:004167.459: log(exp-norms): [1036.0, 1037.96, 1039.92]
exp037-n1036-k08-d180-bs60-f1.750-r04:004167.460: log(norms):     [1036.0, 1037.94, 1038.75, 1041.6, 1041.66, 1041.65, 1041.79, 1041.73, 1041.76, 1041.82]
exp037-n1036-k08-d180-bs60-f1.750-r04:004167.479: (877 sec)
exp037-n1036-k08-d180-bs60-f1.750-r04:004167.480: ==========================Summary===========================
exp037-n1036-k08-d180-bs60-f1.750-r04:004167.480: Total time: 4168sec
exp037-n1036-k08-d180-bs60-f1.750-r04:004167.480: SUCCESS
exp037-n1036-k08-d180-bs60-f1.750-r04:004167.480: HNP solution: 344904821120746228266612753649068804591071367502649158533317314641723545052879930423966618962280649876901290533765992405726814108695569993850119552576871873088739017613556150730200333913827403444445011808449266653030685522221166861718505740323320546701520317364821808207566390894669481380016192195446482960952076
exp037-n1036-k08-d180-bs60-f1.750-r04:004167.480: Shared secret: 344904821120746228266612753649068804591071367502649158533317314641723545052879930423966618962280649876901290533765992405726814108695569993850119552576871873088739017613556150730200333913827403444445011808449266653030685522221166861718505740323320546701520317364821808207566390894669481380016192195446482960952076
exp037-n1036-k08-d180-bs60-f1.750-r04:004167.480: SUMMARY:n:1036:k:8:d:180:bs:60:t:4168:r:True
