exp019-n1024-k08-d180-bs60-f1.732-r02:000000.200: ==========================Instance==========================
exp019-n1024-k08-d180-bs60-f1.732-r02:000000.200: # of equations: 180
exp019-n1024-k08-d180-bs60-f1.732-r02:000000.202: Gap: 2.84
exp019-n1024-k08-d180-bs60-f1.732-r02:000000.205: Tau: 2.47
exp019-n1024-k08-d180-bs60-f1.732-r02:000000.206: ======================BKZ-60 reduction======================
exp019-n1024-k08-d180-bs60-f1.732-r02:000004.064: Expectedly achievable log(norm): 1028.22
exp019-n1024-k08-d180-bs60-f1.732-r02:000007.374: log(exp-norms): [1023.47, 1025.43, 1026.94]
exp019-n1024-k08-d180-bs60-f1.732-r02:000007.374: log(norms):     [1033.92, 1026.22, 1030.94, 1030.94, 1030.94, 1030.94, 1030.94, 1030.94, 1030.94, 1030.94]
exp019-n1024-k08-d180-bs60-f1.732-r02:000007.497: Loop 1/100
exp019-n1024-k08-d180-bs60-f1.732-r02:001357.346: log(exp-norms): [1023.47, 1025.43, 1026.94]
exp019-n1024-k08-d180-bs60-f1.732-r02:001357.347: log(norms):     [1026.22, 1029.97, 1029.98, 1030.01, 1030.06, 1030.04, 1030.08, 1029.93, 1030.04, 1030.19]
exp019-n1024-k08-d180-bs60-f1.732-r02:001357.392: (1350 sec)
exp019-n1024-k08-d180-bs60-f1.732-r02:001357.392: Loop 2/100
exp019-n1024-k08-d180-bs60-f1.732-r02:002396.009: log(exp-norms): [1023.47, 1025.43, 1026.94]
exp019-n1024-k08-d180-bs60-f1.732-r02:002396.010: log(norms):     [1023.47, 1026.22, 1029.35, 1029.37, 1029.47, 1029.46, 1029.48, 1029.5, 1029.48, 1029.53]
exp019-n1024-k08-d180-bs60-f1.732-r02:002396.040: (1039 sec)
exp019-n1024-k08-d180-bs60-f1.732-r02:002396.041: Loop 3/100
exp019-n1024-k08-d180-bs60-f1.732-r02:003408.502: log(exp-norms): [1023.47, 1025.43, 1026.94]
exp019-n1024-k08-d180-bs60-f1.732-r02:003408.502: log(norms):     [1023.47, 1026.22, 1028.94, 1028.96, 1029.0, 1029.04, 1029.07, 1029.12, 1029.03, 1029.11]
exp019-n1024-k08-d180-bs60-f1.732-r02:003408.521: (1013 sec)
exp019-n1024-k08-d180-bs60-f1.732-r02:003408.522: Loop 4/100
exp019-n1024-k08-d180-bs60-f1.732-r02:004303.916: log(exp-norms): [1023.47, 1025.43, 1026.94]
exp019-n1024-k08-d180-bs60-f1.732-r02:004303.917: log(norms):     [1023.47, 1026.22, 1028.72, 1028.73, 1028.81, 1028.78, 1028.73, 1028.71, 1028.83, 1028.63]
exp019-n1024-k08-d180-bs60-f1.732-r02:004303.937: (896 sec)
exp019-n1024-k08-d180-bs60-f1.732-r02:004303.937: Loop 5/100
exp019-n1024-k08-d180-bs60-f1.732-r02:005098.224: log(exp-norms): [1023.47, 1025.43, 1026.94]
exp019-n1024-k08-d180-bs60-f1.732-r02:005098.225: log(norms):     [1023.47, 1026.22, 1028.48, 1028.5, 1028.51, 1028.72, 1028.49, 1028.49, 1028.72, 1028.62]
exp019-n1024-k08-d180-bs60-f1.732-r02:005098.243: (795 sec)
exp019-n1024-k08-d180-bs60-f1.732-r02:005098.244: Loop 6/100
exp019-n1024-k08-d180-bs60-f1.732-r02:005865.121: log(exp-norms): [1023.47, 1025.43, 1026.94]
exp019-n1024-k08-d180-bs60-f1.732-r02:005865.122: log(norms):     [1023.47, 1026.22, 1028.43, 1028.43, 1028.58, 1028.49, 1028.5, 1028.58, 1028.45, 1028.57]
exp019-n1024-k08-d180-bs60-f1.732-r02:005865.140: (767 sec)
exp019-n1024-k08-d180-bs60-f1.732-r02:005865.141: Loop 7/100
exp019-n1024-k08-d180-bs60-f1.732-r02:006541.633: log(exp-norms): [1023.47, 1025.43, 1026.94]
exp019-n1024-k08-d180-bs60-f1.732-r02:006541.633: log(norms):     [1023.47, 1026.22, 1028.32, 1028.42, 1028.36, 1028.42, 1028.48, 1028.36, 1028.44, 1028.54]
exp019-n1024-k08-d180-bs60-f1.732-r02:006541.652: (677 sec)
exp019-n1024-k08-d180-bs60-f1.732-r02:006541.652: Loop 8/100
exp019-n1024-k08-d180-bs60-f1.732-r02:007225.052: log(exp-norms): [1023.47, 1025.43, 1026.94]
exp019-n1024-k08-d180-bs60-f1.732-r02:007225.052: log(norms):     [1023.47, 1026.22, 1028.3, 1028.3, 1028.48, 1028.35, 1028.46, 1028.55, 1028.45, 1028.56]
exp019-n1024-k08-d180-bs60-f1.732-r02:007225.070: (684 sec)
exp019-n1024-k08-d180-bs60-f1.732-r02:007225.071: Loop 9/100
exp019-n1024-k08-d180-bs60-f1.732-r02:007860.200: log(exp-norms): [1023.47, 1025.43, 1026.94]
exp019-n1024-k08-d180-bs60-f1.732-r02:007860.200: log(norms):     [1023.47, 1026.22, 1028.3, 1028.33, 1028.3, 1028.48, 1028.48, 1028.42, 1028.43, 1028.47]
exp019-n1024-k08-d180-bs60-f1.732-r02:007860.218: (636 sec)
exp019-n1024-k08-d180-bs60-f1.732-r02:007860.218: Loop 10/100
exp019-n1024-k08-d180-bs60-f1.732-r02:008509.500: log(exp-norms): [1023.47, 1025.43, 1026.94]
exp019-n1024-k08-d180-bs60-f1.732-r02:008509.500: log(norms):     [1023.47, 1026.22, 1028.24, 1028.27, 1028.3, 1028.31, 1028.39, 1028.36, 1028.51, 1028.51]
exp019-n1024-k08-d180-bs60-f1.732-r02:008509.518: (650 sec)
exp019-n1024-k08-d180-bs60-f1.732-r02:008509.518: Loop 11/100
exp019-n1024-k08-d180-bs60-f1.732-r02:009171.197: log(exp-norms): [1023.47, 1025.43, 1026.94]
exp019-n1024-k08-d180-bs60-f1.732-r02:009171.197: log(norms):     [1023.47, 1026.22, 1028.24, 1028.27, 1028.33, 1028.27, 1028.35, 1028.4, 1028.51, 1028.4]
exp019-n1024-k08-d180-bs60-f1.732-r02:009171.215: (662 sec)
exp019-n1024-k08-d180-bs60-f1.732-r02:009171.215: Loop 12/100
exp019-n1024-k08-d180-bs60-f1.732-r02:009812.252: log(exp-norms): [1023.47, 1025.43, 1026.94]
exp019-n1024-k08-d180-bs60-f1.732-r02:009812.252: log(norms):     [1023.47, 1026.22, 1028.24, 1028.27, 1028.38, 1028.33, 1028.44, 1028.5, 1028.35, 1028.4]
exp019-n1024-k08-d180-bs60-f1.732-r02:009812.269: (642 sec)
exp019-n1024-k08-d180-bs60-f1.732-r02:009812.269: Loop 13/100
exp019-n1024-k08-d180-bs60-f1.732-r02:010484.450: log(exp-norms): [1023.47, 1025.43, 1026.94]
exp019-n1024-k08-d180-bs60-f1.732-r02:010484.450: log(norms):     [1023.47, 1026.22, 1028.24, 1028.27, 1028.38, 1028.37, 1028.37, 1028.35, 1028.24, 1028.3]
exp019-n1024-k08-d180-bs60-f1.732-r02:010484.469: (673 sec)
exp019-n1024-k08-d180-bs60-f1.732-r02:010484.469: Loop 14/100
exp019-n1024-k08-d180-bs60-f1.732-r02:011122.638: log(exp-norms): [1023.47, 1025.43, 1026.94]
exp019-n1024-k08-d180-bs60-f1.732-r02:011122.638: log(norms):     [1023.47, 1026.22, 1028.24, 1028.24, 1028.27, 1028.38, 1028.26, 1028.37, 1028.46, 1028.41]
exp019-n1024-k08-d180-bs60-f1.732-r02:011122.656: (639 sec)
exp019-n1024-k08-d180-bs60-f1.732-r02:011122.656: Loop 15/100
exp019-n1024-k08-d180-bs60-f1.732-r02:011923.481: log(exp-norms): [1023.47, 1025.43, 1026.94]
exp019-n1024-k08-d180-bs60-f1.732-r02:011923.481: log(norms):     [1023.47, 1026.22, 1028.24, 1028.24, 1028.27, 1028.38, 1028.26, 1028.26, 1028.41, 1028.3]
exp019-n1024-k08-d180-bs60-f1.732-r02:011923.515: (801 sec)
exp019-n1024-k08-d180-bs60-f1.732-r02:011923.516: Loop 16/100
exp019-n1024-k08-d180-bs60-f1.732-r02:012885.732: log(exp-norms): [1023.47, 1025.43, 1026.94]
exp019-n1024-k08-d180-bs60-f1.732-r02:012885.732: log(norms):     [1023.47, 1026.22, 1028.21, 1028.3, 1028.24, 1028.24, 1028.47, 1028.38, 1028.38, 1028.27]
exp019-n1024-k08-d180-bs60-f1.732-r02:012885.762: (963 sec)
exp019-n1024-k08-d180-bs60-f1.732-r02:012885.763: Loop 17/100
exp019-n1024-k08-d180-bs60-f1.732-r02:013911.468: log(exp-norms): [1023.47, 1025.43, 1026.94]
exp019-n1024-k08-d180-bs60-f1.732-r02:013911.469: log(norms):     [1023.47, 1026.22, 1028.21, 1028.26, 1028.31, 1028.31, 1028.59, 1028.37, 1028.36, 1028.34]
exp019-n1024-k08-d180-bs60-f1.732-r02:013911.499: (1026 sec)
exp019-n1024-k08-d180-bs60-f1.732-r02:013911.499: Loop 18/100
exp019-n1024-k08-d180-bs60-f1.732-r02:014838.728: log(exp-norms): [1023.47, 1025.43, 1026.94]
exp019-n1024-k08-d180-bs60-f1.732-r02:014838.729: log(norms):     [1023.47, 1026.22, 1028.21, 1028.26, 1028.31, 1028.31, 1028.59, 1028.38, 1028.43, 1028.51]
exp019-n1024-k08-d180-bs60-f1.732-r02:014838.758: (928 sec)
exp019-n1024-k08-d180-bs60-f1.732-r02:014838.759: Loop 19/100
exp019-n1024-k08-d180-bs60-f1.732-r02:015792.022: log(exp-norms): [1023.47, 1025.43, 1026.94]
exp019-n1024-k08-d180-bs60-f1.732-r02:015792.023: log(norms):     [1023.47, 1026.22, 1028.21, 1028.26, 1028.31, 1028.36, 1028.33, 1028.41, 1028.39, 1028.47]
exp019-n1024-k08-d180-bs60-f1.732-r02:015792.053: (954 sec)
exp019-n1024-k08-d180-bs60-f1.732-r02:015792.053: Loop 20/100
exp019-n1024-k08-d180-bs60-f1.732-r02:016794.671: log(exp-norms): [1023.47, 1025.43, 1026.94]
exp019-n1024-k08-d180-bs60-f1.732-r02:016794.672: log(norms):     [1023.47, 1026.22, 1028.21, 1028.26, 1028.31, 1028.36, 1028.33, 1028.41, 1028.32, 1028.35]
exp019-n1024-k08-d180-bs60-f1.732-r02:016794.701: (1003 sec)
exp019-n1024-k08-d180-bs60-f1.732-r02:016794.701: Loop 21/100
exp019-n1024-k08-d180-bs60-f1.732-r02:017767.764: log(exp-norms): [1023.47, 1025.43, 1026.94]
exp019-n1024-k08-d180-bs60-f1.732-r02:017767.764: log(norms):     [1023.47, 1026.22, 1028.21, 1028.26, 1028.31, 1028.31, 1028.36, 1028.33, 1028.32, 1028.38]
exp019-n1024-k08-d180-bs60-f1.732-r02:017767.783: (974 sec)
exp019-n1024-k08-d180-bs60-f1.732-r02:017767.784: Loop 22/100
exp019-n1024-k08-d180-bs60-f1.732-r02:018750.540: log(exp-norms): [1023.47, 1025.43, 1026.94]
exp019-n1024-k08-d180-bs60-f1.732-r02:018750.541: log(norms):     [1023.47, 1026.22, 1028.21, 1028.26, 1028.31, 1028.31, 1028.36, 1028.33, 1028.19, 1028.32]
exp019-n1024-k08-d180-bs60-f1.732-r02:018750.570: (983 sec)
exp019-n1024-k08-d180-bs60-f1.732-r02:018750.570: Loop 23/100
exp019-n1024-k08-d180-bs60-f1.732-r02:019754.107: log(exp-norms): [1023.47, 1025.43, 1026.94]
exp019-n1024-k08-d180-bs60-f1.732-r02:019754.108: log(norms):     [1023.47, 1026.22, 1028.19, 1028.21, 1028.26, 1028.31, 1028.33, 1028.36, 1028.39, 1028.47]
exp019-n1024-k08-d180-bs60-f1.732-r02:019754.137: (1004 sec)
exp019-n1024-k08-d180-bs60-f1.732-r02:019754.138: Loop 24/100
exp019-n1024-k08-d180-bs60-f1.732-r02:020722.436: log(exp-norms): [1023.47, 1025.43, 1026.94]
exp019-n1024-k08-d180-bs60-f1.732-r02:020722.437: log(norms):     [1023.47, 1026.22, 1028.19, 1028.21, 1028.36, 1028.26, 1028.33, 1028.31, 1028.47, 1028.36]
exp019-n1024-k08-d180-bs60-f1.732-r02:020722.465: (969 sec)
exp019-n1024-k08-d180-bs60-f1.732-r02:020722.466: Loop 25/100
exp019-n1024-k08-d180-bs60-f1.732-r02:021635.085: log(exp-norms): [1023.47, 1025.43, 1026.94]
exp019-n1024-k08-d180-bs60-f1.732-r02:021635.085: log(norms):     [1023.47, 1026.22, 1028.19, 1028.21, 1028.36, 1028.26, 1028.33, 1028.31, 1028.47, 1028.36]
exp019-n1024-k08-d180-bs60-f1.732-r02:021635.104: (913 sec)
exp019-n1024-k08-d180-bs60-f1.732-r02:021635.104: Loop 26/100
exp019-n1024-k08-d180-bs60-f1.732-r02:022345.757: log(exp-norms): [1023.47, 1025.43, 1026.94]
exp019-n1024-k08-d180-bs60-f1.732-r02:022345.758: log(norms):     [1023.47, 1026.22, 1028.19, 1028.21, 1028.36, 1028.26, 1028.33, 1028.31, 1028.47, 1028.36]
exp019-n1024-k08-d180-bs60-f1.732-r02:022345.777: (711 sec)
exp019-n1024-k08-d180-bs60-f1.732-r02:022345.778: Loop 27/100
exp019-n1024-k08-d180-bs60-f1.732-r02:023011.815: log(exp-norms): [1023.47, 1025.43, 1026.94]
exp019-n1024-k08-d180-bs60-f1.732-r02:023011.815: log(norms):     [1023.47, 1026.22, 1028.19, 1028.3, 1028.29, 1028.33, 1028.21, 1028.47, 1028.33, 1028.26]
exp019-n1024-k08-d180-bs60-f1.732-r02:023011.833: (667 sec)
exp019-n1024-k08-d180-bs60-f1.732-r02:023011.834: Loop 28/100
exp019-n1024-k08-d180-bs60-f1.732-r02:023868.629: log(exp-norms): [1023.47, 1025.43, 1026.94]
exp019-n1024-k08-d180-bs60-f1.732-r02:023868.630: log(norms):     [1023.47, 1026.22, 1028.19, 1028.3, 1028.29, 1028.33, 1028.21, 1028.47, 1028.33, 1028.26]
exp019-n1024-k08-d180-bs60-f1.732-r02:023868.649: (857 sec)
exp019-n1024-k08-d180-bs60-f1.732-r02:023868.649: Loop 29/100
exp019-n1024-k08-d180-bs60-f1.732-r02:024612.161: log(exp-norms): [1023.47, 1025.43, 1026.94]
exp019-n1024-k08-d180-bs60-f1.732-r02:024612.162: log(norms):     [1023.47, 1026.22, 1028.16, 1028.19, 1028.3, 1028.29, 1028.33, 1028.21, 1028.47, 1028.47]
exp019-n1024-k08-d180-bs60-f1.732-r02:024612.179: (744 sec)
exp019-n1024-k08-d180-bs60-f1.732-r02:024612.179: Loop 30/100
exp019-n1024-k08-d180-bs60-f1.732-r02:025264.559: log(exp-norms): [1023.47, 1025.43, 1026.94]
exp019-n1024-k08-d180-bs60-f1.732-r02:025264.559: log(norms):     [1023.47, 1026.22, 1028.16, 1028.19, 1028.3, 1028.41, 1028.29, 1028.34, 1028.33, 1028.21]
exp019-n1024-k08-d180-bs60-f1.732-r02:025264.578: (653 sec)
exp019-n1024-k08-d180-bs60-f1.732-r02:025264.578: Loop 31/100
exp019-n1024-k08-d180-bs60-f1.732-r02:025923.373: log(exp-norms): [1023.47, 1025.43, 1026.94]
exp019-n1024-k08-d180-bs60-f1.732-r02:025923.374: log(norms):     [1023.47, 1026.22, 1028.16, 1028.19, 1028.3, 1028.41, 1028.24, 1028.27, 1028.47, 1028.21]
exp019-n1024-k08-d180-bs60-f1.732-r02:025923.392: (659 sec)
exp019-n1024-k08-d180-bs60-f1.732-r02:025923.393: Loop 32/100
exp019-n1024-k08-d180-bs60-f1.732-r02:026604.363: log(exp-norms): [1023.47, 1025.43, 1026.94]
exp019-n1024-k08-d180-bs60-f1.732-r02:026604.364: log(norms):     [1023.47, 1026.22, 1028.16, 1028.19, 1028.3, 1028.41, 1028.33, 1028.28, 1028.27, 1028.21]
exp019-n1024-k08-d180-bs60-f1.732-r02:026604.381: (681 sec)
exp019-n1024-k08-d180-bs60-f1.732-r02:026604.382: Loop 33/100
exp019-n1024-k08-d180-bs60-f1.732-r02:027269.854: log(exp-norms): [1023.47, 1025.43, 1026.94]
exp019-n1024-k08-d180-bs60-f1.732-r02:027269.854: log(norms):     [1023.47, 1026.22, 1028.16, 1028.19, 1028.3, 1028.41, 1028.33, 1028.28, 1028.27, 1028.21]
exp019-n1024-k08-d180-bs60-f1.732-r02:027269.873: (666 sec)
exp019-n1024-k08-d180-bs60-f1.732-r02:027269.873: Loop 34/100
exp019-n1024-k08-d180-bs60-f1.732-r02:027907.276: log(exp-norms): [1023.47, 1025.43, 1026.94]
exp019-n1024-k08-d180-bs60-f1.732-r02:027907.277: log(norms):     [1023.47, 1026.22, 1028.16, 1028.19, 1028.3, 1028.41, 1028.33, 1028.28, 1028.27, 1028.21]
exp019-n1024-k08-d180-bs60-f1.732-r02:027907.295: (638 sec)
exp019-n1024-k08-d180-bs60-f1.732-r02:027907.295: Loop 35/100
exp019-n1024-k08-d180-bs60-f1.732-r02:028585.528: log(exp-norms): [1023.47, 1025.43, 1026.94]
exp019-n1024-k08-d180-bs60-f1.732-r02:028585.529: log(norms):     [1023.47, 1026.22, 1028.16, 1028.18, 1028.19, 1028.3, 1028.41, 1028.33, 1028.28, 1028.43]
exp019-n1024-k08-d180-bs60-f1.732-r02:028585.548: (679 sec)
exp019-n1024-k08-d180-bs60-f1.732-r02:028585.548: Loop 36/100
exp019-n1024-k08-d180-bs60-f1.732-r02:029219.661: log(exp-norms): [1023.47, 1025.43, 1026.94]
exp019-n1024-k08-d180-bs60-f1.732-r02:029219.662: log(norms):     [1023.47, 1026.22, 1028.16, 1028.18, 1028.25, 1028.3, 1028.41, 1028.3, 1028.19, 1028.28]
exp019-n1024-k08-d180-bs60-f1.732-r02:029219.680: (635 sec)
exp019-n1024-k08-d180-bs60-f1.732-r02:029219.680: Loop 37/100
exp019-n1024-k08-d180-bs60-f1.732-r02:029889.140: log(exp-norms): [1023.47, 1025.43, 1026.94]
exp019-n1024-k08-d180-bs60-f1.732-r02:029889.141: log(norms):     [1023.47, 1026.22, 1028.16, 1028.18, 1028.25, 1028.3, 1028.41, 1028.3, 1028.19, 1028.28]
exp019-n1024-k08-d180-bs60-f1.732-r02:029889.159: (670 sec)
exp019-n1024-k08-d180-bs60-f1.732-r02:029889.159: Loop 38/100
exp019-n1024-k08-d180-bs60-f1.732-r02:030526.435: log(exp-norms): [1023.47, 1025.43, 1026.94]
exp019-n1024-k08-d180-bs60-f1.732-r02:030526.435: log(norms):     [1023.47, 1026.22, 1028.16, 1028.18, 1028.25, 1028.3, 1028.41, 1028.3, 1028.19, 1028.28]
exp019-n1024-k08-d180-bs60-f1.732-r02:030526.454: (638 sec)
exp019-n1024-k08-d180-bs60-f1.732-r02:030526.455: Loop 39/100
exp019-n1024-k08-d180-bs60-f1.732-r02:031164.976: log(exp-norms): [1023.47, 1025.43, 1026.94]
exp019-n1024-k08-d180-bs60-f1.732-r02:031164.977: log(norms):     [1023.47, 1026.22, 1028.16, 1028.18, 1028.25, 1028.3, 1028.41, 1028.3, 1028.19, 1028.28]
exp019-n1024-k08-d180-bs60-f1.732-r02:031164.996: (639 sec)
exp019-n1024-k08-d180-bs60-f1.732-r02:031164.996: Loop 40/100
exp019-n1024-k08-d180-bs60-f1.732-r02:031816.382: log(exp-norms): [1023.47, 1025.43, 1026.94]
exp019-n1024-k08-d180-bs60-f1.732-r02:031816.383: log(norms):     [1023.47, 1026.22, 1028.16, 1028.17, 1028.18, 1028.25, 1028.3, 1028.32, 1028.33, 1028.3]
exp019-n1024-k08-d180-bs60-f1.732-r02:031816.401: (652 sec)
exp019-n1024-k08-d180-bs60-f1.732-r02:031816.401: Loop 41/100
exp019-n1024-k08-d180-bs60-f1.732-r02:032499.273: log(exp-norms): [1023.47, 1025.43, 1026.94]
exp019-n1024-k08-d180-bs60-f1.732-r02:032499.273: log(norms):     [1023.47, 1026.22, 1028.16, 1028.17, 1028.18, 1028.25, 1028.3, 1028.32, 1028.33, 1028.42]
exp019-n1024-k08-d180-bs60-f1.732-r02:032499.292: (683 sec)
exp019-n1024-k08-d180-bs60-f1.732-r02:032499.293: Loop 42/100
exp019-n1024-k08-d180-bs60-f1.732-r02:033118.907: log(exp-norms): [1023.47, 1025.43, 1026.94]
exp019-n1024-k08-d180-bs60-f1.732-r02:033118.908: log(norms):     [1023.47, 1026.22, 1028.16, 1028.17, 1028.18, 1028.25, 1028.3, 1028.32, 1028.33, 1028.42]
exp019-n1024-k08-d180-bs60-f1.732-r02:033118.935: (620 sec)
exp019-n1024-k08-d180-bs60-f1.732-r02:033118.936: Loop 43/100
exp019-n1024-k08-d180-bs60-f1.732-r02:033780.734: log(exp-norms): [1023.47, 1025.43, 1026.94]
exp019-n1024-k08-d180-bs60-f1.732-r02:033780.735: log(norms):     [1023.47, 1026.22, 1028.16, 1028.17, 1028.18, 1028.25, 1028.3, 1028.32, 1028.33, 1028.42]
exp019-n1024-k08-d180-bs60-f1.732-r02:033780.753: (662 sec)
exp019-n1024-k08-d180-bs60-f1.732-r02:033780.753: Loop 44/100
exp019-n1024-k08-d180-bs60-f1.732-r02:034446.271: log(exp-norms): [1023.47, 1025.43, 1026.94]
exp019-n1024-k08-d180-bs60-f1.732-r02:034446.272: log(norms):     [1023.47, 1026.22, 1028.16, 1028.17, 1028.18, 1028.25, 1028.3, 1028.32, 1028.33, 1028.42]
exp019-n1024-k08-d180-bs60-f1.732-r02:034446.290: (666 sec)
exp019-n1024-k08-d180-bs60-f1.732-r02:034446.291: Loop 45/100
exp019-n1024-k08-d180-bs60-f1.732-r02:035099.031: log(exp-norms): [1023.47, 1025.43, 1026.94]
exp019-n1024-k08-d180-bs60-f1.732-r02:035099.032: log(norms):     [1023.47, 1026.22, 1028.16, 1028.17, 1028.32, 1028.3, 1028.25, 1028.53, 1028.34, 1028.38]
exp019-n1024-k08-d180-bs60-f1.732-r02:035099.050: (653 sec)
exp019-n1024-k08-d180-bs60-f1.732-r02:035099.050: Loop 46/100
exp019-n1024-k08-d180-bs60-f1.732-r02:035751.756: log(exp-norms): [1023.47, 1025.43, 1026.94]
exp019-n1024-k08-d180-bs60-f1.732-r02:035751.757: log(norms):     [1023.47, 1026.22, 1028.16, 1028.17, 1028.32, 1028.37, 1028.3, 1028.53, 1028.25, 1028.34]
exp019-n1024-k08-d180-bs60-f1.732-r02:035751.775: (653 sec)
exp019-n1024-k08-d180-bs60-f1.732-r02:035751.775: Loop 47/100
exp019-n1024-k08-d180-bs60-f1.732-r02:036420.563: log(exp-norms): [1023.47, 1025.43, 1026.94]
exp019-n1024-k08-d180-bs60-f1.732-r02:036420.564: log(norms):     [1023.47, 1026.22, 1028.16, 1028.17, 1028.32, 1028.37, 1028.3, 1028.36, 1028.32, 1028.47]
exp019-n1024-k08-d180-bs60-f1.732-r02:036420.582: (669 sec)
exp019-n1024-k08-d180-bs60-f1.732-r02:036420.582: Loop 48/100
exp019-n1024-k08-d180-bs60-f1.732-r02:037106.372: log(exp-norms): [1023.47, 1025.43, 1026.94]
exp019-n1024-k08-d180-bs60-f1.732-r02:037106.373: log(norms):     [1023.47, 1026.22, 1028.16, 1028.17, 1028.32, 1028.37, 1028.3, 1028.36, 1028.33, 1028.49]
exp019-n1024-k08-d180-bs60-f1.732-r02:037106.391: (686 sec)
exp019-n1024-k08-d180-bs60-f1.732-r02:037106.391: Loop 49/100
exp019-n1024-k08-d180-bs60-f1.732-r02:037778.273: log(exp-norms): [1023.47, 1025.43, 1026.94]
exp019-n1024-k08-d180-bs60-f1.732-r02:037778.273: log(norms):     [1023.47, 1026.22, 1028.16, 1028.17, 1028.32, 1028.37, 1028.3, 1028.36, 1028.33, 1028.49]
exp019-n1024-k08-d180-bs60-f1.732-r02:037778.292: (672 sec)
exp019-n1024-k08-d180-bs60-f1.732-r02:037778.292: Loop 50/100
exp019-n1024-k08-d180-bs60-f1.732-r02:038452.233: log(exp-norms): [1023.47, 1025.43, 1026.94]
exp019-n1024-k08-d180-bs60-f1.732-r02:038452.234: log(norms):     [1023.47, 1026.22, 1028.16, 1028.17, 1028.32, 1028.37, 1028.3, 1028.4, 1028.36, 1028.33]
exp019-n1024-k08-d180-bs60-f1.732-r02:038452.253: (674 sec)
exp019-n1024-k08-d180-bs60-f1.732-r02:038452.253: Loop 51/100
exp019-n1024-k08-d180-bs60-f1.732-r02:039146.425: log(exp-norms): [1023.47, 1025.43, 1026.94]
exp019-n1024-k08-d180-bs60-f1.732-r02:039146.426: log(norms):     [1023.47, 1026.22, 1028.16, 1028.17, 1028.21, 1028.32, 1028.37, 1028.3, 1028.26, 1028.4]
exp019-n1024-k08-d180-bs60-f1.732-r02:039146.444: (695 sec)
exp019-n1024-k08-d180-bs60-f1.732-r02:039146.444: Loop 52/100
exp019-n1024-k08-d180-bs60-f1.732-r02:039787.886: log(exp-norms): [1023.47, 1025.43, 1026.94]
exp019-n1024-k08-d180-bs60-f1.732-r02:039787.886: log(norms):     [1023.47, 1026.22, 1028.16, 1028.17, 1028.21, 1028.32, 1028.37, 1028.3, 1028.26, 1028.4]
exp019-n1024-k08-d180-bs60-f1.732-r02:039787.904: (642 sec)
exp019-n1024-k08-d180-bs60-f1.732-r02:039787.905: Loop 53/100
exp019-n1024-k08-d180-bs60-f1.732-r02:040469.343: log(exp-norms): [1023.47, 1025.43, 1026.94]
exp019-n1024-k08-d180-bs60-f1.732-r02:040469.343: log(norms):     [1023.47, 1026.22, 1028.16, 1028.17, 1028.21, 1028.32, 1028.37, 1028.3, 1028.26, 1028.4]
exp019-n1024-k08-d180-bs60-f1.732-r02:040469.361: (682 sec)
exp019-n1024-k08-d180-bs60-f1.732-r02:040469.362: Loop 54/100
exp019-n1024-k08-d180-bs60-f1.732-r02:041115.019: log(exp-norms): [1023.47, 1025.43, 1026.94]
exp019-n1024-k08-d180-bs60-f1.732-r02:041115.020: log(norms):     [1023.47, 1026.22, 1028.16, 1028.17, 1028.21, 1028.32, 1028.37, 1028.3, 1028.26, 1028.43]
exp019-n1024-k08-d180-bs60-f1.732-r02:041115.038: (646 sec)
exp019-n1024-k08-d180-bs60-f1.732-r02:041115.038: Loop 55/100
exp019-n1024-k08-d180-bs60-f1.732-r02:041805.778: log(exp-norms): [1023.47, 1025.43, 1026.94]
exp019-n1024-k08-d180-bs60-f1.732-r02:041805.779: log(norms):     [1023.47, 1026.22, 1028.16, 1028.17, 1028.21, 1028.32, 1028.37, 1028.3, 1028.26, 1028.43]
exp019-n1024-k08-d180-bs60-f1.732-r02:041805.798: (691 sec)
exp019-n1024-k08-d180-bs60-f1.732-r02:041805.798: Loop 56/100
exp019-n1024-k08-d180-bs60-f1.732-r02:042473.394: log(exp-norms): [1023.47, 1025.43, 1026.94]
exp019-n1024-k08-d180-bs60-f1.732-r02:042473.394: log(norms):     [1023.47, 1026.22, 1028.16, 1028.17, 1028.21, 1028.32, 1028.37, 1028.3, 1028.26, 1028.43]
exp019-n1024-k08-d180-bs60-f1.732-r02:042473.413: (668 sec)
exp019-n1024-k08-d180-bs60-f1.732-r02:042473.413: Loop 57/100
exp019-n1024-k08-d180-bs60-f1.732-r02:043173.809: log(exp-norms): [1023.47, 1025.43, 1026.94]
exp019-n1024-k08-d180-bs60-f1.732-r02:043173.810: log(norms):     [1023.47, 1026.22, 1028.16, 1028.17, 1028.21, 1028.32, 1028.37, 1028.3, 1028.26, 1028.43]
exp019-n1024-k08-d180-bs60-f1.732-r02:043173.828: (701 sec)
exp019-n1024-k08-d180-bs60-f1.732-r02:043173.828: Loop 58/100
exp019-n1024-k08-d180-bs60-f1.732-r02:043849.077: log(exp-norms): [1023.47, 1025.43, 1026.94]
exp019-n1024-k08-d180-bs60-f1.732-r02:043849.078: log(norms):     [1023.47, 1026.22, 1028.16, 1028.17, 1028.18, 1028.21, 1028.32, 1028.37, 1028.3, 1028.26]
exp019-n1024-k08-d180-bs60-f1.732-r02:043849.096: (676 sec)
exp019-n1024-k08-d180-bs60-f1.732-r02:043849.096: Loop 59/100
exp019-n1024-k08-d180-bs60-f1.732-r02:044532.913: log(exp-norms): [1023.47, 1025.43, 1026.94]
exp019-n1024-k08-d180-bs60-f1.732-r02:044532.913: log(norms):     [1023.47, 1026.22, 1028.16, 1028.17, 1028.18, 1028.21, 1028.32, 1028.37, 1028.3, 1028.48]
exp019-n1024-k08-d180-bs60-f1.732-r02:044532.932: (684 sec)
exp019-n1024-k08-d180-bs60-f1.732-r02:044532.932: Loop 60/100
exp019-n1024-k08-d180-bs60-f1.732-r02:045217.609: log(exp-norms): [1023.47, 1025.43, 1026.94]
exp019-n1024-k08-d180-bs60-f1.732-r02:045217.609: log(norms):     [1023.47, 1026.22, 1028.16, 1028.17, 1028.18, 1028.21, 1028.32, 1028.37, 1028.3, 1028.47]
exp019-n1024-k08-d180-bs60-f1.732-r02:045217.627: (685 sec)
exp019-n1024-k08-d180-bs60-f1.732-r02:045217.628: Loop 61/100
exp019-n1024-k08-d180-bs60-f1.732-r02:045859.943: log(exp-norms): [1023.47, 1025.43, 1026.94]
exp019-n1024-k08-d180-bs60-f1.732-r02:045859.944: log(norms):     [1023.47, 1026.22, 1028.16, 1028.17, 1028.18, 1028.21, 1028.32, 1028.37, 1028.3, 1028.47]
exp019-n1024-k08-d180-bs60-f1.732-r02:045859.962: (643 sec)
exp019-n1024-k08-d180-bs60-f1.732-r02:045859.962: Loop 62/100
exp019-n1024-k08-d180-bs60-f1.732-r02:046564.138: log(exp-norms): [1023.47, 1025.43, 1026.94]
exp019-n1024-k08-d180-bs60-f1.732-r02:046564.139: log(norms):     [1023.47, 1026.22, 1028.16, 1028.17, 1028.18, 1028.21, 1028.32, 1028.37, 1028.3, 1028.47]
exp019-n1024-k08-d180-bs60-f1.732-r02:046564.157: (705 sec)
exp019-n1024-k08-d180-bs60-f1.732-r02:046564.157: Loop 63/100
exp019-n1024-k08-d180-bs60-f1.732-r02:047230.000: log(exp-norms): [1023.47, 1025.43, 1026.94]
exp019-n1024-k08-d180-bs60-f1.732-r02:047230.000: log(norms):     [1023.47, 1026.22, 1028.16, 1028.17, 1028.18, 1028.21, 1028.32, 1028.37, 1028.3, 1028.47]
exp019-n1024-k08-d180-bs60-f1.732-r02:047230.019: (666 sec)
exp019-n1024-k08-d180-bs60-f1.732-r02:047230.019: Loop 64/100
exp019-n1024-k08-d180-bs60-f1.732-r02:047929.433: log(exp-norms): [1023.47, 1025.43, 1026.94]
exp019-n1024-k08-d180-bs60-f1.732-r02:047929.433: log(norms):     [1023.47, 1026.22, 1028.16, 1028.17, 1028.18, 1028.21, 1028.32, 1028.37, 1028.3, 1028.47]
exp019-n1024-k08-d180-bs60-f1.732-r02:047929.451: (700 sec)
exp019-n1024-k08-d180-bs60-f1.732-r02:047929.452: Loop 65/100
exp019-n1024-k08-d180-bs60-f1.732-r02:048591.449: log(exp-norms): [1023.47, 1025.43, 1026.94]
exp019-n1024-k08-d180-bs60-f1.732-r02:048591.450: log(norms):     [1023.47, 1026.22, 1028.16, 1028.17, 1028.18, 1028.21, 1028.32, 1028.37, 1028.3, 1028.47]
exp019-n1024-k08-d180-bs60-f1.732-r02:048591.468: (663 sec)
exp019-n1024-k08-d180-bs60-f1.732-r02:048591.469: Loop 66/100
exp019-n1024-k08-d180-bs60-f1.732-r02:049242.032: log(exp-norms): [1023.47, 1025.43, 1026.94]
exp019-n1024-k08-d180-bs60-f1.732-r02:049242.033: log(norms):     [1023.47, 1026.22, 1028.16, 1028.17, 1028.18, 1028.21, 1028.32, 1028.37, 1028.3, 1028.47]
exp019-n1024-k08-d180-bs60-f1.732-r02:049242.051: (651 sec)
exp019-n1024-k08-d180-bs60-f1.732-r02:049242.051: Loop 67/100
exp019-n1024-k08-d180-bs60-f1.732-r02:049938.163: log(exp-norms): [1023.47, 1025.43, 1026.94]
exp019-n1024-k08-d180-bs60-f1.732-r02:049938.164: log(norms):     [1023.47, 1026.22, 1028.16, 1028.17, 1028.18, 1028.21, 1028.32, 1028.37, 1028.3, 1028.47]
exp019-n1024-k08-d180-bs60-f1.732-r02:049938.182: (697 sec)
exp019-n1024-k08-d180-bs60-f1.732-r02:049938.182: Loop 68/100
exp019-n1024-k08-d180-bs60-f1.732-r02:050618.679: log(exp-norms): [1023.47, 1025.43, 1026.94]
exp019-n1024-k08-d180-bs60-f1.732-r02:050618.679: log(norms):     [1023.47, 1026.22, 1028.16, 1028.17, 1028.18, 1028.21, 1028.32, 1028.37, 1028.3, 1028.47]
exp019-n1024-k08-d180-bs60-f1.732-r02:050618.698: (681 sec)
exp019-n1024-k08-d180-bs60-f1.732-r02:050618.698: Loop 69/100
exp019-n1024-k08-d180-bs60-f1.732-r02:051273.665: log(exp-norms): [1023.47, 1025.43, 1026.94]
exp019-n1024-k08-d180-bs60-f1.732-r02:051273.671: log(norms):     [1023.47, 1026.22, 1028.16, 1028.17, 1028.18, 1028.21, 1028.32, 1028.37, 1028.3, 1028.47]
exp019-n1024-k08-d180-bs60-f1.732-r02:051273.690: (655 sec)
exp019-n1024-k08-d180-bs60-f1.732-r02:051273.691: Loop 70/100
exp019-n1024-k08-d180-bs60-f1.732-r02:051936.054: log(exp-norms): [1023.47, 1025.43, 1026.94]
exp019-n1024-k08-d180-bs60-f1.732-r02:051936.054: log(norms):     [1023.47, 1026.22, 1028.16, 1028.17, 1028.18, 1028.21, 1028.27, 1028.32, 1028.37, 1028.47]
exp019-n1024-k08-d180-bs60-f1.732-r02:051936.074: (663 sec)
exp019-n1024-k08-d180-bs60-f1.732-r02:051936.074: Loop 71/100
exp019-n1024-k08-d180-bs60-f1.732-r02:052596.774: log(exp-norms): [1023.47, 1025.43, 1026.94]
exp019-n1024-k08-d180-bs60-f1.732-r02:052596.775: log(norms):     [1023.47, 1026.22, 1028.16, 1028.17, 1028.18, 1028.21, 1028.27, 1028.32, 1028.37, 1028.47]
exp019-n1024-k08-d180-bs60-f1.732-r02:052596.793: (661 sec)
exp019-n1024-k08-d180-bs60-f1.732-r02:052596.793: Loop 72/100
exp019-n1024-k08-d180-bs60-f1.732-r02:053266.130: log(exp-norms): [1023.47, 1025.43, 1026.94]
exp019-n1024-k08-d180-bs60-f1.732-r02:053266.130: log(norms):     [1023.47, 1026.22, 1028.16, 1028.17, 1028.18, 1028.21, 1028.27, 1028.32, 1028.37, 1028.47]
exp019-n1024-k08-d180-bs60-f1.732-r02:053266.149: (670 sec)
exp019-n1024-k08-d180-bs60-f1.732-r02:053266.149: Loop 73/100
exp019-n1024-k08-d180-bs60-f1.732-r02:053917.757: log(exp-norms): [1023.47, 1025.43, 1026.94]
exp019-n1024-k08-d180-bs60-f1.732-r02:053917.758: log(norms):     [1023.47, 1026.22, 1028.16, 1028.17, 1028.18, 1028.21, 1028.27, 1028.32, 1028.37, 1028.47]
exp019-n1024-k08-d180-bs60-f1.732-r02:053917.776: (652 sec)
exp019-n1024-k08-d180-bs60-f1.732-r02:053917.776: Loop 74/100
exp019-n1024-k08-d180-bs60-f1.732-r02:054594.770: log(exp-norms): [1023.47, 1025.43, 1026.94]
exp019-n1024-k08-d180-bs60-f1.732-r02:054594.771: log(norms):     [1023.47, 1026.22, 1028.16, 1028.17, 1028.18, 1028.17, 1028.21, 1028.27, 1028.32, 1028.37]
exp019-n1024-k08-d180-bs60-f1.732-r02:054594.789: (678 sec)
exp019-n1024-k08-d180-bs60-f1.732-r02:054594.789: Loop 75/100
exp019-n1024-k08-d180-bs60-f1.732-r02:055273.750: log(exp-norms): [1023.47, 1025.43, 1026.94]
exp019-n1024-k08-d180-bs60-f1.732-r02:055273.750: log(norms):     [1023.47, 1026.22, 1028.13, 1028.17, 1028.16, 1028.17, 1028.18, 1028.21, 1028.27, 1028.32]
exp019-n1024-k08-d180-bs60-f1.732-r02:055273.768: (679 sec)
exp019-n1024-k08-d180-bs60-f1.732-r02:055273.769: Loop 76/100
exp019-n1024-k08-d180-bs60-f1.732-r02:055940.842: log(exp-norms): [1023.47, 1025.43, 1026.94]
exp019-n1024-k08-d180-bs60-f1.732-r02:055940.844: log(norms):     [1023.47, 1026.22, 1028.13, 1028.17, 1028.16, 1028.17, 1028.18, 1028.42, 1028.21, 1028.4]
exp019-n1024-k08-d180-bs60-f1.732-r02:055940.862: (668 sec)
exp019-n1024-k08-d180-bs60-f1.732-r02:055940.862: Loop 77/100
exp019-n1024-k08-d180-bs60-f1.732-r02:056604.303: log(exp-norms): [1023.47, 1025.43, 1026.94]
exp019-n1024-k08-d180-bs60-f1.732-r02:056604.303: log(norms):     [1023.47, 1026.22, 1028.13, 1028.17, 1028.16, 1028.17, 1028.18, 1028.32, 1028.35, 1028.42]
exp019-n1024-k08-d180-bs60-f1.732-r02:056604.322: (664 sec)
exp019-n1024-k08-d180-bs60-f1.732-r02:056604.322: Loop 78/100
exp019-n1024-k08-d180-bs60-f1.732-r02:057296.915: log(exp-norms): [1023.47, 1025.43, 1026.94]
exp019-n1024-k08-d180-bs60-f1.732-r02:057296.915: log(norms):     [1023.47, 1026.22, 1028.13, 1028.17, 1028.16, 1028.17, 1028.18, 1028.32, 1028.35, 1028.49]
exp019-n1024-k08-d180-bs60-f1.732-r02:057296.934: (693 sec)
exp019-n1024-k08-d180-bs60-f1.732-r02:057296.934: Loop 79/100
exp019-n1024-k08-d180-bs60-f1.732-r02:057963.259: log(exp-norms): [1023.47, 1025.43, 1026.94]
exp019-n1024-k08-d180-bs60-f1.732-r02:057963.259: log(norms):     [1023.47, 1026.22, 1028.13, 1028.17, 1028.16, 1028.17, 1028.18, 1028.32, 1028.35, 1028.49]
exp019-n1024-k08-d180-bs60-f1.732-r02:057963.276: (667 sec)
exp019-n1024-k08-d180-bs60-f1.732-r02:057963.277: Loop 80/100
exp019-n1024-k08-d180-bs60-f1.732-r02:058679.381: log(exp-norms): [1023.47, 1025.43, 1026.94]
exp019-n1024-k08-d180-bs60-f1.732-r02:058679.382: log(norms):     [1023.47, 1026.22, 1028.13, 1028.17, 1028.16, 1028.33, 1028.17, 1028.32, 1028.18, 1028.35]
exp019-n1024-k08-d180-bs60-f1.732-r02:058679.400: (717 sec)
exp019-n1024-k08-d180-bs60-f1.732-r02:058679.400: Loop 81/100
exp019-n1024-k08-d180-bs60-f1.732-r02:059402.019: log(exp-norms): [1023.47, 1025.43, 1026.94]
exp019-n1024-k08-d180-bs60-f1.732-r02:059402.020: log(norms):     [1023.47, 1026.22, 1028.13, 1028.17, 1028.16, 1028.33, 1028.17, 1028.32, 1028.18, 1028.35]
exp019-n1024-k08-d180-bs60-f1.732-r02:059402.042: (723 sec)
exp019-n1024-k08-d180-bs60-f1.732-r02:059402.043: Loop 82/100
exp019-n1024-k08-d180-bs60-f1.732-r02:060094.674: log(exp-norms): [1023.47, 1025.43, 1026.94]
exp019-n1024-k08-d180-bs60-f1.732-r02:060094.674: log(norms):     [1023.47, 1026.22, 1028.13, 1028.17, 1028.16, 1028.33, 1028.17, 1028.32, 1028.18, 1028.35]
exp019-n1024-k08-d180-bs60-f1.732-r02:060094.693: (693 sec)
exp019-n1024-k08-d180-bs60-f1.732-r02:060094.693: Loop 83/100
exp019-n1024-k08-d180-bs60-f1.732-r02:060785.877: log(exp-norms): [1023.47, 1025.43, 1026.94]
exp019-n1024-k08-d180-bs60-f1.732-r02:060785.877: log(norms):     [1023.47, 1026.22, 1028.13, 1028.17, 1028.16, 1028.33, 1028.17, 1028.32, 1028.18, 1028.35]
exp019-n1024-k08-d180-bs60-f1.732-r02:060785.895: (692 sec)
exp019-n1024-k08-d180-bs60-f1.732-r02:060785.896: Loop 84/100
exp019-n1024-k08-d180-bs60-f1.732-r02:061460.017: log(exp-norms): [1023.47, 1025.43, 1026.94]
exp019-n1024-k08-d180-bs60-f1.732-r02:061460.018: log(norms):     [1023.47, 1026.22, 1028.13, 1028.17, 1028.16, 1028.33, 1028.17, 1028.32, 1028.18, 1028.35]
exp019-n1024-k08-d180-bs60-f1.732-r02:061460.036: (675 sec)
exp019-n1024-k08-d180-bs60-f1.732-r02:061460.036: Loop 85/100
exp019-n1024-k08-d180-bs60-f1.732-r02:062114.810: log(exp-norms): [1023.47, 1025.43, 1026.94]
exp019-n1024-k08-d180-bs60-f1.732-r02:062114.810: log(norms):     [1023.47, 1026.22, 1028.13, 1028.17, 1028.16, 1028.33, 1028.17, 1028.32, 1028.18, 1028.35]
exp019-n1024-k08-d180-bs60-f1.732-r02:062114.829: (655 sec)
exp019-n1024-k08-d180-bs60-f1.732-r02:062114.829: Loop 86/100
exp019-n1024-k08-d180-bs60-f1.732-r02:062774.391: log(exp-norms): [1023.47, 1025.43, 1026.94]
exp019-n1024-k08-d180-bs60-f1.732-r02:062774.392: log(norms):     [1023.47, 1026.22, 1028.13, 1028.17, 1028.16, 1028.33, 1028.17, 1028.32, 1028.18, 1028.35]
exp019-n1024-k08-d180-bs60-f1.732-r02:062774.410: (660 sec)
exp019-n1024-k08-d180-bs60-f1.732-r02:062774.411: Loop 87/100
exp019-n1024-k08-d180-bs60-f1.732-r02:063438.059: log(exp-norms): [1023.47, 1025.43, 1026.94]
exp019-n1024-k08-d180-bs60-f1.732-r02:063438.059: log(norms):     [1023.47, 1026.22, 1028.13, 1028.17, 1028.16, 1028.33, 1028.17, 1028.32, 1028.18, 1028.35]
exp019-n1024-k08-d180-bs60-f1.732-r02:063438.077: (664 sec)
exp019-n1024-k08-d180-bs60-f1.732-r02:063438.078: Loop 88/100
exp019-n1024-k08-d180-bs60-f1.732-r02:064116.277: log(exp-norms): [1023.47, 1025.43, 1026.94]
exp019-n1024-k08-d180-bs60-f1.732-r02:064116.277: log(norms):     [1023.47, 1026.22, 1028.13, 1028.17, 1028.16, 1028.33, 1028.17, 1028.32, 1028.18, 1028.35]
exp019-n1024-k08-d180-bs60-f1.732-r02:064116.296: (679 sec)
exp019-n1024-k08-d180-bs60-f1.732-r02:064116.296: Loop 89/100
exp019-n1024-k08-d180-bs60-f1.732-r02:064842.116: log(exp-norms): [1023.47, 1025.43, 1026.94]
exp019-n1024-k08-d180-bs60-f1.732-r02:064842.117: log(norms):     [1023.47, 1026.22, 1028.13, 1028.17, 1028.16, 1028.33, 1028.17, 1028.32, 1028.18, 1028.35]
exp019-n1024-k08-d180-bs60-f1.732-r02:064842.135: (726 sec)
exp019-n1024-k08-d180-bs60-f1.732-r02:064842.136: Loop 90/100
exp019-n1024-k08-d180-bs60-f1.732-r02:065530.737: log(exp-norms): [1023.47, 1025.43, 1026.94]
exp019-n1024-k08-d180-bs60-f1.732-r02:065530.738: log(norms):     [1023.47, 1026.22, 1028.13, 1028.17, 1028.16, 1028.24, 1028.35, 1028.32, 1028.21, 1028.2]
exp019-n1024-k08-d180-bs60-f1.732-r02:065530.756: (689 sec)
exp019-n1024-k08-d180-bs60-f1.732-r02:065530.756: Loop 91/100
exp019-n1024-k08-d180-bs60-f1.732-r02:066253.607: log(exp-norms): [1023.47, 1025.43, 1026.94]
exp019-n1024-k08-d180-bs60-f1.732-r02:066253.607: log(norms):     [1023.47, 1026.22, 1028.13, 1028.17, 1028.16, 1028.24, 1028.35, 1028.32, 1028.21, 1028.29]
exp019-n1024-k08-d180-bs60-f1.732-r02:066253.625: (723 sec)
exp019-n1024-k08-d180-bs60-f1.732-r02:066253.626: Loop 92/100
exp019-n1024-k08-d180-bs60-f1.732-r02:066913.118: log(exp-norms): [1023.47, 1025.43, 1026.94]
exp019-n1024-k08-d180-bs60-f1.732-r02:066913.119: log(norms):     [1023.47, 1026.22, 1028.13, 1028.17, 1028.16, 1028.24, 1028.35, 1028.32, 1028.26, 1028.21]
exp019-n1024-k08-d180-bs60-f1.732-r02:066913.137: (660 sec)
exp019-n1024-k08-d180-bs60-f1.732-r02:066913.138: Loop 93/100
exp019-n1024-k08-d180-bs60-f1.732-r02:067618.425: log(exp-norms): [1023.47, 1025.43, 1026.94]
exp019-n1024-k08-d180-bs60-f1.732-r02:067618.425: log(norms):     [1023.47, 1026.22, 1028.13, 1028.17, 1028.16, 1028.24, 1028.35, 1028.32, 1028.26, 1028.21]
exp019-n1024-k08-d180-bs60-f1.732-r02:067618.444: (706 sec)
exp019-n1024-k08-d180-bs60-f1.732-r02:067618.445: Loop 94/100
exp019-n1024-k08-d180-bs60-f1.732-r02:068368.691: log(exp-norms): [1023.47, 1025.43, 1026.94]
exp019-n1024-k08-d180-bs60-f1.732-r02:068368.692: log(norms):     [1023.47, 1026.22, 1028.13, 1028.17, 1028.26, 1028.16, 1028.21, 1028.24, 1028.35, 1028.32]
exp019-n1024-k08-d180-bs60-f1.732-r02:068368.710: (751 sec)
exp019-n1024-k08-d180-bs60-f1.732-r02:068368.710: Loop 95/100
exp019-n1024-k08-d180-bs60-f1.732-r02:069045.210: log(exp-norms): [1023.47, 1025.43, 1026.94]
exp019-n1024-k08-d180-bs60-f1.732-r02:069045.210: log(norms):     [1023.47, 1026.22, 1028.13, 1028.17, 1028.26, 1028.16, 1028.21, 1028.29, 1028.35, 1028.24]
exp019-n1024-k08-d180-bs60-f1.732-r02:069045.228: (677 sec)
exp019-n1024-k08-d180-bs60-f1.732-r02:069045.229: Loop 96/100
exp019-n1024-k08-d180-bs60-f1.732-r02:069723.142: log(exp-norms): [1023.47, 1025.43, 1026.94]
exp019-n1024-k08-d180-bs60-f1.732-r02:069723.143: log(norms):     [1023.47, 1026.22, 1028.13, 1028.17, 1028.26, 1028.17, 1028.16, 1028.21, 1028.29, 1028.2]
exp019-n1024-k08-d180-bs60-f1.732-r02:069723.161: (678 sec)
exp019-n1024-k08-d180-bs60-f1.732-r02:069723.162: Loop 97/100
exp019-n1024-k08-d180-bs60-f1.732-r02:070376.377: log(exp-norms): [1023.47, 1025.43, 1026.94]
exp019-n1024-k08-d180-bs60-f1.732-r02:070376.378: log(norms):     [1023.47, 1026.22, 1028.13, 1028.17, 1028.26, 1028.17, 1028.16, 1028.21, 1028.29, 1028.2]
exp019-n1024-k08-d180-bs60-f1.732-r02:070376.395: (654 sec)
exp019-n1024-k08-d180-bs60-f1.732-r02:070376.395: Loop 98/100
exp019-n1024-k08-d180-bs60-f1.732-r02:071014.280: log(exp-norms): [1023.47, 1025.43, 1026.94]
exp019-n1024-k08-d180-bs60-f1.732-r02:071014.281: log(norms):     [1023.47, 1026.22, 1028.13, 1028.17, 1028.26, 1028.17, 1028.16, 1028.21, 1028.29, 1028.2]
exp019-n1024-k08-d180-bs60-f1.732-r02:071014.298: (638 sec)
exp019-n1024-k08-d180-bs60-f1.732-r02:071014.298: Loop 99/100
exp019-n1024-k08-d180-bs60-f1.732-r02:071643.701: log(exp-norms): [1023.47, 1025.43, 1026.94]
exp019-n1024-k08-d180-bs60-f1.732-r02:071643.701: log(norms):     [1023.47, 1026.22, 1028.13, 1028.17, 1028.26, 1028.17, 1028.16, 1028.21, 1028.29, 1028.42]
exp019-n1024-k08-d180-bs60-f1.732-r02:071643.719: (630 sec)
exp019-n1024-k08-d180-bs60-f1.732-r02:071643.720: Loop 100/100
exp019-n1024-k08-d180-bs60-f1.732-r02:072229.977: log(exp-norms): [1023.47, 1025.43, 1026.94]
exp019-n1024-k08-d180-bs60-f1.732-r02:072229.978: log(norms):     [1023.47, 1025.43, 1026.22, 1028.13, 1028.17, 1028.19, 1028.26, 1028.19, 1028.17, 1028.36]
exp019-n1024-k08-d180-bs60-f1.732-r02:072229.999: (587 sec)
exp019-n1024-k08-d180-bs60-f1.732-r02:072229.999: ==========================Summary===========================
exp019-n1024-k08-d180-bs60-f1.732-r02:072229.999: Total time: 72230sec
exp019-n1024-k08-d180-bs60-f1.732-r02:072229.999: SUCCESS
exp019-n1024-k08-d180-bs60-f1.732-r02:072229.999: HNP solution: 102877459799250792326854090176246283928902714295008794401210495853451957450332360389833835914697002769626968958064729899701228197869293238098522849211980830108748219116474573576592369579195186942039575989686384566012462018951333772564017111221060746521375752504393062285465569978124329414276142313387547500583
exp019-n1024-k08-d180-bs60-f1.732-r02:072230.000: Shared secret: 102877459799250792326854090176246283928902714295008794401210495853451957450332360389833835914697002769626968958064729899701228197869293238098522849211980830108748219116474573576592369579195186942039575989686384566012462018951333772564017111221060746521375752504393062285465569978124329414276142313387547500583
exp019-n1024-k08-d180-bs60-f1.732-r02:072230.000: SUMMARY:n:1024:k:8:d:180:bs:60:t:72230:r:True
