exp013-n1024-k08-d180-bs60-f1.750-r04:000000.202: ==========================Instance==========================
exp013-n1024-k08-d180-bs60-f1.750-r04:000000.202: # of equations: 180
exp013-n1024-k08-d180-bs60-f1.750-r04:000000.204: Gap: 2.84
exp013-n1024-k08-d180-bs60-f1.750-r04:000000.208: Tau: 2.47
exp013-n1024-k08-d180-bs60-f1.750-r04:000000.209: ======================BKZ-60 reduction======================
exp013-n1024-k08-d180-bs60-f1.750-r04:000004.309: Expectedly achievable log(norm): 1028.22
exp013-n1024-k08-d180-bs60-f1.750-r04:000008.404: log(exp-norms): [1023.47, 1025.43, 1026.94]
exp013-n1024-k08-d180-bs60-f1.750-r04:000008.405: log(norms):     [1033.92, 1026.22, 1030.94, 1030.94, 1030.94, 1030.94, 1030.94, 1030.94, 1030.94, 1030.94]
exp013-n1024-k08-d180-bs60-f1.750-r04:000008.520: Loop 1/100
exp013-n1024-k08-d180-bs60-f1.750-r04:001153.257: log(exp-norms): [1023.47, 1025.43, 1026.94]
exp013-n1024-k08-d180-bs60-f1.750-r04:001153.257: log(norms):     [1026.22, 1030.11, 1030.11, 1030.2, 1030.15, 1030.18, 1030.07, 1030.2, 1030.33, 1030.17]
exp013-n1024-k08-d180-bs60-f1.750-r04:001153.276: (1145 sec)
exp013-n1024-k08-d180-bs60-f1.750-r04:001153.277: Loop 2/100
exp013-n1024-k08-d180-bs60-f1.750-r04:002069.220: log(exp-norms): [1023.47, 1025.43, 1026.94]
exp013-n1024-k08-d180-bs60-f1.750-r04:002069.221: log(norms):     [1023.47, 1026.22, 1029.47, 1029.55, 1029.61, 1029.55, 1029.77, 1029.62, 1029.61, 1029.69]
exp013-n1024-k08-d180-bs60-f1.750-r04:002069.252: (916 sec)
exp013-n1024-k08-d180-bs60-f1.750-r04:002069.253: Loop 3/100
exp013-n1024-k08-d180-bs60-f1.750-r04:002931.615: log(exp-norms): [1023.47, 1025.43, 1026.94]
exp013-n1024-k08-d180-bs60-f1.750-r04:002931.617: log(norms):     [1023.47, 1026.22, 1029.01, 1029.01, 1029.03, 1029.19, 1029.14, 1029.09, 1029.13, 1029.11]
exp013-n1024-k08-d180-bs60-f1.750-r04:002931.636: (863 sec)
exp013-n1024-k08-d180-bs60-f1.750-r04:002931.637: Loop 4/100
exp013-n1024-k08-d180-bs60-f1.750-r04:003789.771: log(exp-norms): [1023.47, 1025.43, 1026.94]
exp013-n1024-k08-d180-bs60-f1.750-r04:003789.772: log(norms):     [1023.47, 1026.22, 1028.62, 1028.69, 1028.76, 1028.61, 1028.76, 1028.88, 1028.9, 1028.86]
exp013-n1024-k08-d180-bs60-f1.750-r04:003789.800: (859 sec)
exp013-n1024-k08-d180-bs60-f1.750-r04:003789.801: Loop 5/100
exp013-n1024-k08-d180-bs60-f1.750-r04:004605.832: log(exp-norms): [1023.47, 1025.43, 1026.94]
exp013-n1024-k08-d180-bs60-f1.750-r04:004605.833: log(norms):     [1023.47, 1026.22, 1028.48, 1028.53, 1028.64, 1028.51, 1028.45, 1028.54, 1028.57, 1028.57]
exp013-n1024-k08-d180-bs60-f1.750-r04:004605.863: (817 sec)
exp013-n1024-k08-d180-bs60-f1.750-r04:004605.863: Loop 6/100
exp013-n1024-k08-d180-bs60-f1.750-r04:005386.021: log(exp-norms): [1023.47, 1025.43, 1026.94]
exp013-n1024-k08-d180-bs60-f1.750-r04:005386.021: log(norms):     [1023.47, 1026.22, 1028.37, 1028.41, 1028.49, 1028.51, 1028.44, 1028.61, 1028.54, 1028.61]
exp013-n1024-k08-d180-bs60-f1.750-r04:005386.040: (781 sec)
exp013-n1024-k08-d180-bs60-f1.750-r04:005386.040: Loop 7/100
exp013-n1024-k08-d180-bs60-f1.750-r04:006118.786: log(exp-norms): [1023.47, 1025.43, 1026.94]
exp013-n1024-k08-d180-bs60-f1.750-r04:006118.787: log(norms):     [1023.47, 1026.22, 1028.34, 1028.43, 1028.35, 1028.37, 1028.4, 1028.36, 1028.37, 1028.58]
exp013-n1024-k08-d180-bs60-f1.750-r04:006118.823: (733 sec)
exp013-n1024-k08-d180-bs60-f1.750-r04:006118.823: Loop 8/100
exp013-n1024-k08-d180-bs60-f1.750-r04:006833.611: log(exp-norms): [1023.47, 1025.43, 1026.94]
exp013-n1024-k08-d180-bs60-f1.750-r04:006833.613: log(norms):     [1023.47, 1026.22, 1028.34, 1028.33, 1028.36, 1028.45, 1028.35, 1028.46, 1028.25, 1028.61]
exp013-n1024-k08-d180-bs60-f1.750-r04:006833.637: (715 sec)
exp013-n1024-k08-d180-bs60-f1.750-r04:006833.637: Loop 9/100
exp013-n1024-k08-d180-bs60-f1.750-r04:007480.410: log(exp-norms): [1023.47, 1025.43, 1026.94]
exp013-n1024-k08-d180-bs60-f1.750-r04:007480.411: log(norms):     [1023.47, 1026.22, 1028.25, 1028.28, 1028.31, 1028.28, 1028.3, 1028.38, 1028.42, 1028.44]
exp013-n1024-k08-d180-bs60-f1.750-r04:007480.429: (647 sec)
exp013-n1024-k08-d180-bs60-f1.750-r04:007480.429: Loop 10/100
exp013-n1024-k08-d180-bs60-f1.750-r04:008124.633: log(exp-norms): [1023.47, 1025.43, 1026.94]
exp013-n1024-k08-d180-bs60-f1.750-r04:008124.633: log(norms):     [1023.47, 1026.22, 1028.24, 1028.28, 1028.28, 1028.3, 1028.25, 1028.51, 1028.41, 1028.54]
exp013-n1024-k08-d180-bs60-f1.750-r04:008124.651: (645 sec)
exp013-n1024-k08-d180-bs60-f1.750-r04:008124.652: Loop 11/100
exp013-n1024-k08-d180-bs60-f1.750-r04:008789.126: log(exp-norms): [1023.47, 1025.43, 1026.94]
exp013-n1024-k08-d180-bs60-f1.750-r04:008789.126: log(norms):     [1023.47, 1026.22, 1028.19, 1028.24, 1028.29, 1028.22, 1028.28, 1028.3, 1028.45, 1028.44]
exp013-n1024-k08-d180-bs60-f1.750-r04:008789.146: (665 sec)
exp013-n1024-k08-d180-bs60-f1.750-r04:008789.146: Loop 12/100
exp013-n1024-k08-d180-bs60-f1.750-r04:009435.795: log(exp-norms): [1023.47, 1025.43, 1026.94]
exp013-n1024-k08-d180-bs60-f1.750-r04:009435.795: log(norms):     [1023.47, 1026.22, 1028.19, 1028.22, 1028.28, 1028.28, 1028.24, 1028.48, 1028.3, 1028.48]
exp013-n1024-k08-d180-bs60-f1.750-r04:009435.813: (647 sec)
exp013-n1024-k08-d180-bs60-f1.750-r04:009435.813: Loop 13/100
exp013-n1024-k08-d180-bs60-f1.750-r04:010088.900: log(exp-norms): [1023.47, 1025.43, 1026.94]
exp013-n1024-k08-d180-bs60-f1.750-r04:010088.900: log(norms):     [1023.47, 1026.22, 1028.19, 1028.22, 1028.28, 1028.28, 1028.24, 1028.48, 1028.3, 1028.39]
exp013-n1024-k08-d180-bs60-f1.750-r04:010088.918: (654 sec)
exp013-n1024-k08-d180-bs60-f1.750-r04:010088.918: Loop 14/100
exp013-n1024-k08-d180-bs60-f1.750-r04:010760.325: log(exp-norms): [1023.47, 1025.43, 1026.94]
exp013-n1024-k08-d180-bs60-f1.750-r04:010760.326: log(norms):     [1023.47, 1026.22, 1028.19, 1028.22, 1028.28, 1028.28, 1028.24, 1028.48, 1028.48, 1028.3]
exp013-n1024-k08-d180-bs60-f1.750-r04:010760.344: (672 sec)
exp013-n1024-k08-d180-bs60-f1.750-r04:010760.344: Loop 15/100
exp013-n1024-k08-d180-bs60-f1.750-r04:011396.540: log(exp-norms): [1023.47, 1025.43, 1026.94]
exp013-n1024-k08-d180-bs60-f1.750-r04:011396.541: log(norms):     [1023.47, 1026.22, 1028.19, 1028.22, 1028.28, 1028.28, 1028.24, 1028.48, 1028.33, 1028.48]
exp013-n1024-k08-d180-bs60-f1.750-r04:011396.557: (637 sec)
exp013-n1024-k08-d180-bs60-f1.750-r04:011396.558: Loop 16/100
exp013-n1024-k08-d180-bs60-f1.750-r04:012308.312: log(exp-norms): [1023.47, 1025.43, 1026.94]
exp013-n1024-k08-d180-bs60-f1.750-r04:012308.313: log(norms):     [1023.47, 1026.22, 1028.19, 1028.22, 1028.28, 1028.28, 1028.24, 1028.48, 1028.33, 1028.48]
exp013-n1024-k08-d180-bs60-f1.750-r04:012308.347: (912 sec)
exp013-n1024-k08-d180-bs60-f1.750-r04:012308.348: Loop 17/100
exp013-n1024-k08-d180-bs60-f1.750-r04:013228.960: log(exp-norms): [1023.47, 1025.43, 1026.94]
exp013-n1024-k08-d180-bs60-f1.750-r04:013228.960: log(norms):     [1023.47, 1026.22, 1028.16, 1028.19, 1028.22, 1028.28, 1028.39, 1028.24, 1028.28, 1028.44]
exp013-n1024-k08-d180-bs60-f1.750-r04:013228.979: (921 sec)
exp013-n1024-k08-d180-bs60-f1.750-r04:013228.980: Loop 18/100
exp013-n1024-k08-d180-bs60-f1.750-r04:014079.233: log(exp-norms): [1023.47, 1025.43, 1026.94]
exp013-n1024-k08-d180-bs60-f1.750-r04:014079.234: log(norms):     [1023.47, 1026.22, 1028.16, 1028.2, 1028.19, 1028.22, 1028.39, 1028.28, 1028.24, 1028.28]
exp013-n1024-k08-d180-bs60-f1.750-r04:014079.255: (851 sec)
exp013-n1024-k08-d180-bs60-f1.750-r04:014079.255: Loop 19/100
exp013-n1024-k08-d180-bs60-f1.750-r04:014914.096: log(exp-norms): [1023.47, 1025.43, 1026.94]
exp013-n1024-k08-d180-bs60-f1.750-r04:014914.097: log(norms):     [1023.47, 1026.22, 1028.16, 1028.2, 1028.19, 1028.22, 1028.39, 1028.28, 1028.39, 1028.42]
exp013-n1024-k08-d180-bs60-f1.750-r04:014914.116: (835 sec)
exp013-n1024-k08-d180-bs60-f1.750-r04:014914.116: Loop 20/100
exp013-n1024-k08-d180-bs60-f1.750-r04:015761.085: log(exp-norms): [1023.47, 1025.43, 1026.94]
exp013-n1024-k08-d180-bs60-f1.750-r04:015761.085: log(norms):     [1023.47, 1026.22, 1028.16, 1028.2, 1028.19, 1028.22, 1028.23, 1028.31, 1028.29, 1028.28]
exp013-n1024-k08-d180-bs60-f1.750-r04:015761.105: (847 sec)
exp013-n1024-k08-d180-bs60-f1.750-r04:015761.106: Loop 21/100
exp013-n1024-k08-d180-bs60-f1.750-r04:016677.660: log(exp-norms): [1023.47, 1025.43, 1026.94]
exp013-n1024-k08-d180-bs60-f1.750-r04:016677.661: log(norms):     [1023.47, 1026.22, 1028.16, 1028.21, 1028.25, 1028.3, 1028.2, 1028.28, 1028.22, 1028.23]
exp013-n1024-k08-d180-bs60-f1.750-r04:016677.691: (917 sec)
exp013-n1024-k08-d180-bs60-f1.750-r04:016677.691: Loop 22/100
exp013-n1024-k08-d180-bs60-f1.750-r04:017529.663: log(exp-norms): [1023.47, 1025.43, 1026.94]
exp013-n1024-k08-d180-bs60-f1.750-r04:017529.664: log(norms):     [1023.47, 1026.22, 1028.16, 1028.21, 1028.25, 1028.3, 1028.2, 1028.37, 1028.23, 1028.37]
exp013-n1024-k08-d180-bs60-f1.750-r04:017529.682: (852 sec)
exp013-n1024-k08-d180-bs60-f1.750-r04:017529.683: Loop 23/100
exp013-n1024-k08-d180-bs60-f1.750-r04:018419.282: log(exp-norms): [1023.47, 1025.43, 1026.94]
exp013-n1024-k08-d180-bs60-f1.750-r04:018419.283: log(norms):     [1023.47, 1026.22, 1028.16, 1028.21, 1028.25, 1028.3, 1028.2, 1028.41, 1028.49, 1028.37]
exp013-n1024-k08-d180-bs60-f1.750-r04:018419.312: (890 sec)
exp013-n1024-k08-d180-bs60-f1.750-r04:018419.312: Loop 24/100
exp013-n1024-k08-d180-bs60-f1.750-r04:019250.966: log(exp-norms): [1023.47, 1025.43, 1026.94]
exp013-n1024-k08-d180-bs60-f1.750-r04:019250.967: log(norms):     [1023.47, 1026.22, 1028.16, 1028.21, 1028.25, 1028.3, 1028.2, 1028.41, 1028.49, 1028.36]
exp013-n1024-k08-d180-bs60-f1.750-r04:019250.986: (832 sec)
exp013-n1024-k08-d180-bs60-f1.750-r04:019250.986: Loop 25/100
exp013-n1024-k08-d180-bs60-f1.750-r04:020074.229: log(exp-norms): [1023.47, 1025.43, 1026.94]
exp013-n1024-k08-d180-bs60-f1.750-r04:020074.230: log(norms):     [1023.47, 1026.22, 1028.16, 1028.21, 1028.25, 1028.3, 1028.2, 1028.41, 1028.49, 1028.36]
exp013-n1024-k08-d180-bs60-f1.750-r04:020074.258: (824 sec)
exp013-n1024-k08-d180-bs60-f1.750-r04:020074.259: Loop 26/100
exp013-n1024-k08-d180-bs60-f1.750-r04:020862.492: log(exp-norms): [1023.47, 1025.43, 1026.94]
exp013-n1024-k08-d180-bs60-f1.750-r04:020862.493: log(norms):     [1023.47, 1026.22, 1028.16, 1028.21, 1028.25, 1028.3, 1028.2, 1028.41, 1028.49, 1028.36]
exp013-n1024-k08-d180-bs60-f1.750-r04:020862.512: (789 sec)
exp013-n1024-k08-d180-bs60-f1.750-r04:020862.512: Loop 27/100
exp013-n1024-k08-d180-bs60-f1.750-r04:021620.260: log(exp-norms): [1023.47, 1025.43, 1026.94]
exp013-n1024-k08-d180-bs60-f1.750-r04:021620.261: log(norms):     [1023.47, 1026.22, 1028.16, 1028.21, 1028.25, 1028.3, 1028.2, 1028.41, 1028.49, 1028.49]
exp013-n1024-k08-d180-bs60-f1.750-r04:021620.292: (758 sec)
exp013-n1024-k08-d180-bs60-f1.750-r04:021620.292: Loop 28/100
exp013-n1024-k08-d180-bs60-f1.750-r04:022294.606: log(exp-norms): [1023.47, 1025.43, 1026.94]
exp013-n1024-k08-d180-bs60-f1.750-r04:022294.607: log(norms):     [1023.47, 1026.22, 1028.16, 1028.21, 1028.25, 1028.3, 1028.2, 1028.41, 1028.49, 1028.49]
exp013-n1024-k08-d180-bs60-f1.750-r04:022294.625: (675 sec)
exp013-n1024-k08-d180-bs60-f1.750-r04:022294.626: Loop 29/100
exp013-n1024-k08-d180-bs60-f1.750-r04:022938.259: log(exp-norms): [1023.47, 1025.43, 1026.94]
exp013-n1024-k08-d180-bs60-f1.750-r04:022938.259: log(norms):     [1023.47, 1026.22, 1028.16, 1028.21, 1028.25, 1028.3, 1028.2, 1028.41, 1028.49, 1028.49]
exp013-n1024-k08-d180-bs60-f1.750-r04:022938.279: (644 sec)
exp013-n1024-k08-d180-bs60-f1.750-r04:022938.279: Loop 30/100
exp013-n1024-k08-d180-bs60-f1.750-r04:023695.596: log(exp-norms): [1023.47, 1025.43, 1026.94]
exp013-n1024-k08-d180-bs60-f1.750-r04:023695.597: log(norms):     [1023.47, 1026.22, 1028.16, 1028.21, 1028.25, 1028.3, 1028.2, 1028.32, 1028.41, 1028.49]
exp013-n1024-k08-d180-bs60-f1.750-r04:023695.617: (758 sec)
exp013-n1024-k08-d180-bs60-f1.750-r04:023695.618: Loop 31/100
exp013-n1024-k08-d180-bs60-f1.750-r04:024423.593: log(exp-norms): [1023.47, 1025.43, 1026.94]
exp013-n1024-k08-d180-bs60-f1.750-r04:024423.594: log(norms):     [1023.47, 1026.22, 1028.16, 1028.21, 1028.25, 1028.3, 1028.2, 1028.32, 1028.41, 1028.49]
exp013-n1024-k08-d180-bs60-f1.750-r04:024423.612: (728 sec)
exp013-n1024-k08-d180-bs60-f1.750-r04:024423.612: Loop 32/100
exp013-n1024-k08-d180-bs60-f1.750-r04:025110.321: log(exp-norms): [1023.47, 1025.43, 1026.94]
exp013-n1024-k08-d180-bs60-f1.750-r04:025110.322: log(norms):     [1023.47, 1026.22, 1028.16, 1028.21, 1028.25, 1028.3, 1028.2, 1028.33, 1028.32, 1028.36]
exp013-n1024-k08-d180-bs60-f1.750-r04:025110.339: (687 sec)
exp013-n1024-k08-d180-bs60-f1.750-r04:025110.339: Loop 33/100
exp013-n1024-k08-d180-bs60-f1.750-r04:025731.873: log(exp-norms): [1023.47, 1025.43, 1026.94]
exp013-n1024-k08-d180-bs60-f1.750-r04:025731.873: log(norms):     [1023.47, 1026.22, 1028.16, 1028.21, 1028.25, 1028.3, 1028.2, 1028.33, 1028.32, 1028.36]
exp013-n1024-k08-d180-bs60-f1.750-r04:025731.892: (622 sec)
exp013-n1024-k08-d180-bs60-f1.750-r04:025731.892: Loop 34/100
exp013-n1024-k08-d180-bs60-f1.750-r04:026384.028: log(exp-norms): [1023.47, 1025.43, 1026.94]
exp013-n1024-k08-d180-bs60-f1.750-r04:026384.029: log(norms):     [1023.47, 1026.22, 1028.16, 1028.21, 1028.25, 1028.3, 1028.2, 1028.33, 1028.32, 1028.36]
exp013-n1024-k08-d180-bs60-f1.750-r04:026384.047: (653 sec)
exp013-n1024-k08-d180-bs60-f1.750-r04:026384.048: Loop 35/100
exp013-n1024-k08-d180-bs60-f1.750-r04:027012.756: log(exp-norms): [1023.47, 1025.43, 1026.94]
exp013-n1024-k08-d180-bs60-f1.750-r04:027012.757: log(norms):     [1023.47, 1026.22, 1028.16, 1028.21, 1028.25, 1028.3, 1028.2, 1028.33, 1028.32, 1028.36]
exp013-n1024-k08-d180-bs60-f1.750-r04:027012.774: (629 sec)
exp013-n1024-k08-d180-bs60-f1.750-r04:027012.774: Loop 36/100
exp013-n1024-k08-d180-bs60-f1.750-r04:027598.580: log(exp-norms): [1023.47, 1025.43, 1026.94]
exp013-n1024-k08-d180-bs60-f1.750-r04:027598.580: log(norms):     [1023.47, 1026.22, 1028.16, 1028.21, 1028.25, 1028.3, 1028.2, 1028.33, 1028.32, 1028.36]
exp013-n1024-k08-d180-bs60-f1.750-r04:027598.598: (586 sec)
exp013-n1024-k08-d180-bs60-f1.750-r04:027598.599: Loop 37/100
exp013-n1024-k08-d180-bs60-f1.750-r04:028203.749: log(exp-norms): [1023.47, 1025.43, 1026.94]
exp013-n1024-k08-d180-bs60-f1.750-r04:028203.750: log(norms):     [1023.47, 1026.22, 1028.16, 1028.21, 1028.25, 1028.3, 1028.2, 1028.33, 1028.32, 1028.36]
exp013-n1024-k08-d180-bs60-f1.750-r04:028203.767: (606 sec)
exp013-n1024-k08-d180-bs60-f1.750-r04:028203.767: Loop 38/100
exp013-n1024-k08-d180-bs60-f1.750-r04:028813.949: log(exp-norms): [1023.47, 1025.43, 1026.94]
exp013-n1024-k08-d180-bs60-f1.750-r04:028813.950: log(norms):     [1023.47, 1026.22, 1028.16, 1028.21, 1028.25, 1028.3, 1028.2, 1028.33, 1028.32, 1028.36]
exp013-n1024-k08-d180-bs60-f1.750-r04:028813.967: (611 sec)
exp013-n1024-k08-d180-bs60-f1.750-r04:028813.967: Loop 39/100
exp013-n1024-k08-d180-bs60-f1.750-r04:029459.611: log(exp-norms): [1023.47, 1025.43, 1026.94]
exp013-n1024-k08-d180-bs60-f1.750-r04:029459.611: log(norms):     [1023.47, 1026.22, 1028.16, 1028.21, 1028.25, 1028.25, 1028.23, 1028.3, 1028.2, 1028.45]
exp013-n1024-k08-d180-bs60-f1.750-r04:029459.629: (646 sec)
exp013-n1024-k08-d180-bs60-f1.750-r04:029459.629: Loop 40/100
exp013-n1024-k08-d180-bs60-f1.750-r04:030107.622: log(exp-norms): [1023.47, 1025.43, 1026.94]
exp013-n1024-k08-d180-bs60-f1.750-r04:030107.623: log(norms):     [1023.47, 1026.22, 1028.16, 1028.21, 1028.25, 1028.25, 1028.26, 1028.4, 1028.45, 1028.3]
exp013-n1024-k08-d180-bs60-f1.750-r04:030107.640: (649 sec)
exp013-n1024-k08-d180-bs60-f1.750-r04:030107.640: Loop 41/100
exp013-n1024-k08-d180-bs60-f1.750-r04:030763.961: log(exp-norms): [1023.47, 1025.43, 1026.94]
exp013-n1024-k08-d180-bs60-f1.750-r04:030763.961: log(norms):     [1023.47, 1026.22, 1028.16, 1028.21, 1028.25, 1028.25, 1028.26, 1028.4, 1028.45, 1028.3]
exp013-n1024-k08-d180-bs60-f1.750-r04:030763.980: (657 sec)
exp013-n1024-k08-d180-bs60-f1.750-r04:030763.980: Loop 42/100
exp013-n1024-k08-d180-bs60-f1.750-r04:031417.665: log(exp-norms): [1023.47, 1025.43, 1026.94]
exp013-n1024-k08-d180-bs60-f1.750-r04:031417.666: log(norms):     [1023.47, 1026.22, 1028.16, 1028.21, 1028.25, 1028.25, 1028.26, 1028.4, 1028.41, 1028.45]
exp013-n1024-k08-d180-bs60-f1.750-r04:031417.685: (654 sec)
exp013-n1024-k08-d180-bs60-f1.750-r04:031417.685: Loop 43/100
exp013-n1024-k08-d180-bs60-f1.750-r04:032098.448: log(exp-norms): [1023.47, 1025.43, 1026.94]
exp013-n1024-k08-d180-bs60-f1.750-r04:032098.449: log(norms):     [1023.47, 1026.22, 1028.16, 1028.21, 1028.25, 1028.25, 1028.26, 1028.4, 1028.41, 1028.45]
exp013-n1024-k08-d180-bs60-f1.750-r04:032098.466: (681 sec)
exp013-n1024-k08-d180-bs60-f1.750-r04:032098.467: Loop 44/100
exp013-n1024-k08-d180-bs60-f1.750-r04:032754.980: log(exp-norms): [1023.47, 1025.43, 1026.94]
exp013-n1024-k08-d180-bs60-f1.750-r04:032754.981: log(norms):     [1023.47, 1026.22, 1028.16, 1028.21, 1028.25, 1028.25, 1028.26, 1028.4, 1028.41, 1028.45]
exp013-n1024-k08-d180-bs60-f1.750-r04:032754.998: (657 sec)
exp013-n1024-k08-d180-bs60-f1.750-r04:032754.998: Loop 45/100
exp013-n1024-k08-d180-bs60-f1.750-r04:033449.442: log(exp-norms): [1023.47, 1025.43, 1026.94]
exp013-n1024-k08-d180-bs60-f1.750-r04:033449.442: log(norms):     [1023.47, 1026.22, 1028.11, 1028.16, 1028.21, 1028.25, 1028.38, 1028.42, 1028.36, 1028.43]
exp013-n1024-k08-d180-bs60-f1.750-r04:033449.459: (695 sec)
exp013-n1024-k08-d180-bs60-f1.750-r04:033449.460: Loop 46/100
exp013-n1024-k08-d180-bs60-f1.750-r04:034127.535: log(exp-norms): [1023.47, 1025.43, 1026.94]
exp013-n1024-k08-d180-bs60-f1.750-r04:034127.535: log(norms):     [1023.47, 1026.22, 1028.11, 1028.16, 1028.21, 1028.25, 1028.38, 1028.42, 1028.36, 1028.26]
exp013-n1024-k08-d180-bs60-f1.750-r04:034127.565: (679 sec)
exp013-n1024-k08-d180-bs60-f1.750-r04:034127.566: Loop 47/100
exp013-n1024-k08-d180-bs60-f1.750-r04:034782.319: log(exp-norms): [1023.47, 1025.43, 1026.94]
exp013-n1024-k08-d180-bs60-f1.750-r04:034782.319: log(norms):     [1023.47, 1026.22, 1028.11, 1028.16, 1028.21, 1028.25, 1028.38, 1028.48, 1028.26, 1028.42]
exp013-n1024-k08-d180-bs60-f1.750-r04:034782.336: (655 sec)
exp013-n1024-k08-d180-bs60-f1.750-r04:034782.337: Loop 48/100
exp013-n1024-k08-d180-bs60-f1.750-r04:035440.852: log(exp-norms): [1023.47, 1025.43, 1026.94]
exp013-n1024-k08-d180-bs60-f1.750-r04:035440.853: log(norms):     [1023.47, 1026.22, 1028.11, 1028.16, 1028.21, 1028.25, 1028.38, 1028.39, 1028.42, 1028.4]
exp013-n1024-k08-d180-bs60-f1.750-r04:035440.870: (659 sec)
exp013-n1024-k08-d180-bs60-f1.750-r04:035440.871: Loop 49/100
exp013-n1024-k08-d180-bs60-f1.750-r04:036096.741: log(exp-norms): [1023.47, 1025.43, 1026.94]
exp013-n1024-k08-d180-bs60-f1.750-r04:036096.742: log(norms):     [1023.47, 1026.22, 1028.11, 1028.16, 1028.21, 1028.25, 1028.38, 1028.39, 1028.42, 1028.4]
exp013-n1024-k08-d180-bs60-f1.750-r04:036096.759: (656 sec)
exp013-n1024-k08-d180-bs60-f1.750-r04:036096.759: Loop 50/100
exp013-n1024-k08-d180-bs60-f1.750-r04:036735.376: log(exp-norms): [1023.47, 1025.43, 1026.94]
exp013-n1024-k08-d180-bs60-f1.750-r04:036735.377: log(norms):     [1023.47, 1026.22, 1028.11, 1028.16, 1028.21, 1028.25, 1028.38, 1028.39, 1028.42, 1028.4]
exp013-n1024-k08-d180-bs60-f1.750-r04:036735.394: (639 sec)
exp013-n1024-k08-d180-bs60-f1.750-r04:036735.394: Loop 51/100
exp013-n1024-k08-d180-bs60-f1.750-r04:037401.451: log(exp-norms): [1023.47, 1025.43, 1026.94]
exp013-n1024-k08-d180-bs60-f1.750-r04:037401.452: log(norms):     [1023.47, 1026.22, 1028.11, 1028.16, 1028.21, 1028.15, 1028.22, 1028.25, 1028.38, 1028.39]
exp013-n1024-k08-d180-bs60-f1.750-r04:037401.469: (667 sec)
exp013-n1024-k08-d180-bs60-f1.750-r04:037401.469: Loop 52/100
exp013-n1024-k08-d180-bs60-f1.750-r04:038059.714: log(exp-norms): [1023.47, 1025.43, 1026.94]
exp013-n1024-k08-d180-bs60-f1.750-r04:038059.714: log(norms):     [1023.47, 1026.22, 1028.11, 1028.16, 1028.21, 1028.15, 1028.22, 1028.25, 1028.38, 1028.39]
exp013-n1024-k08-d180-bs60-f1.750-r04:038059.731: (659 sec)
exp013-n1024-k08-d180-bs60-f1.750-r04:038059.732: Loop 53/100
exp013-n1024-k08-d180-bs60-f1.750-r04:038711.581: log(exp-norms): [1023.47, 1025.43, 1026.94]
exp013-n1024-k08-d180-bs60-f1.750-r04:038711.582: log(norms):     [1023.47, 1026.22, 1028.11, 1028.16, 1028.21, 1028.15, 1028.22, 1028.25, 1028.38, 1028.39]
exp013-n1024-k08-d180-bs60-f1.750-r04:038711.600: (652 sec)
exp013-n1024-k08-d180-bs60-f1.750-r04:038711.600: Loop 54/100
exp013-n1024-k08-d180-bs60-f1.750-r04:039331.616: log(exp-norms): [1023.47, 1025.43, 1026.94]
exp013-n1024-k08-d180-bs60-f1.750-r04:039331.616: log(norms):     [1023.47, 1026.22, 1028.11, 1028.16, 1028.21, 1028.15, 1028.22, 1028.25, 1028.38, 1028.39]
exp013-n1024-k08-d180-bs60-f1.750-r04:039331.635: (621 sec)
exp013-n1024-k08-d180-bs60-f1.750-r04:039331.635: Loop 55/100
exp013-n1024-k08-d180-bs60-f1.750-r04:039984.263: log(exp-norms): [1023.47, 1025.43, 1026.94]
exp013-n1024-k08-d180-bs60-f1.750-r04:039984.264: log(norms):     [1023.47, 1026.22, 1028.1, 1028.11, 1028.16, 1028.21, 1028.15, 1028.22, 1028.45, 1028.25]
exp013-n1024-k08-d180-bs60-f1.750-r04:039984.281: (653 sec)
exp013-n1024-k08-d180-bs60-f1.750-r04:039984.282: Loop 56/100
exp013-n1024-k08-d180-bs60-f1.750-r04:040632.609: log(exp-norms): [1023.47, 1025.43, 1026.94]
exp013-n1024-k08-d180-bs60-f1.750-r04:040632.610: log(norms):     [1023.47, 1026.22, 1028.1, 1028.11, 1028.16, 1028.21, 1028.15, 1028.22, 1028.45, 1028.25]
exp013-n1024-k08-d180-bs60-f1.750-r04:040632.627: (649 sec)
exp013-n1024-k08-d180-bs60-f1.750-r04:040632.628: Loop 57/100
exp013-n1024-k08-d180-bs60-f1.750-r04:041281.250: log(exp-norms): [1023.47, 1025.43, 1026.94]
exp013-n1024-k08-d180-bs60-f1.750-r04:041281.251: log(norms):     [1023.47, 1026.22, 1028.1, 1028.11, 1028.16, 1028.21, 1028.15, 1028.3, 1028.44, 1028.46]
exp013-n1024-k08-d180-bs60-f1.750-r04:041281.269: (649 sec)
exp013-n1024-k08-d180-bs60-f1.750-r04:041281.269: Loop 58/100
exp013-n1024-k08-d180-bs60-f1.750-r04:041967.107: log(exp-norms): [1023.47, 1025.43, 1026.94]
exp013-n1024-k08-d180-bs60-f1.750-r04:041967.107: log(norms):     [1023.47, 1026.22, 1028.1, 1028.11, 1028.16, 1028.21, 1028.15, 1028.3, 1028.43, 1028.22]
exp013-n1024-k08-d180-bs60-f1.750-r04:041967.125: (686 sec)
exp013-n1024-k08-d180-bs60-f1.750-r04:041967.125: Loop 59/100
exp013-n1024-k08-d180-bs60-f1.750-r04:042642.995: log(exp-norms): [1023.47, 1025.43, 1026.94]
exp013-n1024-k08-d180-bs60-f1.750-r04:042642.996: log(norms):     [1023.47, 1026.22, 1028.1, 1028.11, 1028.16, 1028.21, 1028.15, 1028.3, 1028.43, 1028.5]
exp013-n1024-k08-d180-bs60-f1.750-r04:042643.015: (676 sec)
exp013-n1024-k08-d180-bs60-f1.750-r04:042643.015: Loop 60/100
exp013-n1024-k08-d180-bs60-f1.750-r04:043317.568: log(exp-norms): [1023.47, 1025.43, 1026.94]
exp013-n1024-k08-d180-bs60-f1.750-r04:043317.568: log(norms):     [1023.47, 1026.22, 1028.1, 1028.11, 1028.16, 1028.21, 1028.15, 1028.3, 1028.25, 1028.43]
exp013-n1024-k08-d180-bs60-f1.750-r04:043317.585: (675 sec)
exp013-n1024-k08-d180-bs60-f1.750-r04:043317.586: Loop 61/100
exp013-n1024-k08-d180-bs60-f1.750-r04:043963.562: log(exp-norms): [1023.47, 1025.43, 1026.94]
exp013-n1024-k08-d180-bs60-f1.750-r04:043963.563: log(norms):     [1023.47, 1026.22, 1028.1, 1028.11, 1028.16, 1028.25, 1028.21, 1028.15, 1028.3, 1028.43]
exp013-n1024-k08-d180-bs60-f1.750-r04:043963.580: (646 sec)
exp013-n1024-k08-d180-bs60-f1.750-r04:043963.581: Loop 62/100
exp013-n1024-k08-d180-bs60-f1.750-r04:044621.293: log(exp-norms): [1023.47, 1025.43, 1026.94]
exp013-n1024-k08-d180-bs60-f1.750-r04:044621.293: log(norms):     [1023.47, 1026.22, 1028.1, 1028.11, 1028.16, 1028.25, 1028.17, 1028.21, 1028.15, 1028.3]
exp013-n1024-k08-d180-bs60-f1.750-r04:044621.312: (658 sec)
exp013-n1024-k08-d180-bs60-f1.750-r04:044621.312: Loop 63/100
exp013-n1024-k08-d180-bs60-f1.750-r04:045278.911: log(exp-norms): [1023.47, 1025.43, 1026.94]
exp013-n1024-k08-d180-bs60-f1.750-r04:045278.913: log(norms):     [1023.47, 1026.22, 1028.1, 1028.11, 1028.16, 1028.25, 1028.17, 1028.21, 1028.2, 1028.49]
exp013-n1024-k08-d180-bs60-f1.750-r04:045278.931: (658 sec)
exp013-n1024-k08-d180-bs60-f1.750-r04:045278.931: Loop 64/100
exp013-n1024-k08-d180-bs60-f1.750-r04:045945.613: log(exp-norms): [1023.47, 1025.43, 1026.94]
exp013-n1024-k08-d180-bs60-f1.750-r04:045945.614: log(norms):     [1023.47, 1026.22, 1028.1, 1028.11, 1028.16, 1028.25, 1028.17, 1028.21, 1028.2, 1028.49]
exp013-n1024-k08-d180-bs60-f1.750-r04:045945.632: (667 sec)
exp013-n1024-k08-d180-bs60-f1.750-r04:045945.632: Loop 65/100
exp013-n1024-k08-d180-bs60-f1.750-r04:046591.625: log(exp-norms): [1023.47, 1025.43, 1026.94]
exp013-n1024-k08-d180-bs60-f1.750-r04:046591.625: log(norms):     [1023.47, 1026.22, 1028.1, 1028.11, 1028.16, 1028.25, 1028.17, 1028.3, 1028.21, 1028.1]
exp013-n1024-k08-d180-bs60-f1.750-r04:046591.642: (647 sec)
exp013-n1024-k08-d180-bs60-f1.750-r04:046591.643: Loop 66/100
exp013-n1024-k08-d180-bs60-f1.750-r04:047221.079: log(exp-norms): [1023.47, 1025.43, 1026.94]
exp013-n1024-k08-d180-bs60-f1.750-r04:047221.080: log(norms):     [1023.47, 1026.22, 1028.1, 1028.11, 1028.16, 1028.25, 1028.17, 1028.3, 1028.21, 1028.1]
exp013-n1024-k08-d180-bs60-f1.750-r04:047221.097: (630 sec)
exp013-n1024-k08-d180-bs60-f1.750-r04:047221.097: Loop 67/100
exp013-n1024-k08-d180-bs60-f1.750-r04:047863.113: log(exp-norms): [1023.47, 1025.43, 1026.94]
exp013-n1024-k08-d180-bs60-f1.750-r04:047863.114: log(norms):     [1023.47, 1026.22, 1028.1, 1028.11, 1028.16, 1028.25, 1028.17, 1028.3, 1028.21, 1028.37]
exp013-n1024-k08-d180-bs60-f1.750-r04:047863.132: (643 sec)
exp013-n1024-k08-d180-bs60-f1.750-r04:047863.132: Loop 68/100
exp013-n1024-k08-d180-bs60-f1.750-r04:048514.034: log(exp-norms): [1023.47, 1025.43, 1026.94]
exp013-n1024-k08-d180-bs60-f1.750-r04:048514.035: log(norms):     [1023.47, 1026.22, 1028.1, 1028.11, 1028.16, 1028.25, 1028.17, 1028.3, 1028.21, 1028.37]
exp013-n1024-k08-d180-bs60-f1.750-r04:048514.053: (651 sec)
exp013-n1024-k08-d180-bs60-f1.750-r04:048514.053: Loop 69/100
exp013-n1024-k08-d180-bs60-f1.750-r04:049157.495: log(exp-norms): [1023.47, 1025.43, 1026.94]
exp013-n1024-k08-d180-bs60-f1.750-r04:049157.495: log(norms):     [1023.47, 1026.22, 1028.1, 1028.11, 1028.16, 1028.25, 1028.17, 1028.3, 1028.21, 1028.37]
exp013-n1024-k08-d180-bs60-f1.750-r04:049157.514: (644 sec)
exp013-n1024-k08-d180-bs60-f1.750-r04:049157.515: Loop 70/100
exp013-n1024-k08-d180-bs60-f1.750-r04:049859.903: log(exp-norms): [1023.47, 1025.43, 1026.94]
exp013-n1024-k08-d180-bs60-f1.750-r04:049859.904: log(norms):     [1023.47, 1026.22, 1028.1, 1028.11, 1028.16, 1028.25, 1028.17, 1028.3, 1028.22, 1028.1]
exp013-n1024-k08-d180-bs60-f1.750-r04:049859.923: (703 sec)
exp013-n1024-k08-d180-bs60-f1.750-r04:049859.924: Loop 71/100
exp013-n1024-k08-d180-bs60-f1.750-r04:050541.846: log(exp-norms): [1023.47, 1025.43, 1026.94]
exp013-n1024-k08-d180-bs60-f1.750-r04:050541.847: log(norms):     [1023.47, 1026.22, 1028.1, 1028.11, 1028.16, 1028.25, 1028.26, 1028.17, 1028.3, 1028.22]
exp013-n1024-k08-d180-bs60-f1.750-r04:050541.866: (682 sec)
exp013-n1024-k08-d180-bs60-f1.750-r04:050541.866: Loop 72/100
exp013-n1024-k08-d180-bs60-f1.750-r04:051195.028: log(exp-norms): [1023.47, 1025.43, 1026.94]
exp013-n1024-k08-d180-bs60-f1.750-r04:051195.029: log(norms):     [1023.47, 1026.22, 1028.1, 1028.11, 1028.16, 1028.25, 1028.26, 1028.17, 1028.3, 1028.22]
exp013-n1024-k08-d180-bs60-f1.750-r04:051195.046: (654 sec)
exp013-n1024-k08-d180-bs60-f1.750-r04:051195.047: Loop 73/100
exp013-n1024-k08-d180-bs60-f1.750-r04:051866.629: log(exp-norms): [1023.47, 1025.43, 1026.94]
exp013-n1024-k08-d180-bs60-f1.750-r04:051866.630: log(norms):     [1023.47, 1026.22, 1028.1, 1028.11, 1028.16, 1028.25, 1028.26, 1028.17, 1028.3, 1028.22]
exp013-n1024-k08-d180-bs60-f1.750-r04:051866.647: (672 sec)
exp013-n1024-k08-d180-bs60-f1.750-r04:051866.647: Loop 74/100
exp013-n1024-k08-d180-bs60-f1.750-r04:052521.310: log(exp-norms): [1023.47, 1025.43, 1026.94]
exp013-n1024-k08-d180-bs60-f1.750-r04:052521.311: log(norms):     [1023.47, 1026.22, 1028.1, 1028.11, 1028.16, 1028.25, 1028.26, 1028.17, 1028.3, 1028.22]
exp013-n1024-k08-d180-bs60-f1.750-r04:052521.347: (655 sec)
exp013-n1024-k08-d180-bs60-f1.750-r04:052521.348: Loop 75/100
exp013-n1024-k08-d180-bs60-f1.750-r04:053159.265: log(exp-norms): [1023.47, 1025.43, 1026.94]
exp013-n1024-k08-d180-bs60-f1.750-r04:053159.265: log(norms):     [1023.47, 1026.22, 1028.1, 1028.11, 1028.16, 1028.25, 1028.26, 1028.17, 1028.3, 1028.22]
exp013-n1024-k08-d180-bs60-f1.750-r04:053159.283: (638 sec)
exp013-n1024-k08-d180-bs60-f1.750-r04:053159.283: Loop 76/100
exp013-n1024-k08-d180-bs60-f1.750-r04:053793.299: log(exp-norms): [1023.47, 1025.43, 1026.94]
exp013-n1024-k08-d180-bs60-f1.750-r04:053793.300: log(norms):     [1023.47, 1026.22, 1028.1, 1028.11, 1028.16, 1028.25, 1028.26, 1028.17, 1028.3, 1028.22]
exp013-n1024-k08-d180-bs60-f1.750-r04:053793.317: (635 sec)
exp013-n1024-k08-d180-bs60-f1.750-r04:053793.317: Loop 77/100
exp013-n1024-k08-d180-bs60-f1.750-r04:054451.737: log(exp-norms): [1023.47, 1025.43, 1026.94]
exp013-n1024-k08-d180-bs60-f1.750-r04:054451.737: log(norms):     [1023.47, 1026.22, 1028.1, 1028.11, 1028.16, 1028.25, 1028.26, 1028.17, 1028.3, 1028.22]
exp013-n1024-k08-d180-bs60-f1.750-r04:054451.754: (659 sec)
exp013-n1024-k08-d180-bs60-f1.750-r04:054451.755: Loop 78/100
exp013-n1024-k08-d180-bs60-f1.750-r04:055089.059: log(exp-norms): [1023.47, 1025.43, 1026.94]
exp013-n1024-k08-d180-bs60-f1.750-r04:055089.059: log(norms):     [1023.47, 1026.22, 1028.1, 1028.11, 1028.16, 1028.25, 1028.26, 1028.17, 1028.3, 1028.22]
exp013-n1024-k08-d180-bs60-f1.750-r04:055089.077: (638 sec)
exp013-n1024-k08-d180-bs60-f1.750-r04:055089.077: Loop 79/100
exp013-n1024-k08-d180-bs60-f1.750-r04:055797.303: log(exp-norms): [1023.47, 1025.43, 1026.94]
exp013-n1024-k08-d180-bs60-f1.750-r04:055797.303: log(norms):     [1023.47, 1026.22, 1028.1, 1028.11, 1028.16, 1028.25, 1028.26, 1028.17, 1028.3, 1028.22]
exp013-n1024-k08-d180-bs60-f1.750-r04:055797.322: (709 sec)
exp013-n1024-k08-d180-bs60-f1.750-r04:055797.322: Loop 80/100
exp013-n1024-k08-d180-bs60-f1.750-r04:056479.657: log(exp-norms): [1023.47, 1025.43, 1026.94]
exp013-n1024-k08-d180-bs60-f1.750-r04:056479.658: log(norms):     [1023.47, 1026.22, 1028.08, 1028.1, 1028.11, 1028.16, 1028.24, 1028.26, 1028.25, 1028.17]
exp013-n1024-k08-d180-bs60-f1.750-r04:056479.677: (683 sec)
exp013-n1024-k08-d180-bs60-f1.750-r04:056479.677: Loop 81/100
exp013-n1024-k08-d180-bs60-f1.750-r04:057168.461: log(exp-norms): [1023.47, 1025.43, 1026.94]
exp013-n1024-k08-d180-bs60-f1.750-r04:057168.461: log(norms):     [1023.47, 1026.22, 1028.08, 1028.1, 1028.11, 1028.16, 1028.24, 1028.26, 1028.25, 1028.35]
exp013-n1024-k08-d180-bs60-f1.750-r04:057168.479: (689 sec)
exp013-n1024-k08-d180-bs60-f1.750-r04:057168.480: Loop 82/100
exp013-n1024-k08-d180-bs60-f1.750-r04:057847.404: log(exp-norms): [1023.47, 1025.43, 1026.94]
exp013-n1024-k08-d180-bs60-f1.750-r04:057847.405: log(norms):     [1023.47, 1026.22, 1028.08, 1028.1, 1028.11, 1028.16, 1028.24, 1028.26, 1028.39, 1028.25]
exp013-n1024-k08-d180-bs60-f1.750-r04:057847.423: (679 sec)
exp013-n1024-k08-d180-bs60-f1.750-r04:057847.423: Loop 83/100
exp013-n1024-k08-d180-bs60-f1.750-r04:058502.662: log(exp-norms): [1023.47, 1025.43, 1026.94]
exp013-n1024-k08-d180-bs60-f1.750-r04:058502.664: log(norms):     [1023.47, 1026.22, 1028.08, 1028.1, 1028.11, 1028.16, 1028.24, 1028.26, 1028.39, 1028.25]
exp013-n1024-k08-d180-bs60-f1.750-r04:058502.682: (656 sec)
exp013-n1024-k08-d180-bs60-f1.750-r04:058502.683: Loop 84/100
exp013-n1024-k08-d180-bs60-f1.750-r04:059161.904: log(exp-norms): [1023.47, 1025.43, 1026.94]
exp013-n1024-k08-d180-bs60-f1.750-r04:059161.904: log(norms):     [1023.47, 1026.22, 1028.08, 1028.1, 1028.11, 1028.16, 1028.24, 1028.26, 1028.39, 1028.25]
exp013-n1024-k08-d180-bs60-f1.750-r04:059161.927: (660 sec)
exp013-n1024-k08-d180-bs60-f1.750-r04:059161.927: Loop 85/100
exp013-n1024-k08-d180-bs60-f1.750-r04:059835.431: log(exp-norms): [1023.47, 1025.43, 1026.94]
exp013-n1024-k08-d180-bs60-f1.750-r04:059835.432: log(norms):     [1023.47, 1026.22, 1028.08, 1028.1, 1028.11, 1028.16, 1028.24, 1028.26, 1028.39, 1028.25]
exp013-n1024-k08-d180-bs60-f1.750-r04:059835.451: (674 sec)
exp013-n1024-k08-d180-bs60-f1.750-r04:059835.451: Loop 86/100
exp013-n1024-k08-d180-bs60-f1.750-r04:060510.912: log(exp-norms): [1023.47, 1025.43, 1026.94]
exp013-n1024-k08-d180-bs60-f1.750-r04:060510.913: log(norms):     [1023.47, 1026.22, 1028.08, 1028.1, 1028.11, 1028.16, 1028.24, 1028.26, 1028.39, 1028.25]
exp013-n1024-k08-d180-bs60-f1.750-r04:060510.931: (676 sec)
exp013-n1024-k08-d180-bs60-f1.750-r04:060510.931: Loop 87/100
exp013-n1024-k08-d180-bs60-f1.750-r04:061215.704: log(exp-norms): [1023.47, 1025.43, 1026.94]
exp013-n1024-k08-d180-bs60-f1.750-r04:061215.705: log(norms):     [1023.47, 1026.22, 1028.08, 1028.1, 1028.11, 1028.16, 1028.24, 1028.26, 1028.39, 1028.25]
exp013-n1024-k08-d180-bs60-f1.750-r04:061215.723: (705 sec)
exp013-n1024-k08-d180-bs60-f1.750-r04:061215.723: Loop 88/100
exp013-n1024-k08-d180-bs60-f1.750-r04:061900.631: log(exp-norms): [1023.47, 1025.43, 1026.94]
exp013-n1024-k08-d180-bs60-f1.750-r04:061900.631: log(norms):     [1023.47, 1026.22, 1028.08, 1028.1, 1028.11, 1028.16, 1028.24, 1028.26, 1028.39, 1028.3]
exp013-n1024-k08-d180-bs60-f1.750-r04:061900.650: (685 sec)
exp013-n1024-k08-d180-bs60-f1.750-r04:061900.650: Loop 89/100
exp013-n1024-k08-d180-bs60-f1.750-r04:062586.849: log(exp-norms): [1023.47, 1025.43, 1026.94]
exp013-n1024-k08-d180-bs60-f1.750-r04:062586.849: log(norms):     [1023.47, 1026.22, 1028.08, 1028.1, 1028.21, 1028.24, 1028.11, 1028.3, 1028.16, 1028.26]
exp013-n1024-k08-d180-bs60-f1.750-r04:062586.868: (687 sec)
exp013-n1024-k08-d180-bs60-f1.750-r04:062586.868: Loop 90/100
exp013-n1024-k08-d180-bs60-f1.750-r04:063275.557: log(exp-norms): [1023.47, 1025.43, 1026.94]
exp013-n1024-k08-d180-bs60-f1.750-r04:063275.558: log(norms):     [1023.47, 1026.22, 1028.08, 1028.1, 1028.21, 1028.24, 1028.11, 1028.3, 1028.16, 1028.26]
exp013-n1024-k08-d180-bs60-f1.750-r04:063275.576: (689 sec)
exp013-n1024-k08-d180-bs60-f1.750-r04:063275.576: Loop 91/100
exp013-n1024-k08-d180-bs60-f1.750-r04:063973.801: log(exp-norms): [1023.47, 1025.43, 1026.94]
exp013-n1024-k08-d180-bs60-f1.750-r04:063973.802: log(norms):     [1023.47, 1026.22, 1028.08, 1028.1, 1028.21, 1028.24, 1028.11, 1028.3, 1028.16, 1028.26]
exp013-n1024-k08-d180-bs60-f1.750-r04:063973.820: (699 sec)
exp013-n1024-k08-d180-bs60-f1.750-r04:063973.820: Loop 92/100
exp013-n1024-k08-d180-bs60-f1.750-r04:064626.573: log(exp-norms): [1023.47, 1025.43, 1026.94]
exp013-n1024-k08-d180-bs60-f1.750-r04:064626.573: log(norms):     [1023.47, 1026.22, 1028.08, 1028.1, 1028.21, 1028.24, 1028.11, 1028.3, 1028.16, 1028.26]
exp013-n1024-k08-d180-bs60-f1.750-r04:064626.592: (653 sec)
exp013-n1024-k08-d180-bs60-f1.750-r04:064626.592: Loop 93/100
exp013-n1024-k08-d180-bs60-f1.750-r04:065287.068: log(exp-norms): [1023.47, 1025.43, 1026.94]
exp013-n1024-k08-d180-bs60-f1.750-r04:065287.069: log(norms):     [1023.47, 1026.22, 1028.08, 1028.1, 1028.21, 1028.24, 1028.11, 1028.3, 1028.16, 1028.26]
exp013-n1024-k08-d180-bs60-f1.750-r04:065287.086: (661 sec)
exp013-n1024-k08-d180-bs60-f1.750-r04:065287.087: Loop 94/100
exp013-n1024-k08-d180-bs60-f1.750-r04:065980.623: log(exp-norms): [1023.47, 1025.43, 1026.94]
exp013-n1024-k08-d180-bs60-f1.750-r04:065980.624: log(norms):     [1023.47, 1026.22, 1028.08, 1028.1, 1028.21, 1028.24, 1028.11, 1028.3, 1028.16, 1028.26]
exp013-n1024-k08-d180-bs60-f1.750-r04:065980.654: (694 sec)
exp013-n1024-k08-d180-bs60-f1.750-r04:065980.655: Loop 95/100
exp013-n1024-k08-d180-bs60-f1.750-r04:066644.626: log(exp-norms): [1023.47, 1025.43, 1026.94]
exp013-n1024-k08-d180-bs60-f1.750-r04:066644.627: log(norms):     [1023.47, 1026.22, 1028.08, 1028.1, 1028.21, 1028.24, 1028.11, 1028.3, 1028.16, 1028.25]
exp013-n1024-k08-d180-bs60-f1.750-r04:066644.644: (664 sec)
exp013-n1024-k08-d180-bs60-f1.750-r04:066644.644: Loop 96/100
exp013-n1024-k08-d180-bs60-f1.750-r04:067310.175: log(exp-norms): [1023.47, 1025.43, 1026.94]
exp013-n1024-k08-d180-bs60-f1.750-r04:067310.177: log(norms):     [1023.47, 1026.22, 1028.08, 1028.1, 1028.21, 1028.24, 1028.11, 1028.3, 1028.16, 1028.25]
exp013-n1024-k08-d180-bs60-f1.750-r04:067310.196: (666 sec)
exp013-n1024-k08-d180-bs60-f1.750-r04:067310.196: Loop 97/100
exp013-n1024-k08-d180-bs60-f1.750-r04:068053.617: log(exp-norms): [1023.47, 1025.43, 1026.94]
exp013-n1024-k08-d180-bs60-f1.750-r04:068053.618: log(norms):     [1023.47, 1026.22, 1028.08, 1028.1, 1028.21, 1028.24, 1028.11, 1028.3, 1028.16, 1028.25]
exp013-n1024-k08-d180-bs60-f1.750-r04:068053.636: (744 sec)
exp013-n1024-k08-d180-bs60-f1.750-r04:068053.637: Loop 98/100
exp013-n1024-k08-d180-bs60-f1.750-r04:068753.148: log(exp-norms): [1023.47, 1025.43, 1026.94]
exp013-n1024-k08-d180-bs60-f1.750-r04:068753.151: log(norms):     [1023.47, 1026.22, 1028.08, 1028.1, 1028.21, 1028.24, 1028.11, 1028.3, 1028.16, 1028.25]
exp013-n1024-k08-d180-bs60-f1.750-r04:068753.170: (700 sec)
exp013-n1024-k08-d180-bs60-f1.750-r04:068753.171: Loop 99/100
exp013-n1024-k08-d180-bs60-f1.750-r04:069442.295: log(exp-norms): [1023.47, 1025.43, 1026.94]
exp013-n1024-k08-d180-bs60-f1.750-r04:069442.295: log(norms):     [1023.47, 1026.22, 1028.08, 1028.1, 1028.21, 1028.24, 1028.11, 1028.3, 1028.16, 1028.25]
exp013-n1024-k08-d180-bs60-f1.750-r04:069442.314: (690 sec)
exp013-n1024-k08-d180-bs60-f1.750-r04:069442.314: Loop 100/100
exp013-n1024-k08-d180-bs60-f1.750-r04:070112.974: log(exp-norms): [1023.47, 1025.43, 1026.94]
exp013-n1024-k08-d180-bs60-f1.750-r04:070112.975: log(norms):     [1023.47, 1026.22, 1028.08, 1028.1, 1028.21, 1028.24, 1028.11, 1028.3, 1028.16, 1028.25]
exp013-n1024-k08-d180-bs60-f1.750-r04:070112.994: (671 sec)
exp013-n1024-k08-d180-bs60-f1.750-r04:070112.994: ==========================Summary===========================
exp013-n1024-k08-d180-bs60-f1.750-r04:070112.994: Total time: 70113sec
exp013-n1024-k08-d180-bs60-f1.750-r04:070112.994: FAIL
exp013-n1024-k08-d180-bs60-f1.750-r04:070112.994: SUMMARY:n:1024:k:8:d:180:bs:60:t:70113:r:False
