exp042-n1036-k08-d180-bs60-f1.732-r01:000000.366: ==========================Instance==========================
exp042-n1036-k08-d180-bs60-f1.732-r01:000000.366: # of equations: 180
exp042-n1036-k08-d180-bs60-f1.732-r01:000000.368: Gap: 3.88
exp042-n1036-k08-d180-bs60-f1.732-r01:000000.370: Tau: 4.61
exp042-n1036-k08-d180-bs60-f1.732-r01:000000.371: ======================BKZ-60 reduction======================
exp042-n1036-k08-d180-bs60-f1.732-r01:000004.474: Expectedly achievable log(norm): 1041.20
exp042-n1036-k08-d180-bs60-f1.732-r01:000008.990: log(exp-norms): [1036.0, 1037.96, 1039.92]
exp042-n1036-k08-d180-bs60-f1.732-r01:000008.990: log(norms):     [1046.85, 1038.75, 1044.0, 1044.0, 1044.0, 1044.0, 1044.0, 1044.0, 1044.0, 1044.0]
exp042-n1036-k08-d180-bs60-f1.732-r01:000009.067: Loop 1/100
exp042-n1036-k08-d180-bs60-f1.732-r01:001245.679: log(exp-norms): [1036.0, 1037.96, 1039.92]
exp042-n1036-k08-d180-bs60-f1.732-r01:001245.680: log(norms):     [1036.0, 1038.75, 1042.78, 1043.04, 1043.12, 1043.21, 1043.05, 1043.06, 1043.35, 1043.17]
exp042-n1036-k08-d180-bs60-f1.732-r01:001245.710: (1237 sec)
exp042-n1036-k08-d180-bs60-f1.732-r01:001245.710: Loop 2/100
exp042-n1036-k08-d180-bs60-f1.732-r01:002272.973: log(exp-norms): [1036.0, 1037.96, 1039.92]
exp042-n1036-k08-d180-bs60-f1.732-r01:002272.974: log(norms):     [1036.0, 1038.75, 1042.42, 1042.49, 1042.51, 1042.57, 1042.59, 1042.59, 1042.66, 1042.52]
exp042-n1036-k08-d180-bs60-f1.732-r01:002273.006: (1028 sec)
exp042-n1036-k08-d180-bs60-f1.732-r01:002273.007: Loop 3/100
exp042-n1036-k08-d180-bs60-f1.732-r01:003282.563: log(exp-norms): [1036.0, 1037.96, 1039.92]
exp042-n1036-k08-d180-bs60-f1.732-r01:003282.564: log(norms):     [1036.0, 1038.75, 1041.91, 1042.02, 1041.93, 1042.07, 1042.0, 1041.98, 1042.17, 1042.3]
exp042-n1036-k08-d180-bs60-f1.732-r01:003282.584: (1010 sec)
exp042-n1036-k08-d180-bs60-f1.732-r01:003282.584: Loop 4/100
exp042-n1036-k08-d180-bs60-f1.732-r01:004229.822: log(exp-norms): [1036.0, 1037.96, 1039.92]
exp042-n1036-k08-d180-bs60-f1.732-r01:004229.823: log(norms):     [1036.0, 1038.75, 1041.61, 1041.69, 1041.79, 1041.87, 1041.89, 1041.8, 1041.7, 1041.8]
exp042-n1036-k08-d180-bs60-f1.732-r01:004229.853: (948 sec)
exp042-n1036-k08-d180-bs60-f1.732-r01:004229.853: Loop 5/100
exp042-n1036-k08-d180-bs60-f1.732-r01:005083.511: log(exp-norms): [1036.0, 1037.96, 1039.92]
exp042-n1036-k08-d180-bs60-f1.732-r01:005083.512: log(norms):     [1036.0, 1038.75, 1041.47, 1041.48, 1041.7, 1041.63, 1041.67, 1041.7, 1041.49, 1041.63]
exp042-n1036-k08-d180-bs60-f1.732-r01:005083.541: (854 sec)
exp042-n1036-k08-d180-bs60-f1.732-r01:005083.541: Loop 6/100
exp042-n1036-k08-d180-bs60-f1.732-r01:005844.824: log(exp-norms): [1036.0, 1037.96, 1039.92]
exp042-n1036-k08-d180-bs60-f1.732-r01:005844.825: log(norms):     [1036.0, 1038.75, 1041.4, 1041.42, 1041.53, 1041.46, 1041.43, 1041.44, 1041.48, 1041.51]
exp042-n1036-k08-d180-bs60-f1.732-r01:005844.843: (762 sec)
exp042-n1036-k08-d180-bs60-f1.732-r01:005844.843: Loop 7/100
exp042-n1036-k08-d180-bs60-f1.732-r01:006510.835: log(exp-norms): [1036.0, 1037.96, 1039.92]
exp042-n1036-k08-d180-bs60-f1.732-r01:006510.836: log(norms):     [1036.0, 1038.75, 1041.25, 1041.35, 1041.33, 1041.32, 1041.47, 1041.56, 1041.42, 1041.33]
exp042-n1036-k08-d180-bs60-f1.732-r01:006510.854: (667 sec)
exp042-n1036-k08-d180-bs60-f1.732-r01:006510.854: Loop 8/100
exp042-n1036-k08-d180-bs60-f1.732-r01:007180.368: log(exp-norms): [1036.0, 1037.96, 1039.92]
exp042-n1036-k08-d180-bs60-f1.732-r01:007180.369: log(norms):     [1036.0, 1037.94, 1038.75, 1041.25, 1041.27, 1041.25, 1041.32, 1041.34, 1041.55, 1041.34]
exp042-n1036-k08-d180-bs60-f1.732-r01:007180.388: (670 sec)
exp042-n1036-k08-d180-bs60-f1.732-r01:007180.388: ==========================Summary===========================
exp042-n1036-k08-d180-bs60-f1.732-r01:007180.388: Total time: 7181sec
exp042-n1036-k08-d180-bs60-f1.732-r01:007180.388: SUCCESS
exp042-n1036-k08-d180-bs60-f1.732-r01:007180.389: HNP solution: 344904821120746228266612753649068804591071367502649158533317314641723545052879930423966618962280649876901290533765992405726814108695569993850119552576871873088739017613556150730200333913827403444445011808449266653030685522221166861718505740323320546701520317364821808207566390894669481380016192195446482960952076
exp042-n1036-k08-d180-bs60-f1.732-r01:007180.389: Shared secret: 344904821120746228266612753649068804591071367502649158533317314641723545052879930423966618962280649876901290533765992405726814108695569993850119552576871873088739017613556150730200333913827403444445011808449266653030685522221166861718505740323320546701520317364821808207566390894669481380016192195446482960952076
exp042-n1036-k08-d180-bs60-f1.732-r01:007180.389: SUMMARY:n:1036:k:8:d:180:bs:60:t:7181:r:True
