exp036-n1036-k08-d180-bs60-f1.750-r03:000000.234: ==========================Instance==========================
exp036-n1036-k08-d180-bs60-f1.750-r03:000000.234: # of equations: 180
exp036-n1036-k08-d180-bs60-f1.750-r03:000000.236: Gap: 3.88
exp036-n1036-k08-d180-bs60-f1.750-r03:000000.239: Tau: 4.61
exp036-n1036-k08-d180-bs60-f1.750-r03:000000.239: ======================BKZ-60 reduction======================
exp036-n1036-k08-d180-bs60-f1.750-r03:000002.729: Expectedly achievable log(norm): 1041.20
exp036-n1036-k08-d180-bs60-f1.750-r03:000006.918: log(exp-norms): [1036.0, 1037.96, 1039.92]
exp036-n1036-k08-d180-bs60-f1.750-r03:000006.918: log(norms):     [1046.85, 1038.75, 1044.0, 1044.0, 1044.0, 1044.0, 1044.0, 1044.0, 1044.0, 1044.0]
exp036-n1036-k08-d180-bs60-f1.750-r03:000007.039: Loop 1/100
exp036-n1036-k08-d180-bs60-f1.750-r03:001191.540: log(exp-norms): [1036.0, 1037.96, 1039.92]
exp036-n1036-k08-d180-bs60-f1.750-r03:001191.540: log(norms):     [1036.0, 1038.75, 1042.84, 1043.0, 1043.16, 1043.01, 1043.01, 1043.1, 1043.18, 1043.03]
exp036-n1036-k08-d180-bs60-f1.750-r03:001191.571: (1185 sec)
exp036-n1036-k08-d180-bs60-f1.750-r03:001191.572: Loop 2/100
exp036-n1036-k08-d180-bs60-f1.750-r03:002187.511: log(exp-norms): [1036.0, 1037.96, 1039.92]
exp036-n1036-k08-d180-bs60-f1.750-r03:002187.512: log(norms):     [1036.0, 1038.75, 1042.45, 1042.46, 1042.46, 1042.51, 1042.65, 1042.67, 1042.63, 1042.45]
exp036-n1036-k08-d180-bs60-f1.750-r03:002187.532: (996 sec)
exp036-n1036-k08-d180-bs60-f1.750-r03:002187.532: Loop 3/100
exp036-n1036-k08-d180-bs60-f1.750-r03:003170.687: log(exp-norms): [1036.0, 1037.96, 1039.92]
exp036-n1036-k08-d180-bs60-f1.750-r03:003170.688: log(norms):     [1036.0, 1038.75, 1041.99, 1042.0, 1042.06, 1041.98, 1042.11, 1042.05, 1042.14, 1042.05]
exp036-n1036-k08-d180-bs60-f1.750-r03:003170.717: (984 sec)
exp036-n1036-k08-d180-bs60-f1.750-r03:003170.718: Loop 4/100
exp036-n1036-k08-d180-bs60-f1.750-r03:004092.443: log(exp-norms): [1036.0, 1037.96, 1039.92]
exp036-n1036-k08-d180-bs60-f1.750-r03:004092.444: log(norms):     [1036.0, 1037.94, 1038.75, 1041.6, 1041.66, 1041.65, 1041.79, 1041.73, 1041.76, 1041.82]
exp036-n1036-k08-d180-bs60-f1.750-r03:004092.465: (922 sec)
exp036-n1036-k08-d180-bs60-f1.750-r03:004092.465: ==========================Summary===========================
exp036-n1036-k08-d180-bs60-f1.750-r03:004092.466: Total time: 4093sec
exp036-n1036-k08-d180-bs60-f1.750-r03:004092.466: SUCCESS
exp036-n1036-k08-d180-bs60-f1.750-r03:004092.466: HNP solution: 344904821120746228266612753649068804591071367502649158533317314641723545052879930423966618962280649876901290533765992405726814108695569993850119552576871873088739017613556150730200333913827403444445011808449266653030685522221166861718505740323320546701520317364821808207566390894669481380016192195446482960952076
exp036-n1036-k08-d180-bs60-f1.750-r03:004092.466: Shared secret: 344904821120746228266612753649068804591071367502649158533317314641723545052879930423966618962280649876901290533765992405726814108695569993850119552576871873088739017613556150730200333913827403444445011808449266653030685522221166861718505740323320546701520317364821808207566390894669481380016192195446482960952076
exp036-n1036-k08-d180-bs60-f1.750-r03:004092.466: SUMMARY:n:1036:k:8:d:180:bs:60:t:4093:r:True
