exp002-n1024-k08-d180-bs60-f1.000-r01:000000.184: ==========================Instance==========================
exp002-n1024-k08-d180-bs60-f1.000-r01:000000.184: # of equations: 180
exp002-n1024-k08-d180-bs60-f1.000-r01:000000.186: Gap: 2.84
exp002-n1024-k08-d180-bs60-f1.000-r01:000000.190: Tau: 2.47
exp002-n1024-k08-d180-bs60-f1.000-r01:000000.191: ======================BKZ-60 reduction======================
exp002-n1024-k08-d180-bs60-f1.000-r01:000004.373: Expectedly achievable log(norm): 1028.22
exp002-n1024-k08-d180-bs60-f1.000-r01:000008.238: log(exp-norms): [1023.47, 1025.43, 1026.94]
exp002-n1024-k08-d180-bs60-f1.000-r01:000008.239: log(norms):     [1033.92, 1026.23, 1030.94, 1030.94, 1030.94, 1030.94, 1030.94, 1030.94, 1030.94, 1030.94]
exp002-n1024-k08-d180-bs60-f1.000-r01:000008.358: Loop 1/100
exp002-n1024-k08-d180-bs60-f1.000-r01:001106.763: log(exp-norms): [1023.47, 1025.43, 1026.94]
exp002-n1024-k08-d180-bs60-f1.000-r01:001106.765: log(norms):     [1026.23, 1030.15, 1030.17, 1030.29, 1030.17, 1030.12, 1030.3, 1030.27, 1030.27, 1030.1]
exp002-n1024-k08-d180-bs60-f1.000-r01:001106.801: (1099 sec)
exp002-n1024-k08-d180-bs60-f1.000-r01:001106.802: Loop 2/100
exp002-n1024-k08-d180-bs60-f1.000-r01:002048.785: log(exp-norms): [1023.47, 1025.43, 1026.94]
exp002-n1024-k08-d180-bs60-f1.000-r01:002048.786: log(norms):     [1023.47, 1026.23, 1029.49, 1029.52, 1029.54, 1029.73, 1029.57, 1029.72, 1029.55, 1029.8]
exp002-n1024-k08-d180-bs60-f1.000-r01:002048.816: (943 sec)
exp002-n1024-k08-d180-bs60-f1.000-r01:002048.816: Loop 3/100
exp002-n1024-k08-d180-bs60-f1.000-r01:002959.679: log(exp-norms): [1023.47, 1025.43, 1026.94]
exp002-n1024-k08-d180-bs60-f1.000-r01:002959.681: log(norms):     [1023.47, 1026.23, 1028.93, 1029.04, 1029.06, 1029.07, 1029.14, 1029.06, 1029.14, 1029.21]
exp002-n1024-k08-d180-bs60-f1.000-r01:002959.700: (911 sec)
exp002-n1024-k08-d180-bs60-f1.000-r01:002959.701: Loop 4/100
exp002-n1024-k08-d180-bs60-f1.000-r01:003777.024: log(exp-norms): [1023.47, 1025.43, 1026.94]
exp002-n1024-k08-d180-bs60-f1.000-r01:003777.025: log(norms):     [1023.47, 1026.23, 1028.71, 1028.72, 1028.79, 1028.86, 1028.86, 1029.0, 1028.8, 1028.96]
exp002-n1024-k08-d180-bs60-f1.000-r01:003777.054: (818 sec)
exp002-n1024-k08-d180-bs60-f1.000-r01:003777.054: Loop 5/100
exp002-n1024-k08-d180-bs60-f1.000-r01:004552.227: log(exp-norms): [1023.47, 1025.43, 1026.94]
exp002-n1024-k08-d180-bs60-f1.000-r01:004552.227: log(norms):     [1023.47, 1026.23, 1028.52, 1028.52, 1028.52, 1028.63, 1028.55, 1028.78, 1028.68, 1028.62]
exp002-n1024-k08-d180-bs60-f1.000-r01:004552.246: (776 sec)
exp002-n1024-k08-d180-bs60-f1.000-r01:004552.247: Loop 6/100
exp002-n1024-k08-d180-bs60-f1.000-r01:005280.046: log(exp-norms): [1023.47, 1025.43, 1026.94]
exp002-n1024-k08-d180-bs60-f1.000-r01:005280.047: log(norms):     [1023.47, 1026.23, 1028.4, 1028.42, 1028.38, 1028.55, 1028.66, 1028.56, 1028.61, 1028.49]
exp002-n1024-k08-d180-bs60-f1.000-r01:005280.076: (728 sec)
exp002-n1024-k08-d180-bs60-f1.000-r01:005280.076: Loop 7/100
exp002-n1024-k08-d180-bs60-f1.000-r01:006000.668: log(exp-norms): [1023.47, 1025.43, 1026.94]
exp002-n1024-k08-d180-bs60-f1.000-r01:006000.668: log(norms):     [1023.47, 1026.23, 1028.29, 1028.32, 1028.34, 1028.38, 1028.52, 1028.44, 1028.28, 1028.48]
exp002-n1024-k08-d180-bs60-f1.000-r01:006000.688: (721 sec)
exp002-n1024-k08-d180-bs60-f1.000-r01:006000.688: Loop 8/100
exp002-n1024-k08-d180-bs60-f1.000-r01:006668.462: log(exp-norms): [1023.47, 1025.43, 1026.94]
exp002-n1024-k08-d180-bs60-f1.000-r01:006668.463: log(norms):     [1023.47, 1026.23, 1028.23, 1028.28, 1028.32, 1028.55, 1028.41, 1028.37, 1028.31, 1028.53]
exp002-n1024-k08-d180-bs60-f1.000-r01:006668.482: (668 sec)
exp002-n1024-k08-d180-bs60-f1.000-r01:006668.482: Loop 9/100
exp002-n1024-k08-d180-bs60-f1.000-r01:007318.367: log(exp-norms): [1023.47, 1025.43, 1026.94]
exp002-n1024-k08-d180-bs60-f1.000-r01:007318.367: log(norms):     [1023.47, 1026.23, 1028.23, 1028.33, 1028.28, 1028.37, 1028.35, 1028.38, 1028.4, 1028.31]
exp002-n1024-k08-d180-bs60-f1.000-r01:007318.385: (650 sec)
exp002-n1024-k08-d180-bs60-f1.000-r01:007318.385: Loop 10/100
exp002-n1024-k08-d180-bs60-f1.000-r01:007944.765: log(exp-norms): [1023.47, 1025.43, 1026.94]
exp002-n1024-k08-d180-bs60-f1.000-r01:007944.766: log(norms):     [1023.47, 1026.23, 1028.23, 1028.33, 1028.28, 1028.37, 1028.4, 1028.35, 1028.31, 1028.35]
exp002-n1024-k08-d180-bs60-f1.000-r01:007944.783: (627 sec)
exp002-n1024-k08-d180-bs60-f1.000-r01:007944.783: Loop 11/100
exp002-n1024-k08-d180-bs60-f1.000-r01:008577.298: log(exp-norms): [1023.47, 1025.43, 1026.94]
exp002-n1024-k08-d180-bs60-f1.000-r01:008577.299: log(norms):     [1023.47, 1026.23, 1028.2, 1028.23, 1028.35, 1028.33, 1028.28, 1028.37, 1028.4, 1028.39]
exp002-n1024-k08-d180-bs60-f1.000-r01:008577.316: (633 sec)
exp002-n1024-k08-d180-bs60-f1.000-r01:008577.317: Loop 12/100
exp002-n1024-k08-d180-bs60-f1.000-r01:009211.825: log(exp-norms): [1023.47, 1025.43, 1026.94]
exp002-n1024-k08-d180-bs60-f1.000-r01:009211.825: log(norms):     [1023.47, 1026.23, 1028.17, 1028.23, 1028.2, 1028.35, 1028.28, 1028.38, 1028.4, 1028.45]
exp002-n1024-k08-d180-bs60-f1.000-r01:009211.842: (635 sec)
exp002-n1024-k08-d180-bs60-f1.000-r01:009211.842: Loop 13/100
exp002-n1024-k08-d180-bs60-f1.000-r01:009833.197: log(exp-norms): [1023.47, 1025.43, 1026.94]
exp002-n1024-k08-d180-bs60-f1.000-r01:009833.198: log(norms):     [1023.47, 1026.23, 1028.17, 1028.23, 1028.2, 1028.35, 1028.4, 1028.28, 1028.26, 1028.46]
exp002-n1024-k08-d180-bs60-f1.000-r01:009833.216: (622 sec)
exp002-n1024-k08-d180-bs60-f1.000-r01:009833.216: Loop 14/100
exp002-n1024-k08-d180-bs60-f1.000-r01:010489.717: log(exp-norms): [1023.47, 1025.43, 1026.94]
exp002-n1024-k08-d180-bs60-f1.000-r01:010489.717: log(norms):     [1023.47, 1026.23, 1028.17, 1028.23, 1028.2, 1028.35, 1028.4, 1028.45, 1028.28, 1028.26]
exp002-n1024-k08-d180-bs60-f1.000-r01:010489.735: (657 sec)
exp002-n1024-k08-d180-bs60-f1.000-r01:010489.735: Loop 15/100
exp002-n1024-k08-d180-bs60-f1.000-r01:011103.431: log(exp-norms): [1023.47, 1025.43, 1026.94]
exp002-n1024-k08-d180-bs60-f1.000-r01:011103.432: log(norms):     [1023.47, 1026.23, 1028.17, 1028.23, 1028.2, 1028.35, 1028.4, 1028.45, 1028.28, 1028.26]
exp002-n1024-k08-d180-bs60-f1.000-r01:011103.450: (614 sec)
exp002-n1024-k08-d180-bs60-f1.000-r01:011103.450: Loop 16/100
exp002-n1024-k08-d180-bs60-f1.000-r01:011855.233: log(exp-norms): [1023.47, 1025.43, 1026.94]
exp002-n1024-k08-d180-bs60-f1.000-r01:011855.233: log(norms):     [1023.47, 1026.23, 1028.17, 1028.23, 1028.21, 1028.26, 1028.48, 1028.19, 1028.2, 1028.35]
exp002-n1024-k08-d180-bs60-f1.000-r01:011855.252: (752 sec)
exp002-n1024-k08-d180-bs60-f1.000-r01:011855.253: Loop 17/100
exp002-n1024-k08-d180-bs60-f1.000-r01:012787.618: log(exp-norms): [1023.47, 1025.43, 1026.94]
exp002-n1024-k08-d180-bs60-f1.000-r01:012787.620: log(norms):     [1023.47, 1026.23, 1028.17, 1028.23, 1028.27, 1028.37, 1028.38, 1028.21, 1028.19, 1028.26]
exp002-n1024-k08-d180-bs60-f1.000-r01:012787.648: (933 sec)
exp002-n1024-k08-d180-bs60-f1.000-r01:012787.649: Loop 18/100
exp002-n1024-k08-d180-bs60-f1.000-r01:013644.934: log(exp-norms): [1023.47, 1025.43, 1026.94]
exp002-n1024-k08-d180-bs60-f1.000-r01:013644.935: log(norms):     [1023.47, 1026.23, 1028.17, 1028.23, 1028.27, 1028.37, 1028.31, 1028.45, 1028.33, 1028.48]
exp002-n1024-k08-d180-bs60-f1.000-r01:013644.953: (858 sec)
exp002-n1024-k08-d180-bs60-f1.000-r01:013644.954: Loop 19/100
exp002-n1024-k08-d180-bs60-f1.000-r01:014510.462: log(exp-norms): [1023.47, 1025.43, 1026.94]
exp002-n1024-k08-d180-bs60-f1.000-r01:014510.463: log(norms):     [1023.47, 1026.23, 1028.17, 1028.23, 1028.24, 1028.27, 1028.37, 1028.31, 1028.42, 1028.41]
exp002-n1024-k08-d180-bs60-f1.000-r01:014510.492: (866 sec)
exp002-n1024-k08-d180-bs60-f1.000-r01:014510.492: Loop 20/100
exp002-n1024-k08-d180-bs60-f1.000-r01:015386.665: log(exp-norms): [1023.47, 1025.43, 1026.94]
exp002-n1024-k08-d180-bs60-f1.000-r01:015386.666: log(norms):     [1023.47, 1026.23, 1028.17, 1028.23, 1028.24, 1028.27, 1028.35, 1028.37, 1028.36, 1028.38]
exp002-n1024-k08-d180-bs60-f1.000-r01:015386.698: (877 sec)
exp002-n1024-k08-d180-bs60-f1.000-r01:015386.699: Loop 21/100
exp002-n1024-k08-d180-bs60-f1.000-r01:016370.779: log(exp-norms): [1023.47, 1025.43, 1026.94]
exp002-n1024-k08-d180-bs60-f1.000-r01:016370.780: log(norms):     [1023.47, 1026.23, 1028.17, 1028.23, 1028.24, 1028.27, 1028.35, 1028.37, 1028.5, 1028.36]
exp002-n1024-k08-d180-bs60-f1.000-r01:016370.809: (985 sec)
exp002-n1024-k08-d180-bs60-f1.000-r01:016370.809: Loop 22/100
exp002-n1024-k08-d180-bs60-f1.000-r01:017317.359: log(exp-norms): [1023.47, 1025.43, 1026.94]
exp002-n1024-k08-d180-bs60-f1.000-r01:017317.360: log(norms):     [1023.47, 1026.23, 1028.14, 1028.17, 1028.23, 1028.24, 1028.27, 1028.35, 1028.55, 1028.34]
exp002-n1024-k08-d180-bs60-f1.000-r01:017317.380: (947 sec)
exp002-n1024-k08-d180-bs60-f1.000-r01:017317.380: Loop 23/100
exp002-n1024-k08-d180-bs60-f1.000-r01:018189.194: log(exp-norms): [1023.47, 1025.43, 1026.94]
exp002-n1024-k08-d180-bs60-f1.000-r01:018189.194: log(norms):     [1023.47, 1026.23, 1028.14, 1028.17, 1028.23, 1028.24, 1028.27, 1028.25, 1028.41, 1028.35]
exp002-n1024-k08-d180-bs60-f1.000-r01:018189.214: (872 sec)
exp002-n1024-k08-d180-bs60-f1.000-r01:018189.215: Loop 24/100
exp002-n1024-k08-d180-bs60-f1.000-r01:019155.331: log(exp-norms): [1023.47, 1025.43, 1026.94]
exp002-n1024-k08-d180-bs60-f1.000-r01:019155.331: log(norms):     [1023.47, 1026.23, 1028.14, 1028.17, 1028.23, 1028.24, 1028.27, 1028.25, 1028.45, 1028.41]
exp002-n1024-k08-d180-bs60-f1.000-r01:019155.352: (967 sec)
exp002-n1024-k08-d180-bs60-f1.000-r01:019155.352: Loop 25/100
exp002-n1024-k08-d180-bs60-f1.000-r01:020064.466: log(exp-norms): [1023.47, 1025.43, 1026.94]
exp002-n1024-k08-d180-bs60-f1.000-r01:020064.467: log(norms):     [1023.47, 1026.23, 1028.14, 1028.17, 1028.23, 1028.24, 1028.27, 1028.25, 1028.45, 1028.41]
exp002-n1024-k08-d180-bs60-f1.000-r01:020064.497: (910 sec)
exp002-n1024-k08-d180-bs60-f1.000-r01:020064.498: Loop 26/100
exp002-n1024-k08-d180-bs60-f1.000-r01:020921.781: log(exp-norms): [1023.47, 1025.43, 1026.94]
exp002-n1024-k08-d180-bs60-f1.000-r01:020921.781: log(norms):     [1023.47, 1026.23, 1028.14, 1028.17, 1028.2, 1028.2, 1028.31, 1028.27, 1028.25, 1028.26]
exp002-n1024-k08-d180-bs60-f1.000-r01:020921.800: (858 sec)
exp002-n1024-k08-d180-bs60-f1.000-r01:020921.800: Loop 27/100
exp002-n1024-k08-d180-bs60-f1.000-r01:021712.946: log(exp-norms): [1023.47, 1025.43, 1026.94]
exp002-n1024-k08-d180-bs60-f1.000-r01:021712.947: log(norms):     [1023.47, 1026.23, 1028.14, 1028.17, 1028.2, 1028.36, 1028.25, 1028.26, 1028.24, 1028.27]
exp002-n1024-k08-d180-bs60-f1.000-r01:021712.975: (792 sec)
exp002-n1024-k08-d180-bs60-f1.000-r01:021712.975: Loop 28/100
exp002-n1024-k08-d180-bs60-f1.000-r01:022425.116: log(exp-norms): [1023.47, 1025.43, 1026.94]
exp002-n1024-k08-d180-bs60-f1.000-r01:022425.117: log(norms):     [1023.47, 1026.23, 1028.14, 1028.17, 1028.2, 1028.36, 1028.25, 1028.26, 1028.24, 1028.27]
exp002-n1024-k08-d180-bs60-f1.000-r01:022425.135: (713 sec)
exp002-n1024-k08-d180-bs60-f1.000-r01:022425.135: Loop 29/100
exp002-n1024-k08-d180-bs60-f1.000-r01:023108.735: log(exp-norms): [1023.47, 1025.43, 1026.94]
exp002-n1024-k08-d180-bs60-f1.000-r01:023108.735: log(norms):     [1023.47, 1026.23, 1028.14, 1028.29, 1028.17, 1028.25, 1028.23, 1028.36, 1028.32, 1028.2]
exp002-n1024-k08-d180-bs60-f1.000-r01:023108.753: (684 sec)
exp002-n1024-k08-d180-bs60-f1.000-r01:023108.754: Loop 30/100
exp002-n1024-k08-d180-bs60-f1.000-r01:024032.047: log(exp-norms): [1023.47, 1025.43, 1026.94]
exp002-n1024-k08-d180-bs60-f1.000-r01:024032.048: log(norms):     [1023.47, 1026.23, 1028.14, 1028.29, 1028.17, 1028.25, 1028.23, 1028.36, 1028.33, 1028.35]
exp002-n1024-k08-d180-bs60-f1.000-r01:024032.066: (924 sec)
exp002-n1024-k08-d180-bs60-f1.000-r01:024032.067: Loop 31/100
exp002-n1024-k08-d180-bs60-f1.000-r01:024774.099: log(exp-norms): [1023.47, 1025.43, 1026.94]
exp002-n1024-k08-d180-bs60-f1.000-r01:024774.100: log(norms):     [1023.47, 1026.23, 1028.14, 1028.29, 1028.17, 1028.25, 1028.23, 1028.36, 1028.33, 1028.35]
exp002-n1024-k08-d180-bs60-f1.000-r01:024774.118: (743 sec)
exp002-n1024-k08-d180-bs60-f1.000-r01:024774.119: Loop 32/100
exp002-n1024-k08-d180-bs60-f1.000-r01:025444.762: log(exp-norms): [1023.47, 1025.43, 1026.94]
exp002-n1024-k08-d180-bs60-f1.000-r01:025444.762: log(norms):     [1023.47, 1026.23, 1028.14, 1028.29, 1028.17, 1028.25, 1028.23, 1028.36, 1028.33, 1028.35]
exp002-n1024-k08-d180-bs60-f1.000-r01:025444.781: (671 sec)
exp002-n1024-k08-d180-bs60-f1.000-r01:025444.781: Loop 33/100
exp002-n1024-k08-d180-bs60-f1.000-r01:026170.684: log(exp-norms): [1023.47, 1025.43, 1026.94]
exp002-n1024-k08-d180-bs60-f1.000-r01:026170.685: log(norms):     [1023.47, 1026.23, 1028.14, 1028.29, 1028.21, 1028.17, 1028.25, 1028.4, 1028.32, 1028.33]
exp002-n1024-k08-d180-bs60-f1.000-r01:026170.704: (726 sec)
exp002-n1024-k08-d180-bs60-f1.000-r01:026170.704: Loop 34/100
exp002-n1024-k08-d180-bs60-f1.000-r01:026923.488: log(exp-norms): [1023.47, 1025.43, 1026.94]
exp002-n1024-k08-d180-bs60-f1.000-r01:026923.489: log(norms):     [1023.47, 1026.23, 1028.14, 1028.29, 1028.21, 1028.17, 1028.25, 1028.4, 1028.32, 1028.33]
exp002-n1024-k08-d180-bs60-f1.000-r01:026923.507: (753 sec)
exp002-n1024-k08-d180-bs60-f1.000-r01:026923.508: Loop 35/100
exp002-n1024-k08-d180-bs60-f1.000-r01:027566.150: log(exp-norms): [1023.47, 1025.43, 1026.94]
exp002-n1024-k08-d180-bs60-f1.000-r01:027566.151: log(norms):     [1023.47, 1026.23, 1028.14, 1028.29, 1028.21, 1028.17, 1028.25, 1028.4, 1028.32, 1028.33]
exp002-n1024-k08-d180-bs60-f1.000-r01:027566.169: (643 sec)
exp002-n1024-k08-d180-bs60-f1.000-r01:027566.170: Loop 36/100
exp002-n1024-k08-d180-bs60-f1.000-r01:028210.920: log(exp-norms): [1023.47, 1025.43, 1026.94]
exp002-n1024-k08-d180-bs60-f1.000-r01:028210.921: log(norms):     [1023.47, 1026.23, 1028.14, 1028.29, 1028.21, 1028.17, 1028.25, 1028.4, 1028.32, 1028.33]
exp002-n1024-k08-d180-bs60-f1.000-r01:028210.939: (645 sec)
exp002-n1024-k08-d180-bs60-f1.000-r01:028210.940: Loop 37/100
exp002-n1024-k08-d180-bs60-f1.000-r01:028835.385: log(exp-norms): [1023.47, 1025.43, 1026.94]
exp002-n1024-k08-d180-bs60-f1.000-r01:028835.385: log(norms):     [1023.47, 1026.23, 1028.14, 1028.29, 1028.21, 1028.17, 1028.25, 1028.4, 1028.32, 1028.33]
exp002-n1024-k08-d180-bs60-f1.000-r01:028835.414: (625 sec)
exp002-n1024-k08-d180-bs60-f1.000-r01:028835.414: Loop 38/100
exp002-n1024-k08-d180-bs60-f1.000-r01:029473.361: log(exp-norms): [1023.47, 1025.43, 1026.94]
exp002-n1024-k08-d180-bs60-f1.000-r01:029473.362: log(norms):     [1023.47, 1026.23, 1028.14, 1028.29, 1028.21, 1028.17, 1028.25, 1028.4, 1028.32, 1028.33]
exp002-n1024-k08-d180-bs60-f1.000-r01:029473.380: (638 sec)
exp002-n1024-k08-d180-bs60-f1.000-r01:029473.380: Loop 39/100
exp002-n1024-k08-d180-bs60-f1.000-r01:030134.260: log(exp-norms): [1023.47, 1025.43, 1026.94]
exp002-n1024-k08-d180-bs60-f1.000-r01:030134.260: log(norms):     [1023.47, 1026.23, 1028.14, 1028.29, 1028.21, 1028.17, 1028.25, 1028.4, 1028.32, 1028.33]
exp002-n1024-k08-d180-bs60-f1.000-r01:030134.278: (661 sec)
exp002-n1024-k08-d180-bs60-f1.000-r01:030134.279: Loop 40/100
exp002-n1024-k08-d180-bs60-f1.000-r01:030806.047: log(exp-norms): [1023.47, 1025.43, 1026.94]
exp002-n1024-k08-d180-bs60-f1.000-r01:030806.047: log(norms):     [1023.47, 1026.23, 1028.14, 1028.29, 1028.21, 1028.17, 1028.25, 1028.4, 1028.32, 1028.33]
exp002-n1024-k08-d180-bs60-f1.000-r01:030806.066: (672 sec)
exp002-n1024-k08-d180-bs60-f1.000-r01:030806.066: Loop 41/100
exp002-n1024-k08-d180-bs60-f1.000-r01:031486.352: log(exp-norms): [1023.47, 1025.43, 1026.94]
exp002-n1024-k08-d180-bs60-f1.000-r01:031486.353: log(norms):     [1023.47, 1026.23, 1028.14, 1028.29, 1028.35, 1028.21, 1028.18, 1028.23, 1028.33, 1028.39]
exp002-n1024-k08-d180-bs60-f1.000-r01:031486.372: (681 sec)
exp002-n1024-k08-d180-bs60-f1.000-r01:031486.372: Loop 42/100
exp002-n1024-k08-d180-bs60-f1.000-r01:032164.730: log(exp-norms): [1023.47, 1025.43, 1026.94]
exp002-n1024-k08-d180-bs60-f1.000-r01:032164.730: log(norms):     [1023.47, 1026.23, 1028.14, 1028.29, 1028.35, 1028.21, 1028.18, 1028.23, 1028.33, 1028.46]
exp002-n1024-k08-d180-bs60-f1.000-r01:032164.748: (679 sec)
exp002-n1024-k08-d180-bs60-f1.000-r01:032164.748: Loop 43/100
exp002-n1024-k08-d180-bs60-f1.000-r01:032831.665: log(exp-norms): [1023.47, 1025.43, 1026.94]
exp002-n1024-k08-d180-bs60-f1.000-r01:032831.666: log(norms):     [1023.47, 1026.23, 1028.14, 1028.29, 1028.35, 1028.21, 1028.18, 1028.23, 1028.33, 1028.46]
exp002-n1024-k08-d180-bs60-f1.000-r01:032831.686: (667 sec)
exp002-n1024-k08-d180-bs60-f1.000-r01:032831.686: Loop 44/100
exp002-n1024-k08-d180-bs60-f1.000-r01:033511.521: log(exp-norms): [1023.47, 1025.43, 1026.94]
exp002-n1024-k08-d180-bs60-f1.000-r01:033511.522: log(norms):     [1023.47, 1026.23, 1028.14, 1028.15, 1028.18, 1028.35, 1028.31, 1028.21, 1028.37, 1028.39]
exp002-n1024-k08-d180-bs60-f1.000-r01:033511.540: (680 sec)
exp002-n1024-k08-d180-bs60-f1.000-r01:033511.540: Loop 45/100
exp002-n1024-k08-d180-bs60-f1.000-r01:034167.979: log(exp-norms): [1023.47, 1025.43, 1026.94]
exp002-n1024-k08-d180-bs60-f1.000-r01:034167.979: log(norms):     [1023.47, 1026.23, 1028.14, 1028.15, 1028.33, 1028.18, 1028.35, 1028.31, 1028.21, 1028.25]
exp002-n1024-k08-d180-bs60-f1.000-r01:034167.999: (657 sec)
exp002-n1024-k08-d180-bs60-f1.000-r01:034168.000: Loop 46/100
exp002-n1024-k08-d180-bs60-f1.000-r01:034842.460: log(exp-norms): [1023.47, 1025.43, 1026.94]
exp002-n1024-k08-d180-bs60-f1.000-r01:034842.460: log(norms):     [1023.47, 1026.23, 1028.14, 1028.15, 1028.33, 1028.18, 1028.35, 1028.31, 1028.21, 1028.25]
exp002-n1024-k08-d180-bs60-f1.000-r01:034842.479: (675 sec)
exp002-n1024-k08-d180-bs60-f1.000-r01:034842.479: Loop 47/100
exp002-n1024-k08-d180-bs60-f1.000-r01:035499.168: log(exp-norms): [1023.47, 1025.43, 1026.94]
exp002-n1024-k08-d180-bs60-f1.000-r01:035499.168: log(norms):     [1023.47, 1026.23, 1028.14, 1028.15, 1028.33, 1028.18, 1028.35, 1028.31, 1028.21, 1028.25]
exp002-n1024-k08-d180-bs60-f1.000-r01:035499.186: (657 sec)
exp002-n1024-k08-d180-bs60-f1.000-r01:035499.187: Loop 48/100
exp002-n1024-k08-d180-bs60-f1.000-r01:036184.159: log(exp-norms): [1023.47, 1025.43, 1026.94]
exp002-n1024-k08-d180-bs60-f1.000-r01:036184.159: log(norms):     [1023.47, 1026.23, 1028.14, 1028.15, 1028.33, 1028.18, 1028.35, 1028.31, 1028.29, 1028.21]
exp002-n1024-k08-d180-bs60-f1.000-r01:036184.178: (685 sec)
exp002-n1024-k08-d180-bs60-f1.000-r01:036184.178: Loop 49/100
exp002-n1024-k08-d180-bs60-f1.000-r01:036868.519: log(exp-norms): [1023.47, 1025.43, 1026.94]
exp002-n1024-k08-d180-bs60-f1.000-r01:036868.519: log(norms):     [1023.47, 1026.23, 1028.14, 1028.15, 1028.33, 1028.18, 1028.35, 1028.31, 1028.29, 1028.43]
exp002-n1024-k08-d180-bs60-f1.000-r01:036868.538: (685 sec)
exp002-n1024-k08-d180-bs60-f1.000-r01:036868.538: Loop 50/100
exp002-n1024-k08-d180-bs60-f1.000-r01:037551.842: log(exp-norms): [1023.47, 1025.43, 1026.94]
exp002-n1024-k08-d180-bs60-f1.000-r01:037551.842: log(norms):     [1023.47, 1026.23, 1028.14, 1028.15, 1028.33, 1028.18, 1028.35, 1028.31, 1028.29, 1028.43]
exp002-n1024-k08-d180-bs60-f1.000-r01:037551.860: (684 sec)
exp002-n1024-k08-d180-bs60-f1.000-r01:037551.861: Loop 51/100
exp002-n1024-k08-d180-bs60-f1.000-r01:038223.323: log(exp-norms): [1023.47, 1025.43, 1026.94]
exp002-n1024-k08-d180-bs60-f1.000-r01:038223.324: log(norms):     [1023.47, 1026.23, 1028.14, 1028.15, 1028.33, 1028.18, 1028.35, 1028.31, 1028.29, 1028.43]
exp002-n1024-k08-d180-bs60-f1.000-r01:038223.342: (672 sec)
exp002-n1024-k08-d180-bs60-f1.000-r01:038223.343: Loop 52/100
exp002-n1024-k08-d180-bs60-f1.000-r01:038885.986: log(exp-norms): [1023.47, 1025.43, 1026.94]
exp002-n1024-k08-d180-bs60-f1.000-r01:038885.987: log(norms):     [1023.47, 1026.23, 1028.14, 1028.15, 1028.33, 1028.25, 1028.19, 1028.31, 1028.43, 1028.22]
exp002-n1024-k08-d180-bs60-f1.000-r01:038886.005: (663 sec)
exp002-n1024-k08-d180-bs60-f1.000-r01:038886.006: Loop 53/100
exp002-n1024-k08-d180-bs60-f1.000-r01:039564.082: log(exp-norms): [1023.47, 1025.43, 1026.94]
exp002-n1024-k08-d180-bs60-f1.000-r01:039564.083: log(norms):     [1023.47, 1026.23, 1028.14, 1028.15, 1028.33, 1028.25, 1028.19, 1028.22, 1028.47, 1028.55]
exp002-n1024-k08-d180-bs60-f1.000-r01:039564.101: (679 sec)
exp002-n1024-k08-d180-bs60-f1.000-r01:039564.101: Loop 54/100
exp002-n1024-k08-d180-bs60-f1.000-r01:040227.709: log(exp-norms): [1023.47, 1025.43, 1026.94]
exp002-n1024-k08-d180-bs60-f1.000-r01:040227.710: log(norms):     [1023.47, 1026.23, 1028.14, 1028.15, 1028.33, 1028.25, 1028.19, 1028.22, 1028.47, 1028.45]
exp002-n1024-k08-d180-bs60-f1.000-r01:040227.728: (664 sec)
exp002-n1024-k08-d180-bs60-f1.000-r01:040227.729: Loop 55/100
exp002-n1024-k08-d180-bs60-f1.000-r01:040917.674: log(exp-norms): [1023.47, 1025.43, 1026.94]
exp002-n1024-k08-d180-bs60-f1.000-r01:040917.674: log(norms):     [1023.47, 1026.23, 1028.14, 1028.15, 1028.33, 1028.25, 1028.19, 1028.22, 1028.47, 1028.45]
exp002-n1024-k08-d180-bs60-f1.000-r01:040917.693: (690 sec)
exp002-n1024-k08-d180-bs60-f1.000-r01:040917.693: Loop 56/100
exp002-n1024-k08-d180-bs60-f1.000-r01:041581.372: log(exp-norms): [1023.47, 1025.43, 1026.94]
exp002-n1024-k08-d180-bs60-f1.000-r01:041581.372: log(norms):     [1023.47, 1026.23, 1028.14, 1028.15, 1028.33, 1028.25, 1028.19, 1028.22, 1028.47, 1028.45]
exp002-n1024-k08-d180-bs60-f1.000-r01:041581.390: (664 sec)
exp002-n1024-k08-d180-bs60-f1.000-r01:041581.391: Loop 57/100
exp002-n1024-k08-d180-bs60-f1.000-r01:042260.418: log(exp-norms): [1023.47, 1025.43, 1026.94]
exp002-n1024-k08-d180-bs60-f1.000-r01:042260.419: log(norms):     [1023.47, 1026.23, 1028.14, 1028.14, 1028.15, 1028.33, 1028.25, 1028.22, 1028.47, 1028.19]
exp002-n1024-k08-d180-bs60-f1.000-r01:042260.436: (680 sec)
exp002-n1024-k08-d180-bs60-f1.000-r01:042260.436: Loop 58/100
exp002-n1024-k08-d180-bs60-f1.000-r01:042916.577: log(exp-norms): [1023.47, 1025.43, 1026.94]
exp002-n1024-k08-d180-bs60-f1.000-r01:042916.578: log(norms):     [1023.47, 1026.23, 1028.14, 1028.14, 1028.15, 1028.33, 1028.25, 1028.22, 1028.47, 1028.19]
exp002-n1024-k08-d180-bs60-f1.000-r01:042916.597: (657 sec)
exp002-n1024-k08-d180-bs60-f1.000-r01:042916.597: Loop 59/100
exp002-n1024-k08-d180-bs60-f1.000-r01:043592.936: log(exp-norms): [1023.47, 1025.43, 1026.94]
exp002-n1024-k08-d180-bs60-f1.000-r01:043592.936: log(norms):     [1023.47, 1026.23, 1028.14, 1028.14, 1028.15, 1028.33, 1028.25, 1028.22, 1028.47, 1028.19]
exp002-n1024-k08-d180-bs60-f1.000-r01:043592.955: (677 sec)
exp002-n1024-k08-d180-bs60-f1.000-r01:043592.955: Loop 60/100
exp002-n1024-k08-d180-bs60-f1.000-r01:044255.421: log(exp-norms): [1023.47, 1025.43, 1026.94]
exp002-n1024-k08-d180-bs60-f1.000-r01:044255.421: log(norms):     [1023.47, 1026.23, 1028.14, 1028.14, 1028.15, 1028.33, 1028.25, 1028.22, 1028.47, 1028.19]
exp002-n1024-k08-d180-bs60-f1.000-r01:044255.439: (663 sec)
exp002-n1024-k08-d180-bs60-f1.000-r01:044255.440: Loop 61/100
exp002-n1024-k08-d180-bs60-f1.000-r01:044905.705: log(exp-norms): [1023.47, 1025.43, 1026.94]
exp002-n1024-k08-d180-bs60-f1.000-r01:044905.705: log(norms):     [1023.47, 1026.23, 1028.14, 1028.14, 1028.15, 1028.33, 1028.35, 1028.25, 1028.19, 1028.49]
exp002-n1024-k08-d180-bs60-f1.000-r01:044905.724: (651 sec)
exp002-n1024-k08-d180-bs60-f1.000-r01:044905.724: Loop 62/100
exp002-n1024-k08-d180-bs60-f1.000-r01:045566.545: log(exp-norms): [1023.47, 1025.43, 1026.94]
exp002-n1024-k08-d180-bs60-f1.000-r01:045566.546: log(norms):     [1023.47, 1026.23, 1028.14, 1028.14, 1028.15, 1028.33, 1028.35, 1028.25, 1028.19, 1028.49]
exp002-n1024-k08-d180-bs60-f1.000-r01:045566.564: (661 sec)
exp002-n1024-k08-d180-bs60-f1.000-r01:045566.564: Loop 63/100
exp002-n1024-k08-d180-bs60-f1.000-r01:046240.924: log(exp-norms): [1023.47, 1025.43, 1026.94]
exp002-n1024-k08-d180-bs60-f1.000-r01:046240.924: log(norms):     [1023.47, 1026.23, 1028.14, 1028.14, 1028.15, 1028.33, 1028.35, 1028.25, 1028.19, 1028.49]
exp002-n1024-k08-d180-bs60-f1.000-r01:046240.943: (675 sec)
exp002-n1024-k08-d180-bs60-f1.000-r01:046240.943: Loop 64/100
exp002-n1024-k08-d180-bs60-f1.000-r01:046912.727: log(exp-norms): [1023.47, 1025.43, 1026.94]
exp002-n1024-k08-d180-bs60-f1.000-r01:046912.728: log(norms):     [1023.47, 1026.23, 1028.14, 1028.14, 1028.15, 1028.33, 1028.35, 1028.25, 1028.19, 1028.49]
exp002-n1024-k08-d180-bs60-f1.000-r01:046912.746: (672 sec)
exp002-n1024-k08-d180-bs60-f1.000-r01:046912.747: Loop 65/100
exp002-n1024-k08-d180-bs60-f1.000-r01:047552.829: log(exp-norms): [1023.47, 1025.43, 1026.94]
exp002-n1024-k08-d180-bs60-f1.000-r01:047552.829: log(norms):     [1023.47, 1026.23, 1028.14, 1028.14, 1028.15, 1028.33, 1028.35, 1028.25, 1028.19, 1028.49]
exp002-n1024-k08-d180-bs60-f1.000-r01:047552.848: (641 sec)
exp002-n1024-k08-d180-bs60-f1.000-r01:047552.848: Loop 66/100
exp002-n1024-k08-d180-bs60-f1.000-r01:048298.912: log(exp-norms): [1023.47, 1025.43, 1026.94]
exp002-n1024-k08-d180-bs60-f1.000-r01:048298.913: log(norms):     [1023.47, 1026.23, 1028.14, 1028.14, 1028.15, 1028.33, 1028.35, 1028.25, 1028.19, 1028.49]
exp002-n1024-k08-d180-bs60-f1.000-r01:048298.930: (747 sec)
exp002-n1024-k08-d180-bs60-f1.000-r01:048298.931: Loop 67/100
exp002-n1024-k08-d180-bs60-f1.000-r01:049000.748: log(exp-norms): [1023.47, 1025.43, 1026.94]
exp002-n1024-k08-d180-bs60-f1.000-r01:049000.748: log(norms):     [1023.47, 1026.23, 1028.14, 1028.14, 1028.15, 1028.33, 1028.24, 1028.35, 1028.42, 1028.42]
exp002-n1024-k08-d180-bs60-f1.000-r01:049000.767: (702 sec)
exp002-n1024-k08-d180-bs60-f1.000-r01:049000.767: Loop 68/100
exp002-n1024-k08-d180-bs60-f1.000-r01:049723.460: log(exp-norms): [1023.47, 1025.43, 1026.94]
exp002-n1024-k08-d180-bs60-f1.000-r01:049723.461: log(norms):     [1023.47, 1026.23, 1028.14, 1028.14, 1028.15, 1028.33, 1028.24, 1028.35, 1028.42, 1028.42]
exp002-n1024-k08-d180-bs60-f1.000-r01:049723.489: (723 sec)
exp002-n1024-k08-d180-bs60-f1.000-r01:049723.490: Loop 69/100
exp002-n1024-k08-d180-bs60-f1.000-r01:050437.330: log(exp-norms): [1023.47, 1025.43, 1026.94]
exp002-n1024-k08-d180-bs60-f1.000-r01:050437.330: log(norms):     [1023.47, 1026.23, 1028.14, 1028.14, 1028.15, 1028.33, 1028.24, 1028.25, 1028.35, 1028.42]
exp002-n1024-k08-d180-bs60-f1.000-r01:050437.349: (714 sec)
exp002-n1024-k08-d180-bs60-f1.000-r01:050437.349: Loop 70/100
exp002-n1024-k08-d180-bs60-f1.000-r01:051113.956: log(exp-norms): [1023.47, 1025.43, 1026.94]
exp002-n1024-k08-d180-bs60-f1.000-r01:051113.958: log(norms):     [1023.47, 1026.23, 1028.14, 1028.14, 1028.15, 1028.33, 1028.24, 1028.25, 1028.34, 1028.37]
exp002-n1024-k08-d180-bs60-f1.000-r01:051113.976: (677 sec)
exp002-n1024-k08-d180-bs60-f1.000-r01:051113.977: Loop 71/100
exp002-n1024-k08-d180-bs60-f1.000-r01:051803.232: log(exp-norms): [1023.47, 1025.43, 1026.94]
exp002-n1024-k08-d180-bs60-f1.000-r01:051803.233: log(norms):     [1023.47, 1026.23, 1028.14, 1028.14, 1028.15, 1028.33, 1028.24, 1028.25, 1028.34, 1028.37]
exp002-n1024-k08-d180-bs60-f1.000-r01:051803.252: (690 sec)
exp002-n1024-k08-d180-bs60-f1.000-r01:051803.252: Loop 72/100
exp002-n1024-k08-d180-bs60-f1.000-r01:052492.125: log(exp-norms): [1023.47, 1025.43, 1026.94]
exp002-n1024-k08-d180-bs60-f1.000-r01:052492.126: log(norms):     [1023.47, 1026.23, 1028.14, 1028.14, 1028.16, 1028.15, 1028.33, 1028.25, 1028.24, 1028.34]
exp002-n1024-k08-d180-bs60-f1.000-r01:052492.144: (689 sec)
exp002-n1024-k08-d180-bs60-f1.000-r01:052492.145: Loop 73/100
exp002-n1024-k08-d180-bs60-f1.000-r01:053162.164: log(exp-norms): [1023.47, 1025.43, 1026.94]
exp002-n1024-k08-d180-bs60-f1.000-r01:053162.165: log(norms):     [1023.47, 1026.23, 1028.14, 1028.14, 1028.16, 1028.15, 1028.33, 1028.33, 1028.25, 1028.47]
exp002-n1024-k08-d180-bs60-f1.000-r01:053162.184: (671 sec)
exp002-n1024-k08-d180-bs60-f1.000-r01:053162.184: Loop 74/100
exp002-n1024-k08-d180-bs60-f1.000-r01:053818.643: log(exp-norms): [1023.47, 1025.43, 1026.94]
exp002-n1024-k08-d180-bs60-f1.000-r01:053818.643: log(norms):     [1023.47, 1026.23, 1028.14, 1028.14, 1028.16, 1028.15, 1028.33, 1028.33, 1028.25, 1028.47]
exp002-n1024-k08-d180-bs60-f1.000-r01:053818.662: (657 sec)
exp002-n1024-k08-d180-bs60-f1.000-r01:053818.662: Loop 75/100
exp002-n1024-k08-d180-bs60-f1.000-r01:054505.629: log(exp-norms): [1023.47, 1025.43, 1026.94]
exp002-n1024-k08-d180-bs60-f1.000-r01:054505.630: log(norms):     [1023.47, 1026.23, 1028.14, 1028.14, 1028.16, 1028.22, 1028.15, 1028.32, 1028.39, 1028.33]
exp002-n1024-k08-d180-bs60-f1.000-r01:054505.648: (687 sec)
exp002-n1024-k08-d180-bs60-f1.000-r01:054505.649: Loop 76/100
exp002-n1024-k08-d180-bs60-f1.000-r01:055177.070: log(exp-norms): [1023.47, 1025.43, 1026.94]
exp002-n1024-k08-d180-bs60-f1.000-r01:055177.070: log(norms):     [1023.47, 1026.23, 1028.14, 1028.14, 1028.16, 1028.34, 1028.22, 1028.15, 1028.32, 1028.34]
exp002-n1024-k08-d180-bs60-f1.000-r01:055177.089: (672 sec)
exp002-n1024-k08-d180-bs60-f1.000-r01:055177.090: Loop 77/100
exp002-n1024-k08-d180-bs60-f1.000-r01:055883.031: log(exp-norms): [1023.47, 1025.43, 1026.94]
exp002-n1024-k08-d180-bs60-f1.000-r01:055883.031: log(norms):     [1023.47, 1026.23, 1028.14, 1028.14, 1028.16, 1028.34, 1028.22, 1028.15, 1028.32, 1028.34]
exp002-n1024-k08-d180-bs60-f1.000-r01:055883.050: (706 sec)
exp002-n1024-k08-d180-bs60-f1.000-r01:055883.050: Loop 78/100
exp002-n1024-k08-d180-bs60-f1.000-r01:056584.097: log(exp-norms): [1023.47, 1025.43, 1026.94]
exp002-n1024-k08-d180-bs60-f1.000-r01:056584.098: log(norms):     [1023.47, 1026.23, 1028.14, 1028.14, 1028.16, 1028.34, 1028.22, 1028.15, 1028.32, 1028.34]
exp002-n1024-k08-d180-bs60-f1.000-r01:056584.117: (702 sec)
exp002-n1024-k08-d180-bs60-f1.000-r01:056584.117: Loop 79/100
exp002-n1024-k08-d180-bs60-f1.000-r01:057249.266: log(exp-norms): [1023.47, 1025.43, 1026.94]
exp002-n1024-k08-d180-bs60-f1.000-r01:057249.269: log(norms):     [1023.47, 1026.23, 1028.14, 1028.14, 1028.16, 1028.34, 1028.34, 1028.22, 1028.33, 1028.32]
exp002-n1024-k08-d180-bs60-f1.000-r01:057249.287: (666 sec)
exp002-n1024-k08-d180-bs60-f1.000-r01:057249.288: Loop 80/100
exp002-n1024-k08-d180-bs60-f1.000-r01:057911.111: log(exp-norms): [1023.47, 1025.43, 1026.94]
exp002-n1024-k08-d180-bs60-f1.000-r01:057911.112: log(norms):     [1023.47, 1026.23, 1028.14, 1028.14, 1028.16, 1028.34, 1028.34, 1028.22, 1028.33, 1028.32]
exp002-n1024-k08-d180-bs60-f1.000-r01:057911.130: (662 sec)
exp002-n1024-k08-d180-bs60-f1.000-r01:057911.131: Loop 81/100
exp002-n1024-k08-d180-bs60-f1.000-r01:058566.281: log(exp-norms): [1023.47, 1025.43, 1026.94]
exp002-n1024-k08-d180-bs60-f1.000-r01:058566.282: log(norms):     [1023.47, 1026.23, 1028.14, 1028.14, 1028.16, 1028.34, 1028.34, 1028.22, 1028.33, 1028.32]
exp002-n1024-k08-d180-bs60-f1.000-r01:058566.300: (656 sec)
exp002-n1024-k08-d180-bs60-f1.000-r01:058566.300: Loop 82/100
exp002-n1024-k08-d180-bs60-f1.000-r01:059259.917: log(exp-norms): [1023.47, 1025.43, 1026.94]
exp002-n1024-k08-d180-bs60-f1.000-r01:059259.918: log(norms):     [1023.47, 1026.23, 1028.14, 1028.14, 1028.16, 1028.34, 1028.34, 1028.22, 1028.33, 1028.32]
exp002-n1024-k08-d180-bs60-f1.000-r01:059259.935: (694 sec)
exp002-n1024-k08-d180-bs60-f1.000-r01:059259.936: Loop 83/100
exp002-n1024-k08-d180-bs60-f1.000-r01:059896.988: log(exp-norms): [1023.47, 1025.43, 1026.94]
exp002-n1024-k08-d180-bs60-f1.000-r01:059896.990: log(norms):     [1023.47, 1026.23, 1028.14, 1028.14, 1028.16, 1028.34, 1028.34, 1028.22, 1028.33, 1028.32]
exp002-n1024-k08-d180-bs60-f1.000-r01:059897.007: (638 sec)
exp002-n1024-k08-d180-bs60-f1.000-r01:059897.007: Loop 84/100
exp002-n1024-k08-d180-bs60-f1.000-r01:060542.421: log(exp-norms): [1023.47, 1025.43, 1026.94]
exp002-n1024-k08-d180-bs60-f1.000-r01:060542.421: log(norms):     [1023.47, 1026.23, 1028.14, 1028.14, 1028.16, 1028.34, 1028.34, 1028.22, 1028.33, 1028.32]
exp002-n1024-k08-d180-bs60-f1.000-r01:060542.440: (646 sec)
exp002-n1024-k08-d180-bs60-f1.000-r01:060542.440: Loop 85/100
exp002-n1024-k08-d180-bs60-f1.000-r01:061241.309: log(exp-norms): [1023.47, 1025.43, 1026.94]
exp002-n1024-k08-d180-bs60-f1.000-r01:061241.309: log(norms):     [1023.47, 1026.23, 1028.14, 1028.14, 1028.16, 1028.34, 1028.28, 1028.34, 1028.22, 1028.33]
exp002-n1024-k08-d180-bs60-f1.000-r01:061241.327: (699 sec)
exp002-n1024-k08-d180-bs60-f1.000-r01:061241.327: Loop 86/100
exp002-n1024-k08-d180-bs60-f1.000-r01:061924.057: log(exp-norms): [1023.47, 1025.43, 1026.94]
exp002-n1024-k08-d180-bs60-f1.000-r01:061924.058: log(norms):     [1023.47, 1026.23, 1028.14, 1028.14, 1028.16, 1028.34, 1028.28, 1028.26, 1028.22, 1028.56]
exp002-n1024-k08-d180-bs60-f1.000-r01:061924.076: (683 sec)
exp002-n1024-k08-d180-bs60-f1.000-r01:061924.076: Loop 87/100
exp002-n1024-k08-d180-bs60-f1.000-r01:062634.531: log(exp-norms): [1023.47, 1025.43, 1026.94]
exp002-n1024-k08-d180-bs60-f1.000-r01:062634.531: log(norms):     [1023.47, 1026.23, 1028.14, 1028.14, 1028.16, 1028.34, 1028.28, 1028.26, 1028.22, 1028.56]
exp002-n1024-k08-d180-bs60-f1.000-r01:062634.552: (711 sec)
exp002-n1024-k08-d180-bs60-f1.000-r01:062634.553: Loop 88/100
exp002-n1024-k08-d180-bs60-f1.000-r01:063317.740: log(exp-norms): [1023.47, 1025.43, 1026.94]
exp002-n1024-k08-d180-bs60-f1.000-r01:063317.740: log(norms):     [1023.47, 1026.23, 1028.14, 1028.14, 1028.16, 1028.34, 1028.28, 1028.26, 1028.39, 1028.22]
exp002-n1024-k08-d180-bs60-f1.000-r01:063317.759: (684 sec)
exp002-n1024-k08-d180-bs60-f1.000-r01:063317.759: Loop 89/100
exp002-n1024-k08-d180-bs60-f1.000-r01:063988.106: log(exp-norms): [1023.47, 1025.43, 1026.94]
exp002-n1024-k08-d180-bs60-f1.000-r01:063988.107: log(norms):     [1023.47, 1026.23, 1028.14, 1028.14, 1028.16, 1028.34, 1028.28, 1028.26, 1028.39, 1028.22]
exp002-n1024-k08-d180-bs60-f1.000-r01:063988.125: (671 sec)
exp002-n1024-k08-d180-bs60-f1.000-r01:063988.126: Loop 90/100
exp002-n1024-k08-d180-bs60-f1.000-r01:064659.126: log(exp-norms): [1023.47, 1025.43, 1026.94]
exp002-n1024-k08-d180-bs60-f1.000-r01:064659.126: log(norms):     [1023.47, 1026.23, 1028.14, 1028.14, 1028.16, 1028.34, 1028.28, 1028.26, 1028.39, 1028.22]
exp002-n1024-k08-d180-bs60-f1.000-r01:064659.143: (672 sec)
exp002-n1024-k08-d180-bs60-f1.000-r01:064659.144: Loop 91/100
exp002-n1024-k08-d180-bs60-f1.000-r01:065326.672: log(exp-norms): [1023.47, 1025.43, 1026.94]
exp002-n1024-k08-d180-bs60-f1.000-r01:065326.673: log(norms):     [1023.47, 1026.23, 1028.14, 1028.14, 1028.16, 1028.34, 1028.34, 1028.28, 1028.26, 1028.39]
exp002-n1024-k08-d180-bs60-f1.000-r01:065326.690: (668 sec)
exp002-n1024-k08-d180-bs60-f1.000-r01:065326.691: Loop 92/100
exp002-n1024-k08-d180-bs60-f1.000-r01:065981.892: log(exp-norms): [1023.47, 1025.43, 1026.94]
exp002-n1024-k08-d180-bs60-f1.000-r01:065981.893: log(norms):     [1023.47, 1026.23, 1028.14, 1028.14, 1028.16, 1028.34, 1028.34, 1028.28, 1028.26, 1028.39]
exp002-n1024-k08-d180-bs60-f1.000-r01:065981.911: (656 sec)
exp002-n1024-k08-d180-bs60-f1.000-r01:065981.911: Loop 93/100
exp002-n1024-k08-d180-bs60-f1.000-r01:066661.782: log(exp-norms): [1023.47, 1025.43, 1026.94]
exp002-n1024-k08-d180-bs60-f1.000-r01:066661.783: log(norms):     [1023.47, 1026.23, 1028.14, 1028.14, 1028.16, 1028.34, 1028.34, 1028.37, 1028.28, 1028.47]
exp002-n1024-k08-d180-bs60-f1.000-r01:066661.801: (680 sec)
exp002-n1024-k08-d180-bs60-f1.000-r01:066661.801: Loop 94/100
exp002-n1024-k08-d180-bs60-f1.000-r01:067359.323: log(exp-norms): [1023.47, 1025.43, 1026.94]
exp002-n1024-k08-d180-bs60-f1.000-r01:067359.324: log(norms):     [1023.47, 1026.23, 1028.14, 1028.14, 1028.16, 1028.34, 1028.34, 1028.37, 1028.27, 1028.28]
exp002-n1024-k08-d180-bs60-f1.000-r01:067359.342: (698 sec)
exp002-n1024-k08-d180-bs60-f1.000-r01:067359.342: Loop 95/100
exp002-n1024-k08-d180-bs60-f1.000-r01:068044.117: log(exp-norms): [1023.47, 1025.43, 1026.94]
exp002-n1024-k08-d180-bs60-f1.000-r01:068044.118: log(norms):     [1023.47, 1026.23, 1028.14, 1028.14, 1028.16, 1028.34, 1028.34, 1028.37, 1028.27, 1028.28]
exp002-n1024-k08-d180-bs60-f1.000-r01:068044.136: (685 sec)
exp002-n1024-k08-d180-bs60-f1.000-r01:068044.136: Loop 96/100
exp002-n1024-k08-d180-bs60-f1.000-r01:068736.099: log(exp-norms): [1023.47, 1025.43, 1026.94]
exp002-n1024-k08-d180-bs60-f1.000-r01:068736.099: log(norms):     [1023.47, 1026.23, 1028.14, 1028.14, 1028.16, 1028.34, 1028.34, 1028.37, 1028.27, 1028.28]
exp002-n1024-k08-d180-bs60-f1.000-r01:068736.118: (692 sec)
exp002-n1024-k08-d180-bs60-f1.000-r01:068736.118: Loop 97/100
exp002-n1024-k08-d180-bs60-f1.000-r01:069397.182: log(exp-norms): [1023.47, 1025.43, 1026.94]
exp002-n1024-k08-d180-bs60-f1.000-r01:069397.183: log(norms):     [1023.47, 1026.23, 1028.14, 1028.14, 1028.16, 1028.34, 1028.34, 1028.37, 1028.27, 1028.28]
exp002-n1024-k08-d180-bs60-f1.000-r01:069397.201: (662 sec)
exp002-n1024-k08-d180-bs60-f1.000-r01:069397.201: Loop 98/100
exp002-n1024-k08-d180-bs60-f1.000-r01:070057.134: log(exp-norms): [1023.47, 1025.43, 1026.94]
exp002-n1024-k08-d180-bs60-f1.000-r01:070057.135: log(norms):     [1023.47, 1026.23, 1028.14, 1028.14, 1028.16, 1028.34, 1028.34, 1028.37, 1028.27, 1028.28]
exp002-n1024-k08-d180-bs60-f1.000-r01:070057.152: (660 sec)
exp002-n1024-k08-d180-bs60-f1.000-r01:070057.152: Loop 99/100
exp002-n1024-k08-d180-bs60-f1.000-r01:070711.813: log(exp-norms): [1023.47, 1025.43, 1026.94]
exp002-n1024-k08-d180-bs60-f1.000-r01:070711.813: log(norms):     [1023.47, 1026.23, 1028.14, 1028.14, 1028.16, 1028.34, 1028.34, 1028.37, 1028.27, 1028.1]
exp002-n1024-k08-d180-bs60-f1.000-r01:070711.830: (655 sec)
exp002-n1024-k08-d180-bs60-f1.000-r01:070711.831: Loop 100/100
exp002-n1024-k08-d180-bs60-f1.000-r01:071346.317: log(exp-norms): [1023.47, 1025.43, 1026.94]
exp002-n1024-k08-d180-bs60-f1.000-r01:071346.317: log(norms):     [1023.47, 1026.23, 1028.1, 1028.14, 1028.14, 1028.16, 1028.34, 1028.27, 1028.34, 1028.36]
exp002-n1024-k08-d180-bs60-f1.000-r01:071346.334: (635 sec)
exp002-n1024-k08-d180-bs60-f1.000-r01:071346.334: ==========================Summary===========================
exp002-n1024-k08-d180-bs60-f1.000-r01:071346.335: Total time: 71347sec
exp002-n1024-k08-d180-bs60-f1.000-r01:071346.335: FAIL
exp002-n1024-k08-d180-bs60-f1.000-r01:071346.335: SUMMARY:n:1024:k:8:d:180:bs:60:t:71347:r:False
