exp012-n1024-k08-d180-bs60-f1.750-r03:000000.208: ==========================Instance==========================
exp012-n1024-k08-d180-bs60-f1.750-r03:000000.208: # of equations: 180
exp012-n1024-k08-d180-bs60-f1.750-r03:000000.210: Gap: 2.84
exp012-n1024-k08-d180-bs60-f1.750-r03:000000.214: Tau: 2.47
exp012-n1024-k08-d180-bs60-f1.750-r03:000000.214: ======================BKZ-60 reduction======================
exp012-n1024-k08-d180-bs60-f1.750-r03:000004.754: Expectedly achievable log(norm): 1028.22
exp012-n1024-k08-d180-bs60-f1.750-r03:000009.695: log(exp-norms): [1023.47, 1025.43, 1026.94]
exp012-n1024-k08-d180-bs60-f1.750-r03:000009.695: log(norms):     [1033.92, 1026.22, 1030.94, 1030.94, 1030.94, 1030.94, 1030.94, 1030.94, 1030.94, 1030.94]
exp012-n1024-k08-d180-bs60-f1.750-r03:000009.833: Loop 1/100
exp012-n1024-k08-d180-bs60-f1.750-r03:001397.342: log(exp-norms): [1023.47, 1025.43, 1026.94]
exp012-n1024-k08-d180-bs60-f1.750-r03:001397.343: log(norms):     [1026.22, 1030.11, 1030.11, 1030.2, 1030.15, 1030.18, 1030.07, 1030.2, 1030.33, 1030.17]
exp012-n1024-k08-d180-bs60-f1.750-r03:001397.379: (1388 sec)
exp012-n1024-k08-d180-bs60-f1.750-r03:001397.379: Loop 2/100
exp012-n1024-k08-d180-bs60-f1.750-r03:002435.001: log(exp-norms): [1023.47, 1025.43, 1026.94]
exp012-n1024-k08-d180-bs60-f1.750-r03:002435.002: log(norms):     [1023.47, 1026.22, 1029.47, 1029.55, 1029.61, 1029.55, 1029.77, 1029.62, 1029.61, 1029.69]
exp012-n1024-k08-d180-bs60-f1.750-r03:002435.036: (1038 sec)
exp012-n1024-k08-d180-bs60-f1.750-r03:002435.036: Loop 3/100
exp012-n1024-k08-d180-bs60-f1.750-r03:003369.265: log(exp-norms): [1023.47, 1025.43, 1026.94]
exp012-n1024-k08-d180-bs60-f1.750-r03:003369.265: log(norms):     [1023.47, 1026.22, 1029.01, 1029.01, 1029.03, 1029.19, 1029.14, 1029.09, 1029.13, 1029.11]
exp012-n1024-k08-d180-bs60-f1.750-r03:003369.297: (935 sec)
exp012-n1024-k08-d180-bs60-f1.750-r03:003369.297: Loop 4/100
exp012-n1024-k08-d180-bs60-f1.750-r03:004359.884: log(exp-norms): [1023.47, 1025.43, 1026.94]
exp012-n1024-k08-d180-bs60-f1.750-r03:004359.885: log(norms):     [1023.47, 1026.22, 1028.62, 1028.69, 1028.76, 1028.61, 1028.76, 1028.88, 1028.9, 1028.86]
exp012-n1024-k08-d180-bs60-f1.750-r03:004359.914: (991 sec)
exp012-n1024-k08-d180-bs60-f1.750-r03:004359.914: Loop 5/100
exp012-n1024-k08-d180-bs60-f1.750-r03:005252.504: log(exp-norms): [1023.47, 1025.43, 1026.94]
exp012-n1024-k08-d180-bs60-f1.750-r03:005252.505: log(norms):     [1023.47, 1026.22, 1028.48, 1028.53, 1028.64, 1028.51, 1028.45, 1028.54, 1028.57, 1028.57]
exp012-n1024-k08-d180-bs60-f1.750-r03:005252.523: (893 sec)
exp012-n1024-k08-d180-bs60-f1.750-r03:005252.523: Loop 6/100
exp012-n1024-k08-d180-bs60-f1.750-r03:005984.663: log(exp-norms): [1023.47, 1025.43, 1026.94]
exp012-n1024-k08-d180-bs60-f1.750-r03:005984.664: log(norms):     [1023.47, 1026.22, 1028.37, 1028.41, 1028.49, 1028.51, 1028.44, 1028.61, 1028.54, 1028.61]
exp012-n1024-k08-d180-bs60-f1.750-r03:005984.682: (733 sec)
exp012-n1024-k08-d180-bs60-f1.750-r03:005984.683: Loop 7/100
exp012-n1024-k08-d180-bs60-f1.750-r03:006643.414: log(exp-norms): [1023.47, 1025.43, 1026.94]
exp012-n1024-k08-d180-bs60-f1.750-r03:006643.415: log(norms):     [1023.47, 1026.22, 1028.34, 1028.43, 1028.35, 1028.37, 1028.4, 1028.36, 1028.37, 1028.58]
exp012-n1024-k08-d180-bs60-f1.750-r03:006643.434: (659 sec)
exp012-n1024-k08-d180-bs60-f1.750-r03:006643.434: Loop 8/100
exp012-n1024-k08-d180-bs60-f1.750-r03:007315.619: log(exp-norms): [1023.47, 1025.43, 1026.94]
exp012-n1024-k08-d180-bs60-f1.750-r03:007315.619: log(norms):     [1023.47, 1026.22, 1028.34, 1028.33, 1028.36, 1028.45, 1028.35, 1028.46, 1028.25, 1028.61]
exp012-n1024-k08-d180-bs60-f1.750-r03:007315.638: (673 sec)
exp012-n1024-k08-d180-bs60-f1.750-r03:007315.639: Loop 9/100
exp012-n1024-k08-d180-bs60-f1.750-r03:007941.688: log(exp-norms): [1023.47, 1025.43, 1026.94]
exp012-n1024-k08-d180-bs60-f1.750-r03:007941.688: log(norms):     [1023.47, 1026.22, 1028.25, 1028.28, 1028.31, 1028.28, 1028.3, 1028.38, 1028.42, 1028.44]
exp012-n1024-k08-d180-bs60-f1.750-r03:007941.706: (627 sec)
exp012-n1024-k08-d180-bs60-f1.750-r03:007941.706: Loop 10/100
exp012-n1024-k08-d180-bs60-f1.750-r03:008582.174: log(exp-norms): [1023.47, 1025.43, 1026.94]
exp012-n1024-k08-d180-bs60-f1.750-r03:008582.174: log(norms):     [1023.47, 1026.22, 1028.24, 1028.28, 1028.28, 1028.3, 1028.25, 1028.51, 1028.41, 1028.54]
exp012-n1024-k08-d180-bs60-f1.750-r03:008582.192: (641 sec)
exp012-n1024-k08-d180-bs60-f1.750-r03:008582.192: Loop 11/100
exp012-n1024-k08-d180-bs60-f1.750-r03:009228.889: log(exp-norms): [1023.47, 1025.43, 1026.94]
exp012-n1024-k08-d180-bs60-f1.750-r03:009228.890: log(norms):     [1023.47, 1026.22, 1028.19, 1028.24, 1028.29, 1028.22, 1028.28, 1028.3, 1028.45, 1028.44]
exp012-n1024-k08-d180-bs60-f1.750-r03:009228.908: (647 sec)
exp012-n1024-k08-d180-bs60-f1.750-r03:009228.908: Loop 12/100
exp012-n1024-k08-d180-bs60-f1.750-r03:009885.806: log(exp-norms): [1023.47, 1025.43, 1026.94]
exp012-n1024-k08-d180-bs60-f1.750-r03:009885.806: log(norms):     [1023.47, 1026.22, 1028.19, 1028.22, 1028.28, 1028.28, 1028.24, 1028.48, 1028.3, 1028.48]
exp012-n1024-k08-d180-bs60-f1.750-r03:009885.825: (657 sec)
exp012-n1024-k08-d180-bs60-f1.750-r03:009885.825: Loop 13/100
exp012-n1024-k08-d180-bs60-f1.750-r03:010539.723: log(exp-norms): [1023.47, 1025.43, 1026.94]
exp012-n1024-k08-d180-bs60-f1.750-r03:010539.723: log(norms):     [1023.47, 1026.22, 1028.19, 1028.22, 1028.28, 1028.28, 1028.24, 1028.48, 1028.3, 1028.39]
exp012-n1024-k08-d180-bs60-f1.750-r03:010539.741: (654 sec)
exp012-n1024-k08-d180-bs60-f1.750-r03:010539.742: Loop 14/100
exp012-n1024-k08-d180-bs60-f1.750-r03:011211.249: log(exp-norms): [1023.47, 1025.43, 1026.94]
exp012-n1024-k08-d180-bs60-f1.750-r03:011211.249: log(norms):     [1023.47, 1026.22, 1028.19, 1028.22, 1028.28, 1028.28, 1028.24, 1028.48, 1028.48, 1028.3]
exp012-n1024-k08-d180-bs60-f1.750-r03:011211.268: (672 sec)
exp012-n1024-k08-d180-bs60-f1.750-r03:011211.269: Loop 15/100
exp012-n1024-k08-d180-bs60-f1.750-r03:012039.519: log(exp-norms): [1023.47, 1025.43, 1026.94]
exp012-n1024-k08-d180-bs60-f1.750-r03:012039.519: log(norms):     [1023.47, 1026.22, 1028.19, 1028.22, 1028.28, 1028.28, 1028.24, 1028.48, 1028.33, 1028.48]
exp012-n1024-k08-d180-bs60-f1.750-r03:012039.548: (829 sec)
exp012-n1024-k08-d180-bs60-f1.750-r03:012039.548: Loop 16/100
exp012-n1024-k08-d180-bs60-f1.750-r03:013007.287: log(exp-norms): [1023.47, 1025.43, 1026.94]
exp012-n1024-k08-d180-bs60-f1.750-r03:013007.289: log(norms):     [1023.47, 1026.22, 1028.19, 1028.22, 1028.28, 1028.28, 1028.24, 1028.48, 1028.33, 1028.48]
exp012-n1024-k08-d180-bs60-f1.750-r03:013007.309: (968 sec)
exp012-n1024-k08-d180-bs60-f1.750-r03:013007.310: Loop 17/100
exp012-n1024-k08-d180-bs60-f1.750-r03:013971.132: log(exp-norms): [1023.47, 1025.43, 1026.94]
exp012-n1024-k08-d180-bs60-f1.750-r03:013971.134: log(norms):     [1023.47, 1026.22, 1028.16, 1028.19, 1028.22, 1028.28, 1028.39, 1028.24, 1028.28, 1028.44]
exp012-n1024-k08-d180-bs60-f1.750-r03:013971.153: (964 sec)
exp012-n1024-k08-d180-bs60-f1.750-r03:013971.153: Loop 18/100
exp012-n1024-k08-d180-bs60-f1.750-r03:014860.803: log(exp-norms): [1023.47, 1025.43, 1026.94]
exp012-n1024-k08-d180-bs60-f1.750-r03:014860.804: log(norms):     [1023.47, 1026.22, 1028.16, 1028.2, 1028.19, 1028.22, 1028.39, 1028.28, 1028.24, 1028.28]
exp012-n1024-k08-d180-bs60-f1.750-r03:014860.822: (890 sec)
exp012-n1024-k08-d180-bs60-f1.750-r03:014860.823: Loop 19/100
exp012-n1024-k08-d180-bs60-f1.750-r03:015826.071: log(exp-norms): [1023.47, 1025.43, 1026.94]
exp012-n1024-k08-d180-bs60-f1.750-r03:015826.072: log(norms):     [1023.47, 1026.22, 1028.16, 1028.2, 1028.19, 1028.22, 1028.39, 1028.28, 1028.39, 1028.42]
exp012-n1024-k08-d180-bs60-f1.750-r03:015826.103: (966 sec)
exp012-n1024-k08-d180-bs60-f1.750-r03:015826.104: Loop 20/100
exp012-n1024-k08-d180-bs60-f1.750-r03:016761.194: log(exp-norms): [1023.47, 1025.43, 1026.94]
exp012-n1024-k08-d180-bs60-f1.750-r03:016761.195: log(norms):     [1023.47, 1026.22, 1028.16, 1028.2, 1028.19, 1028.22, 1028.23, 1028.31, 1028.29, 1028.28]
exp012-n1024-k08-d180-bs60-f1.750-r03:016761.225: (936 sec)
exp012-n1024-k08-d180-bs60-f1.750-r03:016761.225: Loop 21/100
exp012-n1024-k08-d180-bs60-f1.750-r03:017768.449: log(exp-norms): [1023.47, 1025.43, 1026.94]
exp012-n1024-k08-d180-bs60-f1.750-r03:017768.449: log(norms):     [1023.47, 1026.22, 1028.16, 1028.21, 1028.25, 1028.3, 1028.2, 1028.28, 1028.22, 1028.23]
exp012-n1024-k08-d180-bs60-f1.750-r03:017768.468: (1008 sec)
exp012-n1024-k08-d180-bs60-f1.750-r03:017768.468: Loop 22/100
exp012-n1024-k08-d180-bs60-f1.750-r03:018782.892: log(exp-norms): [1023.47, 1025.43, 1026.94]
exp012-n1024-k08-d180-bs60-f1.750-r03:018782.893: log(norms):     [1023.47, 1026.22, 1028.16, 1028.21, 1028.25, 1028.3, 1028.2, 1028.37, 1028.23, 1028.37]
exp012-n1024-k08-d180-bs60-f1.750-r03:018782.912: (1015 sec)
exp012-n1024-k08-d180-bs60-f1.750-r03:018782.912: Loop 23/100
exp012-n1024-k08-d180-bs60-f1.750-r03:019761.079: log(exp-norms): [1023.47, 1025.43, 1026.94]
exp012-n1024-k08-d180-bs60-f1.750-r03:019761.081: log(norms):     [1023.47, 1026.22, 1028.16, 1028.21, 1028.25, 1028.3, 1028.2, 1028.41, 1028.49, 1028.37]
exp012-n1024-k08-d180-bs60-f1.750-r03:019761.099: (979 sec)
exp012-n1024-k08-d180-bs60-f1.750-r03:019761.100: Loop 24/100
exp012-n1024-k08-d180-bs60-f1.750-r03:020615.070: log(exp-norms): [1023.47, 1025.43, 1026.94]
exp012-n1024-k08-d180-bs60-f1.750-r03:020615.071: log(norms):     [1023.47, 1026.22, 1028.16, 1028.21, 1028.25, 1028.3, 1028.2, 1028.41, 1028.49, 1028.36]
exp012-n1024-k08-d180-bs60-f1.750-r03:020615.100: (855 sec)
exp012-n1024-k08-d180-bs60-f1.750-r03:020615.101: Loop 25/100
exp012-n1024-k08-d180-bs60-f1.750-r03:021385.881: log(exp-norms): [1023.47, 1025.43, 1026.94]
exp012-n1024-k08-d180-bs60-f1.750-r03:021385.882: log(norms):     [1023.47, 1026.22, 1028.16, 1028.21, 1028.25, 1028.3, 1028.2, 1028.41, 1028.49, 1028.36]
exp012-n1024-k08-d180-bs60-f1.750-r03:021385.900: (771 sec)
exp012-n1024-k08-d180-bs60-f1.750-r03:021385.900: Loop 26/100
exp012-n1024-k08-d180-bs60-f1.750-r03:022071.621: log(exp-norms): [1023.47, 1025.43, 1026.94]
exp012-n1024-k08-d180-bs60-f1.750-r03:022071.621: log(norms):     [1023.47, 1026.22, 1028.16, 1028.21, 1028.25, 1028.3, 1028.2, 1028.41, 1028.49, 1028.36]
exp012-n1024-k08-d180-bs60-f1.750-r03:022071.639: (686 sec)
exp012-n1024-k08-d180-bs60-f1.750-r03:022071.640: Loop 27/100
exp012-n1024-k08-d180-bs60-f1.750-r03:022736.431: log(exp-norms): [1023.47, 1025.43, 1026.94]
exp012-n1024-k08-d180-bs60-f1.750-r03:022736.431: log(norms):     [1023.47, 1026.22, 1028.16, 1028.21, 1028.25, 1028.3, 1028.2, 1028.41, 1028.49, 1028.49]
exp012-n1024-k08-d180-bs60-f1.750-r03:022736.449: (665 sec)
exp012-n1024-k08-d180-bs60-f1.750-r03:022736.450: Loop 28/100
exp012-n1024-k08-d180-bs60-f1.750-r03:023463.678: log(exp-norms): [1023.47, 1025.43, 1026.94]
exp012-n1024-k08-d180-bs60-f1.750-r03:023463.678: log(norms):     [1023.47, 1026.22, 1028.16, 1028.21, 1028.25, 1028.3, 1028.2, 1028.41, 1028.49, 1028.49]
exp012-n1024-k08-d180-bs60-f1.750-r03:023463.698: (728 sec)
exp012-n1024-k08-d180-bs60-f1.750-r03:023463.698: Loop 29/100
exp012-n1024-k08-d180-bs60-f1.750-r03:024199.021: log(exp-norms): [1023.47, 1025.43, 1026.94]
exp012-n1024-k08-d180-bs60-f1.750-r03:024199.022: log(norms):     [1023.47, 1026.22, 1028.16, 1028.21, 1028.25, 1028.3, 1028.2, 1028.41, 1028.49, 1028.49]
exp012-n1024-k08-d180-bs60-f1.750-r03:024199.040: (736 sec)
exp012-n1024-k08-d180-bs60-f1.750-r03:024199.041: Loop 30/100
exp012-n1024-k08-d180-bs60-f1.750-r03:024824.975: log(exp-norms): [1023.47, 1025.43, 1026.94]
exp012-n1024-k08-d180-bs60-f1.750-r03:024824.976: log(norms):     [1023.47, 1026.22, 1028.16, 1028.21, 1028.25, 1028.3, 1028.2, 1028.32, 1028.41, 1028.49]
exp012-n1024-k08-d180-bs60-f1.750-r03:024824.993: (626 sec)
exp012-n1024-k08-d180-bs60-f1.750-r03:024824.993: Loop 31/100
exp012-n1024-k08-d180-bs60-f1.750-r03:025456.016: log(exp-norms): [1023.47, 1025.43, 1026.94]
exp012-n1024-k08-d180-bs60-f1.750-r03:025456.017: log(norms):     [1023.47, 1026.22, 1028.16, 1028.21, 1028.25, 1028.3, 1028.2, 1028.32, 1028.41, 1028.49]
exp012-n1024-k08-d180-bs60-f1.750-r03:025456.035: (632 sec)
exp012-n1024-k08-d180-bs60-f1.750-r03:025456.035: Loop 32/100
exp012-n1024-k08-d180-bs60-f1.750-r03:026105.177: log(exp-norms): [1023.47, 1025.43, 1026.94]
exp012-n1024-k08-d180-bs60-f1.750-r03:026105.177: log(norms):     [1023.47, 1026.22, 1028.16, 1028.21, 1028.25, 1028.3, 1028.2, 1028.33, 1028.32, 1028.36]
exp012-n1024-k08-d180-bs60-f1.750-r03:026105.195: (650 sec)
exp012-n1024-k08-d180-bs60-f1.750-r03:026105.195: Loop 33/100
exp012-n1024-k08-d180-bs60-f1.750-r03:026728.885: log(exp-norms): [1023.47, 1025.43, 1026.94]
exp012-n1024-k08-d180-bs60-f1.750-r03:026728.886: log(norms):     [1023.47, 1026.22, 1028.16, 1028.21, 1028.25, 1028.3, 1028.2, 1028.33, 1028.32, 1028.36]
exp012-n1024-k08-d180-bs60-f1.750-r03:026728.906: (624 sec)
exp012-n1024-k08-d180-bs60-f1.750-r03:026728.906: Loop 34/100
exp012-n1024-k08-d180-bs60-f1.750-r03:027354.334: log(exp-norms): [1023.47, 1025.43, 1026.94]
exp012-n1024-k08-d180-bs60-f1.750-r03:027354.335: log(norms):     [1023.47, 1026.22, 1028.16, 1028.21, 1028.25, 1028.3, 1028.2, 1028.33, 1028.32, 1028.36]
exp012-n1024-k08-d180-bs60-f1.750-r03:027354.352: (626 sec)
exp012-n1024-k08-d180-bs60-f1.750-r03:027354.352: Loop 35/100
exp012-n1024-k08-d180-bs60-f1.750-r03:027977.509: log(exp-norms): [1023.47, 1025.43, 1026.94]
exp012-n1024-k08-d180-bs60-f1.750-r03:027977.510: log(norms):     [1023.47, 1026.22, 1028.16, 1028.21, 1028.25, 1028.3, 1028.2, 1028.33, 1028.32, 1028.36]
exp012-n1024-k08-d180-bs60-f1.750-r03:027977.527: (624 sec)
exp012-n1024-k08-d180-bs60-f1.750-r03:027977.527: Loop 36/100
exp012-n1024-k08-d180-bs60-f1.750-r03:028553.106: log(exp-norms): [1023.47, 1025.43, 1026.94]
exp012-n1024-k08-d180-bs60-f1.750-r03:028553.107: log(norms):     [1023.47, 1026.22, 1028.16, 1028.21, 1028.25, 1028.3, 1028.2, 1028.33, 1028.32, 1028.36]
exp012-n1024-k08-d180-bs60-f1.750-r03:028553.124: (576 sec)
exp012-n1024-k08-d180-bs60-f1.750-r03:028553.124: Loop 37/100
exp012-n1024-k08-d180-bs60-f1.750-r03:029162.488: log(exp-norms): [1023.47, 1025.43, 1026.94]
exp012-n1024-k08-d180-bs60-f1.750-r03:029162.488: log(norms):     [1023.47, 1026.22, 1028.16, 1028.21, 1028.25, 1028.3, 1028.2, 1028.33, 1028.32, 1028.36]
exp012-n1024-k08-d180-bs60-f1.750-r03:029162.505: (610 sec)
exp012-n1024-k08-d180-bs60-f1.750-r03:029162.506: Loop 38/100
exp012-n1024-k08-d180-bs60-f1.750-r03:029781.608: log(exp-norms): [1023.47, 1025.43, 1026.94]
exp012-n1024-k08-d180-bs60-f1.750-r03:029781.609: log(norms):     [1023.47, 1026.22, 1028.16, 1028.21, 1028.25, 1028.3, 1028.2, 1028.33, 1028.32, 1028.36]
exp012-n1024-k08-d180-bs60-f1.750-r03:029781.626: (620 sec)
exp012-n1024-k08-d180-bs60-f1.750-r03:029781.626: Loop 39/100
exp012-n1024-k08-d180-bs60-f1.750-r03:030426.139: log(exp-norms): [1023.47, 1025.43, 1026.94]
exp012-n1024-k08-d180-bs60-f1.750-r03:030426.140: log(norms):     [1023.47, 1026.22, 1028.16, 1028.21, 1028.25, 1028.25, 1028.23, 1028.3, 1028.2, 1028.45]
exp012-n1024-k08-d180-bs60-f1.750-r03:030426.157: (645 sec)
exp012-n1024-k08-d180-bs60-f1.750-r03:030426.157: Loop 40/100
exp012-n1024-k08-d180-bs60-f1.750-r03:031066.297: log(exp-norms): [1023.47, 1025.43, 1026.94]
exp012-n1024-k08-d180-bs60-f1.750-r03:031066.298: log(norms):     [1023.47, 1026.22, 1028.16, 1028.21, 1028.25, 1028.25, 1028.26, 1028.4, 1028.45, 1028.3]
exp012-n1024-k08-d180-bs60-f1.750-r03:031066.317: (641 sec)
exp012-n1024-k08-d180-bs60-f1.750-r03:031066.317: Loop 41/100
exp012-n1024-k08-d180-bs60-f1.750-r03:031723.697: log(exp-norms): [1023.47, 1025.43, 1026.94]
exp012-n1024-k08-d180-bs60-f1.750-r03:031723.698: log(norms):     [1023.47, 1026.22, 1028.16, 1028.21, 1028.25, 1028.25, 1028.26, 1028.4, 1028.45, 1028.3]
exp012-n1024-k08-d180-bs60-f1.750-r03:031723.715: (658 sec)
exp012-n1024-k08-d180-bs60-f1.750-r03:031723.715: Loop 42/100
exp012-n1024-k08-d180-bs60-f1.750-r03:032368.792: log(exp-norms): [1023.47, 1025.43, 1026.94]
exp012-n1024-k08-d180-bs60-f1.750-r03:032368.792: log(norms):     [1023.47, 1026.22, 1028.16, 1028.21, 1028.25, 1028.25, 1028.26, 1028.4, 1028.41, 1028.45]
exp012-n1024-k08-d180-bs60-f1.750-r03:032368.810: (646 sec)
exp012-n1024-k08-d180-bs60-f1.750-r03:032368.811: Loop 43/100
exp012-n1024-k08-d180-bs60-f1.750-r03:033012.998: log(exp-norms): [1023.47, 1025.43, 1026.94]
exp012-n1024-k08-d180-bs60-f1.750-r03:033012.999: log(norms):     [1023.47, 1026.22, 1028.16, 1028.21, 1028.25, 1028.25, 1028.26, 1028.4, 1028.41, 1028.45]
exp012-n1024-k08-d180-bs60-f1.750-r03:033013.017: (645 sec)
exp012-n1024-k08-d180-bs60-f1.750-r03:033013.017: Loop 44/100
exp012-n1024-k08-d180-bs60-f1.750-r03:033672.520: log(exp-norms): [1023.47, 1025.43, 1026.94]
exp012-n1024-k08-d180-bs60-f1.750-r03:033672.521: log(norms):     [1023.47, 1026.22, 1028.16, 1028.21, 1028.25, 1028.25, 1028.26, 1028.4, 1028.41, 1028.45]
exp012-n1024-k08-d180-bs60-f1.750-r03:033672.538: (660 sec)
exp012-n1024-k08-d180-bs60-f1.750-r03:033672.538: Loop 45/100
exp012-n1024-k08-d180-bs60-f1.750-r03:034333.612: log(exp-norms): [1023.47, 1025.43, 1026.94]
exp012-n1024-k08-d180-bs60-f1.750-r03:034333.613: log(norms):     [1023.47, 1026.22, 1028.11, 1028.16, 1028.21, 1028.25, 1028.38, 1028.42, 1028.36, 1028.43]
exp012-n1024-k08-d180-bs60-f1.750-r03:034333.629: (662 sec)
exp012-n1024-k08-d180-bs60-f1.750-r03:034333.630: Loop 46/100
exp012-n1024-k08-d180-bs60-f1.750-r03:034991.540: log(exp-norms): [1023.47, 1025.43, 1026.94]
exp012-n1024-k08-d180-bs60-f1.750-r03:034991.541: log(norms):     [1023.47, 1026.22, 1028.11, 1028.16, 1028.21, 1028.25, 1028.38, 1028.42, 1028.36, 1028.26]
exp012-n1024-k08-d180-bs60-f1.750-r03:034991.558: (658 sec)
exp012-n1024-k08-d180-bs60-f1.750-r03:034991.558: Loop 47/100
exp012-n1024-k08-d180-bs60-f1.750-r03:035633.334: log(exp-norms): [1023.47, 1025.43, 1026.94]
exp012-n1024-k08-d180-bs60-f1.750-r03:035633.335: log(norms):     [1023.47, 1026.22, 1028.11, 1028.16, 1028.21, 1028.25, 1028.38, 1028.48, 1028.26, 1028.42]
exp012-n1024-k08-d180-bs60-f1.750-r03:035633.352: (642 sec)
exp012-n1024-k08-d180-bs60-f1.750-r03:035633.352: Loop 48/100
exp012-n1024-k08-d180-bs60-f1.750-r03:036281.597: log(exp-norms): [1023.47, 1025.43, 1026.94]
exp012-n1024-k08-d180-bs60-f1.750-r03:036281.598: log(norms):     [1023.47, 1026.22, 1028.11, 1028.16, 1028.21, 1028.25, 1028.38, 1028.39, 1028.42, 1028.4]
exp012-n1024-k08-d180-bs60-f1.750-r03:036281.615: (649 sec)
exp012-n1024-k08-d180-bs60-f1.750-r03:036281.615: Loop 49/100
exp012-n1024-k08-d180-bs60-f1.750-r03:036930.040: log(exp-norms): [1023.47, 1025.43, 1026.94]
exp012-n1024-k08-d180-bs60-f1.750-r03:036930.041: log(norms):     [1023.47, 1026.22, 1028.11, 1028.16, 1028.21, 1028.25, 1028.38, 1028.39, 1028.42, 1028.4]
exp012-n1024-k08-d180-bs60-f1.750-r03:036930.058: (649 sec)
exp012-n1024-k08-d180-bs60-f1.750-r03:036930.058: Loop 50/100
exp012-n1024-k08-d180-bs60-f1.750-r03:037573.167: log(exp-norms): [1023.47, 1025.43, 1026.94]
exp012-n1024-k08-d180-bs60-f1.750-r03:037573.168: log(norms):     [1023.47, 1026.22, 1028.11, 1028.16, 1028.21, 1028.25, 1028.38, 1028.39, 1028.42, 1028.4]
exp012-n1024-k08-d180-bs60-f1.750-r03:037573.188: (644 sec)
exp012-n1024-k08-d180-bs60-f1.750-r03:037573.188: Loop 51/100
exp012-n1024-k08-d180-bs60-f1.750-r03:038230.369: log(exp-norms): [1023.47, 1025.43, 1026.94]
exp012-n1024-k08-d180-bs60-f1.750-r03:038230.370: log(norms):     [1023.47, 1026.22, 1028.11, 1028.16, 1028.21, 1028.15, 1028.22, 1028.25, 1028.38, 1028.39]
exp012-n1024-k08-d180-bs60-f1.750-r03:038230.388: (658 sec)
exp012-n1024-k08-d180-bs60-f1.750-r03:038230.388: Loop 52/100
exp012-n1024-k08-d180-bs60-f1.750-r03:038886.626: log(exp-norms): [1023.47, 1025.43, 1026.94]
exp012-n1024-k08-d180-bs60-f1.750-r03:038886.627: log(norms):     [1023.47, 1026.22, 1028.11, 1028.16, 1028.21, 1028.15, 1028.22, 1028.25, 1028.38, 1028.39]
exp012-n1024-k08-d180-bs60-f1.750-r03:038886.644: (657 sec)
exp012-n1024-k08-d180-bs60-f1.750-r03:038886.644: Loop 53/100
exp012-n1024-k08-d180-bs60-f1.750-r03:039536.873: log(exp-norms): [1023.47, 1025.43, 1026.94]
exp012-n1024-k08-d180-bs60-f1.750-r03:039536.874: log(norms):     [1023.47, 1026.22, 1028.11, 1028.16, 1028.21, 1028.15, 1028.22, 1028.25, 1028.38, 1028.39]
exp012-n1024-k08-d180-bs60-f1.750-r03:039536.892: (651 sec)
exp012-n1024-k08-d180-bs60-f1.750-r03:039536.892: Loop 54/100
exp012-n1024-k08-d180-bs60-f1.750-r03:040155.766: log(exp-norms): [1023.47, 1025.43, 1026.94]
exp012-n1024-k08-d180-bs60-f1.750-r03:040155.767: log(norms):     [1023.47, 1026.22, 1028.11, 1028.16, 1028.21, 1028.15, 1028.22, 1028.25, 1028.38, 1028.39]
exp012-n1024-k08-d180-bs60-f1.750-r03:040155.784: (619 sec)
exp012-n1024-k08-d180-bs60-f1.750-r03:040155.785: Loop 55/100
exp012-n1024-k08-d180-bs60-f1.750-r03:040804.258: log(exp-norms): [1023.47, 1025.43, 1026.94]
exp012-n1024-k08-d180-bs60-f1.750-r03:040804.259: log(norms):     [1023.47, 1026.22, 1028.1, 1028.11, 1028.16, 1028.21, 1028.15, 1028.22, 1028.45, 1028.25]
exp012-n1024-k08-d180-bs60-f1.750-r03:040804.277: (649 sec)
exp012-n1024-k08-d180-bs60-f1.750-r03:040804.277: Loop 56/100
exp012-n1024-k08-d180-bs60-f1.750-r03:041459.822: log(exp-norms): [1023.47, 1025.43, 1026.94]
exp012-n1024-k08-d180-bs60-f1.750-r03:041459.823: log(norms):     [1023.47, 1026.22, 1028.1, 1028.11, 1028.16, 1028.21, 1028.15, 1028.22, 1028.45, 1028.25]
exp012-n1024-k08-d180-bs60-f1.750-r03:041459.841: (656 sec)
exp012-n1024-k08-d180-bs60-f1.750-r03:041459.842: Loop 57/100
exp012-n1024-k08-d180-bs60-f1.750-r03:042095.641: log(exp-norms): [1023.47, 1025.43, 1026.94]
exp012-n1024-k08-d180-bs60-f1.750-r03:042095.642: log(norms):     [1023.47, 1026.22, 1028.1, 1028.11, 1028.16, 1028.21, 1028.15, 1028.3, 1028.44, 1028.46]
exp012-n1024-k08-d180-bs60-f1.750-r03:042095.658: (636 sec)
exp012-n1024-k08-d180-bs60-f1.750-r03:042095.659: Loop 58/100
exp012-n1024-k08-d180-bs60-f1.750-r03:042728.621: log(exp-norms): [1023.47, 1025.43, 1026.94]
exp012-n1024-k08-d180-bs60-f1.750-r03:042728.621: log(norms):     [1023.47, 1026.22, 1028.1, 1028.11, 1028.16, 1028.21, 1028.15, 1028.3, 1028.43, 1028.22]
exp012-n1024-k08-d180-bs60-f1.750-r03:042728.641: (633 sec)
exp012-n1024-k08-d180-bs60-f1.750-r03:042728.642: Loop 59/100
exp012-n1024-k08-d180-bs60-f1.750-r03:043386.701: log(exp-norms): [1023.47, 1025.43, 1026.94]
exp012-n1024-k08-d180-bs60-f1.750-r03:043386.702: log(norms):     [1023.47, 1026.22, 1028.1, 1028.11, 1028.16, 1028.21, 1028.15, 1028.3, 1028.43, 1028.5]
exp012-n1024-k08-d180-bs60-f1.750-r03:043386.719: (659 sec)
exp012-n1024-k08-d180-bs60-f1.750-r03:043386.719: Loop 60/100
exp012-n1024-k08-d180-bs60-f1.750-r03:044054.283: log(exp-norms): [1023.47, 1025.43, 1026.94]
exp012-n1024-k08-d180-bs60-f1.750-r03:044054.283: log(norms):     [1023.47, 1026.22, 1028.1, 1028.11, 1028.16, 1028.21, 1028.15, 1028.3, 1028.25, 1028.43]
exp012-n1024-k08-d180-bs60-f1.750-r03:044054.302: (668 sec)
exp012-n1024-k08-d180-bs60-f1.750-r03:044054.302: Loop 61/100
exp012-n1024-k08-d180-bs60-f1.750-r03:044707.288: log(exp-norms): [1023.47, 1025.43, 1026.94]
exp012-n1024-k08-d180-bs60-f1.750-r03:044707.290: log(norms):     [1023.47, 1026.22, 1028.1, 1028.11, 1028.16, 1028.25, 1028.21, 1028.15, 1028.3, 1028.43]
exp012-n1024-k08-d180-bs60-f1.750-r03:044707.307: (654 sec)
exp012-n1024-k08-d180-bs60-f1.750-r03:044707.307: Loop 62/100
exp012-n1024-k08-d180-bs60-f1.750-r03:045362.294: log(exp-norms): [1023.47, 1025.43, 1026.94]
exp012-n1024-k08-d180-bs60-f1.750-r03:045362.294: log(norms):     [1023.47, 1026.22, 1028.1, 1028.11, 1028.16, 1028.25, 1028.17, 1028.21, 1028.15, 1028.3]
exp012-n1024-k08-d180-bs60-f1.750-r03:045362.312: (656 sec)
exp012-n1024-k08-d180-bs60-f1.750-r03:045362.312: Loop 63/100
exp012-n1024-k08-d180-bs60-f1.750-r03:046013.444: log(exp-norms): [1023.47, 1025.43, 1026.94]
exp012-n1024-k08-d180-bs60-f1.750-r03:046013.444: log(norms):     [1023.47, 1026.22, 1028.1, 1028.11, 1028.16, 1028.25, 1028.17, 1028.21, 1028.2, 1028.49]
exp012-n1024-k08-d180-bs60-f1.750-r03:046013.461: (652 sec)
exp012-n1024-k08-d180-bs60-f1.750-r03:046013.462: Loop 64/100
exp012-n1024-k08-d180-bs60-f1.750-r03:046676.155: log(exp-norms): [1023.47, 1025.43, 1026.94]
exp012-n1024-k08-d180-bs60-f1.750-r03:046676.155: log(norms):     [1023.47, 1026.22, 1028.1, 1028.11, 1028.16, 1028.25, 1028.17, 1028.21, 1028.2, 1028.49]
exp012-n1024-k08-d180-bs60-f1.750-r03:046676.173: (663 sec)
exp012-n1024-k08-d180-bs60-f1.750-r03:046676.173: Loop 65/100
exp012-n1024-k08-d180-bs60-f1.750-r03:047318.851: log(exp-norms): [1023.47, 1025.43, 1026.94]
exp012-n1024-k08-d180-bs60-f1.750-r03:047318.852: log(norms):     [1023.47, 1026.22, 1028.1, 1028.11, 1028.16, 1028.25, 1028.17, 1028.3, 1028.21, 1028.1]
exp012-n1024-k08-d180-bs60-f1.750-r03:047318.871: (643 sec)
exp012-n1024-k08-d180-bs60-f1.750-r03:047318.871: Loop 66/100
exp012-n1024-k08-d180-bs60-f1.750-r03:047958.365: log(exp-norms): [1023.47, 1025.43, 1026.94]
exp012-n1024-k08-d180-bs60-f1.750-r03:047958.366: log(norms):     [1023.47, 1026.22, 1028.1, 1028.11, 1028.16, 1028.25, 1028.17, 1028.3, 1028.21, 1028.1]
exp012-n1024-k08-d180-bs60-f1.750-r03:047958.383: (640 sec)
exp012-n1024-k08-d180-bs60-f1.750-r03:047958.383: Loop 67/100
exp012-n1024-k08-d180-bs60-f1.750-r03:048708.945: log(exp-norms): [1023.47, 1025.43, 1026.94]
exp012-n1024-k08-d180-bs60-f1.750-r03:048708.945: log(norms):     [1023.47, 1026.22, 1028.1, 1028.11, 1028.16, 1028.25, 1028.17, 1028.3, 1028.21, 1028.37]
exp012-n1024-k08-d180-bs60-f1.750-r03:048708.964: (751 sec)
exp012-n1024-k08-d180-bs60-f1.750-r03:048708.964: Loop 68/100
exp012-n1024-k08-d180-bs60-f1.750-r03:049409.305: log(exp-norms): [1023.47, 1025.43, 1026.94]
exp012-n1024-k08-d180-bs60-f1.750-r03:049409.306: log(norms):     [1023.47, 1026.22, 1028.1, 1028.11, 1028.16, 1028.25, 1028.17, 1028.3, 1028.21, 1028.37]
exp012-n1024-k08-d180-bs60-f1.750-r03:049409.325: (701 sec)
exp012-n1024-k08-d180-bs60-f1.750-r03:049409.326: Loop 69/100
exp012-n1024-k08-d180-bs60-f1.750-r03:050066.604: log(exp-norms): [1023.47, 1025.43, 1026.94]
exp012-n1024-k08-d180-bs60-f1.750-r03:050066.606: log(norms):     [1023.47, 1026.22, 1028.1, 1028.11, 1028.16, 1028.25, 1028.17, 1028.3, 1028.21, 1028.37]
exp012-n1024-k08-d180-bs60-f1.750-r03:050066.624: (658 sec)
exp012-n1024-k08-d180-bs60-f1.750-r03:050066.624: Loop 70/100
exp012-n1024-k08-d180-bs60-f1.750-r03:050745.127: log(exp-norms): [1023.47, 1025.43, 1026.94]
exp012-n1024-k08-d180-bs60-f1.750-r03:050745.127: log(norms):     [1023.47, 1026.22, 1028.1, 1028.11, 1028.16, 1028.25, 1028.17, 1028.3, 1028.22, 1028.1]
exp012-n1024-k08-d180-bs60-f1.750-r03:050745.146: (679 sec)
exp012-n1024-k08-d180-bs60-f1.750-r03:050745.146: Loop 71/100
exp012-n1024-k08-d180-bs60-f1.750-r03:051425.456: log(exp-norms): [1023.47, 1025.43, 1026.94]
exp012-n1024-k08-d180-bs60-f1.750-r03:051425.457: log(norms):     [1023.47, 1026.22, 1028.1, 1028.11, 1028.16, 1028.25, 1028.26, 1028.17, 1028.3, 1028.22]
exp012-n1024-k08-d180-bs60-f1.750-r03:051425.475: (681 sec)
exp012-n1024-k08-d180-bs60-f1.750-r03:051425.475: Loop 72/100
exp012-n1024-k08-d180-bs60-f1.750-r03:052143.301: log(exp-norms): [1023.47, 1025.43, 1026.94]
exp012-n1024-k08-d180-bs60-f1.750-r03:052143.302: log(norms):     [1023.47, 1026.22, 1028.1, 1028.11, 1028.16, 1028.25, 1028.26, 1028.17, 1028.3, 1028.22]
exp012-n1024-k08-d180-bs60-f1.750-r03:052143.321: (718 sec)
exp012-n1024-k08-d180-bs60-f1.750-r03:052143.321: Loop 73/100
exp012-n1024-k08-d180-bs60-f1.750-r03:052848.189: log(exp-norms): [1023.47, 1025.43, 1026.94]
exp012-n1024-k08-d180-bs60-f1.750-r03:052848.190: log(norms):     [1023.47, 1026.22, 1028.1, 1028.11, 1028.16, 1028.25, 1028.26, 1028.17, 1028.3, 1028.22]
exp012-n1024-k08-d180-bs60-f1.750-r03:052848.213: (705 sec)
exp012-n1024-k08-d180-bs60-f1.750-r03:052848.213: Loop 74/100
exp012-n1024-k08-d180-bs60-f1.750-r03:053549.353: log(exp-norms): [1023.47, 1025.43, 1026.94]
exp012-n1024-k08-d180-bs60-f1.750-r03:053549.353: log(norms):     [1023.47, 1026.22, 1028.1, 1028.11, 1028.16, 1028.25, 1028.26, 1028.17, 1028.3, 1028.22]
exp012-n1024-k08-d180-bs60-f1.750-r03:053549.372: (702 sec)
exp012-n1024-k08-d180-bs60-f1.750-r03:053549.372: Loop 75/100
exp012-n1024-k08-d180-bs60-f1.750-r03:054245.983: log(exp-norms): [1023.47, 1025.43, 1026.94]
exp012-n1024-k08-d180-bs60-f1.750-r03:054245.983: log(norms):     [1023.47, 1026.22, 1028.1, 1028.11, 1028.16, 1028.25, 1028.26, 1028.17, 1028.3, 1028.22]
exp012-n1024-k08-d180-bs60-f1.750-r03:054246.002: (697 sec)
exp012-n1024-k08-d180-bs60-f1.750-r03:054246.002: Loop 76/100
exp012-n1024-k08-d180-bs60-f1.750-r03:054907.091: log(exp-norms): [1023.47, 1025.43, 1026.94]
exp012-n1024-k08-d180-bs60-f1.750-r03:054907.091: log(norms):     [1023.47, 1026.22, 1028.1, 1028.11, 1028.16, 1028.25, 1028.26, 1028.17, 1028.3, 1028.22]
exp012-n1024-k08-d180-bs60-f1.750-r03:054907.110: (662 sec)
exp012-n1024-k08-d180-bs60-f1.750-r03:054907.111: Loop 77/100
exp012-n1024-k08-d180-bs60-f1.750-r03:055585.045: log(exp-norms): [1023.47, 1025.43, 1026.94]
exp012-n1024-k08-d180-bs60-f1.750-r03:055585.046: log(norms):     [1023.47, 1026.22, 1028.1, 1028.11, 1028.16, 1028.25, 1028.26, 1028.17, 1028.3, 1028.22]
exp012-n1024-k08-d180-bs60-f1.750-r03:055585.065: (678 sec)
exp012-n1024-k08-d180-bs60-f1.750-r03:055585.065: Loop 78/100
exp012-n1024-k08-d180-bs60-f1.750-r03:056272.745: log(exp-norms): [1023.47, 1025.43, 1026.94]
exp012-n1024-k08-d180-bs60-f1.750-r03:056272.745: log(norms):     [1023.47, 1026.22, 1028.1, 1028.11, 1028.16, 1028.25, 1028.26, 1028.17, 1028.3, 1028.22]
exp012-n1024-k08-d180-bs60-f1.750-r03:056272.764: (688 sec)
exp012-n1024-k08-d180-bs60-f1.750-r03:056272.765: Loop 79/100
exp012-n1024-k08-d180-bs60-f1.750-r03:056971.555: log(exp-norms): [1023.47, 1025.43, 1026.94]
exp012-n1024-k08-d180-bs60-f1.750-r03:056971.555: log(norms):     [1023.47, 1026.22, 1028.1, 1028.11, 1028.16, 1028.25, 1028.26, 1028.17, 1028.3, 1028.22]
exp012-n1024-k08-d180-bs60-f1.750-r03:056971.573: (699 sec)
exp012-n1024-k08-d180-bs60-f1.750-r03:056971.574: Loop 80/100
exp012-n1024-k08-d180-bs60-f1.750-r03:057681.442: log(exp-norms): [1023.47, 1025.43, 1026.94]
exp012-n1024-k08-d180-bs60-f1.750-r03:057681.442: log(norms):     [1023.47, 1026.22, 1028.08, 1028.1, 1028.11, 1028.16, 1028.24, 1028.26, 1028.25, 1028.17]
exp012-n1024-k08-d180-bs60-f1.750-r03:057681.461: (710 sec)
exp012-n1024-k08-d180-bs60-f1.750-r03:057681.461: Loop 81/100
exp012-n1024-k08-d180-bs60-f1.750-r03:058400.760: log(exp-norms): [1023.47, 1025.43, 1026.94]
exp012-n1024-k08-d180-bs60-f1.750-r03:058400.761: log(norms):     [1023.47, 1026.22, 1028.08, 1028.1, 1028.11, 1028.16, 1028.24, 1028.26, 1028.25, 1028.35]
exp012-n1024-k08-d180-bs60-f1.750-r03:058400.779: (720 sec)
exp012-n1024-k08-d180-bs60-f1.750-r03:058400.779: Loop 82/100
exp012-n1024-k08-d180-bs60-f1.750-r03:059085.187: log(exp-norms): [1023.47, 1025.43, 1026.94]
exp012-n1024-k08-d180-bs60-f1.750-r03:059085.188: log(norms):     [1023.47, 1026.22, 1028.08, 1028.1, 1028.11, 1028.16, 1028.24, 1028.26, 1028.39, 1028.25]
exp012-n1024-k08-d180-bs60-f1.750-r03:059085.206: (685 sec)
exp012-n1024-k08-d180-bs60-f1.750-r03:059085.207: Loop 83/100
exp012-n1024-k08-d180-bs60-f1.750-r03:059743.559: log(exp-norms): [1023.47, 1025.43, 1026.94]
exp012-n1024-k08-d180-bs60-f1.750-r03:059743.560: log(norms):     [1023.47, 1026.22, 1028.08, 1028.1, 1028.11, 1028.16, 1028.24, 1028.26, 1028.39, 1028.25]
exp012-n1024-k08-d180-bs60-f1.750-r03:059743.578: (659 sec)
exp012-n1024-k08-d180-bs60-f1.750-r03:059743.578: Loop 84/100
exp012-n1024-k08-d180-bs60-f1.750-r03:060391.700: log(exp-norms): [1023.47, 1025.43, 1026.94]
exp012-n1024-k08-d180-bs60-f1.750-r03:060391.700: log(norms):     [1023.47, 1026.22, 1028.08, 1028.1, 1028.11, 1028.16, 1028.24, 1028.26, 1028.39, 1028.25]
exp012-n1024-k08-d180-bs60-f1.750-r03:060391.719: (649 sec)
exp012-n1024-k08-d180-bs60-f1.750-r03:060391.719: Loop 85/100
exp012-n1024-k08-d180-bs60-f1.750-r03:061074.250: log(exp-norms): [1023.47, 1025.43, 1026.94]
exp012-n1024-k08-d180-bs60-f1.750-r03:061074.251: log(norms):     [1023.47, 1026.22, 1028.08, 1028.1, 1028.11, 1028.16, 1028.24, 1028.26, 1028.39, 1028.25]
exp012-n1024-k08-d180-bs60-f1.750-r03:061074.269: (683 sec)
exp012-n1024-k08-d180-bs60-f1.750-r03:061074.270: Loop 86/100
exp012-n1024-k08-d180-bs60-f1.750-r03:061752.297: log(exp-norms): [1023.47, 1025.43, 1026.94]
exp012-n1024-k08-d180-bs60-f1.750-r03:061752.297: log(norms):     [1023.47, 1026.22, 1028.08, 1028.1, 1028.11, 1028.16, 1028.24, 1028.26, 1028.39, 1028.25]
exp012-n1024-k08-d180-bs60-f1.750-r03:061752.315: (679 sec)
exp012-n1024-k08-d180-bs60-f1.750-r03:061752.316: Loop 87/100
exp012-n1024-k08-d180-bs60-f1.750-r03:062439.341: log(exp-norms): [1023.47, 1025.43, 1026.94]
exp012-n1024-k08-d180-bs60-f1.750-r03:062439.342: log(norms):     [1023.47, 1026.22, 1028.08, 1028.1, 1028.11, 1028.16, 1028.24, 1028.26, 1028.39, 1028.25]
exp012-n1024-k08-d180-bs60-f1.750-r03:062439.360: (688 sec)
exp012-n1024-k08-d180-bs60-f1.750-r03:062439.360: Loop 88/100
exp012-n1024-k08-d180-bs60-f1.750-r03:063119.910: log(exp-norms): [1023.47, 1025.43, 1026.94]
exp012-n1024-k08-d180-bs60-f1.750-r03:063119.911: log(norms):     [1023.47, 1026.22, 1028.08, 1028.1, 1028.11, 1028.16, 1028.24, 1028.26, 1028.39, 1028.3]
exp012-n1024-k08-d180-bs60-f1.750-r03:063119.929: (681 sec)
exp012-n1024-k08-d180-bs60-f1.750-r03:063119.929: Loop 89/100
exp012-n1024-k08-d180-bs60-f1.750-r03:063841.081: log(exp-norms): [1023.47, 1025.43, 1026.94]
exp012-n1024-k08-d180-bs60-f1.750-r03:063841.081: log(norms):     [1023.47, 1026.22, 1028.08, 1028.1, 1028.21, 1028.24, 1028.11, 1028.3, 1028.16, 1028.26]
exp012-n1024-k08-d180-bs60-f1.750-r03:063841.100: (722 sec)
exp012-n1024-k08-d180-bs60-f1.750-r03:063841.100: Loop 90/100
exp012-n1024-k08-d180-bs60-f1.750-r03:064553.381: log(exp-norms): [1023.47, 1025.43, 1026.94]
exp012-n1024-k08-d180-bs60-f1.750-r03:064553.382: log(norms):     [1023.47, 1026.22, 1028.08, 1028.1, 1028.21, 1028.24, 1028.11, 1028.3, 1028.16, 1028.26]
exp012-n1024-k08-d180-bs60-f1.750-r03:064553.402: (713 sec)
exp012-n1024-k08-d180-bs60-f1.750-r03:064553.402: Loop 91/100
exp012-n1024-k08-d180-bs60-f1.750-r03:065268.460: log(exp-norms): [1023.47, 1025.43, 1026.94]
exp012-n1024-k08-d180-bs60-f1.750-r03:065268.461: log(norms):     [1023.47, 1026.22, 1028.08, 1028.1, 1028.21, 1028.24, 1028.11, 1028.3, 1028.16, 1028.26]
exp012-n1024-k08-d180-bs60-f1.750-r03:065268.479: (716 sec)
exp012-n1024-k08-d180-bs60-f1.750-r03:065268.479: Loop 92/100
exp012-n1024-k08-d180-bs60-f1.750-r03:065917.169: log(exp-norms): [1023.47, 1025.43, 1026.94]
exp012-n1024-k08-d180-bs60-f1.750-r03:065917.170: log(norms):     [1023.47, 1026.22, 1028.08, 1028.1, 1028.21, 1028.24, 1028.11, 1028.3, 1028.16, 1028.26]
exp012-n1024-k08-d180-bs60-f1.750-r03:065917.188: (649 sec)
exp012-n1024-k08-d180-bs60-f1.750-r03:065917.188: Loop 93/100
exp012-n1024-k08-d180-bs60-f1.750-r03:066575.665: log(exp-norms): [1023.47, 1025.43, 1026.94]
exp012-n1024-k08-d180-bs60-f1.750-r03:066575.666: log(norms):     [1023.47, 1026.22, 1028.08, 1028.1, 1028.21, 1028.24, 1028.11, 1028.3, 1028.16, 1028.26]
exp012-n1024-k08-d180-bs60-f1.750-r03:066575.684: (659 sec)
exp012-n1024-k08-d180-bs60-f1.750-r03:066575.685: Loop 94/100
exp012-n1024-k08-d180-bs60-f1.750-r03:067256.999: log(exp-norms): [1023.47, 1025.43, 1026.94]
exp012-n1024-k08-d180-bs60-f1.750-r03:067256.999: log(norms):     [1023.47, 1026.22, 1028.08, 1028.1, 1028.21, 1028.24, 1028.11, 1028.3, 1028.16, 1028.26]
exp012-n1024-k08-d180-bs60-f1.750-r03:067257.020: (682 sec)
exp012-n1024-k08-d180-bs60-f1.750-r03:067257.020: Loop 95/100
exp012-n1024-k08-d180-bs60-f1.750-r03:067910.830: log(exp-norms): [1023.47, 1025.43, 1026.94]
exp012-n1024-k08-d180-bs60-f1.750-r03:067910.830: log(norms):     [1023.47, 1026.22, 1028.08, 1028.1, 1028.21, 1028.24, 1028.11, 1028.3, 1028.16, 1028.25]
exp012-n1024-k08-d180-bs60-f1.750-r03:067910.849: (654 sec)
exp012-n1024-k08-d180-bs60-f1.750-r03:067910.849: Loop 96/100
exp012-n1024-k08-d180-bs60-f1.750-r03:068562.528: log(exp-norms): [1023.47, 1025.43, 1026.94]
exp012-n1024-k08-d180-bs60-f1.750-r03:068562.529: log(norms):     [1023.47, 1026.22, 1028.08, 1028.1, 1028.21, 1028.24, 1028.11, 1028.3, 1028.16, 1028.25]
exp012-n1024-k08-d180-bs60-f1.750-r03:068562.547: (652 sec)
exp012-n1024-k08-d180-bs60-f1.750-r03:068562.547: Loop 97/100
exp012-n1024-k08-d180-bs60-f1.750-r03:069246.064: log(exp-norms): [1023.47, 1025.43, 1026.94]
exp012-n1024-k08-d180-bs60-f1.750-r03:069246.064: log(norms):     [1023.47, 1026.22, 1028.08, 1028.1, 1028.21, 1028.24, 1028.11, 1028.3, 1028.16, 1028.25]
exp012-n1024-k08-d180-bs60-f1.750-r03:069246.082: (684 sec)
exp012-n1024-k08-d180-bs60-f1.750-r03:069246.083: Loop 98/100
exp012-n1024-k08-d180-bs60-f1.750-r03:069925.554: log(exp-norms): [1023.47, 1025.43, 1026.94]
exp012-n1024-k08-d180-bs60-f1.750-r03:069925.555: log(norms):     [1023.47, 1026.22, 1028.08, 1028.1, 1028.21, 1028.24, 1028.11, 1028.3, 1028.16, 1028.25]
exp012-n1024-k08-d180-bs60-f1.750-r03:069925.573: (680 sec)
exp012-n1024-k08-d180-bs60-f1.750-r03:069925.573: Loop 99/100
exp012-n1024-k08-d180-bs60-f1.750-r03:070595.310: log(exp-norms): [1023.47, 1025.43, 1026.94]
exp012-n1024-k08-d180-bs60-f1.750-r03:070595.310: log(norms):     [1023.47, 1026.22, 1028.08, 1028.1, 1028.21, 1028.24, 1028.11, 1028.3, 1028.16, 1028.25]
exp012-n1024-k08-d180-bs60-f1.750-r03:070595.328: (670 sec)
exp012-n1024-k08-d180-bs60-f1.750-r03:070595.329: Loop 100/100
exp012-n1024-k08-d180-bs60-f1.750-r03:071229.148: log(exp-norms): [1023.47, 1025.43, 1026.94]
exp012-n1024-k08-d180-bs60-f1.750-r03:071229.149: log(norms):     [1023.47, 1026.22, 1028.08, 1028.1, 1028.21, 1028.24, 1028.11, 1028.3, 1028.16, 1028.25]
exp012-n1024-k08-d180-bs60-f1.750-r03:071229.166: (634 sec)
exp012-n1024-k08-d180-bs60-f1.750-r03:071229.166: ==========================Summary===========================
exp012-n1024-k08-d180-bs60-f1.750-r03:071229.166: Total time: 71229sec
exp012-n1024-k08-d180-bs60-f1.750-r03:071229.166: FAIL
exp012-n1024-k08-d180-bs60-f1.750-r03:071229.167: SUMMARY:n:1024:k:8:d:180:bs:60:t:71229:r:False
