exp034-n1036-k08-d180-bs60-f1.750-r01:000000.243: ==========================Instance==========================
exp034-n1036-k08-d180-bs60-f1.750-r01:000000.243: # of equations: 180
exp034-n1036-k08-d180-bs60-f1.750-r01:000000.244: Gap: 3.88
exp034-n1036-k08-d180-bs60-f1.750-r01:000000.247: Tau: 4.61
exp034-n1036-k08-d180-bs60-f1.750-r01:000000.248: ======================BKZ-60 reduction======================
exp034-n1036-k08-d180-bs60-f1.750-r01:000002.696: Expectedly achievable log(norm): 1041.20
exp034-n1036-k08-d180-bs60-f1.750-r01:000005.634: log(exp-norms): [1036.0, 1037.96, 1039.92]
exp034-n1036-k08-d180-bs60-f1.750-r01:000005.634: log(norms):     [1046.85, 1038.75, 1044.0, 1044.0, 1044.0, 1044.0, 1044.0, 1044.0, 1044.0, 1044.0]
exp034-n1036-k08-d180-bs60-f1.750-r01:000005.692: Loop 1/100
exp034-n1036-k08-d180-bs60-f1.750-r01:001293.130: log(exp-norms): [1036.0, 1037.96, 1039.92]
exp034-n1036-k08-d180-bs60-f1.750-r01:001293.131: log(norms):     [1036.0, 1038.75, 1042.84, 1043.0, 1043.16, 1043.01, 1043.01, 1043.1, 1043.18, 1043.03]
exp034-n1036-k08-d180-bs60-f1.750-r01:001293.162: (1288 sec)
exp034-n1036-k08-d180-bs60-f1.750-r01:001293.162: Loop 2/100
exp034-n1036-k08-d180-bs60-f1.750-r01:002285.348: log(exp-norms): [1036.0, 1037.96, 1039.92]
exp034-n1036-k08-d180-bs60-f1.750-r01:002285.350: log(norms):     [1036.0, 1038.75, 1042.45, 1042.46, 1042.46, 1042.51, 1042.65, 1042.67, 1042.63, 1042.45]
exp034-n1036-k08-d180-bs60-f1.750-r01:002285.369: (993 sec)
exp034-n1036-k08-d180-bs60-f1.750-r01:002285.369: Loop 3/100
exp034-n1036-k08-d180-bs60-f1.750-r01:003251.683: log(exp-norms): [1036.0, 1037.96, 1039.92]
exp034-n1036-k08-d180-bs60-f1.750-r01:003251.684: log(norms):     [1036.0, 1038.75, 1041.99, 1042.0, 1042.06, 1041.98, 1042.11, 1042.05, 1042.14, 1042.05]
exp034-n1036-k08-d180-bs60-f1.750-r01:003251.715: (967 sec)
exp034-n1036-k08-d180-bs60-f1.750-r01:003251.716: Loop 4/100
exp034-n1036-k08-d180-bs60-f1.750-r01:004141.933: log(exp-norms): [1036.0, 1037.96, 1039.92]
exp034-n1036-k08-d180-bs60-f1.750-r01:004141.934: log(norms):     [1036.0, 1037.94, 1038.75, 1041.6, 1041.66, 1041.65, 1041.79, 1041.73, 1041.76, 1041.82]
exp034-n1036-k08-d180-bs60-f1.750-r01:004141.953: (891 sec)
exp034-n1036-k08-d180-bs60-f1.750-r01:004141.953: ==========================Summary===========================
exp034-n1036-k08-d180-bs60-f1.750-r01:004141.953: Total time: 4142sec
exp034-n1036-k08-d180-bs60-f1.750-r01:004141.953: SUCCESS
exp034-n1036-k08-d180-bs60-f1.750-r01:004141.953: HNP solution: 344904821120746228266612753649068804591071367502649158533317314641723545052879930423966618962280649876901290533765992405726814108695569993850119552576871873088739017613556150730200333913827403444445011808449266653030685522221166861718505740323320546701520317364821808207566390894669481380016192195446482960952076
exp034-n1036-k08-d180-bs60-f1.750-r01:004141.953: Shared secret: 344904821120746228266612753649068804591071367502649158533317314641723545052879930423966618962280649876901290533765992405726814108695569993850119552576871873088739017613556150730200333913827403444445011808449266653030685522221166861718505740323320546701520317364821808207566390894669481380016192195446482960952076
exp034-n1036-k08-d180-bs60-f1.750-r01:004141.953: SUMMARY:n:1036:k:8:d:180:bs:60:t:4142:r:True
