exp035-n1036-k08-d180-bs60-f1.750-r02:000000.213: ==========================Instance==========================
exp035-n1036-k08-d180-bs60-f1.750-r02:000000.213: # of equations: 180
exp035-n1036-k08-d180-bs60-f1.750-r02:000000.214: Gap: 3.88
exp035-n1036-k08-d180-bs60-f1.750-r02:000000.217: Tau: 4.61
exp035-n1036-k08-d180-bs60-f1.750-r02:000000.218: ======================BKZ-60 reduction======================
exp035-n1036-k08-d180-bs60-f1.750-r02:000003.551: Expectedly achievable log(norm): 1041.20
exp035-n1036-k08-d180-bs60-f1.750-r02:000007.617: log(exp-norms): [1036.0, 1037.96, 1039.92]
exp035-n1036-k08-d180-bs60-f1.750-r02:000007.617: log(norms):     [1046.85, 1038.75, 1044.0, 1044.0, 1044.0, 1044.0, 1044.0, 1044.0, 1044.0, 1044.0]
exp035-n1036-k08-d180-bs60-f1.750-r02:000007.689: Loop 1/100
exp035-n1036-k08-d180-bs60-f1.750-r02:001147.829: log(exp-norms): [1036.0, 1037.96, 1039.92]
exp035-n1036-k08-d180-bs60-f1.750-r02:001147.830: log(norms):     [1036.0, 1038.75, 1042.84, 1043.0, 1043.16, 1043.01, 1043.01, 1043.1, 1043.18, 1043.03]
exp035-n1036-k08-d180-bs60-f1.750-r02:001147.850: (1141 sec)
exp035-n1036-k08-d180-bs60-f1.750-r02:001147.851: Loop 2/100
exp035-n1036-k08-d180-bs60-f1.750-r02:002020.593: log(exp-norms): [1036.0, 1037.96, 1039.92]
exp035-n1036-k08-d180-bs60-f1.750-r02:002020.594: log(norms):     [1036.0, 1038.75, 1042.45, 1042.46, 1042.46, 1042.51, 1042.65, 1042.67, 1042.63, 1042.45]
exp035-n1036-k08-d180-bs60-f1.750-r02:002020.616: (873 sec)
exp035-n1036-k08-d180-bs60-f1.750-r02:002020.616: Loop 3/100
exp035-n1036-k08-d180-bs60-f1.750-r02:002880.045: log(exp-norms): [1036.0, 1037.96, 1039.92]
exp035-n1036-k08-d180-bs60-f1.750-r02:002880.046: log(norms):     [1036.0, 1038.75, 1041.99, 1042.0, 1042.06, 1041.98, 1042.11, 1042.05, 1042.14, 1042.05]
exp035-n1036-k08-d180-bs60-f1.750-r02:002880.075: (860 sec)
exp035-n1036-k08-d180-bs60-f1.750-r02:002880.075: Loop 4/100
exp035-n1036-k08-d180-bs60-f1.750-r02:003757.052: log(exp-norms): [1036.0, 1037.96, 1039.92]
exp035-n1036-k08-d180-bs60-f1.750-r02:003757.053: log(norms):     [1036.0, 1037.94, 1038.75, 1041.6, 1041.66, 1041.65, 1041.79, 1041.73, 1041.76, 1041.82]
exp035-n1036-k08-d180-bs60-f1.750-r02:003757.085: (878 sec)
exp035-n1036-k08-d180-bs60-f1.750-r02:003757.086: ==========================Summary===========================
exp035-n1036-k08-d180-bs60-f1.750-r02:003757.086: Total time: 3757sec
exp035-n1036-k08-d180-bs60-f1.750-r02:003757.086: SUCCESS
exp035-n1036-k08-d180-bs60-f1.750-r02:003757.086: HNP solution: 344904821120746228266612753649068804591071367502649158533317314641723545052879930423966618962280649876901290533765992405726814108695569993850119552576871873088739017613556150730200333913827403444445011808449266653030685522221166861718505740323320546701520317364821808207566390894669481380016192195446482960952076
exp035-n1036-k08-d180-bs60-f1.750-r02:003757.086: Shared secret: 344904821120746228266612753649068804591071367502649158533317314641723545052879930423966618962280649876901290533765992405726814108695569993850119552576871873088739017613556150730200333913827403444445011808449266653030685522221166861718505740323320546701520317364821808207566390894669481380016192195446482960952076
exp035-n1036-k08-d180-bs60-f1.750-r02:003757.086: SUMMARY:n:1036:k:8:d:180:bs:60:t:3757:r:True
