exp031-n1036-k08-d180-bs60-f1.000-r06:000000.236: ==========================Instance==========================
exp031-n1036-k08-d180-bs60-f1.000-r06:000000.236: # of equations: 180
exp031-n1036-k08-d180-bs60-f1.000-r06:000000.239: Gap: 3.88
exp031-n1036-k08-d180-bs60-f1.000-r06:000000.244: Tau: 4.61
exp031-n1036-k08-d180-bs60-f1.000-r06:000000.245: ======================BKZ-60 reduction======================
exp031-n1036-k08-d180-bs60-f1.000-r06:000004.726: Expectedly achievable log(norm): 1041.20
exp031-n1036-k08-d180-bs60-f1.000-r06:000009.181: log(exp-norms): [1036.0, 1037.96, 1039.92]
exp031-n1036-k08-d180-bs60-f1.000-r06:000009.181: log(norms):     [1046.85, 1038.75, 1044.0, 1044.0, 1044.0, 1044.0, 1044.0, 1044.0, 1044.0, 1044.0]
exp031-n1036-k08-d180-bs60-f1.000-r06:000009.311: Loop 1/100
exp031-n1036-k08-d180-bs60-f1.000-r06:001284.749: log(exp-norms): [1036.0, 1037.96, 1039.92]
exp031-n1036-k08-d180-bs60-f1.000-r06:001284.749: log(norms):     [1036.0, 1038.75, 1042.61, 1042.81, 1042.83, 1042.9, 1042.99, 1043.01, 1043.1, 1043.17]
exp031-n1036-k08-d180-bs60-f1.000-r06:001284.769: (1276 sec)
exp031-n1036-k08-d180-bs60-f1.000-r06:001284.769: Loop 2/100
exp031-n1036-k08-d180-bs60-f1.000-r06:002278.353: log(exp-norms): [1036.0, 1037.96, 1039.92]
exp031-n1036-k08-d180-bs60-f1.000-r06:002278.354: log(norms):     [1036.0, 1038.75, 1042.36, 1042.37, 1042.36, 1042.59, 1042.55, 1042.53, 1042.48, 1042.39]
exp031-n1036-k08-d180-bs60-f1.000-r06:002278.385: (994 sec)
exp031-n1036-k08-d180-bs60-f1.000-r06:002278.386: Loop 3/100
exp031-n1036-k08-d180-bs60-f1.000-r06:003218.666: log(exp-norms): [1036.0, 1037.96, 1039.92]
exp031-n1036-k08-d180-bs60-f1.000-r06:003218.666: log(norms):     [1036.0, 1038.75, 1042.02, 1042.05, 1042.03, 1042.08, 1042.19, 1042.22, 1041.98, 1042.29]
exp031-n1036-k08-d180-bs60-f1.000-r06:003218.696: (941 sec)
exp031-n1036-k08-d180-bs60-f1.000-r06:003218.696: Loop 4/100
exp031-n1036-k08-d180-bs60-f1.000-r06:004113.993: log(exp-norms): [1036.0, 1037.96, 1039.92]
exp031-n1036-k08-d180-bs60-f1.000-r06:004113.993: log(norms):     [1036.0, 1038.75, 1041.68, 1041.81, 1041.71, 1041.82, 1041.81, 1041.81, 1041.69, 1041.8]
exp031-n1036-k08-d180-bs60-f1.000-r06:004114.023: (896 sec)
exp031-n1036-k08-d180-bs60-f1.000-r06:004114.024: Loop 5/100
exp031-n1036-k08-d180-bs60-f1.000-r06:004915.274: log(exp-norms): [1036.0, 1037.96, 1039.92]
exp031-n1036-k08-d180-bs60-f1.000-r06:004915.275: log(norms):     [1036.0, 1038.75, 1041.49, 1041.5, 1041.53, 1041.64, 1041.54, 1041.58, 1041.78, 1041.57]
exp031-n1036-k08-d180-bs60-f1.000-r06:004915.303: (802 sec)
exp031-n1036-k08-d180-bs60-f1.000-r06:004915.304: Loop 6/100
exp031-n1036-k08-d180-bs60-f1.000-r06:005733.774: log(exp-norms): [1036.0, 1037.96, 1039.92]
exp031-n1036-k08-d180-bs60-f1.000-r06:005733.774: log(norms):     [1036.0, 1037.95, 1038.75, 1041.41, 1041.44, 1041.62, 1041.53, 1041.54, 1041.6, 1041.58]
exp031-n1036-k08-d180-bs60-f1.000-r06:005733.794: (819 sec)
exp031-n1036-k08-d180-bs60-f1.000-r06:005733.794: ==========================Summary===========================
exp031-n1036-k08-d180-bs60-f1.000-r06:005733.794: Total time: 5734sec
exp031-n1036-k08-d180-bs60-f1.000-r06:005733.794: SUCCESS
exp031-n1036-k08-d180-bs60-f1.000-r06:005733.794: HNP solution: 344904821120746228266612753649068804591071367502649158533317314641723545052879930423966618962280649876901290533765992405726814108695569993850119552576871873088739017613556150730200333913827403444445011808449266653030685522221166861718505740323320546701520317364821808207566390894669481380016192195446482960952076
exp031-n1036-k08-d180-bs60-f1.000-r06:005733.794: Shared secret: 344904821120746228266612753649068804591071367502649158533317314641723545052879930423966618962280649876901290533765992405726814108695569993850119552576871873088739017613556150730200333913827403444445011808449266653030685522221166861718505740323320546701520317364821808207566390894669481380016192195446482960952076
exp031-n1036-k08-d180-bs60-f1.000-r06:005733.794: SUMMARY:n:1036:k:8:d:180:bs:60:t:5734:r:True
