exp038-n1036-k08-d180-bs60-f1.750-r05:000000.349: ==========================Instance==========================
exp038-n1036-k08-d180-bs60-f1.750-r05:000000.349: # of equations: 180
exp038-n1036-k08-d180-bs60-f1.750-r05:000000.350: Gap: 3.88
exp038-n1036-k08-d180-bs60-f1.750-r05:000000.353: Tau: 4.61
exp038-n1036-k08-d180-bs60-f1.750-r05:000000.354: ======================BKZ-60 reduction======================
exp038-n1036-k08-d180-bs60-f1.750-r05:000003.283: Expectedly achievable log(norm): 1041.20
exp038-n1036-k08-d180-bs60-f1.750-r05:000007.954: log(exp-norms): [1036.0, 1037.96, 1039.92]
exp038-n1036-k08-d180-bs60-f1.750-r05:000007.954: log(norms):     [1046.85, 1038.75, 1044.0, 1044.0, 1044.0, 1044.0, 1044.0, 1044.0, 1044.0, 1044.0]
exp038-n1036-k08-d180-bs60-f1.750-r05:000008.078: Loop 1/100
exp038-n1036-k08-d180-bs60-f1.750-r05:001312.406: log(exp-norms): [1036.0, 1037.96, 1039.92]
exp038-n1036-k08-d180-bs60-f1.750-r05:001312.407: log(norms):     [1036.0, 1038.75, 1042.84, 1043.0, 1043.16, 1043.01, 1043.01, 1043.1, 1043.18, 1043.03]
exp038-n1036-k08-d180-bs60-f1.750-r05:001312.438: (1305 sec)
exp038-n1036-k08-d180-bs60-f1.750-r05:001312.438: Loop 2/100
exp038-n1036-k08-d180-bs60-f1.750-r05:002342.016: log(exp-norms): [1036.0, 1037.96, 1039.92]
exp038-n1036-k08-d180-bs60-f1.750-r05:002342.017: log(norms):     [1036.0, 1038.75, 1042.45, 1042.46, 1042.46, 1042.51, 1042.65, 1042.67, 1042.63, 1042.45]
exp038-n1036-k08-d180-bs60-f1.750-r05:002342.050: (1030 sec)
exp038-n1036-k08-d180-bs60-f1.750-r05:002342.050: Loop 3/100
exp038-n1036-k08-d180-bs60-f1.750-r05:003367.434: log(exp-norms): [1036.0, 1037.96, 1039.92]
exp038-n1036-k08-d180-bs60-f1.750-r05:003367.435: log(norms):     [1036.0, 1038.75, 1041.99, 1042.0, 1042.06, 1041.98, 1042.11, 1042.05, 1042.14, 1042.05]
exp038-n1036-k08-d180-bs60-f1.750-r05:003367.466: (1026 sec)
exp038-n1036-k08-d180-bs60-f1.750-r05:003367.466: Loop 4/100
exp038-n1036-k08-d180-bs60-f1.750-r05:004292.604: log(exp-norms): [1036.0, 1037.96, 1039.92]
exp038-n1036-k08-d180-bs60-f1.750-r05:004292.604: log(norms):     [1036.0, 1037.94, 1038.75, 1041.6, 1041.66, 1041.65, 1041.79, 1041.73, 1041.76, 1041.82]
exp038-n1036-k08-d180-bs60-f1.750-r05:004292.623: (926 sec)
exp038-n1036-k08-d180-bs60-f1.750-r05:004292.623: ==========================Summary===========================
exp038-n1036-k08-d180-bs60-f1.750-r05:004292.623: Total time: 4293sec
exp038-n1036-k08-d180-bs60-f1.750-r05:004292.623: SUCCESS
exp038-n1036-k08-d180-bs60-f1.750-r05:004292.623: HNP solution: 344904821120746228266612753649068804591071367502649158533317314641723545052879930423966618962280649876901290533765992405726814108695569993850119552576871873088739017613556150730200333913827403444445011808449266653030685522221166861718505740323320546701520317364821808207566390894669481380016192195446482960952076
exp038-n1036-k08-d180-bs60-f1.750-r05:004292.623: Shared secret: 344904821120746228266612753649068804591071367502649158533317314641723545052879930423966618962280649876901290533765992405726814108695569993850119552576871873088739017613556150730200333913827403444445011808449266653030685522221166861718505740323320546701520317364821808207566390894669481380016192195446482960952076
exp038-n1036-k08-d180-bs60-f1.750-r05:004292.624: SUMMARY:n:1036:k:8:d:180:bs:60:t:4293:r:True
