exp039-n1036-k08-d180-bs60-f1.750-r06:000000.323: ==========================Instance==========================
exp039-n1036-k08-d180-bs60-f1.750-r06:000000.323: # of equations: 180
exp039-n1036-k08-d180-bs60-f1.750-r06:000000.325: Gap: 3.88
exp039-n1036-k08-d180-bs60-f1.750-r06:000000.328: Tau: 4.61
exp039-n1036-k08-d180-bs60-f1.750-r06:000000.328: ======================BKZ-60 reduction======================
exp039-n1036-k08-d180-bs60-f1.750-r06:000002.734: Expectedly achievable log(norm): 1041.20
exp039-n1036-k08-d180-bs60-f1.750-r06:000005.157: log(exp-norms): [1036.0, 1037.96, 1039.92]
exp039-n1036-k08-d180-bs60-f1.750-r06:000005.157: log(norms):     [1046.85, 1038.75, 1044.0, 1044.0, 1044.0, 1044.0, 1044.0, 1044.0, 1044.0, 1044.0]
exp039-n1036-k08-d180-bs60-f1.750-r06:000005.214: Loop 1/100
exp039-n1036-k08-d180-bs60-f1.750-r06:001374.909: log(exp-norms): [1036.0, 1037.96, 1039.92]
exp039-n1036-k08-d180-bs60-f1.750-r06:001374.910: log(norms):     [1036.0, 1038.75, 1042.84, 1043.0, 1043.16, 1043.01, 1043.01, 1043.1, 1043.18, 1043.03]
exp039-n1036-k08-d180-bs60-f1.750-r06:001374.940: (1370 sec)
exp039-n1036-k08-d180-bs60-f1.750-r06:001374.940: Loop 2/100
exp039-n1036-k08-d180-bs60-f1.750-r06:002401.114: log(exp-norms): [1036.0, 1037.96, 1039.92]
exp039-n1036-k08-d180-bs60-f1.750-r06:002401.115: log(norms):     [1036.0, 1038.75, 1042.45, 1042.46, 1042.46, 1042.51, 1042.65, 1042.67, 1042.63, 1042.45]
exp039-n1036-k08-d180-bs60-f1.750-r06:002401.134: (1027 sec)
exp039-n1036-k08-d180-bs60-f1.750-r06:002401.134: Loop 3/100
exp039-n1036-k08-d180-bs60-f1.750-r06:003464.102: log(exp-norms): [1036.0, 1037.96, 1039.92]
exp039-n1036-k08-d180-bs60-f1.750-r06:003464.103: log(norms):     [1036.0, 1038.75, 1041.99, 1042.0, 1042.06, 1041.98, 1042.11, 1042.05, 1042.14, 1042.05]
exp039-n1036-k08-d180-bs60-f1.750-r06:003464.133: (1063 sec)
exp039-n1036-k08-d180-bs60-f1.750-r06:003464.133: Loop 4/100
exp039-n1036-k08-d180-bs60-f1.750-r06:004417.294: log(exp-norms): [1036.0, 1037.96, 1039.92]
exp039-n1036-k08-d180-bs60-f1.750-r06:004417.295: log(norms):     [1036.0, 1037.94, 1038.75, 1041.6, 1041.66, 1041.65, 1041.79, 1041.73, 1041.76, 1041.82]
exp039-n1036-k08-d180-bs60-f1.750-r06:004417.327: (954 sec)
exp039-n1036-k08-d180-bs60-f1.750-r06:004417.327: ==========================Summary===========================
exp039-n1036-k08-d180-bs60-f1.750-r06:004417.327: Total time: 4417sec
exp039-n1036-k08-d180-bs60-f1.750-r06:004417.327: SUCCESS
exp039-n1036-k08-d180-bs60-f1.750-r06:004417.327: HNP solution: 344904821120746228266612753649068804591071367502649158533317314641723545052879930423966618962280649876901290533765992405726814108695569993850119552576871873088739017613556150730200333913827403444445011808449266653030685522221166861718505740323320546701520317364821808207566390894669481380016192195446482960952076
exp039-n1036-k08-d180-bs60-f1.750-r06:004417.328: Shared secret: 344904821120746228266612753649068804591071367502649158533317314641723545052879930423966618962280649876901290533765992405726814108695569993850119552576871873088739017613556150730200333913827403444445011808449266653030685522221166861718505740323320546701520317364821808207566390894669481380016192195446482960952076
exp039-n1036-k08-d180-bs60-f1.750-r06:004417.328: SUMMARY:n:1036:k:8:d:180:bs:60:t:4417:r:True
