exp048-n1036-k08-d180-bs60-f1.732-r07:000000.303: ==========================Instance==========================
exp048-n1036-k08-d180-bs60-f1.732-r07:000000.303: # of equations: 180
exp048-n1036-k08-d180-bs60-f1.732-r07:000000.305: Gap: 3.88
exp048-n1036-k08-d180-bs60-f1.732-r07:000000.309: Tau: 4.61
exp048-n1036-k08-d180-bs60-f1.732-r07:000000.310: ======================BKZ-60 reduction======================
exp048-n1036-k08-d180-bs60-f1.732-r07:000004.671: Expectedly achievable log(norm): 1041.20
exp048-n1036-k08-d180-bs60-f1.732-r07:000008.170: log(exp-norms): [1036.0, 1037.96, 1039.92]
exp048-n1036-k08-d180-bs60-f1.732-r07:000008.170: log(norms):     [1046.85, 1038.75, 1044.0, 1044.0, 1044.0, 1044.0, 1044.0, 1044.0, 1044.0, 1044.0]
exp048-n1036-k08-d180-bs60-f1.732-r07:000008.246: Loop 1/100
exp048-n1036-k08-d180-bs60-f1.732-r07:001222.652: log(exp-norms): [1036.0, 1037.96, 1039.92]
exp048-n1036-k08-d180-bs60-f1.732-r07:001222.653: log(norms):     [1036.0, 1038.75, 1042.78, 1043.04, 1043.12, 1043.21, 1043.05, 1043.06, 1043.35, 1043.17]
exp048-n1036-k08-d180-bs60-f1.732-r07:001222.686: (1215 sec)
exp048-n1036-k08-d180-bs60-f1.732-r07:001222.686: Loop 2/100
exp048-n1036-k08-d180-bs60-f1.732-r07:002149.223: log(exp-norms): [1036.0, 1037.96, 1039.92]
exp048-n1036-k08-d180-bs60-f1.732-r07:002149.224: log(norms):     [1036.0, 1038.75, 1042.42, 1042.49, 1042.51, 1042.57, 1042.59, 1042.59, 1042.66, 1042.52]
exp048-n1036-k08-d180-bs60-f1.732-r07:002149.242: (927 sec)
exp048-n1036-k08-d180-bs60-f1.732-r07:002149.243: Loop 3/100
exp048-n1036-k08-d180-bs60-f1.732-r07:003157.852: log(exp-norms): [1036.0, 1037.96, 1039.92]
exp048-n1036-k08-d180-bs60-f1.732-r07:003157.853: log(norms):     [1036.0, 1038.75, 1041.91, 1042.02, 1041.93, 1042.07, 1042.0, 1041.98, 1042.17, 1042.3]
exp048-n1036-k08-d180-bs60-f1.732-r07:003157.883: (1009 sec)
exp048-n1036-k08-d180-bs60-f1.732-r07:003157.884: Loop 4/100
exp048-n1036-k08-d180-bs60-f1.732-r07:004131.906: log(exp-norms): [1036.0, 1037.96, 1039.92]
exp048-n1036-k08-d180-bs60-f1.732-r07:004131.906: log(norms):     [1036.0, 1038.75, 1041.61, 1041.69, 1041.79, 1041.87, 1041.89, 1041.8, 1041.7, 1041.8]
exp048-n1036-k08-d180-bs60-f1.732-r07:004131.925: (975 sec)
exp048-n1036-k08-d180-bs60-f1.732-r07:004131.925: Loop 5/100
exp048-n1036-k08-d180-bs60-f1.732-r07:005054.691: log(exp-norms): [1036.0, 1037.96, 1039.92]
exp048-n1036-k08-d180-bs60-f1.732-r07:005054.692: log(norms):     [1036.0, 1038.75, 1041.47, 1041.48, 1041.7, 1041.63, 1041.67, 1041.7, 1041.49, 1041.63]
exp048-n1036-k08-d180-bs60-f1.732-r07:005054.728: (923 sec)
exp048-n1036-k08-d180-bs60-f1.732-r07:005054.728: Loop 6/100
exp048-n1036-k08-d180-bs60-f1.732-r07:005902.161: log(exp-norms): [1036.0, 1037.96, 1039.92]
exp048-n1036-k08-d180-bs60-f1.732-r07:005902.162: log(norms):     [1036.0, 1038.75, 1041.4, 1041.42, 1041.53, 1041.46, 1041.43, 1041.44, 1041.48, 1041.51]
exp048-n1036-k08-d180-bs60-f1.732-r07:005902.180: (848 sec)
exp048-n1036-k08-d180-bs60-f1.732-r07:005902.181: Loop 7/100
exp048-n1036-k08-d180-bs60-f1.732-r07:006608.396: log(exp-norms): [1036.0, 1037.96, 1039.92]
exp048-n1036-k08-d180-bs60-f1.732-r07:006608.397: log(norms):     [1036.0, 1038.75, 1041.25, 1041.35, 1041.33, 1041.32, 1041.47, 1041.56, 1041.42, 1041.33]
exp048-n1036-k08-d180-bs60-f1.732-r07:006608.416: (707 sec)
exp048-n1036-k08-d180-bs60-f1.732-r07:006608.417: Loop 8/100
exp048-n1036-k08-d180-bs60-f1.732-r07:007287.558: log(exp-norms): [1036.0, 1037.96, 1039.92]
exp048-n1036-k08-d180-bs60-f1.732-r07:007287.558: log(norms):     [1036.0, 1037.94, 1038.75, 1041.25, 1041.27, 1041.25, 1041.32, 1041.34, 1041.55, 1041.34]
exp048-n1036-k08-d180-bs60-f1.732-r07:007287.576: (680 sec)
exp048-n1036-k08-d180-bs60-f1.732-r07:007287.577: ==========================Summary===========================
exp048-n1036-k08-d180-bs60-f1.732-r07:007287.577: Total time: 7288sec
exp048-n1036-k08-d180-bs60-f1.732-r07:007287.577: SUCCESS
exp048-n1036-k08-d180-bs60-f1.732-r07:007287.577: HNP solution: 344904821120746228266612753649068804591071367502649158533317314641723545052879930423966618962280649876901290533765992405726814108695569993850119552576871873088739017613556150730200333913827403444445011808449266653030685522221166861718505740323320546701520317364821808207566390894669481380016192195446482960952076
exp048-n1036-k08-d180-bs60-f1.732-r07:007287.577: Shared secret: 344904821120746228266612753649068804591071367502649158533317314641723545052879930423966618962280649876901290533765992405726814108695569993850119552576871873088739017613556150730200333913827403444445011808449266653030685522221166861718505740323320546701520317364821808207566390894669481380016192195446482960952076
exp048-n1036-k08-d180-bs60-f1.732-r07:007287.577: SUMMARY:n:1036:k:8:d:180:bs:60:t:7288:r:True
