exp045-n1036-k08-d180-bs60-f1.732-r04:000000.330: ==========================Instance==========================
exp045-n1036-k08-d180-bs60-f1.732-r04:000000.330: # of equations: 180
exp045-n1036-k08-d180-bs60-f1.732-r04:000000.331: Gap: 3.88
exp045-n1036-k08-d180-bs60-f1.732-r04:000000.334: Tau: 4.61
exp045-n1036-k08-d180-bs60-f1.732-r04:000000.334: ======================BKZ-60 reduction======================
exp045-n1036-k08-d180-bs60-f1.732-r04:000002.686: Expectedly achievable log(norm): 1041.20
exp045-n1036-k08-d180-bs60-f1.732-r04:000007.572: log(exp-norms): [1036.0, 1037.96, 1039.92]
exp045-n1036-k08-d180-bs60-f1.732-r04:000007.572: log(norms):     [1046.85, 1038.75, 1044.0, 1044.0, 1044.0, 1044.0, 1044.0, 1044.0, 1044.0, 1044.0]
exp045-n1036-k08-d180-bs60-f1.732-r04:000007.692: Loop 1/100
exp045-n1036-k08-d180-bs60-f1.732-r04:001255.180: log(exp-norms): [1036.0, 1037.96, 1039.92]
exp045-n1036-k08-d180-bs60-f1.732-r04:001255.181: log(norms):     [1036.0, 1038.75, 1042.78, 1043.04, 1043.12, 1043.21, 1043.05, 1043.06, 1043.35, 1043.17]
exp045-n1036-k08-d180-bs60-f1.732-r04:001255.213: (1248 sec)
exp045-n1036-k08-d180-bs60-f1.732-r04:001255.213: Loop 2/100
exp045-n1036-k08-d180-bs60-f1.732-r04:002233.648: log(exp-norms): [1036.0, 1037.96, 1039.92]
exp045-n1036-k08-d180-bs60-f1.732-r04:002233.649: log(norms):     [1036.0, 1038.75, 1042.42, 1042.49, 1042.51, 1042.57, 1042.59, 1042.59, 1042.66, 1042.52]
exp045-n1036-k08-d180-bs60-f1.732-r04:002233.680: (979 sec)
exp045-n1036-k08-d180-bs60-f1.732-r04:002233.681: Loop 3/100
exp045-n1036-k08-d180-bs60-f1.732-r04:003217.022: log(exp-norms): [1036.0, 1037.96, 1039.92]
exp045-n1036-k08-d180-bs60-f1.732-r04:003217.022: log(norms):     [1036.0, 1038.75, 1041.91, 1042.02, 1041.93, 1042.07, 1042.0, 1041.98, 1042.17, 1042.3]
exp045-n1036-k08-d180-bs60-f1.732-r04:003217.043: (984 sec)
exp045-n1036-k08-d180-bs60-f1.732-r04:003217.043: Loop 4/100
exp045-n1036-k08-d180-bs60-f1.732-r04:004187.006: log(exp-norms): [1036.0, 1037.96, 1039.92]
exp045-n1036-k08-d180-bs60-f1.732-r04:004187.006: log(norms):     [1036.0, 1038.75, 1041.61, 1041.69, 1041.79, 1041.87, 1041.89, 1041.8, 1041.7, 1041.8]
exp045-n1036-k08-d180-bs60-f1.732-r04:004187.025: (970 sec)
exp045-n1036-k08-d180-bs60-f1.732-r04:004187.025: Loop 5/100
exp045-n1036-k08-d180-bs60-f1.732-r04:005004.064: log(exp-norms): [1036.0, 1037.96, 1039.92]
exp045-n1036-k08-d180-bs60-f1.732-r04:005004.065: log(norms):     [1036.0, 1038.75, 1041.47, 1041.48, 1041.7, 1041.63, 1041.67, 1041.7, 1041.49, 1041.63]
exp045-n1036-k08-d180-bs60-f1.732-r04:005004.084: (818 sec)
exp045-n1036-k08-d180-bs60-f1.732-r04:005004.085: Loop 6/100
exp045-n1036-k08-d180-bs60-f1.732-r04:005797.318: log(exp-norms): [1036.0, 1037.96, 1039.92]
exp045-n1036-k08-d180-bs60-f1.732-r04:005797.319: log(norms):     [1036.0, 1038.75, 1041.4, 1041.42, 1041.53, 1041.46, 1041.43, 1041.44, 1041.48, 1041.51]
exp045-n1036-k08-d180-bs60-f1.732-r04:005797.338: (794 sec)
exp045-n1036-k08-d180-bs60-f1.732-r04:005797.338: Loop 7/100
exp045-n1036-k08-d180-bs60-f1.732-r04:006467.707: log(exp-norms): [1036.0, 1037.96, 1039.92]
exp045-n1036-k08-d180-bs60-f1.732-r04:006467.708: log(norms):     [1036.0, 1038.75, 1041.25, 1041.35, 1041.33, 1041.32, 1041.47, 1041.56, 1041.42, 1041.33]
exp045-n1036-k08-d180-bs60-f1.732-r04:006467.726: (671 sec)
exp045-n1036-k08-d180-bs60-f1.732-r04:006467.727: Loop 8/100
exp045-n1036-k08-d180-bs60-f1.732-r04:007135.290: log(exp-norms): [1036.0, 1037.96, 1039.92]
exp045-n1036-k08-d180-bs60-f1.732-r04:007135.290: log(norms):     [1036.0, 1037.94, 1038.75, 1041.25, 1041.27, 1041.25, 1041.32, 1041.34, 1041.55, 1041.34]
exp045-n1036-k08-d180-bs60-f1.732-r04:007135.308: (668 sec)
exp045-n1036-k08-d180-bs60-f1.732-r04:007135.308: ==========================Summary===========================
exp045-n1036-k08-d180-bs60-f1.732-r04:007135.309: Total time: 7135sec
exp045-n1036-k08-d180-bs60-f1.732-r04:007135.309: SUCCESS
exp045-n1036-k08-d180-bs60-f1.732-r04:007135.309: HNP solution: 344904821120746228266612753649068804591071367502649158533317314641723545052879930423966618962280649876901290533765992405726814108695569993850119552576871873088739017613556150730200333913827403444445011808449266653030685522221166861718505740323320546701520317364821808207566390894669481380016192195446482960952076
exp045-n1036-k08-d180-bs60-f1.732-r04:007135.309: Shared secret: 344904821120746228266612753649068804591071367502649158533317314641723545052879930423966618962280649876901290533765992405726814108695569993850119552576871873088739017613556150730200333913827403444445011808449266653030685522221166861718505740323320546701520317364821808207566390894669481380016192195446482960952076
exp045-n1036-k08-d180-bs60-f1.732-r04:007135.309: SUMMARY:n:1036:k:8:d:180:bs:60:t:7135:r:True
