exp030-n1036-k08-d180-bs60-f1.000-r05:000000.130: ==========================Instance==========================
exp030-n1036-k08-d180-bs60-f1.000-r05:000000.130: # of equations: 180
exp030-n1036-k08-d180-bs60-f1.000-r05:000000.132: Gap: 3.88
exp030-n1036-k08-d180-bs60-f1.000-r05:000000.134: Tau: 4.61
exp030-n1036-k08-d180-bs60-f1.000-r05:000000.134: ======================BKZ-60 reduction======================
exp030-n1036-k08-d180-bs60-f1.000-r05:000002.604: Expectedly achievable log(norm): 1041.20
exp030-n1036-k08-d180-bs60-f1.000-r05:000004.999: log(exp-norms): [1036.0, 1037.96, 1039.92]
exp030-n1036-k08-d180-bs60-f1.000-r05:000005.000: log(norms):     [1046.85, 1038.75, 1044.0, 1044.0, 1044.0, 1044.0, 1044.0, 1044.0, 1044.0, 1044.0]
exp030-n1036-k08-d180-bs60-f1.000-r05:000005.058: Loop 1/100
exp030-n1036-k08-d180-bs60-f1.000-r05:001117.204: log(exp-norms): [1036.0, 1037.96, 1039.92]
exp030-n1036-k08-d180-bs60-f1.000-r05:001117.205: log(norms):     [1036.0, 1038.75, 1042.61, 1042.81, 1042.83, 1042.9, 1042.99, 1043.01, 1043.1, 1043.17]
exp030-n1036-k08-d180-bs60-f1.000-r05:001117.236: (1113 sec)
exp030-n1036-k08-d180-bs60-f1.000-r05:001117.236: Loop 2/100
exp030-n1036-k08-d180-bs60-f1.000-r05:002034.178: log(exp-norms): [1036.0, 1037.96, 1039.92]
exp030-n1036-k08-d180-bs60-f1.000-r05:002034.180: log(norms):     [1036.0, 1038.75, 1042.36, 1042.37, 1042.36, 1042.59, 1042.55, 1042.53, 1042.48, 1042.39]
exp030-n1036-k08-d180-bs60-f1.000-r05:002034.211: (917 sec)
exp030-n1036-k08-d180-bs60-f1.000-r05:002034.212: Loop 3/100
exp030-n1036-k08-d180-bs60-f1.000-r05:002868.376: log(exp-norms): [1036.0, 1037.96, 1039.92]
exp030-n1036-k08-d180-bs60-f1.000-r05:002868.378: log(norms):     [1036.0, 1038.75, 1042.02, 1042.05, 1042.03, 1042.08, 1042.19, 1042.22, 1041.98, 1042.29]
exp030-n1036-k08-d180-bs60-f1.000-r05:002868.407: (835 sec)
exp030-n1036-k08-d180-bs60-f1.000-r05:002868.408: Loop 4/100
exp030-n1036-k08-d180-bs60-f1.000-r05:003784.748: log(exp-norms): [1036.0, 1037.96, 1039.92]
exp030-n1036-k08-d180-bs60-f1.000-r05:003784.748: log(norms):     [1036.0, 1038.75, 1041.68, 1041.81, 1041.71, 1041.82, 1041.81, 1041.81, 1041.69, 1041.8]
exp030-n1036-k08-d180-bs60-f1.000-r05:003784.768: (917 sec)
exp030-n1036-k08-d180-bs60-f1.000-r05:003784.768: Loop 5/100
exp030-n1036-k08-d180-bs60-f1.000-r05:004570.993: log(exp-norms): [1036.0, 1037.96, 1039.92]
exp030-n1036-k08-d180-bs60-f1.000-r05:004570.993: log(norms):     [1036.0, 1038.75, 1041.49, 1041.5, 1041.53, 1041.64, 1041.54, 1041.58, 1041.78, 1041.57]
exp030-n1036-k08-d180-bs60-f1.000-r05:004571.012: (787 sec)
exp030-n1036-k08-d180-bs60-f1.000-r05:004571.012: Loop 6/100
exp030-n1036-k08-d180-bs60-f1.000-r05:005378.740: log(exp-norms): [1036.0, 1037.96, 1039.92]
exp030-n1036-k08-d180-bs60-f1.000-r05:005378.741: log(norms):     [1036.0, 1037.95, 1038.75, 1041.41, 1041.44, 1041.62, 1041.53, 1041.54, 1041.6, 1041.58]
exp030-n1036-k08-d180-bs60-f1.000-r05:005378.764: (808 sec)
exp030-n1036-k08-d180-bs60-f1.000-r05:005378.764: ==========================Summary===========================
exp030-n1036-k08-d180-bs60-f1.000-r05:005378.764: Total time: 5379sec
exp030-n1036-k08-d180-bs60-f1.000-r05:005378.764: SUCCESS
exp030-n1036-k08-d180-bs60-f1.000-r05:005378.764: HNP solution: 344904821120746228266612753649068804591071367502649158533317314641723545052879930423966618962280649876901290533765992405726814108695569993850119552576871873088739017613556150730200333913827403444445011808449266653030685522221166861718505740323320546701520317364821808207566390894669481380016192195446482960952076
exp030-n1036-k08-d180-bs60-f1.000-r05:005378.764: Shared secret: 344904821120746228266612753649068804591071367502649158533317314641723545052879930423966618962280649876901290533765992405726814108695569993850119552576871873088739017613556150730200333913827403444445011808449266653030685522221166861718505740323320546701520317364821808207566390894669481380016192195446482960952076
exp030-n1036-k08-d180-bs60-f1.000-r05:005378.764: SUMMARY:n:1036:k:8:d:180:bs:60:t:5379:r:True
