exp029-n1036-k08-d180-bs60-f1.000-r04:000000.185: ==========================Instance==========================
exp029-n1036-k08-d180-bs60-f1.000-r04:000000.185: # of equations: 180
exp029-n1036-k08-d180-bs60-f1.000-r04:000000.187: Gap: 3.88
exp029-n1036-k08-d180-bs60-f1.000-r04:000000.191: Tau: 4.61
exp029-n1036-k08-d180-bs60-f1.000-r04:000000.192: ======================BKZ-60 reduction======================
exp029-n1036-k08-d180-bs60-f1.000-r04:000003.328: Expectedly achievable log(norm): 1041.20
exp029-n1036-k08-d180-bs60-f1.000-r04:000005.784: log(exp-norms): [1036.0, 1037.96, 1039.92]
exp029-n1036-k08-d180-bs60-f1.000-r04:000005.784: log(norms):     [1046.85, 1038.75, 1044.0, 1044.0, 1044.0, 1044.0, 1044.0, 1044.0, 1044.0, 1044.0]
exp029-n1036-k08-d180-bs60-f1.000-r04:000005.849: Loop 1/100
exp029-n1036-k08-d180-bs60-f1.000-r04:001369.787: log(exp-norms): [1036.0, 1037.96, 1039.92]
exp029-n1036-k08-d180-bs60-f1.000-r04:001369.787: log(norms):     [1036.0, 1038.75, 1042.61, 1042.81, 1042.83, 1042.9, 1042.99, 1043.01, 1043.1, 1043.17]
exp029-n1036-k08-d180-bs60-f1.000-r04:001369.807: (1364 sec)
exp029-n1036-k08-d180-bs60-f1.000-r04:001369.807: Loop 2/100
exp029-n1036-k08-d180-bs60-f1.000-r04:002378.125: log(exp-norms): [1036.0, 1037.96, 1039.92]
exp029-n1036-k08-d180-bs60-f1.000-r04:002378.126: log(norms):     [1036.0, 1038.75, 1042.36, 1042.37, 1042.36, 1042.59, 1042.55, 1042.53, 1042.48, 1042.39]
exp029-n1036-k08-d180-bs60-f1.000-r04:002378.159: (1009 sec)
exp029-n1036-k08-d180-bs60-f1.000-r04:002378.160: Loop 3/100
exp029-n1036-k08-d180-bs60-f1.000-r04:003338.491: log(exp-norms): [1036.0, 1037.96, 1039.92]
exp029-n1036-k08-d180-bs60-f1.000-r04:003338.492: log(norms):     [1036.0, 1038.75, 1042.02, 1042.05, 1042.03, 1042.08, 1042.19, 1042.22, 1041.98, 1042.29]
exp029-n1036-k08-d180-bs60-f1.000-r04:003338.522: (961 sec)
exp029-n1036-k08-d180-bs60-f1.000-r04:003338.523: Loop 4/100
exp029-n1036-k08-d180-bs60-f1.000-r04:004234.884: log(exp-norms): [1036.0, 1037.96, 1039.92]
exp029-n1036-k08-d180-bs60-f1.000-r04:004234.885: log(norms):     [1036.0, 1038.75, 1041.68, 1041.81, 1041.71, 1041.82, 1041.81, 1041.81, 1041.69, 1041.8]
exp029-n1036-k08-d180-bs60-f1.000-r04:004234.920: (897 sec)
exp029-n1036-k08-d180-bs60-f1.000-r04:004234.920: Loop 5/100
exp029-n1036-k08-d180-bs60-f1.000-r04:004992.885: log(exp-norms): [1036.0, 1037.96, 1039.92]
exp029-n1036-k08-d180-bs60-f1.000-r04:004992.886: log(norms):     [1036.0, 1038.75, 1041.49, 1041.5, 1041.53, 1041.64, 1041.54, 1041.58, 1041.78, 1041.57]
exp029-n1036-k08-d180-bs60-f1.000-r04:004992.905: (758 sec)
exp029-n1036-k08-d180-bs60-f1.000-r04:004992.905: Loop 6/100
exp029-n1036-k08-d180-bs60-f1.000-r04:005718.796: log(exp-norms): [1036.0, 1037.96, 1039.92]
exp029-n1036-k08-d180-bs60-f1.000-r04:005718.796: log(norms):     [1036.0, 1037.95, 1038.75, 1041.41, 1041.44, 1041.62, 1041.53, 1041.54, 1041.6, 1041.58]
exp029-n1036-k08-d180-bs60-f1.000-r04:005718.815: (726 sec)
exp029-n1036-k08-d180-bs60-f1.000-r04:005718.815: ==========================Summary===========================
exp029-n1036-k08-d180-bs60-f1.000-r04:005718.815: Total time: 5719sec
exp029-n1036-k08-d180-bs60-f1.000-r04:005718.815: SUCCESS
exp029-n1036-k08-d180-bs60-f1.000-r04:005718.816: HNP solution: 344904821120746228266612753649068804591071367502649158533317314641723545052879930423966618962280649876901290533765992405726814108695569993850119552576871873088739017613556150730200333913827403444445011808449266653030685522221166861718505740323320546701520317364821808207566390894669481380016192195446482960952076
exp029-n1036-k08-d180-bs60-f1.000-r04:005718.816: Shared secret: 344904821120746228266612753649068804591071367502649158533317314641723545052879930423966618962280649876901290533765992405726814108695569993850119552576871873088739017613556150730200333913827403444445011808449266653030685522221166861718505740323320546701520317364821808207566390894669481380016192195446482960952076
exp029-n1036-k08-d180-bs60-f1.000-r04:005718.816: SUMMARY:n:1036:k:8:d:180:bs:60:t:5719:r:True
