exp024-n1024-k08-d180-bs60-f1.732-r07:000000.173: ==========================Instance==========================
exp024-n1024-k08-d180-bs60-f1.732-r07:000000.173: # of equations: 180
exp024-n1024-k08-d180-bs60-f1.732-r07:000000.175: Gap: 2.84
exp024-n1024-k08-d180-bs60-f1.732-r07:000000.177: Tau: 2.47
exp024-n1024-k08-d180-bs60-f1.732-r07:000000.177: ======================BKZ-60 reduction======================
exp024-n1024-k08-d180-bs60-f1.732-r07:000003.147: Expectedly achievable log(norm): 1028.22
exp024-n1024-k08-d180-bs60-f1.732-r07:000007.427: log(exp-norms): [1023.47, 1025.43, 1026.94]
exp024-n1024-k08-d180-bs60-f1.732-r07:000007.428: log(norms):     [1033.92, 1026.22, 1030.94, 1030.94, 1030.94, 1030.94, 1030.94, 1030.94, 1030.94, 1030.94]
exp024-n1024-k08-d180-bs60-f1.732-r07:000007.499: Loop 1/100
exp024-n1024-k08-d180-bs60-f1.732-r07:001149.819: log(exp-norms): [1023.47, 1025.43, 1026.94]
exp024-n1024-k08-d180-bs60-f1.732-r07:001149.819: log(norms):     [1026.22, 1029.97, 1029.98, 1030.01, 1030.06, 1030.04, 1030.08, 1029.93, 1030.04, 1030.19]
exp024-n1024-k08-d180-bs60-f1.732-r07:001149.839: (1143 sec)
exp024-n1024-k08-d180-bs60-f1.732-r07:001149.839: Loop 2/100
exp024-n1024-k08-d180-bs60-f1.732-r07:002177.335: log(exp-norms): [1023.47, 1025.43, 1026.94]
exp024-n1024-k08-d180-bs60-f1.732-r07:002177.336: log(norms):     [1023.47, 1026.22, 1029.35, 1029.37, 1029.47, 1029.46, 1029.48, 1029.5, 1029.48, 1029.53]
exp024-n1024-k08-d180-bs60-f1.732-r07:002177.357: (1028 sec)
exp024-n1024-k08-d180-bs60-f1.732-r07:002177.358: Loop 3/100
exp024-n1024-k08-d180-bs60-f1.732-r07:003182.801: log(exp-norms): [1023.47, 1025.43, 1026.94]
exp024-n1024-k08-d180-bs60-f1.732-r07:003182.803: log(norms):     [1023.47, 1026.22, 1028.94, 1028.96, 1029.0, 1029.04, 1029.07, 1029.12, 1029.03, 1029.11]
exp024-n1024-k08-d180-bs60-f1.732-r07:003182.834: (1006 sec)
exp024-n1024-k08-d180-bs60-f1.732-r07:003182.834: Loop 4/100
exp024-n1024-k08-d180-bs60-f1.732-r07:004078.895: log(exp-norms): [1023.47, 1025.43, 1026.94]
exp024-n1024-k08-d180-bs60-f1.732-r07:004078.895: log(norms):     [1023.47, 1026.22, 1028.72, 1028.73, 1028.81, 1028.78, 1028.73, 1028.71, 1028.83, 1028.63]
exp024-n1024-k08-d180-bs60-f1.732-r07:004078.914: (897 sec)
exp024-n1024-k08-d180-bs60-f1.732-r07:004078.915: Loop 5/100
exp024-n1024-k08-d180-bs60-f1.732-r07:004874.334: log(exp-norms): [1023.47, 1025.43, 1026.94]
exp024-n1024-k08-d180-bs60-f1.732-r07:004874.335: log(norms):     [1023.47, 1026.22, 1028.48, 1028.5, 1028.51, 1028.72, 1028.49, 1028.49, 1028.72, 1028.62]
exp024-n1024-k08-d180-bs60-f1.732-r07:004874.367: (796 sec)
exp024-n1024-k08-d180-bs60-f1.732-r07:004874.368: Loop 6/100
exp024-n1024-k08-d180-bs60-f1.732-r07:005610.585: log(exp-norms): [1023.47, 1025.43, 1026.94]
exp024-n1024-k08-d180-bs60-f1.732-r07:005610.586: log(norms):     [1023.47, 1026.22, 1028.43, 1028.43, 1028.58, 1028.49, 1028.5, 1028.58, 1028.45, 1028.57]
exp024-n1024-k08-d180-bs60-f1.732-r07:005610.604: (737 sec)
exp024-n1024-k08-d180-bs60-f1.732-r07:005610.604: Loop 7/100
exp024-n1024-k08-d180-bs60-f1.732-r07:006296.361: log(exp-norms): [1023.47, 1025.43, 1026.94]
exp024-n1024-k08-d180-bs60-f1.732-r07:006296.362: log(norms):     [1023.47, 1026.22, 1028.32, 1028.42, 1028.36, 1028.42, 1028.48, 1028.36, 1028.44, 1028.54]
exp024-n1024-k08-d180-bs60-f1.732-r07:006296.381: (686 sec)
exp024-n1024-k08-d180-bs60-f1.732-r07:006296.381: Loop 8/100
exp024-n1024-k08-d180-bs60-f1.732-r07:006973.974: log(exp-norms): [1023.47, 1025.43, 1026.94]
exp024-n1024-k08-d180-bs60-f1.732-r07:006973.975: log(norms):     [1023.47, 1026.22, 1028.3, 1028.3, 1028.48, 1028.35, 1028.46, 1028.55, 1028.45, 1028.56]
exp024-n1024-k08-d180-bs60-f1.732-r07:006973.993: (678 sec)
exp024-n1024-k08-d180-bs60-f1.732-r07:006973.993: Loop 9/100
exp024-n1024-k08-d180-bs60-f1.732-r07:007604.676: log(exp-norms): [1023.47, 1025.43, 1026.94]
exp024-n1024-k08-d180-bs60-f1.732-r07:007604.677: log(norms):     [1023.47, 1026.22, 1028.3, 1028.33, 1028.3, 1028.48, 1028.48, 1028.42, 1028.43, 1028.47]
exp024-n1024-k08-d180-bs60-f1.732-r07:007604.694: (631 sec)
exp024-n1024-k08-d180-bs60-f1.732-r07:007604.694: Loop 10/100
exp024-n1024-k08-d180-bs60-f1.732-r07:008238.980: log(exp-norms): [1023.47, 1025.43, 1026.94]
exp024-n1024-k08-d180-bs60-f1.732-r07:008238.981: log(norms):     [1023.47, 1026.22, 1028.24, 1028.27, 1028.3, 1028.31, 1028.39, 1028.36, 1028.51, 1028.51]
exp024-n1024-k08-d180-bs60-f1.732-r07:008238.997: (635 sec)
exp024-n1024-k08-d180-bs60-f1.732-r07:008238.998: Loop 11/100
exp024-n1024-k08-d180-bs60-f1.732-r07:008873.003: log(exp-norms): [1023.47, 1025.43, 1026.94]
exp024-n1024-k08-d180-bs60-f1.732-r07:008873.004: log(norms):     [1023.47, 1026.22, 1028.24, 1028.27, 1028.33, 1028.27, 1028.35, 1028.4, 1028.51, 1028.4]
exp024-n1024-k08-d180-bs60-f1.732-r07:008873.024: (635 sec)
exp024-n1024-k08-d180-bs60-f1.732-r07:008873.024: Loop 12/100
exp024-n1024-k08-d180-bs60-f1.732-r07:009520.528: log(exp-norms): [1023.47, 1025.43, 1026.94]
exp024-n1024-k08-d180-bs60-f1.732-r07:009520.529: log(norms):     [1023.47, 1026.22, 1028.24, 1028.27, 1028.38, 1028.33, 1028.44, 1028.5, 1028.35, 1028.4]
exp024-n1024-k08-d180-bs60-f1.732-r07:009520.547: (648 sec)
exp024-n1024-k08-d180-bs60-f1.732-r07:009520.547: Loop 13/100
exp024-n1024-k08-d180-bs60-f1.732-r07:010188.544: log(exp-norms): [1023.47, 1025.43, 1026.94]
exp024-n1024-k08-d180-bs60-f1.732-r07:010188.544: log(norms):     [1023.47, 1026.22, 1028.24, 1028.27, 1028.38, 1028.37, 1028.37, 1028.35, 1028.24, 1028.3]
exp024-n1024-k08-d180-bs60-f1.732-r07:010188.563: (669 sec)
exp024-n1024-k08-d180-bs60-f1.732-r07:010188.563: Loop 14/100
exp024-n1024-k08-d180-bs60-f1.732-r07:010812.584: log(exp-norms): [1023.47, 1025.43, 1026.94]
exp024-n1024-k08-d180-bs60-f1.732-r07:010812.584: log(norms):     [1023.47, 1026.22, 1028.24, 1028.24, 1028.27, 1028.38, 1028.26, 1028.37, 1028.46, 1028.41]
exp024-n1024-k08-d180-bs60-f1.732-r07:010812.602: (625 sec)
exp024-n1024-k08-d180-bs60-f1.732-r07:010812.603: Loop 15/100
exp024-n1024-k08-d180-bs60-f1.732-r07:011451.367: log(exp-norms): [1023.47, 1025.43, 1026.94]
exp024-n1024-k08-d180-bs60-f1.732-r07:011451.367: log(norms):     [1023.47, 1026.22, 1028.24, 1028.24, 1028.27, 1028.38, 1028.26, 1028.26, 1028.41, 1028.3]
exp024-n1024-k08-d180-bs60-f1.732-r07:011451.384: (639 sec)
exp024-n1024-k08-d180-bs60-f1.732-r07:011451.384: Loop 16/100
exp024-n1024-k08-d180-bs60-f1.732-r07:012422.573: log(exp-norms): [1023.47, 1025.43, 1026.94]
exp024-n1024-k08-d180-bs60-f1.732-r07:012422.574: log(norms):     [1023.47, 1026.22, 1028.21, 1028.3, 1028.24, 1028.24, 1028.47, 1028.38, 1028.38, 1028.27]
exp024-n1024-k08-d180-bs60-f1.732-r07:012422.593: (972 sec)
exp024-n1024-k08-d180-bs60-f1.732-r07:012422.593: Loop 17/100
exp024-n1024-k08-d180-bs60-f1.732-r07:013290.920: log(exp-norms): [1023.47, 1025.43, 1026.94]
exp024-n1024-k08-d180-bs60-f1.732-r07:013290.921: log(norms):     [1023.47, 1026.22, 1028.21, 1028.26, 1028.31, 1028.31, 1028.59, 1028.37, 1028.36, 1028.34]
exp024-n1024-k08-d180-bs60-f1.732-r07:013290.949: (869 sec)
exp024-n1024-k08-d180-bs60-f1.732-r07:013290.950: Loop 18/100
exp024-n1024-k08-d180-bs60-f1.732-r07:014315.767: log(exp-norms): [1023.47, 1025.43, 1026.94]
exp024-n1024-k08-d180-bs60-f1.732-r07:014315.768: log(norms):     [1023.47, 1026.22, 1028.21, 1028.26, 1028.31, 1028.31, 1028.59, 1028.38, 1028.43, 1028.51]
exp024-n1024-k08-d180-bs60-f1.732-r07:014315.788: (1025 sec)
exp024-n1024-k08-d180-bs60-f1.732-r07:014315.789: Loop 19/100
exp024-n1024-k08-d180-bs60-f1.732-r07:015245.343: log(exp-norms): [1023.47, 1025.43, 1026.94]
exp024-n1024-k08-d180-bs60-f1.732-r07:015245.344: log(norms):     [1023.47, 1026.22, 1028.21, 1028.26, 1028.31, 1028.36, 1028.33, 1028.41, 1028.39, 1028.47]
exp024-n1024-k08-d180-bs60-f1.732-r07:015245.365: (930 sec)
exp024-n1024-k08-d180-bs60-f1.732-r07:015245.365: Loop 20/100
exp024-n1024-k08-d180-bs60-f1.732-r07:016169.091: log(exp-norms): [1023.47, 1025.43, 1026.94]
exp024-n1024-k08-d180-bs60-f1.732-r07:016169.092: log(norms):     [1023.47, 1026.22, 1028.21, 1028.26, 1028.31, 1028.36, 1028.33, 1028.41, 1028.32, 1028.35]
exp024-n1024-k08-d180-bs60-f1.732-r07:016169.120: (924 sec)
exp024-n1024-k08-d180-bs60-f1.732-r07:016169.121: Loop 21/100
exp024-n1024-k08-d180-bs60-f1.732-r07:017047.359: log(exp-norms): [1023.47, 1025.43, 1026.94]
exp024-n1024-k08-d180-bs60-f1.732-r07:017047.360: log(norms):     [1023.47, 1026.22, 1028.21, 1028.26, 1028.31, 1028.31, 1028.36, 1028.33, 1028.32, 1028.38]
exp024-n1024-k08-d180-bs60-f1.732-r07:017047.379: (879 sec)
exp024-n1024-k08-d180-bs60-f1.732-r07:017047.379: Loop 22/100
exp024-n1024-k08-d180-bs60-f1.732-r07:017884.565: log(exp-norms): [1023.47, 1025.43, 1026.94]
exp024-n1024-k08-d180-bs60-f1.732-r07:017884.566: log(norms):     [1023.47, 1026.22, 1028.21, 1028.26, 1028.31, 1028.31, 1028.36, 1028.33, 1028.19, 1028.32]
exp024-n1024-k08-d180-bs60-f1.732-r07:017884.596: (838 sec)
exp024-n1024-k08-d180-bs60-f1.732-r07:017884.596: Loop 23/100
exp024-n1024-k08-d180-bs60-f1.732-r07:018982.335: log(exp-norms): [1023.47, 1025.43, 1026.94]
exp024-n1024-k08-d180-bs60-f1.732-r07:018982.336: log(norms):     [1023.47, 1026.22, 1028.19, 1028.21, 1028.26, 1028.31, 1028.33, 1028.36, 1028.39, 1028.47]
exp024-n1024-k08-d180-bs60-f1.732-r07:018982.374: (1098 sec)
exp024-n1024-k08-d180-bs60-f1.732-r07:018982.374: Loop 24/100
exp024-n1024-k08-d180-bs60-f1.732-r07:019953.603: log(exp-norms): [1023.47, 1025.43, 1026.94]
exp024-n1024-k08-d180-bs60-f1.732-r07:019953.605: log(norms):     [1023.47, 1026.22, 1028.19, 1028.21, 1028.36, 1028.26, 1028.33, 1028.31, 1028.47, 1028.36]
exp024-n1024-k08-d180-bs60-f1.732-r07:019953.635: (972 sec)
exp024-n1024-k08-d180-bs60-f1.732-r07:019953.636: Loop 25/100
exp024-n1024-k08-d180-bs60-f1.732-r07:020904.037: log(exp-norms): [1023.47, 1025.43, 1026.94]
exp024-n1024-k08-d180-bs60-f1.732-r07:020904.038: log(norms):     [1023.47, 1026.22, 1028.19, 1028.21, 1028.36, 1028.26, 1028.33, 1028.31, 1028.47, 1028.36]
exp024-n1024-k08-d180-bs60-f1.732-r07:020904.066: (951 sec)
exp024-n1024-k08-d180-bs60-f1.732-r07:020904.067: Loop 26/100
exp024-n1024-k08-d180-bs60-f1.732-r07:021691.422: log(exp-norms): [1023.47, 1025.43, 1026.94]
exp024-n1024-k08-d180-bs60-f1.732-r07:021691.422: log(norms):     [1023.47, 1026.22, 1028.19, 1028.21, 1028.36, 1028.26, 1028.33, 1028.31, 1028.47, 1028.36]
exp024-n1024-k08-d180-bs60-f1.732-r07:021691.442: (788 sec)
exp024-n1024-k08-d180-bs60-f1.732-r07:021691.442: Loop 27/100
exp024-n1024-k08-d180-bs60-f1.732-r07:022432.317: log(exp-norms): [1023.47, 1025.43, 1026.94]
exp024-n1024-k08-d180-bs60-f1.732-r07:022432.317: log(norms):     [1023.47, 1026.22, 1028.19, 1028.3, 1028.29, 1028.33, 1028.21, 1028.47, 1028.33, 1028.26]
exp024-n1024-k08-d180-bs60-f1.732-r07:022432.336: (741 sec)
exp024-n1024-k08-d180-bs60-f1.732-r07:022432.336: Loop 28/100
exp024-n1024-k08-d180-bs60-f1.732-r07:023111.674: log(exp-norms): [1023.47, 1025.43, 1026.94]
exp024-n1024-k08-d180-bs60-f1.732-r07:023111.674: log(norms):     [1023.47, 1026.22, 1028.19, 1028.3, 1028.29, 1028.33, 1028.21, 1028.47, 1028.33, 1028.26]
exp024-n1024-k08-d180-bs60-f1.732-r07:023111.693: (680 sec)
exp024-n1024-k08-d180-bs60-f1.732-r07:023111.693: Loop 29/100
exp024-n1024-k08-d180-bs60-f1.732-r07:023983.285: log(exp-norms): [1023.47, 1025.43, 1026.94]
exp024-n1024-k08-d180-bs60-f1.732-r07:023983.285: log(norms):     [1023.47, 1026.22, 1028.16, 1028.19, 1028.3, 1028.29, 1028.33, 1028.21, 1028.47, 1028.47]
exp024-n1024-k08-d180-bs60-f1.732-r07:023983.304: (872 sec)
exp024-n1024-k08-d180-bs60-f1.732-r07:023983.304: Loop 30/100
exp024-n1024-k08-d180-bs60-f1.732-r07:024688.685: log(exp-norms): [1023.47, 1025.43, 1026.94]
exp024-n1024-k08-d180-bs60-f1.732-r07:024688.685: log(norms):     [1023.47, 1026.22, 1028.16, 1028.19, 1028.3, 1028.41, 1028.29, 1028.34, 1028.33, 1028.21]
exp024-n1024-k08-d180-bs60-f1.732-r07:024688.704: (706 sec)
exp024-n1024-k08-d180-bs60-f1.732-r07:024688.704: Loop 31/100
exp024-n1024-k08-d180-bs60-f1.732-r07:025335.572: log(exp-norms): [1023.47, 1025.43, 1026.94]
exp024-n1024-k08-d180-bs60-f1.732-r07:025335.573: log(norms):     [1023.47, 1026.22, 1028.16, 1028.19, 1028.3, 1028.41, 1028.24, 1028.27, 1028.47, 1028.21]
exp024-n1024-k08-d180-bs60-f1.732-r07:025335.591: (647 sec)
exp024-n1024-k08-d180-bs60-f1.732-r07:025335.591: Loop 32/100
exp024-n1024-k08-d180-bs60-f1.732-r07:025982.021: log(exp-norms): [1023.47, 1025.43, 1026.94]
exp024-n1024-k08-d180-bs60-f1.732-r07:025982.022: log(norms):     [1023.47, 1026.22, 1028.16, 1028.19, 1028.3, 1028.41, 1028.33, 1028.28, 1028.27, 1028.21]
exp024-n1024-k08-d180-bs60-f1.732-r07:025982.041: (647 sec)
exp024-n1024-k08-d180-bs60-f1.732-r07:025982.041: Loop 33/100
exp024-n1024-k08-d180-bs60-f1.732-r07:026643.740: log(exp-norms): [1023.47, 1025.43, 1026.94]
exp024-n1024-k08-d180-bs60-f1.732-r07:026643.741: log(norms):     [1023.47, 1026.22, 1028.16, 1028.19, 1028.3, 1028.41, 1028.33, 1028.28, 1028.27, 1028.21]
exp024-n1024-k08-d180-bs60-f1.732-r07:026643.759: (662 sec)
exp024-n1024-k08-d180-bs60-f1.732-r07:026643.760: Loop 34/100
exp024-n1024-k08-d180-bs60-f1.732-r07:027256.621: log(exp-norms): [1023.47, 1025.43, 1026.94]
exp024-n1024-k08-d180-bs60-f1.732-r07:027256.621: log(norms):     [1023.47, 1026.22, 1028.16, 1028.19, 1028.3, 1028.41, 1028.33, 1028.28, 1028.27, 1028.21]
exp024-n1024-k08-d180-bs60-f1.732-r07:027256.638: (613 sec)
exp024-n1024-k08-d180-bs60-f1.732-r07:027256.639: Loop 35/100
exp024-n1024-k08-d180-bs60-f1.732-r07:027894.035: log(exp-norms): [1023.47, 1025.43, 1026.94]
exp024-n1024-k08-d180-bs60-f1.732-r07:027894.037: log(norms):     [1023.47, 1026.22, 1028.16, 1028.18, 1028.19, 1028.3, 1028.41, 1028.33, 1028.28, 1028.43]
exp024-n1024-k08-d180-bs60-f1.732-r07:027894.054: (638 sec)
exp024-n1024-k08-d180-bs60-f1.732-r07:027894.054: Loop 36/100
exp024-n1024-k08-d180-bs60-f1.732-r07:028501.134: log(exp-norms): [1023.47, 1025.43, 1026.94]
exp024-n1024-k08-d180-bs60-f1.732-r07:028501.134: log(norms):     [1023.47, 1026.22, 1028.16, 1028.18, 1028.25, 1028.3, 1028.41, 1028.3, 1028.19, 1028.28]
exp024-n1024-k08-d180-bs60-f1.732-r07:028501.152: (608 sec)
exp024-n1024-k08-d180-bs60-f1.732-r07:028501.152: Loop 37/100
exp024-n1024-k08-d180-bs60-f1.732-r07:029140.781: log(exp-norms): [1023.47, 1025.43, 1026.94]
exp024-n1024-k08-d180-bs60-f1.732-r07:029140.782: log(norms):     [1023.47, 1026.22, 1028.16, 1028.18, 1028.25, 1028.3, 1028.41, 1028.3, 1028.19, 1028.28]
exp024-n1024-k08-d180-bs60-f1.732-r07:029140.799: (640 sec)
exp024-n1024-k08-d180-bs60-f1.732-r07:029140.799: Loop 38/100
exp024-n1024-k08-d180-bs60-f1.732-r07:029758.926: log(exp-norms): [1023.47, 1025.43, 1026.94]
exp024-n1024-k08-d180-bs60-f1.732-r07:029758.927: log(norms):     [1023.47, 1026.22, 1028.16, 1028.18, 1028.25, 1028.3, 1028.41, 1028.3, 1028.19, 1028.28]
exp024-n1024-k08-d180-bs60-f1.732-r07:029758.945: (619 sec)
exp024-n1024-k08-d180-bs60-f1.732-r07:029758.946: Loop 39/100
exp024-n1024-k08-d180-bs60-f1.732-r07:030373.802: log(exp-norms): [1023.47, 1025.43, 1026.94]
exp024-n1024-k08-d180-bs60-f1.732-r07:030373.802: log(norms):     [1023.47, 1026.22, 1028.16, 1028.18, 1028.25, 1028.3, 1028.41, 1028.3, 1028.19, 1028.28]
exp024-n1024-k08-d180-bs60-f1.732-r07:030373.820: (615 sec)
exp024-n1024-k08-d180-bs60-f1.732-r07:030373.820: Loop 40/100
exp024-n1024-k08-d180-bs60-f1.732-r07:030999.748: log(exp-norms): [1023.47, 1025.43, 1026.94]
exp024-n1024-k08-d180-bs60-f1.732-r07:030999.749: log(norms):     [1023.47, 1026.22, 1028.16, 1028.17, 1028.18, 1028.25, 1028.3, 1028.32, 1028.33, 1028.3]
exp024-n1024-k08-d180-bs60-f1.732-r07:030999.767: (626 sec)
exp024-n1024-k08-d180-bs60-f1.732-r07:030999.767: Loop 41/100
exp024-n1024-k08-d180-bs60-f1.732-r07:031661.291: log(exp-norms): [1023.47, 1025.43, 1026.94]
exp024-n1024-k08-d180-bs60-f1.732-r07:031661.292: log(norms):     [1023.47, 1026.22, 1028.16, 1028.17, 1028.18, 1028.25, 1028.3, 1028.32, 1028.33, 1028.42]
exp024-n1024-k08-d180-bs60-f1.732-r07:031661.310: (662 sec)
exp024-n1024-k08-d180-bs60-f1.732-r07:031661.310: Loop 42/100
exp024-n1024-k08-d180-bs60-f1.732-r07:032262.277: log(exp-norms): [1023.47, 1025.43, 1026.94]
exp024-n1024-k08-d180-bs60-f1.732-r07:032262.278: log(norms):     [1023.47, 1026.22, 1028.16, 1028.17, 1028.18, 1028.25, 1028.3, 1028.32, 1028.33, 1028.42]
exp024-n1024-k08-d180-bs60-f1.732-r07:032262.295: (601 sec)
exp024-n1024-k08-d180-bs60-f1.732-r07:032262.296: Loop 43/100
exp024-n1024-k08-d180-bs60-f1.732-r07:032887.729: log(exp-norms): [1023.47, 1025.43, 1026.94]
exp024-n1024-k08-d180-bs60-f1.732-r07:032887.729: log(norms):     [1023.47, 1026.22, 1028.16, 1028.17, 1028.18, 1028.25, 1028.3, 1028.32, 1028.33, 1028.42]
exp024-n1024-k08-d180-bs60-f1.732-r07:032887.748: (626 sec)
exp024-n1024-k08-d180-bs60-f1.732-r07:032887.748: Loop 44/100
exp024-n1024-k08-d180-bs60-f1.732-r07:033538.707: log(exp-norms): [1023.47, 1025.43, 1026.94]
exp024-n1024-k08-d180-bs60-f1.732-r07:033538.708: log(norms):     [1023.47, 1026.22, 1028.16, 1028.17, 1028.18, 1028.25, 1028.3, 1028.32, 1028.33, 1028.42]
exp024-n1024-k08-d180-bs60-f1.732-r07:033538.726: (651 sec)
exp024-n1024-k08-d180-bs60-f1.732-r07:033538.727: Loop 45/100
exp024-n1024-k08-d180-bs60-f1.732-r07:034180.336: log(exp-norms): [1023.47, 1025.43, 1026.94]
exp024-n1024-k08-d180-bs60-f1.732-r07:034180.337: log(norms):     [1023.47, 1026.22, 1028.16, 1028.17, 1028.32, 1028.3, 1028.25, 1028.53, 1028.34, 1028.38]
exp024-n1024-k08-d180-bs60-f1.732-r07:034180.354: (642 sec)
exp024-n1024-k08-d180-bs60-f1.732-r07:034180.355: Loop 46/100
exp024-n1024-k08-d180-bs60-f1.732-r07:034807.868: log(exp-norms): [1023.47, 1025.43, 1026.94]
exp024-n1024-k08-d180-bs60-f1.732-r07:034807.869: log(norms):     [1023.47, 1026.22, 1028.16, 1028.17, 1028.32, 1028.37, 1028.3, 1028.53, 1028.25, 1028.34]
exp024-n1024-k08-d180-bs60-f1.732-r07:034807.886: (628 sec)
exp024-n1024-k08-d180-bs60-f1.732-r07:034807.886: Loop 47/100
exp024-n1024-k08-d180-bs60-f1.732-r07:035455.756: log(exp-norms): [1023.47, 1025.43, 1026.94]
exp024-n1024-k08-d180-bs60-f1.732-r07:035455.756: log(norms):     [1023.47, 1026.22, 1028.16, 1028.17, 1028.32, 1028.37, 1028.3, 1028.36, 1028.32, 1028.47]
exp024-n1024-k08-d180-bs60-f1.732-r07:035455.775: (648 sec)
exp024-n1024-k08-d180-bs60-f1.732-r07:035455.775: Loop 48/100
exp024-n1024-k08-d180-bs60-f1.732-r07:036115.038: log(exp-norms): [1023.47, 1025.43, 1026.94]
exp024-n1024-k08-d180-bs60-f1.732-r07:036115.039: log(norms):     [1023.47, 1026.22, 1028.16, 1028.17, 1028.32, 1028.37, 1028.3, 1028.36, 1028.33, 1028.49]
exp024-n1024-k08-d180-bs60-f1.732-r07:036115.056: (660 sec)
exp024-n1024-k08-d180-bs60-f1.732-r07:036115.056: Loop 49/100
exp024-n1024-k08-d180-bs60-f1.732-r07:036762.147: log(exp-norms): [1023.47, 1025.43, 1026.94]
exp024-n1024-k08-d180-bs60-f1.732-r07:036762.147: log(norms):     [1023.47, 1026.22, 1028.16, 1028.17, 1028.32, 1028.37, 1028.3, 1028.36, 1028.33, 1028.49]
exp024-n1024-k08-d180-bs60-f1.732-r07:036762.164: (648 sec)
exp024-n1024-k08-d180-bs60-f1.732-r07:036762.165: Loop 50/100
exp024-n1024-k08-d180-bs60-f1.732-r07:037418.409: log(exp-norms): [1023.47, 1025.43, 1026.94]
exp024-n1024-k08-d180-bs60-f1.732-r07:037418.410: log(norms):     [1023.47, 1026.22, 1028.16, 1028.17, 1028.32, 1028.37, 1028.3, 1028.4, 1028.36, 1028.33]
exp024-n1024-k08-d180-bs60-f1.732-r07:037418.427: (657 sec)
exp024-n1024-k08-d180-bs60-f1.732-r07:037418.427: Loop 51/100
exp024-n1024-k08-d180-bs60-f1.732-r07:038100.232: log(exp-norms): [1023.47, 1025.43, 1026.94]
exp024-n1024-k08-d180-bs60-f1.732-r07:038100.232: log(norms):     [1023.47, 1026.22, 1028.16, 1028.17, 1028.21, 1028.32, 1028.37, 1028.3, 1028.26, 1028.4]
exp024-n1024-k08-d180-bs60-f1.732-r07:038100.251: (682 sec)
exp024-n1024-k08-d180-bs60-f1.732-r07:038100.251: Loop 52/100
exp024-n1024-k08-d180-bs60-f1.732-r07:038719.709: log(exp-norms): [1023.47, 1025.43, 1026.94]
exp024-n1024-k08-d180-bs60-f1.732-r07:038719.710: log(norms):     [1023.47, 1026.22, 1028.16, 1028.17, 1028.21, 1028.32, 1028.37, 1028.3, 1028.26, 1028.4]
exp024-n1024-k08-d180-bs60-f1.732-r07:038719.738: (620 sec)
exp024-n1024-k08-d180-bs60-f1.732-r07:038719.738: Loop 53/100
exp024-n1024-k08-d180-bs60-f1.732-r07:039388.676: log(exp-norms): [1023.47, 1025.43, 1026.94]
exp024-n1024-k08-d180-bs60-f1.732-r07:039388.676: log(norms):     [1023.47, 1026.22, 1028.16, 1028.17, 1028.21, 1028.32, 1028.37, 1028.3, 1028.26, 1028.4]
exp024-n1024-k08-d180-bs60-f1.732-r07:039388.695: (669 sec)
exp024-n1024-k08-d180-bs60-f1.732-r07:039388.696: Loop 54/100
exp024-n1024-k08-d180-bs60-f1.732-r07:040033.809: log(exp-norms): [1023.47, 1025.43, 1026.94]
exp024-n1024-k08-d180-bs60-f1.732-r07:040033.809: log(norms):     [1023.47, 1026.22, 1028.16, 1028.17, 1028.21, 1028.32, 1028.37, 1028.3, 1028.26, 1028.43]
exp024-n1024-k08-d180-bs60-f1.732-r07:040033.826: (646 sec)
exp024-n1024-k08-d180-bs60-f1.732-r07:040033.827: Loop 55/100
exp024-n1024-k08-d180-bs60-f1.732-r07:040689.112: log(exp-norms): [1023.47, 1025.43, 1026.94]
exp024-n1024-k08-d180-bs60-f1.732-r07:040689.113: log(norms):     [1023.47, 1026.22, 1028.16, 1028.17, 1028.21, 1028.32, 1028.37, 1028.3, 1028.26, 1028.43]
exp024-n1024-k08-d180-bs60-f1.732-r07:040689.131: (656 sec)
exp024-n1024-k08-d180-bs60-f1.732-r07:040689.132: Loop 56/100
exp024-n1024-k08-d180-bs60-f1.732-r07:041342.013: log(exp-norms): [1023.47, 1025.43, 1026.94]
exp024-n1024-k08-d180-bs60-f1.732-r07:041342.014: log(norms):     [1023.47, 1026.22, 1028.16, 1028.17, 1028.21, 1028.32, 1028.37, 1028.3, 1028.26, 1028.43]
exp024-n1024-k08-d180-bs60-f1.732-r07:041342.031: (653 sec)
exp024-n1024-k08-d180-bs60-f1.732-r07:041342.032: Loop 57/100
exp024-n1024-k08-d180-bs60-f1.732-r07:042003.645: log(exp-norms): [1023.47, 1025.43, 1026.94]
exp024-n1024-k08-d180-bs60-f1.732-r07:042003.645: log(norms):     [1023.47, 1026.22, 1028.16, 1028.17, 1028.21, 1028.32, 1028.37, 1028.3, 1028.26, 1028.43]
exp024-n1024-k08-d180-bs60-f1.732-r07:042003.663: (662 sec)
exp024-n1024-k08-d180-bs60-f1.732-r07:042003.663: Loop 58/100
exp024-n1024-k08-d180-bs60-f1.732-r07:042646.671: log(exp-norms): [1023.47, 1025.43, 1026.94]
exp024-n1024-k08-d180-bs60-f1.732-r07:042646.671: log(norms):     [1023.47, 1026.22, 1028.16, 1028.17, 1028.18, 1028.21, 1028.32, 1028.37, 1028.3, 1028.26]
exp024-n1024-k08-d180-bs60-f1.732-r07:042646.689: (644 sec)
exp024-n1024-k08-d180-bs60-f1.732-r07:042646.690: Loop 59/100
exp024-n1024-k08-d180-bs60-f1.732-r07:043298.965: log(exp-norms): [1023.47, 1025.43, 1026.94]
exp024-n1024-k08-d180-bs60-f1.732-r07:043298.966: log(norms):     [1023.47, 1026.22, 1028.16, 1028.17, 1028.18, 1028.21, 1028.32, 1028.37, 1028.3, 1028.48]
exp024-n1024-k08-d180-bs60-f1.732-r07:043298.983: (653 sec)
exp024-n1024-k08-d180-bs60-f1.732-r07:043298.983: Loop 60/100
exp024-n1024-k08-d180-bs60-f1.732-r07:043944.189: log(exp-norms): [1023.47, 1025.43, 1026.94]
exp024-n1024-k08-d180-bs60-f1.732-r07:043944.190: log(norms):     [1023.47, 1026.22, 1028.16, 1028.17, 1028.18, 1028.21, 1028.32, 1028.37, 1028.3, 1028.47]
exp024-n1024-k08-d180-bs60-f1.732-r07:043944.207: (646 sec)
exp024-n1024-k08-d180-bs60-f1.732-r07:043944.207: Loop 61/100
exp024-n1024-k08-d180-bs60-f1.732-r07:044560.585: log(exp-norms): [1023.47, 1025.43, 1026.94]
exp024-n1024-k08-d180-bs60-f1.732-r07:044560.585: log(norms):     [1023.47, 1026.22, 1028.16, 1028.17, 1028.18, 1028.21, 1028.32, 1028.37, 1028.3, 1028.47]
exp024-n1024-k08-d180-bs60-f1.732-r07:044560.604: (617 sec)
exp024-n1024-k08-d180-bs60-f1.732-r07:044560.604: Loop 62/100
exp024-n1024-k08-d180-bs60-f1.732-r07:045237.637: log(exp-norms): [1023.47, 1025.43, 1026.94]
exp024-n1024-k08-d180-bs60-f1.732-r07:045237.638: log(norms):     [1023.47, 1026.22, 1028.16, 1028.17, 1028.18, 1028.21, 1028.32, 1028.37, 1028.3, 1028.47]
exp024-n1024-k08-d180-bs60-f1.732-r07:045237.656: (678 sec)
exp024-n1024-k08-d180-bs60-f1.732-r07:045237.656: Loop 63/100
exp024-n1024-k08-d180-bs60-f1.732-r07:045878.648: log(exp-norms): [1023.47, 1025.43, 1026.94]
exp024-n1024-k08-d180-bs60-f1.732-r07:045878.648: log(norms):     [1023.47, 1026.22, 1028.16, 1028.17, 1028.18, 1028.21, 1028.32, 1028.37, 1028.3, 1028.47]
exp024-n1024-k08-d180-bs60-f1.732-r07:045878.665: (642 sec)
exp024-n1024-k08-d180-bs60-f1.732-r07:045878.666: Loop 64/100
exp024-n1024-k08-d180-bs60-f1.732-r07:046557.094: log(exp-norms): [1023.47, 1025.43, 1026.94]
exp024-n1024-k08-d180-bs60-f1.732-r07:046557.095: log(norms):     [1023.47, 1026.22, 1028.16, 1028.17, 1028.18, 1028.21, 1028.32, 1028.37, 1028.3, 1028.47]
exp024-n1024-k08-d180-bs60-f1.732-r07:046557.112: (679 sec)
exp024-n1024-k08-d180-bs60-f1.732-r07:046557.113: Loop 65/100
exp024-n1024-k08-d180-bs60-f1.732-r07:047199.629: log(exp-norms): [1023.47, 1025.43, 1026.94]
exp024-n1024-k08-d180-bs60-f1.732-r07:047199.630: log(norms):     [1023.47, 1026.22, 1028.16, 1028.17, 1028.18, 1028.21, 1028.32, 1028.37, 1028.3, 1028.47]
exp024-n1024-k08-d180-bs60-f1.732-r07:047199.647: (643 sec)
exp024-n1024-k08-d180-bs60-f1.732-r07:047199.647: Loop 66/100
exp024-n1024-k08-d180-bs60-f1.732-r07:047840.679: log(exp-norms): [1023.47, 1025.43, 1026.94]
exp024-n1024-k08-d180-bs60-f1.732-r07:047840.680: log(norms):     [1023.47, 1026.22, 1028.16, 1028.17, 1028.18, 1028.21, 1028.32, 1028.37, 1028.3, 1028.47]
exp024-n1024-k08-d180-bs60-f1.732-r07:047840.698: (642 sec)
exp024-n1024-k08-d180-bs60-f1.732-r07:047840.698: Loop 67/100
exp024-n1024-k08-d180-bs60-f1.732-r07:048502.504: log(exp-norms): [1023.47, 1025.43, 1026.94]
exp024-n1024-k08-d180-bs60-f1.732-r07:048502.505: log(norms):     [1023.47, 1026.22, 1028.16, 1028.17, 1028.18, 1028.21, 1028.32, 1028.37, 1028.3, 1028.47]
exp024-n1024-k08-d180-bs60-f1.732-r07:048502.523: (662 sec)
exp024-n1024-k08-d180-bs60-f1.732-r07:048502.523: Loop 68/100
exp024-n1024-k08-d180-bs60-f1.732-r07:049159.776: log(exp-norms): [1023.47, 1025.43, 1026.94]
exp024-n1024-k08-d180-bs60-f1.732-r07:049159.776: log(norms):     [1023.47, 1026.22, 1028.16, 1028.17, 1028.18, 1028.21, 1028.32, 1028.37, 1028.3, 1028.47]
exp024-n1024-k08-d180-bs60-f1.732-r07:049159.794: (658 sec)
exp024-n1024-k08-d180-bs60-f1.732-r07:049159.795: Loop 69/100
exp024-n1024-k08-d180-bs60-f1.732-r07:049793.504: log(exp-norms): [1023.47, 1025.43, 1026.94]
exp024-n1024-k08-d180-bs60-f1.732-r07:049793.505: log(norms):     [1023.47, 1026.22, 1028.16, 1028.17, 1028.18, 1028.21, 1028.32, 1028.37, 1028.3, 1028.47]
exp024-n1024-k08-d180-bs60-f1.732-r07:049793.522: (634 sec)
exp024-n1024-k08-d180-bs60-f1.732-r07:049793.522: Loop 70/100
exp024-n1024-k08-d180-bs60-f1.732-r07:050441.459: log(exp-norms): [1023.47, 1025.43, 1026.94]
exp024-n1024-k08-d180-bs60-f1.732-r07:050441.460: log(norms):     [1023.47, 1026.22, 1028.16, 1028.17, 1028.18, 1028.21, 1028.27, 1028.32, 1028.37, 1028.47]
exp024-n1024-k08-d180-bs60-f1.732-r07:050441.478: (648 sec)
exp024-n1024-k08-d180-bs60-f1.732-r07:050441.478: Loop 71/100
exp024-n1024-k08-d180-bs60-f1.732-r07:051081.909: log(exp-norms): [1023.47, 1025.43, 1026.94]
exp024-n1024-k08-d180-bs60-f1.732-r07:051081.910: log(norms):     [1023.47, 1026.22, 1028.16, 1028.17, 1028.18, 1028.21, 1028.27, 1028.32, 1028.37, 1028.47]
exp024-n1024-k08-d180-bs60-f1.732-r07:051081.927: (641 sec)
exp024-n1024-k08-d180-bs60-f1.732-r07:051081.927: Loop 72/100
exp024-n1024-k08-d180-bs60-f1.732-r07:051733.346: log(exp-norms): [1023.47, 1025.43, 1026.94]
exp024-n1024-k08-d180-bs60-f1.732-r07:051733.347: log(norms):     [1023.47, 1026.22, 1028.16, 1028.17, 1028.18, 1028.21, 1028.27, 1028.32, 1028.37, 1028.47]
exp024-n1024-k08-d180-bs60-f1.732-r07:051733.365: (652 sec)
exp024-n1024-k08-d180-bs60-f1.732-r07:051733.365: Loop 73/100
exp024-n1024-k08-d180-bs60-f1.732-r07:052364.149: log(exp-norms): [1023.47, 1025.43, 1026.94]
exp024-n1024-k08-d180-bs60-f1.732-r07:052364.150: log(norms):     [1023.47, 1026.22, 1028.16, 1028.17, 1028.18, 1028.21, 1028.27, 1028.32, 1028.37, 1028.47]
exp024-n1024-k08-d180-bs60-f1.732-r07:052364.167: (631 sec)
exp024-n1024-k08-d180-bs60-f1.732-r07:052364.168: Loop 74/100
exp024-n1024-k08-d180-bs60-f1.732-r07:053027.732: log(exp-norms): [1023.47, 1025.43, 1026.94]
exp024-n1024-k08-d180-bs60-f1.732-r07:053027.733: log(norms):     [1023.47, 1026.22, 1028.16, 1028.17, 1028.18, 1028.17, 1028.21, 1028.27, 1028.32, 1028.37]
exp024-n1024-k08-d180-bs60-f1.732-r07:053027.750: (664 sec)
exp024-n1024-k08-d180-bs60-f1.732-r07:053027.750: Loop 75/100
exp024-n1024-k08-d180-bs60-f1.732-r07:053738.478: log(exp-norms): [1023.47, 1025.43, 1026.94]
exp024-n1024-k08-d180-bs60-f1.732-r07:053738.479: log(norms):     [1023.47, 1026.22, 1028.13, 1028.17, 1028.16, 1028.17, 1028.18, 1028.21, 1028.27, 1028.32]
exp024-n1024-k08-d180-bs60-f1.732-r07:053738.497: (711 sec)
exp024-n1024-k08-d180-bs60-f1.732-r07:053738.498: Loop 76/100
exp024-n1024-k08-d180-bs60-f1.732-r07:054365.996: log(exp-norms): [1023.47, 1025.43, 1026.94]
exp024-n1024-k08-d180-bs60-f1.732-r07:054365.997: log(norms):     [1023.47, 1026.22, 1028.13, 1028.17, 1028.16, 1028.17, 1028.18, 1028.42, 1028.21, 1028.4]
exp024-n1024-k08-d180-bs60-f1.732-r07:054366.014: (628 sec)
exp024-n1024-k08-d180-bs60-f1.732-r07:054366.015: Loop 77/100
exp024-n1024-k08-d180-bs60-f1.732-r07:055026.757: log(exp-norms): [1023.47, 1025.43, 1026.94]
exp024-n1024-k08-d180-bs60-f1.732-r07:055026.758: log(norms):     [1023.47, 1026.22, 1028.13, 1028.17, 1028.16, 1028.17, 1028.18, 1028.32, 1028.35, 1028.42]
exp024-n1024-k08-d180-bs60-f1.732-r07:055026.776: (661 sec)
exp024-n1024-k08-d180-bs60-f1.732-r07:055026.776: Loop 78/100
exp024-n1024-k08-d180-bs60-f1.732-r07:055735.013: log(exp-norms): [1023.47, 1025.43, 1026.94]
exp024-n1024-k08-d180-bs60-f1.732-r07:055735.014: log(norms):     [1023.47, 1026.22, 1028.13, 1028.17, 1028.16, 1028.17, 1028.18, 1028.32, 1028.35, 1028.49]
exp024-n1024-k08-d180-bs60-f1.732-r07:055735.032: (709 sec)
exp024-n1024-k08-d180-bs60-f1.732-r07:055735.032: Loop 79/100
exp024-n1024-k08-d180-bs60-f1.732-r07:056369.987: log(exp-norms): [1023.47, 1025.43, 1026.94]
exp024-n1024-k08-d180-bs60-f1.732-r07:056369.988: log(norms):     [1023.47, 1026.22, 1028.13, 1028.17, 1028.16, 1028.17, 1028.18, 1028.32, 1028.35, 1028.49]
exp024-n1024-k08-d180-bs60-f1.732-r07:056370.006: (635 sec)
exp024-n1024-k08-d180-bs60-f1.732-r07:056370.006: Loop 80/100
exp024-n1024-k08-d180-bs60-f1.732-r07:057047.035: log(exp-norms): [1023.47, 1025.43, 1026.94]
exp024-n1024-k08-d180-bs60-f1.732-r07:057047.036: log(norms):     [1023.47, 1026.22, 1028.13, 1028.17, 1028.16, 1028.33, 1028.17, 1028.32, 1028.18, 1028.35]
exp024-n1024-k08-d180-bs60-f1.732-r07:057047.053: (678 sec)
exp024-n1024-k08-d180-bs60-f1.732-r07:057047.053: Loop 81/100
exp024-n1024-k08-d180-bs60-f1.732-r07:057703.984: log(exp-norms): [1023.47, 1025.43, 1026.94]
exp024-n1024-k08-d180-bs60-f1.732-r07:057703.984: log(norms):     [1023.47, 1026.22, 1028.13, 1028.17, 1028.16, 1028.33, 1028.17, 1028.32, 1028.18, 1028.35]
exp024-n1024-k08-d180-bs60-f1.732-r07:057704.002: (657 sec)
exp024-n1024-k08-d180-bs60-f1.732-r07:057704.002: Loop 82/100
exp024-n1024-k08-d180-bs60-f1.732-r07:058359.048: log(exp-norms): [1023.47, 1025.43, 1026.94]
exp024-n1024-k08-d180-bs60-f1.732-r07:058359.048: log(norms):     [1023.47, 1026.22, 1028.13, 1028.17, 1028.16, 1028.33, 1028.17, 1028.32, 1028.18, 1028.35]
exp024-n1024-k08-d180-bs60-f1.732-r07:058359.065: (656 sec)
exp024-n1024-k08-d180-bs60-f1.732-r07:058359.066: Loop 83/100
exp024-n1024-k08-d180-bs60-f1.732-r07:059014.438: log(exp-norms): [1023.47, 1025.43, 1026.94]
exp024-n1024-k08-d180-bs60-f1.732-r07:059014.438: log(norms):     [1023.47, 1026.22, 1028.13, 1028.17, 1028.16, 1028.33, 1028.17, 1028.32, 1028.18, 1028.35]
exp024-n1024-k08-d180-bs60-f1.732-r07:059014.457: (656 sec)
exp024-n1024-k08-d180-bs60-f1.732-r07:059014.457: Loop 84/100
exp024-n1024-k08-d180-bs60-f1.732-r07:059657.101: log(exp-norms): [1023.47, 1025.43, 1026.94]
exp024-n1024-k08-d180-bs60-f1.732-r07:059657.101: log(norms):     [1023.47, 1026.22, 1028.13, 1028.17, 1028.16, 1028.33, 1028.17, 1028.32, 1028.18, 1028.35]
exp024-n1024-k08-d180-bs60-f1.732-r07:059657.120: (643 sec)
exp024-n1024-k08-d180-bs60-f1.732-r07:059657.120: Loop 85/100
exp024-n1024-k08-d180-bs60-f1.732-r07:060292.060: log(exp-norms): [1023.47, 1025.43, 1026.94]
exp024-n1024-k08-d180-bs60-f1.732-r07:060292.060: log(norms):     [1023.47, 1026.22, 1028.13, 1028.17, 1028.16, 1028.33, 1028.17, 1028.32, 1028.18, 1028.35]
exp024-n1024-k08-d180-bs60-f1.732-r07:060292.078: (635 sec)
exp024-n1024-k08-d180-bs60-f1.732-r07:060292.079: Loop 86/100
exp024-n1024-k08-d180-bs60-f1.732-r07:060943.318: log(exp-norms): [1023.47, 1025.43, 1026.94]
exp024-n1024-k08-d180-bs60-f1.732-r07:060943.318: log(norms):     [1023.47, 1026.22, 1028.13, 1028.17, 1028.16, 1028.33, 1028.17, 1028.32, 1028.18, 1028.35]
exp024-n1024-k08-d180-bs60-f1.732-r07:060943.336: (652 sec)
exp024-n1024-k08-d180-bs60-f1.732-r07:060943.337: Loop 87/100
exp024-n1024-k08-d180-bs60-f1.732-r07:061586.241: log(exp-norms): [1023.47, 1025.43, 1026.94]
exp024-n1024-k08-d180-bs60-f1.732-r07:061586.241: log(norms):     [1023.47, 1026.22, 1028.13, 1028.17, 1028.16, 1028.33, 1028.17, 1028.32, 1028.18, 1028.35]
exp024-n1024-k08-d180-bs60-f1.732-r07:061586.259: (643 sec)
exp024-n1024-k08-d180-bs60-f1.732-r07:061586.259: Loop 88/100
exp024-n1024-k08-d180-bs60-f1.732-r07:062221.774: log(exp-norms): [1023.47, 1025.43, 1026.94]
exp024-n1024-k08-d180-bs60-f1.732-r07:062221.775: log(norms):     [1023.47, 1026.22, 1028.13, 1028.17, 1028.16, 1028.33, 1028.17, 1028.32, 1028.18, 1028.35]
exp024-n1024-k08-d180-bs60-f1.732-r07:062221.793: (636 sec)
exp024-n1024-k08-d180-bs60-f1.732-r07:062221.794: Loop 89/100
exp024-n1024-k08-d180-bs60-f1.732-r07:062900.770: log(exp-norms): [1023.47, 1025.43, 1026.94]
exp024-n1024-k08-d180-bs60-f1.732-r07:062900.771: log(norms):     [1023.47, 1026.22, 1028.13, 1028.17, 1028.16, 1028.33, 1028.17, 1028.32, 1028.18, 1028.35]
exp024-n1024-k08-d180-bs60-f1.732-r07:062900.799: (680 sec)
exp024-n1024-k08-d180-bs60-f1.732-r07:062900.800: Loop 90/100
exp024-n1024-k08-d180-bs60-f1.732-r07:063570.393: log(exp-norms): [1023.47, 1025.43, 1026.94]
exp024-n1024-k08-d180-bs60-f1.732-r07:063570.393: log(norms):     [1023.47, 1026.22, 1028.13, 1028.17, 1028.16, 1028.24, 1028.35, 1028.32, 1028.21, 1028.2]
exp024-n1024-k08-d180-bs60-f1.732-r07:063570.411: (670 sec)
exp024-n1024-k08-d180-bs60-f1.732-r07:063570.411: Loop 91/100
exp024-n1024-k08-d180-bs60-f1.732-r07:064260.549: log(exp-norms): [1023.47, 1025.43, 1026.94]
exp024-n1024-k08-d180-bs60-f1.732-r07:064260.549: log(norms):     [1023.47, 1026.22, 1028.13, 1028.17, 1028.16, 1028.24, 1028.35, 1028.32, 1028.21, 1028.29]
exp024-n1024-k08-d180-bs60-f1.732-r07:064260.568: (691 sec)
exp024-n1024-k08-d180-bs60-f1.732-r07:064260.568: Loop 92/100
exp024-n1024-k08-d180-bs60-f1.732-r07:064914.879: log(exp-norms): [1023.47, 1025.43, 1026.94]
exp024-n1024-k08-d180-bs60-f1.732-r07:064914.879: log(norms):     [1023.47, 1026.22, 1028.13, 1028.17, 1028.16, 1028.24, 1028.35, 1028.32, 1028.26, 1028.21]
exp024-n1024-k08-d180-bs60-f1.732-r07:064914.897: (655 sec)
exp024-n1024-k08-d180-bs60-f1.732-r07:064914.897: Loop 93/100
exp024-n1024-k08-d180-bs60-f1.732-r07:065567.813: log(exp-norms): [1023.47, 1025.43, 1026.94]
exp024-n1024-k08-d180-bs60-f1.732-r07:065567.814: log(norms):     [1023.47, 1026.22, 1028.13, 1028.17, 1028.16, 1028.24, 1028.35, 1028.32, 1028.26, 1028.21]
exp024-n1024-k08-d180-bs60-f1.732-r07:065567.832: (653 sec)
exp024-n1024-k08-d180-bs60-f1.732-r07:065567.833: Loop 94/100
exp024-n1024-k08-d180-bs60-f1.732-r07:066259.097: log(exp-norms): [1023.47, 1025.43, 1026.94]
exp024-n1024-k08-d180-bs60-f1.732-r07:066259.098: log(norms):     [1023.47, 1026.22, 1028.13, 1028.17, 1028.26, 1028.16, 1028.21, 1028.24, 1028.35, 1028.32]
exp024-n1024-k08-d180-bs60-f1.732-r07:066259.115: (692 sec)
exp024-n1024-k08-d180-bs60-f1.732-r07:066259.115: Loop 95/100
exp024-n1024-k08-d180-bs60-f1.732-r07:066939.030: log(exp-norms): [1023.47, 1025.43, 1026.94]
exp024-n1024-k08-d180-bs60-f1.732-r07:066939.031: log(norms):     [1023.47, 1026.22, 1028.13, 1028.17, 1028.26, 1028.16, 1028.21, 1028.29, 1028.35, 1028.24]
exp024-n1024-k08-d180-bs60-f1.732-r07:066939.049: (680 sec)
exp024-n1024-k08-d180-bs60-f1.732-r07:066939.049: Loop 96/100
exp024-n1024-k08-d180-bs60-f1.732-r07:067616.713: log(exp-norms): [1023.47, 1025.43, 1026.94]
exp024-n1024-k08-d180-bs60-f1.732-r07:067616.714: log(norms):     [1023.47, 1026.22, 1028.13, 1028.17, 1028.26, 1028.17, 1028.16, 1028.21, 1028.29, 1028.2]
exp024-n1024-k08-d180-bs60-f1.732-r07:067616.731: (678 sec)
exp024-n1024-k08-d180-bs60-f1.732-r07:067616.731: Loop 97/100
exp024-n1024-k08-d180-bs60-f1.732-r07:068290.934: log(exp-norms): [1023.47, 1025.43, 1026.94]
exp024-n1024-k08-d180-bs60-f1.732-r07:068290.934: log(norms):     [1023.47, 1026.22, 1028.13, 1028.17, 1028.26, 1028.17, 1028.16, 1028.21, 1028.29, 1028.2]
exp024-n1024-k08-d180-bs60-f1.732-r07:068290.953: (675 sec)
exp024-n1024-k08-d180-bs60-f1.732-r07:068290.953: Loop 98/100
exp024-n1024-k08-d180-bs60-f1.732-r07:068963.479: log(exp-norms): [1023.47, 1025.43, 1026.94]
exp024-n1024-k08-d180-bs60-f1.732-r07:068963.479: log(norms):     [1023.47, 1026.22, 1028.13, 1028.17, 1028.26, 1028.17, 1028.16, 1028.21, 1028.29, 1028.2]
exp024-n1024-k08-d180-bs60-f1.732-r07:068963.497: (673 sec)
exp024-n1024-k08-d180-bs60-f1.732-r07:068963.497: Loop 99/100
exp024-n1024-k08-d180-bs60-f1.732-r07:069636.288: log(exp-norms): [1023.47, 1025.43, 1026.94]
exp024-n1024-k08-d180-bs60-f1.732-r07:069636.288: log(norms):     [1023.47, 1026.22, 1028.13, 1028.17, 1028.26, 1028.17, 1028.16, 1028.21, 1028.29, 1028.42]
exp024-n1024-k08-d180-bs60-f1.732-r07:069636.307: (673 sec)
exp024-n1024-k08-d180-bs60-f1.732-r07:069636.307: Loop 100/100
exp024-n1024-k08-d180-bs60-f1.732-r07:070324.507: log(exp-norms): [1023.47, 1025.43, 1026.94]
exp024-n1024-k08-d180-bs60-f1.732-r07:070324.508: log(norms):     [1023.47, 1025.43, 1026.22, 1028.13, 1028.17, 1028.19, 1028.26, 1028.19, 1028.17, 1028.36]
exp024-n1024-k08-d180-bs60-f1.732-r07:070324.525: (689 sec)
exp024-n1024-k08-d180-bs60-f1.732-r07:070324.525: ==========================Summary===========================
exp024-n1024-k08-d180-bs60-f1.732-r07:070324.525: Total time: 70325sec
exp024-n1024-k08-d180-bs60-f1.732-r07:070324.525: SUCCESS
exp024-n1024-k08-d180-bs60-f1.732-r07:070324.525: HNP solution: 102877459799250792326854090176246283928902714295008794401210495853451957450332360389833835914697002769626968958064729899701228197869293238098522849211980830108748219116474573576592369579195186942039575989686384566012462018951333772564017111221060746521375752504393062285465569978124329414276142313387547500583
exp024-n1024-k08-d180-bs60-f1.732-r07:070324.525: Shared secret: 102877459799250792326854090176246283928902714295008794401210495853451957450332360389833835914697002769626968958064729899701228197869293238098522849211980830108748219116474573576592369579195186942039575989686384566012462018951333772564017111221060746521375752504393062285465569978124329414276142313387547500583
exp024-n1024-k08-d180-bs60-f1.732-r07:070324.525: SUMMARY:n:1024:k:8:d:180:bs:60:t:70325:r:True
