exp043-n1036-k08-d180-bs60-f1.732-r02:000000.318: ==========================Instance==========================
exp043-n1036-k08-d180-bs60-f1.732-r02:000000.318: # of equations: 180
exp043-n1036-k08-d180-bs60-f1.732-r02:000000.320: Gap: 3.88
exp043-n1036-k08-d180-bs60-f1.732-r02:000000.322: Tau: 4.61
exp043-n1036-k08-d180-bs60-f1.732-r02:000000.323: ======================BKZ-60 reduction======================
exp043-n1036-k08-d180-bs60-f1.732-r02:000002.977: Expectedly achievable log(norm): 1041.20
exp043-n1036-k08-d180-bs60-f1.732-r02:000007.618: log(exp-norms): [1036.0, 1037.96, 1039.92]
exp043-n1036-k08-d180-bs60-f1.732-r02:000007.618: log(norms):     [1046.85, 1038.75, 1044.0, 1044.0, 1044.0, 1044.0, 1044.0, 1044.0, 1044.0, 1044.0]
exp043-n1036-k08-d180-bs60-f1.732-r02:000007.736: Loop 1/100
exp043-n1036-k08-d180-bs60-f1.732-r02:001271.663: log(exp-norms): [1036.0, 1037.96, 1039.92]
exp043-n1036-k08-d180-bs60-f1.732-r02:001271.664: log(norms):     [1036.0, 1038.75, 1042.78, 1043.04, 1043.12, 1043.21, 1043.05, 1043.06, 1043.35, 1043.17]
exp043-n1036-k08-d180-bs60-f1.732-r02:001271.697: (1264 sec)
exp043-n1036-k08-d180-bs60-f1.732-r02:001271.697: Loop 2/100
exp043-n1036-k08-d180-bs60-f1.732-r02:002269.462: log(exp-norms): [1036.0, 1037.96, 1039.92]
exp043-n1036-k08-d180-bs60-f1.732-r02:002269.463: log(norms):     [1036.0, 1038.75, 1042.42, 1042.49, 1042.51, 1042.57, 1042.59, 1042.59, 1042.66, 1042.52]
exp043-n1036-k08-d180-bs60-f1.732-r02:002269.496: (998 sec)
exp043-n1036-k08-d180-bs60-f1.732-r02:002269.497: Loop 3/100
exp043-n1036-k08-d180-bs60-f1.732-r02:003227.311: log(exp-norms): [1036.0, 1037.96, 1039.92]
exp043-n1036-k08-d180-bs60-f1.732-r02:003227.312: log(norms):     [1036.0, 1038.75, 1041.91, 1042.02, 1041.93, 1042.07, 1042.0, 1041.98, 1042.17, 1042.3]
exp043-n1036-k08-d180-bs60-f1.732-r02:003227.343: (958 sec)
exp043-n1036-k08-d180-bs60-f1.732-r02:003227.343: Loop 4/100
exp043-n1036-k08-d180-bs60-f1.732-r02:004184.284: log(exp-norms): [1036.0, 1037.96, 1039.92]
exp043-n1036-k08-d180-bs60-f1.732-r02:004184.284: log(norms):     [1036.0, 1038.75, 1041.61, 1041.69, 1041.79, 1041.87, 1041.89, 1041.8, 1041.7, 1041.8]
exp043-n1036-k08-d180-bs60-f1.732-r02:004184.315: (957 sec)
exp043-n1036-k08-d180-bs60-f1.732-r02:004184.315: Loop 5/100
exp043-n1036-k08-d180-bs60-f1.732-r02:005030.512: log(exp-norms): [1036.0, 1037.96, 1039.92]
exp043-n1036-k08-d180-bs60-f1.732-r02:005030.512: log(norms):     [1036.0, 1038.75, 1041.47, 1041.48, 1041.7, 1041.63, 1041.67, 1041.7, 1041.49, 1041.63]
exp043-n1036-k08-d180-bs60-f1.732-r02:005030.531: (847 sec)
exp043-n1036-k08-d180-bs60-f1.732-r02:005030.531: Loop 6/100
exp043-n1036-k08-d180-bs60-f1.732-r02:005812.497: log(exp-norms): [1036.0, 1037.96, 1039.92]
exp043-n1036-k08-d180-bs60-f1.732-r02:005812.498: log(norms):     [1036.0, 1038.75, 1041.4, 1041.42, 1041.53, 1041.46, 1041.43, 1041.44, 1041.48, 1041.51]
exp043-n1036-k08-d180-bs60-f1.732-r02:005812.516: (782 sec)
exp043-n1036-k08-d180-bs60-f1.732-r02:005812.517: Loop 7/100
exp043-n1036-k08-d180-bs60-f1.732-r02:006488.832: log(exp-norms): [1036.0, 1037.96, 1039.92]
exp043-n1036-k08-d180-bs60-f1.732-r02:006488.832: log(norms):     [1036.0, 1038.75, 1041.25, 1041.35, 1041.33, 1041.32, 1041.47, 1041.56, 1041.42, 1041.33]
exp043-n1036-k08-d180-bs60-f1.732-r02:006488.862: (677 sec)
exp043-n1036-k08-d180-bs60-f1.732-r02:006488.862: Loop 8/100
exp043-n1036-k08-d180-bs60-f1.732-r02:007176.009: log(exp-norms): [1036.0, 1037.96, 1039.92]
exp043-n1036-k08-d180-bs60-f1.732-r02:007176.010: log(norms):     [1036.0, 1037.94, 1038.75, 1041.25, 1041.27, 1041.25, 1041.32, 1041.34, 1041.55, 1041.34]
exp043-n1036-k08-d180-bs60-f1.732-r02:007176.028: (688 sec)
exp043-n1036-k08-d180-bs60-f1.732-r02:007176.029: ==========================Summary===========================
exp043-n1036-k08-d180-bs60-f1.732-r02:007176.029: Total time: 7176sec
exp043-n1036-k08-d180-bs60-f1.732-r02:007176.029: SUCCESS
exp043-n1036-k08-d180-bs60-f1.732-r02:007176.029: HNP solution: 344904821120746228266612753649068804591071367502649158533317314641723545052879930423966618962280649876901290533765992405726814108695569993850119552576871873088739017613556150730200333913827403444445011808449266653030685522221166861718505740323320546701520317364821808207566390894669481380016192195446482960952076
exp043-n1036-k08-d180-bs60-f1.732-r02:007176.029: Shared secret: 344904821120746228266612753649068804591071367502649158533317314641723545052879930423966618962280649876901290533765992405726814108695569993850119552576871873088739017613556150730200333913827403444445011808449266653030685522221166861718505740323320546701520317364821808207566390894669481380016192195446482960952076
exp043-n1036-k08-d180-bs60-f1.732-r02:007176.029: SUMMARY:n:1036:k:8:d:180:bs:60:t:7176:r:True
