exp041-n1036-k08-d180-bs60-f1.732-r00:000000.346: ==========================Instance==========================
exp041-n1036-k08-d180-bs60-f1.732-r00:000000.347: # of equations: 180
exp041-n1036-k08-d180-bs60-f1.732-r00:000000.348: Gap: 3.88
exp041-n1036-k08-d180-bs60-f1.732-r00:000000.351: Tau: 4.61
exp041-n1036-k08-d180-bs60-f1.732-r00:000000.351: ======================BKZ-60 reduction======================
exp041-n1036-k08-d180-bs60-f1.732-r00:000002.782: Expectedly achievable log(norm): 1041.20
exp041-n1036-k08-d180-bs60-f1.732-r00:000007.385: log(exp-norms): [1036.0, 1037.96, 1039.92]
exp041-n1036-k08-d180-bs60-f1.732-r00:000007.385: log(norms):     [1046.85, 1038.75, 1044.0, 1044.0, 1044.0, 1044.0, 1044.0, 1044.0, 1044.0, 1044.0]
exp041-n1036-k08-d180-bs60-f1.732-r00:000007.510: Loop 1/100
exp041-n1036-k08-d180-bs60-f1.732-r00:001262.291: log(exp-norms): [1036.0, 1037.96, 1039.92]
exp041-n1036-k08-d180-bs60-f1.732-r00:001262.292: log(norms):     [1036.0, 1038.75, 1042.78, 1043.04, 1043.12, 1043.21, 1043.05, 1043.06, 1043.35, 1043.17]
exp041-n1036-k08-d180-bs60-f1.732-r00:001262.311: (1255 sec)
exp041-n1036-k08-d180-bs60-f1.732-r00:001262.312: Loop 2/100
exp041-n1036-k08-d180-bs60-f1.732-r00:002135.087: log(exp-norms): [1036.0, 1037.96, 1039.92]
exp041-n1036-k08-d180-bs60-f1.732-r00:002135.088: log(norms):     [1036.0, 1038.75, 1042.42, 1042.49, 1042.51, 1042.57, 1042.59, 1042.59, 1042.66, 1042.52]
exp041-n1036-k08-d180-bs60-f1.732-r00:002135.108: (873 sec)
exp041-n1036-k08-d180-bs60-f1.732-r00:002135.108: Loop 3/100
exp041-n1036-k08-d180-bs60-f1.732-r00:003047.096: log(exp-norms): [1036.0, 1037.96, 1039.92]
exp041-n1036-k08-d180-bs60-f1.732-r00:003047.097: log(norms):     [1036.0, 1038.75, 1041.91, 1042.02, 1041.93, 1042.07, 1042.0, 1041.98, 1042.17, 1042.3]
exp041-n1036-k08-d180-bs60-f1.732-r00:003047.126: (913 sec)
exp041-n1036-k08-d180-bs60-f1.732-r00:003047.127: Loop 4/100
exp041-n1036-k08-d180-bs60-f1.732-r00:003925.598: log(exp-norms): [1036.0, 1037.96, 1039.92]
exp041-n1036-k08-d180-bs60-f1.732-r00:003925.599: log(norms):     [1036.0, 1038.75, 1041.61, 1041.69, 1041.79, 1041.87, 1041.89, 1041.8, 1041.7, 1041.8]
exp041-n1036-k08-d180-bs60-f1.732-r00:003925.617: (879 sec)
exp041-n1036-k08-d180-bs60-f1.732-r00:003925.617: Loop 5/100
exp041-n1036-k08-d180-bs60-f1.732-r00:004820.143: log(exp-norms): [1036.0, 1037.96, 1039.92]
exp041-n1036-k08-d180-bs60-f1.732-r00:004820.143: log(norms):     [1036.0, 1038.75, 1041.47, 1041.48, 1041.7, 1041.63, 1041.67, 1041.7, 1041.49, 1041.63]
exp041-n1036-k08-d180-bs60-f1.732-r00:004820.172: (895 sec)
exp041-n1036-k08-d180-bs60-f1.732-r00:004820.173: Loop 6/100
exp041-n1036-k08-d180-bs60-f1.732-r00:005688.084: log(exp-norms): [1036.0, 1037.96, 1039.92]
exp041-n1036-k08-d180-bs60-f1.732-r00:005688.086: log(norms):     [1036.0, 1038.75, 1041.4, 1041.42, 1041.53, 1041.46, 1041.43, 1041.44, 1041.48, 1041.51]
exp041-n1036-k08-d180-bs60-f1.732-r00:005688.117: (868 sec)
exp041-n1036-k08-d180-bs60-f1.732-r00:005688.118: Loop 7/100
exp041-n1036-k08-d180-bs60-f1.732-r00:006418.262: log(exp-norms): [1036.0, 1037.96, 1039.92]
exp041-n1036-k08-d180-bs60-f1.732-r00:006418.262: log(norms):     [1036.0, 1038.75, 1041.25, 1041.35, 1041.33, 1041.32, 1041.47, 1041.56, 1041.42, 1041.33]
exp041-n1036-k08-d180-bs60-f1.732-r00:006418.285: (731 sec)
exp041-n1036-k08-d180-bs60-f1.732-r00:006418.285: Loop 8/100
exp041-n1036-k08-d180-bs60-f1.732-r00:007124.479: log(exp-norms): [1036.0, 1037.96, 1039.92]
exp041-n1036-k08-d180-bs60-f1.732-r00:007124.479: log(norms):     [1036.0, 1037.94, 1038.75, 1041.25, 1041.27, 1041.25, 1041.32, 1041.34, 1041.55, 1041.34]
exp041-n1036-k08-d180-bs60-f1.732-r00:007124.498: (707 sec)
exp041-n1036-k08-d180-bs60-f1.732-r00:007124.498: ==========================Summary===========================
exp041-n1036-k08-d180-bs60-f1.732-r00:007124.498: Total time: 7125sec
exp041-n1036-k08-d180-bs60-f1.732-r00:007124.498: SUCCESS
exp041-n1036-k08-d180-bs60-f1.732-r00:007124.498: HNP solution: 344904821120746228266612753649068804591071367502649158533317314641723545052879930423966618962280649876901290533765992405726814108695569993850119552576871873088739017613556150730200333913827403444445011808449266653030685522221166861718505740323320546701520317364821808207566390894669481380016192195446482960952076
exp041-n1036-k08-d180-bs60-f1.732-r00:007124.498: Shared secret: 344904821120746228266612753649068804591071367502649158533317314641723545052879930423966618962280649876901290533765992405726814108695569993850119552576871873088739017613556150730200333913827403444445011808449266653030685522221166861718505740323320546701520317364821808207566390894669481380016192195446482960952076
exp041-n1036-k08-d180-bs60-f1.732-r00:007124.498: SUMMARY:n:1036:k:8:d:180:bs:60:t:7125:r:True
