exp007-n1024-k08-d180-bs60-f1.000-r06:000000.198: ==========================Instance==========================
exp007-n1024-k08-d180-bs60-f1.000-r06:000000.198: # of equations: 180
exp007-n1024-k08-d180-bs60-f1.000-r06:000000.200: Gap: 2.84
exp007-n1024-k08-d180-bs60-f1.000-r06:000000.204: Tau: 2.47
exp007-n1024-k08-d180-bs60-f1.000-r06:000000.205: ======================BKZ-60 reduction======================
exp007-n1024-k08-d180-bs60-f1.000-r06:000004.739: Expectedly achievable log(norm): 1028.22
exp007-n1024-k08-d180-bs60-f1.000-r06:000009.587: log(exp-norms): [1023.47, 1025.43, 1026.94]
exp007-n1024-k08-d180-bs60-f1.000-r06:000009.588: log(norms):     [1033.92, 1026.23, 1030.94, 1030.94, 1030.94, 1030.94, 1030.94, 1030.94, 1030.94, 1030.94]
exp007-n1024-k08-d180-bs60-f1.000-r06:000009.712: Loop 1/100
exp007-n1024-k08-d180-bs60-f1.000-r06:001272.323: log(exp-norms): [1023.47, 1025.43, 1026.94]
exp007-n1024-k08-d180-bs60-f1.000-r06:001272.324: log(norms):     [1026.23, 1030.15, 1030.17, 1030.29, 1030.17, 1030.12, 1030.3, 1030.27, 1030.27, 1030.1]
exp007-n1024-k08-d180-bs60-f1.000-r06:001272.355: (1263 sec)
exp007-n1024-k08-d180-bs60-f1.000-r06:001272.355: Loop 2/100
exp007-n1024-k08-d180-bs60-f1.000-r06:002333.284: log(exp-norms): [1023.47, 1025.43, 1026.94]
exp007-n1024-k08-d180-bs60-f1.000-r06:002333.285: log(norms):     [1023.47, 1026.23, 1029.49, 1029.52, 1029.54, 1029.73, 1029.57, 1029.72, 1029.55, 1029.8]
exp007-n1024-k08-d180-bs60-f1.000-r06:002333.308: (1061 sec)
exp007-n1024-k08-d180-bs60-f1.000-r06:002333.308: Loop 3/100
exp007-n1024-k08-d180-bs60-f1.000-r06:003372.372: log(exp-norms): [1023.47, 1025.43, 1026.94]
exp007-n1024-k08-d180-bs60-f1.000-r06:003372.373: log(norms):     [1023.47, 1026.23, 1028.93, 1029.04, 1029.06, 1029.07, 1029.14, 1029.06, 1029.14, 1029.21]
exp007-n1024-k08-d180-bs60-f1.000-r06:003372.403: (1040 sec)
exp007-n1024-k08-d180-bs60-f1.000-r06:003372.404: Loop 4/100
exp007-n1024-k08-d180-bs60-f1.000-r06:004359.002: log(exp-norms): [1023.47, 1025.43, 1026.94]
exp007-n1024-k08-d180-bs60-f1.000-r06:004359.003: log(norms):     [1023.47, 1026.23, 1028.71, 1028.72, 1028.79, 1028.86, 1028.86, 1029.0, 1028.8, 1028.96]
exp007-n1024-k08-d180-bs60-f1.000-r06:004359.034: (987 sec)
exp007-n1024-k08-d180-bs60-f1.000-r06:004359.035: Loop 5/100
exp007-n1024-k08-d180-bs60-f1.000-r06:005204.662: log(exp-norms): [1023.47, 1025.43, 1026.94]
exp007-n1024-k08-d180-bs60-f1.000-r06:005204.663: log(norms):     [1023.47, 1026.23, 1028.52, 1028.52, 1028.52, 1028.63, 1028.55, 1028.78, 1028.68, 1028.62]
exp007-n1024-k08-d180-bs60-f1.000-r06:005204.681: (846 sec)
exp007-n1024-k08-d180-bs60-f1.000-r06:005204.682: Loop 6/100
exp007-n1024-k08-d180-bs60-f1.000-r06:005996.662: log(exp-norms): [1023.47, 1025.43, 1026.94]
exp007-n1024-k08-d180-bs60-f1.000-r06:005996.663: log(norms):     [1023.47, 1026.23, 1028.4, 1028.42, 1028.38, 1028.55, 1028.66, 1028.56, 1028.61, 1028.49]
exp007-n1024-k08-d180-bs60-f1.000-r06:005996.681: (792 sec)
exp007-n1024-k08-d180-bs60-f1.000-r06:005996.682: Loop 7/100
exp007-n1024-k08-d180-bs60-f1.000-r06:006685.812: log(exp-norms): [1023.47, 1025.43, 1026.94]
exp007-n1024-k08-d180-bs60-f1.000-r06:006685.813: log(norms):     [1023.47, 1026.23, 1028.29, 1028.32, 1028.34, 1028.38, 1028.52, 1028.44, 1028.28, 1028.48]
exp007-n1024-k08-d180-bs60-f1.000-r06:006685.831: (690 sec)
exp007-n1024-k08-d180-bs60-f1.000-r06:006685.831: Loop 8/100
exp007-n1024-k08-d180-bs60-f1.000-r06:007336.895: log(exp-norms): [1023.47, 1025.43, 1026.94]
exp007-n1024-k08-d180-bs60-f1.000-r06:007336.896: log(norms):     [1023.47, 1026.23, 1028.23, 1028.28, 1028.32, 1028.55, 1028.41, 1028.37, 1028.31, 1028.53]
exp007-n1024-k08-d180-bs60-f1.000-r06:007336.914: (652 sec)
exp007-n1024-k08-d180-bs60-f1.000-r06:007336.914: Loop 9/100
exp007-n1024-k08-d180-bs60-f1.000-r06:007967.797: log(exp-norms): [1023.47, 1025.43, 1026.94]
exp007-n1024-k08-d180-bs60-f1.000-r06:007967.798: log(norms):     [1023.47, 1026.23, 1028.23, 1028.33, 1028.28, 1028.37, 1028.35, 1028.38, 1028.4, 1028.31]
exp007-n1024-k08-d180-bs60-f1.000-r06:007967.816: (631 sec)
exp007-n1024-k08-d180-bs60-f1.000-r06:007967.816: Loop 10/100
exp007-n1024-k08-d180-bs60-f1.000-r06:008612.093: log(exp-norms): [1023.47, 1025.43, 1026.94]
exp007-n1024-k08-d180-bs60-f1.000-r06:008612.093: log(norms):     [1023.47, 1026.23, 1028.23, 1028.33, 1028.28, 1028.37, 1028.4, 1028.35, 1028.31, 1028.35]
exp007-n1024-k08-d180-bs60-f1.000-r06:008612.111: (645 sec)
exp007-n1024-k08-d180-bs60-f1.000-r06:008612.112: Loop 11/100
exp007-n1024-k08-d180-bs60-f1.000-r06:009253.079: log(exp-norms): [1023.47, 1025.43, 1026.94]
exp007-n1024-k08-d180-bs60-f1.000-r06:009253.079: log(norms):     [1023.47, 1026.23, 1028.2, 1028.23, 1028.35, 1028.33, 1028.28, 1028.37, 1028.4, 1028.39]
exp007-n1024-k08-d180-bs60-f1.000-r06:009253.097: (641 sec)
exp007-n1024-k08-d180-bs60-f1.000-r06:009253.097: Loop 12/100
exp007-n1024-k08-d180-bs60-f1.000-r06:009913.291: log(exp-norms): [1023.47, 1025.43, 1026.94]
exp007-n1024-k08-d180-bs60-f1.000-r06:009913.291: log(norms):     [1023.47, 1026.23, 1028.17, 1028.23, 1028.2, 1028.35, 1028.28, 1028.38, 1028.4, 1028.45]
exp007-n1024-k08-d180-bs60-f1.000-r06:009913.309: (661 sec)
exp007-n1024-k08-d180-bs60-f1.000-r06:009913.309: Loop 13/100
exp007-n1024-k08-d180-bs60-f1.000-r06:010548.374: log(exp-norms): [1023.47, 1025.43, 1026.94]
exp007-n1024-k08-d180-bs60-f1.000-r06:010548.374: log(norms):     [1023.47, 1026.23, 1028.17, 1028.23, 1028.2, 1028.35, 1028.4, 1028.28, 1028.26, 1028.46]
exp007-n1024-k08-d180-bs60-f1.000-r06:010548.392: (636 sec)
exp007-n1024-k08-d180-bs60-f1.000-r06:010548.392: Loop 14/100
exp007-n1024-k08-d180-bs60-f1.000-r06:011212.222: log(exp-norms): [1023.47, 1025.43, 1026.94]
exp007-n1024-k08-d180-bs60-f1.000-r06:011212.223: log(norms):     [1023.47, 1026.23, 1028.17, 1028.23, 1028.2, 1028.35, 1028.4, 1028.45, 1028.28, 1028.26]
exp007-n1024-k08-d180-bs60-f1.000-r06:011212.241: (664 sec)
exp007-n1024-k08-d180-bs60-f1.000-r06:011212.241: Loop 15/100
exp007-n1024-k08-d180-bs60-f1.000-r06:012064.597: log(exp-norms): [1023.47, 1025.43, 1026.94]
exp007-n1024-k08-d180-bs60-f1.000-r06:012064.598: log(norms):     [1023.47, 1026.23, 1028.17, 1028.23, 1028.2, 1028.35, 1028.4, 1028.45, 1028.28, 1028.26]
exp007-n1024-k08-d180-bs60-f1.000-r06:012064.628: (853 sec)
exp007-n1024-k08-d180-bs60-f1.000-r06:012064.628: Loop 16/100
exp007-n1024-k08-d180-bs60-f1.000-r06:013052.327: log(exp-norms): [1023.47, 1025.43, 1026.94]
exp007-n1024-k08-d180-bs60-f1.000-r06:013052.328: log(norms):     [1023.47, 1026.23, 1028.17, 1028.23, 1028.21, 1028.26, 1028.48, 1028.19, 1028.2, 1028.35]
exp007-n1024-k08-d180-bs60-f1.000-r06:013052.358: (988 sec)
exp007-n1024-k08-d180-bs60-f1.000-r06:013052.358: Loop 17/100
exp007-n1024-k08-d180-bs60-f1.000-r06:014110.682: log(exp-norms): [1023.47, 1025.43, 1026.94]
exp007-n1024-k08-d180-bs60-f1.000-r06:014110.683: log(norms):     [1023.47, 1026.23, 1028.17, 1028.23, 1028.27, 1028.37, 1028.38, 1028.21, 1028.19, 1028.26]
exp007-n1024-k08-d180-bs60-f1.000-r06:014110.702: (1059 sec)
exp007-n1024-k08-d180-bs60-f1.000-r06:014110.702: Loop 18/100
exp007-n1024-k08-d180-bs60-f1.000-r06:015090.392: log(exp-norms): [1023.47, 1025.43, 1026.94]
exp007-n1024-k08-d180-bs60-f1.000-r06:015090.393: log(norms):     [1023.47, 1026.23, 1028.17, 1028.23, 1028.27, 1028.37, 1028.31, 1028.45, 1028.33, 1028.48]
exp007-n1024-k08-d180-bs60-f1.000-r06:015090.412: (980 sec)
exp007-n1024-k08-d180-bs60-f1.000-r06:015090.412: Loop 19/100
exp007-n1024-k08-d180-bs60-f1.000-r06:016095.751: log(exp-norms): [1023.47, 1025.43, 1026.94]
exp007-n1024-k08-d180-bs60-f1.000-r06:016095.752: log(norms):     [1023.47, 1026.23, 1028.17, 1028.23, 1028.24, 1028.27, 1028.37, 1028.31, 1028.42, 1028.41]
exp007-n1024-k08-d180-bs60-f1.000-r06:016095.781: (1006 sec)
exp007-n1024-k08-d180-bs60-f1.000-r06:016095.782: Loop 20/100
exp007-n1024-k08-d180-bs60-f1.000-r06:017157.440: log(exp-norms): [1023.47, 1025.43, 1026.94]
exp007-n1024-k08-d180-bs60-f1.000-r06:017157.441: log(norms):     [1023.47, 1026.23, 1028.17, 1028.23, 1028.24, 1028.27, 1028.35, 1028.37, 1028.36, 1028.38]
exp007-n1024-k08-d180-bs60-f1.000-r06:017157.471: (1062 sec)
exp007-n1024-k08-d180-bs60-f1.000-r06:017157.471: Loop 21/100
exp007-n1024-k08-d180-bs60-f1.000-r06:018166.297: log(exp-norms): [1023.47, 1025.43, 1026.94]
exp007-n1024-k08-d180-bs60-f1.000-r06:018166.297: log(norms):     [1023.47, 1026.23, 1028.17, 1028.23, 1028.24, 1028.27, 1028.35, 1028.37, 1028.5, 1028.36]
exp007-n1024-k08-d180-bs60-f1.000-r06:018166.317: (1009 sec)
exp007-n1024-k08-d180-bs60-f1.000-r06:018166.317: Loop 22/100
exp007-n1024-k08-d180-bs60-f1.000-r06:019122.834: log(exp-norms): [1023.47, 1025.43, 1026.94]
exp007-n1024-k08-d180-bs60-f1.000-r06:019122.835: log(norms):     [1023.47, 1026.23, 1028.14, 1028.17, 1028.23, 1028.24, 1028.27, 1028.35, 1028.55, 1028.34]
exp007-n1024-k08-d180-bs60-f1.000-r06:019122.864: (957 sec)
exp007-n1024-k08-d180-bs60-f1.000-r06:019122.865: Loop 23/100
exp007-n1024-k08-d180-bs60-f1.000-r06:020110.178: log(exp-norms): [1023.47, 1025.43, 1026.94]
exp007-n1024-k08-d180-bs60-f1.000-r06:020110.179: log(norms):     [1023.47, 1026.23, 1028.14, 1028.17, 1028.23, 1028.24, 1028.27, 1028.25, 1028.41, 1028.35]
exp007-n1024-k08-d180-bs60-f1.000-r06:020110.210: (988 sec)
exp007-n1024-k08-d180-bs60-f1.000-r06:020110.211: Loop 24/100
exp007-n1024-k08-d180-bs60-f1.000-r06:021097.943: log(exp-norms): [1023.47, 1025.43, 1026.94]
exp007-n1024-k08-d180-bs60-f1.000-r06:021097.943: log(norms):     [1023.47, 1026.23, 1028.14, 1028.17, 1028.23, 1028.24, 1028.27, 1028.25, 1028.45, 1028.41]
exp007-n1024-k08-d180-bs60-f1.000-r06:021097.962: (988 sec)
exp007-n1024-k08-d180-bs60-f1.000-r06:021097.962: Loop 25/100
exp007-n1024-k08-d180-bs60-f1.000-r06:021864.740: log(exp-norms): [1023.47, 1025.43, 1026.94]
exp007-n1024-k08-d180-bs60-f1.000-r06:021864.740: log(norms):     [1023.47, 1026.23, 1028.14, 1028.17, 1028.23, 1028.24, 1028.27, 1028.25, 1028.45, 1028.41]
exp007-n1024-k08-d180-bs60-f1.000-r06:021864.759: (767 sec)
exp007-n1024-k08-d180-bs60-f1.000-r06:021864.759: Loop 26/100
exp007-n1024-k08-d180-bs60-f1.000-r06:022603.410: log(exp-norms): [1023.47, 1025.43, 1026.94]
exp007-n1024-k08-d180-bs60-f1.000-r06:022603.411: log(norms):     [1023.47, 1026.23, 1028.14, 1028.17, 1028.2, 1028.2, 1028.31, 1028.27, 1028.25, 1028.26]
exp007-n1024-k08-d180-bs60-f1.000-r06:022603.433: (739 sec)
exp007-n1024-k08-d180-bs60-f1.000-r06:022603.433: Loop 27/100
exp007-n1024-k08-d180-bs60-f1.000-r06:023359.959: log(exp-norms): [1023.47, 1025.43, 1026.94]
exp007-n1024-k08-d180-bs60-f1.000-r06:023359.959: log(norms):     [1023.47, 1026.23, 1028.14, 1028.17, 1028.2, 1028.36, 1028.25, 1028.26, 1028.24, 1028.27]
exp007-n1024-k08-d180-bs60-f1.000-r06:023359.989: (757 sec)
exp007-n1024-k08-d180-bs60-f1.000-r06:023359.990: Loop 28/100
exp007-n1024-k08-d180-bs60-f1.000-r06:024143.574: log(exp-norms): [1023.47, 1025.43, 1026.94]
exp007-n1024-k08-d180-bs60-f1.000-r06:024143.575: log(norms):     [1023.47, 1026.23, 1028.14, 1028.17, 1028.2, 1028.36, 1028.25, 1028.26, 1028.24, 1028.27]
exp007-n1024-k08-d180-bs60-f1.000-r06:024143.609: (784 sec)
exp007-n1024-k08-d180-bs60-f1.000-r06:024143.609: Loop 29/100
exp007-n1024-k08-d180-bs60-f1.000-r06:024860.395: log(exp-norms): [1023.47, 1025.43, 1026.94]
exp007-n1024-k08-d180-bs60-f1.000-r06:024860.396: log(norms):     [1023.47, 1026.23, 1028.14, 1028.29, 1028.17, 1028.25, 1028.23, 1028.36, 1028.32, 1028.2]
exp007-n1024-k08-d180-bs60-f1.000-r06:024860.414: (717 sec)
exp007-n1024-k08-d180-bs60-f1.000-r06:024860.414: Loop 30/100
exp007-n1024-k08-d180-bs60-f1.000-r06:025516.986: log(exp-norms): [1023.47, 1025.43, 1026.94]
exp007-n1024-k08-d180-bs60-f1.000-r06:025516.986: log(norms):     [1023.47, 1026.23, 1028.14, 1028.29, 1028.17, 1028.25, 1028.23, 1028.36, 1028.33, 1028.35]
exp007-n1024-k08-d180-bs60-f1.000-r06:025517.005: (657 sec)
exp007-n1024-k08-d180-bs60-f1.000-r06:025517.005: Loop 31/100
exp007-n1024-k08-d180-bs60-f1.000-r06:026149.888: log(exp-norms): [1023.47, 1025.43, 1026.94]
exp007-n1024-k08-d180-bs60-f1.000-r06:026149.888: log(norms):     [1023.47, 1026.23, 1028.14, 1028.29, 1028.17, 1028.25, 1028.23, 1028.36, 1028.33, 1028.35]
exp007-n1024-k08-d180-bs60-f1.000-r06:026149.906: (633 sec)
exp007-n1024-k08-d180-bs60-f1.000-r06:026149.906: Loop 32/100
exp007-n1024-k08-d180-bs60-f1.000-r06:026809.425: log(exp-norms): [1023.47, 1025.43, 1026.94]
exp007-n1024-k08-d180-bs60-f1.000-r06:026809.426: log(norms):     [1023.47, 1026.23, 1028.14, 1028.29, 1028.17, 1028.25, 1028.23, 1028.36, 1028.33, 1028.35]
exp007-n1024-k08-d180-bs60-f1.000-r06:026809.444: (660 sec)
exp007-n1024-k08-d180-bs60-f1.000-r06:026809.444: Loop 33/100
exp007-n1024-k08-d180-bs60-f1.000-r06:027461.999: log(exp-norms): [1023.47, 1025.43, 1026.94]
exp007-n1024-k08-d180-bs60-f1.000-r06:027461.999: log(norms):     [1023.47, 1026.23, 1028.14, 1028.29, 1028.21, 1028.17, 1028.25, 1028.4, 1028.32, 1028.33]
exp007-n1024-k08-d180-bs60-f1.000-r06:027462.017: (653 sec)
exp007-n1024-k08-d180-bs60-f1.000-r06:027462.018: Loop 34/100
exp007-n1024-k08-d180-bs60-f1.000-r06:028121.470: log(exp-norms): [1023.47, 1025.43, 1026.94]
exp007-n1024-k08-d180-bs60-f1.000-r06:028121.471: log(norms):     [1023.47, 1026.23, 1028.14, 1028.29, 1028.21, 1028.17, 1028.25, 1028.4, 1028.32, 1028.33]
exp007-n1024-k08-d180-bs60-f1.000-r06:028121.489: (660 sec)
exp007-n1024-k08-d180-bs60-f1.000-r06:028121.490: Loop 35/100
exp007-n1024-k08-d180-bs60-f1.000-r06:028742.225: log(exp-norms): [1023.47, 1025.43, 1026.94]
exp007-n1024-k08-d180-bs60-f1.000-r06:028742.226: log(norms):     [1023.47, 1026.23, 1028.14, 1028.29, 1028.21, 1028.17, 1028.25, 1028.4, 1028.32, 1028.33]
exp007-n1024-k08-d180-bs60-f1.000-r06:028742.244: (621 sec)
exp007-n1024-k08-d180-bs60-f1.000-r06:028742.244: Loop 36/100
exp007-n1024-k08-d180-bs60-f1.000-r06:029381.370: log(exp-norms): [1023.47, 1025.43, 1026.94]
exp007-n1024-k08-d180-bs60-f1.000-r06:029381.371: log(norms):     [1023.47, 1026.23, 1028.14, 1028.29, 1028.21, 1028.17, 1028.25, 1028.4, 1028.32, 1028.33]
exp007-n1024-k08-d180-bs60-f1.000-r06:029381.389: (640 sec)
exp007-n1024-k08-d180-bs60-f1.000-r06:029381.389: Loop 37/100
exp007-n1024-k08-d180-bs60-f1.000-r06:030008.897: log(exp-norms): [1023.47, 1025.43, 1026.94]
exp007-n1024-k08-d180-bs60-f1.000-r06:030008.897: log(norms):     [1023.47, 1026.23, 1028.14, 1028.29, 1028.21, 1028.17, 1028.25, 1028.4, 1028.32, 1028.33]
exp007-n1024-k08-d180-bs60-f1.000-r06:030008.915: (628 sec)
exp007-n1024-k08-d180-bs60-f1.000-r06:030008.916: Loop 38/100
exp007-n1024-k08-d180-bs60-f1.000-r06:030638.743: log(exp-norms): [1023.47, 1025.43, 1026.94]
exp007-n1024-k08-d180-bs60-f1.000-r06:030638.744: log(norms):     [1023.47, 1026.23, 1028.14, 1028.29, 1028.21, 1028.17, 1028.25, 1028.4, 1028.32, 1028.33]
exp007-n1024-k08-d180-bs60-f1.000-r06:030638.762: (630 sec)
exp007-n1024-k08-d180-bs60-f1.000-r06:030638.762: Loop 39/100
exp007-n1024-k08-d180-bs60-f1.000-r06:031294.078: log(exp-norms): [1023.47, 1025.43, 1026.94]
exp007-n1024-k08-d180-bs60-f1.000-r06:031294.079: log(norms):     [1023.47, 1026.23, 1028.14, 1028.29, 1028.21, 1028.17, 1028.25, 1028.4, 1028.32, 1028.33]
exp007-n1024-k08-d180-bs60-f1.000-r06:031294.097: (656 sec)
exp007-n1024-k08-d180-bs60-f1.000-r06:031294.097: Loop 40/100
exp007-n1024-k08-d180-bs60-f1.000-r06:031958.418: log(exp-norms): [1023.47, 1025.43, 1026.94]
exp007-n1024-k08-d180-bs60-f1.000-r06:031958.419: log(norms):     [1023.47, 1026.23, 1028.14, 1028.29, 1028.21, 1028.17, 1028.25, 1028.4, 1028.32, 1028.33]
exp007-n1024-k08-d180-bs60-f1.000-r06:031958.441: (665 sec)
exp007-n1024-k08-d180-bs60-f1.000-r06:031958.441: Loop 41/100
exp007-n1024-k08-d180-bs60-f1.000-r06:032631.923: log(exp-norms): [1023.47, 1025.43, 1026.94]
exp007-n1024-k08-d180-bs60-f1.000-r06:032631.923: log(norms):     [1023.47, 1026.23, 1028.14, 1028.29, 1028.35, 1028.21, 1028.18, 1028.23, 1028.33, 1028.39]
exp007-n1024-k08-d180-bs60-f1.000-r06:032631.942: (674 sec)
exp007-n1024-k08-d180-bs60-f1.000-r06:032631.942: Loop 42/100
exp007-n1024-k08-d180-bs60-f1.000-r06:033308.183: log(exp-norms): [1023.47, 1025.43, 1026.94]
exp007-n1024-k08-d180-bs60-f1.000-r06:033308.184: log(norms):     [1023.47, 1026.23, 1028.14, 1028.29, 1028.35, 1028.21, 1028.18, 1028.23, 1028.33, 1028.46]
exp007-n1024-k08-d180-bs60-f1.000-r06:033308.202: (677 sec)
exp007-n1024-k08-d180-bs60-f1.000-r06:033308.203: Loop 43/100
exp007-n1024-k08-d180-bs60-f1.000-r06:033972.908: log(exp-norms): [1023.47, 1025.43, 1026.94]
exp007-n1024-k08-d180-bs60-f1.000-r06:033972.908: log(norms):     [1023.47, 1026.23, 1028.14, 1028.29, 1028.35, 1028.21, 1028.18, 1028.23, 1028.33, 1028.46]
exp007-n1024-k08-d180-bs60-f1.000-r06:033972.926: (665 sec)
exp007-n1024-k08-d180-bs60-f1.000-r06:033972.927: Loop 44/100
exp007-n1024-k08-d180-bs60-f1.000-r06:034635.460: log(exp-norms): [1023.47, 1025.43, 1026.94]
exp007-n1024-k08-d180-bs60-f1.000-r06:034635.462: log(norms):     [1023.47, 1026.23, 1028.14, 1028.15, 1028.18, 1028.35, 1028.31, 1028.21, 1028.37, 1028.39]
exp007-n1024-k08-d180-bs60-f1.000-r06:034635.480: (663 sec)
exp007-n1024-k08-d180-bs60-f1.000-r06:034635.480: Loop 45/100
exp007-n1024-k08-d180-bs60-f1.000-r06:035288.644: log(exp-norms): [1023.47, 1025.43, 1026.94]
exp007-n1024-k08-d180-bs60-f1.000-r06:035288.645: log(norms):     [1023.47, 1026.23, 1028.14, 1028.15, 1028.33, 1028.18, 1028.35, 1028.31, 1028.21, 1028.25]
exp007-n1024-k08-d180-bs60-f1.000-r06:035288.663: (654 sec)
exp007-n1024-k08-d180-bs60-f1.000-r06:035288.664: Loop 46/100
exp007-n1024-k08-d180-bs60-f1.000-r06:035950.191: log(exp-norms): [1023.47, 1025.43, 1026.94]
exp007-n1024-k08-d180-bs60-f1.000-r06:035950.192: log(norms):     [1023.47, 1026.23, 1028.14, 1028.15, 1028.33, 1028.18, 1028.35, 1028.31, 1028.21, 1028.25]
exp007-n1024-k08-d180-bs60-f1.000-r06:035950.210: (662 sec)
exp007-n1024-k08-d180-bs60-f1.000-r06:035950.211: Loop 47/100
exp007-n1024-k08-d180-bs60-f1.000-r06:036604.429: log(exp-norms): [1023.47, 1025.43, 1026.94]
exp007-n1024-k08-d180-bs60-f1.000-r06:036604.430: log(norms):     [1023.47, 1026.23, 1028.14, 1028.15, 1028.33, 1028.18, 1028.35, 1028.31, 1028.21, 1028.25]
exp007-n1024-k08-d180-bs60-f1.000-r06:036604.448: (655 sec)
exp007-n1024-k08-d180-bs60-f1.000-r06:036604.448: Loop 48/100
exp007-n1024-k08-d180-bs60-f1.000-r06:037281.187: log(exp-norms): [1023.47, 1025.43, 1026.94]
exp007-n1024-k08-d180-bs60-f1.000-r06:037281.188: log(norms):     [1023.47, 1026.23, 1028.14, 1028.15, 1028.33, 1028.18, 1028.35, 1028.31, 1028.29, 1028.21]
exp007-n1024-k08-d180-bs60-f1.000-r06:037281.206: (677 sec)
exp007-n1024-k08-d180-bs60-f1.000-r06:037281.206: Loop 49/100
exp007-n1024-k08-d180-bs60-f1.000-r06:037958.505: log(exp-norms): [1023.47, 1025.43, 1026.94]
exp007-n1024-k08-d180-bs60-f1.000-r06:037958.506: log(norms):     [1023.47, 1026.23, 1028.14, 1028.15, 1028.33, 1028.18, 1028.35, 1028.31, 1028.29, 1028.43]
exp007-n1024-k08-d180-bs60-f1.000-r06:037958.524: (678 sec)
exp007-n1024-k08-d180-bs60-f1.000-r06:037958.524: Loop 50/100
exp007-n1024-k08-d180-bs60-f1.000-r06:038640.420: log(exp-norms): [1023.47, 1025.43, 1026.94]
exp007-n1024-k08-d180-bs60-f1.000-r06:038640.420: log(norms):     [1023.47, 1026.23, 1028.14, 1028.15, 1028.33, 1028.18, 1028.35, 1028.31, 1028.29, 1028.43]
exp007-n1024-k08-d180-bs60-f1.000-r06:038640.438: (682 sec)
exp007-n1024-k08-d180-bs60-f1.000-r06:038640.439: Loop 51/100
exp007-n1024-k08-d180-bs60-f1.000-r06:039309.928: log(exp-norms): [1023.47, 1025.43, 1026.94]
exp007-n1024-k08-d180-bs60-f1.000-r06:039309.929: log(norms):     [1023.47, 1026.23, 1028.14, 1028.15, 1028.33, 1028.18, 1028.35, 1028.31, 1028.29, 1028.43]
exp007-n1024-k08-d180-bs60-f1.000-r06:039309.947: (670 sec)
exp007-n1024-k08-d180-bs60-f1.000-r06:039309.947: Loop 52/100
exp007-n1024-k08-d180-bs60-f1.000-r06:039973.189: log(exp-norms): [1023.47, 1025.43, 1026.94]
exp007-n1024-k08-d180-bs60-f1.000-r06:039973.189: log(norms):     [1023.47, 1026.23, 1028.14, 1028.15, 1028.33, 1028.25, 1028.19, 1028.31, 1028.43, 1028.22]
exp007-n1024-k08-d180-bs60-f1.000-r06:039973.209: (664 sec)
exp007-n1024-k08-d180-bs60-f1.000-r06:039973.209: Loop 53/100
exp007-n1024-k08-d180-bs60-f1.000-r06:040644.327: log(exp-norms): [1023.47, 1025.43, 1026.94]
exp007-n1024-k08-d180-bs60-f1.000-r06:040644.327: log(norms):     [1023.47, 1026.23, 1028.14, 1028.15, 1028.33, 1028.25, 1028.19, 1028.22, 1028.47, 1028.55]
exp007-n1024-k08-d180-bs60-f1.000-r06:040644.346: (672 sec)
exp007-n1024-k08-d180-bs60-f1.000-r06:040644.346: Loop 54/100
exp007-n1024-k08-d180-bs60-f1.000-r06:041302.644: log(exp-norms): [1023.47, 1025.43, 1026.94]
exp007-n1024-k08-d180-bs60-f1.000-r06:041302.645: log(norms):     [1023.47, 1026.23, 1028.14, 1028.15, 1028.33, 1028.25, 1028.19, 1028.22, 1028.47, 1028.45]
exp007-n1024-k08-d180-bs60-f1.000-r06:041302.663: (659 sec)
exp007-n1024-k08-d180-bs60-f1.000-r06:041302.663: Loop 55/100
exp007-n1024-k08-d180-bs60-f1.000-r06:041986.963: log(exp-norms): [1023.47, 1025.43, 1026.94]
exp007-n1024-k08-d180-bs60-f1.000-r06:041986.963: log(norms):     [1023.47, 1026.23, 1028.14, 1028.15, 1028.33, 1028.25, 1028.19, 1028.22, 1028.47, 1028.45]
exp007-n1024-k08-d180-bs60-f1.000-r06:041986.982: (685 sec)
exp007-n1024-k08-d180-bs60-f1.000-r06:041986.982: Loop 56/100
exp007-n1024-k08-d180-bs60-f1.000-r06:042646.422: log(exp-norms): [1023.47, 1025.43, 1026.94]
exp007-n1024-k08-d180-bs60-f1.000-r06:042646.423: log(norms):     [1023.47, 1026.23, 1028.14, 1028.15, 1028.33, 1028.25, 1028.19, 1028.22, 1028.47, 1028.45]
exp007-n1024-k08-d180-bs60-f1.000-r06:042646.441: (660 sec)
exp007-n1024-k08-d180-bs60-f1.000-r06:042646.441: Loop 57/100
exp007-n1024-k08-d180-bs60-f1.000-r06:043307.000: log(exp-norms): [1023.47, 1025.43, 1026.94]
exp007-n1024-k08-d180-bs60-f1.000-r06:043307.000: log(norms):     [1023.47, 1026.23, 1028.14, 1028.14, 1028.15, 1028.33, 1028.25, 1028.22, 1028.47, 1028.19]
exp007-n1024-k08-d180-bs60-f1.000-r06:043307.018: (661 sec)
exp007-n1024-k08-d180-bs60-f1.000-r06:043307.019: Loop 58/100
exp007-n1024-k08-d180-bs60-f1.000-r06:043962.036: log(exp-norms): [1023.47, 1025.43, 1026.94]
exp007-n1024-k08-d180-bs60-f1.000-r06:043962.036: log(norms):     [1023.47, 1026.23, 1028.14, 1028.14, 1028.15, 1028.33, 1028.25, 1028.22, 1028.47, 1028.19]
exp007-n1024-k08-d180-bs60-f1.000-r06:043962.055: (656 sec)
exp007-n1024-k08-d180-bs60-f1.000-r06:043962.055: Loop 59/100
exp007-n1024-k08-d180-bs60-f1.000-r06:044639.272: log(exp-norms): [1023.47, 1025.43, 1026.94]
exp007-n1024-k08-d180-bs60-f1.000-r06:044639.272: log(norms):     [1023.47, 1026.23, 1028.14, 1028.14, 1028.15, 1028.33, 1028.25, 1028.22, 1028.47, 1028.19]
exp007-n1024-k08-d180-bs60-f1.000-r06:044639.291: (678 sec)
exp007-n1024-k08-d180-bs60-f1.000-r06:044639.291: Loop 60/100
exp007-n1024-k08-d180-bs60-f1.000-r06:045294.253: log(exp-norms): [1023.47, 1025.43, 1026.94]
exp007-n1024-k08-d180-bs60-f1.000-r06:045294.253: log(norms):     [1023.47, 1026.23, 1028.14, 1028.14, 1028.15, 1028.33, 1028.25, 1028.22, 1028.47, 1028.19]
exp007-n1024-k08-d180-bs60-f1.000-r06:045294.272: (655 sec)
exp007-n1024-k08-d180-bs60-f1.000-r06:045294.272: Loop 61/100
exp007-n1024-k08-d180-bs60-f1.000-r06:045937.574: log(exp-norms): [1023.47, 1025.43, 1026.94]
exp007-n1024-k08-d180-bs60-f1.000-r06:045937.575: log(norms):     [1023.47, 1026.23, 1028.14, 1028.14, 1028.15, 1028.33, 1028.35, 1028.25, 1028.19, 1028.49]
exp007-n1024-k08-d180-bs60-f1.000-r06:045937.592: (644 sec)
exp007-n1024-k08-d180-bs60-f1.000-r06:045937.592: Loop 62/100
exp007-n1024-k08-d180-bs60-f1.000-r06:046599.774: log(exp-norms): [1023.47, 1025.43, 1026.94]
exp007-n1024-k08-d180-bs60-f1.000-r06:046599.775: log(norms):     [1023.47, 1026.23, 1028.14, 1028.14, 1028.15, 1028.33, 1028.35, 1028.25, 1028.19, 1028.49]
exp007-n1024-k08-d180-bs60-f1.000-r06:046599.793: (663 sec)
exp007-n1024-k08-d180-bs60-f1.000-r06:046599.793: Loop 63/100
exp007-n1024-k08-d180-bs60-f1.000-r06:047268.636: log(exp-norms): [1023.47, 1025.43, 1026.94]
exp007-n1024-k08-d180-bs60-f1.000-r06:047268.637: log(norms):     [1023.47, 1026.23, 1028.14, 1028.14, 1028.15, 1028.33, 1028.35, 1028.25, 1028.19, 1028.49]
exp007-n1024-k08-d180-bs60-f1.000-r06:047268.655: (669 sec)
exp007-n1024-k08-d180-bs60-f1.000-r06:047268.655: Loop 64/100
exp007-n1024-k08-d180-bs60-f1.000-r06:047920.608: log(exp-norms): [1023.47, 1025.43, 1026.94]
exp007-n1024-k08-d180-bs60-f1.000-r06:047920.609: log(norms):     [1023.47, 1026.23, 1028.14, 1028.14, 1028.15, 1028.33, 1028.35, 1028.25, 1028.19, 1028.49]
exp007-n1024-k08-d180-bs60-f1.000-r06:047920.629: (652 sec)
exp007-n1024-k08-d180-bs60-f1.000-r06:047920.629: Loop 65/100
exp007-n1024-k08-d180-bs60-f1.000-r06:048586.748: log(exp-norms): [1023.47, 1025.43, 1026.94]
exp007-n1024-k08-d180-bs60-f1.000-r06:048586.749: log(norms):     [1023.47, 1026.23, 1028.14, 1028.14, 1028.15, 1028.33, 1028.35, 1028.25, 1028.19, 1028.49]
exp007-n1024-k08-d180-bs60-f1.000-r06:048586.768: (667 sec)
exp007-n1024-k08-d180-bs60-f1.000-r06:048586.768: Loop 66/100
exp007-n1024-k08-d180-bs60-f1.000-r06:049254.883: log(exp-norms): [1023.47, 1025.43, 1026.94]
exp007-n1024-k08-d180-bs60-f1.000-r06:049254.883: log(norms):     [1023.47, 1026.23, 1028.14, 1028.14, 1028.15, 1028.33, 1028.35, 1028.25, 1028.19, 1028.49]
exp007-n1024-k08-d180-bs60-f1.000-r06:049254.901: (669 sec)
exp007-n1024-k08-d180-bs60-f1.000-r06:049254.902: Loop 67/100
exp007-n1024-k08-d180-bs60-f1.000-r06:049920.373: log(exp-norms): [1023.47, 1025.43, 1026.94]
exp007-n1024-k08-d180-bs60-f1.000-r06:049920.374: log(norms):     [1023.47, 1026.23, 1028.14, 1028.14, 1028.15, 1028.33, 1028.24, 1028.35, 1028.42, 1028.42]
exp007-n1024-k08-d180-bs60-f1.000-r06:049920.392: (666 sec)
exp007-n1024-k08-d180-bs60-f1.000-r06:049920.392: Loop 68/100
exp007-n1024-k08-d180-bs60-f1.000-r06:050591.512: log(exp-norms): [1023.47, 1025.43, 1026.94]
exp007-n1024-k08-d180-bs60-f1.000-r06:050591.513: log(norms):     [1023.47, 1026.23, 1028.14, 1028.14, 1028.15, 1028.33, 1028.24, 1028.35, 1028.42, 1028.42]
exp007-n1024-k08-d180-bs60-f1.000-r06:050591.531: (672 sec)
exp007-n1024-k08-d180-bs60-f1.000-r06:050591.531: Loop 69/100
exp007-n1024-k08-d180-bs60-f1.000-r06:051275.995: log(exp-norms): [1023.47, 1025.43, 1026.94]
exp007-n1024-k08-d180-bs60-f1.000-r06:051275.996: log(norms):     [1023.47, 1026.23, 1028.14, 1028.14, 1028.15, 1028.33, 1028.24, 1028.25, 1028.35, 1028.42]
exp007-n1024-k08-d180-bs60-f1.000-r06:051276.014: (685 sec)
exp007-n1024-k08-d180-bs60-f1.000-r06:051276.014: Loop 70/100
exp007-n1024-k08-d180-bs60-f1.000-r06:051940.163: log(exp-norms): [1023.47, 1025.43, 1026.94]
exp007-n1024-k08-d180-bs60-f1.000-r06:051940.164: log(norms):     [1023.47, 1026.23, 1028.14, 1028.14, 1028.15, 1028.33, 1028.24, 1028.25, 1028.34, 1028.37]
exp007-n1024-k08-d180-bs60-f1.000-r06:051940.182: (665 sec)
exp007-n1024-k08-d180-bs60-f1.000-r06:051940.183: Loop 71/100
exp007-n1024-k08-d180-bs60-f1.000-r06:052627.620: log(exp-norms): [1023.47, 1025.43, 1026.94]
exp007-n1024-k08-d180-bs60-f1.000-r06:052627.620: log(norms):     [1023.47, 1026.23, 1028.14, 1028.14, 1028.15, 1028.33, 1028.24, 1028.25, 1028.34, 1028.37]
exp007-n1024-k08-d180-bs60-f1.000-r06:052627.639: (688 sec)
exp007-n1024-k08-d180-bs60-f1.000-r06:052627.640: Loop 72/100
exp007-n1024-k08-d180-bs60-f1.000-r06:053304.698: log(exp-norms): [1023.47, 1025.43, 1026.94]
exp007-n1024-k08-d180-bs60-f1.000-r06:053304.699: log(norms):     [1023.47, 1026.23, 1028.14, 1028.14, 1028.16, 1028.15, 1028.33, 1028.25, 1028.24, 1028.34]
exp007-n1024-k08-d180-bs60-f1.000-r06:053304.717: (678 sec)
exp007-n1024-k08-d180-bs60-f1.000-r06:053304.718: Loop 73/100
exp007-n1024-k08-d180-bs60-f1.000-r06:053998.882: log(exp-norms): [1023.47, 1025.43, 1026.94]
exp007-n1024-k08-d180-bs60-f1.000-r06:053998.882: log(norms):     [1023.47, 1026.23, 1028.14, 1028.14, 1028.16, 1028.15, 1028.33, 1028.33, 1028.25, 1028.47]
exp007-n1024-k08-d180-bs60-f1.000-r06:053998.901: (695 sec)
exp007-n1024-k08-d180-bs60-f1.000-r06:053998.901: Loop 74/100
exp007-n1024-k08-d180-bs60-f1.000-r06:054665.323: log(exp-norms): [1023.47, 1025.43, 1026.94]
exp007-n1024-k08-d180-bs60-f1.000-r06:054665.324: log(norms):     [1023.47, 1026.23, 1028.14, 1028.14, 1028.16, 1028.15, 1028.33, 1028.33, 1028.25, 1028.47]
exp007-n1024-k08-d180-bs60-f1.000-r06:054665.344: (667 sec)
exp007-n1024-k08-d180-bs60-f1.000-r06:054665.344: Loop 75/100
exp007-n1024-k08-d180-bs60-f1.000-r06:055338.445: log(exp-norms): [1023.47, 1025.43, 1026.94]
exp007-n1024-k08-d180-bs60-f1.000-r06:055338.446: log(norms):     [1023.47, 1026.23, 1028.14, 1028.14, 1028.16, 1028.22, 1028.15, 1028.32, 1028.39, 1028.33]
exp007-n1024-k08-d180-bs60-f1.000-r06:055338.464: (674 sec)
exp007-n1024-k08-d180-bs60-f1.000-r06:055338.464: Loop 76/100
exp007-n1024-k08-d180-bs60-f1.000-r06:056004.884: log(exp-norms): [1023.47, 1025.43, 1026.94]
exp007-n1024-k08-d180-bs60-f1.000-r06:056004.884: log(norms):     [1023.47, 1026.23, 1028.14, 1028.14, 1028.16, 1028.34, 1028.22, 1028.15, 1028.32, 1028.34]
exp007-n1024-k08-d180-bs60-f1.000-r06:056004.902: (667 sec)
exp007-n1024-k08-d180-bs60-f1.000-r06:056004.903: Loop 77/100
exp007-n1024-k08-d180-bs60-f1.000-r06:056665.372: log(exp-norms): [1023.47, 1025.43, 1026.94]
exp007-n1024-k08-d180-bs60-f1.000-r06:056665.373: log(norms):     [1023.47, 1026.23, 1028.14, 1028.14, 1028.16, 1028.34, 1028.22, 1028.15, 1028.32, 1028.34]
exp007-n1024-k08-d180-bs60-f1.000-r06:056665.391: (661 sec)
exp007-n1024-k08-d180-bs60-f1.000-r06:056665.391: Loop 78/100
exp007-n1024-k08-d180-bs60-f1.000-r06:057378.645: log(exp-norms): [1023.47, 1025.43, 1026.94]
exp007-n1024-k08-d180-bs60-f1.000-r06:057378.645: log(norms):     [1023.47, 1026.23, 1028.14, 1028.14, 1028.16, 1028.34, 1028.22, 1028.15, 1028.32, 1028.34]
exp007-n1024-k08-d180-bs60-f1.000-r06:057378.663: (714 sec)
exp007-n1024-k08-d180-bs60-f1.000-r06:057378.663: Loop 79/100
exp007-n1024-k08-d180-bs60-f1.000-r06:058052.162: log(exp-norms): [1023.47, 1025.43, 1026.94]
exp007-n1024-k08-d180-bs60-f1.000-r06:058052.165: log(norms):     [1023.47, 1026.23, 1028.14, 1028.14, 1028.16, 1028.34, 1028.34, 1028.22, 1028.33, 1028.32]
exp007-n1024-k08-d180-bs60-f1.000-r06:058052.183: (674 sec)
exp007-n1024-k08-d180-bs60-f1.000-r06:058052.184: Loop 80/100
exp007-n1024-k08-d180-bs60-f1.000-r06:058711.790: log(exp-norms): [1023.47, 1025.43, 1026.94]
exp007-n1024-k08-d180-bs60-f1.000-r06:058711.791: log(norms):     [1023.47, 1026.23, 1028.14, 1028.14, 1028.16, 1028.34, 1028.34, 1028.22, 1028.33, 1028.32]
exp007-n1024-k08-d180-bs60-f1.000-r06:058711.809: (660 sec)
exp007-n1024-k08-d180-bs60-f1.000-r06:058711.810: Loop 81/100
exp007-n1024-k08-d180-bs60-f1.000-r06:059380.182: log(exp-norms): [1023.47, 1025.43, 1026.94]
exp007-n1024-k08-d180-bs60-f1.000-r06:059380.183: log(norms):     [1023.47, 1026.23, 1028.14, 1028.14, 1028.16, 1028.34, 1028.34, 1028.22, 1028.33, 1028.32]
exp007-n1024-k08-d180-bs60-f1.000-r06:059380.200: (669 sec)
exp007-n1024-k08-d180-bs60-f1.000-r06:059380.200: Loop 82/100
exp007-n1024-k08-d180-bs60-f1.000-r06:060048.097: log(exp-norms): [1023.47, 1025.43, 1026.94]
exp007-n1024-k08-d180-bs60-f1.000-r06:060048.097: log(norms):     [1023.47, 1026.23, 1028.14, 1028.14, 1028.16, 1028.34, 1028.34, 1028.22, 1028.33, 1028.32]
exp007-n1024-k08-d180-bs60-f1.000-r06:060048.115: (668 sec)
exp007-n1024-k08-d180-bs60-f1.000-r06:060048.115: Loop 83/100
exp007-n1024-k08-d180-bs60-f1.000-r06:060714.371: log(exp-norms): [1023.47, 1025.43, 1026.94]
exp007-n1024-k08-d180-bs60-f1.000-r06:060714.371: log(norms):     [1023.47, 1026.23, 1028.14, 1028.14, 1028.16, 1028.34, 1028.34, 1028.22, 1028.33, 1028.32]
exp007-n1024-k08-d180-bs60-f1.000-r06:060714.390: (667 sec)
exp007-n1024-k08-d180-bs60-f1.000-r06:060714.390: Loop 84/100
exp007-n1024-k08-d180-bs60-f1.000-r06:061346.293: log(exp-norms): [1023.47, 1025.43, 1026.94]
exp007-n1024-k08-d180-bs60-f1.000-r06:061346.294: log(norms):     [1023.47, 1026.23, 1028.14, 1028.14, 1028.16, 1028.34, 1028.34, 1028.22, 1028.33, 1028.32]
exp007-n1024-k08-d180-bs60-f1.000-r06:061346.312: (632 sec)
exp007-n1024-k08-d180-bs60-f1.000-r06:061346.312: Loop 85/100
exp007-n1024-k08-d180-bs60-f1.000-r06:061987.058: log(exp-norms): [1023.47, 1025.43, 1026.94]
exp007-n1024-k08-d180-bs60-f1.000-r06:061987.058: log(norms):     [1023.47, 1026.23, 1028.14, 1028.14, 1028.16, 1028.34, 1028.28, 1028.34, 1028.22, 1028.33]
exp007-n1024-k08-d180-bs60-f1.000-r06:061987.076: (641 sec)
exp007-n1024-k08-d180-bs60-f1.000-r06:061987.076: Loop 86/100
exp007-n1024-k08-d180-bs60-f1.000-r06:062654.453: log(exp-norms): [1023.47, 1025.43, 1026.94]
exp007-n1024-k08-d180-bs60-f1.000-r06:062654.455: log(norms):     [1023.47, 1026.23, 1028.14, 1028.14, 1028.16, 1028.34, 1028.28, 1028.26, 1028.22, 1028.56]
exp007-n1024-k08-d180-bs60-f1.000-r06:062654.472: (668 sec)
exp007-n1024-k08-d180-bs60-f1.000-r06:062654.472: Loop 87/100
exp007-n1024-k08-d180-bs60-f1.000-r06:063285.802: log(exp-norms): [1023.47, 1025.43, 1026.94]
exp007-n1024-k08-d180-bs60-f1.000-r06:063285.803: log(norms):     [1023.47, 1026.23, 1028.14, 1028.14, 1028.16, 1028.34, 1028.28, 1028.26, 1028.22, 1028.56]
exp007-n1024-k08-d180-bs60-f1.000-r06:063285.821: (632 sec)
exp007-n1024-k08-d180-bs60-f1.000-r06:063285.821: Loop 88/100
exp007-n1024-k08-d180-bs60-f1.000-r06:063996.254: log(exp-norms): [1023.47, 1025.43, 1026.94]
exp007-n1024-k08-d180-bs60-f1.000-r06:063996.255: log(norms):     [1023.47, 1026.23, 1028.14, 1028.14, 1028.16, 1028.34, 1028.28, 1028.26, 1028.39, 1028.22]
exp007-n1024-k08-d180-bs60-f1.000-r06:063996.272: (711 sec)
exp007-n1024-k08-d180-bs60-f1.000-r06:063996.272: Loop 89/100
exp007-n1024-k08-d180-bs60-f1.000-r06:064669.346: log(exp-norms): [1023.47, 1025.43, 1026.94]
exp007-n1024-k08-d180-bs60-f1.000-r06:064669.347: log(norms):     [1023.47, 1026.23, 1028.14, 1028.14, 1028.16, 1028.34, 1028.28, 1028.26, 1028.39, 1028.22]
exp007-n1024-k08-d180-bs60-f1.000-r06:064669.364: (674 sec)
exp007-n1024-k08-d180-bs60-f1.000-r06:064669.364: Loop 90/100
exp007-n1024-k08-d180-bs60-f1.000-r06:065324.369: log(exp-norms): [1023.47, 1025.43, 1026.94]
exp007-n1024-k08-d180-bs60-f1.000-r06:065324.370: log(norms):     [1023.47, 1026.23, 1028.14, 1028.14, 1028.16, 1028.34, 1028.28, 1028.26, 1028.39, 1028.22]
exp007-n1024-k08-d180-bs60-f1.000-r06:065324.388: (656 sec)
exp007-n1024-k08-d180-bs60-f1.000-r06:065324.388: Loop 91/100
exp007-n1024-k08-d180-bs60-f1.000-r06:065977.438: log(exp-norms): [1023.47, 1025.43, 1026.94]
exp007-n1024-k08-d180-bs60-f1.000-r06:065977.438: log(norms):     [1023.47, 1026.23, 1028.14, 1028.14, 1028.16, 1028.34, 1028.34, 1028.28, 1028.26, 1028.39]
exp007-n1024-k08-d180-bs60-f1.000-r06:065977.456: (654 sec)
exp007-n1024-k08-d180-bs60-f1.000-r06:065977.456: Loop 92/100
exp007-n1024-k08-d180-bs60-f1.000-r06:066634.585: log(exp-norms): [1023.47, 1025.43, 1026.94]
exp007-n1024-k08-d180-bs60-f1.000-r06:066634.586: log(norms):     [1023.47, 1026.23, 1028.14, 1028.14, 1028.16, 1028.34, 1028.34, 1028.28, 1028.26, 1028.39]
exp007-n1024-k08-d180-bs60-f1.000-r06:066634.603: (658 sec)
exp007-n1024-k08-d180-bs60-f1.000-r06:066634.603: Loop 93/100
exp007-n1024-k08-d180-bs60-f1.000-r06:067338.890: log(exp-norms): [1023.47, 1025.43, 1026.94]
exp007-n1024-k08-d180-bs60-f1.000-r06:067338.891: log(norms):     [1023.47, 1026.23, 1028.14, 1028.14, 1028.16, 1028.34, 1028.34, 1028.37, 1028.28, 1028.47]
exp007-n1024-k08-d180-bs60-f1.000-r06:067338.909: (705 sec)
exp007-n1024-k08-d180-bs60-f1.000-r06:067338.909: Loop 94/100
exp007-n1024-k08-d180-bs60-f1.000-r06:068042.315: log(exp-norms): [1023.47, 1025.43, 1026.94]
exp007-n1024-k08-d180-bs60-f1.000-r06:068042.315: log(norms):     [1023.47, 1026.23, 1028.14, 1028.14, 1028.16, 1028.34, 1028.34, 1028.37, 1028.27, 1028.28]
exp007-n1024-k08-d180-bs60-f1.000-r06:068042.334: (704 sec)
exp007-n1024-k08-d180-bs60-f1.000-r06:068042.335: Loop 95/100
exp007-n1024-k08-d180-bs60-f1.000-r06:068736.433: log(exp-norms): [1023.47, 1025.43, 1026.94]
exp007-n1024-k08-d180-bs60-f1.000-r06:068736.434: log(norms):     [1023.47, 1026.23, 1028.14, 1028.14, 1028.16, 1028.34, 1028.34, 1028.37, 1028.27, 1028.28]
exp007-n1024-k08-d180-bs60-f1.000-r06:068736.452: (695 sec)
exp007-n1024-k08-d180-bs60-f1.000-r06:068736.453: Loop 96/100
exp007-n1024-k08-d180-bs60-f1.000-r06:069428.956: log(exp-norms): [1023.47, 1025.43, 1026.94]
exp007-n1024-k08-d180-bs60-f1.000-r06:069428.956: log(norms):     [1023.47, 1026.23, 1028.14, 1028.14, 1028.16, 1028.34, 1028.34, 1028.37, 1028.27, 1028.28]
exp007-n1024-k08-d180-bs60-f1.000-r06:069428.975: (693 sec)
exp007-n1024-k08-d180-bs60-f1.000-r06:069428.975: Loop 97/100
exp007-n1024-k08-d180-bs60-f1.000-r06:070078.583: log(exp-norms): [1023.47, 1025.43, 1026.94]
exp007-n1024-k08-d180-bs60-f1.000-r06:070078.584: log(norms):     [1023.47, 1026.23, 1028.14, 1028.14, 1028.16, 1028.34, 1028.34, 1028.37, 1028.27, 1028.28]
exp007-n1024-k08-d180-bs60-f1.000-r06:070078.601: (650 sec)
exp007-n1024-k08-d180-bs60-f1.000-r06:070078.601: Loop 98/100
exp007-n1024-k08-d180-bs60-f1.000-r06:070704.223: log(exp-norms): [1023.47, 1025.43, 1026.94]
exp007-n1024-k08-d180-bs60-f1.000-r06:070704.224: log(norms):     [1023.47, 1026.23, 1028.14, 1028.14, 1028.16, 1028.34, 1028.34, 1028.37, 1028.27, 1028.28]
exp007-n1024-k08-d180-bs60-f1.000-r06:070704.241: (626 sec)
exp007-n1024-k08-d180-bs60-f1.000-r06:070704.241: Loop 99/100
exp007-n1024-k08-d180-bs60-f1.000-r06:071344.463: log(exp-norms): [1023.47, 1025.43, 1026.94]
exp007-n1024-k08-d180-bs60-f1.000-r06:071344.464: log(norms):     [1023.47, 1026.23, 1028.14, 1028.14, 1028.16, 1028.34, 1028.34, 1028.37, 1028.27, 1028.1]
exp007-n1024-k08-d180-bs60-f1.000-r06:071344.481: (641 sec)
exp007-n1024-k08-d180-bs60-f1.000-r06:071344.481: Loop 100/100
exp007-n1024-k08-d180-bs60-f1.000-r06:071948.371: log(exp-norms): [1023.47, 1025.43, 1026.94]
exp007-n1024-k08-d180-bs60-f1.000-r06:071948.372: log(norms):     [1023.47, 1026.23, 1028.1, 1028.14, 1028.14, 1028.16, 1028.34, 1028.27, 1028.34, 1028.36]
exp007-n1024-k08-d180-bs60-f1.000-r06:071948.389: (604 sec)
exp007-n1024-k08-d180-bs60-f1.000-r06:071948.389: ==========================Summary===========================
exp007-n1024-k08-d180-bs60-f1.000-r06:071948.389: Total time: 71949sec
exp007-n1024-k08-d180-bs60-f1.000-r06:071948.389: FAIL
exp007-n1024-k08-d180-bs60-f1.000-r06:071948.389: SUMMARY:n:1024:k:8:d:180:bs:60:t:71949:r:False
