exp032-n1036-k08-d180-bs60-f1.000-r07:000000.293: ==========================Instance==========================
exp032-n1036-k08-d180-bs60-f1.000-r07:000000.293: # of equations: 180
exp032-n1036-k08-d180-bs60-f1.000-r07:000000.295: Gap: 3.88
exp032-n1036-k08-d180-bs60-f1.000-r07:000000.298: Tau: 4.61
exp032-n1036-k08-d180-bs60-f1.000-r07:000000.298: ======================BKZ-60 reduction======================
exp032-n1036-k08-d180-bs60-f1.000-r07:000002.884: Expectedly achievable log(norm): 1041.20
exp032-n1036-k08-d180-bs60-f1.000-r07:000006.927: log(exp-norms): [1036.0, 1037.96, 1039.92]
exp032-n1036-k08-d180-bs60-f1.000-r07:000006.927: log(norms):     [1046.85, 1038.75, 1044.0, 1044.0, 1044.0, 1044.0, 1044.0, 1044.0, 1044.0, 1044.0]
exp032-n1036-k08-d180-bs60-f1.000-r07:000007.010: Loop 1/100
exp032-n1036-k08-d180-bs60-f1.000-r07:001162.424: log(exp-norms): [1036.0, 1037.96, 1039.92]
exp032-n1036-k08-d180-bs60-f1.000-r07:001162.425: log(norms):     [1036.0, 1038.75, 1042.61, 1042.81, 1042.83, 1042.9, 1042.99, 1043.01, 1043.1, 1043.17]
exp032-n1036-k08-d180-bs60-f1.000-r07:001162.444: (1156 sec)
exp032-n1036-k08-d180-bs60-f1.000-r07:001162.444: Loop 2/100
exp032-n1036-k08-d180-bs60-f1.000-r07:002022.585: log(exp-norms): [1036.0, 1037.96, 1039.92]
exp032-n1036-k08-d180-bs60-f1.000-r07:002022.586: log(norms):     [1036.0, 1038.75, 1042.36, 1042.37, 1042.36, 1042.59, 1042.55, 1042.53, 1042.48, 1042.39]
exp032-n1036-k08-d180-bs60-f1.000-r07:002022.617: (861 sec)
exp032-n1036-k08-d180-bs60-f1.000-r07:002022.617: Loop 3/100
exp032-n1036-k08-d180-bs60-f1.000-r07:002955.141: log(exp-norms): [1036.0, 1037.96, 1039.92]
exp032-n1036-k08-d180-bs60-f1.000-r07:002955.141: log(norms):     [1036.0, 1038.75, 1042.02, 1042.05, 1042.03, 1042.08, 1042.19, 1042.22, 1041.98, 1042.29]
exp032-n1036-k08-d180-bs60-f1.000-r07:002955.162: (933 sec)
exp032-n1036-k08-d180-bs60-f1.000-r07:002955.162: Loop 4/100
exp032-n1036-k08-d180-bs60-f1.000-r07:003787.297: log(exp-norms): [1036.0, 1037.96, 1039.92]
exp032-n1036-k08-d180-bs60-f1.000-r07:003787.299: log(norms):     [1036.0, 1038.75, 1041.68, 1041.81, 1041.71, 1041.82, 1041.81, 1041.81, 1041.69, 1041.8]
exp032-n1036-k08-d180-bs60-f1.000-r07:003787.331: (833 sec)
exp032-n1036-k08-d180-bs60-f1.000-r07:003787.331: Loop 5/100
exp032-n1036-k08-d180-bs60-f1.000-r07:004515.644: log(exp-norms): [1036.0, 1037.96, 1039.92]
exp032-n1036-k08-d180-bs60-f1.000-r07:004515.645: log(norms):     [1036.0, 1038.75, 1041.49, 1041.5, 1041.53, 1041.64, 1041.54, 1041.58, 1041.78, 1041.57]
exp032-n1036-k08-d180-bs60-f1.000-r07:004515.664: (729 sec)
exp032-n1036-k08-d180-bs60-f1.000-r07:004515.664: Loop 6/100
exp032-n1036-k08-d180-bs60-f1.000-r07:005212.205: log(exp-norms): [1036.0, 1037.96, 1039.92]
exp032-n1036-k08-d180-bs60-f1.000-r07:005212.206: log(norms):     [1036.0, 1037.95, 1038.75, 1041.41, 1041.44, 1041.62, 1041.53, 1041.54, 1041.6, 1041.58]
exp032-n1036-k08-d180-bs60-f1.000-r07:005212.225: (697 sec)
exp032-n1036-k08-d180-bs60-f1.000-r07:005212.226: ==========================Summary===========================
exp032-n1036-k08-d180-bs60-f1.000-r07:005212.226: Total time: 5212sec
exp032-n1036-k08-d180-bs60-f1.000-r07:005212.226: SUCCESS
exp032-n1036-k08-d180-bs60-f1.000-r07:005212.226: HNP solution: 344904821120746228266612753649068804591071367502649158533317314641723545052879930423966618962280649876901290533765992405726814108695569993850119552576871873088739017613556150730200333913827403444445011808449266653030685522221166861718505740323320546701520317364821808207566390894669481380016192195446482960952076
exp032-n1036-k08-d180-bs60-f1.000-r07:005212.226: Shared secret: 344904821120746228266612753649068804591071367502649158533317314641723545052879930423966618962280649876901290533765992405726814108695569993850119552576871873088739017613556150730200333913827403444445011808449266653030685522221166861718505740323320546701520317364821808207566390894669481380016192195446482960952076
exp032-n1036-k08-d180-bs60-f1.000-r07:005212.226: SUMMARY:n:1036:k:8:d:180:bs:60:t:5212:r:True
