exp023-n1024-k08-d180-bs60-f1.732-r06:000000.204: ==========================Instance==========================
exp023-n1024-k08-d180-bs60-f1.732-r06:000000.204: # of equations: 180
exp023-n1024-k08-d180-bs60-f1.732-r06:000000.206: Gap: 2.84
exp023-n1024-k08-d180-bs60-f1.732-r06:000000.210: Tau: 2.47
exp023-n1024-k08-d180-bs60-f1.732-r06:000000.211: ======================BKZ-60 reduction======================
exp023-n1024-k08-d180-bs60-f1.732-r06:000003.908: Expectedly achievable log(norm): 1028.22
exp023-n1024-k08-d180-bs60-f1.732-r06:000008.596: log(exp-norms): [1023.47, 1025.43, 1026.94]
exp023-n1024-k08-d180-bs60-f1.732-r06:000008.597: log(norms):     [1033.92, 1026.22, 1030.94, 1030.94, 1030.94, 1030.94, 1030.94, 1030.94, 1030.94, 1030.94]
exp023-n1024-k08-d180-bs60-f1.732-r06:000008.717: Loop 1/100
exp023-n1024-k08-d180-bs60-f1.732-r06:001307.778: log(exp-norms): [1023.47, 1025.43, 1026.94]
exp023-n1024-k08-d180-bs60-f1.732-r06:001307.779: log(norms):     [1026.22, 1029.97, 1029.98, 1030.01, 1030.06, 1030.04, 1030.08, 1029.93, 1030.04, 1030.19]
exp023-n1024-k08-d180-bs60-f1.732-r06:001307.798: (1300 sec)
exp023-n1024-k08-d180-bs60-f1.732-r06:001307.799: Loop 2/100
exp023-n1024-k08-d180-bs60-f1.732-r06:002269.530: log(exp-norms): [1023.47, 1025.43, 1026.94]
exp023-n1024-k08-d180-bs60-f1.732-r06:002269.532: log(norms):     [1023.47, 1026.22, 1029.35, 1029.37, 1029.47, 1029.46, 1029.48, 1029.5, 1029.48, 1029.53]
exp023-n1024-k08-d180-bs60-f1.732-r06:002269.553: (962 sec)
exp023-n1024-k08-d180-bs60-f1.732-r06:002269.554: Loop 3/100
exp023-n1024-k08-d180-bs60-f1.732-r06:003131.776: log(exp-norms): [1023.47, 1025.43, 1026.94]
exp023-n1024-k08-d180-bs60-f1.732-r06:003131.777: log(norms):     [1023.47, 1026.22, 1028.94, 1028.96, 1029.0, 1029.04, 1029.07, 1029.12, 1029.03, 1029.11]
exp023-n1024-k08-d180-bs60-f1.732-r06:003131.812: (863 sec)
exp023-n1024-k08-d180-bs60-f1.732-r06:003131.812: Loop 4/100
exp023-n1024-k08-d180-bs60-f1.732-r06:003953.286: log(exp-norms): [1023.47, 1025.43, 1026.94]
exp023-n1024-k08-d180-bs60-f1.732-r06:003953.286: log(norms):     [1023.47, 1026.22, 1028.72, 1028.73, 1028.81, 1028.78, 1028.73, 1028.71, 1028.83, 1028.63]
exp023-n1024-k08-d180-bs60-f1.732-r06:003953.305: (822 sec)
exp023-n1024-k08-d180-bs60-f1.732-r06:003953.305: Loop 5/100
exp023-n1024-k08-d180-bs60-f1.732-r06:004729.931: log(exp-norms): [1023.47, 1025.43, 1026.94]
exp023-n1024-k08-d180-bs60-f1.732-r06:004729.932: log(norms):     [1023.47, 1026.22, 1028.48, 1028.5, 1028.51, 1028.72, 1028.49, 1028.49, 1028.72, 1028.62]
exp023-n1024-k08-d180-bs60-f1.732-r06:004729.950: (777 sec)
exp023-n1024-k08-d180-bs60-f1.732-r06:004729.951: Loop 6/100
exp023-n1024-k08-d180-bs60-f1.732-r06:005446.256: log(exp-norms): [1023.47, 1025.43, 1026.94]
exp023-n1024-k08-d180-bs60-f1.732-r06:005446.257: log(norms):     [1023.47, 1026.22, 1028.43, 1028.43, 1028.58, 1028.49, 1028.5, 1028.58, 1028.45, 1028.57]
exp023-n1024-k08-d180-bs60-f1.732-r06:005446.275: (717 sec)
exp023-n1024-k08-d180-bs60-f1.732-r06:005446.276: Loop 7/100
exp023-n1024-k08-d180-bs60-f1.732-r06:006128.225: log(exp-norms): [1023.47, 1025.43, 1026.94]
exp023-n1024-k08-d180-bs60-f1.732-r06:006128.226: log(norms):     [1023.47, 1026.22, 1028.32, 1028.42, 1028.36, 1028.42, 1028.48, 1028.36, 1028.44, 1028.54]
exp023-n1024-k08-d180-bs60-f1.732-r06:006128.244: (682 sec)
exp023-n1024-k08-d180-bs60-f1.732-r06:006128.245: Loop 8/100
exp023-n1024-k08-d180-bs60-f1.732-r06:006808.046: log(exp-norms): [1023.47, 1025.43, 1026.94]
exp023-n1024-k08-d180-bs60-f1.732-r06:006808.047: log(norms):     [1023.47, 1026.22, 1028.3, 1028.3, 1028.48, 1028.35, 1028.46, 1028.55, 1028.45, 1028.56]
exp023-n1024-k08-d180-bs60-f1.732-r06:006808.079: (680 sec)
exp023-n1024-k08-d180-bs60-f1.732-r06:006808.080: Loop 9/100
exp023-n1024-k08-d180-bs60-f1.732-r06:007445.414: log(exp-norms): [1023.47, 1025.43, 1026.94]
exp023-n1024-k08-d180-bs60-f1.732-r06:007445.415: log(norms):     [1023.47, 1026.22, 1028.3, 1028.33, 1028.3, 1028.48, 1028.48, 1028.42, 1028.43, 1028.47]
exp023-n1024-k08-d180-bs60-f1.732-r06:007445.432: (638 sec)
exp023-n1024-k08-d180-bs60-f1.732-r06:007445.432: Loop 10/100
exp023-n1024-k08-d180-bs60-f1.732-r06:008078.031: log(exp-norms): [1023.47, 1025.43, 1026.94]
exp023-n1024-k08-d180-bs60-f1.732-r06:008078.031: log(norms):     [1023.47, 1026.22, 1028.24, 1028.27, 1028.3, 1028.31, 1028.39, 1028.36, 1028.51, 1028.51]
exp023-n1024-k08-d180-bs60-f1.732-r06:008078.048: (633 sec)
exp023-n1024-k08-d180-bs60-f1.732-r06:008078.049: Loop 11/100
exp023-n1024-k08-d180-bs60-f1.732-r06:008702.490: log(exp-norms): [1023.47, 1025.43, 1026.94]
exp023-n1024-k08-d180-bs60-f1.732-r06:008702.490: log(norms):     [1023.47, 1026.22, 1028.24, 1028.27, 1028.33, 1028.27, 1028.35, 1028.4, 1028.51, 1028.4]
exp023-n1024-k08-d180-bs60-f1.732-r06:008702.507: (625 sec)
exp023-n1024-k08-d180-bs60-f1.732-r06:008702.507: Loop 12/100
exp023-n1024-k08-d180-bs60-f1.732-r06:009324.687: log(exp-norms): [1023.47, 1025.43, 1026.94]
exp023-n1024-k08-d180-bs60-f1.732-r06:009324.687: log(norms):     [1023.47, 1026.22, 1028.24, 1028.27, 1028.38, 1028.33, 1028.44, 1028.5, 1028.35, 1028.4]
exp023-n1024-k08-d180-bs60-f1.732-r06:009324.705: (623 sec)
exp023-n1024-k08-d180-bs60-f1.732-r06:009324.706: Loop 13/100
exp023-n1024-k08-d180-bs60-f1.732-r06:009973.112: log(exp-norms): [1023.47, 1025.43, 1026.94]
exp023-n1024-k08-d180-bs60-f1.732-r06:009973.113: log(norms):     [1023.47, 1026.22, 1028.24, 1028.27, 1028.38, 1028.37, 1028.37, 1028.35, 1028.24, 1028.3]
exp023-n1024-k08-d180-bs60-f1.732-r06:009973.132: (649 sec)
exp023-n1024-k08-d180-bs60-f1.732-r06:009973.133: Loop 14/100
exp023-n1024-k08-d180-bs60-f1.732-r06:010594.846: log(exp-norms): [1023.47, 1025.43, 1026.94]
exp023-n1024-k08-d180-bs60-f1.732-r06:010594.846: log(norms):     [1023.47, 1026.22, 1028.24, 1028.24, 1028.27, 1028.38, 1028.26, 1028.37, 1028.46, 1028.41]
exp023-n1024-k08-d180-bs60-f1.732-r06:010594.864: (622 sec)
exp023-n1024-k08-d180-bs60-f1.732-r06:010594.864: Loop 15/100
exp023-n1024-k08-d180-bs60-f1.732-r06:011234.322: log(exp-norms): [1023.47, 1025.43, 1026.94]
exp023-n1024-k08-d180-bs60-f1.732-r06:011234.323: log(norms):     [1023.47, 1026.22, 1028.24, 1028.24, 1028.27, 1028.38, 1028.26, 1028.26, 1028.41, 1028.3]
exp023-n1024-k08-d180-bs60-f1.732-r06:011234.341: (640 sec)
exp023-n1024-k08-d180-bs60-f1.732-r06:011234.341: Loop 16/100
exp023-n1024-k08-d180-bs60-f1.732-r06:012047.926: log(exp-norms): [1023.47, 1025.43, 1026.94]
exp023-n1024-k08-d180-bs60-f1.732-r06:012047.927: log(norms):     [1023.47, 1026.22, 1028.21, 1028.3, 1028.24, 1028.24, 1028.47, 1028.38, 1028.38, 1028.27]
exp023-n1024-k08-d180-bs60-f1.732-r06:012047.946: (814 sec)
exp023-n1024-k08-d180-bs60-f1.732-r06:012047.946: Loop 17/100
exp023-n1024-k08-d180-bs60-f1.732-r06:012930.748: log(exp-norms): [1023.47, 1025.43, 1026.94]
exp023-n1024-k08-d180-bs60-f1.732-r06:012930.749: log(norms):     [1023.47, 1026.22, 1028.21, 1028.26, 1028.31, 1028.31, 1028.59, 1028.37, 1028.36, 1028.34]
exp023-n1024-k08-d180-bs60-f1.732-r06:012930.777: (883 sec)
exp023-n1024-k08-d180-bs60-f1.732-r06:012930.778: Loop 18/100
exp023-n1024-k08-d180-bs60-f1.732-r06:013800.200: log(exp-norms): [1023.47, 1025.43, 1026.94]
exp023-n1024-k08-d180-bs60-f1.732-r06:013800.201: log(norms):     [1023.47, 1026.22, 1028.21, 1028.26, 1028.31, 1028.31, 1028.59, 1028.38, 1028.43, 1028.51]
exp023-n1024-k08-d180-bs60-f1.732-r06:013800.231: (870 sec)
exp023-n1024-k08-d180-bs60-f1.732-r06:013800.232: Loop 19/100
exp023-n1024-k08-d180-bs60-f1.732-r06:014627.804: log(exp-norms): [1023.47, 1025.43, 1026.94]
exp023-n1024-k08-d180-bs60-f1.732-r06:014627.805: log(norms):     [1023.47, 1026.22, 1028.21, 1028.26, 1028.31, 1028.36, 1028.33, 1028.41, 1028.39, 1028.47]
exp023-n1024-k08-d180-bs60-f1.732-r06:014627.825: (828 sec)
exp023-n1024-k08-d180-bs60-f1.732-r06:014627.825: Loop 20/100
exp023-n1024-k08-d180-bs60-f1.732-r06:015475.279: log(exp-norms): [1023.47, 1025.43, 1026.94]
exp023-n1024-k08-d180-bs60-f1.732-r06:015475.280: log(norms):     [1023.47, 1026.22, 1028.21, 1028.26, 1028.31, 1028.36, 1028.33, 1028.41, 1028.32, 1028.35]
exp023-n1024-k08-d180-bs60-f1.732-r06:015475.299: (848 sec)
exp023-n1024-k08-d180-bs60-f1.732-r06:015475.299: Loop 21/100
exp023-n1024-k08-d180-bs60-f1.732-r06:016301.881: log(exp-norms): [1023.47, 1025.43, 1026.94]
exp023-n1024-k08-d180-bs60-f1.732-r06:016301.882: log(norms):     [1023.47, 1026.22, 1028.21, 1028.26, 1028.31, 1028.31, 1028.36, 1028.33, 1028.32, 1028.38]
exp023-n1024-k08-d180-bs60-f1.732-r06:016301.900: (827 sec)
exp023-n1024-k08-d180-bs60-f1.732-r06:016301.901: Loop 22/100
exp023-n1024-k08-d180-bs60-f1.732-r06:017304.509: log(exp-norms): [1023.47, 1025.43, 1026.94]
exp023-n1024-k08-d180-bs60-f1.732-r06:017304.510: log(norms):     [1023.47, 1026.22, 1028.21, 1028.26, 1028.31, 1028.31, 1028.36, 1028.33, 1028.19, 1028.32]
exp023-n1024-k08-d180-bs60-f1.732-r06:017304.528: (1003 sec)
exp023-n1024-k08-d180-bs60-f1.732-r06:017304.529: Loop 23/100
exp023-n1024-k08-d180-bs60-f1.732-r06:018280.883: log(exp-norms): [1023.47, 1025.43, 1026.94]
exp023-n1024-k08-d180-bs60-f1.732-r06:018280.884: log(norms):     [1023.47, 1026.22, 1028.19, 1028.21, 1028.26, 1028.31, 1028.33, 1028.36, 1028.39, 1028.47]
exp023-n1024-k08-d180-bs60-f1.732-r06:018280.903: (977 sec)
exp023-n1024-k08-d180-bs60-f1.732-r06:018280.903: Loop 24/100
exp023-n1024-k08-d180-bs60-f1.732-r06:019176.008: log(exp-norms): [1023.47, 1025.43, 1026.94]
exp023-n1024-k08-d180-bs60-f1.732-r06:019176.008: log(norms):     [1023.47, 1026.22, 1028.19, 1028.21, 1028.36, 1028.26, 1028.33, 1028.31, 1028.47, 1028.36]
exp023-n1024-k08-d180-bs60-f1.732-r06:019176.037: (896 sec)
exp023-n1024-k08-d180-bs60-f1.732-r06:019176.037: Loop 25/100
exp023-n1024-k08-d180-bs60-f1.732-r06:020034.326: log(exp-norms): [1023.47, 1025.43, 1026.94]
exp023-n1024-k08-d180-bs60-f1.732-r06:020034.327: log(norms):     [1023.47, 1026.22, 1028.19, 1028.21, 1028.36, 1028.26, 1028.33, 1028.31, 1028.47, 1028.36]
exp023-n1024-k08-d180-bs60-f1.732-r06:020034.355: (859 sec)
exp023-n1024-k08-d180-bs60-f1.732-r06:020034.356: Loop 26/100
exp023-n1024-k08-d180-bs60-f1.732-r06:020812.705: log(exp-norms): [1023.47, 1025.43, 1026.94]
exp023-n1024-k08-d180-bs60-f1.732-r06:020812.706: log(norms):     [1023.47, 1026.22, 1028.19, 1028.21, 1028.36, 1028.26, 1028.33, 1028.31, 1028.47, 1028.36]
exp023-n1024-k08-d180-bs60-f1.732-r06:020812.727: (779 sec)
exp023-n1024-k08-d180-bs60-f1.732-r06:020812.727: Loop 27/100
exp023-n1024-k08-d180-bs60-f1.732-r06:021577.088: log(exp-norms): [1023.47, 1025.43, 1026.94]
exp023-n1024-k08-d180-bs60-f1.732-r06:021577.089: log(norms):     [1023.47, 1026.22, 1028.19, 1028.3, 1028.29, 1028.33, 1028.21, 1028.47, 1028.33, 1028.26]
exp023-n1024-k08-d180-bs60-f1.732-r06:021577.117: (765 sec)
exp023-n1024-k08-d180-bs60-f1.732-r06:021577.117: Loop 28/100
exp023-n1024-k08-d180-bs60-f1.732-r06:022293.145: log(exp-norms): [1023.47, 1025.43, 1026.94]
exp023-n1024-k08-d180-bs60-f1.732-r06:022293.146: log(norms):     [1023.47, 1026.22, 1028.19, 1028.3, 1028.29, 1028.33, 1028.21, 1028.47, 1028.33, 1028.26]
exp023-n1024-k08-d180-bs60-f1.732-r06:022293.165: (717 sec)
exp023-n1024-k08-d180-bs60-f1.732-r06:022293.166: Loop 29/100
exp023-n1024-k08-d180-bs60-f1.732-r06:022972.174: log(exp-norms): [1023.47, 1025.43, 1026.94]
exp023-n1024-k08-d180-bs60-f1.732-r06:022972.174: log(norms):     [1023.47, 1026.22, 1028.16, 1028.19, 1028.3, 1028.29, 1028.33, 1028.21, 1028.47, 1028.47]
exp023-n1024-k08-d180-bs60-f1.732-r06:022972.192: (680 sec)
exp023-n1024-k08-d180-bs60-f1.732-r06:022972.193: Loop 30/100
exp023-n1024-k08-d180-bs60-f1.732-r06:023763.523: log(exp-norms): [1023.47, 1025.43, 1026.94]
exp023-n1024-k08-d180-bs60-f1.732-r06:023763.523: log(norms):     [1023.47, 1026.22, 1028.16, 1028.19, 1028.3, 1028.41, 1028.29, 1028.34, 1028.33, 1028.21]
exp023-n1024-k08-d180-bs60-f1.732-r06:023763.543: (792 sec)
exp023-n1024-k08-d180-bs60-f1.732-r06:023763.543: Loop 31/100
exp023-n1024-k08-d180-bs60-f1.732-r06:024557.729: log(exp-norms): [1023.47, 1025.43, 1026.94]
exp023-n1024-k08-d180-bs60-f1.732-r06:024557.730: log(norms):     [1023.47, 1026.22, 1028.16, 1028.19, 1028.3, 1028.41, 1028.24, 1028.27, 1028.47, 1028.21]
exp023-n1024-k08-d180-bs60-f1.732-r06:024557.748: (795 sec)
exp023-n1024-k08-d180-bs60-f1.732-r06:024557.749: Loop 32/100
exp023-n1024-k08-d180-bs60-f1.732-r06:025204.190: log(exp-norms): [1023.47, 1025.43, 1026.94]
exp023-n1024-k08-d180-bs60-f1.732-r06:025204.190: log(norms):     [1023.47, 1026.22, 1028.16, 1028.19, 1028.3, 1028.41, 1028.33, 1028.28, 1028.27, 1028.21]
exp023-n1024-k08-d180-bs60-f1.732-r06:025204.207: (647 sec)
exp023-n1024-k08-d180-bs60-f1.732-r06:025204.208: Loop 33/100
exp023-n1024-k08-d180-bs60-f1.732-r06:025848.801: log(exp-norms): [1023.47, 1025.43, 1026.94]
exp023-n1024-k08-d180-bs60-f1.732-r06:025848.802: log(norms):     [1023.47, 1026.22, 1028.16, 1028.19, 1028.3, 1028.41, 1028.33, 1028.28, 1028.27, 1028.21]
exp023-n1024-k08-d180-bs60-f1.732-r06:025848.835: (645 sec)
exp023-n1024-k08-d180-bs60-f1.732-r06:025848.836: Loop 34/100
exp023-n1024-k08-d180-bs60-f1.732-r06:026479.563: log(exp-norms): [1023.47, 1025.43, 1026.94]
exp023-n1024-k08-d180-bs60-f1.732-r06:026479.564: log(norms):     [1023.47, 1026.22, 1028.16, 1028.19, 1028.3, 1028.41, 1028.33, 1028.28, 1028.27, 1028.21]
exp023-n1024-k08-d180-bs60-f1.732-r06:026479.581: (631 sec)
exp023-n1024-k08-d180-bs60-f1.732-r06:026479.581: Loop 35/100
exp023-n1024-k08-d180-bs60-f1.732-r06:027113.528: log(exp-norms): [1023.47, 1025.43, 1026.94]
exp023-n1024-k08-d180-bs60-f1.732-r06:027113.529: log(norms):     [1023.47, 1026.22, 1028.16, 1028.18, 1028.19, 1028.3, 1028.41, 1028.33, 1028.28, 1028.43]
exp023-n1024-k08-d180-bs60-f1.732-r06:027113.549: (634 sec)
exp023-n1024-k08-d180-bs60-f1.732-r06:027113.550: Loop 36/100
exp023-n1024-k08-d180-bs60-f1.732-r06:027719.789: log(exp-norms): [1023.47, 1025.43, 1026.94]
exp023-n1024-k08-d180-bs60-f1.732-r06:027719.790: log(norms):     [1023.47, 1026.22, 1028.16, 1028.18, 1028.25, 1028.3, 1028.41, 1028.3, 1028.19, 1028.28]
exp023-n1024-k08-d180-bs60-f1.732-r06:027719.807: (607 sec)
exp023-n1024-k08-d180-bs60-f1.732-r06:027719.807: Loop 37/100
exp023-n1024-k08-d180-bs60-f1.732-r06:028357.730: log(exp-norms): [1023.47, 1025.43, 1026.94]
exp023-n1024-k08-d180-bs60-f1.732-r06:028357.730: log(norms):     [1023.47, 1026.22, 1028.16, 1028.18, 1028.25, 1028.3, 1028.41, 1028.3, 1028.19, 1028.28]
exp023-n1024-k08-d180-bs60-f1.732-r06:028357.747: (638 sec)
exp023-n1024-k08-d180-bs60-f1.732-r06:028357.748: Loop 38/100
exp023-n1024-k08-d180-bs60-f1.732-r06:028967.290: log(exp-norms): [1023.47, 1025.43, 1026.94]
exp023-n1024-k08-d180-bs60-f1.732-r06:028967.291: log(norms):     [1023.47, 1026.22, 1028.16, 1028.18, 1028.25, 1028.3, 1028.41, 1028.3, 1028.19, 1028.28]
exp023-n1024-k08-d180-bs60-f1.732-r06:028967.308: (610 sec)
exp023-n1024-k08-d180-bs60-f1.732-r06:028967.309: Loop 39/100
exp023-n1024-k08-d180-bs60-f1.732-r06:029589.545: log(exp-norms): [1023.47, 1025.43, 1026.94]
exp023-n1024-k08-d180-bs60-f1.732-r06:029589.545: log(norms):     [1023.47, 1026.22, 1028.16, 1028.18, 1028.25, 1028.3, 1028.41, 1028.3, 1028.19, 1028.28]
exp023-n1024-k08-d180-bs60-f1.732-r06:029589.562: (623 sec)
exp023-n1024-k08-d180-bs60-f1.732-r06:029589.563: Loop 40/100
exp023-n1024-k08-d180-bs60-f1.732-r06:030210.399: log(exp-norms): [1023.47, 1025.43, 1026.94]
exp023-n1024-k08-d180-bs60-f1.732-r06:030210.400: log(norms):     [1023.47, 1026.22, 1028.16, 1028.17, 1028.18, 1028.25, 1028.3, 1028.32, 1028.33, 1028.3]
exp023-n1024-k08-d180-bs60-f1.732-r06:030210.417: (621 sec)
exp023-n1024-k08-d180-bs60-f1.732-r06:030210.418: Loop 41/100
exp023-n1024-k08-d180-bs60-f1.732-r06:030882.874: log(exp-norms): [1023.47, 1025.43, 1026.94]
exp023-n1024-k08-d180-bs60-f1.732-r06:030882.874: log(norms):     [1023.47, 1026.22, 1028.16, 1028.17, 1028.18, 1028.25, 1028.3, 1028.32, 1028.33, 1028.42]
exp023-n1024-k08-d180-bs60-f1.732-r06:030882.891: (673 sec)
exp023-n1024-k08-d180-bs60-f1.732-r06:030882.892: Loop 42/100
exp023-n1024-k08-d180-bs60-f1.732-r06:031489.734: log(exp-norms): [1023.47, 1025.43, 1026.94]
exp023-n1024-k08-d180-bs60-f1.732-r06:031489.735: log(norms):     [1023.47, 1026.22, 1028.16, 1028.17, 1028.18, 1028.25, 1028.3, 1028.32, 1028.33, 1028.42]
exp023-n1024-k08-d180-bs60-f1.732-r06:031489.752: (607 sec)
exp023-n1024-k08-d180-bs60-f1.732-r06:031489.752: Loop 43/100
exp023-n1024-k08-d180-bs60-f1.732-r06:032102.035: log(exp-norms): [1023.47, 1025.43, 1026.94]
exp023-n1024-k08-d180-bs60-f1.732-r06:032102.036: log(norms):     [1023.47, 1026.22, 1028.16, 1028.17, 1028.18, 1028.25, 1028.3, 1028.32, 1028.33, 1028.42]
exp023-n1024-k08-d180-bs60-f1.732-r06:032102.054: (613 sec)
exp023-n1024-k08-d180-bs60-f1.732-r06:032102.054: Loop 44/100
exp023-n1024-k08-d180-bs60-f1.732-r06:032738.784: log(exp-norms): [1023.47, 1025.43, 1026.94]
exp023-n1024-k08-d180-bs60-f1.732-r06:032738.784: log(norms):     [1023.47, 1026.22, 1028.16, 1028.17, 1028.18, 1028.25, 1028.3, 1028.32, 1028.33, 1028.42]
exp023-n1024-k08-d180-bs60-f1.732-r06:032738.803: (637 sec)
exp023-n1024-k08-d180-bs60-f1.732-r06:032738.803: Loop 45/100
exp023-n1024-k08-d180-bs60-f1.732-r06:033378.497: log(exp-norms): [1023.47, 1025.43, 1026.94]
exp023-n1024-k08-d180-bs60-f1.732-r06:033378.497: log(norms):     [1023.47, 1026.22, 1028.16, 1028.17, 1028.32, 1028.3, 1028.25, 1028.53, 1028.34, 1028.38]
exp023-n1024-k08-d180-bs60-f1.732-r06:033378.516: (640 sec)
exp023-n1024-k08-d180-bs60-f1.732-r06:033378.516: Loop 46/100
exp023-n1024-k08-d180-bs60-f1.732-r06:034004.191: log(exp-norms): [1023.47, 1025.43, 1026.94]
exp023-n1024-k08-d180-bs60-f1.732-r06:034004.192: log(norms):     [1023.47, 1026.22, 1028.16, 1028.17, 1028.32, 1028.37, 1028.3, 1028.53, 1028.25, 1028.34]
exp023-n1024-k08-d180-bs60-f1.732-r06:034004.209: (626 sec)
exp023-n1024-k08-d180-bs60-f1.732-r06:034004.209: Loop 47/100
exp023-n1024-k08-d180-bs60-f1.732-r06:034649.377: log(exp-norms): [1023.47, 1025.43, 1026.94]
exp023-n1024-k08-d180-bs60-f1.732-r06:034649.377: log(norms):     [1023.47, 1026.22, 1028.16, 1028.17, 1028.32, 1028.37, 1028.3, 1028.36, 1028.32, 1028.47]
exp023-n1024-k08-d180-bs60-f1.732-r06:034649.394: (646 sec)
exp023-n1024-k08-d180-bs60-f1.732-r06:034649.395: Loop 48/100
exp023-n1024-k08-d180-bs60-f1.732-r06:035311.629: log(exp-norms): [1023.47, 1025.43, 1026.94]
exp023-n1024-k08-d180-bs60-f1.732-r06:035311.630: log(norms):     [1023.47, 1026.22, 1028.16, 1028.17, 1028.32, 1028.37, 1028.3, 1028.36, 1028.33, 1028.49]
exp023-n1024-k08-d180-bs60-f1.732-r06:035311.647: (663 sec)
exp023-n1024-k08-d180-bs60-f1.732-r06:035311.647: Loop 49/100
exp023-n1024-k08-d180-bs60-f1.732-r06:035958.657: log(exp-norms): [1023.47, 1025.43, 1026.94]
exp023-n1024-k08-d180-bs60-f1.732-r06:035958.657: log(norms):     [1023.47, 1026.22, 1028.16, 1028.17, 1028.32, 1028.37, 1028.3, 1028.36, 1028.33, 1028.49]
exp023-n1024-k08-d180-bs60-f1.732-r06:035958.674: (648 sec)
exp023-n1024-k08-d180-bs60-f1.732-r06:035958.674: Loop 50/100
exp023-n1024-k08-d180-bs60-f1.732-r06:036600.740: log(exp-norms): [1023.47, 1025.43, 1026.94]
exp023-n1024-k08-d180-bs60-f1.732-r06:036600.740: log(norms):     [1023.47, 1026.22, 1028.16, 1028.17, 1028.32, 1028.37, 1028.3, 1028.4, 1028.36, 1028.33]
exp023-n1024-k08-d180-bs60-f1.732-r06:036600.757: (643 sec)
exp023-n1024-k08-d180-bs60-f1.732-r06:036600.758: Loop 51/100
exp023-n1024-k08-d180-bs60-f1.732-r06:037265.059: log(exp-norms): [1023.47, 1025.43, 1026.94]
exp023-n1024-k08-d180-bs60-f1.732-r06:037265.060: log(norms):     [1023.47, 1026.22, 1028.16, 1028.17, 1028.21, 1028.32, 1028.37, 1028.3, 1028.26, 1028.4]
exp023-n1024-k08-d180-bs60-f1.732-r06:037265.078: (665 sec)
exp023-n1024-k08-d180-bs60-f1.732-r06:037265.078: Loop 52/100
exp023-n1024-k08-d180-bs60-f1.732-r06:037885.289: log(exp-norms): [1023.47, 1025.43, 1026.94]
exp023-n1024-k08-d180-bs60-f1.732-r06:037885.290: log(norms):     [1023.47, 1026.22, 1028.16, 1028.17, 1028.21, 1028.32, 1028.37, 1028.3, 1028.26, 1028.4]
exp023-n1024-k08-d180-bs60-f1.732-r06:037885.308: (621 sec)
exp023-n1024-k08-d180-bs60-f1.732-r06:037885.309: Loop 53/100
exp023-n1024-k08-d180-bs60-f1.732-r06:038540.104: log(exp-norms): [1023.47, 1025.43, 1026.94]
exp023-n1024-k08-d180-bs60-f1.732-r06:038540.105: log(norms):     [1023.47, 1026.22, 1028.16, 1028.17, 1028.21, 1028.32, 1028.37, 1028.3, 1028.26, 1028.4]
exp023-n1024-k08-d180-bs60-f1.732-r06:038540.122: (655 sec)
exp023-n1024-k08-d180-bs60-f1.732-r06:038540.123: Loop 54/100
exp023-n1024-k08-d180-bs60-f1.732-r06:039165.837: log(exp-norms): [1023.47, 1025.43, 1026.94]
exp023-n1024-k08-d180-bs60-f1.732-r06:039165.838: log(norms):     [1023.47, 1026.22, 1028.16, 1028.17, 1028.21, 1028.32, 1028.37, 1028.3, 1028.26, 1028.43]
exp023-n1024-k08-d180-bs60-f1.732-r06:039165.855: (626 sec)
exp023-n1024-k08-d180-bs60-f1.732-r06:039165.855: Loop 55/100
exp023-n1024-k08-d180-bs60-f1.732-r06:039820.483: log(exp-norms): [1023.47, 1025.43, 1026.94]
exp023-n1024-k08-d180-bs60-f1.732-r06:039820.483: log(norms):     [1023.47, 1026.22, 1028.16, 1028.17, 1028.21, 1028.32, 1028.37, 1028.3, 1028.26, 1028.43]
exp023-n1024-k08-d180-bs60-f1.732-r06:039820.501: (655 sec)
exp023-n1024-k08-d180-bs60-f1.732-r06:039820.502: Loop 56/100
exp023-n1024-k08-d180-bs60-f1.732-r06:040462.571: log(exp-norms): [1023.47, 1025.43, 1026.94]
exp023-n1024-k08-d180-bs60-f1.732-r06:040462.572: log(norms):     [1023.47, 1026.22, 1028.16, 1028.17, 1028.21, 1028.32, 1028.37, 1028.3, 1028.26, 1028.43]
exp023-n1024-k08-d180-bs60-f1.732-r06:040462.590: (643 sec)
exp023-n1024-k08-d180-bs60-f1.732-r06:040462.590: Loop 57/100
exp023-n1024-k08-d180-bs60-f1.732-r06:041115.813: log(exp-norms): [1023.47, 1025.43, 1026.94]
exp023-n1024-k08-d180-bs60-f1.732-r06:041115.814: log(norms):     [1023.47, 1026.22, 1028.16, 1028.17, 1028.21, 1028.32, 1028.37, 1028.3, 1028.26, 1028.43]
exp023-n1024-k08-d180-bs60-f1.732-r06:041115.831: (654 sec)
exp023-n1024-k08-d180-bs60-f1.732-r06:041115.831: Loop 58/100
exp023-n1024-k08-d180-bs60-f1.732-r06:041761.610: log(exp-norms): [1023.47, 1025.43, 1026.94]
exp023-n1024-k08-d180-bs60-f1.732-r06:041761.610: log(norms):     [1023.47, 1026.22, 1028.16, 1028.17, 1028.18, 1028.21, 1028.32, 1028.37, 1028.3, 1028.26]
exp023-n1024-k08-d180-bs60-f1.732-r06:041761.627: (646 sec)
exp023-n1024-k08-d180-bs60-f1.732-r06:041761.628: Loop 59/100
exp023-n1024-k08-d180-bs60-f1.732-r06:042418.644: log(exp-norms): [1023.47, 1025.43, 1026.94]
exp023-n1024-k08-d180-bs60-f1.732-r06:042418.645: log(norms):     [1023.47, 1026.22, 1028.16, 1028.17, 1028.18, 1028.21, 1028.32, 1028.37, 1028.3, 1028.48]
exp023-n1024-k08-d180-bs60-f1.732-r06:042418.662: (658 sec)
exp023-n1024-k08-d180-bs60-f1.732-r06:042418.662: Loop 60/100
exp023-n1024-k08-d180-bs60-f1.732-r06:043067.091: log(exp-norms): [1023.47, 1025.43, 1026.94]
exp023-n1024-k08-d180-bs60-f1.732-r06:043067.092: log(norms):     [1023.47, 1026.22, 1028.16, 1028.17, 1028.18, 1028.21, 1028.32, 1028.37, 1028.3, 1028.47]
exp023-n1024-k08-d180-bs60-f1.732-r06:043067.109: (649 sec)
exp023-n1024-k08-d180-bs60-f1.732-r06:043067.109: Loop 61/100
exp023-n1024-k08-d180-bs60-f1.732-r06:043675.895: log(exp-norms): [1023.47, 1025.43, 1026.94]
exp023-n1024-k08-d180-bs60-f1.732-r06:043675.896: log(norms):     [1023.47, 1026.22, 1028.16, 1028.17, 1028.18, 1028.21, 1028.32, 1028.37, 1028.3, 1028.47]
exp023-n1024-k08-d180-bs60-f1.732-r06:043675.913: (609 sec)
exp023-n1024-k08-d180-bs60-f1.732-r06:043675.913: Loop 62/100
exp023-n1024-k08-d180-bs60-f1.732-r06:044339.130: log(exp-norms): [1023.47, 1025.43, 1026.94]
exp023-n1024-k08-d180-bs60-f1.732-r06:044339.131: log(norms):     [1023.47, 1026.22, 1028.16, 1028.17, 1028.18, 1028.21, 1028.32, 1028.37, 1028.3, 1028.47]
exp023-n1024-k08-d180-bs60-f1.732-r06:044339.149: (664 sec)
exp023-n1024-k08-d180-bs60-f1.732-r06:044339.149: Loop 63/100
exp023-n1024-k08-d180-bs60-f1.732-r06:044990.913: log(exp-norms): [1023.47, 1025.43, 1026.94]
exp023-n1024-k08-d180-bs60-f1.732-r06:044990.914: log(norms):     [1023.47, 1026.22, 1028.16, 1028.17, 1028.18, 1028.21, 1028.32, 1028.37, 1028.3, 1028.47]
exp023-n1024-k08-d180-bs60-f1.732-r06:044990.931: (652 sec)
exp023-n1024-k08-d180-bs60-f1.732-r06:044990.931: Loop 64/100
exp023-n1024-k08-d180-bs60-f1.732-r06:045670.150: log(exp-norms): [1023.47, 1025.43, 1026.94]
exp023-n1024-k08-d180-bs60-f1.732-r06:045670.151: log(norms):     [1023.47, 1026.22, 1028.16, 1028.17, 1028.18, 1028.21, 1028.32, 1028.37, 1028.3, 1028.47]
exp023-n1024-k08-d180-bs60-f1.732-r06:045670.169: (680 sec)
exp023-n1024-k08-d180-bs60-f1.732-r06:045670.170: Loop 65/100
exp023-n1024-k08-d180-bs60-f1.732-r06:046315.070: log(exp-norms): [1023.47, 1025.43, 1026.94]
exp023-n1024-k08-d180-bs60-f1.732-r06:046315.071: log(norms):     [1023.47, 1026.22, 1028.16, 1028.17, 1028.18, 1028.21, 1028.32, 1028.37, 1028.3, 1028.47]
exp023-n1024-k08-d180-bs60-f1.732-r06:046315.089: (645 sec)
exp023-n1024-k08-d180-bs60-f1.732-r06:046315.089: Loop 66/100
exp023-n1024-k08-d180-bs60-f1.732-r06:046949.806: log(exp-norms): [1023.47, 1025.43, 1026.94]
exp023-n1024-k08-d180-bs60-f1.732-r06:046949.806: log(norms):     [1023.47, 1026.22, 1028.16, 1028.17, 1028.18, 1028.21, 1028.32, 1028.37, 1028.3, 1028.47]
exp023-n1024-k08-d180-bs60-f1.732-r06:046949.823: (635 sec)
exp023-n1024-k08-d180-bs60-f1.732-r06:046949.824: Loop 67/100
exp023-n1024-k08-d180-bs60-f1.732-r06:047608.199: log(exp-norms): [1023.47, 1025.43, 1026.94]
exp023-n1024-k08-d180-bs60-f1.732-r06:047608.199: log(norms):     [1023.47, 1026.22, 1028.16, 1028.17, 1028.18, 1028.21, 1028.32, 1028.37, 1028.3, 1028.47]
exp023-n1024-k08-d180-bs60-f1.732-r06:047608.216: (659 sec)
exp023-n1024-k08-d180-bs60-f1.732-r06:047608.217: Loop 68/100
exp023-n1024-k08-d180-bs60-f1.732-r06:048265.328: log(exp-norms): [1023.47, 1025.43, 1026.94]
exp023-n1024-k08-d180-bs60-f1.732-r06:048265.329: log(norms):     [1023.47, 1026.22, 1028.16, 1028.17, 1028.18, 1028.21, 1028.32, 1028.37, 1028.3, 1028.47]
exp023-n1024-k08-d180-bs60-f1.732-r06:048265.347: (658 sec)
exp023-n1024-k08-d180-bs60-f1.732-r06:048265.347: Loop 69/100
exp023-n1024-k08-d180-bs60-f1.732-r06:048950.630: log(exp-norms): [1023.47, 1025.43, 1026.94]
exp023-n1024-k08-d180-bs60-f1.732-r06:048950.630: log(norms):     [1023.47, 1026.22, 1028.16, 1028.17, 1028.18, 1028.21, 1028.32, 1028.37, 1028.3, 1028.47]
exp023-n1024-k08-d180-bs60-f1.732-r06:048950.649: (686 sec)
exp023-n1024-k08-d180-bs60-f1.732-r06:048950.649: Loop 70/100
exp023-n1024-k08-d180-bs60-f1.732-r06:049664.265: log(exp-norms): [1023.47, 1025.43, 1026.94]
exp023-n1024-k08-d180-bs60-f1.732-r06:049664.266: log(norms):     [1023.47, 1026.22, 1028.16, 1028.17, 1028.18, 1028.21, 1028.27, 1028.32, 1028.37, 1028.47]
exp023-n1024-k08-d180-bs60-f1.732-r06:049664.287: (714 sec)
exp023-n1024-k08-d180-bs60-f1.732-r06:049664.287: Loop 71/100
exp023-n1024-k08-d180-bs60-f1.732-r06:050365.246: log(exp-norms): [1023.47, 1025.43, 1026.94]
exp023-n1024-k08-d180-bs60-f1.732-r06:050365.248: log(norms):     [1023.47, 1026.22, 1028.16, 1028.17, 1028.18, 1028.21, 1028.27, 1028.32, 1028.37, 1028.47]
exp023-n1024-k08-d180-bs60-f1.732-r06:050365.266: (701 sec)
exp023-n1024-k08-d180-bs60-f1.732-r06:050365.266: Loop 72/100
exp023-n1024-k08-d180-bs60-f1.732-r06:051064.228: log(exp-norms): [1023.47, 1025.43, 1026.94]
exp023-n1024-k08-d180-bs60-f1.732-r06:051064.229: log(norms):     [1023.47, 1026.22, 1028.16, 1028.17, 1028.18, 1028.21, 1028.27, 1028.32, 1028.37, 1028.47]
exp023-n1024-k08-d180-bs60-f1.732-r06:051064.246: (699 sec)
exp023-n1024-k08-d180-bs60-f1.732-r06:051064.247: Loop 73/100
exp023-n1024-k08-d180-bs60-f1.732-r06:051753.189: log(exp-norms): [1023.47, 1025.43, 1026.94]
exp023-n1024-k08-d180-bs60-f1.732-r06:051753.190: log(norms):     [1023.47, 1026.22, 1028.16, 1028.17, 1028.18, 1028.21, 1028.27, 1028.32, 1028.37, 1028.47]
exp023-n1024-k08-d180-bs60-f1.732-r06:051753.208: (689 sec)
exp023-n1024-k08-d180-bs60-f1.732-r06:051753.209: Loop 74/100
exp023-n1024-k08-d180-bs60-f1.732-r06:052446.662: log(exp-norms): [1023.47, 1025.43, 1026.94]
exp023-n1024-k08-d180-bs60-f1.732-r06:052446.663: log(norms):     [1023.47, 1026.22, 1028.16, 1028.17, 1028.18, 1028.17, 1028.21, 1028.27, 1028.32, 1028.37]
exp023-n1024-k08-d180-bs60-f1.732-r06:052446.681: (694 sec)
exp023-n1024-k08-d180-bs60-f1.732-r06:052446.682: Loop 75/100
exp023-n1024-k08-d180-bs60-f1.732-r06:053122.046: log(exp-norms): [1023.47, 1025.43, 1026.94]
exp023-n1024-k08-d180-bs60-f1.732-r06:053122.047: log(norms):     [1023.47, 1026.22, 1028.13, 1028.17, 1028.16, 1028.17, 1028.18, 1028.21, 1028.27, 1028.32]
exp023-n1024-k08-d180-bs60-f1.732-r06:053122.065: (676 sec)
exp023-n1024-k08-d180-bs60-f1.732-r06:053122.065: Loop 76/100
exp023-n1024-k08-d180-bs60-f1.732-r06:053759.903: log(exp-norms): [1023.47, 1025.43, 1026.94]
exp023-n1024-k08-d180-bs60-f1.732-r06:053759.904: log(norms):     [1023.47, 1026.22, 1028.13, 1028.17, 1028.16, 1028.17, 1028.18, 1028.42, 1028.21, 1028.4]
exp023-n1024-k08-d180-bs60-f1.732-r06:053759.924: (638 sec)
exp023-n1024-k08-d180-bs60-f1.732-r06:053759.924: Loop 77/100
exp023-n1024-k08-d180-bs60-f1.732-r06:054430.635: log(exp-norms): [1023.47, 1025.43, 1026.94]
exp023-n1024-k08-d180-bs60-f1.732-r06:054430.635: log(norms):     [1023.47, 1026.22, 1028.13, 1028.17, 1028.16, 1028.17, 1028.18, 1028.32, 1028.35, 1028.42]
exp023-n1024-k08-d180-bs60-f1.732-r06:054430.654: (671 sec)
exp023-n1024-k08-d180-bs60-f1.732-r06:054430.654: Loop 78/100
exp023-n1024-k08-d180-bs60-f1.732-r06:055091.349: log(exp-norms): [1023.47, 1025.43, 1026.94]
exp023-n1024-k08-d180-bs60-f1.732-r06:055091.350: log(norms):     [1023.47, 1026.22, 1028.13, 1028.17, 1028.16, 1028.17, 1028.18, 1028.32, 1028.35, 1028.49]
exp023-n1024-k08-d180-bs60-f1.732-r06:055091.368: (661 sec)
exp023-n1024-k08-d180-bs60-f1.732-r06:055091.368: Loop 79/100
exp023-n1024-k08-d180-bs60-f1.732-r06:055792.077: log(exp-norms): [1023.47, 1025.43, 1026.94]
exp023-n1024-k08-d180-bs60-f1.732-r06:055792.078: log(norms):     [1023.47, 1026.22, 1028.13, 1028.17, 1028.16, 1028.17, 1028.18, 1028.32, 1028.35, 1028.49]
exp023-n1024-k08-d180-bs60-f1.732-r06:055792.096: (701 sec)
exp023-n1024-k08-d180-bs60-f1.732-r06:055792.096: Loop 80/100
exp023-n1024-k08-d180-bs60-f1.732-r06:056485.639: log(exp-norms): [1023.47, 1025.43, 1026.94]
exp023-n1024-k08-d180-bs60-f1.732-r06:056485.640: log(norms):     [1023.47, 1026.22, 1028.13, 1028.17, 1028.16, 1028.33, 1028.17, 1028.32, 1028.18, 1028.35]
exp023-n1024-k08-d180-bs60-f1.732-r06:056485.658: (694 sec)
exp023-n1024-k08-d180-bs60-f1.732-r06:056485.658: Loop 81/100
exp023-n1024-k08-d180-bs60-f1.732-r06:057154.874: log(exp-norms): [1023.47, 1025.43, 1026.94]
exp023-n1024-k08-d180-bs60-f1.732-r06:057154.874: log(norms):     [1023.47, 1026.22, 1028.13, 1028.17, 1028.16, 1028.33, 1028.17, 1028.32, 1028.18, 1028.35]
exp023-n1024-k08-d180-bs60-f1.732-r06:057154.893: (670 sec)
exp023-n1024-k08-d180-bs60-f1.732-r06:057154.893: Loop 82/100
exp023-n1024-k08-d180-bs60-f1.732-r06:057830.195: log(exp-norms): [1023.47, 1025.43, 1026.94]
exp023-n1024-k08-d180-bs60-f1.732-r06:057830.195: log(norms):     [1023.47, 1026.22, 1028.13, 1028.17, 1028.16, 1028.33, 1028.17, 1028.32, 1028.18, 1028.35]
exp023-n1024-k08-d180-bs60-f1.732-r06:057830.214: (676 sec)
exp023-n1024-k08-d180-bs60-f1.732-r06:057830.214: Loop 83/100
exp023-n1024-k08-d180-bs60-f1.732-r06:058501.043: log(exp-norms): [1023.47, 1025.43, 1026.94]
exp023-n1024-k08-d180-bs60-f1.732-r06:058501.044: log(norms):     [1023.47, 1026.22, 1028.13, 1028.17, 1028.16, 1028.33, 1028.17, 1028.32, 1028.18, 1028.35]
exp023-n1024-k08-d180-bs60-f1.732-r06:058501.062: (671 sec)
exp023-n1024-k08-d180-bs60-f1.732-r06:058501.063: Loop 84/100
exp023-n1024-k08-d180-bs60-f1.732-r06:059167.352: log(exp-norms): [1023.47, 1025.43, 1026.94]
exp023-n1024-k08-d180-bs60-f1.732-r06:059167.352: log(norms):     [1023.47, 1026.22, 1028.13, 1028.17, 1028.16, 1028.33, 1028.17, 1028.32, 1028.18, 1028.35]
exp023-n1024-k08-d180-bs60-f1.732-r06:059167.371: (667 sec)
exp023-n1024-k08-d180-bs60-f1.732-r06:059167.371: Loop 85/100
exp023-n1024-k08-d180-bs60-f1.732-r06:059824.235: log(exp-norms): [1023.47, 1025.43, 1026.94]
exp023-n1024-k08-d180-bs60-f1.732-r06:059824.235: log(norms):     [1023.47, 1026.22, 1028.13, 1028.17, 1028.16, 1028.33, 1028.17, 1028.32, 1028.18, 1028.35]
exp023-n1024-k08-d180-bs60-f1.732-r06:059824.254: (657 sec)
exp023-n1024-k08-d180-bs60-f1.732-r06:059824.254: Loop 86/100
exp023-n1024-k08-d180-bs60-f1.732-r06:060497.507: log(exp-norms): [1023.47, 1025.43, 1026.94]
exp023-n1024-k08-d180-bs60-f1.732-r06:060497.507: log(norms):     [1023.47, 1026.22, 1028.13, 1028.17, 1028.16, 1028.33, 1028.17, 1028.32, 1028.18, 1028.35]
exp023-n1024-k08-d180-bs60-f1.732-r06:060497.525: (674 sec)
exp023-n1024-k08-d180-bs60-f1.732-r06:060497.526: Loop 87/100
exp023-n1024-k08-d180-bs60-f1.732-r06:061192.243: log(exp-norms): [1023.47, 1025.43, 1026.94]
exp023-n1024-k08-d180-bs60-f1.732-r06:061192.244: log(norms):     [1023.47, 1026.22, 1028.13, 1028.17, 1028.16, 1028.33, 1028.17, 1028.32, 1028.18, 1028.35]
exp023-n1024-k08-d180-bs60-f1.732-r06:061192.262: (695 sec)
exp023-n1024-k08-d180-bs60-f1.732-r06:061192.263: Loop 88/100
exp023-n1024-k08-d180-bs60-f1.732-r06:061864.321: log(exp-norms): [1023.47, 1025.43, 1026.94]
exp023-n1024-k08-d180-bs60-f1.732-r06:061864.322: log(norms):     [1023.47, 1026.22, 1028.13, 1028.17, 1028.16, 1028.33, 1028.17, 1028.32, 1028.18, 1028.35]
exp023-n1024-k08-d180-bs60-f1.732-r06:061864.340: (673 sec)
exp023-n1024-k08-d180-bs60-f1.732-r06:061864.341: Loop 89/100
exp023-n1024-k08-d180-bs60-f1.732-r06:062561.466: log(exp-norms): [1023.47, 1025.43, 1026.94]
exp023-n1024-k08-d180-bs60-f1.732-r06:062561.467: log(norms):     [1023.47, 1026.22, 1028.13, 1028.17, 1028.16, 1028.33, 1028.17, 1028.32, 1028.18, 1028.35]
exp023-n1024-k08-d180-bs60-f1.732-r06:062561.485: (698 sec)
exp023-n1024-k08-d180-bs60-f1.732-r06:062561.486: Loop 90/100
exp023-n1024-k08-d180-bs60-f1.732-r06:063245.471: log(exp-norms): [1023.47, 1025.43, 1026.94]
exp023-n1024-k08-d180-bs60-f1.732-r06:063245.471: log(norms):     [1023.47, 1026.22, 1028.13, 1028.17, 1028.16, 1028.24, 1028.35, 1028.32, 1028.21, 1028.2]
exp023-n1024-k08-d180-bs60-f1.732-r06:063245.490: (685 sec)
exp023-n1024-k08-d180-bs60-f1.732-r06:063245.490: Loop 91/100
exp023-n1024-k08-d180-bs60-f1.732-r06:063956.969: log(exp-norms): [1023.47, 1025.43, 1026.94]
exp023-n1024-k08-d180-bs60-f1.732-r06:063956.970: log(norms):     [1023.47, 1026.22, 1028.13, 1028.17, 1028.16, 1028.24, 1028.35, 1028.32, 1028.21, 1028.29]
exp023-n1024-k08-d180-bs60-f1.732-r06:063956.988: (712 sec)
exp023-n1024-k08-d180-bs60-f1.732-r06:063956.989: Loop 92/100
exp023-n1024-k08-d180-bs60-f1.732-r06:064624.414: log(exp-norms): [1023.47, 1025.43, 1026.94]
exp023-n1024-k08-d180-bs60-f1.732-r06:064624.415: log(norms):     [1023.47, 1026.22, 1028.13, 1028.17, 1028.16, 1028.24, 1028.35, 1028.32, 1028.26, 1028.21]
exp023-n1024-k08-d180-bs60-f1.732-r06:064624.433: (668 sec)
exp023-n1024-k08-d180-bs60-f1.732-r06:064624.433: Loop 93/100
exp023-n1024-k08-d180-bs60-f1.732-r06:065300.132: log(exp-norms): [1023.47, 1025.43, 1026.94]
exp023-n1024-k08-d180-bs60-f1.732-r06:065300.133: log(norms):     [1023.47, 1026.22, 1028.13, 1028.17, 1028.16, 1028.24, 1028.35, 1028.32, 1028.26, 1028.21]
exp023-n1024-k08-d180-bs60-f1.732-r06:065300.151: (676 sec)
exp023-n1024-k08-d180-bs60-f1.732-r06:065300.152: Loop 94/100
exp023-n1024-k08-d180-bs60-f1.732-r06:066005.058: log(exp-norms): [1023.47, 1025.43, 1026.94]
exp023-n1024-k08-d180-bs60-f1.732-r06:066005.059: log(norms):     [1023.47, 1026.22, 1028.13, 1028.17, 1028.26, 1028.16, 1028.21, 1028.24, 1028.35, 1028.32]
exp023-n1024-k08-d180-bs60-f1.732-r06:066005.077: (705 sec)
exp023-n1024-k08-d180-bs60-f1.732-r06:066005.078: Loop 95/100
exp023-n1024-k08-d180-bs60-f1.732-r06:066691.247: log(exp-norms): [1023.47, 1025.43, 1026.94]
exp023-n1024-k08-d180-bs60-f1.732-r06:066691.248: log(norms):     [1023.47, 1026.22, 1028.13, 1028.17, 1028.26, 1028.16, 1028.21, 1028.29, 1028.35, 1028.24]
exp023-n1024-k08-d180-bs60-f1.732-r06:066691.266: (687 sec)
exp023-n1024-k08-d180-bs60-f1.732-r06:066691.267: Loop 96/100
exp023-n1024-k08-d180-bs60-f1.732-r06:067366.251: log(exp-norms): [1023.47, 1025.43, 1026.94]
exp023-n1024-k08-d180-bs60-f1.732-r06:067366.251: log(norms):     [1023.47, 1026.22, 1028.13, 1028.17, 1028.26, 1028.17, 1028.16, 1028.21, 1028.29, 1028.2]
exp023-n1024-k08-d180-bs60-f1.732-r06:067366.270: (676 sec)
exp023-n1024-k08-d180-bs60-f1.732-r06:067366.270: Loop 97/100
exp023-n1024-k08-d180-bs60-f1.732-r06:068035.029: log(exp-norms): [1023.47, 1025.43, 1026.94]
exp023-n1024-k08-d180-bs60-f1.732-r06:068035.030: log(norms):     [1023.47, 1026.22, 1028.13, 1028.17, 1028.26, 1028.17, 1028.16, 1028.21, 1028.29, 1028.2]
exp023-n1024-k08-d180-bs60-f1.732-r06:068035.048: (669 sec)
exp023-n1024-k08-d180-bs60-f1.732-r06:068035.049: Loop 98/100
exp023-n1024-k08-d180-bs60-f1.732-r06:068696.569: log(exp-norms): [1023.47, 1025.43, 1026.94]
exp023-n1024-k08-d180-bs60-f1.732-r06:068696.570: log(norms):     [1023.47, 1026.22, 1028.13, 1028.17, 1028.26, 1028.17, 1028.16, 1028.21, 1028.29, 1028.2]
exp023-n1024-k08-d180-bs60-f1.732-r06:068696.588: (662 sec)
exp023-n1024-k08-d180-bs60-f1.732-r06:068696.589: Loop 99/100
exp023-n1024-k08-d180-bs60-f1.732-r06:069358.278: log(exp-norms): [1023.47, 1025.43, 1026.94]
exp023-n1024-k08-d180-bs60-f1.732-r06:069358.279: log(norms):     [1023.47, 1026.22, 1028.13, 1028.17, 1028.26, 1028.17, 1028.16, 1028.21, 1028.29, 1028.42]
exp023-n1024-k08-d180-bs60-f1.732-r06:069358.298: (662 sec)
exp023-n1024-k08-d180-bs60-f1.732-r06:069358.298: Loop 100/100
exp023-n1024-k08-d180-bs60-f1.732-r06:070049.324: log(exp-norms): [1023.47, 1025.43, 1026.94]
exp023-n1024-k08-d180-bs60-f1.732-r06:070049.324: log(norms):     [1023.47, 1025.43, 1026.22, 1028.13, 1028.17, 1028.19, 1028.26, 1028.19, 1028.17, 1028.36]
exp023-n1024-k08-d180-bs60-f1.732-r06:070049.343: (692 sec)
exp023-n1024-k08-d180-bs60-f1.732-r06:070049.343: ==========================Summary===========================
exp023-n1024-k08-d180-bs60-f1.732-r06:070049.343: Total time: 70050sec
exp023-n1024-k08-d180-bs60-f1.732-r06:070049.343: SUCCESS
exp023-n1024-k08-d180-bs60-f1.732-r06:070049.343: HNP solution: 102877459799250792326854090176246283928902714295008794401210495853451957450332360389833835914697002769626968958064729899701228197869293238098522849211980830108748219116474573576592369579195186942039575989686384566012462018951333772564017111221060746521375752504393062285465569978124329414276142313387547500583
exp023-n1024-k08-d180-bs60-f1.732-r06:070049.343: Shared secret: 102877459799250792326854090176246283928902714295008794401210495853451957450332360389833835914697002769626968958064729899701228197869293238098522849211980830108748219116474573576592369579195186942039575989686384566012462018951333772564017111221060746521375752504393062285465569978124329414276142313387547500583
exp023-n1024-k08-d180-bs60-f1.732-r06:070049.344: SUMMARY:n:1024:k:8:d:180:bs:60:t:70050:r:True
