exp017-n1024-k08-d180-bs60-f1.732-r00:000000.199: ==========================Instance==========================
exp017-n1024-k08-d180-bs60-f1.732-r00:000000.200: # of equations: 180
exp017-n1024-k08-d180-bs60-f1.732-r00:000000.202: Gap: 2.84
exp017-n1024-k08-d180-bs60-f1.732-r00:000000.206: Tau: 2.47
exp017-n1024-k08-d180-bs60-f1.732-r00:000000.206: ======================BKZ-60 reduction======================
exp017-n1024-k08-d180-bs60-f1.732-r00:000004.708: Expectedly achievable log(norm): 1028.22
exp017-n1024-k08-d180-bs60-f1.732-r00:000009.646: log(exp-norms): [1023.47, 1025.43, 1026.94]
exp017-n1024-k08-d180-bs60-f1.732-r00:000009.647: log(norms):     [1033.92, 1026.22, 1030.94, 1030.94, 1030.94, 1030.94, 1030.94, 1030.94, 1030.94, 1030.94]
exp017-n1024-k08-d180-bs60-f1.732-r00:000009.785: Loop 1/100
exp017-n1024-k08-d180-bs60-f1.732-r00:001404.760: log(exp-norms): [1023.47, 1025.43, 1026.94]
exp017-n1024-k08-d180-bs60-f1.732-r00:001404.760: log(norms):     [1026.22, 1029.97, 1029.98, 1030.01, 1030.06, 1030.04, 1030.08, 1029.93, 1030.04, 1030.19]
exp017-n1024-k08-d180-bs60-f1.732-r00:001404.791: (1396 sec)
exp017-n1024-k08-d180-bs60-f1.732-r00:001404.792: Loop 2/100
exp017-n1024-k08-d180-bs60-f1.732-r00:002468.906: log(exp-norms): [1023.47, 1025.43, 1026.94]
exp017-n1024-k08-d180-bs60-f1.732-r00:002468.907: log(norms):     [1023.47, 1026.22, 1029.35, 1029.37, 1029.47, 1029.46, 1029.48, 1029.5, 1029.48, 1029.53]
exp017-n1024-k08-d180-bs60-f1.732-r00:002468.938: (1065 sec)
exp017-n1024-k08-d180-bs60-f1.732-r00:002468.938: Loop 3/100
exp017-n1024-k08-d180-bs60-f1.732-r00:003500.684: log(exp-norms): [1023.47, 1025.43, 1026.94]
exp017-n1024-k08-d180-bs60-f1.732-r00:003500.685: log(norms):     [1023.47, 1026.22, 1028.94, 1028.96, 1029.0, 1029.04, 1029.07, 1029.12, 1029.03, 1029.11]
exp017-n1024-k08-d180-bs60-f1.732-r00:003500.715: (1032 sec)
exp017-n1024-k08-d180-bs60-f1.732-r00:003500.716: Loop 4/100
exp017-n1024-k08-d180-bs60-f1.732-r00:004370.885: log(exp-norms): [1023.47, 1025.43, 1026.94]
exp017-n1024-k08-d180-bs60-f1.732-r00:004370.885: log(norms):     [1023.47, 1026.22, 1028.72, 1028.73, 1028.81, 1028.78, 1028.73, 1028.71, 1028.83, 1028.63]
exp017-n1024-k08-d180-bs60-f1.732-r00:004370.904: (871 sec)
exp017-n1024-k08-d180-bs60-f1.732-r00:004370.904: Loop 5/100
exp017-n1024-k08-d180-bs60-f1.732-r00:005149.689: log(exp-norms): [1023.47, 1025.43, 1026.94]
exp017-n1024-k08-d180-bs60-f1.732-r00:005149.690: log(norms):     [1023.47, 1026.22, 1028.48, 1028.5, 1028.51, 1028.72, 1028.49, 1028.49, 1028.72, 1028.62]
exp017-n1024-k08-d180-bs60-f1.732-r00:005149.708: (779 sec)
exp017-n1024-k08-d180-bs60-f1.732-r00:005149.709: Loop 6/100
exp017-n1024-k08-d180-bs60-f1.732-r00:005922.650: log(exp-norms): [1023.47, 1025.43, 1026.94]
exp017-n1024-k08-d180-bs60-f1.732-r00:005922.650: log(norms):     [1023.47, 1026.22, 1028.43, 1028.43, 1028.58, 1028.49, 1028.5, 1028.58, 1028.45, 1028.57]
exp017-n1024-k08-d180-bs60-f1.732-r00:005922.669: (773 sec)
exp017-n1024-k08-d180-bs60-f1.732-r00:005922.669: Loop 7/100
exp017-n1024-k08-d180-bs60-f1.732-r00:006606.941: log(exp-norms): [1023.47, 1025.43, 1026.94]
exp017-n1024-k08-d180-bs60-f1.732-r00:006606.941: log(norms):     [1023.47, 1026.22, 1028.32, 1028.42, 1028.36, 1028.42, 1028.48, 1028.36, 1028.44, 1028.54]
exp017-n1024-k08-d180-bs60-f1.732-r00:006606.960: (685 sec)
exp017-n1024-k08-d180-bs60-f1.732-r00:006606.960: Loop 8/100
exp017-n1024-k08-d180-bs60-f1.732-r00:007280.700: log(exp-norms): [1023.47, 1025.43, 1026.94]
exp017-n1024-k08-d180-bs60-f1.732-r00:007280.700: log(norms):     [1023.47, 1026.22, 1028.3, 1028.3, 1028.48, 1028.35, 1028.46, 1028.55, 1028.45, 1028.56]
exp017-n1024-k08-d180-bs60-f1.732-r00:007280.718: (674 sec)
exp017-n1024-k08-d180-bs60-f1.732-r00:007280.719: Loop 9/100
exp017-n1024-k08-d180-bs60-f1.732-r00:007908.252: log(exp-norms): [1023.47, 1025.43, 1026.94]
exp017-n1024-k08-d180-bs60-f1.732-r00:007908.252: log(norms):     [1023.47, 1026.22, 1028.3, 1028.33, 1028.3, 1028.48, 1028.48, 1028.42, 1028.43, 1028.47]
exp017-n1024-k08-d180-bs60-f1.732-r00:007908.269: (628 sec)
exp017-n1024-k08-d180-bs60-f1.732-r00:007908.269: Loop 10/100
exp017-n1024-k08-d180-bs60-f1.732-r00:008561.468: log(exp-norms): [1023.47, 1025.43, 1026.94]
exp017-n1024-k08-d180-bs60-f1.732-r00:008561.469: log(norms):     [1023.47, 1026.22, 1028.24, 1028.27, 1028.3, 1028.31, 1028.39, 1028.36, 1028.51, 1028.51]
exp017-n1024-k08-d180-bs60-f1.732-r00:008561.487: (654 sec)
exp017-n1024-k08-d180-bs60-f1.732-r00:008561.487: Loop 11/100
exp017-n1024-k08-d180-bs60-f1.732-r00:009224.272: log(exp-norms): [1023.47, 1025.43, 1026.94]
exp017-n1024-k08-d180-bs60-f1.732-r00:009224.273: log(norms):     [1023.47, 1026.22, 1028.24, 1028.27, 1028.33, 1028.27, 1028.35, 1028.4, 1028.51, 1028.4]
exp017-n1024-k08-d180-bs60-f1.732-r00:009224.292: (663 sec)
exp017-n1024-k08-d180-bs60-f1.732-r00:009224.292: Loop 12/100
exp017-n1024-k08-d180-bs60-f1.732-r00:009890.876: log(exp-norms): [1023.47, 1025.43, 1026.94]
exp017-n1024-k08-d180-bs60-f1.732-r00:009890.877: log(norms):     [1023.47, 1026.22, 1028.24, 1028.27, 1028.38, 1028.33, 1028.44, 1028.5, 1028.35, 1028.4]
exp017-n1024-k08-d180-bs60-f1.732-r00:009890.896: (667 sec)
exp017-n1024-k08-d180-bs60-f1.732-r00:009890.896: Loop 13/100
exp017-n1024-k08-d180-bs60-f1.732-r00:010558.741: log(exp-norms): [1023.47, 1025.43, 1026.94]
exp017-n1024-k08-d180-bs60-f1.732-r00:010558.741: log(norms):     [1023.47, 1026.22, 1028.24, 1028.27, 1028.38, 1028.37, 1028.37, 1028.35, 1028.24, 1028.3]
exp017-n1024-k08-d180-bs60-f1.732-r00:010558.759: (668 sec)
exp017-n1024-k08-d180-bs60-f1.732-r00:010558.759: Loop 14/100
exp017-n1024-k08-d180-bs60-f1.732-r00:011192.169: log(exp-norms): [1023.47, 1025.43, 1026.94]
exp017-n1024-k08-d180-bs60-f1.732-r00:011192.170: log(norms):     [1023.47, 1026.22, 1028.24, 1028.24, 1028.27, 1028.38, 1028.26, 1028.37, 1028.46, 1028.41]
exp017-n1024-k08-d180-bs60-f1.732-r00:011192.188: (634 sec)
exp017-n1024-k08-d180-bs60-f1.732-r00:011192.188: Loop 15/100
exp017-n1024-k08-d180-bs60-f1.732-r00:012033.242: log(exp-norms): [1023.47, 1025.43, 1026.94]
exp017-n1024-k08-d180-bs60-f1.732-r00:012033.243: log(norms):     [1023.47, 1026.22, 1028.24, 1028.24, 1028.27, 1028.38, 1028.26, 1028.26, 1028.41, 1028.3]
exp017-n1024-k08-d180-bs60-f1.732-r00:012033.274: (842 sec)
exp017-n1024-k08-d180-bs60-f1.732-r00:012033.274: Loop 16/100
exp017-n1024-k08-d180-bs60-f1.732-r00:013044.631: log(exp-norms): [1023.47, 1025.43, 1026.94]
exp017-n1024-k08-d180-bs60-f1.732-r00:013044.632: log(norms):     [1023.47, 1026.22, 1028.21, 1028.3, 1028.24, 1028.24, 1028.47, 1028.38, 1028.38, 1028.27]
exp017-n1024-k08-d180-bs60-f1.732-r00:013044.651: (1012 sec)
exp017-n1024-k08-d180-bs60-f1.732-r00:013044.651: Loop 17/100
exp017-n1024-k08-d180-bs60-f1.732-r00:014009.718: log(exp-norms): [1023.47, 1025.43, 1026.94]
exp017-n1024-k08-d180-bs60-f1.732-r00:014009.720: log(norms):     [1023.47, 1026.22, 1028.21, 1028.26, 1028.31, 1028.31, 1028.59, 1028.37, 1028.36, 1028.34]
exp017-n1024-k08-d180-bs60-f1.732-r00:014009.751: (966 sec)
exp017-n1024-k08-d180-bs60-f1.732-r00:014009.751: Loop 18/100
exp017-n1024-k08-d180-bs60-f1.732-r00:014982.449: log(exp-norms): [1023.47, 1025.43, 1026.94]
exp017-n1024-k08-d180-bs60-f1.732-r00:014982.450: log(norms):     [1023.47, 1026.22, 1028.21, 1028.26, 1028.31, 1028.31, 1028.59, 1028.38, 1028.43, 1028.51]
exp017-n1024-k08-d180-bs60-f1.732-r00:014982.469: (973 sec)
exp017-n1024-k08-d180-bs60-f1.732-r00:014982.469: Loop 19/100
exp017-n1024-k08-d180-bs60-f1.732-r00:015955.169: log(exp-norms): [1023.47, 1025.43, 1026.94]
exp017-n1024-k08-d180-bs60-f1.732-r00:015955.169: log(norms):     [1023.47, 1026.22, 1028.21, 1028.26, 1028.31, 1028.36, 1028.33, 1028.41, 1028.39, 1028.47]
exp017-n1024-k08-d180-bs60-f1.732-r00:015955.199: (973 sec)
exp017-n1024-k08-d180-bs60-f1.732-r00:015955.199: Loop 20/100
exp017-n1024-k08-d180-bs60-f1.732-r00:016973.262: log(exp-norms): [1023.47, 1025.43, 1026.94]
exp017-n1024-k08-d180-bs60-f1.732-r00:016973.263: log(norms):     [1023.47, 1026.22, 1028.21, 1028.26, 1028.31, 1028.36, 1028.33, 1028.41, 1028.32, 1028.35]
exp017-n1024-k08-d180-bs60-f1.732-r00:016973.292: (1019 sec)
exp017-n1024-k08-d180-bs60-f1.732-r00:016973.292: Loop 21/100
exp017-n1024-k08-d180-bs60-f1.732-r00:017959.637: log(exp-norms): [1023.47, 1025.43, 1026.94]
exp017-n1024-k08-d180-bs60-f1.732-r00:017959.638: log(norms):     [1023.47, 1026.22, 1028.21, 1028.26, 1028.31, 1028.31, 1028.36, 1028.33, 1028.32, 1028.38]
exp017-n1024-k08-d180-bs60-f1.732-r00:017959.658: (987 sec)
exp017-n1024-k08-d180-bs60-f1.732-r00:017959.659: Loop 22/100
exp017-n1024-k08-d180-bs60-f1.732-r00:018949.423: log(exp-norms): [1023.47, 1025.43, 1026.94]
exp017-n1024-k08-d180-bs60-f1.732-r00:018949.424: log(norms):     [1023.47, 1026.22, 1028.21, 1028.26, 1028.31, 1028.31, 1028.36, 1028.33, 1028.19, 1028.32]
exp017-n1024-k08-d180-bs60-f1.732-r00:018949.455: (990 sec)
exp017-n1024-k08-d180-bs60-f1.732-r00:018949.455: Loop 23/100
exp017-n1024-k08-d180-bs60-f1.732-r00:019939.064: log(exp-norms): [1023.47, 1025.43, 1026.94]
exp017-n1024-k08-d180-bs60-f1.732-r00:019939.065: log(norms):     [1023.47, 1026.22, 1028.19, 1028.21, 1028.26, 1028.31, 1028.33, 1028.36, 1028.39, 1028.47]
exp017-n1024-k08-d180-bs60-f1.732-r00:019939.093: (990 sec)
exp017-n1024-k08-d180-bs60-f1.732-r00:019939.094: Loop 24/100
exp017-n1024-k08-d180-bs60-f1.732-r00:020830.065: log(exp-norms): [1023.47, 1025.43, 1026.94]
exp017-n1024-k08-d180-bs60-f1.732-r00:020830.066: log(norms):     [1023.47, 1026.22, 1028.19, 1028.21, 1028.36, 1028.26, 1028.33, 1028.31, 1028.47, 1028.36]
exp017-n1024-k08-d180-bs60-f1.732-r00:020830.094: (892 sec)
exp017-n1024-k08-d180-bs60-f1.732-r00:020830.095: Loop 25/100
exp017-n1024-k08-d180-bs60-f1.732-r00:021674.123: log(exp-norms): [1023.47, 1025.43, 1026.94]
exp017-n1024-k08-d180-bs60-f1.732-r00:021674.123: log(norms):     [1023.47, 1026.22, 1028.19, 1028.21, 1028.36, 1028.26, 1028.33, 1028.31, 1028.47, 1028.36]
exp017-n1024-k08-d180-bs60-f1.732-r00:021674.142: (845 sec)
exp017-n1024-k08-d180-bs60-f1.732-r00:021674.142: Loop 26/100
exp017-n1024-k08-d180-bs60-f1.732-r00:022404.975: log(exp-norms): [1023.47, 1025.43, 1026.94]
exp017-n1024-k08-d180-bs60-f1.732-r00:022404.975: log(norms):     [1023.47, 1026.22, 1028.19, 1028.21, 1028.36, 1028.26, 1028.33, 1028.31, 1028.47, 1028.36]
exp017-n1024-k08-d180-bs60-f1.732-r00:022404.993: (731 sec)
exp017-n1024-k08-d180-bs60-f1.732-r00:022404.994: Loop 27/100
exp017-n1024-k08-d180-bs60-f1.732-r00:023078.486: log(exp-norms): [1023.47, 1025.43, 1026.94]
exp017-n1024-k08-d180-bs60-f1.732-r00:023078.486: log(norms):     [1023.47, 1026.22, 1028.19, 1028.3, 1028.29, 1028.33, 1028.21, 1028.47, 1028.33, 1028.26]
exp017-n1024-k08-d180-bs60-f1.732-r00:023078.505: (674 sec)
exp017-n1024-k08-d180-bs60-f1.732-r00:023078.505: Loop 28/100
exp017-n1024-k08-d180-bs60-f1.732-r00:023875.783: log(exp-norms): [1023.47, 1025.43, 1026.94]
exp017-n1024-k08-d180-bs60-f1.732-r00:023875.783: log(norms):     [1023.47, 1026.22, 1028.19, 1028.3, 1028.29, 1028.33, 1028.21, 1028.47, 1028.33, 1028.26]
exp017-n1024-k08-d180-bs60-f1.732-r00:023875.814: (798 sec)
exp017-n1024-k08-d180-bs60-f1.732-r00:023875.815: Loop 29/100
exp017-n1024-k08-d180-bs60-f1.732-r00:024633.894: log(exp-norms): [1023.47, 1025.43, 1026.94]
exp017-n1024-k08-d180-bs60-f1.732-r00:024633.894: log(norms):     [1023.47, 1026.22, 1028.16, 1028.19, 1028.3, 1028.29, 1028.33, 1028.21, 1028.47, 1028.47]
exp017-n1024-k08-d180-bs60-f1.732-r00:024633.913: (759 sec)
exp017-n1024-k08-d180-bs60-f1.732-r00:024633.913: Loop 30/100
exp017-n1024-k08-d180-bs60-f1.732-r00:025286.161: log(exp-norms): [1023.47, 1025.43, 1026.94]
exp017-n1024-k08-d180-bs60-f1.732-r00:025286.161: log(norms):     [1023.47, 1026.22, 1028.16, 1028.19, 1028.3, 1028.41, 1028.29, 1028.34, 1028.33, 1028.21]
exp017-n1024-k08-d180-bs60-f1.732-r00:025286.180: (653 sec)
exp017-n1024-k08-d180-bs60-f1.732-r00:025286.180: Loop 31/100
exp017-n1024-k08-d180-bs60-f1.732-r00:025940.794: log(exp-norms): [1023.47, 1025.43, 1026.94]
exp017-n1024-k08-d180-bs60-f1.732-r00:025940.794: log(norms):     [1023.47, 1026.22, 1028.16, 1028.19, 1028.3, 1028.41, 1028.24, 1028.27, 1028.47, 1028.21]
exp017-n1024-k08-d180-bs60-f1.732-r00:025940.814: (655 sec)
exp017-n1024-k08-d180-bs60-f1.732-r00:025940.814: Loop 32/100
exp017-n1024-k08-d180-bs60-f1.732-r00:026607.575: log(exp-norms): [1023.47, 1025.43, 1026.94]
exp017-n1024-k08-d180-bs60-f1.732-r00:026607.575: log(norms):     [1023.47, 1026.22, 1028.16, 1028.19, 1028.3, 1028.41, 1028.33, 1028.28, 1028.27, 1028.21]
exp017-n1024-k08-d180-bs60-f1.732-r00:026607.594: (667 sec)
exp017-n1024-k08-d180-bs60-f1.732-r00:026607.594: Loop 33/100
exp017-n1024-k08-d180-bs60-f1.732-r00:027267.812: log(exp-norms): [1023.47, 1025.43, 1026.94]
exp017-n1024-k08-d180-bs60-f1.732-r00:027267.813: log(norms):     [1023.47, 1026.22, 1028.16, 1028.19, 1028.3, 1028.41, 1028.33, 1028.28, 1028.27, 1028.21]
exp017-n1024-k08-d180-bs60-f1.732-r00:027267.832: (661 sec)
exp017-n1024-k08-d180-bs60-f1.732-r00:027267.833: Loop 34/100
exp017-n1024-k08-d180-bs60-f1.732-r00:027903.879: log(exp-norms): [1023.47, 1025.43, 1026.94]
exp017-n1024-k08-d180-bs60-f1.732-r00:027903.879: log(norms):     [1023.47, 1026.22, 1028.16, 1028.19, 1028.3, 1028.41, 1028.33, 1028.28, 1028.27, 1028.21]
exp017-n1024-k08-d180-bs60-f1.732-r00:027903.898: (637 sec)
exp017-n1024-k08-d180-bs60-f1.732-r00:027903.899: Loop 35/100
exp017-n1024-k08-d180-bs60-f1.732-r00:028571.994: log(exp-norms): [1023.47, 1025.43, 1026.94]
exp017-n1024-k08-d180-bs60-f1.732-r00:028571.995: log(norms):     [1023.47, 1026.22, 1028.16, 1028.18, 1028.19, 1028.3, 1028.41, 1028.33, 1028.28, 1028.43]
exp017-n1024-k08-d180-bs60-f1.732-r00:028572.013: (669 sec)
exp017-n1024-k08-d180-bs60-f1.732-r00:028572.013: Loop 36/100
exp017-n1024-k08-d180-bs60-f1.732-r00:029213.154: log(exp-norms): [1023.47, 1025.43, 1026.94]
exp017-n1024-k08-d180-bs60-f1.732-r00:029213.155: log(norms):     [1023.47, 1026.22, 1028.16, 1028.18, 1028.25, 1028.3, 1028.41, 1028.3, 1028.19, 1028.28]
exp017-n1024-k08-d180-bs60-f1.732-r00:029213.173: (642 sec)
exp017-n1024-k08-d180-bs60-f1.732-r00:029213.173: Loop 37/100
exp017-n1024-k08-d180-bs60-f1.732-r00:029881.613: log(exp-norms): [1023.47, 1025.43, 1026.94]
exp017-n1024-k08-d180-bs60-f1.732-r00:029881.614: log(norms):     [1023.47, 1026.22, 1028.16, 1028.18, 1028.25, 1028.3, 1028.41, 1028.3, 1028.19, 1028.28]
exp017-n1024-k08-d180-bs60-f1.732-r00:029881.631: (669 sec)
exp017-n1024-k08-d180-bs60-f1.732-r00:029881.632: Loop 38/100
exp017-n1024-k08-d180-bs60-f1.732-r00:030521.766: log(exp-norms): [1023.47, 1025.43, 1026.94]
exp017-n1024-k08-d180-bs60-f1.732-r00:030521.767: log(norms):     [1023.47, 1026.22, 1028.16, 1028.18, 1028.25, 1028.3, 1028.41, 1028.3, 1028.19, 1028.28]
exp017-n1024-k08-d180-bs60-f1.732-r00:030521.786: (641 sec)
exp017-n1024-k08-d180-bs60-f1.732-r00:030521.786: Loop 39/100
exp017-n1024-k08-d180-bs60-f1.732-r00:031162.218: log(exp-norms): [1023.47, 1025.43, 1026.94]
exp017-n1024-k08-d180-bs60-f1.732-r00:031162.219: log(norms):     [1023.47, 1026.22, 1028.16, 1028.18, 1028.25, 1028.3, 1028.41, 1028.3, 1028.19, 1028.28]
exp017-n1024-k08-d180-bs60-f1.732-r00:031162.238: (641 sec)
exp017-n1024-k08-d180-bs60-f1.732-r00:031162.238: Loop 40/100
exp017-n1024-k08-d180-bs60-f1.732-r00:031813.480: log(exp-norms): [1023.47, 1025.43, 1026.94]
exp017-n1024-k08-d180-bs60-f1.732-r00:031813.481: log(norms):     [1023.47, 1026.22, 1028.16, 1028.17, 1028.18, 1028.25, 1028.3, 1028.32, 1028.33, 1028.3]
exp017-n1024-k08-d180-bs60-f1.732-r00:031813.500: (652 sec)
exp017-n1024-k08-d180-bs60-f1.732-r00:031813.500: Loop 41/100
exp017-n1024-k08-d180-bs60-f1.732-r00:032493.786: log(exp-norms): [1023.47, 1025.43, 1026.94]
exp017-n1024-k08-d180-bs60-f1.732-r00:032493.787: log(norms):     [1023.47, 1026.22, 1028.16, 1028.17, 1028.18, 1028.25, 1028.3, 1028.32, 1028.33, 1028.42]
exp017-n1024-k08-d180-bs60-f1.732-r00:032493.805: (681 sec)
exp017-n1024-k08-d180-bs60-f1.732-r00:032493.805: Loop 42/100
exp017-n1024-k08-d180-bs60-f1.732-r00:033110.084: log(exp-norms): [1023.47, 1025.43, 1026.94]
exp017-n1024-k08-d180-bs60-f1.732-r00:033110.085: log(norms):     [1023.47, 1026.22, 1028.16, 1028.17, 1028.18, 1028.25, 1028.3, 1028.32, 1028.33, 1028.42]
exp017-n1024-k08-d180-bs60-f1.732-r00:033110.103: (617 sec)
exp017-n1024-k08-d180-bs60-f1.732-r00:033110.103: Loop 43/100
exp017-n1024-k08-d180-bs60-f1.732-r00:033745.569: log(exp-norms): [1023.47, 1025.43, 1026.94]
exp017-n1024-k08-d180-bs60-f1.732-r00:033745.570: log(norms):     [1023.47, 1026.22, 1028.16, 1028.17, 1028.18, 1028.25, 1028.3, 1028.32, 1028.33, 1028.42]
exp017-n1024-k08-d180-bs60-f1.732-r00:033745.588: (636 sec)
exp017-n1024-k08-d180-bs60-f1.732-r00:033745.589: Loop 44/100
exp017-n1024-k08-d180-bs60-f1.732-r00:034408.919: log(exp-norms): [1023.47, 1025.43, 1026.94]
exp017-n1024-k08-d180-bs60-f1.732-r00:034408.920: log(norms):     [1023.47, 1026.22, 1028.16, 1028.17, 1028.18, 1028.25, 1028.3, 1028.32, 1028.33, 1028.42]
exp017-n1024-k08-d180-bs60-f1.732-r00:034408.938: (664 sec)
exp017-n1024-k08-d180-bs60-f1.732-r00:034408.939: Loop 45/100
exp017-n1024-k08-d180-bs60-f1.732-r00:035061.127: log(exp-norms): [1023.47, 1025.43, 1026.94]
exp017-n1024-k08-d180-bs60-f1.732-r00:035061.128: log(norms):     [1023.47, 1026.22, 1028.16, 1028.17, 1028.32, 1028.3, 1028.25, 1028.53, 1028.34, 1028.38]
exp017-n1024-k08-d180-bs60-f1.732-r00:035061.149: (653 sec)
exp017-n1024-k08-d180-bs60-f1.732-r00:035061.150: Loop 46/100
exp017-n1024-k08-d180-bs60-f1.732-r00:035711.582: log(exp-norms): [1023.47, 1025.43, 1026.94]
exp017-n1024-k08-d180-bs60-f1.732-r00:035711.583: log(norms):     [1023.47, 1026.22, 1028.16, 1028.17, 1028.32, 1028.37, 1028.3, 1028.53, 1028.25, 1028.34]
exp017-n1024-k08-d180-bs60-f1.732-r00:035711.601: (651 sec)
exp017-n1024-k08-d180-bs60-f1.732-r00:035711.602: Loop 47/100
exp017-n1024-k08-d180-bs60-f1.732-r00:036383.002: log(exp-norms): [1023.47, 1025.43, 1026.94]
exp017-n1024-k08-d180-bs60-f1.732-r00:036383.002: log(norms):     [1023.47, 1026.22, 1028.16, 1028.17, 1028.32, 1028.37, 1028.3, 1028.36, 1028.32, 1028.47]
exp017-n1024-k08-d180-bs60-f1.732-r00:036383.021: (672 sec)
exp017-n1024-k08-d180-bs60-f1.732-r00:036383.021: Loop 48/100
exp017-n1024-k08-d180-bs60-f1.732-r00:037070.456: log(exp-norms): [1023.47, 1025.43, 1026.94]
exp017-n1024-k08-d180-bs60-f1.732-r00:037070.457: log(norms):     [1023.47, 1026.22, 1028.16, 1028.17, 1028.32, 1028.37, 1028.3, 1028.36, 1028.33, 1028.49]
exp017-n1024-k08-d180-bs60-f1.732-r00:037070.475: (688 sec)
exp017-n1024-k08-d180-bs60-f1.732-r00:037070.475: Loop 49/100
exp017-n1024-k08-d180-bs60-f1.732-r00:037743.700: log(exp-norms): [1023.47, 1025.43, 1026.94]
exp017-n1024-k08-d180-bs60-f1.732-r00:037743.701: log(norms):     [1023.47, 1026.22, 1028.16, 1028.17, 1028.32, 1028.37, 1028.3, 1028.36, 1028.33, 1028.49]
exp017-n1024-k08-d180-bs60-f1.732-r00:037743.719: (674 sec)
exp017-n1024-k08-d180-bs60-f1.732-r00:037743.719: Loop 50/100
exp017-n1024-k08-d180-bs60-f1.732-r00:038412.923: log(exp-norms): [1023.47, 1025.43, 1026.94]
exp017-n1024-k08-d180-bs60-f1.732-r00:038412.923: log(norms):     [1023.47, 1026.22, 1028.16, 1028.17, 1028.32, 1028.37, 1028.3, 1028.4, 1028.36, 1028.33]
exp017-n1024-k08-d180-bs60-f1.732-r00:038412.941: (670 sec)
exp017-n1024-k08-d180-bs60-f1.732-r00:038412.942: Loop 51/100
exp017-n1024-k08-d180-bs60-f1.732-r00:039106.698: log(exp-norms): [1023.47, 1025.43, 1026.94]
exp017-n1024-k08-d180-bs60-f1.732-r00:039106.699: log(norms):     [1023.47, 1026.22, 1028.16, 1028.17, 1028.21, 1028.32, 1028.37, 1028.3, 1028.26, 1028.4]
exp017-n1024-k08-d180-bs60-f1.732-r00:039106.717: (694 sec)
exp017-n1024-k08-d180-bs60-f1.732-r00:039106.717: Loop 52/100
exp017-n1024-k08-d180-bs60-f1.732-r00:039742.019: log(exp-norms): [1023.47, 1025.43, 1026.94]
exp017-n1024-k08-d180-bs60-f1.732-r00:039742.020: log(norms):     [1023.47, 1026.22, 1028.16, 1028.17, 1028.21, 1028.32, 1028.37, 1028.3, 1028.26, 1028.4]
exp017-n1024-k08-d180-bs60-f1.732-r00:039742.038: (636 sec)
exp017-n1024-k08-d180-bs60-f1.732-r00:039742.039: Loop 53/100
exp017-n1024-k08-d180-bs60-f1.732-r00:040419.266: log(exp-norms): [1023.47, 1025.43, 1026.94]
exp017-n1024-k08-d180-bs60-f1.732-r00:040419.266: log(norms):     [1023.47, 1026.22, 1028.16, 1028.17, 1028.21, 1028.32, 1028.37, 1028.3, 1028.26, 1028.4]
exp017-n1024-k08-d180-bs60-f1.732-r00:040419.286: (678 sec)
exp017-n1024-k08-d180-bs60-f1.732-r00:040419.286: Loop 54/100
exp017-n1024-k08-d180-bs60-f1.732-r00:041068.006: log(exp-norms): [1023.47, 1025.43, 1026.94]
exp017-n1024-k08-d180-bs60-f1.732-r00:041068.006: log(norms):     [1023.47, 1026.22, 1028.16, 1028.17, 1028.21, 1028.32, 1028.37, 1028.3, 1028.26, 1028.43]
exp017-n1024-k08-d180-bs60-f1.732-r00:041068.024: (649 sec)
exp017-n1024-k08-d180-bs60-f1.732-r00:041068.025: Loop 55/100
exp017-n1024-k08-d180-bs60-f1.732-r00:041753.066: log(exp-norms): [1023.47, 1025.43, 1026.94]
exp017-n1024-k08-d180-bs60-f1.732-r00:041753.067: log(norms):     [1023.47, 1026.22, 1028.16, 1028.17, 1028.21, 1028.32, 1028.37, 1028.3, 1028.26, 1028.43]
exp017-n1024-k08-d180-bs60-f1.732-r00:041753.084: (686 sec)
exp017-n1024-k08-d180-bs60-f1.732-r00:041753.084: Loop 56/100
exp017-n1024-k08-d180-bs60-f1.732-r00:042427.101: log(exp-norms): [1023.47, 1025.43, 1026.94]
exp017-n1024-k08-d180-bs60-f1.732-r00:042427.102: log(norms):     [1023.47, 1026.22, 1028.16, 1028.17, 1028.21, 1028.32, 1028.37, 1028.3, 1028.26, 1028.43]
exp017-n1024-k08-d180-bs60-f1.732-r00:042427.120: (675 sec)
exp017-n1024-k08-d180-bs60-f1.732-r00:042427.121: Loop 57/100
exp017-n1024-k08-d180-bs60-f1.732-r00:043097.691: log(exp-norms): [1023.47, 1025.43, 1026.94]
exp017-n1024-k08-d180-bs60-f1.732-r00:043097.692: log(norms):     [1023.47, 1026.22, 1028.16, 1028.17, 1028.21, 1028.32, 1028.37, 1028.3, 1028.26, 1028.43]
exp017-n1024-k08-d180-bs60-f1.732-r00:043097.710: (671 sec)
exp017-n1024-k08-d180-bs60-f1.732-r00:043097.710: Loop 58/100
exp017-n1024-k08-d180-bs60-f1.732-r00:043758.452: log(exp-norms): [1023.47, 1025.43, 1026.94]
exp017-n1024-k08-d180-bs60-f1.732-r00:043758.452: log(norms):     [1023.47, 1026.22, 1028.16, 1028.17, 1028.18, 1028.21, 1028.32, 1028.37, 1028.3, 1028.26]
exp017-n1024-k08-d180-bs60-f1.732-r00:043758.471: (661 sec)
exp017-n1024-k08-d180-bs60-f1.732-r00:043758.471: Loop 59/100
exp017-n1024-k08-d180-bs60-f1.732-r00:044446.307: log(exp-norms): [1023.47, 1025.43, 1026.94]
exp017-n1024-k08-d180-bs60-f1.732-r00:044446.307: log(norms):     [1023.47, 1026.22, 1028.16, 1028.17, 1028.18, 1028.21, 1028.32, 1028.37, 1028.3, 1028.48]
exp017-n1024-k08-d180-bs60-f1.732-r00:044446.325: (688 sec)
exp017-n1024-k08-d180-bs60-f1.732-r00:044446.325: Loop 60/100
exp017-n1024-k08-d180-bs60-f1.732-r00:045121.657: log(exp-norms): [1023.47, 1025.43, 1026.94]
exp017-n1024-k08-d180-bs60-f1.732-r00:045121.658: log(norms):     [1023.47, 1026.22, 1028.16, 1028.17, 1028.18, 1028.21, 1028.32, 1028.37, 1028.3, 1028.47]
exp017-n1024-k08-d180-bs60-f1.732-r00:045121.676: (676 sec)
exp017-n1024-k08-d180-bs60-f1.732-r00:045121.676: Loop 61/100
exp017-n1024-k08-d180-bs60-f1.732-r00:045752.767: log(exp-norms): [1023.47, 1025.43, 1026.94]
exp017-n1024-k08-d180-bs60-f1.732-r00:045752.767: log(norms):     [1023.47, 1026.22, 1028.16, 1028.17, 1028.18, 1028.21, 1028.32, 1028.37, 1028.3, 1028.47]
exp017-n1024-k08-d180-bs60-f1.732-r00:045752.786: (632 sec)
exp017-n1024-k08-d180-bs60-f1.732-r00:045752.786: Loop 62/100
exp017-n1024-k08-d180-bs60-f1.732-r00:046444.490: log(exp-norms): [1023.47, 1025.43, 1026.94]
exp017-n1024-k08-d180-bs60-f1.732-r00:046444.490: log(norms):     [1023.47, 1026.22, 1028.16, 1028.17, 1028.18, 1028.21, 1028.32, 1028.37, 1028.3, 1028.47]
exp017-n1024-k08-d180-bs60-f1.732-r00:046444.509: (692 sec)
exp017-n1024-k08-d180-bs60-f1.732-r00:046444.509: Loop 63/100
exp017-n1024-k08-d180-bs60-f1.732-r00:047118.774: log(exp-norms): [1023.47, 1025.43, 1026.94]
exp017-n1024-k08-d180-bs60-f1.732-r00:047118.774: log(norms):     [1023.47, 1026.22, 1028.16, 1028.17, 1028.18, 1028.21, 1028.32, 1028.37, 1028.3, 1028.47]
exp017-n1024-k08-d180-bs60-f1.732-r00:047118.794: (675 sec)
exp017-n1024-k08-d180-bs60-f1.732-r00:047118.794: Loop 64/100
exp017-n1024-k08-d180-bs60-f1.732-r00:047816.128: log(exp-norms): [1023.47, 1025.43, 1026.94]
exp017-n1024-k08-d180-bs60-f1.732-r00:047816.128: log(norms):     [1023.47, 1026.22, 1028.16, 1028.17, 1028.18, 1028.21, 1028.32, 1028.37, 1028.3, 1028.47]
exp017-n1024-k08-d180-bs60-f1.732-r00:047816.147: (698 sec)
exp017-n1024-k08-d180-bs60-f1.732-r00:047816.147: Loop 65/100
exp017-n1024-k08-d180-bs60-f1.732-r00:048544.490: log(exp-norms): [1023.47, 1025.43, 1026.94]
exp017-n1024-k08-d180-bs60-f1.732-r00:048544.490: log(norms):     [1023.47, 1026.22, 1028.16, 1028.17, 1028.18, 1028.21, 1028.32, 1028.37, 1028.3, 1028.47]
exp017-n1024-k08-d180-bs60-f1.732-r00:048544.509: (729 sec)
exp017-n1024-k08-d180-bs60-f1.732-r00:048544.509: Loop 66/100
exp017-n1024-k08-d180-bs60-f1.732-r00:049245.909: log(exp-norms): [1023.47, 1025.43, 1026.94]
exp017-n1024-k08-d180-bs60-f1.732-r00:049245.911: log(norms):     [1023.47, 1026.22, 1028.16, 1028.17, 1028.18, 1028.21, 1028.32, 1028.37, 1028.3, 1028.47]
exp017-n1024-k08-d180-bs60-f1.732-r00:049245.930: (702 sec)
exp017-n1024-k08-d180-bs60-f1.732-r00:049245.930: Loop 67/100
exp017-n1024-k08-d180-bs60-f1.732-r00:049908.498: log(exp-norms): [1023.47, 1025.43, 1026.94]
exp017-n1024-k08-d180-bs60-f1.732-r00:049908.500: log(norms):     [1023.47, 1026.22, 1028.16, 1028.17, 1028.18, 1028.21, 1028.32, 1028.37, 1028.3, 1028.47]
exp017-n1024-k08-d180-bs60-f1.732-r00:049908.517: (663 sec)
exp017-n1024-k08-d180-bs60-f1.732-r00:049908.518: Loop 68/100
exp017-n1024-k08-d180-bs60-f1.732-r00:050568.744: log(exp-norms): [1023.47, 1025.43, 1026.94]
exp017-n1024-k08-d180-bs60-f1.732-r00:050568.744: log(norms):     [1023.47, 1026.22, 1028.16, 1028.17, 1028.18, 1028.21, 1028.32, 1028.37, 1028.3, 1028.47]
exp017-n1024-k08-d180-bs60-f1.732-r00:050568.763: (661 sec)
exp017-n1024-k08-d180-bs60-f1.732-r00:050568.763: Loop 69/100
exp017-n1024-k08-d180-bs60-f1.732-r00:051195.619: log(exp-norms): [1023.47, 1025.43, 1026.94]
exp017-n1024-k08-d180-bs60-f1.732-r00:051195.619: log(norms):     [1023.47, 1026.22, 1028.16, 1028.17, 1028.18, 1028.21, 1028.32, 1028.37, 1028.3, 1028.47]
exp017-n1024-k08-d180-bs60-f1.732-r00:051195.636: (627 sec)
exp017-n1024-k08-d180-bs60-f1.732-r00:051195.637: Loop 70/100
exp017-n1024-k08-d180-bs60-f1.732-r00:051844.617: log(exp-norms): [1023.47, 1025.43, 1026.94]
exp017-n1024-k08-d180-bs60-f1.732-r00:051844.618: log(norms):     [1023.47, 1026.22, 1028.16, 1028.17, 1028.18, 1028.21, 1028.27, 1028.32, 1028.37, 1028.47]
exp017-n1024-k08-d180-bs60-f1.732-r00:051844.635: (649 sec)
exp017-n1024-k08-d180-bs60-f1.732-r00:051844.636: Loop 71/100
exp017-n1024-k08-d180-bs60-f1.732-r00:052499.830: log(exp-norms): [1023.47, 1025.43, 1026.94]
exp017-n1024-k08-d180-bs60-f1.732-r00:052499.831: log(norms):     [1023.47, 1026.22, 1028.16, 1028.17, 1028.18, 1028.21, 1028.27, 1028.32, 1028.37, 1028.47]
exp017-n1024-k08-d180-bs60-f1.732-r00:052499.849: (656 sec)
exp017-n1024-k08-d180-bs60-f1.732-r00:052499.850: Loop 72/100
exp017-n1024-k08-d180-bs60-f1.732-r00:053147.537: log(exp-norms): [1023.47, 1025.43, 1026.94]
exp017-n1024-k08-d180-bs60-f1.732-r00:053147.538: log(norms):     [1023.47, 1026.22, 1028.16, 1028.17, 1028.18, 1028.21, 1028.27, 1028.32, 1028.37, 1028.47]
exp017-n1024-k08-d180-bs60-f1.732-r00:053147.555: (648 sec)
exp017-n1024-k08-d180-bs60-f1.732-r00:053147.555: Loop 73/100
exp017-n1024-k08-d180-bs60-f1.732-r00:053854.855: log(exp-norms): [1023.47, 1025.43, 1026.94]
exp017-n1024-k08-d180-bs60-f1.732-r00:053854.856: log(norms):     [1023.47, 1026.22, 1028.16, 1028.17, 1028.18, 1028.21, 1028.27, 1028.32, 1028.37, 1028.47]
exp017-n1024-k08-d180-bs60-f1.732-r00:053854.874: (708 sec)
exp017-n1024-k08-d180-bs60-f1.732-r00:053854.875: Loop 74/100
exp017-n1024-k08-d180-bs60-f1.732-r00:054500.762: log(exp-norms): [1023.47, 1025.43, 1026.94]
exp017-n1024-k08-d180-bs60-f1.732-r00:054500.763: log(norms):     [1023.47, 1026.22, 1028.16, 1028.17, 1028.18, 1028.17, 1028.21, 1028.27, 1028.32, 1028.37]
exp017-n1024-k08-d180-bs60-f1.732-r00:054500.781: (646 sec)
exp017-n1024-k08-d180-bs60-f1.732-r00:054500.781: Loop 75/100
exp017-n1024-k08-d180-bs60-f1.732-r00:055171.248: log(exp-norms): [1023.47, 1025.43, 1026.94]
exp017-n1024-k08-d180-bs60-f1.732-r00:055171.249: log(norms):     [1023.47, 1026.22, 1028.13, 1028.17, 1028.16, 1028.17, 1028.18, 1028.21, 1028.27, 1028.32]
exp017-n1024-k08-d180-bs60-f1.732-r00:055171.267: (671 sec)
exp017-n1024-k08-d180-bs60-f1.732-r00:055171.268: Loop 76/100
exp017-n1024-k08-d180-bs60-f1.732-r00:055860.655: log(exp-norms): [1023.47, 1025.43, 1026.94]
exp017-n1024-k08-d180-bs60-f1.732-r00:055860.657: log(norms):     [1023.47, 1026.22, 1028.13, 1028.17, 1028.16, 1028.17, 1028.18, 1028.42, 1028.21, 1028.4]
exp017-n1024-k08-d180-bs60-f1.732-r00:055860.677: (690 sec)
exp017-n1024-k08-d180-bs60-f1.732-r00:055860.677: Loop 77/100
exp017-n1024-k08-d180-bs60-f1.732-r00:056534.237: log(exp-norms): [1023.47, 1025.43, 1026.94]
exp017-n1024-k08-d180-bs60-f1.732-r00:056534.238: log(norms):     [1023.47, 1026.22, 1028.13, 1028.17, 1028.16, 1028.17, 1028.18, 1028.32, 1028.35, 1028.42]
exp017-n1024-k08-d180-bs60-f1.732-r00:056534.257: (674 sec)
exp017-n1024-k08-d180-bs60-f1.732-r00:056534.258: Loop 78/100
exp017-n1024-k08-d180-bs60-f1.732-r00:057200.130: log(exp-norms): [1023.47, 1025.43, 1026.94]
exp017-n1024-k08-d180-bs60-f1.732-r00:057200.130: log(norms):     [1023.47, 1026.22, 1028.13, 1028.17, 1028.16, 1028.17, 1028.18, 1028.32, 1028.35, 1028.49]
exp017-n1024-k08-d180-bs60-f1.732-r00:057200.149: (666 sec)
exp017-n1024-k08-d180-bs60-f1.732-r00:057200.149: Loop 79/100
exp017-n1024-k08-d180-bs60-f1.732-r00:057891.206: log(exp-norms): [1023.47, 1025.43, 1026.94]
exp017-n1024-k08-d180-bs60-f1.732-r00:057891.207: log(norms):     [1023.47, 1026.22, 1028.13, 1028.17, 1028.16, 1028.17, 1028.18, 1028.32, 1028.35, 1028.49]
exp017-n1024-k08-d180-bs60-f1.732-r00:057891.225: (692 sec)
exp017-n1024-k08-d180-bs60-f1.732-r00:057891.225: Loop 80/100
exp017-n1024-k08-d180-bs60-f1.732-r00:058598.988: log(exp-norms): [1023.47, 1025.43, 1026.94]
exp017-n1024-k08-d180-bs60-f1.732-r00:058598.989: log(norms):     [1023.47, 1026.22, 1028.13, 1028.17, 1028.16, 1028.33, 1028.17, 1028.32, 1028.18, 1028.35]
exp017-n1024-k08-d180-bs60-f1.732-r00:058599.007: (708 sec)
exp017-n1024-k08-d180-bs60-f1.732-r00:058599.007: Loop 81/100
exp017-n1024-k08-d180-bs60-f1.732-r00:059284.229: log(exp-norms): [1023.47, 1025.43, 1026.94]
exp017-n1024-k08-d180-bs60-f1.732-r00:059284.230: log(norms):     [1023.47, 1026.22, 1028.13, 1028.17, 1028.16, 1028.33, 1028.17, 1028.32, 1028.18, 1028.35]
exp017-n1024-k08-d180-bs60-f1.732-r00:059284.249: (686 sec)
exp017-n1024-k08-d180-bs60-f1.732-r00:059284.249: Loop 82/100
exp017-n1024-k08-d180-bs60-f1.732-r00:059964.225: log(exp-norms): [1023.47, 1025.43, 1026.94]
exp017-n1024-k08-d180-bs60-f1.732-r00:059964.226: log(norms):     [1023.47, 1026.22, 1028.13, 1028.17, 1028.16, 1028.33, 1028.17, 1028.32, 1028.18, 1028.35]
exp017-n1024-k08-d180-bs60-f1.732-r00:059964.244: (680 sec)
exp017-n1024-k08-d180-bs60-f1.732-r00:059964.244: Loop 83/100
exp017-n1024-k08-d180-bs60-f1.732-r00:060628.847: log(exp-norms): [1023.47, 1025.43, 1026.94]
exp017-n1024-k08-d180-bs60-f1.732-r00:060628.847: log(norms):     [1023.47, 1026.22, 1028.13, 1028.17, 1028.16, 1028.33, 1028.17, 1028.32, 1028.18, 1028.35]
exp017-n1024-k08-d180-bs60-f1.732-r00:060628.866: (665 sec)
exp017-n1024-k08-d180-bs60-f1.732-r00:060628.866: Loop 84/100
exp017-n1024-k08-d180-bs60-f1.732-r00:061294.970: log(exp-norms): [1023.47, 1025.43, 1026.94]
exp017-n1024-k08-d180-bs60-f1.732-r00:061294.971: log(norms):     [1023.47, 1026.22, 1028.13, 1028.17, 1028.16, 1028.33, 1028.17, 1028.32, 1028.18, 1028.35]
exp017-n1024-k08-d180-bs60-f1.732-r00:061294.989: (667 sec)
exp017-n1024-k08-d180-bs60-f1.732-r00:061294.989: Loop 85/100
exp017-n1024-k08-d180-bs60-f1.732-r00:061951.715: log(exp-norms): [1023.47, 1025.43, 1026.94]
exp017-n1024-k08-d180-bs60-f1.732-r00:061951.717: log(norms):     [1023.47, 1026.22, 1028.13, 1028.17, 1028.16, 1028.33, 1028.17, 1028.32, 1028.18, 1028.35]
exp017-n1024-k08-d180-bs60-f1.732-r00:061951.735: (657 sec)
exp017-n1024-k08-d180-bs60-f1.732-r00:061951.735: Loop 86/100
exp017-n1024-k08-d180-bs60-f1.732-r00:062621.789: log(exp-norms): [1023.47, 1025.43, 1026.94]
exp017-n1024-k08-d180-bs60-f1.732-r00:062621.790: log(norms):     [1023.47, 1026.22, 1028.13, 1028.17, 1028.16, 1028.33, 1028.17, 1028.32, 1028.18, 1028.35]
exp017-n1024-k08-d180-bs60-f1.732-r00:062621.808: (671 sec)
exp017-n1024-k08-d180-bs60-f1.732-r00:062621.809: Loop 87/100
exp017-n1024-k08-d180-bs60-f1.732-r00:063303.700: log(exp-norms): [1023.47, 1025.43, 1026.94]
exp017-n1024-k08-d180-bs60-f1.732-r00:063303.700: log(norms):     [1023.47, 1026.22, 1028.13, 1028.17, 1028.16, 1028.33, 1028.17, 1028.32, 1028.18, 1028.35]
exp017-n1024-k08-d180-bs60-f1.732-r00:063303.718: (682 sec)
exp017-n1024-k08-d180-bs60-f1.732-r00:063303.718: Loop 88/100
exp017-n1024-k08-d180-bs60-f1.732-r00:064016.966: log(exp-norms): [1023.47, 1025.43, 1026.94]
exp017-n1024-k08-d180-bs60-f1.732-r00:064016.966: log(norms):     [1023.47, 1026.22, 1028.13, 1028.17, 1028.16, 1028.33, 1028.17, 1028.32, 1028.18, 1028.35]
exp017-n1024-k08-d180-bs60-f1.732-r00:064016.986: (714 sec)
exp017-n1024-k08-d180-bs60-f1.732-r00:064016.987: Loop 89/100
exp017-n1024-k08-d180-bs60-f1.732-r00:064726.339: log(exp-norms): [1023.47, 1025.43, 1026.94]
exp017-n1024-k08-d180-bs60-f1.732-r00:064726.340: log(norms):     [1023.47, 1026.22, 1028.13, 1028.17, 1028.16, 1028.33, 1028.17, 1028.32, 1028.18, 1028.35]
exp017-n1024-k08-d180-bs60-f1.732-r00:064726.358: (710 sec)
exp017-n1024-k08-d180-bs60-f1.732-r00:064726.358: Loop 90/100
exp017-n1024-k08-d180-bs60-f1.732-r00:065407.837: log(exp-norms): [1023.47, 1025.43, 1026.94]
exp017-n1024-k08-d180-bs60-f1.732-r00:065407.838: log(norms):     [1023.47, 1026.22, 1028.13, 1028.17, 1028.16, 1028.24, 1028.35, 1028.32, 1028.21, 1028.2]
exp017-n1024-k08-d180-bs60-f1.732-r00:065407.856: (682 sec)
exp017-n1024-k08-d180-bs60-f1.732-r00:065407.856: Loop 91/100
exp017-n1024-k08-d180-bs60-f1.732-r00:066124.971: log(exp-norms): [1023.47, 1025.43, 1026.94]
exp017-n1024-k08-d180-bs60-f1.732-r00:066124.972: log(norms):     [1023.47, 1026.22, 1028.13, 1028.17, 1028.16, 1028.24, 1028.35, 1028.32, 1028.21, 1028.29]
exp017-n1024-k08-d180-bs60-f1.732-r00:066124.990: (718 sec)
exp017-n1024-k08-d180-bs60-f1.732-r00:066124.990: Loop 92/100
exp017-n1024-k08-d180-bs60-f1.732-r00:066787.777: log(exp-norms): [1023.47, 1025.43, 1026.94]
exp017-n1024-k08-d180-bs60-f1.732-r00:066787.777: log(norms):     [1023.47, 1026.22, 1028.13, 1028.17, 1028.16, 1028.24, 1028.35, 1028.32, 1028.26, 1028.21]
exp017-n1024-k08-d180-bs60-f1.732-r00:066787.796: (663 sec)
exp017-n1024-k08-d180-bs60-f1.732-r00:066787.796: Loop 93/100
exp017-n1024-k08-d180-bs60-f1.732-r00:067486.976: log(exp-norms): [1023.47, 1025.43, 1026.94]
exp017-n1024-k08-d180-bs60-f1.732-r00:067486.976: log(norms):     [1023.47, 1026.22, 1028.13, 1028.17, 1028.16, 1028.24, 1028.35, 1028.32, 1028.26, 1028.21]
exp017-n1024-k08-d180-bs60-f1.732-r00:067486.994: (700 sec)
exp017-n1024-k08-d180-bs60-f1.732-r00:067486.995: Loop 94/100
exp017-n1024-k08-d180-bs60-f1.732-r00:068228.429: log(exp-norms): [1023.47, 1025.43, 1026.94]
exp017-n1024-k08-d180-bs60-f1.732-r00:068228.430: log(norms):     [1023.47, 1026.22, 1028.13, 1028.17, 1028.26, 1028.16, 1028.21, 1028.24, 1028.35, 1028.32]
exp017-n1024-k08-d180-bs60-f1.732-r00:068228.448: (742 sec)
exp017-n1024-k08-d180-bs60-f1.732-r00:068228.449: Loop 95/100
exp017-n1024-k08-d180-bs60-f1.732-r00:068908.380: log(exp-norms): [1023.47, 1025.43, 1026.94]
exp017-n1024-k08-d180-bs60-f1.732-r00:068908.381: log(norms):     [1023.47, 1026.22, 1028.13, 1028.17, 1028.26, 1028.16, 1028.21, 1028.29, 1028.35, 1028.24]
exp017-n1024-k08-d180-bs60-f1.732-r00:068908.399: (680 sec)
exp017-n1024-k08-d180-bs60-f1.732-r00:068908.399: Loop 96/100
exp017-n1024-k08-d180-bs60-f1.732-r00:069581.216: log(exp-norms): [1023.47, 1025.43, 1026.94]
exp017-n1024-k08-d180-bs60-f1.732-r00:069581.217: log(norms):     [1023.47, 1026.22, 1028.13, 1028.17, 1028.26, 1028.17, 1028.16, 1028.21, 1028.29, 1028.2]
exp017-n1024-k08-d180-bs60-f1.732-r00:069581.235: (673 sec)
exp017-n1024-k08-d180-bs60-f1.732-r00:069581.236: Loop 97/100
exp017-n1024-k08-d180-bs60-f1.732-r00:070239.948: log(exp-norms): [1023.47, 1025.43, 1026.94]
exp017-n1024-k08-d180-bs60-f1.732-r00:070239.949: log(norms):     [1023.47, 1026.22, 1028.13, 1028.17, 1028.26, 1028.17, 1028.16, 1028.21, 1028.29, 1028.2]
exp017-n1024-k08-d180-bs60-f1.732-r00:070239.967: (659 sec)
exp017-n1024-k08-d180-bs60-f1.732-r00:070239.968: Loop 98/100
exp017-n1024-k08-d180-bs60-f1.732-r00:070882.160: log(exp-norms): [1023.47, 1025.43, 1026.94]
exp017-n1024-k08-d180-bs60-f1.732-r00:070882.161: log(norms):     [1023.47, 1026.22, 1028.13, 1028.17, 1028.26, 1028.17, 1028.16, 1028.21, 1028.29, 1028.2]
exp017-n1024-k08-d180-bs60-f1.732-r00:070882.179: (643 sec)
exp017-n1024-k08-d180-bs60-f1.732-r00:070882.180: Loop 99/100
exp017-n1024-k08-d180-bs60-f1.732-r00:071506.742: log(exp-norms): [1023.47, 1025.43, 1026.94]
exp017-n1024-k08-d180-bs60-f1.732-r00:071506.743: log(norms):     [1023.47, 1026.22, 1028.13, 1028.17, 1028.26, 1028.17, 1028.16, 1028.21, 1028.29, 1028.42]
exp017-n1024-k08-d180-bs60-f1.732-r00:071506.763: (625 sec)
exp017-n1024-k08-d180-bs60-f1.732-r00:071506.763: Loop 100/100
exp017-n1024-k08-d180-bs60-f1.732-r00:072111.353: log(exp-norms): [1023.47, 1025.43, 1026.94]
exp017-n1024-k08-d180-bs60-f1.732-r00:072111.354: log(norms):     [1023.47, 1025.43, 1026.22, 1028.13, 1028.17, 1028.19, 1028.26, 1028.19, 1028.17, 1028.36]
exp017-n1024-k08-d180-bs60-f1.732-r00:072111.372: (605 sec)
exp017-n1024-k08-d180-bs60-f1.732-r00:072111.372: ==========================Summary===========================
exp017-n1024-k08-d180-bs60-f1.732-r00:072111.372: Total time: 72112sec
exp017-n1024-k08-d180-bs60-f1.732-r00:072111.372: SUCCESS
exp017-n1024-k08-d180-bs60-f1.732-r00:072111.373: HNP solution: 102877459799250792326854090176246283928902714295008794401210495853451957450332360389833835914697002769626968958064729899701228197869293238098522849211980830108748219116474573576592369579195186942039575989686384566012462018951333772564017111221060746521375752504393062285465569978124329414276142313387547500583
exp017-n1024-k08-d180-bs60-f1.732-r00:072111.373: Shared secret: 102877459799250792326854090176246283928902714295008794401210495853451957450332360389833835914697002769626968958064729899701228197869293238098522849211980830108748219116474573576592369579195186942039575989686384566012462018951333772564017111221060746521375752504393062285465569978124329414276142313387547500583
exp017-n1024-k08-d180-bs60-f1.732-r00:072111.373: SUMMARY:n:1024:k:8:d:180:bs:60:t:72112:r:True
