exp016-n1024-k08-d180-bs60-f1.750-r07:000000.187: ==========================Instance==========================
exp016-n1024-k08-d180-bs60-f1.750-r07:000000.187: # of equations: 180
exp016-n1024-k08-d180-bs60-f1.750-r07:000000.189: Gap: 2.84
exp016-n1024-k08-d180-bs60-f1.750-r07:000000.193: Tau: 2.47
exp016-n1024-k08-d180-bs60-f1.750-r07:000000.194: ======================BKZ-60 reduction======================
exp016-n1024-k08-d180-bs60-f1.750-r07:000004.698: Expectedly achievable log(norm): 1028.22
exp016-n1024-k08-d180-bs60-f1.750-r07:000009.632: log(exp-norms): [1023.47, 1025.43, 1026.94]
exp016-n1024-k08-d180-bs60-f1.750-r07:000009.633: log(norms):     [1033.92, 1026.22, 1030.94, 1030.94, 1030.94, 1030.94, 1030.94, 1030.94, 1030.94, 1030.94]
exp016-n1024-k08-d180-bs60-f1.750-r07:000009.769: Loop 1/100
exp016-n1024-k08-d180-bs60-f1.750-r07:001361.448: log(exp-norms): [1023.47, 1025.43, 1026.94]
exp016-n1024-k08-d180-bs60-f1.750-r07:001361.448: log(norms):     [1026.22, 1030.11, 1030.11, 1030.2, 1030.15, 1030.18, 1030.07, 1030.2, 1030.33, 1030.17]
exp016-n1024-k08-d180-bs60-f1.750-r07:001361.481: (1352 sec)
exp016-n1024-k08-d180-bs60-f1.750-r07:001361.482: Loop 2/100
exp016-n1024-k08-d180-bs60-f1.750-r07:002330.921: log(exp-norms): [1023.47, 1025.43, 1026.94]
exp016-n1024-k08-d180-bs60-f1.750-r07:002330.922: log(norms):     [1023.47, 1026.22, 1029.47, 1029.55, 1029.61, 1029.55, 1029.77, 1029.62, 1029.61, 1029.69]
exp016-n1024-k08-d180-bs60-f1.750-r07:002330.953: (970 sec)
exp016-n1024-k08-d180-bs60-f1.750-r07:002330.953: Loop 3/100
exp016-n1024-k08-d180-bs60-f1.750-r07:003325.628: log(exp-norms): [1023.47, 1025.43, 1026.94]
exp016-n1024-k08-d180-bs60-f1.750-r07:003325.628: log(norms):     [1023.47, 1026.22, 1029.01, 1029.01, 1029.03, 1029.19, 1029.14, 1029.09, 1029.13, 1029.11]
exp016-n1024-k08-d180-bs60-f1.750-r07:003325.658: (995 sec)
exp016-n1024-k08-d180-bs60-f1.750-r07:003325.659: Loop 4/100
exp016-n1024-k08-d180-bs60-f1.750-r07:004252.494: log(exp-norms): [1023.47, 1025.43, 1026.94]
exp016-n1024-k08-d180-bs60-f1.750-r07:004252.496: log(norms):     [1023.47, 1026.22, 1028.62, 1028.69, 1028.76, 1028.61, 1028.76, 1028.88, 1028.9, 1028.86]
exp016-n1024-k08-d180-bs60-f1.750-r07:004252.515: (927 sec)
exp016-n1024-k08-d180-bs60-f1.750-r07:004252.516: Loop 5/100
exp016-n1024-k08-d180-bs60-f1.750-r07:005010.798: log(exp-norms): [1023.47, 1025.43, 1026.94]
exp016-n1024-k08-d180-bs60-f1.750-r07:005010.798: log(norms):     [1023.47, 1026.22, 1028.48, 1028.53, 1028.64, 1028.51, 1028.45, 1028.54, 1028.57, 1028.57]
exp016-n1024-k08-d180-bs60-f1.750-r07:005010.817: (759 sec)
exp016-n1024-k08-d180-bs60-f1.750-r07:005010.817: Loop 6/100
exp016-n1024-k08-d180-bs60-f1.750-r07:005723.780: log(exp-norms): [1023.47, 1025.43, 1026.94]
exp016-n1024-k08-d180-bs60-f1.750-r07:005723.780: log(norms):     [1023.47, 1026.22, 1028.37, 1028.41, 1028.49, 1028.51, 1028.44, 1028.61, 1028.54, 1028.61]
exp016-n1024-k08-d180-bs60-f1.750-r07:005723.799: (713 sec)
exp016-n1024-k08-d180-bs60-f1.750-r07:005723.800: Loop 7/100
exp016-n1024-k08-d180-bs60-f1.750-r07:006371.771: log(exp-norms): [1023.47, 1025.43, 1026.94]
exp016-n1024-k08-d180-bs60-f1.750-r07:006371.772: log(norms):     [1023.47, 1026.22, 1028.34, 1028.43, 1028.35, 1028.37, 1028.4, 1028.36, 1028.37, 1028.58]
exp016-n1024-k08-d180-bs60-f1.750-r07:006371.790: (648 sec)
exp016-n1024-k08-d180-bs60-f1.750-r07:006371.791: Loop 8/100
exp016-n1024-k08-d180-bs60-f1.750-r07:007051.896: log(exp-norms): [1023.47, 1025.43, 1026.94]
exp016-n1024-k08-d180-bs60-f1.750-r07:007051.897: log(norms):     [1023.47, 1026.22, 1028.34, 1028.33, 1028.36, 1028.45, 1028.35, 1028.46, 1028.25, 1028.61]
exp016-n1024-k08-d180-bs60-f1.750-r07:007051.915: (681 sec)
exp016-n1024-k08-d180-bs60-f1.750-r07:007051.915: Loop 9/100
exp016-n1024-k08-d180-bs60-f1.750-r07:007674.285: log(exp-norms): [1023.47, 1025.43, 1026.94]
exp016-n1024-k08-d180-bs60-f1.750-r07:007674.285: log(norms):     [1023.47, 1026.22, 1028.25, 1028.28, 1028.31, 1028.28, 1028.3, 1028.38, 1028.42, 1028.44]
exp016-n1024-k08-d180-bs60-f1.750-r07:007674.302: (623 sec)
exp016-n1024-k08-d180-bs60-f1.750-r07:007674.303: Loop 10/100
exp016-n1024-k08-d180-bs60-f1.750-r07:008302.101: log(exp-norms): [1023.47, 1025.43, 1026.94]
exp016-n1024-k08-d180-bs60-f1.750-r07:008302.101: log(norms):     [1023.47, 1026.22, 1028.24, 1028.28, 1028.28, 1028.3, 1028.25, 1028.51, 1028.41, 1028.54]
exp016-n1024-k08-d180-bs60-f1.750-r07:008302.118: (628 sec)
exp016-n1024-k08-d180-bs60-f1.750-r07:008302.119: Loop 11/100
exp016-n1024-k08-d180-bs60-f1.750-r07:008942.673: log(exp-norms): [1023.47, 1025.43, 1026.94]
exp016-n1024-k08-d180-bs60-f1.750-r07:008942.673: log(norms):     [1023.47, 1026.22, 1028.19, 1028.24, 1028.29, 1028.22, 1028.28, 1028.3, 1028.45, 1028.44]
exp016-n1024-k08-d180-bs60-f1.750-r07:008942.690: (641 sec)
exp016-n1024-k08-d180-bs60-f1.750-r07:008942.690: Loop 12/100
exp016-n1024-k08-d180-bs60-f1.750-r07:009552.299: log(exp-norms): [1023.47, 1025.43, 1026.94]
exp016-n1024-k08-d180-bs60-f1.750-r07:009552.299: log(norms):     [1023.47, 1026.22, 1028.19, 1028.22, 1028.28, 1028.28, 1028.24, 1028.48, 1028.3, 1028.48]
exp016-n1024-k08-d180-bs60-f1.750-r07:009552.317: (610 sec)
exp016-n1024-k08-d180-bs60-f1.750-r07:009552.317: Loop 13/100
exp016-n1024-k08-d180-bs60-f1.750-r07:010191.983: log(exp-norms): [1023.47, 1025.43, 1026.94]
exp016-n1024-k08-d180-bs60-f1.750-r07:010191.984: log(norms):     [1023.47, 1026.22, 1028.19, 1028.22, 1028.28, 1028.28, 1028.24, 1028.48, 1028.3, 1028.39]
exp016-n1024-k08-d180-bs60-f1.750-r07:010192.002: (640 sec)
exp016-n1024-k08-d180-bs60-f1.750-r07:010192.002: Loop 14/100
exp016-n1024-k08-d180-bs60-f1.750-r07:010847.721: log(exp-norms): [1023.47, 1025.43, 1026.94]
exp016-n1024-k08-d180-bs60-f1.750-r07:010847.721: log(norms):     [1023.47, 1026.22, 1028.19, 1028.22, 1028.28, 1028.28, 1028.24, 1028.48, 1028.48, 1028.3]
exp016-n1024-k08-d180-bs60-f1.750-r07:010847.739: (656 sec)
exp016-n1024-k08-d180-bs60-f1.750-r07:010847.739: Loop 15/100
exp016-n1024-k08-d180-bs60-f1.750-r07:011469.553: log(exp-norms): [1023.47, 1025.43, 1026.94]
exp016-n1024-k08-d180-bs60-f1.750-r07:011469.554: log(norms):     [1023.47, 1026.22, 1028.19, 1028.22, 1028.28, 1028.28, 1028.24, 1028.48, 1028.33, 1028.48]
exp016-n1024-k08-d180-bs60-f1.750-r07:011469.570: (622 sec)
exp016-n1024-k08-d180-bs60-f1.750-r07:011469.571: Loop 16/100
exp016-n1024-k08-d180-bs60-f1.750-r07:012496.907: log(exp-norms): [1023.47, 1025.43, 1026.94]
exp016-n1024-k08-d180-bs60-f1.750-r07:012496.907: log(norms):     [1023.47, 1026.22, 1028.19, 1028.22, 1028.28, 1028.28, 1028.24, 1028.48, 1028.33, 1028.48]
exp016-n1024-k08-d180-bs60-f1.750-r07:012496.926: (1028 sec)
exp016-n1024-k08-d180-bs60-f1.750-r07:012496.927: Loop 17/100
exp016-n1024-k08-d180-bs60-f1.750-r07:013440.807: log(exp-norms): [1023.47, 1025.43, 1026.94]
exp016-n1024-k08-d180-bs60-f1.750-r07:013440.809: log(norms):     [1023.47, 1026.22, 1028.16, 1028.19, 1028.22, 1028.28, 1028.39, 1028.24, 1028.28, 1028.44]
exp016-n1024-k08-d180-bs60-f1.750-r07:013440.841: (944 sec)
exp016-n1024-k08-d180-bs60-f1.750-r07:013440.842: Loop 18/100
exp016-n1024-k08-d180-bs60-f1.750-r07:014334.763: log(exp-norms): [1023.47, 1025.43, 1026.94]
exp016-n1024-k08-d180-bs60-f1.750-r07:014334.765: log(norms):     [1023.47, 1026.22, 1028.16, 1028.2, 1028.19, 1028.22, 1028.39, 1028.28, 1028.24, 1028.28]
exp016-n1024-k08-d180-bs60-f1.750-r07:014334.784: (894 sec)
exp016-n1024-k08-d180-bs60-f1.750-r07:014334.784: Loop 19/100
exp016-n1024-k08-d180-bs60-f1.750-r07:015386.230: log(exp-norms): [1023.47, 1025.43, 1026.94]
exp016-n1024-k08-d180-bs60-f1.750-r07:015386.231: log(norms):     [1023.47, 1026.22, 1028.16, 1028.2, 1028.19, 1028.22, 1028.39, 1028.28, 1028.39, 1028.42]
exp016-n1024-k08-d180-bs60-f1.750-r07:015386.261: (1052 sec)
exp016-n1024-k08-d180-bs60-f1.750-r07:015386.262: Loop 20/100
exp016-n1024-k08-d180-bs60-f1.750-r07:016356.474: log(exp-norms): [1023.47, 1025.43, 1026.94]
exp016-n1024-k08-d180-bs60-f1.750-r07:016356.474: log(norms):     [1023.47, 1026.22, 1028.16, 1028.2, 1028.19, 1028.22, 1028.23, 1028.31, 1028.29, 1028.28]
exp016-n1024-k08-d180-bs60-f1.750-r07:016356.493: (971 sec)
exp016-n1024-k08-d180-bs60-f1.750-r07:016356.493: Loop 21/100
exp016-n1024-k08-d180-bs60-f1.750-r07:017351.301: log(exp-norms): [1023.47, 1025.43, 1026.94]
exp016-n1024-k08-d180-bs60-f1.750-r07:017351.302: log(norms):     [1023.47, 1026.22, 1028.16, 1028.21, 1028.25, 1028.3, 1028.2, 1028.28, 1028.22, 1028.23]
exp016-n1024-k08-d180-bs60-f1.750-r07:017351.333: (995 sec)
exp016-n1024-k08-d180-bs60-f1.750-r07:017351.333: Loop 22/100
exp016-n1024-k08-d180-bs60-f1.750-r07:018276.745: log(exp-norms): [1023.47, 1025.43, 1026.94]
exp016-n1024-k08-d180-bs60-f1.750-r07:018276.746: log(norms):     [1023.47, 1026.22, 1028.16, 1028.21, 1028.25, 1028.3, 1028.2, 1028.37, 1028.23, 1028.37]
exp016-n1024-k08-d180-bs60-f1.750-r07:018276.765: (926 sec)
exp016-n1024-k08-d180-bs60-f1.750-r07:018276.765: Loop 23/100
exp016-n1024-k08-d180-bs60-f1.750-r07:019223.990: log(exp-norms): [1023.47, 1025.43, 1026.94]
exp016-n1024-k08-d180-bs60-f1.750-r07:019223.990: log(norms):     [1023.47, 1026.22, 1028.16, 1028.21, 1028.25, 1028.3, 1028.2, 1028.41, 1028.49, 1028.37]
exp016-n1024-k08-d180-bs60-f1.750-r07:019224.009: (948 sec)
exp016-n1024-k08-d180-bs60-f1.750-r07:019224.010: Loop 24/100
exp016-n1024-k08-d180-bs60-f1.750-r07:020194.079: log(exp-norms): [1023.47, 1025.43, 1026.94]
exp016-n1024-k08-d180-bs60-f1.750-r07:020194.080: log(norms):     [1023.47, 1026.22, 1028.16, 1028.21, 1028.25, 1028.3, 1028.2, 1028.41, 1028.49, 1028.36]
exp016-n1024-k08-d180-bs60-f1.750-r07:020194.110: (971 sec)
exp016-n1024-k08-d180-bs60-f1.750-r07:020194.110: Loop 25/100
exp016-n1024-k08-d180-bs60-f1.750-r07:021077.944: log(exp-norms): [1023.47, 1025.43, 1026.94]
exp016-n1024-k08-d180-bs60-f1.750-r07:021077.944: log(norms):     [1023.47, 1026.22, 1028.16, 1028.21, 1028.25, 1028.3, 1028.2, 1028.41, 1028.49, 1028.36]
exp016-n1024-k08-d180-bs60-f1.750-r07:021077.963: (884 sec)
exp016-n1024-k08-d180-bs60-f1.750-r07:021077.964: Loop 26/100
exp016-n1024-k08-d180-bs60-f1.750-r07:021927.994: log(exp-norms): [1023.47, 1025.43, 1026.94]
exp016-n1024-k08-d180-bs60-f1.750-r07:021927.994: log(norms):     [1023.47, 1026.22, 1028.16, 1028.21, 1028.25, 1028.3, 1028.2, 1028.41, 1028.49, 1028.36]
exp016-n1024-k08-d180-bs60-f1.750-r07:021928.013: (851 sec)
exp016-n1024-k08-d180-bs60-f1.750-r07:021928.013: Loop 27/100
exp016-n1024-k08-d180-bs60-f1.750-r07:022661.584: log(exp-norms): [1023.47, 1025.43, 1026.94]
exp016-n1024-k08-d180-bs60-f1.750-r07:022661.585: log(norms):     [1023.47, 1026.22, 1028.16, 1028.21, 1028.25, 1028.3, 1028.2, 1028.41, 1028.49, 1028.49]
exp016-n1024-k08-d180-bs60-f1.750-r07:022661.603: (734 sec)
exp016-n1024-k08-d180-bs60-f1.750-r07:022661.603: Loop 28/100
exp016-n1024-k08-d180-bs60-f1.750-r07:023449.190: log(exp-norms): [1023.47, 1025.43, 1026.94]
exp016-n1024-k08-d180-bs60-f1.750-r07:023449.191: log(norms):     [1023.47, 1026.22, 1028.16, 1028.21, 1028.25, 1028.3, 1028.2, 1028.41, 1028.49, 1028.49]
exp016-n1024-k08-d180-bs60-f1.750-r07:023449.219: (788 sec)
exp016-n1024-k08-d180-bs60-f1.750-r07:023449.220: Loop 29/100
exp016-n1024-k08-d180-bs60-f1.750-r07:024266.961: log(exp-norms): [1023.47, 1025.43, 1026.94]
exp016-n1024-k08-d180-bs60-f1.750-r07:024266.962: log(norms):     [1023.47, 1026.22, 1028.16, 1028.21, 1028.25, 1028.3, 1028.2, 1028.41, 1028.49, 1028.49]
exp016-n1024-k08-d180-bs60-f1.750-r07:024266.980: (818 sec)
exp016-n1024-k08-d180-bs60-f1.750-r07:024266.981: Loop 30/100
exp016-n1024-k08-d180-bs60-f1.750-r07:024949.266: log(exp-norms): [1023.47, 1025.43, 1026.94]
exp016-n1024-k08-d180-bs60-f1.750-r07:024949.267: log(norms):     [1023.47, 1026.22, 1028.16, 1028.21, 1028.25, 1028.3, 1028.2, 1028.32, 1028.41, 1028.49]
exp016-n1024-k08-d180-bs60-f1.750-r07:024949.289: (683 sec)
exp016-n1024-k08-d180-bs60-f1.750-r07:024949.290: Loop 31/100
exp016-n1024-k08-d180-bs60-f1.750-r07:025607.144: log(exp-norms): [1023.47, 1025.43, 1026.94]
exp016-n1024-k08-d180-bs60-f1.750-r07:025607.145: log(norms):     [1023.47, 1026.22, 1028.16, 1028.21, 1028.25, 1028.3, 1028.2, 1028.32, 1028.41, 1028.49]
exp016-n1024-k08-d180-bs60-f1.750-r07:025607.163: (658 sec)
exp016-n1024-k08-d180-bs60-f1.750-r07:025607.164: Loop 32/100
exp016-n1024-k08-d180-bs60-f1.750-r07:026274.311: log(exp-norms): [1023.47, 1025.43, 1026.94]
exp016-n1024-k08-d180-bs60-f1.750-r07:026274.312: log(norms):     [1023.47, 1026.22, 1028.16, 1028.21, 1028.25, 1028.3, 1028.2, 1028.33, 1028.32, 1028.36]
exp016-n1024-k08-d180-bs60-f1.750-r07:026274.334: (668 sec)
exp016-n1024-k08-d180-bs60-f1.750-r07:026274.335: Loop 33/100
exp016-n1024-k08-d180-bs60-f1.750-r07:026931.286: log(exp-norms): [1023.47, 1025.43, 1026.94]
exp016-n1024-k08-d180-bs60-f1.750-r07:026931.287: log(norms):     [1023.47, 1026.22, 1028.16, 1028.21, 1028.25, 1028.3, 1028.2, 1028.33, 1028.32, 1028.36]
exp016-n1024-k08-d180-bs60-f1.750-r07:026931.305: (657 sec)
exp016-n1024-k08-d180-bs60-f1.750-r07:026931.306: Loop 34/100
exp016-n1024-k08-d180-bs60-f1.750-r07:027575.080: log(exp-norms): [1023.47, 1025.43, 1026.94]
exp016-n1024-k08-d180-bs60-f1.750-r07:027575.081: log(norms):     [1023.47, 1026.22, 1028.16, 1028.21, 1028.25, 1028.3, 1028.2, 1028.33, 1028.32, 1028.36]
exp016-n1024-k08-d180-bs60-f1.750-r07:027575.099: (644 sec)
exp016-n1024-k08-d180-bs60-f1.750-r07:027575.100: Loop 35/100
exp016-n1024-k08-d180-bs60-f1.750-r07:028224.242: log(exp-norms): [1023.47, 1025.43, 1026.94]
exp016-n1024-k08-d180-bs60-f1.750-r07:028224.243: log(norms):     [1023.47, 1026.22, 1028.16, 1028.21, 1028.25, 1028.3, 1028.2, 1028.33, 1028.32, 1028.36]
exp016-n1024-k08-d180-bs60-f1.750-r07:028224.261: (650 sec)
exp016-n1024-k08-d180-bs60-f1.750-r07:028224.262: Loop 36/100
exp016-n1024-k08-d180-bs60-f1.750-r07:028840.355: log(exp-norms): [1023.47, 1025.43, 1026.94]
exp016-n1024-k08-d180-bs60-f1.750-r07:028840.356: log(norms):     [1023.47, 1026.22, 1028.16, 1028.21, 1028.25, 1028.3, 1028.2, 1028.33, 1028.32, 1028.36]
exp016-n1024-k08-d180-bs60-f1.750-r07:028840.374: (617 sec)
exp016-n1024-k08-d180-bs60-f1.750-r07:028840.374: Loop 37/100
exp016-n1024-k08-d180-bs60-f1.750-r07:029470.287: log(exp-norms): [1023.47, 1025.43, 1026.94]
exp016-n1024-k08-d180-bs60-f1.750-r07:029470.288: log(norms):     [1023.47, 1026.22, 1028.16, 1028.21, 1028.25, 1028.3, 1028.2, 1028.33, 1028.32, 1028.36]
exp016-n1024-k08-d180-bs60-f1.750-r07:029470.307: (630 sec)
exp016-n1024-k08-d180-bs60-f1.750-r07:029470.307: Loop 38/100
exp016-n1024-k08-d180-bs60-f1.750-r07:030099.775: log(exp-norms): [1023.47, 1025.43, 1026.94]
exp016-n1024-k08-d180-bs60-f1.750-r07:030099.776: log(norms):     [1023.47, 1026.22, 1028.16, 1028.21, 1028.25, 1028.3, 1028.2, 1028.33, 1028.32, 1028.36]
exp016-n1024-k08-d180-bs60-f1.750-r07:030099.795: (630 sec)
exp016-n1024-k08-d180-bs60-f1.750-r07:030099.795: Loop 39/100
exp016-n1024-k08-d180-bs60-f1.750-r07:030763.521: log(exp-norms): [1023.47, 1025.43, 1026.94]
exp016-n1024-k08-d180-bs60-f1.750-r07:030763.521: log(norms):     [1023.47, 1026.22, 1028.16, 1028.21, 1028.25, 1028.25, 1028.23, 1028.3, 1028.2, 1028.45]
exp016-n1024-k08-d180-bs60-f1.750-r07:030763.540: (664 sec)
exp016-n1024-k08-d180-bs60-f1.750-r07:030763.540: Loop 40/100
exp016-n1024-k08-d180-bs60-f1.750-r07:031432.245: log(exp-norms): [1023.47, 1025.43, 1026.94]
exp016-n1024-k08-d180-bs60-f1.750-r07:031432.246: log(norms):     [1023.47, 1026.22, 1028.16, 1028.21, 1028.25, 1028.25, 1028.26, 1028.4, 1028.45, 1028.3]
exp016-n1024-k08-d180-bs60-f1.750-r07:031432.264: (669 sec)
exp016-n1024-k08-d180-bs60-f1.750-r07:031432.264: Loop 41/100
exp016-n1024-k08-d180-bs60-f1.750-r07:032128.049: log(exp-norms): [1023.47, 1025.43, 1026.94]
exp016-n1024-k08-d180-bs60-f1.750-r07:032128.049: log(norms):     [1023.47, 1026.22, 1028.16, 1028.21, 1028.25, 1028.25, 1028.26, 1028.4, 1028.45, 1028.3]
exp016-n1024-k08-d180-bs60-f1.750-r07:032128.068: (696 sec)
exp016-n1024-k08-d180-bs60-f1.750-r07:032128.068: Loop 42/100
exp016-n1024-k08-d180-bs60-f1.750-r07:032809.483: log(exp-norms): [1023.47, 1025.43, 1026.94]
exp016-n1024-k08-d180-bs60-f1.750-r07:032809.483: log(norms):     [1023.47, 1026.22, 1028.16, 1028.21, 1028.25, 1028.25, 1028.26, 1028.4, 1028.41, 1028.45]
exp016-n1024-k08-d180-bs60-f1.750-r07:032809.505: (682 sec)
exp016-n1024-k08-d180-bs60-f1.750-r07:032809.505: Loop 43/100
exp016-n1024-k08-d180-bs60-f1.750-r07:033472.412: log(exp-norms): [1023.47, 1025.43, 1026.94]
exp016-n1024-k08-d180-bs60-f1.750-r07:033472.412: log(norms):     [1023.47, 1026.22, 1028.16, 1028.21, 1028.25, 1028.25, 1028.26, 1028.4, 1028.41, 1028.45]
exp016-n1024-k08-d180-bs60-f1.750-r07:033472.430: (663 sec)
exp016-n1024-k08-d180-bs60-f1.750-r07:033472.431: Loop 44/100
exp016-n1024-k08-d180-bs60-f1.750-r07:034151.936: log(exp-norms): [1023.47, 1025.43, 1026.94]
exp016-n1024-k08-d180-bs60-f1.750-r07:034151.937: log(norms):     [1023.47, 1026.22, 1028.16, 1028.21, 1028.25, 1028.25, 1028.26, 1028.4, 1028.41, 1028.45]
exp016-n1024-k08-d180-bs60-f1.750-r07:034151.955: (680 sec)
exp016-n1024-k08-d180-bs60-f1.750-r07:034151.955: Loop 45/100
exp016-n1024-k08-d180-bs60-f1.750-r07:034821.238: log(exp-norms): [1023.47, 1025.43, 1026.94]
exp016-n1024-k08-d180-bs60-f1.750-r07:034821.239: log(norms):     [1023.47, 1026.22, 1028.11, 1028.16, 1028.21, 1028.25, 1028.38, 1028.42, 1028.36, 1028.43]
exp016-n1024-k08-d180-bs60-f1.750-r07:034821.257: (670 sec)
exp016-n1024-k08-d180-bs60-f1.750-r07:034821.258: Loop 46/100
exp016-n1024-k08-d180-bs60-f1.750-r07:035497.495: log(exp-norms): [1023.47, 1025.43, 1026.94]
exp016-n1024-k08-d180-bs60-f1.750-r07:035497.496: log(norms):     [1023.47, 1026.22, 1028.11, 1028.16, 1028.21, 1028.25, 1028.38, 1028.42, 1028.36, 1028.26]
exp016-n1024-k08-d180-bs60-f1.750-r07:035497.514: (677 sec)
exp016-n1024-k08-d180-bs60-f1.750-r07:035497.515: Loop 47/100
exp016-n1024-k08-d180-bs60-f1.750-r07:036147.815: log(exp-norms): [1023.47, 1025.43, 1026.94]
exp016-n1024-k08-d180-bs60-f1.750-r07:036147.815: log(norms):     [1023.47, 1026.22, 1028.11, 1028.16, 1028.21, 1028.25, 1028.38, 1028.48, 1028.26, 1028.42]
exp016-n1024-k08-d180-bs60-f1.750-r07:036147.834: (651 sec)
exp016-n1024-k08-d180-bs60-f1.750-r07:036147.834: Loop 48/100
exp016-n1024-k08-d180-bs60-f1.750-r07:036819.655: log(exp-norms): [1023.47, 1025.43, 1026.94]
exp016-n1024-k08-d180-bs60-f1.750-r07:036819.656: log(norms):     [1023.47, 1026.22, 1028.11, 1028.16, 1028.21, 1028.25, 1028.38, 1028.39, 1028.42, 1028.4]
exp016-n1024-k08-d180-bs60-f1.750-r07:036819.674: (672 sec)
exp016-n1024-k08-d180-bs60-f1.750-r07:036819.674: Loop 49/100
exp016-n1024-k08-d180-bs60-f1.750-r07:037494.973: log(exp-norms): [1023.47, 1025.43, 1026.94]
exp016-n1024-k08-d180-bs60-f1.750-r07:037494.973: log(norms):     [1023.47, 1026.22, 1028.11, 1028.16, 1028.21, 1028.25, 1028.38, 1028.39, 1028.42, 1028.4]
exp016-n1024-k08-d180-bs60-f1.750-r07:037494.992: (676 sec)
exp016-n1024-k08-d180-bs60-f1.750-r07:037494.992: Loop 50/100
exp016-n1024-k08-d180-bs60-f1.750-r07:038157.145: log(exp-norms): [1023.47, 1025.43, 1026.94]
exp016-n1024-k08-d180-bs60-f1.750-r07:038157.146: log(norms):     [1023.47, 1026.22, 1028.11, 1028.16, 1028.21, 1028.25, 1028.38, 1028.39, 1028.42, 1028.4]
exp016-n1024-k08-d180-bs60-f1.750-r07:038157.165: (663 sec)
exp016-n1024-k08-d180-bs60-f1.750-r07:038157.165: Loop 51/100
exp016-n1024-k08-d180-bs60-f1.750-r07:038837.520: log(exp-norms): [1023.47, 1025.43, 1026.94]
exp016-n1024-k08-d180-bs60-f1.750-r07:038837.520: log(norms):     [1023.47, 1026.22, 1028.11, 1028.16, 1028.21, 1028.15, 1028.22, 1028.25, 1028.38, 1028.39]
exp016-n1024-k08-d180-bs60-f1.750-r07:038837.538: (681 sec)
exp016-n1024-k08-d180-bs60-f1.750-r07:038837.539: Loop 52/100
exp016-n1024-k08-d180-bs60-f1.750-r07:039513.286: log(exp-norms): [1023.47, 1025.43, 1026.94]
exp016-n1024-k08-d180-bs60-f1.750-r07:039513.286: log(norms):     [1023.47, 1026.22, 1028.11, 1028.16, 1028.21, 1028.15, 1028.22, 1028.25, 1028.38, 1028.39]
exp016-n1024-k08-d180-bs60-f1.750-r07:039513.305: (676 sec)
exp016-n1024-k08-d180-bs60-f1.750-r07:039513.305: Loop 53/100
exp016-n1024-k08-d180-bs60-f1.750-r07:040183.213: log(exp-norms): [1023.47, 1025.43, 1026.94]
exp016-n1024-k08-d180-bs60-f1.750-r07:040183.214: log(norms):     [1023.47, 1026.22, 1028.11, 1028.16, 1028.21, 1028.15, 1028.22, 1028.25, 1028.38, 1028.39]
exp016-n1024-k08-d180-bs60-f1.750-r07:040183.232: (670 sec)
exp016-n1024-k08-d180-bs60-f1.750-r07:040183.232: Loop 54/100
exp016-n1024-k08-d180-bs60-f1.750-r07:040819.887: log(exp-norms): [1023.47, 1025.43, 1026.94]
exp016-n1024-k08-d180-bs60-f1.750-r07:040819.887: log(norms):     [1023.47, 1026.22, 1028.11, 1028.16, 1028.21, 1028.15, 1028.22, 1028.25, 1028.38, 1028.39]
exp016-n1024-k08-d180-bs60-f1.750-r07:040819.905: (637 sec)
exp016-n1024-k08-d180-bs60-f1.750-r07:040819.906: Loop 55/100
exp016-n1024-k08-d180-bs60-f1.750-r07:041482.332: log(exp-norms): [1023.47, 1025.43, 1026.94]
exp016-n1024-k08-d180-bs60-f1.750-r07:041482.333: log(norms):     [1023.47, 1026.22, 1028.1, 1028.11, 1028.16, 1028.21, 1028.15, 1028.22, 1028.45, 1028.25]
exp016-n1024-k08-d180-bs60-f1.750-r07:041482.351: (663 sec)
exp016-n1024-k08-d180-bs60-f1.750-r07:041482.352: Loop 56/100
exp016-n1024-k08-d180-bs60-f1.750-r07:042150.151: log(exp-norms): [1023.47, 1025.43, 1026.94]
exp016-n1024-k08-d180-bs60-f1.750-r07:042150.151: log(norms):     [1023.47, 1026.22, 1028.1, 1028.11, 1028.16, 1028.21, 1028.15, 1028.22, 1028.45, 1028.25]
exp016-n1024-k08-d180-bs60-f1.750-r07:042150.170: (668 sec)
exp016-n1024-k08-d180-bs60-f1.750-r07:042150.170: Loop 57/100
exp016-n1024-k08-d180-bs60-f1.750-r07:042805.281: log(exp-norms): [1023.47, 1025.43, 1026.94]
exp016-n1024-k08-d180-bs60-f1.750-r07:042805.282: log(norms):     [1023.47, 1026.22, 1028.1, 1028.11, 1028.16, 1028.21, 1028.15, 1028.3, 1028.44, 1028.46]
exp016-n1024-k08-d180-bs60-f1.750-r07:042805.300: (656 sec)
exp016-n1024-k08-d180-bs60-f1.750-r07:042805.301: Loop 58/100
exp016-n1024-k08-d180-bs60-f1.750-r07:043457.552: log(exp-norms): [1023.47, 1025.43, 1026.94]
exp016-n1024-k08-d180-bs60-f1.750-r07:043457.553: log(norms):     [1023.47, 1026.22, 1028.1, 1028.11, 1028.16, 1028.21, 1028.15, 1028.3, 1028.43, 1028.22]
exp016-n1024-k08-d180-bs60-f1.750-r07:043457.571: (653 sec)
exp016-n1024-k08-d180-bs60-f1.750-r07:043457.571: Loop 59/100
exp016-n1024-k08-d180-bs60-f1.750-r07:044149.990: log(exp-norms): [1023.47, 1025.43, 1026.94]
exp016-n1024-k08-d180-bs60-f1.750-r07:044149.991: log(norms):     [1023.47, 1026.22, 1028.1, 1028.11, 1028.16, 1028.21, 1028.15, 1028.3, 1028.43, 1028.5]
exp016-n1024-k08-d180-bs60-f1.750-r07:044150.009: (693 sec)
exp016-n1024-k08-d180-bs60-f1.750-r07:044150.010: Loop 60/100
exp016-n1024-k08-d180-bs60-f1.750-r07:044851.560: log(exp-norms): [1023.47, 1025.43, 1026.94]
exp016-n1024-k08-d180-bs60-f1.750-r07:044851.560: log(norms):     [1023.47, 1026.22, 1028.1, 1028.11, 1028.16, 1028.21, 1028.15, 1028.3, 1028.25, 1028.43]
exp016-n1024-k08-d180-bs60-f1.750-r07:044851.578: (702 sec)
exp016-n1024-k08-d180-bs60-f1.750-r07:044851.579: Loop 61/100
exp016-n1024-k08-d180-bs60-f1.750-r07:045522.417: log(exp-norms): [1023.47, 1025.43, 1026.94]
exp016-n1024-k08-d180-bs60-f1.750-r07:045522.418: log(norms):     [1023.47, 1026.22, 1028.1, 1028.11, 1028.16, 1028.25, 1028.21, 1028.15, 1028.3, 1028.43]
exp016-n1024-k08-d180-bs60-f1.750-r07:045522.437: (671 sec)
exp016-n1024-k08-d180-bs60-f1.750-r07:045522.437: Loop 62/100
exp016-n1024-k08-d180-bs60-f1.750-r07:046201.044: log(exp-norms): [1023.47, 1025.43, 1026.94]
exp016-n1024-k08-d180-bs60-f1.750-r07:046201.044: log(norms):     [1023.47, 1026.22, 1028.1, 1028.11, 1028.16, 1028.25, 1028.17, 1028.21, 1028.15, 1028.3]
exp016-n1024-k08-d180-bs60-f1.750-r07:046201.063: (679 sec)
exp016-n1024-k08-d180-bs60-f1.750-r07:046201.063: Loop 63/100
exp016-n1024-k08-d180-bs60-f1.750-r07:046879.521: log(exp-norms): [1023.47, 1025.43, 1026.94]
exp016-n1024-k08-d180-bs60-f1.750-r07:046879.521: log(norms):     [1023.47, 1026.22, 1028.1, 1028.11, 1028.16, 1028.25, 1028.17, 1028.21, 1028.2, 1028.49]
exp016-n1024-k08-d180-bs60-f1.750-r07:046879.540: (679 sec)
exp016-n1024-k08-d180-bs60-f1.750-r07:046879.540: Loop 64/100
exp016-n1024-k08-d180-bs60-f1.750-r07:047572.831: log(exp-norms): [1023.47, 1025.43, 1026.94]
exp016-n1024-k08-d180-bs60-f1.750-r07:047572.832: log(norms):     [1023.47, 1026.22, 1028.1, 1028.11, 1028.16, 1028.25, 1028.17, 1028.21, 1028.2, 1028.49]
exp016-n1024-k08-d180-bs60-f1.750-r07:047572.850: (694 sec)
exp016-n1024-k08-d180-bs60-f1.750-r07:047572.851: Loop 65/100
exp016-n1024-k08-d180-bs60-f1.750-r07:048263.869: log(exp-norms): [1023.47, 1025.43, 1026.94]
exp016-n1024-k08-d180-bs60-f1.750-r07:048263.870: log(norms):     [1023.47, 1026.22, 1028.1, 1028.11, 1028.16, 1028.25, 1028.17, 1028.3, 1028.21, 1028.1]
exp016-n1024-k08-d180-bs60-f1.750-r07:048263.888: (692 sec)
exp016-n1024-k08-d180-bs60-f1.750-r07:048263.888: Loop 66/100
exp016-n1024-k08-d180-bs60-f1.750-r07:048969.145: log(exp-norms): [1023.47, 1025.43, 1026.94]
exp016-n1024-k08-d180-bs60-f1.750-r07:048969.148: log(norms):     [1023.47, 1026.22, 1028.1, 1028.11, 1028.16, 1028.25, 1028.17, 1028.3, 1028.21, 1028.1]
exp016-n1024-k08-d180-bs60-f1.750-r07:048969.167: (706 sec)
exp016-n1024-k08-d180-bs60-f1.750-r07:048969.167: Loop 67/100
exp016-n1024-k08-d180-bs60-f1.750-r07:049644.685: log(exp-norms): [1023.47, 1025.43, 1026.94]
exp016-n1024-k08-d180-bs60-f1.750-r07:049644.686: log(norms):     [1023.47, 1026.22, 1028.1, 1028.11, 1028.16, 1028.25, 1028.17, 1028.3, 1028.21, 1028.37]
exp016-n1024-k08-d180-bs60-f1.750-r07:049644.705: (676 sec)
exp016-n1024-k08-d180-bs60-f1.750-r07:049644.706: Loop 68/100
exp016-n1024-k08-d180-bs60-f1.750-r07:050360.654: log(exp-norms): [1023.47, 1025.43, 1026.94]
exp016-n1024-k08-d180-bs60-f1.750-r07:050360.656: log(norms):     [1023.47, 1026.22, 1028.1, 1028.11, 1028.16, 1028.25, 1028.17, 1028.3, 1028.21, 1028.37]
exp016-n1024-k08-d180-bs60-f1.750-r07:050360.675: (716 sec)
exp016-n1024-k08-d180-bs60-f1.750-r07:050360.676: Loop 69/100
exp016-n1024-k08-d180-bs60-f1.750-r07:051055.126: log(exp-norms): [1023.47, 1025.43, 1026.94]
exp016-n1024-k08-d180-bs60-f1.750-r07:051055.128: log(norms):     [1023.47, 1026.22, 1028.1, 1028.11, 1028.16, 1028.25, 1028.17, 1028.3, 1028.21, 1028.37]
exp016-n1024-k08-d180-bs60-f1.750-r07:051055.147: (695 sec)
exp016-n1024-k08-d180-bs60-f1.750-r07:051055.148: Loop 70/100
exp016-n1024-k08-d180-bs60-f1.750-r07:051737.446: log(exp-norms): [1023.47, 1025.43, 1026.94]
exp016-n1024-k08-d180-bs60-f1.750-r07:051737.446: log(norms):     [1023.47, 1026.22, 1028.1, 1028.11, 1028.16, 1028.25, 1028.17, 1028.3, 1028.22, 1028.1]
exp016-n1024-k08-d180-bs60-f1.750-r07:051737.467: (683 sec)
exp016-n1024-k08-d180-bs60-f1.750-r07:051737.467: Loop 71/100
exp016-n1024-k08-d180-bs60-f1.750-r07:052455.370: log(exp-norms): [1023.47, 1025.43, 1026.94]
exp016-n1024-k08-d180-bs60-f1.750-r07:052455.371: log(norms):     [1023.47, 1026.22, 1028.1, 1028.11, 1028.16, 1028.25, 1028.26, 1028.17, 1028.3, 1028.22]
exp016-n1024-k08-d180-bs60-f1.750-r07:052455.389: (718 sec)
exp016-n1024-k08-d180-bs60-f1.750-r07:052455.390: Loop 72/100
exp016-n1024-k08-d180-bs60-f1.750-r07:053135.855: log(exp-norms): [1023.47, 1025.43, 1026.94]
exp016-n1024-k08-d180-bs60-f1.750-r07:053135.859: log(norms):     [1023.47, 1026.22, 1028.1, 1028.11, 1028.16, 1028.25, 1028.26, 1028.17, 1028.3, 1028.22]
exp016-n1024-k08-d180-bs60-f1.750-r07:053135.877: (681 sec)
exp016-n1024-k08-d180-bs60-f1.750-r07:053135.877: Loop 73/100
exp016-n1024-k08-d180-bs60-f1.750-r07:053874.774: log(exp-norms): [1023.47, 1025.43, 1026.94]
exp016-n1024-k08-d180-bs60-f1.750-r07:053874.775: log(norms):     [1023.47, 1026.22, 1028.1, 1028.11, 1028.16, 1028.25, 1028.26, 1028.17, 1028.3, 1028.22]
exp016-n1024-k08-d180-bs60-f1.750-r07:053874.793: (739 sec)
exp016-n1024-k08-d180-bs60-f1.750-r07:053874.793: Loop 74/100
exp016-n1024-k08-d180-bs60-f1.750-r07:054530.455: log(exp-norms): [1023.47, 1025.43, 1026.94]
exp016-n1024-k08-d180-bs60-f1.750-r07:054530.456: log(norms):     [1023.47, 1026.22, 1028.1, 1028.11, 1028.16, 1028.25, 1028.26, 1028.17, 1028.3, 1028.22]
exp016-n1024-k08-d180-bs60-f1.750-r07:054530.474: (656 sec)
exp016-n1024-k08-d180-bs60-f1.750-r07:054530.474: Loop 75/100
exp016-n1024-k08-d180-bs60-f1.750-r07:055176.067: log(exp-norms): [1023.47, 1025.43, 1026.94]
exp016-n1024-k08-d180-bs60-f1.750-r07:055176.068: log(norms):     [1023.47, 1026.22, 1028.1, 1028.11, 1028.16, 1028.25, 1028.26, 1028.17, 1028.3, 1028.22]
exp016-n1024-k08-d180-bs60-f1.750-r07:055176.086: (646 sec)
exp016-n1024-k08-d180-bs60-f1.750-r07:055176.087: Loop 76/100
exp016-n1024-k08-d180-bs60-f1.750-r07:055817.409: log(exp-norms): [1023.47, 1025.43, 1026.94]
exp016-n1024-k08-d180-bs60-f1.750-r07:055817.410: log(norms):     [1023.47, 1026.22, 1028.1, 1028.11, 1028.16, 1028.25, 1028.26, 1028.17, 1028.3, 1028.22]
exp016-n1024-k08-d180-bs60-f1.750-r07:055817.428: (642 sec)
exp016-n1024-k08-d180-bs60-f1.750-r07:055817.429: Loop 77/100
exp016-n1024-k08-d180-bs60-f1.750-r07:056470.523: log(exp-norms): [1023.47, 1025.43, 1026.94]
exp016-n1024-k08-d180-bs60-f1.750-r07:056470.523: log(norms):     [1023.47, 1026.22, 1028.1, 1028.11, 1028.16, 1028.25, 1028.26, 1028.17, 1028.3, 1028.22]
exp016-n1024-k08-d180-bs60-f1.750-r07:056470.541: (654 sec)
exp016-n1024-k08-d180-bs60-f1.750-r07:056470.541: Loop 78/100
exp016-n1024-k08-d180-bs60-f1.750-r07:057099.862: log(exp-norms): [1023.47, 1025.43, 1026.94]
exp016-n1024-k08-d180-bs60-f1.750-r07:057099.863: log(norms):     [1023.47, 1026.22, 1028.1, 1028.11, 1028.16, 1028.25, 1028.26, 1028.17, 1028.3, 1028.22]
exp016-n1024-k08-d180-bs60-f1.750-r07:057099.881: (630 sec)
exp016-n1024-k08-d180-bs60-f1.750-r07:057099.881: Loop 79/100
exp016-n1024-k08-d180-bs60-f1.750-r07:057735.877: log(exp-norms): [1023.47, 1025.43, 1026.94]
exp016-n1024-k08-d180-bs60-f1.750-r07:057735.878: log(norms):     [1023.47, 1026.22, 1028.1, 1028.11, 1028.16, 1028.25, 1028.26, 1028.17, 1028.3, 1028.22]
exp016-n1024-k08-d180-bs60-f1.750-r07:057735.895: (637 sec)
exp016-n1024-k08-d180-bs60-f1.750-r07:057735.895: Loop 80/100
exp016-n1024-k08-d180-bs60-f1.750-r07:058371.773: log(exp-norms): [1023.47, 1025.43, 1026.94]
exp016-n1024-k08-d180-bs60-f1.750-r07:058371.773: log(norms):     [1023.47, 1026.22, 1028.08, 1028.1, 1028.11, 1028.16, 1028.24, 1028.26, 1028.25, 1028.17]
exp016-n1024-k08-d180-bs60-f1.750-r07:058371.791: (636 sec)
exp016-n1024-k08-d180-bs60-f1.750-r07:058371.791: Loop 81/100
exp016-n1024-k08-d180-bs60-f1.750-r07:059040.683: log(exp-norms): [1023.47, 1025.43, 1026.94]
exp016-n1024-k08-d180-bs60-f1.750-r07:059040.683: log(norms):     [1023.47, 1026.22, 1028.08, 1028.1, 1028.11, 1028.16, 1028.24, 1028.26, 1028.25, 1028.35]
exp016-n1024-k08-d180-bs60-f1.750-r07:059040.702: (669 sec)
exp016-n1024-k08-d180-bs60-f1.750-r07:059040.702: Loop 82/100
exp016-n1024-k08-d180-bs60-f1.750-r07:059692.623: log(exp-norms): [1023.47, 1025.43, 1026.94]
exp016-n1024-k08-d180-bs60-f1.750-r07:059692.624: log(norms):     [1023.47, 1026.22, 1028.08, 1028.1, 1028.11, 1028.16, 1028.24, 1028.26, 1028.39, 1028.25]
exp016-n1024-k08-d180-bs60-f1.750-r07:059692.641: (652 sec)
exp016-n1024-k08-d180-bs60-f1.750-r07:059692.641: Loop 83/100
exp016-n1024-k08-d180-bs60-f1.750-r07:060328.865: log(exp-norms): [1023.47, 1025.43, 1026.94]
exp016-n1024-k08-d180-bs60-f1.750-r07:060328.866: log(norms):     [1023.47, 1026.22, 1028.08, 1028.1, 1028.11, 1028.16, 1028.24, 1028.26, 1028.39, 1028.25]
exp016-n1024-k08-d180-bs60-f1.750-r07:060328.884: (637 sec)
exp016-n1024-k08-d180-bs60-f1.750-r07:060328.884: Loop 84/100
exp016-n1024-k08-d180-bs60-f1.750-r07:060959.112: log(exp-norms): [1023.47, 1025.43, 1026.94]
exp016-n1024-k08-d180-bs60-f1.750-r07:060959.112: log(norms):     [1023.47, 1026.22, 1028.08, 1028.1, 1028.11, 1028.16, 1028.24, 1028.26, 1028.39, 1028.25]
exp016-n1024-k08-d180-bs60-f1.750-r07:060959.129: (631 sec)
exp016-n1024-k08-d180-bs60-f1.750-r07:060959.130: Loop 85/100
exp016-n1024-k08-d180-bs60-f1.750-r07:061601.215: log(exp-norms): [1023.47, 1025.43, 1026.94]
exp016-n1024-k08-d180-bs60-f1.750-r07:061601.215: log(norms):     [1023.47, 1026.22, 1028.08, 1028.1, 1028.11, 1028.16, 1028.24, 1028.26, 1028.39, 1028.25]
exp016-n1024-k08-d180-bs60-f1.750-r07:061601.232: (643 sec)
exp016-n1024-k08-d180-bs60-f1.750-r07:061601.233: Loop 86/100
exp016-n1024-k08-d180-bs60-f1.750-r07:062255.772: log(exp-norms): [1023.47, 1025.43, 1026.94]
exp016-n1024-k08-d180-bs60-f1.750-r07:062255.772: log(norms):     [1023.47, 1026.22, 1028.08, 1028.1, 1028.11, 1028.16, 1028.24, 1028.26, 1028.39, 1028.25]
exp016-n1024-k08-d180-bs60-f1.750-r07:062255.792: (655 sec)
exp016-n1024-k08-d180-bs60-f1.750-r07:062255.792: Loop 87/100
exp016-n1024-k08-d180-bs60-f1.750-r07:062924.114: log(exp-norms): [1023.47, 1025.43, 1026.94]
exp016-n1024-k08-d180-bs60-f1.750-r07:062924.114: log(norms):     [1023.47, 1026.22, 1028.08, 1028.1, 1028.11, 1028.16, 1028.24, 1028.26, 1028.39, 1028.25]
exp016-n1024-k08-d180-bs60-f1.750-r07:062924.133: (669 sec)
exp016-n1024-k08-d180-bs60-f1.750-r07:062924.133: Loop 88/100
exp016-n1024-k08-d180-bs60-f1.750-r07:063589.249: log(exp-norms): [1023.47, 1025.43, 1026.94]
exp016-n1024-k08-d180-bs60-f1.750-r07:063589.250: log(norms):     [1023.47, 1026.22, 1028.08, 1028.1, 1028.11, 1028.16, 1028.24, 1028.26, 1028.39, 1028.3]
exp016-n1024-k08-d180-bs60-f1.750-r07:063589.268: (666 sec)
exp016-n1024-k08-d180-bs60-f1.750-r07:063589.268: Loop 89/100
exp016-n1024-k08-d180-bs60-f1.750-r07:064246.596: log(exp-norms): [1023.47, 1025.43, 1026.94]
exp016-n1024-k08-d180-bs60-f1.750-r07:064246.596: log(norms):     [1023.47, 1026.22, 1028.08, 1028.1, 1028.21, 1028.24, 1028.11, 1028.3, 1028.16, 1028.26]
exp016-n1024-k08-d180-bs60-f1.750-r07:064246.613: (658 sec)
exp016-n1024-k08-d180-bs60-f1.750-r07:064246.614: Loop 90/100
exp016-n1024-k08-d180-bs60-f1.750-r07:064910.645: log(exp-norms): [1023.47, 1025.43, 1026.94]
exp016-n1024-k08-d180-bs60-f1.750-r07:064910.646: log(norms):     [1023.47, 1026.22, 1028.08, 1028.1, 1028.21, 1028.24, 1028.11, 1028.3, 1028.16, 1028.26]
exp016-n1024-k08-d180-bs60-f1.750-r07:064910.666: (665 sec)
exp016-n1024-k08-d180-bs60-f1.750-r07:064910.666: Loop 91/100
exp016-n1024-k08-d180-bs60-f1.750-r07:065588.262: log(exp-norms): [1023.47, 1025.43, 1026.94]
exp016-n1024-k08-d180-bs60-f1.750-r07:065588.263: log(norms):     [1023.47, 1026.22, 1028.08, 1028.1, 1028.21, 1028.24, 1028.11, 1028.3, 1028.16, 1028.26]
exp016-n1024-k08-d180-bs60-f1.750-r07:065588.280: (678 sec)
exp016-n1024-k08-d180-bs60-f1.750-r07:065588.281: Loop 92/100
exp016-n1024-k08-d180-bs60-f1.750-r07:066212.961: log(exp-norms): [1023.47, 1025.43, 1026.94]
exp016-n1024-k08-d180-bs60-f1.750-r07:066212.961: log(norms):     [1023.47, 1026.22, 1028.08, 1028.1, 1028.21, 1028.24, 1028.11, 1028.3, 1028.16, 1028.26]
exp016-n1024-k08-d180-bs60-f1.750-r07:066212.978: (625 sec)
exp016-n1024-k08-d180-bs60-f1.750-r07:066212.979: Loop 93/100
exp016-n1024-k08-d180-bs60-f1.750-r07:066861.983: log(exp-norms): [1023.47, 1025.43, 1026.94]
exp016-n1024-k08-d180-bs60-f1.750-r07:066861.984: log(norms):     [1023.47, 1026.22, 1028.08, 1028.1, 1028.21, 1028.24, 1028.11, 1028.3, 1028.16, 1028.26]
exp016-n1024-k08-d180-bs60-f1.750-r07:066862.001: (650 sec)
exp016-n1024-k08-d180-bs60-f1.750-r07:066862.001: Loop 94/100
exp016-n1024-k08-d180-bs60-f1.750-r07:067543.996: log(exp-norms): [1023.47, 1025.43, 1026.94]
exp016-n1024-k08-d180-bs60-f1.750-r07:067543.997: log(norms):     [1023.47, 1026.22, 1028.08, 1028.1, 1028.21, 1028.24, 1028.11, 1028.3, 1028.16, 1028.26]
exp016-n1024-k08-d180-bs60-f1.750-r07:067544.015: (683 sec)
exp016-n1024-k08-d180-bs60-f1.750-r07:067544.016: Loop 95/100
exp016-n1024-k08-d180-bs60-f1.750-r07:068237.134: log(exp-norms): [1023.47, 1025.43, 1026.94]
exp016-n1024-k08-d180-bs60-f1.750-r07:068237.135: log(norms):     [1023.47, 1026.22, 1028.08, 1028.1, 1028.21, 1028.24, 1028.11, 1028.3, 1028.16, 1028.25]
exp016-n1024-k08-d180-bs60-f1.750-r07:068237.153: (694 sec)
exp016-n1024-k08-d180-bs60-f1.750-r07:068237.153: Loop 96/100
exp016-n1024-k08-d180-bs60-f1.750-r07:068891.232: log(exp-norms): [1023.47, 1025.43, 1026.94]
exp016-n1024-k08-d180-bs60-f1.750-r07:068891.232: log(norms):     [1023.47, 1026.22, 1028.08, 1028.1, 1028.21, 1028.24, 1028.11, 1028.3, 1028.16, 1028.25]
exp016-n1024-k08-d180-bs60-f1.750-r07:068891.250: (655 sec)
exp016-n1024-k08-d180-bs60-f1.750-r07:068891.250: Loop 97/100
exp016-n1024-k08-d180-bs60-f1.750-r07:069585.298: log(exp-norms): [1023.47, 1025.43, 1026.94]
exp016-n1024-k08-d180-bs60-f1.750-r07:069585.299: log(norms):     [1023.47, 1026.22, 1028.08, 1028.1, 1028.21, 1028.24, 1028.11, 1028.3, 1028.16, 1028.25]
exp016-n1024-k08-d180-bs60-f1.750-r07:069585.317: (695 sec)
exp016-n1024-k08-d180-bs60-f1.750-r07:069585.317: Loop 98/100
exp016-n1024-k08-d180-bs60-f1.750-r07:070261.429: log(exp-norms): [1023.47, 1025.43, 1026.94]
exp016-n1024-k08-d180-bs60-f1.750-r07:070261.430: log(norms):     [1023.47, 1026.22, 1028.08, 1028.1, 1028.21, 1028.24, 1028.11, 1028.3, 1028.16, 1028.25]
exp016-n1024-k08-d180-bs60-f1.750-r07:070261.448: (677 sec)
exp016-n1024-k08-d180-bs60-f1.750-r07:070261.448: Loop 99/100
exp016-n1024-k08-d180-bs60-f1.750-r07:070911.988: log(exp-norms): [1023.47, 1025.43, 1026.94]
exp016-n1024-k08-d180-bs60-f1.750-r07:070911.988: log(norms):     [1023.47, 1026.22, 1028.08, 1028.1, 1028.21, 1028.24, 1028.11, 1028.3, 1028.16, 1028.25]
exp016-n1024-k08-d180-bs60-f1.750-r07:070912.005: (651 sec)
exp016-n1024-k08-d180-bs60-f1.750-r07:070912.006: Loop 100/100
exp016-n1024-k08-d180-bs60-f1.750-r07:071527.830: log(exp-norms): [1023.47, 1025.43, 1026.94]
exp016-n1024-k08-d180-bs60-f1.750-r07:071527.830: log(norms):     [1023.47, 1026.22, 1028.08, 1028.1, 1028.21, 1028.24, 1028.11, 1028.3, 1028.16, 1028.25]
exp016-n1024-k08-d180-bs60-f1.750-r07:071527.847: (616 sec)
exp016-n1024-k08-d180-bs60-f1.750-r07:071527.848: ==========================Summary===========================
exp016-n1024-k08-d180-bs60-f1.750-r07:071527.848: Total time: 71528sec
exp016-n1024-k08-d180-bs60-f1.750-r07:071527.848: FAIL
exp016-n1024-k08-d180-bs60-f1.750-r07:071527.848: SUMMARY:n:1024:k:8:d:180:bs:60:t:71528:r:False
