exp040-n4096-k20-d200-bs60-f1.000-r00:000000.733: ==========================Instance==========================
exp040-n4096-k20-d200-bs60-f1.000-r00:000000.733: # of equations: 200
exp040-n4096-k20-d200-bs60-f1.000-r00:000000.741: Gap: 0.60
exp040-n4096-k20-d200-bs60-f1.000-r00:000000.757: Tau: 0.10
exp040-n4096-k20-d200-bs60-f1.000-r00:000000.758: ======================BKZ-60 reduction======================
exp040-n4096-k20-d200-bs60-f1.000-r00:000006.344: Expectedly achievable log(norm): 4098.83
exp040-n4096-k20-d200-bs60-f1.000-r00:000012.124: log(exp-norms): [4096.0, 4098.04, 4097.3]
exp040-n4096-k20-d200-bs60-f1.000-r00:000012.125: log(norms):     [4119.06, 4098.83, 4116.0, 4116.0, 4116.0, 4116.0, 4116.0, 4116.0, 4116.0, 4116.0]
exp040-n4096-k20-d200-bs60-f1.000-r00:000012.227: Loop 1/100
exp040-n4096-k20-d200-bs60-f1.000-r00:008052.240: log(exp-norms): [4096.0, 4098.04, 4097.3]
exp040-n4096-k20-d200-bs60-f1.000-r00:008052.240: log(norms):     [4098.83, 4100.82, 4100.93, 4100.99, 4101.01, 4100.97, 4101.02, 4101.01, 4101.05, 4101.08]
exp040-n4096-k20-d200-bs60-f1.000-r00:008052.279: (8041 sec)
exp040-n4096-k20-d200-bs60-f1.000-r00:008052.279: Loop 2/100
exp040-n4096-k20-d200-bs60-f1.000-r00:009965.551: log(exp-norms): [4096.0, 4098.04, 4097.3]
exp040-n4096-k20-d200-bs60-f1.000-r00:009965.551: log(norms):     [4098.83, 4100.25, 4100.33, 4100.35, 4100.41, 4100.4, 4100.6, 4100.4, 4100.64, 4100.4]
exp040-n4096-k20-d200-bs60-f1.000-r00:009965.592: (1914 sec)
exp040-n4096-k20-d200-bs60-f1.000-r00:009965.592: Loop 3/100
exp040-n4096-k20-d200-bs60-f1.000-r00:011714.586: log(exp-norms): [4096.0, 4098.04, 4097.3]
exp040-n4096-k20-d200-bs60-f1.000-r00:011714.587: log(norms):     [4098.83, 4099.83, 4099.87, 4099.93, 4099.86, 4100.0, 4099.89, 4099.98, 4100.08, 4099.95]
exp040-n4096-k20-d200-bs60-f1.000-r00:011714.628: (1750 sec)
exp040-n4096-k20-d200-bs60-f1.000-r00:011714.628: Loop 4/100
exp040-n4096-k20-d200-bs60-f1.000-r00:013415.686: log(exp-norms): [4096.0, 4098.04, 4097.3]
exp040-n4096-k20-d200-bs60-f1.000-r00:013415.686: log(norms):     [4098.83, 4099.54, 4099.66, 4099.65, 4099.63, 4099.65, 4099.67, 4099.74, 4099.72, 4099.75]
exp040-n4096-k20-d200-bs60-f1.000-r00:013415.723: (1702 sec)
exp040-n4096-k20-d200-bs60-f1.000-r00:013415.723: Loop 5/100
exp040-n4096-k20-d200-bs60-f1.000-r00:015017.543: log(exp-norms): [4096.0, 4098.04, 4097.3]
exp040-n4096-k20-d200-bs60-f1.000-r00:015017.543: log(norms):     [4098.83, 4099.1, 4099.38, 4099.33, 4099.5, 4099.33, 4099.41, 4099.57, 4099.46, 4099.38]
exp040-n4096-k20-d200-bs60-f1.000-r00:015017.582: (1602 sec)
exp040-n4096-k20-d200-bs60-f1.000-r00:015017.582: Loop 6/100
exp040-n4096-k20-d200-bs60-f1.000-r00:016470.723: log(exp-norms): [4096.0, 4098.04, 4097.3]
exp040-n4096-k20-d200-bs60-f1.000-r00:016470.724: log(norms):     [4098.83, 4099.1, 4099.09, 4099.14, 4099.03, 4099.15, 4099.29, 4099.25, 4099.38, 4099.44]
exp040-n4096-k20-d200-bs60-f1.000-r00:016470.761: (1454 sec)
exp040-n4096-k20-d200-bs60-f1.000-r00:016470.762: Loop 7/100
exp040-n4096-k20-d200-bs60-f1.000-r00:018014.647: log(exp-norms): [4096.0, 4098.04, 4097.3]
exp040-n4096-k20-d200-bs60-f1.000-r00:018014.648: log(norms):     [4098.83, 4098.99, 4099.03, 4099.12, 4099.25, 4099.1, 4099.32, 4099.34, 4099.24, 4099.3]
exp040-n4096-k20-d200-bs60-f1.000-r00:018014.684: (1544 sec)
exp040-n4096-k20-d200-bs60-f1.000-r00:018014.684: Loop 8/100
exp040-n4096-k20-d200-bs60-f1.000-r00:019388.040: log(exp-norms): [4096.0, 4098.04, 4097.3]
exp040-n4096-k20-d200-bs60-f1.000-r00:019388.040: log(norms):     [4098.83, 4098.99, 4099.03, 4099.07, 4099.16, 4099.2, 4099.3, 4099.23, 4099.07, 4099.19]
exp040-n4096-k20-d200-bs60-f1.000-r00:019388.076: (1374 sec)
exp040-n4096-k20-d200-bs60-f1.000-r00:019388.077: Loop 9/100
exp040-n4096-k20-d200-bs60-f1.000-r00:020732.046: log(exp-norms): [4096.0, 4098.04, 4097.3]
exp040-n4096-k20-d200-bs60-f1.000-r00:020732.046: log(norms):     [4098.83, 4098.91, 4098.99, 4099.14, 4099.08, 4099.19, 4099.02, 4099.02, 4099.19, 4099.05]
exp040-n4096-k20-d200-bs60-f1.000-r00:020732.082: (1345 sec)
exp040-n4096-k20-d200-bs60-f1.000-r00:020732.082: Loop 10/100
exp040-n4096-k20-d200-bs60-f1.000-r00:021989.922: log(exp-norms): [4096.0, 4098.04, 4097.3]
exp040-n4096-k20-d200-bs60-f1.000-r00:021989.922: log(norms):     [4098.83, 4098.91, 4099.0, 4099.08, 4098.98, 4099.05, 4099.05, 4099.05, 4099.12, 4099.11]
exp040-n4096-k20-d200-bs60-f1.000-r00:021989.945: (1258 sec)
exp040-n4096-k20-d200-bs60-f1.000-r00:021989.945: Loop 11/100
exp040-n4096-k20-d200-bs60-f1.000-r00:023271.592: log(exp-norms): [4096.0, 4098.04, 4097.3]
exp040-n4096-k20-d200-bs60-f1.000-r00:023271.593: log(norms):     [4098.83, 4098.91, 4099.0, 4099.08, 4099.06, 4098.98, 4098.98, 4099.06, 4099.19, 4099.13]
exp040-n4096-k20-d200-bs60-f1.000-r00:023271.628: (1282 sec)
exp040-n4096-k20-d200-bs60-f1.000-r00:023271.629: Loop 12/100
exp040-n4096-k20-d200-bs60-f1.000-r00:024410.297: log(exp-norms): [4096.0, 4098.04, 4097.3]
exp040-n4096-k20-d200-bs60-f1.000-r00:024410.298: log(norms):     [4098.83, 4098.91, 4098.83, 4098.98, 4099.0, 4099.08, 4099.06, 4098.98, 4099.13, 4099.15]
exp040-n4096-k20-d200-bs60-f1.000-r00:024410.320: (1139 sec)
exp040-n4096-k20-d200-bs60-f1.000-r00:024410.320: Loop 13/100
exp040-n4096-k20-d200-bs60-f1.000-r00:025383.957: log(exp-norms): [4096.0, 4098.04, 4097.3]
exp040-n4096-k20-d200-bs60-f1.000-r00:025383.958: log(norms):     [4098.83, 4098.91, 4098.83, 4098.98, 4099.0, 4099.04, 4099.04, 4098.95, 4099.17, 4099.13]
exp040-n4096-k20-d200-bs60-f1.000-r00:025383.979: (974 sec)
exp040-n4096-k20-d200-bs60-f1.000-r00:025383.979: Loop 14/100
exp040-n4096-k20-d200-bs60-f1.000-r00:026488.432: log(exp-norms): [4096.0, 4098.04, 4097.3]
exp040-n4096-k20-d200-bs60-f1.000-r00:026488.433: log(norms):     [4098.83, 4098.91, 4098.83, 4099.09, 4098.98, 4099.05, 4099.16, 4099.19, 4099.0, 4098.89]
exp040-n4096-k20-d200-bs60-f1.000-r00:026488.457: (1105 sec)
exp040-n4096-k20-d200-bs60-f1.000-r00:026488.457: Loop 15/100
exp040-n4096-k20-d200-bs60-f1.000-r00:027519.777: log(exp-norms): [4096.0, 4098.04, 4097.3]
exp040-n4096-k20-d200-bs60-f1.000-r00:027519.778: log(norms):     [4098.83, 4098.91, 4098.89, 4098.83, 4099.09, 4099.0, 4099.15, 4099.16, 4098.98, 4099.03]
exp040-n4096-k20-d200-bs60-f1.000-r00:027519.814: (1032 sec)
exp040-n4096-k20-d200-bs60-f1.000-r00:027519.814: Loop 16/100
exp040-n4096-k20-d200-bs60-f1.000-r00:028599.108: log(exp-norms): [4096.0, 4098.04, 4097.3]
exp040-n4096-k20-d200-bs60-f1.000-r00:028599.108: log(norms):     [4098.83, 4098.91, 4098.89, 4098.83, 4099.09, 4099.0, 4099.15, 4099.16, 4098.88, 4099.12]
exp040-n4096-k20-d200-bs60-f1.000-r00:028599.130: (1080 sec)
exp040-n4096-k20-d200-bs60-f1.000-r00:028599.130: Loop 17/100
exp040-n4096-k20-d200-bs60-f1.000-r00:029592.205: log(exp-norms): [4096.0, 4098.04, 4097.3]
exp040-n4096-k20-d200-bs60-f1.000-r00:029592.205: log(norms):     [4098.83, 4098.91, 4098.89, 4098.83, 4099.09, 4099.0, 4099.15, 4099.16, 4098.88, 4099.06]
exp040-n4096-k20-d200-bs60-f1.000-r00:029592.226: (994 sec)
exp040-n4096-k20-d200-bs60-f1.000-r00:029592.227: Loop 18/100
exp040-n4096-k20-d200-bs60-f1.000-r00:030576.350: log(exp-norms): [4096.0, 4098.04, 4097.3]
exp040-n4096-k20-d200-bs60-f1.000-r00:030576.351: log(norms):     [4098.83, 4098.91, 4098.84, 4098.89, 4098.83, 4098.99, 4099.09, 4099.0, 4099.15, 4099.01]
exp040-n4096-k20-d200-bs60-f1.000-r00:030576.372: (985 sec)
exp040-n4096-k20-d200-bs60-f1.000-r00:030576.373: Loop 19/100
exp040-n4096-k20-d200-bs60-f1.000-r00:031492.110: log(exp-norms): [4096.0, 4098.04, 4097.3]
exp040-n4096-k20-d200-bs60-f1.000-r00:031492.110: log(norms):     [4098.83, 4098.91, 4098.84, 4098.99, 4098.89, 4098.83, 4098.91, 4099.0, 4099.09, 4099.25]
exp040-n4096-k20-d200-bs60-f1.000-r00:031492.132: (916 sec)
exp040-n4096-k20-d200-bs60-f1.000-r00:031492.132: Loop 20/100
exp040-n4096-k20-d200-bs60-f1.000-r00:032412.623: log(exp-norms): [4096.0, 4098.04, 4097.3]
exp040-n4096-k20-d200-bs60-f1.000-r00:032412.623: log(norms):     [4098.83, 4098.91, 4098.84, 4098.99, 4098.89, 4098.83, 4098.91, 4099.03, 4098.93, 4099.13]
exp040-n4096-k20-d200-bs60-f1.000-r00:032412.644: (921 sec)
exp040-n4096-k20-d200-bs60-f1.000-r00:032412.644: Loop 21/100
exp040-n4096-k20-d200-bs60-f1.000-r00:033333.674: log(exp-norms): [4096.0, 4098.04, 4097.3]
exp040-n4096-k20-d200-bs60-f1.000-r00:033333.675: log(norms):     [4098.83, 4098.91, 4098.84, 4098.99, 4098.89, 4098.92, 4098.95, 4098.83, 4099.14, 4098.91]
exp040-n4096-k20-d200-bs60-f1.000-r00:033333.696: (922 sec)
exp040-n4096-k20-d200-bs60-f1.000-r00:033333.696: Loop 22/100
exp040-n4096-k20-d200-bs60-f1.000-r00:034238.823: log(exp-norms): [4096.0, 4098.04, 4097.3]
exp040-n4096-k20-d200-bs60-f1.000-r00:034238.824: log(norms):     [4098.83, 4098.91, 4098.84, 4098.99, 4098.89, 4098.92, 4098.95, 4098.83, 4099.14, 4099.02]
exp040-n4096-k20-d200-bs60-f1.000-r00:034238.845: (906 sec)
exp040-n4096-k20-d200-bs60-f1.000-r00:034238.845: Loop 23/100
exp040-n4096-k20-d200-bs60-f1.000-r00:035305.733: log(exp-norms): [4096.0, 4098.04, 4097.3]
exp040-n4096-k20-d200-bs60-f1.000-r00:035305.733: log(norms):     [4098.83, 4098.91, 4098.84, 4098.99, 4098.89, 4098.92, 4098.95, 4098.83, 4099.14, 4099.14]
exp040-n4096-k20-d200-bs60-f1.000-r00:035305.754: (1067 sec)
exp040-n4096-k20-d200-bs60-f1.000-r00:035305.754: Loop 24/100
exp040-n4096-k20-d200-bs60-f1.000-r00:036249.311: log(exp-norms): [4096.0, 4098.04, 4097.3]
exp040-n4096-k20-d200-bs60-f1.000-r00:036249.311: log(norms):     [4098.83, 4098.91, 4098.84, 4098.99, 4098.89, 4098.92, 4098.95, 4098.83, 4099.14, 4099.14]
exp040-n4096-k20-d200-bs60-f1.000-r00:036249.332: (944 sec)
exp040-n4096-k20-d200-bs60-f1.000-r00:036249.332: Loop 25/100
exp040-n4096-k20-d200-bs60-f1.000-r00:037160.055: log(exp-norms): [4096.0, 4098.04, 4097.3]
exp040-n4096-k20-d200-bs60-f1.000-r00:037160.056: log(norms):     [4098.83, 4098.91, 4098.84, 4098.99, 4098.89, 4098.92, 4098.95, 4098.83, 4099.08, 4099.03]
exp040-n4096-k20-d200-bs60-f1.000-r00:037160.077: (911 sec)
exp040-n4096-k20-d200-bs60-f1.000-r00:037160.077: Loop 26/100
exp040-n4096-k20-d200-bs60-f1.000-r00:038055.945: log(exp-norms): [4096.0, 4098.04, 4097.3]
exp040-n4096-k20-d200-bs60-f1.000-r00:038055.945: log(norms):     [4098.83, 4098.91, 4098.84, 4098.99, 4098.89, 4098.92, 4098.95, 4098.97, 4099.03, 4099.08]
exp040-n4096-k20-d200-bs60-f1.000-r00:038055.966: (896 sec)
exp040-n4096-k20-d200-bs60-f1.000-r00:038055.967: Loop 27/100
exp040-n4096-k20-d200-bs60-f1.000-r00:038932.486: log(exp-norms): [4096.0, 4098.04, 4097.3]
exp040-n4096-k20-d200-bs60-f1.000-r00:038932.487: log(norms):     [4098.83, 4098.91, 4098.84, 4098.99, 4098.89, 4098.98, 4098.83, 4098.98, 4098.95, 4098.92]
exp040-n4096-k20-d200-bs60-f1.000-r00:038932.508: (877 sec)
exp040-n4096-k20-d200-bs60-f1.000-r00:038932.508: Loop 28/100
exp040-n4096-k20-d200-bs60-f1.000-r00:039814.798: log(exp-norms): [4096.0, 4098.04, 4097.3]
exp040-n4096-k20-d200-bs60-f1.000-r00:039814.799: log(norms):     [4098.83, 4098.91, 4098.84, 4098.99, 4098.89, 4098.98, 4098.83, 4099.07, 4099.03, 4098.99]
exp040-n4096-k20-d200-bs60-f1.000-r00:039814.819: (883 sec)
exp040-n4096-k20-d200-bs60-f1.000-r00:039814.819: Loop 29/100
exp040-n4096-k20-d200-bs60-f1.000-r00:040699.298: log(exp-norms): [4096.0, 4098.04, 4097.3]
exp040-n4096-k20-d200-bs60-f1.000-r00:040699.299: log(norms):     [4098.83, 4098.91, 4098.84, 4098.99, 4098.89, 4098.98, 4098.83, 4099.1, 4099.04, 4099.02]
exp040-n4096-k20-d200-bs60-f1.000-r00:040699.319: (885 sec)
exp040-n4096-k20-d200-bs60-f1.000-r00:040699.319: Loop 30/100
exp040-n4096-k20-d200-bs60-f1.000-r00:041583.389: log(exp-norms): [4096.0, 4098.04, 4097.3]
exp040-n4096-k20-d200-bs60-f1.000-r00:041583.389: log(norms):     [4098.83, 4098.91, 4098.84, 4098.99, 4098.89, 4098.98, 4098.83, 4099.1, 4099.04, 4099.02]
exp040-n4096-k20-d200-bs60-f1.000-r00:041583.410: (885 sec)
exp040-n4096-k20-d200-bs60-f1.000-r00:041583.410: Loop 31/100
exp040-n4096-k20-d200-bs60-f1.000-r00:042436.168: log(exp-norms): [4096.0, 4098.04, 4097.3]
exp040-n4096-k20-d200-bs60-f1.000-r00:042436.168: log(norms):     [4098.83, 4098.91, 4098.84, 4098.99, 4098.89, 4098.98, 4098.83, 4099.1, 4099.04, 4099.02]
exp040-n4096-k20-d200-bs60-f1.000-r00:042436.189: (853 sec)
exp040-n4096-k20-d200-bs60-f1.000-r00:042436.189: Loop 32/100
exp040-n4096-k20-d200-bs60-f1.000-r00:043336.494: log(exp-norms): [4096.0, 4098.04, 4097.3]
exp040-n4096-k20-d200-bs60-f1.000-r00:043336.494: log(norms):     [4098.83, 4098.91, 4098.96, 4098.89, 4098.83, 4099.02, 4098.93, 4099.18, 4099.1, 4098.99]
exp040-n4096-k20-d200-bs60-f1.000-r00:043336.515: (901 sec)
exp040-n4096-k20-d200-bs60-f1.000-r00:043336.515: Loop 33/100
exp040-n4096-k20-d200-bs60-f1.000-r00:044230.386: log(exp-norms): [4096.0, 4098.04, 4097.3]
exp040-n4096-k20-d200-bs60-f1.000-r00:044230.386: log(norms):     [4098.76, 4098.79, 4098.83, 4098.91, 4098.91, 4098.99, 4098.89, 4098.83, 4099.21, 4099.1]
exp040-n4096-k20-d200-bs60-f1.000-r00:044230.407: (894 sec)
exp040-n4096-k20-d200-bs60-f1.000-r00:044230.407: Loop 34/100
exp040-n4096-k20-d200-bs60-f1.000-r00:045094.440: log(exp-norms): [4096.0, 4098.04, 4097.3]
exp040-n4096-k20-d200-bs60-f1.000-r00:045094.441: log(norms):     [4098.76, 4098.79, 4098.83, 4098.91, 4098.91, 4098.99, 4099.15, 4098.89, 4098.83, 4099.21]
exp040-n4096-k20-d200-bs60-f1.000-r00:045094.461: (865 sec)
exp040-n4096-k20-d200-bs60-f1.000-r00:045094.461: Loop 35/100
exp040-n4096-k20-d200-bs60-f1.000-r00:045923.190: log(exp-norms): [4096.0, 4098.04, 4097.3]
exp040-n4096-k20-d200-bs60-f1.000-r00:045923.191: log(norms):     [4098.76, 4098.79, 4098.83, 4098.91, 4098.91, 4098.99, 4099.15, 4098.89, 4098.83, 4099.21]
exp040-n4096-k20-d200-bs60-f1.000-r00:045923.211: (829 sec)
exp040-n4096-k20-d200-bs60-f1.000-r00:045923.211: Loop 36/100
exp040-n4096-k20-d200-bs60-f1.000-r00:046793.677: log(exp-norms): [4096.0, 4098.04, 4097.3]
exp040-n4096-k20-d200-bs60-f1.000-r00:046793.677: log(norms):     [4098.76, 4098.79, 4098.83, 4098.91, 4098.91, 4098.99, 4099.15, 4098.89, 4098.83, 4099.11]
exp040-n4096-k20-d200-bs60-f1.000-r00:046793.698: (871 sec)
exp040-n4096-k20-d200-bs60-f1.000-r00:046793.698: Loop 37/100
exp040-n4096-k20-d200-bs60-f1.000-r00:047650.354: log(exp-norms): [4096.0, 4098.04, 4097.3]
exp040-n4096-k20-d200-bs60-f1.000-r00:047650.354: log(norms):     [4098.76, 4098.79, 4098.86, 4099.01, 4098.83, 4098.91, 4098.91, 4099.1, 4098.89, 4098.83]
exp040-n4096-k20-d200-bs60-f1.000-r00:047650.374: (857 sec)
exp040-n4096-k20-d200-bs60-f1.000-r00:047650.375: Loop 38/100
exp040-n4096-k20-d200-bs60-f1.000-r00:048515.208: log(exp-norms): [4096.0, 4098.04, 4097.3]
exp040-n4096-k20-d200-bs60-f1.000-r00:048515.208: log(norms):     [4098.76, 4098.79, 4098.86, 4099.01, 4098.83, 4098.91, 4098.91, 4099.1, 4098.89, 4098.83]
exp040-n4096-k20-d200-bs60-f1.000-r00:048515.229: (865 sec)
exp040-n4096-k20-d200-bs60-f1.000-r00:048515.229: Loop 39/100
exp040-n4096-k20-d200-bs60-f1.000-r00:049397.509: log(exp-norms): [4096.0, 4098.04, 4097.3]
exp040-n4096-k20-d200-bs60-f1.000-r00:049397.509: log(norms):     [4098.76, 4098.79, 4098.86, 4099.01, 4098.83, 4098.91, 4098.91, 4099.09, 4099.03, 4098.91]
exp040-n4096-k20-d200-bs60-f1.000-r00:049397.530: (883 sec)
exp040-n4096-k20-d200-bs60-f1.000-r00:049397.530: Loop 40/100
exp040-n4096-k20-d200-bs60-f1.000-r00:050281.317: log(exp-norms): [4096.0, 4098.04, 4097.3]
exp040-n4096-k20-d200-bs60-f1.000-r00:050281.317: log(norms):     [4098.76, 4098.79, 4098.86, 4098.83, 4099.01, 4098.83, 4099.01, 4098.91, 4098.91, 4099.09]
exp040-n4096-k20-d200-bs60-f1.000-r00:050281.337: (884 sec)
exp040-n4096-k20-d200-bs60-f1.000-r00:050281.337: Loop 41/100
exp040-n4096-k20-d200-bs60-f1.000-r00:051163.797: log(exp-norms): [4096.0, 4098.04, 4097.3]
exp040-n4096-k20-d200-bs60-f1.000-r00:051163.798: log(norms):     [4098.76, 4098.79, 4098.86, 4098.83, 4099.01, 4098.83, 4099.01, 4099.01, 4098.91, 4098.99]
exp040-n4096-k20-d200-bs60-f1.000-r00:051163.818: (883 sec)
exp040-n4096-k20-d200-bs60-f1.000-r00:051163.819: Loop 42/100
exp040-n4096-k20-d200-bs60-f1.000-r00:052047.400: log(exp-norms): [4096.0, 4098.04, 4097.3]
exp040-n4096-k20-d200-bs60-f1.000-r00:052047.400: log(norms):     [4098.76, 4098.79, 4098.86, 4098.83, 4099.01, 4098.97, 4098.83, 4099.08, 4099.01, 4099.01]
exp040-n4096-k20-d200-bs60-f1.000-r00:052047.421: (884 sec)
exp040-n4096-k20-d200-bs60-f1.000-r00:052047.421: Loop 43/100
exp040-n4096-k20-d200-bs60-f1.000-r00:052912.014: log(exp-norms): [4096.0, 4098.04, 4097.3]
exp040-n4096-k20-d200-bs60-f1.000-r00:052912.015: log(norms):     [4098.76, 4098.79, 4098.86, 4098.83, 4099.01, 4098.97, 4099.15, 4099.02, 4099.08, 4099.26]
exp040-n4096-k20-d200-bs60-f1.000-r00:052912.035: (865 sec)
exp040-n4096-k20-d200-bs60-f1.000-r00:052912.035: Loop 44/100
exp040-n4096-k20-d200-bs60-f1.000-r00:053786.730: log(exp-norms): [4096.0, 4098.04, 4097.3]
exp040-n4096-k20-d200-bs60-f1.000-r00:053786.731: log(norms):     [4098.76, 4098.79, 4098.86, 4098.83, 4099.01, 4098.87, 4099.01, 4098.98, 4099.02, 4099.09]
exp040-n4096-k20-d200-bs60-f1.000-r00:053786.751: (875 sec)
exp040-n4096-k20-d200-bs60-f1.000-r00:053786.751: Loop 45/100
exp040-n4096-k20-d200-bs60-f1.000-r00:054665.909: log(exp-norms): [4096.0, 4098.04, 4097.3]
exp040-n4096-k20-d200-bs60-f1.000-r00:054665.909: log(norms):     [4098.76, 4098.79, 4098.86, 4098.83, 4099.01, 4098.87, 4099.01, 4098.99, 4099.11, 4098.87]
exp040-n4096-k20-d200-bs60-f1.000-r00:054665.930: (880 sec)
exp040-n4096-k20-d200-bs60-f1.000-r00:054665.930: Loop 46/100
exp040-n4096-k20-d200-bs60-f1.000-r00:055538.880: log(exp-norms): [4096.0, 4098.04, 4097.3]
exp040-n4096-k20-d200-bs60-f1.000-r00:055538.881: log(norms):     [4098.76, 4098.79, 4098.86, 4098.83, 4099.01, 4098.87, 4099.01, 4098.99, 4099.11, 4099.04]
exp040-n4096-k20-d200-bs60-f1.000-r00:055538.901: (873 sec)
exp040-n4096-k20-d200-bs60-f1.000-r00:055538.901: Loop 47/100
exp040-n4096-k20-d200-bs60-f1.000-r00:056373.729: log(exp-norms): [4096.0, 4098.04, 4097.3]
exp040-n4096-k20-d200-bs60-f1.000-r00:056373.730: log(norms):     [4098.76, 4098.79, 4098.86, 4098.83, 4099.01, 4098.87, 4099.01, 4098.99, 4099.11, 4099.05]
exp040-n4096-k20-d200-bs60-f1.000-r00:056373.750: (835 sec)
exp040-n4096-k20-d200-bs60-f1.000-r00:056373.750: Loop 48/100
exp040-n4096-k20-d200-bs60-f1.000-r00:057227.321: log(exp-norms): [4096.0, 4098.04, 4097.3]
exp040-n4096-k20-d200-bs60-f1.000-r00:057227.321: log(norms):     [4098.76, 4098.79, 4098.86, 4098.83, 4099.01, 4098.87, 4098.95, 4098.87, 4099.08, 4099.1]
exp040-n4096-k20-d200-bs60-f1.000-r00:057227.341: (854 sec)
exp040-n4096-k20-d200-bs60-f1.000-r00:057227.342: Loop 49/100
exp040-n4096-k20-d200-bs60-f1.000-r00:058128.895: log(exp-norms): [4096.0, 4098.04, 4097.3]
exp040-n4096-k20-d200-bs60-f1.000-r00:058128.895: log(norms):     [4098.76, 4098.79, 4098.86, 4098.83, 4099.01, 4099.14, 4098.87, 4098.95, 4098.98, 4098.87]
exp040-n4096-k20-d200-bs60-f1.000-r00:058128.916: (902 sec)
exp040-n4096-k20-d200-bs60-f1.000-r00:058128.916: Loop 50/100
exp040-n4096-k20-d200-bs60-f1.000-r00:058991.616: log(exp-norms): [4096.0, 4098.04, 4097.3]
exp040-n4096-k20-d200-bs60-f1.000-r00:058991.616: log(norms):     [4098.76, 4098.79, 4098.86, 4098.83, 4099.01, 4099.14, 4098.87, 4098.95, 4098.98, 4099.03]
exp040-n4096-k20-d200-bs60-f1.000-r00:058991.637: (863 sec)
exp040-n4096-k20-d200-bs60-f1.000-r00:058991.637: Loop 51/100
exp040-n4096-k20-d200-bs60-f1.000-r00:059874.028: log(exp-norms): [4096.0, 4098.04, 4097.3]
exp040-n4096-k20-d200-bs60-f1.000-r00:059874.029: log(norms):     [4098.76, 4098.79, 4098.86, 4098.83, 4099.01, 4099.14, 4098.87, 4098.95, 4098.94, 4098.98]
exp040-n4096-k20-d200-bs60-f1.000-r00:059874.049: (883 sec)
exp040-n4096-k20-d200-bs60-f1.000-r00:059874.049: Loop 52/100
exp040-n4096-k20-d200-bs60-f1.000-r00:060760.074: log(exp-norms): [4096.0, 4098.04, 4097.3]
exp040-n4096-k20-d200-bs60-f1.000-r00:060760.075: log(norms):     [4098.76, 4098.79, 4098.86, 4098.83, 4099.01, 4099.14, 4098.92, 4098.87, 4098.95, 4099.1]
exp040-n4096-k20-d200-bs60-f1.000-r00:060760.096: (887 sec)
exp040-n4096-k20-d200-bs60-f1.000-r00:060760.096: Loop 53/100
exp040-n4096-k20-d200-bs60-f1.000-r00:061627.143: log(exp-norms): [4096.0, 4098.04, 4097.3]
exp040-n4096-k20-d200-bs60-f1.000-r00:061627.143: log(norms):     [4098.76, 4098.79, 4098.86, 4098.83, 4099.01, 4099.14, 4098.92, 4099.01, 4098.94, 4098.95]
exp040-n4096-k20-d200-bs60-f1.000-r00:061627.164: (868 sec)
exp040-n4096-k20-d200-bs60-f1.000-r00:061627.164: Loop 54/100
exp040-n4096-k20-d200-bs60-f1.000-r00:062516.370: log(exp-norms): [4096.0, 4098.04, 4097.3]
exp040-n4096-k20-d200-bs60-f1.000-r00:062516.370: log(norms):     [4098.76, 4098.79, 4098.86, 4098.83, 4099.01, 4099.14, 4098.92, 4099.01, 4098.91, 4098.94]
exp040-n4096-k20-d200-bs60-f1.000-r00:062516.391: (890 sec)
exp040-n4096-k20-d200-bs60-f1.000-r00:062516.391: Loop 55/100
exp040-n4096-k20-d200-bs60-f1.000-r00:063394.780: log(exp-norms): [4096.0, 4098.04, 4097.3]
exp040-n4096-k20-d200-bs60-f1.000-r00:063394.780: log(norms):     [4098.76, 4098.79, 4098.86, 4098.83, 4099.01, 4099.14, 4098.92, 4099.01, 4098.91, 4098.94]
exp040-n4096-k20-d200-bs60-f1.000-r00:063394.801: (879 sec)
exp040-n4096-k20-d200-bs60-f1.000-r00:063394.801: Loop 56/100
exp040-n4096-k20-d200-bs60-f1.000-r00:064269.437: log(exp-norms): [4096.0, 4098.04, 4097.3]
exp040-n4096-k20-d200-bs60-f1.000-r00:064269.437: log(norms):     [4098.76, 4098.79, 4098.86, 4098.83, 4099.01, 4099.14, 4098.92, 4099.01, 4098.91, 4098.94]
exp040-n4096-k20-d200-bs60-f1.000-r00:064269.457: (875 sec)
exp040-n4096-k20-d200-bs60-f1.000-r00:064269.457: Loop 57/100
exp040-n4096-k20-d200-bs60-f1.000-r00:065179.887: log(exp-norms): [4096.0, 4098.04, 4097.3]
exp040-n4096-k20-d200-bs60-f1.000-r00:065179.887: log(norms):     [4098.76, 4098.79, 4098.77, 4098.83, 4098.86, 4099.01, 4099.14, 4098.87, 4098.92, 4099.01]
exp040-n4096-k20-d200-bs60-f1.000-r00:065179.907: (911 sec)
exp040-n4096-k20-d200-bs60-f1.000-r00:065179.908: Loop 58/100
exp040-n4096-k20-d200-bs60-f1.000-r00:066052.607: log(exp-norms): [4096.0, 4098.04, 4097.3]
exp040-n4096-k20-d200-bs60-f1.000-r00:066052.607: log(norms):     [4098.76, 4098.79, 4098.82, 4098.77, 4098.83, 4098.86, 4099.01, 4099.01, 4098.87, 4098.92]
exp040-n4096-k20-d200-bs60-f1.000-r00:066052.627: (873 sec)
exp040-n4096-k20-d200-bs60-f1.000-r00:066052.627: Loop 59/100
