exp029-n4096-k20-d210-bs40-f1.000-r00:000000.887: ==========================Instance==========================
exp029-n4096-k20-d210-bs40-f1.000-r00:000000.887: # of equations: 210
exp029-n4096-k20-d210-bs40-f1.000-r00:000000.895: Gap: 1.17
exp029-n4096-k20-d210-bs40-f1.000-r00:000000.911: Tau: 0.39
exp029-n4096-k20-d210-bs40-f1.000-r00:000000.912: ======================BKZ-40 reduction======================
exp029-n4096-k20-d210-bs40-f1.000-r00:000006.341: Expectedly achievable log(norm): 4100.29
exp029-n4096-k20-d210-bs40-f1.000-r00:000012.319: log(exp-norms): [4096.0, 4098.07, 4098.3]
exp029-n4096-k20-d210-bs40-f1.000-r00:000012.319: log(norms):     [4119.09, 4098.86, 4116.0, 4116.0, 4116.0, 4116.0, 4116.0, 4116.0, 4116.0, 4116.0]
exp029-n4096-k20-d210-bs40-f1.000-r00:000012.419: Loop 1/100
exp029-n4096-k20-d210-bs40-f1.000-r00:009095.292: log(exp-norms): [4096.0, 4098.07, 4098.3]
exp029-n4096-k20-d210-bs40-f1.000-r00:009095.293: log(norms):     [4098.86, 4102.52, 4102.57, 4102.68, 4102.82, 4102.78, 4102.77, 4102.92, 4102.82, 4102.86]
exp029-n4096-k20-d210-bs40-f1.000-r00:009095.331: (9083 sec)
exp029-n4096-k20-d210-bs40-f1.000-r00:009095.332: Loop 2/100
exp029-n4096-k20-d210-bs40-f1.000-r00:009338.597: log(exp-norms): [4096.0, 4098.07, 4098.3]
exp029-n4096-k20-d210-bs40-f1.000-r00:009338.598: log(norms):     [4098.86, 4102.31, 4102.36, 4102.44, 4102.39, 4102.5, 4102.54, 4102.51, 4102.4, 4102.65]
exp029-n4096-k20-d210-bs40-f1.000-r00:009338.637: (244 sec)
exp029-n4096-k20-d210-bs40-f1.000-r00:009338.638: Loop 3/100
exp029-n4096-k20-d210-bs40-f1.000-r00:009547.331: log(exp-norms): [4096.0, 4098.07, 4098.3]
exp029-n4096-k20-d210-bs40-f1.000-r00:009547.332: log(norms):     [4098.86, 4102.04, 4102.12, 4102.14, 4102.23, 4102.23, 4102.18, 4102.33, 4102.28, 4102.15]
exp029-n4096-k20-d210-bs40-f1.000-r00:009547.370: (209 sec)
exp029-n4096-k20-d210-bs40-f1.000-r00:009547.370: Loop 4/100
exp029-n4096-k20-d210-bs40-f1.000-r00:009735.010: log(exp-norms): [4096.0, 4098.07, 4098.3]
exp029-n4096-k20-d210-bs40-f1.000-r00:009735.011: log(norms):     [4098.86, 4101.93, 4101.93, 4101.99, 4101.83, 4102.03, 4101.91, 4101.93, 4101.95, 4101.94]
exp029-n4096-k20-d210-bs40-f1.000-r00:009735.051: (188 sec)
exp029-n4096-k20-d210-bs40-f1.000-r00:009735.051: Loop 5/100
exp029-n4096-k20-d210-bs40-f1.000-r00:009925.158: log(exp-norms): [4096.0, 4098.07, 4098.3]
exp029-n4096-k20-d210-bs40-f1.000-r00:009925.158: log(norms):     [4098.86, 4101.68, 4101.77, 4101.76, 4101.8, 4101.79, 4101.62, 4101.76, 4101.7, 4101.8]
exp029-n4096-k20-d210-bs40-f1.000-r00:009925.196: (191 sec)
exp029-n4096-k20-d210-bs40-f1.000-r00:009925.196: Loop 6/100
exp029-n4096-k20-d210-bs40-f1.000-r00:010094.291: log(exp-norms): [4096.0, 4098.07, 4098.3]
exp029-n4096-k20-d210-bs40-f1.000-r00:010094.292: log(norms):     [4098.86, 4101.5, 4101.51, 4101.55, 4101.62, 4101.63, 4101.53, 4101.57, 4101.63, 4101.8]
exp029-n4096-k20-d210-bs40-f1.000-r00:010094.330: (170 sec)
exp029-n4096-k20-d210-bs40-f1.000-r00:010094.330: Loop 7/100
exp029-n4096-k20-d210-bs40-f1.000-r00:010261.825: log(exp-norms): [4096.0, 4098.07, 4098.3]
exp029-n4096-k20-d210-bs40-f1.000-r00:010261.826: log(norms):     [4098.86, 4101.27, 4101.36, 4101.4, 4101.36, 4101.37, 4101.54, 4101.36, 4101.39, 4101.59]
exp029-n4096-k20-d210-bs40-f1.000-r00:010261.865: (168 sec)
exp029-n4096-k20-d210-bs40-f1.000-r00:010261.865: Loop 8/100
exp029-n4096-k20-d210-bs40-f1.000-r00:010424.197: log(exp-norms): [4096.0, 4098.07, 4098.3]
exp029-n4096-k20-d210-bs40-f1.000-r00:010424.211: log(norms):     [4098.86, 4101.11, 4101.11, 4101.18, 4101.22, 4101.39, 4101.26, 4101.45, 4101.24, 4101.24]
exp029-n4096-k20-d210-bs40-f1.000-r00:010424.249: (163 sec)
exp029-n4096-k20-d210-bs40-f1.000-r00:010424.249: Loop 9/100
exp029-n4096-k20-d210-bs40-f1.000-r00:010584.279: log(exp-norms): [4096.0, 4098.07, 4098.3]
exp029-n4096-k20-d210-bs40-f1.000-r00:010584.279: log(norms):     [4098.86, 4101.08, 4101.11, 4101.22, 4101.28, 4101.31, 4101.21, 4101.3, 4101.26, 4101.04]
exp029-n4096-k20-d210-bs40-f1.000-r00:010584.318: (161 sec)
exp029-n4096-k20-d210-bs40-f1.000-r00:010584.318: Loop 10/100
exp029-n4096-k20-d210-bs40-f1.000-r00:010741.321: log(exp-norms): [4096.0, 4098.07, 4098.3]
exp029-n4096-k20-d210-bs40-f1.000-r00:010741.322: log(norms):     [4098.86, 4100.94, 4100.99, 4101.0, 4101.0, 4101.04, 4101.14, 4101.16, 4101.01, 4100.97]
exp029-n4096-k20-d210-bs40-f1.000-r00:010741.359: (158 sec)
exp029-n4096-k20-d210-bs40-f1.000-r00:010741.359: Loop 11/100
exp029-n4096-k20-d210-bs40-f1.000-r00:010884.360: log(exp-norms): [4096.0, 4098.07, 4098.3]
exp029-n4096-k20-d210-bs40-f1.000-r00:010884.360: log(norms):     [4098.86, 4100.91, 4100.94, 4100.99, 4100.99, 4101.05, 4100.97, 4101.03, 4101.2, 4101.02]
exp029-n4096-k20-d210-bs40-f1.000-r00:010884.384: (144 sec)
exp029-n4096-k20-d210-bs40-f1.000-r00:010884.385: Loop 12/100
exp029-n4096-k20-d210-bs40-f1.000-r00:011019.346: log(exp-norms): [4096.0, 4098.07, 4098.3]
exp029-n4096-k20-d210-bs40-f1.000-r00:011019.347: log(norms):     [4098.86, 4100.87, 4100.96, 4101.01, 4100.91, 4101.0, 4101.03, 4101.03, 4101.11, 4101.15]
exp029-n4096-k20-d210-bs40-f1.000-r00:011019.383: (135 sec)
exp029-n4096-k20-d210-bs40-f1.000-r00:011019.383: Loop 13/100
exp029-n4096-k20-d210-bs40-f1.000-r00:011158.771: log(exp-norms): [4096.0, 4098.07, 4098.3]
exp029-n4096-k20-d210-bs40-f1.000-r00:011158.772: log(norms):     [4098.86, 4100.79, 4100.81, 4100.9, 4100.99, 4100.93, 4100.69, 4100.97, 4100.86, 4100.91]
exp029-n4096-k20-d210-bs40-f1.000-r00:011158.813: (140 sec)
exp029-n4096-k20-d210-bs40-f1.000-r00:011158.814: Loop 14/100
exp029-n4096-k20-d210-bs40-f1.000-r00:011306.621: log(exp-norms): [4096.0, 4098.07, 4098.3]
exp029-n4096-k20-d210-bs40-f1.000-r00:011306.622: log(norms):     [4098.86, 4100.69, 4100.84, 4100.84, 4100.85, 4100.71, 4100.85, 4101.09, 4100.94, 4100.86]
exp029-n4096-k20-d210-bs40-f1.000-r00:011306.664: (148 sec)
exp029-n4096-k20-d210-bs40-f1.000-r00:011306.664: Loop 15/100
exp029-n4096-k20-d210-bs40-f1.000-r00:011439.467: log(exp-norms): [4096.0, 4098.07, 4098.3]
exp029-n4096-k20-d210-bs40-f1.000-r00:011439.468: log(norms):     [4098.86, 4100.69, 4100.7, 4100.84, 4100.72, 4100.84, 4100.78, 4100.77, 4100.86, 4100.96]
exp029-n4096-k20-d210-bs40-f1.000-r00:011439.506: (133 sec)
exp029-n4096-k20-d210-bs40-f1.000-r00:011439.506: Loop 16/100
exp029-n4096-k20-d210-bs40-f1.000-r00:011580.554: log(exp-norms): [4096.0, 4098.07, 4098.3]
exp029-n4096-k20-d210-bs40-f1.000-r00:011580.554: log(norms):     [4098.86, 4100.62, 4100.73, 4100.82, 4100.8, 4100.76, 4100.97, 4100.82, 4100.91, 4100.8]
exp029-n4096-k20-d210-bs40-f1.000-r00:011580.593: (142 sec)
exp029-n4096-k20-d210-bs40-f1.000-r00:011580.593: Loop 17/100
exp029-n4096-k20-d210-bs40-f1.000-r00:011720.246: log(exp-norms): [4096.0, 4098.07, 4098.3]
exp029-n4096-k20-d210-bs40-f1.000-r00:011720.247: log(norms):     [4098.86, 4100.62, 4100.76, 4100.68, 4100.6, 4100.82, 4100.69, 4100.77, 4100.82, 4100.92]
exp029-n4096-k20-d210-bs40-f1.000-r00:011720.286: (140 sec)
exp029-n4096-k20-d210-bs40-f1.000-r00:011720.286: Loop 18/100
exp029-n4096-k20-d210-bs40-f1.000-r00:011852.614: log(exp-norms): [4096.0, 4098.07, 4098.3]
exp029-n4096-k20-d210-bs40-f1.000-r00:011852.615: log(norms):     [4098.86, 4100.6, 4100.63, 4100.61, 4100.74, 4100.75, 4100.66, 4100.82, 4100.91, 4100.69]
exp029-n4096-k20-d210-bs40-f1.000-r00:011852.654: (133 sec)
exp029-n4096-k20-d210-bs40-f1.000-r00:011852.654: Loop 19/100
exp029-n4096-k20-d210-bs40-f1.000-r00:011973.917: log(exp-norms): [4096.0, 4098.07, 4098.3]
exp029-n4096-k20-d210-bs40-f1.000-r00:011973.918: log(norms):     [4098.86, 4100.5, 4100.57, 4100.63, 4100.69, 4100.73, 4100.66, 4100.77, 4100.73, 4100.86]
exp029-n4096-k20-d210-bs40-f1.000-r00:011973.957: (122 sec)
exp029-n4096-k20-d210-bs40-f1.000-r00:011973.957: Loop 20/100
exp029-n4096-k20-d210-bs40-f1.000-r00:012110.219: log(exp-norms): [4096.0, 4098.07, 4098.3]
exp029-n4096-k20-d210-bs40-f1.000-r00:012110.219: log(norms):     [4098.86, 4100.5, 4100.6, 4100.53, 4100.59, 4100.59, 4100.58, 4100.67, 4100.77, 4100.74]
exp029-n4096-k20-d210-bs40-f1.000-r00:012110.257: (137 sec)
exp029-n4096-k20-d210-bs40-f1.000-r00:012110.257: Loop 21/100
exp029-n4096-k20-d210-bs40-f1.000-r00:012244.424: log(exp-norms): [4096.0, 4098.07, 4098.3]
exp029-n4096-k20-d210-bs40-f1.000-r00:012244.425: log(norms):     [4098.86, 4100.49, 4100.59, 4100.53, 4100.5, 4100.6, 4100.58, 4100.68, 4100.61, 4100.56]
exp029-n4096-k20-d210-bs40-f1.000-r00:012244.465: (135 sec)
exp029-n4096-k20-d210-bs40-f1.000-r00:012244.465: Loop 22/100
exp029-n4096-k20-d210-bs40-f1.000-r00:012378.003: log(exp-norms): [4096.0, 4098.07, 4098.3]
exp029-n4096-k20-d210-bs40-f1.000-r00:012378.003: log(norms):     [4098.86, 4100.49, 4100.59, 4100.53, 4100.63, 4100.53, 4100.85, 4100.56, 4100.59, 4100.64]
exp029-n4096-k20-d210-bs40-f1.000-r00:012378.042: (134 sec)
exp029-n4096-k20-d210-bs40-f1.000-r00:012378.042: Loop 23/100
exp029-n4096-k20-d210-bs40-f1.000-r00:012507.493: log(exp-norms): [4096.0, 4098.07, 4098.3]
exp029-n4096-k20-d210-bs40-f1.000-r00:012507.494: log(norms):     [4098.86, 4100.49, 4100.59, 4100.53, 4100.48, 4100.6, 4100.63, 4100.61, 4100.73, 4100.59]
exp029-n4096-k20-d210-bs40-f1.000-r00:012507.532: (130 sec)
exp029-n4096-k20-d210-bs40-f1.000-r00:012507.533: Loop 24/100
exp029-n4096-k20-d210-bs40-f1.000-r00:012636.698: log(exp-norms): [4096.0, 4098.07, 4098.3]
exp029-n4096-k20-d210-bs40-f1.000-r00:012636.699: log(norms):     [4098.86, 4100.48, 4100.49, 4100.59, 4100.7, 4100.57, 4100.48, 4100.53, 4100.75, 4100.73]
exp029-n4096-k20-d210-bs40-f1.000-r00:012636.736: (130 sec)
exp029-n4096-k20-d210-bs40-f1.000-r00:012636.736: Loop 25/100
exp029-n4096-k20-d210-bs40-f1.000-r00:012764.036: log(exp-norms): [4096.0, 4098.07, 4098.3]
exp029-n4096-k20-d210-bs40-f1.000-r00:012764.037: log(norms):     [4098.86, 4100.48, 4100.49, 4100.59, 4100.7, 4100.54, 4100.57, 4100.61, 4100.64, 4100.68]
exp029-n4096-k20-d210-bs40-f1.000-r00:012764.077: (128 sec)
exp029-n4096-k20-d210-bs40-f1.000-r00:012764.077: Loop 26/100
exp029-n4096-k20-d210-bs40-f1.000-r00:012895.707: log(exp-norms): [4096.0, 4098.07, 4098.3]
exp029-n4096-k20-d210-bs40-f1.000-r00:012895.707: log(norms):     [4098.86, 4100.48, 4100.49, 4100.59, 4100.7, 4100.54, 4100.57, 4100.61, 4100.5, 4100.63]
exp029-n4096-k20-d210-bs40-f1.000-r00:012895.742: (132 sec)
exp029-n4096-k20-d210-bs40-f1.000-r00:012895.742: Loop 27/100
exp029-n4096-k20-d210-bs40-f1.000-r00:013024.782: log(exp-norms): [4096.0, 4098.07, 4098.3]
exp029-n4096-k20-d210-bs40-f1.000-r00:013024.782: log(norms):     [4098.86, 4100.48, 4100.49, 4100.57, 4100.59, 4100.7, 4100.59, 4100.54, 4100.57, 4100.61]
exp029-n4096-k20-d210-bs40-f1.000-r00:013024.822: (130 sec)
exp029-n4096-k20-d210-bs40-f1.000-r00:013024.822: Loop 28/100
exp029-n4096-k20-d210-bs40-f1.000-r00:013156.327: log(exp-norms): [4096.0, 4098.07, 4098.3]
exp029-n4096-k20-d210-bs40-f1.000-r00:013156.328: log(norms):     [4098.86, 4100.48, 4100.53, 4100.51, 4100.5, 4100.61, 4100.76, 4100.6, 4100.76, 4100.49]
exp029-n4096-k20-d210-bs40-f1.000-r00:013156.366: (132 sec)
exp029-n4096-k20-d210-bs40-f1.000-r00:013156.367: Loop 29/100
exp029-n4096-k20-d210-bs40-f1.000-r00:013285.071: log(exp-norms): [4096.0, 4098.07, 4098.3]
exp029-n4096-k20-d210-bs40-f1.000-r00:013285.072: log(norms):     [4098.86, 4100.48, 4100.53, 4100.51, 4100.5, 4100.69, 4100.69, 4100.61, 4100.69, 4100.6]
exp029-n4096-k20-d210-bs40-f1.000-r00:013285.111: (129 sec)
exp029-n4096-k20-d210-bs40-f1.000-r00:013285.112: Loop 30/100
exp029-n4096-k20-d210-bs40-f1.000-r00:013412.822: log(exp-norms): [4096.0, 4098.07, 4098.3]
exp029-n4096-k20-d210-bs40-f1.000-r00:013412.823: log(norms):     [4098.86, 4100.48, 4100.53, 4100.51, 4100.5, 4100.69, 4100.69, 4100.61, 4100.6, 4100.54]
exp029-n4096-k20-d210-bs40-f1.000-r00:013412.861: (128 sec)
exp029-n4096-k20-d210-bs40-f1.000-r00:013412.861: Loop 31/100
exp029-n4096-k20-d210-bs40-f1.000-r00:013535.518: log(exp-norms): [4096.0, 4098.07, 4098.3]
exp029-n4096-k20-d210-bs40-f1.000-r00:013535.519: log(norms):     [4098.86, 4100.48, 4100.53, 4100.51, 4100.5, 4100.69, 4100.6, 4100.54, 4100.61, 4100.61]
exp029-n4096-k20-d210-bs40-f1.000-r00:013535.558: (123 sec)
exp029-n4096-k20-d210-bs40-f1.000-r00:013535.558: Loop 32/100
exp029-n4096-k20-d210-bs40-f1.000-r00:013670.921: log(exp-norms): [4096.0, 4098.07, 4098.3]
exp029-n4096-k20-d210-bs40-f1.000-r00:013670.922: log(norms):     [4098.86, 4100.48, 4100.53, 4100.51, 4100.5, 4100.69, 4100.6, 4100.54, 4100.61, 4100.61]
exp029-n4096-k20-d210-bs40-f1.000-r00:013670.969: (136 sec)
exp029-n4096-k20-d210-bs40-f1.000-r00:013670.969: Loop 33/100
exp029-n4096-k20-d210-bs40-f1.000-r00:013800.714: log(exp-norms): [4096.0, 4098.07, 4098.3]
exp029-n4096-k20-d210-bs40-f1.000-r00:013800.714: log(norms):     [4098.86, 4100.48, 4100.53, 4100.51, 4100.5, 4100.69, 4100.6, 4100.54, 4100.61, 4100.61]
exp029-n4096-k20-d210-bs40-f1.000-r00:013800.753: (130 sec)
exp029-n4096-k20-d210-bs40-f1.000-r00:013800.753: Loop 34/100
exp029-n4096-k20-d210-bs40-f1.000-r00:013937.125: log(exp-norms): [4096.0, 4098.07, 4098.3]
exp029-n4096-k20-d210-bs40-f1.000-r00:013937.125: log(norms):     [4098.86, 4100.48, 4100.53, 4100.51, 4100.5, 4100.69, 4100.6, 4100.54, 4100.61, 4100.61]
exp029-n4096-k20-d210-bs40-f1.000-r00:013937.165: (137 sec)
exp029-n4096-k20-d210-bs40-f1.000-r00:013937.165: Loop 35/100
exp029-n4096-k20-d210-bs40-f1.000-r00:014064.377: log(exp-norms): [4096.0, 4098.07, 4098.3]
exp029-n4096-k20-d210-bs40-f1.000-r00:014064.377: log(norms):     [4098.86, 4100.48, 4100.53, 4100.51, 4100.5, 4100.69, 4100.61, 4100.72, 4100.68, 4100.69]
exp029-n4096-k20-d210-bs40-f1.000-r00:014064.416: (128 sec)
exp029-n4096-k20-d210-bs40-f1.000-r00:014064.417: Loop 36/100
exp029-n4096-k20-d210-bs40-f1.000-r00:014174.938: log(exp-norms): [4096.0, 4098.07, 4098.3]
exp029-n4096-k20-d210-bs40-f1.000-r00:014174.939: log(norms):     [4098.86, 4100.48, 4100.53, 4100.6, 4100.51, 4100.5, 4100.51, 4100.69, 4100.61, 4100.66]
exp029-n4096-k20-d210-bs40-f1.000-r00:014174.978: (111 sec)
exp029-n4096-k20-d210-bs40-f1.000-r00:014174.978: Loop 37/100
exp029-n4096-k20-d210-bs40-f1.000-r00:014283.334: log(exp-norms): [4096.0, 4098.07, 4098.3]
exp029-n4096-k20-d210-bs40-f1.000-r00:014283.335: log(norms):     [4098.86, 4100.45, 4100.52, 4100.51, 4100.51, 4100.69, 4100.58, 4100.65, 4100.69, 4100.72]
exp029-n4096-k20-d210-bs40-f1.000-r00:014283.374: (109 sec)
exp029-n4096-k20-d210-bs40-f1.000-r00:014283.374: Loop 38/100
exp029-n4096-k20-d210-bs40-f1.000-r00:014403.119: log(exp-norms): [4096.0, 4098.07, 4098.3]
exp029-n4096-k20-d210-bs40-f1.000-r00:014403.120: log(norms):     [4098.86, 4100.45, 4100.47, 4100.52, 4100.6, 4100.68, 4100.72, 4100.69, 4100.51, 4100.56]
exp029-n4096-k20-d210-bs40-f1.000-r00:014403.158: (120 sec)
exp029-n4096-k20-d210-bs40-f1.000-r00:014403.158: Loop 39/100
exp029-n4096-k20-d210-bs40-f1.000-r00:014519.155: log(exp-norms): [4096.0, 4098.07, 4098.3]
exp029-n4096-k20-d210-bs40-f1.000-r00:014519.155: log(norms):     [4098.86, 4100.45, 4100.47, 4100.58, 4100.6, 4100.51, 4100.71, 4100.51, 4100.71, 4100.56]
exp029-n4096-k20-d210-bs40-f1.000-r00:014519.194: (117 sec)
exp029-n4096-k20-d210-bs40-f1.000-r00:014519.194: Loop 40/100
exp029-n4096-k20-d210-bs40-f1.000-r00:014653.893: log(exp-norms): [4096.0, 4098.07, 4098.3]
exp029-n4096-k20-d210-bs40-f1.000-r00:014653.893: log(norms):     [4098.86, 4100.45, 4100.47, 4100.58, 4100.6, 4100.6, 4100.73, 4100.66, 4100.6, 4100.65]
exp029-n4096-k20-d210-bs40-f1.000-r00:014653.932: (135 sec)
exp029-n4096-k20-d210-bs40-f1.000-r00:014653.932: Loop 41/100
exp029-n4096-k20-d210-bs40-f1.000-r00:014786.480: log(exp-norms): [4096.0, 4098.07, 4098.3]
exp029-n4096-k20-d210-bs40-f1.000-r00:014786.480: log(norms):     [4098.86, 4100.45, 4100.47, 4100.58, 4100.76, 4100.67, 4100.6, 4100.53, 4100.56, 4100.53]
exp029-n4096-k20-d210-bs40-f1.000-r00:014786.519: (133 sec)
exp029-n4096-k20-d210-bs40-f1.000-r00:014786.519: Loop 42/100
exp029-n4096-k20-d210-bs40-f1.000-r00:014918.552: log(exp-norms): [4096.0, 4098.07, 4098.3]
exp029-n4096-k20-d210-bs40-f1.000-r00:014918.553: log(norms):     [4098.86, 4100.35, 4100.45, 4100.47, 4100.53, 4100.58, 4100.52, 4100.76, 4100.75, 4100.79]
exp029-n4096-k20-d210-bs40-f1.000-r00:014918.593: (133 sec)
exp029-n4096-k20-d210-bs40-f1.000-r00:014918.594: Loop 43/100
exp029-n4096-k20-d210-bs40-f1.000-r00:015030.325: log(exp-norms): [4096.0, 4098.07, 4098.3]
exp029-n4096-k20-d210-bs40-f1.000-r00:015030.326: log(norms):     [4098.86, 4100.35, 4100.45, 4100.52, 4100.53, 4100.53, 4100.47, 4100.62, 4100.68, 4100.74]
exp029-n4096-k20-d210-bs40-f1.000-r00:015030.364: (112 sec)
exp029-n4096-k20-d210-bs40-f1.000-r00:015030.364: Loop 44/100
exp029-n4096-k20-d210-bs40-f1.000-r00:015128.162: log(exp-norms): [4096.0, 4098.07, 4098.3]
exp029-n4096-k20-d210-bs40-f1.000-r00:015128.163: log(norms):     [4098.86, 4100.35, 4100.34, 4100.36, 4100.45, 4100.58, 4100.69, 4100.47, 4100.48, 4100.81]
exp029-n4096-k20-d210-bs40-f1.000-r00:015128.186: (98 sec)
exp029-n4096-k20-d210-bs40-f1.000-r00:015128.186: Loop 45/100
exp029-n4096-k20-d210-bs40-f1.000-r00:015227.193: log(exp-norms): [4096.0, 4098.07, 4098.3]
exp029-n4096-k20-d210-bs40-f1.000-r00:015227.194: log(norms):     [4098.86, 4100.35, 4100.34, 4100.36, 4100.45, 4100.58, 4100.69, 4100.47, 4100.48, 4100.64]
exp029-n4096-k20-d210-bs40-f1.000-r00:015227.232: (100 sec)
exp029-n4096-k20-d210-bs40-f1.000-r00:015227.232: Loop 46/100
exp029-n4096-k20-d210-bs40-f1.000-r00:015352.111: log(exp-norms): [4096.0, 4098.07, 4098.3]
exp029-n4096-k20-d210-bs40-f1.000-r00:015352.112: log(norms):     [4098.86, 4100.35, 4100.34, 4100.36, 4100.45, 4100.58, 4100.69, 4100.47, 4100.48, 4100.64]
exp029-n4096-k20-d210-bs40-f1.000-r00:015352.150: (125 sec)
exp029-n4096-k20-d210-bs40-f1.000-r00:015352.150: Loop 47/100
exp029-n4096-k20-d210-bs40-f1.000-r00:015474.578: log(exp-norms): [4096.0, 4098.07, 4098.3]
exp029-n4096-k20-d210-bs40-f1.000-r00:015474.579: log(norms):     [4098.86, 4100.35, 4100.34, 4100.36, 4100.44, 4100.45, 4100.58, 4100.41, 4100.5, 4100.58]
exp029-n4096-k20-d210-bs40-f1.000-r00:015474.619: (123 sec)
exp029-n4096-k20-d210-bs40-f1.000-r00:015474.619: Loop 48/100
exp029-n4096-k20-d210-bs40-f1.000-r00:015601.849: log(exp-norms): [4096.0, 4098.07, 4098.3]
exp029-n4096-k20-d210-bs40-f1.000-r00:015601.850: log(norms):     [4098.86, 4100.35, 4100.34, 4100.36, 4100.44, 4100.62, 4100.41, 4100.5, 4100.57, 4100.38]
exp029-n4096-k20-d210-bs40-f1.000-r00:015601.874: (128 sec)
exp029-n4096-k20-d210-bs40-f1.000-r00:015601.874: Loop 49/100
exp029-n4096-k20-d210-bs40-f1.000-r00:015728.200: log(exp-norms): [4096.0, 4098.07, 4098.3]
exp029-n4096-k20-d210-bs40-f1.000-r00:015728.200: log(norms):     [4098.86, 4100.35, 4100.34, 4100.36, 4100.44, 4100.62, 4100.41, 4100.5, 4100.42, 4100.56]
exp029-n4096-k20-d210-bs40-f1.000-r00:015728.239: (127 sec)
exp029-n4096-k20-d210-bs40-f1.000-r00:015728.239: Loop 50/100
exp029-n4096-k20-d210-bs40-f1.000-r00:015852.280: log(exp-norms): [4096.0, 4098.07, 4098.3]
exp029-n4096-k20-d210-bs40-f1.000-r00:015852.281: log(norms):     [4098.86, 4100.35, 4100.34, 4100.36, 4100.44, 4100.62, 4100.42, 4100.52, 4100.52, 4100.44]
exp029-n4096-k20-d210-bs40-f1.000-r00:015852.319: (125 sec)
exp029-n4096-k20-d210-bs40-f1.000-r00:015852.319: Loop 51/100
exp029-n4096-k20-d210-bs40-f1.000-r00:015963.013: log(exp-norms): [4096.0, 4098.07, 4098.3]
exp029-n4096-k20-d210-bs40-f1.000-r00:015963.013: log(norms):     [4098.86, 4100.35, 4100.34, 4100.44, 4100.36, 4100.56, 4100.57, 4100.44, 4100.42, 4100.62]
exp029-n4096-k20-d210-bs40-f1.000-r00:015963.052: (111 sec)
exp029-n4096-k20-d210-bs40-f1.000-r00:015963.053: Loop 52/100
exp029-n4096-k20-d210-bs40-f1.000-r00:016081.435: log(exp-norms): [4096.0, 4098.07, 4098.3]
exp029-n4096-k20-d210-bs40-f1.000-r00:016081.436: log(norms):     [4098.86, 4100.35, 4100.34, 4100.44, 4100.36, 4100.56, 4100.57, 4100.62, 4100.66, 4100.44]
exp029-n4096-k20-d210-bs40-f1.000-r00:016081.475: (119 sec)
exp029-n4096-k20-d210-bs40-f1.000-r00:016081.476: Loop 53/100
exp029-n4096-k20-d210-bs40-f1.000-r00:016194.474: log(exp-norms): [4096.0, 4098.07, 4098.3]
exp029-n4096-k20-d210-bs40-f1.000-r00:016194.474: log(norms):     [4098.86, 4100.35, 4100.34, 4100.44, 4100.36, 4100.56, 4100.57, 4100.62, 4100.48, 4100.66]
exp029-n4096-k20-d210-bs40-f1.000-r00:016194.513: (114 sec)
exp029-n4096-k20-d210-bs40-f1.000-r00:016194.514: Loop 54/100
exp029-n4096-k20-d210-bs40-f1.000-r00:016325.785: log(exp-norms): [4096.0, 4098.07, 4098.3]
exp029-n4096-k20-d210-bs40-f1.000-r00:016325.785: log(norms):     [4098.86, 4100.35, 4100.34, 4100.44, 4100.36, 4100.56, 4100.57, 4100.62, 4100.48, 4100.49]
exp029-n4096-k20-d210-bs40-f1.000-r00:016325.823: (132 sec)
exp029-n4096-k20-d210-bs40-f1.000-r00:016325.823: Loop 55/100
exp029-n4096-k20-d210-bs40-f1.000-r00:016432.062: log(exp-norms): [4096.0, 4098.07, 4098.3]
exp029-n4096-k20-d210-bs40-f1.000-r00:016432.062: log(norms):     [4098.86, 4100.35, 4100.34, 4100.44, 4100.36, 4100.56, 4100.57, 4100.62, 4100.48, 4100.49]
exp029-n4096-k20-d210-bs40-f1.000-r00:016432.101: (107 sec)
exp029-n4096-k20-d210-bs40-f1.000-r00:016432.101: Loop 56/100
exp029-n4096-k20-d210-bs40-f1.000-r00:016551.972: log(exp-norms): [4096.0, 4098.07, 4098.3]
exp029-n4096-k20-d210-bs40-f1.000-r00:016551.972: log(norms):     [4098.86, 4100.35, 4100.34, 4100.44, 4100.36, 4100.56, 4100.57, 4100.62, 4100.48, 4100.49]
exp029-n4096-k20-d210-bs40-f1.000-r00:016551.996: (120 sec)
exp029-n4096-k20-d210-bs40-f1.000-r00:016551.996: Loop 57/100
exp029-n4096-k20-d210-bs40-f1.000-r00:016670.183: log(exp-norms): [4096.0, 4098.07, 4098.3]
exp029-n4096-k20-d210-bs40-f1.000-r00:016670.183: log(norms):     [4098.86, 4100.35, 4100.34, 4100.44, 4100.36, 4100.56, 4100.57, 4100.62, 4100.48, 4100.6]
exp029-n4096-k20-d210-bs40-f1.000-r00:016670.223: (119 sec)
exp029-n4096-k20-d210-bs40-f1.000-r00:016670.223: Loop 58/100
exp029-n4096-k20-d210-bs40-f1.000-r00:016796.942: log(exp-norms): [4096.0, 4098.07, 4098.3]
exp029-n4096-k20-d210-bs40-f1.000-r00:016796.943: log(norms):     [4098.86, 4100.35, 4100.34, 4100.44, 4100.36, 4100.56, 4100.57, 4100.62, 4100.48, 4100.6]
exp029-n4096-k20-d210-bs40-f1.000-r00:016796.981: (127 sec)
exp029-n4096-k20-d210-bs40-f1.000-r00:016796.981: Loop 59/100
exp029-n4096-k20-d210-bs40-f1.000-r00:016922.159: log(exp-norms): [4096.0, 4098.07, 4098.3]
exp029-n4096-k20-d210-bs40-f1.000-r00:016922.160: log(norms):     [4098.86, 4100.35, 4100.34, 4100.44, 4100.36, 4100.56, 4100.57, 4100.62, 4100.61, 4100.49]
exp029-n4096-k20-d210-bs40-f1.000-r00:016922.184: (126 sec)
exp029-n4096-k20-d210-bs40-f1.000-r00:016922.184: Loop 60/100
exp029-n4096-k20-d210-bs40-f1.000-r00:017048.846: log(exp-norms): [4096.0, 4098.07, 4098.3]
exp029-n4096-k20-d210-bs40-f1.000-r00:017048.846: log(norms):     [4098.86, 4100.35, 4100.34, 4100.44, 4100.48, 4100.64, 4100.48, 4100.36, 4100.56, 4100.57]
exp029-n4096-k20-d210-bs40-f1.000-r00:017048.885: (127 sec)
exp029-n4096-k20-d210-bs40-f1.000-r00:017048.885: Loop 61/100
exp029-n4096-k20-d210-bs40-f1.000-r00:017172.081: log(exp-norms): [4096.0, 4098.07, 4098.3]
exp029-n4096-k20-d210-bs40-f1.000-r00:017172.082: log(norms):     [4098.86, 4100.35, 4100.34, 4100.44, 4100.48, 4100.64, 4100.48, 4100.36, 4100.59, 4100.45]
exp029-n4096-k20-d210-bs40-f1.000-r00:017172.120: (124 sec)
exp029-n4096-k20-d210-bs40-f1.000-r00:017172.121: Loop 62/100
exp029-n4096-k20-d210-bs40-f1.000-r00:017302.204: log(exp-norms): [4096.0, 4098.07, 4098.3]
exp029-n4096-k20-d210-bs40-f1.000-r00:017302.204: log(norms):     [4098.86, 4100.35, 4100.34, 4100.44, 4100.48, 4100.64, 4100.48, 4100.36, 4100.59, 4100.45]
exp029-n4096-k20-d210-bs40-f1.000-r00:017302.243: (131 sec)
exp029-n4096-k20-d210-bs40-f1.000-r00:017302.244: Loop 63/100
exp029-n4096-k20-d210-bs40-f1.000-r00:017420.265: log(exp-norms): [4096.0, 4098.07, 4098.3]
exp029-n4096-k20-d210-bs40-f1.000-r00:017420.266: log(norms):     [4098.86, 4100.35, 4100.34, 4100.44, 4100.48, 4100.64, 4100.48, 4100.36, 4100.59, 4100.45]
exp029-n4096-k20-d210-bs40-f1.000-r00:017420.304: (119 sec)
exp029-n4096-k20-d210-bs40-f1.000-r00:017420.305: Loop 64/100
exp029-n4096-k20-d210-bs40-f1.000-r00:017538.358: log(exp-norms): [4096.0, 4098.07, 4098.3]
exp029-n4096-k20-d210-bs40-f1.000-r00:017538.359: log(norms):     [4098.86, 4100.35, 4100.34, 4100.44, 4100.48, 4100.64, 4100.48, 4100.36, 4100.59, 4100.45]
exp029-n4096-k20-d210-bs40-f1.000-r00:017538.398: (119 sec)
exp029-n4096-k20-d210-bs40-f1.000-r00:017538.399: Loop 65/100
exp029-n4096-k20-d210-bs40-f1.000-r00:017666.728: log(exp-norms): [4096.0, 4098.07, 4098.3]
exp029-n4096-k20-d210-bs40-f1.000-r00:017666.729: log(norms):     [4098.86, 4100.35, 4100.34, 4100.44, 4100.48, 4100.64, 4100.48, 4100.36, 4100.59, 4100.45]
exp029-n4096-k20-d210-bs40-f1.000-r00:017666.767: (129 sec)
exp029-n4096-k20-d210-bs40-f1.000-r00:017666.767: Loop 66/100
exp029-n4096-k20-d210-bs40-f1.000-r00:017788.562: log(exp-norms): [4096.0, 4098.07, 4098.3]
exp029-n4096-k20-d210-bs40-f1.000-r00:017788.562: log(norms):     [4098.86, 4100.35, 4100.34, 4100.44, 4100.48, 4100.64, 4100.48, 4100.36, 4100.59, 4100.45]
exp029-n4096-k20-d210-bs40-f1.000-r00:017788.586: (122 sec)
exp029-n4096-k20-d210-bs40-f1.000-r00:017788.586: Loop 67/100
exp029-n4096-k20-d210-bs40-f1.000-r00:017892.367: log(exp-norms): [4096.0, 4098.07, 4098.3]
exp029-n4096-k20-d210-bs40-f1.000-r00:017892.368: log(norms):     [4098.86, 4100.35, 4100.34, 4100.44, 4100.48, 4100.64, 4100.48, 4100.36, 4100.59, 4100.45]
exp029-n4096-k20-d210-bs40-f1.000-r00:017892.408: (104 sec)
exp029-n4096-k20-d210-bs40-f1.000-r00:017892.409: Loop 68/100
exp029-n4096-k20-d210-bs40-f1.000-r00:017998.974: log(exp-norms): [4096.0, 4098.07, 4098.3]
exp029-n4096-k20-d210-bs40-f1.000-r00:017998.975: log(norms):     [4098.86, 4100.35, 4100.34, 4100.44, 4100.48, 4100.64, 4100.48, 4100.36, 4100.59, 4100.45]
exp029-n4096-k20-d210-bs40-f1.000-r00:017999.013: (107 sec)
exp029-n4096-k20-d210-bs40-f1.000-r00:017999.014: Loop 69/100
exp029-n4096-k20-d210-bs40-f1.000-r00:018111.435: log(exp-norms): [4096.0, 4098.07, 4098.3]
exp029-n4096-k20-d210-bs40-f1.000-r00:018111.436: log(norms):     [4098.86, 4100.35, 4100.34, 4100.44, 4100.44, 4100.47, 4100.48, 4100.48, 4100.54, 4100.36]
exp029-n4096-k20-d210-bs40-f1.000-r00:018111.474: (113 sec)
exp029-n4096-k20-d210-bs40-f1.000-r00:018111.474: Loop 70/100
exp029-n4096-k20-d210-bs40-f1.000-r00:018238.092: log(exp-norms): [4096.0, 4098.07, 4098.3]
exp029-n4096-k20-d210-bs40-f1.000-r00:018238.093: log(norms):     [4098.86, 4100.35, 4100.34, 4100.44, 4100.44, 4100.47, 4100.48, 4100.48, 4100.54, 4100.36]
exp029-n4096-k20-d210-bs40-f1.000-r00:018238.131: (127 sec)
exp029-n4096-k20-d210-bs40-f1.000-r00:018238.132: Loop 71/100
exp029-n4096-k20-d210-bs40-f1.000-r00:018347.745: log(exp-norms): [4096.0, 4098.07, 4098.3]
exp029-n4096-k20-d210-bs40-f1.000-r00:018347.746: log(norms):     [4098.86, 4100.35, 4100.34, 4100.44, 4100.44, 4100.47, 4100.48, 4100.48, 4100.54, 4100.36]
exp029-n4096-k20-d210-bs40-f1.000-r00:018347.784: (110 sec)
exp029-n4096-k20-d210-bs40-f1.000-r00:018347.784: Loop 72/100
exp029-n4096-k20-d210-bs40-f1.000-r00:018487.167: log(exp-norms): [4096.0, 4098.07, 4098.3]
exp029-n4096-k20-d210-bs40-f1.000-r00:018487.167: log(norms):     [4098.86, 4100.35, 4100.34, 4100.44, 4100.44, 4100.47, 4100.48, 4100.48, 4100.54, 4100.36]
exp029-n4096-k20-d210-bs40-f1.000-r00:018487.206: (140 sec)
exp029-n4096-k20-d210-bs40-f1.000-r00:018487.206: Loop 73/100
exp029-n4096-k20-d210-bs40-f1.000-r00:018595.331: log(exp-norms): [4096.0, 4098.07, 4098.3]
exp029-n4096-k20-d210-bs40-f1.000-r00:018595.331: log(norms):     [4098.86, 4100.35, 4100.34, 4100.44, 4100.44, 4100.47, 4100.48, 4100.49, 4100.52, 4100.51]
exp029-n4096-k20-d210-bs40-f1.000-r00:018595.354: (109 sec)
exp029-n4096-k20-d210-bs40-f1.000-r00:018595.354: Loop 74/100
exp029-n4096-k20-d210-bs40-f1.000-r00:018714.072: log(exp-norms): [4096.0, 4098.07, 4098.3]
exp029-n4096-k20-d210-bs40-f1.000-r00:018714.072: log(norms):     [4098.86, 4100.35, 4100.34, 4100.44, 4100.44, 4100.47, 4100.48, 4100.49, 4100.52, 4100.51]
exp029-n4096-k20-d210-bs40-f1.000-r00:018714.110: (119 sec)
exp029-n4096-k20-d210-bs40-f1.000-r00:018714.110: Loop 75/100
exp029-n4096-k20-d210-bs40-f1.000-r00:018813.985: log(exp-norms): [4096.0, 4098.07, 4098.3]
exp029-n4096-k20-d210-bs40-f1.000-r00:018813.985: log(norms):     [4098.86, 4100.35, 4100.34, 4100.44, 4100.44, 4100.47, 4100.48, 4100.49, 4100.52, 4100.51]
exp029-n4096-k20-d210-bs40-f1.000-r00:018814.008: (100 sec)
exp029-n4096-k20-d210-bs40-f1.000-r00:018814.008: Loop 76/100
exp029-n4096-k20-d210-bs40-f1.000-r00:018914.290: log(exp-norms): [4096.0, 4098.07, 4098.3]
exp029-n4096-k20-d210-bs40-f1.000-r00:018914.291: log(norms):     [4098.86, 4100.35, 4100.34, 4100.44, 4100.44, 4100.47, 4100.48, 4100.49, 4100.52, 4100.51]
exp029-n4096-k20-d210-bs40-f1.000-r00:018914.314: (101 sec)
exp029-n4096-k20-d210-bs40-f1.000-r00:018914.314: Loop 77/100
exp029-n4096-k20-d210-bs40-f1.000-r00:019013.410: log(exp-norms): [4096.0, 4098.07, 4098.3]
exp029-n4096-k20-d210-bs40-f1.000-r00:019013.410: log(norms):     [4098.86, 4100.35, 4100.34, 4100.44, 4100.44, 4100.47, 4100.48, 4100.49, 4100.52, 4100.51]
exp029-n4096-k20-d210-bs40-f1.000-r00:019013.448: (100 sec)
exp029-n4096-k20-d210-bs40-f1.000-r00:019013.448: Loop 78/100
exp029-n4096-k20-d210-bs40-f1.000-r00:019130.059: log(exp-norms): [4096.0, 4098.07, 4098.3]
exp029-n4096-k20-d210-bs40-f1.000-r00:019130.060: log(norms):     [4098.86, 4100.34, 4100.34, 4100.35, 4100.44, 4100.55, 4100.44, 4100.47, 4100.48, 4100.48]
exp029-n4096-k20-d210-bs40-f1.000-r00:019130.099: (117 sec)
exp029-n4096-k20-d210-bs40-f1.000-r00:019130.099: Loop 79/100
exp029-n4096-k20-d210-bs40-f1.000-r00:019233.387: log(exp-norms): [4096.0, 4098.07, 4098.3]
exp029-n4096-k20-d210-bs40-f1.000-r00:019233.388: log(norms):     [4098.86, 4100.34, 4100.34, 4100.35, 4100.44, 4100.55, 4100.44, 4100.47, 4100.48, 4100.48]
exp029-n4096-k20-d210-bs40-f1.000-r00:019233.411: (104 sec)
exp029-n4096-k20-d210-bs40-f1.000-r00:019233.411: Loop 80/100
exp029-n4096-k20-d210-bs40-f1.000-r00:019336.913: log(exp-norms): [4096.0, 4098.07, 4098.3]
exp029-n4096-k20-d210-bs40-f1.000-r00:019336.913: log(norms):     [4098.86, 4100.34, 4100.34, 4100.35, 4100.44, 4100.55, 4100.44, 4100.47, 4100.48, 4100.48]
exp029-n4096-k20-d210-bs40-f1.000-r00:019336.951: (104 sec)
exp029-n4096-k20-d210-bs40-f1.000-r00:019336.951: Loop 81/100
exp029-n4096-k20-d210-bs40-f1.000-r00:019464.851: log(exp-norms): [4096.0, 4098.07, 4098.3]
exp029-n4096-k20-d210-bs40-f1.000-r00:019464.851: log(norms):     [4098.86, 4100.34, 4100.34, 4100.35, 4100.56, 4100.44, 4100.48, 4100.48, 4100.52, 4100.45]
exp029-n4096-k20-d210-bs40-f1.000-r00:019464.874: (128 sec)
exp029-n4096-k20-d210-bs40-f1.000-r00:019464.874: Loop 82/100
exp029-n4096-k20-d210-bs40-f1.000-r00:019540.014: log(exp-norms): [4096.0, 4098.07, 4098.3]
exp029-n4096-k20-d210-bs40-f1.000-r00:019540.014: log(norms):     [4098.86, 4100.34, 4100.34, 4100.35, 4100.56, 4100.44, 4100.53, 4100.48, 4100.46, 4100.44]
exp029-n4096-k20-d210-bs40-f1.000-r00:019540.037: (76 sec)
exp029-n4096-k20-d210-bs40-f1.000-r00:019540.037: Loop 83/100
exp029-n4096-k20-d210-bs40-f1.000-r00:019640.073: log(exp-norms): [4096.0, 4098.07, 4098.3]
exp029-n4096-k20-d210-bs40-f1.000-r00:019640.073: log(norms):     [4098.86, 4100.34, 4100.34, 4100.35, 4100.56, 4100.44, 4100.53, 4100.48, 4100.46, 4100.44]
exp029-n4096-k20-d210-bs40-f1.000-r00:019640.111: (101 sec)
exp029-n4096-k20-d210-bs40-f1.000-r00:019640.112: Loop 84/100
exp029-n4096-k20-d210-bs40-f1.000-r00:019749.168: log(exp-norms): [4096.0, 4098.07, 4098.3]
exp029-n4096-k20-d210-bs40-f1.000-r00:019749.169: log(norms):     [4098.86, 4100.3, 4100.34, 4100.34, 4100.35, 4100.56, 4100.53, 4100.44, 4100.53, 4100.46]
exp029-n4096-k20-d210-bs40-f1.000-r00:019749.192: (110 sec)
exp029-n4096-k20-d210-bs40-f1.000-r00:019749.192: Loop 85/100
exp029-n4096-k20-d210-bs40-f1.000-r00:019840.063: log(exp-norms): [4096.0, 4098.07, 4098.3]
exp029-n4096-k20-d210-bs40-f1.000-r00:019840.063: log(norms):     [4098.86, 4100.3, 4100.34, 4100.34, 4100.35, 4100.56, 4100.53, 4100.44, 4100.53, 4100.46]
exp029-n4096-k20-d210-bs40-f1.000-r00:019840.086: (91 sec)
exp029-n4096-k20-d210-bs40-f1.000-r00:019840.087: Loop 86/100
exp029-n4096-k20-d210-bs40-f1.000-r00:019953.531: log(exp-norms): [4096.0, 4098.07, 4098.3]
exp029-n4096-k20-d210-bs40-f1.000-r00:019953.531: log(norms):     [4098.86, 4100.3, 4100.34, 4100.34, 4100.35, 4100.56, 4100.53, 4100.44, 4100.53, 4100.46]
exp029-n4096-k20-d210-bs40-f1.000-r00:019953.570: (114 sec)
exp029-n4096-k20-d210-bs40-f1.000-r00:019953.570: Loop 87/100
exp029-n4096-k20-d210-bs40-f1.000-r00:020071.616: log(exp-norms): [4096.0, 4098.07, 4098.3]
exp029-n4096-k20-d210-bs40-f1.000-r00:020071.616: log(norms):     [4098.86, 4100.3, 4100.34, 4100.34, 4100.35, 4100.56, 4100.53, 4100.44, 4100.36, 4100.44]
exp029-n4096-k20-d210-bs40-f1.000-r00:020071.639: (119 sec)
exp029-n4096-k20-d210-bs40-f1.000-r00:020071.639: Loop 88/100
exp029-n4096-k20-d210-bs40-f1.000-r00:020166.927: log(exp-norms): [4096.0, 4098.07, 4098.3]
exp029-n4096-k20-d210-bs40-f1.000-r00:020166.927: log(norms):     [4098.86, 4100.3, 4100.34, 4100.36, 4100.34, 4100.35, 4100.54, 4100.53, 4100.44, 4100.6]
exp029-n4096-k20-d210-bs40-f1.000-r00:020166.950: (96 sec)
exp029-n4096-k20-d210-bs40-f1.000-r00:020166.950: Loop 89/100
exp029-n4096-k20-d210-bs40-f1.000-r00:020265.404: log(exp-norms): [4096.0, 4098.07, 4098.3]
exp029-n4096-k20-d210-bs40-f1.000-r00:020265.405: log(norms):     [4098.86, 4100.3, 4100.34, 4100.36, 4100.34, 4100.35, 4100.54, 4100.53, 4100.44, 4100.6]
exp029-n4096-k20-d210-bs40-f1.000-r00:020265.442: (99 sec)
exp029-n4096-k20-d210-bs40-f1.000-r00:020265.442: Loop 90/100
exp029-n4096-k20-d210-bs40-f1.000-r00:020389.494: log(exp-norms): [4096.0, 4098.07, 4098.3]
exp029-n4096-k20-d210-bs40-f1.000-r00:020389.495: log(norms):     [4098.86, 4100.3, 4100.34, 4100.36, 4100.34, 4100.35, 4100.54, 4100.53, 4100.44, 4100.6]
exp029-n4096-k20-d210-bs40-f1.000-r00:020389.517: (125 sec)
exp029-n4096-k20-d210-bs40-f1.000-r00:020389.518: Loop 91/100
exp029-n4096-k20-d210-bs40-f1.000-r00:020484.810: log(exp-norms): [4096.0, 4098.07, 4098.3]
exp029-n4096-k20-d210-bs40-f1.000-r00:020484.810: log(norms):     [4098.86, 4100.3, 4100.34, 4100.36, 4100.34, 4100.35, 4100.54, 4100.53, 4100.44, 4100.6]
exp029-n4096-k20-d210-bs40-f1.000-r00:020484.832: (96 sec)
exp029-n4096-k20-d210-bs40-f1.000-r00:020484.832: Loop 92/100
exp029-n4096-k20-d210-bs40-f1.000-r00:020602.818: log(exp-norms): [4096.0, 4098.07, 4098.3]
exp029-n4096-k20-d210-bs40-f1.000-r00:020602.819: log(norms):     [4098.86, 4100.3, 4100.34, 4100.36, 4100.34, 4100.37, 4100.35, 4100.54, 4100.53, 4100.67]
exp029-n4096-k20-d210-bs40-f1.000-r00:020602.842: (119 sec)
exp029-n4096-k20-d210-bs40-f1.000-r00:020602.842: Loop 93/100
exp029-n4096-k20-d210-bs40-f1.000-r00:020717.191: log(exp-norms): [4096.0, 4098.07, 4098.3]
exp029-n4096-k20-d210-bs40-f1.000-r00:020717.191: log(norms):     [4098.86, 4100.3, 4100.34, 4100.36, 4100.34, 4100.37, 4100.35, 4100.54, 4100.53, 4100.67]
exp029-n4096-k20-d210-bs40-f1.000-r00:020717.230: (115 sec)
exp029-n4096-k20-d210-bs40-f1.000-r00:020717.230: Loop 94/100
exp029-n4096-k20-d210-bs40-f1.000-r00:020828.042: log(exp-norms): [4096.0, 4098.07, 4098.3]
exp029-n4096-k20-d210-bs40-f1.000-r00:020828.043: log(norms):     [4098.86, 4100.22, 4100.37, 4100.3, 4100.34, 4100.36, 4100.34, 4100.35, 4100.54, 4100.53]
exp029-n4096-k20-d210-bs40-f1.000-r00:020828.081: (111 sec)
exp029-n4096-k20-d210-bs40-f1.000-r00:020828.082: Loop 95/100
exp029-n4096-k20-d210-bs40-f1.000-r00:020910.536: log(exp-norms): [4096.0, 4098.07, 4098.3]
exp029-n4096-k20-d210-bs40-f1.000-r00:020910.537: log(norms):     [4098.86, 4100.22, 4100.37, 4100.3, 4100.34, 4100.36, 4100.34, 4100.35, 4100.54, 4100.53]
exp029-n4096-k20-d210-bs40-f1.000-r00:020910.574: (83 sec)
exp029-n4096-k20-d210-bs40-f1.000-r00:020910.574: Loop 96/100
exp029-n4096-k20-d210-bs40-f1.000-r00:021019.197: log(exp-norms): [4096.0, 4098.07, 4098.3]
exp029-n4096-k20-d210-bs40-f1.000-r00:021019.197: log(norms):     [4098.86, 4100.22, 4100.37, 4100.3, 4100.34, 4100.36, 4100.34, 4100.35, 4100.54, 4100.6]
exp029-n4096-k20-d210-bs40-f1.000-r00:021019.220: (109 sec)
exp029-n4096-k20-d210-bs40-f1.000-r00:021019.220: Loop 97/100
exp029-n4096-k20-d210-bs40-f1.000-r00:021129.677: log(exp-norms): [4096.0, 4098.07, 4098.3]
exp029-n4096-k20-d210-bs40-f1.000-r00:021129.677: log(norms):     [4098.86, 4100.22, 4100.37, 4100.3, 4100.34, 4100.36, 4100.34, 4100.35, 4100.54, 4100.6]
exp029-n4096-k20-d210-bs40-f1.000-r00:021129.716: (111 sec)
exp029-n4096-k20-d210-bs40-f1.000-r00:021129.716: Loop 98/100
exp029-n4096-k20-d210-bs40-f1.000-r00:021231.012: log(exp-norms): [4096.0, 4098.07, 4098.3]
exp029-n4096-k20-d210-bs40-f1.000-r00:021231.013: log(norms):     [4098.86, 4100.22, 4100.37, 4100.3, 4100.34, 4100.36, 4100.34, 4100.35, 4100.54, 4100.6]
exp029-n4096-k20-d210-bs40-f1.000-r00:021231.036: (102 sec)
exp029-n4096-k20-d210-bs40-f1.000-r00:021231.036: Loop 99/100
exp029-n4096-k20-d210-bs40-f1.000-r00:021310.395: log(exp-norms): [4096.0, 4098.07, 4098.3]
exp029-n4096-k20-d210-bs40-f1.000-r00:021310.396: log(norms):     [4098.86, 4100.22, 4100.37, 4100.3, 4100.34, 4100.36, 4100.34, 4100.35, 4100.44, 4100.54]
exp029-n4096-k20-d210-bs40-f1.000-r00:021310.419: (80 sec)
exp029-n4096-k20-d210-bs40-f1.000-r00:021310.419: Loop 100/100
exp029-n4096-k20-d210-bs40-f1.000-r00:021427.312: log(exp-norms): [4096.0, 4098.07, 4098.3]
exp029-n4096-k20-d210-bs40-f1.000-r00:021427.312: log(norms):     [4098.86, 4100.22, 4100.37, 4100.3, 4100.34, 4100.36, 4100.34, 4100.35, 4100.44, 4100.54]
exp029-n4096-k20-d210-bs40-f1.000-r00:021427.350: (117 sec)
exp029-n4096-k20-d210-bs40-f1.000-r00:021427.350: ==========================Summary===========================
exp029-n4096-k20-d210-bs40-f1.000-r00:021427.350: Total time: 21427sec
exp029-n4096-k20-d210-bs40-f1.000-r00:021427.350: FAIL
exp029-n4096-k20-d210-bs40-f1.000-r00:021427.351: SUMMARY:n:4096:k:20:d:210:bs:40:t:21427:r:False
