exp001-n4096-k24-d170-bs40-f1.000-r00:000000.506: ==========================Instance==========================
exp001-n4096-k24-d170-bs40-f1.000-r00:000000.506: # of equations: 170
exp001-n4096-k24-d170-bs40-f1.000-r00:000000.512: Gap: 0.78
exp001-n4096-k24-d170-bs40-f1.000-r00:000000.525: Tau: 0.19
exp001-n4096-k24-d170-bs40-f1.000-r00:000000.526: ======================BKZ-40 reduction======================
exp001-n4096-k24-d170-bs40-f1.000-r00:000004.096: Expectedly achievable log(norm): 4098.99
exp001-n4096-k24-d170-bs40-f1.000-r00:000007.710: log(exp-norms): [4096.0, 4097.92, 4097.56]
exp001-n4096-k24-d170-bs40-f1.000-r00:000007.710: log(norms):     [4122.9, 4098.71, 4120.0, 4120.0, 4120.0, 4120.0, 4120.0, 4120.0, 4120.0, 4120.0]
exp001-n4096-k24-d170-bs40-f1.000-r00:000007.802: Loop 1/100
exp001-n4096-k24-d170-bs40-f1.000-r00:004311.668: log(exp-norms): [4096.0, 4097.92, 4097.56]
exp001-n4096-k24-d170-bs40-f1.000-r00:004311.670: log(norms):     [4098.71, 4100.63, 4100.71, 4100.76, 4100.82, 4100.78, 4100.71, 4100.92, 4100.94, 4100.93]
exp001-n4096-k24-d170-bs40-f1.000-r00:004311.708: (4304 sec)
exp001-n4096-k24-d170-bs40-f1.000-r00:004311.709: Loop 2/100
exp001-n4096-k24-d170-bs40-f1.000-r00:004438.119: log(exp-norms): [4096.0, 4097.92, 4097.56]
exp001-n4096-k24-d170-bs40-f1.000-r00:004438.119: log(norms):     [4098.71, 4100.23, 4100.3, 4100.34, 4100.43, 4100.38, 4100.46, 4100.53, 4100.62, 4100.64]
exp001-n4096-k24-d170-bs40-f1.000-r00:004438.156: (127 sec)
exp001-n4096-k24-d170-bs40-f1.000-r00:004438.157: Loop 3/100
exp001-n4096-k24-d170-bs40-f1.000-r00:004552.141: log(exp-norms): [4096.0, 4097.92, 4097.56]
exp001-n4096-k24-d170-bs40-f1.000-r00:004552.142: log(norms):     [4098.71, 4100.03, 4100.11, 4100.13, 4100.12, 4100.05, 4100.12, 4100.37, 4100.28, 4100.44]
exp001-n4096-k24-d170-bs40-f1.000-r00:004552.175: (115 sec)
exp001-n4096-k24-d170-bs40-f1.000-r00:004552.175: Loop 4/100
exp001-n4096-k24-d170-bs40-f1.000-r00:004658.080: log(exp-norms): [4096.0, 4097.92, 4097.56]
exp001-n4096-k24-d170-bs40-f1.000-r00:004658.081: log(norms):     [4098.71, 4099.91, 4099.98, 4099.99, 4100.0, 4100.0, 4099.94, 4099.87, 4100.0, 4100.13]
exp001-n4096-k24-d170-bs40-f1.000-r00:004658.114: (106 sec)
exp001-n4096-k24-d170-bs40-f1.000-r00:004658.115: Loop 5/100
exp001-n4096-k24-d170-bs40-f1.000-r00:004761.162: log(exp-norms): [4096.0, 4097.92, 4097.56]
exp001-n4096-k24-d170-bs40-f1.000-r00:004761.163: log(norms):     [4098.71, 4099.67, 4099.67, 4099.83, 4099.87, 4099.87, 4099.87, 4099.75, 4099.98, 4099.63]
exp001-n4096-k24-d170-bs40-f1.000-r00:004761.197: (104 sec)
exp001-n4096-k24-d170-bs40-f1.000-r00:004761.197: Loop 6/100
exp001-n4096-k24-d170-bs40-f1.000-r00:004854.308: log(exp-norms): [4096.0, 4097.92, 4097.56]
exp001-n4096-k24-d170-bs40-f1.000-r00:004854.309: log(norms):     [4098.71, 4099.55, 4099.62, 4099.61, 4099.59, 4099.66, 4099.58, 4099.64, 4099.72, 4099.88]
exp001-n4096-k24-d170-bs40-f1.000-r00:004854.343: (94 sec)
exp001-n4096-k24-d170-bs40-f1.000-r00:004854.343: Loop 7/100
exp001-n4096-k24-d170-bs40-f1.000-r00:004945.461: log(exp-norms): [4096.0, 4097.92, 4097.56]
exp001-n4096-k24-d170-bs40-f1.000-r00:004945.461: log(norms):     [4098.71, 4099.39, 4099.51, 4099.47, 4099.55, 4099.73, 4099.53, 4099.71, 4099.69, 4099.81]
exp001-n4096-k24-d170-bs40-f1.000-r00:004945.502: (92 sec)
exp001-n4096-k24-d170-bs40-f1.000-r00:004945.502: Loop 8/100
exp001-n4096-k24-d170-bs40-f1.000-r00:005034.046: log(exp-norms): [4096.0, 4097.92, 4097.56]
exp001-n4096-k24-d170-bs40-f1.000-r00:005034.047: log(norms):     [4098.71, 4099.39, 4099.51, 4099.51, 4099.59, 4099.4, 4099.47, 4099.59, 4099.55, 4099.51]
exp001-n4096-k24-d170-bs40-f1.000-r00:005034.085: (89 sec)
exp001-n4096-k24-d170-bs40-f1.000-r00:005034.085: Loop 9/100
exp001-n4096-k24-d170-bs40-f1.000-r00:005117.832: log(exp-norms): [4096.0, 4097.92, 4097.56]
exp001-n4096-k24-d170-bs40-f1.000-r00:005117.833: log(norms):     [4098.71, 4099.31, 4099.32, 4099.4, 4099.47, 4099.51, 4099.47, 4099.38, 4099.68, 4099.46]
exp001-n4096-k24-d170-bs40-f1.000-r00:005117.870: (84 sec)
exp001-n4096-k24-d170-bs40-f1.000-r00:005117.871: Loop 10/100
exp001-n4096-k24-d170-bs40-f1.000-r00:005200.697: log(exp-norms): [4096.0, 4097.92, 4097.56]
exp001-n4096-k24-d170-bs40-f1.000-r00:005200.698: log(norms):     [4098.71, 4099.26, 4099.35, 4099.38, 4099.32, 4099.25, 4099.32, 4099.45, 4099.65, 4099.54]
exp001-n4096-k24-d170-bs40-f1.000-r00:005200.735: (83 sec)
exp001-n4096-k24-d170-bs40-f1.000-r00:005200.736: Loop 11/100
exp001-n4096-k24-d170-bs40-f1.000-r00:005281.304: log(exp-norms): [4096.0, 4097.92, 4097.56]
exp001-n4096-k24-d170-bs40-f1.000-r00:005281.305: log(norms):     [4098.71, 4099.28, 4099.26, 4099.27, 4099.25, 4099.32, 4099.51, 4099.45, 4099.4, 4099.4]
exp001-n4096-k24-d170-bs40-f1.000-r00:005281.342: (81 sec)
exp001-n4096-k24-d170-bs40-f1.000-r00:005281.343: Loop 12/100
exp001-n4096-k24-d170-bs40-f1.000-r00:005363.589: log(exp-norms): [4096.0, 4097.92, 4097.56]
exp001-n4096-k24-d170-bs40-f1.000-r00:005363.589: log(norms):     [4098.71, 4099.16, 4099.25, 4099.28, 4099.26, 4099.43, 4099.16, 4099.31, 4099.21, 4099.48]
exp001-n4096-k24-d170-bs40-f1.000-r00:005363.623: (83 sec)
exp001-n4096-k24-d170-bs40-f1.000-r00:005363.623: Loop 13/100
exp001-n4096-k24-d170-bs40-f1.000-r00:005442.455: log(exp-norms): [4096.0, 4097.92, 4097.56]
exp001-n4096-k24-d170-bs40-f1.000-r00:005442.456: log(norms):     [4098.71, 4099.16, 4099.16, 4099.25, 4099.26, 4099.35, 4099.48, 4099.31, 4099.31, 4099.4]
exp001-n4096-k24-d170-bs40-f1.000-r00:005442.490: (79 sec)
exp001-n4096-k24-d170-bs40-f1.000-r00:005442.490: Loop 14/100
exp001-n4096-k24-d170-bs40-f1.000-r00:005520.460: log(exp-norms): [4096.0, 4097.92, 4097.56]
exp001-n4096-k24-d170-bs40-f1.000-r00:005520.460: log(norms):     [4098.71, 4099.16, 4099.16, 4099.23, 4099.25, 4099.18, 4099.23, 4099.1, 4099.45, 4099.35]
exp001-n4096-k24-d170-bs40-f1.000-r00:005520.493: (79 sec)
exp001-n4096-k24-d170-bs40-f1.000-r00:005520.493: Loop 15/100
exp001-n4096-k24-d170-bs40-f1.000-r00:005598.293: log(exp-norms): [4096.0, 4097.92, 4097.56]
exp001-n4096-k24-d170-bs40-f1.000-r00:005598.293: log(norms):     [4098.71, 4099.09, 4099.1, 4099.16, 4099.16, 4099.4, 4099.23, 4099.25, 4099.35, 4099.3]
exp001-n4096-k24-d170-bs40-f1.000-r00:005598.326: (78 sec)
exp001-n4096-k24-d170-bs40-f1.000-r00:005598.326: Loop 16/100
exp001-n4096-k24-d170-bs40-f1.000-r00:005677.238: log(exp-norms): [4096.0, 4097.92, 4097.56]
exp001-n4096-k24-d170-bs40-f1.000-r00:005677.239: log(norms):     [4098.71, 4099.09, 4099.1, 4099.16, 4099.18, 4099.45, 4099.28, 4099.18, 4099.17, 4099.16]
exp001-n4096-k24-d170-bs40-f1.000-r00:005677.271: (79 sec)
exp001-n4096-k24-d170-bs40-f1.000-r00:005677.271: Loop 17/100
exp001-n4096-k24-d170-bs40-f1.000-r00:005755.060: log(exp-norms): [4096.0, 4097.92, 4097.56]
exp001-n4096-k24-d170-bs40-f1.000-r00:005755.060: log(norms):     [4098.71, 4099.09, 4099.1, 4099.16, 4099.18, 4099.41, 4099.45, 4099.29, 4099.38, 4099.18]
exp001-n4096-k24-d170-bs40-f1.000-r00:005755.094: (78 sec)
exp001-n4096-k24-d170-bs40-f1.000-r00:005755.094: Loop 18/100
exp001-n4096-k24-d170-bs40-f1.000-r00:005832.812: log(exp-norms): [4096.0, 4097.92, 4097.56]
exp001-n4096-k24-d170-bs40-f1.000-r00:005832.813: log(norms):     [4098.71, 4099.09, 4099.1, 4099.16, 4099.18, 4099.41, 4099.45, 4099.27, 4099.38, 4099.29]
exp001-n4096-k24-d170-bs40-f1.000-r00:005832.845: (78 sec)
exp001-n4096-k24-d170-bs40-f1.000-r00:005832.845: Loop 19/100
exp001-n4096-k24-d170-bs40-f1.000-r00:005909.547: log(exp-norms): [4096.0, 4097.92, 4097.56]
exp001-n4096-k24-d170-bs40-f1.000-r00:005909.548: log(norms):     [4098.71, 4099.09, 4099.1, 4099.31, 4099.28, 4099.29, 4099.14, 4099.3, 4099.2, 4099.24]
exp001-n4096-k24-d170-bs40-f1.000-r00:005909.581: (77 sec)
exp001-n4096-k24-d170-bs40-f1.000-r00:005909.581: Loop 20/100
exp001-n4096-k24-d170-bs40-f1.000-r00:005986.160: log(exp-norms): [4096.0, 4097.92, 4097.56]
exp001-n4096-k24-d170-bs40-f1.000-r00:005986.161: log(norms):     [4098.71, 4099.09, 4099.1, 4099.16, 4099.2, 4099.14, 4099.43, 4099.21, 4099.18, 4099.24]
exp001-n4096-k24-d170-bs40-f1.000-r00:005986.194: (77 sec)
exp001-n4096-k24-d170-bs40-f1.000-r00:005986.194: Loop 21/100
exp001-n4096-k24-d170-bs40-f1.000-r00:006062.388: log(exp-norms): [4096.0, 4097.92, 4097.56]
exp001-n4096-k24-d170-bs40-f1.000-r00:006062.388: log(norms):     [4098.71, 4099.09, 4099.1, 4099.23, 4099.14, 4099.21, 4099.24, 4099.35, 4099.2, 4099.16]
exp001-n4096-k24-d170-bs40-f1.000-r00:006062.421: (77 sec)
exp001-n4096-k24-d170-bs40-f1.000-r00:006062.421: Loop 22/100
exp001-n4096-k24-d170-bs40-f1.000-r00:006135.804: log(exp-norms): [4096.0, 4097.92, 4097.56]
exp001-n4096-k24-d170-bs40-f1.000-r00:006135.804: log(norms):     [4098.71, 4099.09, 4099.1, 4099.23, 4099.14, 4099.21, 4099.16, 4099.3, 4099.24, 4099.3]
exp001-n4096-k24-d170-bs40-f1.000-r00:006135.837: (74 sec)
exp001-n4096-k24-d170-bs40-f1.000-r00:006135.837: Loop 23/100
exp001-n4096-k24-d170-bs40-f1.000-r00:006212.344: log(exp-norms): [4096.0, 4097.92, 4097.56]
exp001-n4096-k24-d170-bs40-f1.000-r00:006212.345: log(norms):     [4098.71, 4099.09, 4099.1, 4099.23, 4099.14, 4099.21, 4099.16, 4099.08, 4099.3, 4099.4]
exp001-n4096-k24-d170-bs40-f1.000-r00:006212.377: (77 sec)
exp001-n4096-k24-d170-bs40-f1.000-r00:006212.377: Loop 24/100
exp001-n4096-k24-d170-bs40-f1.000-r00:006294.248: log(exp-norms): [4096.0, 4097.92, 4097.56]
exp001-n4096-k24-d170-bs40-f1.000-r00:006294.248: log(norms):     [4098.71, 4099.08, 4099.14, 4099.23, 4099.09, 4099.1, 4099.21, 4099.16, 4099.22, 4099.35]
exp001-n4096-k24-d170-bs40-f1.000-r00:006294.280: (82 sec)
exp001-n4096-k24-d170-bs40-f1.000-r00:006294.281: Loop 25/100
exp001-n4096-k24-d170-bs40-f1.000-r00:006364.870: log(exp-norms): [4096.0, 4097.92, 4097.56]
exp001-n4096-k24-d170-bs40-f1.000-r00:006364.870: log(norms):     [4098.71, 4099.08, 4099.14, 4099.23, 4099.09, 4099.1, 4099.21, 4099.16, 4099.22, 4099.41]
exp001-n4096-k24-d170-bs40-f1.000-r00:006364.903: (71 sec)
exp001-n4096-k24-d170-bs40-f1.000-r00:006364.903: Loop 26/100
exp001-n4096-k24-d170-bs40-f1.000-r00:006436.742: log(exp-norms): [4096.0, 4097.92, 4097.56]
exp001-n4096-k24-d170-bs40-f1.000-r00:006436.742: log(norms):     [4098.71, 4099.08, 4099.14, 4099.23, 4099.09, 4099.1, 4099.21, 4099.16, 4099.23, 4099.22]
exp001-n4096-k24-d170-bs40-f1.000-r00:006436.773: (72 sec)
exp001-n4096-k24-d170-bs40-f1.000-r00:006436.773: Loop 27/100
exp001-n4096-k24-d170-bs40-f1.000-r00:006513.307: log(exp-norms): [4096.0, 4097.92, 4097.56]
exp001-n4096-k24-d170-bs40-f1.000-r00:006513.307: log(norms):     [4098.71, 4099.08, 4099.14, 4099.23, 4099.09, 4099.1, 4099.21, 4099.16, 4099.23, 4099.23]
exp001-n4096-k24-d170-bs40-f1.000-r00:006513.340: (77 sec)
exp001-n4096-k24-d170-bs40-f1.000-r00:006513.341: Loop 28/100
exp001-n4096-k24-d170-bs40-f1.000-r00:006581.066: log(exp-norms): [4096.0, 4097.92, 4097.56]
exp001-n4096-k24-d170-bs40-f1.000-r00:006581.066: log(norms):     [4098.71, 4099.08, 4099.14, 4099.23, 4099.09, 4099.1, 4099.23, 4099.16, 4099.21, 4099.3]
exp001-n4096-k24-d170-bs40-f1.000-r00:006581.098: (68 sec)
exp001-n4096-k24-d170-bs40-f1.000-r00:006581.098: Loop 29/100
exp001-n4096-k24-d170-bs40-f1.000-r00:006652.570: log(exp-norms): [4096.0, 4097.92, 4097.56]
exp001-n4096-k24-d170-bs40-f1.000-r00:006652.571: log(norms):     [4098.71, 4099.07, 4099.08, 4099.14, 4099.22, 4099.1, 4099.38, 4099.16, 4099.23, 4099.31]
exp001-n4096-k24-d170-bs40-f1.000-r00:006652.603: (72 sec)
exp001-n4096-k24-d170-bs40-f1.000-r00:006652.603: Loop 30/100
exp001-n4096-k24-d170-bs40-f1.000-r00:006723.989: log(exp-norms): [4096.0, 4097.92, 4097.56]
exp001-n4096-k24-d170-bs40-f1.000-r00:006723.989: log(norms):     [4098.71, 4099.07, 4099.11, 4099.23, 4099.1, 4099.22, 4099.21, 4099.21, 4099.23, 4099.27]
exp001-n4096-k24-d170-bs40-f1.000-r00:006724.022: (72 sec)
exp001-n4096-k24-d170-bs40-f1.000-r00:006724.023: Loop 31/100
exp001-n4096-k24-d170-bs40-f1.000-r00:006797.756: log(exp-norms): [4096.0, 4097.92, 4097.56]
exp001-n4096-k24-d170-bs40-f1.000-r00:006797.757: log(norms):     [4098.71, 4099.07, 4099.11, 4099.23, 4099.1, 4099.22, 4099.21, 4099.1, 4099.21, 4099.23]
exp001-n4096-k24-d170-bs40-f1.000-r00:006797.788: (74 sec)
exp001-n4096-k24-d170-bs40-f1.000-r00:006797.789: Loop 32/100
exp001-n4096-k24-d170-bs40-f1.000-r00:006871.864: log(exp-norms): [4096.0, 4097.92, 4097.56]
exp001-n4096-k24-d170-bs40-f1.000-r00:006871.865: log(norms):     [4098.71, 4099.07, 4099.08, 4099.08, 4099.22, 4099.1, 4099.23, 4099.16, 4099.1, 4099.09]
exp001-n4096-k24-d170-bs40-f1.000-r00:006871.892: (75 sec)
exp001-n4096-k24-d170-bs40-f1.000-r00:006871.892: Loop 33/100
exp001-n4096-k24-d170-bs40-f1.000-r00:006942.904: log(exp-norms): [4096.0, 4097.92, 4097.56]
exp001-n4096-k24-d170-bs40-f1.000-r00:006942.904: log(norms):     [4098.71, 4099.07, 4099.08, 4099.08, 4099.22, 4099.1, 4099.23, 4099.16, 4099.1, 4099.26]
exp001-n4096-k24-d170-bs40-f1.000-r00:006942.936: (72 sec)
exp001-n4096-k24-d170-bs40-f1.000-r00:006942.937: Loop 34/100
exp001-n4096-k24-d170-bs40-f1.000-r00:007009.334: log(exp-norms): [4096.0, 4097.92, 4097.56]
exp001-n4096-k24-d170-bs40-f1.000-r00:007009.335: log(norms):     [4098.71, 4099.07, 4099.08, 4099.08, 4099.22, 4099.1, 4099.23, 4099.16, 4099.29, 4099.19]
exp001-n4096-k24-d170-bs40-f1.000-r00:007009.367: (67 sec)
exp001-n4096-k24-d170-bs40-f1.000-r00:007009.368: Loop 35/100
exp001-n4096-k24-d170-bs40-f1.000-r00:007075.345: log(exp-norms): [4096.0, 4097.92, 4097.56]
exp001-n4096-k24-d170-bs40-f1.000-r00:007075.345: log(norms):     [4098.71, 4099.07, 4099.08, 4099.08, 4099.22, 4099.1, 4099.23, 4099.16, 4099.29, 4099.21]
exp001-n4096-k24-d170-bs40-f1.000-r00:007075.377: (67 sec)
exp001-n4096-k24-d170-bs40-f1.000-r00:007075.377: Loop 36/100
exp001-n4096-k24-d170-bs40-f1.000-r00:007141.128: log(exp-norms): [4096.0, 4097.92, 4097.56]
exp001-n4096-k24-d170-bs40-f1.000-r00:007141.128: log(norms):     [4098.71, 4099.07, 4099.08, 4099.08, 4099.22, 4099.1, 4099.23, 4099.16, 4099.29, 4099.21]
exp001-n4096-k24-d170-bs40-f1.000-r00:007141.147: (66 sec)
exp001-n4096-k24-d170-bs40-f1.000-r00:007141.148: Loop 37/100
exp001-n4096-k24-d170-bs40-f1.000-r00:007205.857: log(exp-norms): [4096.0, 4097.92, 4097.56]
exp001-n4096-k24-d170-bs40-f1.000-r00:007205.857: log(norms):     [4098.71, 4099.07, 4099.08, 4099.08, 4099.22, 4099.21, 4099.16, 4099.15, 4099.27, 4099.31]
exp001-n4096-k24-d170-bs40-f1.000-r00:007205.889: (65 sec)
exp001-n4096-k24-d170-bs40-f1.000-r00:007205.889: Loop 38/100
exp001-n4096-k24-d170-bs40-f1.000-r00:007278.636: log(exp-norms): [4096.0, 4097.92, 4097.56]
exp001-n4096-k24-d170-bs40-f1.000-r00:007278.636: log(norms):     [4098.71, 4099.07, 4099.08, 4099.08, 4099.22, 4099.21, 4099.16, 4099.15, 4099.27, 4099.31]
exp001-n4096-k24-d170-bs40-f1.000-r00:007278.668: (73 sec)
exp001-n4096-k24-d170-bs40-f1.000-r00:007278.668: Loop 39/100
exp001-n4096-k24-d170-bs40-f1.000-r00:007348.598: log(exp-norms): [4096.0, 4097.92, 4097.56]
exp001-n4096-k24-d170-bs40-f1.000-r00:007348.598: log(norms):     [4098.71, 4099.07, 4099.08, 4099.08, 4099.22, 4099.21, 4099.16, 4099.15, 4099.27, 4099.31]
exp001-n4096-k24-d170-bs40-f1.000-r00:007348.630: (70 sec)
exp001-n4096-k24-d170-bs40-f1.000-r00:007348.630: Loop 40/100
exp001-n4096-k24-d170-bs40-f1.000-r00:007418.953: log(exp-norms): [4096.0, 4097.92, 4097.56]
exp001-n4096-k24-d170-bs40-f1.000-r00:007418.953: log(norms):     [4098.71, 4099.07, 4099.08, 4099.08, 4099.22, 4099.21, 4099.16, 4099.15, 4099.27, 4099.31]
exp001-n4096-k24-d170-bs40-f1.000-r00:007418.986: (71 sec)
exp001-n4096-k24-d170-bs40-f1.000-r00:007418.986: Loop 41/100
exp001-n4096-k24-d170-bs40-f1.000-r00:007484.252: log(exp-norms): [4096.0, 4097.92, 4097.56]
exp001-n4096-k24-d170-bs40-f1.000-r00:007484.253: log(norms):     [4098.71, 4099.07, 4099.08, 4099.08, 4099.22, 4099.21, 4099.16, 4099.15, 4099.41, 4099.23]
exp001-n4096-k24-d170-bs40-f1.000-r00:007484.285: (66 sec)
exp001-n4096-k24-d170-bs40-f1.000-r00:007484.285: Loop 42/100
exp001-n4096-k24-d170-bs40-f1.000-r00:007545.397: log(exp-norms): [4096.0, 4097.92, 4097.56]
exp001-n4096-k24-d170-bs40-f1.000-r00:007545.397: log(norms):     [4098.71, 4099.07, 4099.08, 4099.08, 4099.22, 4099.21, 4099.16, 4099.09, 4099.34, 4099.39]
exp001-n4096-k24-d170-bs40-f1.000-r00:007545.430: (62 sec)
exp001-n4096-k24-d170-bs40-f1.000-r00:007545.430: Loop 43/100
exp001-n4096-k24-d170-bs40-f1.000-r00:007608.351: log(exp-norms): [4096.0, 4097.92, 4097.56]
exp001-n4096-k24-d170-bs40-f1.000-r00:007608.352: log(norms):     [4098.71, 4099.07, 4099.08, 4099.08, 4099.22, 4099.21, 4099.16, 4099.09, 4099.34, 4099.39]
exp001-n4096-k24-d170-bs40-f1.000-r00:007608.384: (63 sec)
exp001-n4096-k24-d170-bs40-f1.000-r00:007608.384: Loop 44/100
exp001-n4096-k24-d170-bs40-f1.000-r00:007682.945: log(exp-norms): [4096.0, 4097.92, 4097.56]
exp001-n4096-k24-d170-bs40-f1.000-r00:007682.945: log(norms):     [4098.71, 4099.07, 4099.08, 4099.08, 4099.22, 4099.21, 4099.16, 4099.09, 4099.34, 4099.35]
exp001-n4096-k24-d170-bs40-f1.000-r00:007682.986: (75 sec)
exp001-n4096-k24-d170-bs40-f1.000-r00:007682.986: Loop 45/100
exp001-n4096-k24-d170-bs40-f1.000-r00:007757.073: log(exp-norms): [4096.0, 4097.92, 4097.56]
exp001-n4096-k24-d170-bs40-f1.000-r00:007757.074: log(norms):     [4098.71, 4099.07, 4099.08, 4099.08, 4099.22, 4099.21, 4099.16, 4099.09, 4099.34, 4099.35]
exp001-n4096-k24-d170-bs40-f1.000-r00:007757.106: (75 sec)
exp001-n4096-k24-d170-bs40-f1.000-r00:007757.106: Loop 46/100
exp001-n4096-k24-d170-bs40-f1.000-r00:007831.300: log(exp-norms): [4096.0, 4097.92, 4097.56]
exp001-n4096-k24-d170-bs40-f1.000-r00:007831.300: log(norms):     [4098.71, 4099.01, 4099.07, 4099.08, 4099.08, 4099.16, 4099.22, 4099.21, 4099.16, 4099.09]
exp001-n4096-k24-d170-bs40-f1.000-r00:007831.332: (75 sec)
exp001-n4096-k24-d170-bs40-f1.000-r00:007831.333: Loop 47/100
exp001-n4096-k24-d170-bs40-f1.000-r00:007903.984: log(exp-norms): [4096.0, 4097.92, 4097.56]
exp001-n4096-k24-d170-bs40-f1.000-r00:007903.984: log(norms):     [4098.71, 4099.01, 4099.07, 4099.08, 4099.18, 4099.08, 4099.16, 4099.18, 4099.35, 4099.16]
exp001-n4096-k24-d170-bs40-f1.000-r00:007904.016: (73 sec)
exp001-n4096-k24-d170-bs40-f1.000-r00:007904.017: Loop 48/100
exp001-n4096-k24-d170-bs40-f1.000-r00:007977.945: log(exp-norms): [4096.0, 4097.92, 4097.56]
exp001-n4096-k24-d170-bs40-f1.000-r00:007977.945: log(norms):     [4098.71, 4099.01, 4099.07, 4099.08, 4099.18, 4099.08, 4099.32, 4099.22, 4099.35, 4099.24]
exp001-n4096-k24-d170-bs40-f1.000-r00:007977.978: (74 sec)
exp001-n4096-k24-d170-bs40-f1.000-r00:007977.978: Loop 49/100
exp001-n4096-k24-d170-bs40-f1.000-r00:008048.277: log(exp-norms): [4096.0, 4097.92, 4097.56]
exp001-n4096-k24-d170-bs40-f1.000-r00:008048.277: log(norms):     [4098.71, 4099.01, 4099.07, 4099.08, 4099.18, 4099.08, 4099.32, 4099.22, 4099.35, 4099.38]
exp001-n4096-k24-d170-bs40-f1.000-r00:008048.310: (71 sec)
exp001-n4096-k24-d170-bs40-f1.000-r00:008048.310: Loop 50/100
exp001-n4096-k24-d170-bs40-f1.000-r00:008121.298: log(exp-norms): [4096.0, 4097.92, 4097.56]
exp001-n4096-k24-d170-bs40-f1.000-r00:008121.298: log(norms):     [4098.71, 4099.01, 4099.07, 4099.08, 4099.18, 4099.08, 4099.32, 4099.22, 4099.35, 4099.38]
exp001-n4096-k24-d170-bs40-f1.000-r00:008121.331: (74 sec)
exp001-n4096-k24-d170-bs40-f1.000-r00:008121.331: Loop 51/100
exp001-n4096-k24-d170-bs40-f1.000-r00:008191.402: log(exp-norms): [4096.0, 4097.92, 4097.56]
exp001-n4096-k24-d170-bs40-f1.000-r00:008191.403: log(norms):     [4098.71, 4099.01, 4099.07, 4099.08, 4099.18, 4099.08, 4099.32, 4099.22, 4099.35, 4099.38]
exp001-n4096-k24-d170-bs40-f1.000-r00:008191.434: (71 sec)
exp001-n4096-k24-d170-bs40-f1.000-r00:008191.434: Loop 52/100
exp001-n4096-k24-d170-bs40-f1.000-r00:008265.389: log(exp-norms): [4096.0, 4097.92, 4097.56]
exp001-n4096-k24-d170-bs40-f1.000-r00:008265.390: log(norms):     [4098.71, 4099.01, 4099.07, 4099.08, 4099.18, 4099.08, 4099.32, 4099.19, 4099.16, 4099.22]
exp001-n4096-k24-d170-bs40-f1.000-r00:008265.422: (74 sec)
exp001-n4096-k24-d170-bs40-f1.000-r00:008265.423: Loop 53/100
exp001-n4096-k24-d170-bs40-f1.000-r00:008338.556: log(exp-norms): [4096.0, 4097.92, 4097.56]
exp001-n4096-k24-d170-bs40-f1.000-r00:008338.557: log(norms):     [4098.71, 4099.01, 4099.07, 4099.08, 4099.18, 4099.08, 4099.32, 4099.19, 4099.16, 4099.22]
exp001-n4096-k24-d170-bs40-f1.000-r00:008338.601: (74 sec)
exp001-n4096-k24-d170-bs40-f1.000-r00:008338.601: Loop 54/100
exp001-n4096-k24-d170-bs40-f1.000-r00:008411.674: log(exp-norms): [4096.0, 4097.92, 4097.56]
exp001-n4096-k24-d170-bs40-f1.000-r00:008411.675: log(norms):     [4098.71, 4099.01, 4099.07, 4099.08, 4099.18, 4099.08, 4099.32, 4099.16, 4099.19, 4099.32]
exp001-n4096-k24-d170-bs40-f1.000-r00:008411.708: (74 sec)
exp001-n4096-k24-d170-bs40-f1.000-r00:008411.708: Loop 55/100
exp001-n4096-k24-d170-bs40-f1.000-r00:008484.831: log(exp-norms): [4096.0, 4097.92, 4097.56]
exp001-n4096-k24-d170-bs40-f1.000-r00:008484.832: log(norms):     [4098.71, 4099.01, 4099.07, 4099.08, 4099.18, 4099.08, 4099.32, 4099.16, 4099.12, 4099.19]
exp001-n4096-k24-d170-bs40-f1.000-r00:008484.864: (74 sec)
exp001-n4096-k24-d170-bs40-f1.000-r00:008484.865: Loop 56/100
exp001-n4096-k24-d170-bs40-f1.000-r00:008557.967: log(exp-norms): [4096.0, 4097.92, 4097.56]
exp001-n4096-k24-d170-bs40-f1.000-r00:008557.967: log(norms):     [4098.71, 4099.01, 4099.07, 4099.08, 4099.18, 4099.12, 4099.08, 4099.32, 4099.16, 4099.19]
exp001-n4096-k24-d170-bs40-f1.000-r00:008557.999: (74 sec)
exp001-n4096-k24-d170-bs40-f1.000-r00:008558.000: Loop 57/100
exp001-n4096-k24-d170-bs40-f1.000-r00:008627.569: log(exp-norms): [4096.0, 4097.92, 4097.56]
exp001-n4096-k24-d170-bs40-f1.000-r00:008627.570: log(norms):     [4098.71, 4099.01, 4099.07, 4099.08, 4099.18, 4099.2, 4099.08, 4099.32, 4099.12, 4099.16]
exp001-n4096-k24-d170-bs40-f1.000-r00:008627.602: (70 sec)
exp001-n4096-k24-d170-bs40-f1.000-r00:008627.602: Loop 58/100
exp001-n4096-k24-d170-bs40-f1.000-r00:008702.751: log(exp-norms): [4096.0, 4097.92, 4097.56]
exp001-n4096-k24-d170-bs40-f1.000-r00:008702.752: log(norms):     [4098.71, 4099.05, 4099.12, 4099.01, 4099.08, 4099.07, 4099.08, 4099.12, 4099.16, 4099.22]
exp001-n4096-k24-d170-bs40-f1.000-r00:008702.783: (76 sec)
exp001-n4096-k24-d170-bs40-f1.000-r00:008702.784: Loop 59/100
exp001-n4096-k24-d170-bs40-f1.000-r00:008773.770: log(exp-norms): [4096.0, 4097.92, 4097.56]
exp001-n4096-k24-d170-bs40-f1.000-r00:008773.770: log(norms):     [4098.71, 4099.05, 4099.12, 4099.01, 4099.08, 4099.07, 4099.08, 4099.12, 4099.16, 4099.22]
exp001-n4096-k24-d170-bs40-f1.000-r00:008773.802: (72 sec)
exp001-n4096-k24-d170-bs40-f1.000-r00:008773.802: Loop 60/100
exp001-n4096-k24-d170-bs40-f1.000-r00:008846.357: log(exp-norms): [4096.0, 4097.92, 4097.56]
exp001-n4096-k24-d170-bs40-f1.000-r00:008846.358: log(norms):     [4098.71, 4099.05, 4099.12, 4099.01, 4099.08, 4099.07, 4099.08, 4099.12, 4099.16, 4099.22]
exp001-n4096-k24-d170-bs40-f1.000-r00:008846.390: (73 sec)
exp001-n4096-k24-d170-bs40-f1.000-r00:008846.390: Loop 61/100
exp001-n4096-k24-d170-bs40-f1.000-r00:008918.254: log(exp-norms): [4096.0, 4097.92, 4097.56]
exp001-n4096-k24-d170-bs40-f1.000-r00:008918.254: log(norms):     [4098.71, 4099.05, 4099.12, 4099.01, 4099.08, 4099.07, 4099.19, 4099.08, 4099.12, 4099.16]
exp001-n4096-k24-d170-bs40-f1.000-r00:008918.283: (72 sec)
exp001-n4096-k24-d170-bs40-f1.000-r00:008918.283: Loop 62/100
exp001-n4096-k24-d170-bs40-f1.000-r00:008995.890: log(exp-norms): [4096.0, 4097.92, 4097.56]
exp001-n4096-k24-d170-bs40-f1.000-r00:008995.891: log(norms):     [4098.71, 4099.05, 4099.12, 4099.01, 4099.08, 4099.07, 4099.19, 4099.08, 4099.12, 4099.16]
exp001-n4096-k24-d170-bs40-f1.000-r00:008995.923: (78 sec)
exp001-n4096-k24-d170-bs40-f1.000-r00:008995.924: Loop 63/100
exp001-n4096-k24-d170-bs40-f1.000-r00:009071.829: log(exp-norms): [4096.0, 4097.92, 4097.56]
exp001-n4096-k24-d170-bs40-f1.000-r00:009071.829: log(norms):     [4098.71, 4099.05, 4099.08, 4099.07, 4099.08, 4099.01, 4099.19, 4099.08, 4099.12, 4099.12]
exp001-n4096-k24-d170-bs40-f1.000-r00:009071.861: (76 sec)
exp001-n4096-k24-d170-bs40-f1.000-r00:009071.861: Loop 64/100
exp001-n4096-k24-d170-bs40-f1.000-r00:009147.256: log(exp-norms): [4096.0, 4097.92, 4097.56]
exp001-n4096-k24-d170-bs40-f1.000-r00:009147.256: log(norms):     [4098.71, 4099.05, 4099.08, 4099.07, 4099.08, 4099.01, 4099.19, 4099.08, 4099.12, 4099.12]
exp001-n4096-k24-d170-bs40-f1.000-r00:009147.289: (76 sec)
exp001-n4096-k24-d170-bs40-f1.000-r00:009147.289: Loop 65/100
exp001-n4096-k24-d170-bs40-f1.000-r00:009221.349: log(exp-norms): [4096.0, 4097.92, 4097.56]
exp001-n4096-k24-d170-bs40-f1.000-r00:009221.349: log(norms):     [4098.71, 4099.05, 4099.08, 4099.07, 4099.08, 4099.01, 4099.19, 4099.08, 4099.12, 4099.12]
exp001-n4096-k24-d170-bs40-f1.000-r00:009221.381: (75 sec)
exp001-n4096-k24-d170-bs40-f1.000-r00:009221.381: Loop 66/100
exp001-n4096-k24-d170-bs40-f1.000-r00:009290.952: log(exp-norms): [4096.0, 4097.92, 4097.56]
exp001-n4096-k24-d170-bs40-f1.000-r00:009290.953: log(norms):     [4098.71, 4099.05, 4099.08, 4099.07, 4099.08, 4099.01, 4099.19, 4099.08, 4099.12, 4099.32]
exp001-n4096-k24-d170-bs40-f1.000-r00:009290.994: (70 sec)
exp001-n4096-k24-d170-bs40-f1.000-r00:009290.994: Loop 67/100
exp001-n4096-k24-d170-bs40-f1.000-r00:009360.621: log(exp-norms): [4096.0, 4097.92, 4097.56]
exp001-n4096-k24-d170-bs40-f1.000-r00:009360.621: log(norms):     [4098.71, 4099.05, 4099.08, 4099.07, 4099.08, 4099.01, 4099.19, 4099.08, 4099.12, 4099.32]
exp001-n4096-k24-d170-bs40-f1.000-r00:009360.654: (70 sec)
exp001-n4096-k24-d170-bs40-f1.000-r00:009360.654: Loop 68/100
exp001-n4096-k24-d170-bs40-f1.000-r00:009432.227: log(exp-norms): [4096.0, 4097.92, 4097.56]
exp001-n4096-k24-d170-bs40-f1.000-r00:009432.227: log(norms):     [4098.71, 4099.05, 4099.08, 4099.07, 4099.08, 4099.01, 4099.19, 4099.08, 4099.3, 4099.12]
exp001-n4096-k24-d170-bs40-f1.000-r00:009432.258: (72 sec)
exp001-n4096-k24-d170-bs40-f1.000-r00:009432.258: Loop 69/100
exp001-n4096-k24-d170-bs40-f1.000-r00:009481.559: log(exp-norms): [4096.0, 4097.92, 4097.56]
exp001-n4096-k24-d170-bs40-f1.000-r00:009481.559: log(norms):     [4098.71, 4099.05, 4099.08, 4099.07, 4099.08, 4099.01, 4099.19, 4099.08, 4099.3, 4099.12]
exp001-n4096-k24-d170-bs40-f1.000-r00:009481.578: (50 sec)
exp001-n4096-k24-d170-bs40-f1.000-r00:009481.579: Loop 70/100
exp001-n4096-k24-d170-bs40-f1.000-r00:009548.070: log(exp-norms): [4096.0, 4097.92, 4097.56]
exp001-n4096-k24-d170-bs40-f1.000-r00:009548.070: log(norms):     [4098.71, 4099.05, 4099.08, 4099.07, 4099.08, 4099.01, 4099.19, 4099.08, 4099.3, 4099.1]
exp001-n4096-k24-d170-bs40-f1.000-r00:009548.089: (67 sec)
exp001-n4096-k24-d170-bs40-f1.000-r00:009548.090: Loop 71/100
exp001-n4096-k24-d170-bs40-f1.000-r00:009611.065: log(exp-norms): [4096.0, 4097.92, 4097.56]
exp001-n4096-k24-d170-bs40-f1.000-r00:009611.065: log(norms):     [4098.71, 4099.05, 4099.08, 4099.07, 4099.08, 4099.01, 4099.19, 4099.08, 4099.3, 4099.1]
exp001-n4096-k24-d170-bs40-f1.000-r00:009611.097: (64 sec)
exp001-n4096-k24-d170-bs40-f1.000-r00:009611.097: Loop 72/100
exp001-n4096-k24-d170-bs40-f1.000-r00:009671.273: log(exp-norms): [4096.0, 4097.92, 4097.56]
exp001-n4096-k24-d170-bs40-f1.000-r00:009671.274: log(norms):     [4098.71, 4099.05, 4099.08, 4099.07, 4099.08, 4099.01, 4099.19, 4099.08, 4099.3, 4099.1]
exp001-n4096-k24-d170-bs40-f1.000-r00:009671.293: (61 sec)
exp001-n4096-k24-d170-bs40-f1.000-r00:009671.293: Loop 73/100
exp001-n4096-k24-d170-bs40-f1.000-r00:009739.663: log(exp-norms): [4096.0, 4097.92, 4097.56]
exp001-n4096-k24-d170-bs40-f1.000-r00:009739.664: log(norms):     [4098.71, 4099.05, 4099.08, 4099.07, 4099.08, 4099.01, 4099.19, 4099.08, 4099.3, 4099.1]
exp001-n4096-k24-d170-bs40-f1.000-r00:009739.697: (69 sec)
exp001-n4096-k24-d170-bs40-f1.000-r00:009739.697: Loop 74/100
exp001-n4096-k24-d170-bs40-f1.000-r00:009811.488: log(exp-norms): [4096.0, 4097.92, 4097.56]
exp001-n4096-k24-d170-bs40-f1.000-r00:009811.488: log(norms):     [4098.71, 4099.05, 4099.08, 4099.07, 4099.08, 4099.01, 4099.19, 4099.08, 4099.3, 4099.1]
exp001-n4096-k24-d170-bs40-f1.000-r00:009811.521: (72 sec)
exp001-n4096-k24-d170-bs40-f1.000-r00:009811.522: Loop 75/100
exp001-n4096-k24-d170-bs40-f1.000-r00:009883.952: log(exp-norms): [4096.0, 4097.92, 4097.56]
exp001-n4096-k24-d170-bs40-f1.000-r00:009883.952: log(norms):     [4098.71, 4099.05, 4099.08, 4099.07, 4099.08, 4099.01, 4099.19, 4099.2, 4099.08, 4099.3]
exp001-n4096-k24-d170-bs40-f1.000-r00:009883.985: (73 sec)
exp001-n4096-k24-d170-bs40-f1.000-r00:009883.985: Loop 76/100
exp001-n4096-k24-d170-bs40-f1.000-r00:009955.568: log(exp-norms): [4096.0, 4097.92, 4097.56]
exp001-n4096-k24-d170-bs40-f1.000-r00:009955.568: log(norms):     [4098.71, 4099.05, 4099.08, 4099.07, 4099.08, 4099.01, 4099.19, 4099.2, 4099.08, 4099.3]
exp001-n4096-k24-d170-bs40-f1.000-r00:009955.600: (72 sec)
exp001-n4096-k24-d170-bs40-f1.000-r00:009955.601: Loop 77/100
exp001-n4096-k24-d170-bs40-f1.000-r00:010026.415: log(exp-norms): [4096.0, 4097.92, 4097.56]
exp001-n4096-k24-d170-bs40-f1.000-r00:010026.415: log(norms):     [4098.71, 4099.05, 4099.08, 4099.07, 4099.08, 4099.01, 4099.19, 4099.2, 4099.08, 4099.3]
exp001-n4096-k24-d170-bs40-f1.000-r00:010026.447: (71 sec)
exp001-n4096-k24-d170-bs40-f1.000-r00:010026.447: Loop 78/100
exp001-n4096-k24-d170-bs40-f1.000-r00:010099.363: log(exp-norms): [4096.0, 4097.92, 4097.56]
exp001-n4096-k24-d170-bs40-f1.000-r00:010099.363: log(norms):     [4098.71, 4099.05, 4099.08, 4099.07, 4099.08, 4099.01, 4099.19, 4099.2, 4099.08, 4099.3]
exp001-n4096-k24-d170-bs40-f1.000-r00:010099.395: (73 sec)
exp001-n4096-k24-d170-bs40-f1.000-r00:010099.396: Loop 79/100
exp001-n4096-k24-d170-bs40-f1.000-r00:010172.874: log(exp-norms): [4096.0, 4097.92, 4097.56]
exp001-n4096-k24-d170-bs40-f1.000-r00:010172.875: log(norms):     [4098.71, 4099.05, 4099.08, 4099.07, 4099.08, 4099.01, 4099.19, 4099.2, 4099.08, 4099.3]
exp001-n4096-k24-d170-bs40-f1.000-r00:010172.907: (74 sec)
exp001-n4096-k24-d170-bs40-f1.000-r00:010172.907: Loop 80/100
exp001-n4096-k24-d170-bs40-f1.000-r00:010244.076: log(exp-norms): [4096.0, 4097.92, 4097.56]
exp001-n4096-k24-d170-bs40-f1.000-r00:010244.076: log(norms):     [4098.71, 4099.05, 4099.08, 4099.07, 4099.08, 4099.01, 4099.19, 4099.2, 4099.08, 4099.3]
exp001-n4096-k24-d170-bs40-f1.000-r00:010244.108: (72 sec)
exp001-n4096-k24-d170-bs40-f1.000-r00:010244.108: Loop 81/100
exp001-n4096-k24-d170-bs40-f1.000-r00:010314.900: log(exp-norms): [4096.0, 4097.92, 4097.56]
exp001-n4096-k24-d170-bs40-f1.000-r00:010314.901: log(norms):     [4098.71, 4099.05, 4099.08, 4099.07, 4099.08, 4099.01, 4099.19, 4099.2, 4099.08, 4099.3]
exp001-n4096-k24-d170-bs40-f1.000-r00:010314.933: (71 sec)
exp001-n4096-k24-d170-bs40-f1.000-r00:010314.933: Loop 82/100
exp001-n4096-k24-d170-bs40-f1.000-r00:010385.742: log(exp-norms): [4096.0, 4097.92, 4097.56]
exp001-n4096-k24-d170-bs40-f1.000-r00:010385.742: log(norms):     [4098.71, 4099.05, 4099.08, 4099.07, 4099.08, 4099.01, 4099.19, 4099.2, 4099.08, 4099.25]
exp001-n4096-k24-d170-bs40-f1.000-r00:010385.774: (71 sec)
exp001-n4096-k24-d170-bs40-f1.000-r00:010385.775: Loop 83/100
exp001-n4096-k24-d170-bs40-f1.000-r00:010458.974: log(exp-norms): [4096.0, 4097.92, 4097.56]
exp001-n4096-k24-d170-bs40-f1.000-r00:010458.974: log(norms):     [4098.71, 4099.05, 4099.08, 4099.07, 4099.08, 4099.25, 4099.08, 4099.08, 4099.16, 4099.2]
exp001-n4096-k24-d170-bs40-f1.000-r00:010459.006: (74 sec)
exp001-n4096-k24-d170-bs40-f1.000-r00:010459.007: Loop 84/100
exp001-n4096-k24-d170-bs40-f1.000-r00:010528.376: log(exp-norms): [4096.0, 4097.92, 4097.56]
exp001-n4096-k24-d170-bs40-f1.000-r00:010528.377: log(norms):     [4098.71, 4099.05, 4099.08, 4099.07, 4099.08, 4099.25, 4099.08, 4099.08, 4099.16, 4099.2]
exp001-n4096-k24-d170-bs40-f1.000-r00:010528.409: (70 sec)
exp001-n4096-k24-d170-bs40-f1.000-r00:010528.409: Loop 85/100
exp001-n4096-k24-d170-bs40-f1.000-r00:010598.914: log(exp-norms): [4096.0, 4097.92, 4097.56]
exp001-n4096-k24-d170-bs40-f1.000-r00:010598.914: log(norms):     [4098.71, 4099.05, 4099.08, 4099.07, 4099.08, 4099.25, 4099.08, 4099.08, 4099.16, 4099.2]
exp001-n4096-k24-d170-bs40-f1.000-r00:010598.946: (71 sec)
exp001-n4096-k24-d170-bs40-f1.000-r00:010598.946: Loop 86/100
exp001-n4096-k24-d170-bs40-f1.000-r00:010668.426: log(exp-norms): [4096.0, 4097.92, 4097.56]
exp001-n4096-k24-d170-bs40-f1.000-r00:010668.427: log(norms):     [4098.71, 4099.05, 4099.08, 4099.07, 4099.08, 4099.25, 4099.08, 4099.08, 4099.16, 4099.2]
exp001-n4096-k24-d170-bs40-f1.000-r00:010668.458: (70 sec)
exp001-n4096-k24-d170-bs40-f1.000-r00:010668.458: Loop 87/100
exp001-n4096-k24-d170-bs40-f1.000-r00:010734.690: log(exp-norms): [4096.0, 4097.92, 4097.56]
exp001-n4096-k24-d170-bs40-f1.000-r00:010734.691: log(norms):     [4098.71, 4099.05, 4099.08, 4099.07, 4099.08, 4099.25, 4099.08, 4099.08, 4099.16, 4099.2]
exp001-n4096-k24-d170-bs40-f1.000-r00:010734.723: (67 sec)
exp001-n4096-k24-d170-bs40-f1.000-r00:010734.723: Loop 88/100
exp001-n4096-k24-d170-bs40-f1.000-r00:010807.010: log(exp-norms): [4096.0, 4097.92, 4097.56]
exp001-n4096-k24-d170-bs40-f1.000-r00:010807.010: log(norms):     [4098.71, 4099.05, 4099.08, 4099.07, 4099.08, 4099.25, 4099.08, 4099.08, 4099.16, 4099.2]
exp001-n4096-k24-d170-bs40-f1.000-r00:010807.043: (73 sec)
exp001-n4096-k24-d170-bs40-f1.000-r00:010807.044: Loop 89/100
exp001-n4096-k24-d170-bs40-f1.000-r00:010879.387: log(exp-norms): [4096.0, 4097.92, 4097.56]
exp001-n4096-k24-d170-bs40-f1.000-r00:010879.388: log(norms):     [4098.71, 4099.05, 4099.08, 4099.07, 4099.08, 4099.25, 4099.08, 4099.08, 4099.16, 4099.2]
exp001-n4096-k24-d170-bs40-f1.000-r00:010879.418: (73 sec)
exp001-n4096-k24-d170-bs40-f1.000-r00:010879.418: Loop 90/100
exp001-n4096-k24-d170-bs40-f1.000-r00:010944.988: log(exp-norms): [4096.0, 4097.92, 4097.56]
exp001-n4096-k24-d170-bs40-f1.000-r00:010944.988: log(norms):     [4098.71, 4099.05, 4099.08, 4099.07, 4099.08, 4099.25, 4099.08, 4099.08, 4099.16, 4099.2]
exp001-n4096-k24-d170-bs40-f1.000-r00:010945.007: (66 sec)
exp001-n4096-k24-d170-bs40-f1.000-r00:010945.008: Loop 91/100
exp001-n4096-k24-d170-bs40-f1.000-r00:011012.531: log(exp-norms): [4096.0, 4097.92, 4097.56]
exp001-n4096-k24-d170-bs40-f1.000-r00:011012.531: log(norms):     [4098.71, 4099.05, 4099.08, 4099.07, 4099.08, 4099.25, 4099.08, 4099.08, 4099.16, 4099.2]
exp001-n4096-k24-d170-bs40-f1.000-r00:011012.563: (68 sec)
exp001-n4096-k24-d170-bs40-f1.000-r00:011012.563: Loop 92/100
exp001-n4096-k24-d170-bs40-f1.000-r00:011085.197: log(exp-norms): [4096.0, 4097.92, 4097.56]
exp001-n4096-k24-d170-bs40-f1.000-r00:011085.197: log(norms):     [4098.71, 4099.05, 4099.08, 4099.07, 4099.08, 4099.25, 4099.08, 4099.08, 4099.16, 4099.2]
exp001-n4096-k24-d170-bs40-f1.000-r00:011085.229: (73 sec)
exp001-n4096-k24-d170-bs40-f1.000-r00:011085.229: Loop 93/100
exp001-n4096-k24-d170-bs40-f1.000-r00:011153.903: log(exp-norms): [4096.0, 4097.92, 4097.56]
exp001-n4096-k24-d170-bs40-f1.000-r00:011153.903: log(norms):     [4098.71, 4099.05, 4099.08, 4099.07, 4099.08, 4099.25, 4099.08, 4099.08, 4099.16, 4099.2]
exp001-n4096-k24-d170-bs40-f1.000-r00:011153.936: (69 sec)
exp001-n4096-k24-d170-bs40-f1.000-r00:011153.936: Loop 94/100
exp001-n4096-k24-d170-bs40-f1.000-r00:011223.045: log(exp-norms): [4096.0, 4097.92, 4097.56]
exp001-n4096-k24-d170-bs40-f1.000-r00:011223.045: log(norms):     [4098.71, 4099.05, 4099.08, 4099.07, 4099.08, 4099.25, 4099.08, 4099.08, 4099.16, 4099.2]
exp001-n4096-k24-d170-bs40-f1.000-r00:011223.077: (70 sec)
exp001-n4096-k24-d170-bs40-f1.000-r00:011223.077: Loop 95/100
exp001-n4096-k24-d170-bs40-f1.000-r00:011288.480: log(exp-norms): [4096.0, 4097.92, 4097.56]
exp001-n4096-k24-d170-bs40-f1.000-r00:011288.481: log(norms):     [4098.71, 4099.05, 4099.08, 4099.07, 4099.08, 4099.25, 4099.08, 4099.08, 4099.16, 4099.2]
exp001-n4096-k24-d170-bs40-f1.000-r00:011288.513: (66 sec)
exp001-n4096-k24-d170-bs40-f1.000-r00:011288.513: Loop 96/100
exp001-n4096-k24-d170-bs40-f1.000-r00:011349.445: log(exp-norms): [4096.0, 4097.92, 4097.56]
exp001-n4096-k24-d170-bs40-f1.000-r00:011349.446: log(norms):     [4098.71, 4099.05, 4099.08, 4099.07, 4099.08, 4099.25, 4099.08, 4099.08, 4099.16, 4099.2]
exp001-n4096-k24-d170-bs40-f1.000-r00:011349.485: (61 sec)
exp001-n4096-k24-d170-bs40-f1.000-r00:011349.486: Loop 97/100
exp001-n4096-k24-d170-bs40-f1.000-r00:011416.346: log(exp-norms): [4096.0, 4097.92, 4097.56]
exp001-n4096-k24-d170-bs40-f1.000-r00:011416.346: log(norms):     [4098.71, 4099.05, 4099.08, 4099.07, 4099.08, 4099.25, 4099.08, 4099.08, 4099.16, 4099.2]
exp001-n4096-k24-d170-bs40-f1.000-r00:011416.379: (67 sec)
exp001-n4096-k24-d170-bs40-f1.000-r00:011416.379: Loop 98/100
exp001-n4096-k24-d170-bs40-f1.000-r00:011485.577: log(exp-norms): [4096.0, 4097.92, 4097.56]
exp001-n4096-k24-d170-bs40-f1.000-r00:011485.577: log(norms):     [4098.71, 4099.05, 4099.08, 4099.07, 4099.08, 4099.25, 4099.08, 4099.08, 4099.16, 4099.2]
exp001-n4096-k24-d170-bs40-f1.000-r00:011485.609: (70 sec)
exp001-n4096-k24-d170-bs40-f1.000-r00:011485.609: Loop 99/100
exp001-n4096-k24-d170-bs40-f1.000-r00:011553.708: log(exp-norms): [4096.0, 4097.92, 4097.56]
exp001-n4096-k24-d170-bs40-f1.000-r00:011553.708: log(norms):     [4098.71, 4099.05, 4099.08, 4099.07, 4099.08, 4099.25, 4099.08, 4099.08, 4099.16, 4099.2]
exp001-n4096-k24-d170-bs40-f1.000-r00:011553.740: (69 sec)
exp001-n4096-k24-d170-bs40-f1.000-r00:011553.740: Loop 100/100
exp001-n4096-k24-d170-bs40-f1.000-r00:011618.834: log(exp-norms): [4096.0, 4097.92, 4097.56]
exp001-n4096-k24-d170-bs40-f1.000-r00:011618.835: log(norms):     [4098.71, 4099.05, 4099.08, 4099.07, 4099.08, 4099.25, 4099.08, 4099.08, 4099.16, 4099.2]
exp001-n4096-k24-d170-bs40-f1.000-r00:011618.866: (66 sec)
exp001-n4096-k24-d170-bs40-f1.000-r00:011618.866: ==========================Summary===========================
exp001-n4096-k24-d170-bs40-f1.000-r00:011618.866: Total time: 11619sec
exp001-n4096-k24-d170-bs40-f1.000-r00:011618.867: FAIL
exp001-n4096-k24-d170-bs40-f1.000-r00:011618.867: SUMMARY:n:4096:k:24:d:170:bs:40:t:11619:r:False
