exp036-n4096-k20-d220-bs50-f1.000-r00:000000.651: ==========================Instance==========================
exp036-n4096-k20-d220-bs50-f1.000-r00:000000.652: # of equations: 220
exp036-n4096-k20-d220-bs50-f1.000-r00:000000.659: Gap: 2.15
exp036-n4096-k20-d220-bs50-f1.000-r00:000000.676: Tau: 1.29
exp036-n4096-k20-d220-bs50-f1.000-r00:000000.677: ======================BKZ-50 reduction======================
exp036-n4096-k20-d220-bs50-f1.000-r00:000007.178: Expectedly achievable log(norm): 4101.20
exp036-n4096-k20-d220-bs50-f1.000-r00:000014.037: log(exp-norms): [4096.0, 4098.1, 4099.21]
exp036-n4096-k20-d220-bs50-f1.000-r00:000014.038: log(norms):     [4119.13, 4098.89, 4116.0, 4116.0, 4116.0, 4116.0, 4116.0, 4116.0, 4116.0, 4116.0]
exp036-n4096-k20-d220-bs50-f1.000-r00:000014.129: Loop 1/100
exp036-n4096-k20-d220-bs50-f1.000-r00:018868.701: log(exp-norms): [4096.0, 4098.1, 4099.21]
exp036-n4096-k20-d220-bs50-f1.000-r00:018868.702: log(norms):     [4098.89, 4103.68, 4103.78, 4103.78, 4103.63, 4103.85, 4103.75, 4103.78, 4103.8, 4103.9]
exp036-n4096-k20-d220-bs50-f1.000-r00:018868.727: (18855 sec)
exp036-n4096-k20-d220-bs50-f1.000-r00:018868.727: Loop 2/100
exp036-n4096-k20-d220-bs50-f1.000-r00:019996.178: log(exp-norms): [4096.0, 4098.1, 4099.21]
exp036-n4096-k20-d220-bs50-f1.000-r00:019996.179: log(norms):     [4098.89, 4103.22, 4103.34, 4103.28, 4103.31, 4103.43, 4103.35, 4103.31, 4103.34, 4103.61]
exp036-n4096-k20-d220-bs50-f1.000-r00:019996.203: (1128 sec)
exp036-n4096-k20-d220-bs50-f1.000-r00:019996.203: Loop 3/100
exp036-n4096-k20-d220-bs50-f1.000-r00:021003.262: log(exp-norms): [4096.0, 4098.1, 4099.21]
exp036-n4096-k20-d220-bs50-f1.000-r00:021003.263: log(norms):     [4098.89, 4102.85, 4102.88, 4102.91, 4102.83, 4102.94, 4102.88, 4103.05, 4103.05, 4102.86]
exp036-n4096-k20-d220-bs50-f1.000-r00:021003.287: (1008 sec)
exp036-n4096-k20-d220-bs50-f1.000-r00:021003.287: Loop 4/100
exp036-n4096-k20-d220-bs50-f1.000-r00:021945.514: log(exp-norms): [4096.0, 4098.1, 4099.21]
exp036-n4096-k20-d220-bs50-f1.000-r00:021945.515: log(norms):     [4098.89, 4102.46, 4102.53, 4102.56, 4102.6, 4102.81, 4102.61, 4102.35, 4102.76, 4102.66]
exp036-n4096-k20-d220-bs50-f1.000-r00:021945.557: (943 sec)
exp036-n4096-k20-d220-bs50-f1.000-r00:021945.557: Loop 5/100
exp036-n4096-k20-d220-bs50-f1.000-r00:022774.720: log(exp-norms): [4096.0, 4098.1, 4099.21]
exp036-n4096-k20-d220-bs50-f1.000-r00:022774.720: log(norms):     [4098.89, 4102.18, 4102.18, 4102.38, 4102.21, 4102.33, 4102.33, 4102.19, 4102.63, 4102.39]
exp036-n4096-k20-d220-bs50-f1.000-r00:022774.744: (830 sec)
exp036-n4096-k20-d220-bs50-f1.000-r00:022774.745: Loop 6/100
exp036-n4096-k20-d220-bs50-f1.000-r00:023616.536: log(exp-norms): [4096.0, 4098.1, 4099.21]
exp036-n4096-k20-d220-bs50-f1.000-r00:023616.537: log(norms):     [4098.89, 4102.01, 4102.13, 4102.17, 4102.16, 4102.25, 4102.2, 4102.29, 4102.2, 4102.27]
exp036-n4096-k20-d220-bs50-f1.000-r00:023616.561: (842 sec)
exp036-n4096-k20-d220-bs50-f1.000-r00:023616.561: Loop 7/100
exp036-n4096-k20-d220-bs50-f1.000-r00:024313.568: log(exp-norms): [4096.0, 4098.1, 4099.21]
exp036-n4096-k20-d220-bs50-f1.000-r00:024313.568: log(norms):     [4098.89, 4101.91, 4101.91, 4102.04, 4102.04, 4102.02, 4101.98, 4101.84, 4101.91, 4101.94]
exp036-n4096-k20-d220-bs50-f1.000-r00:024313.592: (698 sec)
exp036-n4096-k20-d220-bs50-f1.000-r00:024313.592: Loop 8/100
exp036-n4096-k20-d220-bs50-f1.000-r00:025225.096: log(exp-norms): [4096.0, 4098.1, 4099.21]
exp036-n4096-k20-d220-bs50-f1.000-r00:025225.096: log(norms):     [4098.89, 4101.64, 4101.82, 4101.76, 4101.84, 4101.78, 4101.99, 4101.97, 4101.95, 4101.9]
exp036-n4096-k20-d220-bs50-f1.000-r00:025225.120: (912 sec)
exp036-n4096-k20-d220-bs50-f1.000-r00:025225.121: Loop 9/100
exp036-n4096-k20-d220-bs50-f1.000-r00:026022.025: log(exp-norms): [4096.0, 4098.1, 4099.21]
exp036-n4096-k20-d220-bs50-f1.000-r00:026022.026: log(norms):     [4098.89, 4101.64, 4101.74, 4101.77, 4101.58, 4101.76, 4101.75, 4101.86, 4101.75, 4102.02]
exp036-n4096-k20-d220-bs50-f1.000-r00:026022.065: (797 sec)
exp036-n4096-k20-d220-bs50-f1.000-r00:026022.066: Loop 10/100
exp036-n4096-k20-d220-bs50-f1.000-r00:026809.898: log(exp-norms): [4096.0, 4098.1, 4099.21]
exp036-n4096-k20-d220-bs50-f1.000-r00:026809.899: log(norms):     [4096.0, 4098.89, 4101.58, 4101.65, 4101.56, 4101.57, 4101.69, 4101.68, 4101.91, 4101.79]
exp036-n4096-k20-d220-bs50-f1.000-r00:026809.923: (788 sec)
exp036-n4096-k20-d220-bs50-f1.000-r00:026809.923: Loop 11/100
exp036-n4096-k20-d220-bs50-f1.000-r00:027573.459: log(exp-norms): [4096.0, 4098.1, 4099.21]
exp036-n4096-k20-d220-bs50-f1.000-r00:027573.460: log(norms):     [4096.0, 4098.89, 4101.5, 4101.51, 4101.71, 4101.53, 4101.57, 4101.46, 4101.6, 4101.61]
exp036-n4096-k20-d220-bs50-f1.000-r00:027573.484: (764 sec)
exp036-n4096-k20-d220-bs50-f1.000-r00:027573.484: Loop 12/100
exp036-n4096-k20-d220-bs50-f1.000-r00:028379.978: log(exp-norms): [4096.0, 4098.1, 4099.21]
exp036-n4096-k20-d220-bs50-f1.000-r00:028379.978: log(norms):     [4096.0, 4098.89, 4101.46, 4101.58, 4101.53, 4101.56, 4101.57, 4101.58, 4101.59, 4101.66]
exp036-n4096-k20-d220-bs50-f1.000-r00:028380.003: (807 sec)
exp036-n4096-k20-d220-bs50-f1.000-r00:028380.003: Loop 13/100
exp036-n4096-k20-d220-bs50-f1.000-r00:029271.648: log(exp-norms): [4096.0, 4098.1, 4099.21]
exp036-n4096-k20-d220-bs50-f1.000-r00:029271.648: log(norms):     [4096.0, 4098.89, 4101.39, 4101.4, 4101.36, 4101.59, 4101.55, 4101.45, 4101.61, 4101.6]
exp036-n4096-k20-d220-bs50-f1.000-r00:029271.672: (892 sec)
exp036-n4096-k20-d220-bs50-f1.000-r00:029271.672: Loop 14/100
exp036-n4096-k20-d220-bs50-f1.000-r00:030007.571: log(exp-norms): [4096.0, 4098.1, 4099.21]
exp036-n4096-k20-d220-bs50-f1.000-r00:030007.571: log(norms):     [4096.0, 4098.89, 4101.35, 4101.36, 4101.44, 4101.38, 4101.6, 4101.39, 4101.55, 4101.66]
exp036-n4096-k20-d220-bs50-f1.000-r00:030007.595: (736 sec)
exp036-n4096-k20-d220-bs50-f1.000-r00:030007.595: Loop 15/100
exp036-n4096-k20-d220-bs50-f1.000-r00:030659.570: log(exp-norms): [4096.0, 4098.1, 4099.21]
exp036-n4096-k20-d220-bs50-f1.000-r00:030659.570: log(norms):     [4096.0, 4098.89, 4101.3, 4101.36, 4101.35, 4101.43, 4101.34, 4101.31, 4101.45, 4101.42]
exp036-n4096-k20-d220-bs50-f1.000-r00:030659.594: (652 sec)
exp036-n4096-k20-d220-bs50-f1.000-r00:030659.594: Loop 16/100
exp036-n4096-k20-d220-bs50-f1.000-r00:031269.065: log(exp-norms): [4096.0, 4098.1, 4099.21]
exp036-n4096-k20-d220-bs50-f1.000-r00:031269.066: log(norms):     [4096.0, 4098.89, 4101.3, 4101.31, 4101.45, 4101.36, 4101.41, 4101.39, 4101.56, 4101.47]
exp036-n4096-k20-d220-bs50-f1.000-r00:031269.089: (610 sec)
exp036-n4096-k20-d220-bs50-f1.000-r00:031269.090: Loop 17/100
exp036-n4096-k20-d220-bs50-f1.000-r00:031884.203: log(exp-norms): [4096.0, 4098.1, 4099.21]
exp036-n4096-k20-d220-bs50-f1.000-r00:031884.204: log(norms):     [4096.0, 4098.89, 4101.3, 4101.31, 4101.45, 4101.36, 4101.51, 4101.41, 4101.53, 4101.49]
exp036-n4096-k20-d220-bs50-f1.000-r00:031884.227: (616 sec)
exp036-n4096-k20-d220-bs50-f1.000-r00:031884.227: Loop 18/100
exp036-n4096-k20-d220-bs50-f1.000-r00:032515.273: log(exp-norms): [4096.0, 4098.1, 4099.21]
exp036-n4096-k20-d220-bs50-f1.000-r00:032515.273: log(norms):     [4096.0, 4098.89, 4101.27, 4101.31, 4101.3, 4101.39, 4101.51, 4101.36, 4101.37, 4101.62]
exp036-n4096-k20-d220-bs50-f1.000-r00:032515.297: (632 sec)
exp036-n4096-k20-d220-bs50-f1.000-r00:032515.298: Loop 19/100
exp036-n4096-k20-d220-bs50-f1.000-r00:033120.012: log(exp-norms): [4096.0, 4098.1, 4099.21]
exp036-n4096-k20-d220-bs50-f1.000-r00:033120.013: log(norms):     [4096.0, 4098.89, 4101.27, 4101.31, 4101.3, 4101.39, 4101.46, 4101.35, 4101.56, 4101.51]
exp036-n4096-k20-d220-bs50-f1.000-r00:033120.037: (605 sec)
exp036-n4096-k20-d220-bs50-f1.000-r00:033120.037: Loop 20/100
exp036-n4096-k20-d220-bs50-f1.000-r00:034021.097: log(exp-norms): [4096.0, 4098.1, 4099.21]
exp036-n4096-k20-d220-bs50-f1.000-r00:034021.098: log(norms):     [4096.0, 4098.89, 4101.27, 4101.31, 4101.39, 4101.35, 4101.3, 4101.49, 4101.57, 4101.45]
exp036-n4096-k20-d220-bs50-f1.000-r00:034021.137: (902 sec)
exp036-n4096-k20-d220-bs50-f1.000-r00:034021.137: Loop 21/100
exp036-n4096-k20-d220-bs50-f1.000-r00:034869.295: log(exp-norms): [4096.0, 4098.1, 4099.21]
exp036-n4096-k20-d220-bs50-f1.000-r00:034869.296: log(norms):     [4096.0, 4098.89, 4101.25, 4101.27, 4101.31, 4101.3, 4101.45, 4101.39, 4101.28, 4101.45]
exp036-n4096-k20-d220-bs50-f1.000-r00:034869.319: (849 sec)
exp036-n4096-k20-d220-bs50-f1.000-r00:034869.319: Loop 22/100
exp036-n4096-k20-d220-bs50-f1.000-r00:035482.915: log(exp-norms): [4096.0, 4098.1, 4099.21]
exp036-n4096-k20-d220-bs50-f1.000-r00:035482.916: log(norms):     [4096.0, 4098.89, 4101.23, 4101.23, 4101.25, 4101.3, 4101.29, 4101.28, 4101.58, 4101.34]
exp036-n4096-k20-d220-bs50-f1.000-r00:035482.939: (614 sec)
exp036-n4096-k20-d220-bs50-f1.000-r00:035482.939: Loop 23/100
exp036-n4096-k20-d220-bs50-f1.000-r00:036073.637: log(exp-norms): [4096.0, 4098.1, 4099.21]
exp036-n4096-k20-d220-bs50-f1.000-r00:036073.637: log(norms):     [4096.0, 4098.89, 4101.23, 4101.23, 4101.25, 4101.28, 4101.4, 4101.34, 4101.22, 4101.42]
exp036-n4096-k20-d220-bs50-f1.000-r00:036073.660: (591 sec)
exp036-n4096-k20-d220-bs50-f1.000-r00:036073.660: Loop 24/100
exp036-n4096-k20-d220-bs50-f1.000-r00:036669.991: log(exp-norms): [4096.0, 4098.1, 4099.21]
exp036-n4096-k20-d220-bs50-f1.000-r00:036669.992: log(norms):     [4096.0, 4098.89, 4101.23, 4101.23, 4101.25, 4101.28, 4101.42, 4101.38, 4101.26, 4101.44]
exp036-n4096-k20-d220-bs50-f1.000-r00:036670.015: (597 sec)
exp036-n4096-k20-d220-bs50-f1.000-r00:036670.015: Loop 25/100
exp036-n4096-k20-d220-bs50-f1.000-r00:037266.572: log(exp-norms): [4096.0, 4098.1, 4099.21]
exp036-n4096-k20-d220-bs50-f1.000-r00:037266.572: log(norms):     [4096.0, 4098.89, 4101.23, 4101.23, 4101.25, 4101.28, 4101.42, 4101.38, 4101.26, 4101.44]
exp036-n4096-k20-d220-bs50-f1.000-r00:037266.595: (597 sec)
exp036-n4096-k20-d220-bs50-f1.000-r00:037266.595: Loop 26/100
exp036-n4096-k20-d220-bs50-f1.000-r00:037868.751: log(exp-norms): [4096.0, 4098.1, 4099.21]
exp036-n4096-k20-d220-bs50-f1.000-r00:037868.752: log(norms):     [4096.0, 4098.89, 4101.23, 4101.23, 4101.23, 4101.25, 4101.28, 4101.42, 4101.38, 4101.26]
exp036-n4096-k20-d220-bs50-f1.000-r00:037868.775: (603 sec)
exp036-n4096-k20-d220-bs50-f1.000-r00:037868.775: Loop 27/100
exp036-n4096-k20-d220-bs50-f1.000-r00:038480.525: log(exp-norms): [4096.0, 4098.1, 4099.21]
exp036-n4096-k20-d220-bs50-f1.000-r00:038480.525: log(norms):     [4096.0, 4098.89, 4101.23, 4101.23, 4101.23, 4101.25, 4101.28, 4101.43, 4101.22, 4101.42]
exp036-n4096-k20-d220-bs50-f1.000-r00:038480.548: (612 sec)
exp036-n4096-k20-d220-bs50-f1.000-r00:038480.549: Loop 28/100
exp036-n4096-k20-d220-bs50-f1.000-r00:039075.187: log(exp-norms): [4096.0, 4098.1, 4099.21]
exp036-n4096-k20-d220-bs50-f1.000-r00:039075.187: log(norms):     [4096.0, 4098.89, 4101.23, 4101.23, 4101.23, 4101.25, 4101.28, 4101.47, 4101.43, 4101.32]
exp036-n4096-k20-d220-bs50-f1.000-r00:039075.210: (595 sec)
exp036-n4096-k20-d220-bs50-f1.000-r00:039075.210: Loop 29/100
exp036-n4096-k20-d220-bs50-f1.000-r00:039662.736: log(exp-norms): [4096.0, 4098.1, 4099.21]
exp036-n4096-k20-d220-bs50-f1.000-r00:039662.736: log(norms):     [4096.0, 4098.89, 4101.18, 4101.23, 4101.23, 4101.23, 4101.25, 4101.28, 4101.32, 4101.65]
exp036-n4096-k20-d220-bs50-f1.000-r00:039662.758: (588 sec)
exp036-n4096-k20-d220-bs50-f1.000-r00:039662.759: Loop 30/100
exp036-n4096-k20-d220-bs50-f1.000-r00:040235.309: log(exp-norms): [4096.0, 4098.1, 4099.21]
exp036-n4096-k20-d220-bs50-f1.000-r00:040235.310: log(norms):     [4096.0, 4098.89, 4101.18, 4101.23, 4101.23, 4101.23, 4101.25, 4101.28, 4101.32, 4101.65]
exp036-n4096-k20-d220-bs50-f1.000-r00:040235.332: (573 sec)
exp036-n4096-k20-d220-bs50-f1.000-r00:040235.332: Loop 31/100
exp036-n4096-k20-d220-bs50-f1.000-r00:040814.771: log(exp-norms): [4096.0, 4098.1, 4099.21]
exp036-n4096-k20-d220-bs50-f1.000-r00:040814.771: log(norms):     [4096.0, 4098.89, 4101.18, 4101.24, 4101.23, 4101.28, 4101.23, 4101.23, 4101.54, 4101.36]
exp036-n4096-k20-d220-bs50-f1.000-r00:040814.794: (580 sec)
exp036-n4096-k20-d220-bs50-f1.000-r00:040814.794: Loop 32/100
exp036-n4096-k20-d220-bs50-f1.000-r00:041407.536: log(exp-norms): [4096.0, 4098.1, 4099.21]
exp036-n4096-k20-d220-bs50-f1.000-r00:041407.536: log(norms):     [4096.0, 4098.89, 4101.18, 4101.24, 4101.31, 4101.23, 4101.3, 4101.28, 4101.31, 4101.48]
exp036-n4096-k20-d220-bs50-f1.000-r00:041407.559: (593 sec)
exp036-n4096-k20-d220-bs50-f1.000-r00:041407.559: Loop 33/100
exp036-n4096-k20-d220-bs50-f1.000-r00:041970.161: log(exp-norms): [4096.0, 4098.1, 4099.21]
exp036-n4096-k20-d220-bs50-f1.000-r00:041970.161: log(norms):     [4096.0, 4098.89, 4101.18, 4101.24, 4101.31, 4101.23, 4101.3, 4101.28, 4101.31, 4101.31]
exp036-n4096-k20-d220-bs50-f1.000-r00:041970.184: (563 sec)
exp036-n4096-k20-d220-bs50-f1.000-r00:041970.185: Loop 34/100
exp036-n4096-k20-d220-bs50-f1.000-r00:042562.567: log(exp-norms): [4096.0, 4098.1, 4099.21]
exp036-n4096-k20-d220-bs50-f1.000-r00:042562.567: log(norms):     [4096.0, 4098.89, 4101.18, 4101.24, 4101.31, 4101.23, 4101.3, 4101.28, 4101.31, 4101.31]
exp036-n4096-k20-d220-bs50-f1.000-r00:042562.590: (593 sec)
exp036-n4096-k20-d220-bs50-f1.000-r00:042562.590: Loop 35/100
exp036-n4096-k20-d220-bs50-f1.000-r00:043160.085: log(exp-norms): [4096.0, 4098.1, 4099.21]
exp036-n4096-k20-d220-bs50-f1.000-r00:043160.085: log(norms):     [4096.0, 4098.89, 4101.18, 4101.24, 4101.31, 4101.23, 4101.3, 4101.28, 4101.31, 4101.31]
exp036-n4096-k20-d220-bs50-f1.000-r00:043160.107: (598 sec)
exp036-n4096-k20-d220-bs50-f1.000-r00:043160.107: Loop 36/100
exp036-n4096-k20-d220-bs50-f1.000-r00:043744.344: log(exp-norms): [4096.0, 4098.1, 4099.21]
exp036-n4096-k20-d220-bs50-f1.000-r00:043744.345: log(norms):     [4096.0, 4098.89, 4101.18, 4101.24, 4101.31, 4101.23, 4101.3, 4101.28, 4101.31, 4101.31]
exp036-n4096-k20-d220-bs50-f1.000-r00:043744.367: (585 sec)
exp036-n4096-k20-d220-bs50-f1.000-r00:043744.367: Loop 37/100
exp036-n4096-k20-d220-bs50-f1.000-r00:044334.511: log(exp-norms): [4096.0, 4098.1, 4099.21]
exp036-n4096-k20-d220-bs50-f1.000-r00:044334.511: log(norms):     [4096.0, 4098.89, 4101.09, 4101.18, 4101.24, 4101.31, 4101.27, 4101.31, 4101.23, 4101.36]
exp036-n4096-k20-d220-bs50-f1.000-r00:044334.534: (591 sec)
exp036-n4096-k20-d220-bs50-f1.000-r00:044334.534: Loop 38/100
exp036-n4096-k20-d220-bs50-f1.000-r00:044921.914: log(exp-norms): [4096.0, 4098.1, 4099.21]
exp036-n4096-k20-d220-bs50-f1.000-r00:044921.915: log(norms):     [4096.0, 4098.89, 4101.09, 4101.18, 4101.24, 4101.31, 4101.33, 4101.32, 4101.27, 4101.32]
exp036-n4096-k20-d220-bs50-f1.000-r00:044921.938: (588 sec)
exp036-n4096-k20-d220-bs50-f1.000-r00:044921.938: Loop 39/100
exp036-n4096-k20-d220-bs50-f1.000-r00:045528.384: log(exp-norms): [4096.0, 4098.1, 4099.21]
exp036-n4096-k20-d220-bs50-f1.000-r00:045528.385: log(norms):     [4096.0, 4098.89, 4101.09, 4101.18, 4101.24, 4101.31, 4101.33, 4101.32, 4101.35, 4101.41]
exp036-n4096-k20-d220-bs50-f1.000-r00:045528.407: (607 sec)
exp036-n4096-k20-d220-bs50-f1.000-r00:045528.407: Loop 40/100
exp036-n4096-k20-d220-bs50-f1.000-r00:046101.689: log(exp-norms): [4096.0, 4098.1, 4099.21]
exp036-n4096-k20-d220-bs50-f1.000-r00:046101.689: log(norms):     [4096.0, 4098.89, 4101.09, 4101.18, 4101.24, 4101.21, 4101.35, 4101.31, 4101.33, 4101.33]
exp036-n4096-k20-d220-bs50-f1.000-r00:046101.712: (574 sec)
exp036-n4096-k20-d220-bs50-f1.000-r00:046101.712: Loop 41/100
exp036-n4096-k20-d220-bs50-f1.000-r00:046685.159: log(exp-norms): [4096.0, 4098.1, 4099.21]
exp036-n4096-k20-d220-bs50-f1.000-r00:046685.159: log(norms):     [4096.0, 4098.89, 4101.09, 4101.18, 4101.24, 4101.21, 4101.27, 4101.37, 4101.39, 4101.53]
exp036-n4096-k20-d220-bs50-f1.000-r00:046685.182: (584 sec)
exp036-n4096-k20-d220-bs50-f1.000-r00:046685.182: Loop 42/100
exp036-n4096-k20-d220-bs50-f1.000-r00:047251.309: log(exp-norms): [4096.0, 4098.1, 4099.21]
exp036-n4096-k20-d220-bs50-f1.000-r00:047251.309: log(norms):     [4096.0, 4098.89, 4101.09, 4101.18, 4101.24, 4101.21, 4101.27, 4101.36, 4101.33, 4101.54]
exp036-n4096-k20-d220-bs50-f1.000-r00:047251.332: (567 sec)
exp036-n4096-k20-d220-bs50-f1.000-r00:047251.332: Loop 43/100
exp036-n4096-k20-d220-bs50-f1.000-r00:047806.751: log(exp-norms): [4096.0, 4098.1, 4099.21]
exp036-n4096-k20-d220-bs50-f1.000-r00:047806.752: log(norms):     [4096.0, 4098.89, 4101.09, 4101.18, 4101.24, 4101.21, 4101.27, 4101.36, 4101.47, 4101.33]
exp036-n4096-k20-d220-bs50-f1.000-r00:047806.774: (556 sec)
exp036-n4096-k20-d220-bs50-f1.000-r00:047806.774: Loop 44/100
exp036-n4096-k20-d220-bs50-f1.000-r00:048391.305: log(exp-norms): [4096.0, 4098.1, 4099.21]
exp036-n4096-k20-d220-bs50-f1.000-r00:048391.305: log(norms):     [4096.0, 4098.89, 4101.09, 4101.18, 4101.24, 4101.21, 4101.2, 4101.27, 4101.33, 4101.36]
exp036-n4096-k20-d220-bs50-f1.000-r00:048391.328: (585 sec)
exp036-n4096-k20-d220-bs50-f1.000-r00:048391.329: Loop 45/100
exp036-n4096-k20-d220-bs50-f1.000-r00:048991.993: log(exp-norms): [4096.0, 4098.1, 4099.21]
exp036-n4096-k20-d220-bs50-f1.000-r00:048991.994: log(norms):     [4096.0, 4098.89, 4101.09, 4101.18, 4101.24, 4101.21, 4101.32, 4101.2, 4101.33, 4101.27]
exp036-n4096-k20-d220-bs50-f1.000-r00:048992.016: (601 sec)
exp036-n4096-k20-d220-bs50-f1.000-r00:048992.016: Loop 46/100
exp036-n4096-k20-d220-bs50-f1.000-r00:049576.589: log(exp-norms): [4096.0, 4098.1, 4099.21]
exp036-n4096-k20-d220-bs50-f1.000-r00:049576.589: log(norms):     [4096.0, 4098.89, 4101.09, 4101.18, 4101.24, 4101.21, 4101.32, 4101.42, 4101.2, 4101.33]
exp036-n4096-k20-d220-bs50-f1.000-r00:049576.612: (585 sec)
exp036-n4096-k20-d220-bs50-f1.000-r00:049576.612: Loop 47/100
exp036-n4096-k20-d220-bs50-f1.000-r00:050159.491: log(exp-norms): [4096.0, 4098.1, 4099.21]
exp036-n4096-k20-d220-bs50-f1.000-r00:050159.491: log(norms):     [4096.0, 4098.89, 4101.09, 4101.14, 4101.18, 4101.24, 4101.54, 4101.32, 4101.21, 4101.42]
exp036-n4096-k20-d220-bs50-f1.000-r00:050159.513: (583 sec)
exp036-n4096-k20-d220-bs50-f1.000-r00:050159.514: Loop 48/100
exp036-n4096-k20-d220-bs50-f1.000-r00:050731.702: log(exp-norms): [4096.0, 4098.1, 4099.21]
exp036-n4096-k20-d220-bs50-f1.000-r00:050731.702: log(norms):     [4096.0, 4098.89, 4101.09, 4101.14, 4101.18, 4101.24, 4101.35, 4101.54, 4101.38, 4101.32]
exp036-n4096-k20-d220-bs50-f1.000-r00:050731.725: (573 sec)
exp036-n4096-k20-d220-bs50-f1.000-r00:050731.725: Loop 49/100
exp036-n4096-k20-d220-bs50-f1.000-r00:051299.140: log(exp-norms): [4096.0, 4098.1, 4099.21]
exp036-n4096-k20-d220-bs50-f1.000-r00:051299.141: log(norms):     [4096.0, 4098.89, 4101.09, 4101.14, 4101.18, 4101.24, 4101.35, 4101.37, 4101.21, 4101.38]
exp036-n4096-k20-d220-bs50-f1.000-r00:051299.164: (568 sec)
exp036-n4096-k20-d220-bs50-f1.000-r00:051299.164: Loop 50/100
exp036-n4096-k20-d220-bs50-f1.000-r00:051872.095: log(exp-norms): [4096.0, 4098.1, 4099.21]
exp036-n4096-k20-d220-bs50-f1.000-r00:051872.096: log(norms):     [4096.0, 4098.89, 4101.09, 4101.14, 4101.18, 4101.24, 4101.35, 4101.37, 4101.21, 4101.38]
exp036-n4096-k20-d220-bs50-f1.000-r00:051872.118: (573 sec)
exp036-n4096-k20-d220-bs50-f1.000-r00:051872.118: Loop 51/100
exp036-n4096-k20-d220-bs50-f1.000-r00:052458.571: log(exp-norms): [4096.0, 4098.1, 4099.21]
exp036-n4096-k20-d220-bs50-f1.000-r00:052458.571: log(norms):     [4096.0, 4098.89, 4101.09, 4101.14, 4101.13, 4101.32, 4101.37, 4101.38, 4101.42, 4101.39]
exp036-n4096-k20-d220-bs50-f1.000-r00:052458.594: (587 sec)
exp036-n4096-k20-d220-bs50-f1.000-r00:052458.594: Loop 52/100
exp036-n4096-k20-d220-bs50-f1.000-r00:053036.792: log(exp-norms): [4096.0, 4098.1, 4099.21]
exp036-n4096-k20-d220-bs50-f1.000-r00:053036.793: log(norms):     [4096.0, 4098.89, 4101.09, 4101.14, 4101.13, 4101.32, 4101.37, 4101.38, 4101.42, 4101.39]
exp036-n4096-k20-d220-bs50-f1.000-r00:053036.815: (579 sec)
exp036-n4096-k20-d220-bs50-f1.000-r00:053036.815: Loop 53/100
exp036-n4096-k20-d220-bs50-f1.000-r00:053601.174: log(exp-norms): [4096.0, 4098.1, 4099.21]
exp036-n4096-k20-d220-bs50-f1.000-r00:053601.174: log(norms):     [4096.0, 4098.89, 4101.09, 4101.14, 4101.13, 4101.32, 4101.37, 4101.38, 4101.42, 4101.39]
exp036-n4096-k20-d220-bs50-f1.000-r00:053601.197: (565 sec)
exp036-n4096-k20-d220-bs50-f1.000-r00:053601.197: Loop 54/100
exp036-n4096-k20-d220-bs50-f1.000-r00:054174.638: log(exp-norms): [4096.0, 4098.1, 4099.21]
exp036-n4096-k20-d220-bs50-f1.000-r00:054174.639: log(norms):     [4096.0, 4098.89, 4101.09, 4101.14, 4101.13, 4101.32, 4101.37, 4101.38, 4101.42, 4101.39]
exp036-n4096-k20-d220-bs50-f1.000-r00:054174.661: (574 sec)
exp036-n4096-k20-d220-bs50-f1.000-r00:054174.661: Loop 55/100
exp036-n4096-k20-d220-bs50-f1.000-r00:054734.991: log(exp-norms): [4096.0, 4098.1, 4099.21]
exp036-n4096-k20-d220-bs50-f1.000-r00:054734.992: log(norms):     [4096.0, 4098.89, 4101.09, 4101.14, 4101.13, 4101.32, 4101.37, 4101.38, 4101.42, 4101.39]
exp036-n4096-k20-d220-bs50-f1.000-r00:054735.015: (561 sec)
exp036-n4096-k20-d220-bs50-f1.000-r00:054735.015: Loop 56/100
exp036-n4096-k20-d220-bs50-f1.000-r00:055304.109: log(exp-norms): [4096.0, 4098.1, 4099.21]
exp036-n4096-k20-d220-bs50-f1.000-r00:055304.110: log(norms):     [4096.0, 4098.89, 4101.09, 4101.14, 4101.13, 4101.32, 4101.37, 4101.38, 4101.42, 4101.39]
exp036-n4096-k20-d220-bs50-f1.000-r00:055304.132: (570 sec)
exp036-n4096-k20-d220-bs50-f1.000-r00:055304.132: Loop 57/100
exp036-n4096-k20-d220-bs50-f1.000-r00:055852.458: log(exp-norms): [4096.0, 4098.1, 4099.21]
exp036-n4096-k20-d220-bs50-f1.000-r00:055852.458: log(norms):     [4096.0, 4098.89, 4101.09, 4101.14, 4101.13, 4101.32, 4101.23, 4101.37, 4101.3, 4101.38]
exp036-n4096-k20-d220-bs50-f1.000-r00:055852.480: (549 sec)
exp036-n4096-k20-d220-bs50-f1.000-r00:055852.481: Loop 58/100
exp036-n4096-k20-d220-bs50-f1.000-r00:056425.569: log(exp-norms): [4096.0, 4098.1, 4099.21]
exp036-n4096-k20-d220-bs50-f1.000-r00:056425.569: log(norms):     [4096.0, 4098.89, 4101.09, 4101.14, 4101.13, 4101.32, 4101.23, 4101.37, 4101.3, 4101.38]
exp036-n4096-k20-d220-bs50-f1.000-r00:056425.591: (574 sec)
exp036-n4096-k20-d220-bs50-f1.000-r00:056425.591: Loop 59/100
exp036-n4096-k20-d220-bs50-f1.000-r00:056969.939: log(exp-norms): [4096.0, 4098.1, 4099.21]
exp036-n4096-k20-d220-bs50-f1.000-r00:056969.939: log(norms):     [4096.0, 4098.89, 4101.09, 4101.14, 4101.13, 4101.32, 4101.23, 4101.37, 4101.3, 4101.43]
exp036-n4096-k20-d220-bs50-f1.000-r00:056969.961: (545 sec)
exp036-n4096-k20-d220-bs50-f1.000-r00:056969.961: Loop 60/100
exp036-n4096-k20-d220-bs50-f1.000-r00:057557.661: log(exp-norms): [4096.0, 4098.1, 4099.21]
exp036-n4096-k20-d220-bs50-f1.000-r00:057557.662: log(norms):     [4096.0, 4098.89, 4101.09, 4101.14, 4101.13, 4101.32, 4101.23, 4101.37, 4101.3, 4101.43]
exp036-n4096-k20-d220-bs50-f1.000-r00:057557.684: (588 sec)
exp036-n4096-k20-d220-bs50-f1.000-r00:057557.684: Loop 61/100
exp036-n4096-k20-d220-bs50-f1.000-r00:058132.071: log(exp-norms): [4096.0, 4098.1, 4099.21]
exp036-n4096-k20-d220-bs50-f1.000-r00:058132.072: log(norms):     [4096.0, 4098.89, 4101.09, 4101.14, 4101.13, 4101.32, 4101.23, 4101.37, 4101.3, 4101.43]
exp036-n4096-k20-d220-bs50-f1.000-r00:058132.094: (575 sec)
exp036-n4096-k20-d220-bs50-f1.000-r00:058132.094: Loop 62/100
exp036-n4096-k20-d220-bs50-f1.000-r00:058714.485: log(exp-norms): [4096.0, 4098.1, 4099.21]
exp036-n4096-k20-d220-bs50-f1.000-r00:058714.485: log(norms):     [4096.0, 4098.89, 4101.09, 4101.14, 4101.13, 4101.32, 4101.23, 4101.37, 4101.3, 4101.43]
exp036-n4096-k20-d220-bs50-f1.000-r00:058714.508: (583 sec)
exp036-n4096-k20-d220-bs50-f1.000-r00:058714.508: Loop 63/100
exp036-n4096-k20-d220-bs50-f1.000-r00:059275.963: log(exp-norms): [4096.0, 4098.1, 4099.21]
exp036-n4096-k20-d220-bs50-f1.000-r00:059275.963: log(norms):     [4096.0, 4098.89, 4101.09, 4101.14, 4101.13, 4101.32, 4101.23, 4101.37, 4101.3, 4101.43]
exp036-n4096-k20-d220-bs50-f1.000-r00:059275.986: (562 sec)
exp036-n4096-k20-d220-bs50-f1.000-r00:059275.986: Loop 64/100
exp036-n4096-k20-d220-bs50-f1.000-r00:059841.693: log(exp-norms): [4096.0, 4098.1, 4099.21]
exp036-n4096-k20-d220-bs50-f1.000-r00:059841.693: log(norms):     [4096.0, 4098.89, 4101.09, 4101.14, 4101.13, 4101.32, 4101.23, 4101.37, 4101.3, 4101.4]
exp036-n4096-k20-d220-bs50-f1.000-r00:059841.716: (566 sec)
exp036-n4096-k20-d220-bs50-f1.000-r00:059841.716: Loop 65/100
exp036-n4096-k20-d220-bs50-f1.000-r00:060419.313: log(exp-norms): [4096.0, 4098.1, 4099.21]
exp036-n4096-k20-d220-bs50-f1.000-r00:060419.313: log(norms):     [4096.0, 4098.89, 4101.09, 4101.14, 4101.13, 4101.32, 4101.29, 4101.23, 4101.37, 4101.36]
exp036-n4096-k20-d220-bs50-f1.000-r00:060419.336: (578 sec)
exp036-n4096-k20-d220-bs50-f1.000-r00:060419.336: Loop 66/100
exp036-n4096-k20-d220-bs50-f1.000-r00:060997.465: log(exp-norms): [4096.0, 4098.1, 4099.21]
exp036-n4096-k20-d220-bs50-f1.000-r00:060997.465: log(norms):     [4096.0, 4098.89, 4101.09, 4101.14, 4101.13, 4101.32, 4101.29, 4101.23, 4101.37, 4101.36]
exp036-n4096-k20-d220-bs50-f1.000-r00:060997.487: (579 sec)
exp036-n4096-k20-d220-bs50-f1.000-r00:060997.488: Loop 67/100
exp036-n4096-k20-d220-bs50-f1.000-r00:061559.581: log(exp-norms): [4096.0, 4098.1, 4099.21]
exp036-n4096-k20-d220-bs50-f1.000-r00:061559.582: log(norms):     [4096.0, 4098.89, 4101.09, 4101.14, 4101.13, 4101.32, 4101.29, 4101.23, 4101.37, 4101.36]
exp036-n4096-k20-d220-bs50-f1.000-r00:061559.604: (563 sec)
exp036-n4096-k20-d220-bs50-f1.000-r00:061559.604: Loop 68/100
exp036-n4096-k20-d220-bs50-f1.000-r00:062117.563: log(exp-norms): [4096.0, 4098.1, 4099.21]
exp036-n4096-k20-d220-bs50-f1.000-r00:062117.563: log(norms):     [4096.0, 4098.89, 4101.09, 4101.14, 4101.13, 4101.32, 4101.29, 4101.23, 4101.37, 4101.36]
exp036-n4096-k20-d220-bs50-f1.000-r00:062117.585: (558 sec)
exp036-n4096-k20-d220-bs50-f1.000-r00:062117.586: Loop 69/100
exp036-n4096-k20-d220-bs50-f1.000-r00:062689.722: log(exp-norms): [4096.0, 4098.1, 4099.21]
exp036-n4096-k20-d220-bs50-f1.000-r00:062689.722: log(norms):     [4096.0, 4098.89, 4101.09, 4101.14, 4101.13, 4101.32, 4101.29, 4101.23, 4101.37, 4101.36]
exp036-n4096-k20-d220-bs50-f1.000-r00:062689.745: (573 sec)
exp036-n4096-k20-d220-bs50-f1.000-r00:062689.745: Loop 70/100
exp036-n4096-k20-d220-bs50-f1.000-r00:063264.975: log(exp-norms): [4096.0, 4098.1, 4099.21]
exp036-n4096-k20-d220-bs50-f1.000-r00:063264.975: log(norms):     [4096.0, 4098.89, 4101.09, 4101.14, 4101.13, 4101.32, 4101.29, 4101.23, 4101.37, 4101.36]
exp036-n4096-k20-d220-bs50-f1.000-r00:063264.998: (576 sec)
exp036-n4096-k20-d220-bs50-f1.000-r00:063264.999: Loop 71/100
exp036-n4096-k20-d220-bs50-f1.000-r00:063820.123: log(exp-norms): [4096.0, 4098.1, 4099.21]
exp036-n4096-k20-d220-bs50-f1.000-r00:063820.124: log(norms):     [4096.0, 4098.89, 4101.09, 4101.14, 4101.13, 4101.32, 4101.29, 4101.23, 4101.37, 4101.36]
exp036-n4096-k20-d220-bs50-f1.000-r00:063820.146: (556 sec)
exp036-n4096-k20-d220-bs50-f1.000-r00:063820.146: Loop 72/100
exp036-n4096-k20-d220-bs50-f1.000-r00:064399.592: log(exp-norms): [4096.0, 4098.1, 4099.21]
exp036-n4096-k20-d220-bs50-f1.000-r00:064399.592: log(norms):     [4096.0, 4098.89, 4101.09, 4101.14, 4101.13, 4101.32, 4101.29, 4101.23, 4101.37, 4101.36]
exp036-n4096-k20-d220-bs50-f1.000-r00:064399.615: (580 sec)
exp036-n4096-k20-d220-bs50-f1.000-r00:064399.615: Loop 73/100
exp036-n4096-k20-d220-bs50-f1.000-r00:064961.845: log(exp-norms): [4096.0, 4098.1, 4099.21]
exp036-n4096-k20-d220-bs50-f1.000-r00:064961.845: log(norms):     [4096.0, 4098.89, 4101.09, 4101.14, 4101.13, 4101.32, 4101.29, 4101.23, 4101.37, 4101.36]
exp036-n4096-k20-d220-bs50-f1.000-r00:064961.867: (563 sec)
exp036-n4096-k20-d220-bs50-f1.000-r00:064961.867: Loop 74/100
exp036-n4096-k20-d220-bs50-f1.000-r00:065539.541: log(exp-norms): [4096.0, 4098.1, 4099.21]
exp036-n4096-k20-d220-bs50-f1.000-r00:065539.541: log(norms):     [4096.0, 4098.89, 4101.09, 4101.14, 4101.13, 4101.32, 4101.29, 4101.23, 4101.37, 4101.36]
exp036-n4096-k20-d220-bs50-f1.000-r00:065539.563: (578 sec)
exp036-n4096-k20-d220-bs50-f1.000-r00:065539.563: Loop 75/100
exp036-n4096-k20-d220-bs50-f1.000-r00:066118.241: log(exp-norms): [4096.0, 4098.1, 4099.21]
exp036-n4096-k20-d220-bs50-f1.000-r00:066118.241: log(norms):     [4096.0, 4098.89, 4101.09, 4101.14, 4101.13, 4101.32, 4101.29, 4101.23, 4101.37, 4101.36]
exp036-n4096-k20-d220-bs50-f1.000-r00:066118.263: (579 sec)
exp036-n4096-k20-d220-bs50-f1.000-r00:066118.263: Loop 76/100
