exp010-n4096-k24-d170-bs50-f1.000-r00:000000.574: ==========================Instance==========================
exp010-n4096-k24-d170-bs50-f1.000-r00:000000.574: # of equations: 170
exp010-n4096-k24-d170-bs50-f1.000-r00:000000.580: Gap: 0.78
exp010-n4096-k24-d170-bs50-f1.000-r00:000000.610: Tau: 0.19
exp010-n4096-k24-d170-bs50-f1.000-r00:000000.611: ======================BKZ-50 reduction======================
exp010-n4096-k24-d170-bs50-f1.000-r00:000004.845: Expectedly achievable log(norm): 4098.87
exp010-n4096-k24-d170-bs50-f1.000-r00:000008.886: log(exp-norms): [4096.0, 4097.92, 4097.56]
exp010-n4096-k24-d170-bs50-f1.000-r00:000008.886: log(norms):     [4122.9, 4098.71, 4120.0, 4120.0, 4120.0, 4120.0, 4120.0, 4120.0, 4120.0, 4120.0]
exp010-n4096-k24-d170-bs50-f1.000-r00:000008.981: Loop 1/100
exp010-n4096-k24-d170-bs50-f1.000-r00:004837.932: log(exp-norms): [4096.0, 4097.92, 4097.56]
exp010-n4096-k24-d170-bs50-f1.000-r00:004837.933: log(norms):     [4098.71, 4100.49, 4100.56, 4100.52, 4100.52, 4100.53, 4100.56, 4100.76, 4100.45, 4100.63]
exp010-n4096-k24-d170-bs50-f1.000-r00:004837.972: (4829 sec)
exp010-n4096-k24-d170-bs50-f1.000-r00:004837.972: Loop 2/100
exp010-n4096-k24-d170-bs50-f1.000-r00:005469.720: log(exp-norms): [4096.0, 4097.92, 4097.56]
exp010-n4096-k24-d170-bs50-f1.000-r00:005469.721: log(norms):     [4098.71, 4099.96, 4100.06, 4100.13, 4100.05, 4100.17, 4100.14, 4100.18, 4100.13, 4100.26]
exp010-n4096-k24-d170-bs50-f1.000-r00:005469.755: (632 sec)
exp010-n4096-k24-d170-bs50-f1.000-r00:005469.755: Loop 3/100
exp010-n4096-k24-d170-bs50-f1.000-r00:006059.428: log(exp-norms): [4096.0, 4097.92, 4097.56]
exp010-n4096-k24-d170-bs50-f1.000-r00:006059.429: log(norms):     [4098.71, 4099.7, 4099.79, 4099.9, 4099.91, 4099.87, 4099.83, 4099.83, 4099.88, 4099.9]
exp010-n4096-k24-d170-bs50-f1.000-r00:006059.462: (590 sec)
exp010-n4096-k24-d170-bs50-f1.000-r00:006059.463: Loop 4/100
exp010-n4096-k24-d170-bs50-f1.000-r00:006614.845: log(exp-norms): [4096.0, 4097.92, 4097.56]
exp010-n4096-k24-d170-bs50-f1.000-r00:006614.846: log(norms):     [4098.71, 4099.45, 4099.43, 4099.56, 4099.49, 4099.62, 4099.57, 4099.54, 4099.77, 4099.51]
exp010-n4096-k24-d170-bs50-f1.000-r00:006614.878: (556 sec)
exp010-n4096-k24-d170-bs50-f1.000-r00:006614.879: Loop 5/100
exp010-n4096-k24-d170-bs50-f1.000-r00:007157.917: log(exp-norms): [4096.0, 4097.92, 4097.56]
exp010-n4096-k24-d170-bs50-f1.000-r00:007157.917: log(norms):     [4098.71, 4099.22, 4099.29, 4099.26, 4099.31, 4099.23, 4099.46, 4099.4, 4099.38, 4099.31]
exp010-n4096-k24-d170-bs50-f1.000-r00:007157.950: (544 sec)
exp010-n4096-k24-d170-bs50-f1.000-r00:007157.950: Loop 6/100
exp010-n4096-k24-d170-bs50-f1.000-r00:007689.880: log(exp-norms): [4096.0, 4097.92, 4097.56]
exp010-n4096-k24-d170-bs50-f1.000-r00:007689.881: log(norms):     [4098.71, 4099.05, 4099.18, 4099.22, 4099.27, 4099.29, 4099.27, 4099.33, 4099.35, 4099.49]
exp010-n4096-k24-d170-bs50-f1.000-r00:007689.913: (532 sec)
exp010-n4096-k24-d170-bs50-f1.000-r00:007689.913: Loop 7/100
exp010-n4096-k24-d170-bs50-f1.000-r00:008199.567: log(exp-norms): [4096.0, 4097.92, 4097.56]
exp010-n4096-k24-d170-bs50-f1.000-r00:008199.568: log(norms):     [4098.71, 4099.05, 4099.19, 4099.07, 4099.27, 4099.16, 4099.25, 4099.39, 4099.26, 4099.09]
exp010-n4096-k24-d170-bs50-f1.000-r00:008199.603: (510 sec)
exp010-n4096-k24-d170-bs50-f1.000-r00:008199.603: Loop 8/100
exp010-n4096-k24-d170-bs50-f1.000-r00:008694.628: log(exp-norms): [4096.0, 4097.92, 4097.56]
exp010-n4096-k24-d170-bs50-f1.000-r00:008694.629: log(norms):     [4098.71, 4098.96, 4099.08, 4099.05, 4099.05, 4099.19, 4099.07, 4099.23, 4099.26, 4099.32]
exp010-n4096-k24-d170-bs50-f1.000-r00:008694.661: (496 sec)
exp010-n4096-k24-d170-bs50-f1.000-r00:008694.661: Loop 9/100
exp010-n4096-k24-d170-bs50-f1.000-r00:009188.639: log(exp-norms): [4096.0, 4097.92, 4097.56]
exp010-n4096-k24-d170-bs50-f1.000-r00:009188.640: log(norms):     [4098.71, 4098.96, 4099.08, 4099.05, 4099.05, 4099.03, 4099.09, 4099.18, 4099.09, 4099.08]
exp010-n4096-k24-d170-bs50-f1.000-r00:009188.673: (495 sec)
exp010-n4096-k24-d170-bs50-f1.000-r00:009188.673: Loop 10/100
exp010-n4096-k24-d170-bs50-f1.000-r00:009671.151: log(exp-norms): [4096.0, 4097.92, 4097.56]
exp010-n4096-k24-d170-bs50-f1.000-r00:009671.151: log(norms):     [4098.71, 4098.96, 4098.99, 4099.02, 4099.05, 4099.08, 4099.05, 4099.19, 4099.03, 4099.29]
exp010-n4096-k24-d170-bs50-f1.000-r00:009671.171: (483 sec)
exp010-n4096-k24-d170-bs50-f1.000-r00:009671.171: Loop 11/100
exp010-n4096-k24-d170-bs50-f1.000-r00:010153.044: log(exp-norms): [4096.0, 4097.92, 4097.56]
exp010-n4096-k24-d170-bs50-f1.000-r00:010153.045: log(norms):     [4098.71, 4098.96, 4098.99, 4099.07, 4098.94, 4099.02, 4099.05, 4099.08, 4099.21, 4099.27]
exp010-n4096-k24-d170-bs50-f1.000-r00:010153.077: (482 sec)
exp010-n4096-k24-d170-bs50-f1.000-r00:010153.077: Loop 12/100
exp010-n4096-k24-d170-bs50-f1.000-r00:010627.879: log(exp-norms): [4096.0, 4097.92, 4097.56]
exp010-n4096-k24-d170-bs50-f1.000-r00:010627.880: log(norms):     [4098.71, 4098.87, 4099.01, 4099.01, 4098.94, 4099.04, 4099.07, 4099.19, 4099.07, 4099.17]
exp010-n4096-k24-d170-bs50-f1.000-r00:010627.911: (475 sec)
exp010-n4096-k24-d170-bs50-f1.000-r00:010627.911: Loop 13/100
exp010-n4096-k24-d170-bs50-f1.000-r00:011100.191: log(exp-norms): [4096.0, 4097.92, 4097.56]
exp010-n4096-k24-d170-bs50-f1.000-r00:011100.191: log(norms):     [4098.71, 4098.87, 4098.87, 4098.91, 4098.97, 4099.01, 4098.99, 4099.14, 4099.09, 4099.17]
exp010-n4096-k24-d170-bs50-f1.000-r00:011100.223: (473 sec)
exp010-n4096-k24-d170-bs50-f1.000-r00:011100.224: Loop 14/100
exp010-n4096-k24-d170-bs50-f1.000-r00:011561.346: log(exp-norms): [4096.0, 4097.92, 4097.56]
exp010-n4096-k24-d170-bs50-f1.000-r00:011561.347: log(norms):     [4098.71, 4098.87, 4098.87, 4098.99, 4099.12, 4099.01, 4098.97, 4099.11, 4099.15, 4099.13]
exp010-n4096-k24-d170-bs50-f1.000-r00:011561.379: (462 sec)
exp010-n4096-k24-d170-bs50-f1.000-r00:011561.379: Loop 15/100
exp010-n4096-k24-d170-bs50-f1.000-r00:011987.595: log(exp-norms): [4096.0, 4097.92, 4097.56]
exp010-n4096-k24-d170-bs50-f1.000-r00:011987.595: log(norms):     [4098.71, 4098.87, 4098.87, 4098.99, 4098.93, 4099.12, 4099.01, 4098.98, 4099.02, 4098.96]
exp010-n4096-k24-d170-bs50-f1.000-r00:011987.625: (427 sec)
exp010-n4096-k24-d170-bs50-f1.000-r00:011987.625: Loop 16/100
exp010-n4096-k24-d170-bs50-f1.000-r00:012411.855: log(exp-norms): [4096.0, 4097.92, 4097.56]
exp010-n4096-k24-d170-bs50-f1.000-r00:012411.855: log(norms):     [4098.71, 4098.87, 4098.87, 4098.99, 4098.96, 4098.98, 4099.23, 4099.12, 4099.09, 4098.93]
exp010-n4096-k24-d170-bs50-f1.000-r00:012411.888: (425 sec)
exp010-n4096-k24-d170-bs50-f1.000-r00:012411.889: Loop 17/100
exp010-n4096-k24-d170-bs50-f1.000-r00:012832.986: log(exp-norms): [4096.0, 4097.92, 4097.56]
exp010-n4096-k24-d170-bs50-f1.000-r00:012832.986: log(norms):     [4098.71, 4098.87, 4098.87, 4098.99, 4098.96, 4098.98, 4099.23, 4099.12, 4099.09, 4098.93]
exp010-n4096-k24-d170-bs50-f1.000-r00:012833.006: (422 sec)
exp010-n4096-k24-d170-bs50-f1.000-r00:012833.007: Loop 18/100
exp010-n4096-k24-d170-bs50-f1.000-r00:013235.573: log(exp-norms): [4096.0, 4097.92, 4097.56]
exp010-n4096-k24-d170-bs50-f1.000-r00:013235.574: log(norms):     [4098.71, 4098.87, 4098.87, 4098.99, 4099.0, 4098.96, 4099.12, 4099.23, 4098.98, 4099.09]
exp010-n4096-k24-d170-bs50-f1.000-r00:013235.606: (403 sec)
exp010-n4096-k24-d170-bs50-f1.000-r00:013235.607: Loop 19/100
exp010-n4096-k24-d170-bs50-f1.000-r00:013676.061: log(exp-norms): [4096.0, 4097.92, 4097.56]
exp010-n4096-k24-d170-bs50-f1.000-r00:013676.061: log(norms):     [4098.71, 4098.87, 4098.87, 4098.99, 4099.0, 4098.96, 4099.01, 4099.18, 4098.88, 4099.04]
exp010-n4096-k24-d170-bs50-f1.000-r00:013676.093: (441 sec)
exp010-n4096-k24-d170-bs50-f1.000-r00:013676.094: Loop 20/100
exp010-n4096-k24-d170-bs50-f1.000-r00:014111.862: log(exp-norms): [4096.0, 4097.92, 4097.56]
exp010-n4096-k24-d170-bs50-f1.000-r00:014111.863: log(norms):     [4098.71, 4098.88, 4098.87, 4099.06, 4099.0, 4098.99, 4099.04, 4099.11, 4099.14, 4098.96]
exp010-n4096-k24-d170-bs50-f1.000-r00:014111.895: (436 sec)
exp010-n4096-k24-d170-bs50-f1.000-r00:014111.895: Loop 21/100
exp010-n4096-k24-d170-bs50-f1.000-r00:014573.405: log(exp-norms): [4096.0, 4097.92, 4097.56]
exp010-n4096-k24-d170-bs50-f1.000-r00:014573.405: log(norms):     [4098.71, 4098.88, 4098.87, 4099.06, 4099.0, 4098.99, 4099.04, 4099.14, 4099.11, 4099.14]
exp010-n4096-k24-d170-bs50-f1.000-r00:014573.436: (462 sec)
exp010-n4096-k24-d170-bs50-f1.000-r00:014573.437: Loop 22/100
exp010-n4096-k24-d170-bs50-f1.000-r00:015009.685: log(exp-norms): [4096.0, 4097.92, 4097.56]
exp010-n4096-k24-d170-bs50-f1.000-r00:015009.686: log(norms):     [4098.71, 4098.88, 4098.9, 4098.87, 4099.06, 4099.0, 4099.14, 4099.11, 4098.99, 4099.14]
exp010-n4096-k24-d170-bs50-f1.000-r00:015009.718: (437 sec)
exp010-n4096-k24-d170-bs50-f1.000-r00:015009.719: Loop 23/100
exp010-n4096-k24-d170-bs50-f1.000-r00:015482.672: log(exp-norms): [4096.0, 4097.92, 4097.56]
exp010-n4096-k24-d170-bs50-f1.000-r00:015482.672: log(norms):     [4098.71, 4098.77, 4098.88, 4098.9, 4098.82, 4099.08, 4099.06, 4099.12, 4099.17, 4099.05]
exp010-n4096-k24-d170-bs50-f1.000-r00:015482.704: (473 sec)
exp010-n4096-k24-d170-bs50-f1.000-r00:015482.704: Loop 24/100
exp010-n4096-k24-d170-bs50-f1.000-r00:015916.152: log(exp-norms): [4096.0, 4097.92, 4097.56]
exp010-n4096-k24-d170-bs50-f1.000-r00:015916.153: log(norms):     [4098.71, 4098.77, 4098.88, 4098.9, 4098.82, 4099.08, 4099.06, 4099.12, 4099.17, 4099.05]
exp010-n4096-k24-d170-bs50-f1.000-r00:015916.184: (434 sec)
exp010-n4096-k24-d170-bs50-f1.000-r00:015916.185: Loop 25/100
exp010-n4096-k24-d170-bs50-f1.000-r00:016310.699: log(exp-norms): [4096.0, 4097.92, 4097.56]
exp010-n4096-k24-d170-bs50-f1.000-r00:016310.700: log(norms):     [4098.71, 4098.77, 4098.87, 4098.88, 4098.9, 4099.08, 4098.82, 4099.07, 4099.19, 4099.06]
exp010-n4096-k24-d170-bs50-f1.000-r00:016310.731: (395 sec)
exp010-n4096-k24-d170-bs50-f1.000-r00:016310.732: Loop 26/100
exp010-n4096-k24-d170-bs50-f1.000-r00:016662.893: log(exp-norms): [4096.0, 4097.92, 4097.56]
exp010-n4096-k24-d170-bs50-f1.000-r00:016662.893: log(norms):     [4098.71, 4098.77, 4098.87, 4098.88, 4098.88, 4098.9, 4099.08, 4098.82, 4099.07, 4099.05]
exp010-n4096-k24-d170-bs50-f1.000-r00:016662.913: (353 sec)
exp010-n4096-k24-d170-bs50-f1.000-r00:016662.913: Loop 27/100
exp010-n4096-k24-d170-bs50-f1.000-r00:017032.436: log(exp-norms): [4096.0, 4097.92, 4097.56]
exp010-n4096-k24-d170-bs50-f1.000-r00:017032.437: log(norms):     [4098.71, 4098.77, 4098.87, 4098.88, 4098.88, 4098.9, 4099.08, 4098.82, 4099.07, 4099.17]
exp010-n4096-k24-d170-bs50-f1.000-r00:017032.469: (370 sec)
exp010-n4096-k24-d170-bs50-f1.000-r00:017032.470: Loop 28/100
exp010-n4096-k24-d170-bs50-f1.000-r00:017408.242: log(exp-norms): [4096.0, 4097.92, 4097.56]
exp010-n4096-k24-d170-bs50-f1.000-r00:017408.242: log(norms):     [4098.71, 4098.77, 4098.87, 4098.88, 4098.88, 4098.9, 4099.08, 4098.82, 4099.07, 4099.17]
exp010-n4096-k24-d170-bs50-f1.000-r00:017408.274: (376 sec)
exp010-n4096-k24-d170-bs50-f1.000-r00:017408.274: Loop 29/100
exp010-n4096-k24-d170-bs50-f1.000-r00:017712.607: log(exp-norms): [4096.0, 4097.92, 4097.56]
exp010-n4096-k24-d170-bs50-f1.000-r00:017712.608: log(norms):     [4098.71, 4098.77, 4098.87, 4098.88, 4098.88, 4098.9, 4099.08, 4098.82, 4099.07, 4099.17]
exp010-n4096-k24-d170-bs50-f1.000-r00:017712.627: (305 sec)
exp010-n4096-k24-d170-bs50-f1.000-r00:017712.627: Loop 30/100
exp010-n4096-k24-d170-bs50-f1.000-r00:018099.132: log(exp-norms): [4096.0, 4097.92, 4097.56]
exp010-n4096-k24-d170-bs50-f1.000-r00:018099.133: log(norms):     [4098.71, 4098.77, 4098.87, 4098.88, 4098.88, 4098.9, 4099.08, 4098.82, 4099.07, 4099.17]
exp010-n4096-k24-d170-bs50-f1.000-r00:018099.152: (387 sec)
exp010-n4096-k24-d170-bs50-f1.000-r00:018099.153: Loop 31/100
exp010-n4096-k24-d170-bs50-f1.000-r00:018413.795: log(exp-norms): [4096.0, 4097.92, 4097.56]
exp010-n4096-k24-d170-bs50-f1.000-r00:018413.796: log(norms):     [4098.71, 4098.77, 4098.87, 4098.88, 4098.88, 4098.9, 4099.08, 4098.82, 4099.07, 4099.17]
exp010-n4096-k24-d170-bs50-f1.000-r00:018413.827: (315 sec)
exp010-n4096-k24-d170-bs50-f1.000-r00:018413.828: Loop 32/100
exp010-n4096-k24-d170-bs50-f1.000-r00:018781.116: log(exp-norms): [4096.0, 4097.92, 4097.56]
exp010-n4096-k24-d170-bs50-f1.000-r00:018781.116: log(norms):     [4098.71, 4098.77, 4098.87, 4098.88, 4098.88, 4098.9, 4099.08, 4098.82, 4099.07, 4099.17]
exp010-n4096-k24-d170-bs50-f1.000-r00:018781.135: (368 sec)
exp010-n4096-k24-d170-bs50-f1.000-r00:018781.136: Loop 33/100
exp010-n4096-k24-d170-bs50-f1.000-r00:019149.006: log(exp-norms): [4096.0, 4097.92, 4097.56]
exp010-n4096-k24-d170-bs50-f1.000-r00:019149.006: log(norms):     [4098.71, 4098.77, 4098.87, 4098.88, 4098.99, 4099.11, 4099.04, 4099.11, 4098.82, 4099.06]
exp010-n4096-k24-d170-bs50-f1.000-r00:019149.038: (368 sec)
exp010-n4096-k24-d170-bs50-f1.000-r00:019149.039: Loop 34/100
exp010-n4096-k24-d170-bs50-f1.000-r00:019526.178: log(exp-norms): [4096.0, 4097.92, 4097.56]
exp010-n4096-k24-d170-bs50-f1.000-r00:019526.179: log(norms):     [4098.71, 4098.77, 4098.87, 4098.88, 4098.99, 4099.11, 4099.04, 4099.04, 4098.99, 4099.1]
exp010-n4096-k24-d170-bs50-f1.000-r00:019526.210: (378 sec)
exp010-n4096-k24-d170-bs50-f1.000-r00:019526.211: Loop 35/100
exp010-n4096-k24-d170-bs50-f1.000-r00:019891.077: log(exp-norms): [4096.0, 4097.92, 4097.56]
exp010-n4096-k24-d170-bs50-f1.000-r00:019891.078: log(norms):     [4098.71, 4098.77, 4098.87, 4098.88, 4098.99, 4099.11, 4098.99, 4099.04, 4099.04, 4099.1]
exp010-n4096-k24-d170-bs50-f1.000-r00:019891.097: (365 sec)
exp010-n4096-k24-d170-bs50-f1.000-r00:019891.097: Loop 36/100
exp010-n4096-k24-d170-bs50-f1.000-r00:020210.955: log(exp-norms): [4096.0, 4097.92, 4097.56]
exp010-n4096-k24-d170-bs50-f1.000-r00:020210.956: log(norms):     [4098.71, 4098.77, 4098.87, 4098.88, 4098.99, 4099.11, 4098.99, 4099.04, 4099.04, 4099.1]
exp010-n4096-k24-d170-bs50-f1.000-r00:020210.987: (320 sec)
exp010-n4096-k24-d170-bs50-f1.000-r00:020210.988: Loop 37/100
exp010-n4096-k24-d170-bs50-f1.000-r00:020589.545: log(exp-norms): [4096.0, 4097.92, 4097.56]
exp010-n4096-k24-d170-bs50-f1.000-r00:020589.546: log(norms):     [4098.71, 4098.77, 4098.87, 4098.88, 4098.99, 4099.11, 4098.99, 4099.04, 4099.04, 4099.1]
exp010-n4096-k24-d170-bs50-f1.000-r00:020589.564: (379 sec)
exp010-n4096-k24-d170-bs50-f1.000-r00:020589.564: Loop 38/100
exp010-n4096-k24-d170-bs50-f1.000-r00:020982.439: log(exp-norms): [4096.0, 4097.92, 4097.56]
exp010-n4096-k24-d170-bs50-f1.000-r00:020982.440: log(norms):     [4098.71, 4098.77, 4098.87, 4098.88, 4098.99, 4099.11, 4098.99, 4099.04, 4099.04, 4099.1]
exp010-n4096-k24-d170-bs50-f1.000-r00:020982.471: (393 sec)
exp010-n4096-k24-d170-bs50-f1.000-r00:020982.472: Loop 39/100
exp010-n4096-k24-d170-bs50-f1.000-r00:021304.637: log(exp-norms): [4096.0, 4097.92, 4097.56]
exp010-n4096-k24-d170-bs50-f1.000-r00:021304.638: log(norms):     [4098.71, 4098.77, 4098.87, 4098.88, 4098.99, 4099.11, 4098.99, 4099.1, 4099.04, 4099.04]
exp010-n4096-k24-d170-bs50-f1.000-r00:021304.656: (323 sec)
exp010-n4096-k24-d170-bs50-f1.000-r00:021304.657: Loop 40/100
exp010-n4096-k24-d170-bs50-f1.000-r00:021691.882: log(exp-norms): [4096.0, 4097.92, 4097.56]
exp010-n4096-k24-d170-bs50-f1.000-r00:021691.882: log(norms):     [4098.71, 4098.77, 4098.87, 4098.88, 4098.99, 4099.11, 4098.99, 4099.13, 4099.1, 4099.04]
exp010-n4096-k24-d170-bs50-f1.000-r00:021691.903: (388 sec)
exp010-n4096-k24-d170-bs50-f1.000-r00:021691.903: Loop 41/100
exp010-n4096-k24-d170-bs50-f1.000-r00:022042.975: log(exp-norms): [4096.0, 4097.92, 4097.56]
exp010-n4096-k24-d170-bs50-f1.000-r00:022042.976: log(norms):     [4098.71, 4098.77, 4098.87, 4098.88, 4098.99, 4099.11, 4098.99, 4099.13, 4099.1, 4099.04]
exp010-n4096-k24-d170-bs50-f1.000-r00:022042.996: (352 sec)
exp010-n4096-k24-d170-bs50-f1.000-r00:022042.996: Loop 42/100
exp010-n4096-k24-d170-bs50-f1.000-r00:022393.955: log(exp-norms): [4096.0, 4097.92, 4097.56]
exp010-n4096-k24-d170-bs50-f1.000-r00:022393.955: log(norms):     [4098.71, 4098.77, 4098.87, 4098.88, 4098.99, 4099.11, 4098.99, 4099.13, 4099.1, 4099.12]
exp010-n4096-k24-d170-bs50-f1.000-r00:022393.974: (351 sec)
exp010-n4096-k24-d170-bs50-f1.000-r00:022393.974: Loop 43/100
exp010-n4096-k24-d170-bs50-f1.000-r00:022671.073: log(exp-norms): [4096.0, 4097.92, 4097.56]
exp010-n4096-k24-d170-bs50-f1.000-r00:022671.074: log(norms):     [4098.71, 4098.77, 4098.87, 4098.88, 4098.99, 4099.11, 4098.99, 4099.13, 4099.1, 4099.12]
exp010-n4096-k24-d170-bs50-f1.000-r00:022671.092: (278 sec)
exp010-n4096-k24-d170-bs50-f1.000-r00:022671.093: Loop 44/100
exp010-n4096-k24-d170-bs50-f1.000-r00:023015.660: log(exp-norms): [4096.0, 4097.92, 4097.56]
exp010-n4096-k24-d170-bs50-f1.000-r00:023015.661: log(norms):     [4098.71, 4098.77, 4098.87, 4098.88, 4098.99, 4099.11, 4098.99, 4099.13, 4099.1, 4099.07]
exp010-n4096-k24-d170-bs50-f1.000-r00:023015.692: (345 sec)
exp010-n4096-k24-d170-bs50-f1.000-r00:023015.692: Loop 45/100
exp010-n4096-k24-d170-bs50-f1.000-r00:023387.345: log(exp-norms): [4096.0, 4097.92, 4097.56]
exp010-n4096-k24-d170-bs50-f1.000-r00:023387.346: log(norms):     [4098.71, 4098.77, 4098.87, 4098.88, 4098.87, 4098.99, 4099.07, 4099.1, 4098.99, 4099.13]
exp010-n4096-k24-d170-bs50-f1.000-r00:023387.365: (372 sec)
exp010-n4096-k24-d170-bs50-f1.000-r00:023387.365: Loop 46/100
exp010-n4096-k24-d170-bs50-f1.000-r00:023686.373: log(exp-norms): [4096.0, 4097.92, 4097.56]
exp010-n4096-k24-d170-bs50-f1.000-r00:023686.374: log(norms):     [4098.71, 4098.77, 4098.87, 4098.88, 4098.87, 4098.91, 4098.99, 4099.2, 4099.04, 4099.07]
exp010-n4096-k24-d170-bs50-f1.000-r00:023686.392: (300 sec)
exp010-n4096-k24-d170-bs50-f1.000-r00:023686.392: Loop 47/100
exp010-n4096-k24-d170-bs50-f1.000-r00:023949.333: log(exp-norms): [4096.0, 4097.92, 4097.56]
exp010-n4096-k24-d170-bs50-f1.000-r00:023949.334: log(norms):     [4098.71, 4098.77, 4098.87, 4098.88, 4099.08, 4098.87, 4098.91, 4098.99, 4099.0, 4099.04]
exp010-n4096-k24-d170-bs50-f1.000-r00:023949.352: (263 sec)
exp010-n4096-k24-d170-bs50-f1.000-r00:023949.352: Loop 48/100
exp010-n4096-k24-d170-bs50-f1.000-r00:024264.719: log(exp-norms): [4096.0, 4097.92, 4097.56]
exp010-n4096-k24-d170-bs50-f1.000-r00:024264.720: log(norms):     [4098.71, 4098.77, 4098.87, 4098.88, 4099.08, 4098.87, 4098.91, 4098.99, 4099.0, 4099.04]
exp010-n4096-k24-d170-bs50-f1.000-r00:024264.750: (316 sec)
exp010-n4096-k24-d170-bs50-f1.000-r00:024264.750: Loop 49/100
exp010-n4096-k24-d170-bs50-f1.000-r00:024617.904: log(exp-norms): [4096.0, 4097.92, 4097.56]
exp010-n4096-k24-d170-bs50-f1.000-r00:024617.904: log(norms):     [4098.71, 4098.77, 4098.87, 4098.88, 4099.08, 4098.87, 4098.94, 4098.91, 4098.91, 4098.99]
exp010-n4096-k24-d170-bs50-f1.000-r00:024617.935: (354 sec)
exp010-n4096-k24-d170-bs50-f1.000-r00:024617.935: Loop 50/100
exp010-n4096-k24-d170-bs50-f1.000-r00:024940.025: log(exp-norms): [4096.0, 4097.92, 4097.56]
exp010-n4096-k24-d170-bs50-f1.000-r00:024940.025: log(norms):     [4098.71, 4098.77, 4098.87, 4098.88, 4099.08, 4098.87, 4098.94, 4098.91, 4099.1, 4098.91]
exp010-n4096-k24-d170-bs50-f1.000-r00:024940.043: (323 sec)
exp010-n4096-k24-d170-bs50-f1.000-r00:024940.043: Loop 51/100
exp010-n4096-k24-d170-bs50-f1.000-r00:025251.230: log(exp-norms): [4096.0, 4097.92, 4097.56]
exp010-n4096-k24-d170-bs50-f1.000-r00:025251.231: log(norms):     [4098.71, 4098.77, 4098.87, 4098.88, 4099.08, 4098.87, 4098.94, 4098.91, 4099.03, 4099.1]
exp010-n4096-k24-d170-bs50-f1.000-r00:025251.250: (312 sec)
exp010-n4096-k24-d170-bs50-f1.000-r00:025251.250: Loop 52/100
exp010-n4096-k24-d170-bs50-f1.000-r00:025547.828: log(exp-norms): [4096.0, 4097.92, 4097.56]
exp010-n4096-k24-d170-bs50-f1.000-r00:025547.829: log(norms):     [4098.71, 4098.77, 4098.87, 4098.88, 4099.08, 4098.87, 4098.94, 4098.91, 4099.03, 4099.1]
exp010-n4096-k24-d170-bs50-f1.000-r00:025547.858: (297 sec)
exp010-n4096-k24-d170-bs50-f1.000-r00:025547.859: Loop 53/100
exp010-n4096-k24-d170-bs50-f1.000-r00:025854.038: log(exp-norms): [4096.0, 4097.92, 4097.56]
exp010-n4096-k24-d170-bs50-f1.000-r00:025854.039: log(norms):     [4098.71, 4098.77, 4098.87, 4098.88, 4099.08, 4098.87, 4098.94, 4098.91, 4099.03, 4099.1]
exp010-n4096-k24-d170-bs50-f1.000-r00:025854.057: (307 sec)
exp010-n4096-k24-d170-bs50-f1.000-r00:025854.057: Loop 54/100
exp010-n4096-k24-d170-bs50-f1.000-r00:026108.488: log(exp-norms): [4096.0, 4097.92, 4097.56]
exp010-n4096-k24-d170-bs50-f1.000-r00:026108.488: log(norms):     [4098.71, 4098.77, 4098.87, 4098.81, 4098.88, 4099.1, 4098.87, 4098.99, 4099.15, 4099.13]
exp010-n4096-k24-d170-bs50-f1.000-r00:026108.507: (255 sec)
exp010-n4096-k24-d170-bs50-f1.000-r00:026108.507: Loop 55/100
exp010-n4096-k24-d170-bs50-f1.000-r00:026371.047: log(exp-norms): [4096.0, 4097.92, 4097.56]
exp010-n4096-k24-d170-bs50-f1.000-r00:026371.047: log(norms):     [4098.71, 4098.77, 4098.87, 4098.81, 4098.88, 4099.1, 4098.87, 4098.99, 4099.15, 4099.13]
exp010-n4096-k24-d170-bs50-f1.000-r00:026371.066: (263 sec)
exp010-n4096-k24-d170-bs50-f1.000-r00:026371.066: Loop 56/100
exp010-n4096-k24-d170-bs50-f1.000-r00:026825.817: log(exp-norms): [4096.0, 4097.92, 4097.56]
exp010-n4096-k24-d170-bs50-f1.000-r00:026825.818: log(norms):     [4098.71, 4098.77, 4098.87, 4098.81, 4098.88, 4099.1, 4098.87, 4098.99, 4099.15, 4099.13]
exp010-n4096-k24-d170-bs50-f1.000-r00:026825.849: (455 sec)
exp010-n4096-k24-d170-bs50-f1.000-r00:026825.850: Loop 57/100
exp010-n4096-k24-d170-bs50-f1.000-r00:027139.858: log(exp-norms): [4096.0, 4097.92, 4097.56]
exp010-n4096-k24-d170-bs50-f1.000-r00:027139.858: log(norms):     [4098.71, 4098.77, 4098.87, 4098.81, 4098.88, 4099.1, 4098.87, 4098.99, 4099.15, 4099.13]
exp010-n4096-k24-d170-bs50-f1.000-r00:027139.877: (315 sec)
exp010-n4096-k24-d170-bs50-f1.000-r00:027139.877: Loop 58/100
exp010-n4096-k24-d170-bs50-f1.000-r00:027417.256: log(exp-norms): [4096.0, 4097.92, 4097.56]
exp010-n4096-k24-d170-bs50-f1.000-r00:027417.256: log(norms):     [4098.71, 4098.77, 4098.87, 4098.81, 4098.88, 4099.1, 4098.87, 4098.99, 4099.15, 4099.13]
exp010-n4096-k24-d170-bs50-f1.000-r00:027417.276: (278 sec)
exp010-n4096-k24-d170-bs50-f1.000-r00:027417.276: Loop 59/100
exp010-n4096-k24-d170-bs50-f1.000-r00:027716.307: log(exp-norms): [4096.0, 4097.92, 4097.56]
exp010-n4096-k24-d170-bs50-f1.000-r00:027716.308: log(norms):     [4098.71, 4098.77, 4098.87, 4098.81, 4098.88, 4099.1, 4098.87, 4098.99, 4099.15, 4099.13]
exp010-n4096-k24-d170-bs50-f1.000-r00:027716.328: (300 sec)
exp010-n4096-k24-d170-bs50-f1.000-r00:027716.328: Loop 60/100
exp010-n4096-k24-d170-bs50-f1.000-r00:028037.764: log(exp-norms): [4096.0, 4097.92, 4097.56]
exp010-n4096-k24-d170-bs50-f1.000-r00:028037.765: log(norms):     [4098.71, 4098.77, 4098.87, 4098.81, 4098.88, 4099.1, 4098.87, 4098.99, 4099.15, 4099.13]
exp010-n4096-k24-d170-bs50-f1.000-r00:028037.784: (322 sec)
exp010-n4096-k24-d170-bs50-f1.000-r00:028037.784: Loop 61/100
exp010-n4096-k24-d170-bs50-f1.000-r00:028330.652: log(exp-norms): [4096.0, 4097.92, 4097.56]
exp010-n4096-k24-d170-bs50-f1.000-r00:028330.652: log(norms):     [4098.71, 4098.77, 4098.87, 4098.81, 4098.88, 4099.1, 4098.87, 4098.99, 4099.15, 4099.13]
exp010-n4096-k24-d170-bs50-f1.000-r00:028330.671: (293 sec)
exp010-n4096-k24-d170-bs50-f1.000-r00:028330.671: Loop 62/100
exp010-n4096-k24-d170-bs50-f1.000-r00:028722.778: log(exp-norms): [4096.0, 4097.92, 4097.56]
exp010-n4096-k24-d170-bs50-f1.000-r00:028722.778: log(norms):     [4098.71, 4098.77, 4098.87, 4098.81, 4098.88, 4099.1, 4098.87, 4098.99, 4099.15, 4099.13]
exp010-n4096-k24-d170-bs50-f1.000-r00:028722.809: (393 sec)
exp010-n4096-k24-d170-bs50-f1.000-r00:028722.810: Loop 63/100
exp010-n4096-k24-d170-bs50-f1.000-r00:029053.180: log(exp-norms): [4096.0, 4097.92, 4097.56]
exp010-n4096-k24-d170-bs50-f1.000-r00:029053.181: log(norms):     [4098.71, 4098.77, 4098.87, 4098.81, 4098.88, 4099.1, 4098.87, 4098.99, 4099.15, 4099.13]
exp010-n4096-k24-d170-bs50-f1.000-r00:029053.201: (331 sec)
exp010-n4096-k24-d170-bs50-f1.000-r00:029053.201: Loop 64/100
exp010-n4096-k24-d170-bs50-f1.000-r00:029356.764: log(exp-norms): [4096.0, 4097.92, 4097.56]
exp010-n4096-k24-d170-bs50-f1.000-r00:029356.764: log(norms):     [4098.71, 4098.77, 4098.87, 4098.81, 4098.88, 4099.1, 4098.87, 4098.99, 4099.15, 4099.13]
exp010-n4096-k24-d170-bs50-f1.000-r00:029356.782: (304 sec)
exp010-n4096-k24-d170-bs50-f1.000-r00:029356.782: Loop 65/100
exp010-n4096-k24-d170-bs50-f1.000-r00:029639.701: log(exp-norms): [4096.0, 4097.92, 4097.56]
exp010-n4096-k24-d170-bs50-f1.000-r00:029639.702: log(norms):     [4098.71, 4098.77, 4098.87, 4098.81, 4098.88, 4099.1, 4098.87, 4098.99, 4099.15, 4099.13]
exp010-n4096-k24-d170-bs50-f1.000-r00:029639.722: (283 sec)
exp010-n4096-k24-d170-bs50-f1.000-r00:029639.722: Loop 66/100
exp010-n4096-k24-d170-bs50-f1.000-r00:029910.010: log(exp-norms): [4096.0, 4097.92, 4097.56]
exp010-n4096-k24-d170-bs50-f1.000-r00:029910.010: log(norms):     [4098.71, 4098.77, 4098.87, 4098.81, 4098.88, 4099.1, 4098.87, 4098.99, 4099.15, 4099.13]
exp010-n4096-k24-d170-bs50-f1.000-r00:029910.028: (271 sec)
exp010-n4096-k24-d170-bs50-f1.000-r00:029910.028: Loop 67/100
exp010-n4096-k24-d170-bs50-f1.000-r00:030191.909: log(exp-norms): [4096.0, 4097.92, 4097.56]
exp010-n4096-k24-d170-bs50-f1.000-r00:030191.910: log(norms):     [4098.71, 4098.77, 4098.87, 4098.81, 4098.88, 4099.1, 4098.87, 4098.99, 4099.15, 4099.13]
exp010-n4096-k24-d170-bs50-f1.000-r00:030191.929: (282 sec)
exp010-n4096-k24-d170-bs50-f1.000-r00:030191.929: Loop 68/100
exp010-n4096-k24-d170-bs50-f1.000-r00:030447.052: log(exp-norms): [4096.0, 4097.92, 4097.56]
exp010-n4096-k24-d170-bs50-f1.000-r00:030447.053: log(norms):     [4098.71, 4098.77, 4098.87, 4098.81, 4098.88, 4099.1, 4098.87, 4098.99, 4099.15, 4099.13]
exp010-n4096-k24-d170-bs50-f1.000-r00:030447.071: (256 sec)
exp010-n4096-k24-d170-bs50-f1.000-r00:030447.071: Loop 69/100
exp010-n4096-k24-d170-bs50-f1.000-r00:030698.164: log(exp-norms): [4096.0, 4097.92, 4097.56]
exp010-n4096-k24-d170-bs50-f1.000-r00:030698.165: log(norms):     [4098.71, 4098.77, 4098.87, 4098.81, 4098.88, 4099.1, 4098.87, 4098.99, 4099.0, 4099.15]
exp010-n4096-k24-d170-bs50-f1.000-r00:030698.183: (252 sec)
exp010-n4096-k24-d170-bs50-f1.000-r00:030698.183: Loop 70/100
exp010-n4096-k24-d170-bs50-f1.000-r00:030944.354: log(exp-norms): [4096.0, 4097.92, 4097.56]
exp010-n4096-k24-d170-bs50-f1.000-r00:030944.354: log(norms):     [4098.71, 4098.77, 4098.87, 4098.81, 4098.88, 4099.1, 4098.87, 4098.99, 4099.0, 4099.15]
exp010-n4096-k24-d170-bs50-f1.000-r00:030944.372: (247 sec)
exp010-n4096-k24-d170-bs50-f1.000-r00:030944.373: Loop 71/100
exp010-n4096-k24-d170-bs50-f1.000-r00:031185.088: log(exp-norms): [4096.0, 4097.92, 4097.56]
exp010-n4096-k24-d170-bs50-f1.000-r00:031185.089: log(norms):     [4098.71, 4098.77, 4098.87, 4098.81, 4098.88, 4099.1, 4098.87, 4098.99, 4099.0, 4099.15]
exp010-n4096-k24-d170-bs50-f1.000-r00:031185.107: (241 sec)
exp010-n4096-k24-d170-bs50-f1.000-r00:031185.107: Loop 72/100
exp010-n4096-k24-d170-bs50-f1.000-r00:031428.271: log(exp-norms): [4096.0, 4097.92, 4097.56]
exp010-n4096-k24-d170-bs50-f1.000-r00:031428.271: log(norms):     [4098.71, 4098.77, 4098.97, 4098.87, 4098.81, 4098.88, 4099.04, 4098.87, 4098.99, 4099.15]
exp010-n4096-k24-d170-bs50-f1.000-r00:031428.290: (244 sec)
exp010-n4096-k24-d170-bs50-f1.000-r00:031428.290: Loop 73/100
exp010-n4096-k24-d170-bs50-f1.000-r00:031767.862: log(exp-norms): [4096.0, 4097.92, 4097.56]
exp010-n4096-k24-d170-bs50-f1.000-r00:031767.863: log(norms):     [4098.71, 4098.77, 4098.97, 4098.87, 4098.81, 4098.88, 4099.04, 4098.87, 4098.99, 4099.15]
exp010-n4096-k24-d170-bs50-f1.000-r00:031767.894: (340 sec)
exp010-n4096-k24-d170-bs50-f1.000-r00:031767.894: Loop 74/100
exp010-n4096-k24-d170-bs50-f1.000-r00:032034.394: log(exp-norms): [4096.0, 4097.92, 4097.56]
exp010-n4096-k24-d170-bs50-f1.000-r00:032034.395: log(norms):     [4098.71, 4098.77, 4098.97, 4098.87, 4098.81, 4098.88, 4099.04, 4098.87, 4098.99, 4099.15]
exp010-n4096-k24-d170-bs50-f1.000-r00:032034.413: (267 sec)
exp010-n4096-k24-d170-bs50-f1.000-r00:032034.413: Loop 75/100
exp010-n4096-k24-d170-bs50-f1.000-r00:032328.697: log(exp-norms): [4096.0, 4097.92, 4097.56]
exp010-n4096-k24-d170-bs50-f1.000-r00:032328.697: log(norms):     [4098.71, 4098.77, 4098.97, 4098.87, 4098.81, 4098.88, 4099.04, 4098.87, 4098.99, 4099.15]
exp010-n4096-k24-d170-bs50-f1.000-r00:032328.724: (295 sec)
exp010-n4096-k24-d170-bs50-f1.000-r00:032328.725: Loop 76/100
exp010-n4096-k24-d170-bs50-f1.000-r00:032717.064: log(exp-norms): [4096.0, 4097.92, 4097.56]
exp010-n4096-k24-d170-bs50-f1.000-r00:032717.064: log(norms):     [4098.71, 4098.77, 4098.97, 4098.87, 4098.81, 4098.88, 4099.04, 4098.87, 4098.99, 4099.15]
exp010-n4096-k24-d170-bs50-f1.000-r00:032717.082: (389 sec)
exp010-n4096-k24-d170-bs50-f1.000-r00:032717.082: Loop 77/100
exp010-n4096-k24-d170-bs50-f1.000-r00:032973.764: log(exp-norms): [4096.0, 4097.92, 4097.56]
exp010-n4096-k24-d170-bs50-f1.000-r00:032973.765: log(norms):     [4098.71, 4098.77, 4098.97, 4098.87, 4098.81, 4098.88, 4099.04, 4098.87, 4098.99, 4099.15]
exp010-n4096-k24-d170-bs50-f1.000-r00:032973.783: (257 sec)
exp010-n4096-k24-d170-bs50-f1.000-r00:032973.783: Loop 78/100
exp010-n4096-k24-d170-bs50-f1.000-r00:033233.156: log(exp-norms): [4096.0, 4097.92, 4097.56]
exp010-n4096-k24-d170-bs50-f1.000-r00:033233.157: log(norms):     [4098.71, 4098.77, 4098.97, 4098.87, 4098.81, 4098.88, 4099.04, 4098.87, 4098.99, 4099.15]
exp010-n4096-k24-d170-bs50-f1.000-r00:033233.175: (260 sec)
exp010-n4096-k24-d170-bs50-f1.000-r00:033233.175: Loop 79/100
exp010-n4096-k24-d170-bs50-f1.000-r00:033622.736: log(exp-norms): [4096.0, 4097.92, 4097.56]
exp010-n4096-k24-d170-bs50-f1.000-r00:033622.737: log(norms):     [4098.71, 4098.77, 4098.97, 4098.87, 4098.81, 4098.88, 4099.04, 4098.87, 4098.98, 4098.99]
exp010-n4096-k24-d170-bs50-f1.000-r00:033622.768: (390 sec)
exp010-n4096-k24-d170-bs50-f1.000-r00:033622.768: Loop 80/100
exp010-n4096-k24-d170-bs50-f1.000-r00:033882.669: log(exp-norms): [4096.0, 4097.92, 4097.56]
exp010-n4096-k24-d170-bs50-f1.000-r00:033882.670: log(norms):     [4098.71, 4098.77, 4098.97, 4098.87, 4098.81, 4098.88, 4099.04, 4098.87, 4098.98, 4098.99]
exp010-n4096-k24-d170-bs50-f1.000-r00:033882.688: (260 sec)
exp010-n4096-k24-d170-bs50-f1.000-r00:033882.689: Loop 81/100
exp010-n4096-k24-d170-bs50-f1.000-r00:034148.682: log(exp-norms): [4096.0, 4097.92, 4097.56]
exp010-n4096-k24-d170-bs50-f1.000-r00:034148.682: log(norms):     [4098.71, 4098.77, 4098.97, 4098.87, 4098.81, 4098.88, 4099.04, 4098.87, 4098.98, 4098.99]
exp010-n4096-k24-d170-bs50-f1.000-r00:034148.701: (267 sec)
exp010-n4096-k24-d170-bs50-f1.000-r00:034148.701: Loop 82/100
exp010-n4096-k24-d170-bs50-f1.000-r00:034397.787: log(exp-norms): [4096.0, 4097.92, 4097.56]
exp010-n4096-k24-d170-bs50-f1.000-r00:034397.788: log(norms):     [4098.71, 4098.77, 4098.97, 4098.87, 4098.81, 4098.88, 4099.04, 4098.87, 4098.98, 4098.99]
exp010-n4096-k24-d170-bs50-f1.000-r00:034397.806: (250 sec)
exp010-n4096-k24-d170-bs50-f1.000-r00:034397.807: Loop 83/100
exp010-n4096-k24-d170-bs50-f1.000-r00:034649.669: log(exp-norms): [4096.0, 4097.92, 4097.56]
exp010-n4096-k24-d170-bs50-f1.000-r00:034649.669: log(norms):     [4098.71, 4098.77, 4098.97, 4098.87, 4098.81, 4098.88, 4099.04, 4098.87, 4098.98, 4098.99]
exp010-n4096-k24-d170-bs50-f1.000-r00:034649.687: (252 sec)
exp010-n4096-k24-d170-bs50-f1.000-r00:034649.687: Loop 84/100
exp010-n4096-k24-d170-bs50-f1.000-r00:034908.040: log(exp-norms): [4096.0, 4097.92, 4097.56]
exp010-n4096-k24-d170-bs50-f1.000-r00:034908.040: log(norms):     [4098.71, 4098.77, 4098.97, 4098.87, 4098.81, 4098.88, 4098.88, 4099.04, 4098.87, 4098.98]
exp010-n4096-k24-d170-bs50-f1.000-r00:034908.058: (259 sec)
exp010-n4096-k24-d170-bs50-f1.000-r00:034908.058: Loop 85/100
exp010-n4096-k24-d170-bs50-f1.000-r00:035171.354: log(exp-norms): [4096.0, 4097.92, 4097.56]
exp010-n4096-k24-d170-bs50-f1.000-r00:035171.354: log(norms):     [4098.71, 4098.77, 4098.97, 4098.87, 4098.81, 4098.88, 4098.88, 4099.04, 4098.87, 4098.98]
exp010-n4096-k24-d170-bs50-f1.000-r00:035171.373: (264 sec)
exp010-n4096-k24-d170-bs50-f1.000-r00:035171.373: Loop 86/100
exp010-n4096-k24-d170-bs50-f1.000-r00:035419.129: log(exp-norms): [4096.0, 4097.92, 4097.56]
exp010-n4096-k24-d170-bs50-f1.000-r00:035419.130: log(norms):     [4098.71, 4098.77, 4098.97, 4098.87, 4098.81, 4098.88, 4098.88, 4099.04, 4098.87, 4098.98]
exp010-n4096-k24-d170-bs50-f1.000-r00:035419.148: (248 sec)
exp010-n4096-k24-d170-bs50-f1.000-r00:035419.148: Loop 87/100
exp010-n4096-k24-d170-bs50-f1.000-r00:035675.582: log(exp-norms): [4096.0, 4097.92, 4097.56]
exp010-n4096-k24-d170-bs50-f1.000-r00:035675.583: log(norms):     [4098.71, 4098.77, 4098.97, 4098.87, 4098.91, 4099.02, 4098.81, 4099.19, 4098.88, 4099.17]
exp010-n4096-k24-d170-bs50-f1.000-r00:035675.600: (257 sec)
exp010-n4096-k24-d170-bs50-f1.000-r00:035675.601: Loop 88/100
exp010-n4096-k24-d170-bs50-f1.000-r00:035939.308: log(exp-norms): [4096.0, 4097.92, 4097.56]
exp010-n4096-k24-d170-bs50-f1.000-r00:035939.308: log(norms):     [4098.71, 4098.77, 4098.97, 4098.87, 4098.91, 4098.96, 4099.02, 4099.21, 4099.04, 4099.16]
exp010-n4096-k24-d170-bs50-f1.000-r00:035939.326: (264 sec)
exp010-n4096-k24-d170-bs50-f1.000-r00:035939.327: Loop 89/100
exp010-n4096-k24-d170-bs50-f1.000-r00:036189.104: log(exp-norms): [4096.0, 4097.92, 4097.56]
exp010-n4096-k24-d170-bs50-f1.000-r00:036189.104: log(norms):     [4098.71, 4098.77, 4098.97, 4098.87, 4098.91, 4098.96, 4099.02, 4099.21, 4099.04, 4099.16]
exp010-n4096-k24-d170-bs50-f1.000-r00:036189.122: (250 sec)
exp010-n4096-k24-d170-bs50-f1.000-r00:036189.122: Loop 90/100
exp010-n4096-k24-d170-bs50-f1.000-r00:036448.506: log(exp-norms): [4096.0, 4097.92, 4097.56]
exp010-n4096-k24-d170-bs50-f1.000-r00:036448.506: log(norms):     [4098.71, 4098.77, 4098.97, 4098.87, 4098.91, 4098.96, 4099.02, 4099.21, 4099.04, 4099.16]
exp010-n4096-k24-d170-bs50-f1.000-r00:036448.525: (260 sec)
exp010-n4096-k24-d170-bs50-f1.000-r00:036448.525: Loop 91/100
exp010-n4096-k24-d170-bs50-f1.000-r00:036709.512: log(exp-norms): [4096.0, 4097.92, 4097.56]
exp010-n4096-k24-d170-bs50-f1.000-r00:036709.513: log(norms):     [4098.71, 4098.77, 4098.97, 4098.87, 4098.91, 4098.96, 4099.02, 4099.21, 4099.04, 4099.16]
exp010-n4096-k24-d170-bs50-f1.000-r00:036709.531: (262 sec)
exp010-n4096-k24-d170-bs50-f1.000-r00:036709.531: Loop 92/100
exp010-n4096-k24-d170-bs50-f1.000-r00:036964.678: log(exp-norms): [4096.0, 4097.92, 4097.56]
exp010-n4096-k24-d170-bs50-f1.000-r00:036964.679: log(norms):     [4098.71, 4098.77, 4098.97, 4098.87, 4098.91, 4098.96, 4099.02, 4099.21, 4099.04, 4099.16]
exp010-n4096-k24-d170-bs50-f1.000-r00:036964.697: (256 sec)
exp010-n4096-k24-d170-bs50-f1.000-r00:036964.697: Loop 93/100
exp010-n4096-k24-d170-bs50-f1.000-r00:037223.545: log(exp-norms): [4096.0, 4097.92, 4097.56]
exp010-n4096-k24-d170-bs50-f1.000-r00:037223.545: log(norms):     [4098.71, 4098.77, 4098.97, 4098.87, 4098.91, 4098.96, 4099.02, 4099.21, 4099.04, 4099.16]
exp010-n4096-k24-d170-bs50-f1.000-r00:037223.563: (259 sec)
exp010-n4096-k24-d170-bs50-f1.000-r00:037223.563: Loop 94/100
exp010-n4096-k24-d170-bs50-f1.000-r00:037466.342: log(exp-norms): [4096.0, 4097.92, 4097.56]
exp010-n4096-k24-d170-bs50-f1.000-r00:037466.343: log(norms):     [4098.71, 4098.77, 4098.97, 4098.87, 4098.91, 4098.96, 4099.02, 4099.21, 4099.04, 4099.16]
exp010-n4096-k24-d170-bs50-f1.000-r00:037466.361: (243 sec)
exp010-n4096-k24-d170-bs50-f1.000-r00:037466.361: Loop 95/100
exp010-n4096-k24-d170-bs50-f1.000-r00:037720.654: log(exp-norms): [4096.0, 4097.92, 4097.56]
exp010-n4096-k24-d170-bs50-f1.000-r00:037720.654: log(norms):     [4098.71, 4098.77, 4098.97, 4098.87, 4098.91, 4098.96, 4099.02, 4098.95, 4099.21, 4099.04]
exp010-n4096-k24-d170-bs50-f1.000-r00:037720.672: (255 sec)
exp010-n4096-k24-d170-bs50-f1.000-r00:037720.673: Loop 96/100
exp010-n4096-k24-d170-bs50-f1.000-r00:037980.047: log(exp-norms): [4096.0, 4097.92, 4097.56]
exp010-n4096-k24-d170-bs50-f1.000-r00:037980.047: log(norms):     [4098.71, 4098.77, 4098.97, 4098.87, 4098.91, 4098.95, 4098.96, 4099.02, 4099.21, 4099.04]
exp010-n4096-k24-d170-bs50-f1.000-r00:037980.066: (260 sec)
exp010-n4096-k24-d170-bs50-f1.000-r00:037980.066: Loop 97/100
exp010-n4096-k24-d170-bs50-f1.000-r00:038226.704: log(exp-norms): [4096.0, 4097.92, 4097.56]
exp010-n4096-k24-d170-bs50-f1.000-r00:038226.704: log(norms):     [4098.71, 4098.77, 4098.97, 4098.99, 4098.87, 4098.91, 4099.02, 4098.95, 4098.98, 4099.13]
exp010-n4096-k24-d170-bs50-f1.000-r00:038226.722: (247 sec)
exp010-n4096-k24-d170-bs50-f1.000-r00:038226.722: Loop 98/100
exp010-n4096-k24-d170-bs50-f1.000-r00:038471.405: log(exp-norms): [4096.0, 4097.92, 4097.56]
exp010-n4096-k24-d170-bs50-f1.000-r00:038471.405: log(norms):     [4098.71, 4098.77, 4098.97, 4098.99, 4098.87, 4098.91, 4099.02, 4098.95, 4098.98, 4099.13]
exp010-n4096-k24-d170-bs50-f1.000-r00:038471.424: (245 sec)
exp010-n4096-k24-d170-bs50-f1.000-r00:038471.424: Loop 99/100
exp010-n4096-k24-d170-bs50-f1.000-r00:038719.234: log(exp-norms): [4096.0, 4097.92, 4097.56]
exp010-n4096-k24-d170-bs50-f1.000-r00:038719.234: log(norms):     [4098.71, 4098.77, 4098.97, 4098.99, 4098.87, 4098.91, 4099.02, 4098.95, 4098.98, 4099.13]
exp010-n4096-k24-d170-bs50-f1.000-r00:038719.252: (248 sec)
exp010-n4096-k24-d170-bs50-f1.000-r00:038719.252: Loop 100/100
exp010-n4096-k24-d170-bs50-f1.000-r00:038957.713: log(exp-norms): [4096.0, 4097.92, 4097.56]
exp010-n4096-k24-d170-bs50-f1.000-r00:038957.713: log(norms):     [4098.71, 4098.77, 4098.97, 4098.99, 4098.87, 4098.91, 4099.02, 4098.95, 4098.98, 4099.16]
exp010-n4096-k24-d170-bs50-f1.000-r00:038957.730: (239 sec)
exp010-n4096-k24-d170-bs50-f1.000-r00:038957.731: ==========================Summary===========================
exp010-n4096-k24-d170-bs50-f1.000-r00:038957.731: Total time: 38958sec
exp010-n4096-k24-d170-bs50-f1.000-r00:038957.731: FAIL
exp010-n4096-k24-d170-bs50-f1.000-r00:038957.731: SUMMARY:n:4096:k:24:d:170:bs:50:t:38958:r:False
