exp034-n4096-k20-d200-bs50-f1.000-r00:000000.630: ==========================Instance==========================
exp034-n4096-k20-d200-bs50-f1.000-r00:000000.630: # of equations: 200
exp034-n4096-k20-d200-bs50-f1.000-r00:000000.637: Gap: 0.60
exp034-n4096-k20-d200-bs50-f1.000-r00:000000.652: Tau: 0.10
exp034-n4096-k20-d200-bs50-f1.000-r00:000000.653: ======================BKZ-50 reduction======================
exp034-n4096-k20-d200-bs50-f1.000-r00:000006.256: Expectedly achievable log(norm): 4099.01
exp034-n4096-k20-d200-bs50-f1.000-r00:000012.092: log(exp-norms): [4096.0, 4098.04, 4097.3]
exp034-n4096-k20-d200-bs50-f1.000-r00:000012.092: log(norms):     [4119.06, 4098.83, 4116.0, 4116.0, 4116.0, 4116.0, 4116.0, 4116.0, 4116.0, 4116.0]
exp034-n4096-k20-d200-bs50-f1.000-r00:000012.195: Loop 1/100
exp034-n4096-k20-d200-bs50-f1.000-r00:007278.231: log(exp-norms): [4096.0, 4098.04, 4097.3]
exp034-n4096-k20-d200-bs50-f1.000-r00:007278.231: log(norms):     [4098.83, 4101.07, 4101.13, 4101.28, 4101.33, 4101.2, 4101.26, 4101.13, 4101.27, 4101.03]
exp034-n4096-k20-d200-bs50-f1.000-r00:007278.270: (7267 sec)
exp034-n4096-k20-d200-bs50-f1.000-r00:007278.270: Loop 2/100
exp034-n4096-k20-d200-bs50-f1.000-r00:008303.286: log(exp-norms): [4096.0, 4098.04, 4097.3]
exp034-n4096-k20-d200-bs50-f1.000-r00:008303.287: log(norms):     [4098.83, 4100.65, 4100.69, 4100.76, 4100.74, 4100.6, 4100.7, 4100.88, 4100.76, 4100.75]
exp034-n4096-k20-d200-bs50-f1.000-r00:008303.325: (1026 sec)
exp034-n4096-k20-d200-bs50-f1.000-r00:008303.325: Loop 3/100
exp034-n4096-k20-d200-bs50-f1.000-r00:009242.632: log(exp-norms): [4096.0, 4098.04, 4097.3]
exp034-n4096-k20-d200-bs50-f1.000-r00:009242.633: log(norms):     [4098.83, 4100.35, 4100.35, 4100.41, 4100.49, 4100.53, 4100.47, 4100.53, 4100.58, 4100.35]
exp034-n4096-k20-d200-bs50-f1.000-r00:009242.655: (940 sec)
exp034-n4096-k20-d200-bs50-f1.000-r00:009242.656: Loop 4/100
exp034-n4096-k20-d200-bs50-f1.000-r00:010177.277: log(exp-norms): [4096.0, 4098.04, 4097.3]
exp034-n4096-k20-d200-bs50-f1.000-r00:010177.278: log(norms):     [4098.83, 4099.85, 4099.91, 4100.08, 4100.2, 4100.12, 4100.18, 4100.19, 4100.11, 4100.26]
exp034-n4096-k20-d200-bs50-f1.000-r00:010177.316: (935 sec)
exp034-n4096-k20-d200-bs50-f1.000-r00:010177.316: Loop 5/100
exp034-n4096-k20-d200-bs50-f1.000-r00:011062.154: log(exp-norms): [4096.0, 4098.04, 4097.3]
exp034-n4096-k20-d200-bs50-f1.000-r00:011062.155: log(norms):     [4098.83, 4099.8, 4099.87, 4099.85, 4099.93, 4099.82, 4100.01, 4099.87, 4099.88, 4099.88]
exp034-n4096-k20-d200-bs50-f1.000-r00:011062.193: (885 sec)
exp034-n4096-k20-d200-bs50-f1.000-r00:011062.193: Loop 6/100
exp034-n4096-k20-d200-bs50-f1.000-r00:011913.388: log(exp-norms): [4096.0, 4098.04, 4097.3]
exp034-n4096-k20-d200-bs50-f1.000-r00:011913.388: log(norms):     [4098.83, 4099.57, 4099.62, 4099.72, 4099.65, 4099.7, 4099.84, 4099.86, 4099.79, 4099.79]
exp034-n4096-k20-d200-bs50-f1.000-r00:011913.429: (852 sec)
exp034-n4096-k20-d200-bs50-f1.000-r00:011913.429: Loop 7/100
exp034-n4096-k20-d200-bs50-f1.000-r00:012716.142: log(exp-norms): [4096.0, 4098.04, 4097.3]
exp034-n4096-k20-d200-bs50-f1.000-r00:012716.142: log(norms):     [4098.83, 4099.39, 4099.56, 4099.53, 4099.57, 4099.5, 4099.57, 4099.67, 4099.6, 4099.67]
exp034-n4096-k20-d200-bs50-f1.000-r00:012716.166: (803 sec)
exp034-n4096-k20-d200-bs50-f1.000-r00:012716.166: Loop 8/100
exp034-n4096-k20-d200-bs50-f1.000-r00:013492.406: log(exp-norms): [4096.0, 4098.04, 4097.3]
exp034-n4096-k20-d200-bs50-f1.000-r00:013492.407: log(norms):     [4098.83, 4099.31, 4099.44, 4099.38, 4099.36, 4099.66, 4099.69, 4099.58, 4099.63, 4099.59]
exp034-n4096-k20-d200-bs50-f1.000-r00:013492.447: (777 sec)
exp034-n4096-k20-d200-bs50-f1.000-r00:013492.448: Loop 9/100
exp034-n4096-k20-d200-bs50-f1.000-r00:014252.664: log(exp-norms): [4096.0, 4098.04, 4097.3]
exp034-n4096-k20-d200-bs50-f1.000-r00:014252.665: log(norms):     [4098.83, 4099.31, 4099.38, 4099.38, 4099.47, 4099.33, 4099.28, 4099.28, 4099.37, 4099.44]
exp034-n4096-k20-d200-bs50-f1.000-r00:014252.702: (761 sec)
exp034-n4096-k20-d200-bs50-f1.000-r00:014252.703: Loop 10/100
exp034-n4096-k20-d200-bs50-f1.000-r00:014944.454: log(exp-norms): [4096.0, 4098.04, 4097.3]
exp034-n4096-k20-d200-bs50-f1.000-r00:014944.455: log(norms):     [4098.83, 4099.23, 4099.27, 4099.41, 4099.32, 4099.47, 4099.33, 4099.37, 4099.36, 4099.5]
exp034-n4096-k20-d200-bs50-f1.000-r00:014944.493: (692 sec)
exp034-n4096-k20-d200-bs50-f1.000-r00:014944.493: Loop 11/100
exp034-n4096-k20-d200-bs50-f1.000-r00:015717.737: log(exp-norms): [4096.0, 4098.04, 4097.3]
exp034-n4096-k20-d200-bs50-f1.000-r00:015717.738: log(norms):     [4098.83, 4099.2, 4099.22, 4099.22, 4099.26, 4099.26, 4099.42, 4099.47, 4099.31, 4099.42]
exp034-n4096-k20-d200-bs50-f1.000-r00:015717.776: (774 sec)
exp034-n4096-k20-d200-bs50-f1.000-r00:015717.776: Loop 12/100
exp034-n4096-k20-d200-bs50-f1.000-r00:016475.943: log(exp-norms): [4096.0, 4098.04, 4097.3]
exp034-n4096-k20-d200-bs50-f1.000-r00:016475.944: log(norms):     [4098.83, 4099.11, 4099.21, 4099.24, 4099.27, 4099.22, 4099.19, 4099.3, 4099.22, 4099.29]
exp034-n4096-k20-d200-bs50-f1.000-r00:016475.966: (759 sec)
exp034-n4096-k20-d200-bs50-f1.000-r00:016475.967: Loop 13/100
exp034-n4096-k20-d200-bs50-f1.000-r00:017163.594: log(exp-norms): [4096.0, 4098.04, 4097.3]
exp034-n4096-k20-d200-bs50-f1.000-r00:017163.594: log(norms):     [4098.83, 4099.19, 4099.12, 4099.11, 4099.24, 4099.24, 4099.21, 4099.32, 4099.29, 4099.32]
exp034-n4096-k20-d200-bs50-f1.000-r00:017163.617: (688 sec)
exp034-n4096-k20-d200-bs50-f1.000-r00:017163.618: Loop 14/100
exp034-n4096-k20-d200-bs50-f1.000-r00:017795.201: log(exp-norms): [4096.0, 4098.04, 4097.3]
exp034-n4096-k20-d200-bs50-f1.000-r00:017795.202: log(norms):     [4098.83, 4099.19, 4099.12, 4099.11, 4099.25, 4099.44, 4099.25, 4099.32, 4099.29, 4099.35]
exp034-n4096-k20-d200-bs50-f1.000-r00:017795.225: (632 sec)
exp034-n4096-k20-d200-bs50-f1.000-r00:017795.226: Loop 15/100
exp034-n4096-k20-d200-bs50-f1.000-r00:018524.859: log(exp-norms): [4096.0, 4098.04, 4097.3]
exp034-n4096-k20-d200-bs50-f1.000-r00:018524.859: log(norms):     [4098.83, 4099.19, 4099.12, 4099.18, 4099.23, 4099.18, 4099.25, 4099.44, 4099.46, 4099.29]
exp034-n4096-k20-d200-bs50-f1.000-r00:018524.896: (730 sec)
exp034-n4096-k20-d200-bs50-f1.000-r00:018524.896: Loop 16/100
exp034-n4096-k20-d200-bs50-f1.000-r00:019124.516: log(exp-norms): [4096.0, 4098.04, 4097.3]
exp034-n4096-k20-d200-bs50-f1.000-r00:019124.517: log(norms):     [4098.83, 4099.19, 4099.12, 4099.18, 4099.23, 4099.36, 4099.39, 4099.35, 4099.36, 4099.36]
exp034-n4096-k20-d200-bs50-f1.000-r00:019124.539: (600 sec)
exp034-n4096-k20-d200-bs50-f1.000-r00:019124.540: Loop 17/100
exp034-n4096-k20-d200-bs50-f1.000-r00:019717.266: log(exp-norms): [4096.0, 4098.04, 4097.3]
exp034-n4096-k20-d200-bs50-f1.000-r00:019717.266: log(norms):     [4098.83, 4099.14, 4099.18, 4099.19, 4099.1, 4099.12, 4099.25, 4099.15, 4099.22, 4099.12]
exp034-n4096-k20-d200-bs50-f1.000-r00:019717.288: (593 sec)
exp034-n4096-k20-d200-bs50-f1.000-r00:019717.288: Loop 18/100
exp034-n4096-k20-d200-bs50-f1.000-r00:020358.308: log(exp-norms): [4096.0, 4098.04, 4097.3]
exp034-n4096-k20-d200-bs50-f1.000-r00:020358.309: log(norms):     [4098.83, 4099.03, 4099.14, 4099.18, 4099.19, 4099.1, 4099.12, 4099.34, 4099.44, 4099.51]
exp034-n4096-k20-d200-bs50-f1.000-r00:020358.346: (642 sec)
exp034-n4096-k20-d200-bs50-f1.000-r00:020358.347: Loop 19/100
exp034-n4096-k20-d200-bs50-f1.000-r00:021022.474: log(exp-norms): [4096.0, 4098.04, 4097.3]
exp034-n4096-k20-d200-bs50-f1.000-r00:021022.474: log(norms):     [4098.83, 4099.03, 4099.14, 4099.18, 4099.19, 4099.1, 4099.22, 4099.39, 4099.47, 4099.26]
exp034-n4096-k20-d200-bs50-f1.000-r00:021022.498: (665 sec)
exp034-n4096-k20-d200-bs50-f1.000-r00:021022.498: Loop 20/100
exp034-n4096-k20-d200-bs50-f1.000-r00:021651.977: log(exp-norms): [4096.0, 4098.04, 4097.3]
exp034-n4096-k20-d200-bs50-f1.000-r00:021651.977: log(norms):     [4098.83, 4099.03, 4099.14, 4099.18, 4099.15, 4099.12, 4099.25, 4099.07, 4099.34, 4099.24]
exp034-n4096-k20-d200-bs50-f1.000-r00:021651.999: (630 sec)
exp034-n4096-k20-d200-bs50-f1.000-r00:021652.000: Loop 21/100
exp034-n4096-k20-d200-bs50-f1.000-r00:022188.424: log(exp-norms): [4096.0, 4098.04, 4097.3]
exp034-n4096-k20-d200-bs50-f1.000-r00:022188.424: log(norms):     [4098.83, 4099.03, 4099.14, 4099.18, 4099.15, 4099.12, 4099.25, 4099.07, 4099.27, 4099.14]
exp034-n4096-k20-d200-bs50-f1.000-r00:022188.446: (537 sec)
exp034-n4096-k20-d200-bs50-f1.000-r00:022188.447: Loop 22/100
exp034-n4096-k20-d200-bs50-f1.000-r00:022709.767: log(exp-norms): [4096.0, 4098.04, 4097.3]
exp034-n4096-k20-d200-bs50-f1.000-r00:022709.768: log(norms):     [4098.83, 4099.03, 4099.13, 4099.07, 4099.25, 4099.12, 4099.31, 4099.15, 4099.15, 4099.26]
exp034-n4096-k20-d200-bs50-f1.000-r00:022709.790: (522 sec)
exp034-n4096-k20-d200-bs50-f1.000-r00:022709.790: Loop 23/100
exp034-n4096-k20-d200-bs50-f1.000-r00:023238.121: log(exp-norms): [4096.0, 4098.04, 4097.3]
exp034-n4096-k20-d200-bs50-f1.000-r00:023238.122: log(norms):     [4098.83, 4099.03, 4099.24, 4099.13, 4099.3, 4099.18, 4099.07, 4099.13, 4099.22, 4099.29]
exp034-n4096-k20-d200-bs50-f1.000-r00:023238.156: (529 sec)
exp034-n4096-k20-d200-bs50-f1.000-r00:023238.157: Loop 24/100
exp034-n4096-k20-d200-bs50-f1.000-r00:023793.998: log(exp-norms): [4096.0, 4098.04, 4097.3]
exp034-n4096-k20-d200-bs50-f1.000-r00:023793.999: log(norms):     [4098.83, 4099.03, 4099.24, 4099.13, 4099.3, 4099.18, 4099.07, 4099.29, 4099.13, 4099.14]
exp034-n4096-k20-d200-bs50-f1.000-r00:023794.020: (556 sec)
exp034-n4096-k20-d200-bs50-f1.000-r00:023794.020: Loop 25/100
exp034-n4096-k20-d200-bs50-f1.000-r00:024383.600: log(exp-norms): [4096.0, 4098.04, 4097.3]
exp034-n4096-k20-d200-bs50-f1.000-r00:024383.601: log(norms):     [4098.83, 4099.03, 4099.24, 4099.13, 4099.15, 4099.3, 4099.12, 4099.13, 4099.14, 4099.15]
exp034-n4096-k20-d200-bs50-f1.000-r00:024383.622: (590 sec)
exp034-n4096-k20-d200-bs50-f1.000-r00:024383.622: Loop 26/100
exp034-n4096-k20-d200-bs50-f1.000-r00:024880.835: log(exp-norms): [4096.0, 4098.04, 4097.3]
exp034-n4096-k20-d200-bs50-f1.000-r00:024880.835: log(norms):     [4098.83, 4099.03, 4099.24, 4099.13, 4099.04, 4099.12, 4099.17, 4099.13, 4099.14, 4099.15]
exp034-n4096-k20-d200-bs50-f1.000-r00:024880.857: (498 sec)
exp034-n4096-k20-d200-bs50-f1.000-r00:024880.857: Loop 27/100
exp034-n4096-k20-d200-bs50-f1.000-r00:025365.752: log(exp-norms): [4096.0, 4098.04, 4097.3]
exp034-n4096-k20-d200-bs50-f1.000-r00:025365.753: log(norms):     [4098.83, 4099.07, 4099.04, 4099.03, 4099.28, 4099.26, 4099.37, 4099.1, 4099.13, 4099.18]
exp034-n4096-k20-d200-bs50-f1.000-r00:025365.775: (485 sec)
exp034-n4096-k20-d200-bs50-f1.000-r00:025365.775: Loop 28/100
exp034-n4096-k20-d200-bs50-f1.000-r00:025958.402: log(exp-norms): [4096.0, 4098.04, 4097.3]
exp034-n4096-k20-d200-bs50-f1.000-r00:025958.403: log(norms):     [4098.83, 4099.07, 4099.04, 4099.18, 4099.26, 4099.03, 4099.27, 4099.33, 4099.32, 4099.48]
exp034-n4096-k20-d200-bs50-f1.000-r00:025958.439: (593 sec)
exp034-n4096-k20-d200-bs50-f1.000-r00:025958.439: Loop 29/100
exp034-n4096-k20-d200-bs50-f1.000-r00:026535.913: log(exp-norms): [4096.0, 4098.04, 4097.3]
exp034-n4096-k20-d200-bs50-f1.000-r00:026535.914: log(norms):     [4098.83, 4099.07, 4099.04, 4099.18, 4099.26, 4099.03, 4099.27, 4099.33, 4099.32, 4099.48]
exp034-n4096-k20-d200-bs50-f1.000-r00:026535.936: (578 sec)
exp034-n4096-k20-d200-bs50-f1.000-r00:026535.936: Loop 30/100
exp034-n4096-k20-d200-bs50-f1.000-r00:027101.929: log(exp-norms): [4096.0, 4098.04, 4097.3]
exp034-n4096-k20-d200-bs50-f1.000-r00:027101.929: log(norms):     [4098.83, 4099.07, 4099.04, 4099.18, 4099.26, 4099.03, 4099.27, 4099.25, 4099.46, 4099.33]
exp034-n4096-k20-d200-bs50-f1.000-r00:027101.951: (567 sec)
exp034-n4096-k20-d200-bs50-f1.000-r00:027101.951: Loop 31/100
exp034-n4096-k20-d200-bs50-f1.000-r00:027546.123: log(exp-norms): [4096.0, 4098.04, 4097.3]
exp034-n4096-k20-d200-bs50-f1.000-r00:027546.123: log(norms):     [4098.83, 4099.07, 4099.04, 4099.18, 4099.26, 4099.03, 4099.27, 4099.25, 4099.46, 4099.33]
exp034-n4096-k20-d200-bs50-f1.000-r00:027546.146: (445 sec)
exp034-n4096-k20-d200-bs50-f1.000-r00:027546.146: Loop 32/100
exp034-n4096-k20-d200-bs50-f1.000-r00:027987.357: log(exp-norms): [4096.0, 4098.04, 4097.3]
exp034-n4096-k20-d200-bs50-f1.000-r00:027987.358: log(norms):     [4098.83, 4099.07, 4099.04, 4099.18, 4099.26, 4099.03, 4099.27, 4099.25, 4099.46, 4099.15]
exp034-n4096-k20-d200-bs50-f1.000-r00:027987.380: (442 sec)
exp034-n4096-k20-d200-bs50-f1.000-r00:027987.381: Loop 33/100
exp034-n4096-k20-d200-bs50-f1.000-r00:028491.192: log(exp-norms): [4096.0, 4098.04, 4097.3]
exp034-n4096-k20-d200-bs50-f1.000-r00:028491.193: log(norms):     [4098.83, 4099.07, 4099.07, 4099.04, 4099.06, 4099.18, 4099.03, 4099.26, 4099.24, 4099.25]
exp034-n4096-k20-d200-bs50-f1.000-r00:028491.229: (504 sec)
exp034-n4096-k20-d200-bs50-f1.000-r00:028491.229: Loop 34/100
exp034-n4096-k20-d200-bs50-f1.000-r00:029050.515: log(exp-norms): [4096.0, 4098.04, 4097.3]
exp034-n4096-k20-d200-bs50-f1.000-r00:029050.516: log(norms):     [4098.83, 4099.07, 4099.07, 4099.04, 4099.06, 4099.18, 4099.03, 4099.13, 4099.27, 4099.26]
exp034-n4096-k20-d200-bs50-f1.000-r00:029050.538: (560 sec)
exp034-n4096-k20-d200-bs50-f1.000-r00:029050.538: Loop 35/100
exp034-n4096-k20-d200-bs50-f1.000-r00:029544.842: log(exp-norms): [4096.0, 4098.04, 4097.3]
exp034-n4096-k20-d200-bs50-f1.000-r00:029544.843: log(norms):     [4098.83, 4099.07, 4099.07, 4099.04, 4099.06, 4099.28, 4099.18, 4099.38, 4099.22, 4099.19]
exp034-n4096-k20-d200-bs50-f1.000-r00:029544.865: (495 sec)
exp034-n4096-k20-d200-bs50-f1.000-r00:029544.865: Loop 36/100
exp034-n4096-k20-d200-bs50-f1.000-r00:030158.818: log(exp-norms): [4096.0, 4098.04, 4097.3]
exp034-n4096-k20-d200-bs50-f1.000-r00:030158.819: log(norms):     [4098.83, 4099.07, 4099.07, 4099.07, 4099.04, 4099.25, 4099.18, 4099.35, 4099.06, 4099.25]
exp034-n4096-k20-d200-bs50-f1.000-r00:030158.843: (614 sec)
exp034-n4096-k20-d200-bs50-f1.000-r00:030158.843: Loop 37/100
exp034-n4096-k20-d200-bs50-f1.000-r00:030692.704: log(exp-norms): [4096.0, 4098.04, 4097.3]
exp034-n4096-k20-d200-bs50-f1.000-r00:030692.704: log(norms):     [4098.83, 4099.07, 4099.07, 4099.07, 4099.04, 4099.25, 4099.22, 4099.36, 4099.18, 4099.25]
exp034-n4096-k20-d200-bs50-f1.000-r00:030692.741: (534 sec)
exp034-n4096-k20-d200-bs50-f1.000-r00:030692.741: Loop 38/100
exp034-n4096-k20-d200-bs50-f1.000-r00:031426.949: log(exp-norms): [4096.0, 4098.04, 4097.3]
exp034-n4096-k20-d200-bs50-f1.000-r00:031426.950: log(norms):     [4098.83, 4099.07, 4099.07, 4099.07, 4099.04, 4099.25, 4099.22, 4099.22, 4099.36, 4099.35]
exp034-n4096-k20-d200-bs50-f1.000-r00:031426.972: (735 sec)
exp034-n4096-k20-d200-bs50-f1.000-r00:031426.972: Loop 39/100
exp034-n4096-k20-d200-bs50-f1.000-r00:032006.421: log(exp-norms): [4096.0, 4098.04, 4097.3]
exp034-n4096-k20-d200-bs50-f1.000-r00:032006.422: log(norms):     [4098.83, 4098.99, 4099.07, 4099.07, 4099.23, 4099.07, 4099.04, 4099.22, 4099.36, 4099.36]
exp034-n4096-k20-d200-bs50-f1.000-r00:032006.458: (580 sec)
exp034-n4096-k20-d200-bs50-f1.000-r00:032006.458: Loop 40/100
exp034-n4096-k20-d200-bs50-f1.000-r00:032625.080: log(exp-norms): [4096.0, 4098.04, 4097.3]
exp034-n4096-k20-d200-bs50-f1.000-r00:032625.081: log(norms):     [4098.83, 4098.99, 4099.07, 4099.07, 4099.23, 4099.07, 4099.04, 4099.25, 4099.23, 4099.22]
exp034-n4096-k20-d200-bs50-f1.000-r00:032625.103: (619 sec)
exp034-n4096-k20-d200-bs50-f1.000-r00:032625.103: Loop 41/100
exp034-n4096-k20-d200-bs50-f1.000-r00:033214.358: log(exp-norms): [4096.0, 4098.04, 4097.3]
exp034-n4096-k20-d200-bs50-f1.000-r00:033214.359: log(norms):     [4098.83, 4098.99, 4099.07, 4099.07, 4099.23, 4099.07, 4099.04, 4099.25, 4099.18, 4099.23]
exp034-n4096-k20-d200-bs50-f1.000-r00:033214.380: (590 sec)
exp034-n4096-k20-d200-bs50-f1.000-r00:033214.380: Loop 42/100
exp034-n4096-k20-d200-bs50-f1.000-r00:033826.287: log(exp-norms): [4096.0, 4098.04, 4097.3]
exp034-n4096-k20-d200-bs50-f1.000-r00:033826.287: log(norms):     [4098.83, 4098.99, 4099.07, 4099.07, 4099.23, 4099.18, 4099.07, 4099.04, 4099.25, 4099.23]
exp034-n4096-k20-d200-bs50-f1.000-r00:033826.323: (612 sec)
exp034-n4096-k20-d200-bs50-f1.000-r00:033826.324: Loop 43/100
exp034-n4096-k20-d200-bs50-f1.000-r00:034365.822: log(exp-norms): [4096.0, 4098.04, 4097.3]
exp034-n4096-k20-d200-bs50-f1.000-r00:034365.823: log(norms):     [4098.83, 4098.99, 4099.07, 4099.07, 4099.23, 4099.18, 4099.1, 4099.07, 4099.04, 4099.2]
exp034-n4096-k20-d200-bs50-f1.000-r00:034365.845: (540 sec)
exp034-n4096-k20-d200-bs50-f1.000-r00:034365.845: Loop 44/100
exp034-n4096-k20-d200-bs50-f1.000-r00:034830.467: log(exp-norms): [4096.0, 4098.04, 4097.3]
exp034-n4096-k20-d200-bs50-f1.000-r00:034830.467: log(norms):     [4098.83, 4098.99, 4099.07, 4099.1, 4099.04, 4099.25, 4099.07, 4099.07, 4099.23, 4099.24]
exp034-n4096-k20-d200-bs50-f1.000-r00:034830.488: (465 sec)
exp034-n4096-k20-d200-bs50-f1.000-r00:034830.488: Loop 45/100
exp034-n4096-k20-d200-bs50-f1.000-r00:035280.018: log(exp-norms): [4096.0, 4098.04, 4097.3]
exp034-n4096-k20-d200-bs50-f1.000-r00:035280.019: log(norms):     [4098.83, 4098.99, 4099.07, 4099.1, 4099.04, 4099.25, 4099.07, 4099.07, 4099.23, 4099.24]
exp034-n4096-k20-d200-bs50-f1.000-r00:035280.040: (450 sec)
exp034-n4096-k20-d200-bs50-f1.000-r00:035280.040: Loop 46/100
exp034-n4096-k20-d200-bs50-f1.000-r00:035724.452: log(exp-norms): [4096.0, 4098.04, 4097.3]
exp034-n4096-k20-d200-bs50-f1.000-r00:035724.452: log(norms):     [4098.83, 4098.99, 4099.07, 4099.0, 4099.07, 4099.23, 4099.24, 4099.1, 4099.07, 4099.04]
exp034-n4096-k20-d200-bs50-f1.000-r00:035724.473: (445 sec)
exp034-n4096-k20-d200-bs50-f1.000-r00:035724.473: Loop 47/100
exp034-n4096-k20-d200-bs50-f1.000-r00:036159.500: log(exp-norms): [4096.0, 4098.04, 4097.3]
exp034-n4096-k20-d200-bs50-f1.000-r00:036159.501: log(norms):     [4098.83, 4098.99, 4099.07, 4099.0, 4099.07, 4099.23, 4099.24, 4099.1, 4099.07, 4099.04]
exp034-n4096-k20-d200-bs50-f1.000-r00:036159.522: (436 sec)
exp034-n4096-k20-d200-bs50-f1.000-r00:036159.522: Loop 48/100
exp034-n4096-k20-d200-bs50-f1.000-r00:036583.824: log(exp-norms): [4096.0, 4098.04, 4097.3]
exp034-n4096-k20-d200-bs50-f1.000-r00:036583.824: log(norms):     [4098.83, 4098.99, 4099.07, 4099.0, 4099.07, 4099.23, 4099.24, 4099.1, 4099.07, 4099.04]
exp034-n4096-k20-d200-bs50-f1.000-r00:036583.845: (425 sec)
exp034-n4096-k20-d200-bs50-f1.000-r00:036583.846: Loop 49/100
exp034-n4096-k20-d200-bs50-f1.000-r00:037014.800: log(exp-norms): [4096.0, 4098.04, 4097.3]
exp034-n4096-k20-d200-bs50-f1.000-r00:037014.801: log(norms):     [4098.83, 4098.99, 4099.07, 4099.0, 4099.07, 4099.23, 4099.24, 4099.1, 4099.07, 4099.04]
exp034-n4096-k20-d200-bs50-f1.000-r00:037014.821: (431 sec)
exp034-n4096-k20-d200-bs50-f1.000-r00:037014.822: Loop 50/100
exp034-n4096-k20-d200-bs50-f1.000-r00:037443.682: log(exp-norms): [4096.0, 4098.04, 4097.3]
exp034-n4096-k20-d200-bs50-f1.000-r00:037443.683: log(norms):     [4098.83, 4098.99, 4099.07, 4099.0, 4099.07, 4099.23, 4099.24, 4099.1, 4099.07, 4099.28]
exp034-n4096-k20-d200-bs50-f1.000-r00:037443.704: (429 sec)
exp034-n4096-k20-d200-bs50-f1.000-r00:037443.704: Loop 51/100
exp034-n4096-k20-d200-bs50-f1.000-r00:037867.059: log(exp-norms): [4096.0, 4098.04, 4097.3]
exp034-n4096-k20-d200-bs50-f1.000-r00:037867.060: log(norms):     [4098.83, 4098.99, 4099.07, 4099.0, 4099.07, 4099.23, 4099.24, 4099.1, 4099.07, 4099.28]
exp034-n4096-k20-d200-bs50-f1.000-r00:037867.082: (424 sec)
exp034-n4096-k20-d200-bs50-f1.000-r00:037867.082: Loop 52/100
exp034-n4096-k20-d200-bs50-f1.000-r00:038294.789: log(exp-norms): [4096.0, 4098.04, 4097.3]
exp034-n4096-k20-d200-bs50-f1.000-r00:038294.790: log(norms):     [4098.83, 4098.97, 4098.99, 4099.07, 4099.0, 4099.07, 4099.23, 4099.07, 4099.1, 4099.24]
exp034-n4096-k20-d200-bs50-f1.000-r00:038294.811: (428 sec)
exp034-n4096-k20-d200-bs50-f1.000-r00:038294.812: Loop 53/100
exp034-n4096-k20-d200-bs50-f1.000-r00:038727.641: log(exp-norms): [4096.0, 4098.04, 4097.3]
exp034-n4096-k20-d200-bs50-f1.000-r00:038727.641: log(norms):     [4098.83, 4098.97, 4098.99, 4099.07, 4099.0, 4099.12, 4099.07, 4099.07, 4099.23, 4099.1]
exp034-n4096-k20-d200-bs50-f1.000-r00:038727.662: (433 sec)
exp034-n4096-k20-d200-bs50-f1.000-r00:038727.662: Loop 54/100
exp034-n4096-k20-d200-bs50-f1.000-r00:039124.723: log(exp-norms): [4096.0, 4098.04, 4097.3]
exp034-n4096-k20-d200-bs50-f1.000-r00:039124.724: log(norms):     [4098.83, 4098.97, 4098.99, 4099.07, 4099.0, 4099.12, 4099.09, 4099.07, 4099.1, 4099.07]
exp034-n4096-k20-d200-bs50-f1.000-r00:039124.744: (398 sec)
exp034-n4096-k20-d200-bs50-f1.000-r00:039124.745: Loop 55/100
exp034-n4096-k20-d200-bs50-f1.000-r00:039542.939: log(exp-norms): [4096.0, 4098.04, 4097.3]
exp034-n4096-k20-d200-bs50-f1.000-r00:039542.939: log(norms):     [4098.83, 4098.97, 4098.99, 4099.07, 4099.0, 4099.12, 4099.09, 4099.07, 4099.1, 4099.07]
exp034-n4096-k20-d200-bs50-f1.000-r00:039542.960: (419 sec)
exp034-n4096-k20-d200-bs50-f1.000-r00:039542.960: Loop 56/100
exp034-n4096-k20-d200-bs50-f1.000-r00:039983.219: log(exp-norms): [4096.0, 4098.04, 4097.3]
exp034-n4096-k20-d200-bs50-f1.000-r00:039983.219: log(norms):     [4098.83, 4098.97, 4099.06, 4099.07, 4099.0, 4099.07, 4099.09, 4099.1, 4099.05, 4099.07]
exp034-n4096-k20-d200-bs50-f1.000-r00:039983.241: (441 sec)
exp034-n4096-k20-d200-bs50-f1.000-r00:039983.241: Loop 57/100
exp034-n4096-k20-d200-bs50-f1.000-r00:040395.956: log(exp-norms): [4096.0, 4098.04, 4097.3]
exp034-n4096-k20-d200-bs50-f1.000-r00:040395.956: log(norms):     [4098.83, 4098.97, 4099.06, 4099.07, 4099.0, 4099.07, 4099.09, 4099.1, 4099.05, 4099.07]
exp034-n4096-k20-d200-bs50-f1.000-r00:040395.977: (413 sec)
exp034-n4096-k20-d200-bs50-f1.000-r00:040395.978: Loop 58/100
exp034-n4096-k20-d200-bs50-f1.000-r00:040829.624: log(exp-norms): [4096.0, 4098.04, 4097.3]
exp034-n4096-k20-d200-bs50-f1.000-r00:040829.625: log(norms):     [4098.83, 4098.97, 4099.06, 4099.07, 4099.0, 4099.07, 4099.09, 4099.1, 4099.05, 4099.07]
exp034-n4096-k20-d200-bs50-f1.000-r00:040829.645: (434 sec)
exp034-n4096-k20-d200-bs50-f1.000-r00:040829.645: Loop 59/100
exp034-n4096-k20-d200-bs50-f1.000-r00:041246.846: log(exp-norms): [4096.0, 4098.04, 4097.3]
exp034-n4096-k20-d200-bs50-f1.000-r00:041246.847: log(norms):     [4098.83, 4098.97, 4099.06, 4099.07, 4099.0, 4099.07, 4099.09, 4099.1, 4099.05, 4099.07]
exp034-n4096-k20-d200-bs50-f1.000-r00:041246.867: (418 sec)
exp034-n4096-k20-d200-bs50-f1.000-r00:041246.867: Loop 60/100
exp034-n4096-k20-d200-bs50-f1.000-r00:041677.348: log(exp-norms): [4096.0, 4098.04, 4097.3]
exp034-n4096-k20-d200-bs50-f1.000-r00:041677.348: log(norms):     [4098.83, 4098.97, 4099.05, 4099.09, 4099.0, 4099.07, 4099.07, 4099.1, 4099.05, 4099.07]
exp034-n4096-k20-d200-bs50-f1.000-r00:041677.368: (431 sec)
exp034-n4096-k20-d200-bs50-f1.000-r00:041677.368: Loop 61/100
exp034-n4096-k20-d200-bs50-f1.000-r00:042111.829: log(exp-norms): [4096.0, 4098.04, 4097.3]
exp034-n4096-k20-d200-bs50-f1.000-r00:042111.830: log(norms):     [4098.83, 4098.97, 4099.05, 4099.09, 4099.0, 4099.07, 4099.07, 4099.1, 4099.05, 4099.07]
exp034-n4096-k20-d200-bs50-f1.000-r00:042111.850: (435 sec)
exp034-n4096-k20-d200-bs50-f1.000-r00:042111.850: Loop 62/100
exp034-n4096-k20-d200-bs50-f1.000-r00:042537.940: log(exp-norms): [4096.0, 4098.04, 4097.3]
exp034-n4096-k20-d200-bs50-f1.000-r00:042537.940: log(norms):     [4098.83, 4098.97, 4099.05, 4099.09, 4099.25, 4099.07, 4099.0, 4099.07, 4099.27, 4099.05]
exp034-n4096-k20-d200-bs50-f1.000-r00:042537.960: (427 sec)
exp034-n4096-k20-d200-bs50-f1.000-r00:042537.960: Loop 63/100
exp034-n4096-k20-d200-bs50-f1.000-r00:042954.952: log(exp-norms): [4096.0, 4098.04, 4097.3]
exp034-n4096-k20-d200-bs50-f1.000-r00:042954.952: log(norms):     [4098.83, 4098.97, 4099.05, 4099.09, 4099.25, 4099.07, 4099.0, 4099.07, 4099.27, 4099.05]
exp034-n4096-k20-d200-bs50-f1.000-r00:042954.973: (418 sec)
exp034-n4096-k20-d200-bs50-f1.000-r00:042954.973: Loop 64/100
exp034-n4096-k20-d200-bs50-f1.000-r00:043379.052: log(exp-norms): [4096.0, 4098.04, 4097.3]
exp034-n4096-k20-d200-bs50-f1.000-r00:043379.052: log(norms):     [4098.83, 4098.97, 4099.05, 4099.09, 4099.25, 4099.07, 4099.0, 4099.07, 4099.27, 4099.05]
exp034-n4096-k20-d200-bs50-f1.000-r00:043379.073: (425 sec)
exp034-n4096-k20-d200-bs50-f1.000-r00:043379.073: Loop 65/100
exp034-n4096-k20-d200-bs50-f1.000-r00:043794.096: log(exp-norms): [4096.0, 4098.04, 4097.3]
exp034-n4096-k20-d200-bs50-f1.000-r00:043794.097: log(norms):     [4098.83, 4098.97, 4099.05, 4099.09, 4099.25, 4099.07, 4099.0, 4099.07, 4099.27, 4099.05]
exp034-n4096-k20-d200-bs50-f1.000-r00:043794.117: (416 sec)
exp034-n4096-k20-d200-bs50-f1.000-r00:043794.117: Loop 66/100
exp034-n4096-k20-d200-bs50-f1.000-r00:044232.717: log(exp-norms): [4096.0, 4098.04, 4097.3]
exp034-n4096-k20-d200-bs50-f1.000-r00:044232.718: log(norms):     [4098.83, 4098.97, 4099.05, 4099.09, 4099.25, 4099.07, 4099.0, 4099.07, 4099.27, 4099.05]
exp034-n4096-k20-d200-bs50-f1.000-r00:044232.738: (439 sec)
exp034-n4096-k20-d200-bs50-f1.000-r00:044232.738: Loop 67/100
exp034-n4096-k20-d200-bs50-f1.000-r00:044643.391: log(exp-norms): [4096.0, 4098.04, 4097.3]
exp034-n4096-k20-d200-bs50-f1.000-r00:044643.391: log(norms):     [4098.83, 4098.97, 4099.05, 4099.09, 4099.25, 4099.07, 4099.22, 4099.0, 4099.07, 4099.1]
exp034-n4096-k20-d200-bs50-f1.000-r00:044643.413: (411 sec)
exp034-n4096-k20-d200-bs50-f1.000-r00:044643.413: Loop 68/100
exp034-n4096-k20-d200-bs50-f1.000-r00:045075.844: log(exp-norms): [4096.0, 4098.04, 4097.3]
exp034-n4096-k20-d200-bs50-f1.000-r00:045075.844: log(norms):     [4098.83, 4098.97, 4099.05, 4099.09, 4099.25, 4099.07, 4099.22, 4099.0, 4099.07, 4099.1]
exp034-n4096-k20-d200-bs50-f1.000-r00:045075.864: (433 sec)
exp034-n4096-k20-d200-bs50-f1.000-r00:045075.865: Loop 69/100
exp034-n4096-k20-d200-bs50-f1.000-r00:045510.651: log(exp-norms): [4096.0, 4098.04, 4097.3]
exp034-n4096-k20-d200-bs50-f1.000-r00:045510.652: log(norms):     [4098.83, 4098.97, 4099.05, 4099.09, 4099.25, 4099.07, 4099.22, 4099.0, 4099.07, 4099.1]
exp034-n4096-k20-d200-bs50-f1.000-r00:045510.672: (435 sec)
exp034-n4096-k20-d200-bs50-f1.000-r00:045510.672: Loop 70/100
exp034-n4096-k20-d200-bs50-f1.000-r00:045921.243: log(exp-norms): [4096.0, 4098.04, 4097.3]
exp034-n4096-k20-d200-bs50-f1.000-r00:045921.243: log(norms):     [4098.83, 4098.97, 4099.05, 4099.09, 4099.25, 4099.07, 4099.22, 4099.0, 4099.07, 4099.1]
exp034-n4096-k20-d200-bs50-f1.000-r00:045921.264: (411 sec)
exp034-n4096-k20-d200-bs50-f1.000-r00:045921.265: Loop 71/100
exp034-n4096-k20-d200-bs50-f1.000-r00:046341.662: log(exp-norms): [4096.0, 4098.04, 4097.3]
exp034-n4096-k20-d200-bs50-f1.000-r00:046341.662: log(norms):     [4098.83, 4098.97, 4099.05, 4099.09, 4099.25, 4099.07, 4099.22, 4099.0, 4099.07, 4099.1]
exp034-n4096-k20-d200-bs50-f1.000-r00:046341.683: (421 sec)
exp034-n4096-k20-d200-bs50-f1.000-r00:046341.683: Loop 72/100
exp034-n4096-k20-d200-bs50-f1.000-r00:046757.173: log(exp-norms): [4096.0, 4098.04, 4097.3]
exp034-n4096-k20-d200-bs50-f1.000-r00:046757.173: log(norms):     [4098.83, 4098.97, 4099.05, 4099.09, 4099.25, 4099.07, 4099.22, 4099.0, 4099.07, 4099.1]
exp034-n4096-k20-d200-bs50-f1.000-r00:046757.194: (416 sec)
exp034-n4096-k20-d200-bs50-f1.000-r00:046757.194: Loop 73/100
exp034-n4096-k20-d200-bs50-f1.000-r00:047188.098: log(exp-norms): [4096.0, 4098.04, 4097.3]
exp034-n4096-k20-d200-bs50-f1.000-r00:047188.098: log(norms):     [4098.83, 4098.97, 4099.05, 4099.09, 4099.25, 4099.07, 4099.22, 4099.0, 4099.07, 4099.1]
exp034-n4096-k20-d200-bs50-f1.000-r00:047188.119: (431 sec)
exp034-n4096-k20-d200-bs50-f1.000-r00:047188.119: Loop 74/100
exp034-n4096-k20-d200-bs50-f1.000-r00:047619.876: log(exp-norms): [4096.0, 4098.04, 4097.3]
exp034-n4096-k20-d200-bs50-f1.000-r00:047619.877: log(norms):     [4098.83, 4098.97, 4099.05, 4099.09, 4099.25, 4099.07, 4099.22, 4099.0, 4099.07, 4099.1]
exp034-n4096-k20-d200-bs50-f1.000-r00:047619.897: (432 sec)
exp034-n4096-k20-d200-bs50-f1.000-r00:047619.897: Loop 75/100
exp034-n4096-k20-d200-bs50-f1.000-r00:048039.644: log(exp-norms): [4096.0, 4098.04, 4097.3]
exp034-n4096-k20-d200-bs50-f1.000-r00:048039.644: log(norms):     [4098.83, 4098.97, 4099.05, 4099.09, 4099.25, 4099.07, 4099.22, 4099.0, 4099.07, 4099.1]
exp034-n4096-k20-d200-bs50-f1.000-r00:048039.664: (420 sec)
exp034-n4096-k20-d200-bs50-f1.000-r00:048039.664: Loop 76/100
exp034-n4096-k20-d200-bs50-f1.000-r00:048462.357: log(exp-norms): [4096.0, 4098.04, 4097.3]
exp034-n4096-k20-d200-bs50-f1.000-r00:048462.357: log(norms):     [4098.83, 4098.97, 4099.05, 4099.09, 4099.25, 4099.07, 4099.22, 4099.0, 4099.07, 4099.1]
exp034-n4096-k20-d200-bs50-f1.000-r00:048462.378: (423 sec)
exp034-n4096-k20-d200-bs50-f1.000-r00:048462.378: Loop 77/100
exp034-n4096-k20-d200-bs50-f1.000-r00:048898.620: log(exp-norms): [4096.0, 4098.04, 4097.3]
exp034-n4096-k20-d200-bs50-f1.000-r00:048898.621: log(norms):     [4098.83, 4098.97, 4099.05, 4099.09, 4099.25, 4099.07, 4099.22, 4099.0, 4099.07, 4099.1]
exp034-n4096-k20-d200-bs50-f1.000-r00:048898.641: (437 sec)
exp034-n4096-k20-d200-bs50-f1.000-r00:048898.641: Loop 78/100
exp034-n4096-k20-d200-bs50-f1.000-r00:049311.431: log(exp-norms): [4096.0, 4098.04, 4097.3]
exp034-n4096-k20-d200-bs50-f1.000-r00:049311.431: log(norms):     [4098.83, 4098.97, 4099.05, 4099.05, 4099.09, 4099.09, 4099.22, 4099.05, 4099.24, 4099.32]
exp034-n4096-k20-d200-bs50-f1.000-r00:049311.452: (413 sec)
exp034-n4096-k20-d200-bs50-f1.000-r00:049311.452: Loop 79/100
exp034-n4096-k20-d200-bs50-f1.000-r00:049688.543: log(exp-norms): [4096.0, 4098.04, 4097.3]
exp034-n4096-k20-d200-bs50-f1.000-r00:049688.544: log(norms):     [4098.83, 4098.97, 4099.05, 4099.07, 4099.05, 4099.09, 4099.09, 4099.22, 4099.0, 4099.05]
exp034-n4096-k20-d200-bs50-f1.000-r00:049688.564: (378 sec)
exp034-n4096-k20-d200-bs50-f1.000-r00:049688.564: Loop 80/100
exp034-n4096-k20-d200-bs50-f1.000-r00:050108.516: log(exp-norms): [4096.0, 4098.04, 4097.3]
exp034-n4096-k20-d200-bs50-f1.000-r00:050108.516: log(norms):     [4098.83, 4098.97, 4099.05, 4099.07, 4099.05, 4099.09, 4099.09, 4099.22, 4099.0, 4099.05]
exp034-n4096-k20-d200-bs50-f1.000-r00:050108.537: (420 sec)
exp034-n4096-k20-d200-bs50-f1.000-r00:050108.537: Loop 81/100
exp034-n4096-k20-d200-bs50-f1.000-r00:050540.442: log(exp-norms): [4096.0, 4098.04, 4097.3]
exp034-n4096-k20-d200-bs50-f1.000-r00:050540.442: log(norms):     [4098.83, 4098.97, 4099.05, 4099.07, 4099.05, 4099.09, 4099.09, 4099.22, 4099.0, 4099.05]
exp034-n4096-k20-d200-bs50-f1.000-r00:050540.463: (432 sec)
exp034-n4096-k20-d200-bs50-f1.000-r00:050540.463: Loop 82/100
exp034-n4096-k20-d200-bs50-f1.000-r00:050957.242: log(exp-norms): [4096.0, 4098.04, 4097.3]
exp034-n4096-k20-d200-bs50-f1.000-r00:050957.242: log(norms):     [4098.83, 4098.97, 4099.05, 4099.07, 4099.05, 4099.09, 4099.09, 4099.22, 4099.0, 4099.05]
exp034-n4096-k20-d200-bs50-f1.000-r00:050957.263: (417 sec)
exp034-n4096-k20-d200-bs50-f1.000-r00:050957.263: Loop 83/100
exp034-n4096-k20-d200-bs50-f1.000-r00:051349.422: log(exp-norms): [4096.0, 4098.04, 4097.3]
exp034-n4096-k20-d200-bs50-f1.000-r00:051349.423: log(norms):     [4098.83, 4098.97, 4099.05, 4099.07, 4099.05, 4099.09, 4099.09, 4099.22, 4099.0, 4099.05]
exp034-n4096-k20-d200-bs50-f1.000-r00:051349.444: (393 sec)
exp034-n4096-k20-d200-bs50-f1.000-r00:051349.444: Loop 84/100
exp034-n4096-k20-d200-bs50-f1.000-r00:051754.830: log(exp-norms): [4096.0, 4098.04, 4097.3]
exp034-n4096-k20-d200-bs50-f1.000-r00:051754.831: log(norms):     [4098.83, 4098.97, 4099.05, 4099.07, 4099.05, 4099.09, 4099.09, 4099.22, 4099.0, 4099.05]
exp034-n4096-k20-d200-bs50-f1.000-r00:051754.851: (406 sec)
exp034-n4096-k20-d200-bs50-f1.000-r00:051754.851: Loop 85/100
exp034-n4096-k20-d200-bs50-f1.000-r00:052168.955: log(exp-norms): [4096.0, 4098.04, 4097.3]
exp034-n4096-k20-d200-bs50-f1.000-r00:052168.955: log(norms):     [4098.83, 4098.97, 4099.05, 4099.07, 4099.05, 4099.09, 4099.09, 4099.22, 4099.0, 4099.05]
exp034-n4096-k20-d200-bs50-f1.000-r00:052168.976: (415 sec)
exp034-n4096-k20-d200-bs50-f1.000-r00:052168.976: Loop 86/100
exp034-n4096-k20-d200-bs50-f1.000-r00:052578.504: log(exp-norms): [4096.0, 4098.04, 4097.3]
exp034-n4096-k20-d200-bs50-f1.000-r00:052578.504: log(norms):     [4098.83, 4098.97, 4099.05, 4099.07, 4099.05, 4099.09, 4099.09, 4099.22, 4099.0, 4099.05]
exp034-n4096-k20-d200-bs50-f1.000-r00:052578.525: (410 sec)
exp034-n4096-k20-d200-bs50-f1.000-r00:052578.525: Loop 87/100
exp034-n4096-k20-d200-bs50-f1.000-r00:052988.252: log(exp-norms): [4096.0, 4098.04, 4097.3]
exp034-n4096-k20-d200-bs50-f1.000-r00:052988.253: log(norms):     [4098.83, 4098.97, 4099.05, 4099.07, 4099.05, 4099.09, 4099.09, 4099.22, 4099.0, 4099.05]
exp034-n4096-k20-d200-bs50-f1.000-r00:052988.273: (410 sec)
exp034-n4096-k20-d200-bs50-f1.000-r00:052988.273: Loop 88/100
exp034-n4096-k20-d200-bs50-f1.000-r00:053404.061: log(exp-norms): [4096.0, 4098.04, 4097.3]
exp034-n4096-k20-d200-bs50-f1.000-r00:053404.062: log(norms):     [4098.83, 4098.97, 4099.05, 4099.07, 4099.05, 4099.09, 4099.09, 4099.22, 4099.0, 4099.05]
exp034-n4096-k20-d200-bs50-f1.000-r00:053404.082: (416 sec)
exp034-n4096-k20-d200-bs50-f1.000-r00:053404.082: Loop 89/100
exp034-n4096-k20-d200-bs50-f1.000-r00:053811.254: log(exp-norms): [4096.0, 4098.04, 4097.3]
exp034-n4096-k20-d200-bs50-f1.000-r00:053811.254: log(norms):     [4098.83, 4098.97, 4099.05, 4099.07, 4099.05, 4099.09, 4099.09, 4099.22, 4099.0, 4099.21]
exp034-n4096-k20-d200-bs50-f1.000-r00:053811.275: (408 sec)
exp034-n4096-k20-d200-bs50-f1.000-r00:053811.275: Loop 90/100
exp034-n4096-k20-d200-bs50-f1.000-r00:054246.955: log(exp-norms): [4096.0, 4098.04, 4097.3]
exp034-n4096-k20-d200-bs50-f1.000-r00:054246.956: log(norms):     [4098.83, 4098.97, 4099.05, 4099.07, 4099.05, 4099.09, 4099.09, 4099.22, 4099.0, 4099.22]
exp034-n4096-k20-d200-bs50-f1.000-r00:054246.976: (436 sec)
exp034-n4096-k20-d200-bs50-f1.000-r00:054246.976: Loop 91/100
exp034-n4096-k20-d200-bs50-f1.000-r00:054657.330: log(exp-norms): [4096.0, 4098.04, 4097.3]
exp034-n4096-k20-d200-bs50-f1.000-r00:054657.330: log(norms):     [4098.83, 4098.97, 4099.05, 4099.07, 4099.05, 4099.09, 4099.09, 4099.22, 4099.0, 4099.22]
exp034-n4096-k20-d200-bs50-f1.000-r00:054657.351: (411 sec)
exp034-n4096-k20-d200-bs50-f1.000-r00:054657.352: Loop 92/100
exp034-n4096-k20-d200-bs50-f1.000-r00:055075.593: log(exp-norms): [4096.0, 4098.04, 4097.3]
exp034-n4096-k20-d200-bs50-f1.000-r00:055075.593: log(norms):     [4098.83, 4098.97, 4099.05, 4099.07, 4099.05, 4099.3, 4099.09, 4099.09, 4099.22, 4099.0]
exp034-n4096-k20-d200-bs50-f1.000-r00:055075.614: (419 sec)
exp034-n4096-k20-d200-bs50-f1.000-r00:055075.614: Loop 93/100
exp034-n4096-k20-d200-bs50-f1.000-r00:055481.601: log(exp-norms): [4096.0, 4098.04, 4097.3]
exp034-n4096-k20-d200-bs50-f1.000-r00:055481.602: log(norms):     [4098.83, 4098.97, 4099.05, 4099.07, 4099.05, 4099.3, 4099.09, 4099.09, 4099.22, 4099.0]
exp034-n4096-k20-d200-bs50-f1.000-r00:055481.622: (407 sec)
exp034-n4096-k20-d200-bs50-f1.000-r00:055481.622: Loop 94/100
exp034-n4096-k20-d200-bs50-f1.000-r00:055898.292: log(exp-norms): [4096.0, 4098.04, 4097.3]
exp034-n4096-k20-d200-bs50-f1.000-r00:055898.293: log(norms):     [4098.83, 4098.97, 4099.05, 4099.07, 4099.05, 4099.3, 4099.09, 4099.09, 4099.22, 4099.0]
exp034-n4096-k20-d200-bs50-f1.000-r00:055898.313: (417 sec)
exp034-n4096-k20-d200-bs50-f1.000-r00:055898.314: Loop 95/100
exp034-n4096-k20-d200-bs50-f1.000-r00:056290.742: log(exp-norms): [4096.0, 4098.04, 4097.3]
exp034-n4096-k20-d200-bs50-f1.000-r00:056290.743: log(norms):     [4098.83, 4098.97, 4099.05, 4099.07, 4099.05, 4099.3, 4099.09, 4099.09, 4099.22, 4099.0]
exp034-n4096-k20-d200-bs50-f1.000-r00:056290.763: (393 sec)
exp034-n4096-k20-d200-bs50-f1.000-r00:056290.763: Loop 96/100
exp034-n4096-k20-d200-bs50-f1.000-r00:056716.060: log(exp-norms): [4096.0, 4098.04, 4097.3]
exp034-n4096-k20-d200-bs50-f1.000-r00:056716.060: log(norms):     [4098.83, 4098.97, 4099.05, 4099.07, 4099.05, 4099.3, 4099.09, 4099.09, 4099.22, 4099.21]
exp034-n4096-k20-d200-bs50-f1.000-r00:056716.081: (426 sec)
exp034-n4096-k20-d200-bs50-f1.000-r00:056716.081: Loop 97/100
exp034-n4096-k20-d200-bs50-f1.000-r00:057142.854: log(exp-norms): [4096.0, 4098.04, 4097.3]
exp034-n4096-k20-d200-bs50-f1.000-r00:057142.854: log(norms):     [4098.83, 4098.97, 4099.05, 4099.07, 4099.05, 4099.3, 4099.09, 4099.09, 4099.22, 4099.21]
exp034-n4096-k20-d200-bs50-f1.000-r00:057142.874: (427 sec)
exp034-n4096-k20-d200-bs50-f1.000-r00:057142.875: Loop 98/100
exp034-n4096-k20-d200-bs50-f1.000-r00:057570.335: log(exp-norms): [4096.0, 4098.04, 4097.3]
exp034-n4096-k20-d200-bs50-f1.000-r00:057570.336: log(norms):     [4098.83, 4098.97, 4099.05, 4099.07, 4099.05, 4099.3, 4099.09, 4099.09, 4099.22, 4099.21]
exp034-n4096-k20-d200-bs50-f1.000-r00:057570.356: (428 sec)
exp034-n4096-k20-d200-bs50-f1.000-r00:057570.356: Loop 99/100
exp034-n4096-k20-d200-bs50-f1.000-r00:057976.683: log(exp-norms): [4096.0, 4098.04, 4097.3]
exp034-n4096-k20-d200-bs50-f1.000-r00:057976.683: log(norms):     [4098.83, 4098.89, 4098.97, 4099.07, 4099.07, 4099.09, 4099.05, 4099.09, 4099.29, 4099.01]
exp034-n4096-k20-d200-bs50-f1.000-r00:057976.703: (407 sec)
exp034-n4096-k20-d200-bs50-f1.000-r00:057976.703: Loop 100/100
exp034-n4096-k20-d200-bs50-f1.000-r00:058415.542: log(exp-norms): [4096.0, 4098.04, 4097.3]
exp034-n4096-k20-d200-bs50-f1.000-r00:058415.542: log(norms):     [4098.83, 4098.89, 4098.97, 4099.07, 4099.07, 4099.09, 4099.05, 4099.09, 4099.29, 4099.01]
exp034-n4096-k20-d200-bs50-f1.000-r00:058415.562: (439 sec)
exp034-n4096-k20-d200-bs50-f1.000-r00:058415.563: ==========================Summary===========================
exp034-n4096-k20-d200-bs50-f1.000-r00:058415.563: Total time: 58415sec
exp034-n4096-k20-d200-bs50-f1.000-r00:058415.563: FAIL
exp034-n4096-k20-d200-bs50-f1.000-r00:058415.563: SUMMARY:n:4096:k:20:d:200:bs:50:t:58415:r:False
