exp020-n4096-k24-d180-bs60-f1.000-r00:000000.552: ==========================Instance==========================
exp020-n4096-k24-d180-bs60-f1.000-r00:000000.552: # of equations: 180
exp020-n4096-k24-d180-bs60-f1.000-r00:000000.559: Gap: 1.95
exp020-n4096-k24-d180-bs60-f1.000-r00:000000.574: Tau: 1.17
exp020-n4096-k24-d180-bs60-f1.000-r00:000000.574: ======================BKZ-60 reduction======================
exp020-n4096-k24-d180-bs60-f1.000-r00:000004.871: Expectedly achievable log(norm): 4100.21
exp020-n4096-k24-d180-bs60-f1.000-r00:000009.515: log(exp-norms): [4096.0, 4097.96, 4098.93]
exp020-n4096-k24-d180-bs60-f1.000-r00:000009.515: log(norms):     [4122.92, 4098.75, 4120.0, 4120.0, 4120.0, 4120.0, 4120.0, 4120.0, 4120.0, 4120.0]
exp020-n4096-k24-d180-bs60-f1.000-r00:000009.610: Loop 1/100
exp020-n4096-k24-d180-bs60-f1.000-r00:006362.506: log(exp-norms): [4096.0, 4097.96, 4098.93]
exp020-n4096-k24-d180-bs60-f1.000-r00:006362.511: log(norms):     [4098.75, 4101.84, 4101.86, 4101.95, 4102.01, 4102.19, 4102.08, 4101.98, 4102.08, 4101.99]
exp020-n4096-k24-d180-bs60-f1.000-r00:006362.545: (6353 sec)
exp020-n4096-k24-d180-bs60-f1.000-r00:006362.545: Loop 2/100
exp020-n4096-k24-d180-bs60-f1.000-r00:007699.586: log(exp-norms): [4096.0, 4097.96, 4098.93]
exp020-n4096-k24-d180-bs60-f1.000-r00:007699.587: log(norms):     [4098.75, 4101.27, 4101.41, 4101.42, 4101.42, 4101.62, 4101.54, 4101.43, 4101.44, 4101.6]
exp020-n4096-k24-d180-bs60-f1.000-r00:007699.622: (1338 sec)
exp020-n4096-k24-d180-bs60-f1.000-r00:007699.622: Loop 3/100
exp020-n4096-k24-d180-bs60-f1.000-r00:008992.944: log(exp-norms): [4096.0, 4097.96, 4098.93]
exp020-n4096-k24-d180-bs60-f1.000-r00:008992.945: log(norms):     [4096.0, 4098.75, 4100.98, 4101.0, 4101.05, 4101.1, 4101.25, 4101.05, 4101.22, 4100.99]
exp020-n4096-k24-d180-bs60-f1.000-r00:008992.979: (1294 sec)
exp020-n4096-k24-d180-bs60-f1.000-r00:008992.979: Loop 4/100
exp020-n4096-k24-d180-bs60-f1.000-r00:010197.711: log(exp-norms): [4096.0, 4097.96, 4098.93]
exp020-n4096-k24-d180-bs60-f1.000-r00:010197.712: log(norms):     [4096.0, 4098.75, 4100.65, 4100.67, 4100.77, 4100.81, 4100.8, 4100.65, 4100.94, 4100.92]
exp020-n4096-k24-d180-bs60-f1.000-r00:010197.746: (1205 sec)
exp020-n4096-k24-d180-bs60-f1.000-r00:010197.746: Loop 5/100
exp020-n4096-k24-d180-bs60-f1.000-r00:011359.660: log(exp-norms): [4096.0, 4097.96, 4098.93]
exp020-n4096-k24-d180-bs60-f1.000-r00:011359.661: log(norms):     [4096.0, 4098.75, 4100.5, 4100.58, 4100.54, 4100.5, 4100.5, 4100.53, 4100.54, 4100.64]
exp020-n4096-k24-d180-bs60-f1.000-r00:011359.695: (1162 sec)
exp020-n4096-k24-d180-bs60-f1.000-r00:011359.695: Loop 6/100
exp020-n4096-k24-d180-bs60-f1.000-r00:012480.299: log(exp-norms): [4096.0, 4097.96, 4098.93]
exp020-n4096-k24-d180-bs60-f1.000-r00:012480.300: log(norms):     [4096.0, 4098.75, 4100.37, 4100.41, 4100.44, 4100.52, 4100.59, 4100.46, 4100.49, 4100.84]
exp020-n4096-k24-d180-bs60-f1.000-r00:012480.334: (1121 sec)
exp020-n4096-k24-d180-bs60-f1.000-r00:012480.334: Loop 7/100
exp020-n4096-k24-d180-bs60-f1.000-r00:013633.593: log(exp-norms): [4096.0, 4097.96, 4098.93]
exp020-n4096-k24-d180-bs60-f1.000-r00:013633.594: log(norms):     [4096.0, 4098.75, 4100.3, 4100.33, 4100.44, 4100.5, 4100.41, 4100.51, 4100.51, 4100.43]
exp020-n4096-k24-d180-bs60-f1.000-r00:013633.628: (1154 sec)
exp020-n4096-k24-d180-bs60-f1.000-r00:013633.628: Loop 8/100
exp020-n4096-k24-d180-bs60-f1.000-r00:014814.171: log(exp-norms): [4096.0, 4097.96, 4098.93]
exp020-n4096-k24-d180-bs60-f1.000-r00:014814.171: log(norms):     [4096.0, 4098.75, 4100.27, 4100.3, 4100.28, 4100.49, 4100.61, 4100.31, 4100.38, 4100.27]
exp020-n4096-k24-d180-bs60-f1.000-r00:014814.205: (1181 sec)
exp020-n4096-k24-d180-bs60-f1.000-r00:014814.206: Loop 9/100
exp020-n4096-k24-d180-bs60-f1.000-r00:015820.242: log(exp-norms): [4096.0, 4097.96, 4098.93]
exp020-n4096-k24-d180-bs60-f1.000-r00:015820.243: log(norms):     [4096.0, 4098.75, 4100.27, 4100.3, 4100.27, 4100.28, 4100.35, 4100.21, 4100.42, 4100.59]
exp020-n4096-k24-d180-bs60-f1.000-r00:015820.276: (1007 sec)
exp020-n4096-k24-d180-bs60-f1.000-r00:015820.276: Loop 10/100
exp020-n4096-k24-d180-bs60-f1.000-r00:016824.276: log(exp-norms): [4096.0, 4097.96, 4098.93]
exp020-n4096-k24-d180-bs60-f1.000-r00:016824.276: log(norms):     [4096.0, 4098.75, 4100.21, 4100.32, 4100.24, 4100.44, 4100.3, 4100.42, 4100.52, 4100.3]
exp020-n4096-k24-d180-bs60-f1.000-r00:016824.310: (1005 sec)
exp020-n4096-k24-d180-bs60-f1.000-r00:016824.311: Loop 11/100
exp020-n4096-k24-d180-bs60-f1.000-r00:017896.056: log(exp-norms): [4096.0, 4097.96, 4098.93]
exp020-n4096-k24-d180-bs60-f1.000-r00:017896.057: log(norms):     [4096.0, 4098.75, 4100.21, 4100.21, 4100.32, 4100.24, 4100.34, 4100.34, 4100.4, 4100.43]
exp020-n4096-k24-d180-bs60-f1.000-r00:017896.091: (1072 sec)
exp020-n4096-k24-d180-bs60-f1.000-r00:017896.091: Loop 12/100
exp020-n4096-k24-d180-bs60-f1.000-r00:018837.725: log(exp-norms): [4096.0, 4097.96, 4098.93]
exp020-n4096-k24-d180-bs60-f1.000-r00:018837.726: log(norms):     [4096.0, 4098.75, 4100.21, 4100.21, 4100.32, 4100.24, 4100.44, 4100.26, 4100.34, 4100.52]
exp020-n4096-k24-d180-bs60-f1.000-r00:018837.746: (942 sec)
exp020-n4096-k24-d180-bs60-f1.000-r00:018837.746: Loop 13/100
exp020-n4096-k24-d180-bs60-f1.000-r00:019785.507: log(exp-norms): [4096.0, 4097.96, 4098.93]
exp020-n4096-k24-d180-bs60-f1.000-r00:019785.507: log(norms):     [4096.0, 4098.75, 4100.21, 4100.21, 4100.32, 4100.24, 4100.44, 4100.26, 4100.3, 4100.34]
exp020-n4096-k24-d180-bs60-f1.000-r00:019785.527: (948 sec)
exp020-n4096-k24-d180-bs60-f1.000-r00:019785.527: Loop 14/100
exp020-n4096-k24-d180-bs60-f1.000-r00:020661.400: log(exp-norms): [4096.0, 4097.96, 4098.93]
exp020-n4096-k24-d180-bs60-f1.000-r00:020661.401: log(norms):     [4096.0, 4098.75, 4100.21, 4100.31, 4100.24, 4100.21, 4100.25, 4100.32, 4100.44, 4100.42]
exp020-n4096-k24-d180-bs60-f1.000-r00:020661.421: (876 sec)
exp020-n4096-k24-d180-bs60-f1.000-r00:020661.421: Loop 15/100
exp020-n4096-k24-d180-bs60-f1.000-r00:021562.440: log(exp-norms): [4096.0, 4097.96, 4098.93]
exp020-n4096-k24-d180-bs60-f1.000-r00:021562.441: log(norms):     [4096.0, 4098.75, 4100.18, 4100.21, 4100.31, 4100.24, 4100.41, 4100.46, 4100.38, 4100.44]
exp020-n4096-k24-d180-bs60-f1.000-r00:021562.461: (902 sec)
exp020-n4096-k24-d180-bs60-f1.000-r00:021562.461: Loop 16/100
exp020-n4096-k24-d180-bs60-f1.000-r00:022319.824: log(exp-norms): [4096.0, 4097.96, 4098.93]
exp020-n4096-k24-d180-bs60-f1.000-r00:022319.825: log(norms):     [4096.0, 4098.75, 4100.18, 4100.21, 4100.31, 4100.22, 4100.24, 4100.48, 4100.4, 4100.35]
exp020-n4096-k24-d180-bs60-f1.000-r00:022319.857: (758 sec)
exp020-n4096-k24-d180-bs60-f1.000-r00:022319.858: Loop 17/100
exp020-n4096-k24-d180-bs60-f1.000-r00:023102.415: log(exp-norms): [4096.0, 4097.96, 4098.93]
exp020-n4096-k24-d180-bs60-f1.000-r00:023102.416: log(norms):     [4096.0, 4098.75, 4100.18, 4100.22, 4100.24, 4100.4, 4100.21, 4100.23, 4100.33, 4100.29]
exp020-n4096-k24-d180-bs60-f1.000-r00:023102.450: (783 sec)
exp020-n4096-k24-d180-bs60-f1.000-r00:023102.450: Loop 18/100
exp020-n4096-k24-d180-bs60-f1.000-r00:023944.897: log(exp-norms): [4096.0, 4097.96, 4098.93]
exp020-n4096-k24-d180-bs60-f1.000-r00:023944.898: log(norms):     [4096.0, 4098.75, 4100.18, 4100.21, 4100.22, 4100.24, 4100.4, 4100.23, 4100.33, 4100.39]
exp020-n4096-k24-d180-bs60-f1.000-r00:023944.931: (843 sec)
exp020-n4096-k24-d180-bs60-f1.000-r00:023944.931: Loop 19/100
exp020-n4096-k24-d180-bs60-f1.000-r00:024992.037: log(exp-norms): [4096.0, 4097.96, 4098.93]
exp020-n4096-k24-d180-bs60-f1.000-r00:024992.038: log(norms):     [4096.0, 4098.75, 4100.18, 4100.27, 4100.37, 4100.22, 4100.34, 4100.44, 4100.38, 4100.11]
exp020-n4096-k24-d180-bs60-f1.000-r00:024992.070: (1048 sec)
exp020-n4096-k24-d180-bs60-f1.000-r00:024992.070: Loop 20/100
exp020-n4096-k24-d180-bs60-f1.000-r00:025836.537: log(exp-norms): [4096.0, 4097.96, 4098.93]
exp020-n4096-k24-d180-bs60-f1.000-r00:025836.538: log(norms):     [4096.0, 4098.75, 4100.11, 4100.18, 4100.27, 4100.37, 4100.22, 4100.34, 4100.38, 4100.44]
exp020-n4096-k24-d180-bs60-f1.000-r00:025836.558: (845 sec)
exp020-n4096-k24-d180-bs60-f1.000-r00:025836.558: Loop 21/100
exp020-n4096-k24-d180-bs60-f1.000-r00:026634.577: log(exp-norms): [4096.0, 4097.96, 4098.93]
exp020-n4096-k24-d180-bs60-f1.000-r00:026634.577: log(norms):     [4096.0, 4098.75, 4100.11, 4100.18, 4100.27, 4100.37, 4100.22, 4100.29, 4100.48, 4100.34]
exp020-n4096-k24-d180-bs60-f1.000-r00:026634.597: (799 sec)
exp020-n4096-k24-d180-bs60-f1.000-r00:026634.597: Loop 22/100
exp020-n4096-k24-d180-bs60-f1.000-r00:027301.215: log(exp-norms): [4096.0, 4097.96, 4098.93]
exp020-n4096-k24-d180-bs60-f1.000-r00:027301.216: log(norms):     [4096.0, 4098.75, 4100.11, 4100.18, 4100.27, 4100.37, 4100.22, 4100.29, 4100.5, 4100.34]
exp020-n4096-k24-d180-bs60-f1.000-r00:027301.235: (667 sec)
exp020-n4096-k24-d180-bs60-f1.000-r00:027301.236: Loop 23/100
exp020-n4096-k24-d180-bs60-f1.000-r00:028080.789: log(exp-norms): [4096.0, 4097.96, 4098.93]
exp020-n4096-k24-d180-bs60-f1.000-r00:028080.790: log(norms):     [4096.0, 4098.75, 4100.11, 4100.18, 4100.27, 4100.37, 4100.22, 4100.29, 4100.5, 4100.34]
exp020-n4096-k24-d180-bs60-f1.000-r00:028080.823: (780 sec)
exp020-n4096-k24-d180-bs60-f1.000-r00:028080.823: Loop 24/100
exp020-n4096-k24-d180-bs60-f1.000-r00:028798.944: log(exp-norms): [4096.0, 4097.96, 4098.93]
exp020-n4096-k24-d180-bs60-f1.000-r00:028798.945: log(norms):     [4096.0, 4098.75, 4100.11, 4100.18, 4100.27, 4100.37, 4100.22, 4100.29, 4100.5, 4100.34]
exp020-n4096-k24-d180-bs60-f1.000-r00:028798.965: (719 sec)
exp020-n4096-k24-d180-bs60-f1.000-r00:028798.965: Loop 25/100
exp020-n4096-k24-d180-bs60-f1.000-r00:029475.324: log(exp-norms): [4096.0, 4097.96, 4098.93]
exp020-n4096-k24-d180-bs60-f1.000-r00:029475.324: log(norms):     [4096.0, 4098.75, 4100.11, 4100.18, 4100.27, 4100.36, 4100.34, 4100.37, 4100.22, 4100.44]
exp020-n4096-k24-d180-bs60-f1.000-r00:029475.345: (677 sec)
exp020-n4096-k24-d180-bs60-f1.000-r00:029475.345: Loop 26/100
exp020-n4096-k24-d180-bs60-f1.000-r00:030179.330: log(exp-norms): [4096.0, 4097.96, 4098.93]
exp020-n4096-k24-d180-bs60-f1.000-r00:030179.330: log(norms):     [4096.0, 4098.75, 4100.11, 4100.18, 4100.27, 4100.36, 4100.34, 4100.37, 4100.36, 4100.22]
exp020-n4096-k24-d180-bs60-f1.000-r00:030179.350: (705 sec)
exp020-n4096-k24-d180-bs60-f1.000-r00:030179.350: Loop 27/100
exp020-n4096-k24-d180-bs60-f1.000-r00:030856.862: log(exp-norms): [4096.0, 4097.96, 4098.93]
exp020-n4096-k24-d180-bs60-f1.000-r00:030856.862: log(norms):     [4096.0, 4098.75, 4100.11, 4100.18, 4100.27, 4100.36, 4100.36, 4100.34, 4100.37, 4100.33]
exp020-n4096-k24-d180-bs60-f1.000-r00:030856.882: (678 sec)
exp020-n4096-k24-d180-bs60-f1.000-r00:030856.882: Loop 28/100
exp020-n4096-k24-d180-bs60-f1.000-r00:031516.535: log(exp-norms): [4096.0, 4097.96, 4098.93]
exp020-n4096-k24-d180-bs60-f1.000-r00:031516.536: log(norms):     [4096.0, 4098.75, 4100.11, 4100.18, 4100.27, 4100.36, 4100.36, 4100.34, 4100.37, 4100.33]
exp020-n4096-k24-d180-bs60-f1.000-r00:031516.555: (660 sec)
exp020-n4096-k24-d180-bs60-f1.000-r00:031516.556: Loop 29/100
exp020-n4096-k24-d180-bs60-f1.000-r00:032179.225: log(exp-norms): [4096.0, 4097.96, 4098.93]
exp020-n4096-k24-d180-bs60-f1.000-r00:032179.226: log(norms):     [4096.0, 4098.75, 4100.11, 4100.18, 4100.27, 4100.36, 4100.36, 4100.34, 4100.37, 4100.33]
exp020-n4096-k24-d180-bs60-f1.000-r00:032179.246: (663 sec)
exp020-n4096-k24-d180-bs60-f1.000-r00:032179.246: Loop 30/100
exp020-n4096-k24-d180-bs60-f1.000-r00:032934.898: log(exp-norms): [4096.0, 4097.96, 4098.93]
exp020-n4096-k24-d180-bs60-f1.000-r00:032934.898: log(norms):     [4096.0, 4098.75, 4100.11, 4100.18, 4100.27, 4100.36, 4100.36, 4100.25, 4100.34, 4100.37]
exp020-n4096-k24-d180-bs60-f1.000-r00:032934.918: (756 sec)
exp020-n4096-k24-d180-bs60-f1.000-r00:032934.919: Loop 31/100
exp020-n4096-k24-d180-bs60-f1.000-r00:033609.856: log(exp-norms): [4096.0, 4097.96, 4098.93]
exp020-n4096-k24-d180-bs60-f1.000-r00:033609.857: log(norms):     [4096.0, 4098.75, 4100.11, 4100.18, 4100.27, 4100.36, 4100.32, 4100.34, 4100.37, 4100.33]
exp020-n4096-k24-d180-bs60-f1.000-r00:033609.876: (675 sec)
exp020-n4096-k24-d180-bs60-f1.000-r00:033609.877: Loop 32/100
exp020-n4096-k24-d180-bs60-f1.000-r00:034280.646: log(exp-norms): [4096.0, 4097.96, 4098.93]
exp020-n4096-k24-d180-bs60-f1.000-r00:034280.646: log(norms):     [4096.0, 4098.75, 4100.11, 4100.22, 4100.18, 4100.27, 4100.47, 4100.36, 4100.48, 4100.34]
exp020-n4096-k24-d180-bs60-f1.000-r00:034280.666: (671 sec)
exp020-n4096-k24-d180-bs60-f1.000-r00:034280.666: Loop 33/100
exp020-n4096-k24-d180-bs60-f1.000-r00:034934.523: log(exp-norms): [4096.0, 4097.96, 4098.93]
exp020-n4096-k24-d180-bs60-f1.000-r00:034934.524: log(norms):     [4096.0, 4098.75, 4100.11, 4100.22, 4100.18, 4100.27, 4100.47, 4100.36, 4100.48, 4100.34]
exp020-n4096-k24-d180-bs60-f1.000-r00:034934.543: (654 sec)
exp020-n4096-k24-d180-bs60-f1.000-r00:034934.543: Loop 34/100
exp020-n4096-k24-d180-bs60-f1.000-r00:035598.024: log(exp-norms): [4096.0, 4097.96, 4098.93]
exp020-n4096-k24-d180-bs60-f1.000-r00:035598.025: log(norms):     [4096.0, 4098.75, 4100.11, 4100.22, 4100.25, 4100.18, 4100.27, 4100.47, 4100.48, 4100.36]
exp020-n4096-k24-d180-bs60-f1.000-r00:035598.044: (664 sec)
exp020-n4096-k24-d180-bs60-f1.000-r00:035598.045: Loop 35/100
exp020-n4096-k24-d180-bs60-f1.000-r00:036243.199: log(exp-norms): [4096.0, 4097.96, 4098.93]
exp020-n4096-k24-d180-bs60-f1.000-r00:036243.199: log(norms):     [4096.0, 4098.75, 4100.11, 4100.22, 4100.25, 4100.18, 4100.27, 4100.47, 4100.48, 4100.29]
exp020-n4096-k24-d180-bs60-f1.000-r00:036243.218: (646 sec)
exp020-n4096-k24-d180-bs60-f1.000-r00:036243.219: Loop 36/100
exp020-n4096-k24-d180-bs60-f1.000-r00:036891.607: log(exp-norms): [4096.0, 4097.96, 4098.93]
exp020-n4096-k24-d180-bs60-f1.000-r00:036891.608: log(norms):     [4096.0, 4098.75, 4100.11, 4100.22, 4100.25, 4100.18, 4100.27, 4100.47, 4100.48, 4100.29]
exp020-n4096-k24-d180-bs60-f1.000-r00:036891.627: (649 sec)
exp020-n4096-k24-d180-bs60-f1.000-r00:036891.627: Loop 37/100
exp020-n4096-k24-d180-bs60-f1.000-r00:037647.680: log(exp-norms): [4096.0, 4097.96, 4098.93]
exp020-n4096-k24-d180-bs60-f1.000-r00:037647.681: log(norms):     [4096.0, 4098.75, 4100.11, 4100.22, 4100.25, 4100.18, 4100.27, 4100.47, 4100.48, 4100.29]
exp020-n4096-k24-d180-bs60-f1.000-r00:037647.700: (757 sec)
exp020-n4096-k24-d180-bs60-f1.000-r00:037647.700: Loop 38/100
exp020-n4096-k24-d180-bs60-f1.000-r00:038296.586: log(exp-norms): [4096.0, 4097.96, 4098.93]
exp020-n4096-k24-d180-bs60-f1.000-r00:038296.587: log(norms):     [4096.0, 4098.75, 4100.11, 4100.22, 4100.25, 4100.18, 4100.27, 4100.27, 4100.33, 4100.48]
exp020-n4096-k24-d180-bs60-f1.000-r00:038296.606: (649 sec)
exp020-n4096-k24-d180-bs60-f1.000-r00:038296.606: Loop 39/100
exp020-n4096-k24-d180-bs60-f1.000-r00:038942.013: log(exp-norms): [4096.0, 4097.96, 4098.93]
exp020-n4096-k24-d180-bs60-f1.000-r00:038942.013: log(norms):     [4096.0, 4098.75, 4100.11, 4100.22, 4100.25, 4100.18, 4100.27, 4100.27, 4100.33, 4100.48]
exp020-n4096-k24-d180-bs60-f1.000-r00:038942.032: (646 sec)
exp020-n4096-k24-d180-bs60-f1.000-r00:038942.033: Loop 40/100
exp020-n4096-k24-d180-bs60-f1.000-r00:039569.470: log(exp-norms): [4096.0, 4097.96, 4098.93]
exp020-n4096-k24-d180-bs60-f1.000-r00:039569.470: log(norms):     [4096.0, 4098.75, 4100.11, 4100.22, 4100.25, 4100.18, 4100.24, 4100.48, 4100.47, 4100.27]
exp020-n4096-k24-d180-bs60-f1.000-r00:039569.489: (628 sec)
exp020-n4096-k24-d180-bs60-f1.000-r00:039569.489: Loop 41/100
exp020-n4096-k24-d180-bs60-f1.000-r00:040207.104: log(exp-norms): [4096.0, 4097.96, 4098.93]
exp020-n4096-k24-d180-bs60-f1.000-r00:040207.105: log(norms):     [4096.0, 4098.75, 4100.11, 4100.22, 4100.25, 4100.18, 4100.24, 4100.48, 4100.47, 4100.27]
exp020-n4096-k24-d180-bs60-f1.000-r00:040207.123: (638 sec)
exp020-n4096-k24-d180-bs60-f1.000-r00:040207.123: Loop 42/100
exp020-n4096-k24-d180-bs60-f1.000-r00:040839.476: log(exp-norms): [4096.0, 4097.96, 4098.93]
exp020-n4096-k24-d180-bs60-f1.000-r00:040839.476: log(norms):     [4096.0, 4098.75, 4100.11, 4100.25, 4100.22, 4100.25, 4100.18, 4100.24, 4100.48, 4100.33]
exp020-n4096-k24-d180-bs60-f1.000-r00:040839.495: (633 sec)
exp020-n4096-k24-d180-bs60-f1.000-r00:040839.495: Loop 43/100
exp020-n4096-k24-d180-bs60-f1.000-r00:041471.175: log(exp-norms): [4096.0, 4097.96, 4098.93]
exp020-n4096-k24-d180-bs60-f1.000-r00:041471.176: log(norms):     [4096.0, 4098.75, 4100.11, 4100.25, 4100.23, 4100.22, 4100.25, 4100.18, 4100.24, 4100.48]
exp020-n4096-k24-d180-bs60-f1.000-r00:041471.195: (632 sec)
exp020-n4096-k24-d180-bs60-f1.000-r00:041471.195: Loop 44/100
exp020-n4096-k24-d180-bs60-f1.000-r00:042097.784: log(exp-norms): [4096.0, 4097.96, 4098.93]
exp020-n4096-k24-d180-bs60-f1.000-r00:042097.784: log(norms):     [4096.0, 4098.75, 4100.11, 4100.25, 4100.23, 4100.22, 4100.25, 4100.18, 4100.24, 4100.48]
exp020-n4096-k24-d180-bs60-f1.000-r00:042097.803: (627 sec)
exp020-n4096-k24-d180-bs60-f1.000-r00:042097.803: Loop 45/100
exp020-n4096-k24-d180-bs60-f1.000-r00:042702.927: log(exp-norms): [4096.0, 4097.96, 4098.93]
exp020-n4096-k24-d180-bs60-f1.000-r00:042702.927: log(norms):     [4096.0, 4098.75, 4100.11, 4100.25, 4100.23, 4100.22, 4100.25, 4100.18, 4100.24, 4100.48]
exp020-n4096-k24-d180-bs60-f1.000-r00:042702.946: (606 sec)
exp020-n4096-k24-d180-bs60-f1.000-r00:042702.946: Loop 46/100
exp020-n4096-k24-d180-bs60-f1.000-r00:043355.638: log(exp-norms): [4096.0, 4097.96, 4098.93]
exp020-n4096-k24-d180-bs60-f1.000-r00:043355.638: log(norms):     [4096.0, 4098.75, 4100.11, 4100.25, 4100.23, 4100.18, 4100.22, 4100.18, 4100.25, 4100.24]
exp020-n4096-k24-d180-bs60-f1.000-r00:043355.657: (653 sec)
exp020-n4096-k24-d180-bs60-f1.000-r00:043355.657: Loop 47/100
exp020-n4096-k24-d180-bs60-f1.000-r00:044021.072: log(exp-norms): [4096.0, 4097.96, 4098.93]
exp020-n4096-k24-d180-bs60-f1.000-r00:044021.073: log(norms):     [4096.0, 4098.75, 4100.11, 4100.25, 4100.23, 4100.18, 4100.22, 4100.18, 4100.25, 4100.24]
exp020-n4096-k24-d180-bs60-f1.000-r00:044021.092: (666 sec)
exp020-n4096-k24-d180-bs60-f1.000-r00:044021.092: Loop 48/100
exp020-n4096-k24-d180-bs60-f1.000-r00:044647.835: log(exp-norms): [4096.0, 4097.96, 4098.93]
exp020-n4096-k24-d180-bs60-f1.000-r00:044647.835: log(norms):     [4096.0, 4098.75, 4100.11, 4100.25, 4100.23, 4100.18, 4100.22, 4100.18, 4100.25, 4100.24]
exp020-n4096-k24-d180-bs60-f1.000-r00:044647.854: (627 sec)
exp020-n4096-k24-d180-bs60-f1.000-r00:044647.854: Loop 49/100
exp020-n4096-k24-d180-bs60-f1.000-r00:045293.361: log(exp-norms): [4096.0, 4097.96, 4098.93]
exp020-n4096-k24-d180-bs60-f1.000-r00:045293.362: log(norms):     [4096.0, 4098.75, 4100.11, 4100.25, 4100.23, 4100.18, 4100.18, 4100.22, 4100.18, 4100.48]
exp020-n4096-k24-d180-bs60-f1.000-r00:045293.380: (646 sec)
exp020-n4096-k24-d180-bs60-f1.000-r00:045293.380: Loop 50/100
exp020-n4096-k24-d180-bs60-f1.000-r00:045949.054: log(exp-norms): [4096.0, 4097.96, 4098.93]
exp020-n4096-k24-d180-bs60-f1.000-r00:045949.054: log(norms):     [4096.0, 4098.75, 4100.11, 4100.25, 4100.23, 4100.16, 4100.18, 4100.18, 4100.42, 4100.22]
exp020-n4096-k24-d180-bs60-f1.000-r00:045949.072: (656 sec)
exp020-n4096-k24-d180-bs60-f1.000-r00:045949.073: Loop 51/100
exp020-n4096-k24-d180-bs60-f1.000-r00:046577.132: log(exp-norms): [4096.0, 4097.96, 4098.93]
exp020-n4096-k24-d180-bs60-f1.000-r00:046577.133: log(norms):     [4096.0, 4098.75, 4100.11, 4100.16, 4100.25, 4100.33, 4100.18, 4100.18, 4100.42, 4100.38]
exp020-n4096-k24-d180-bs60-f1.000-r00:046577.151: (629 sec)
exp020-n4096-k24-d180-bs60-f1.000-r00:046577.152: Loop 52/100
exp020-n4096-k24-d180-bs60-f1.000-r00:047216.031: log(exp-norms): [4096.0, 4097.96, 4098.93]
exp020-n4096-k24-d180-bs60-f1.000-r00:047216.031: log(norms):     [4096.0, 4098.75, 4100.11, 4100.16, 4100.25, 4100.33, 4100.18, 4100.3, 4100.38, 4100.4]
exp020-n4096-k24-d180-bs60-f1.000-r00:047216.049: (639 sec)
exp020-n4096-k24-d180-bs60-f1.000-r00:047216.050: Loop 53/100
exp020-n4096-k24-d180-bs60-f1.000-r00:047851.746: log(exp-norms): [4096.0, 4097.96, 4098.93]
exp020-n4096-k24-d180-bs60-f1.000-r00:047851.746: log(norms):     [4096.0, 4098.75, 4100.11, 4100.16, 4100.25, 4100.33, 4100.25, 4100.18, 4100.3, 4100.38]
exp020-n4096-k24-d180-bs60-f1.000-r00:047851.765: (636 sec)
exp020-n4096-k24-d180-bs60-f1.000-r00:047851.765: Loop 54/100
exp020-n4096-k24-d180-bs60-f1.000-r00:048498.509: log(exp-norms): [4096.0, 4097.96, 4098.93]
exp020-n4096-k24-d180-bs60-f1.000-r00:048498.510: log(norms):     [4096.0, 4098.75, 4100.11, 4100.16, 4100.25, 4100.33, 4100.25, 4100.18, 4100.36, 4100.26]
exp020-n4096-k24-d180-bs60-f1.000-r00:048498.528: (647 sec)
exp020-n4096-k24-d180-bs60-f1.000-r00:048498.529: Loop 55/100
exp020-n4096-k24-d180-bs60-f1.000-r00:049115.373: log(exp-norms): [4096.0, 4097.96, 4098.93]
exp020-n4096-k24-d180-bs60-f1.000-r00:049115.374: log(norms):     [4096.0, 4098.75, 4100.11, 4100.16, 4100.25, 4100.33, 4100.25, 4100.18, 4100.36, 4100.26]
exp020-n4096-k24-d180-bs60-f1.000-r00:049115.392: (617 sec)
exp020-n4096-k24-d180-bs60-f1.000-r00:049115.392: Loop 56/100
exp020-n4096-k24-d180-bs60-f1.000-r00:049736.787: log(exp-norms): [4096.0, 4097.96, 4098.93]
exp020-n4096-k24-d180-bs60-f1.000-r00:049736.787: log(norms):     [4096.0, 4098.75, 4100.11, 4100.16, 4100.25, 4100.33, 4100.25, 4100.18, 4100.36, 4100.56]
exp020-n4096-k24-d180-bs60-f1.000-r00:049736.806: (622 sec)
exp020-n4096-k24-d180-bs60-f1.000-r00:049736.806: Loop 57/100
exp020-n4096-k24-d180-bs60-f1.000-r00:050362.976: log(exp-norms): [4096.0, 4097.96, 4098.93]
exp020-n4096-k24-d180-bs60-f1.000-r00:050362.976: log(norms):     [4096.0, 4098.75, 4100.11, 4100.16, 4100.25, 4100.33, 4100.25, 4100.18, 4100.36, 4100.56]
exp020-n4096-k24-d180-bs60-f1.000-r00:050362.995: (627 sec)
exp020-n4096-k24-d180-bs60-f1.000-r00:050362.995: Loop 58/100
exp020-n4096-k24-d180-bs60-f1.000-r00:050992.965: log(exp-norms): [4096.0, 4097.96, 4098.93]
exp020-n4096-k24-d180-bs60-f1.000-r00:050992.966: log(norms):     [4096.0, 4098.75, 4100.11, 4100.16, 4100.25, 4100.33, 4100.25, 4100.18, 4100.36, 4100.56]
exp020-n4096-k24-d180-bs60-f1.000-r00:050992.984: (630 sec)
exp020-n4096-k24-d180-bs60-f1.000-r00:050992.984: Loop 59/100
exp020-n4096-k24-d180-bs60-f1.000-r00:051615.353: log(exp-norms): [4096.0, 4097.96, 4098.93]
exp020-n4096-k24-d180-bs60-f1.000-r00:051615.354: log(norms):     [4096.0, 4098.75, 4100.11, 4100.16, 4100.25, 4100.33, 4100.25, 4100.18, 4100.36, 4100.56]
exp020-n4096-k24-d180-bs60-f1.000-r00:051615.373: (623 sec)
exp020-n4096-k24-d180-bs60-f1.000-r00:051615.373: Loop 60/100
exp020-n4096-k24-d180-bs60-f1.000-r00:052219.733: log(exp-norms): [4096.0, 4097.96, 4098.93]
exp020-n4096-k24-d180-bs60-f1.000-r00:052219.734: log(norms):     [4096.0, 4098.75, 4100.11, 4100.16, 4100.25, 4100.33, 4100.25, 4100.18, 4100.36, 4100.56]
exp020-n4096-k24-d180-bs60-f1.000-r00:052219.752: (605 sec)
exp020-n4096-k24-d180-bs60-f1.000-r00:052219.752: Loop 61/100
exp020-n4096-k24-d180-bs60-f1.000-r00:052841.943: log(exp-norms): [4096.0, 4097.96, 4098.93]
exp020-n4096-k24-d180-bs60-f1.000-r00:052841.944: log(norms):     [4096.0, 4098.75, 4100.11, 4100.16, 4100.25, 4100.33, 4100.25, 4100.18, 4100.36, 4100.34]
exp020-n4096-k24-d180-bs60-f1.000-r00:052841.962: (623 sec)
exp020-n4096-k24-d180-bs60-f1.000-r00:052841.962: Loop 62/100
exp020-n4096-k24-d180-bs60-f1.000-r00:053460.458: log(exp-norms): [4096.0, 4097.96, 4098.93]
exp020-n4096-k24-d180-bs60-f1.000-r00:053460.458: log(norms):     [4096.0, 4098.75, 4100.11, 4100.16, 4100.25, 4100.16, 4100.33, 4100.36, 4100.25, 4100.18]
exp020-n4096-k24-d180-bs60-f1.000-r00:053460.477: (619 sec)
exp020-n4096-k24-d180-bs60-f1.000-r00:053460.477: Loop 63/100
exp020-n4096-k24-d180-bs60-f1.000-r00:054119.876: log(exp-norms): [4096.0, 4097.96, 4098.93]
exp020-n4096-k24-d180-bs60-f1.000-r00:054119.876: log(norms):     [4096.0, 4098.75, 4100.11, 4100.16, 4100.25, 4100.16, 4100.34, 4100.33, 4100.36, 4100.25]
exp020-n4096-k24-d180-bs60-f1.000-r00:054119.895: (660 sec)
exp020-n4096-k24-d180-bs60-f1.000-r00:054119.895: Loop 64/100
exp020-n4096-k24-d180-bs60-f1.000-r00:054733.652: log(exp-norms): [4096.0, 4097.96, 4098.93]
exp020-n4096-k24-d180-bs60-f1.000-r00:054733.653: log(norms):     [4096.0, 4098.75, 4100.11, 4100.16, 4100.25, 4100.16, 4100.34, 4100.33, 4100.36, 4100.25]
exp020-n4096-k24-d180-bs60-f1.000-r00:054733.671: (614 sec)
exp020-n4096-k24-d180-bs60-f1.000-r00:054733.672: Loop 65/100
exp020-n4096-k24-d180-bs60-f1.000-r00:055351.049: log(exp-norms): [4096.0, 4097.96, 4098.93]
exp020-n4096-k24-d180-bs60-f1.000-r00:055351.049: log(norms):     [4096.0, 4098.75, 4100.11, 4100.16, 4100.25, 4100.16, 4100.34, 4100.33, 4100.36, 4100.25]
exp020-n4096-k24-d180-bs60-f1.000-r00:055351.068: (618 sec)
exp020-n4096-k24-d180-bs60-f1.000-r00:055351.068: Loop 66/100
exp020-n4096-k24-d180-bs60-f1.000-r00:055997.142: log(exp-norms): [4096.0, 4097.96, 4098.93]
exp020-n4096-k24-d180-bs60-f1.000-r00:055997.143: log(norms):     [4096.0, 4098.75, 4100.11, 4100.16, 4100.25, 4100.16, 4100.34, 4100.33, 4100.36, 4100.25]
exp020-n4096-k24-d180-bs60-f1.000-r00:055997.161: (647 sec)
exp020-n4096-k24-d180-bs60-f1.000-r00:055997.161: Loop 67/100
exp020-n4096-k24-d180-bs60-f1.000-r00:056579.506: log(exp-norms): [4096.0, 4097.96, 4098.93]
exp020-n4096-k24-d180-bs60-f1.000-r00:056579.506: log(norms):     [4096.0, 4098.75, 4100.11, 4100.16, 4100.25, 4100.16, 4100.34, 4100.32, 4100.33, 4100.25]
exp020-n4096-k24-d180-bs60-f1.000-r00:056579.525: (583 sec)
exp020-n4096-k24-d180-bs60-f1.000-r00:056579.525: Loop 68/100
exp020-n4096-k24-d180-bs60-f1.000-r00:057190.063: log(exp-norms): [4096.0, 4097.96, 4098.93]
exp020-n4096-k24-d180-bs60-f1.000-r00:057190.063: log(norms):     [4096.0, 4098.75, 4100.11, 4100.16, 4100.25, 4100.16, 4100.34, 4100.32, 4100.33, 4100.25]
exp020-n4096-k24-d180-bs60-f1.000-r00:057190.081: (611 sec)
exp020-n4096-k24-d180-bs60-f1.000-r00:057190.082: Loop 69/100
exp020-n4096-k24-d180-bs60-f1.000-r00:057815.809: log(exp-norms): [4096.0, 4097.96, 4098.93]
exp020-n4096-k24-d180-bs60-f1.000-r00:057815.810: log(norms):     [4096.0, 4098.75, 4100.11, 4100.16, 4100.25, 4100.16, 4100.34, 4100.32, 4100.33, 4100.25]
exp020-n4096-k24-d180-bs60-f1.000-r00:057815.828: (626 sec)
exp020-n4096-k24-d180-bs60-f1.000-r00:057815.828: Loop 70/100
exp020-n4096-k24-d180-bs60-f1.000-r00:058427.113: log(exp-norms): [4096.0, 4097.96, 4098.93]
exp020-n4096-k24-d180-bs60-f1.000-r00:058427.113: log(norms):     [4096.0, 4098.75, 4100.11, 4100.16, 4100.25, 4100.16, 4100.34, 4100.32, 4100.33, 4100.25]
exp020-n4096-k24-d180-bs60-f1.000-r00:058427.132: (612 sec)
exp020-n4096-k24-d180-bs60-f1.000-r00:058427.132: Loop 71/100
exp020-n4096-k24-d180-bs60-f1.000-r00:059047.514: log(exp-norms): [4096.0, 4097.96, 4098.93]
exp020-n4096-k24-d180-bs60-f1.000-r00:059047.515: log(norms):     [4096.0, 4098.75, 4100.11, 4100.16, 4100.25, 4100.16, 4100.34, 4100.32, 4100.33, 4100.25]
exp020-n4096-k24-d180-bs60-f1.000-r00:059047.533: (621 sec)
exp020-n4096-k24-d180-bs60-f1.000-r00:059047.533: Loop 72/100
exp020-n4096-k24-d180-bs60-f1.000-r00:059662.110: log(exp-norms): [4096.0, 4097.96, 4098.93]
exp020-n4096-k24-d180-bs60-f1.000-r00:059662.111: log(norms):     [4096.0, 4098.75, 4100.11, 4100.16, 4100.25, 4100.16, 4100.34, 4100.32, 4100.33, 4100.25]
exp020-n4096-k24-d180-bs60-f1.000-r00:059662.129: (615 sec)
exp020-n4096-k24-d180-bs60-f1.000-r00:059662.129: Loop 73/100
exp020-n4096-k24-d180-bs60-f1.000-r00:060293.100: log(exp-norms): [4096.0, 4097.96, 4098.93]
exp020-n4096-k24-d180-bs60-f1.000-r00:060293.100: log(norms):     [4096.0, 4098.75, 4100.11, 4100.16, 4100.25, 4100.16, 4100.34, 4100.45, 4100.27, 4100.26]
exp020-n4096-k24-d180-bs60-f1.000-r00:060293.118: (631 sec)
exp020-n4096-k24-d180-bs60-f1.000-r00:060293.119: Loop 74/100
exp020-n4096-k24-d180-bs60-f1.000-r00:060926.673: log(exp-norms): [4096.0, 4097.96, 4098.93]
exp020-n4096-k24-d180-bs60-f1.000-r00:060926.673: log(norms):     [4096.0, 4098.75, 4100.11, 4100.16, 4100.25, 4100.16, 4100.34, 4100.45, 4100.27, 4100.26]
exp020-n4096-k24-d180-bs60-f1.000-r00:060926.691: (634 sec)
exp020-n4096-k24-d180-bs60-f1.000-r00:060926.692: Loop 75/100
exp020-n4096-k24-d180-bs60-f1.000-r00:061534.549: log(exp-norms): [4096.0, 4097.96, 4098.93]
exp020-n4096-k24-d180-bs60-f1.000-r00:061534.549: log(norms):     [4096.0, 4098.75, 4100.11, 4100.16, 4100.25, 4100.16, 4100.34, 4100.45, 4100.27, 4100.3]
exp020-n4096-k24-d180-bs60-f1.000-r00:061534.568: (608 sec)
exp020-n4096-k24-d180-bs60-f1.000-r00:061534.569: Loop 76/100
exp020-n4096-k24-d180-bs60-f1.000-r00:062164.374: log(exp-norms): [4096.0, 4097.96, 4098.93]
exp020-n4096-k24-d180-bs60-f1.000-r00:062164.374: log(norms):     [4096.0, 4098.75, 4100.11, 4100.16, 4100.25, 4100.16, 4100.34, 4100.45, 4100.27, 4100.3]
exp020-n4096-k24-d180-bs60-f1.000-r00:062164.393: (630 sec)
exp020-n4096-k24-d180-bs60-f1.000-r00:062164.393: Loop 77/100
exp020-n4096-k24-d180-bs60-f1.000-r00:062789.490: log(exp-norms): [4096.0, 4097.96, 4098.93]
exp020-n4096-k24-d180-bs60-f1.000-r00:062789.490: log(norms):     [4096.0, 4098.75, 4100.11, 4100.16, 4100.25, 4100.16, 4100.34, 4100.45, 4100.27, 4100.3]
exp020-n4096-k24-d180-bs60-f1.000-r00:062789.508: (626 sec)
exp020-n4096-k24-d180-bs60-f1.000-r00:062789.509: Loop 78/100
exp020-n4096-k24-d180-bs60-f1.000-r00:063412.984: log(exp-norms): [4096.0, 4097.96, 4098.93]
exp020-n4096-k24-d180-bs60-f1.000-r00:063412.985: log(norms):     [4096.0, 4098.75, 4100.01, 4100.11, 4100.16, 4100.25, 4100.16, 4100.34, 4100.45, 4100.27]
exp020-n4096-k24-d180-bs60-f1.000-r00:063413.003: (624 sec)
exp020-n4096-k24-d180-bs60-f1.000-r00:063413.003: Loop 79/100
exp020-n4096-k24-d180-bs60-f1.000-r00:064011.063: log(exp-norms): [4096.0, 4097.96, 4098.93]
exp020-n4096-k24-d180-bs60-f1.000-r00:064011.063: log(norms):     [4096.0, 4098.75, 4100.01, 4100.11, 4100.16, 4100.25, 4100.16, 4100.34, 4100.45, 4100.27]
exp020-n4096-k24-d180-bs60-f1.000-r00:064011.082: (599 sec)
exp020-n4096-k24-d180-bs60-f1.000-r00:064011.082: Loop 80/100
exp020-n4096-k24-d180-bs60-f1.000-r00:064596.465: log(exp-norms): [4096.0, 4097.96, 4098.93]
exp020-n4096-k24-d180-bs60-f1.000-r00:064596.465: log(norms):     [4096.0, 4098.75, 4100.01, 4100.11, 4100.16, 4100.25, 4100.16, 4100.34, 4100.45, 4100.27]
exp020-n4096-k24-d180-bs60-f1.000-r00:064596.483: (586 sec)
exp020-n4096-k24-d180-bs60-f1.000-r00:064596.483: Loop 81/100
exp020-n4096-k24-d180-bs60-f1.000-r00:065212.085: log(exp-norms): [4096.0, 4097.96, 4098.93]
exp020-n4096-k24-d180-bs60-f1.000-r00:065212.085: log(norms):     [4096.0, 4098.75, 4100.01, 4100.11, 4100.16, 4100.25, 4100.16, 4100.34, 4100.45, 4100.27]
exp020-n4096-k24-d180-bs60-f1.000-r00:065212.103: (616 sec)
exp020-n4096-k24-d180-bs60-f1.000-r00:065212.104: Loop 82/100
exp020-n4096-k24-d180-bs60-f1.000-r00:065829.739: log(exp-norms): [4096.0, 4097.96, 4098.93]
exp020-n4096-k24-d180-bs60-f1.000-r00:065829.740: log(norms):     [4096.0, 4098.75, 4100.01, 4100.11, 4100.16, 4100.25, 4100.16, 4100.34, 4100.45, 4100.27]
exp020-n4096-k24-d180-bs60-f1.000-r00:065829.759: (618 sec)
exp020-n4096-k24-d180-bs60-f1.000-r00:065829.759: Loop 83/100
exp020-n4096-k24-d180-bs60-f1.000-r00:066428.864: log(exp-norms): [4096.0, 4097.96, 4098.93]
exp020-n4096-k24-d180-bs60-f1.000-r00:066428.865: log(norms):     [4096.0, 4098.75, 4100.01, 4100.11, 4100.16, 4100.25, 4100.16, 4100.34, 4100.45, 4100.27]
exp020-n4096-k24-d180-bs60-f1.000-r00:066428.883: (600 sec)
exp020-n4096-k24-d180-bs60-f1.000-r00:066428.883: Loop 84/100
