exp042-n4096-k20-d220-bs60-f1.000-r00:000000.830: ==========================Instance==========================
exp042-n4096-k20-d220-bs60-f1.000-r00:000000.830: # of equations: 220
exp042-n4096-k20-d220-bs60-f1.000-r00:000000.838: Gap: 2.15
exp042-n4096-k20-d220-bs60-f1.000-r00:000000.855: Tau: 1.29
exp042-n4096-k20-d220-bs60-f1.000-r00:000000.856: ======================BKZ-60 reduction======================
exp042-n4096-k20-d220-bs60-f1.000-r00:000007.003: Expectedly achievable log(norm): 4101.01
exp042-n4096-k20-d220-bs60-f1.000-r00:000012.582: log(exp-norms): [4096.0, 4098.1, 4099.21]
exp042-n4096-k20-d220-bs60-f1.000-r00:000012.583: log(norms):     [4119.13, 4098.89, 4116.0, 4116.0, 4116.0, 4116.0, 4116.0, 4116.0, 4116.0, 4116.0]
exp042-n4096-k20-d220-bs60-f1.000-r00:000012.676: Loop 1/100
exp042-n4096-k20-d220-bs60-f1.000-r00:017376.341: log(exp-norms): [4096.0, 4098.1, 4099.21]
exp042-n4096-k20-d220-bs60-f1.000-r00:017376.342: log(norms):     [4098.89, 4103.45, 4103.58, 4103.65, 4103.59, 4103.66, 4103.71, 4103.55, 4103.56, 4103.76]
exp042-n4096-k20-d220-bs60-f1.000-r00:017376.383: (17364 sec)
exp042-n4096-k20-d220-bs60-f1.000-r00:017376.384: Loop 2/100
exp042-n4096-k20-d220-bs60-f1.000-r00:019679.485: log(exp-norms): [4096.0, 4098.1, 4099.21]
exp042-n4096-k20-d220-bs60-f1.000-r00:019679.486: log(norms):     [4098.89, 4102.8, 4102.88, 4102.9, 4102.94, 4102.95, 4103.13, 4103.16, 4103.06, 4103.14]
exp042-n4096-k20-d220-bs60-f1.000-r00:019679.510: (2304 sec)
exp042-n4096-k20-d220-bs60-f1.000-r00:019679.510: Loop 3/100
exp042-n4096-k20-d220-bs60-f1.000-r00:021725.170: log(exp-norms): [4096.0, 4098.1, 4099.21]
exp042-n4096-k20-d220-bs60-f1.000-r00:021725.171: log(norms):     [4098.89, 4102.35, 4102.45, 4102.51, 4102.44, 4102.57, 4102.53, 4102.49, 4102.51, 4102.62]
exp042-n4096-k20-d220-bs60-f1.000-r00:021725.210: (2046 sec)
exp042-n4096-k20-d220-bs60-f1.000-r00:021725.210: Loop 4/100
exp042-n4096-k20-d220-bs60-f1.000-r00:023669.526: log(exp-norms): [4096.0, 4098.1, 4099.21]
exp042-n4096-k20-d220-bs60-f1.000-r00:023669.526: log(norms):     [4098.89, 4101.98, 4102.07, 4102.16, 4102.18, 4102.07, 4102.17, 4101.99, 4102.1, 4102.17]
exp042-n4096-k20-d220-bs60-f1.000-r00:023669.551: (1945 sec)
exp042-n4096-k20-d220-bs60-f1.000-r00:023669.551: Loop 5/100
exp042-n4096-k20-d220-bs60-f1.000-r00:025583.218: log(exp-norms): [4096.0, 4098.1, 4099.21]
exp042-n4096-k20-d220-bs60-f1.000-r00:025583.219: log(norms):     [4096.0, 4098.89, 4101.64, 4101.68, 4101.79, 4101.83, 4101.78, 4101.84, 4101.87, 4101.93]
exp042-n4096-k20-d220-bs60-f1.000-r00:025583.257: (1914 sec)
exp042-n4096-k20-d220-bs60-f1.000-r00:025583.257: Loop 6/100
exp042-n4096-k20-d220-bs60-f1.000-r00:027424.103: log(exp-norms): [4096.0, 4098.1, 4099.21]
exp042-n4096-k20-d220-bs60-f1.000-r00:027424.104: log(norms):     [4096.0, 4098.89, 4101.52, 4101.53, 4101.69, 4101.67, 4101.6, 4101.79, 4101.59, 4101.69]
exp042-n4096-k20-d220-bs60-f1.000-r00:027424.143: (1841 sec)
exp042-n4096-k20-d220-bs60-f1.000-r00:027424.143: Loop 7/100
exp042-n4096-k20-d220-bs60-f1.000-r00:029225.843: log(exp-norms): [4096.0, 4098.1, 4099.21]
exp042-n4096-k20-d220-bs60-f1.000-r00:029225.844: log(norms):     [4096.0, 4098.89, 4101.36, 4101.37, 4101.39, 4101.47, 4101.43, 4101.38, 4101.59, 4101.62]
exp042-n4096-k20-d220-bs60-f1.000-r00:029225.884: (1802 sec)
exp042-n4096-k20-d220-bs60-f1.000-r00:029225.884: Loop 8/100
exp042-n4096-k20-d220-bs60-f1.000-r00:030977.732: log(exp-norms): [4096.0, 4098.1, 4099.21]
exp042-n4096-k20-d220-bs60-f1.000-r00:030977.733: log(norms):     [4096.0, 4098.89, 4101.23, 4101.41, 4101.31, 4101.47, 4101.43, 4101.27, 4101.26, 4101.36]
exp042-n4096-k20-d220-bs60-f1.000-r00:030977.756: (1752 sec)
exp042-n4096-k20-d220-bs60-f1.000-r00:030977.756: Loop 9/100
exp042-n4096-k20-d220-bs60-f1.000-r00:032385.959: log(exp-norms): [4096.0, 4098.1, 4099.21]
exp042-n4096-k20-d220-bs60-f1.000-r00:032385.959: log(norms):     [4096.0, 4098.89, 4101.12, 4101.13, 4101.16, 4101.2, 4101.21, 4101.39, 4101.58, 4101.43]
exp042-n4096-k20-d220-bs60-f1.000-r00:032385.984: (1409 sec)
exp042-n4096-k20-d220-bs60-f1.000-r00:032385.984: Loop 10/100
exp042-n4096-k20-d220-bs60-f1.000-r00:033706.363: log(exp-norms): [4096.0, 4098.1, 4099.21]
exp042-n4096-k20-d220-bs60-f1.000-r00:033706.363: log(norms):     [4096.0, 4098.89, 4101.09, 4101.13, 4101.21, 4101.12, 4101.19, 4101.12, 4101.4, 4101.33]
exp042-n4096-k20-d220-bs60-f1.000-r00:033706.387: (1321 sec)
exp042-n4096-k20-d220-bs60-f1.000-r00:033706.388: Loop 11/100
exp042-n4096-k20-d220-bs60-f1.000-r00:034954.019: log(exp-norms): [4096.0, 4098.1, 4099.21]
exp042-n4096-k20-d220-bs60-f1.000-r00:034954.020: log(norms):     [4096.0, 4098.89, 4101.09, 4101.13, 4101.21, 4101.24, 4101.06, 4101.4, 4101.16, 4101.25]
exp042-n4096-k20-d220-bs60-f1.000-r00:034954.043: (1248 sec)
exp042-n4096-k20-d220-bs60-f1.000-r00:034954.043: Loop 12/100
exp042-n4096-k20-d220-bs60-f1.000-r00:036227.863: log(exp-norms): [4096.0, 4098.1, 4099.21]
exp042-n4096-k20-d220-bs60-f1.000-r00:036227.864: log(norms):     [4096.0, 4098.89, 4101.06, 4101.15, 4101.22, 4101.09, 4101.33, 4101.31, 4101.18, 4101.3]
exp042-n4096-k20-d220-bs60-f1.000-r00:036227.902: (1274 sec)
exp042-n4096-k20-d220-bs60-f1.000-r00:036227.903: Loop 13/100
exp042-n4096-k20-d220-bs60-f1.000-r00:037474.424: log(exp-norms): [4096.0, 4098.1, 4099.21]
exp042-n4096-k20-d220-bs60-f1.000-r00:037474.425: log(norms):     [4096.0, 4098.89, 4101.04, 4101.16, 4101.06, 4101.1, 4101.16, 4101.06, 4101.42, 4101.38]
exp042-n4096-k20-d220-bs60-f1.000-r00:037474.448: (1247 sec)
exp042-n4096-k20-d220-bs60-f1.000-r00:037474.448: Loop 14/100
exp042-n4096-k20-d220-bs60-f1.000-r00:038718.692: log(exp-norms): [4096.0, 4098.1, 4099.21]
exp042-n4096-k20-d220-bs60-f1.000-r00:038718.693: log(norms):     [4096.0, 4098.89, 4101.04, 4101.06, 4101.24, 4101.1, 4101.04, 4101.26, 4101.26, 4101.38]
exp042-n4096-k20-d220-bs60-f1.000-r00:038718.716: (1245 sec)
exp042-n4096-k20-d220-bs60-f1.000-r00:038718.717: Loop 15/100
exp042-n4096-k20-d220-bs60-f1.000-r00:039926.587: log(exp-norms): [4096.0, 4098.1, 4099.21]
exp042-n4096-k20-d220-bs60-f1.000-r00:039926.588: log(norms):     [4096.0, 4098.89, 4101.04, 4101.06, 4101.14, 4101.23, 4101.06, 4101.1, 4101.24, 4101.22]
exp042-n4096-k20-d220-bs60-f1.000-r00:039926.610: (1208 sec)
exp042-n4096-k20-d220-bs60-f1.000-r00:039926.610: Loop 16/100
exp042-n4096-k20-d220-bs60-f1.000-r00:041135.724: log(exp-norms): [4096.0, 4098.1, 4099.21]
exp042-n4096-k20-d220-bs60-f1.000-r00:041135.724: log(norms):     [4096.0, 4098.89, 4101.04, 4101.06, 4101.14, 4101.23, 4101.06, 4101.1, 4101.24, 4101.19]
exp042-n4096-k20-d220-bs60-f1.000-r00:041135.746: (1210 sec)
exp042-n4096-k20-d220-bs60-f1.000-r00:041135.747: Loop 17/100
exp042-n4096-k20-d220-bs60-f1.000-r00:042329.432: log(exp-norms): [4096.0, 4098.1, 4099.21]
exp042-n4096-k20-d220-bs60-f1.000-r00:042329.432: log(norms):     [4096.0, 4098.89, 4101.04, 4101.06, 4101.14, 4101.23, 4101.06, 4101.1, 4101.19, 4101.24]
exp042-n4096-k20-d220-bs60-f1.000-r00:042329.456: (1194 sec)
exp042-n4096-k20-d220-bs60-f1.000-r00:042329.456: Loop 18/100
exp042-n4096-k20-d220-bs60-f1.000-r00:043515.708: log(exp-norms): [4096.0, 4098.1, 4099.21]
exp042-n4096-k20-d220-bs60-f1.000-r00:043515.708: log(norms):     [4096.0, 4098.89, 4101.02, 4101.04, 4101.06, 4101.24, 4101.14, 4101.15, 4101.16, 4101.14]
exp042-n4096-k20-d220-bs60-f1.000-r00:043515.731: (1187 sec)
exp042-n4096-k20-d220-bs60-f1.000-r00:043515.731: Loop 19/100
exp042-n4096-k20-d220-bs60-f1.000-r00:044687.509: log(exp-norms): [4096.0, 4098.1, 4099.21]
exp042-n4096-k20-d220-bs60-f1.000-r00:044687.509: log(norms):     [4096.0, 4098.89, 4101.02, 4101.04, 4101.06, 4101.02, 4101.14, 4101.15, 4101.16, 4101.34]
exp042-n4096-k20-d220-bs60-f1.000-r00:044687.532: (1172 sec)
exp042-n4096-k20-d220-bs60-f1.000-r00:044687.532: Loop 20/100
exp042-n4096-k20-d220-bs60-f1.000-r00:045881.132: log(exp-norms): [4096.0, 4098.1, 4099.21]
exp042-n4096-k20-d220-bs60-f1.000-r00:045881.132: log(norms):     [4096.0, 4098.89, 4100.98, 4101.02, 4101.21, 4101.04, 4101.06, 4101.02, 4101.28, 4101.12]
exp042-n4096-k20-d220-bs60-f1.000-r00:045881.155: (1194 sec)
exp042-n4096-k20-d220-bs60-f1.000-r00:045881.155: Loop 21/100
exp042-n4096-k20-d220-bs60-f1.000-r00:047074.500: log(exp-norms): [4096.0, 4098.1, 4099.21]
exp042-n4096-k20-d220-bs60-f1.000-r00:047074.500: log(norms):     [4096.0, 4098.89, 4100.98, 4101.08, 4101.09, 4101.02, 4101.19, 4101.06, 4101.21, 4101.07]
exp042-n4096-k20-d220-bs60-f1.000-r00:047074.523: (1194 sec)
exp042-n4096-k20-d220-bs60-f1.000-r00:047074.523: Loop 22/100
exp042-n4096-k20-d220-bs60-f1.000-r00:048252.303: log(exp-norms): [4096.0, 4098.1, 4099.21]
exp042-n4096-k20-d220-bs60-f1.000-r00:048252.303: log(norms):     [4096.0, 4098.89, 4100.98, 4101.08, 4101.09, 4101.12, 4101.02, 4101.33, 4101.2, 4101.06]
exp042-n4096-k20-d220-bs60-f1.000-r00:048252.326: (1178 sec)
exp042-n4096-k20-d220-bs60-f1.000-r00:048252.326: Loop 23/100
exp042-n4096-k20-d220-bs60-f1.000-r00:049437.056: log(exp-norms): [4096.0, 4098.1, 4099.21]
exp042-n4096-k20-d220-bs60-f1.000-r00:049437.056: log(norms):     [4096.0, 4098.89, 4100.98, 4100.97, 4101.08, 4101.02, 4101.15, 4101.17, 4101.26, 4101.14]
exp042-n4096-k20-d220-bs60-f1.000-r00:049437.079: (1185 sec)
exp042-n4096-k20-d220-bs60-f1.000-r00:049437.079: Loop 24/100
exp042-n4096-k20-d220-bs60-f1.000-r00:050635.263: log(exp-norms): [4096.0, 4098.1, 4099.21]
exp042-n4096-k20-d220-bs60-f1.000-r00:050635.264: log(norms):     [4096.0, 4098.89, 4100.98, 4100.97, 4101.08, 4101.1, 4101.02, 4101.15, 4101.16, 4101.17]
exp042-n4096-k20-d220-bs60-f1.000-r00:050635.286: (1199 sec)
exp042-n4096-k20-d220-bs60-f1.000-r00:050635.286: Loop 25/100
exp042-n4096-k20-d220-bs60-f1.000-r00:051837.425: log(exp-norms): [4096.0, 4098.1, 4099.21]
exp042-n4096-k20-d220-bs60-f1.000-r00:051837.425: log(norms):     [4096.0, 4098.89, 4100.98, 4100.97, 4101.08, 4101.1, 4101.02, 4101.15, 4101.08, 4101.31]
exp042-n4096-k20-d220-bs60-f1.000-r00:051837.448: (1203 sec)
exp042-n4096-k20-d220-bs60-f1.000-r00:051837.448: Loop 26/100
exp042-n4096-k20-d220-bs60-f1.000-r00:053007.253: log(exp-norms): [4096.0, 4098.1, 4099.21]
exp042-n4096-k20-d220-bs60-f1.000-r00:053007.254: log(norms):     [4096.0, 4098.89, 4100.98, 4100.97, 4101.08, 4101.1, 4101.02, 4101.15, 4101.2, 4101.16]
exp042-n4096-k20-d220-bs60-f1.000-r00:053007.276: (1170 sec)
exp042-n4096-k20-d220-bs60-f1.000-r00:053007.277: Loop 27/100
exp042-n4096-k20-d220-bs60-f1.000-r00:054212.505: log(exp-norms): [4096.0, 4098.1, 4099.21]
exp042-n4096-k20-d220-bs60-f1.000-r00:054212.506: log(norms):     [4096.0, 4098.89, 4100.98, 4100.97, 4101.08, 4101.1, 4101.02, 4101.15, 4101.2, 4101.16]
exp042-n4096-k20-d220-bs60-f1.000-r00:054212.528: (1206 sec)
exp042-n4096-k20-d220-bs60-f1.000-r00:054212.529: Loop 28/100
exp042-n4096-k20-d220-bs60-f1.000-r00:055423.327: log(exp-norms): [4096.0, 4098.1, 4099.21]
exp042-n4096-k20-d220-bs60-f1.000-r00:055423.327: log(norms):     [4096.0, 4098.89, 4100.98, 4100.97, 4101.08, 4101.1, 4101.02, 4101.15, 4101.2, 4101.16]
exp042-n4096-k20-d220-bs60-f1.000-r00:055423.350: (1211 sec)
exp042-n4096-k20-d220-bs60-f1.000-r00:055423.350: Loop 29/100
exp042-n4096-k20-d220-bs60-f1.000-r00:056575.184: log(exp-norms): [4096.0, 4098.1, 4099.21]
exp042-n4096-k20-d220-bs60-f1.000-r00:056575.184: log(norms):     [4096.0, 4098.89, 4100.98, 4100.97, 4101.08, 4101.1, 4101.02, 4101.15, 4101.2, 4101.16]
exp042-n4096-k20-d220-bs60-f1.000-r00:056575.208: (1152 sec)
exp042-n4096-k20-d220-bs60-f1.000-r00:056575.208: Loop 30/100
exp042-n4096-k20-d220-bs60-f1.000-r00:057725.827: log(exp-norms): [4096.0, 4098.1, 4099.21]
exp042-n4096-k20-d220-bs60-f1.000-r00:057725.828: log(norms):     [4096.0, 4098.89, 4100.98, 4100.97, 4101.08, 4101.1, 4101.02, 4101.15, 4101.2, 4101.16]
exp042-n4096-k20-d220-bs60-f1.000-r00:057725.850: (1151 sec)
exp042-n4096-k20-d220-bs60-f1.000-r00:057725.850: Loop 31/100
exp042-n4096-k20-d220-bs60-f1.000-r00:058935.802: log(exp-norms): [4096.0, 4098.1, 4099.21]
exp042-n4096-k20-d220-bs60-f1.000-r00:058935.802: log(norms):     [4096.0, 4098.89, 4100.98, 4100.97, 4101.01, 4101.1, 4101.02, 4101.08, 4101.15, 4101.19]
exp042-n4096-k20-d220-bs60-f1.000-r00:058935.825: (1210 sec)
exp042-n4096-k20-d220-bs60-f1.000-r00:058935.825: Loop 32/100
exp042-n4096-k20-d220-bs60-f1.000-r00:060109.981: log(exp-norms): [4096.0, 4098.1, 4099.21]
exp042-n4096-k20-d220-bs60-f1.000-r00:060109.982: log(norms):     [4096.0, 4098.89, 4100.98, 4101.03, 4100.97, 4101.08, 4101.19, 4101.02, 4101.01, 4101.04]
exp042-n4096-k20-d220-bs60-f1.000-r00:060110.004: (1175 sec)
exp042-n4096-k20-d220-bs60-f1.000-r00:060110.004: Loop 33/100
exp042-n4096-k20-d220-bs60-f1.000-r00:061270.512: log(exp-norms): [4096.0, 4098.1, 4099.21]
exp042-n4096-k20-d220-bs60-f1.000-r00:061270.512: log(norms):     [4096.0, 4098.89, 4100.98, 4101.03, 4100.97, 4101.08, 4101.19, 4101.02, 4101.01, 4101.04]
exp042-n4096-k20-d220-bs60-f1.000-r00:061270.535: (1161 sec)
exp042-n4096-k20-d220-bs60-f1.000-r00:061270.535: Loop 34/100
exp042-n4096-k20-d220-bs60-f1.000-r00:062441.487: log(exp-norms): [4096.0, 4098.1, 4099.21]
exp042-n4096-k20-d220-bs60-f1.000-r00:062441.488: log(norms):     [4096.0, 4098.89, 4100.98, 4101.03, 4100.97, 4101.08, 4101.19, 4101.02, 4101.01, 4101.16]
exp042-n4096-k20-d220-bs60-f1.000-r00:062441.510: (1171 sec)
exp042-n4096-k20-d220-bs60-f1.000-r00:062441.510: Loop 35/100
exp042-n4096-k20-d220-bs60-f1.000-r00:063631.557: log(exp-norms): [4096.0, 4098.1, 4099.21]
exp042-n4096-k20-d220-bs60-f1.000-r00:063631.558: log(norms):     [4096.0, 4098.89, 4100.98, 4101.03, 4100.97, 4101.08, 4101.19, 4101.02, 4101.01, 4101.16]
exp042-n4096-k20-d220-bs60-f1.000-r00:063631.580: (1191 sec)
exp042-n4096-k20-d220-bs60-f1.000-r00:063631.580: Loop 36/100
exp042-n4096-k20-d220-bs60-f1.000-r00:064800.141: log(exp-norms): [4096.0, 4098.1, 4099.21]
exp042-n4096-k20-d220-bs60-f1.000-r00:064800.141: log(norms):     [4096.0, 4098.89, 4100.92, 4100.97, 4101.02, 4101.01, 4101.14, 4101.18, 4101.11, 4101.11]
exp042-n4096-k20-d220-bs60-f1.000-r00:064800.163: (1169 sec)
exp042-n4096-k20-d220-bs60-f1.000-r00:064800.164: Loop 37/100
exp042-n4096-k20-d220-bs60-f1.000-r00:065984.419: log(exp-norms): [4096.0, 4098.1, 4099.21]
exp042-n4096-k20-d220-bs60-f1.000-r00:065984.419: log(norms):     [4096.0, 4098.89, 4100.92, 4100.97, 4101.02, 4101.01, 4101.14, 4101.36, 4101.16, 4101.05]
exp042-n4096-k20-d220-bs60-f1.000-r00:065984.441: (1185 sec)
exp042-n4096-k20-d220-bs60-f1.000-r00:065984.441: Loop 38/100
