exp030-n4096-k20-d220-bs40-f1.000-r00:000000.714: ==========================Instance==========================
exp030-n4096-k20-d220-bs40-f1.000-r00:000000.714: # of equations: 220
exp030-n4096-k20-d220-bs40-f1.000-r00:000000.722: Gap: 2.15
exp030-n4096-k20-d220-bs40-f1.000-r00:000000.739: Tau: 1.29
exp030-n4096-k20-d220-bs40-f1.000-r00:000000.740: ======================BKZ-40 reduction======================
exp030-n4096-k20-d220-bs40-f1.000-r00:000007.532: Expectedly achievable log(norm): 4101.35
exp030-n4096-k20-d220-bs40-f1.000-r00:000013.868: log(exp-norms): [4096.0, 4098.1, 4099.21]
exp030-n4096-k20-d220-bs40-f1.000-r00:000013.868: log(norms):     [4119.13, 4098.89, 4116.0, 4116.0, 4116.0, 4116.0, 4116.0, 4116.0, 4116.0, 4116.0]
exp030-n4096-k20-d220-bs40-f1.000-r00:000013.979: Loop 1/100
exp030-n4096-k20-d220-bs40-f1.000-r00:017628.734: log(exp-norms): [4096.0, 4098.1, 4099.21]
exp030-n4096-k20-d220-bs40-f1.000-r00:017628.735: log(norms):     [4098.89, 4103.86, 4103.93, 4104.13, 4104.08, 4104.07, 4103.99, 4103.86, 4104.06, 4104.25]
exp030-n4096-k20-d220-bs40-f1.000-r00:017628.776: (17615 sec)
exp030-n4096-k20-d220-bs40-f1.000-r00:017628.776: Loop 2/100
exp030-n4096-k20-d220-bs40-f1.000-r00:017903.942: log(exp-norms): [4096.0, 4098.1, 4099.21]
exp030-n4096-k20-d220-bs40-f1.000-r00:017903.942: log(norms):     [4098.89, 4103.47, 4103.55, 4103.62, 4103.7, 4103.65, 4103.74, 4103.83, 4103.59, 4103.79]
exp030-n4096-k20-d220-bs40-f1.000-r00:017903.978: (276 sec)
exp030-n4096-k20-d220-bs40-f1.000-r00:017903.979: Loop 3/100
exp030-n4096-k20-d220-bs40-f1.000-r00:018134.701: log(exp-norms): [4096.0, 4098.1, 4099.21]
exp030-n4096-k20-d220-bs40-f1.000-r00:018134.701: log(norms):     [4098.89, 4103.32, 4103.41, 4103.27, 4103.38, 4103.41, 4103.38, 4103.41, 4103.44, 4103.33]
exp030-n4096-k20-d220-bs40-f1.000-r00:018134.741: (231 sec)
exp030-n4096-k20-d220-bs40-f1.000-r00:018134.741: Loop 4/100
exp030-n4096-k20-d220-bs40-f1.000-r00:018356.428: log(exp-norms): [4096.0, 4098.1, 4099.21]
exp030-n4096-k20-d220-bs40-f1.000-r00:018356.428: log(norms):     [4098.89, 4102.72, 4102.82, 4103.08, 4103.15, 4103.09, 4103.11, 4103.22, 4103.23, 4103.05]
exp030-n4096-k20-d220-bs40-f1.000-r00:018356.453: (222 sec)
exp030-n4096-k20-d220-bs40-f1.000-r00:018356.453: Loop 5/100
exp030-n4096-k20-d220-bs40-f1.000-r00:018556.931: log(exp-norms): [4096.0, 4098.1, 4099.21]
exp030-n4096-k20-d220-bs40-f1.000-r00:018556.931: log(norms):     [4098.89, 4102.72, 4102.76, 4102.92, 4102.82, 4102.96, 4102.87, 4102.71, 4102.88, 4102.98]
exp030-n4096-k20-d220-bs40-f1.000-r00:018556.980: (201 sec)
exp030-n4096-k20-d220-bs40-f1.000-r00:018556.981: Loop 6/100
exp030-n4096-k20-d220-bs40-f1.000-r00:018744.023: log(exp-norms): [4096.0, 4098.1, 4099.21]
exp030-n4096-k20-d220-bs40-f1.000-r00:018744.023: log(norms):     [4098.89, 4102.7, 4102.71, 4102.85, 4102.73, 4102.7, 4102.94, 4102.94, 4102.84, 4102.85]
exp030-n4096-k20-d220-bs40-f1.000-r00:018744.063: (188 sec)
exp030-n4096-k20-d220-bs40-f1.000-r00:018744.064: Loop 7/100
exp030-n4096-k20-d220-bs40-f1.000-r00:018913.102: log(exp-norms): [4096.0, 4098.1, 4099.21]
exp030-n4096-k20-d220-bs40-f1.000-r00:018913.103: log(norms):     [4098.89, 4102.49, 4102.52, 4102.51, 4102.52, 4102.48, 4102.52, 4102.54, 4102.56, 4102.56]
exp030-n4096-k20-d220-bs40-f1.000-r00:018913.128: (170 sec)
exp030-n4096-k20-d220-bs40-f1.000-r00:018913.128: Loop 8/100
exp030-n4096-k20-d220-bs40-f1.000-r00:019095.476: log(exp-norms): [4096.0, 4098.1, 4099.21]
exp030-n4096-k20-d220-bs40-f1.000-r00:019095.476: log(norms):     [4098.89, 4102.32, 4102.36, 4102.34, 4102.47, 4102.33, 4102.51, 4102.5, 4102.42, 4102.44]
exp030-n4096-k20-d220-bs40-f1.000-r00:019095.516: (183 sec)
exp030-n4096-k20-d220-bs40-f1.000-r00:019095.517: Loop 9/100
exp030-n4096-k20-d220-bs40-f1.000-r00:019249.164: log(exp-norms): [4096.0, 4098.1, 4099.21]
exp030-n4096-k20-d220-bs40-f1.000-r00:019249.165: log(norms):     [4098.89, 4102.26, 4102.32, 4102.36, 4102.31, 4102.33, 4102.28, 4102.4, 4102.35, 4102.47]
exp030-n4096-k20-d220-bs40-f1.000-r00:019249.205: (154 sec)
exp030-n4096-k20-d220-bs40-f1.000-r00:019249.205: Loop 10/100
exp030-n4096-k20-d220-bs40-f1.000-r00:019382.799: log(exp-norms): [4096.0, 4098.1, 4099.21]
exp030-n4096-k20-d220-bs40-f1.000-r00:019382.799: log(norms):     [4098.89, 4102.07, 4102.19, 4102.26, 4102.16, 4102.27, 4102.33, 4102.34, 4102.45, 4102.27]
exp030-n4096-k20-d220-bs40-f1.000-r00:019382.824: (134 sec)
exp030-n4096-k20-d220-bs40-f1.000-r00:019382.824: Loop 11/100
exp030-n4096-k20-d220-bs40-f1.000-r00:019530.705: log(exp-norms): [4096.0, 4098.1, 4099.21]
exp030-n4096-k20-d220-bs40-f1.000-r00:019530.705: log(norms):     [4098.89, 4102.0, 4102.06, 4102.12, 4102.12, 4102.25, 4102.26, 4102.11, 4102.16, 4102.26]
exp030-n4096-k20-d220-bs40-f1.000-r00:019530.729: (148 sec)
exp030-n4096-k20-d220-bs40-f1.000-r00:019530.729: Loop 12/100
exp030-n4096-k20-d220-bs40-f1.000-r00:019656.605: log(exp-norms): [4096.0, 4098.1, 4099.21]
exp030-n4096-k20-d220-bs40-f1.000-r00:019656.606: log(norms):     [4098.89, 4101.9, 4102.02, 4102.14, 4102.05, 4102.06, 4102.2, 4102.26, 4102.19, 4102.12]
exp030-n4096-k20-d220-bs40-f1.000-r00:019656.630: (126 sec)
exp030-n4096-k20-d220-bs40-f1.000-r00:019656.630: Loop 13/100
exp030-n4096-k20-d220-bs40-f1.000-r00:019820.448: log(exp-norms): [4096.0, 4098.1, 4099.21]
exp030-n4096-k20-d220-bs40-f1.000-r00:019820.448: log(norms):     [4098.89, 4101.82, 4101.9, 4101.97, 4102.05, 4101.88, 4101.81, 4101.91, 4102.05, 4102.14]
exp030-n4096-k20-d220-bs40-f1.000-r00:019820.488: (164 sec)
exp030-n4096-k20-d220-bs40-f1.000-r00:019820.488: Loop 14/100
exp030-n4096-k20-d220-bs40-f1.000-r00:019968.891: log(exp-norms): [4096.0, 4098.1, 4099.21]
exp030-n4096-k20-d220-bs40-f1.000-r00:019968.891: log(norms):     [4098.89, 4101.81, 4101.88, 4101.91, 4101.91, 4102.07, 4101.9, 4101.89, 4101.8, 4102.11]
exp030-n4096-k20-d220-bs40-f1.000-r00:019968.915: (149 sec)
exp030-n4096-k20-d220-bs40-f1.000-r00:019968.916: Loop 15/100
exp030-n4096-k20-d220-bs40-f1.000-r00:020103.975: log(exp-norms): [4096.0, 4098.1, 4099.21]
exp030-n4096-k20-d220-bs40-f1.000-r00:020103.975: log(norms):     [4098.89, 4101.8, 4101.85, 4101.8, 4101.88, 4101.79, 4101.82, 4101.98, 4101.91, 4101.9]
exp030-n4096-k20-d220-bs40-f1.000-r00:020104.016: (136 sec)
exp030-n4096-k20-d220-bs40-f1.000-r00:020104.016: Loop 16/100
exp030-n4096-k20-d220-bs40-f1.000-r00:020255.137: log(exp-norms): [4096.0, 4098.1, 4099.21]
exp030-n4096-k20-d220-bs40-f1.000-r00:020255.137: log(norms):     [4098.89, 4101.8, 4101.85, 4101.8, 4101.88, 4101.79, 4101.83, 4101.95, 4101.9, 4101.93]
exp030-n4096-k20-d220-bs40-f1.000-r00:020255.177: (152 sec)
exp030-n4096-k20-d220-bs40-f1.000-r00:020255.177: Loop 17/100
exp030-n4096-k20-d220-bs40-f1.000-r00:020377.697: log(exp-norms): [4096.0, 4098.1, 4099.21]
exp030-n4096-k20-d220-bs40-f1.000-r00:020377.698: log(norms):     [4098.89, 4101.6, 4101.8, 4101.85, 4101.84, 4101.84, 4101.83, 4101.76, 4101.9, 4101.96]
exp030-n4096-k20-d220-bs40-f1.000-r00:020377.737: (123 sec)
exp030-n4096-k20-d220-bs40-f1.000-r00:020377.738: Loop 18/100
exp030-n4096-k20-d220-bs40-f1.000-r00:020524.578: log(exp-norms): [4096.0, 4098.1, 4099.21]
exp030-n4096-k20-d220-bs40-f1.000-r00:020524.578: log(norms):     [4098.89, 4101.59, 4101.6, 4101.78, 4101.69, 4101.84, 4101.85, 4101.8, 4101.9, 4101.83]
exp030-n4096-k20-d220-bs40-f1.000-r00:020524.602: (147 sec)
exp030-n4096-k20-d220-bs40-f1.000-r00:020524.602: Loop 19/100
exp030-n4096-k20-d220-bs40-f1.000-r00:020626.736: log(exp-norms): [4096.0, 4098.1, 4099.21]
exp030-n4096-k20-d220-bs40-f1.000-r00:020626.736: log(norms):     [4098.89, 4101.59, 4101.6, 4101.78, 4101.69, 4101.84, 4101.85, 4101.8, 4101.67, 4101.83]
exp030-n4096-k20-d220-bs40-f1.000-r00:020626.776: (103 sec)
exp030-n4096-k20-d220-bs40-f1.000-r00:020626.776: Loop 20/100
exp030-n4096-k20-d220-bs40-f1.000-r00:020750.386: log(exp-norms): [4096.0, 4098.1, 4099.21]
exp030-n4096-k20-d220-bs40-f1.000-r00:020750.386: log(norms):     [4098.89, 4101.59, 4101.6, 4101.66, 4101.84, 4101.87, 4101.71, 4101.67, 4101.85, 4101.94]
exp030-n4096-k20-d220-bs40-f1.000-r00:020750.410: (124 sec)
exp030-n4096-k20-d220-bs40-f1.000-r00:020750.411: Loop 21/100
exp030-n4096-k20-d220-bs40-f1.000-r00:020878.720: log(exp-norms): [4096.0, 4098.1, 4099.21]
exp030-n4096-k20-d220-bs40-f1.000-r00:020878.720: log(norms):     [4098.89, 4101.59, 4101.6, 4101.66, 4101.84, 4101.67, 4101.87, 4101.77, 4101.71, 4101.91]
exp030-n4096-k20-d220-bs40-f1.000-r00:020878.761: (129 sec)
exp030-n4096-k20-d220-bs40-f1.000-r00:020878.761: Loop 22/100
exp030-n4096-k20-d220-bs40-f1.000-r00:021019.197: log(exp-norms): [4096.0, 4098.1, 4099.21]
exp030-n4096-k20-d220-bs40-f1.000-r00:021019.197: log(norms):     [4098.89, 4101.59, 4101.62, 4101.67, 4101.75, 4101.67, 4101.86, 4101.85, 4101.89, 4101.79]
exp030-n4096-k20-d220-bs40-f1.000-r00:021019.238: (141 sec)
exp030-n4096-k20-d220-bs40-f1.000-r00:021019.238: Loop 23/100
exp030-n4096-k20-d220-bs40-f1.000-r00:021159.479: log(exp-norms): [4096.0, 4098.1, 4099.21]
exp030-n4096-k20-d220-bs40-f1.000-r00:021159.480: log(norms):     [4098.89, 4101.59, 4101.62, 4101.67, 4101.75, 4101.64, 4101.7, 4101.77, 4101.6, 4101.67]
exp030-n4096-k20-d220-bs40-f1.000-r00:021159.520: (141 sec)
exp030-n4096-k20-d220-bs40-f1.000-r00:021159.520: Loop 24/100
exp030-n4096-k20-d220-bs40-f1.000-r00:021296.185: log(exp-norms): [4096.0, 4098.1, 4099.21]
exp030-n4096-k20-d220-bs40-f1.000-r00:021296.185: log(norms):     [4098.89, 4101.48, 4101.55, 4101.59, 4101.64, 4101.75, 4101.77, 4101.77, 4101.62, 4101.88]
exp030-n4096-k20-d220-bs40-f1.000-r00:021296.225: (137 sec)
exp030-n4096-k20-d220-bs40-f1.000-r00:021296.225: Loop 25/100
exp030-n4096-k20-d220-bs40-f1.000-r00:021437.019: log(exp-norms): [4096.0, 4098.1, 4099.21]
exp030-n4096-k20-d220-bs40-f1.000-r00:021437.019: log(norms):     [4098.89, 4101.48, 4101.51, 4101.55, 4101.59, 4101.64, 4101.74, 4101.75, 4101.63, 4101.8]
exp030-n4096-k20-d220-bs40-f1.000-r00:021437.043: (141 sec)
exp030-n4096-k20-d220-bs40-f1.000-r00:021437.043: Loop 26/100
exp030-n4096-k20-d220-bs40-f1.000-r00:021536.621: log(exp-norms): [4096.0, 4098.1, 4099.21]
exp030-n4096-k20-d220-bs40-f1.000-r00:021536.622: log(norms):     [4098.89, 4101.48, 4101.51, 4101.55, 4101.59, 4101.64, 4101.66, 4101.74, 4101.75, 4101.67]
exp030-n4096-k20-d220-bs40-f1.000-r00:021536.661: (100 sec)
exp030-n4096-k20-d220-bs40-f1.000-r00:021536.661: Loop 27/100
exp030-n4096-k20-d220-bs40-f1.000-r00:021652.211: log(exp-norms): [4096.0, 4098.1, 4099.21]
exp030-n4096-k20-d220-bs40-f1.000-r00:021652.211: log(norms):     [4098.89, 4101.48, 4101.51, 4101.55, 4101.59, 4101.64, 4101.66, 4101.7, 4101.83, 4101.89]
exp030-n4096-k20-d220-bs40-f1.000-r00:021652.235: (116 sec)
exp030-n4096-k20-d220-bs40-f1.000-r00:021652.236: Loop 28/100
exp030-n4096-k20-d220-bs40-f1.000-r00:021758.002: log(exp-norms): [4096.0, 4098.1, 4099.21]
exp030-n4096-k20-d220-bs40-f1.000-r00:021758.002: log(norms):     [4096.0, 4098.89, 4101.47, 4101.51, 4101.55, 4101.59, 4101.64, 4101.66, 4101.7, 4101.75]
exp030-n4096-k20-d220-bs40-f1.000-r00:021758.028: (106 sec)
exp030-n4096-k20-d220-bs40-f1.000-r00:021758.028: Loop 29/100
exp030-n4096-k20-d220-bs40-f1.000-r00:021873.437: log(exp-norms): [4096.0, 4098.1, 4099.21]
exp030-n4096-k20-d220-bs40-f1.000-r00:021873.437: log(norms):     [4096.0, 4098.89, 4101.47, 4101.51, 4101.55, 4101.77, 4101.64, 4101.59, 4101.75, 4101.69]
exp030-n4096-k20-d220-bs40-f1.000-r00:021873.460: (116 sec)
exp030-n4096-k20-d220-bs40-f1.000-r00:021873.461: Loop 30/100
exp030-n4096-k20-d220-bs40-f1.000-r00:021996.866: log(exp-norms): [4096.0, 4098.1, 4099.21]
exp030-n4096-k20-d220-bs40-f1.000-r00:021996.866: log(norms):     [4096.0, 4098.89, 4101.47, 4101.51, 4101.53, 4101.61, 4101.55, 4101.77, 4101.75, 4101.75]
exp030-n4096-k20-d220-bs40-f1.000-r00:021996.890: (124 sec)
exp030-n4096-k20-d220-bs40-f1.000-r00:021996.890: Loop 31/100
exp030-n4096-k20-d220-bs40-f1.000-r00:022087.521: log(exp-norms): [4096.0, 4098.1, 4099.21]
exp030-n4096-k20-d220-bs40-f1.000-r00:022087.521: log(norms):     [4096.0, 4098.89, 4101.47, 4101.51, 4101.63, 4101.53, 4101.61, 4101.55, 4101.59, 4101.77]
exp030-n4096-k20-d220-bs40-f1.000-r00:022087.562: (91 sec)
exp030-n4096-k20-d220-bs40-f1.000-r00:022087.563: Loop 32/100
exp030-n4096-k20-d220-bs40-f1.000-r00:022212.061: log(exp-norms): [4096.0, 4098.1, 4099.21]
exp030-n4096-k20-d220-bs40-f1.000-r00:022212.062: log(norms):     [4096.0, 4098.89, 4101.47, 4101.51, 4101.63, 4101.59, 4101.69, 4101.69, 4101.55, 4101.77]
exp030-n4096-k20-d220-bs40-f1.000-r00:022212.085: (125 sec)
exp030-n4096-k20-d220-bs40-f1.000-r00:022212.085: Loop 33/100
exp030-n4096-k20-d220-bs40-f1.000-r00:022332.814: log(exp-norms): [4096.0, 4098.1, 4099.21]
exp030-n4096-k20-d220-bs40-f1.000-r00:022332.814: log(norms):     [4096.0, 4098.89, 4101.47, 4101.51, 4101.63, 4101.54, 4101.59, 4101.8, 4101.66, 4101.64]
exp030-n4096-k20-d220-bs40-f1.000-r00:022332.837: (121 sec)
exp030-n4096-k20-d220-bs40-f1.000-r00:022332.837: Loop 34/100
exp030-n4096-k20-d220-bs40-f1.000-r00:022457.155: log(exp-norms): [4096.0, 4098.1, 4099.21]
exp030-n4096-k20-d220-bs40-f1.000-r00:022457.155: log(norms):     [4096.0, 4098.89, 4101.47, 4101.51, 4101.55, 4101.54, 4101.63, 4101.48, 4101.5, 4101.62]
exp030-n4096-k20-d220-bs40-f1.000-r00:022457.194: (125 sec)
exp030-n4096-k20-d220-bs40-f1.000-r00:022457.195: Loop 35/100
exp030-n4096-k20-d220-bs40-f1.000-r00:022583.254: log(exp-norms): [4096.0, 4098.1, 4099.21]
exp030-n4096-k20-d220-bs40-f1.000-r00:022583.254: log(norms):     [4096.0, 4098.89, 4101.47, 4101.48, 4101.51, 4101.55, 4101.5, 4101.54, 4101.63, 4101.62]
exp030-n4096-k20-d220-bs40-f1.000-r00:022583.293: (127 sec)
exp030-n4096-k20-d220-bs40-f1.000-r00:022583.294: Loop 36/100
exp030-n4096-k20-d220-bs40-f1.000-r00:022679.354: log(exp-norms): [4096.0, 4098.1, 4099.21]
exp030-n4096-k20-d220-bs40-f1.000-r00:022679.354: log(norms):     [4096.0, 4098.89, 4101.47, 4101.48, 4101.51, 4101.55, 4101.5, 4101.54, 4101.63, 4101.62]
exp030-n4096-k20-d220-bs40-f1.000-r00:022679.378: (97 sec)
exp030-n4096-k20-d220-bs40-f1.000-r00:022679.378: Loop 37/100
exp030-n4096-k20-d220-bs40-f1.000-r00:022788.943: log(exp-norms): [4096.0, 4098.1, 4099.21]
exp030-n4096-k20-d220-bs40-f1.000-r00:022788.943: log(norms):     [4096.0, 4098.89, 4101.47, 4101.48, 4101.51, 4101.55, 4101.5, 4101.54, 4101.63, 4101.62]
exp030-n4096-k20-d220-bs40-f1.000-r00:022788.978: (110 sec)
exp030-n4096-k20-d220-bs40-f1.000-r00:022788.978: Loop 38/100
exp030-n4096-k20-d220-bs40-f1.000-r00:022885.300: log(exp-norms): [4096.0, 4098.1, 4099.21]
exp030-n4096-k20-d220-bs40-f1.000-r00:022885.301: log(norms):     [4096.0, 4098.89, 4101.39, 4101.48, 4101.47, 4101.51, 4101.55, 4101.54, 4101.63, 4101.77]
exp030-n4096-k20-d220-bs40-f1.000-r00:022885.324: (97 sec)
exp030-n4096-k20-d220-bs40-f1.000-r00:022885.324: Loop 39/100
exp030-n4096-k20-d220-bs40-f1.000-r00:022982.782: log(exp-norms): [4096.0, 4098.1, 4099.21]
exp030-n4096-k20-d220-bs40-f1.000-r00:022982.782: log(norms):     [4096.0, 4098.89, 4101.39, 4101.48, 4101.47, 4101.51, 4101.55, 4101.54, 4101.63, 4101.85]
exp030-n4096-k20-d220-bs40-f1.000-r00:022982.806: (98 sec)
exp030-n4096-k20-d220-bs40-f1.000-r00:022982.806: Loop 40/100
exp030-n4096-k20-d220-bs40-f1.000-r00:023104.564: log(exp-norms): [4096.0, 4098.1, 4099.21]
exp030-n4096-k20-d220-bs40-f1.000-r00:023104.564: log(norms):     [4096.0, 4098.89, 4101.39, 4101.48, 4101.47, 4101.51, 4101.55, 4101.54, 4101.63, 4101.85]
exp030-n4096-k20-d220-bs40-f1.000-r00:023104.603: (122 sec)
exp030-n4096-k20-d220-bs40-f1.000-r00:023104.603: Loop 41/100
exp030-n4096-k20-d220-bs40-f1.000-r00:023229.664: log(exp-norms): [4096.0, 4098.1, 4099.21]
exp030-n4096-k20-d220-bs40-f1.000-r00:023229.665: log(norms):     [4096.0, 4098.89, 4101.39, 4101.48, 4101.47, 4101.51, 4101.55, 4101.54, 4101.63, 4101.85]
exp030-n4096-k20-d220-bs40-f1.000-r00:023229.689: (126 sec)
exp030-n4096-k20-d220-bs40-f1.000-r00:023229.689: Loop 42/100
exp030-n4096-k20-d220-bs40-f1.000-r00:023323.236: log(exp-norms): [4096.0, 4098.1, 4099.21]
exp030-n4096-k20-d220-bs40-f1.000-r00:023323.237: log(norms):     [4096.0, 4098.89, 4101.39, 4101.48, 4101.47, 4101.49, 4101.57, 4101.43, 4101.6, 4101.77]
exp030-n4096-k20-d220-bs40-f1.000-r00:023323.259: (94 sec)
exp030-n4096-k20-d220-bs40-f1.000-r00:023323.260: Loop 43/100
exp030-n4096-k20-d220-bs40-f1.000-r00:023418.180: log(exp-norms): [4096.0, 4098.1, 4099.21]
exp030-n4096-k20-d220-bs40-f1.000-r00:023418.180: log(norms):     [4096.0, 4098.89, 4101.39, 4101.48, 4101.47, 4101.49, 4101.57, 4101.43, 4101.59, 4101.68]
exp030-n4096-k20-d220-bs40-f1.000-r00:023418.220: (95 sec)
exp030-n4096-k20-d220-bs40-f1.000-r00:023418.221: Loop 44/100
exp030-n4096-k20-d220-bs40-f1.000-r00:023515.208: log(exp-norms): [4096.0, 4098.1, 4099.21]
exp030-n4096-k20-d220-bs40-f1.000-r00:023515.208: log(norms):     [4096.0, 4098.89, 4101.39, 4101.48, 4101.47, 4101.49, 4101.57, 4101.43, 4101.59, 4101.58]
exp030-n4096-k20-d220-bs40-f1.000-r00:023515.250: (98 sec)
exp030-n4096-k20-d220-bs40-f1.000-r00:023515.251: Loop 45/100
exp030-n4096-k20-d220-bs40-f1.000-r00:023633.772: log(exp-norms): [4096.0, 4098.1, 4099.21]
exp030-n4096-k20-d220-bs40-f1.000-r00:023633.772: log(norms):     [4096.0, 4098.89, 4101.39, 4101.48, 4101.47, 4101.49, 4101.57, 4101.43, 4101.59, 4101.58]
exp030-n4096-k20-d220-bs40-f1.000-r00:023633.796: (119 sec)
exp030-n4096-k20-d220-bs40-f1.000-r00:023633.796: Loop 46/100
exp030-n4096-k20-d220-bs40-f1.000-r00:023724.993: log(exp-norms): [4096.0, 4098.1, 4099.21]
exp030-n4096-k20-d220-bs40-f1.000-r00:023724.993: log(norms):     [4096.0, 4098.89, 4101.39, 4101.48, 4101.47, 4101.49, 4101.57, 4101.43, 4101.59, 4101.74]
exp030-n4096-k20-d220-bs40-f1.000-r00:023725.016: (92 sec)
exp030-n4096-k20-d220-bs40-f1.000-r00:023725.017: Loop 47/100
exp030-n4096-k20-d220-bs40-f1.000-r00:023820.645: log(exp-norms): [4096.0, 4098.1, 4099.21]
exp030-n4096-k20-d220-bs40-f1.000-r00:023820.645: log(norms):     [4096.0, 4098.89, 4101.39, 4101.48, 4101.47, 4101.49, 4101.57, 4101.43, 4101.59, 4101.74]
exp030-n4096-k20-d220-bs40-f1.000-r00:023820.688: (96 sec)
exp030-n4096-k20-d220-bs40-f1.000-r00:023820.688: Loop 48/100
exp030-n4096-k20-d220-bs40-f1.000-r00:023975.536: log(exp-norms): [4096.0, 4098.1, 4099.21]
exp030-n4096-k20-d220-bs40-f1.000-r00:023975.536: log(norms):     [4096.0, 4098.89, 4101.39, 4101.48, 4101.47, 4101.49, 4101.57, 4101.43, 4101.59, 4101.74]
exp030-n4096-k20-d220-bs40-f1.000-r00:023975.575: (155 sec)
exp030-n4096-k20-d220-bs40-f1.000-r00:023975.575: Loop 49/100
exp030-n4096-k20-d220-bs40-f1.000-r00:024113.120: log(exp-norms): [4096.0, 4098.1, 4099.21]
exp030-n4096-k20-d220-bs40-f1.000-r00:024113.121: log(norms):     [4096.0, 4098.89, 4101.39, 4101.48, 4101.47, 4101.49, 4101.57, 4101.43, 4101.59, 4101.74]
exp030-n4096-k20-d220-bs40-f1.000-r00:024113.160: (138 sec)
exp030-n4096-k20-d220-bs40-f1.000-r00:024113.160: Loop 50/100
exp030-n4096-k20-d220-bs40-f1.000-r00:024247.938: log(exp-norms): [4096.0, 4098.1, 4099.21]
exp030-n4096-k20-d220-bs40-f1.000-r00:024247.938: log(norms):     [4096.0, 4098.89, 4101.39, 4101.48, 4101.47, 4101.49, 4101.57, 4101.43, 4101.59, 4101.74]
exp030-n4096-k20-d220-bs40-f1.000-r00:024247.962: (135 sec)
exp030-n4096-k20-d220-bs40-f1.000-r00:024247.962: Loop 51/100
exp030-n4096-k20-d220-bs40-f1.000-r00:024334.265: log(exp-norms): [4096.0, 4098.1, 4099.21]
exp030-n4096-k20-d220-bs40-f1.000-r00:024334.265: log(norms):     [4096.0, 4098.89, 4101.39, 4101.48, 4101.47, 4101.49, 4101.57, 4101.43, 4101.59, 4101.74]
exp030-n4096-k20-d220-bs40-f1.000-r00:024334.289: (87 sec)
exp030-n4096-k20-d220-bs40-f1.000-r00:024334.289: Loop 52/100
exp030-n4096-k20-d220-bs40-f1.000-r00:024420.311: log(exp-norms): [4096.0, 4098.1, 4099.21]
exp030-n4096-k20-d220-bs40-f1.000-r00:024420.311: log(norms):     [4096.0, 4098.89, 4101.39, 4101.48, 4101.47, 4101.49, 4101.57, 4101.43, 4101.59, 4101.74]
exp030-n4096-k20-d220-bs40-f1.000-r00:024420.334: (87 sec)
exp030-n4096-k20-d220-bs40-f1.000-r00:024420.335: Loop 53/100
exp030-n4096-k20-d220-bs40-f1.000-r00:024508.965: log(exp-norms): [4096.0, 4098.1, 4099.21]
exp030-n4096-k20-d220-bs40-f1.000-r00:024508.966: log(norms):     [4096.0, 4098.89, 4101.39, 4101.48, 4101.47, 4101.49, 4101.57, 4101.43, 4101.59, 4101.74]
exp030-n4096-k20-d220-bs40-f1.000-r00:024508.989: (89 sec)
exp030-n4096-k20-d220-bs40-f1.000-r00:024508.989: Loop 54/100
exp030-n4096-k20-d220-bs40-f1.000-r00:024592.073: log(exp-norms): [4096.0, 4098.1, 4099.21]
exp030-n4096-k20-d220-bs40-f1.000-r00:024592.074: log(norms):     [4096.0, 4098.89, 4101.39, 4101.48, 4101.47, 4101.49, 4101.57, 4101.43, 4101.59, 4101.74]
exp030-n4096-k20-d220-bs40-f1.000-r00:024592.097: (84 sec)
exp030-n4096-k20-d220-bs40-f1.000-r00:024592.097: Loop 55/100
exp030-n4096-k20-d220-bs40-f1.000-r00:024676.383: log(exp-norms): [4096.0, 4098.1, 4099.21]
exp030-n4096-k20-d220-bs40-f1.000-r00:024676.384: log(norms):     [4096.0, 4098.89, 4101.39, 4101.48, 4101.47, 4101.49, 4101.57, 4101.43, 4101.59, 4101.74]
exp030-n4096-k20-d220-bs40-f1.000-r00:024676.407: (85 sec)
exp030-n4096-k20-d220-bs40-f1.000-r00:024676.407: Loop 56/100
exp030-n4096-k20-d220-bs40-f1.000-r00:024768.457: log(exp-norms): [4096.0, 4098.1, 4099.21]
exp030-n4096-k20-d220-bs40-f1.000-r00:024768.457: log(norms):     [4096.0, 4098.89, 4101.39, 4101.52, 4101.48, 4101.47, 4101.57, 4101.43, 4101.49, 4101.59]
exp030-n4096-k20-d220-bs40-f1.000-r00:024768.499: (93 sec)
exp030-n4096-k20-d220-bs40-f1.000-r00:024768.500: Loop 57/100
exp030-n4096-k20-d220-bs40-f1.000-r00:024904.991: log(exp-norms): [4096.0, 4098.1, 4099.21]
exp030-n4096-k20-d220-bs40-f1.000-r00:024904.991: log(norms):     [4096.0, 4098.89, 4101.39, 4101.52, 4101.48, 4101.47, 4101.57, 4101.43, 4101.49, 4101.74]
exp030-n4096-k20-d220-bs40-f1.000-r00:024905.015: (137 sec)
exp030-n4096-k20-d220-bs40-f1.000-r00:024905.015: Loop 58/100
exp030-n4096-k20-d220-bs40-f1.000-r00:024990.111: log(exp-norms): [4096.0, 4098.1, 4099.21]
exp030-n4096-k20-d220-bs40-f1.000-r00:024990.112: log(norms):     [4096.0, 4098.89, 4101.33, 4101.39, 4101.48, 4101.47, 4101.57, 4101.43, 4101.49, 4101.59]
exp030-n4096-k20-d220-bs40-f1.000-r00:024990.136: (86 sec)
exp030-n4096-k20-d220-bs40-f1.000-r00:024990.136: Loop 59/100
exp030-n4096-k20-d220-bs40-f1.000-r00:025073.036: log(exp-norms): [4096.0, 4098.1, 4099.21]
exp030-n4096-k20-d220-bs40-f1.000-r00:025073.036: log(norms):     [4096.0, 4098.89, 4101.33, 4101.39, 4101.48, 4101.47, 4101.57, 4101.43, 4101.49, 4101.59]
exp030-n4096-k20-d220-bs40-f1.000-r00:025073.059: (83 sec)
exp030-n4096-k20-d220-bs40-f1.000-r00:025073.060: Loop 60/100
exp030-n4096-k20-d220-bs40-f1.000-r00:025159.656: log(exp-norms): [4096.0, 4098.1, 4099.21]
exp030-n4096-k20-d220-bs40-f1.000-r00:025159.657: log(norms):     [4096.0, 4098.89, 4101.33, 4101.39, 4101.48, 4101.47, 4101.57, 4101.43, 4101.49, 4101.81]
exp030-n4096-k20-d220-bs40-f1.000-r00:025159.680: (87 sec)
exp030-n4096-k20-d220-bs40-f1.000-r00:025159.680: Loop 61/100
exp030-n4096-k20-d220-bs40-f1.000-r00:025252.543: log(exp-norms): [4096.0, 4098.1, 4099.21]
exp030-n4096-k20-d220-bs40-f1.000-r00:025252.543: log(norms):     [4096.0, 4098.89, 4101.33, 4101.39, 4101.48, 4101.47, 4101.57, 4101.43, 4101.49, 4101.81]
exp030-n4096-k20-d220-bs40-f1.000-r00:025252.566: (93 sec)
exp030-n4096-k20-d220-bs40-f1.000-r00:025252.566: Loop 62/100
exp030-n4096-k20-d220-bs40-f1.000-r00:025338.989: log(exp-norms): [4096.0, 4098.1, 4099.21]
exp030-n4096-k20-d220-bs40-f1.000-r00:025338.989: log(norms):     [4096.0, 4098.89, 4101.33, 4101.39, 4101.48, 4101.47, 4101.57, 4101.43, 4101.5, 4101.49]
exp030-n4096-k20-d220-bs40-f1.000-r00:025339.014: (87 sec)
exp030-n4096-k20-d220-bs40-f1.000-r00:025339.014: Loop 63/100
exp030-n4096-k20-d220-bs40-f1.000-r00:025423.700: log(exp-norms): [4096.0, 4098.1, 4099.21]
exp030-n4096-k20-d220-bs40-f1.000-r00:025423.700: log(norms):     [4096.0, 4098.89, 4101.33, 4101.39, 4101.48, 4101.47, 4101.58, 4101.52, 4101.57, 4101.43]
exp030-n4096-k20-d220-bs40-f1.000-r00:025423.723: (85 sec)
exp030-n4096-k20-d220-bs40-f1.000-r00:025423.723: Loop 64/100
exp030-n4096-k20-d220-bs40-f1.000-r00:025508.828: log(exp-norms): [4096.0, 4098.1, 4099.21]
exp030-n4096-k20-d220-bs40-f1.000-r00:025508.829: log(norms):     [4096.0, 4098.89, 4101.33, 4101.39, 4101.48, 4101.47, 4101.58, 4101.52, 4101.56, 4101.57]
exp030-n4096-k20-d220-bs40-f1.000-r00:025508.853: (86 sec)
exp030-n4096-k20-d220-bs40-f1.000-r00:025508.853: Loop 65/100
exp030-n4096-k20-d220-bs40-f1.000-r00:025589.100: log(exp-norms): [4096.0, 4098.1, 4099.21]
exp030-n4096-k20-d220-bs40-f1.000-r00:025589.100: log(norms):     [4096.0, 4098.89, 4101.33, 4101.39, 4101.48, 4101.44, 4101.65, 4101.47, 4101.58, 4101.52]
exp030-n4096-k20-d220-bs40-f1.000-r00:025589.124: (81 sec)
exp030-n4096-k20-d220-bs40-f1.000-r00:025589.124: Loop 66/100
exp030-n4096-k20-d220-bs40-f1.000-r00:025677.935: log(exp-norms): [4096.0, 4098.1, 4099.21]
exp030-n4096-k20-d220-bs40-f1.000-r00:025677.936: log(norms):     [4096.0, 4098.89, 4101.33, 4101.39, 4101.48, 4101.44, 4101.65, 4101.47, 4101.58, 4101.52]
exp030-n4096-k20-d220-bs40-f1.000-r00:025677.959: (89 sec)
exp030-n4096-k20-d220-bs40-f1.000-r00:025677.959: Loop 67/100
exp030-n4096-k20-d220-bs40-f1.000-r00:025777.041: log(exp-norms): [4096.0, 4098.1, 4099.21]
exp030-n4096-k20-d220-bs40-f1.000-r00:025777.041: log(norms):     [4096.0, 4098.89, 4101.33, 4101.39, 4101.48, 4101.44, 4101.65, 4101.47, 4101.58, 4101.52]
exp030-n4096-k20-d220-bs40-f1.000-r00:025777.081: (100 sec)
exp030-n4096-k20-d220-bs40-f1.000-r00:025777.081: Loop 68/100
exp030-n4096-k20-d220-bs40-f1.000-r00:025898.399: log(exp-norms): [4096.0, 4098.1, 4099.21]
exp030-n4096-k20-d220-bs40-f1.000-r00:025898.400: log(norms):     [4096.0, 4098.89, 4101.33, 4101.39, 4101.48, 4101.44, 4101.65, 4101.47, 4101.58, 4101.74]
exp030-n4096-k20-d220-bs40-f1.000-r00:025898.423: (122 sec)
exp030-n4096-k20-d220-bs40-f1.000-r00:025898.423: Loop 69/100
exp030-n4096-k20-d220-bs40-f1.000-r00:025993.841: log(exp-norms): [4096.0, 4098.1, 4099.21]
exp030-n4096-k20-d220-bs40-f1.000-r00:025993.842: log(norms):     [4096.0, 4098.89, 4101.33, 4101.39, 4101.48, 4101.44, 4101.65, 4101.47, 4101.58, 4101.74]
exp030-n4096-k20-d220-bs40-f1.000-r00:025993.865: (96 sec)
exp030-n4096-k20-d220-bs40-f1.000-r00:025993.865: Loop 70/100
exp030-n4096-k20-d220-bs40-f1.000-r00:026099.603: log(exp-norms): [4096.0, 4098.1, 4099.21]
exp030-n4096-k20-d220-bs40-f1.000-r00:026099.603: log(norms):     [4096.0, 4098.89, 4101.33, 4101.39, 4101.48, 4101.44, 4101.65, 4101.47, 4101.58, 4101.74]
exp030-n4096-k20-d220-bs40-f1.000-r00:026099.627: (106 sec)
exp030-n4096-k20-d220-bs40-f1.000-r00:026099.627: Loop 71/100
exp030-n4096-k20-d220-bs40-f1.000-r00:026206.736: log(exp-norms): [4096.0, 4098.1, 4099.21]
exp030-n4096-k20-d220-bs40-f1.000-r00:026206.736: log(norms):     [4096.0, 4098.89, 4101.33, 4101.39, 4101.48, 4101.44, 4101.65, 4101.47, 4101.58, 4101.74]
exp030-n4096-k20-d220-bs40-f1.000-r00:026206.775: (108 sec)
exp030-n4096-k20-d220-bs40-f1.000-r00:026206.775: Loop 72/100
exp030-n4096-k20-d220-bs40-f1.000-r00:026296.429: log(exp-norms): [4096.0, 4098.1, 4099.21]
exp030-n4096-k20-d220-bs40-f1.000-r00:026296.429: log(norms):     [4096.0, 4098.89, 4101.33, 4101.39, 4101.48, 4101.44, 4101.65, 4101.47, 4101.58, 4101.51]
exp030-n4096-k20-d220-bs40-f1.000-r00:026296.452: (90 sec)
exp030-n4096-k20-d220-bs40-f1.000-r00:026296.452: Loop 73/100
exp030-n4096-k20-d220-bs40-f1.000-r00:026392.181: log(exp-norms): [4096.0, 4098.1, 4099.21]
exp030-n4096-k20-d220-bs40-f1.000-r00:026392.182: log(norms):     [4096.0, 4098.89, 4101.33, 4101.39, 4101.48, 4101.44, 4101.65, 4101.47, 4101.58, 4101.51]
exp030-n4096-k20-d220-bs40-f1.000-r00:026392.208: (96 sec)
exp030-n4096-k20-d220-bs40-f1.000-r00:026392.208: Loop 74/100
exp030-n4096-k20-d220-bs40-f1.000-r00:026490.159: log(exp-norms): [4096.0, 4098.1, 4099.21]
exp030-n4096-k20-d220-bs40-f1.000-r00:026490.159: log(norms):     [4096.0, 4098.89, 4101.33, 4101.39, 4101.48, 4101.44, 4101.65, 4101.47, 4101.58, 4101.51]
exp030-n4096-k20-d220-bs40-f1.000-r00:026490.185: (98 sec)
exp030-n4096-k20-d220-bs40-f1.000-r00:026490.185: Loop 75/100
exp030-n4096-k20-d220-bs40-f1.000-r00:026593.845: log(exp-norms): [4096.0, 4098.1, 4099.21]
exp030-n4096-k20-d220-bs40-f1.000-r00:026593.845: log(norms):     [4096.0, 4098.89, 4101.33, 4101.39, 4101.48, 4101.44, 4101.65, 4101.47, 4101.58, 4101.51]
exp030-n4096-k20-d220-bs40-f1.000-r00:026593.871: (104 sec)
exp030-n4096-k20-d220-bs40-f1.000-r00:026593.871: Loop 76/100
exp030-n4096-k20-d220-bs40-f1.000-r00:026704.897: log(exp-norms): [4096.0, 4098.1, 4099.21]
exp030-n4096-k20-d220-bs40-f1.000-r00:026704.898: log(norms):     [4096.0, 4098.89, 4101.33, 4101.39, 4101.48, 4101.44, 4101.65, 4101.47, 4101.58, 4101.51]
exp030-n4096-k20-d220-bs40-f1.000-r00:026704.936: (112 sec)
exp030-n4096-k20-d220-bs40-f1.000-r00:026704.937: Loop 77/100
exp030-n4096-k20-d220-bs40-f1.000-r00:026831.202: log(exp-norms): [4096.0, 4098.1, 4099.21]
exp030-n4096-k20-d220-bs40-f1.000-r00:026831.202: log(norms):     [4096.0, 4098.89, 4101.33, 4101.39, 4101.48, 4101.44, 4101.65, 4101.47, 4101.58, 4101.51]
exp030-n4096-k20-d220-bs40-f1.000-r00:026831.240: (127 sec)
exp030-n4096-k20-d220-bs40-f1.000-r00:026831.241: Loop 78/100
exp030-n4096-k20-d220-bs40-f1.000-r00:026970.135: log(exp-norms): [4096.0, 4098.1, 4099.21]
exp030-n4096-k20-d220-bs40-f1.000-r00:026970.135: log(norms):     [4096.0, 4098.89, 4101.33, 4101.39, 4101.48, 4101.44, 4101.65, 4101.47, 4101.58, 4101.51]
exp030-n4096-k20-d220-bs40-f1.000-r00:026970.158: (139 sec)
exp030-n4096-k20-d220-bs40-f1.000-r00:026970.158: Loop 79/100
exp030-n4096-k20-d220-bs40-f1.000-r00:027090.724: log(exp-norms): [4096.0, 4098.1, 4099.21]
exp030-n4096-k20-d220-bs40-f1.000-r00:027090.724: log(norms):     [4096.0, 4098.89, 4101.33, 4101.39, 4101.48, 4101.44, 4101.65, 4101.47, 4101.58, 4101.51]
exp030-n4096-k20-d220-bs40-f1.000-r00:027090.764: (121 sec)
exp030-n4096-k20-d220-bs40-f1.000-r00:027090.764: Loop 80/100
exp030-n4096-k20-d220-bs40-f1.000-r00:027226.040: log(exp-norms): [4096.0, 4098.1, 4099.21]
exp030-n4096-k20-d220-bs40-f1.000-r00:027226.040: log(norms):     [4096.0, 4098.89, 4101.33, 4101.39, 4101.48, 4101.44, 4101.65, 4101.47, 4101.58, 4101.51]
exp030-n4096-k20-d220-bs40-f1.000-r00:027226.079: (136 sec)
exp030-n4096-k20-d220-bs40-f1.000-r00:027226.080: Loop 81/100
exp030-n4096-k20-d220-bs40-f1.000-r00:027318.999: log(exp-norms): [4096.0, 4098.1, 4099.21]
exp030-n4096-k20-d220-bs40-f1.000-r00:027318.999: log(norms):     [4096.0, 4098.89, 4101.33, 4101.39, 4101.48, 4101.44, 4101.65, 4101.47, 4101.58, 4101.51]
exp030-n4096-k20-d220-bs40-f1.000-r00:027319.023: (93 sec)
exp030-n4096-k20-d220-bs40-f1.000-r00:027319.023: Loop 82/100
exp030-n4096-k20-d220-bs40-f1.000-r00:027453.393: log(exp-norms): [4096.0, 4098.1, 4099.21]
exp030-n4096-k20-d220-bs40-f1.000-r00:027453.394: log(norms):     [4096.0, 4098.89, 4101.33, 4101.39, 4101.48, 4101.44, 4101.65, 4101.47, 4101.58, 4101.51]
exp030-n4096-k20-d220-bs40-f1.000-r00:027453.433: (135 sec)
exp030-n4096-k20-d220-bs40-f1.000-r00:027453.433: Loop 83/100
exp030-n4096-k20-d220-bs40-f1.000-r00:027552.684: log(exp-norms): [4096.0, 4098.1, 4099.21]
exp030-n4096-k20-d220-bs40-f1.000-r00:027552.684: log(norms):     [4096.0, 4098.89, 4101.33, 4101.39, 4101.48, 4101.44, 4101.65, 4101.47, 4101.58, 4101.51]
exp030-n4096-k20-d220-bs40-f1.000-r00:027552.708: (100 sec)
exp030-n4096-k20-d220-bs40-f1.000-r00:027552.709: Loop 84/100
exp030-n4096-k20-d220-bs40-f1.000-r00:027638.393: log(exp-norms): [4096.0, 4098.1, 4099.21]
exp030-n4096-k20-d220-bs40-f1.000-r00:027638.393: log(norms):     [4096.0, 4098.89, 4101.33, 4101.39, 4101.48, 4101.44, 4101.65, 4101.47, 4101.47, 4101.51]
exp030-n4096-k20-d220-bs40-f1.000-r00:027638.416: (86 sec)
exp030-n4096-k20-d220-bs40-f1.000-r00:027638.416: Loop 85/100
exp030-n4096-k20-d220-bs40-f1.000-r00:027722.448: log(exp-norms): [4096.0, 4098.1, 4099.21]
exp030-n4096-k20-d220-bs40-f1.000-r00:027722.448: log(norms):     [4096.0, 4098.89, 4101.33, 4101.39, 4101.48, 4101.44, 4101.65, 4101.47, 4101.47, 4101.51]
exp030-n4096-k20-d220-bs40-f1.000-r00:027722.477: (85 sec)
exp030-n4096-k20-d220-bs40-f1.000-r00:027722.477: Loop 86/100
exp030-n4096-k20-d220-bs40-f1.000-r00:027820.091: log(exp-norms): [4096.0, 4098.1, 4099.21]
exp030-n4096-k20-d220-bs40-f1.000-r00:027820.091: log(norms):     [4096.0, 4098.89, 4101.33, 4101.39, 4101.48, 4101.44, 4101.65, 4101.47, 4101.47, 4101.59]
exp030-n4096-k20-d220-bs40-f1.000-r00:027820.131: (98 sec)
exp030-n4096-k20-d220-bs40-f1.000-r00:027820.131: Loop 87/100
exp030-n4096-k20-d220-bs40-f1.000-r00:027906.152: log(exp-norms): [4096.0, 4098.1, 4099.21]
exp030-n4096-k20-d220-bs40-f1.000-r00:027906.153: log(norms):     [4096.0, 4098.89, 4101.33, 4101.39, 4101.48, 4101.44, 4101.65, 4101.47, 4101.47, 4101.59]
exp030-n4096-k20-d220-bs40-f1.000-r00:027906.176: (87 sec)
exp030-n4096-k20-d220-bs40-f1.000-r00:027906.176: Loop 88/100
exp030-n4096-k20-d220-bs40-f1.000-r00:027990.795: log(exp-norms): [4096.0, 4098.1, 4099.21]
exp030-n4096-k20-d220-bs40-f1.000-r00:027990.795: log(norms):     [4096.0, 4098.89, 4101.33, 4101.39, 4101.48, 4101.44, 4101.65, 4101.47, 4101.47, 4101.59]
exp030-n4096-k20-d220-bs40-f1.000-r00:027990.818: (85 sec)
exp030-n4096-k20-d220-bs40-f1.000-r00:027990.819: Loop 89/100
exp030-n4096-k20-d220-bs40-f1.000-r00:028106.358: log(exp-norms): [4096.0, 4098.1, 4099.21]
exp030-n4096-k20-d220-bs40-f1.000-r00:028106.358: log(norms):     [4096.0, 4098.89, 4101.33, 4101.39, 4101.48, 4101.44, 4101.65, 4101.47, 4101.47, 4101.69]
exp030-n4096-k20-d220-bs40-f1.000-r00:028106.396: (116 sec)
exp030-n4096-k20-d220-bs40-f1.000-r00:028106.397: Loop 90/100
exp030-n4096-k20-d220-bs40-f1.000-r00:028225.646: log(exp-norms): [4096.0, 4098.1, 4099.21]
exp030-n4096-k20-d220-bs40-f1.000-r00:028225.647: log(norms):     [4096.0, 4098.89, 4101.33, 4101.39, 4101.48, 4101.44, 4101.65, 4101.47, 4101.47, 4101.69]
exp030-n4096-k20-d220-bs40-f1.000-r00:028225.670: (120 sec)
exp030-n4096-k20-d220-bs40-f1.000-r00:028225.670: Loop 91/100
exp030-n4096-k20-d220-bs40-f1.000-r00:028305.881: log(exp-norms): [4096.0, 4098.1, 4099.21]
exp030-n4096-k20-d220-bs40-f1.000-r00:028305.881: log(norms):     [4096.0, 4098.89, 4101.33, 4101.39, 4101.4, 4101.48, 4101.44, 4101.65, 4101.47, 4101.48]
exp030-n4096-k20-d220-bs40-f1.000-r00:028305.905: (81 sec)
exp030-n4096-k20-d220-bs40-f1.000-r00:028305.905: Loop 92/100
exp030-n4096-k20-d220-bs40-f1.000-r00:028390.644: log(exp-norms): [4096.0, 4098.1, 4099.21]
exp030-n4096-k20-d220-bs40-f1.000-r00:028390.644: log(norms):     [4096.0, 4098.89, 4101.33, 4101.39, 4101.4, 4101.48, 4101.44, 4101.65, 4101.5, 4101.52]
exp030-n4096-k20-d220-bs40-f1.000-r00:028390.668: (85 sec)
exp030-n4096-k20-d220-bs40-f1.000-r00:028390.668: Loop 93/100
exp030-n4096-k20-d220-bs40-f1.000-r00:028478.576: log(exp-norms): [4096.0, 4098.1, 4099.21]
exp030-n4096-k20-d220-bs40-f1.000-r00:028478.577: log(norms):     [4096.0, 4098.89, 4101.33, 4101.39, 4101.4, 4101.48, 4101.44, 4101.65, 4101.5, 4101.52]
exp030-n4096-k20-d220-bs40-f1.000-r00:028478.600: (88 sec)
exp030-n4096-k20-d220-bs40-f1.000-r00:028478.601: Loop 94/100
exp030-n4096-k20-d220-bs40-f1.000-r00:028565.433: log(exp-norms): [4096.0, 4098.1, 4099.21]
exp030-n4096-k20-d220-bs40-f1.000-r00:028565.433: log(norms):     [4096.0, 4098.89, 4101.33, 4101.39, 4101.4, 4101.48, 4101.44, 4101.65, 4101.5, 4101.52]
exp030-n4096-k20-d220-bs40-f1.000-r00:028565.456: (87 sec)
exp030-n4096-k20-d220-bs40-f1.000-r00:028565.456: Loop 95/100
exp030-n4096-k20-d220-bs40-f1.000-r00:028652.042: log(exp-norms): [4096.0, 4098.1, 4099.21]
exp030-n4096-k20-d220-bs40-f1.000-r00:028652.042: log(norms):     [4096.0, 4098.89, 4101.33, 4101.39, 4101.4, 4101.48, 4101.44, 4101.65, 4101.5, 4101.52]
exp030-n4096-k20-d220-bs40-f1.000-r00:028652.067: (87 sec)
exp030-n4096-k20-d220-bs40-f1.000-r00:028652.067: Loop 96/100
exp030-n4096-k20-d220-bs40-f1.000-r00:028771.168: log(exp-norms): [4096.0, 4098.1, 4099.21]
exp030-n4096-k20-d220-bs40-f1.000-r00:028771.168: log(norms):     [4096.0, 4098.89, 4101.33, 4101.39, 4101.4, 4101.48, 4101.44, 4101.65, 4101.5, 4101.52]
exp030-n4096-k20-d220-bs40-f1.000-r00:028771.207: (120 sec)
exp030-n4096-k20-d220-bs40-f1.000-r00:028771.207: Loop 97/100
exp030-n4096-k20-d220-bs40-f1.000-r00:028908.029: log(exp-norms): [4096.0, 4098.1, 4099.21]
exp030-n4096-k20-d220-bs40-f1.000-r00:028908.029: log(norms):     [4096.0, 4098.89, 4101.33, 4101.39, 4101.4, 4101.48, 4101.44, 4101.65, 4101.5, 4101.52]
exp030-n4096-k20-d220-bs40-f1.000-r00:028908.068: (137 sec)
exp030-n4096-k20-d220-bs40-f1.000-r00:028908.068: Loop 98/100
exp030-n4096-k20-d220-bs40-f1.000-r00:029032.949: log(exp-norms): [4096.0, 4098.1, 4099.21]
exp030-n4096-k20-d220-bs40-f1.000-r00:029032.949: log(norms):     [4096.0, 4098.89, 4101.33, 4101.39, 4101.4, 4101.48, 4101.44, 4101.65, 4101.5, 4101.52]
exp030-n4096-k20-d220-bs40-f1.000-r00:029032.974: (125 sec)
exp030-n4096-k20-d220-bs40-f1.000-r00:029032.974: Loop 99/100
exp030-n4096-k20-d220-bs40-f1.000-r00:029119.113: log(exp-norms): [4096.0, 4098.1, 4099.21]
exp030-n4096-k20-d220-bs40-f1.000-r00:029119.114: log(norms):     [4096.0, 4098.89, 4101.33, 4101.39, 4101.4, 4101.48, 4101.44, 4101.65, 4101.5, 4101.52]
exp030-n4096-k20-d220-bs40-f1.000-r00:029119.138: (87 sec)
exp030-n4096-k20-d220-bs40-f1.000-r00:029119.138: Loop 100/100
exp030-n4096-k20-d220-bs40-f1.000-r00:029199.985: log(exp-norms): [4096.0, 4098.1, 4099.21]
exp030-n4096-k20-d220-bs40-f1.000-r00:029199.985: log(norms):     [4096.0, 4098.89, 4101.33, 4101.39, 4101.4, 4101.47, 4101.44, 4101.48, 4101.52, 4101.5]
exp030-n4096-k20-d220-bs40-f1.000-r00:029200.009: (81 sec)
exp030-n4096-k20-d220-bs40-f1.000-r00:029200.009: ==========================Summary===========================
exp030-n4096-k20-d220-bs40-f1.000-r00:029200.009: Total time: 29200sec
exp030-n4096-k20-d220-bs40-f1.000-r00:029200.009: FAIL
exp030-n4096-k20-d220-bs40-f1.000-r00:029200.009: SUMMARY:n:4096:k:20:d:220:bs:40:t:29200:r:False
