exp037-n4096-k20-d230-bs50-f1.000-r00:000000.610: ==========================Instance==========================
exp037-n4096-k20-d230-bs50-f1.000-r00:000000.610: # of equations: 230
exp037-n4096-k20-d230-bs50-f1.000-r00:000000.618: Gap: 3.76
exp037-n4096-k20-d230-bs50-f1.000-r00:000000.636: Tau: 3.83
exp037-n4096-k20-d230-bs50-f1.000-r00:000000.637: ======================BKZ-50 reduction======================
exp037-n4096-k20-d230-bs50-f1.000-r00:000007.984: Expectedly achievable log(norm): 4102.18
exp037-n4096-k20-d230-bs50-f1.000-r00:000015.809: log(exp-norms): [4096.0, 4098.14, 4100.05]
exp037-n4096-k20-d230-bs50-f1.000-r00:000015.810: log(norms):     [4119.17, 4098.93, 4116.0, 4116.0, 4116.0, 4116.0, 4116.0, 4116.0, 4116.0, 4116.0]
exp037-n4096-k20-d230-bs50-f1.000-r00:000015.908: Loop 1/100
exp037-n4096-k20-d230-bs50-f1.000-r00:019050.140: log(exp-norms): [4096.0, 4098.14, 4100.05]
exp037-n4096-k20-d230-bs50-f1.000-r00:019050.141: log(norms):     [4098.93, 4104.57, 4104.71, 4104.8, 4104.96, 4104.94, 4104.84, 4104.92, 4104.96, 4104.95]
exp037-n4096-k20-d230-bs50-f1.000-r00:019050.181: (19035 sec)
exp037-n4096-k20-d230-bs50-f1.000-r00:019050.182: Loop 2/100
exp037-n4096-k20-d230-bs50-f1.000-r00:020464.646: log(exp-norms): [4096.0, 4098.14, 4100.05]
exp037-n4096-k20-d230-bs50-f1.000-r00:020464.647: log(norms):     [4098.93, 4104.29, 4104.31, 4104.43, 4104.31, 4104.36, 4104.6, 4104.41, 4104.57, 4104.58]
exp037-n4096-k20-d230-bs50-f1.000-r00:020464.688: (1415 sec)
exp037-n4096-k20-d230-bs50-f1.000-r00:020464.688: Loop 3/100
exp037-n4096-k20-d230-bs50-f1.000-r00:021799.844: log(exp-norms): [4096.0, 4098.14, 4100.05]
exp037-n4096-k20-d230-bs50-f1.000-r00:021799.845: log(norms):     [4098.93, 4104.02, 4104.03, 4104.1, 4104.0, 4104.04, 4104.01, 4104.05, 4103.95, 4104.05]
exp037-n4096-k20-d230-bs50-f1.000-r00:021799.870: (1336 sec)
exp037-n4096-k20-d230-bs50-f1.000-r00:021799.870: Loop 4/100
exp037-n4096-k20-d230-bs50-f1.000-r00:023073.756: log(exp-norms): [4096.0, 4098.14, 4100.05]
exp037-n4096-k20-d230-bs50-f1.000-r00:023073.757: log(norms):     [4098.93, 4103.69, 4103.75, 4103.67, 4103.71, 4103.73, 4103.83, 4103.84, 4103.98, 4103.68]
exp037-n4096-k20-d230-bs50-f1.000-r00:023073.799: (1274 sec)
exp037-n4096-k20-d230-bs50-f1.000-r00:023073.799: Loop 5/100
exp037-n4096-k20-d230-bs50-f1.000-r00:024134.289: log(exp-norms): [4096.0, 4098.14, 4100.05]
exp037-n4096-k20-d230-bs50-f1.000-r00:024134.289: log(norms):     [4096.0, 4098.93, 4103.45, 4103.47, 4103.55, 4103.5, 4103.54, 4103.5, 4103.48, 4103.43]
exp037-n4096-k20-d230-bs50-f1.000-r00:024134.315: (1061 sec)
exp037-n4096-k20-d230-bs50-f1.000-r00:024134.315: Loop 6/100
exp037-n4096-k20-d230-bs50-f1.000-r00:025095.186: log(exp-norms): [4096.0, 4098.14, 4100.05]
exp037-n4096-k20-d230-bs50-f1.000-r00:025095.187: log(norms):     [4096.0, 4098.93, 4103.17, 4103.19, 4103.24, 4103.24, 4103.24, 4103.22, 4103.3, 4103.14]
exp037-n4096-k20-d230-bs50-f1.000-r00:025095.211: (961 sec)
exp037-n4096-k20-d230-bs50-f1.000-r00:025095.211: Loop 7/100
exp037-n4096-k20-d230-bs50-f1.000-r00:026059.052: log(exp-norms): [4096.0, 4098.14, 4100.05]
exp037-n4096-k20-d230-bs50-f1.000-r00:026059.053: log(norms):     [4096.0, 4098.93, 4103.0, 4103.01, 4103.09, 4102.98, 4103.09, 4103.25, 4103.15, 4103.26]
exp037-n4096-k20-d230-bs50-f1.000-r00:026059.077: (964 sec)
exp037-n4096-k20-d230-bs50-f1.000-r00:026059.077: Loop 8/100
exp037-n4096-k20-d230-bs50-f1.000-r00:026940.371: log(exp-norms): [4096.0, 4098.14, 4100.05]
exp037-n4096-k20-d230-bs50-f1.000-r00:026940.372: log(norms):     [4096.0, 4098.93, 4102.86, 4102.97, 4102.96, 4103.03, 4102.96, 4103.11, 4102.94, 4103.01]
exp037-n4096-k20-d230-bs50-f1.000-r00:026940.397: (882 sec)
exp037-n4096-k20-d230-bs50-f1.000-r00:026940.397: Loop 9/100
exp037-n4096-k20-d230-bs50-f1.000-r00:027770.117: log(exp-norms): [4096.0, 4098.14, 4100.05]
exp037-n4096-k20-d230-bs50-f1.000-r00:027770.117: log(norms):     [4096.0, 4098.93, 4102.73, 4102.84, 4102.76, 4102.79, 4102.84, 4102.74, 4103.01, 4102.99]
exp037-n4096-k20-d230-bs50-f1.000-r00:027770.143: (830 sec)
exp037-n4096-k20-d230-bs50-f1.000-r00:027770.144: Loop 10/100
exp037-n4096-k20-d230-bs50-f1.000-r00:028674.994: log(exp-norms): [4096.0, 4098.14, 4100.05]
exp037-n4096-k20-d230-bs50-f1.000-r00:028674.994: log(norms):     [4096.0, 4098.93, 4102.67, 4102.71, 4102.61, 4102.69, 4102.85, 4102.71, 4102.85, 4102.86]
exp037-n4096-k20-d230-bs50-f1.000-r00:028675.019: (905 sec)
exp037-n4096-k20-d230-bs50-f1.000-r00:028675.019: Loop 11/100
exp037-n4096-k20-d230-bs50-f1.000-r00:029460.800: log(exp-norms): [4096.0, 4098.14, 4100.05]
exp037-n4096-k20-d230-bs50-f1.000-r00:029460.801: log(norms):     [4096.0, 4098.93, 4102.51, 4102.54, 4102.63, 4102.73, 4102.7, 4102.6, 4102.65, 4102.79]
exp037-n4096-k20-d230-bs50-f1.000-r00:029460.841: (786 sec)
exp037-n4096-k20-d230-bs50-f1.000-r00:029460.842: Loop 12/100
exp037-n4096-k20-d230-bs50-f1.000-r00:030319.284: log(exp-norms): [4096.0, 4098.14, 4100.05]
exp037-n4096-k20-d230-bs50-f1.000-r00:030319.285: log(norms):     [4096.0, 4098.93, 4102.46, 4102.51, 4102.62, 4102.51, 4102.51, 4102.72, 4102.68, 4102.73]
exp037-n4096-k20-d230-bs50-f1.000-r00:030319.309: (859 sec)
exp037-n4096-k20-d230-bs50-f1.000-r00:030319.309: Loop 13/100
exp037-n4096-k20-d230-bs50-f1.000-r00:031098.410: log(exp-norms): [4096.0, 4098.14, 4100.05]
exp037-n4096-k20-d230-bs50-f1.000-r00:031098.410: log(norms):     [4096.0, 4098.93, 4102.46, 4102.46, 4102.51, 4102.52, 4102.68, 4102.55, 4102.78, 4102.7]
exp037-n4096-k20-d230-bs50-f1.000-r00:031098.435: (780 sec)
exp037-n4096-k20-d230-bs50-f1.000-r00:031098.436: Loop 14/100
exp037-n4096-k20-d230-bs50-f1.000-r00:031951.744: log(exp-norms): [4096.0, 4098.14, 4100.05]
exp037-n4096-k20-d230-bs50-f1.000-r00:031951.744: log(norms):     [4096.0, 4098.93, 4102.38, 4102.41, 4102.42, 4102.5, 4102.42, 4102.58, 4102.41, 4102.56]
exp037-n4096-k20-d230-bs50-f1.000-r00:031951.769: (854 sec)
exp037-n4096-k20-d230-bs50-f1.000-r00:031951.769: Loop 15/100
exp037-n4096-k20-d230-bs50-f1.000-r00:032705.014: log(exp-norms): [4096.0, 4098.14, 4100.05]
exp037-n4096-k20-d230-bs50-f1.000-r00:032705.015: log(norms):     [4096.0, 4098.93, 4102.38, 4102.41, 4102.41, 4102.44, 4102.42, 4102.4, 4102.6, 4102.51]
exp037-n4096-k20-d230-bs50-f1.000-r00:032705.055: (754 sec)
exp037-n4096-k20-d230-bs50-f1.000-r00:032705.056: Loop 16/100
exp037-n4096-k20-d230-bs50-f1.000-r00:033479.235: log(exp-norms): [4096.0, 4098.14, 4100.05]
exp037-n4096-k20-d230-bs50-f1.000-r00:033479.235: log(norms):     [4096.0, 4098.93, 4102.36, 4102.44, 4102.45, 4102.42, 4102.59, 4102.52, 4102.56, 4102.54]
exp037-n4096-k20-d230-bs50-f1.000-r00:033479.260: (775 sec)
exp037-n4096-k20-d230-bs50-f1.000-r00:033479.260: Loop 17/100
exp037-n4096-k20-d230-bs50-f1.000-r00:034398.217: log(exp-norms): [4096.0, 4098.14, 4100.05]
exp037-n4096-k20-d230-bs50-f1.000-r00:034398.218: log(norms):     [4096.0, 4098.93, 4102.36, 4102.46, 4102.44, 4102.39, 4102.42, 4102.51, 4102.35, 4102.5]
exp037-n4096-k20-d230-bs50-f1.000-r00:034398.242: (919 sec)
exp037-n4096-k20-d230-bs50-f1.000-r00:034398.242: Loop 18/100
exp037-n4096-k20-d230-bs50-f1.000-r00:035232.474: log(exp-norms): [4096.0, 4098.14, 4100.05]
exp037-n4096-k20-d230-bs50-f1.000-r00:035232.474: log(norms):     [4096.0, 4098.93, 4102.31, 4102.36, 4102.35, 4102.46, 4102.5, 4102.37, 4102.5, 4102.48]
exp037-n4096-k20-d230-bs50-f1.000-r00:035232.498: (835 sec)
exp037-n4096-k20-d230-bs50-f1.000-r00:035232.499: Loop 19/100
exp037-n4096-k20-d230-bs50-f1.000-r00:035946.974: log(exp-norms): [4096.0, 4098.14, 4100.05]
exp037-n4096-k20-d230-bs50-f1.000-r00:035946.975: log(norms):     [4096.0, 4098.93, 4102.29, 4102.31, 4102.47, 4102.36, 4102.36, 4102.43, 4102.5, 4102.46]
exp037-n4096-k20-d230-bs50-f1.000-r00:035946.998: (715 sec)
exp037-n4096-k20-d230-bs50-f1.000-r00:035946.999: Loop 20/100
exp037-n4096-k20-d230-bs50-f1.000-r00:036621.338: log(exp-norms): [4096.0, 4098.14, 4100.05]
exp037-n4096-k20-d230-bs50-f1.000-r00:036621.338: log(norms):     [4096.0, 4098.93, 4102.29, 4102.31, 4102.28, 4102.39, 4102.36, 4102.51, 4102.36, 4102.58]
exp037-n4096-k20-d230-bs50-f1.000-r00:036621.362: (675 sec)
exp037-n4096-k20-d230-bs50-f1.000-r00:036621.363: Loop 21/100
exp037-n4096-k20-d230-bs50-f1.000-r00:037328.230: log(exp-norms): [4096.0, 4098.14, 4100.05]
exp037-n4096-k20-d230-bs50-f1.000-r00:037328.231: log(norms):     [4096.0, 4098.93, 4102.29, 4102.32, 4102.31, 4102.33, 4102.28, 4102.39, 4102.36, 4102.54]
exp037-n4096-k20-d230-bs50-f1.000-r00:037328.256: (707 sec)
exp037-n4096-k20-d230-bs50-f1.000-r00:037328.256: Loop 22/100
exp037-n4096-k20-d230-bs50-f1.000-r00:037987.938: log(exp-norms): [4096.0, 4098.14, 4100.05]
exp037-n4096-k20-d230-bs50-f1.000-r00:037987.939: log(norms):     [4096.0, 4098.93, 4102.18, 4102.32, 4102.42, 4102.32, 4102.39, 4102.37, 4102.58, 4102.33]
exp037-n4096-k20-d230-bs50-f1.000-r00:037987.963: (660 sec)
exp037-n4096-k20-d230-bs50-f1.000-r00:037987.964: Loop 23/100
exp037-n4096-k20-d230-bs50-f1.000-r00:038699.102: log(exp-norms): [4096.0, 4098.14, 4100.05]
exp037-n4096-k20-d230-bs50-f1.000-r00:038699.102: log(norms):     [4096.0, 4098.93, 4102.18, 4102.35, 4102.31, 4102.3, 4102.32, 4102.53, 4102.42, 4102.43]
exp037-n4096-k20-d230-bs50-f1.000-r00:038699.127: (712 sec)
exp037-n4096-k20-d230-bs50-f1.000-r00:038699.127: Loop 24/100
exp037-n4096-k20-d230-bs50-f1.000-r00:039363.251: log(exp-norms): [4096.0, 4098.14, 4100.05]
exp037-n4096-k20-d230-bs50-f1.000-r00:039363.251: log(norms):     [4096.0, 4098.93, 4102.18, 4102.35, 4102.31, 4102.3, 4102.47, 4102.32, 4102.38, 4102.25]
exp037-n4096-k20-d230-bs50-f1.000-r00:039363.275: (665 sec)
exp037-n4096-k20-d230-bs50-f1.000-r00:039363.275: Loop 25/100
exp037-n4096-k20-d230-bs50-f1.000-r00:040028.642: log(exp-norms): [4096.0, 4098.14, 4100.05]
exp037-n4096-k20-d230-bs50-f1.000-r00:040028.642: log(norms):     [4096.0, 4098.93, 4102.18, 4102.35, 4102.31, 4102.3, 4102.47, 4102.4, 4102.32, 4102.34]
exp037-n4096-k20-d230-bs50-f1.000-r00:040028.666: (666 sec)
exp037-n4096-k20-d230-bs50-f1.000-r00:040028.666: Loop 26/100
exp037-n4096-k20-d230-bs50-f1.000-r00:040718.059: log(exp-norms): [4096.0, 4098.14, 4100.05]
exp037-n4096-k20-d230-bs50-f1.000-r00:040718.059: log(norms):     [4096.0, 4098.93, 4102.18, 4102.35, 4102.31, 4102.3, 4102.47, 4102.4, 4102.32, 4102.34]
exp037-n4096-k20-d230-bs50-f1.000-r00:040718.083: (690 sec)
exp037-n4096-k20-d230-bs50-f1.000-r00:040718.083: Loop 27/100
exp037-n4096-k20-d230-bs50-f1.000-r00:041377.866: log(exp-norms): [4096.0, 4098.14, 4100.05]
exp037-n4096-k20-d230-bs50-f1.000-r00:041377.867: log(norms):     [4096.0, 4098.93, 4102.18, 4102.35, 4102.31, 4102.3, 4102.47, 4102.32, 4102.44, 4102.57]
exp037-n4096-k20-d230-bs50-f1.000-r00:041377.890: (660 sec)
exp037-n4096-k20-d230-bs50-f1.000-r00:041377.890: Loop 28/100
exp037-n4096-k20-d230-bs50-f1.000-r00:042048.900: log(exp-norms): [4096.0, 4098.14, 4100.05]
exp037-n4096-k20-d230-bs50-f1.000-r00:042048.900: log(norms):     [4096.0, 4098.93, 4102.18, 4102.23, 4102.36, 4102.41, 4102.44, 4102.41, 4102.46, 4102.39]
exp037-n4096-k20-d230-bs50-f1.000-r00:042048.924: (672 sec)
exp037-n4096-k20-d230-bs50-f1.000-r00:042048.924: Loop 29/100
exp037-n4096-k20-d230-bs50-f1.000-r00:042725.031: log(exp-norms): [4096.0, 4098.14, 4100.05]
exp037-n4096-k20-d230-bs50-f1.000-r00:042725.031: log(norms):     [4096.0, 4098.93, 4102.18, 4102.23, 4102.36, 4102.35, 4102.26, 4102.37, 4102.55, 4102.3]
exp037-n4096-k20-d230-bs50-f1.000-r00:042725.055: (677 sec)
exp037-n4096-k20-d230-bs50-f1.000-r00:042725.055: Loop 30/100
exp037-n4096-k20-d230-bs50-f1.000-r00:043387.133: log(exp-norms): [4096.0, 4098.14, 4100.05]
exp037-n4096-k20-d230-bs50-f1.000-r00:043387.133: log(norms):     [4096.0, 4098.93, 4102.14, 4102.18, 4102.36, 4102.48, 4102.53, 4102.23, 4102.42, 4102.37]
exp037-n4096-k20-d230-bs50-f1.000-r00:043387.157: (663 sec)
exp037-n4096-k20-d230-bs50-f1.000-r00:043387.157: Loop 31/100
exp037-n4096-k20-d230-bs50-f1.000-r00:044060.506: log(exp-norms): [4096.0, 4098.14, 4100.05]
exp037-n4096-k20-d230-bs50-f1.000-r00:044060.506: log(norms):     [4096.0, 4098.93, 4102.14, 4102.18, 4102.36, 4102.42, 4102.31, 4102.48, 4102.42, 4102.53]
exp037-n4096-k20-d230-bs50-f1.000-r00:044060.530: (674 sec)
exp037-n4096-k20-d230-bs50-f1.000-r00:044060.530: Loop 32/100
exp037-n4096-k20-d230-bs50-f1.000-r00:044716.050: log(exp-norms): [4096.0, 4098.14, 4100.05]
exp037-n4096-k20-d230-bs50-f1.000-r00:044716.050: log(norms):     [4096.0, 4098.93, 4102.14, 4102.18, 4102.36, 4102.42, 4102.31, 4102.48, 4102.42, 4102.53]
exp037-n4096-k20-d230-bs50-f1.000-r00:044716.074: (656 sec)
exp037-n4096-k20-d230-bs50-f1.000-r00:044716.074: Loop 33/100
exp037-n4096-k20-d230-bs50-f1.000-r00:045371.651: log(exp-norms): [4096.0, 4098.14, 4100.05]
exp037-n4096-k20-d230-bs50-f1.000-r00:045371.652: log(norms):     [4096.0, 4098.93, 4102.14, 4102.18, 4102.36, 4102.42, 4102.31, 4102.48, 4102.42, 4102.53]
exp037-n4096-k20-d230-bs50-f1.000-r00:045371.675: (656 sec)
exp037-n4096-k20-d230-bs50-f1.000-r00:045371.675: Loop 34/100
exp037-n4096-k20-d230-bs50-f1.000-r00:046035.525: log(exp-norms): [4096.0, 4098.14, 4100.05]
exp037-n4096-k20-d230-bs50-f1.000-r00:046035.526: log(norms):     [4096.0, 4098.93, 4102.14, 4102.18, 4102.36, 4102.37, 4102.42, 4102.31, 4102.34, 4102.38]
exp037-n4096-k20-d230-bs50-f1.000-r00:046035.549: (664 sec)
exp037-n4096-k20-d230-bs50-f1.000-r00:046035.550: Loop 35/100
exp037-n4096-k20-d230-bs50-f1.000-r00:046709.055: log(exp-norms): [4096.0, 4098.14, 4100.05]
exp037-n4096-k20-d230-bs50-f1.000-r00:046709.055: log(norms):     [4096.0, 4098.93, 4102.14, 4102.18, 4102.36, 4102.37, 4102.42, 4102.31, 4102.34, 4102.38]
exp037-n4096-k20-d230-bs50-f1.000-r00:046709.079: (674 sec)
exp037-n4096-k20-d230-bs50-f1.000-r00:046709.079: Loop 36/100
exp037-n4096-k20-d230-bs50-f1.000-r00:047380.599: log(exp-norms): [4096.0, 4098.14, 4100.05]
exp037-n4096-k20-d230-bs50-f1.000-r00:047380.599: log(norms):     [4096.0, 4098.93, 4102.14, 4102.18, 4102.36, 4102.37, 4102.42, 4102.31, 4102.36, 4102.42]
exp037-n4096-k20-d230-bs50-f1.000-r00:047380.623: (672 sec)
exp037-n4096-k20-d230-bs50-f1.000-r00:047380.623: Loop 37/100
exp037-n4096-k20-d230-bs50-f1.000-r00:048033.419: log(exp-norms): [4096.0, 4098.14, 4100.05]
exp037-n4096-k20-d230-bs50-f1.000-r00:048033.420: log(norms):     [4096.0, 4098.93, 4102.14, 4102.18, 4102.3, 4102.31, 4102.36, 4102.37, 4102.42, 4102.42]
exp037-n4096-k20-d230-bs50-f1.000-r00:048033.444: (653 sec)
exp037-n4096-k20-d230-bs50-f1.000-r00:048033.444: Loop 38/100
exp037-n4096-k20-d230-bs50-f1.000-r00:048694.772: log(exp-norms): [4096.0, 4098.14, 4100.05]
exp037-n4096-k20-d230-bs50-f1.000-r00:048694.773: log(norms):     [4096.0, 4098.93, 4102.14, 4102.18, 4102.3, 4102.31, 4102.42, 4102.36, 4102.42, 4102.42]
exp037-n4096-k20-d230-bs50-f1.000-r00:048694.796: (662 sec)
exp037-n4096-k20-d230-bs50-f1.000-r00:048694.796: Loop 39/100
exp037-n4096-k20-d230-bs50-f1.000-r00:049364.125: log(exp-norms): [4096.0, 4098.14, 4100.05]
exp037-n4096-k20-d230-bs50-f1.000-r00:049364.126: log(norms):     [4096.0, 4098.93, 4102.14, 4102.18, 4102.3, 4102.31, 4102.42, 4102.36, 4102.42, 4102.31]
exp037-n4096-k20-d230-bs50-f1.000-r00:049364.149: (670 sec)
exp037-n4096-k20-d230-bs50-f1.000-r00:049364.149: Loop 40/100
exp037-n4096-k20-d230-bs50-f1.000-r00:050044.758: log(exp-norms): [4096.0, 4098.14, 4100.05]
exp037-n4096-k20-d230-bs50-f1.000-r00:050044.758: log(norms):     [4096.0, 4098.93, 4102.14, 4102.18, 4102.3, 4102.31, 4102.42, 4102.36, 4102.42, 4102.31]
exp037-n4096-k20-d230-bs50-f1.000-r00:050044.781: (681 sec)
exp037-n4096-k20-d230-bs50-f1.000-r00:050044.782: Loop 41/100
exp037-n4096-k20-d230-bs50-f1.000-r00:050661.106: log(exp-norms): [4096.0, 4098.14, 4100.05]
exp037-n4096-k20-d230-bs50-f1.000-r00:050661.106: log(norms):     [4096.0, 4098.93, 4102.14, 4102.18, 4102.3, 4102.31, 4102.42, 4102.36, 4102.42, 4102.31]
exp037-n4096-k20-d230-bs50-f1.000-r00:050661.130: (617 sec)
exp037-n4096-k20-d230-bs50-f1.000-r00:050661.130: Loop 42/100
exp037-n4096-k20-d230-bs50-f1.000-r00:051323.993: log(exp-norms): [4096.0, 4098.14, 4100.05]
exp037-n4096-k20-d230-bs50-f1.000-r00:051323.993: log(norms):     [4096.0, 4098.93, 4102.14, 4102.18, 4102.31, 4102.31, 4102.42, 4102.36, 4102.28, 4102.37]
exp037-n4096-k20-d230-bs50-f1.000-r00:051324.017: (663 sec)
exp037-n4096-k20-d230-bs50-f1.000-r00:051324.017: Loop 43/100
exp037-n4096-k20-d230-bs50-f1.000-r00:051964.102: log(exp-norms): [4096.0, 4098.14, 4100.05]
exp037-n4096-k20-d230-bs50-f1.000-r00:051964.103: log(norms):     [4096.0, 4098.93, 4102.14, 4102.18, 4102.31, 4102.31, 4102.42, 4102.36, 4102.27, 4102.28]
exp037-n4096-k20-d230-bs50-f1.000-r00:051964.126: (641 sec)
exp037-n4096-k20-d230-bs50-f1.000-r00:051964.126: Loop 44/100
exp037-n4096-k20-d230-bs50-f1.000-r00:052653.574: log(exp-norms): [4096.0, 4098.14, 4100.05]
exp037-n4096-k20-d230-bs50-f1.000-r00:052653.574: log(norms):     [4096.0, 4098.93, 4102.14, 4102.18, 4102.31, 4102.31, 4102.42, 4102.36, 4102.27, 4102.28]
exp037-n4096-k20-d230-bs50-f1.000-r00:052653.597: (690 sec)
exp037-n4096-k20-d230-bs50-f1.000-r00:052653.598: Loop 45/100
exp037-n4096-k20-d230-bs50-f1.000-r00:053313.138: log(exp-norms): [4096.0, 4098.14, 4100.05]
exp037-n4096-k20-d230-bs50-f1.000-r00:053313.139: log(norms):     [4096.0, 4098.93, 4102.14, 4102.17, 4102.18, 4102.31, 4102.39, 4102.31, 4102.42, 4102.36]
exp037-n4096-k20-d230-bs50-f1.000-r00:053313.162: (660 sec)
exp037-n4096-k20-d230-bs50-f1.000-r00:053313.162: Loop 46/100
exp037-n4096-k20-d230-bs50-f1.000-r00:053995.601: log(exp-norms): [4096.0, 4098.14, 4100.05]
exp037-n4096-k20-d230-bs50-f1.000-r00:053995.601: log(norms):     [4096.0, 4098.93, 4102.14, 4102.17, 4102.18, 4102.35, 4102.31, 4102.31, 4102.42, 4102.36]
exp037-n4096-k20-d230-bs50-f1.000-r00:053995.625: (683 sec)
exp037-n4096-k20-d230-bs50-f1.000-r00:053995.625: Loop 47/100
exp037-n4096-k20-d230-bs50-f1.000-r00:054653.560: log(exp-norms): [4096.0, 4098.14, 4100.05]
exp037-n4096-k20-d230-bs50-f1.000-r00:054653.560: log(norms):     [4096.0, 4098.93, 4102.14, 4102.17, 4102.18, 4102.35, 4102.31, 4102.31, 4102.42, 4102.36]
exp037-n4096-k20-d230-bs50-f1.000-r00:054653.584: (658 sec)
exp037-n4096-k20-d230-bs50-f1.000-r00:054653.585: Loop 48/100
exp037-n4096-k20-d230-bs50-f1.000-r00:055298.003: log(exp-norms): [4096.0, 4098.14, 4100.05]
exp037-n4096-k20-d230-bs50-f1.000-r00:055298.003: log(norms):     [4096.0, 4098.93, 4102.14, 4102.17, 4102.25, 4102.18, 4102.35, 4102.31, 4102.31, 4102.42]
exp037-n4096-k20-d230-bs50-f1.000-r00:055298.027: (645 sec)
exp037-n4096-k20-d230-bs50-f1.000-r00:055298.028: Loop 49/100
exp037-n4096-k20-d230-bs50-f1.000-r00:055930.335: log(exp-norms): [4096.0, 4098.14, 4100.05]
exp037-n4096-k20-d230-bs50-f1.000-r00:055930.335: log(norms):     [4096.0, 4098.93, 4102.14, 4102.17, 4102.25, 4102.18, 4102.35, 4102.31, 4102.31, 4102.42]
exp037-n4096-k20-d230-bs50-f1.000-r00:055930.359: (633 sec)
exp037-n4096-k20-d230-bs50-f1.000-r00:055930.359: Loop 50/100
exp037-n4096-k20-d230-bs50-f1.000-r00:056601.914: log(exp-norms): [4096.0, 4098.14, 4100.05]
exp037-n4096-k20-d230-bs50-f1.000-r00:056601.914: log(norms):     [4096.0, 4098.93, 4102.14, 4102.17, 4102.25, 4102.18, 4102.22, 4102.35, 4102.31, 4102.39]
exp037-n4096-k20-d230-bs50-f1.000-r00:056601.937: (672 sec)
exp037-n4096-k20-d230-bs50-f1.000-r00:056601.937: Loop 51/100
exp037-n4096-k20-d230-bs50-f1.000-r00:057267.570: log(exp-norms): [4096.0, 4098.14, 4100.05]
exp037-n4096-k20-d230-bs50-f1.000-r00:057267.570: log(norms):     [4096.0, 4098.93, 4102.14, 4102.17, 4102.25, 4102.18, 4102.22, 4102.35, 4102.31, 4102.39]
exp037-n4096-k20-d230-bs50-f1.000-r00:057267.594: (666 sec)
exp037-n4096-k20-d230-bs50-f1.000-r00:057267.594: Loop 52/100
exp037-n4096-k20-d230-bs50-f1.000-r00:057946.786: log(exp-norms): [4096.0, 4098.14, 4100.05]
exp037-n4096-k20-d230-bs50-f1.000-r00:057946.786: log(norms):     [4096.0, 4098.93, 4102.14, 4102.17, 4102.25, 4102.18, 4102.22, 4102.35, 4102.31, 4102.39]
exp037-n4096-k20-d230-bs50-f1.000-r00:057946.810: (680 sec)
exp037-n4096-k20-d230-bs50-f1.000-r00:057946.810: Loop 53/100
exp037-n4096-k20-d230-bs50-f1.000-r00:058609.169: log(exp-norms): [4096.0, 4098.14, 4100.05]
exp037-n4096-k20-d230-bs50-f1.000-r00:058609.169: log(norms):     [4096.0, 4098.93, 4102.14, 4102.17, 4102.22, 4102.25, 4102.28, 4102.22, 4102.2, 4102.18]
exp037-n4096-k20-d230-bs50-f1.000-r00:058609.192: (663 sec)
exp037-n4096-k20-d230-bs50-f1.000-r00:058609.193: Loop 54/100
exp037-n4096-k20-d230-bs50-f1.000-r00:059276.791: log(exp-norms): [4096.0, 4098.14, 4100.05]
exp037-n4096-k20-d230-bs50-f1.000-r00:059276.792: log(norms):     [4096.0, 4098.93, 4102.14, 4102.17, 4102.22, 4102.15, 4102.28, 4102.25, 4102.2, 4102.22]
exp037-n4096-k20-d230-bs50-f1.000-r00:059276.816: (668 sec)
exp037-n4096-k20-d230-bs50-f1.000-r00:059276.816: Loop 55/100
exp037-n4096-k20-d230-bs50-f1.000-r00:059955.354: log(exp-norms): [4096.0, 4098.14, 4100.05]
exp037-n4096-k20-d230-bs50-f1.000-r00:059955.354: log(norms):     [4096.0, 4098.93, 4102.14, 4102.17, 4102.22, 4102.15, 4102.28, 4102.25, 4102.2, 4102.22]
exp037-n4096-k20-d230-bs50-f1.000-r00:059955.377: (679 sec)
exp037-n4096-k20-d230-bs50-f1.000-r00:059955.377: Loop 56/100
exp037-n4096-k20-d230-bs50-f1.000-r00:060644.536: log(exp-norms): [4096.0, 4098.14, 4100.05]
exp037-n4096-k20-d230-bs50-f1.000-r00:060644.536: log(norms):     [4096.0, 4098.93, 4102.14, 4102.17, 4102.22, 4102.15, 4102.28, 4102.25, 4102.29, 4102.18]
exp037-n4096-k20-d230-bs50-f1.000-r00:060644.559: (690 sec)
exp037-n4096-k20-d230-bs50-f1.000-r00:060644.559: Loop 57/100
exp037-n4096-k20-d230-bs50-f1.000-r00:061298.910: log(exp-norms): [4096.0, 4098.14, 4100.05]
exp037-n4096-k20-d230-bs50-f1.000-r00:061298.910: log(norms):     [4096.0, 4098.93, 4102.14, 4102.17, 4102.22, 4102.15, 4102.28, 4102.25, 4102.29, 4102.18]
exp037-n4096-k20-d230-bs50-f1.000-r00:061298.933: (655 sec)
exp037-n4096-k20-d230-bs50-f1.000-r00:061298.934: Loop 58/100
exp037-n4096-k20-d230-bs50-f1.000-r00:061967.718: log(exp-norms): [4096.0, 4098.14, 4100.05]
exp037-n4096-k20-d230-bs50-f1.000-r00:061967.718: log(norms):     [4096.0, 4098.93, 4102.14, 4102.17, 4102.22, 4102.15, 4102.25, 4102.28, 4102.29, 4102.25]
exp037-n4096-k20-d230-bs50-f1.000-r00:061967.742: (669 sec)
exp037-n4096-k20-d230-bs50-f1.000-r00:061967.742: Loop 59/100
exp037-n4096-k20-d230-bs50-f1.000-r00:062623.923: log(exp-norms): [4096.0, 4098.14, 4100.05]
exp037-n4096-k20-d230-bs50-f1.000-r00:062623.923: log(norms):     [4096.0, 4098.93, 4102.14, 4102.17, 4102.22, 4102.15, 4102.25, 4102.28, 4102.29, 4102.25]
exp037-n4096-k20-d230-bs50-f1.000-r00:062623.948: (657 sec)
exp037-n4096-k20-d230-bs50-f1.000-r00:062623.948: Loop 60/100
exp037-n4096-k20-d230-bs50-f1.000-r00:063265.256: log(exp-norms): [4096.0, 4098.14, 4100.05]
exp037-n4096-k20-d230-bs50-f1.000-r00:063265.256: log(norms):     [4096.0, 4098.93, 4102.14, 4102.17, 4102.22, 4102.15, 4102.25, 4102.28, 4102.29, 4102.25]
exp037-n4096-k20-d230-bs50-f1.000-r00:063265.280: (642 sec)
exp037-n4096-k20-d230-bs50-f1.000-r00:063265.280: Loop 61/100
exp037-n4096-k20-d230-bs50-f1.000-r00:063958.219: log(exp-norms): [4096.0, 4098.14, 4100.05]
exp037-n4096-k20-d230-bs50-f1.000-r00:063958.220: log(norms):     [4096.0, 4098.93, 4102.14, 4102.17, 4102.22, 4102.15, 4102.25, 4102.21, 4102.34, 4102.44]
exp037-n4096-k20-d230-bs50-f1.000-r00:063958.243: (693 sec)
exp037-n4096-k20-d230-bs50-f1.000-r00:063958.243: Loop 62/100
exp037-n4096-k20-d230-bs50-f1.000-r00:064621.385: log(exp-norms): [4096.0, 4098.14, 4100.05]
exp037-n4096-k20-d230-bs50-f1.000-r00:064621.385: log(norms):     [4096.0, 4098.93, 4102.14, 4102.17, 4102.22, 4102.15, 4102.25, 4102.21, 4102.34, 4102.44]
exp037-n4096-k20-d230-bs50-f1.000-r00:064621.410: (664 sec)
exp037-n4096-k20-d230-bs50-f1.000-r00:064621.410: Loop 63/100
exp037-n4096-k20-d230-bs50-f1.000-r00:065257.447: log(exp-norms): [4096.0, 4098.14, 4100.05]
exp037-n4096-k20-d230-bs50-f1.000-r00:065257.447: log(norms):     [4096.0, 4098.93, 4102.14, 4102.17, 4102.22, 4102.15, 4102.25, 4102.21, 4102.44, 4102.34]
exp037-n4096-k20-d230-bs50-f1.000-r00:065257.470: (637 sec)
exp037-n4096-k20-d230-bs50-f1.000-r00:065257.471: Loop 64/100
exp037-n4096-k20-d230-bs50-f1.000-r00:065911.404: log(exp-norms): [4096.0, 4098.14, 4100.05]
exp037-n4096-k20-d230-bs50-f1.000-r00:065911.404: log(norms):     [4096.0, 4098.93, 4102.14, 4102.17, 4102.22, 4102.15, 4102.25, 4102.21, 4102.44, 4102.35]
exp037-n4096-k20-d230-bs50-f1.000-r00:065911.427: (654 sec)
exp037-n4096-k20-d230-bs50-f1.000-r00:065911.428: Loop 65/100
exp037-n4096-k20-d230-bs50-f1.000-r00:066595.678: log(exp-norms): [4096.0, 4098.14, 4100.05]
exp037-n4096-k20-d230-bs50-f1.000-r00:066595.678: log(norms):     [4096.0, 4098.93, 4102.14, 4102.17, 4102.25, 4102.25, 4102.21, 4102.34, 4102.15, 4102.24]
exp037-n4096-k20-d230-bs50-f1.000-r00:066595.703: (685 sec)
exp037-n4096-k20-d230-bs50-f1.000-r00:066595.703: Loop 66/100
