exp028-n4096-k20-d200-bs40-f1.000-r00:000000.547: ==========================Instance==========================
exp028-n4096-k20-d200-bs40-f1.000-r00:000000.547: # of equations: 200
exp028-n4096-k20-d200-bs40-f1.000-r00:000000.554: Gap: 0.60
exp028-n4096-k20-d200-bs40-f1.000-r00:000000.570: Tau: 0.10
exp028-n4096-k20-d200-bs40-f1.000-r00:000000.570: ======================BKZ-40 reduction======================
exp028-n4096-k20-d200-bs40-f1.000-r00:000006.199: Expectedly achievable log(norm): 4099.15
exp028-n4096-k20-d200-bs40-f1.000-r00:000011.987: log(exp-norms): [4096.0, 4098.04, 4097.3]
exp028-n4096-k20-d200-bs40-f1.000-r00:000011.988: log(norms):     [4119.06, 4098.83, 4116.0, 4116.0, 4116.0, 4116.0, 4116.0, 4116.0, 4116.0, 4116.0]
exp028-n4096-k20-d200-bs40-f1.000-r00:000012.091: Loop 1/100
exp028-n4096-k20-d200-bs40-f1.000-r00:006336.764: log(exp-norms): [4096.0, 4098.04, 4097.3]
exp028-n4096-k20-d200-bs40-f1.000-r00:006336.765: log(norms):     [4098.83, 4101.19, 4101.26, 4101.35, 4101.32, 4101.25, 4101.36, 4101.35, 4101.4, 4101.17]
exp028-n4096-k20-d200-bs40-f1.000-r00:006336.803: (6325 sec)
exp028-n4096-k20-d200-bs40-f1.000-r00:006336.803: Loop 2/100
exp028-n4096-k20-d200-bs40-f1.000-r00:006548.092: log(exp-norms): [4096.0, 4098.04, 4097.3]
exp028-n4096-k20-d200-bs40-f1.000-r00:006548.093: log(norms):     [4098.83, 4100.95, 4101.02, 4100.97, 4101.09, 4101.02, 4101.14, 4101.14, 4101.05, 4101.01]
exp028-n4096-k20-d200-bs40-f1.000-r00:006548.132: (212 sec)
exp028-n4096-k20-d200-bs40-f1.000-r00:006548.132: Loop 3/100
exp028-n4096-k20-d200-bs40-f1.000-r00:006732.476: log(exp-norms): [4096.0, 4098.04, 4097.3]
exp028-n4096-k20-d200-bs40-f1.000-r00:006732.477: log(norms):     [4098.83, 4100.7, 4100.72, 4100.73, 4100.84, 4100.99, 4100.82, 4100.85, 4100.95, 4100.62]
exp028-n4096-k20-d200-bs40-f1.000-r00:006732.514: (185 sec)
exp028-n4096-k20-d200-bs40-f1.000-r00:006732.514: Loop 4/100
exp028-n4096-k20-d200-bs40-f1.000-r00:006904.750: log(exp-norms): [4096.0, 4098.04, 4097.3]
exp028-n4096-k20-d200-bs40-f1.000-r00:006904.751: log(norms):     [4098.83, 4100.38, 4100.41, 4100.54, 4100.52, 4100.47, 4100.49, 4100.61, 4100.62, 4100.48]
exp028-n4096-k20-d200-bs40-f1.000-r00:006904.789: (173 sec)
exp028-n4096-k20-d200-bs40-f1.000-r00:006904.790: Loop 5/100
exp028-n4096-k20-d200-bs40-f1.000-r00:007070.819: log(exp-norms): [4096.0, 4098.04, 4097.3]
exp028-n4096-k20-d200-bs40-f1.000-r00:007070.820: log(norms):     [4098.83, 4100.16, 4100.27, 4100.32, 4100.33, 4100.42, 4100.35, 4100.42, 4100.45, 4100.31]
exp028-n4096-k20-d200-bs40-f1.000-r00:007070.860: (167 sec)
exp028-n4096-k20-d200-bs40-f1.000-r00:007070.860: Loop 6/100
exp028-n4096-k20-d200-bs40-f1.000-r00:007228.906: log(exp-norms): [4096.0, 4098.04, 4097.3]
exp028-n4096-k20-d200-bs40-f1.000-r00:007228.906: log(norms):     [4098.83, 4100.13, 4100.15, 4100.15, 4100.15, 4100.07, 4100.29, 4100.19, 4100.29, 4100.26]
exp028-n4096-k20-d200-bs40-f1.000-r00:007228.944: (159 sec)
exp028-n4096-k20-d200-bs40-f1.000-r00:007228.944: Loop 7/100
exp028-n4096-k20-d200-bs40-f1.000-r00:007381.741: log(exp-norms): [4096.0, 4098.04, 4097.3]
exp028-n4096-k20-d200-bs40-f1.000-r00:007381.742: log(norms):     [4098.83, 4099.94, 4100.08, 4100.03, 4100.12, 4100.07, 4100.19, 4100.16, 4100.28, 4100.08]
exp028-n4096-k20-d200-bs40-f1.000-r00:007381.781: (153 sec)
exp028-n4096-k20-d200-bs40-f1.000-r00:007381.781: Loop 8/100
exp028-n4096-k20-d200-bs40-f1.000-r00:007530.609: log(exp-norms): [4096.0, 4098.04, 4097.3]
exp028-n4096-k20-d200-bs40-f1.000-r00:007530.610: log(norms):     [4098.83, 4099.92, 4099.94, 4099.93, 4100.14, 4099.91, 4100.04, 4100.08, 4099.93, 4100.14]
exp028-n4096-k20-d200-bs40-f1.000-r00:007530.648: (149 sec)
exp028-n4096-k20-d200-bs40-f1.000-r00:007530.648: Loop 9/100
exp028-n4096-k20-d200-bs40-f1.000-r00:007668.844: log(exp-norms): [4096.0, 4098.04, 4097.3]
exp028-n4096-k20-d200-bs40-f1.000-r00:007668.845: log(norms):     [4098.83, 4099.76, 4099.78, 4099.78, 4099.84, 4099.92, 4100.05, 4099.97, 4099.77, 4099.79]
exp028-n4096-k20-d200-bs40-f1.000-r00:007668.884: (139 sec)
exp028-n4096-k20-d200-bs40-f1.000-r00:007668.884: Loop 10/100
exp028-n4096-k20-d200-bs40-f1.000-r00:007807.122: log(exp-norms): [4096.0, 4098.04, 4097.3]
exp028-n4096-k20-d200-bs40-f1.000-r00:007807.123: log(norms):     [4098.83, 4099.7, 4099.75, 4099.79, 4099.73, 4099.82, 4099.98, 4099.94, 4099.79, 4099.9]
exp028-n4096-k20-d200-bs40-f1.000-r00:007807.162: (139 sec)
exp028-n4096-k20-d200-bs40-f1.000-r00:007807.162: Loop 11/100
exp028-n4096-k20-d200-bs40-f1.000-r00:007946.103: log(exp-norms): [4096.0, 4098.04, 4097.3]
exp028-n4096-k20-d200-bs40-f1.000-r00:007946.104: log(norms):     [4098.83, 4099.58, 4099.72, 4099.7, 4099.78, 4099.79, 4099.76, 4099.75, 4099.88, 4099.78]
exp028-n4096-k20-d200-bs40-f1.000-r00:007946.150: (139 sec)
exp028-n4096-k20-d200-bs40-f1.000-r00:007946.150: Loop 12/100
exp028-n4096-k20-d200-bs40-f1.000-r00:008070.828: log(exp-norms): [4096.0, 4098.04, 4097.3]
exp028-n4096-k20-d200-bs40-f1.000-r00:008070.829: log(norms):     [4098.83, 4099.58, 4099.7, 4099.68, 4099.58, 4099.74, 4099.65, 4099.77, 4099.61, 4099.91]
exp028-n4096-k20-d200-bs40-f1.000-r00:008070.866: (125 sec)
exp028-n4096-k20-d200-bs40-f1.000-r00:008070.867: Loop 13/100
exp028-n4096-k20-d200-bs40-f1.000-r00:008199.849: log(exp-norms): [4096.0, 4098.04, 4097.3]
exp028-n4096-k20-d200-bs40-f1.000-r00:008199.850: log(norms):     [4098.83, 4099.58, 4099.56, 4099.7, 4099.75, 4099.68, 4099.74, 4099.66, 4099.54, 4099.74]
exp028-n4096-k20-d200-bs40-f1.000-r00:008199.888: (130 sec)
exp028-n4096-k20-d200-bs40-f1.000-r00:008199.888: Loop 14/100
exp028-n4096-k20-d200-bs40-f1.000-r00:008323.318: log(exp-norms): [4096.0, 4098.04, 4097.3]
exp028-n4096-k20-d200-bs40-f1.000-r00:008323.318: log(norms):     [4098.83, 4099.29, 4099.56, 4099.52, 4099.63, 4099.58, 4099.65, 4099.53, 4099.44, 4099.49]
exp028-n4096-k20-d200-bs40-f1.000-r00:008323.355: (124 sec)
exp028-n4096-k20-d200-bs40-f1.000-r00:008323.356: Loop 15/100
exp028-n4096-k20-d200-bs40-f1.000-r00:008448.904: log(exp-norms): [4096.0, 4098.04, 4097.3]
exp028-n4096-k20-d200-bs40-f1.000-r00:008448.905: log(norms):     [4098.83, 4099.29, 4099.38, 4099.56, 4099.33, 4099.45, 4099.44, 4099.52, 4099.59, 4099.61]
exp028-n4096-k20-d200-bs40-f1.000-r00:008448.943: (126 sec)
exp028-n4096-k20-d200-bs40-f1.000-r00:008448.943: Loop 16/100
exp028-n4096-k20-d200-bs40-f1.000-r00:008574.398: log(exp-norms): [4096.0, 4098.04, 4097.3]
exp028-n4096-k20-d200-bs40-f1.000-r00:008574.398: log(norms):     [4098.83, 4099.29, 4099.33, 4099.45, 4099.44, 4099.38, 4099.57, 4099.52, 4099.65, 4099.49]
exp028-n4096-k20-d200-bs40-f1.000-r00:008574.436: (126 sec)
exp028-n4096-k20-d200-bs40-f1.000-r00:008574.436: Loop 17/100
exp028-n4096-k20-d200-bs40-f1.000-r00:008697.123: log(exp-norms): [4096.0, 4098.04, 4097.3]
exp028-n4096-k20-d200-bs40-f1.000-r00:008697.123: log(norms):     [4098.83, 4099.29, 4099.33, 4099.45, 4099.44, 4099.5, 4099.54, 4099.49, 4099.43, 4099.74]
exp028-n4096-k20-d200-bs40-f1.000-r00:008697.161: (123 sec)
exp028-n4096-k20-d200-bs40-f1.000-r00:008697.161: Loop 18/100
exp028-n4096-k20-d200-bs40-f1.000-r00:008820.387: log(exp-norms): [4096.0, 4098.04, 4097.3]
exp028-n4096-k20-d200-bs40-f1.000-r00:008820.388: log(norms):     [4098.83, 4099.29, 4099.33, 4099.45, 4099.44, 4099.5, 4099.43, 4099.49, 4099.41, 4099.73]
exp028-n4096-k20-d200-bs40-f1.000-r00:008820.427: (124 sec)
exp028-n4096-k20-d200-bs40-f1.000-r00:008820.428: Loop 19/100
exp028-n4096-k20-d200-bs40-f1.000-r00:008941.637: log(exp-norms): [4096.0, 4098.04, 4097.3]
exp028-n4096-k20-d200-bs40-f1.000-r00:008941.637: log(norms):     [4098.83, 4099.29, 4099.33, 4099.46, 4099.45, 4099.29, 4099.44, 4099.5, 4099.52, 4099.48]
exp028-n4096-k20-d200-bs40-f1.000-r00:008941.675: (122 sec)
exp028-n4096-k20-d200-bs40-f1.000-r00:008941.675: Loop 20/100
exp028-n4096-k20-d200-bs40-f1.000-r00:009059.098: log(exp-norms): [4096.0, 4098.04, 4097.3]
exp028-n4096-k20-d200-bs40-f1.000-r00:009059.099: log(norms):     [4098.83, 4099.29, 4099.29, 4099.45, 4099.33, 4099.47, 4099.44, 4099.5, 4099.52, 4099.48]
exp028-n4096-k20-d200-bs40-f1.000-r00:009059.135: (118 sec)
exp028-n4096-k20-d200-bs40-f1.000-r00:009059.135: Loop 21/100
exp028-n4096-k20-d200-bs40-f1.000-r00:009180.899: log(exp-norms): [4096.0, 4098.04, 4097.3]
exp028-n4096-k20-d200-bs40-f1.000-r00:009180.899: log(norms):     [4098.83, 4099.29, 4099.29, 4099.48, 4099.38, 4099.45, 4099.37, 4099.54, 4099.54, 4099.39]
exp028-n4096-k20-d200-bs40-f1.000-r00:009180.944: (122 sec)
exp028-n4096-k20-d200-bs40-f1.000-r00:009180.944: Loop 22/100
exp028-n4096-k20-d200-bs40-f1.000-r00:009302.526: log(exp-norms): [4096.0, 4098.04, 4097.3]
exp028-n4096-k20-d200-bs40-f1.000-r00:009302.526: log(norms):     [4098.83, 4099.29, 4099.29, 4099.48, 4099.38, 4099.45, 4099.37, 4099.54, 4099.6, 4099.48]
exp028-n4096-k20-d200-bs40-f1.000-r00:009302.569: (122 sec)
exp028-n4096-k20-d200-bs40-f1.000-r00:009302.569: Loop 23/100
exp028-n4096-k20-d200-bs40-f1.000-r00:009424.276: log(exp-norms): [4096.0, 4098.04, 4097.3]
exp028-n4096-k20-d200-bs40-f1.000-r00:009424.276: log(norms):     [4098.83, 4099.29, 4099.29, 4099.48, 4099.45, 4099.45, 4099.38, 4099.45, 4099.52, 4099.54]
exp028-n4096-k20-d200-bs40-f1.000-r00:009424.314: (122 sec)
exp028-n4096-k20-d200-bs40-f1.000-r00:009424.314: Loop 24/100
exp028-n4096-k20-d200-bs40-f1.000-r00:009549.038: log(exp-norms): [4096.0, 4098.04, 4097.3]
exp028-n4096-k20-d200-bs40-f1.000-r00:009549.039: log(norms):     [4098.83, 4099.29, 4099.29, 4099.38, 4099.44, 4099.46, 4099.58, 4099.44, 4099.53, 4099.48]
exp028-n4096-k20-d200-bs40-f1.000-r00:009549.076: (125 sec)
exp028-n4096-k20-d200-bs40-f1.000-r00:009549.076: Loop 25/100
exp028-n4096-k20-d200-bs40-f1.000-r00:009667.787: log(exp-norms): [4096.0, 4098.04, 4097.3]
exp028-n4096-k20-d200-bs40-f1.000-r00:009667.788: log(norms):     [4098.83, 4099.29, 4099.29, 4099.38, 4099.44, 4099.36, 4099.52, 4099.46, 4099.44, 4099.58]
exp028-n4096-k20-d200-bs40-f1.000-r00:009667.825: (119 sec)
exp028-n4096-k20-d200-bs40-f1.000-r00:009667.825: Loop 26/100
exp028-n4096-k20-d200-bs40-f1.000-r00:009784.507: log(exp-norms): [4096.0, 4098.04, 4097.3]
exp028-n4096-k20-d200-bs40-f1.000-r00:009784.507: log(norms):     [4098.83, 4099.29, 4099.29, 4099.39, 4099.32, 4099.5, 4099.64, 4099.48, 4099.56, 4099.36]
exp028-n4096-k20-d200-bs40-f1.000-r00:009784.544: (117 sec)
exp028-n4096-k20-d200-bs40-f1.000-r00:009784.544: Loop 27/100
exp028-n4096-k20-d200-bs40-f1.000-r00:009894.105: log(exp-norms): [4096.0, 4098.04, 4097.3]
exp028-n4096-k20-d200-bs40-f1.000-r00:009894.105: log(norms):     [4098.83, 4099.29, 4099.29, 4099.37, 4099.39, 4099.49, 4099.36, 4099.51, 4099.53, 4099.56]
exp028-n4096-k20-d200-bs40-f1.000-r00:009894.143: (110 sec)
exp028-n4096-k20-d200-bs40-f1.000-r00:009894.143: Loop 28/100
exp028-n4096-k20-d200-bs40-f1.000-r00:010004.932: log(exp-norms): [4096.0, 4098.04, 4097.3]
exp028-n4096-k20-d200-bs40-f1.000-r00:010004.933: log(norms):     [4098.83, 4099.25, 4099.29, 4099.39, 4099.32, 4099.29, 4099.37, 4099.37, 4099.38, 4099.54]
exp028-n4096-k20-d200-bs40-f1.000-r00:010004.970: (111 sec)
exp028-n4096-k20-d200-bs40-f1.000-r00:010004.970: Loop 29/100
exp028-n4096-k20-d200-bs40-f1.000-r00:010118.693: log(exp-norms): [4096.0, 4098.04, 4097.3]
exp028-n4096-k20-d200-bs40-f1.000-r00:010118.694: log(norms):     [4098.83, 4099.25, 4099.29, 4099.39, 4099.32, 4099.36, 4099.38, 4099.29, 4099.37, 4099.67]
exp028-n4096-k20-d200-bs40-f1.000-r00:010118.718: (114 sec)
exp028-n4096-k20-d200-bs40-f1.000-r00:010118.718: Loop 30/100
exp028-n4096-k20-d200-bs40-f1.000-r00:010234.169: log(exp-norms): [4096.0, 4098.04, 4097.3]
exp028-n4096-k20-d200-bs40-f1.000-r00:010234.169: log(norms):     [4098.83, 4099.27, 4099.25, 4099.29, 4099.39, 4099.32, 4099.41, 4099.32, 4099.36, 4099.57]
exp028-n4096-k20-d200-bs40-f1.000-r00:010234.205: (116 sec)
exp028-n4096-k20-d200-bs40-f1.000-r00:010234.206: Loop 31/100
exp028-n4096-k20-d200-bs40-f1.000-r00:010331.723: log(exp-norms): [4096.0, 4098.04, 4097.3]
exp028-n4096-k20-d200-bs40-f1.000-r00:010331.723: log(norms):     [4098.83, 4099.27, 4099.25, 4099.29, 4099.39, 4099.32, 4099.41, 4099.32, 4099.36, 4099.57]
exp028-n4096-k20-d200-bs40-f1.000-r00:010331.760: (98 sec)
exp028-n4096-k20-d200-bs40-f1.000-r00:010331.761: Loop 32/100
exp028-n4096-k20-d200-bs40-f1.000-r00:010448.032: log(exp-norms): [4096.0, 4098.04, 4097.3]
exp028-n4096-k20-d200-bs40-f1.000-r00:010448.032: log(norms):     [4098.83, 4099.27, 4099.25, 4099.29, 4099.39, 4099.32, 4099.41, 4099.35, 4099.39, 4099.36]
exp028-n4096-k20-d200-bs40-f1.000-r00:010448.070: (117 sec)
exp028-n4096-k20-d200-bs40-f1.000-r00:010448.070: Loop 33/100
exp028-n4096-k20-d200-bs40-f1.000-r00:010556.350: log(exp-norms): [4096.0, 4098.04, 4097.3]
exp028-n4096-k20-d200-bs40-f1.000-r00:010556.350: log(norms):     [4098.83, 4099.27, 4099.25, 4099.29, 4099.39, 4099.32, 4099.41, 4099.31, 4099.39, 4099.6]
exp028-n4096-k20-d200-bs40-f1.000-r00:010556.388: (109 sec)
exp028-n4096-k20-d200-bs40-f1.000-r00:010556.388: Loop 34/100
exp028-n4096-k20-d200-bs40-f1.000-r00:010653.002: log(exp-norms): [4096.0, 4098.04, 4097.3]
exp028-n4096-k20-d200-bs40-f1.000-r00:010653.003: log(norms):     [4098.83, 4099.23, 4099.27, 4099.25, 4099.29, 4099.39, 4099.32, 4099.41, 4099.31, 4099.39]
exp028-n4096-k20-d200-bs40-f1.000-r00:010653.040: (97 sec)
exp028-n4096-k20-d200-bs40-f1.000-r00:010653.040: Loop 35/100
exp028-n4096-k20-d200-bs40-f1.000-r00:010761.830: log(exp-norms): [4096.0, 4098.04, 4097.3]
exp028-n4096-k20-d200-bs40-f1.000-r00:010761.855: log(norms):     [4098.83, 4099.23, 4099.27, 4099.25, 4099.29, 4099.37, 4099.24, 4099.51, 4099.31, 4099.38]
exp028-n4096-k20-d200-bs40-f1.000-r00:010761.891: (109 sec)
exp028-n4096-k20-d200-bs40-f1.000-r00:010761.891: Loop 36/100
exp028-n4096-k20-d200-bs40-f1.000-r00:010875.834: log(exp-norms): [4096.0, 4098.04, 4097.3]
exp028-n4096-k20-d200-bs40-f1.000-r00:010875.835: log(norms):     [4098.83, 4099.23, 4099.27, 4099.25, 4099.29, 4099.37, 4099.24, 4099.51, 4099.31, 4099.38]
exp028-n4096-k20-d200-bs40-f1.000-r00:010875.877: (114 sec)
exp028-n4096-k20-d200-bs40-f1.000-r00:010875.877: Loop 37/100
exp028-n4096-k20-d200-bs40-f1.000-r00:010977.065: log(exp-norms): [4096.0, 4098.04, 4097.3]
exp028-n4096-k20-d200-bs40-f1.000-r00:010977.066: log(norms):     [4098.83, 4099.23, 4099.27, 4099.27, 4099.28, 4099.25, 4099.42, 4099.35, 4099.41, 4099.39]
exp028-n4096-k20-d200-bs40-f1.000-r00:010977.103: (102 sec)
exp028-n4096-k20-d200-bs40-f1.000-r00:010977.103: Loop 38/100
exp028-n4096-k20-d200-bs40-f1.000-r00:011084.556: log(exp-norms): [4096.0, 4098.04, 4097.3]
exp028-n4096-k20-d200-bs40-f1.000-r00:011084.556: log(norms):     [4098.83, 4099.23, 4099.27, 4099.27, 4099.28, 4099.25, 4099.42, 4099.35, 4099.41, 4099.39]
exp028-n4096-k20-d200-bs40-f1.000-r00:011084.594: (108 sec)
exp028-n4096-k20-d200-bs40-f1.000-r00:011084.594: Loop 39/100
exp028-n4096-k20-d200-bs40-f1.000-r00:011194.879: log(exp-norms): [4096.0, 4098.04, 4097.3]
exp028-n4096-k20-d200-bs40-f1.000-r00:011194.880: log(norms):     [4098.83, 4099.23, 4099.27, 4099.27, 4099.28, 4099.25, 4099.42, 4099.35, 4099.41, 4099.39]
exp028-n4096-k20-d200-bs40-f1.000-r00:011194.918: (111 sec)
exp028-n4096-k20-d200-bs40-f1.000-r00:011194.918: Loop 40/100
exp028-n4096-k20-d200-bs40-f1.000-r00:011311.967: log(exp-norms): [4096.0, 4098.04, 4097.3]
exp028-n4096-k20-d200-bs40-f1.000-r00:011311.968: log(norms):     [4098.83, 4099.23, 4099.27, 4099.27, 4099.28, 4099.37, 4099.25, 4099.42, 4099.35, 4099.41]
exp028-n4096-k20-d200-bs40-f1.000-r00:011312.006: (118 sec)
exp028-n4096-k20-d200-bs40-f1.000-r00:011312.006: Loop 41/100
exp028-n4096-k20-d200-bs40-f1.000-r00:011432.493: log(exp-norms): [4096.0, 4098.04, 4097.3]
exp028-n4096-k20-d200-bs40-f1.000-r00:011432.493: log(norms):     [4098.83, 4099.23, 4099.27, 4099.27, 4099.28, 4099.37, 4099.25, 4099.42, 4099.35, 4099.41]
exp028-n4096-k20-d200-bs40-f1.000-r00:011432.532: (121 sec)
exp028-n4096-k20-d200-bs40-f1.000-r00:011432.532: Loop 42/100
exp028-n4096-k20-d200-bs40-f1.000-r00:011543.323: log(exp-norms): [4096.0, 4098.04, 4097.3]
exp028-n4096-k20-d200-bs40-f1.000-r00:011543.324: log(norms):     [4098.83, 4099.23, 4099.27, 4099.27, 4099.28, 4099.37, 4099.25, 4099.42, 4099.35, 4099.41]
exp028-n4096-k20-d200-bs40-f1.000-r00:011543.361: (111 sec)
exp028-n4096-k20-d200-bs40-f1.000-r00:011543.361: Loop 43/100
exp028-n4096-k20-d200-bs40-f1.000-r00:011663.320: log(exp-norms): [4096.0, 4098.04, 4097.3]
exp028-n4096-k20-d200-bs40-f1.000-r00:011663.320: log(norms):     [4098.83, 4099.23, 4099.27, 4099.27, 4099.28, 4099.37, 4099.25, 4099.42, 4099.35, 4099.41]
exp028-n4096-k20-d200-bs40-f1.000-r00:011663.357: (120 sec)
exp028-n4096-k20-d200-bs40-f1.000-r00:011663.357: Loop 44/100
exp028-n4096-k20-d200-bs40-f1.000-r00:011782.001: log(exp-norms): [4096.0, 4098.04, 4097.3]
exp028-n4096-k20-d200-bs40-f1.000-r00:011782.001: log(norms):     [4098.83, 4099.23, 4099.31, 4099.27, 4099.22, 4099.31, 4099.25, 4099.37, 4099.51, 4099.27]
exp028-n4096-k20-d200-bs40-f1.000-r00:011782.039: (119 sec)
exp028-n4096-k20-d200-bs40-f1.000-r00:011782.039: Loop 45/100
exp028-n4096-k20-d200-bs40-f1.000-r00:011901.535: log(exp-norms): [4096.0, 4098.04, 4097.3]
exp028-n4096-k20-d200-bs40-f1.000-r00:011901.536: log(norms):     [4098.83, 4099.23, 4099.27, 4099.22, 4099.31, 4099.25, 4099.35, 4099.46, 4099.23, 4099.31]
exp028-n4096-k20-d200-bs40-f1.000-r00:011901.573: (120 sec)
exp028-n4096-k20-d200-bs40-f1.000-r00:011901.573: Loop 46/100
exp028-n4096-k20-d200-bs40-f1.000-r00:012017.941: log(exp-norms): [4096.0, 4098.04, 4097.3]
exp028-n4096-k20-d200-bs40-f1.000-r00:012017.941: log(norms):     [4098.83, 4099.23, 4099.27, 4099.22, 4099.31, 4099.19, 4099.35, 4099.25, 4099.31, 4099.38]
exp028-n4096-k20-d200-bs40-f1.000-r00:012017.979: (117 sec)
exp028-n4096-k20-d200-bs40-f1.000-r00:012017.980: Loop 47/100
exp028-n4096-k20-d200-bs40-f1.000-r00:012136.283: log(exp-norms): [4096.0, 4098.04, 4097.3]
exp028-n4096-k20-d200-bs40-f1.000-r00:012136.283: log(norms):     [4098.83, 4099.23, 4099.27, 4099.22, 4099.31, 4099.19, 4099.35, 4099.25, 4099.31, 4099.38]
exp028-n4096-k20-d200-bs40-f1.000-r00:012136.321: (119 sec)
exp028-n4096-k20-d200-bs40-f1.000-r00:012136.321: Loop 48/100
exp028-n4096-k20-d200-bs40-f1.000-r00:012249.518: log(exp-norms): [4096.0, 4098.04, 4097.3]
exp028-n4096-k20-d200-bs40-f1.000-r00:012249.518: log(norms):     [4098.83, 4099.23, 4099.27, 4099.22, 4099.31, 4099.19, 4099.35, 4099.25, 4099.31, 4099.38]
exp028-n4096-k20-d200-bs40-f1.000-r00:012249.556: (114 sec)
exp028-n4096-k20-d200-bs40-f1.000-r00:012249.556: Loop 49/100
exp028-n4096-k20-d200-bs40-f1.000-r00:012363.011: log(exp-norms): [4096.0, 4098.04, 4097.3]
exp028-n4096-k20-d200-bs40-f1.000-r00:012363.011: log(norms):     [4098.83, 4099.23, 4099.27, 4099.22, 4099.31, 4099.19, 4099.35, 4099.25, 4099.47, 4099.49]
exp028-n4096-k20-d200-bs40-f1.000-r00:012363.049: (114 sec)
exp028-n4096-k20-d200-bs40-f1.000-r00:012363.049: Loop 50/100
exp028-n4096-k20-d200-bs40-f1.000-r00:012479.968: log(exp-norms): [4096.0, 4098.04, 4097.3]
exp028-n4096-k20-d200-bs40-f1.000-r00:012479.968: log(norms):     [4098.83, 4099.23, 4099.27, 4099.22, 4099.31, 4099.19, 4099.35, 4099.25, 4099.47, 4099.49]
exp028-n4096-k20-d200-bs40-f1.000-r00:012480.005: (117 sec)
exp028-n4096-k20-d200-bs40-f1.000-r00:012480.005: Loop 51/100
exp028-n4096-k20-d200-bs40-f1.000-r00:012571.634: log(exp-norms): [4096.0, 4098.04, 4097.3]
exp028-n4096-k20-d200-bs40-f1.000-r00:012571.634: log(norms):     [4098.83, 4099.23, 4099.27, 4099.22, 4099.31, 4099.19, 4099.35, 4099.25, 4099.47, 4099.49]
exp028-n4096-k20-d200-bs40-f1.000-r00:012571.658: (92 sec)
exp028-n4096-k20-d200-bs40-f1.000-r00:012571.658: Loop 52/100
exp028-n4096-k20-d200-bs40-f1.000-r00:012680.619: log(exp-norms): [4096.0, 4098.04, 4097.3]
exp028-n4096-k20-d200-bs40-f1.000-r00:012680.620: log(norms):     [4098.83, 4099.23, 4099.27, 4099.22, 4099.31, 4099.19, 4099.35, 4099.25, 4099.47, 4099.49]
exp028-n4096-k20-d200-bs40-f1.000-r00:012680.662: (110 sec)
exp028-n4096-k20-d200-bs40-f1.000-r00:012680.662: Loop 53/100
exp028-n4096-k20-d200-bs40-f1.000-r00:012790.658: log(exp-norms): [4096.0, 4098.04, 4097.3]
exp028-n4096-k20-d200-bs40-f1.000-r00:012790.659: log(norms):     [4098.83, 4099.23, 4099.27, 4099.22, 4099.31, 4099.19, 4099.35, 4099.32, 4099.25, 4099.47]
exp028-n4096-k20-d200-bs40-f1.000-r00:012790.695: (111 sec)
exp028-n4096-k20-d200-bs40-f1.000-r00:012790.696: Loop 54/100
exp028-n4096-k20-d200-bs40-f1.000-r00:012878.825: log(exp-norms): [4096.0, 4098.04, 4097.3]
exp028-n4096-k20-d200-bs40-f1.000-r00:012878.826: log(norms):     [4098.83, 4099.23, 4099.27, 4099.22, 4099.31, 4099.19, 4099.35, 4099.32, 4099.25, 4099.47]
exp028-n4096-k20-d200-bs40-f1.000-r00:012878.866: (89 sec)
exp028-n4096-k20-d200-bs40-f1.000-r00:012878.866: Loop 55/100
exp028-n4096-k20-d200-bs40-f1.000-r00:012989.802: log(exp-norms): [4096.0, 4098.04, 4097.3]
exp028-n4096-k20-d200-bs40-f1.000-r00:012989.802: log(norms):     [4098.83, 4099.23, 4099.27, 4099.22, 4099.31, 4099.19, 4099.35, 4099.32, 4099.25, 4099.47]
exp028-n4096-k20-d200-bs40-f1.000-r00:012989.852: (111 sec)
exp028-n4096-k20-d200-bs40-f1.000-r00:012989.853: Loop 56/100
exp028-n4096-k20-d200-bs40-f1.000-r00:013098.603: log(exp-norms): [4096.0, 4098.04, 4097.3]
exp028-n4096-k20-d200-bs40-f1.000-r00:013098.603: log(norms):     [4098.83, 4099.23, 4099.27, 4099.22, 4099.31, 4099.19, 4099.35, 4099.32, 4099.25, 4099.47]
exp028-n4096-k20-d200-bs40-f1.000-r00:013098.641: (109 sec)
exp028-n4096-k20-d200-bs40-f1.000-r00:013098.642: Loop 57/100
exp028-n4096-k20-d200-bs40-f1.000-r00:013217.424: log(exp-norms): [4096.0, 4098.04, 4097.3]
exp028-n4096-k20-d200-bs40-f1.000-r00:013217.424: log(norms):     [4098.83, 4099.23, 4099.18, 4099.4, 4099.39, 4099.22, 4099.35, 4099.19, 4099.27, 4099.31]
exp028-n4096-k20-d200-bs40-f1.000-r00:013217.461: (119 sec)
exp028-n4096-k20-d200-bs40-f1.000-r00:013217.461: Loop 58/100
exp028-n4096-k20-d200-bs40-f1.000-r00:013330.017: log(exp-norms): [4096.0, 4098.04, 4097.3]
exp028-n4096-k20-d200-bs40-f1.000-r00:013330.018: log(norms):     [4098.83, 4099.23, 4099.18, 4099.4, 4099.39, 4099.22, 4099.35, 4099.19, 4099.27, 4099.31]
exp028-n4096-k20-d200-bs40-f1.000-r00:013330.056: (113 sec)
exp028-n4096-k20-d200-bs40-f1.000-r00:013330.056: Loop 59/100
exp028-n4096-k20-d200-bs40-f1.000-r00:013428.190: log(exp-norms): [4096.0, 4098.04, 4097.3]
exp028-n4096-k20-d200-bs40-f1.000-r00:013428.191: log(norms):     [4098.83, 4099.23, 4099.18, 4099.4, 4099.39, 4099.22, 4099.35, 4099.19, 4099.27, 4099.31]
exp028-n4096-k20-d200-bs40-f1.000-r00:013428.227: (99 sec)
exp028-n4096-k20-d200-bs40-f1.000-r00:013428.227: Loop 60/100
exp028-n4096-k20-d200-bs40-f1.000-r00:013543.175: log(exp-norms): [4096.0, 4098.04, 4097.3]
exp028-n4096-k20-d200-bs40-f1.000-r00:013543.176: log(norms):     [4098.83, 4099.23, 4099.18, 4099.4, 4099.39, 4099.22, 4099.35, 4099.19, 4099.27, 4099.31]
exp028-n4096-k20-d200-bs40-f1.000-r00:013543.212: (115 sec)
exp028-n4096-k20-d200-bs40-f1.000-r00:013543.212: Loop 61/100
exp028-n4096-k20-d200-bs40-f1.000-r00:013662.316: log(exp-norms): [4096.0, 4098.04, 4097.3]
exp028-n4096-k20-d200-bs40-f1.000-r00:013662.317: log(norms):     [4098.83, 4099.23, 4099.18, 4099.4, 4099.39, 4099.22, 4099.35, 4099.19, 4099.27, 4099.31]
exp028-n4096-k20-d200-bs40-f1.000-r00:013662.354: (120 sec)
exp028-n4096-k20-d200-bs40-f1.000-r00:013662.355: Loop 62/100
exp028-n4096-k20-d200-bs40-f1.000-r00:013778.788: log(exp-norms): [4096.0, 4098.04, 4097.3]
exp028-n4096-k20-d200-bs40-f1.000-r00:013778.789: log(norms):     [4098.83, 4099.23, 4099.18, 4099.4, 4099.39, 4099.22, 4099.35, 4099.19, 4099.27, 4099.31]
exp028-n4096-k20-d200-bs40-f1.000-r00:013778.825: (117 sec)
exp028-n4096-k20-d200-bs40-f1.000-r00:013778.826: Loop 63/100
exp028-n4096-k20-d200-bs40-f1.000-r00:013890.135: log(exp-norms): [4096.0, 4098.04, 4097.3]
exp028-n4096-k20-d200-bs40-f1.000-r00:013890.136: log(norms):     [4098.83, 4099.23, 4099.18, 4099.4, 4099.39, 4099.22, 4099.35, 4099.19, 4099.38, 4099.27]
exp028-n4096-k20-d200-bs40-f1.000-r00:013890.182: (112 sec)
exp028-n4096-k20-d200-bs40-f1.000-r00:013890.183: Loop 64/100
exp028-n4096-k20-d200-bs40-f1.000-r00:014009.275: log(exp-norms): [4096.0, 4098.04, 4097.3]
exp028-n4096-k20-d200-bs40-f1.000-r00:014009.275: log(norms):     [4098.83, 4099.23, 4099.18, 4099.4, 4099.39, 4099.38, 4099.39, 4099.38, 4099.35, 4099.19]
exp028-n4096-k20-d200-bs40-f1.000-r00:014009.312: (120 sec)
exp028-n4096-k20-d200-bs40-f1.000-r00:014009.313: Loop 65/100
exp028-n4096-k20-d200-bs40-f1.000-r00:014127.318: log(exp-norms): [4096.0, 4098.04, 4097.3]
exp028-n4096-k20-d200-bs40-f1.000-r00:014127.319: log(norms):     [4098.83, 4099.23, 4099.18, 4099.4, 4099.24, 4099.28, 4099.39, 4099.46, 4099.44, 4099.22]
exp028-n4096-k20-d200-bs40-f1.000-r00:014127.355: (119 sec)
exp028-n4096-k20-d200-bs40-f1.000-r00:014127.356: Loop 66/100
exp028-n4096-k20-d200-bs40-f1.000-r00:014243.339: log(exp-norms): [4096.0, 4098.04, 4097.3]
exp028-n4096-k20-d200-bs40-f1.000-r00:014243.339: log(norms):     [4098.83, 4099.23, 4099.18, 4099.4, 4099.24, 4099.28, 4099.39, 4099.46, 4099.44, 4099.22]
exp028-n4096-k20-d200-bs40-f1.000-r00:014243.376: (117 sec)
exp028-n4096-k20-d200-bs40-f1.000-r00:014243.376: Loop 67/100
exp028-n4096-k20-d200-bs40-f1.000-r00:014354.343: log(exp-norms): [4096.0, 4098.04, 4097.3]
exp028-n4096-k20-d200-bs40-f1.000-r00:014354.344: log(norms):     [4098.83, 4099.23, 4099.18, 4099.4, 4099.24, 4099.28, 4099.39, 4099.46, 4099.35, 4099.57]
exp028-n4096-k20-d200-bs40-f1.000-r00:014354.381: (112 sec)
exp028-n4096-k20-d200-bs40-f1.000-r00:014354.381: Loop 68/100
exp028-n4096-k20-d200-bs40-f1.000-r00:014446.681: log(exp-norms): [4096.0, 4098.04, 4097.3]
exp028-n4096-k20-d200-bs40-f1.000-r00:014446.681: log(norms):     [4098.83, 4099.23, 4099.18, 4099.4, 4099.24, 4099.28, 4099.27, 4099.3, 4099.39, 4099.46]
exp028-n4096-k20-d200-bs40-f1.000-r00:014446.704: (93 sec)
exp028-n4096-k20-d200-bs40-f1.000-r00:014446.704: Loop 69/100
exp028-n4096-k20-d200-bs40-f1.000-r00:014550.840: log(exp-norms): [4096.0, 4098.04, 4097.3]
exp028-n4096-k20-d200-bs40-f1.000-r00:014550.841: log(norms):     [4098.83, 4099.23, 4099.18, 4099.4, 4099.24, 4099.28, 4099.27, 4099.3, 4099.42, 4099.47]
exp028-n4096-k20-d200-bs40-f1.000-r00:014550.879: (105 sec)
exp028-n4096-k20-d200-bs40-f1.000-r00:014550.879: Loop 70/100
exp028-n4096-k20-d200-bs40-f1.000-r00:014668.530: log(exp-norms): [4096.0, 4098.04, 4097.3]
exp028-n4096-k20-d200-bs40-f1.000-r00:014668.530: log(norms):     [4098.83, 4099.23, 4099.18, 4099.4, 4099.24, 4099.28, 4099.27, 4099.3, 4099.42, 4099.5]
exp028-n4096-k20-d200-bs40-f1.000-r00:014668.568: (118 sec)
exp028-n4096-k20-d200-bs40-f1.000-r00:014668.568: Loop 71/100
exp028-n4096-k20-d200-bs40-f1.000-r00:014750.340: log(exp-norms): [4096.0, 4098.04, 4097.3]
exp028-n4096-k20-d200-bs40-f1.000-r00:014750.340: log(norms):     [4098.83, 4099.23, 4099.18, 4099.4, 4099.24, 4099.28, 4099.27, 4099.3, 4099.44, 4099.42]
exp028-n4096-k20-d200-bs40-f1.000-r00:014750.378: (82 sec)
exp028-n4096-k20-d200-bs40-f1.000-r00:014750.378: Loop 72/100
exp028-n4096-k20-d200-bs40-f1.000-r00:014836.917: log(exp-norms): [4096.0, 4098.04, 4097.3]
exp028-n4096-k20-d200-bs40-f1.000-r00:014836.917: log(norms):     [4098.83, 4099.23, 4099.18, 4099.4, 4099.24, 4099.28, 4099.27, 4099.3, 4099.44, 4099.42]
exp028-n4096-k20-d200-bs40-f1.000-r00:014836.954: (87 sec)
exp028-n4096-k20-d200-bs40-f1.000-r00:014836.955: Loop 73/100
exp028-n4096-k20-d200-bs40-f1.000-r00:014944.901: log(exp-norms): [4096.0, 4098.04, 4097.3]
exp028-n4096-k20-d200-bs40-f1.000-r00:014944.902: log(norms):     [4098.83, 4099.23, 4099.18, 4099.4, 4099.24, 4099.28, 4099.27, 4099.3, 4099.44, 4099.42]
exp028-n4096-k20-d200-bs40-f1.000-r00:014944.939: (108 sec)
exp028-n4096-k20-d200-bs40-f1.000-r00:014944.939: Loop 74/100
exp028-n4096-k20-d200-bs40-f1.000-r00:015042.052: log(exp-norms): [4096.0, 4098.04, 4097.3]
exp028-n4096-k20-d200-bs40-f1.000-r00:015042.052: log(norms):     [4098.83, 4099.23, 4099.18, 4099.4, 4099.24, 4099.28, 4099.27, 4099.3, 4099.44, 4099.42]
exp028-n4096-k20-d200-bs40-f1.000-r00:015042.089: (98 sec)
exp028-n4096-k20-d200-bs40-f1.000-r00:015042.089: Loop 75/100
exp028-n4096-k20-d200-bs40-f1.000-r00:015155.585: log(exp-norms): [4096.0, 4098.04, 4097.3]
exp028-n4096-k20-d200-bs40-f1.000-r00:015155.585: log(norms):     [4098.83, 4099.23, 4099.18, 4099.4, 4099.24, 4099.28, 4099.27, 4099.3, 4099.44, 4099.42]
exp028-n4096-k20-d200-bs40-f1.000-r00:015155.622: (114 sec)
exp028-n4096-k20-d200-bs40-f1.000-r00:015155.622: Loop 76/100
exp028-n4096-k20-d200-bs40-f1.000-r00:015268.860: log(exp-norms): [4096.0, 4098.04, 4097.3]
exp028-n4096-k20-d200-bs40-f1.000-r00:015268.861: log(norms):     [4098.83, 4099.23, 4099.18, 4099.4, 4099.24, 4099.28, 4099.27, 4099.3, 4099.44, 4099.42]
exp028-n4096-k20-d200-bs40-f1.000-r00:015268.898: (114 sec)
exp028-n4096-k20-d200-bs40-f1.000-r00:015268.898: Loop 77/100
exp028-n4096-k20-d200-bs40-f1.000-r00:015386.910: log(exp-norms): [4096.0, 4098.04, 4097.3]
exp028-n4096-k20-d200-bs40-f1.000-r00:015386.910: log(norms):     [4098.83, 4099.23, 4099.22, 4099.31, 4099.18, 4099.38, 4099.24, 4099.48, 4099.27, 4099.3]
exp028-n4096-k20-d200-bs40-f1.000-r00:015386.943: (119 sec)
exp028-n4096-k20-d200-bs40-f1.000-r00:015386.944: Loop 78/100
exp028-n4096-k20-d200-bs40-f1.000-r00:015504.376: log(exp-norms): [4096.0, 4098.04, 4097.3]
exp028-n4096-k20-d200-bs40-f1.000-r00:015504.376: log(norms):     [4098.83, 4099.23, 4099.22, 4099.31, 4099.18, 4099.33, 4099.38, 4099.24, 4099.48, 4099.47]
exp028-n4096-k20-d200-bs40-f1.000-r00:015504.413: (118 sec)
exp028-n4096-k20-d200-bs40-f1.000-r00:015504.413: Loop 79/100
exp028-n4096-k20-d200-bs40-f1.000-r00:015609.051: log(exp-norms): [4096.0, 4098.04, 4097.3]
exp028-n4096-k20-d200-bs40-f1.000-r00:015609.051: log(norms):     [4098.83, 4099.23, 4099.22, 4099.31, 4099.18, 4099.33, 4099.39, 4099.38, 4099.24, 4099.48]
exp028-n4096-k20-d200-bs40-f1.000-r00:015609.087: (105 sec)
exp028-n4096-k20-d200-bs40-f1.000-r00:015609.088: Loop 80/100
exp028-n4096-k20-d200-bs40-f1.000-r00:015720.100: log(exp-norms): [4096.0, 4098.04, 4097.3]
exp028-n4096-k20-d200-bs40-f1.000-r00:015720.101: log(norms):     [4098.83, 4099.23, 4099.22, 4099.31, 4099.18, 4099.33, 4099.39, 4099.38, 4099.24, 4099.48]
exp028-n4096-k20-d200-bs40-f1.000-r00:015720.138: (112 sec)
exp028-n4096-k20-d200-bs40-f1.000-r00:015720.138: Loop 81/100
exp028-n4096-k20-d200-bs40-f1.000-r00:015818.696: log(exp-norms): [4096.0, 4098.04, 4097.3]
exp028-n4096-k20-d200-bs40-f1.000-r00:015818.697: log(norms):     [4098.83, 4099.23, 4099.22, 4099.31, 4099.18, 4099.33, 4099.39, 4099.38, 4099.5, 4099.29]
exp028-n4096-k20-d200-bs40-f1.000-r00:015818.735: (99 sec)
exp028-n4096-k20-d200-bs40-f1.000-r00:015818.735: Loop 82/100
exp028-n4096-k20-d200-bs40-f1.000-r00:015914.681: log(exp-norms): [4096.0, 4098.04, 4097.3]
exp028-n4096-k20-d200-bs40-f1.000-r00:015914.681: log(norms):     [4098.83, 4099.23, 4099.22, 4099.31, 4099.18, 4099.33, 4099.29, 4099.39, 4099.38, 4099.5]
exp028-n4096-k20-d200-bs40-f1.000-r00:015914.718: (96 sec)
exp028-n4096-k20-d200-bs40-f1.000-r00:015914.719: Loop 83/100
exp028-n4096-k20-d200-bs40-f1.000-r00:016008.776: log(exp-norms): [4096.0, 4098.04, 4097.3]
exp028-n4096-k20-d200-bs40-f1.000-r00:016008.776: log(norms):     [4098.83, 4099.23, 4099.22, 4099.31, 4099.18, 4099.33, 4099.29, 4099.39, 4099.38, 4099.5]
exp028-n4096-k20-d200-bs40-f1.000-r00:016008.798: (95 sec)
exp028-n4096-k20-d200-bs40-f1.000-r00:016008.798: Loop 84/100
exp028-n4096-k20-d200-bs40-f1.000-r00:016083.845: log(exp-norms): [4096.0, 4098.04, 4097.3]
exp028-n4096-k20-d200-bs40-f1.000-r00:016083.845: log(norms):     [4098.83, 4099.23, 4099.22, 4099.31, 4099.18, 4099.33, 4099.29, 4099.39, 4099.55, 4099.38]
exp028-n4096-k20-d200-bs40-f1.000-r00:016083.883: (76 sec)
exp028-n4096-k20-d200-bs40-f1.000-r00:016083.883: Loop 85/100
exp028-n4096-k20-d200-bs40-f1.000-r00:016193.664: log(exp-norms): [4096.0, 4098.04, 4097.3]
exp028-n4096-k20-d200-bs40-f1.000-r00:016193.665: log(norms):     [4098.83, 4099.23, 4099.22, 4099.31, 4099.18, 4099.33, 4099.29, 4099.39, 4099.55, 4099.43]
exp028-n4096-k20-d200-bs40-f1.000-r00:016193.703: (110 sec)
exp028-n4096-k20-d200-bs40-f1.000-r00:016193.703: Loop 86/100
exp028-n4096-k20-d200-bs40-f1.000-r00:016280.637: log(exp-norms): [4096.0, 4098.04, 4097.3]
exp028-n4096-k20-d200-bs40-f1.000-r00:016280.638: log(norms):     [4098.83, 4099.23, 4099.22, 4099.31, 4099.18, 4099.33, 4099.29, 4099.39, 4099.55, 4099.43]
exp028-n4096-k20-d200-bs40-f1.000-r00:016280.674: (87 sec)
exp028-n4096-k20-d200-bs40-f1.000-r00:016280.674: Loop 87/100
exp028-n4096-k20-d200-bs40-f1.000-r00:016392.895: log(exp-norms): [4096.0, 4098.04, 4097.3]
exp028-n4096-k20-d200-bs40-f1.000-r00:016392.895: log(norms):     [4098.83, 4099.23, 4099.22, 4099.31, 4099.18, 4099.33, 4099.29, 4099.39, 4099.55, 4099.43]
exp028-n4096-k20-d200-bs40-f1.000-r00:016392.933: (113 sec)
exp028-n4096-k20-d200-bs40-f1.000-r00:016392.933: Loop 88/100
exp028-n4096-k20-d200-bs40-f1.000-r00:016501.212: log(exp-norms): [4096.0, 4098.04, 4097.3]
exp028-n4096-k20-d200-bs40-f1.000-r00:016501.213: log(norms):     [4098.83, 4099.23, 4099.22, 4099.31, 4099.18, 4099.33, 4099.29, 4099.39, 4099.42, 4099.55]
exp028-n4096-k20-d200-bs40-f1.000-r00:016501.249: (109 sec)
exp028-n4096-k20-d200-bs40-f1.000-r00:016501.249: Loop 89/100
exp028-n4096-k20-d200-bs40-f1.000-r00:016594.466: log(exp-norms): [4096.0, 4098.04, 4097.3]
exp028-n4096-k20-d200-bs40-f1.000-r00:016594.467: log(norms):     [4098.83, 4099.23, 4099.22, 4099.31, 4099.18, 4099.33, 4099.29, 4099.39, 4099.42, 4099.55]
exp028-n4096-k20-d200-bs40-f1.000-r00:016594.503: (94 sec)
exp028-n4096-k20-d200-bs40-f1.000-r00:016594.504: Loop 90/100
exp028-n4096-k20-d200-bs40-f1.000-r00:016698.172: log(exp-norms): [4096.0, 4098.04, 4097.3]
exp028-n4096-k20-d200-bs40-f1.000-r00:016698.172: log(norms):     [4098.83, 4099.23, 4099.22, 4099.31, 4099.18, 4099.33, 4099.29, 4099.39, 4099.42, 4099.55]
exp028-n4096-k20-d200-bs40-f1.000-r00:016698.209: (104 sec)
exp028-n4096-k20-d200-bs40-f1.000-r00:016698.209: Loop 91/100
exp028-n4096-k20-d200-bs40-f1.000-r00:016818.775: log(exp-norms): [4096.0, 4098.04, 4097.3]
exp028-n4096-k20-d200-bs40-f1.000-r00:016818.775: log(norms):     [4098.83, 4099.23, 4099.22, 4099.26, 4099.33, 4099.18, 4099.31, 4099.39, 4099.42, 4099.29]
exp028-n4096-k20-d200-bs40-f1.000-r00:016818.812: (121 sec)
exp028-n4096-k20-d200-bs40-f1.000-r00:016818.812: Loop 92/100
exp028-n4096-k20-d200-bs40-f1.000-r00:016927.213: log(exp-norms): [4096.0, 4098.04, 4097.3]
exp028-n4096-k20-d200-bs40-f1.000-r00:016927.213: log(norms):     [4098.83, 4099.23, 4099.22, 4099.26, 4099.33, 4099.18, 4099.31, 4099.39, 4099.42, 4099.29]
exp028-n4096-k20-d200-bs40-f1.000-r00:016927.235: (109 sec)
exp028-n4096-k20-d200-bs40-f1.000-r00:016927.236: Loop 93/100
exp028-n4096-k20-d200-bs40-f1.000-r00:017033.877: log(exp-norms): [4096.0, 4098.04, 4097.3]
exp028-n4096-k20-d200-bs40-f1.000-r00:017033.877: log(norms):     [4098.83, 4099.23, 4099.22, 4099.26, 4099.33, 4099.18, 4099.31, 4099.39, 4099.42, 4099.29]
exp028-n4096-k20-d200-bs40-f1.000-r00:017033.914: (107 sec)
exp028-n4096-k20-d200-bs40-f1.000-r00:017033.915: Loop 94/100
exp028-n4096-k20-d200-bs40-f1.000-r00:017142.913: log(exp-norms): [4096.0, 4098.04, 4097.3]
exp028-n4096-k20-d200-bs40-f1.000-r00:017142.913: log(norms):     [4098.83, 4099.23, 4099.22, 4099.26, 4099.33, 4099.18, 4099.31, 4099.39, 4099.42, 4099.29]
exp028-n4096-k20-d200-bs40-f1.000-r00:017142.950: (110 sec)
exp028-n4096-k20-d200-bs40-f1.000-r00:017142.951: Loop 95/100
exp028-n4096-k20-d200-bs40-f1.000-r00:017253.438: log(exp-norms): [4096.0, 4098.04, 4097.3]
exp028-n4096-k20-d200-bs40-f1.000-r00:017253.439: log(norms):     [4098.83, 4099.23, 4099.22, 4099.26, 4099.33, 4099.18, 4099.31, 4099.39, 4099.42, 4099.46]
exp028-n4096-k20-d200-bs40-f1.000-r00:017253.476: (111 sec)
exp028-n4096-k20-d200-bs40-f1.000-r00:017253.476: Loop 96/100
exp028-n4096-k20-d200-bs40-f1.000-r00:017368.585: log(exp-norms): [4096.0, 4098.04, 4097.3]
exp028-n4096-k20-d200-bs40-f1.000-r00:017368.586: log(norms):     [4098.83, 4099.23, 4099.22, 4099.26, 4099.33, 4099.18, 4099.31, 4099.39, 4099.42, 4099.46]
exp028-n4096-k20-d200-bs40-f1.000-r00:017368.608: (116 sec)
exp028-n4096-k20-d200-bs40-f1.000-r00:017368.608: Loop 97/100
exp028-n4096-k20-d200-bs40-f1.000-r00:017467.999: log(exp-norms): [4096.0, 4098.04, 4097.3]
exp028-n4096-k20-d200-bs40-f1.000-r00:017468.000: log(norms):     [4098.83, 4099.23, 4099.22, 4099.26, 4099.33, 4099.34, 4099.18, 4099.31, 4099.39, 4099.46]
exp028-n4096-k20-d200-bs40-f1.000-r00:017468.023: (100 sec)
exp028-n4096-k20-d200-bs40-f1.000-r00:017468.023: Loop 98/100
exp028-n4096-k20-d200-bs40-f1.000-r00:017573.221: log(exp-norms): [4096.0, 4098.04, 4097.3]
exp028-n4096-k20-d200-bs40-f1.000-r00:017573.221: log(norms):     [4098.83, 4099.23, 4099.22, 4099.26, 4099.33, 4099.34, 4099.18, 4099.31, 4099.39, 4099.46]
exp028-n4096-k20-d200-bs40-f1.000-r00:017573.259: (106 sec)
exp028-n4096-k20-d200-bs40-f1.000-r00:017573.259: Loop 99/100
exp028-n4096-k20-d200-bs40-f1.000-r00:017684.013: log(exp-norms): [4096.0, 4098.04, 4097.3]
exp028-n4096-k20-d200-bs40-f1.000-r00:017684.014: log(norms):     [4098.83, 4099.23, 4099.22, 4099.26, 4099.33, 4099.34, 4099.18, 4099.31, 4099.39, 4099.46]
exp028-n4096-k20-d200-bs40-f1.000-r00:017684.050: (111 sec)
exp028-n4096-k20-d200-bs40-f1.000-r00:017684.051: Loop 100/100
exp028-n4096-k20-d200-bs40-f1.000-r00:017799.918: log(exp-norms): [4096.0, 4098.04, 4097.3]
exp028-n4096-k20-d200-bs40-f1.000-r00:017799.918: log(norms):     [4098.83, 4099.23, 4099.22, 4099.26, 4099.33, 4099.34, 4099.18, 4099.31, 4099.39, 4099.46]
exp028-n4096-k20-d200-bs40-f1.000-r00:017799.955: (116 sec)
exp028-n4096-k20-d200-bs40-f1.000-r00:017799.955: ==========================Summary===========================
exp028-n4096-k20-d200-bs40-f1.000-r00:017799.955: Total time: 17800sec
exp028-n4096-k20-d200-bs40-f1.000-r00:017799.955: FAIL
exp028-n4096-k20-d200-bs40-f1.000-r00:017799.955: SUMMARY:n:4096:k:20:d:200:bs:40:t:17800:r:False
