exp044-n4096-k20-d240-bs60-f1.000-r00:000000.777: ==========================Instance==========================
exp044-n4096-k20-d240-bs60-f1.000-r00:000000.777: # of equations: 240
exp044-n4096-k20-d240-bs60-f1.000-r00:000000.785: Gap: 6.26
exp044-n4096-k20-d240-bs60-f1.000-r00:000000.802: Tau: 10.42
exp044-n4096-k20-d240-bs60-f1.000-r00:000000.803: ======================BKZ-60 reduction======================
exp044-n4096-k20-d240-bs60-f1.000-r00:000008.935: Expectedly achievable log(norm): 4102.88
exp044-n4096-k20-d240-bs60-f1.000-r00:000017.596: log(exp-norms): [4096.0, 4098.17, 4100.81]
exp044-n4096-k20-d240-bs60-f1.000-r00:000017.597: log(norms):     [4119.2, 4098.96, 4116.0, 4116.0, 4116.0, 4116.0, 4116.0, 4116.0, 4116.0, 4116.0]
exp044-n4096-k20-d240-bs60-f1.000-r00:000017.699: Loop 1/100
exp044-n4096-k20-d240-bs60-f1.000-r00:023995.371: log(exp-norms): [4096.0, 4098.17, 4100.81]
exp044-n4096-k20-d240-bs60-f1.000-r00:023995.371: log(norms):     [4098.96, 4105.62, 4105.67, 4105.8, 4105.93, 4105.86, 4105.84, 4105.85, 4105.93, 4106.06]
exp044-n4096-k20-d240-bs60-f1.000-r00:023995.397: (23978 sec)
exp044-n4096-k20-d240-bs60-f1.000-r00:023995.398: Loop 2/100
exp044-n4096-k20-d240-bs60-f1.000-r00:026109.983: log(exp-norms): [4096.0, 4098.17, 4100.81]
exp044-n4096-k20-d240-bs60-f1.000-r00:026109.984: log(norms):     [4096.0, 4098.96, 4105.1, 4105.12, 4105.17, 4105.13, 4105.14, 4105.16, 4105.18, 4105.26]
exp044-n4096-k20-d240-bs60-f1.000-r00:026110.009: (2115 sec)
exp044-n4096-k20-d240-bs60-f1.000-r00:026110.009: Loop 3/100
exp044-n4096-k20-d240-bs60-f1.000-r00:028208.720: log(exp-norms): [4096.0, 4098.17, 4100.81]
exp044-n4096-k20-d240-bs60-f1.000-r00:028208.720: log(norms):     [4096.0, 4098.96, 4104.64, 4104.64, 4104.66, 4104.66, 4104.71, 4104.78, 4105.03, 4104.7]
exp044-n4096-k20-d240-bs60-f1.000-r00:028208.747: (2099 sec)
exp044-n4096-k20-d240-bs60-f1.000-r00:028208.748: Loop 4/100
exp044-n4096-k20-d240-bs60-f1.000-r00:030174.242: log(exp-norms): [4096.0, 4098.17, 4100.81]
exp044-n4096-k20-d240-bs60-f1.000-r00:030174.243: log(norms):     [4096.0, 4098.96, 4104.17, 4104.18, 4104.32, 4104.24, 4104.37, 4104.32, 4104.33, 4104.37]
exp044-n4096-k20-d240-bs60-f1.000-r00:030174.269: (1966 sec)
exp044-n4096-k20-d240-bs60-f1.000-r00:030174.269: Loop 5/100
exp044-n4096-k20-d240-bs60-f1.000-r00:032180.341: log(exp-norms): [4096.0, 4098.17, 4100.81]
exp044-n4096-k20-d240-bs60-f1.000-r00:032180.342: log(norms):     [4096.0, 4098.96, 4103.93, 4103.97, 4104.1, 4104.05, 4103.96, 4104.15, 4103.94, 4103.94]
exp044-n4096-k20-d240-bs60-f1.000-r00:032180.367: (2007 sec)
exp044-n4096-k20-d240-bs60-f1.000-r00:032180.367: Loop 6/100
exp044-n4096-k20-d240-bs60-f1.000-r00:033955.269: log(exp-norms): [4096.0, 4098.17, 4100.81]
exp044-n4096-k20-d240-bs60-f1.000-r00:033955.270: log(norms):     [4096.0, 4098.96, 4103.63, 4103.63, 4103.66, 4103.65, 4103.76, 4103.68, 4103.69, 4103.75]
exp044-n4096-k20-d240-bs60-f1.000-r00:033955.296: (1775 sec)
exp044-n4096-k20-d240-bs60-f1.000-r00:033955.297: Loop 7/100
exp044-n4096-k20-d240-bs60-f1.000-r00:035599.253: log(exp-norms): [4096.0, 4098.17, 4100.81]
exp044-n4096-k20-d240-bs60-f1.000-r00:035599.253: log(norms):     [4096.0, 4098.96, 4103.41, 4103.45, 4103.54, 4103.67, 4103.62, 4103.66, 4103.47, 4103.71]
exp044-n4096-k20-d240-bs60-f1.000-r00:035599.278: (1644 sec)
exp044-n4096-k20-d240-bs60-f1.000-r00:035599.278: Loop 8/100
exp044-n4096-k20-d240-bs60-f1.000-r00:037197.429: log(exp-norms): [4096.0, 4098.17, 4100.81]
exp044-n4096-k20-d240-bs60-f1.000-r00:037197.429: log(norms):     [4096.0, 4098.96, 4103.25, 4103.32, 4103.39, 4103.43, 4103.49, 4103.4, 4103.32, 4103.51]
exp044-n4096-k20-d240-bs60-f1.000-r00:037197.455: (1599 sec)
exp044-n4096-k20-d240-bs60-f1.000-r00:037197.455: Loop 9/100
exp044-n4096-k20-d240-bs60-f1.000-r00:038810.415: log(exp-norms): [4096.0, 4098.17, 4100.81]
exp044-n4096-k20-d240-bs60-f1.000-r00:038810.415: log(norms):     [4096.0, 4098.96, 4103.19, 4103.25, 4103.32, 4103.26, 4103.3, 4103.39, 4103.43, 4103.35]
exp044-n4096-k20-d240-bs60-f1.000-r00:038810.441: (1613 sec)
exp044-n4096-k20-d240-bs60-f1.000-r00:038810.441: Loop 10/100
exp044-n4096-k20-d240-bs60-f1.000-r00:040402.473: log(exp-norms): [4096.0, 4098.17, 4100.81]
exp044-n4096-k20-d240-bs60-f1.000-r00:040402.473: log(norms):     [4096.0, 4098.96, 4103.19, 4103.2, 4103.22, 4103.35, 4103.28, 4103.22, 4103.33, 4103.47]
exp044-n4096-k20-d240-bs60-f1.000-r00:040402.498: (1593 sec)
exp044-n4096-k20-d240-bs60-f1.000-r00:040402.498: Loop 11/100
exp044-n4096-k20-d240-bs60-f1.000-r00:041968.437: log(exp-norms): [4096.0, 4098.17, 4100.81]
exp044-n4096-k20-d240-bs60-f1.000-r00:041968.437: log(norms):     [4096.0, 4098.96, 4103.08, 4103.15, 4103.14, 4103.25, 4103.33, 4103.28, 4103.04, 4103.33]
exp044-n4096-k20-d240-bs60-f1.000-r00:041968.463: (1566 sec)
exp044-n4096-k20-d240-bs60-f1.000-r00:041968.463: Loop 12/100
exp044-n4096-k20-d240-bs60-f1.000-r00:043550.217: log(exp-norms): [4096.0, 4098.17, 4100.81]
exp044-n4096-k20-d240-bs60-f1.000-r00:043550.218: log(norms):     [4096.0, 4098.96, 4103.04, 4103.09, 4103.29, 4103.18, 4103.36, 4103.3, 4103.21, 4103.27]
exp044-n4096-k20-d240-bs60-f1.000-r00:043550.242: (1582 sec)
exp044-n4096-k20-d240-bs60-f1.000-r00:043550.243: Loop 13/100
exp044-n4096-k20-d240-bs60-f1.000-r00:045093.507: log(exp-norms): [4096.0, 4098.17, 4100.81]
exp044-n4096-k20-d240-bs60-f1.000-r00:045093.507: log(norms):     [4096.0, 4098.96, 4103.04, 4103.05, 4103.02, 4103.08, 4103.03, 4103.01, 4103.19, 4103.19]
exp044-n4096-k20-d240-bs60-f1.000-r00:045093.533: (1544 sec)
exp044-n4096-k20-d240-bs60-f1.000-r00:045093.533: Loop 14/100
exp044-n4096-k20-d240-bs60-f1.000-r00:046639.657: log(exp-norms): [4096.0, 4098.17, 4100.81]
exp044-n4096-k20-d240-bs60-f1.000-r00:046639.658: log(norms):     [4096.0, 4098.96, 4103.01, 4103.03, 4103.09, 4103.15, 4103.16, 4103.16, 4103.15, 4103.24]
exp044-n4096-k20-d240-bs60-f1.000-r00:046639.683: (1547 sec)
exp044-n4096-k20-d240-bs60-f1.000-r00:046639.683: Loop 15/100
exp044-n4096-k20-d240-bs60-f1.000-r00:048194.142: log(exp-norms): [4096.0, 4098.17, 4100.81]
exp044-n4096-k20-d240-bs60-f1.000-r00:048194.143: log(norms):     [4096.0, 4098.96, 4103.0, 4103.01, 4103.07, 4103.01, 4103.09, 4103.1, 4103.04, 4103.24]
exp044-n4096-k20-d240-bs60-f1.000-r00:048194.167: (1555 sec)
exp044-n4096-k20-d240-bs60-f1.000-r00:048194.168: Loop 16/100
exp044-n4096-k20-d240-bs60-f1.000-r00:049805.478: log(exp-norms): [4096.0, 4098.17, 4100.81]
exp044-n4096-k20-d240-bs60-f1.000-r00:049805.478: log(norms):     [4096.0, 4098.96, 4102.99, 4103.08, 4103.02, 4103.01, 4103.1, 4103.07, 4103.0, 4103.18]
exp044-n4096-k20-d240-bs60-f1.000-r00:049805.502: (1612 sec)
exp044-n4096-k20-d240-bs60-f1.000-r00:049805.503: Loop 17/100
exp044-n4096-k20-d240-bs60-f1.000-r00:051352.633: log(exp-norms): [4096.0, 4098.17, 4100.81]
exp044-n4096-k20-d240-bs60-f1.000-r00:051352.634: log(norms):     [4096.0, 4098.96, 4102.94, 4102.96, 4103.08, 4103.19, 4103.01, 4103.1, 4103.21, 4103.14]
exp044-n4096-k20-d240-bs60-f1.000-r00:051352.658: (1548 sec)
exp044-n4096-k20-d240-bs60-f1.000-r00:051352.658: Loop 18/100
exp044-n4096-k20-d240-bs60-f1.000-r00:052921.905: log(exp-norms): [4096.0, 4098.17, 4100.81]
exp044-n4096-k20-d240-bs60-f1.000-r00:052921.905: log(norms):     [4096.0, 4098.96, 4102.94, 4102.97, 4103.01, 4103.01, 4102.96, 4103.01, 4103.12, 4103.18]
exp044-n4096-k20-d240-bs60-f1.000-r00:052921.930: (1570 sec)
exp044-n4096-k20-d240-bs60-f1.000-r00:052921.930: Loop 19/100
exp044-n4096-k20-d240-bs60-f1.000-r00:054490.101: log(exp-norms): [4096.0, 4098.17, 4100.81]
exp044-n4096-k20-d240-bs60-f1.000-r00:054490.102: log(norms):     [4096.0, 4098.96, 4102.94, 4102.97, 4103.01, 4103.15, 4102.95, 4102.98, 4103.12, 4103.1]
exp044-n4096-k20-d240-bs60-f1.000-r00:054490.127: (1569 sec)
exp044-n4096-k20-d240-bs60-f1.000-r00:054490.127: Loop 20/100
exp044-n4096-k20-d240-bs60-f1.000-r00:056055.960: log(exp-norms): [4096.0, 4098.17, 4100.81]
exp044-n4096-k20-d240-bs60-f1.000-r00:056055.960: log(norms):     [4096.0, 4098.96, 4102.92, 4102.93, 4102.97, 4103.07, 4102.98, 4103.16, 4103.12, 4103.0]
exp044-n4096-k20-d240-bs60-f1.000-r00:056055.985: (1566 sec)
exp044-n4096-k20-d240-bs60-f1.000-r00:056055.985: Loop 21/100
exp044-n4096-k20-d240-bs60-f1.000-r00:057597.226: log(exp-norms): [4096.0, 4098.17, 4100.81]
exp044-n4096-k20-d240-bs60-f1.000-r00:057597.227: log(norms):     [4096.0, 4098.96, 4102.92, 4102.93, 4102.97, 4103.07, 4103.09, 4102.98, 4103.13, 4103.29]
exp044-n4096-k20-d240-bs60-f1.000-r00:057597.251: (1542 sec)
exp044-n4096-k20-d240-bs60-f1.000-r00:057597.251: Loop 22/100
exp044-n4096-k20-d240-bs60-f1.000-r00:059108.675: log(exp-norms): [4096.0, 4098.17, 4100.81]
exp044-n4096-k20-d240-bs60-f1.000-r00:059108.675: log(norms):     [4096.0, 4098.96, 4102.92, 4102.93, 4102.97, 4103.07, 4103.09, 4102.98, 4103.1, 4103.11]
exp044-n4096-k20-d240-bs60-f1.000-r00:059108.699: (1512 sec)
exp044-n4096-k20-d240-bs60-f1.000-r00:059108.700: Loop 23/100
exp044-n4096-k20-d240-bs60-f1.000-r00:060632.692: log(exp-norms): [4096.0, 4098.17, 4100.81]
exp044-n4096-k20-d240-bs60-f1.000-r00:060632.692: log(norms):     [4096.0, 4098.96, 4102.92, 4102.93, 4102.97, 4103.07, 4103.09, 4103.01, 4103.07, 4103.05]
exp044-n4096-k20-d240-bs60-f1.000-r00:060632.717: (1525 sec)
exp044-n4096-k20-d240-bs60-f1.000-r00:060632.717: Loop 24/100
exp044-n4096-k20-d240-bs60-f1.000-r00:062191.039: log(exp-norms): [4096.0, 4098.17, 4100.81]
exp044-n4096-k20-d240-bs60-f1.000-r00:062191.039: log(norms):     [4096.0, 4098.96, 4102.91, 4102.92, 4102.93, 4102.97, 4103.07, 4103.11, 4103.05, 4103.21]
exp044-n4096-k20-d240-bs60-f1.000-r00:062191.064: (1559 sec)
exp044-n4096-k20-d240-bs60-f1.000-r00:062191.064: Loop 25/100
exp044-n4096-k20-d240-bs60-f1.000-r00:063773.804: log(exp-norms): [4096.0, 4098.17, 4100.81]
exp044-n4096-k20-d240-bs60-f1.000-r00:063773.804: log(norms):     [4096.0, 4098.96, 4102.87, 4102.91, 4103.01, 4103.01, 4102.99, 4103.01, 4103.13, 4103.02]
exp044-n4096-k20-d240-bs60-f1.000-r00:063773.829: (1583 sec)
exp044-n4096-k20-d240-bs60-f1.000-r00:063773.829: Loop 26/100
exp044-n4096-k20-d240-bs60-f1.000-r00:065388.196: log(exp-norms): [4096.0, 4098.17, 4100.81]
exp044-n4096-k20-d240-bs60-f1.000-r00:065388.197: log(norms):     [4096.0, 4098.96, 4102.87, 4102.99, 4103.01, 4103.0, 4102.92, 4103.12, 4103.1, 4102.96]
exp044-n4096-k20-d240-bs60-f1.000-r00:065388.221: (1615 sec)
exp044-n4096-k20-d240-bs60-f1.000-r00:065388.221: Loop 27/100
