exp032-n4096-k20-d240-bs40-f1.000-r00:000000.802: ==========================Instance==========================
exp032-n4096-k20-d240-bs40-f1.000-r00:000000.802: # of equations: 240
exp032-n4096-k20-d240-bs40-f1.000-r00:000000.810: Gap: 6.26
exp032-n4096-k20-d240-bs40-f1.000-r00:000000.826: Tau: 10.42
exp032-n4096-k20-d240-bs40-f1.000-r00:000000.827: ======================BKZ-40 reduction======================
exp032-n4096-k20-d240-bs40-f1.000-r00:000008.054: Expectedly achievable log(norm): 4103.25
exp032-n4096-k20-d240-bs40-f1.000-r00:000015.009: log(exp-norms): [4096.0, 4098.17, 4100.81]
exp032-n4096-k20-d240-bs40-f1.000-r00:000015.009: log(norms):     [4119.2, 4098.96, 4116.0, 4116.0, 4116.0, 4116.0, 4116.0, 4116.0, 4116.0, 4116.0]
exp032-n4096-k20-d240-bs40-f1.000-r00:000015.106: Loop 1/100
exp032-n4096-k20-d240-bs40-f1.000-r00:020525.945: log(exp-norms): [4096.0, 4098.17, 4100.81]
exp032-n4096-k20-d240-bs40-f1.000-r00:020525.946: log(norms):     [4098.96, 4106.16, 4106.27, 4106.33, 4106.35, 4106.27, 4106.33, 4106.39, 4106.23, 4106.31]
exp032-n4096-k20-d240-bs40-f1.000-r00:020525.988: (20511 sec)
exp032-n4096-k20-d240-bs40-f1.000-r00:020525.988: Loop 2/100
exp032-n4096-k20-d240-bs40-f1.000-r00:020836.860: log(exp-norms): [4096.0, 4098.17, 4100.81]
exp032-n4096-k20-d240-bs40-f1.000-r00:020836.860: log(norms):     [4098.96, 4105.71, 4105.71, 4105.71, 4105.77, 4105.86, 4105.95, 4106.03, 4105.85, 4105.99]
exp032-n4096-k20-d240-bs40-f1.000-r00:020836.887: (311 sec)
exp032-n4096-k20-d240-bs40-f1.000-r00:020836.887: Loop 3/100
exp032-n4096-k20-d240-bs40-f1.000-r00:021101.200: log(exp-norms): [4096.0, 4098.17, 4100.81]
exp032-n4096-k20-d240-bs40-f1.000-r00:021101.201: log(norms):     [4098.96, 4105.32, 4105.62, 4105.56, 4105.61, 4105.62, 4105.64, 4105.6, 4105.63, 4105.61]
exp032-n4096-k20-d240-bs40-f1.000-r00:021101.243: (265 sec)
exp032-n4096-k20-d240-bs40-f1.000-r00:021101.243: Loop 4/100
exp032-n4096-k20-d240-bs40-f1.000-r00:021337.150: log(exp-norms): [4096.0, 4098.17, 4100.81]
exp032-n4096-k20-d240-bs40-f1.000-r00:021337.150: log(norms):     [4098.96, 4105.25, 4105.3, 4105.38, 4105.47, 4105.34, 4105.36, 4105.4, 4105.41, 4105.48]
exp032-n4096-k20-d240-bs40-f1.000-r00:021337.192: (236 sec)
exp032-n4096-k20-d240-bs40-f1.000-r00:021337.193: Loop 5/100
exp032-n4096-k20-d240-bs40-f1.000-r00:021587.393: log(exp-norms): [4096.0, 4098.17, 4100.81]
exp032-n4096-k20-d240-bs40-f1.000-r00:021587.394: log(norms):     [4098.96, 4104.95, 4105.09, 4105.13, 4105.25, 4105.25, 4105.2, 4105.08, 4105.06, 4105.15]
exp032-n4096-k20-d240-bs40-f1.000-r00:021587.420: (251 sec)
exp032-n4096-k20-d240-bs40-f1.000-r00:021587.420: Loop 6/100
exp032-n4096-k20-d240-bs40-f1.000-r00:021797.017: log(exp-norms): [4096.0, 4098.17, 4100.81]
exp032-n4096-k20-d240-bs40-f1.000-r00:021797.018: log(norms):     [4096.0, 4098.96, 4104.7, 4104.78, 4104.78, 4104.78, 4104.91, 4104.84, 4105.03, 4105.03]
exp032-n4096-k20-d240-bs40-f1.000-r00:021797.044: (210 sec)
exp032-n4096-k20-d240-bs40-f1.000-r00:021797.045: Loop 7/100
exp032-n4096-k20-d240-bs40-f1.000-r00:021976.186: log(exp-norms): [4096.0, 4098.17, 4100.81]
exp032-n4096-k20-d240-bs40-f1.000-r00:021976.187: log(norms):     [4096.0, 4098.96, 4104.61, 4104.65, 4104.68, 4104.67, 4104.7, 4104.76, 4105.01, 4104.81]
exp032-n4096-k20-d240-bs40-f1.000-r00:021976.228: (180 sec)
exp032-n4096-k20-d240-bs40-f1.000-r00:021976.228: Loop 8/100
exp032-n4096-k20-d240-bs40-f1.000-r00:022201.525: log(exp-norms): [4096.0, 4098.17, 4100.81]
exp032-n4096-k20-d240-bs40-f1.000-r00:022201.526: log(norms):     [4096.0, 4098.96, 4104.48, 4104.63, 4104.57, 4104.73, 4104.6, 4104.48, 4104.75, 4104.55]
exp032-n4096-k20-d240-bs40-f1.000-r00:022201.569: (226 sec)
exp032-n4096-k20-d240-bs40-f1.000-r00:022201.569: Loop 9/100
exp032-n4096-k20-d240-bs40-f1.000-r00:022420.700: log(exp-norms): [4096.0, 4098.17, 4100.81]
exp032-n4096-k20-d240-bs40-f1.000-r00:022420.701: log(norms):     [4096.0, 4098.96, 4104.37, 4104.46, 4104.48, 4104.57, 4104.4, 4104.49, 4104.46, 4104.49]
exp032-n4096-k20-d240-bs40-f1.000-r00:022420.727: (220 sec)
exp032-n4096-k20-d240-bs40-f1.000-r00:022420.727: Loop 10/100
exp032-n4096-k20-d240-bs40-f1.000-r00:022575.999: log(exp-norms): [4096.0, 4098.17, 4100.81]
exp032-n4096-k20-d240-bs40-f1.000-r00:022575.999: log(norms):     [4096.0, 4098.96, 4104.22, 4104.28, 4104.3, 4104.33, 4104.36, 4104.35, 4104.39, 4104.47]
exp032-n4096-k20-d240-bs40-f1.000-r00:022576.026: (156 sec)
exp032-n4096-k20-d240-bs40-f1.000-r00:022576.026: Loop 11/100
exp032-n4096-k20-d240-bs40-f1.000-r00:022747.169: log(exp-norms): [4096.0, 4098.17, 4100.81]
exp032-n4096-k20-d240-bs40-f1.000-r00:022747.170: log(norms):     [4096.0, 4098.96, 4104.09, 4104.15, 4104.15, 4104.28, 4104.21, 4104.24, 4104.15, 4104.2]
exp032-n4096-k20-d240-bs40-f1.000-r00:022747.213: (172 sec)
exp032-n4096-k20-d240-bs40-f1.000-r00:022747.213: Loop 12/100
exp032-n4096-k20-d240-bs40-f1.000-r00:022977.304: log(exp-norms): [4096.0, 4098.17, 4100.81]
exp032-n4096-k20-d240-bs40-f1.000-r00:022977.305: log(norms):     [4096.0, 4098.96, 4104.09, 4104.09, 4104.26, 4104.31, 4104.21, 4104.15, 4104.34, 4104.46]
exp032-n4096-k20-d240-bs40-f1.000-r00:022977.348: (231 sec)
exp032-n4096-k20-d240-bs40-f1.000-r00:022977.348: Loop 13/100
exp032-n4096-k20-d240-bs40-f1.000-r00:023147.774: log(exp-norms): [4096.0, 4098.17, 4100.81]
exp032-n4096-k20-d240-bs40-f1.000-r00:023147.774: log(norms):     [4096.0, 4098.96, 4103.94, 4103.98, 4104.11, 4104.14, 4104.15, 4104.13, 4104.21, 4104.17]
exp032-n4096-k20-d240-bs40-f1.000-r00:023147.800: (171 sec)
exp032-n4096-k20-d240-bs40-f1.000-r00:023147.800: Loop 14/100
exp032-n4096-k20-d240-bs40-f1.000-r00:023348.527: log(exp-norms): [4096.0, 4098.17, 4100.81]
exp032-n4096-k20-d240-bs40-f1.000-r00:023348.527: log(norms):     [4096.0, 4098.96, 4103.89, 4104.02, 4103.97, 4104.1, 4104.04, 4104.21, 4104.18, 4104.01]
exp032-n4096-k20-d240-bs40-f1.000-r00:023348.570: (201 sec)
exp032-n4096-k20-d240-bs40-f1.000-r00:023348.570: Loop 15/100
exp032-n4096-k20-d240-bs40-f1.000-r00:023518.390: log(exp-norms): [4096.0, 4098.17, 4100.81]
exp032-n4096-k20-d240-bs40-f1.000-r00:023518.390: log(norms):     [4096.0, 4098.96, 4103.89, 4104.02, 4103.9, 4103.93, 4103.99, 4104.04, 4104.15, 4103.97]
exp032-n4096-k20-d240-bs40-f1.000-r00:023518.428: (170 sec)
exp032-n4096-k20-d240-bs40-f1.000-r00:023518.428: Loop 16/100
exp032-n4096-k20-d240-bs40-f1.000-r00:023674.103: log(exp-norms): [4096.0, 4098.17, 4100.81]
exp032-n4096-k20-d240-bs40-f1.000-r00:023674.103: log(norms):     [4096.0, 4098.96, 4103.65, 4103.78, 4103.87, 4103.98, 4103.87, 4104.06, 4103.94, 4104.18]
exp032-n4096-k20-d240-bs40-f1.000-r00:023674.129: (156 sec)
exp032-n4096-k20-d240-bs40-f1.000-r00:023674.129: Loop 17/100
exp032-n4096-k20-d240-bs40-f1.000-r00:023822.887: log(exp-norms): [4096.0, 4098.17, 4100.81]
exp032-n4096-k20-d240-bs40-f1.000-r00:023822.887: log(norms):     [4096.0, 4098.96, 4103.65, 4103.68, 4103.87, 4103.78, 4103.9, 4103.96, 4103.98, 4103.89]
exp032-n4096-k20-d240-bs40-f1.000-r00:023822.925: (149 sec)
exp032-n4096-k20-d240-bs40-f1.000-r00:023822.925: Loop 18/100
exp032-n4096-k20-d240-bs40-f1.000-r00:024027.930: log(exp-norms): [4096.0, 4098.17, 4100.81]
exp032-n4096-k20-d240-bs40-f1.000-r00:024027.930: log(norms):     [4096.0, 4098.96, 4103.65, 4103.68, 4103.87, 4103.78, 4103.9, 4103.93, 4103.91, 4103.95]
exp032-n4096-k20-d240-bs40-f1.000-r00:024027.972: (206 sec)
exp032-n4096-k20-d240-bs40-f1.000-r00:024027.972: Loop 19/100
exp032-n4096-k20-d240-bs40-f1.000-r00:024221.834: log(exp-norms): [4096.0, 4098.17, 4100.81]
exp032-n4096-k20-d240-bs40-f1.000-r00:024221.834: log(norms):     [4096.0, 4098.96, 4103.65, 4103.68, 4103.89, 4103.64, 4103.77, 4103.85, 4103.92, 4103.66]
exp032-n4096-k20-d240-bs40-f1.000-r00:024221.877: (194 sec)
exp032-n4096-k20-d240-bs40-f1.000-r00:024221.877: Loop 20/100
exp032-n4096-k20-d240-bs40-f1.000-r00:024351.605: log(exp-norms): [4096.0, 4098.17, 4100.81]
exp032-n4096-k20-d240-bs40-f1.000-r00:024351.605: log(norms):     [4096.0, 4098.96, 4103.64, 4103.66, 4103.77, 4103.74, 4103.83, 4103.78, 4103.93, 4103.82]
exp032-n4096-k20-d240-bs40-f1.000-r00:024351.631: (130 sec)
exp032-n4096-k20-d240-bs40-f1.000-r00:024351.631: Loop 21/100
exp032-n4096-k20-d240-bs40-f1.000-r00:024488.376: log(exp-norms): [4096.0, 4098.17, 4100.81]
exp032-n4096-k20-d240-bs40-f1.000-r00:024488.377: log(norms):     [4096.0, 4098.96, 4103.64, 4103.73, 4103.69, 4103.71, 4103.66, 4103.66, 4103.67, 4103.95]
exp032-n4096-k20-d240-bs40-f1.000-r00:024488.419: (137 sec)
exp032-n4096-k20-d240-bs40-f1.000-r00:024488.419: Loop 22/100
exp032-n4096-k20-d240-bs40-f1.000-r00:024632.023: log(exp-norms): [4096.0, 4098.17, 4100.81]
exp032-n4096-k20-d240-bs40-f1.000-r00:024632.024: log(norms):     [4096.0, 4098.96, 4103.61, 4103.66, 4103.76, 4103.7, 4103.66, 4103.67, 4103.84, 4103.88]
exp032-n4096-k20-d240-bs40-f1.000-r00:024632.049: (144 sec)
exp032-n4096-k20-d240-bs40-f1.000-r00:024632.050: Loop 23/100
exp032-n4096-k20-d240-bs40-f1.000-r00:024745.076: log(exp-norms): [4096.0, 4098.17, 4100.81]
exp032-n4096-k20-d240-bs40-f1.000-r00:024745.076: log(norms):     [4096.0, 4098.96, 4103.61, 4103.66, 4103.76, 4103.7, 4103.66, 4103.67, 4103.84, 4103.88]
exp032-n4096-k20-d240-bs40-f1.000-r00:024745.101: (114 sec)
exp032-n4096-k20-d240-bs40-f1.000-r00:024745.102: Loop 24/100
exp032-n4096-k20-d240-bs40-f1.000-r00:024862.179: log(exp-norms): [4096.0, 4098.17, 4100.81]
exp032-n4096-k20-d240-bs40-f1.000-r00:024862.179: log(norms):     [4096.0, 4098.96, 4103.53, 4103.59, 4103.76, 4103.68, 4103.66, 4103.66, 4103.68, 4103.65]
exp032-n4096-k20-d240-bs40-f1.000-r00:024862.205: (118 sec)
exp032-n4096-k20-d240-bs40-f1.000-r00:024862.205: Loop 25/100
exp032-n4096-k20-d240-bs40-f1.000-r00:024981.967: log(exp-norms): [4096.0, 4098.17, 4100.81]
exp032-n4096-k20-d240-bs40-f1.000-r00:024981.968: log(norms):     [4096.0, 4098.96, 4103.53, 4103.59, 4103.76, 4103.68, 4103.66, 4103.74, 4103.63, 4103.67]
exp032-n4096-k20-d240-bs40-f1.000-r00:024981.993: (120 sec)
exp032-n4096-k20-d240-bs40-f1.000-r00:024981.994: Loop 26/100
exp032-n4096-k20-d240-bs40-f1.000-r00:025093.774: log(exp-norms): [4096.0, 4098.17, 4100.81]
exp032-n4096-k20-d240-bs40-f1.000-r00:025093.774: log(norms):     [4096.0, 4098.96, 4103.53, 4103.59, 4103.73, 4103.66, 4103.76, 4103.68, 4103.82, 4103.53]
exp032-n4096-k20-d240-bs40-f1.000-r00:025093.800: (112 sec)
exp032-n4096-k20-d240-bs40-f1.000-r00:025093.801: Loop 27/100
exp032-n4096-k20-d240-bs40-f1.000-r00:025243.523: log(exp-norms): [4096.0, 4098.17, 4100.81]
exp032-n4096-k20-d240-bs40-f1.000-r00:025243.523: log(norms):     [4096.0, 4098.96, 4103.53, 4103.53, 4103.59, 4103.76, 4103.61, 4103.59, 4103.74, 4103.53]
exp032-n4096-k20-d240-bs40-f1.000-r00:025243.549: (150 sec)
exp032-n4096-k20-d240-bs40-f1.000-r00:025243.549: Loop 28/100
exp032-n4096-k20-d240-bs40-f1.000-r00:025359.582: log(exp-norms): [4096.0, 4098.17, 4100.81]
exp032-n4096-k20-d240-bs40-f1.000-r00:025359.583: log(norms):     [4096.0, 4098.96, 4103.51, 4103.53, 4103.63, 4103.53, 4103.7, 4103.64, 4103.65, 4103.76]
exp032-n4096-k20-d240-bs40-f1.000-r00:025359.609: (117 sec)
exp032-n4096-k20-d240-bs40-f1.000-r00:025359.609: Loop 29/100
exp032-n4096-k20-d240-bs40-f1.000-r00:025475.014: log(exp-norms): [4096.0, 4098.17, 4100.81]
exp032-n4096-k20-d240-bs40-f1.000-r00:025475.014: log(norms):     [4096.0, 4098.96, 4103.51, 4103.53, 4103.63, 4103.53, 4103.7, 4103.69, 4103.59, 4103.65]
exp032-n4096-k20-d240-bs40-f1.000-r00:025475.040: (116 sec)
exp032-n4096-k20-d240-bs40-f1.000-r00:025475.040: Loop 30/100
exp032-n4096-k20-d240-bs40-f1.000-r00:025629.990: log(exp-norms): [4096.0, 4098.17, 4100.81]
exp032-n4096-k20-d240-bs40-f1.000-r00:025629.990: log(norms):     [4096.0, 4098.96, 4103.51, 4103.53, 4103.63, 4103.61, 4103.7, 4103.53, 4103.69, 4103.72]
exp032-n4096-k20-d240-bs40-f1.000-r00:025630.032: (155 sec)
exp032-n4096-k20-d240-bs40-f1.000-r00:025630.032: Loop 31/100
exp032-n4096-k20-d240-bs40-f1.000-r00:025782.692: log(exp-norms): [4096.0, 4098.17, 4100.81]
exp032-n4096-k20-d240-bs40-f1.000-r00:025782.693: log(norms):     [4096.0, 4098.96, 4103.51, 4103.53, 4103.62, 4103.74, 4103.61, 4103.69, 4103.76, 4103.55]
exp032-n4096-k20-d240-bs40-f1.000-r00:025782.719: (153 sec)
exp032-n4096-k20-d240-bs40-f1.000-r00:025782.720: Loop 32/100
exp032-n4096-k20-d240-bs40-f1.000-r00:025931.216: log(exp-norms): [4096.0, 4098.17, 4100.81]
exp032-n4096-k20-d240-bs40-f1.000-r00:025931.216: log(norms):     [4096.0, 4098.96, 4103.41, 4103.61, 4103.53, 4103.51, 4103.68, 4103.69, 4103.61, 4103.67]
exp032-n4096-k20-d240-bs40-f1.000-r00:025931.258: (149 sec)
exp032-n4096-k20-d240-bs40-f1.000-r00:025931.258: Loop 33/100
exp032-n4096-k20-d240-bs40-f1.000-r00:026093.488: log(exp-norms): [4096.0, 4098.17, 4100.81]
exp032-n4096-k20-d240-bs40-f1.000-r00:026093.488: log(norms):     [4096.0, 4098.96, 4103.41, 4103.61, 4103.53, 4103.69, 4103.53, 4103.67, 4103.82, 4103.53]
exp032-n4096-k20-d240-bs40-f1.000-r00:026093.515: (163 sec)
exp032-n4096-k20-d240-bs40-f1.000-r00:026093.515: Loop 34/100
exp032-n4096-k20-d240-bs40-f1.000-r00:026218.838: log(exp-norms): [4096.0, 4098.17, 4100.81]
exp032-n4096-k20-d240-bs40-f1.000-r00:026218.838: log(norms):     [4096.0, 4098.96, 4103.41, 4103.61, 4103.53, 4103.69, 4103.57, 4103.55, 4103.54, 4103.79]
exp032-n4096-k20-d240-bs40-f1.000-r00:026218.865: (126 sec)
exp032-n4096-k20-d240-bs40-f1.000-r00:026218.865: Loop 35/100
exp032-n4096-k20-d240-bs40-f1.000-r00:026331.184: log(exp-norms): [4096.0, 4098.17, 4100.81]
exp032-n4096-k20-d240-bs40-f1.000-r00:026331.184: log(norms):     [4096.0, 4098.96, 4103.41, 4103.57, 4103.55, 4103.61, 4103.53, 4103.69, 4103.73, 4103.59]
exp032-n4096-k20-d240-bs40-f1.000-r00:026331.210: (113 sec)
exp032-n4096-k20-d240-bs40-f1.000-r00:026331.210: Loop 36/100
exp032-n4096-k20-d240-bs40-f1.000-r00:026472.907: log(exp-norms): [4096.0, 4098.17, 4100.81]
exp032-n4096-k20-d240-bs40-f1.000-r00:026472.907: log(norms):     [4096.0, 4098.96, 4103.41, 4103.57, 4103.55, 4103.61, 4103.53, 4103.69, 4103.63, 4103.59]
exp032-n4096-k20-d240-bs40-f1.000-r00:026472.932: (142 sec)
exp032-n4096-k20-d240-bs40-f1.000-r00:026472.932: Loop 37/100
exp032-n4096-k20-d240-bs40-f1.000-r00:026584.868: log(exp-norms): [4096.0, 4098.17, 4100.81]
exp032-n4096-k20-d240-bs40-f1.000-r00:026584.868: log(norms):     [4096.0, 4098.96, 4103.41, 4103.58, 4103.57, 4103.55, 4103.59, 4103.77, 4103.69, 4103.62]
exp032-n4096-k20-d240-bs40-f1.000-r00:026584.894: (112 sec)
exp032-n4096-k20-d240-bs40-f1.000-r00:026584.894: Loop 38/100
exp032-n4096-k20-d240-bs40-f1.000-r00:026697.475: log(exp-norms): [4096.0, 4098.17, 4100.81]
exp032-n4096-k20-d240-bs40-f1.000-r00:026697.475: log(norms):     [4096.0, 4098.96, 4103.41, 4103.58, 4103.59, 4103.55, 4103.57, 4103.63, 4103.62, 4103.6]
exp032-n4096-k20-d240-bs40-f1.000-r00:026697.501: (113 sec)
exp032-n4096-k20-d240-bs40-f1.000-r00:026697.502: Loop 39/100
exp032-n4096-k20-d240-bs40-f1.000-r00:026811.429: log(exp-norms): [4096.0, 4098.17, 4100.81]
exp032-n4096-k20-d240-bs40-f1.000-r00:026811.429: log(norms):     [4096.0, 4098.96, 4103.41, 4103.58, 4103.59, 4103.68, 4103.55, 4103.68, 4103.63, 4103.65]
exp032-n4096-k20-d240-bs40-f1.000-r00:026811.455: (114 sec)
exp032-n4096-k20-d240-bs40-f1.000-r00:026811.455: Loop 40/100
exp032-n4096-k20-d240-bs40-f1.000-r00:026943.789: log(exp-norms): [4096.0, 4098.17, 4100.81]
exp032-n4096-k20-d240-bs40-f1.000-r00:026943.789: log(norms):     [4096.0, 4098.96, 4103.41, 4103.58, 4103.59, 4103.68, 4103.55, 4103.68, 4103.63, 4103.65]
exp032-n4096-k20-d240-bs40-f1.000-r00:026943.814: (133 sec)
exp032-n4096-k20-d240-bs40-f1.000-r00:026943.815: Loop 41/100
exp032-n4096-k20-d240-bs40-f1.000-r00:027061.862: log(exp-norms): [4096.0, 4098.17, 4100.81]
exp032-n4096-k20-d240-bs40-f1.000-r00:027061.862: log(norms):     [4096.0, 4098.96, 4103.37, 4103.41, 4103.59, 4103.59, 4103.68, 4103.55, 4103.68, 4103.67]
exp032-n4096-k20-d240-bs40-f1.000-r00:027061.888: (119 sec)
exp032-n4096-k20-d240-bs40-f1.000-r00:027061.888: Loop 42/100
exp032-n4096-k20-d240-bs40-f1.000-r00:027172.696: log(exp-norms): [4096.0, 4098.17, 4100.81]
exp032-n4096-k20-d240-bs40-f1.000-r00:027172.696: log(norms):     [4096.0, 4098.96, 4103.37, 4103.41, 4103.59, 4103.59, 4103.68, 4103.55, 4103.6, 4103.52]
exp032-n4096-k20-d240-bs40-f1.000-r00:027172.722: (111 sec)
exp032-n4096-k20-d240-bs40-f1.000-r00:027172.722: Loop 43/100
exp032-n4096-k20-d240-bs40-f1.000-r00:027292.112: log(exp-norms): [4096.0, 4098.17, 4100.81]
exp032-n4096-k20-d240-bs40-f1.000-r00:027292.113: log(norms):     [4096.0, 4098.96, 4103.37, 4103.47, 4103.41, 4103.59, 4103.66, 4103.6, 4103.6, 4103.78]
exp032-n4096-k20-d240-bs40-f1.000-r00:027292.156: (120 sec)
exp032-n4096-k20-d240-bs40-f1.000-r00:027292.156: Loop 44/100
exp032-n4096-k20-d240-bs40-f1.000-r00:027479.895: log(exp-norms): [4096.0, 4098.17, 4100.81]
exp032-n4096-k20-d240-bs40-f1.000-r00:027479.896: log(norms):     [4096.0, 4098.96, 4103.37, 4103.47, 4103.41, 4103.59, 4103.66, 4103.6, 4103.52, 4103.6]
exp032-n4096-k20-d240-bs40-f1.000-r00:027479.938: (188 sec)
exp032-n4096-k20-d240-bs40-f1.000-r00:027479.938: Loop 45/100
exp032-n4096-k20-d240-bs40-f1.000-r00:027595.795: log(exp-norms): [4096.0, 4098.17, 4100.81]
exp032-n4096-k20-d240-bs40-f1.000-r00:027595.796: log(norms):     [4096.0, 4098.96, 4103.37, 4103.47, 4103.41, 4103.55, 4103.55, 4103.56, 4103.52, 4103.58]
exp032-n4096-k20-d240-bs40-f1.000-r00:027595.822: (116 sec)
exp032-n4096-k20-d240-bs40-f1.000-r00:027595.823: Loop 46/100
exp032-n4096-k20-d240-bs40-f1.000-r00:027707.397: log(exp-norms): [4096.0, 4098.17, 4100.81]
exp032-n4096-k20-d240-bs40-f1.000-r00:027707.398: log(norms):     [4096.0, 4098.96, 4103.37, 4103.47, 4103.41, 4103.55, 4103.55, 4103.56, 4103.56, 4103.56]
exp032-n4096-k20-d240-bs40-f1.000-r00:027707.423: (112 sec)
exp032-n4096-k20-d240-bs40-f1.000-r00:027707.423: Loop 47/100
exp032-n4096-k20-d240-bs40-f1.000-r00:027824.563: log(exp-norms): [4096.0, 4098.17, 4100.81]
exp032-n4096-k20-d240-bs40-f1.000-r00:027824.563: log(norms):     [4096.0, 4098.96, 4103.37, 4103.47, 4103.41, 4103.55, 4103.55, 4103.56, 4103.56, 4103.54]
exp032-n4096-k20-d240-bs40-f1.000-r00:027824.605: (118 sec)
exp032-n4096-k20-d240-bs40-f1.000-r00:027824.605: Loop 48/100
exp032-n4096-k20-d240-bs40-f1.000-r00:027978.999: log(exp-norms): [4096.0, 4098.17, 4100.81]
exp032-n4096-k20-d240-bs40-f1.000-r00:027978.999: log(norms):     [4096.0, 4098.96, 4103.37, 4103.47, 4103.41, 4103.55, 4103.55, 4103.54, 4103.56, 4103.57]
exp032-n4096-k20-d240-bs40-f1.000-r00:027979.041: (155 sec)
exp032-n4096-k20-d240-bs40-f1.000-r00:027979.041: Loop 49/100
exp032-n4096-k20-d240-bs40-f1.000-r00:028107.982: log(exp-norms): [4096.0, 4098.17, 4100.81]
exp032-n4096-k20-d240-bs40-f1.000-r00:028107.983: log(norms):     [4096.0, 4098.96, 4103.37, 4103.47, 4103.41, 4103.55, 4103.55, 4103.54, 4103.56, 4103.57]
exp032-n4096-k20-d240-bs40-f1.000-r00:028108.009: (129 sec)
exp032-n4096-k20-d240-bs40-f1.000-r00:028108.009: Loop 50/100
exp032-n4096-k20-d240-bs40-f1.000-r00:028220.628: log(exp-norms): [4096.0, 4098.17, 4100.81]
exp032-n4096-k20-d240-bs40-f1.000-r00:028220.629: log(norms):     [4096.0, 4098.96, 4103.37, 4103.47, 4103.41, 4103.55, 4103.55, 4103.61, 4103.65, 4103.7]
exp032-n4096-k20-d240-bs40-f1.000-r00:028220.655: (113 sec)
exp032-n4096-k20-d240-bs40-f1.000-r00:028220.655: Loop 51/100
exp032-n4096-k20-d240-bs40-f1.000-r00:028330.342: log(exp-norms): [4096.0, 4098.17, 4100.81]
exp032-n4096-k20-d240-bs40-f1.000-r00:028330.343: log(norms):     [4096.0, 4098.96, 4103.37, 4103.47, 4103.41, 4103.46, 4103.55, 4103.55, 4103.61, 4103.65]
exp032-n4096-k20-d240-bs40-f1.000-r00:028330.368: (110 sec)
exp032-n4096-k20-d240-bs40-f1.000-r00:028330.369: Loop 52/100
exp032-n4096-k20-d240-bs40-f1.000-r00:028471.823: log(exp-norms): [4096.0, 4098.17, 4100.81]
exp032-n4096-k20-d240-bs40-f1.000-r00:028471.823: log(norms):     [4096.0, 4098.96, 4103.37, 4103.47, 4103.41, 4103.46, 4103.55, 4103.55, 4103.61, 4103.65]
exp032-n4096-k20-d240-bs40-f1.000-r00:028471.849: (142 sec)
exp032-n4096-k20-d240-bs40-f1.000-r00:028471.849: Loop 53/100
exp032-n4096-k20-d240-bs40-f1.000-r00:028579.394: log(exp-norms): [4096.0, 4098.17, 4100.81]
exp032-n4096-k20-d240-bs40-f1.000-r00:028579.394: log(norms):     [4096.0, 4098.96, 4103.37, 4103.47, 4103.41, 4103.46, 4103.55, 4103.55, 4103.61, 4103.65]
exp032-n4096-k20-d240-bs40-f1.000-r00:028579.420: (108 sec)
exp032-n4096-k20-d240-bs40-f1.000-r00:028579.420: Loop 54/100
exp032-n4096-k20-d240-bs40-f1.000-r00:028688.172: log(exp-norms): [4096.0, 4098.17, 4100.81]
exp032-n4096-k20-d240-bs40-f1.000-r00:028688.173: log(norms):     [4096.0, 4098.96, 4103.37, 4103.47, 4103.41, 4103.46, 4103.55, 4103.55, 4103.61, 4103.65]
exp032-n4096-k20-d240-bs40-f1.000-r00:028688.198: (109 sec)
exp032-n4096-k20-d240-bs40-f1.000-r00:028688.198: Loop 55/100
exp032-n4096-k20-d240-bs40-f1.000-r00:028801.495: log(exp-norms): [4096.0, 4098.17, 4100.81]
exp032-n4096-k20-d240-bs40-f1.000-r00:028801.495: log(norms):     [4096.0, 4098.96, 4103.37, 4103.47, 4103.41, 4103.46, 4103.55, 4103.55, 4103.61, 4103.5]
exp032-n4096-k20-d240-bs40-f1.000-r00:028801.521: (114 sec)
exp032-n4096-k20-d240-bs40-f1.000-r00:028801.521: Loop 56/100
exp032-n4096-k20-d240-bs40-f1.000-r00:028913.538: log(exp-norms): [4096.0, 4098.17, 4100.81]
exp032-n4096-k20-d240-bs40-f1.000-r00:028913.539: log(norms):     [4096.0, 4098.96, 4103.37, 4103.47, 4103.41, 4103.5, 4103.55, 4103.46, 4103.55, 4103.61]
exp032-n4096-k20-d240-bs40-f1.000-r00:028913.565: (113 sec)
exp032-n4096-k20-d240-bs40-f1.000-r00:028913.565: Loop 57/100
exp032-n4096-k20-d240-bs40-f1.000-r00:029035.455: log(exp-norms): [4096.0, 4098.17, 4100.81]
exp032-n4096-k20-d240-bs40-f1.000-r00:029035.455: log(norms):     [4096.0, 4098.96, 4103.37, 4103.47, 4103.41, 4103.5, 4103.53, 4103.55, 4103.46, 4103.47]
exp032-n4096-k20-d240-bs40-f1.000-r00:029035.481: (122 sec)
exp032-n4096-k20-d240-bs40-f1.000-r00:029035.481: Loop 58/100
exp032-n4096-k20-d240-bs40-f1.000-r00:029161.010: log(exp-norms): [4096.0, 4098.17, 4100.81]
exp032-n4096-k20-d240-bs40-f1.000-r00:029161.010: log(norms):     [4096.0, 4098.96, 4103.37, 4103.47, 4103.41, 4103.5, 4103.53, 4103.55, 4103.46, 4103.47]
exp032-n4096-k20-d240-bs40-f1.000-r00:029161.053: (126 sec)
exp032-n4096-k20-d240-bs40-f1.000-r00:029161.053: Loop 59/100
exp032-n4096-k20-d240-bs40-f1.000-r00:029307.774: log(exp-norms): [4096.0, 4098.17, 4100.81]
exp032-n4096-k20-d240-bs40-f1.000-r00:029307.775: log(norms):     [4096.0, 4098.96, 4103.37, 4103.47, 4103.41, 4103.5, 4103.53, 4103.55, 4103.46, 4103.47]
exp032-n4096-k20-d240-bs40-f1.000-r00:029307.801: (147 sec)
exp032-n4096-k20-d240-bs40-f1.000-r00:029307.801: Loop 60/100
exp032-n4096-k20-d240-bs40-f1.000-r00:029429.983: log(exp-norms): [4096.0, 4098.17, 4100.81]
exp032-n4096-k20-d240-bs40-f1.000-r00:029429.984: log(norms):     [4096.0, 4098.96, 4103.34, 4103.37, 4103.38, 4103.47, 4103.41, 4103.5, 4103.53, 4103.55]
exp032-n4096-k20-d240-bs40-f1.000-r00:029430.023: (123 sec)
exp032-n4096-k20-d240-bs40-f1.000-r00:029430.023: Loop 61/100
exp032-n4096-k20-d240-bs40-f1.000-r00:029557.785: log(exp-norms): [4096.0, 4098.17, 4100.81]
exp032-n4096-k20-d240-bs40-f1.000-r00:029557.786: log(norms):     [4096.0, 4098.96, 4103.34, 4103.37, 4103.38, 4103.64, 4103.41, 4103.46, 4103.47, 4103.55]
exp032-n4096-k20-d240-bs40-f1.000-r00:029557.814: (128 sec)
exp032-n4096-k20-d240-bs40-f1.000-r00:029557.814: Loop 62/100
exp032-n4096-k20-d240-bs40-f1.000-r00:029708.210: log(exp-norms): [4096.0, 4098.17, 4100.81]
exp032-n4096-k20-d240-bs40-f1.000-r00:029708.211: log(norms):     [4096.0, 4098.96, 4103.34, 4103.37, 4103.38, 4103.64, 4103.41, 4103.46, 4103.47, 4103.55]
exp032-n4096-k20-d240-bs40-f1.000-r00:029708.238: (151 sec)
exp032-n4096-k20-d240-bs40-f1.000-r00:029708.238: Loop 63/100
exp032-n4096-k20-d240-bs40-f1.000-r00:029855.607: log(exp-norms): [4096.0, 4098.17, 4100.81]
exp032-n4096-k20-d240-bs40-f1.000-r00:029855.607: log(norms):     [4096.0, 4098.96, 4103.34, 4103.37, 4103.38, 4103.64, 4103.41, 4103.46, 4103.47, 4103.55]
exp032-n4096-k20-d240-bs40-f1.000-r00:029855.650: (148 sec)
exp032-n4096-k20-d240-bs40-f1.000-r00:029855.650: Loop 64/100
exp032-n4096-k20-d240-bs40-f1.000-r00:029982.339: log(exp-norms): [4096.0, 4098.17, 4100.81]
exp032-n4096-k20-d240-bs40-f1.000-r00:029982.339: log(norms):     [4096.0, 4098.96, 4103.34, 4103.37, 4103.38, 4103.4, 4103.64, 4103.46, 4103.47, 4103.48]
exp032-n4096-k20-d240-bs40-f1.000-r00:029982.386: (127 sec)
exp032-n4096-k20-d240-bs40-f1.000-r00:029982.387: Loop 65/100
exp032-n4096-k20-d240-bs40-f1.000-r00:030101.356: log(exp-norms): [4096.0, 4098.17, 4100.81]
exp032-n4096-k20-d240-bs40-f1.000-r00:030101.356: log(norms):     [4096.0, 4098.96, 4103.34, 4103.37, 4103.38, 4103.4, 4103.42, 4103.48, 4103.47, 4103.64]
exp032-n4096-k20-d240-bs40-f1.000-r00:030101.381: (119 sec)
exp032-n4096-k20-d240-bs40-f1.000-r00:030101.381: Loop 66/100
exp032-n4096-k20-d240-bs40-f1.000-r00:030256.763: log(exp-norms): [4096.0, 4098.17, 4100.81]
exp032-n4096-k20-d240-bs40-f1.000-r00:030256.764: log(norms):     [4096.0, 4098.96, 4103.34, 4103.37, 4103.38, 4103.4, 4103.42, 4103.48, 4103.47, 4103.49]
exp032-n4096-k20-d240-bs40-f1.000-r00:030256.806: (156 sec)
exp032-n4096-k20-d240-bs40-f1.000-r00:030256.807: Loop 67/100
exp032-n4096-k20-d240-bs40-f1.000-r00:030433.871: log(exp-norms): [4096.0, 4098.17, 4100.81]
exp032-n4096-k20-d240-bs40-f1.000-r00:030433.872: log(norms):     [4096.0, 4098.96, 4103.33, 4103.38, 4103.42, 4103.47, 4103.37, 4103.49, 4103.53, 4103.34]
exp032-n4096-k20-d240-bs40-f1.000-r00:030433.914: (178 sec)
exp032-n4096-k20-d240-bs40-f1.000-r00:030433.914: Loop 68/100
exp032-n4096-k20-d240-bs40-f1.000-r00:030548.074: log(exp-norms): [4096.0, 4098.17, 4100.81]
exp032-n4096-k20-d240-bs40-f1.000-r00:030548.075: log(norms):     [4096.0, 4098.96, 4103.33, 4103.38, 4103.51, 4103.34, 4103.42, 4103.6, 4103.53, 4103.47]
exp032-n4096-k20-d240-bs40-f1.000-r00:030548.101: (115 sec)
exp032-n4096-k20-d240-bs40-f1.000-r00:030548.101: Loop 69/100
exp032-n4096-k20-d240-bs40-f1.000-r00:030684.680: log(exp-norms): [4096.0, 4098.17, 4100.81]
exp032-n4096-k20-d240-bs40-f1.000-r00:030684.680: log(norms):     [4096.0, 4098.96, 4103.33, 4103.38, 4103.51, 4103.34, 4103.42, 4103.6, 4103.53, 4103.58]
exp032-n4096-k20-d240-bs40-f1.000-r00:030684.724: (137 sec)
exp032-n4096-k20-d240-bs40-f1.000-r00:030684.724: Loop 70/100
exp032-n4096-k20-d240-bs40-f1.000-r00:030820.628: log(exp-norms): [4096.0, 4098.17, 4100.81]
exp032-n4096-k20-d240-bs40-f1.000-r00:030820.628: log(norms):     [4096.0, 4098.96, 4103.33, 4103.38, 4103.51, 4103.34, 4103.28, 4103.49, 4103.41, 4103.6]
exp032-n4096-k20-d240-bs40-f1.000-r00:030820.670: (136 sec)
exp032-n4096-k20-d240-bs40-f1.000-r00:030820.671: Loop 71/100
exp032-n4096-k20-d240-bs40-f1.000-r00:030971.364: log(exp-norms): [4096.0, 4098.17, 4100.81]
exp032-n4096-k20-d240-bs40-f1.000-r00:030971.364: log(norms):     [4096.0, 4098.96, 4103.28, 4103.34, 4103.47, 4103.43, 4103.38, 4103.33, 4103.49, 4103.62]
exp032-n4096-k20-d240-bs40-f1.000-r00:030971.393: (151 sec)
exp032-n4096-k20-d240-bs40-f1.000-r00:030971.393: Loop 72/100
exp032-n4096-k20-d240-bs40-f1.000-r00:031111.291: log(exp-norms): [4096.0, 4098.17, 4100.81]
exp032-n4096-k20-d240-bs40-f1.000-r00:031111.291: log(norms):     [4096.0, 4098.96, 4103.28, 4103.34, 4103.47, 4103.43, 4103.38, 4103.33, 4103.49, 4103.62]
exp032-n4096-k20-d240-bs40-f1.000-r00:031111.323: (140 sec)
exp032-n4096-k20-d240-bs40-f1.000-r00:031111.323: Loop 73/100
exp032-n4096-k20-d240-bs40-f1.000-r00:031230.494: log(exp-norms): [4096.0, 4098.17, 4100.81]
exp032-n4096-k20-d240-bs40-f1.000-r00:031230.494: log(norms):     [4096.0, 4098.96, 4103.28, 4103.34, 4103.47, 4103.43, 4103.38, 4103.33, 4103.49, 4103.68]
exp032-n4096-k20-d240-bs40-f1.000-r00:031230.521: (120 sec)
exp032-n4096-k20-d240-bs40-f1.000-r00:031230.522: Loop 74/100
exp032-n4096-k20-d240-bs40-f1.000-r00:031346.990: log(exp-norms): [4096.0, 4098.17, 4100.81]
exp032-n4096-k20-d240-bs40-f1.000-r00:031346.991: log(norms):     [4096.0, 4098.96, 4103.28, 4103.34, 4103.47, 4103.43, 4103.38, 4103.33, 4103.49, 4103.68]
exp032-n4096-k20-d240-bs40-f1.000-r00:031347.017: (117 sec)
exp032-n4096-k20-d240-bs40-f1.000-r00:031347.017: Loop 75/100
exp032-n4096-k20-d240-bs40-f1.000-r00:031516.211: log(exp-norms): [4096.0, 4098.17, 4100.81]
exp032-n4096-k20-d240-bs40-f1.000-r00:031516.211: log(norms):     [4096.0, 4098.96, 4103.28, 4103.34, 4103.47, 4103.43, 4103.38, 4103.33, 4103.47, 4103.49]
exp032-n4096-k20-d240-bs40-f1.000-r00:031516.254: (170 sec)
exp032-n4096-k20-d240-bs40-f1.000-r00:031516.254: Loop 76/100
exp032-n4096-k20-d240-bs40-f1.000-r00:031637.515: log(exp-norms): [4096.0, 4098.17, 4100.81]
exp032-n4096-k20-d240-bs40-f1.000-r00:031637.515: log(norms):     [4096.0, 4098.96, 4103.28, 4103.34, 4103.47, 4103.43, 4103.5, 4103.33, 4103.38, 4103.47]
exp032-n4096-k20-d240-bs40-f1.000-r00:031637.544: (122 sec)
exp032-n4096-k20-d240-bs40-f1.000-r00:031637.544: Loop 77/100
exp032-n4096-k20-d240-bs40-f1.000-r00:031752.141: log(exp-norms): [4096.0, 4098.17, 4100.81]
exp032-n4096-k20-d240-bs40-f1.000-r00:031752.142: log(norms):     [4096.0, 4098.96, 4103.28, 4103.34, 4103.47, 4103.43, 4103.5, 4103.33, 4103.38, 4103.47]
exp032-n4096-k20-d240-bs40-f1.000-r00:031752.179: (115 sec)
exp032-n4096-k20-d240-bs40-f1.000-r00:031752.179: Loop 78/100
exp032-n4096-k20-d240-bs40-f1.000-r00:031892.699: log(exp-norms): [4096.0, 4098.17, 4100.81]
exp032-n4096-k20-d240-bs40-f1.000-r00:031892.699: log(norms):     [4096.0, 4098.96, 4103.28, 4103.34, 4103.4, 4103.5, 4103.43, 4103.33, 4103.38, 4103.47]
exp032-n4096-k20-d240-bs40-f1.000-r00:031892.727: (141 sec)
exp032-n4096-k20-d240-bs40-f1.000-r00:031892.727: Loop 79/100
exp032-n4096-k20-d240-bs40-f1.000-r00:032033.638: log(exp-norms): [4096.0, 4098.17, 4100.81]
exp032-n4096-k20-d240-bs40-f1.000-r00:032033.638: log(norms):     [4096.0, 4098.96, 4103.28, 4103.34, 4103.4, 4103.5, 4103.43, 4103.33, 4103.38, 4103.47]
exp032-n4096-k20-d240-bs40-f1.000-r00:032033.667: (141 sec)
exp032-n4096-k20-d240-bs40-f1.000-r00:032033.667: Loop 80/100
exp032-n4096-k20-d240-bs40-f1.000-r00:032157.287: log(exp-norms): [4096.0, 4098.17, 4100.81]
exp032-n4096-k20-d240-bs40-f1.000-r00:032157.287: log(norms):     [4096.0, 4098.96, 4103.28, 4103.34, 4103.4, 4103.5, 4103.43, 4103.36, 4103.33, 4103.38]
exp032-n4096-k20-d240-bs40-f1.000-r00:032157.316: (124 sec)
exp032-n4096-k20-d240-bs40-f1.000-r00:032157.316: Loop 81/100
exp032-n4096-k20-d240-bs40-f1.000-r00:032321.496: log(exp-norms): [4096.0, 4098.17, 4100.81]
exp032-n4096-k20-d240-bs40-f1.000-r00:032321.497: log(norms):     [4096.0, 4098.96, 4103.28, 4103.34, 4103.4, 4103.5, 4103.43, 4103.36, 4103.33, 4103.38]
exp032-n4096-k20-d240-bs40-f1.000-r00:032321.543: (165 sec)
exp032-n4096-k20-d240-bs40-f1.000-r00:032321.543: Loop 82/100
exp032-n4096-k20-d240-bs40-f1.000-r00:032464.025: log(exp-norms): [4096.0, 4098.17, 4100.81]
exp032-n4096-k20-d240-bs40-f1.000-r00:032464.025: log(norms):     [4096.0, 4098.96, 4103.28, 4103.34, 4103.4, 4103.5, 4103.43, 4103.36, 4103.33, 4103.38]
exp032-n4096-k20-d240-bs40-f1.000-r00:032464.053: (143 sec)
exp032-n4096-k20-d240-bs40-f1.000-r00:032464.053: Loop 83/100
exp032-n4096-k20-d240-bs40-f1.000-r00:032589.967: log(exp-norms): [4096.0, 4098.17, 4100.81]
exp032-n4096-k20-d240-bs40-f1.000-r00:032589.968: log(norms):     [4096.0, 4098.96, 4103.28, 4103.34, 4103.4, 4103.5, 4103.43, 4103.36, 4103.33, 4103.38]
exp032-n4096-k20-d240-bs40-f1.000-r00:032589.997: (126 sec)
exp032-n4096-k20-d240-bs40-f1.000-r00:032589.997: Loop 84/100
exp032-n4096-k20-d240-bs40-f1.000-r00:032708.198: log(exp-norms): [4096.0, 4098.17, 4100.81]
exp032-n4096-k20-d240-bs40-f1.000-r00:032708.198: log(norms):     [4096.0, 4098.96, 4103.28, 4103.34, 4103.4, 4103.5, 4103.43, 4103.36, 4103.33, 4103.38]
exp032-n4096-k20-d240-bs40-f1.000-r00:032708.226: (119 sec)
exp032-n4096-k20-d240-bs40-f1.000-r00:032708.226: Loop 85/100
exp032-n4096-k20-d240-bs40-f1.000-r00:032829.335: log(exp-norms): [4096.0, 4098.17, 4100.81]
exp032-n4096-k20-d240-bs40-f1.000-r00:032829.335: log(norms):     [4096.0, 4098.96, 4103.28, 4103.34, 4103.4, 4103.5, 4103.43, 4103.36, 4103.33, 4103.38]
exp032-n4096-k20-d240-bs40-f1.000-r00:032829.364: (122 sec)
exp032-n4096-k20-d240-bs40-f1.000-r00:032829.364: Loop 86/100
exp032-n4096-k20-d240-bs40-f1.000-r00:032956.042: log(exp-norms): [4096.0, 4098.17, 4100.81]
exp032-n4096-k20-d240-bs40-f1.000-r00:032956.042: log(norms):     [4096.0, 4098.96, 4103.28, 4103.34, 4103.4, 4103.5, 4103.43, 4103.36, 4103.33, 4103.38]
exp032-n4096-k20-d240-bs40-f1.000-r00:032956.070: (127 sec)
exp032-n4096-k20-d240-bs40-f1.000-r00:032956.071: Loop 87/100
exp032-n4096-k20-d240-bs40-f1.000-r00:033077.035: log(exp-norms): [4096.0, 4098.17, 4100.81]
exp032-n4096-k20-d240-bs40-f1.000-r00:033077.036: log(norms):     [4096.0, 4098.96, 4103.28, 4103.34, 4103.4, 4103.5, 4103.43, 4103.36, 4103.33, 4103.38]
exp032-n4096-k20-d240-bs40-f1.000-r00:033077.064: (121 sec)
exp032-n4096-k20-d240-bs40-f1.000-r00:033077.064: Loop 88/100
exp032-n4096-k20-d240-bs40-f1.000-r00:033196.789: log(exp-norms): [4096.0, 4098.17, 4100.81]
exp032-n4096-k20-d240-bs40-f1.000-r00:033196.789: log(norms):     [4096.0, 4098.96, 4103.28, 4103.34, 4103.4, 4103.5, 4103.43, 4103.36, 4103.33, 4103.38]
exp032-n4096-k20-d240-bs40-f1.000-r00:033196.817: (120 sec)
exp032-n4096-k20-d240-bs40-f1.000-r00:033196.817: Loop 89/100
exp032-n4096-k20-d240-bs40-f1.000-r00:033331.678: log(exp-norms): [4096.0, 4098.17, 4100.81]
exp032-n4096-k20-d240-bs40-f1.000-r00:033331.678: log(norms):     [4096.0, 4098.96, 4103.28, 4103.34, 4103.4, 4103.5, 4103.43, 4103.36, 4103.33, 4103.38]
exp032-n4096-k20-d240-bs40-f1.000-r00:033331.722: (135 sec)
exp032-n4096-k20-d240-bs40-f1.000-r00:033331.722: Loop 90/100
exp032-n4096-k20-d240-bs40-f1.000-r00:033469.553: log(exp-norms): [4096.0, 4098.17, 4100.81]
exp032-n4096-k20-d240-bs40-f1.000-r00:033469.553: log(norms):     [4096.0, 4098.96, 4103.28, 4103.34, 4103.4, 4103.5, 4103.43, 4103.36, 4103.33, 4103.38]
exp032-n4096-k20-d240-bs40-f1.000-r00:033469.581: (138 sec)
exp032-n4096-k20-d240-bs40-f1.000-r00:033469.581: Loop 91/100
exp032-n4096-k20-d240-bs40-f1.000-r00:033595.878: log(exp-norms): [4096.0, 4098.17, 4100.81]
exp032-n4096-k20-d240-bs40-f1.000-r00:033595.879: log(norms):     [4096.0, 4098.96, 4103.28, 4103.34, 4103.4, 4103.5, 4103.43, 4103.36, 4103.33, 4103.38]
exp032-n4096-k20-d240-bs40-f1.000-r00:033595.907: (127 sec)
exp032-n4096-k20-d240-bs40-f1.000-r00:033595.907: Loop 92/100
exp032-n4096-k20-d240-bs40-f1.000-r00:033719.321: log(exp-norms): [4096.0, 4098.17, 4100.81]
exp032-n4096-k20-d240-bs40-f1.000-r00:033719.322: log(norms):     [4096.0, 4098.96, 4103.28, 4103.34, 4103.4, 4103.5, 4103.43, 4103.36, 4103.33, 4103.38]
exp032-n4096-k20-d240-bs40-f1.000-r00:033719.349: (124 sec)
exp032-n4096-k20-d240-bs40-f1.000-r00:033719.349: Loop 93/100
exp032-n4096-k20-d240-bs40-f1.000-r00:033845.947: log(exp-norms): [4096.0, 4098.17, 4100.81]
exp032-n4096-k20-d240-bs40-f1.000-r00:033845.947: log(norms):     [4096.0, 4098.96, 4103.28, 4103.34, 4103.4, 4103.5, 4103.43, 4103.36, 4103.33, 4103.38]
exp032-n4096-k20-d240-bs40-f1.000-r00:033845.975: (127 sec)
exp032-n4096-k20-d240-bs40-f1.000-r00:033845.976: Loop 94/100
exp032-n4096-k20-d240-bs40-f1.000-r00:033965.060: log(exp-norms): [4096.0, 4098.17, 4100.81]
exp032-n4096-k20-d240-bs40-f1.000-r00:033965.060: log(norms):     [4096.0, 4098.96, 4103.28, 4103.34, 4103.4, 4103.5, 4103.43, 4103.36, 4103.33, 4103.38]
exp032-n4096-k20-d240-bs40-f1.000-r00:033965.088: (120 sec)
exp032-n4096-k20-d240-bs40-f1.000-r00:033965.089: Loop 95/100
exp032-n4096-k20-d240-bs40-f1.000-r00:034085.049: log(exp-norms): [4096.0, 4098.17, 4100.81]
exp032-n4096-k20-d240-bs40-f1.000-r00:034085.050: log(norms):     [4096.0, 4098.96, 4103.28, 4103.34, 4103.4, 4103.5, 4103.43, 4103.36, 4103.33, 4103.38]
exp032-n4096-k20-d240-bs40-f1.000-r00:034085.076: (120 sec)
exp032-n4096-k20-d240-bs40-f1.000-r00:034085.077: Loop 96/100
exp032-n4096-k20-d240-bs40-f1.000-r00:034208.083: log(exp-norms): [4096.0, 4098.17, 4100.81]
exp032-n4096-k20-d240-bs40-f1.000-r00:034208.083: log(norms):     [4096.0, 4098.96, 4103.28, 4103.34, 4103.4, 4103.5, 4103.43, 4103.36, 4103.33, 4103.38]
exp032-n4096-k20-d240-bs40-f1.000-r00:034208.112: (124 sec)
exp032-n4096-k20-d240-bs40-f1.000-r00:034208.113: Loop 97/100
exp032-n4096-k20-d240-bs40-f1.000-r00:034324.905: log(exp-norms): [4096.0, 4098.17, 4100.81]
exp032-n4096-k20-d240-bs40-f1.000-r00:034324.906: log(norms):     [4096.0, 4098.96, 4103.28, 4103.34, 4103.4, 4103.5, 4103.43, 4103.36, 4103.33, 4103.38]
exp032-n4096-k20-d240-bs40-f1.000-r00:034324.934: (117 sec)
exp032-n4096-k20-d240-bs40-f1.000-r00:034324.934: Loop 98/100
exp032-n4096-k20-d240-bs40-f1.000-r00:034445.767: log(exp-norms): [4096.0, 4098.17, 4100.81]
exp032-n4096-k20-d240-bs40-f1.000-r00:034445.767: log(norms):     [4096.0, 4098.96, 4103.28, 4103.34, 4103.4, 4103.5, 4103.43, 4103.36, 4103.33, 4103.38]
exp032-n4096-k20-d240-bs40-f1.000-r00:034445.796: (121 sec)
exp032-n4096-k20-d240-bs40-f1.000-r00:034445.796: Loop 99/100
exp032-n4096-k20-d240-bs40-f1.000-r00:034558.361: log(exp-norms): [4096.0, 4098.17, 4100.81]
exp032-n4096-k20-d240-bs40-f1.000-r00:034558.361: log(norms):     [4096.0, 4098.96, 4103.28, 4103.34, 4103.4, 4103.5, 4103.43, 4103.36, 4103.33, 4103.38]
exp032-n4096-k20-d240-bs40-f1.000-r00:034558.391: (113 sec)
exp032-n4096-k20-d240-bs40-f1.000-r00:034558.391: Loop 100/100
exp032-n4096-k20-d240-bs40-f1.000-r00:034676.940: log(exp-norms): [4096.0, 4098.17, 4100.81]
exp032-n4096-k20-d240-bs40-f1.000-r00:034676.940: log(norms):     [4096.0, 4098.96, 4103.28, 4103.34, 4103.4, 4103.5, 4103.43, 4103.36, 4103.33, 4103.38]
exp032-n4096-k20-d240-bs40-f1.000-r00:034676.982: (119 sec)
exp032-n4096-k20-d240-bs40-f1.000-r00:034676.982: ==========================Summary===========================
exp032-n4096-k20-d240-bs40-f1.000-r00:034676.982: Total time: 34677sec
exp032-n4096-k20-d240-bs40-f1.000-r00:034676.982: FAIL
exp032-n4096-k20-d240-bs40-f1.000-r00:034676.982: SUMMARY:n:4096:k:20:d:240:bs:40:t:34677:r:False
