exp002-n4096-k24-d180-bs40-f1.000-r00:000000.602: ==========================Instance==========================
exp002-n4096-k24-d180-bs40-f1.000-r00:000000.602: # of equations: 180
exp002-n4096-k24-d180-bs40-f1.000-r00:000000.609: Gap: 1.95
exp002-n4096-k24-d180-bs40-f1.000-r00:000000.640: Tau: 1.17
exp002-n4096-k24-d180-bs40-f1.000-r00:000000.641: ======================BKZ-40 reduction======================
exp002-n4096-k24-d180-bs40-f1.000-r00:000004.707: Expectedly achievable log(norm): 4100.49
exp002-n4096-k24-d180-bs40-f1.000-r00:000008.718: log(exp-norms): [4096.0, 4097.96, 4098.93]
exp002-n4096-k24-d180-bs40-f1.000-r00:000008.718: log(norms):     [4122.92, 4098.75, 4120.0, 4120.0, 4120.0, 4120.0, 4120.0, 4120.0, 4120.0, 4120.0]
exp002-n4096-k24-d180-bs40-f1.000-r00:000008.807: Loop 1/100
exp002-n4096-k24-d180-bs40-f1.000-r00:005039.226: log(exp-norms): [4096.0, 4097.96, 4098.93]
exp002-n4096-k24-d180-bs40-f1.000-r00:005039.227: log(norms):     [4098.75, 4101.86, 4102.3, 4102.36, 4102.32, 4102.43, 4102.41, 4102.42, 4102.51, 4102.29]
exp002-n4096-k24-d180-bs40-f1.000-r00:005039.263: (5031 sec)
exp002-n4096-k24-d180-bs40-f1.000-r00:005039.263: Loop 2/100
exp002-n4096-k24-d180-bs40-f1.000-r00:005186.573: log(exp-norms): [4096.0, 4097.96, 4098.93]
exp002-n4096-k24-d180-bs40-f1.000-r00:005186.574: log(norms):     [4098.75, 4101.77, 4101.88, 4101.92, 4101.86, 4102.09, 4102.11, 4101.98, 4101.98, 4102.12]
exp002-n4096-k24-d180-bs40-f1.000-r00:005186.608: (148 sec)
exp002-n4096-k24-d180-bs40-f1.000-r00:005186.608: Loop 3/100
exp002-n4096-k24-d180-bs40-f1.000-r00:005323.450: log(exp-norms): [4096.0, 4097.96, 4098.93]
exp002-n4096-k24-d180-bs40-f1.000-r00:005323.450: log(norms):     [4098.75, 4101.71, 4101.77, 4101.79, 4101.88, 4101.85, 4101.77, 4101.94, 4101.92, 4101.99]
exp002-n4096-k24-d180-bs40-f1.000-r00:005323.486: (137 sec)
exp002-n4096-k24-d180-bs40-f1.000-r00:005323.486: Loop 4/100
exp002-n4096-k24-d180-bs40-f1.000-r00:005449.588: log(exp-norms): [4096.0, 4097.96, 4098.93]
exp002-n4096-k24-d180-bs40-f1.000-r00:005449.588: log(norms):     [4098.75, 4101.49, 4101.52, 4101.54, 4101.62, 4101.57, 4101.62, 4101.68, 4101.71, 4101.74]
exp002-n4096-k24-d180-bs40-f1.000-r00:005449.629: (127 sec)
exp002-n4096-k24-d180-bs40-f1.000-r00:005449.629: Loop 5/100
exp002-n4096-k24-d180-bs40-f1.000-r00:005564.770: log(exp-norms): [4096.0, 4097.96, 4098.93]
exp002-n4096-k24-d180-bs40-f1.000-r00:005564.771: log(norms):     [4098.75, 4101.36, 4101.39, 4101.45, 4101.51, 4101.46, 4101.46, 4101.48, 4101.44, 4101.72]
exp002-n4096-k24-d180-bs40-f1.000-r00:005564.806: (116 sec)
exp002-n4096-k24-d180-bs40-f1.000-r00:005564.806: Loop 6/100
exp002-n4096-k24-d180-bs40-f1.000-r00:005676.354: log(exp-norms): [4096.0, 4097.96, 4098.93]
exp002-n4096-k24-d180-bs40-f1.000-r00:005676.355: log(norms):     [4098.75, 4101.21, 4101.27, 4101.25, 4101.4, 4101.31, 4101.4, 4101.47, 4101.41, 4101.21]
exp002-n4096-k24-d180-bs40-f1.000-r00:005676.390: (112 sec)
exp002-n4096-k24-d180-bs40-f1.000-r00:005676.391: Loop 7/100
exp002-n4096-k24-d180-bs40-f1.000-r00:005783.488: log(exp-norms): [4096.0, 4097.96, 4098.93]
exp002-n4096-k24-d180-bs40-f1.000-r00:005783.489: log(norms):     [4098.75, 4100.98, 4101.15, 4101.24, 4101.13, 4101.21, 4101.09, 4101.2, 4101.2, 4101.3]
exp002-n4096-k24-d180-bs40-f1.000-r00:005783.526: (108 sec)
exp002-n4096-k24-d180-bs40-f1.000-r00:005783.527: Loop 8/100
exp002-n4096-k24-d180-bs40-f1.000-r00:005887.527: log(exp-norms): [4096.0, 4097.96, 4098.93]
exp002-n4096-k24-d180-bs40-f1.000-r00:005887.527: log(norms):     [4098.75, 4100.94, 4101.09, 4100.98, 4101.15, 4101.17, 4101.21, 4101.11, 4101.17, 4101.16]
exp002-n4096-k24-d180-bs40-f1.000-r00:005887.561: (105 sec)
exp002-n4096-k24-d180-bs40-f1.000-r00:005887.562: Loop 9/100
exp002-n4096-k24-d180-bs40-f1.000-r00:005993.358: log(exp-norms): [4096.0, 4097.96, 4098.93]
exp002-n4096-k24-d180-bs40-f1.000-r00:005993.358: log(norms):     [4098.75, 4100.81, 4100.94, 4101.09, 4100.9, 4101.05, 4101.21, 4101.12, 4101.06, 4101.14]
exp002-n4096-k24-d180-bs40-f1.000-r00:005993.394: (106 sec)
exp002-n4096-k24-d180-bs40-f1.000-r00:005993.394: Loop 10/100
exp002-n4096-k24-d180-bs40-f1.000-r00:006089.541: log(exp-norms): [4096.0, 4097.96, 4098.93]
exp002-n4096-k24-d180-bs40-f1.000-r00:006089.541: log(norms):     [4098.75, 4100.78, 4100.83, 4100.9, 4100.94, 4100.81, 4100.97, 4101.08, 4101.03, 4101.03]
exp002-n4096-k24-d180-bs40-f1.000-r00:006089.576: (97 sec)
exp002-n4096-k24-d180-bs40-f1.000-r00:006089.576: Loop 11/100
exp002-n4096-k24-d180-bs40-f1.000-r00:006183.992: log(exp-norms): [4096.0, 4097.96, 4098.93]
exp002-n4096-k24-d180-bs40-f1.000-r00:006183.992: log(norms):     [4096.0, 4098.75, 4100.78, 4100.77, 4100.71, 4100.85, 4100.79, 4100.85, 4100.92, 4101.04]
exp002-n4096-k24-d180-bs40-f1.000-r00:006184.027: (95 sec)
exp002-n4096-k24-d180-bs40-f1.000-r00:006184.027: Loop 12/100
exp002-n4096-k24-d180-bs40-f1.000-r00:006279.662: log(exp-norms): [4096.0, 4097.96, 4098.93]
exp002-n4096-k24-d180-bs40-f1.000-r00:006279.663: log(norms):     [4096.0, 4098.75, 4100.71, 4100.85, 4100.77, 4100.79, 4100.78, 4100.97, 4100.78, 4100.74]
exp002-n4096-k24-d180-bs40-f1.000-r00:006279.696: (96 sec)
exp002-n4096-k24-d180-bs40-f1.000-r00:006279.697: Loop 13/100
exp002-n4096-k24-d180-bs40-f1.000-r00:006375.874: log(exp-norms): [4096.0, 4097.96, 4098.93]
exp002-n4096-k24-d180-bs40-f1.000-r00:006375.875: log(norms):     [4096.0, 4098.75, 4100.6, 4100.71, 4100.85, 4100.77, 4100.79, 4100.78, 4100.9, 4100.93]
exp002-n4096-k24-d180-bs40-f1.000-r00:006375.909: (97 sec)
exp002-n4096-k24-d180-bs40-f1.000-r00:006375.909: Loop 14/100
exp002-n4096-k24-d180-bs40-f1.000-r00:006465.844: log(exp-norms): [4096.0, 4097.96, 4098.93]
exp002-n4096-k24-d180-bs40-f1.000-r00:006465.845: log(norms):     [4096.0, 4098.75, 4100.6, 4100.72, 4100.72, 4100.79, 4100.77, 4100.98, 4100.71, 4100.87]
exp002-n4096-k24-d180-bs40-f1.000-r00:006465.878: (90 sec)
exp002-n4096-k24-d180-bs40-f1.000-r00:006465.879: Loop 15/100
exp002-n4096-k24-d180-bs40-f1.000-r00:006558.093: log(exp-norms): [4096.0, 4097.96, 4098.93]
exp002-n4096-k24-d180-bs40-f1.000-r00:006558.094: log(norms):     [4096.0, 4098.75, 4100.6, 4100.72, 4100.72, 4100.87, 4100.73, 4100.79, 4100.79, 4100.69]
exp002-n4096-k24-d180-bs40-f1.000-r00:006558.127: (93 sec)
exp002-n4096-k24-d180-bs40-f1.000-r00:006558.127: Loop 16/100
exp002-n4096-k24-d180-bs40-f1.000-r00:006648.213: log(exp-norms): [4096.0, 4097.96, 4098.93]
exp002-n4096-k24-d180-bs40-f1.000-r00:006648.213: log(norms):     [4096.0, 4098.75, 4100.6, 4100.72, 4100.72, 4100.87, 4100.73, 4100.79, 4100.76, 4100.9]
exp002-n4096-k24-d180-bs40-f1.000-r00:006648.248: (91 sec)
exp002-n4096-k24-d180-bs40-f1.000-r00:006648.248: Loop 17/100
exp002-n4096-k24-d180-bs40-f1.000-r00:006743.834: log(exp-norms): [4096.0, 4097.96, 4098.93]
exp002-n4096-k24-d180-bs40-f1.000-r00:006743.834: log(norms):     [4096.0, 4098.75, 4100.6, 4100.72, 4100.72, 4100.87, 4100.73, 4100.79, 4100.76, 4100.98]
exp002-n4096-k24-d180-bs40-f1.000-r00:006743.868: (96 sec)
exp002-n4096-k24-d180-bs40-f1.000-r00:006743.869: Loop 18/100
exp002-n4096-k24-d180-bs40-f1.000-r00:006832.625: log(exp-norms): [4096.0, 4097.96, 4098.93]
exp002-n4096-k24-d180-bs40-f1.000-r00:006832.625: log(norms):     [4096.0, 4098.75, 4100.6, 4100.66, 4100.76, 4100.77, 4100.81, 4100.72, 4100.8, 4100.88]
exp002-n4096-k24-d180-bs40-f1.000-r00:006832.659: (89 sec)
exp002-n4096-k24-d180-bs40-f1.000-r00:006832.659: Loop 19/100
exp002-n4096-k24-d180-bs40-f1.000-r00:006919.942: log(exp-norms): [4096.0, 4097.96, 4098.93]
exp002-n4096-k24-d180-bs40-f1.000-r00:006919.943: log(norms):     [4096.0, 4098.75, 4100.6, 4100.66, 4100.76, 4100.76, 4100.72, 4100.93, 4100.79, 4100.88]
exp002-n4096-k24-d180-bs40-f1.000-r00:006919.984: (88 sec)
exp002-n4096-k24-d180-bs40-f1.000-r00:006919.985: Loop 20/100
exp002-n4096-k24-d180-bs40-f1.000-r00:007009.584: log(exp-norms): [4096.0, 4097.96, 4098.93]
exp002-n4096-k24-d180-bs40-f1.000-r00:007009.585: log(norms):     [4096.0, 4098.75, 4100.6, 4100.66, 4100.64, 4100.72, 4100.64, 4100.88, 4100.87, 4100.83]
exp002-n4096-k24-d180-bs40-f1.000-r00:007009.619: (90 sec)
exp002-n4096-k24-d180-bs40-f1.000-r00:007009.619: Loop 21/100
exp002-n4096-k24-d180-bs40-f1.000-r00:007094.889: log(exp-norms): [4096.0, 4097.96, 4098.93]
exp002-n4096-k24-d180-bs40-f1.000-r00:007094.890: log(norms):     [4096.0, 4098.75, 4100.6, 4100.66, 4100.64, 4100.72, 4100.64, 4100.88, 4100.87, 4100.83]
exp002-n4096-k24-d180-bs40-f1.000-r00:007094.935: (86 sec)
exp002-n4096-k24-d180-bs40-f1.000-r00:007094.935: Loop 22/100
exp002-n4096-k24-d180-bs40-f1.000-r00:007182.573: log(exp-norms): [4096.0, 4097.96, 4098.93]
exp002-n4096-k24-d180-bs40-f1.000-r00:007182.573: log(norms):     [4096.0, 4098.75, 4100.6, 4100.66, 4100.64, 4100.7, 4100.71, 4100.72, 4100.64, 4100.64]
exp002-n4096-k24-d180-bs40-f1.000-r00:007182.603: (88 sec)
exp002-n4096-k24-d180-bs40-f1.000-r00:007182.603: Loop 23/100
exp002-n4096-k24-d180-bs40-f1.000-r00:007267.493: log(exp-norms): [4096.0, 4097.96, 4098.93]
exp002-n4096-k24-d180-bs40-f1.000-r00:007267.494: log(norms):     [4096.0, 4098.75, 4100.6, 4100.66, 4100.64, 4100.72, 4100.72, 4100.7, 4100.88, 4100.64]
exp002-n4096-k24-d180-bs40-f1.000-r00:007267.528: (85 sec)
exp002-n4096-k24-d180-bs40-f1.000-r00:007267.529: Loop 24/100
exp002-n4096-k24-d180-bs40-f1.000-r00:007354.836: log(exp-norms): [4096.0, 4097.96, 4098.93]
exp002-n4096-k24-d180-bs40-f1.000-r00:007354.836: log(norms):     [4096.0, 4098.75, 4100.6, 4100.66, 4100.64, 4100.72, 4100.72, 4100.7, 4100.88, 4100.64]
exp002-n4096-k24-d180-bs40-f1.000-r00:007354.869: (88 sec)
exp002-n4096-k24-d180-bs40-f1.000-r00:007354.870: Loop 25/100
exp002-n4096-k24-d180-bs40-f1.000-r00:007441.437: log(exp-norms): [4096.0, 4097.96, 4098.93]
exp002-n4096-k24-d180-bs40-f1.000-r00:007441.438: log(norms):     [4096.0, 4098.75, 4100.6, 4100.66, 4100.64, 4100.72, 4100.72, 4100.7, 4100.69, 4100.88]
exp002-n4096-k24-d180-bs40-f1.000-r00:007441.481: (87 sec)
exp002-n4096-k24-d180-bs40-f1.000-r00:007441.481: Loop 26/100
exp002-n4096-k24-d180-bs40-f1.000-r00:007526.561: log(exp-norms): [4096.0, 4097.96, 4098.93]
exp002-n4096-k24-d180-bs40-f1.000-r00:007526.562: log(norms):     [4096.0, 4098.75, 4100.6, 4100.66, 4100.64, 4100.72, 4100.72, 4100.7, 4100.69, 4100.88]
exp002-n4096-k24-d180-bs40-f1.000-r00:007526.597: (86 sec)
exp002-n4096-k24-d180-bs40-f1.000-r00:007526.597: Loop 27/100
exp002-n4096-k24-d180-bs40-f1.000-r00:007607.842: log(exp-norms): [4096.0, 4097.96, 4098.93]
exp002-n4096-k24-d180-bs40-f1.000-r00:007607.843: log(norms):     [4096.0, 4098.75, 4100.6, 4100.66, 4100.64, 4100.72, 4100.72, 4100.7, 4100.69, 4100.88]
exp002-n4096-k24-d180-bs40-f1.000-r00:007607.877: (82 sec)
exp002-n4096-k24-d180-bs40-f1.000-r00:007607.878: Loop 28/100
exp002-n4096-k24-d180-bs40-f1.000-r00:007701.347: log(exp-norms): [4096.0, 4097.96, 4098.93]
exp002-n4096-k24-d180-bs40-f1.000-r00:007701.348: log(norms):     [4096.0, 4098.75, 4100.43, 4100.6, 4100.5, 4100.67, 4100.66, 4100.82, 4100.7, 4100.81]
exp002-n4096-k24-d180-bs40-f1.000-r00:007701.382: (94 sec)
exp002-n4096-k24-d180-bs40-f1.000-r00:007701.383: Loop 29/100
exp002-n4096-k24-d180-bs40-f1.000-r00:007790.394: log(exp-norms): [4096.0, 4097.96, 4098.93]
exp002-n4096-k24-d180-bs40-f1.000-r00:007790.395: log(norms):     [4096.0, 4098.75, 4100.43, 4100.6, 4100.5, 4100.67, 4100.66, 4100.82, 4100.7, 4100.81]
exp002-n4096-k24-d180-bs40-f1.000-r00:007790.429: (90 sec)
exp002-n4096-k24-d180-bs40-f1.000-r00:007790.429: Loop 30/100
exp002-n4096-k24-d180-bs40-f1.000-r00:007874.279: log(exp-norms): [4096.0, 4097.96, 4098.93]
exp002-n4096-k24-d180-bs40-f1.000-r00:007874.279: log(norms):     [4096.0, 4098.75, 4100.43, 4100.6, 4100.5, 4100.67, 4100.66, 4100.82, 4100.7, 4100.81]
exp002-n4096-k24-d180-bs40-f1.000-r00:007874.313: (84 sec)
exp002-n4096-k24-d180-bs40-f1.000-r00:007874.313: Loop 31/100
exp002-n4096-k24-d180-bs40-f1.000-r00:007965.383: log(exp-norms): [4096.0, 4097.96, 4098.93]
exp002-n4096-k24-d180-bs40-f1.000-r00:007965.383: log(norms):     [4096.0, 4098.75, 4100.43, 4100.6, 4100.5, 4100.67, 4100.9, 4100.66, 4100.82, 4100.58]
exp002-n4096-k24-d180-bs40-f1.000-r00:007965.418: (92 sec)
exp002-n4096-k24-d180-bs40-f1.000-r00:007965.418: Loop 32/100
exp002-n4096-k24-d180-bs40-f1.000-r00:008048.785: log(exp-norms): [4096.0, 4097.96, 4098.93]
exp002-n4096-k24-d180-bs40-f1.000-r00:008048.785: log(norms):     [4096.0, 4098.75, 4100.43, 4100.6, 4100.5, 4100.67, 4100.9, 4100.66, 4100.82, 4100.58]
exp002-n4096-k24-d180-bs40-f1.000-r00:008048.819: (84 sec)
exp002-n4096-k24-d180-bs40-f1.000-r00:008048.819: Loop 33/100
exp002-n4096-k24-d180-bs40-f1.000-r00:008130.901: log(exp-norms): [4096.0, 4097.96, 4098.93]
exp002-n4096-k24-d180-bs40-f1.000-r00:008130.901: log(norms):     [4096.0, 4098.75, 4100.43, 4100.6, 4100.5, 4100.67, 4100.82, 4100.9, 4100.66, 4100.82]
exp002-n4096-k24-d180-bs40-f1.000-r00:008130.936: (83 sec)
exp002-n4096-k24-d180-bs40-f1.000-r00:008130.937: Loop 34/100
exp002-n4096-k24-d180-bs40-f1.000-r00:008216.900: log(exp-norms): [4096.0, 4097.96, 4098.93]
exp002-n4096-k24-d180-bs40-f1.000-r00:008216.901: log(norms):     [4096.0, 4098.75, 4100.43, 4100.6, 4100.5, 4100.67, 4100.62, 4100.82, 4100.9, 4100.66]
exp002-n4096-k24-d180-bs40-f1.000-r00:008216.935: (86 sec)
exp002-n4096-k24-d180-bs40-f1.000-r00:008216.935: Loop 35/100
exp002-n4096-k24-d180-bs40-f1.000-r00:008300.404: log(exp-norms): [4096.0, 4097.96, 4098.93]
exp002-n4096-k24-d180-bs40-f1.000-r00:008300.405: log(norms):     [4096.0, 4098.75, 4100.43, 4100.6, 4100.5, 4100.67, 4100.62, 4100.82, 4100.9, 4100.75]
exp002-n4096-k24-d180-bs40-f1.000-r00:008300.439: (84 sec)
exp002-n4096-k24-d180-bs40-f1.000-r00:008300.439: Loop 36/100
exp002-n4096-k24-d180-bs40-f1.000-r00:008389.226: log(exp-norms): [4096.0, 4097.96, 4098.93]
exp002-n4096-k24-d180-bs40-f1.000-r00:008389.226: log(norms):     [4096.0, 4098.75, 4100.43, 4100.6, 4100.49, 4100.5, 4100.67, 4100.62, 4100.82, 4100.9]
exp002-n4096-k24-d180-bs40-f1.000-r00:008389.260: (89 sec)
exp002-n4096-k24-d180-bs40-f1.000-r00:008389.261: Loop 37/100
exp002-n4096-k24-d180-bs40-f1.000-r00:008468.821: log(exp-norms): [4096.0, 4097.96, 4098.93]
exp002-n4096-k24-d180-bs40-f1.000-r00:008468.822: log(norms):     [4096.0, 4098.75, 4100.43, 4100.6, 4100.49, 4100.5, 4100.69, 4100.72, 4100.69, 4100.75]
exp002-n4096-k24-d180-bs40-f1.000-r00:008468.856: (80 sec)
exp002-n4096-k24-d180-bs40-f1.000-r00:008468.856: Loop 38/100
exp002-n4096-k24-d180-bs40-f1.000-r00:008558.269: log(exp-norms): [4096.0, 4097.96, 4098.93]
exp002-n4096-k24-d180-bs40-f1.000-r00:008558.269: log(norms):     [4096.0, 4098.75, 4100.43, 4100.6, 4100.49, 4100.5, 4100.69, 4100.72, 4100.69, 4100.75]
exp002-n4096-k24-d180-bs40-f1.000-r00:008558.302: (90 sec)
exp002-n4096-k24-d180-bs40-f1.000-r00:008558.303: Loop 39/100
exp002-n4096-k24-d180-bs40-f1.000-r00:008647.030: log(exp-norms): [4096.0, 4097.96, 4098.93]
exp002-n4096-k24-d180-bs40-f1.000-r00:008647.031: log(norms):     [4096.0, 4098.75, 4100.43, 4100.55, 4100.6, 4100.5, 4100.69, 4100.68, 4100.72, 4100.69]
exp002-n4096-k24-d180-bs40-f1.000-r00:008647.064: (89 sec)
exp002-n4096-k24-d180-bs40-f1.000-r00:008647.065: Loop 40/100
exp002-n4096-k24-d180-bs40-f1.000-r00:008735.565: log(exp-norms): [4096.0, 4097.96, 4098.93]
exp002-n4096-k24-d180-bs40-f1.000-r00:008735.566: log(norms):     [4096.0, 4098.75, 4100.43, 4100.55, 4100.6, 4100.5, 4100.69, 4100.68, 4100.72, 4100.69]
exp002-n4096-k24-d180-bs40-f1.000-r00:008735.600: (89 sec)
exp002-n4096-k24-d180-bs40-f1.000-r00:008735.601: Loop 41/100
exp002-n4096-k24-d180-bs40-f1.000-r00:008820.925: log(exp-norms): [4096.0, 4097.96, 4098.93]
exp002-n4096-k24-d180-bs40-f1.000-r00:008820.926: log(norms):     [4096.0, 4098.75, 4100.43, 4100.55, 4100.6, 4100.5, 4100.69, 4100.68, 4100.72, 4100.69]
exp002-n4096-k24-d180-bs40-f1.000-r00:008820.959: (86 sec)
exp002-n4096-k24-d180-bs40-f1.000-r00:008820.960: Loop 42/100
exp002-n4096-k24-d180-bs40-f1.000-r00:008902.909: log(exp-norms): [4096.0, 4097.96, 4098.93]
exp002-n4096-k24-d180-bs40-f1.000-r00:008902.909: log(norms):     [4096.0, 4098.75, 4100.43, 4100.55, 4100.57, 4100.49, 4100.69, 4100.7, 4100.5, 4100.69]
exp002-n4096-k24-d180-bs40-f1.000-r00:008902.942: (82 sec)
exp002-n4096-k24-d180-bs40-f1.000-r00:008902.943: Loop 43/100
exp002-n4096-k24-d180-bs40-f1.000-r00:008984.029: log(exp-norms): [4096.0, 4097.96, 4098.93]
exp002-n4096-k24-d180-bs40-f1.000-r00:008984.029: log(norms):     [4096.0, 4098.75, 4100.43, 4100.55, 4100.57, 4100.49, 4100.66, 4100.7, 4100.5, 4100.74]
exp002-n4096-k24-d180-bs40-f1.000-r00:008984.063: (82 sec)
exp002-n4096-k24-d180-bs40-f1.000-r00:008984.063: Loop 44/100
exp002-n4096-k24-d180-bs40-f1.000-r00:009063.490: log(exp-norms): [4096.0, 4097.96, 4098.93]
exp002-n4096-k24-d180-bs40-f1.000-r00:009063.491: log(norms):     [4096.0, 4098.75, 4100.43, 4100.55, 4100.57, 4100.49, 4100.66, 4100.7, 4100.5, 4100.74]
exp002-n4096-k24-d180-bs40-f1.000-r00:009063.525: (80 sec)
exp002-n4096-k24-d180-bs40-f1.000-r00:009063.525: Loop 45/100
exp002-n4096-k24-d180-bs40-f1.000-r00:009146.781: log(exp-norms): [4096.0, 4097.96, 4098.93]
exp002-n4096-k24-d180-bs40-f1.000-r00:009146.782: log(norms):     [4096.0, 4098.75, 4100.43, 4100.55, 4100.57, 4100.49, 4100.66, 4100.7, 4100.5, 4100.74]
exp002-n4096-k24-d180-bs40-f1.000-r00:009146.814: (84 sec)
exp002-n4096-k24-d180-bs40-f1.000-r00:009146.815: Loop 46/100
exp002-n4096-k24-d180-bs40-f1.000-r00:009227.132: log(exp-norms): [4096.0, 4097.96, 4098.93]
exp002-n4096-k24-d180-bs40-f1.000-r00:009227.133: log(norms):     [4096.0, 4098.75, 4100.43, 4100.55, 4100.57, 4100.73, 4100.49, 4100.47, 4100.69, 4100.66]
exp002-n4096-k24-d180-bs40-f1.000-r00:009227.165: (81 sec)
exp002-n4096-k24-d180-bs40-f1.000-r00:009227.165: Loop 47/100
exp002-n4096-k24-d180-bs40-f1.000-r00:009304.585: log(exp-norms): [4096.0, 4097.96, 4098.93]
exp002-n4096-k24-d180-bs40-f1.000-r00:009304.585: log(norms):     [4096.0, 4098.75, 4100.43, 4100.55, 4100.57, 4100.73, 4100.49, 4100.47, 4100.69, 4100.73]
exp002-n4096-k24-d180-bs40-f1.000-r00:009304.618: (78 sec)
exp002-n4096-k24-d180-bs40-f1.000-r00:009304.618: Loop 48/100
exp002-n4096-k24-d180-bs40-f1.000-r00:009388.830: log(exp-norms): [4096.0, 4097.96, 4098.93]
exp002-n4096-k24-d180-bs40-f1.000-r00:009388.831: log(norms):     [4096.0, 4098.75, 4100.43, 4100.55, 4100.57, 4100.73, 4100.49, 4100.47, 4100.69, 4100.73]
exp002-n4096-k24-d180-bs40-f1.000-r00:009388.864: (85 sec)
exp002-n4096-k24-d180-bs40-f1.000-r00:009388.864: Loop 49/100
exp002-n4096-k24-d180-bs40-f1.000-r00:009470.519: log(exp-norms): [4096.0, 4097.96, 4098.93]
exp002-n4096-k24-d180-bs40-f1.000-r00:009470.520: log(norms):     [4096.0, 4098.75, 4100.43, 4100.55, 4100.57, 4100.73, 4100.49, 4100.47, 4100.69, 4100.73]
exp002-n4096-k24-d180-bs40-f1.000-r00:009470.553: (82 sec)
exp002-n4096-k24-d180-bs40-f1.000-r00:009470.554: Loop 50/100
exp002-n4096-k24-d180-bs40-f1.000-r00:009554.084: log(exp-norms): [4096.0, 4097.96, 4098.93]
exp002-n4096-k24-d180-bs40-f1.000-r00:009554.085: log(norms):     [4096.0, 4098.75, 4100.43, 4100.55, 4100.57, 4100.73, 4100.49, 4100.47, 4100.69, 4100.73]
exp002-n4096-k24-d180-bs40-f1.000-r00:009554.119: (84 sec)
exp002-n4096-k24-d180-bs40-f1.000-r00:009554.120: Loop 51/100
exp002-n4096-k24-d180-bs40-f1.000-r00:009637.638: log(exp-norms): [4096.0, 4097.96, 4098.93]
exp002-n4096-k24-d180-bs40-f1.000-r00:009637.639: log(norms):     [4096.0, 4098.75, 4100.43, 4100.55, 4100.57, 4100.73, 4100.7, 4100.83, 4100.66, 4100.49]
exp002-n4096-k24-d180-bs40-f1.000-r00:009637.676: (84 sec)
exp002-n4096-k24-d180-bs40-f1.000-r00:009637.676: Loop 52/100
exp002-n4096-k24-d180-bs40-f1.000-r00:009720.190: log(exp-norms): [4096.0, 4097.96, 4098.93]
exp002-n4096-k24-d180-bs40-f1.000-r00:009720.190: log(norms):     [4096.0, 4098.75, 4100.43, 4100.55, 4100.57, 4100.73, 4100.7, 4100.83, 4100.66, 4100.49]
exp002-n4096-k24-d180-bs40-f1.000-r00:009720.223: (83 sec)
exp002-n4096-k24-d180-bs40-f1.000-r00:009720.223: Loop 53/100
exp002-n4096-k24-d180-bs40-f1.000-r00:009801.394: log(exp-norms): [4096.0, 4097.96, 4098.93]
exp002-n4096-k24-d180-bs40-f1.000-r00:009801.395: log(norms):     [4096.0, 4098.75, 4100.43, 4100.55, 4100.57, 4100.73, 4100.7, 4100.83, 4100.66, 4100.49]
exp002-n4096-k24-d180-bs40-f1.000-r00:009801.428: (82 sec)
exp002-n4096-k24-d180-bs40-f1.000-r00:009801.428: Loop 54/100
exp002-n4096-k24-d180-bs40-f1.000-r00:009879.903: log(exp-norms): [4096.0, 4097.96, 4098.93]
exp002-n4096-k24-d180-bs40-f1.000-r00:009879.903: log(norms):     [4096.0, 4098.75, 4100.43, 4100.55, 4100.57, 4100.73, 4100.7, 4100.83, 4100.66, 4100.49]
exp002-n4096-k24-d180-bs40-f1.000-r00:009879.938: (79 sec)
exp002-n4096-k24-d180-bs40-f1.000-r00:009879.938: Loop 55/100
exp002-n4096-k24-d180-bs40-f1.000-r00:009959.263: log(exp-norms): [4096.0, 4097.96, 4098.93]
exp002-n4096-k24-d180-bs40-f1.000-r00:009959.263: log(norms):     [4096.0, 4098.75, 4100.43, 4100.55, 4100.57, 4100.73, 4100.7, 4100.83, 4100.66, 4100.49]
exp002-n4096-k24-d180-bs40-f1.000-r00:009959.310: (80 sec)
exp002-n4096-k24-d180-bs40-f1.000-r00:009959.310: Loop 56/100
exp002-n4096-k24-d180-bs40-f1.000-r00:010042.392: log(exp-norms): [4096.0, 4097.96, 4098.93]
exp002-n4096-k24-d180-bs40-f1.000-r00:010042.393: log(norms):     [4096.0, 4098.75, 4100.43, 4100.55, 4100.57, 4100.73, 4100.7, 4100.83, 4100.66, 4100.49]
exp002-n4096-k24-d180-bs40-f1.000-r00:010042.426: (84 sec)
exp002-n4096-k24-d180-bs40-f1.000-r00:010042.426: Loop 57/100
exp002-n4096-k24-d180-bs40-f1.000-r00:010124.916: log(exp-norms): [4096.0, 4097.96, 4098.93]
exp002-n4096-k24-d180-bs40-f1.000-r00:010124.917: log(norms):     [4096.0, 4098.75, 4100.43, 4100.55, 4100.57, 4100.73, 4100.7, 4100.83, 4100.66, 4100.49]
exp002-n4096-k24-d180-bs40-f1.000-r00:010124.951: (83 sec)
exp002-n4096-k24-d180-bs40-f1.000-r00:010124.951: Loop 58/100
exp002-n4096-k24-d180-bs40-f1.000-r00:010196.848: log(exp-norms): [4096.0, 4097.96, 4098.93]
exp002-n4096-k24-d180-bs40-f1.000-r00:010196.848: log(norms):     [4096.0, 4098.75, 4100.43, 4100.55, 4100.57, 4100.73, 4100.7, 4100.83, 4100.66, 4100.49]
exp002-n4096-k24-d180-bs40-f1.000-r00:010196.882: (72 sec)
exp002-n4096-k24-d180-bs40-f1.000-r00:010196.882: Loop 59/100
exp002-n4096-k24-d180-bs40-f1.000-r00:010262.616: log(exp-norms): [4096.0, 4097.96, 4098.93]
exp002-n4096-k24-d180-bs40-f1.000-r00:010262.616: log(norms):     [4096.0, 4098.75, 4100.43, 4100.55, 4100.57, 4100.73, 4100.7, 4100.83, 4100.66, 4100.49]
exp002-n4096-k24-d180-bs40-f1.000-r00:010262.649: (66 sec)
exp002-n4096-k24-d180-bs40-f1.000-r00:010262.650: Loop 60/100
exp002-n4096-k24-d180-bs40-f1.000-r00:010325.424: log(exp-norms): [4096.0, 4097.96, 4098.93]
exp002-n4096-k24-d180-bs40-f1.000-r00:010325.425: log(norms):     [4096.0, 4098.75, 4100.43, 4100.55, 4100.57, 4100.73, 4100.7, 4100.83, 4100.66, 4100.49]
exp002-n4096-k24-d180-bs40-f1.000-r00:010325.459: (63 sec)
exp002-n4096-k24-d180-bs40-f1.000-r00:010325.459: Loop 61/100
exp002-n4096-k24-d180-bs40-f1.000-r00:010410.748: log(exp-norms): [4096.0, 4097.96, 4098.93]
exp002-n4096-k24-d180-bs40-f1.000-r00:010410.748: log(norms):     [4096.0, 4098.75, 4100.43, 4100.55, 4100.57, 4100.73, 4100.7, 4100.83, 4100.66, 4100.49]
exp002-n4096-k24-d180-bs40-f1.000-r00:010410.783: (86 sec)
exp002-n4096-k24-d180-bs40-f1.000-r00:010410.783: Loop 62/100
exp002-n4096-k24-d180-bs40-f1.000-r00:010492.203: log(exp-norms): [4096.0, 4097.96, 4098.93]
exp002-n4096-k24-d180-bs40-f1.000-r00:010492.203: log(norms):     [4096.0, 4098.75, 4100.43, 4100.55, 4100.57, 4100.73, 4100.7, 4100.83, 4100.66, 4100.49]
exp002-n4096-k24-d180-bs40-f1.000-r00:010492.237: (82 sec)
exp002-n4096-k24-d180-bs40-f1.000-r00:010492.238: Loop 63/100
exp002-n4096-k24-d180-bs40-f1.000-r00:010569.454: log(exp-norms): [4096.0, 4097.96, 4098.93]
exp002-n4096-k24-d180-bs40-f1.000-r00:010569.455: log(norms):     [4096.0, 4098.75, 4100.43, 4100.55, 4100.57, 4100.73, 4100.7, 4100.83, 4100.66, 4100.49]
exp002-n4096-k24-d180-bs40-f1.000-r00:010569.489: (78 sec)
exp002-n4096-k24-d180-bs40-f1.000-r00:010569.489: Loop 64/100
exp002-n4096-k24-d180-bs40-f1.000-r00:010653.943: log(exp-norms): [4096.0, 4097.96, 4098.93]
exp002-n4096-k24-d180-bs40-f1.000-r00:010653.943: log(norms):     [4096.0, 4098.75, 4100.43, 4100.55, 4100.57, 4100.73, 4100.7, 4100.83, 4100.66, 4100.49]
exp002-n4096-k24-d180-bs40-f1.000-r00:010653.976: (85 sec)
exp002-n4096-k24-d180-bs40-f1.000-r00:010653.976: Loop 65/100
exp002-n4096-k24-d180-bs40-f1.000-r00:010735.351: log(exp-norms): [4096.0, 4097.96, 4098.93]
exp002-n4096-k24-d180-bs40-f1.000-r00:010735.351: log(norms):     [4096.0, 4098.75, 4100.43, 4100.55, 4100.57, 4100.73, 4100.7, 4100.83, 4100.66, 4100.49]
exp002-n4096-k24-d180-bs40-f1.000-r00:010735.385: (82 sec)
exp002-n4096-k24-d180-bs40-f1.000-r00:010735.385: Loop 66/100
exp002-n4096-k24-d180-bs40-f1.000-r00:010814.894: log(exp-norms): [4096.0, 4097.96, 4098.93]
exp002-n4096-k24-d180-bs40-f1.000-r00:010814.894: log(norms):     [4096.0, 4098.75, 4100.43, 4100.55, 4100.57, 4100.73, 4100.7, 4100.83, 4100.66, 4100.49]
exp002-n4096-k24-d180-bs40-f1.000-r00:010814.928: (80 sec)
exp002-n4096-k24-d180-bs40-f1.000-r00:010814.928: Loop 67/100
exp002-n4096-k24-d180-bs40-f1.000-r00:010897.389: log(exp-norms): [4096.0, 4097.96, 4098.93]
exp002-n4096-k24-d180-bs40-f1.000-r00:010897.390: log(norms):     [4096.0, 4098.75, 4100.43, 4100.55, 4100.57, 4100.73, 4100.7, 4100.83, 4100.66, 4100.49]
exp002-n4096-k24-d180-bs40-f1.000-r00:010897.410: (83 sec)
exp002-n4096-k24-d180-bs40-f1.000-r00:010897.411: Loop 68/100
exp002-n4096-k24-d180-bs40-f1.000-r00:010976.896: log(exp-norms): [4096.0, 4097.96, 4098.93]
exp002-n4096-k24-d180-bs40-f1.000-r00:010976.896: log(norms):     [4096.0, 4098.75, 4100.43, 4100.55, 4100.57, 4100.73, 4100.7, 4100.83, 4100.66, 4100.49]
exp002-n4096-k24-d180-bs40-f1.000-r00:010976.930: (80 sec)
exp002-n4096-k24-d180-bs40-f1.000-r00:010976.930: Loop 69/100
exp002-n4096-k24-d180-bs40-f1.000-r00:011060.915: log(exp-norms): [4096.0, 4097.96, 4098.93]
exp002-n4096-k24-d180-bs40-f1.000-r00:011060.916: log(norms):     [4096.0, 4098.75, 4100.43, 4100.55, 4100.57, 4100.73, 4100.7, 4100.83, 4100.66, 4100.49]
exp002-n4096-k24-d180-bs40-f1.000-r00:011060.947: (85 sec)
exp002-n4096-k24-d180-bs40-f1.000-r00:011060.947: Loop 70/100
exp002-n4096-k24-d180-bs40-f1.000-r00:011143.148: log(exp-norms): [4096.0, 4097.96, 4098.93]
exp002-n4096-k24-d180-bs40-f1.000-r00:011143.149: log(norms):     [4096.0, 4098.75, 4100.43, 4100.55, 4100.57, 4100.73, 4100.7, 4100.83, 4100.66, 4100.49]
exp002-n4096-k24-d180-bs40-f1.000-r00:011143.183: (83 sec)
exp002-n4096-k24-d180-bs40-f1.000-r00:011143.183: Loop 71/100
exp002-n4096-k24-d180-bs40-f1.000-r00:011228.664: log(exp-norms): [4096.0, 4097.96, 4098.93]
exp002-n4096-k24-d180-bs40-f1.000-r00:011228.665: log(norms):     [4096.0, 4098.75, 4100.43, 4100.55, 4100.57, 4100.73, 4100.7, 4100.83, 4100.66, 4100.49]
exp002-n4096-k24-d180-bs40-f1.000-r00:011228.699: (86 sec)
exp002-n4096-k24-d180-bs40-f1.000-r00:011228.699: Loop 72/100
exp002-n4096-k24-d180-bs40-f1.000-r00:011309.452: log(exp-norms): [4096.0, 4097.96, 4098.93]
exp002-n4096-k24-d180-bs40-f1.000-r00:011309.453: log(norms):     [4096.0, 4098.75, 4100.43, 4100.55, 4100.57, 4100.73, 4100.7, 4100.83, 4100.66, 4100.49]
exp002-n4096-k24-d180-bs40-f1.000-r00:011309.495: (81 sec)
exp002-n4096-k24-d180-bs40-f1.000-r00:011309.495: Loop 73/100
exp002-n4096-k24-d180-bs40-f1.000-r00:011385.629: log(exp-norms): [4096.0, 4097.96, 4098.93]
exp002-n4096-k24-d180-bs40-f1.000-r00:011385.630: log(norms):     [4096.0, 4098.75, 4100.43, 4100.55, 4100.57, 4100.73, 4100.7, 4100.83, 4100.66, 4100.49]
exp002-n4096-k24-d180-bs40-f1.000-r00:011385.663: (77 sec)
exp002-n4096-k24-d180-bs40-f1.000-r00:011385.663: Loop 74/100
exp002-n4096-k24-d180-bs40-f1.000-r00:011456.355: log(exp-norms): [4096.0, 4097.96, 4098.93]
exp002-n4096-k24-d180-bs40-f1.000-r00:011456.356: log(norms):     [4096.0, 4098.75, 4100.43, 4100.55, 4100.57, 4100.73, 4100.7, 4100.83, 4100.66, 4100.49]
exp002-n4096-k24-d180-bs40-f1.000-r00:011456.390: (71 sec)
exp002-n4096-k24-d180-bs40-f1.000-r00:011456.390: Loop 75/100
exp002-n4096-k24-d180-bs40-f1.000-r00:011539.161: log(exp-norms): [4096.0, 4097.96, 4098.93]
exp002-n4096-k24-d180-bs40-f1.000-r00:011539.162: log(norms):     [4096.0, 4098.75, 4100.43, 4100.55, 4100.57, 4100.73, 4100.7, 4100.83, 4100.66, 4100.49]
exp002-n4096-k24-d180-bs40-f1.000-r00:011539.197: (83 sec)
exp002-n4096-k24-d180-bs40-f1.000-r00:011539.197: Loop 76/100
exp002-n4096-k24-d180-bs40-f1.000-r00:011620.724: log(exp-norms): [4096.0, 4097.96, 4098.93]
exp002-n4096-k24-d180-bs40-f1.000-r00:011620.724: log(norms):     [4096.0, 4098.75, 4100.43, 4100.55, 4100.57, 4100.73, 4100.7, 4100.83, 4100.66, 4100.49]
exp002-n4096-k24-d180-bs40-f1.000-r00:011620.757: (82 sec)
exp002-n4096-k24-d180-bs40-f1.000-r00:011620.758: Loop 77/100
exp002-n4096-k24-d180-bs40-f1.000-r00:011697.774: log(exp-norms): [4096.0, 4097.96, 4098.93]
exp002-n4096-k24-d180-bs40-f1.000-r00:011697.774: log(norms):     [4096.0, 4098.75, 4100.43, 4100.52, 4100.49, 4100.62, 4100.57, 4100.55, 4100.8, 4100.64]
exp002-n4096-k24-d180-bs40-f1.000-r00:011697.807: (78 sec)
exp002-n4096-k24-d180-bs40-f1.000-r00:011697.807: Loop 78/100
exp002-n4096-k24-d180-bs40-f1.000-r00:011781.529: log(exp-norms): [4096.0, 4097.96, 4098.93]
exp002-n4096-k24-d180-bs40-f1.000-r00:011781.529: log(norms):     [4096.0, 4098.75, 4100.43, 4100.52, 4100.49, 4100.62, 4100.57, 4100.55, 4100.8, 4100.64]
exp002-n4096-k24-d180-bs40-f1.000-r00:011781.564: (84 sec)
exp002-n4096-k24-d180-bs40-f1.000-r00:011781.564: Loop 79/100
exp002-n4096-k24-d180-bs40-f1.000-r00:011861.463: log(exp-norms): [4096.0, 4097.96, 4098.93]
exp002-n4096-k24-d180-bs40-f1.000-r00:011861.464: log(norms):     [4096.0, 4098.75, 4100.43, 4100.52, 4100.49, 4100.62, 4100.57, 4100.55, 4100.8, 4100.64]
exp002-n4096-k24-d180-bs40-f1.000-r00:011861.497: (80 sec)
exp002-n4096-k24-d180-bs40-f1.000-r00:011861.498: Loop 80/100
exp002-n4096-k24-d180-bs40-f1.000-r00:011926.723: log(exp-norms): [4096.0, 4097.96, 4098.93]
exp002-n4096-k24-d180-bs40-f1.000-r00:011926.723: log(norms):     [4096.0, 4098.75, 4100.43, 4100.52, 4100.49, 4100.62, 4100.57, 4100.49, 4100.55, 4100.8]
exp002-n4096-k24-d180-bs40-f1.000-r00:011926.743: (66 sec)
exp002-n4096-k24-d180-bs40-f1.000-r00:011926.743: Loop 81/100
exp002-n4096-k24-d180-bs40-f1.000-r00:011999.704: log(exp-norms): [4096.0, 4097.96, 4098.93]
exp002-n4096-k24-d180-bs40-f1.000-r00:011999.704: log(norms):     [4096.0, 4098.75, 4100.43, 4100.52, 4100.49, 4100.62, 4100.57, 4100.49, 4100.55, 4100.8]
exp002-n4096-k24-d180-bs40-f1.000-r00:011999.737: (73 sec)
exp002-n4096-k24-d180-bs40-f1.000-r00:011999.738: Loop 82/100
exp002-n4096-k24-d180-bs40-f1.000-r00:012080.090: log(exp-norms): [4096.0, 4097.96, 4098.93]
exp002-n4096-k24-d180-bs40-f1.000-r00:012080.091: log(norms):     [4096.0, 4098.75, 4100.43, 4100.52, 4100.49, 4100.62, 4100.57, 4100.49, 4100.55, 4100.8]
exp002-n4096-k24-d180-bs40-f1.000-r00:012080.110: (81 sec)
exp002-n4096-k24-d180-bs40-f1.000-r00:012080.111: Loop 83/100
exp002-n4096-k24-d180-bs40-f1.000-r00:012159.025: log(exp-norms): [4096.0, 4097.96, 4098.93]
exp002-n4096-k24-d180-bs40-f1.000-r00:012159.025: log(norms):     [4096.0, 4098.75, 4100.43, 4100.52, 4100.49, 4100.62, 4100.57, 4100.63, 4100.49, 4100.68]
exp002-n4096-k24-d180-bs40-f1.000-r00:012159.058: (79 sec)
exp002-n4096-k24-d180-bs40-f1.000-r00:012159.059: Loop 84/100
exp002-n4096-k24-d180-bs40-f1.000-r00:012240.876: log(exp-norms): [4096.0, 4097.96, 4098.93]
exp002-n4096-k24-d180-bs40-f1.000-r00:012240.877: log(norms):     [4096.0, 4098.75, 4100.43, 4100.52, 4100.49, 4100.62, 4100.57, 4100.63, 4100.49, 4100.68]
exp002-n4096-k24-d180-bs40-f1.000-r00:012240.910: (82 sec)
exp002-n4096-k24-d180-bs40-f1.000-r00:012240.911: Loop 85/100
exp002-n4096-k24-d180-bs40-f1.000-r00:012322.846: log(exp-norms): [4096.0, 4097.96, 4098.93]
exp002-n4096-k24-d180-bs40-f1.000-r00:012322.846: log(norms):     [4096.0, 4098.75, 4100.43, 4100.52, 4100.49, 4100.62, 4100.57, 4100.63, 4100.49, 4100.59]
exp002-n4096-k24-d180-bs40-f1.000-r00:012322.876: (82 sec)
exp002-n4096-k24-d180-bs40-f1.000-r00:012322.876: Loop 86/100
exp002-n4096-k24-d180-bs40-f1.000-r00:012403.000: log(exp-norms): [4096.0, 4097.96, 4098.93]
exp002-n4096-k24-d180-bs40-f1.000-r00:012403.001: log(norms):     [4096.0, 4098.75, 4100.43, 4100.52, 4100.49, 4100.62, 4100.57, 4100.63, 4100.49, 4100.59]
exp002-n4096-k24-d180-bs40-f1.000-r00:012403.035: (81 sec)
exp002-n4096-k24-d180-bs40-f1.000-r00:012403.035: Loop 87/100
exp002-n4096-k24-d180-bs40-f1.000-r00:012487.682: log(exp-norms): [4096.0, 4097.96, 4098.93]
exp002-n4096-k24-d180-bs40-f1.000-r00:012487.683: log(norms):     [4096.0, 4098.75, 4100.43, 4100.52, 4100.49, 4100.62, 4100.57, 4100.63, 4100.49, 4100.59]
exp002-n4096-k24-d180-bs40-f1.000-r00:012487.717: (85 sec)
exp002-n4096-k24-d180-bs40-f1.000-r00:012487.717: Loop 88/100
exp002-n4096-k24-d180-bs40-f1.000-r00:012571.897: log(exp-norms): [4096.0, 4097.96, 4098.93]
exp002-n4096-k24-d180-bs40-f1.000-r00:012571.898: log(norms):     [4096.0, 4098.75, 4100.43, 4100.52, 4100.49, 4100.62, 4100.57, 4100.63, 4100.49, 4100.59]
exp002-n4096-k24-d180-bs40-f1.000-r00:012571.932: (85 sec)
exp002-n4096-k24-d180-bs40-f1.000-r00:012571.932: Loop 89/100
exp002-n4096-k24-d180-bs40-f1.000-r00:012651.490: log(exp-norms): [4096.0, 4097.96, 4098.93]
exp002-n4096-k24-d180-bs40-f1.000-r00:012651.491: log(norms):     [4096.0, 4098.75, 4100.43, 4100.52, 4100.49, 4100.62, 4100.57, 4100.63, 4100.49, 4100.59]
exp002-n4096-k24-d180-bs40-f1.000-r00:012651.523: (80 sec)
exp002-n4096-k24-d180-bs40-f1.000-r00:012651.524: Loop 90/100
exp002-n4096-k24-d180-bs40-f1.000-r00:012732.340: log(exp-norms): [4096.0, 4097.96, 4098.93]
exp002-n4096-k24-d180-bs40-f1.000-r00:012732.340: log(norms):     [4096.0, 4098.75, 4100.43, 4100.52, 4100.49, 4100.62, 4100.57, 4100.63, 4100.49, 4100.59]
exp002-n4096-k24-d180-bs40-f1.000-r00:012732.374: (81 sec)
exp002-n4096-k24-d180-bs40-f1.000-r00:012732.374: Loop 91/100
exp002-n4096-k24-d180-bs40-f1.000-r00:012815.186: log(exp-norms): [4096.0, 4097.96, 4098.93]
exp002-n4096-k24-d180-bs40-f1.000-r00:012815.186: log(norms):     [4096.0, 4098.75, 4100.43, 4100.52, 4100.49, 4100.62, 4100.57, 4100.63, 4100.49, 4100.59]
exp002-n4096-k24-d180-bs40-f1.000-r00:012815.220: (83 sec)
exp002-n4096-k24-d180-bs40-f1.000-r00:012815.220: Loop 92/100
exp002-n4096-k24-d180-bs40-f1.000-r00:012888.316: log(exp-norms): [4096.0, 4097.96, 4098.93]
exp002-n4096-k24-d180-bs40-f1.000-r00:012888.317: log(norms):     [4096.0, 4098.75, 4100.43, 4100.52, 4100.49, 4100.62, 4100.57, 4100.66, 4100.63, 4100.49]
exp002-n4096-k24-d180-bs40-f1.000-r00:012888.353: (74 sec)
exp002-n4096-k24-d180-bs40-f1.000-r00:012888.353: Loop 93/100
exp002-n4096-k24-d180-bs40-f1.000-r00:012972.604: log(exp-norms): [4096.0, 4097.96, 4098.93]
exp002-n4096-k24-d180-bs40-f1.000-r00:012972.604: log(norms):     [4096.0, 4098.75, 4100.43, 4100.52, 4100.49, 4100.62, 4100.57, 4100.66, 4100.72, 4100.49]
exp002-n4096-k24-d180-bs40-f1.000-r00:012972.638: (85 sec)
exp002-n4096-k24-d180-bs40-f1.000-r00:012972.638: Loop 94/100
exp002-n4096-k24-d180-bs40-f1.000-r00:013056.937: log(exp-norms): [4096.0, 4097.96, 4098.93]
exp002-n4096-k24-d180-bs40-f1.000-r00:013056.938: log(norms):     [4096.0, 4098.75, 4100.43, 4100.52, 4100.49, 4100.62, 4100.57, 4100.66, 4100.72, 4100.75]
exp002-n4096-k24-d180-bs40-f1.000-r00:013056.971: (85 sec)
exp002-n4096-k24-d180-bs40-f1.000-r00:013056.972: Loop 95/100
exp002-n4096-k24-d180-bs40-f1.000-r00:013138.496: log(exp-norms): [4096.0, 4097.96, 4098.93]
exp002-n4096-k24-d180-bs40-f1.000-r00:013138.497: log(norms):     [4096.0, 4098.75, 4100.43, 4100.52, 4100.49, 4100.62, 4100.57, 4100.66, 4100.72, 4100.75]
exp002-n4096-k24-d180-bs40-f1.000-r00:013138.532: (82 sec)
exp002-n4096-k24-d180-bs40-f1.000-r00:013138.532: Loop 96/100
exp002-n4096-k24-d180-bs40-f1.000-r00:013223.275: log(exp-norms): [4096.0, 4097.96, 4098.93]
exp002-n4096-k24-d180-bs40-f1.000-r00:013223.276: log(norms):     [4096.0, 4098.75, 4100.43, 4100.52, 4100.49, 4100.62, 4100.57, 4100.66, 4100.72, 4100.75]
exp002-n4096-k24-d180-bs40-f1.000-r00:013223.309: (85 sec)
exp002-n4096-k24-d180-bs40-f1.000-r00:013223.310: Loop 97/100
exp002-n4096-k24-d180-bs40-f1.000-r00:013307.692: log(exp-norms): [4096.0, 4097.96, 4098.93]
exp002-n4096-k24-d180-bs40-f1.000-r00:013307.692: log(norms):     [4096.0, 4098.75, 4100.43, 4100.52, 4100.49, 4100.62, 4100.57, 4100.66, 4100.6, 4100.72]
exp002-n4096-k24-d180-bs40-f1.000-r00:013307.726: (85 sec)
exp002-n4096-k24-d180-bs40-f1.000-r00:013307.726: Loop 98/100
exp002-n4096-k24-d180-bs40-f1.000-r00:013386.121: log(exp-norms): [4096.0, 4097.96, 4098.93]
exp002-n4096-k24-d180-bs40-f1.000-r00:013386.121: log(norms):     [4096.0, 4098.75, 4100.43, 4100.52, 4100.49, 4100.62, 4100.57, 4100.66, 4100.6, 4100.72]
exp002-n4096-k24-d180-bs40-f1.000-r00:013386.142: (79 sec)
exp002-n4096-k24-d180-bs40-f1.000-r00:013386.142: Loop 99/100
exp002-n4096-k24-d180-bs40-f1.000-r00:013461.450: log(exp-norms): [4096.0, 4097.96, 4098.93]
exp002-n4096-k24-d180-bs40-f1.000-r00:013461.451: log(norms):     [4096.0, 4098.75, 4100.43, 4100.52, 4100.49, 4100.62, 4100.57, 4100.66, 4100.6, 4100.72]
exp002-n4096-k24-d180-bs40-f1.000-r00:013461.484: (76 sec)
exp002-n4096-k24-d180-bs40-f1.000-r00:013461.485: Loop 100/100
exp002-n4096-k24-d180-bs40-f1.000-r00:013530.393: log(exp-norms): [4096.0, 4097.96, 4098.93]
exp002-n4096-k24-d180-bs40-f1.000-r00:013530.393: log(norms):     [4096.0, 4098.75, 4100.43, 4100.52, 4100.49, 4100.62, 4100.57, 4100.66, 4100.6, 4100.68]
exp002-n4096-k24-d180-bs40-f1.000-r00:013530.414: (69 sec)
exp002-n4096-k24-d180-bs40-f1.000-r00:013530.414: ==========================Summary===========================
exp002-n4096-k24-d180-bs40-f1.000-r00:013530.414: Total time: 13530sec
exp002-n4096-k24-d180-bs40-f1.000-r00:013530.414: FAIL
exp002-n4096-k24-d180-bs40-f1.000-r00:013530.414: SUMMARY:n:4096:k:24:d:180:bs:40:t:13530:r:False
