exp011-n4096-k24-d180-bs50-f1.000-r00:000000.534: ==========================Instance==========================
exp011-n4096-k24-d180-bs50-f1.000-r00:000000.534: # of equations: 180
exp011-n4096-k24-d180-bs50-f1.000-r00:000000.541: Gap: 1.95
exp011-n4096-k24-d180-bs50-f1.000-r00:000000.556: Tau: 1.17
exp011-n4096-k24-d180-bs50-f1.000-r00:000000.556: ======================BKZ-50 reduction======================
exp011-n4096-k24-d180-bs50-f1.000-r00:000005.136: Expectedly achievable log(norm): 4100.37
exp011-n4096-k24-d180-bs50-f1.000-r00:000009.733: log(exp-norms): [4096.0, 4097.96, 4098.93]
exp011-n4096-k24-d180-bs50-f1.000-r00:000009.733: log(norms):     [4122.92, 4098.75, 4120.0, 4120.0, 4120.0, 4120.0, 4120.0, 4120.0, 4120.0, 4120.0]
exp011-n4096-k24-d180-bs50-f1.000-r00:000009.830: Loop 1/100
exp011-n4096-k24-d180-bs50-f1.000-r00:005709.119: log(exp-norms): [4096.0, 4097.96, 4098.93]
exp011-n4096-k24-d180-bs50-f1.000-r00:005709.120: log(norms):     [4098.75, 4102.19, 4102.18, 4102.3, 4102.36, 4102.13, 4102.27, 4102.1, 4102.28, 4102.37]
exp011-n4096-k24-d180-bs50-f1.000-r00:005709.160: (5700 sec)
exp011-n4096-k24-d180-bs50-f1.000-r00:005709.161: Loop 2/100
exp011-n4096-k24-d180-bs50-f1.000-r00:006443.784: log(exp-norms): [4096.0, 4097.96, 4098.93]
exp011-n4096-k24-d180-bs50-f1.000-r00:006443.784: log(norms):     [4098.75, 4101.7, 4101.72, 4101.77, 4101.77, 4101.83, 4101.81, 4101.85, 4101.81, 4102.05]
exp011-n4096-k24-d180-bs50-f1.000-r00:006443.820: (735 sec)
exp011-n4096-k24-d180-bs50-f1.000-r00:006443.820: Loop 3/100
exp011-n4096-k24-d180-bs50-f1.000-r00:007134.872: log(exp-norms): [4096.0, 4097.96, 4098.93]
exp011-n4096-k24-d180-bs50-f1.000-r00:007134.873: log(norms):     [4098.75, 4101.39, 4101.4, 4101.36, 4101.51, 4101.38, 4101.47, 4101.51, 4101.44, 4101.59]
exp011-n4096-k24-d180-bs50-f1.000-r00:007134.906: (692 sec)
exp011-n4096-k24-d180-bs50-f1.000-r00:007134.906: Loop 4/100
exp011-n4096-k24-d180-bs50-f1.000-r00:007806.397: log(exp-norms): [4096.0, 4097.96, 4098.93]
exp011-n4096-k24-d180-bs50-f1.000-r00:007806.398: log(norms):     [4096.0, 4098.75, 4100.93, 4101.08, 4101.18, 4101.23, 4101.22, 4101.14, 4101.17, 4101.26]
exp011-n4096-k24-d180-bs50-f1.000-r00:007806.433: (672 sec)
exp011-n4096-k24-d180-bs50-f1.000-r00:007806.433: Loop 5/100
exp011-n4096-k24-d180-bs50-f1.000-r00:008424.425: log(exp-norms): [4096.0, 4097.96, 4098.93]
exp011-n4096-k24-d180-bs50-f1.000-r00:008424.425: log(norms):     [4096.0, 4098.75, 4100.86, 4100.86, 4100.89, 4101.02, 4101.02, 4101.17, 4100.88, 4101.03]
exp011-n4096-k24-d180-bs50-f1.000-r00:008424.467: (619 sec)
exp011-n4096-k24-d180-bs50-f1.000-r00:008424.467: Loop 6/100
exp011-n4096-k24-d180-bs50-f1.000-r00:009043.790: log(exp-norms): [4096.0, 4097.96, 4098.93]
exp011-n4096-k24-d180-bs50-f1.000-r00:009043.790: log(norms):     [4096.0, 4098.75, 4100.69, 4100.86, 4100.75, 4100.8, 4100.91, 4100.91, 4101.02, 4100.96]
exp011-n4096-k24-d180-bs50-f1.000-r00:009043.825: (620 sec)
exp011-n4096-k24-d180-bs50-f1.000-r00:009043.825: Loop 7/100
exp011-n4096-k24-d180-bs50-f1.000-r00:009675.227: log(exp-norms): [4096.0, 4097.96, 4098.93]
exp011-n4096-k24-d180-bs50-f1.000-r00:009675.228: log(norms):     [4096.0, 4098.75, 4100.58, 4100.68, 4100.67, 4100.65, 4100.82, 4100.7, 4100.67, 4100.75]
exp011-n4096-k24-d180-bs50-f1.000-r00:009675.262: (632 sec)
exp011-n4096-k24-d180-bs50-f1.000-r00:009675.263: Loop 8/100
exp011-n4096-k24-d180-bs50-f1.000-r00:010259.244: log(exp-norms): [4096.0, 4097.96, 4098.93]
exp011-n4096-k24-d180-bs50-f1.000-r00:010259.245: log(norms):     [4096.0, 4098.75, 4100.58, 4100.68, 4100.67, 4100.71, 4100.59, 4100.73, 4100.84, 4100.69]
exp011-n4096-k24-d180-bs50-f1.000-r00:010259.283: (585 sec)
exp011-n4096-k24-d180-bs50-f1.000-r00:010259.283: Loop 9/100
exp011-n4096-k24-d180-bs50-f1.000-r00:010862.166: log(exp-norms): [4096.0, 4097.96, 4098.93]
exp011-n4096-k24-d180-bs50-f1.000-r00:010862.167: log(norms):     [4096.0, 4098.75, 4100.54, 4100.56, 4100.52, 4100.63, 4100.6, 4100.52, 4100.67, 4100.75]
exp011-n4096-k24-d180-bs50-f1.000-r00:010862.202: (603 sec)
exp011-n4096-k24-d180-bs50-f1.000-r00:010862.202: Loop 10/100
exp011-n4096-k24-d180-bs50-f1.000-r00:011432.411: log(exp-norms): [4096.0, 4097.96, 4098.93]
exp011-n4096-k24-d180-bs50-f1.000-r00:011432.412: log(norms):     [4096.0, 4098.75, 4100.38, 4100.47, 4100.48, 4100.67, 4100.61, 4100.6, 4100.52, 4100.73]
exp011-n4096-k24-d180-bs50-f1.000-r00:011432.448: (571 sec)
exp011-n4096-k24-d180-bs50-f1.000-r00:011432.448: Loop 11/100
exp011-n4096-k24-d180-bs50-f1.000-r00:011973.828: log(exp-norms): [4096.0, 4097.96, 4098.93]
exp011-n4096-k24-d180-bs50-f1.000-r00:011973.828: log(norms):     [4096.0, 4098.75, 4100.38, 4100.39, 4100.47, 4100.62, 4100.57, 4100.59, 4100.66, 4100.66]
exp011-n4096-k24-d180-bs50-f1.000-r00:011973.863: (542 sec)
exp011-n4096-k24-d180-bs50-f1.000-r00:011973.863: Loop 12/100
exp011-n4096-k24-d180-bs50-f1.000-r00:012477.748: log(exp-norms): [4096.0, 4097.96, 4098.93]
exp011-n4096-k24-d180-bs50-f1.000-r00:012477.749: log(norms):     [4096.0, 4098.75, 4100.38, 4100.39, 4100.47, 4100.62, 4100.57, 4100.63, 4100.65, 4100.71]
exp011-n4096-k24-d180-bs50-f1.000-r00:012477.783: (504 sec)
exp011-n4096-k24-d180-bs50-f1.000-r00:012477.783: Loop 13/100
exp011-n4096-k24-d180-bs50-f1.000-r00:012978.502: log(exp-norms): [4096.0, 4097.96, 4098.93]
exp011-n4096-k24-d180-bs50-f1.000-r00:012978.503: log(norms):     [4096.0, 4098.75, 4100.38, 4100.39, 4100.47, 4100.62, 4100.57, 4100.63, 4100.65, 4100.71]
exp011-n4096-k24-d180-bs50-f1.000-r00:012978.524: (501 sec)
exp011-n4096-k24-d180-bs50-f1.000-r00:012978.524: Loop 14/100
exp011-n4096-k24-d180-bs50-f1.000-r00:013522.932: log(exp-norms): [4096.0, 4097.96, 4098.93]
exp011-n4096-k24-d180-bs50-f1.000-r00:013522.933: log(norms):     [4096.0, 4098.75, 4100.38, 4100.39, 4100.38, 4100.47, 4100.62, 4100.57, 4100.52, 4100.56]
exp011-n4096-k24-d180-bs50-f1.000-r00:013522.967: (545 sec)
exp011-n4096-k24-d180-bs50-f1.000-r00:013522.967: Loop 15/100
exp011-n4096-k24-d180-bs50-f1.000-r00:013957.412: log(exp-norms): [4096.0, 4097.96, 4098.93]
exp011-n4096-k24-d180-bs50-f1.000-r00:013957.413: log(norms):     [4096.0, 4098.75, 4100.35, 4100.38, 4100.39, 4100.52, 4100.56, 4100.7, 4100.62, 4100.52]
exp011-n4096-k24-d180-bs50-f1.000-r00:013957.447: (435 sec)
exp011-n4096-k24-d180-bs50-f1.000-r00:013957.447: Loop 16/100
exp011-n4096-k24-d180-bs50-f1.000-r00:014451.148: log(exp-norms): [4096.0, 4097.96, 4098.93]
exp011-n4096-k24-d180-bs50-f1.000-r00:014451.148: log(norms):     [4096.0, 4098.75, 4100.3, 4100.35, 4100.38, 4100.39, 4100.52, 4100.67, 4100.56, 4100.62]
exp011-n4096-k24-d180-bs50-f1.000-r00:014451.182: (494 sec)
exp011-n4096-k24-d180-bs50-f1.000-r00:014451.183: Loop 17/100
exp011-n4096-k24-d180-bs50-f1.000-r00:014978.726: log(exp-norms): [4096.0, 4097.96, 4098.93]
exp011-n4096-k24-d180-bs50-f1.000-r00:014978.727: log(norms):     [4096.0, 4098.75, 4100.3, 4100.35, 4100.49, 4100.39, 4100.52, 4100.55, 4100.38, 4100.51]
exp011-n4096-k24-d180-bs50-f1.000-r00:014978.761: (528 sec)
exp011-n4096-k24-d180-bs50-f1.000-r00:014978.761: Loop 18/100
exp011-n4096-k24-d180-bs50-f1.000-r00:015482.495: log(exp-norms): [4096.0, 4097.96, 4098.93]
exp011-n4096-k24-d180-bs50-f1.000-r00:015482.496: log(norms):     [4096.0, 4098.75, 4100.3, 4100.35, 4100.49, 4100.39, 4100.52, 4100.45, 4100.51, 4100.38]
exp011-n4096-k24-d180-bs50-f1.000-r00:015482.529: (504 sec)
exp011-n4096-k24-d180-bs50-f1.000-r00:015482.529: Loop 19/100
exp011-n4096-k24-d180-bs50-f1.000-r00:015985.611: log(exp-norms): [4096.0, 4097.96, 4098.93]
exp011-n4096-k24-d180-bs50-f1.000-r00:015985.611: log(norms):     [4096.0, 4098.75, 4100.3, 4100.35, 4100.49, 4100.57, 4100.38, 4100.51, 4100.39, 4100.52]
exp011-n4096-k24-d180-bs50-f1.000-r00:015985.644: (504 sec)
exp011-n4096-k24-d180-bs50-f1.000-r00:015985.645: Loop 20/100
exp011-n4096-k24-d180-bs50-f1.000-r00:016468.800: log(exp-norms): [4096.0, 4097.96, 4098.93]
exp011-n4096-k24-d180-bs50-f1.000-r00:016468.801: log(norms):     [4096.0, 4098.75, 4100.3, 4100.35, 4100.49, 4100.57, 4100.38, 4100.51, 4100.39, 4100.52]
exp011-n4096-k24-d180-bs50-f1.000-r00:016468.834: (484 sec)
exp011-n4096-k24-d180-bs50-f1.000-r00:016468.834: Loop 21/100
exp011-n4096-k24-d180-bs50-f1.000-r00:016978.438: log(exp-norms): [4096.0, 4097.96, 4098.93]
exp011-n4096-k24-d180-bs50-f1.000-r00:016978.439: log(norms):     [4096.0, 4098.75, 4100.3, 4100.35, 4100.49, 4100.57, 4100.38, 4100.51, 4100.39, 4100.52]
exp011-n4096-k24-d180-bs50-f1.000-r00:016978.473: (510 sec)
exp011-n4096-k24-d180-bs50-f1.000-r00:016978.474: Loop 22/100
exp011-n4096-k24-d180-bs50-f1.000-r00:017447.843: log(exp-norms): [4096.0, 4097.96, 4098.93]
exp011-n4096-k24-d180-bs50-f1.000-r00:017447.844: log(norms):     [4096.0, 4098.75, 4100.3, 4100.35, 4100.49, 4100.57, 4100.38, 4100.51, 4100.39, 4100.55]
exp011-n4096-k24-d180-bs50-f1.000-r00:017447.871: (470 sec)
exp011-n4096-k24-d180-bs50-f1.000-r00:017447.871: Loop 23/100
exp011-n4096-k24-d180-bs50-f1.000-r00:017914.107: log(exp-norms): [4096.0, 4097.96, 4098.93]
exp011-n4096-k24-d180-bs50-f1.000-r00:017914.108: log(norms):     [4096.0, 4098.75, 4100.3, 4100.35, 4100.49, 4100.48, 4100.44, 4100.48, 4100.6, 4100.57]
exp011-n4096-k24-d180-bs50-f1.000-r00:017914.140: (467 sec)
exp011-n4096-k24-d180-bs50-f1.000-r00:017914.141: Loop 24/100
exp011-n4096-k24-d180-bs50-f1.000-r00:018395.389: log(exp-norms): [4096.0, 4097.96, 4098.93]
exp011-n4096-k24-d180-bs50-f1.000-r00:018395.390: log(norms):     [4096.0, 4098.75, 4100.3, 4100.35, 4100.49, 4100.48, 4100.44, 4100.48, 4100.6, 4100.57]
exp011-n4096-k24-d180-bs50-f1.000-r00:018395.411: (482 sec)
exp011-n4096-k24-d180-bs50-f1.000-r00:018395.411: Loop 25/100
exp011-n4096-k24-d180-bs50-f1.000-r00:018863.868: log(exp-norms): [4096.0, 4097.96, 4098.93]
exp011-n4096-k24-d180-bs50-f1.000-r00:018863.869: log(norms):     [4096.0, 4098.75, 4100.3, 4100.35, 4100.49, 4100.5, 4100.48, 4100.5, 4100.57, 4100.44]
exp011-n4096-k24-d180-bs50-f1.000-r00:018863.903: (469 sec)
exp011-n4096-k24-d180-bs50-f1.000-r00:018863.903: Loop 26/100
exp011-n4096-k24-d180-bs50-f1.000-r00:019328.261: log(exp-norms): [4096.0, 4097.96, 4098.93]
exp011-n4096-k24-d180-bs50-f1.000-r00:019328.262: log(norms):     [4096.0, 4098.75, 4100.3, 4100.35, 4100.49, 4100.5, 4100.48, 4100.5, 4100.44, 4100.57]
exp011-n4096-k24-d180-bs50-f1.000-r00:019328.295: (465 sec)
exp011-n4096-k24-d180-bs50-f1.000-r00:019328.296: Loop 27/100
exp011-n4096-k24-d180-bs50-f1.000-r00:019798.818: log(exp-norms): [4096.0, 4097.96, 4098.93]
exp011-n4096-k24-d180-bs50-f1.000-r00:019798.819: log(norms):     [4096.0, 4098.75, 4100.3, 4100.35, 4100.49, 4100.5, 4100.48, 4100.5, 4100.44, 4100.69]
exp011-n4096-k24-d180-bs50-f1.000-r00:019798.852: (471 sec)
exp011-n4096-k24-d180-bs50-f1.000-r00:019798.852: Loop 28/100
exp011-n4096-k24-d180-bs50-f1.000-r00:020255.271: log(exp-norms): [4096.0, 4097.96, 4098.93]
exp011-n4096-k24-d180-bs50-f1.000-r00:020255.271: log(norms):     [4096.0, 4098.75, 4100.3, 4100.35, 4100.49, 4100.5, 4100.48, 4100.5, 4100.44, 4100.69]
exp011-n4096-k24-d180-bs50-f1.000-r00:020255.291: (457 sec)
exp011-n4096-k24-d180-bs50-f1.000-r00:020255.291: Loop 29/100
exp011-n4096-k24-d180-bs50-f1.000-r00:020679.335: log(exp-norms): [4096.0, 4097.96, 4098.93]
exp011-n4096-k24-d180-bs50-f1.000-r00:020679.335: log(norms):     [4096.0, 4098.75, 4100.3, 4100.35, 4100.49, 4100.5, 4100.48, 4100.5, 4100.44, 4100.69]
exp011-n4096-k24-d180-bs50-f1.000-r00:020679.355: (425 sec)
exp011-n4096-k24-d180-bs50-f1.000-r00:020679.355: Loop 30/100
exp011-n4096-k24-d180-bs50-f1.000-r00:021124.341: log(exp-norms): [4096.0, 4097.96, 4098.93]
exp011-n4096-k24-d180-bs50-f1.000-r00:021124.342: log(norms):     [4096.0, 4098.75, 4100.3, 4100.35, 4100.49, 4100.5, 4100.48, 4100.5, 4100.44, 4100.59]
exp011-n4096-k24-d180-bs50-f1.000-r00:021124.366: (446 sec)
exp011-n4096-k24-d180-bs50-f1.000-r00:021124.367: Loop 31/100
exp011-n4096-k24-d180-bs50-f1.000-r00:021508.434: log(exp-norms): [4096.0, 4097.96, 4098.93]
exp011-n4096-k24-d180-bs50-f1.000-r00:021508.435: log(norms):     [4096.0, 4098.75, 4100.3, 4100.35, 4100.49, 4100.5, 4100.48, 4100.5, 4100.44, 4100.59]
exp011-n4096-k24-d180-bs50-f1.000-r00:021508.468: (385 sec)
exp011-n4096-k24-d180-bs50-f1.000-r00:021508.469: Loop 32/100
exp011-n4096-k24-d180-bs50-f1.000-r00:021953.270: log(exp-norms): [4096.0, 4097.96, 4098.93]
exp011-n4096-k24-d180-bs50-f1.000-r00:021953.271: log(norms):     [4096.0, 4098.75, 4100.3, 4100.35, 4100.49, 4100.5, 4100.48, 4100.5, 4100.44, 4100.59]
exp011-n4096-k24-d180-bs50-f1.000-r00:021953.290: (445 sec)
exp011-n4096-k24-d180-bs50-f1.000-r00:021953.290: Loop 33/100
exp011-n4096-k24-d180-bs50-f1.000-r00:022314.300: log(exp-norms): [4096.0, 4097.96, 4098.93]
exp011-n4096-k24-d180-bs50-f1.000-r00:022314.300: log(norms):     [4096.0, 4098.75, 4100.3, 4100.35, 4100.49, 4100.5, 4100.48, 4100.5, 4100.44, 4100.59]
exp011-n4096-k24-d180-bs50-f1.000-r00:022314.321: (362 sec)
exp011-n4096-k24-d180-bs50-f1.000-r00:022314.321: Loop 34/100
exp011-n4096-k24-d180-bs50-f1.000-r00:022740.162: log(exp-norms): [4096.0, 4097.96, 4098.93]
exp011-n4096-k24-d180-bs50-f1.000-r00:022740.163: log(norms):     [4096.0, 4098.75, 4100.3, 4100.35, 4100.49, 4100.5, 4100.48, 4100.5, 4100.44, 4100.59]
exp011-n4096-k24-d180-bs50-f1.000-r00:022740.183: (426 sec)
exp011-n4096-k24-d180-bs50-f1.000-r00:022740.183: Loop 35/100
exp011-n4096-k24-d180-bs50-f1.000-r00:023091.262: log(exp-norms): [4096.0, 4097.96, 4098.93]
exp011-n4096-k24-d180-bs50-f1.000-r00:023091.263: log(norms):     [4096.0, 4098.75, 4100.3, 4100.35, 4100.39, 4100.49, 4100.5, 4100.48, 4100.5, 4100.44]
exp011-n4096-k24-d180-bs50-f1.000-r00:023091.282: (352 sec)
exp011-n4096-k24-d180-bs50-f1.000-r00:023091.283: Loop 36/100
exp011-n4096-k24-d180-bs50-f1.000-r00:023404.951: log(exp-norms): [4096.0, 4097.96, 4098.93]
exp011-n4096-k24-d180-bs50-f1.000-r00:023404.952: log(norms):     [4096.0, 4098.75, 4100.3, 4100.35, 4100.41, 4100.39, 4100.49, 4100.5, 4100.48, 4100.71]
exp011-n4096-k24-d180-bs50-f1.000-r00:023404.984: (314 sec)
exp011-n4096-k24-d180-bs50-f1.000-r00:023404.984: Loop 37/100
exp011-n4096-k24-d180-bs50-f1.000-r00:023721.164: log(exp-norms): [4096.0, 4097.96, 4098.93]
exp011-n4096-k24-d180-bs50-f1.000-r00:023721.165: log(norms):     [4096.0, 4098.75, 4100.3, 4100.35, 4100.41, 4100.39, 4100.35, 4100.49, 4100.5, 4100.63]
exp011-n4096-k24-d180-bs50-f1.000-r00:023721.185: (317 sec)
exp011-n4096-k24-d180-bs50-f1.000-r00:023721.185: Loop 38/100
exp011-n4096-k24-d180-bs50-f1.000-r00:024080.618: log(exp-norms): [4096.0, 4097.96, 4098.93]
exp011-n4096-k24-d180-bs50-f1.000-r00:024080.619: log(norms):     [4096.0, 4098.75, 4100.3, 4100.35, 4100.41, 4100.39, 4100.35, 4100.61, 4100.49, 4100.63]
exp011-n4096-k24-d180-bs50-f1.000-r00:024080.652: (360 sec)
exp011-n4096-k24-d180-bs50-f1.000-r00:024080.652: Loop 39/100
exp011-n4096-k24-d180-bs50-f1.000-r00:024432.352: log(exp-norms): [4096.0, 4097.96, 4098.93]
exp011-n4096-k24-d180-bs50-f1.000-r00:024432.352: log(norms):     [4096.0, 4098.75, 4100.3, 4100.35, 4100.41, 4100.39, 4100.35, 4100.61, 4100.52, 4100.53]
exp011-n4096-k24-d180-bs50-f1.000-r00:024432.371: (352 sec)
exp011-n4096-k24-d180-bs50-f1.000-r00:024432.372: Loop 40/100
exp011-n4096-k24-d180-bs50-f1.000-r00:024805.308: log(exp-norms): [4096.0, 4097.96, 4098.93]
exp011-n4096-k24-d180-bs50-f1.000-r00:024805.308: log(norms):     [4096.0, 4098.75, 4100.3, 4100.33, 4100.4, 4100.53, 4100.39, 4100.35, 4100.41, 4100.35]
exp011-n4096-k24-d180-bs50-f1.000-r00:024805.327: (373 sec)
exp011-n4096-k24-d180-bs50-f1.000-r00:024805.328: Loop 41/100
exp011-n4096-k24-d180-bs50-f1.000-r00:025181.168: log(exp-norms): [4096.0, 4097.96, 4098.93]
exp011-n4096-k24-d180-bs50-f1.000-r00:025181.168: log(norms):     [4096.0, 4098.75, 4100.3, 4100.33, 4100.4, 4100.53, 4100.39, 4100.53, 4100.35, 4100.41]
exp011-n4096-k24-d180-bs50-f1.000-r00:025181.188: (376 sec)
exp011-n4096-k24-d180-bs50-f1.000-r00:025181.188: Loop 42/100
exp011-n4096-k24-d180-bs50-f1.000-r00:025519.997: log(exp-norms): [4096.0, 4097.96, 4098.93]
exp011-n4096-k24-d180-bs50-f1.000-r00:025519.997: log(norms):     [4096.0, 4098.75, 4100.3, 4100.29, 4100.33, 4100.44, 4100.43, 4100.35, 4100.35, 4100.48]
exp011-n4096-k24-d180-bs50-f1.000-r00:025520.016: (339 sec)
exp011-n4096-k24-d180-bs50-f1.000-r00:025520.016: Loop 43/100
exp011-n4096-k24-d180-bs50-f1.000-r00:025883.375: log(exp-norms): [4096.0, 4097.96, 4098.93]
exp011-n4096-k24-d180-bs50-f1.000-r00:025883.376: log(norms):     [4096.0, 4098.75, 4100.3, 4100.29, 4100.33, 4100.44, 4100.43, 4100.35, 4100.49, 4100.4]
exp011-n4096-k24-d180-bs50-f1.000-r00:025883.395: (364 sec)
exp011-n4096-k24-d180-bs50-f1.000-r00:025883.395: Loop 44/100
exp011-n4096-k24-d180-bs50-f1.000-r00:026207.039: log(exp-norms): [4096.0, 4097.96, 4098.93]
exp011-n4096-k24-d180-bs50-f1.000-r00:026207.040: log(norms):     [4096.0, 4098.75, 4100.3, 4100.29, 4100.33, 4100.44, 4100.43, 4100.47, 4100.35, 4100.56]
exp011-n4096-k24-d180-bs50-f1.000-r00:026207.060: (324 sec)
exp011-n4096-k24-d180-bs50-f1.000-r00:026207.060: Loop 45/100
exp011-n4096-k24-d180-bs50-f1.000-r00:026555.466: log(exp-norms): [4096.0, 4097.96, 4098.93]
exp011-n4096-k24-d180-bs50-f1.000-r00:026555.466: log(norms):     [4096.0, 4098.75, 4100.3, 4100.29, 4100.33, 4100.44, 4100.43, 4100.47, 4100.35, 4100.58]
exp011-n4096-k24-d180-bs50-f1.000-r00:026555.486: (349 sec)
exp011-n4096-k24-d180-bs50-f1.000-r00:026555.487: Loop 46/100
exp011-n4096-k24-d180-bs50-f1.000-r00:026897.904: log(exp-norms): [4096.0, 4097.96, 4098.93]
exp011-n4096-k24-d180-bs50-f1.000-r00:026897.905: log(norms):     [4096.0, 4098.75, 4100.3, 4100.29, 4100.33, 4100.44, 4100.43, 4100.47, 4100.35, 4100.55]
exp011-n4096-k24-d180-bs50-f1.000-r00:026897.924: (343 sec)
exp011-n4096-k24-d180-bs50-f1.000-r00:026897.925: Loop 47/100
exp011-n4096-k24-d180-bs50-f1.000-r00:027221.072: log(exp-norms): [4096.0, 4097.96, 4098.93]
exp011-n4096-k24-d180-bs50-f1.000-r00:027221.073: log(norms):     [4096.0, 4098.75, 4100.3, 4100.29, 4100.28, 4100.33, 4100.44, 4100.54, 4100.35, 4100.43]
exp011-n4096-k24-d180-bs50-f1.000-r00:027221.092: (324 sec)
exp011-n4096-k24-d180-bs50-f1.000-r00:027221.092: Loop 48/100
exp011-n4096-k24-d180-bs50-f1.000-r00:027525.111: log(exp-norms): [4096.0, 4097.96, 4098.93]
exp011-n4096-k24-d180-bs50-f1.000-r00:027525.112: log(norms):     [4096.0, 4098.75, 4100.3, 4100.29, 4100.28, 4100.33, 4100.44, 4100.54, 4100.35, 4100.43]
exp011-n4096-k24-d180-bs50-f1.000-r00:027525.131: (305 sec)
exp011-n4096-k24-d180-bs50-f1.000-r00:027525.131: Loop 49/100
exp011-n4096-k24-d180-bs50-f1.000-r00:027845.295: log(exp-norms): [4096.0, 4097.96, 4098.93]
exp011-n4096-k24-d180-bs50-f1.000-r00:027845.295: log(norms):     [4096.0, 4098.75, 4100.3, 4100.29, 4100.28, 4100.52, 4100.54, 4100.35, 4100.43, 4100.55]
exp011-n4096-k24-d180-bs50-f1.000-r00:027845.314: (321 sec)
exp011-n4096-k24-d180-bs50-f1.000-r00:027845.315: Loop 50/100
exp011-n4096-k24-d180-bs50-f1.000-r00:028164.909: log(exp-norms): [4096.0, 4097.96, 4098.93]
exp011-n4096-k24-d180-bs50-f1.000-r00:028164.909: log(norms):     [4096.0, 4098.75, 4100.3, 4100.29, 4100.28, 4100.52, 4100.46, 4100.54, 4100.35, 4100.49]
exp011-n4096-k24-d180-bs50-f1.000-r00:028164.928: (320 sec)
exp011-n4096-k24-d180-bs50-f1.000-r00:028164.928: Loop 51/100
exp011-n4096-k24-d180-bs50-f1.000-r00:028498.149: log(exp-norms): [4096.0, 4097.96, 4098.93]
exp011-n4096-k24-d180-bs50-f1.000-r00:028498.150: log(norms):     [4096.0, 4098.75, 4100.3, 4100.29, 4100.28, 4100.52, 4100.46, 4100.6, 4100.52, 4100.54]
exp011-n4096-k24-d180-bs50-f1.000-r00:028498.182: (334 sec)
exp011-n4096-k24-d180-bs50-f1.000-r00:028498.183: Loop 52/100
exp011-n4096-k24-d180-bs50-f1.000-r00:028954.243: log(exp-norms): [4096.0, 4097.96, 4098.93]
exp011-n4096-k24-d180-bs50-f1.000-r00:028954.243: log(norms):     [4096.0, 4098.75, 4100.3, 4100.29, 4100.28, 4100.52, 4100.46, 4100.6, 4100.58, 4100.52]
exp011-n4096-k24-d180-bs50-f1.000-r00:028954.263: (457 sec)
exp011-n4096-k24-d180-bs50-f1.000-r00:028954.263: Loop 53/100
exp011-n4096-k24-d180-bs50-f1.000-r00:029323.114: log(exp-norms): [4096.0, 4097.96, 4098.93]
exp011-n4096-k24-d180-bs50-f1.000-r00:029323.114: log(norms):     [4096.0, 4098.75, 4100.3, 4100.29, 4100.28, 4100.52, 4100.46, 4100.6, 4100.58, 4100.52]
exp011-n4096-k24-d180-bs50-f1.000-r00:029323.143: (369 sec)
exp011-n4096-k24-d180-bs50-f1.000-r00:029323.143: Loop 54/100
exp011-n4096-k24-d180-bs50-f1.000-r00:029646.211: log(exp-norms): [4096.0, 4097.96, 4098.93]
exp011-n4096-k24-d180-bs50-f1.000-r00:029646.212: log(norms):     [4096.0, 4098.75, 4100.3, 4100.29, 4100.28, 4100.52, 4100.46, 4100.5, 4100.6, 4100.58]
exp011-n4096-k24-d180-bs50-f1.000-r00:029646.231: (324 sec)
exp011-n4096-k24-d180-bs50-f1.000-r00:029646.231: Loop 55/100
exp011-n4096-k24-d180-bs50-f1.000-r00:029976.432: log(exp-norms): [4096.0, 4097.96, 4098.93]
exp011-n4096-k24-d180-bs50-f1.000-r00:029976.432: log(norms):     [4096.0, 4098.75, 4100.3, 4100.29, 4100.28, 4100.52, 4100.46, 4100.5, 4100.48, 4100.6]
exp011-n4096-k24-d180-bs50-f1.000-r00:029976.451: (331 sec)
exp011-n4096-k24-d180-bs50-f1.000-r00:029976.451: Loop 56/100
exp011-n4096-k24-d180-bs50-f1.000-r00:030271.525: log(exp-norms): [4096.0, 4097.96, 4098.93]
exp011-n4096-k24-d180-bs50-f1.000-r00:030271.525: log(norms):     [4096.0, 4098.75, 4100.3, 4100.29, 4100.28, 4100.52, 4100.46, 4100.5, 4100.48, 4100.6]
exp011-n4096-k24-d180-bs50-f1.000-r00:030271.545: (296 sec)
exp011-n4096-k24-d180-bs50-f1.000-r00:030271.545: Loop 57/100
exp011-n4096-k24-d180-bs50-f1.000-r00:030598.419: log(exp-norms): [4096.0, 4097.96, 4098.93]
exp011-n4096-k24-d180-bs50-f1.000-r00:030598.419: log(norms):     [4096.0, 4098.75, 4100.3, 4100.29, 4100.28, 4100.52, 4100.46, 4100.5, 4100.48, 4100.6]
exp011-n4096-k24-d180-bs50-f1.000-r00:030598.451: (327 sec)
exp011-n4096-k24-d180-bs50-f1.000-r00:030598.451: Loop 58/100
exp011-n4096-k24-d180-bs50-f1.000-r00:030912.219: log(exp-norms): [4096.0, 4097.96, 4098.93]
exp011-n4096-k24-d180-bs50-f1.000-r00:030912.219: log(norms):     [4096.0, 4098.75, 4100.3, 4100.29, 4100.28, 4100.52, 4100.46, 4100.5, 4100.48, 4100.6]
exp011-n4096-k24-d180-bs50-f1.000-r00:030912.238: (314 sec)
exp011-n4096-k24-d180-bs50-f1.000-r00:030912.238: Loop 59/100
exp011-n4096-k24-d180-bs50-f1.000-r00:031227.412: log(exp-norms): [4096.0, 4097.96, 4098.93]
exp011-n4096-k24-d180-bs50-f1.000-r00:031227.413: log(norms):     [4096.0, 4098.75, 4100.3, 4100.29, 4100.28, 4100.52, 4100.46, 4100.5, 4100.48, 4100.6]
exp011-n4096-k24-d180-bs50-f1.000-r00:031227.433: (316 sec)
exp011-n4096-k24-d180-bs50-f1.000-r00:031227.433: Loop 60/100
exp011-n4096-k24-d180-bs50-f1.000-r00:031598.859: log(exp-norms): [4096.0, 4097.96, 4098.93]
exp011-n4096-k24-d180-bs50-f1.000-r00:031598.859: log(norms):     [4096.0, 4098.75, 4100.3, 4100.29, 4100.28, 4100.52, 4100.46, 4100.5, 4100.48, 4100.6]
exp011-n4096-k24-d180-bs50-f1.000-r00:031598.878: (372 sec)
exp011-n4096-k24-d180-bs50-f1.000-r00:031598.879: Loop 61/100
exp011-n4096-k24-d180-bs50-f1.000-r00:031907.030: log(exp-norms): [4096.0, 4097.96, 4098.93]
exp011-n4096-k24-d180-bs50-f1.000-r00:031907.031: log(norms):     [4096.0, 4098.75, 4100.3, 4100.29, 4100.28, 4100.52, 4100.46, 4100.5, 4100.48, 4100.6]
exp011-n4096-k24-d180-bs50-f1.000-r00:031907.050: (309 sec)
exp011-n4096-k24-d180-bs50-f1.000-r00:031907.050: Loop 62/100
exp011-n4096-k24-d180-bs50-f1.000-r00:032221.360: log(exp-norms): [4096.0, 4097.96, 4098.93]
exp011-n4096-k24-d180-bs50-f1.000-r00:032221.361: log(norms):     [4096.0, 4098.75, 4100.3, 4100.29, 4100.28, 4100.52, 4100.46, 4100.5, 4100.48, 4100.6]
exp011-n4096-k24-d180-bs50-f1.000-r00:032221.380: (315 sec)
exp011-n4096-k24-d180-bs50-f1.000-r00:032221.381: Loop 63/100
exp011-n4096-k24-d180-bs50-f1.000-r00:032630.453: log(exp-norms): [4096.0, 4097.96, 4098.93]
exp011-n4096-k24-d180-bs50-f1.000-r00:032630.454: log(norms):     [4096.0, 4098.75, 4100.3, 4100.29, 4100.28, 4100.52, 4100.46, 4100.5, 4100.48, 4100.6]
exp011-n4096-k24-d180-bs50-f1.000-r00:032630.485: (410 sec)
exp011-n4096-k24-d180-bs50-f1.000-r00:032630.485: Loop 64/100
exp011-n4096-k24-d180-bs50-f1.000-r00:033035.413: log(exp-norms): [4096.0, 4097.96, 4098.93]
exp011-n4096-k24-d180-bs50-f1.000-r00:033035.414: log(norms):     [4096.0, 4098.75, 4100.3, 4100.29, 4100.28, 4100.52, 4100.46, 4100.5, 4100.48, 4100.6]
exp011-n4096-k24-d180-bs50-f1.000-r00:033035.433: (405 sec)
exp011-n4096-k24-d180-bs50-f1.000-r00:033035.433: Loop 65/100
exp011-n4096-k24-d180-bs50-f1.000-r00:033374.775: log(exp-norms): [4096.0, 4097.96, 4098.93]
exp011-n4096-k24-d180-bs50-f1.000-r00:033374.776: log(norms):     [4096.0, 4098.75, 4100.3, 4100.29, 4100.28, 4100.52, 4100.46, 4100.5, 4100.48, 4100.6]
exp011-n4096-k24-d180-bs50-f1.000-r00:033374.795: (340 sec)
exp011-n4096-k24-d180-bs50-f1.000-r00:033374.795: Loop 66/100
exp011-n4096-k24-d180-bs50-f1.000-r00:033683.781: log(exp-norms): [4096.0, 4097.96, 4098.93]
exp011-n4096-k24-d180-bs50-f1.000-r00:033683.782: log(norms):     [4096.0, 4098.75, 4100.3, 4100.35, 4100.29, 4100.28, 4100.52, 4100.46, 4100.5, 4100.48]
exp011-n4096-k24-d180-bs50-f1.000-r00:033683.815: (310 sec)
exp011-n4096-k24-d180-bs50-f1.000-r00:033683.815: Loop 67/100
exp011-n4096-k24-d180-bs50-f1.000-r00:034013.687: log(exp-norms): [4096.0, 4097.96, 4098.93]
exp011-n4096-k24-d180-bs50-f1.000-r00:034013.688: log(norms):     [4096.0, 4098.75, 4100.3, 4100.35, 4100.29, 4100.28, 4100.52, 4100.46, 4100.5, 4100.48]
exp011-n4096-k24-d180-bs50-f1.000-r00:034013.707: (330 sec)
exp011-n4096-k24-d180-bs50-f1.000-r00:034013.708: Loop 68/100
exp011-n4096-k24-d180-bs50-f1.000-r00:034368.869: log(exp-norms): [4096.0, 4097.96, 4098.93]
exp011-n4096-k24-d180-bs50-f1.000-r00:034368.869: log(norms):     [4096.0, 4098.75, 4100.3, 4100.35, 4100.29, 4100.45, 4100.35, 4100.48, 4100.28, 4100.56]
exp011-n4096-k24-d180-bs50-f1.000-r00:034368.889: (356 sec)
exp011-n4096-k24-d180-bs50-f1.000-r00:034368.889: Loop 69/100
exp011-n4096-k24-d180-bs50-f1.000-r00:034678.974: log(exp-norms): [4096.0, 4097.96, 4098.93]
exp011-n4096-k24-d180-bs50-f1.000-r00:034678.974: log(norms):     [4096.0, 4098.75, 4100.3, 4100.35, 4100.29, 4100.45, 4100.35, 4100.48, 4100.28, 4100.56]
exp011-n4096-k24-d180-bs50-f1.000-r00:034678.994: (311 sec)
exp011-n4096-k24-d180-bs50-f1.000-r00:034678.994: Loop 70/100
exp011-n4096-k24-d180-bs50-f1.000-r00:035060.831: log(exp-norms): [4096.0, 4097.96, 4098.93]
exp011-n4096-k24-d180-bs50-f1.000-r00:035060.832: log(norms):     [4096.0, 4098.75, 4100.3, 4100.35, 4100.29, 4100.45, 4100.46, 4100.35, 4100.48, 4100.28]
exp011-n4096-k24-d180-bs50-f1.000-r00:035060.850: (382 sec)
exp011-n4096-k24-d180-bs50-f1.000-r00:035060.851: Loop 71/100
exp011-n4096-k24-d180-bs50-f1.000-r00:035371.453: log(exp-norms): [4096.0, 4097.96, 4098.93]
exp011-n4096-k24-d180-bs50-f1.000-r00:035371.453: log(norms):     [4096.0, 4098.75, 4100.3, 4100.35, 4100.29, 4100.45, 4100.46, 4100.36, 4100.47, 4100.35]
exp011-n4096-k24-d180-bs50-f1.000-r00:035371.472: (311 sec)
exp011-n4096-k24-d180-bs50-f1.000-r00:035371.473: Loop 72/100
exp011-n4096-k24-d180-bs50-f1.000-r00:035693.727: log(exp-norms): [4096.0, 4097.96, 4098.93]
exp011-n4096-k24-d180-bs50-f1.000-r00:035693.727: log(norms):     [4096.0, 4098.75, 4100.3, 4100.35, 4100.29, 4100.45, 4100.46, 4100.36, 4100.47, 4100.35]
exp011-n4096-k24-d180-bs50-f1.000-r00:035693.746: (323 sec)
exp011-n4096-k24-d180-bs50-f1.000-r00:035693.746: Loop 73/100
exp011-n4096-k24-d180-bs50-f1.000-r00:036009.949: log(exp-norms): [4096.0, 4097.96, 4098.93]
exp011-n4096-k24-d180-bs50-f1.000-r00:036009.949: log(norms):     [4096.0, 4098.75, 4100.3, 4100.35, 4100.29, 4100.45, 4100.46, 4100.46, 4100.36, 4100.47]
exp011-n4096-k24-d180-bs50-f1.000-r00:036009.968: (317 sec)
exp011-n4096-k24-d180-bs50-f1.000-r00:036009.968: Loop 74/100
exp011-n4096-k24-d180-bs50-f1.000-r00:036319.312: log(exp-norms): [4096.0, 4097.96, 4098.93]
exp011-n4096-k24-d180-bs50-f1.000-r00:036319.312: log(norms):     [4096.0, 4098.75, 4100.3, 4100.35, 4100.29, 4100.45, 4100.46, 4100.46, 4100.36, 4100.47]
exp011-n4096-k24-d180-bs50-f1.000-r00:036319.331: (310 sec)
exp011-n4096-k24-d180-bs50-f1.000-r00:036319.331: Loop 75/100
exp011-n4096-k24-d180-bs50-f1.000-r00:036610.533: log(exp-norms): [4096.0, 4097.96, 4098.93]
exp011-n4096-k24-d180-bs50-f1.000-r00:036610.534: log(norms):     [4096.0, 4098.75, 4100.3, 4100.35, 4100.29, 4100.45, 4100.46, 4100.46, 4100.36, 4100.47]
exp011-n4096-k24-d180-bs50-f1.000-r00:036610.553: (292 sec)
exp011-n4096-k24-d180-bs50-f1.000-r00:036610.553: Loop 76/100
exp011-n4096-k24-d180-bs50-f1.000-r00:036911.934: log(exp-norms): [4096.0, 4097.96, 4098.93]
exp011-n4096-k24-d180-bs50-f1.000-r00:036911.935: log(norms):     [4096.0, 4098.75, 4100.3, 4100.35, 4100.29, 4100.45, 4100.46, 4100.46, 4100.36, 4100.47]
exp011-n4096-k24-d180-bs50-f1.000-r00:036911.953: (302 sec)
exp011-n4096-k24-d180-bs50-f1.000-r00:036911.953: Loop 77/100
exp011-n4096-k24-d180-bs50-f1.000-r00:037213.289: log(exp-norms): [4096.0, 4097.96, 4098.93]
exp011-n4096-k24-d180-bs50-f1.000-r00:037213.289: log(norms):     [4096.0, 4098.75, 4100.3, 4100.35, 4100.29, 4100.45, 4100.46, 4100.46, 4100.36, 4100.47]
exp011-n4096-k24-d180-bs50-f1.000-r00:037213.308: (302 sec)
exp011-n4096-k24-d180-bs50-f1.000-r00:037213.308: Loop 78/100
exp011-n4096-k24-d180-bs50-f1.000-r00:037535.107: log(exp-norms): [4096.0, 4097.96, 4098.93]
exp011-n4096-k24-d180-bs50-f1.000-r00:037535.107: log(norms):     [4096.0, 4098.75, 4100.3, 4100.35, 4100.29, 4100.45, 4100.46, 4100.46, 4100.36, 4100.47]
exp011-n4096-k24-d180-bs50-f1.000-r00:037535.126: (322 sec)
exp011-n4096-k24-d180-bs50-f1.000-r00:037535.126: Loop 79/100
exp011-n4096-k24-d180-bs50-f1.000-r00:037855.794: log(exp-norms): [4096.0, 4097.96, 4098.93]
exp011-n4096-k24-d180-bs50-f1.000-r00:037855.794: log(norms):     [4096.0, 4098.75, 4100.3, 4100.35, 4100.3, 4100.36, 4100.54, 4100.59, 4100.38, 4100.45]
exp011-n4096-k24-d180-bs50-f1.000-r00:037855.814: (321 sec)
exp011-n4096-k24-d180-bs50-f1.000-r00:037855.815: Loop 80/100
exp011-n4096-k24-d180-bs50-f1.000-r00:038157.919: log(exp-norms): [4096.0, 4097.96, 4098.93]
exp011-n4096-k24-d180-bs50-f1.000-r00:038157.919: log(norms):     [4096.0, 4098.75, 4100.3, 4100.35, 4100.3, 4100.36, 4100.54, 4100.59, 4100.38, 4100.45]
exp011-n4096-k24-d180-bs50-f1.000-r00:038157.938: (303 sec)
exp011-n4096-k24-d180-bs50-f1.000-r00:038157.939: Loop 81/100
exp011-n4096-k24-d180-bs50-f1.000-r00:038479.400: log(exp-norms): [4096.0, 4097.96, 4098.93]
exp011-n4096-k24-d180-bs50-f1.000-r00:038479.400: log(norms):     [4096.0, 4098.75, 4100.3, 4100.35, 4100.3, 4100.36, 4100.54, 4100.59, 4100.38, 4100.45]
exp011-n4096-k24-d180-bs50-f1.000-r00:038479.420: (322 sec)
exp011-n4096-k24-d180-bs50-f1.000-r00:038479.420: Loop 82/100
exp011-n4096-k24-d180-bs50-f1.000-r00:038788.725: log(exp-norms): [4096.0, 4097.96, 4098.93]
exp011-n4096-k24-d180-bs50-f1.000-r00:038788.725: log(norms):     [4096.0, 4098.75, 4100.3, 4100.35, 4100.3, 4100.36, 4100.54, 4100.59, 4100.38, 4100.45]
exp011-n4096-k24-d180-bs50-f1.000-r00:038788.744: (310 sec)
exp011-n4096-k24-d180-bs50-f1.000-r00:038788.744: Loop 83/100
exp011-n4096-k24-d180-bs50-f1.000-r00:039095.939: log(exp-norms): [4096.0, 4097.96, 4098.93]
exp011-n4096-k24-d180-bs50-f1.000-r00:039095.940: log(norms):     [4096.0, 4098.75, 4100.3, 4100.35, 4100.3, 4100.36, 4100.54, 4100.59, 4100.38, 4100.41]
exp011-n4096-k24-d180-bs50-f1.000-r00:039095.958: (308 sec)
exp011-n4096-k24-d180-bs50-f1.000-r00:039095.959: Loop 84/100
exp011-n4096-k24-d180-bs50-f1.000-r00:039397.156: log(exp-norms): [4096.0, 4097.96, 4098.93]
exp011-n4096-k24-d180-bs50-f1.000-r00:039397.156: log(norms):     [4096.0, 4098.75, 4100.3, 4100.35, 4100.3, 4100.36, 4100.4, 4100.54, 4100.59, 4100.38]
exp011-n4096-k24-d180-bs50-f1.000-r00:039397.175: (302 sec)
exp011-n4096-k24-d180-bs50-f1.000-r00:039397.175: Loop 85/100
exp011-n4096-k24-d180-bs50-f1.000-r00:039690.556: log(exp-norms): [4096.0, 4097.96, 4098.93]
exp011-n4096-k24-d180-bs50-f1.000-r00:039690.557: log(norms):     [4096.0, 4098.75, 4100.3, 4100.35, 4100.3, 4100.36, 4100.4, 4100.54, 4100.59, 4100.38]
exp011-n4096-k24-d180-bs50-f1.000-r00:039690.575: (294 sec)
exp011-n4096-k24-d180-bs50-f1.000-r00:039690.575: Loop 86/100
exp011-n4096-k24-d180-bs50-f1.000-r00:039988.313: log(exp-norms): [4096.0, 4097.96, 4098.93]
exp011-n4096-k24-d180-bs50-f1.000-r00:039988.313: log(norms):     [4096.0, 4098.75, 4100.3, 4100.35, 4100.3, 4100.36, 4100.4, 4100.54, 4100.59, 4100.38]
exp011-n4096-k24-d180-bs50-f1.000-r00:039988.331: (298 sec)
exp011-n4096-k24-d180-bs50-f1.000-r00:039988.332: Loop 87/100
exp011-n4096-k24-d180-bs50-f1.000-r00:040288.739: log(exp-norms): [4096.0, 4097.96, 4098.93]
exp011-n4096-k24-d180-bs50-f1.000-r00:040288.739: log(norms):     [4096.0, 4098.75, 4100.3, 4100.35, 4100.3, 4100.36, 4100.4, 4100.54, 4100.59, 4100.38]
exp011-n4096-k24-d180-bs50-f1.000-r00:040288.758: (301 sec)
exp011-n4096-k24-d180-bs50-f1.000-r00:040288.758: Loop 88/100
exp011-n4096-k24-d180-bs50-f1.000-r00:040584.844: log(exp-norms): [4096.0, 4097.96, 4098.93]
exp011-n4096-k24-d180-bs50-f1.000-r00:040584.844: log(norms):     [4096.0, 4098.75, 4100.3, 4100.35, 4100.3, 4100.36, 4100.4, 4100.54, 4100.58, 4100.41]
exp011-n4096-k24-d180-bs50-f1.000-r00:040584.863: (297 sec)
exp011-n4096-k24-d180-bs50-f1.000-r00:040584.863: Loop 89/100
exp011-n4096-k24-d180-bs50-f1.000-r00:040873.107: log(exp-norms): [4096.0, 4097.96, 4098.93]
exp011-n4096-k24-d180-bs50-f1.000-r00:040873.107: log(norms):     [4096.0, 4098.75, 4100.3, 4100.35, 4100.3, 4100.36, 4100.4, 4100.54, 4100.58, 4100.41]
exp011-n4096-k24-d180-bs50-f1.000-r00:040873.125: (289 sec)
exp011-n4096-k24-d180-bs50-f1.000-r00:040873.126: Loop 90/100
exp011-n4096-k24-d180-bs50-f1.000-r00:041172.292: log(exp-norms): [4096.0, 4097.96, 4098.93]
exp011-n4096-k24-d180-bs50-f1.000-r00:041172.293: log(norms):     [4096.0, 4098.75, 4100.3, 4100.35, 4100.3, 4100.36, 4100.4, 4100.54, 4100.58, 4100.41]
exp011-n4096-k24-d180-bs50-f1.000-r00:041172.311: (300 sec)
exp011-n4096-k24-d180-bs50-f1.000-r00:041172.311: Loop 91/100
exp011-n4096-k24-d180-bs50-f1.000-r00:041493.954: log(exp-norms): [4096.0, 4097.96, 4098.93]
exp011-n4096-k24-d180-bs50-f1.000-r00:041493.955: log(norms):     [4096.0, 4098.75, 4100.3, 4100.35, 4100.3, 4100.36, 4100.4, 4100.54, 4100.58, 4100.41]
exp011-n4096-k24-d180-bs50-f1.000-r00:041493.973: (322 sec)
exp011-n4096-k24-d180-bs50-f1.000-r00:041493.973: Loop 92/100
exp011-n4096-k24-d180-bs50-f1.000-r00:041804.287: log(exp-norms): [4096.0, 4097.96, 4098.93]
exp011-n4096-k24-d180-bs50-f1.000-r00:041804.287: log(norms):     [4096.0, 4098.75, 4100.3, 4100.35, 4100.3, 4100.36, 4100.4, 4100.54, 4100.58, 4100.41]
exp011-n4096-k24-d180-bs50-f1.000-r00:041804.305: (311 sec)
exp011-n4096-k24-d180-bs50-f1.000-r00:041804.306: Loop 93/100
exp011-n4096-k24-d180-bs50-f1.000-r00:042104.188: log(exp-norms): [4096.0, 4097.96, 4098.93]
exp011-n4096-k24-d180-bs50-f1.000-r00:042104.188: log(norms):     [4096.0, 4098.75, 4100.3, 4100.35, 4100.3, 4100.36, 4100.4, 4100.54, 4100.58, 4100.41]
exp011-n4096-k24-d180-bs50-f1.000-r00:042104.206: (300 sec)
exp011-n4096-k24-d180-bs50-f1.000-r00:042104.206: Loop 94/100
exp011-n4096-k24-d180-bs50-f1.000-r00:042414.188: log(exp-norms): [4096.0, 4097.96, 4098.93]
exp011-n4096-k24-d180-bs50-f1.000-r00:042414.188: log(norms):     [4096.0, 4098.75, 4100.3, 4100.35, 4100.3, 4100.36, 4100.4, 4100.54, 4100.58, 4100.41]
exp011-n4096-k24-d180-bs50-f1.000-r00:042414.206: (310 sec)
exp011-n4096-k24-d180-bs50-f1.000-r00:042414.207: Loop 95/100
exp011-n4096-k24-d180-bs50-f1.000-r00:042696.819: log(exp-norms): [4096.0, 4097.96, 4098.93]
exp011-n4096-k24-d180-bs50-f1.000-r00:042696.819: log(norms):     [4096.0, 4098.75, 4100.3, 4100.35, 4100.3, 4100.36, 4100.4, 4100.54, 4100.58, 4100.41]
exp011-n4096-k24-d180-bs50-f1.000-r00:042696.839: (283 sec)
exp011-n4096-k24-d180-bs50-f1.000-r00:042696.839: Loop 96/100
exp011-n4096-k24-d180-bs50-f1.000-r00:042987.250: log(exp-norms): [4096.0, 4097.96, 4098.93]
exp011-n4096-k24-d180-bs50-f1.000-r00:042987.250: log(norms):     [4096.0, 4098.75, 4100.3, 4100.35, 4100.3, 4100.36, 4100.4, 4100.54, 4100.58, 4100.41]
exp011-n4096-k24-d180-bs50-f1.000-r00:042987.269: (291 sec)
exp011-n4096-k24-d180-bs50-f1.000-r00:042987.269: Loop 97/100
exp011-n4096-k24-d180-bs50-f1.000-r00:043279.706: log(exp-norms): [4096.0, 4097.96, 4098.93]
exp011-n4096-k24-d180-bs50-f1.000-r00:043279.706: log(norms):     [4096.0, 4098.75, 4100.3, 4100.35, 4100.3, 4100.36, 4100.4, 4100.54, 4100.58, 4100.41]
exp011-n4096-k24-d180-bs50-f1.000-r00:043279.725: (293 sec)
exp011-n4096-k24-d180-bs50-f1.000-r00:043279.725: Loop 98/100
exp011-n4096-k24-d180-bs50-f1.000-r00:043590.676: log(exp-norms): [4096.0, 4097.96, 4098.93]
exp011-n4096-k24-d180-bs50-f1.000-r00:043590.676: log(norms):     [4096.0, 4098.75, 4100.3, 4100.35, 4100.3, 4100.36, 4100.4, 4100.37, 4100.54, 4100.61]
exp011-n4096-k24-d180-bs50-f1.000-r00:043590.695: (311 sec)
exp011-n4096-k24-d180-bs50-f1.000-r00:043590.695: Loop 99/100
exp011-n4096-k24-d180-bs50-f1.000-r00:043892.289: log(exp-norms): [4096.0, 4097.96, 4098.93]
exp011-n4096-k24-d180-bs50-f1.000-r00:043892.289: log(norms):     [4096.0, 4098.75, 4100.3, 4100.35, 4100.3, 4100.36, 4100.4, 4100.37, 4100.34, 4100.54]
exp011-n4096-k24-d180-bs50-f1.000-r00:043892.308: (302 sec)
exp011-n4096-k24-d180-bs50-f1.000-r00:043892.308: Loop 100/100
exp011-n4096-k24-d180-bs50-f1.000-r00:044179.743: log(exp-norms): [4096.0, 4097.96, 4098.93]
exp011-n4096-k24-d180-bs50-f1.000-r00:044179.744: log(norms):     [4096.0, 4098.75, 4100.3, 4100.35, 4100.3, 4100.36, 4100.4, 4100.37, 4100.34, 4100.54]
exp011-n4096-k24-d180-bs50-f1.000-r00:044179.762: (288 sec)
exp011-n4096-k24-d180-bs50-f1.000-r00:044179.762: ==========================Summary===========================
exp011-n4096-k24-d180-bs50-f1.000-r00:044179.763: Total time: 44180sec
exp011-n4096-k24-d180-bs50-f1.000-r00:044179.763: FAIL
exp011-n4096-k24-d180-bs50-f1.000-r00:044179.763: SUMMARY:n:4096:k:24:d:180:bs:50:t:44180:r:False
