exp033-n4096-k20-d250-bs40-f1.000-r00:000000.626: ==========================Instance==========================
exp033-n4096-k20-d250-bs40-f1.000-r00:000000.627: # of equations: 250
exp033-n4096-k20-d250-bs40-f1.000-r00:000000.635: Gap: 10.03
exp033-n4096-k20-d250-bs40-f1.000-r00:000000.654: Tau: 26.17
exp033-n4096-k20-d250-bs40-f1.000-r00:000000.655: ======================BKZ-40 reduction======================
exp033-n4096-k20-d250-bs40-f1.000-r00:000009.493: Expectedly achievable log(norm): 4104.11
exp033-n4096-k20-d250-bs40-f1.000-r00:000018.702: log(exp-norms): [4096.0, 4098.2, 4101.52]
exp033-n4096-k20-d250-bs40-f1.000-r00:000018.703: log(norms):     [4119.22, 4098.99, 4116.0, 4116.0, 4116.0, 4116.0, 4116.0, 4116.0, 4116.0, 4116.0]
exp033-n4096-k20-d250-bs40-f1.000-r00:000018.813: Loop 1/100
exp033-n4096-k20-d250-bs40-f1.000-r00:023703.402: log(exp-norms): [4096.0, 4098.2, 4101.52]
exp033-n4096-k20-d250-bs40-f1.000-r00:023703.402: log(norms):     [4098.99, 4106.91, 4106.99, 4107.11, 4107.19, 4107.14, 4107.16, 4107.28, 4107.0, 4106.9]
exp033-n4096-k20-d250-bs40-f1.000-r00:023703.429: (23685 sec)
exp033-n4096-k20-d250-bs40-f1.000-r00:023703.430: Loop 2/100
exp033-n4096-k20-d250-bs40-f1.000-r00:024017.709: log(exp-norms): [4096.0, 4098.2, 4101.52]
exp033-n4096-k20-d250-bs40-f1.000-r00:024017.710: log(norms):     [4098.99, 4106.6, 4106.67, 4106.71, 4106.78, 4106.84, 4106.89, 4106.93, 4106.75, 4106.68]
exp033-n4096-k20-d250-bs40-f1.000-r00:024017.737: (315 sec)
exp033-n4096-k20-d250-bs40-f1.000-r00:024017.737: Loop 3/100
exp033-n4096-k20-d250-bs40-f1.000-r00:024253.491: log(exp-norms): [4096.0, 4098.2, 4101.52]
exp033-n4096-k20-d250-bs40-f1.000-r00:024253.491: log(norms):     [4098.99, 4106.39, 4106.42, 4106.46, 4106.5, 4106.43, 4106.53, 4106.39, 4106.56, 4106.47]
exp033-n4096-k20-d250-bs40-f1.000-r00:024253.534: (236 sec)
exp033-n4096-k20-d250-bs40-f1.000-r00:024253.534: Loop 4/100
exp033-n4096-k20-d250-bs40-f1.000-r00:024535.423: log(exp-norms): [4096.0, 4098.2, 4101.52]
exp033-n4096-k20-d250-bs40-f1.000-r00:024535.424: log(norms):     [4098.99, 4106.0, 4106.11, 4106.21, 4106.12, 4106.15, 4106.23, 4106.08, 4106.11, 4106.11]
exp033-n4096-k20-d250-bs40-f1.000-r00:024535.451: (282 sec)
exp033-n4096-k20-d250-bs40-f1.000-r00:024535.451: Loop 5/100
exp033-n4096-k20-d250-bs40-f1.000-r00:024850.052: log(exp-norms): [4096.0, 4098.2, 4101.52]
exp033-n4096-k20-d250-bs40-f1.000-r00:024850.052: log(norms):     [4096.0, 4098.99, 4106.0, 4106.05, 4106.07, 4106.11, 4106.05, 4105.98, 4106.13, 4106.2]
exp033-n4096-k20-d250-bs40-f1.000-r00:024850.096: (315 sec)
exp033-n4096-k20-d250-bs40-f1.000-r00:024850.096: Loop 6/100
exp033-n4096-k20-d250-bs40-f1.000-r00:025132.246: log(exp-norms): [4096.0, 4098.2, 4101.52]
exp033-n4096-k20-d250-bs40-f1.000-r00:025132.246: log(norms):     [4096.0, 4098.99, 4105.8, 4105.81, 4105.83, 4105.81, 4105.87, 4105.78, 4105.83, 4105.87]
exp033-n4096-k20-d250-bs40-f1.000-r00:025132.274: (283 sec)
exp033-n4096-k20-d250-bs40-f1.000-r00:025132.274: Loop 7/100
exp033-n4096-k20-d250-bs40-f1.000-r00:025374.438: log(exp-norms): [4096.0, 4098.2, 4101.52]
exp033-n4096-k20-d250-bs40-f1.000-r00:025374.438: log(norms):     [4096.0, 4098.99, 4105.52, 4105.65, 4105.77, 4105.71, 4105.66, 4105.7, 4105.72, 4105.98]
exp033-n4096-k20-d250-bs40-f1.000-r00:025374.483: (243 sec)
exp033-n4096-k20-d250-bs40-f1.000-r00:025374.483: Loop 8/100
exp033-n4096-k20-d250-bs40-f1.000-r00:025588.372: log(exp-norms): [4096.0, 4098.2, 4101.52]
exp033-n4096-k20-d250-bs40-f1.000-r00:025588.372: log(norms):     [4096.0, 4098.99, 4105.4, 4105.55, 4105.6, 4105.36, 4105.37, 4105.46, 4105.51, 4105.56]
exp033-n4096-k20-d250-bs40-f1.000-r00:025588.400: (214 sec)
exp033-n4096-k20-d250-bs40-f1.000-r00:025588.400: Loop 9/100
exp033-n4096-k20-d250-bs40-f1.000-r00:025768.682: log(exp-norms): [4096.0, 4098.2, 4101.52]
exp033-n4096-k20-d250-bs40-f1.000-r00:025768.683: log(norms):     [4096.0, 4098.99, 4105.28, 4105.36, 4105.36, 4105.41, 4105.56, 4105.59, 4105.36, 4105.38]
exp033-n4096-k20-d250-bs40-f1.000-r00:025768.710: (181 sec)
exp033-n4096-k20-d250-bs40-f1.000-r00:025768.711: Loop 10/100
exp033-n4096-k20-d250-bs40-f1.000-r00:025928.451: log(exp-norms): [4096.0, 4098.2, 4101.52]
exp033-n4096-k20-d250-bs40-f1.000-r00:025928.451: log(norms):     [4096.0, 4098.99, 4105.15, 4105.25, 4105.15, 4105.28, 4105.26, 4105.35, 4105.28, 4105.38]
exp033-n4096-k20-d250-bs40-f1.000-r00:025928.478: (160 sec)
exp033-n4096-k20-d250-bs40-f1.000-r00:025928.479: Loop 11/100
exp033-n4096-k20-d250-bs40-f1.000-r00:026091.384: log(exp-norms): [4096.0, 4098.2, 4101.52]
exp033-n4096-k20-d250-bs40-f1.000-r00:026091.384: log(norms):     [4096.0, 4098.99, 4105.12, 4105.18, 4105.15, 4105.26, 4105.15, 4105.08, 4105.33, 4105.25]
exp033-n4096-k20-d250-bs40-f1.000-r00:026091.411: (163 sec)
exp033-n4096-k20-d250-bs40-f1.000-r00:026091.411: Loop 12/100
exp033-n4096-k20-d250-bs40-f1.000-r00:026245.280: log(exp-norms): [4096.0, 4098.2, 4101.52]
exp033-n4096-k20-d250-bs40-f1.000-r00:026245.280: log(norms):     [4096.0, 4098.99, 4104.91, 4105.0, 4105.11, 4105.11, 4105.11, 4104.99, 4105.14, 4105.33]
exp033-n4096-k20-d250-bs40-f1.000-r00:026245.306: (154 sec)
exp033-n4096-k20-d250-bs40-f1.000-r00:026245.307: Loop 13/100
exp033-n4096-k20-d250-bs40-f1.000-r00:026398.843: log(exp-norms): [4096.0, 4098.2, 4101.52]
exp033-n4096-k20-d250-bs40-f1.000-r00:026398.843: log(norms):     [4096.0, 4098.99, 4104.91, 4105.01, 4105.1, 4105.02, 4105.03, 4105.17, 4105.05, 4105.0]
exp033-n4096-k20-d250-bs40-f1.000-r00:026398.869: (154 sec)
exp033-n4096-k20-d250-bs40-f1.000-r00:026398.869: Loop 14/100
exp033-n4096-k20-d250-bs40-f1.000-r00:026574.951: log(exp-norms): [4096.0, 4098.2, 4101.52]
exp033-n4096-k20-d250-bs40-f1.000-r00:026574.952: log(norms):     [4096.0, 4098.99, 4104.75, 4104.85, 4104.87, 4104.91, 4104.95, 4104.97, 4104.91, 4104.88]
exp033-n4096-k20-d250-bs40-f1.000-r00:026574.994: (177 sec)
exp033-n4096-k20-d250-bs40-f1.000-r00:026574.994: Loop 15/100
exp033-n4096-k20-d250-bs40-f1.000-r00:026742.111: log(exp-norms): [4096.0, 4098.2, 4101.52]
exp033-n4096-k20-d250-bs40-f1.000-r00:026742.112: log(norms):     [4096.0, 4098.99, 4104.75, 4104.8, 4104.87, 4104.99, 4104.95, 4104.91, 4104.88, 4105.12]
exp033-n4096-k20-d250-bs40-f1.000-r00:026742.139: (168 sec)
exp033-n4096-k20-d250-bs40-f1.000-r00:026742.139: Loop 16/100
exp033-n4096-k20-d250-bs40-f1.000-r00:026941.893: log(exp-norms): [4096.0, 4098.2, 4101.52]
exp033-n4096-k20-d250-bs40-f1.000-r00:026941.893: log(norms):     [4096.0, 4098.99, 4104.71, 4104.75, 4104.89, 4104.83, 4104.8, 4104.75, 4105.03, 4105.01]
exp033-n4096-k20-d250-bs40-f1.000-r00:026941.938: (200 sec)
exp033-n4096-k20-d250-bs40-f1.000-r00:026941.938: Loop 17/100
exp033-n4096-k20-d250-bs40-f1.000-r00:027093.437: log(exp-norms): [4096.0, 4098.2, 4101.52]
exp033-n4096-k20-d250-bs40-f1.000-r00:027093.438: log(norms):     [4096.0, 4098.99, 4104.71, 4104.75, 4104.89, 4104.85, 4104.8, 4104.8, 4104.67, 4104.9]
exp033-n4096-k20-d250-bs40-f1.000-r00:027093.464: (152 sec)
exp033-n4096-k20-d250-bs40-f1.000-r00:027093.464: Loop 18/100
exp033-n4096-k20-d250-bs40-f1.000-r00:027229.009: log(exp-norms): [4096.0, 4098.2, 4101.52]
exp033-n4096-k20-d250-bs40-f1.000-r00:027229.009: log(norms):     [4096.0, 4098.99, 4104.67, 4104.67, 4104.74, 4104.71, 4104.86, 4104.9, 4104.91, 4104.74]
exp033-n4096-k20-d250-bs40-f1.000-r00:027229.035: (136 sec)
exp033-n4096-k20-d250-bs40-f1.000-r00:027229.035: Loop 19/100
exp033-n4096-k20-d250-bs40-f1.000-r00:027398.777: log(exp-norms): [4096.0, 4098.2, 4101.52]
exp033-n4096-k20-d250-bs40-f1.000-r00:027398.778: log(norms):     [4096.0, 4098.99, 4104.64, 4104.75, 4104.74, 4104.76, 4104.88, 4104.77, 4104.82, 4104.72]
exp033-n4096-k20-d250-bs40-f1.000-r00:027398.804: (170 sec)
exp033-n4096-k20-d250-bs40-f1.000-r00:027398.805: Loop 20/100
exp033-n4096-k20-d250-bs40-f1.000-r00:027592.228: log(exp-norms): [4096.0, 4098.2, 4101.52]
exp033-n4096-k20-d250-bs40-f1.000-r00:027592.228: log(norms):     [4096.0, 4098.99, 4104.59, 4104.71, 4104.62, 4104.75, 4104.71, 4104.79, 4104.7, 4104.76]
exp033-n4096-k20-d250-bs40-f1.000-r00:027592.273: (194 sec)
exp033-n4096-k20-d250-bs40-f1.000-r00:027592.274: Loop 21/100
exp033-n4096-k20-d250-bs40-f1.000-r00:027770.215: log(exp-norms): [4096.0, 4098.2, 4101.52]
exp033-n4096-k20-d250-bs40-f1.000-r00:027770.215: log(norms):     [4096.0, 4098.99, 4104.54, 4104.62, 4104.67, 4104.88, 4104.59, 4104.79, 4104.91, 4104.89]
exp033-n4096-k20-d250-bs40-f1.000-r00:027770.242: (178 sec)
exp033-n4096-k20-d250-bs40-f1.000-r00:027770.243: Loop 22/100
exp033-n4096-k20-d250-bs40-f1.000-r00:027905.588: log(exp-norms): [4096.0, 4098.2, 4101.52]
exp033-n4096-k20-d250-bs40-f1.000-r00:027905.588: log(norms):     [4096.0, 4098.99, 4104.54, 4104.54, 4104.65, 4104.62, 4104.67, 4104.64, 4104.75, 4104.68]
exp033-n4096-k20-d250-bs40-f1.000-r00:027905.616: (136 sec)
exp033-n4096-k20-d250-bs40-f1.000-r00:027905.616: Loop 23/100
exp033-n4096-k20-d250-bs40-f1.000-r00:028037.760: log(exp-norms): [4096.0, 4098.2, 4101.52]
exp033-n4096-k20-d250-bs40-f1.000-r00:028037.760: log(norms):     [4096.0, 4098.99, 4104.5, 4104.63, 4104.54, 4104.46, 4104.61, 4104.6, 4104.79, 4104.81]
exp033-n4096-k20-d250-bs40-f1.000-r00:028037.786: (133 sec)
exp033-n4096-k20-d250-bs40-f1.000-r00:028037.787: Loop 24/100
exp033-n4096-k20-d250-bs40-f1.000-r00:028173.606: log(exp-norms): [4096.0, 4098.2, 4101.52]
exp033-n4096-k20-d250-bs40-f1.000-r00:028173.606: log(norms):     [4096.0, 4098.99, 4104.46, 4104.58, 4104.61, 4104.56, 4104.67, 4104.5, 4104.6, 4104.58]
exp033-n4096-k20-d250-bs40-f1.000-r00:028173.632: (136 sec)
exp033-n4096-k20-d250-bs40-f1.000-r00:028173.633: Loop 25/100
exp033-n4096-k20-d250-bs40-f1.000-r00:028340.697: log(exp-norms): [4096.0, 4098.2, 4101.52]
exp033-n4096-k20-d250-bs40-f1.000-r00:028340.698: log(norms):     [4096.0, 4098.99, 4104.46, 4104.58, 4104.61, 4104.55, 4104.56, 4104.63, 4104.67, 4104.73]
exp033-n4096-k20-d250-bs40-f1.000-r00:028340.740: (168 sec)
exp033-n4096-k20-d250-bs40-f1.000-r00:028340.740: Loop 26/100
exp033-n4096-k20-d250-bs40-f1.000-r00:028525.909: log(exp-norms): [4096.0, 4098.2, 4101.52]
exp033-n4096-k20-d250-bs40-f1.000-r00:028525.909: log(norms):     [4096.0, 4098.99, 4104.43, 4104.46, 4104.61, 4104.62, 4104.65, 4104.54, 4104.67, 4104.63]
exp033-n4096-k20-d250-bs40-f1.000-r00:028525.936: (186 sec)
exp033-n4096-k20-d250-bs40-f1.000-r00:028525.936: Loop 27/100
exp033-n4096-k20-d250-bs40-f1.000-r00:028653.168: log(exp-norms): [4096.0, 4098.2, 4101.52]
exp033-n4096-k20-d250-bs40-f1.000-r00:028653.168: log(norms):     [4096.0, 4098.99, 4104.43, 4104.5, 4104.57, 4104.46, 4104.67, 4104.61, 4104.62, 4104.34]
exp033-n4096-k20-d250-bs40-f1.000-r00:028653.194: (128 sec)
exp033-n4096-k20-d250-bs40-f1.000-r00:028653.194: Loop 28/100
exp033-n4096-k20-d250-bs40-f1.000-r00:028784.187: log(exp-norms): [4096.0, 4098.2, 4101.52]
exp033-n4096-k20-d250-bs40-f1.000-r00:028784.187: log(norms):     [4096.0, 4098.99, 4104.34, 4104.49, 4104.43, 4104.55, 4104.61, 4104.56, 4104.46, 4104.61]
exp033-n4096-k20-d250-bs40-f1.000-r00:028784.214: (132 sec)
exp033-n4096-k20-d250-bs40-f1.000-r00:028784.214: Loop 29/100
exp033-n4096-k20-d250-bs40-f1.000-r00:028923.774: log(exp-norms): [4096.0, 4098.2, 4101.52]
exp033-n4096-k20-d250-bs40-f1.000-r00:028923.774: log(norms):     [4096.0, 4098.99, 4104.34, 4104.49, 4104.44, 4104.57, 4104.47, 4104.5, 4104.62, 4104.6]
exp033-n4096-k20-d250-bs40-f1.000-r00:028923.818: (140 sec)
exp033-n4096-k20-d250-bs40-f1.000-r00:028923.818: Loop 30/100
exp033-n4096-k20-d250-bs40-f1.000-r00:029122.463: log(exp-norms): [4096.0, 4098.2, 4101.52]
exp033-n4096-k20-d250-bs40-f1.000-r00:029122.464: log(norms):     [4096.0, 4098.99, 4104.34, 4104.34, 4104.5, 4104.49, 4104.57, 4104.44, 4104.46, 4104.5]
exp033-n4096-k20-d250-bs40-f1.000-r00:029122.508: (199 sec)
exp033-n4096-k20-d250-bs40-f1.000-r00:029122.509: Loop 31/100
exp033-n4096-k20-d250-bs40-f1.000-r00:029254.416: log(exp-norms): [4096.0, 4098.2, 4101.52]
exp033-n4096-k20-d250-bs40-f1.000-r00:029254.416: log(norms):     [4096.0, 4098.99, 4104.34, 4104.34, 4104.56, 4104.49, 4104.57, 4104.56, 4104.5, 4104.47]
exp033-n4096-k20-d250-bs40-f1.000-r00:029254.442: (132 sec)
exp033-n4096-k20-d250-bs40-f1.000-r00:029254.442: Loop 32/100
exp033-n4096-k20-d250-bs40-f1.000-r00:029386.300: log(exp-norms): [4096.0, 4098.2, 4101.52]
exp033-n4096-k20-d250-bs40-f1.000-r00:029386.301: log(norms):     [4096.0, 4098.99, 4104.34, 4104.34, 4104.56, 4104.49, 4104.49, 4104.47, 4104.61, 4104.58]
exp033-n4096-k20-d250-bs40-f1.000-r00:029386.345: (132 sec)
exp033-n4096-k20-d250-bs40-f1.000-r00:029386.346: Loop 33/100
exp033-n4096-k20-d250-bs40-f1.000-r00:029541.168: log(exp-norms): [4096.0, 4098.2, 4101.52]
exp033-n4096-k20-d250-bs40-f1.000-r00:029541.168: log(norms):     [4096.0, 4098.99, 4104.34, 4104.34, 4104.45, 4104.56, 4104.43, 4104.49, 4104.49, 4104.58]
exp033-n4096-k20-d250-bs40-f1.000-r00:029541.196: (155 sec)
exp033-n4096-k20-d250-bs40-f1.000-r00:029541.196: Loop 34/100
exp033-n4096-k20-d250-bs40-f1.000-r00:029670.817: log(exp-norms): [4096.0, 4098.2, 4101.52]
exp033-n4096-k20-d250-bs40-f1.000-r00:029670.817: log(norms):     [4096.0, 4098.99, 4104.34, 4104.34, 4104.45, 4104.56, 4104.43, 4104.4, 4104.58, 4104.54]
exp033-n4096-k20-d250-bs40-f1.000-r00:029670.844: (130 sec)
exp033-n4096-k20-d250-bs40-f1.000-r00:029670.844: Loop 35/100
exp033-n4096-k20-d250-bs40-f1.000-r00:029819.162: log(exp-norms): [4096.0, 4098.2, 4101.52]
exp033-n4096-k20-d250-bs40-f1.000-r00:029819.162: log(norms):     [4096.0, 4098.99, 4104.27, 4104.34, 4104.34, 4104.47, 4104.43, 4104.4, 4104.56, 4104.45]
exp033-n4096-k20-d250-bs40-f1.000-r00:029819.212: (149 sec)
exp033-n4096-k20-d250-bs40-f1.000-r00:029819.212: Loop 36/100
exp033-n4096-k20-d250-bs40-f1.000-r00:029968.560: log(exp-norms): [4096.0, 4098.2, 4101.52]
exp033-n4096-k20-d250-bs40-f1.000-r00:029968.560: log(norms):     [4096.0, 4098.99, 4104.27, 4104.33, 4104.47, 4104.4, 4104.34, 4104.52, 4104.57, 4104.42]
exp033-n4096-k20-d250-bs40-f1.000-r00:029968.587: (150 sec)
exp033-n4096-k20-d250-bs40-f1.000-r00:029968.587: Loop 37/100
exp033-n4096-k20-d250-bs40-f1.000-r00:030121.084: log(exp-norms): [4096.0, 4098.2, 4101.52]
exp033-n4096-k20-d250-bs40-f1.000-r00:030121.085: log(norms):     [4096.0, 4098.99, 4104.27, 4104.33, 4104.47, 4104.4, 4104.39, 4104.34, 4104.52, 4104.44]
exp033-n4096-k20-d250-bs40-f1.000-r00:030121.111: (153 sec)
exp033-n4096-k20-d250-bs40-f1.000-r00:030121.111: Loop 38/100
exp033-n4096-k20-d250-bs40-f1.000-r00:030248.868: log(exp-norms): [4096.0, 4098.2, 4101.52]
exp033-n4096-k20-d250-bs40-f1.000-r00:030248.868: log(norms):     [4096.0, 4098.99, 4104.27, 4104.33, 4104.47, 4104.4, 4104.39, 4104.34, 4104.55, 4104.52]
exp033-n4096-k20-d250-bs40-f1.000-r00:030248.896: (128 sec)
exp033-n4096-k20-d250-bs40-f1.000-r00:030248.896: Loop 39/100
exp033-n4096-k20-d250-bs40-f1.000-r00:030391.427: log(exp-norms): [4096.0, 4098.2, 4101.52]
exp033-n4096-k20-d250-bs40-f1.000-r00:030391.427: log(norms):     [4096.0, 4098.99, 4104.27, 4104.33, 4104.47, 4104.4, 4104.39, 4104.34, 4104.5, 4104.4]
exp033-n4096-k20-d250-bs40-f1.000-r00:030391.453: (143 sec)
exp033-n4096-k20-d250-bs40-f1.000-r00:030391.454: Loop 40/100
exp033-n4096-k20-d250-bs40-f1.000-r00:030525.676: log(exp-norms): [4096.0, 4098.2, 4101.52]
exp033-n4096-k20-d250-bs40-f1.000-r00:030525.676: log(norms):     [4096.0, 4098.99, 4104.24, 4104.27, 4104.33, 4104.33, 4104.42, 4104.47, 4104.4, 4104.39]
exp033-n4096-k20-d250-bs40-f1.000-r00:030525.703: (135 sec)
exp033-n4096-k20-d250-bs40-f1.000-r00:030525.703: Loop 41/100
exp033-n4096-k20-d250-bs40-f1.000-r00:030648.747: log(exp-norms): [4096.0, 4098.2, 4101.52]
exp033-n4096-k20-d250-bs40-f1.000-r00:030648.747: log(norms):     [4096.0, 4098.99, 4104.24, 4104.36, 4104.33, 4104.33, 4104.27, 4104.46, 4104.4, 4104.42]
exp033-n4096-k20-d250-bs40-f1.000-r00:030648.775: (124 sec)
exp033-n4096-k20-d250-bs40-f1.000-r00:030648.775: Loop 42/100
exp033-n4096-k20-d250-bs40-f1.000-r00:030774.594: log(exp-norms): [4096.0, 4098.2, 4101.52]
exp033-n4096-k20-d250-bs40-f1.000-r00:030774.594: log(norms):     [4096.0, 4098.99, 4104.24, 4104.36, 4104.33, 4104.33, 4104.27, 4104.46, 4104.4, 4104.42]
exp033-n4096-k20-d250-bs40-f1.000-r00:030774.621: (126 sec)
exp033-n4096-k20-d250-bs40-f1.000-r00:030774.621: Loop 43/100
exp033-n4096-k20-d250-bs40-f1.000-r00:030961.155: log(exp-norms): [4096.0, 4098.2, 4101.52]
exp033-n4096-k20-d250-bs40-f1.000-r00:030961.156: log(norms):     [4096.0, 4098.99, 4104.24, 4104.28, 4104.24, 4104.36, 4104.33, 4104.27, 4104.46, 4104.33]
exp033-n4096-k20-d250-bs40-f1.000-r00:030961.201: (187 sec)
exp033-n4096-k20-d250-bs40-f1.000-r00:030961.201: Loop 44/100
exp033-n4096-k20-d250-bs40-f1.000-r00:031163.674: log(exp-norms): [4096.0, 4098.2, 4101.52]
exp033-n4096-k20-d250-bs40-f1.000-r00:031163.675: log(norms):     [4096.0, 4098.99, 4104.24, 4104.28, 4104.24, 4104.37, 4104.36, 4104.36, 4104.33, 4104.33]
exp033-n4096-k20-d250-bs40-f1.000-r00:031163.718: (203 sec)
exp033-n4096-k20-d250-bs40-f1.000-r00:031163.718: Loop 45/100
exp033-n4096-k20-d250-bs40-f1.000-r00:031378.323: log(exp-norms): [4096.0, 4098.2, 4101.52]
exp033-n4096-k20-d250-bs40-f1.000-r00:031378.324: log(norms):     [4096.0, 4098.99, 4104.24, 4104.28, 4104.24, 4104.37, 4104.36, 4104.36, 4104.33, 4104.33]
exp033-n4096-k20-d250-bs40-f1.000-r00:031378.367: (215 sec)
exp033-n4096-k20-d250-bs40-f1.000-r00:031378.368: Loop 46/100
exp033-n4096-k20-d250-bs40-f1.000-r00:031519.679: log(exp-norms): [4096.0, 4098.2, 4101.52]
exp033-n4096-k20-d250-bs40-f1.000-r00:031519.679: log(norms):     [4096.0, 4098.99, 4104.24, 4104.28, 4104.24, 4104.37, 4104.36, 4104.36, 4104.33, 4104.33]
exp033-n4096-k20-d250-bs40-f1.000-r00:031519.705: (142 sec)
exp033-n4096-k20-d250-bs40-f1.000-r00:031519.705: Loop 47/100
exp033-n4096-k20-d250-bs40-f1.000-r00:031648.833: log(exp-norms): [4096.0, 4098.2, 4101.52]
exp033-n4096-k20-d250-bs40-f1.000-r00:031648.833: log(norms):     [4096.0, 4098.99, 4104.24, 4104.28, 4104.31, 4104.36, 4104.24, 4104.37, 4104.36, 4104.33]
exp033-n4096-k20-d250-bs40-f1.000-r00:031648.861: (130 sec)
exp033-n4096-k20-d250-bs40-f1.000-r00:031648.861: Loop 48/100
exp033-n4096-k20-d250-bs40-f1.000-r00:031773.723: log(exp-norms): [4096.0, 4098.2, 4101.52]
exp033-n4096-k20-d250-bs40-f1.000-r00:031773.723: log(norms):     [4096.0, 4098.99, 4104.24, 4104.28, 4104.31, 4104.36, 4104.24, 4104.28, 4104.37, 4104.39]
exp033-n4096-k20-d250-bs40-f1.000-r00:031773.749: (125 sec)
exp033-n4096-k20-d250-bs40-f1.000-r00:031773.749: Loop 49/100
exp033-n4096-k20-d250-bs40-f1.000-r00:031914.985: log(exp-norms): [4096.0, 4098.2, 4101.52]
exp033-n4096-k20-d250-bs40-f1.000-r00:031914.985: log(norms):     [4096.0, 4098.99, 4104.24, 4104.28, 4104.31, 4104.36, 4104.24, 4104.28, 4104.37, 4104.39]
exp033-n4096-k20-d250-bs40-f1.000-r00:031915.025: (142 sec)
exp033-n4096-k20-d250-bs40-f1.000-r00:031915.025: Loop 50/100
exp033-n4096-k20-d250-bs40-f1.000-r00:032082.553: log(exp-norms): [4096.0, 4098.2, 4101.52]
exp033-n4096-k20-d250-bs40-f1.000-r00:032082.554: log(norms):     [4096.0, 4098.99, 4104.24, 4104.28, 4104.31, 4104.36, 4104.24, 4104.28, 4104.37, 4104.39]
exp033-n4096-k20-d250-bs40-f1.000-r00:032082.580: (168 sec)
exp033-n4096-k20-d250-bs40-f1.000-r00:032082.580: Loop 51/100
exp033-n4096-k20-d250-bs40-f1.000-r00:032270.906: log(exp-norms): [4096.0, 4098.2, 4101.52]
exp033-n4096-k20-d250-bs40-f1.000-r00:032270.906: log(norms):     [4096.0, 4098.99, 4104.24, 4104.28, 4104.31, 4104.36, 4104.24, 4104.28, 4104.37, 4104.44]
exp033-n4096-k20-d250-bs40-f1.000-r00:032270.933: (189 sec)
exp033-n4096-k20-d250-bs40-f1.000-r00:032270.933: Loop 52/100
exp033-n4096-k20-d250-bs40-f1.000-r00:032395.776: log(exp-norms): [4096.0, 4098.2, 4101.52]
exp033-n4096-k20-d250-bs40-f1.000-r00:032395.776: log(norms):     [4096.0, 4098.99, 4104.24, 4104.28, 4104.31, 4104.36, 4104.43, 4104.24, 4104.28, 4104.37]
exp033-n4096-k20-d250-bs40-f1.000-r00:032395.802: (125 sec)
exp033-n4096-k20-d250-bs40-f1.000-r00:032395.802: Loop 53/100
exp033-n4096-k20-d250-bs40-f1.000-r00:032524.099: log(exp-norms): [4096.0, 4098.2, 4101.52]
exp033-n4096-k20-d250-bs40-f1.000-r00:032524.099: log(norms):     [4096.0, 4098.99, 4104.24, 4104.28, 4104.31, 4104.36, 4104.43, 4104.24, 4104.44, 4104.2]
exp033-n4096-k20-d250-bs40-f1.000-r00:032524.126: (129 sec)
exp033-n4096-k20-d250-bs40-f1.000-r00:032524.126: Loop 54/100
exp033-n4096-k20-d250-bs40-f1.000-r00:032645.168: log(exp-norms): [4096.0, 4098.2, 4101.52]
exp033-n4096-k20-d250-bs40-f1.000-r00:032645.168: log(norms):     [4096.0, 4098.99, 4104.2, 4104.24, 4104.28, 4104.31, 4104.36, 4104.43, 4104.49, 4104.32]
exp033-n4096-k20-d250-bs40-f1.000-r00:032645.195: (122 sec)
exp033-n4096-k20-d250-bs40-f1.000-r00:032645.195: Loop 55/100
exp033-n4096-k20-d250-bs40-f1.000-r00:032771.491: log(exp-norms): [4096.0, 4098.2, 4101.52]
exp033-n4096-k20-d250-bs40-f1.000-r00:032771.491: log(norms):     [4096.0, 4098.99, 4104.2, 4104.24, 4104.28, 4104.31, 4104.36, 4104.43, 4104.49, 4104.32]
exp033-n4096-k20-d250-bs40-f1.000-r00:032771.519: (127 sec)
exp033-n4096-k20-d250-bs40-f1.000-r00:032771.519: Loop 56/100
exp033-n4096-k20-d250-bs40-f1.000-r00:032939.563: log(exp-norms): [4096.0, 4098.2, 4101.52]
exp033-n4096-k20-d250-bs40-f1.000-r00:032939.563: log(norms):     [4096.0, 4098.99, 4104.2, 4104.32, 4104.24, 4104.28, 4104.33, 4104.36, 4104.43, 4104.49]
exp033-n4096-k20-d250-bs40-f1.000-r00:032939.590: (169 sec)
exp033-n4096-k20-d250-bs40-f1.000-r00:032939.590: Loop 57/100
exp033-n4096-k20-d250-bs40-f1.000-r00:033060.556: log(exp-norms): [4096.0, 4098.2, 4101.52]
exp033-n4096-k20-d250-bs40-f1.000-r00:033060.556: log(norms):     [4096.0, 4098.99, 4104.2, 4104.2, 4104.32, 4104.24, 4104.28, 4104.43, 4104.33, 4104.36]
exp033-n4096-k20-d250-bs40-f1.000-r00:033060.582: (121 sec)
exp033-n4096-k20-d250-bs40-f1.000-r00:033060.583: Loop 58/100
exp033-n4096-k20-d250-bs40-f1.000-r00:033181.597: log(exp-norms): [4096.0, 4098.2, 4101.52]
exp033-n4096-k20-d250-bs40-f1.000-r00:033181.598: log(norms):     [4096.0, 4098.99, 4104.2, 4104.2, 4104.32, 4104.24, 4104.28, 4104.43, 4104.33, 4104.36]
exp033-n4096-k20-d250-bs40-f1.000-r00:033181.624: (122 sec)
exp033-n4096-k20-d250-bs40-f1.000-r00:033181.624: Loop 59/100
exp033-n4096-k20-d250-bs40-f1.000-r00:033327.045: log(exp-norms): [4096.0, 4098.2, 4101.52]
exp033-n4096-k20-d250-bs40-f1.000-r00:033327.046: log(norms):     [4096.0, 4098.99, 4104.2, 4104.2, 4104.32, 4104.24, 4104.28, 4104.43, 4104.33, 4104.36]
exp033-n4096-k20-d250-bs40-f1.000-r00:033327.073: (146 sec)
exp033-n4096-k20-d250-bs40-f1.000-r00:033327.073: Loop 60/100
exp033-n4096-k20-d250-bs40-f1.000-r00:033447.100: log(exp-norms): [4096.0, 4098.2, 4101.52]
exp033-n4096-k20-d250-bs40-f1.000-r00:033447.100: log(norms):     [4096.0, 4098.99, 4104.18, 4104.2, 4104.32, 4104.24, 4104.28, 4104.33, 4104.36, 4104.45]
exp033-n4096-k20-d250-bs40-f1.000-r00:033447.127: (121 sec)
exp033-n4096-k20-d250-bs40-f1.000-r00:033447.127: Loop 61/100
exp033-n4096-k20-d250-bs40-f1.000-r00:033570.295: log(exp-norms): [4096.0, 4098.2, 4101.52]
exp033-n4096-k20-d250-bs40-f1.000-r00:033570.295: log(norms):     [4096.0, 4098.99, 4104.18, 4104.2, 4104.32, 4104.24, 4104.28, 4104.33, 4104.36, 4104.45]
exp033-n4096-k20-d250-bs40-f1.000-r00:033570.321: (124 sec)
exp033-n4096-k20-d250-bs40-f1.000-r00:033570.322: Loop 62/100
exp033-n4096-k20-d250-bs40-f1.000-r00:033690.224: log(exp-norms): [4096.0, 4098.2, 4101.52]
exp033-n4096-k20-d250-bs40-f1.000-r00:033690.225: log(norms):     [4096.0, 4098.99, 4104.18, 4104.2, 4104.32, 4104.24, 4104.28, 4104.33, 4104.36, 4104.45]
exp033-n4096-k20-d250-bs40-f1.000-r00:033690.251: (120 sec)
exp033-n4096-k20-d250-bs40-f1.000-r00:033690.251: Loop 63/100
exp033-n4096-k20-d250-bs40-f1.000-r00:033807.904: log(exp-norms): [4096.0, 4098.2, 4101.52]
exp033-n4096-k20-d250-bs40-f1.000-r00:033807.904: log(norms):     [4096.0, 4098.99, 4104.18, 4104.2, 4104.32, 4104.24, 4104.28, 4104.33, 4104.36, 4104.45]
exp033-n4096-k20-d250-bs40-f1.000-r00:033807.930: (118 sec)
exp033-n4096-k20-d250-bs40-f1.000-r00:033807.931: Loop 64/100
exp033-n4096-k20-d250-bs40-f1.000-r00:033929.697: log(exp-norms): [4096.0, 4098.2, 4101.52]
exp033-n4096-k20-d250-bs40-f1.000-r00:033929.697: log(norms):     [4096.0, 4098.99, 4104.18, 4104.2, 4104.32, 4104.24, 4104.28, 4104.33, 4104.36, 4104.45]
exp033-n4096-k20-d250-bs40-f1.000-r00:033929.723: (122 sec)
exp033-n4096-k20-d250-bs40-f1.000-r00:033929.723: Loop 65/100
exp033-n4096-k20-d250-bs40-f1.000-r00:034052.848: log(exp-norms): [4096.0, 4098.2, 4101.52]
exp033-n4096-k20-d250-bs40-f1.000-r00:034052.848: log(norms):     [4096.0, 4098.99, 4104.18, 4104.2, 4104.32, 4104.24, 4104.28, 4104.33, 4104.36, 4104.45]
exp033-n4096-k20-d250-bs40-f1.000-r00:034052.875: (124 sec)
exp033-n4096-k20-d250-bs40-f1.000-r00:034052.875: Loop 66/100
exp033-n4096-k20-d250-bs40-f1.000-r00:034184.107: log(exp-norms): [4096.0, 4098.2, 4101.52]
exp033-n4096-k20-d250-bs40-f1.000-r00:034184.107: log(norms):     [4096.0, 4098.99, 4104.18, 4104.2, 4104.32, 4104.24, 4104.28, 4104.33, 4104.36, 4104.45]
exp033-n4096-k20-d250-bs40-f1.000-r00:034184.134: (132 sec)
exp033-n4096-k20-d250-bs40-f1.000-r00:034184.134: Loop 67/100
exp033-n4096-k20-d250-bs40-f1.000-r00:034308.335: log(exp-norms): [4096.0, 4098.2, 4101.52]
exp033-n4096-k20-d250-bs40-f1.000-r00:034308.336: log(norms):     [4096.0, 4098.99, 4104.18, 4104.2, 4104.32, 4104.24, 4104.28, 4104.33, 4104.36, 4104.45]
exp033-n4096-k20-d250-bs40-f1.000-r00:034308.362: (125 sec)
exp033-n4096-k20-d250-bs40-f1.000-r00:034308.362: Loop 68/100
exp033-n4096-k20-d250-bs40-f1.000-r00:034433.364: log(exp-norms): [4096.0, 4098.2, 4101.52]
exp033-n4096-k20-d250-bs40-f1.000-r00:034433.364: log(norms):     [4096.0, 4098.99, 4104.18, 4104.2, 4104.32, 4104.24, 4104.41, 4104.4, 4104.36, 4104.28]
exp033-n4096-k20-d250-bs40-f1.000-r00:034433.390: (126 sec)
exp033-n4096-k20-d250-bs40-f1.000-r00:034433.391: Loop 69/100
exp033-n4096-k20-d250-bs40-f1.000-r00:034559.481: log(exp-norms): [4096.0, 4098.2, 4101.52]
exp033-n4096-k20-d250-bs40-f1.000-r00:034559.481: log(norms):     [4096.0, 4098.99, 4104.18, 4104.2, 4104.32, 4104.37, 4104.24, 4104.28, 4104.41, 4104.4]
exp033-n4096-k20-d250-bs40-f1.000-r00:034559.507: (127 sec)
exp033-n4096-k20-d250-bs40-f1.000-r00:034559.508: Loop 70/100
exp033-n4096-k20-d250-bs40-f1.000-r00:034683.508: log(exp-norms): [4096.0, 4098.2, 4101.52]
exp033-n4096-k20-d250-bs40-f1.000-r00:034683.509: log(norms):     [4096.0, 4098.99, 4104.18, 4104.2, 4104.32, 4104.37, 4104.24, 4104.28, 4104.41, 4104.4]
exp033-n4096-k20-d250-bs40-f1.000-r00:034683.534: (125 sec)
exp033-n4096-k20-d250-bs40-f1.000-r00:034683.535: Loop 71/100
exp033-n4096-k20-d250-bs40-f1.000-r00:034806.316: log(exp-norms): [4096.0, 4098.2, 4101.52]
exp033-n4096-k20-d250-bs40-f1.000-r00:034806.316: log(norms):     [4096.0, 4098.99, 4104.18, 4104.2, 4104.32, 4104.37, 4104.24, 4104.28, 4104.41, 4104.4]
exp033-n4096-k20-d250-bs40-f1.000-r00:034806.360: (123 sec)
exp033-n4096-k20-d250-bs40-f1.000-r00:034806.360: Loop 72/100
exp033-n4096-k20-d250-bs40-f1.000-r00:034926.823: log(exp-norms): [4096.0, 4098.2, 4101.52]
exp033-n4096-k20-d250-bs40-f1.000-r00:034926.823: log(norms):     [4096.0, 4098.99, 4104.18, 4104.2, 4104.32, 4104.37, 4104.24, 4104.28, 4104.41, 4104.4]
exp033-n4096-k20-d250-bs40-f1.000-r00:034926.850: (121 sec)
exp033-n4096-k20-d250-bs40-f1.000-r00:034926.850: Loop 73/100
exp033-n4096-k20-d250-bs40-f1.000-r00:035049.004: log(exp-norms): [4096.0, 4098.2, 4101.52]
exp033-n4096-k20-d250-bs40-f1.000-r00:035049.004: log(norms):     [4096.0, 4098.99, 4104.18, 4104.2, 4104.32, 4104.37, 4104.24, 4104.28, 4104.41, 4104.4]
exp033-n4096-k20-d250-bs40-f1.000-r00:035049.031: (123 sec)
exp033-n4096-k20-d250-bs40-f1.000-r00:035049.031: Loop 74/100
exp033-n4096-k20-d250-bs40-f1.000-r00:035178.633: log(exp-norms): [4096.0, 4098.2, 4101.52]
exp033-n4096-k20-d250-bs40-f1.000-r00:035178.633: log(norms):     [4096.0, 4098.99, 4104.18, 4104.2, 4104.32, 4104.37, 4104.24, 4104.28, 4104.41, 4104.4]
exp033-n4096-k20-d250-bs40-f1.000-r00:035178.659: (130 sec)
exp033-n4096-k20-d250-bs40-f1.000-r00:035178.659: Loop 75/100
exp033-n4096-k20-d250-bs40-f1.000-r00:035299.478: log(exp-norms): [4096.0, 4098.2, 4101.52]
exp033-n4096-k20-d250-bs40-f1.000-r00:035299.478: log(norms):     [4096.0, 4098.99, 4104.18, 4104.2, 4104.32, 4104.37, 4104.24, 4104.41, 4104.41, 4104.4]
exp033-n4096-k20-d250-bs40-f1.000-r00:035299.504: (121 sec)
exp033-n4096-k20-d250-bs40-f1.000-r00:035299.504: Loop 76/100
exp033-n4096-k20-d250-bs40-f1.000-r00:035426.447: log(exp-norms): [4096.0, 4098.2, 4101.52]
exp033-n4096-k20-d250-bs40-f1.000-r00:035426.447: log(norms):     [4096.0, 4098.99, 4104.18, 4104.2, 4104.32, 4104.37, 4104.24, 4104.41, 4104.41, 4104.4]
exp033-n4096-k20-d250-bs40-f1.000-r00:035426.473: (127 sec)
exp033-n4096-k20-d250-bs40-f1.000-r00:035426.473: Loop 77/100
exp033-n4096-k20-d250-bs40-f1.000-r00:035544.828: log(exp-norms): [4096.0, 4098.2, 4101.52]
exp033-n4096-k20-d250-bs40-f1.000-r00:035544.828: log(norms):     [4096.0, 4098.99, 4104.18, 4104.2, 4104.32, 4104.37, 4104.24, 4104.41, 4104.41, 4104.4]
exp033-n4096-k20-d250-bs40-f1.000-r00:035544.854: (119 sec)
exp033-n4096-k20-d250-bs40-f1.000-r00:035544.854: Loop 78/100
exp033-n4096-k20-d250-bs40-f1.000-r00:035666.955: log(exp-norms): [4096.0, 4098.2, 4101.52]
exp033-n4096-k20-d250-bs40-f1.000-r00:035666.955: log(norms):     [4096.0, 4098.99, 4104.18, 4104.2, 4104.32, 4104.37, 4104.24, 4104.41, 4104.41, 4104.4]
exp033-n4096-k20-d250-bs40-f1.000-r00:035666.981: (123 sec)
exp033-n4096-k20-d250-bs40-f1.000-r00:035666.981: Loop 79/100
exp033-n4096-k20-d250-bs40-f1.000-r00:035787.512: log(exp-norms): [4096.0, 4098.2, 4101.52]
exp033-n4096-k20-d250-bs40-f1.000-r00:035787.513: log(norms):     [4096.0, 4098.99, 4104.18, 4104.2, 4104.32, 4104.37, 4104.24, 4104.41, 4104.41, 4104.4]
exp033-n4096-k20-d250-bs40-f1.000-r00:035787.539: (121 sec)
exp033-n4096-k20-d250-bs40-f1.000-r00:035787.539: Loop 80/100
exp033-n4096-k20-d250-bs40-f1.000-r00:035909.851: log(exp-norms): [4096.0, 4098.2, 4101.52]
exp033-n4096-k20-d250-bs40-f1.000-r00:035909.851: log(norms):     [4096.0, 4098.99, 4104.18, 4104.2, 4104.32, 4104.37, 4104.24, 4104.41, 4104.3, 4104.44]
exp033-n4096-k20-d250-bs40-f1.000-r00:035909.877: (123 sec)
exp033-n4096-k20-d250-bs40-f1.000-r00:035909.877: Loop 81/100
exp033-n4096-k20-d250-bs40-f1.000-r00:036031.500: log(exp-norms): [4096.0, 4098.2, 4101.52]
exp033-n4096-k20-d250-bs40-f1.000-r00:036031.500: log(norms):     [4096.0, 4098.99, 4104.18, 4104.2, 4104.32, 4104.37, 4104.24, 4104.41, 4104.3, 4104.44]
exp033-n4096-k20-d250-bs40-f1.000-r00:036031.527: (122 sec)
exp033-n4096-k20-d250-bs40-f1.000-r00:036031.527: Loop 82/100
exp033-n4096-k20-d250-bs40-f1.000-r00:036154.516: log(exp-norms): [4096.0, 4098.2, 4101.52]
exp033-n4096-k20-d250-bs40-f1.000-r00:036154.516: log(norms):     [4096.0, 4098.99, 4104.18, 4104.2, 4104.32, 4104.37, 4104.24, 4104.41, 4104.3, 4104.44]
exp033-n4096-k20-d250-bs40-f1.000-r00:036154.543: (124 sec)
exp033-n4096-k20-d250-bs40-f1.000-r00:036154.543: Loop 83/100
exp033-n4096-k20-d250-bs40-f1.000-r00:036276.494: log(exp-norms): [4096.0, 4098.2, 4101.52]
exp033-n4096-k20-d250-bs40-f1.000-r00:036276.495: log(norms):     [4096.0, 4098.99, 4104.18, 4104.2, 4104.32, 4104.37, 4104.24, 4104.41, 4104.3, 4104.44]
exp033-n4096-k20-d250-bs40-f1.000-r00:036276.521: (122 sec)
exp033-n4096-k20-d250-bs40-f1.000-r00:036276.522: Loop 84/100
exp033-n4096-k20-d250-bs40-f1.000-r00:036395.009: log(exp-norms): [4096.0, 4098.2, 4101.52]
exp033-n4096-k20-d250-bs40-f1.000-r00:036395.010: log(norms):     [4096.0, 4098.99, 4104.18, 4104.2, 4104.32, 4104.09, 4104.37, 4104.42, 4104.2, 4104.3]
exp033-n4096-k20-d250-bs40-f1.000-r00:036395.036: (119 sec)
exp033-n4096-k20-d250-bs40-f1.000-r00:036395.036: Loop 85/100
exp033-n4096-k20-d250-bs40-f1.000-r00:036516.918: log(exp-norms): [4096.0, 4098.2, 4101.52]
exp033-n4096-k20-d250-bs40-f1.000-r00:036516.918: log(norms):     [4096.0, 4098.99, 4104.09, 4104.26, 4104.2, 4104.39, 4104.32, 4104.39, 4104.3, 4104.57]
exp033-n4096-k20-d250-bs40-f1.000-r00:036516.944: (122 sec)
exp033-n4096-k20-d250-bs40-f1.000-r00:036516.944: Loop 86/100
exp033-n4096-k20-d250-bs40-f1.000-r00:036635.713: log(exp-norms): [4096.0, 4098.2, 4101.52]
exp033-n4096-k20-d250-bs40-f1.000-r00:036635.714: log(norms):     [4096.0, 4098.99, 4104.09, 4104.26, 4104.2, 4104.39, 4104.32, 4104.39, 4104.3, 4104.32]
exp033-n4096-k20-d250-bs40-f1.000-r00:036635.740: (119 sec)
exp033-n4096-k20-d250-bs40-f1.000-r00:036635.740: Loop 87/100
exp033-n4096-k20-d250-bs40-f1.000-r00:036760.000: log(exp-norms): [4096.0, 4098.2, 4101.52]
exp033-n4096-k20-d250-bs40-f1.000-r00:036760.000: log(norms):     [4096.0, 4098.99, 4104.09, 4104.26, 4104.2, 4104.39, 4104.32, 4104.39, 4104.3, 4104.32]
exp033-n4096-k20-d250-bs40-f1.000-r00:036760.026: (125 sec)
exp033-n4096-k20-d250-bs40-f1.000-r00:036760.026: Loop 88/100
exp033-n4096-k20-d250-bs40-f1.000-r00:036887.677: log(exp-norms): [4096.0, 4098.2, 4101.52]
exp033-n4096-k20-d250-bs40-f1.000-r00:036887.677: log(norms):     [4096.0, 4098.99, 4104.09, 4104.26, 4104.2, 4104.39, 4104.32, 4104.39, 4104.3, 4104.32]
exp033-n4096-k20-d250-bs40-f1.000-r00:036887.704: (128 sec)
exp033-n4096-k20-d250-bs40-f1.000-r00:036887.704: Loop 89/100
exp033-n4096-k20-d250-bs40-f1.000-r00:037010.076: log(exp-norms): [4096.0, 4098.2, 4101.52]
exp033-n4096-k20-d250-bs40-f1.000-r00:037010.077: log(norms):     [4096.0, 4098.99, 4104.09, 4104.26, 4104.2, 4104.39, 4104.32, 4104.39, 4104.3, 4104.32]
exp033-n4096-k20-d250-bs40-f1.000-r00:037010.103: (123 sec)
exp033-n4096-k20-d250-bs40-f1.000-r00:037010.103: Loop 90/100
exp033-n4096-k20-d250-bs40-f1.000-r00:037129.695: log(exp-norms): [4096.0, 4098.2, 4101.52]
exp033-n4096-k20-d250-bs40-f1.000-r00:037129.695: log(norms):     [4096.0, 4098.99, 4104.09, 4104.26, 4104.2, 4104.39, 4104.32, 4104.39, 4104.3, 4104.32]
exp033-n4096-k20-d250-bs40-f1.000-r00:037129.738: (120 sec)
exp033-n4096-k20-d250-bs40-f1.000-r00:037129.738: Loop 91/100
exp033-n4096-k20-d250-bs40-f1.000-r00:037281.415: log(exp-norms): [4096.0, 4098.2, 4101.52]
exp033-n4096-k20-d250-bs40-f1.000-r00:037281.415: log(norms):     [4096.0, 4098.99, 4104.09, 4104.26, 4104.2, 4104.39, 4104.32, 4104.39, 4104.3, 4104.32]
exp033-n4096-k20-d250-bs40-f1.000-r00:037281.441: (152 sec)
exp033-n4096-k20-d250-bs40-f1.000-r00:037281.441: Loop 92/100
exp033-n4096-k20-d250-bs40-f1.000-r00:037407.427: log(exp-norms): [4096.0, 4098.2, 4101.52]
exp033-n4096-k20-d250-bs40-f1.000-r00:037407.427: log(norms):     [4096.0, 4098.99, 4104.09, 4104.26, 4104.2, 4104.39, 4104.32, 4104.39, 4104.3, 4104.32]
exp033-n4096-k20-d250-bs40-f1.000-r00:037407.453: (127 sec)
exp033-n4096-k20-d250-bs40-f1.000-r00:037407.453: Loop 93/100
exp033-n4096-k20-d250-bs40-f1.000-r00:037529.991: log(exp-norms): [4096.0, 4098.2, 4101.52]
exp033-n4096-k20-d250-bs40-f1.000-r00:037529.991: log(norms):     [4096.0, 4098.99, 4104.09, 4104.26, 4104.2, 4104.39, 4104.32, 4104.39, 4104.3, 4104.32]
exp033-n4096-k20-d250-bs40-f1.000-r00:037530.018: (123 sec)
exp033-n4096-k20-d250-bs40-f1.000-r00:037530.018: Loop 94/100
exp033-n4096-k20-d250-bs40-f1.000-r00:037656.316: log(exp-norms): [4096.0, 4098.2, 4101.52]
exp033-n4096-k20-d250-bs40-f1.000-r00:037656.316: log(norms):     [4096.0, 4098.99, 4104.09, 4104.26, 4104.2, 4104.39, 4104.32, 4104.39, 4104.3, 4104.48]
exp033-n4096-k20-d250-bs40-f1.000-r00:037656.343: (127 sec)
exp033-n4096-k20-d250-bs40-f1.000-r00:037656.343: Loop 95/100
exp033-n4096-k20-d250-bs40-f1.000-r00:037783.968: log(exp-norms): [4096.0, 4098.2, 4101.52]
exp033-n4096-k20-d250-bs40-f1.000-r00:037783.969: log(norms):     [4096.0, 4098.99, 4104.09, 4104.26, 4104.2, 4104.39, 4104.32, 4104.39, 4104.3, 4104.48]
exp033-n4096-k20-d250-bs40-f1.000-r00:037783.995: (128 sec)
exp033-n4096-k20-d250-bs40-f1.000-r00:037783.995: Loop 96/100
exp033-n4096-k20-d250-bs40-f1.000-r00:037905.555: log(exp-norms): [4096.0, 4098.2, 4101.52]
exp033-n4096-k20-d250-bs40-f1.000-r00:037905.556: log(norms):     [4096.0, 4098.99, 4104.09, 4104.26, 4104.2, 4104.39, 4104.32, 4104.39, 4104.3, 4104.48]
exp033-n4096-k20-d250-bs40-f1.000-r00:037905.582: (122 sec)
exp033-n4096-k20-d250-bs40-f1.000-r00:037905.582: Loop 97/100
exp033-n4096-k20-d250-bs40-f1.000-r00:038032.093: log(exp-norms): [4096.0, 4098.2, 4101.52]
exp033-n4096-k20-d250-bs40-f1.000-r00:038032.093: log(norms):     [4096.0, 4098.99, 4104.09, 4104.26, 4104.2, 4104.39, 4104.32, 4104.39, 4104.3, 4104.48]
exp033-n4096-k20-d250-bs40-f1.000-r00:038032.119: (127 sec)
exp033-n4096-k20-d250-bs40-f1.000-r00:038032.119: Loop 98/100
exp033-n4096-k20-d250-bs40-f1.000-r00:038152.021: log(exp-norms): [4096.0, 4098.2, 4101.52]
exp033-n4096-k20-d250-bs40-f1.000-r00:038152.021: log(norms):     [4096.0, 4098.99, 4104.09, 4104.26, 4104.2, 4104.39, 4104.32, 4104.39, 4104.3, 4104.48]
exp033-n4096-k20-d250-bs40-f1.000-r00:038152.047: (120 sec)
exp033-n4096-k20-d250-bs40-f1.000-r00:038152.048: Loop 99/100
exp033-n4096-k20-d250-bs40-f1.000-r00:038275.208: log(exp-norms): [4096.0, 4098.2, 4101.52]
exp033-n4096-k20-d250-bs40-f1.000-r00:038275.209: log(norms):     [4096.0, 4098.99, 4104.09, 4104.26, 4104.25, 4104.2, 4104.39, 4104.39, 4104.32, 4104.3]
exp033-n4096-k20-d250-bs40-f1.000-r00:038275.235: (124 sec)
exp033-n4096-k20-d250-bs40-f1.000-r00:038275.235: Loop 100/100
exp033-n4096-k20-d250-bs40-f1.000-r00:038402.675: log(exp-norms): [4096.0, 4098.2, 4101.52]
exp033-n4096-k20-d250-bs40-f1.000-r00:038402.675: log(norms):     [4096.0, 4098.99, 4104.09, 4104.26, 4104.25, 4104.2, 4104.39, 4104.39, 4104.32, 4104.3]
exp033-n4096-k20-d250-bs40-f1.000-r00:038402.701: (128 sec)
exp033-n4096-k20-d250-bs40-f1.000-r00:038402.701: ==========================Summary===========================
exp033-n4096-k20-d250-bs40-f1.000-r00:038402.702: Total time: 38403sec
exp033-n4096-k20-d250-bs40-f1.000-r00:038402.702: FAIL
exp033-n4096-k20-d250-bs40-f1.000-r00:038402.702: SUMMARY:n:4096:k:20:d:250:bs:40:t:38403:r:False
