exp031-n4096-k20-d230-bs40-f1.000-r00:000000.785: ==========================Instance==========================
exp031-n4096-k20-d230-bs40-f1.000-r00:000000.785: # of equations: 230
exp031-n4096-k20-d230-bs40-f1.000-r00:000000.794: Gap: 3.76
exp031-n4096-k20-d230-bs40-f1.000-r00:000000.811: Tau: 3.83
exp031-n4096-k20-d230-bs40-f1.000-r00:000000.812: ======================BKZ-40 reduction======================
exp031-n4096-k20-d230-bs40-f1.000-r00:000007.843: Expectedly achievable log(norm): 4102.33
exp031-n4096-k20-d230-bs40-f1.000-r00:000014.988: log(exp-norms): [4096.0, 4098.14, 4100.05]
exp031-n4096-k20-d230-bs40-f1.000-r00:000014.989: log(norms):     [4119.17, 4098.93, 4116.0, 4116.0, 4116.0, 4116.0, 4116.0, 4116.0, 4116.0, 4116.0]
exp031-n4096-k20-d230-bs40-f1.000-r00:000015.096: Loop 1/100
exp031-n4096-k20-d230-bs40-f1.000-r00:018315.014: log(exp-norms): [4096.0, 4098.14, 4100.05]
exp031-n4096-k20-d230-bs40-f1.000-r00:018315.015: log(norms):     [4098.93, 4104.92, 4105.07, 4105.0, 4105.06, 4105.03, 4105.13, 4105.1, 4104.91, 4105.11]
exp031-n4096-k20-d230-bs40-f1.000-r00:018315.040: (18300 sec)
exp031-n4096-k20-d230-bs40-f1.000-r00:018315.041: Loop 2/100
exp031-n4096-k20-d230-bs40-f1.000-r00:018583.753: log(exp-norms): [4096.0, 4098.14, 4100.05]
exp031-n4096-k20-d230-bs40-f1.000-r00:018583.754: log(norms):     [4098.93, 4104.39, 4104.68, 4104.72, 4104.6, 4104.66, 4104.64, 4104.78, 4104.72, 4104.65]
exp031-n4096-k20-d230-bs40-f1.000-r00:018583.779: (269 sec)
exp031-n4096-k20-d230-bs40-f1.000-r00:018583.779: Loop 3/100
exp031-n4096-k20-d230-bs40-f1.000-r00:018854.482: log(exp-norms): [4096.0, 4098.14, 4100.05]
exp031-n4096-k20-d230-bs40-f1.000-r00:018854.482: log(norms):     [4098.93, 4104.32, 4104.39, 4104.46, 4104.37, 4104.48, 4104.51, 4104.27, 4104.17, 4104.51]
exp031-n4096-k20-d230-bs40-f1.000-r00:018854.524: (271 sec)
exp031-n4096-k20-d230-bs40-f1.000-r00:018854.524: Loop 4/100
exp031-n4096-k20-d230-bs40-f1.000-r00:019120.416: log(exp-norms): [4096.0, 4098.14, 4100.05]
exp031-n4096-k20-d230-bs40-f1.000-r00:019120.416: log(norms):     [4098.93, 4104.17, 4104.25, 4104.17, 4104.35, 4104.27, 4104.23, 4104.25, 4104.37, 4104.14]
exp031-n4096-k20-d230-bs40-f1.000-r00:019120.442: (266 sec)
exp031-n4096-k20-d230-bs40-f1.000-r00:019120.442: Loop 5/100
exp031-n4096-k20-d230-bs40-f1.000-r00:019363.436: log(exp-norms): [4096.0, 4098.14, 4100.05]
exp031-n4096-k20-d230-bs40-f1.000-r00:019363.437: log(norms):     [4098.93, 4103.87, 4103.9, 4103.96, 4103.93, 4104.07, 4103.98, 4104.08, 4104.08, 4104.1]
exp031-n4096-k20-d230-bs40-f1.000-r00:019363.479: (244 sec)
exp031-n4096-k20-d230-bs40-f1.000-r00:019363.479: Loop 6/100
exp031-n4096-k20-d230-bs40-f1.000-r00:019585.515: log(exp-norms): [4096.0, 4098.14, 4100.05]
exp031-n4096-k20-d230-bs40-f1.000-r00:019585.516: log(norms):     [4098.93, 4103.76, 4103.76, 4103.74, 4103.89, 4103.77, 4103.8, 4103.7, 4103.8, 4103.93]
exp031-n4096-k20-d230-bs40-f1.000-r00:019585.558: (223 sec)
exp031-n4096-k20-d230-bs40-f1.000-r00:019585.558: Loop 7/100
exp031-n4096-k20-d230-bs40-f1.000-r00:019760.487: log(exp-norms): [4096.0, 4098.14, 4100.05]
exp031-n4096-k20-d230-bs40-f1.000-r00:019760.488: log(norms):     [4098.93, 4103.54, 4103.55, 4103.65, 4103.7, 4103.78, 4103.76, 4103.74, 4103.74, 4103.82]
exp031-n4096-k20-d230-bs40-f1.000-r00:019760.513: (175 sec)
exp031-n4096-k20-d230-bs40-f1.000-r00:019760.513: Loop 8/100
exp031-n4096-k20-d230-bs40-f1.000-r00:019940.267: log(exp-norms): [4096.0, 4098.14, 4100.05]
exp031-n4096-k20-d230-bs40-f1.000-r00:019940.268: log(norms):     [4098.93, 4103.41, 4103.44, 4103.51, 4103.52, 4103.54, 4103.56, 4103.67, 4103.73, 4103.65]
exp031-n4096-k20-d230-bs40-f1.000-r00:019940.293: (180 sec)
exp031-n4096-k20-d230-bs40-f1.000-r00:019940.293: Loop 9/100
exp031-n4096-k20-d230-bs40-f1.000-r00:020114.737: log(exp-norms): [4096.0, 4098.14, 4100.05]
exp031-n4096-k20-d230-bs40-f1.000-r00:020114.738: log(norms):     [4098.93, 4103.36, 4103.35, 4103.43, 4103.27, 4103.4, 4103.48, 4103.43, 4103.49, 4103.55]
exp031-n4096-k20-d230-bs40-f1.000-r00:020114.777: (175 sec)
exp031-n4096-k20-d230-bs40-f1.000-r00:020114.778: Loop 10/100
exp031-n4096-k20-d230-bs40-f1.000-r00:020303.342: log(exp-norms): [4096.0, 4098.14, 4100.05]
exp031-n4096-k20-d230-bs40-f1.000-r00:020303.343: log(norms):     [4098.93, 4103.2, 4103.24, 4103.26, 4103.32, 4103.36, 4103.35, 4103.41, 4103.46, 4103.31]
exp031-n4096-k20-d230-bs40-f1.000-r00:020303.385: (189 sec)
exp031-n4096-k20-d230-bs40-f1.000-r00:020303.385: Loop 11/100
exp031-n4096-k20-d230-bs40-f1.000-r00:020484.000: log(exp-norms): [4096.0, 4098.14, 4100.05]
exp031-n4096-k20-d230-bs40-f1.000-r00:020484.001: log(norms):     [4098.93, 4103.11, 4103.15, 4103.24, 4103.09, 4103.14, 4103.08, 4103.28, 4103.29, 4103.22]
exp031-n4096-k20-d230-bs40-f1.000-r00:020484.027: (181 sec)
exp031-n4096-k20-d230-bs40-f1.000-r00:020484.028: Loop 12/100
exp031-n4096-k20-d230-bs40-f1.000-r00:020628.267: log(exp-norms): [4096.0, 4098.14, 4100.05]
exp031-n4096-k20-d230-bs40-f1.000-r00:020628.268: log(norms):     [4096.0, 4098.93, 4102.97, 4103.12, 4103.12, 4103.13, 4103.13, 4103.15, 4103.22, 4103.16]
exp031-n4096-k20-d230-bs40-f1.000-r00:020628.295: (145 sec)
exp031-n4096-k20-d230-bs40-f1.000-r00:020628.295: Loop 13/100
exp031-n4096-k20-d230-bs40-f1.000-r00:020816.745: log(exp-norms): [4096.0, 4098.14, 4100.05]
exp031-n4096-k20-d230-bs40-f1.000-r00:020816.746: log(norms):     [4096.0, 4098.93, 4102.97, 4103.01, 4103.08, 4102.99, 4103.01, 4103.08, 4103.21, 4103.14]
exp031-n4096-k20-d230-bs40-f1.000-r00:020816.787: (189 sec)
exp031-n4096-k20-d230-bs40-f1.000-r00:020816.788: Loop 14/100
exp031-n4096-k20-d230-bs40-f1.000-r00:020976.480: log(exp-norms): [4096.0, 4098.14, 4100.05]
exp031-n4096-k20-d230-bs40-f1.000-r00:020976.480: log(norms):     [4096.0, 4098.93, 4102.9, 4102.96, 4102.97, 4103.05, 4102.99, 4103.01, 4102.91, 4103.02]
exp031-n4096-k20-d230-bs40-f1.000-r00:020976.522: (160 sec)
exp031-n4096-k20-d230-bs40-f1.000-r00:020976.523: Loop 15/100
exp031-n4096-k20-d230-bs40-f1.000-r00:021130.807: log(exp-norms): [4096.0, 4098.14, 4100.05]
exp031-n4096-k20-d230-bs40-f1.000-r00:021130.808: log(norms):     [4096.0, 4098.93, 4102.9, 4102.95, 4103.02, 4102.91, 4103.01, 4102.96, 4102.97, 4103.17]
exp031-n4096-k20-d230-bs40-f1.000-r00:021130.833: (155 sec)
exp031-n4096-k20-d230-bs40-f1.000-r00:021130.833: Loop 16/100
exp031-n4096-k20-d230-bs40-f1.000-r00:021270.826: log(exp-norms): [4096.0, 4098.14, 4100.05]
exp031-n4096-k20-d230-bs40-f1.000-r00:021270.826: log(norms):     [4096.0, 4098.93, 4102.73, 4102.83, 4102.97, 4102.91, 4102.87, 4102.84, 4103.05, 4103.0]
exp031-n4096-k20-d230-bs40-f1.000-r00:021270.851: (141 sec)
exp031-n4096-k20-d230-bs40-f1.000-r00:021270.851: Loop 17/100
exp031-n4096-k20-d230-bs40-f1.000-r00:021395.039: log(exp-norms): [4096.0, 4098.14, 4100.05]
exp031-n4096-k20-d230-bs40-f1.000-r00:021395.040: log(norms):     [4096.0, 4098.93, 4102.73, 4102.91, 4102.85, 4102.87, 4102.81, 4102.97, 4103.06, 4102.9]
exp031-n4096-k20-d230-bs40-f1.000-r00:021395.065: (125 sec)
exp031-n4096-k20-d230-bs40-f1.000-r00:021395.065: Loop 18/100
exp031-n4096-k20-d230-bs40-f1.000-r00:021512.002: log(exp-norms): [4096.0, 4098.14, 4100.05]
exp031-n4096-k20-d230-bs40-f1.000-r00:021512.003: log(norms):     [4096.0, 4098.93, 4102.73, 4102.85, 4102.78, 4102.85, 4102.91, 4102.84, 4102.91, 4102.91]
exp031-n4096-k20-d230-bs40-f1.000-r00:021512.043: (117 sec)
exp031-n4096-k20-d230-bs40-f1.000-r00:021512.043: Loop 19/100
exp031-n4096-k20-d230-bs40-f1.000-r00:021681.188: log(exp-norms): [4096.0, 4098.14, 4100.05]
exp031-n4096-k20-d230-bs40-f1.000-r00:021681.188: log(norms):     [4096.0, 4098.93, 4102.66, 4102.75, 4102.76, 4102.78, 4102.82, 4102.79, 4102.79, 4102.87]
exp031-n4096-k20-d230-bs40-f1.000-r00:021681.227: (170 sec)
exp031-n4096-k20-d230-bs40-f1.000-r00:021681.228: Loop 20/100
exp031-n4096-k20-d230-bs40-f1.000-r00:021845.924: log(exp-norms): [4096.0, 4098.14, 4100.05]
exp031-n4096-k20-d230-bs40-f1.000-r00:021845.925: log(norms):     [4096.0, 4098.93, 4102.55, 4102.66, 4102.75, 4102.83, 4102.74, 4102.74, 4102.84, 4102.92]
exp031-n4096-k20-d230-bs40-f1.000-r00:021845.966: (165 sec)
exp031-n4096-k20-d230-bs40-f1.000-r00:021845.966: Loop 21/100
exp031-n4096-k20-d230-bs40-f1.000-r00:021964.374: log(exp-norms): [4096.0, 4098.14, 4100.05]
exp031-n4096-k20-d230-bs40-f1.000-r00:021964.374: log(norms):     [4096.0, 4098.93, 4102.55, 4102.66, 4102.75, 4102.68, 4102.83, 4102.74, 4102.74, 4102.84]
exp031-n4096-k20-d230-bs40-f1.000-r00:021964.400: (119 sec)
exp031-n4096-k20-d230-bs40-f1.000-r00:021964.400: Loop 22/100
exp031-n4096-k20-d230-bs40-f1.000-r00:022075.340: log(exp-norms): [4096.0, 4098.14, 4100.05]
exp031-n4096-k20-d230-bs40-f1.000-r00:022075.341: log(norms):     [4096.0, 4098.93, 4102.55, 4102.66, 4102.68, 4102.68, 4102.82, 4102.85, 4102.72, 4102.78]
exp031-n4096-k20-d230-bs40-f1.000-r00:022075.365: (111 sec)
exp031-n4096-k20-d230-bs40-f1.000-r00:022075.365: Loop 23/100
exp031-n4096-k20-d230-bs40-f1.000-r00:022180.051: log(exp-norms): [4096.0, 4098.14, 4100.05]
exp031-n4096-k20-d230-bs40-f1.000-r00:022180.052: log(norms):     [4096.0, 4098.93, 4102.55, 4102.68, 4102.76, 4102.66, 4102.82, 4102.85, 4102.89, 4102.68]
exp031-n4096-k20-d230-bs40-f1.000-r00:022180.076: (105 sec)
exp031-n4096-k20-d230-bs40-f1.000-r00:022180.077: Loop 24/100
exp031-n4096-k20-d230-bs40-f1.000-r00:022311.068: log(exp-norms): [4096.0, 4098.14, 4100.05]
exp031-n4096-k20-d230-bs40-f1.000-r00:022311.069: log(norms):     [4096.0, 4098.93, 4102.55, 4102.68, 4102.76, 4102.66, 4102.78, 4102.82, 4102.85, 4102.74]
exp031-n4096-k20-d230-bs40-f1.000-r00:022311.093: (132 sec)
exp031-n4096-k20-d230-bs40-f1.000-r00:022311.094: Loop 25/100
exp031-n4096-k20-d230-bs40-f1.000-r00:022448.083: log(exp-norms): [4096.0, 4098.14, 4100.05]
exp031-n4096-k20-d230-bs40-f1.000-r00:022448.083: log(norms):     [4096.0, 4098.93, 4102.55, 4102.68, 4102.76, 4102.66, 4102.78, 4102.84, 4102.85, 4102.82]
exp031-n4096-k20-d230-bs40-f1.000-r00:022448.109: (138 sec)
exp031-n4096-k20-d230-bs40-f1.000-r00:022448.109: Loop 26/100
exp031-n4096-k20-d230-bs40-f1.000-r00:022548.920: log(exp-norms): [4096.0, 4098.14, 4100.05]
exp031-n4096-k20-d230-bs40-f1.000-r00:022548.920: log(norms):     [4096.0, 4098.93, 4102.55, 4102.57, 4102.59, 4102.67, 4102.7, 4102.64, 4102.63, 4102.74]
exp031-n4096-k20-d230-bs40-f1.000-r00:022548.946: (101 sec)
exp031-n4096-k20-d230-bs40-f1.000-r00:022548.946: Loop 27/100
exp031-n4096-k20-d230-bs40-f1.000-r00:022649.296: log(exp-norms): [4096.0, 4098.14, 4100.05]
exp031-n4096-k20-d230-bs40-f1.000-r00:022649.296: log(norms):     [4096.0, 4098.93, 4102.55, 4102.57, 4102.59, 4102.82, 4102.67, 4102.61, 4102.71, 4102.57]
exp031-n4096-k20-d230-bs40-f1.000-r00:022649.322: (101 sec)
exp031-n4096-k20-d230-bs40-f1.000-r00:022649.322: Loop 28/100
exp031-n4096-k20-d230-bs40-f1.000-r00:022786.658: log(exp-norms): [4096.0, 4098.14, 4100.05]
exp031-n4096-k20-d230-bs40-f1.000-r00:022786.658: log(norms):     [4096.0, 4098.93, 4102.55, 4102.56, 4102.57, 4102.66, 4102.68, 4102.83, 4102.88, 4102.96]
exp031-n4096-k20-d230-bs40-f1.000-r00:022786.703: (138 sec)
exp031-n4096-k20-d230-bs40-f1.000-r00:022786.703: Loop 29/100
exp031-n4096-k20-d230-bs40-f1.000-r00:022939.889: log(exp-norms): [4096.0, 4098.14, 4100.05]
exp031-n4096-k20-d230-bs40-f1.000-r00:022939.889: log(norms):     [4096.0, 4098.93, 4102.55, 4102.56, 4102.57, 4102.66, 4102.68, 4102.63, 4102.62, 4102.73]
exp031-n4096-k20-d230-bs40-f1.000-r00:022939.929: (154 sec)
exp031-n4096-k20-d230-bs40-f1.000-r00:022939.930: Loop 30/100
exp031-n4096-k20-d230-bs40-f1.000-r00:023061.148: log(exp-norms): [4096.0, 4098.14, 4100.05]
exp031-n4096-k20-d230-bs40-f1.000-r00:023061.148: log(norms):     [4096.0, 4098.93, 4102.55, 4102.56, 4102.49, 4102.57, 4102.66, 4102.68, 4102.63, 4102.74]
exp031-n4096-k20-d230-bs40-f1.000-r00:023061.173: (122 sec)
exp031-n4096-k20-d230-bs40-f1.000-r00:023061.173: Loop 31/100
exp031-n4096-k20-d230-bs40-f1.000-r00:023165.807: log(exp-norms): [4096.0, 4098.14, 4100.05]
exp031-n4096-k20-d230-bs40-f1.000-r00:023165.807: log(norms):     [4096.0, 4098.93, 4102.49, 4102.57, 4102.63, 4102.55, 4102.68, 4102.63, 4102.74, 4102.63]
exp031-n4096-k20-d230-bs40-f1.000-r00:023165.833: (105 sec)
exp031-n4096-k20-d230-bs40-f1.000-r00:023165.833: Loop 32/100
exp031-n4096-k20-d230-bs40-f1.000-r00:023278.704: log(exp-norms): [4096.0, 4098.14, 4100.05]
exp031-n4096-k20-d230-bs40-f1.000-r00:023278.705: log(norms):     [4096.0, 4098.93, 4102.49, 4102.57, 4102.53, 4102.65, 4102.53, 4102.57, 4102.68, 4102.66]
exp031-n4096-k20-d230-bs40-f1.000-r00:023278.729: (113 sec)
exp031-n4096-k20-d230-bs40-f1.000-r00:023278.729: Loop 33/100
exp031-n4096-k20-d230-bs40-f1.000-r00:023395.042: log(exp-norms): [4096.0, 4098.14, 4100.05]
exp031-n4096-k20-d230-bs40-f1.000-r00:023395.043: log(norms):     [4096.0, 4098.93, 4102.49, 4102.6, 4102.57, 4102.53, 4102.65, 4102.7, 4102.74, 4102.53]
exp031-n4096-k20-d230-bs40-f1.000-r00:023395.067: (117 sec)
exp031-n4096-k20-d230-bs40-f1.000-r00:023395.067: Loop 34/100
exp031-n4096-k20-d230-bs40-f1.000-r00:023497.095: log(exp-norms): [4096.0, 4098.14, 4100.05]
exp031-n4096-k20-d230-bs40-f1.000-r00:023497.095: log(norms):     [4096.0, 4098.93, 4102.47, 4102.52, 4102.49, 4102.57, 4102.66, 4102.56, 4102.68, 4102.75]
exp031-n4096-k20-d230-bs40-f1.000-r00:023497.120: (103 sec)
exp031-n4096-k20-d230-bs40-f1.000-r00:023497.120: Loop 35/100
exp031-n4096-k20-d230-bs40-f1.000-r00:023596.096: log(exp-norms): [4096.0, 4098.14, 4100.05]
exp031-n4096-k20-d230-bs40-f1.000-r00:023596.096: log(norms):     [4096.0, 4098.93, 4102.47, 4102.52, 4102.55, 4102.65, 4102.7, 4102.6, 4102.56, 4102.49]
exp031-n4096-k20-d230-bs40-f1.000-r00:023596.121: (100 sec)
exp031-n4096-k20-d230-bs40-f1.000-r00:023596.121: Loop 36/100
exp031-n4096-k20-d230-bs40-f1.000-r00:023696.902: log(exp-norms): [4096.0, 4098.14, 4100.05]
exp031-n4096-k20-d230-bs40-f1.000-r00:023696.902: log(norms):     [4096.0, 4098.93, 4102.47, 4102.52, 4102.55, 4102.65, 4102.7, 4102.6, 4102.56, 4102.49]
exp031-n4096-k20-d230-bs40-f1.000-r00:023696.928: (101 sec)
exp031-n4096-k20-d230-bs40-f1.000-r00:023696.928: Loop 37/100
exp031-n4096-k20-d230-bs40-f1.000-r00:023792.463: log(exp-norms): [4096.0, 4098.14, 4100.05]
exp031-n4096-k20-d230-bs40-f1.000-r00:023792.463: log(norms):     [4096.0, 4098.93, 4102.46, 4102.49, 4102.57, 4102.56, 4102.62, 4102.63, 4102.81, 4102.65]
exp031-n4096-k20-d230-bs40-f1.000-r00:023792.488: (96 sec)
exp031-n4096-k20-d230-bs40-f1.000-r00:023792.489: Loop 38/100
exp031-n4096-k20-d230-bs40-f1.000-r00:023890.970: log(exp-norms): [4096.0, 4098.14, 4100.05]
exp031-n4096-k20-d230-bs40-f1.000-r00:023890.971: log(norms):     [4096.0, 4098.93, 4102.46, 4102.49, 4102.57, 4102.56, 4102.62, 4102.63, 4102.76, 4102.69]
exp031-n4096-k20-d230-bs40-f1.000-r00:023890.995: (99 sec)
exp031-n4096-k20-d230-bs40-f1.000-r00:023890.995: Loop 39/100
exp031-n4096-k20-d230-bs40-f1.000-r00:023987.969: log(exp-norms): [4096.0, 4098.14, 4100.05]
exp031-n4096-k20-d230-bs40-f1.000-r00:023987.970: log(norms):     [4096.0, 4098.93, 4102.46, 4102.49, 4102.57, 4102.56, 4102.62, 4102.63, 4102.76, 4102.69]
exp031-n4096-k20-d230-bs40-f1.000-r00:023987.995: (97 sec)
exp031-n4096-k20-d230-bs40-f1.000-r00:023987.995: Loop 40/100
exp031-n4096-k20-d230-bs40-f1.000-r00:024100.148: log(exp-norms): [4096.0, 4098.14, 4100.05]
exp031-n4096-k20-d230-bs40-f1.000-r00:024100.148: log(norms):     [4096.0, 4098.93, 4102.46, 4102.49, 4102.47, 4102.57, 4102.62, 4102.56, 4102.63, 4102.69]
exp031-n4096-k20-d230-bs40-f1.000-r00:024100.173: (113 sec)
exp031-n4096-k20-d230-bs40-f1.000-r00:024100.173: Loop 41/100
exp031-n4096-k20-d230-bs40-f1.000-r00:024199.467: log(exp-norms): [4096.0, 4098.14, 4100.05]
exp031-n4096-k20-d230-bs40-f1.000-r00:024199.468: log(norms):     [4096.0, 4098.93, 4102.46, 4102.49, 4102.47, 4102.57, 4102.74, 4102.62, 4102.56, 4102.63]
exp031-n4096-k20-d230-bs40-f1.000-r00:024199.492: (100 sec)
exp031-n4096-k20-d230-bs40-f1.000-r00:024199.492: Loop 42/100
exp031-n4096-k20-d230-bs40-f1.000-r00:024343.573: log(exp-norms): [4096.0, 4098.14, 4100.05]
exp031-n4096-k20-d230-bs40-f1.000-r00:024343.573: log(norms):     [4096.0, 4098.93, 4102.46, 4102.49, 4102.47, 4102.57, 4102.74, 4102.5, 4102.62, 4102.56]
exp031-n4096-k20-d230-bs40-f1.000-r00:024343.615: (145 sec)
exp031-n4096-k20-d230-bs40-f1.000-r00:024343.615: Loop 43/100
exp031-n4096-k20-d230-bs40-f1.000-r00:024501.933: log(exp-norms): [4096.0, 4098.14, 4100.05]
exp031-n4096-k20-d230-bs40-f1.000-r00:024501.933: log(norms):     [4096.0, 4098.93, 4102.46, 4102.49, 4102.47, 4102.5, 4102.59, 4102.57, 4102.56, 4102.62]
exp031-n4096-k20-d230-bs40-f1.000-r00:024501.971: (159 sec)
exp031-n4096-k20-d230-bs40-f1.000-r00:024501.971: Loop 44/100
exp031-n4096-k20-d230-bs40-f1.000-r00:024641.816: log(exp-norms): [4096.0, 4098.14, 4100.05]
exp031-n4096-k20-d230-bs40-f1.000-r00:024641.817: log(norms):     [4096.0, 4098.93, 4102.46, 4102.49, 4102.47, 4102.5, 4102.59, 4102.57, 4102.56, 4102.62]
exp031-n4096-k20-d230-bs40-f1.000-r00:024641.841: (140 sec)
exp031-n4096-k20-d230-bs40-f1.000-r00:024641.842: Loop 45/100
exp031-n4096-k20-d230-bs40-f1.000-r00:024735.590: log(exp-norms): [4096.0, 4098.14, 4100.05]
exp031-n4096-k20-d230-bs40-f1.000-r00:024735.590: log(norms):     [4096.0, 4098.93, 4102.46, 4102.49, 4102.47, 4102.5, 4102.59, 4102.57, 4102.56, 4102.62]
exp031-n4096-k20-d230-bs40-f1.000-r00:024735.614: (94 sec)
exp031-n4096-k20-d230-bs40-f1.000-r00:024735.615: Loop 46/100
exp031-n4096-k20-d230-bs40-f1.000-r00:024831.537: log(exp-norms): [4096.0, 4098.14, 4100.05]
exp031-n4096-k20-d230-bs40-f1.000-r00:024831.538: log(norms):     [4096.0, 4098.93, 4102.46, 4102.49, 4102.47, 4102.5, 4102.59, 4102.67, 4102.47, 4102.63]
exp031-n4096-k20-d230-bs40-f1.000-r00:024831.562: (96 sec)
exp031-n4096-k20-d230-bs40-f1.000-r00:024831.562: Loop 47/100
exp031-n4096-k20-d230-bs40-f1.000-r00:024933.673: log(exp-norms): [4096.0, 4098.14, 4100.05]
exp031-n4096-k20-d230-bs40-f1.000-r00:024933.673: log(norms):     [4096.0, 4098.93, 4102.46, 4102.49, 4102.47, 4102.5, 4102.46, 4102.59, 4102.67, 4102.47]
exp031-n4096-k20-d230-bs40-f1.000-r00:024933.699: (103 sec)
exp031-n4096-k20-d230-bs40-f1.000-r00:024933.699: Loop 48/100
exp031-n4096-k20-d230-bs40-f1.000-r00:025035.840: log(exp-norms): [4096.0, 4098.14, 4100.05]
exp031-n4096-k20-d230-bs40-f1.000-r00:025035.841: log(norms):     [4096.0, 4098.93, 4102.46, 4102.49, 4102.47, 4102.5, 4102.46, 4102.59, 4102.55, 4102.63]
exp031-n4096-k20-d230-bs40-f1.000-r00:025035.865: (103 sec)
exp031-n4096-k20-d230-bs40-f1.000-r00:025035.865: Loop 49/100
exp031-n4096-k20-d230-bs40-f1.000-r00:025143.689: log(exp-norms): [4096.0, 4098.14, 4100.05]
exp031-n4096-k20-d230-bs40-f1.000-r00:025143.690: log(norms):     [4096.0, 4098.93, 4102.46, 4102.49, 4102.47, 4102.5, 4102.46, 4102.59, 4102.55, 4102.63]
exp031-n4096-k20-d230-bs40-f1.000-r00:025143.729: (108 sec)
exp031-n4096-k20-d230-bs40-f1.000-r00:025143.730: Loop 50/100
exp031-n4096-k20-d230-bs40-f1.000-r00:025282.336: log(exp-norms): [4096.0, 4098.14, 4100.05]
exp031-n4096-k20-d230-bs40-f1.000-r00:025282.337: log(norms):     [4096.0, 4098.93, 4102.46, 4102.49, 4102.47, 4102.5, 4102.57, 4102.46, 4102.41, 4102.59]
exp031-n4096-k20-d230-bs40-f1.000-r00:025282.361: (139 sec)
exp031-n4096-k20-d230-bs40-f1.000-r00:025282.362: Loop 51/100
exp031-n4096-k20-d230-bs40-f1.000-r00:025381.703: log(exp-norms): [4096.0, 4098.14, 4100.05]
exp031-n4096-k20-d230-bs40-f1.000-r00:025381.703: log(norms):     [4096.0, 4098.93, 4102.41, 4102.46, 4102.46, 4102.49, 4102.5, 4102.69, 4102.64, 4102.47]
exp031-n4096-k20-d230-bs40-f1.000-r00:025381.729: (100 sec)
exp031-n4096-k20-d230-bs40-f1.000-r00:025381.729: Loop 52/100
exp031-n4096-k20-d230-bs40-f1.000-r00:025494.266: log(exp-norms): [4096.0, 4098.14, 4100.05]
exp031-n4096-k20-d230-bs40-f1.000-r00:025494.267: log(norms):     [4096.0, 4098.93, 4102.41, 4102.42, 4102.54, 4102.46, 4102.75, 4102.69, 4102.78, 4102.46]
exp031-n4096-k20-d230-bs40-f1.000-r00:025494.291: (113 sec)
exp031-n4096-k20-d230-bs40-f1.000-r00:025494.291: Loop 53/100
exp031-n4096-k20-d230-bs40-f1.000-r00:025612.913: log(exp-norms): [4096.0, 4098.14, 4100.05]
exp031-n4096-k20-d230-bs40-f1.000-r00:025612.913: log(norms):     [4096.0, 4098.93, 4102.41, 4102.42, 4102.54, 4102.47, 4102.54, 4102.72, 4102.46, 4102.54]
exp031-n4096-k20-d230-bs40-f1.000-r00:025612.938: (119 sec)
exp031-n4096-k20-d230-bs40-f1.000-r00:025612.938: Loop 54/100
exp031-n4096-k20-d230-bs40-f1.000-r00:025710.747: log(exp-norms): [4096.0, 4098.14, 4100.05]
exp031-n4096-k20-d230-bs40-f1.000-r00:025710.747: log(norms):     [4096.0, 4098.93, 4102.41, 4102.42, 4102.54, 4102.47, 4102.54, 4102.74, 4102.61, 4102.68]
exp031-n4096-k20-d230-bs40-f1.000-r00:025710.771: (98 sec)
exp031-n4096-k20-d230-bs40-f1.000-r00:025710.772: Loop 55/100
exp031-n4096-k20-d230-bs40-f1.000-r00:025812.103: log(exp-norms): [4096.0, 4098.14, 4100.05]
exp031-n4096-k20-d230-bs40-f1.000-r00:025812.104: log(norms):     [4096.0, 4098.93, 4102.41, 4102.42, 4102.54, 4102.47, 4102.54, 4102.74, 4102.61, 4102.68]
exp031-n4096-k20-d230-bs40-f1.000-r00:025812.143: (102 sec)
exp031-n4096-k20-d230-bs40-f1.000-r00:025812.143: Loop 56/100
exp031-n4096-k20-d230-bs40-f1.000-r00:025917.169: log(exp-norms): [4096.0, 4098.14, 4100.05]
exp031-n4096-k20-d230-bs40-f1.000-r00:025917.170: log(norms):     [4096.0, 4098.93, 4102.41, 4102.42, 4102.42, 4102.53, 4102.47, 4102.54, 4102.74, 4102.61]
exp031-n4096-k20-d230-bs40-f1.000-r00:025917.194: (106 sec)
exp031-n4096-k20-d230-bs40-f1.000-r00:025917.194: Loop 57/100
exp031-n4096-k20-d230-bs40-f1.000-r00:026035.567: log(exp-norms): [4096.0, 4098.14, 4100.05]
exp031-n4096-k20-d230-bs40-f1.000-r00:026035.568: log(norms):     [4096.0, 4098.93, 4102.41, 4102.42, 4102.42, 4102.53, 4102.47, 4102.54, 4102.74, 4102.61]
exp031-n4096-k20-d230-bs40-f1.000-r00:026035.604: (119 sec)
exp031-n4096-k20-d230-bs40-f1.000-r00:026035.604: Loop 58/100
exp031-n4096-k20-d230-bs40-f1.000-r00:026183.754: log(exp-norms): [4096.0, 4098.14, 4100.05]
exp031-n4096-k20-d230-bs40-f1.000-r00:026183.755: log(norms):     [4096.0, 4098.93, 4102.41, 4102.42, 4102.42, 4102.53, 4102.47, 4102.54, 4102.74, 4102.61]
exp031-n4096-k20-d230-bs40-f1.000-r00:026183.780: (149 sec)
exp031-n4096-k20-d230-bs40-f1.000-r00:026183.780: Loop 59/100
exp031-n4096-k20-d230-bs40-f1.000-r00:026280.791: log(exp-norms): [4096.0, 4098.14, 4100.05]
exp031-n4096-k20-d230-bs40-f1.000-r00:026280.791: log(norms):     [4096.0, 4098.93, 4102.41, 4102.42, 4102.42, 4102.53, 4102.47, 4102.54, 4102.74, 4102.61]
exp031-n4096-k20-d230-bs40-f1.000-r00:026280.815: (98 sec)
exp031-n4096-k20-d230-bs40-f1.000-r00:026280.816: Loop 60/100
exp031-n4096-k20-d230-bs40-f1.000-r00:026378.055: log(exp-norms): [4096.0, 4098.14, 4100.05]
exp031-n4096-k20-d230-bs40-f1.000-r00:026378.055: log(norms):     [4096.0, 4098.93, 4102.41, 4102.42, 4102.42, 4102.53, 4102.47, 4102.54, 4102.74, 4102.61]
exp031-n4096-k20-d230-bs40-f1.000-r00:026378.080: (98 sec)
exp031-n4096-k20-d230-bs40-f1.000-r00:026378.080: Loop 61/100
exp031-n4096-k20-d230-bs40-f1.000-r00:026469.088: log(exp-norms): [4096.0, 4098.14, 4100.05]
exp031-n4096-k20-d230-bs40-f1.000-r00:026469.089: log(norms):     [4096.0, 4098.93, 4102.41, 4102.42, 4102.42, 4102.53, 4102.47, 4102.54, 4102.74, 4102.61]
exp031-n4096-k20-d230-bs40-f1.000-r00:026469.114: (92 sec)
exp031-n4096-k20-d230-bs40-f1.000-r00:026469.114: Loop 62/100
exp031-n4096-k20-d230-bs40-f1.000-r00:026561.475: log(exp-norms): [4096.0, 4098.14, 4100.05]
exp031-n4096-k20-d230-bs40-f1.000-r00:026561.476: log(norms):     [4096.0, 4098.93, 4102.41, 4102.42, 4102.42, 4102.53, 4102.47, 4102.58, 4102.7, 4102.54]
exp031-n4096-k20-d230-bs40-f1.000-r00:026561.501: (93 sec)
exp031-n4096-k20-d230-bs40-f1.000-r00:026561.501: Loop 63/100
exp031-n4096-k20-d230-bs40-f1.000-r00:026662.979: log(exp-norms): [4096.0, 4098.14, 4100.05]
exp031-n4096-k20-d230-bs40-f1.000-r00:026662.980: log(norms):     [4096.0, 4098.93, 4102.41, 4102.42, 4102.42, 4102.53, 4102.47, 4102.49, 4102.7, 4102.58]
exp031-n4096-k20-d230-bs40-f1.000-r00:026663.004: (102 sec)
exp031-n4096-k20-d230-bs40-f1.000-r00:026663.004: Loop 64/100
exp031-n4096-k20-d230-bs40-f1.000-r00:026757.487: log(exp-norms): [4096.0, 4098.14, 4100.05]
exp031-n4096-k20-d230-bs40-f1.000-r00:026757.488: log(norms):     [4096.0, 4098.93, 4102.41, 4102.49, 4102.42, 4102.42, 4102.47, 4102.53, 4102.62, 4102.65]
exp031-n4096-k20-d230-bs40-f1.000-r00:026757.513: (95 sec)
exp031-n4096-k20-d230-bs40-f1.000-r00:026757.513: Loop 65/100
exp031-n4096-k20-d230-bs40-f1.000-r00:026857.107: log(exp-norms): [4096.0, 4098.14, 4100.05]
exp031-n4096-k20-d230-bs40-f1.000-r00:026857.107: log(norms):     [4096.0, 4098.93, 4102.41, 4102.49, 4102.42, 4102.42, 4102.47, 4102.53, 4102.62, 4102.65]
exp031-n4096-k20-d230-bs40-f1.000-r00:026857.132: (100 sec)
exp031-n4096-k20-d230-bs40-f1.000-r00:026857.132: Loop 66/100
exp031-n4096-k20-d230-bs40-f1.000-r00:026960.831: log(exp-norms): [4096.0, 4098.14, 4100.05]
exp031-n4096-k20-d230-bs40-f1.000-r00:026960.832: log(norms):     [4096.0, 4098.93, 4102.41, 4102.49, 4102.42, 4102.42, 4102.47, 4102.53, 4102.62, 4102.65]
exp031-n4096-k20-d230-bs40-f1.000-r00:026960.871: (104 sec)
exp031-n4096-k20-d230-bs40-f1.000-r00:026960.871: Loop 67/100
exp031-n4096-k20-d230-bs40-f1.000-r00:027088.787: log(exp-norms): [4096.0, 4098.14, 4100.05]
exp031-n4096-k20-d230-bs40-f1.000-r00:027088.787: log(norms):     [4096.0, 4098.93, 4102.41, 4102.49, 4102.42, 4102.42, 4102.47, 4102.53, 4102.62, 4102.65]
exp031-n4096-k20-d230-bs40-f1.000-r00:027088.827: (128 sec)
exp031-n4096-k20-d230-bs40-f1.000-r00:027088.827: Loop 68/100
exp031-n4096-k20-d230-bs40-f1.000-r00:027196.112: log(exp-norms): [4096.0, 4098.14, 4100.05]
exp031-n4096-k20-d230-bs40-f1.000-r00:027196.112: log(norms):     [4096.0, 4098.93, 4102.41, 4102.49, 4102.42, 4102.42, 4102.47, 4102.53, 4102.62, 4102.65]
exp031-n4096-k20-d230-bs40-f1.000-r00:027196.136: (108 sec)
exp031-n4096-k20-d230-bs40-f1.000-r00:027196.137: Loop 69/100
exp031-n4096-k20-d230-bs40-f1.000-r00:027297.936: log(exp-norms): [4096.0, 4098.14, 4100.05]
exp031-n4096-k20-d230-bs40-f1.000-r00:027297.936: log(norms):     [4096.0, 4098.93, 4102.41, 4102.49, 4102.42, 4102.42, 4102.47, 4102.53, 4102.62, 4102.65]
exp031-n4096-k20-d230-bs40-f1.000-r00:027297.961: (102 sec)
exp031-n4096-k20-d230-bs40-f1.000-r00:027297.961: Loop 70/100
exp031-n4096-k20-d230-bs40-f1.000-r00:027393.441: log(exp-norms): [4096.0, 4098.14, 4100.05]
exp031-n4096-k20-d230-bs40-f1.000-r00:027393.441: log(norms):     [4096.0, 4098.93, 4102.41, 4102.49, 4102.42, 4102.42, 4102.64, 4102.47, 4102.62, 4102.53]
exp031-n4096-k20-d230-bs40-f1.000-r00:027393.467: (96 sec)
exp031-n4096-k20-d230-bs40-f1.000-r00:027393.467: Loop 71/100
exp031-n4096-k20-d230-bs40-f1.000-r00:027489.658: log(exp-norms): [4096.0, 4098.14, 4100.05]
exp031-n4096-k20-d230-bs40-f1.000-r00:027489.658: log(norms):     [4096.0, 4098.93, 4102.41, 4102.49, 4102.42, 4102.42, 4102.64, 4102.47, 4102.62, 4102.53]
exp031-n4096-k20-d230-bs40-f1.000-r00:027489.683: (97 sec)
exp031-n4096-k20-d230-bs40-f1.000-r00:027489.683: Loop 72/100
exp031-n4096-k20-d230-bs40-f1.000-r00:027612.356: log(exp-norms): [4096.0, 4098.14, 4100.05]
exp031-n4096-k20-d230-bs40-f1.000-r00:027612.357: log(norms):     [4096.0, 4098.93, 4102.41, 4102.49, 4102.42, 4102.42, 4102.64, 4102.47, 4102.62, 4102.53]
exp031-n4096-k20-d230-bs40-f1.000-r00:027612.393: (123 sec)
exp031-n4096-k20-d230-bs40-f1.000-r00:027612.393: Loop 73/100
exp031-n4096-k20-d230-bs40-f1.000-r00:027744.609: log(exp-norms): [4096.0, 4098.14, 4100.05]
exp031-n4096-k20-d230-bs40-f1.000-r00:027744.609: log(norms):     [4096.0, 4098.93, 4102.41, 4102.49, 4102.42, 4102.42, 4102.64, 4102.47, 4102.62, 4102.53]
exp031-n4096-k20-d230-bs40-f1.000-r00:027744.638: (133 sec)
exp031-n4096-k20-d230-bs40-f1.000-r00:027744.638: Loop 74/100
exp031-n4096-k20-d230-bs40-f1.000-r00:027842.744: log(exp-norms): [4096.0, 4098.14, 4100.05]
exp031-n4096-k20-d230-bs40-f1.000-r00:027842.744: log(norms):     [4096.0, 4098.93, 4102.41, 4102.49, 4102.42, 4102.42, 4102.64, 4102.47, 4102.62, 4102.53]
exp031-n4096-k20-d230-bs40-f1.000-r00:027842.770: (99 sec)
exp031-n4096-k20-d230-bs40-f1.000-r00:027842.770: Loop 75/100
exp031-n4096-k20-d230-bs40-f1.000-r00:027976.891: log(exp-norms): [4096.0, 4098.14, 4100.05]
exp031-n4096-k20-d230-bs40-f1.000-r00:027976.891: log(norms):     [4096.0, 4098.93, 4102.41, 4102.49, 4102.42, 4102.42, 4102.64, 4102.47, 4102.62, 4102.53]
exp031-n4096-k20-d230-bs40-f1.000-r00:027976.933: (135 sec)
exp031-n4096-k20-d230-bs40-f1.000-r00:027976.933: Loop 76/100
exp031-n4096-k20-d230-bs40-f1.000-r00:028100.607: log(exp-norms): [4096.0, 4098.14, 4100.05]
exp031-n4096-k20-d230-bs40-f1.000-r00:028100.607: log(norms):     [4096.0, 4098.93, 4102.41, 4102.49, 4102.42, 4102.42, 4102.64, 4102.47, 4102.62, 4102.53]
exp031-n4096-k20-d230-bs40-f1.000-r00:028100.644: (124 sec)
exp031-n4096-k20-d230-bs40-f1.000-r00:028100.644: Loop 77/100
exp031-n4096-k20-d230-bs40-f1.000-r00:028214.074: log(exp-norms): [4096.0, 4098.14, 4100.05]
exp031-n4096-k20-d230-bs40-f1.000-r00:028214.075: log(norms):     [4096.0, 4098.93, 4102.41, 4102.49, 4102.42, 4102.42, 4102.64, 4102.47, 4102.62, 4102.53]
exp031-n4096-k20-d230-bs40-f1.000-r00:028214.100: (114 sec)
exp031-n4096-k20-d230-bs40-f1.000-r00:028214.100: Loop 78/100
exp031-n4096-k20-d230-bs40-f1.000-r00:028339.809: log(exp-norms): [4096.0, 4098.14, 4100.05]
exp031-n4096-k20-d230-bs40-f1.000-r00:028339.809: log(norms):     [4096.0, 4098.93, 4102.41, 4102.49, 4102.42, 4102.42, 4102.64, 4102.47, 4102.62, 4102.53]
exp031-n4096-k20-d230-bs40-f1.000-r00:028339.850: (126 sec)
exp031-n4096-k20-d230-bs40-f1.000-r00:028339.851: Loop 79/100
exp031-n4096-k20-d230-bs40-f1.000-r00:028476.198: log(exp-norms): [4096.0, 4098.14, 4100.05]
exp031-n4096-k20-d230-bs40-f1.000-r00:028476.198: log(norms):     [4096.0, 4098.93, 4102.41, 4102.49, 4102.42, 4102.42, 4102.64, 4102.47, 4102.62, 4102.53]
exp031-n4096-k20-d230-bs40-f1.000-r00:028476.223: (137 sec)
exp031-n4096-k20-d230-bs40-f1.000-r00:028476.224: Loop 80/100
exp031-n4096-k20-d230-bs40-f1.000-r00:028562.743: log(exp-norms): [4096.0, 4098.14, 4100.05]
exp031-n4096-k20-d230-bs40-f1.000-r00:028562.744: log(norms):     [4096.0, 4098.93, 4102.39, 4102.41, 4102.49, 4102.42, 4102.42, 4102.64, 4102.62, 4102.47]
exp031-n4096-k20-d230-bs40-f1.000-r00:028562.769: (87 sec)
exp031-n4096-k20-d230-bs40-f1.000-r00:028562.769: Loop 81/100
exp031-n4096-k20-d230-bs40-f1.000-r00:028662.275: log(exp-norms): [4096.0, 4098.14, 4100.05]
exp031-n4096-k20-d230-bs40-f1.000-r00:028662.275: log(norms):     [4096.0, 4098.93, 4102.39, 4102.41, 4102.49, 4102.42, 4102.42, 4102.51, 4102.47, 4102.56]
exp031-n4096-k20-d230-bs40-f1.000-r00:028662.299: (100 sec)
exp031-n4096-k20-d230-bs40-f1.000-r00:028662.299: Loop 82/100
exp031-n4096-k20-d230-bs40-f1.000-r00:028762.633: log(exp-norms): [4096.0, 4098.14, 4100.05]
exp031-n4096-k20-d230-bs40-f1.000-r00:028762.633: log(norms):     [4096.0, 4098.93, 4102.39, 4102.41, 4102.49, 4102.42, 4102.42, 4102.51, 4102.47, 4102.56]
exp031-n4096-k20-d230-bs40-f1.000-r00:028762.659: (101 sec)
exp031-n4096-k20-d230-bs40-f1.000-r00:028762.659: Loop 83/100
exp031-n4096-k20-d230-bs40-f1.000-r00:028856.127: log(exp-norms): [4096.0, 4098.14, 4100.05]
exp031-n4096-k20-d230-bs40-f1.000-r00:028856.128: log(norms):     [4096.0, 4098.93, 4102.39, 4102.41, 4102.49, 4102.43, 4102.42, 4102.42, 4102.74, 4102.49]
exp031-n4096-k20-d230-bs40-f1.000-r00:028856.152: (94 sec)
exp031-n4096-k20-d230-bs40-f1.000-r00:028856.152: Loop 84/100
exp031-n4096-k20-d230-bs40-f1.000-r00:028955.136: log(exp-norms): [4096.0, 4098.14, 4100.05]
exp031-n4096-k20-d230-bs40-f1.000-r00:028955.136: log(norms):     [4096.0, 4098.93, 4102.39, 4102.41, 4102.49, 4102.43, 4102.42, 4102.42, 4102.74, 4102.49]
exp031-n4096-k20-d230-bs40-f1.000-r00:028955.161: (100 sec)
exp031-n4096-k20-d230-bs40-f1.000-r00:028955.161: Loop 85/100
exp031-n4096-k20-d230-bs40-f1.000-r00:029072.376: log(exp-norms): [4096.0, 4098.14, 4100.05]
exp031-n4096-k20-d230-bs40-f1.000-r00:029072.376: log(norms):     [4096.0, 4098.93, 4102.39, 4102.41, 4102.49, 4102.43, 4102.42, 4102.42, 4102.74, 4102.49]
exp031-n4096-k20-d230-bs40-f1.000-r00:029072.416: (118 sec)
exp031-n4096-k20-d230-bs40-f1.000-r00:029072.417: Loop 86/100
exp031-n4096-k20-d230-bs40-f1.000-r00:029202.548: log(exp-norms): [4096.0, 4098.14, 4100.05]
exp031-n4096-k20-d230-bs40-f1.000-r00:029202.548: log(norms):     [4096.0, 4098.93, 4102.39, 4102.41, 4102.49, 4102.43, 4102.42, 4102.42, 4102.74, 4102.49]
exp031-n4096-k20-d230-bs40-f1.000-r00:029202.572: (131 sec)
exp031-n4096-k20-d230-bs40-f1.000-r00:029202.573: Loop 87/100
exp031-n4096-k20-d230-bs40-f1.000-r00:029300.000: log(exp-norms): [4096.0, 4098.14, 4100.05]
exp031-n4096-k20-d230-bs40-f1.000-r00:029300.001: log(norms):     [4096.0, 4098.93, 4102.39, 4102.41, 4102.49, 4102.43, 4102.42, 4102.42, 4102.74, 4102.49]
exp031-n4096-k20-d230-bs40-f1.000-r00:029300.026: (98 sec)
exp031-n4096-k20-d230-bs40-f1.000-r00:029300.026: Loop 88/100
exp031-n4096-k20-d230-bs40-f1.000-r00:029408.017: log(exp-norms): [4096.0, 4098.14, 4100.05]
exp031-n4096-k20-d230-bs40-f1.000-r00:029408.017: log(norms):     [4096.0, 4098.93, 4102.39, 4102.41, 4102.49, 4102.43, 4102.42, 4102.42, 4102.74, 4102.49]
exp031-n4096-k20-d230-bs40-f1.000-r00:029408.053: (109 sec)
exp031-n4096-k20-d230-bs40-f1.000-r00:029408.053: Loop 89/100
exp031-n4096-k20-d230-bs40-f1.000-r00:029515.734: log(exp-norms): [4096.0, 4098.14, 4100.05]
exp031-n4096-k20-d230-bs40-f1.000-r00:029515.734: log(norms):     [4096.0, 4098.93, 4102.39, 4102.41, 4102.49, 4102.43, 4102.42, 4102.42, 4102.74, 4102.47]
exp031-n4096-k20-d230-bs40-f1.000-r00:029515.759: (108 sec)
exp031-n4096-k20-d230-bs40-f1.000-r00:029515.759: Loop 90/100
exp031-n4096-k20-d230-bs40-f1.000-r00:029631.185: log(exp-norms): [4096.0, 4098.14, 4100.05]
exp031-n4096-k20-d230-bs40-f1.000-r00:029631.186: log(norms):     [4096.0, 4098.93, 4102.39, 4102.41, 4102.49, 4102.43, 4102.42, 4102.42, 4102.74, 4102.47]
exp031-n4096-k20-d230-bs40-f1.000-r00:029631.210: (116 sec)
exp031-n4096-k20-d230-bs40-f1.000-r00:029631.210: Loop 91/100
exp031-n4096-k20-d230-bs40-f1.000-r00:029749.529: log(exp-norms): [4096.0, 4098.14, 4100.05]
exp031-n4096-k20-d230-bs40-f1.000-r00:029749.529: log(norms):     [4096.0, 4098.93, 4102.39, 4102.41, 4102.49, 4102.43, 4102.42, 4102.42, 4102.74, 4102.47]
exp031-n4096-k20-d230-bs40-f1.000-r00:029749.570: (119 sec)
exp031-n4096-k20-d230-bs40-f1.000-r00:029749.570: Loop 92/100
exp031-n4096-k20-d230-bs40-f1.000-r00:029861.002: log(exp-norms): [4096.0, 4098.14, 4100.05]
exp031-n4096-k20-d230-bs40-f1.000-r00:029861.003: log(norms):     [4096.0, 4098.93, 4102.39, 4102.41, 4102.49, 4102.43, 4102.42, 4102.42, 4102.74, 4102.47]
exp031-n4096-k20-d230-bs40-f1.000-r00:029861.043: (112 sec)
exp031-n4096-k20-d230-bs40-f1.000-r00:029861.043: Loop 93/100
exp031-n4096-k20-d230-bs40-f1.000-r00:029988.541: log(exp-norms): [4096.0, 4098.14, 4100.05]
exp031-n4096-k20-d230-bs40-f1.000-r00:029988.541: log(norms):     [4096.0, 4098.93, 4102.39, 4102.41, 4102.49, 4102.43, 4102.42, 4102.59, 4102.46, 4102.47]
exp031-n4096-k20-d230-bs40-f1.000-r00:029988.581: (128 sec)
exp031-n4096-k20-d230-bs40-f1.000-r00:029988.581: Loop 94/100
exp031-n4096-k20-d230-bs40-f1.000-r00:030099.437: log(exp-norms): [4096.0, 4098.14, 4100.05]
exp031-n4096-k20-d230-bs40-f1.000-r00:030099.437: log(norms):     [4096.0, 4098.93, 4102.39, 4102.41, 4102.49, 4102.43, 4102.42, 4102.59, 4102.46, 4102.66]
exp031-n4096-k20-d230-bs40-f1.000-r00:030099.463: (111 sec)
exp031-n4096-k20-d230-bs40-f1.000-r00:030099.463: Loop 95/100
exp031-n4096-k20-d230-bs40-f1.000-r00:030193.014: log(exp-norms): [4096.0, 4098.14, 4100.05]
exp031-n4096-k20-d230-bs40-f1.000-r00:030193.015: log(norms):     [4096.0, 4098.93, 4102.39, 4102.41, 4102.49, 4102.43, 4102.42, 4102.59, 4102.46, 4102.66]
exp031-n4096-k20-d230-bs40-f1.000-r00:030193.039: (94 sec)
exp031-n4096-k20-d230-bs40-f1.000-r00:030193.039: Loop 96/100
exp031-n4096-k20-d230-bs40-f1.000-r00:030289.093: log(exp-norms): [4096.0, 4098.14, 4100.05]
exp031-n4096-k20-d230-bs40-f1.000-r00:030289.093: log(norms):     [4096.0, 4098.93, 4102.39, 4102.41, 4102.49, 4102.43, 4102.42, 4102.59, 4102.46, 4102.66]
exp031-n4096-k20-d230-bs40-f1.000-r00:030289.117: (97 sec)
exp031-n4096-k20-d230-bs40-f1.000-r00:030289.117: Loop 97/100
exp031-n4096-k20-d230-bs40-f1.000-r00:030384.673: log(exp-norms): [4096.0, 4098.14, 4100.05]
exp031-n4096-k20-d230-bs40-f1.000-r00:030384.673: log(norms):     [4096.0, 4098.93, 4102.39, 4102.41, 4102.49, 4102.43, 4102.42, 4102.59, 4102.46, 4102.66]
exp031-n4096-k20-d230-bs40-f1.000-r00:030384.699: (96 sec)
exp031-n4096-k20-d230-bs40-f1.000-r00:030384.699: Loop 98/100
exp031-n4096-k20-d230-bs40-f1.000-r00:030491.706: log(exp-norms): [4096.0, 4098.14, 4100.05]
exp031-n4096-k20-d230-bs40-f1.000-r00:030491.707: log(norms):     [4096.0, 4098.93, 4102.39, 4102.41, 4102.49, 4102.43, 4102.42, 4102.59, 4102.46, 4102.66]
exp031-n4096-k20-d230-bs40-f1.000-r00:030491.731: (108 sec)
exp031-n4096-k20-d230-bs40-f1.000-r00:030491.731: Loop 99/100
exp031-n4096-k20-d230-bs40-f1.000-r00:030593.215: log(exp-norms): [4096.0, 4098.14, 4100.05]
exp031-n4096-k20-d230-bs40-f1.000-r00:030593.216: log(norms):     [4096.0, 4098.93, 4102.39, 4102.41, 4102.49, 4102.54, 4102.43, 4102.42, 4102.59, 4102.64]
exp031-n4096-k20-d230-bs40-f1.000-r00:030593.260: (102 sec)
exp031-n4096-k20-d230-bs40-f1.000-r00:030593.260: Loop 100/100
exp031-n4096-k20-d230-bs40-f1.000-r00:030697.910: log(exp-norms): [4096.0, 4098.14, 4100.05]
exp031-n4096-k20-d230-bs40-f1.000-r00:030697.910: log(norms):     [4096.0, 4098.93, 4102.39, 4102.41, 4102.49, 4102.54, 4102.43, 4102.42, 4102.59, 4102.64]
exp031-n4096-k20-d230-bs40-f1.000-r00:030697.934: (105 sec)
exp031-n4096-k20-d230-bs40-f1.000-r00:030697.935: ==========================Summary===========================
exp031-n4096-k20-d230-bs40-f1.000-r00:030697.935: Total time: 30698sec
exp031-n4096-k20-d230-bs40-f1.000-r00:030697.935: FAIL
exp031-n4096-k20-d230-bs40-f1.000-r00:030697.935: SUMMARY:n:4096:k:20:d:230:bs:40:t:30698:r:False
