exp003-n4096-k24-d190-bs40-f1.000-r00:000000.498: ==========================Instance==========================
exp003-n4096-k24-d190-bs40-f1.000-r00:000000.498: # of equations: 190
exp003-n4096-k24-d190-bs40-f1.000-r00:000000.505: Gap: 4.45
exp003-n4096-k24-d190-bs40-f1.000-r00:000000.519: Tau: 5.90
exp003-n4096-k24-d190-bs40-f1.000-r00:000000.520: ======================BKZ-40 reduction======================
exp003-n4096-k24-d190-bs40-f1.000-r00:000005.582: Expectedly achievable log(norm): 4101.86
exp003-n4096-k24-d190-bs40-f1.000-r00:000010.756: log(exp-norms): [4096.0, 4098.0, 4100.15]
exp003-n4096-k24-d190-bs40-f1.000-r00:000010.756: log(norms):     [4122.96, 4098.79, 4120.0, 4120.0, 4120.0, 4120.0, 4120.0, 4120.0, 4120.0, 4120.0]
exp003-n4096-k24-d190-bs40-f1.000-r00:000010.854: Loop 1/100
exp003-n4096-k24-d190-bs40-f1.000-r00:005655.173: log(exp-norms): [4096.0, 4098.0, 4100.15]
exp003-n4096-k24-d190-bs40-f1.000-r00:005655.174: log(norms):     [4098.79, 4103.63, 4103.76, 4103.74, 4103.88, 4103.84, 4103.93, 4103.94, 4104.07, 4103.95]
exp003-n4096-k24-d190-bs40-f1.000-r00:005655.211: (5645 sec)
exp003-n4096-k24-d190-bs40-f1.000-r00:005655.212: Loop 2/100
exp003-n4096-k24-d190-bs40-f1.000-r00:005829.355: log(exp-norms): [4096.0, 4098.0, 4100.15]
exp003-n4096-k24-d190-bs40-f1.000-r00:005829.356: log(norms):     [4098.79, 4103.6, 4103.73, 4103.62, 4103.59, 4103.49, 4103.56, 4103.56, 4103.74, 4103.71]
exp003-n4096-k24-d190-bs40-f1.000-r00:005829.393: (175 sec)
exp003-n4096-k24-d190-bs40-f1.000-r00:005829.394: Loop 3/100
exp003-n4096-k24-d190-bs40-f1.000-r00:005996.275: log(exp-norms): [4096.0, 4098.0, 4100.15]
exp003-n4096-k24-d190-bs40-f1.000-r00:005996.276: log(norms):     [4098.79, 4103.24, 4103.29, 4103.41, 4103.48, 4103.41, 4103.5, 4103.52, 4103.48, 4103.66]
exp003-n4096-k24-d190-bs40-f1.000-r00:005996.313: (167 sec)
exp003-n4096-k24-d190-bs40-f1.000-r00:005996.313: Loop 4/100
exp003-n4096-k24-d190-bs40-f1.000-r00:006149.534: log(exp-norms): [4096.0, 4098.0, 4100.15]
exp003-n4096-k24-d190-bs40-f1.000-r00:006149.535: log(norms):     [4096.0, 4098.79, 4103.0, 4103.07, 4103.18, 4103.16, 4103.05, 4103.19, 4103.31, 4103.17]
exp003-n4096-k24-d190-bs40-f1.000-r00:006149.570: (154 sec)
exp003-n4096-k24-d190-bs40-f1.000-r00:006149.570: Loop 5/100
exp003-n4096-k24-d190-bs40-f1.000-r00:006291.872: log(exp-norms): [4096.0, 4098.0, 4100.15]
exp003-n4096-k24-d190-bs40-f1.000-r00:006291.873: log(norms):     [4096.0, 4098.79, 4102.84, 4102.92, 4102.94, 4103.03, 4102.66, 4102.99, 4102.98, 4102.96]
exp003-n4096-k24-d190-bs40-f1.000-r00:006291.909: (143 sec)
exp003-n4096-k24-d190-bs40-f1.000-r00:006291.910: Loop 6/100
exp003-n4096-k24-d190-bs40-f1.000-r00:006423.366: log(exp-norms): [4096.0, 4098.0, 4100.15]
exp003-n4096-k24-d190-bs40-f1.000-r00:006423.366: log(norms):     [4096.0, 4098.79, 4102.66, 4102.8, 4102.74, 4102.7, 4102.77, 4102.81, 4102.85, 4102.95]
exp003-n4096-k24-d190-bs40-f1.000-r00:006423.402: (132 sec)
exp003-n4096-k24-d190-bs40-f1.000-r00:006423.402: Loop 7/100
exp003-n4096-k24-d190-bs40-f1.000-r00:006549.088: log(exp-norms): [4096.0, 4098.0, 4100.15]
exp003-n4096-k24-d190-bs40-f1.000-r00:006549.088: log(norms):     [4096.0, 4098.79, 4102.66, 4102.72, 4102.67, 4102.65, 4102.71, 4102.7, 4102.84, 4102.71]
exp003-n4096-k24-d190-bs40-f1.000-r00:006549.124: (126 sec)
exp003-n4096-k24-d190-bs40-f1.000-r00:006549.125: Loop 8/100
exp003-n4096-k24-d190-bs40-f1.000-r00:006674.415: log(exp-norms): [4096.0, 4098.0, 4100.15]
exp003-n4096-k24-d190-bs40-f1.000-r00:006674.416: log(norms):     [4096.0, 4098.79, 4102.48, 4102.5, 4102.41, 4102.57, 4102.48, 4102.72, 4102.66, 4102.58]
exp003-n4096-k24-d190-bs40-f1.000-r00:006674.451: (126 sec)
exp003-n4096-k24-d190-bs40-f1.000-r00:006674.451: Loop 9/100
exp003-n4096-k24-d190-bs40-f1.000-r00:006793.973: log(exp-norms): [4096.0, 4098.0, 4100.15]
exp003-n4096-k24-d190-bs40-f1.000-r00:006793.973: log(norms):     [4096.0, 4098.79, 4102.34, 4102.41, 4102.4, 4102.5, 4102.41, 4102.5, 4102.59, 4102.61]
exp003-n4096-k24-d190-bs40-f1.000-r00:006794.010: (120 sec)
exp003-n4096-k24-d190-bs40-f1.000-r00:006794.010: Loop 10/100
exp003-n4096-k24-d190-bs40-f1.000-r00:006911.304: log(exp-norms): [4096.0, 4098.0, 4100.15]
exp003-n4096-k24-d190-bs40-f1.000-r00:006911.305: log(norms):     [4096.0, 4098.79, 4102.31, 4102.36, 4102.35, 4102.51, 4102.41, 4102.37, 4102.38, 4102.45]
exp003-n4096-k24-d190-bs40-f1.000-r00:006911.344: (118 sec)
exp003-n4096-k24-d190-bs40-f1.000-r00:006911.344: Loop 11/100
exp003-n4096-k24-d190-bs40-f1.000-r00:007022.858: log(exp-norms): [4096.0, 4098.0, 4100.15]
exp003-n4096-k24-d190-bs40-f1.000-r00:007022.859: log(norms):     [4096.0, 4098.79, 4102.28, 4102.31, 4102.36, 4102.34, 4102.29, 4102.27, 4102.19, 4102.27]
exp003-n4096-k24-d190-bs40-f1.000-r00:007022.895: (112 sec)
exp003-n4096-k24-d190-bs40-f1.000-r00:007022.895: Loop 12/100
exp003-n4096-k24-d190-bs40-f1.000-r00:007136.006: log(exp-norms): [4096.0, 4098.0, 4100.15]
exp003-n4096-k24-d190-bs40-f1.000-r00:007136.006: log(norms):     [4096.0, 4098.79, 4102.16, 4102.19, 4102.21, 4102.32, 4102.26, 4102.18, 4102.38, 4102.44]
exp003-n4096-k24-d190-bs40-f1.000-r00:007136.041: (114 sec)
exp003-n4096-k24-d190-bs40-f1.000-r00:007136.041: Loop 13/100
exp003-n4096-k24-d190-bs40-f1.000-r00:007246.927: log(exp-norms): [4096.0, 4098.0, 4100.15]
exp003-n4096-k24-d190-bs40-f1.000-r00:007246.927: log(norms):     [4096.0, 4098.79, 4102.12, 4102.13, 4102.16, 4102.4, 4102.26, 4102.31, 4102.29, 4102.36]
exp003-n4096-k24-d190-bs40-f1.000-r00:007246.963: (111 sec)
exp003-n4096-k24-d190-bs40-f1.000-r00:007246.963: Loop 14/100
exp003-n4096-k24-d190-bs40-f1.000-r00:007353.824: log(exp-norms): [4096.0, 4098.0, 4100.15]
exp003-n4096-k24-d190-bs40-f1.000-r00:007353.824: log(norms):     [4096.0, 4098.79, 4102.11, 4102.12, 4102.33, 4102.13, 4102.13, 4102.13, 4102.46, 4102.28]
exp003-n4096-k24-d190-bs40-f1.000-r00:007353.861: (107 sec)
exp003-n4096-k24-d190-bs40-f1.000-r00:007353.861: Loop 15/100
exp003-n4096-k24-d190-bs40-f1.000-r00:007458.946: log(exp-norms): [4096.0, 4098.0, 4100.15]
exp003-n4096-k24-d190-bs40-f1.000-r00:007458.946: log(norms):     [4096.0, 4098.79, 4102.11, 4102.14, 4102.13, 4102.16, 4102.08, 4102.13, 4102.12, 4102.12]
exp003-n4096-k24-d190-bs40-f1.000-r00:007458.983: (106 sec)
exp003-n4096-k24-d190-bs40-f1.000-r00:007458.983: Loop 16/100
exp003-n4096-k24-d190-bs40-f1.000-r00:007563.056: log(exp-norms): [4096.0, 4098.0, 4100.15]
exp003-n4096-k24-d190-bs40-f1.000-r00:007563.057: log(norms):     [4096.0, 4098.79, 4102.08, 4102.11, 4102.16, 4102.12, 4102.09, 4102.13, 4102.13, 4102.14]
exp003-n4096-k24-d190-bs40-f1.000-r00:007563.092: (105 sec)
exp003-n4096-k24-d190-bs40-f1.000-r00:007563.093: Loop 17/100
exp003-n4096-k24-d190-bs40-f1.000-r00:007671.680: log(exp-norms): [4096.0, 4098.0, 4100.15]
exp003-n4096-k24-d190-bs40-f1.000-r00:007671.680: log(norms):     [4096.0, 4098.79, 4101.98, 4102.16, 4102.11, 4102.08, 4102.4, 4102.27, 4102.11, 4102.29]
exp003-n4096-k24-d190-bs40-f1.000-r00:007671.716: (109 sec)
exp003-n4096-k24-d190-bs40-f1.000-r00:007671.716: Loop 18/100
exp003-n4096-k24-d190-bs40-f1.000-r00:007775.690: log(exp-norms): [4096.0, 4098.0, 4100.15]
exp003-n4096-k24-d190-bs40-f1.000-r00:007775.694: log(norms):     [4096.0, 4098.79, 4101.98, 4102.16, 4102.08, 4102.11, 4102.24, 4102.08, 4102.16, 4102.28]
exp003-n4096-k24-d190-bs40-f1.000-r00:007775.728: (105 sec)
exp003-n4096-k24-d190-bs40-f1.000-r00:007775.729: Loop 19/100
exp003-n4096-k24-d190-bs40-f1.000-r00:007872.309: log(exp-norms): [4096.0, 4098.0, 4100.15]
exp003-n4096-k24-d190-bs40-f1.000-r00:007872.309: log(norms):     [4096.0, 4098.79, 4101.98, 4102.16, 4102.08, 4102.04, 4102.11, 4102.24, 4102.08, 4102.08]
exp003-n4096-k24-d190-bs40-f1.000-r00:007872.345: (97 sec)
exp003-n4096-k24-d190-bs40-f1.000-r00:007872.345: Loop 20/100
exp003-n4096-k24-d190-bs40-f1.000-r00:007974.999: log(exp-norms): [4096.0, 4098.0, 4100.15]
exp003-n4096-k24-d190-bs40-f1.000-r00:007974.999: log(norms):     [4096.0, 4098.79, 4101.98, 4102.0, 4102.05, 4102.16, 4102.19, 4102.23, 4102.08, 4102.1]
exp003-n4096-k24-d190-bs40-f1.000-r00:007975.036: (103 sec)
exp003-n4096-k24-d190-bs40-f1.000-r00:007975.036: Loop 21/100
exp003-n4096-k24-d190-bs40-f1.000-r00:008079.191: log(exp-norms): [4096.0, 4098.0, 4100.15]
exp003-n4096-k24-d190-bs40-f1.000-r00:008079.192: log(norms):     [4096.0, 4098.79, 4101.98, 4102.0, 4102.05, 4102.16, 4102.19, 4102.23, 4102.08, 4102.1]
exp003-n4096-k24-d190-bs40-f1.000-r00:008079.228: (105 sec)
exp003-n4096-k24-d190-bs40-f1.000-r00:008079.228: Loop 22/100
exp003-n4096-k24-d190-bs40-f1.000-r00:008179.553: log(exp-norms): [4096.0, 4098.0, 4100.15]
exp003-n4096-k24-d190-bs40-f1.000-r00:008179.553: log(norms):     [4096.0, 4098.79, 4101.98, 4102.0, 4102.05, 4102.16, 4102.19, 4102.23, 4102.08, 4102.1]
exp003-n4096-k24-d190-bs40-f1.000-r00:008179.589: (101 sec)
exp003-n4096-k24-d190-bs40-f1.000-r00:008179.590: Loop 23/100
exp003-n4096-k24-d190-bs40-f1.000-r00:008288.039: log(exp-norms): [4096.0, 4098.0, 4100.15]
exp003-n4096-k24-d190-bs40-f1.000-r00:008288.040: log(norms):     [4096.0, 4098.79, 4101.98, 4101.98, 4102.0, 4102.05, 4102.11, 4102.08, 4102.26, 4102.03]
exp003-n4096-k24-d190-bs40-f1.000-r00:008288.082: (109 sec)
exp003-n4096-k24-d190-bs40-f1.000-r00:008288.083: Loop 24/100
exp003-n4096-k24-d190-bs40-f1.000-r00:008388.714: log(exp-norms): [4096.0, 4098.0, 4100.15]
exp003-n4096-k24-d190-bs40-f1.000-r00:008388.714: log(norms):     [4096.0, 4098.79, 4101.98, 4101.98, 4102.05, 4102.03, 4102.08, 4102.06, 4102.08, 4102.25]
exp003-n4096-k24-d190-bs40-f1.000-r00:008388.751: (101 sec)
exp003-n4096-k24-d190-bs40-f1.000-r00:008388.751: Loop 25/100
exp003-n4096-k24-d190-bs40-f1.000-r00:008488.783: log(exp-norms): [4096.0, 4098.0, 4100.15]
exp003-n4096-k24-d190-bs40-f1.000-r00:008488.783: log(norms):     [4096.0, 4098.79, 4101.98, 4101.98, 4102.05, 4102.03, 4102.08, 4102.06, 4102.08, 4102.25]
exp003-n4096-k24-d190-bs40-f1.000-r00:008488.819: (101 sec)
exp003-n4096-k24-d190-bs40-f1.000-r00:008488.819: Loop 26/100
exp003-n4096-k24-d190-bs40-f1.000-r00:008592.373: log(exp-norms): [4096.0, 4098.0, 4100.15]
exp003-n4096-k24-d190-bs40-f1.000-r00:008592.374: log(norms):     [4096.0, 4098.79, 4101.98, 4102.01, 4102.05, 4102.0, 4101.98, 4102.23, 4102.05, 4102.23]
exp003-n4096-k24-d190-bs40-f1.000-r00:008592.409: (104 sec)
exp003-n4096-k24-d190-bs40-f1.000-r00:008592.409: Loop 27/100
exp003-n4096-k24-d190-bs40-f1.000-r00:008694.465: log(exp-norms): [4096.0, 4098.0, 4100.15]
exp003-n4096-k24-d190-bs40-f1.000-r00:008694.465: log(norms):     [4096.0, 4098.79, 4101.98, 4102.01, 4102.05, 4102.0, 4102.07, 4101.98, 4102.05, 4102.23]
exp003-n4096-k24-d190-bs40-f1.000-r00:008694.500: (103 sec)
exp003-n4096-k24-d190-bs40-f1.000-r00:008694.501: Loop 28/100
exp003-n4096-k24-d190-bs40-f1.000-r00:008794.580: log(exp-norms): [4096.0, 4098.0, 4100.15]
exp003-n4096-k24-d190-bs40-f1.000-r00:008794.581: log(norms):     [4096.0, 4098.79, 4101.98, 4102.01, 4102.05, 4102.0, 4102.07, 4102.13, 4102.08, 4101.98]
exp003-n4096-k24-d190-bs40-f1.000-r00:008794.616: (101 sec)
exp003-n4096-k24-d190-bs40-f1.000-r00:008794.616: Loop 29/100
exp003-n4096-k24-d190-bs40-f1.000-r00:008898.251: log(exp-norms): [4096.0, 4098.0, 4100.15]
exp003-n4096-k24-d190-bs40-f1.000-r00:008898.251: log(norms):     [4096.0, 4098.79, 4101.98, 4102.01, 4102.05, 4102.0, 4102.18, 4101.98, 4102.07, 4102.13]
exp003-n4096-k24-d190-bs40-f1.000-r00:008898.287: (104 sec)
exp003-n4096-k24-d190-bs40-f1.000-r00:008898.287: Loop 30/100
exp003-n4096-k24-d190-bs40-f1.000-r00:008999.054: log(exp-norms): [4096.0, 4098.0, 4100.15]
exp003-n4096-k24-d190-bs40-f1.000-r00:008999.054: log(norms):     [4096.0, 4098.79, 4101.98, 4102.01, 4102.05, 4102.0, 4102.18, 4101.98, 4102.07, 4102.13]
exp003-n4096-k24-d190-bs40-f1.000-r00:008999.090: (101 sec)
exp003-n4096-k24-d190-bs40-f1.000-r00:008999.090: Loop 31/100
exp003-n4096-k24-d190-bs40-f1.000-r00:009101.210: log(exp-norms): [4096.0, 4098.0, 4100.15]
exp003-n4096-k24-d190-bs40-f1.000-r00:009101.210: log(norms):     [4096.0, 4098.79, 4101.98, 4102.01, 4102.05, 4102.0, 4102.18, 4101.98, 4102.17, 4102.19]
exp003-n4096-k24-d190-bs40-f1.000-r00:009101.246: (103 sec)
exp003-n4096-k24-d190-bs40-f1.000-r00:009101.246: Loop 32/100
exp003-n4096-k24-d190-bs40-f1.000-r00:009204.601: log(exp-norms): [4096.0, 4098.0, 4100.15]
exp003-n4096-k24-d190-bs40-f1.000-r00:009204.602: log(norms):     [4096.0, 4098.79, 4101.98, 4102.01, 4102.05, 4102.0, 4102.18, 4101.98, 4102.17, 4102.19]
exp003-n4096-k24-d190-bs40-f1.000-r00:009204.639: (104 sec)
exp003-n4096-k24-d190-bs40-f1.000-r00:009204.639: Loop 33/100
exp003-n4096-k24-d190-bs40-f1.000-r00:009304.975: log(exp-norms): [4096.0, 4098.0, 4100.15]
exp003-n4096-k24-d190-bs40-f1.000-r00:009304.975: log(norms):     [4096.0, 4098.79, 4101.92, 4102.01, 4102.14, 4101.98, 4102.22, 4102.0, 4102.06, 4102.11]
exp003-n4096-k24-d190-bs40-f1.000-r00:009305.010: (101 sec)
exp003-n4096-k24-d190-bs40-f1.000-r00:009305.011: Loop 34/100
exp003-n4096-k24-d190-bs40-f1.000-r00:009405.597: log(exp-norms): [4096.0, 4098.0, 4100.15]
exp003-n4096-k24-d190-bs40-f1.000-r00:009405.597: log(norms):     [4096.0, 4098.79, 4101.92, 4102.01, 4102.14, 4101.98, 4102.22, 4102.1, 4102.0, 4102.06]
exp003-n4096-k24-d190-bs40-f1.000-r00:009405.633: (101 sec)
exp003-n4096-k24-d190-bs40-f1.000-r00:009405.633: Loop 35/100
exp003-n4096-k24-d190-bs40-f1.000-r00:009509.786: log(exp-norms): [4096.0, 4098.0, 4100.15]
exp003-n4096-k24-d190-bs40-f1.000-r00:009509.787: log(norms):     [4096.0, 4098.79, 4101.92, 4102.01, 4102.14, 4101.94, 4101.98, 4102.22, 4102.1, 4102.2]
exp003-n4096-k24-d190-bs40-f1.000-r00:009509.822: (105 sec)
exp003-n4096-k24-d190-bs40-f1.000-r00:009509.823: Loop 36/100
exp003-n4096-k24-d190-bs40-f1.000-r00:009610.632: log(exp-norms): [4096.0, 4098.0, 4100.15]
exp003-n4096-k24-d190-bs40-f1.000-r00:009610.632: log(norms):     [4096.0, 4098.79, 4101.92, 4101.94, 4102.01, 4102.14, 4101.98, 4102.22, 4102.1, 4102.06]
exp003-n4096-k24-d190-bs40-f1.000-r00:009610.668: (101 sec)
exp003-n4096-k24-d190-bs40-f1.000-r00:009610.668: Loop 37/100
exp003-n4096-k24-d190-bs40-f1.000-r00:009710.464: log(exp-norms): [4096.0, 4098.0, 4100.15]
exp003-n4096-k24-d190-bs40-f1.000-r00:009710.465: log(norms):     [4096.0, 4098.79, 4101.92, 4101.94, 4102.01, 4102.06, 4102.01, 4102.14, 4102.31, 4102.29]
exp003-n4096-k24-d190-bs40-f1.000-r00:009710.501: (100 sec)
exp003-n4096-k24-d190-bs40-f1.000-r00:009710.502: Loop 38/100
exp003-n4096-k24-d190-bs40-f1.000-r00:009812.306: log(exp-norms): [4096.0, 4098.0, 4100.15]
exp003-n4096-k24-d190-bs40-f1.000-r00:009812.306: log(norms):     [4096.0, 4098.79, 4101.92, 4101.94, 4102.01, 4102.06, 4102.12, 4102.16, 4102.17, 4102.01]
exp003-n4096-k24-d190-bs40-f1.000-r00:009812.341: (102 sec)
exp003-n4096-k24-d190-bs40-f1.000-r00:009812.341: Loop 39/100
exp003-n4096-k24-d190-bs40-f1.000-r00:009904.948: log(exp-norms): [4096.0, 4098.0, 4100.15]
exp003-n4096-k24-d190-bs40-f1.000-r00:009904.948: log(norms):     [4096.0, 4098.79, 4101.92, 4101.94, 4102.01, 4102.0, 4102.03, 4102.06, 4102.14, 4102.1]
exp003-n4096-k24-d190-bs40-f1.000-r00:009904.984: (93 sec)
exp003-n4096-k24-d190-bs40-f1.000-r00:009904.984: Loop 40/100
exp003-n4096-k24-d190-bs40-f1.000-r00:010003.791: log(exp-norms): [4096.0, 4098.0, 4100.15]
exp003-n4096-k24-d190-bs40-f1.000-r00:010003.791: log(norms):     [4096.0, 4098.79, 4101.92, 4102.0, 4101.94, 4102.01, 4102.03, 4102.06, 4102.14, 4102.1]
exp003-n4096-k24-d190-bs40-f1.000-r00:010003.828: (99 sec)
exp003-n4096-k24-d190-bs40-f1.000-r00:010003.828: Loop 41/100
exp003-n4096-k24-d190-bs40-f1.000-r00:010095.250: log(exp-norms): [4096.0, 4098.0, 4100.15]
exp003-n4096-k24-d190-bs40-f1.000-r00:010095.251: log(norms):     [4096.0, 4098.79, 4101.92, 4102.0, 4101.94, 4102.01, 4102.03, 4102.06, 4102.14, 4102.1]
exp003-n4096-k24-d190-bs40-f1.000-r00:010095.287: (92 sec)
exp003-n4096-k24-d190-bs40-f1.000-r00:010095.287: Loop 42/100
exp003-n4096-k24-d190-bs40-f1.000-r00:010189.566: log(exp-norms): [4096.0, 4098.0, 4100.15]
exp003-n4096-k24-d190-bs40-f1.000-r00:010189.567: log(norms):     [4096.0, 4098.79, 4101.92, 4102.0, 4101.94, 4102.01, 4102.03, 4102.06, 4102.14, 4102.1]
exp003-n4096-k24-d190-bs40-f1.000-r00:010189.602: (95 sec)
exp003-n4096-k24-d190-bs40-f1.000-r00:010189.602: Loop 43/100
exp003-n4096-k24-d190-bs40-f1.000-r00:010288.589: log(exp-norms): [4096.0, 4098.0, 4100.15]
exp003-n4096-k24-d190-bs40-f1.000-r00:010288.590: log(norms):     [4096.0, 4098.79, 4101.92, 4102.0, 4102.02, 4102.05, 4102.1, 4102.07, 4102.12, 4102.09]
exp003-n4096-k24-d190-bs40-f1.000-r00:010288.626: (100 sec)
exp003-n4096-k24-d190-bs40-f1.000-r00:010288.626: Loop 44/100
exp003-n4096-k24-d190-bs40-f1.000-r00:010383.317: log(exp-norms): [4096.0, 4098.0, 4100.15]
exp003-n4096-k24-d190-bs40-f1.000-r00:010383.318: log(norms):     [4096.0, 4098.79, 4101.89, 4101.92, 4102.0, 4102.02, 4102.09, 4101.94, 4102.12, 4102.06]
exp003-n4096-k24-d190-bs40-f1.000-r00:010383.354: (95 sec)
exp003-n4096-k24-d190-bs40-f1.000-r00:010383.354: Loop 45/100
exp003-n4096-k24-d190-bs40-f1.000-r00:010486.121: log(exp-norms): [4096.0, 4098.0, 4100.15]
exp003-n4096-k24-d190-bs40-f1.000-r00:010486.121: log(norms):     [4096.0, 4098.79, 4101.89, 4101.92, 4102.0, 4102.02, 4102.09, 4101.94, 4102.15, 4102.14]
exp003-n4096-k24-d190-bs40-f1.000-r00:010486.157: (103 sec)
exp003-n4096-k24-d190-bs40-f1.000-r00:010486.158: Loop 46/100
exp003-n4096-k24-d190-bs40-f1.000-r00:010582.001: log(exp-norms): [4096.0, 4098.0, 4100.15]
exp003-n4096-k24-d190-bs40-f1.000-r00:010582.001: log(norms):     [4096.0, 4098.79, 4101.89, 4101.92, 4102.0, 4102.02, 4102.09, 4101.94, 4102.15, 4102.14]
exp003-n4096-k24-d190-bs40-f1.000-r00:010582.023: (96 sec)
exp003-n4096-k24-d190-bs40-f1.000-r00:010582.024: Loop 47/100
exp003-n4096-k24-d190-bs40-f1.000-r00:010666.255: log(exp-norms): [4096.0, 4098.0, 4100.15]
exp003-n4096-k24-d190-bs40-f1.000-r00:010666.255: log(norms):     [4096.0, 4098.79, 4101.89, 4101.92, 4102.0, 4102.02, 4102.09, 4101.94, 4102.15, 4102.14]
exp003-n4096-k24-d190-bs40-f1.000-r00:010666.290: (85 sec)
exp003-n4096-k24-d190-bs40-f1.000-r00:010666.291: Loop 48/100
exp003-n4096-k24-d190-bs40-f1.000-r00:010767.694: log(exp-norms): [4096.0, 4098.0, 4100.15]
exp003-n4096-k24-d190-bs40-f1.000-r00:010767.695: log(norms):     [4096.0, 4098.79, 4101.89, 4101.92, 4102.0, 4102.02, 4102.09, 4101.94, 4102.15, 4102.14]
exp003-n4096-k24-d190-bs40-f1.000-r00:010767.731: (102 sec)
exp003-n4096-k24-d190-bs40-f1.000-r00:010767.731: Loop 49/100
exp003-n4096-k24-d190-bs40-f1.000-r00:010867.175: log(exp-norms): [4096.0, 4098.0, 4100.15]
exp003-n4096-k24-d190-bs40-f1.000-r00:010867.175: log(norms):     [4096.0, 4098.79, 4101.89, 4101.92, 4102.0, 4101.99, 4102.02, 4102.09, 4101.94, 4102.15]
exp003-n4096-k24-d190-bs40-f1.000-r00:010867.221: (100 sec)
exp003-n4096-k24-d190-bs40-f1.000-r00:010867.221: Loop 50/100
exp003-n4096-k24-d190-bs40-f1.000-r00:010956.740: log(exp-norms): [4096.0, 4098.0, 4100.15]
exp003-n4096-k24-d190-bs40-f1.000-r00:010956.741: log(norms):     [4096.0, 4098.79, 4101.89, 4101.92, 4102.0, 4101.99, 4102.02, 4102.09, 4101.94, 4102.15]
exp003-n4096-k24-d190-bs40-f1.000-r00:010956.776: (90 sec)
exp003-n4096-k24-d190-bs40-f1.000-r00:010956.776: Loop 51/100
exp003-n4096-k24-d190-bs40-f1.000-r00:011057.557: log(exp-norms): [4096.0, 4098.0, 4100.15]
exp003-n4096-k24-d190-bs40-f1.000-r00:011057.558: log(norms):     [4096.0, 4098.79, 4101.89, 4101.92, 4102.0, 4101.99, 4102.11, 4102.02, 4102.11, 4102.09]
exp003-n4096-k24-d190-bs40-f1.000-r00:011057.597: (101 sec)
exp003-n4096-k24-d190-bs40-f1.000-r00:011057.597: Loop 52/100
exp003-n4096-k24-d190-bs40-f1.000-r00:011148.725: log(exp-norms): [4096.0, 4098.0, 4100.15]
exp003-n4096-k24-d190-bs40-f1.000-r00:011148.725: log(norms):     [4096.0, 4098.79, 4101.89, 4101.92, 4102.0, 4101.97, 4101.99, 4102.11, 4102.17, 4102.02]
exp003-n4096-k24-d190-bs40-f1.000-r00:011148.760: (92 sec)
exp003-n4096-k24-d190-bs40-f1.000-r00:011148.761: Loop 53/100
exp003-n4096-k24-d190-bs40-f1.000-r00:011254.703: log(exp-norms): [4096.0, 4098.0, 4100.15]
exp003-n4096-k24-d190-bs40-f1.000-r00:011254.704: log(norms):     [4096.0, 4098.79, 4101.86, 4101.89, 4101.92, 4102.0, 4101.97, 4101.95, 4102.03, 4101.99]
exp003-n4096-k24-d190-bs40-f1.000-r00:011254.740: (106 sec)
exp003-n4096-k24-d190-bs40-f1.000-r00:011254.740: Loop 54/100
exp003-n4096-k24-d190-bs40-f1.000-r00:011351.716: log(exp-norms): [4096.0, 4098.0, 4100.15]
exp003-n4096-k24-d190-bs40-f1.000-r00:011351.717: log(norms):     [4096.0, 4098.79, 4101.86, 4101.89, 4101.92, 4102.0, 4101.97, 4102.15, 4102.13, 4101.98]
exp003-n4096-k24-d190-bs40-f1.000-r00:011351.753: (98 sec)
exp003-n4096-k24-d190-bs40-f1.000-r00:011351.754: Loop 55/100
exp003-n4096-k24-d190-bs40-f1.000-r00:011449.168: log(exp-norms): [4096.0, 4098.0, 4100.15]
exp003-n4096-k24-d190-bs40-f1.000-r00:011449.168: log(norms):     [4096.0, 4098.79, 4101.86, 4101.89, 4101.92, 4102.0, 4101.97, 4102.15, 4102.13, 4101.98]
exp003-n4096-k24-d190-bs40-f1.000-r00:011449.190: (98 sec)
exp003-n4096-k24-d190-bs40-f1.000-r00:011449.191: Loop 56/100
exp003-n4096-k24-d190-bs40-f1.000-r00:011542.771: log(exp-norms): [4096.0, 4098.0, 4100.15]
exp003-n4096-k24-d190-bs40-f1.000-r00:011542.772: log(norms):     [4096.0, 4098.79, 4101.86, 4101.89, 4101.92, 4102.0, 4101.97, 4102.15, 4102.13, 4101.98]
exp003-n4096-k24-d190-bs40-f1.000-r00:011542.807: (94 sec)
exp003-n4096-k24-d190-bs40-f1.000-r00:011542.808: Loop 57/100
exp003-n4096-k24-d190-bs40-f1.000-r00:011637.745: log(exp-norms): [4096.0, 4098.0, 4100.15]
exp003-n4096-k24-d190-bs40-f1.000-r00:011637.746: log(norms):     [4096.0, 4098.79, 4101.86, 4101.89, 4101.92, 4101.97, 4102.11, 4102.04, 4102.1, 4102.13]
exp003-n4096-k24-d190-bs40-f1.000-r00:011637.787: (95 sec)
exp003-n4096-k24-d190-bs40-f1.000-r00:011637.787: Loop 58/100
exp003-n4096-k24-d190-bs40-f1.000-r00:011735.750: log(exp-norms): [4096.0, 4098.0, 4100.15]
exp003-n4096-k24-d190-bs40-f1.000-r00:011735.750: log(norms):     [4096.0, 4098.79, 4101.86, 4101.89, 4101.92, 4101.97, 4102.11, 4101.98, 4102.12, 4101.97]
exp003-n4096-k24-d190-bs40-f1.000-r00:011735.784: (98 sec)
exp003-n4096-k24-d190-bs40-f1.000-r00:011735.784: Loop 59/100
exp003-n4096-k24-d190-bs40-f1.000-r00:011821.528: log(exp-norms): [4096.0, 4098.0, 4100.15]
exp003-n4096-k24-d190-bs40-f1.000-r00:011821.529: log(norms):     [4096.0, 4098.79, 4101.86, 4101.89, 4101.92, 4101.97, 4102.11, 4101.98, 4102.12, 4102.12]
exp003-n4096-k24-d190-bs40-f1.000-r00:011821.565: (86 sec)
exp003-n4096-k24-d190-bs40-f1.000-r00:011821.566: Loop 60/100
exp003-n4096-k24-d190-bs40-f1.000-r00:011919.981: log(exp-norms): [4096.0, 4098.0, 4100.15]
exp003-n4096-k24-d190-bs40-f1.000-r00:011919.981: log(norms):     [4096.0, 4098.79, 4101.86, 4101.89, 4101.92, 4101.97, 4102.11, 4101.98, 4102.12, 4102.16]
exp003-n4096-k24-d190-bs40-f1.000-r00:011920.013: (99 sec)
exp003-n4096-k24-d190-bs40-f1.000-r00:011920.013: Loop 61/100
exp003-n4096-k24-d190-bs40-f1.000-r00:012019.576: log(exp-norms): [4096.0, 4098.0, 4100.15]
exp003-n4096-k24-d190-bs40-f1.000-r00:012019.577: log(norms):     [4096.0, 4098.79, 4101.86, 4101.89, 4101.92, 4101.97, 4102.11, 4101.98, 4102.12, 4102.16]
exp003-n4096-k24-d190-bs40-f1.000-r00:012019.624: (100 sec)
exp003-n4096-k24-d190-bs40-f1.000-r00:012019.625: Loop 62/100
exp003-n4096-k24-d190-bs40-f1.000-r00:012123.804: log(exp-norms): [4096.0, 4098.0, 4100.15]
exp003-n4096-k24-d190-bs40-f1.000-r00:012123.804: log(norms):     [4096.0, 4098.79, 4101.86, 4101.89, 4101.92, 4101.97, 4102.11, 4102.01, 4102.12, 4102.04]
exp003-n4096-k24-d190-bs40-f1.000-r00:012123.840: (105 sec)
exp003-n4096-k24-d190-bs40-f1.000-r00:012123.840: Loop 63/100
exp003-n4096-k24-d190-bs40-f1.000-r00:012220.519: log(exp-norms): [4096.0, 4098.0, 4100.15]
exp003-n4096-k24-d190-bs40-f1.000-r00:012220.519: log(norms):     [4096.0, 4098.79, 4101.86, 4101.89, 4101.92, 4101.97, 4102.11, 4102.01, 4102.12, 4102.04]
exp003-n4096-k24-d190-bs40-f1.000-r00:012220.556: (97 sec)
exp003-n4096-k24-d190-bs40-f1.000-r00:012220.556: Loop 64/100
exp003-n4096-k24-d190-bs40-f1.000-r00:012309.245: log(exp-norms): [4096.0, 4098.0, 4100.15]
exp003-n4096-k24-d190-bs40-f1.000-r00:012309.246: log(norms):     [4096.0, 4098.79, 4101.86, 4101.89, 4101.98, 4101.92, 4101.97, 4102.11, 4102.01, 4102.12]
exp003-n4096-k24-d190-bs40-f1.000-r00:012309.280: (89 sec)
exp003-n4096-k24-d190-bs40-f1.000-r00:012309.281: Loop 65/100
exp003-n4096-k24-d190-bs40-f1.000-r00:012403.327: log(exp-norms): [4096.0, 4098.0, 4100.15]
exp003-n4096-k24-d190-bs40-f1.000-r00:012403.327: log(norms):     [4096.0, 4098.79, 4101.86, 4101.89, 4101.98, 4101.92, 4101.97, 4102.11, 4102.01, 4102.28]
exp003-n4096-k24-d190-bs40-f1.000-r00:012403.363: (95 sec)
exp003-n4096-k24-d190-bs40-f1.000-r00:012403.363: Loop 66/100
exp003-n4096-k24-d190-bs40-f1.000-r00:012492.860: log(exp-norms): [4096.0, 4098.0, 4100.15]
exp003-n4096-k24-d190-bs40-f1.000-r00:012492.860: log(norms):     [4096.0, 4098.79, 4101.86, 4101.89, 4101.98, 4101.92, 4101.97, 4102.11, 4102.01, 4102.28]
exp003-n4096-k24-d190-bs40-f1.000-r00:012492.897: (90 sec)
exp003-n4096-k24-d190-bs40-f1.000-r00:012492.897: Loop 67/100
exp003-n4096-k24-d190-bs40-f1.000-r00:012590.412: log(exp-norms): [4096.0, 4098.0, 4100.15]
exp003-n4096-k24-d190-bs40-f1.000-r00:012590.413: log(norms):     [4096.0, 4098.79, 4101.86, 4101.89, 4101.98, 4101.92, 4101.97, 4102.11, 4102.01, 4102.28]
exp003-n4096-k24-d190-bs40-f1.000-r00:012590.448: (98 sec)
exp003-n4096-k24-d190-bs40-f1.000-r00:012590.448: Loop 68/100
exp003-n4096-k24-d190-bs40-f1.000-r00:012685.621: log(exp-norms): [4096.0, 4098.0, 4100.15]
exp003-n4096-k24-d190-bs40-f1.000-r00:012685.621: log(norms):     [4096.0, 4098.79, 4101.86, 4101.89, 4101.98, 4101.92, 4101.97, 4102.11, 4102.01, 4102.01]
exp003-n4096-k24-d190-bs40-f1.000-r00:012685.656: (96 sec)
exp003-n4096-k24-d190-bs40-f1.000-r00:012685.656: Loop 69/100
exp003-n4096-k24-d190-bs40-f1.000-r00:012789.245: log(exp-norms): [4096.0, 4098.0, 4100.15]
exp003-n4096-k24-d190-bs40-f1.000-r00:012789.246: log(norms):     [4096.0, 4098.79, 4101.86, 4101.89, 4102.01, 4101.92, 4102.14, 4101.97, 4102.01, 4102.11]
exp003-n4096-k24-d190-bs40-f1.000-r00:012789.281: (104 sec)
exp003-n4096-k24-d190-bs40-f1.000-r00:012789.282: Loop 70/100
exp003-n4096-k24-d190-bs40-f1.000-r00:012880.703: log(exp-norms): [4096.0, 4098.0, 4100.15]
exp003-n4096-k24-d190-bs40-f1.000-r00:012880.704: log(norms):     [4096.0, 4098.79, 4101.86, 4101.89, 4102.01, 4101.92, 4102.14, 4101.97, 4102.01, 4102.11]
exp003-n4096-k24-d190-bs40-f1.000-r00:012880.737: (92 sec)
exp003-n4096-k24-d190-bs40-f1.000-r00:012880.738: Loop 71/100
exp003-n4096-k24-d190-bs40-f1.000-r00:012982.886: log(exp-norms): [4096.0, 4098.0, 4100.15]
exp003-n4096-k24-d190-bs40-f1.000-r00:012982.886: log(norms):     [4096.0, 4098.79, 4101.86, 4101.89, 4102.01, 4101.9, 4101.98, 4101.97, 4102.03, 4102.08]
exp003-n4096-k24-d190-bs40-f1.000-r00:012982.923: (103 sec)
exp003-n4096-k24-d190-bs40-f1.000-r00:012982.923: Loop 72/100
exp003-n4096-k24-d190-bs40-f1.000-r00:013080.143: log(exp-norms): [4096.0, 4098.0, 4100.15]
exp003-n4096-k24-d190-bs40-f1.000-r00:013080.143: log(norms):     [4096.0, 4098.79, 4101.86, 4101.89, 4102.01, 4101.9, 4101.98, 4101.97, 4102.03, 4102.08]
exp003-n4096-k24-d190-bs40-f1.000-r00:013080.179: (98 sec)
exp003-n4096-k24-d190-bs40-f1.000-r00:013080.179: Loop 73/100
exp003-n4096-k24-d190-bs40-f1.000-r00:013175.300: log(exp-norms): [4096.0, 4098.0, 4100.15]
exp003-n4096-k24-d190-bs40-f1.000-r00:013175.301: log(norms):     [4096.0, 4098.79, 4101.86, 4101.89, 4102.01, 4101.9, 4101.98, 4101.97, 4102.03, 4102.08]
exp003-n4096-k24-d190-bs40-f1.000-r00:013175.335: (96 sec)
exp003-n4096-k24-d190-bs40-f1.000-r00:013175.336: Loop 74/100
exp003-n4096-k24-d190-bs40-f1.000-r00:013248.295: log(exp-norms): [4096.0, 4098.0, 4100.15]
exp003-n4096-k24-d190-bs40-f1.000-r00:013248.296: log(norms):     [4096.0, 4098.79, 4101.86, 4101.89, 4102.01, 4101.9, 4101.98, 4101.97, 4102.03, 4102.08]
exp003-n4096-k24-d190-bs40-f1.000-r00:013248.331: (73 sec)
exp003-n4096-k24-d190-bs40-f1.000-r00:013248.332: Loop 75/100
exp003-n4096-k24-d190-bs40-f1.000-r00:013348.696: log(exp-norms): [4096.0, 4098.0, 4100.15]
exp003-n4096-k24-d190-bs40-f1.000-r00:013348.696: log(norms):     [4096.0, 4098.79, 4101.86, 4101.89, 4102.01, 4101.9, 4101.98, 4101.97, 4102.03, 4102.08]
exp003-n4096-k24-d190-bs40-f1.000-r00:013348.731: (101 sec)
exp003-n4096-k24-d190-bs40-f1.000-r00:013348.732: Loop 76/100
exp003-n4096-k24-d190-bs40-f1.000-r00:013448.105: log(exp-norms): [4096.0, 4098.0, 4100.15]
exp003-n4096-k24-d190-bs40-f1.000-r00:013448.105: log(norms):     [4096.0, 4098.79, 4101.86, 4101.89, 4102.01, 4101.9, 4101.98, 4101.97, 4102.03, 4102.08]
exp003-n4096-k24-d190-bs40-f1.000-r00:013448.141: (100 sec)
exp003-n4096-k24-d190-bs40-f1.000-r00:013448.141: Loop 77/100
exp003-n4096-k24-d190-bs40-f1.000-r00:013542.874: log(exp-norms): [4096.0, 4098.0, 4100.15]
exp003-n4096-k24-d190-bs40-f1.000-r00:013542.875: log(norms):     [4096.0, 4098.79, 4101.86, 4101.89, 4102.01, 4101.9, 4101.98, 4101.97, 4102.03, 4102.08]
exp003-n4096-k24-d190-bs40-f1.000-r00:013542.911: (95 sec)
exp003-n4096-k24-d190-bs40-f1.000-r00:013542.911: Loop 78/100
exp003-n4096-k24-d190-bs40-f1.000-r00:013642.320: log(exp-norms): [4096.0, 4098.0, 4100.15]
exp003-n4096-k24-d190-bs40-f1.000-r00:013642.321: log(norms):     [4096.0, 4098.79, 4101.86, 4101.89, 4102.01, 4101.9, 4101.98, 4101.97, 4102.03, 4102.08]
exp003-n4096-k24-d190-bs40-f1.000-r00:013642.355: (100 sec)
exp003-n4096-k24-d190-bs40-f1.000-r00:013642.355: Loop 79/100
exp003-n4096-k24-d190-bs40-f1.000-r00:013723.642: log(exp-norms): [4096.0, 4098.0, 4100.15]
exp003-n4096-k24-d190-bs40-f1.000-r00:013723.642: log(norms):     [4096.0, 4098.79, 4101.86, 4101.89, 4102.01, 4101.9, 4101.98, 4101.97, 4102.03, 4102.08]
exp003-n4096-k24-d190-bs40-f1.000-r00:013723.677: (82 sec)
exp003-n4096-k24-d190-bs40-f1.000-r00:013723.678: Loop 80/100
exp003-n4096-k24-d190-bs40-f1.000-r00:013814.460: log(exp-norms): [4096.0, 4098.0, 4100.15]
exp003-n4096-k24-d190-bs40-f1.000-r00:013814.460: log(norms):     [4096.0, 4098.79, 4101.86, 4101.89, 4102.01, 4101.9, 4101.98, 4101.97, 4102.03, 4102.08]
exp003-n4096-k24-d190-bs40-f1.000-r00:013814.495: (91 sec)
exp003-n4096-k24-d190-bs40-f1.000-r00:013814.495: Loop 81/100
exp003-n4096-k24-d190-bs40-f1.000-r00:013914.171: log(exp-norms): [4096.0, 4098.0, 4100.15]
exp003-n4096-k24-d190-bs40-f1.000-r00:013914.171: log(norms):     [4096.0, 4098.79, 4101.86, 4101.89, 4102.01, 4101.9, 4101.98, 4101.97, 4102.03, 4102.08]
exp003-n4096-k24-d190-bs40-f1.000-r00:013914.193: (100 sec)
exp003-n4096-k24-d190-bs40-f1.000-r00:013914.193: Loop 82/100
exp003-n4096-k24-d190-bs40-f1.000-r00:013986.999: log(exp-norms): [4096.0, 4098.0, 4100.15]
exp003-n4096-k24-d190-bs40-f1.000-r00:013987.000: log(norms):     [4096.0, 4098.79, 4101.86, 4101.89, 4102.01, 4101.9, 4101.98, 4101.97, 4102.03, 4102.08]
exp003-n4096-k24-d190-bs40-f1.000-r00:013987.036: (73 sec)
exp003-n4096-k24-d190-bs40-f1.000-r00:013987.036: Loop 83/100
exp003-n4096-k24-d190-bs40-f1.000-r00:014083.092: log(exp-norms): [4096.0, 4098.0, 4100.15]
exp003-n4096-k24-d190-bs40-f1.000-r00:014083.092: log(norms):     [4096.0, 4098.79, 4101.86, 4101.89, 4102.01, 4101.9, 4101.98, 4101.97, 4102.03, 4102.08]
exp003-n4096-k24-d190-bs40-f1.000-r00:014083.128: (97 sec)
exp003-n4096-k24-d190-bs40-f1.000-r00:014083.128: Loop 84/100
exp003-n4096-k24-d190-bs40-f1.000-r00:014175.467: log(exp-norms): [4096.0, 4098.0, 4100.15]
exp003-n4096-k24-d190-bs40-f1.000-r00:014175.468: log(norms):     [4096.0, 4098.79, 4101.86, 4101.89, 4102.01, 4101.9, 4101.98, 4101.97, 4102.03, 4102.08]
exp003-n4096-k24-d190-bs40-f1.000-r00:014175.489: (93 sec)
exp003-n4096-k24-d190-bs40-f1.000-r00:014175.489: Loop 85/100
exp003-n4096-k24-d190-bs40-f1.000-r00:014258.771: log(exp-norms): [4096.0, 4098.0, 4100.15]
exp003-n4096-k24-d190-bs40-f1.000-r00:014258.772: log(norms):     [4096.0, 4098.79, 4101.86, 4101.89, 4102.01, 4101.9, 4101.98, 4101.97, 4102.03, 4102.08]
exp003-n4096-k24-d190-bs40-f1.000-r00:014258.794: (84 sec)
exp003-n4096-k24-d190-bs40-f1.000-r00:014258.794: Loop 86/100
exp003-n4096-k24-d190-bs40-f1.000-r00:014337.212: log(exp-norms): [4096.0, 4098.0, 4100.15]
exp003-n4096-k24-d190-bs40-f1.000-r00:014337.212: log(norms):     [4096.0, 4098.79, 4101.86, 4101.89, 4101.92, 4101.98, 4101.9, 4101.97, 4102.01, 4102.03]
exp003-n4096-k24-d190-bs40-f1.000-r00:014337.247: (79 sec)
exp003-n4096-k24-d190-bs40-f1.000-r00:014337.248: Loop 87/100
exp003-n4096-k24-d190-bs40-f1.000-r00:014433.330: log(exp-norms): [4096.0, 4098.0, 4100.15]
exp003-n4096-k24-d190-bs40-f1.000-r00:014433.330: log(norms):     [4096.0, 4098.79, 4101.86, 4101.89, 4101.92, 4101.98, 4101.9, 4101.97, 4102.01, 4102.03]
exp003-n4096-k24-d190-bs40-f1.000-r00:014433.365: (97 sec)
exp003-n4096-k24-d190-bs40-f1.000-r00:014433.366: Loop 88/100
exp003-n4096-k24-d190-bs40-f1.000-r00:014527.934: log(exp-norms): [4096.0, 4098.0, 4100.15]
exp003-n4096-k24-d190-bs40-f1.000-r00:014527.935: log(norms):     [4096.0, 4098.79, 4101.86, 4101.89, 4101.92, 4101.98, 4101.9, 4101.97, 4102.06, 4102.04]
exp003-n4096-k24-d190-bs40-f1.000-r00:014527.957: (95 sec)
exp003-n4096-k24-d190-bs40-f1.000-r00:014527.957: Loop 89/100
exp003-n4096-k24-d190-bs40-f1.000-r00:014605.089: log(exp-norms): [4096.0, 4098.0, 4100.15]
exp003-n4096-k24-d190-bs40-f1.000-r00:014605.090: log(norms):     [4096.0, 4098.79, 4101.86, 4101.89, 4101.92, 4101.98, 4101.9, 4101.97, 4102.06, 4102.04]
exp003-n4096-k24-d190-bs40-f1.000-r00:014605.111: (78 sec)
exp003-n4096-k24-d190-bs40-f1.000-r00:014605.111: Loop 90/100
exp003-n4096-k24-d190-bs40-f1.000-r00:014687.600: log(exp-norms): [4096.0, 4098.0, 4100.15]
exp003-n4096-k24-d190-bs40-f1.000-r00:014687.600: log(norms):     [4096.0, 4098.79, 4101.86, 4101.89, 4101.92, 4101.98, 4101.9, 4101.97, 4102.06, 4102.04]
exp003-n4096-k24-d190-bs40-f1.000-r00:014687.622: (83 sec)
exp003-n4096-k24-d190-bs40-f1.000-r00:014687.622: Loop 91/100
exp003-n4096-k24-d190-bs40-f1.000-r00:014770.712: log(exp-norms): [4096.0, 4098.0, 4100.15]
exp003-n4096-k24-d190-bs40-f1.000-r00:014770.712: log(norms):     [4096.0, 4098.79, 4101.86, 4101.89, 4101.92, 4101.98, 4101.93, 4101.9, 4101.97, 4102.06]
exp003-n4096-k24-d190-bs40-f1.000-r00:014770.734: (84 sec)
exp003-n4096-k24-d190-bs40-f1.000-r00:014770.735: Loop 92/100
exp003-n4096-k24-d190-bs40-f1.000-r00:014858.364: log(exp-norms): [4096.0, 4098.0, 4100.15]
exp003-n4096-k24-d190-bs40-f1.000-r00:014858.364: log(norms):     [4096.0, 4098.79, 4101.86, 4101.89, 4101.92, 4101.98, 4101.93, 4102.0, 4101.9, 4102.01]
exp003-n4096-k24-d190-bs40-f1.000-r00:014858.399: (88 sec)
exp003-n4096-k24-d190-bs40-f1.000-r00:014858.399: Loop 93/100
exp003-n4096-k24-d190-bs40-f1.000-r00:014942.686: log(exp-norms): [4096.0, 4098.0, 4100.15]
exp003-n4096-k24-d190-bs40-f1.000-r00:014942.687: log(norms):     [4096.0, 4098.79, 4101.86, 4101.89, 4101.92, 4101.98, 4101.93, 4102.0, 4101.9, 4102.01]
exp003-n4096-k24-d190-bs40-f1.000-r00:014942.722: (85 sec)
exp003-n4096-k24-d190-bs40-f1.000-r00:014942.723: Loop 94/100
exp003-n4096-k24-d190-bs40-f1.000-r00:015022.858: log(exp-norms): [4096.0, 4098.0, 4100.15]
exp003-n4096-k24-d190-bs40-f1.000-r00:015022.860: log(norms):     [4096.0, 4098.79, 4101.86, 4101.89, 4101.92, 4101.98, 4101.93, 4102.0, 4101.9, 4102.01]
exp003-n4096-k24-d190-bs40-f1.000-r00:015022.896: (81 sec)
exp003-n4096-k24-d190-bs40-f1.000-r00:015022.896: Loop 95/100
exp003-n4096-k24-d190-bs40-f1.000-r00:015120.034: log(exp-norms): [4096.0, 4098.0, 4100.15]
exp003-n4096-k24-d190-bs40-f1.000-r00:015120.034: log(norms):     [4096.0, 4098.79, 4101.86, 4101.89, 4101.92, 4101.98, 4101.93, 4102.0, 4101.9, 4102.01]
exp003-n4096-k24-d190-bs40-f1.000-r00:015120.070: (98 sec)
exp003-n4096-k24-d190-bs40-f1.000-r00:015120.070: Loop 96/100
exp003-n4096-k24-d190-bs40-f1.000-r00:015200.934: log(exp-norms): [4096.0, 4098.0, 4100.15]
exp003-n4096-k24-d190-bs40-f1.000-r00:015200.934: log(norms):     [4096.0, 4098.79, 4101.86, 4101.89, 4101.92, 4101.98, 4101.93, 4102.0, 4101.9, 4102.01]
exp003-n4096-k24-d190-bs40-f1.000-r00:015200.969: (81 sec)
exp003-n4096-k24-d190-bs40-f1.000-r00:015200.969: Loop 97/100
exp003-n4096-k24-d190-bs40-f1.000-r00:015284.110: log(exp-norms): [4096.0, 4098.0, 4100.15]
exp003-n4096-k24-d190-bs40-f1.000-r00:015284.110: log(norms):     [4096.0, 4098.79, 4101.86, 4101.89, 4101.92, 4101.98, 4101.93, 4102.0, 4101.9, 4102.01]
exp003-n4096-k24-d190-bs40-f1.000-r00:015284.145: (84 sec)
exp003-n4096-k24-d190-bs40-f1.000-r00:015284.145: Loop 98/100
exp003-n4096-k24-d190-bs40-f1.000-r00:015371.950: log(exp-norms): [4096.0, 4098.0, 4100.15]
exp003-n4096-k24-d190-bs40-f1.000-r00:015371.951: log(norms):     [4096.0, 4098.79, 4101.86, 4101.89, 4101.92, 4101.98, 4101.93, 4102.0, 4101.9, 4102.01]
exp003-n4096-k24-d190-bs40-f1.000-r00:015371.972: (88 sec)
exp003-n4096-k24-d190-bs40-f1.000-r00:015371.972: Loop 99/100
exp003-n4096-k24-d190-bs40-f1.000-r00:015459.706: log(exp-norms): [4096.0, 4098.0, 4100.15]
exp003-n4096-k24-d190-bs40-f1.000-r00:015459.707: log(norms):     [4096.0, 4098.79, 4101.86, 4101.89, 4101.92, 4101.98, 4101.93, 4102.0, 4101.9, 4102.01]
exp003-n4096-k24-d190-bs40-f1.000-r00:015459.741: (88 sec)
exp003-n4096-k24-d190-bs40-f1.000-r00:015459.742: Loop 100/100
exp003-n4096-k24-d190-bs40-f1.000-r00:015555.275: log(exp-norms): [4096.0, 4098.0, 4100.15]
exp003-n4096-k24-d190-bs40-f1.000-r00:015555.275: log(norms):     [4096.0, 4098.79, 4101.86, 4101.89, 4101.92, 4101.98, 4101.93, 4102.0, 4101.9, 4102.01]
exp003-n4096-k24-d190-bs40-f1.000-r00:015555.310: (96 sec)
exp003-n4096-k24-d190-bs40-f1.000-r00:015555.310: ==========================Summary===========================
exp003-n4096-k24-d190-bs40-f1.000-r00:015555.310: Total time: 15555sec
exp003-n4096-k24-d190-bs40-f1.000-r00:015555.310: FAIL
exp003-n4096-k24-d190-bs40-f1.000-r00:015555.311: SUMMARY:n:4096:k:24:d:190:bs:40:t:15555:r:False
