exp041-n4096-k20-d210-bs60-f1.000-r00:000000.840: ==========================Instance==========================
exp041-n4096-k20-d210-bs60-f1.000-r00:000000.841: # of equations: 210
exp041-n4096-k20-d210-bs60-f1.000-r00:000000.849: Gap: 1.17
exp041-n4096-k20-d210-bs60-f1.000-r00:000000.866: Tau: 0.39
exp041-n4096-k20-d210-bs60-f1.000-r00:000000.867: ======================BKZ-60 reduction======================
exp041-n4096-k20-d210-bs60-f1.000-r00:000007.092: Expectedly achievable log(norm): 4099.97
exp041-n4096-k20-d210-bs60-f1.000-r00:000013.502: log(exp-norms): [4096.0, 4098.07, 4098.3]
exp041-n4096-k20-d210-bs60-f1.000-r00:000013.502: log(norms):     [4119.09, 4098.86, 4116.0, 4116.0, 4116.0, 4116.0, 4116.0, 4116.0, 4116.0, 4116.0]
exp041-n4096-k20-d210-bs60-f1.000-r00:000013.597: Loop 1/100
exp041-n4096-k20-d210-bs60-f1.000-r00:012890.845: log(exp-norms): [4096.0, 4098.07, 4098.3]
exp041-n4096-k20-d210-bs60-f1.000-r00:012890.846: log(norms):     [4098.86, 4102.52, 4102.54, 4102.57, 4102.54, 4102.61, 4102.65, 4102.58, 4102.7, 4102.56]
exp041-n4096-k20-d210-bs60-f1.000-r00:012890.886: (12878 sec)
exp041-n4096-k20-d210-bs60-f1.000-r00:012890.886: Loop 2/100
exp041-n4096-k20-d210-bs60-f1.000-r00:014869.869: log(exp-norms): [4096.0, 4098.07, 4098.3]
exp041-n4096-k20-d210-bs60-f1.000-r00:014869.870: log(norms):     [4098.86, 4101.83, 4101.96, 4101.88, 4101.83, 4102.0, 4101.9, 4102.01, 4101.96, 4102.04]
exp041-n4096-k20-d210-bs60-f1.000-r00:014869.908: (1980 sec)
exp041-n4096-k20-d210-bs60-f1.000-r00:014869.909: Loop 3/100
exp041-n4096-k20-d210-bs60-f1.000-r00:016695.398: log(exp-norms): [4096.0, 4098.07, 4098.3]
exp041-n4096-k20-d210-bs60-f1.000-r00:016695.398: log(norms):     [4098.86, 4101.33, 4101.44, 4101.47, 4101.45, 4101.39, 4101.38, 4101.43, 4101.41, 4101.5]
exp041-n4096-k20-d210-bs60-f1.000-r00:016695.439: (1826 sec)
exp041-n4096-k20-d210-bs60-f1.000-r00:016695.439: Loop 4/100
exp041-n4096-k20-d210-bs60-f1.000-r00:018543.571: log(exp-norms): [4096.0, 4098.07, 4098.3]
exp041-n4096-k20-d210-bs60-f1.000-r00:018543.572: log(norms):     [4098.86, 4100.85, 4100.95, 4101.03, 4100.9, 4100.91, 4101.08, 4101.19, 4101.05, 4101.19]
exp041-n4096-k20-d210-bs60-f1.000-r00:018543.611: (1849 sec)
exp041-n4096-k20-d210-bs60-f1.000-r00:018543.611: Loop 5/100
exp041-n4096-k20-d210-bs60-f1.000-r00:020175.433: log(exp-norms): [4096.0, 4098.07, 4098.3]
exp041-n4096-k20-d210-bs60-f1.000-r00:020175.434: log(norms):     [4098.86, 4100.64, 4100.67, 4100.69, 4100.78, 4100.7, 4100.64, 4100.81, 4100.78, 4100.89]
exp041-n4096-k20-d210-bs60-f1.000-r00:020175.472: (1632 sec)
exp041-n4096-k20-d210-bs60-f1.000-r00:020175.473: Loop 6/100
exp041-n4096-k20-d210-bs60-f1.000-r00:021660.436: log(exp-norms): [4096.0, 4098.07, 4098.3]
exp041-n4096-k20-d210-bs60-f1.000-r00:021660.436: log(norms):     [4098.86, 4100.39, 4100.38, 4100.55, 4100.46, 4100.42, 4100.66, 4100.7, 4100.45, 4100.65]
exp041-n4096-k20-d210-bs60-f1.000-r00:021660.459: (1485 sec)
exp041-n4096-k20-d210-bs60-f1.000-r00:021660.459: Loop 7/100
exp041-n4096-k20-d210-bs60-f1.000-r00:023277.011: log(exp-norms): [4096.0, 4098.07, 4098.3]
exp041-n4096-k20-d210-bs60-f1.000-r00:023277.012: log(norms):     [4098.86, 4100.26, 4100.34, 4100.4, 4100.37, 4100.42, 4100.43, 4100.62, 4100.5, 4100.22]
exp041-n4096-k20-d210-bs60-f1.000-r00:023277.051: (1617 sec)
exp041-n4096-k20-d210-bs60-f1.000-r00:023277.051: Loop 8/100
exp041-n4096-k20-d210-bs60-f1.000-r00:024501.123: log(exp-norms): [4096.0, 4098.07, 4098.3]
exp041-n4096-k20-d210-bs60-f1.000-r00:024501.123: log(norms):     [4098.86, 4100.17, 4100.22, 4100.2, 4100.42, 4100.22, 4100.29, 4100.35, 4100.36, 4100.35]
exp041-n4096-k20-d210-bs60-f1.000-r00:024501.146: (1225 sec)
exp041-n4096-k20-d210-bs60-f1.000-r00:024501.146: Loop 9/100
exp041-n4096-k20-d210-bs60-f1.000-r00:025705.872: log(exp-norms): [4096.0, 4098.07, 4098.3]
exp041-n4096-k20-d210-bs60-f1.000-r00:025705.873: log(norms):     [4098.86, 4100.08, 4100.12, 4100.24, 4100.28, 4100.33, 4100.24, 4100.38, 4100.41, 4100.26]
exp041-n4096-k20-d210-bs60-f1.000-r00:025705.911: (1205 sec)
exp041-n4096-k20-d210-bs60-f1.000-r00:025705.912: Loop 10/100
exp041-n4096-k20-d210-bs60-f1.000-r00:027336.645: log(exp-norms): [4096.0, 4098.07, 4098.3]
exp041-n4096-k20-d210-bs60-f1.000-r00:027336.646: log(norms):     [4098.86, 4100.08, 4100.08, 4100.09, 4100.17, 4100.17, 4100.14, 4100.12, 4100.27, 4100.28]
exp041-n4096-k20-d210-bs60-f1.000-r00:027336.668: (1631 sec)
exp041-n4096-k20-d210-bs60-f1.000-r00:027336.669: Loop 11/100
exp041-n4096-k20-d210-bs60-f1.000-r00:028498.788: log(exp-norms): [4096.0, 4098.07, 4098.3]
exp041-n4096-k20-d210-bs60-f1.000-r00:028498.789: log(norms):     [4098.86, 4099.99, 4100.01, 4100.19, 4100.13, 4100.14, 4100.16, 4100.31, 4100.26, 4100.22]
exp041-n4096-k20-d210-bs60-f1.000-r00:028498.812: (1163 sec)
exp041-n4096-k20-d210-bs60-f1.000-r00:028498.812: Loop 12/100
exp041-n4096-k20-d210-bs60-f1.000-r00:029713.540: log(exp-norms): [4096.0, 4098.07, 4098.3]
exp041-n4096-k20-d210-bs60-f1.000-r00:029713.540: log(norms):     [4098.86, 4099.99, 4100.14, 4100.01, 4100.21, 4100.15, 4100.06, 4100.14, 4100.3, 4100.27]
exp041-n4096-k20-d210-bs60-f1.000-r00:029713.563: (1215 sec)
exp041-n4096-k20-d210-bs60-f1.000-r00:029713.563: Loop 13/100
exp041-n4096-k20-d210-bs60-f1.000-r00:030842.680: log(exp-norms): [4096.0, 4098.07, 4098.3]
exp041-n4096-k20-d210-bs60-f1.000-r00:030842.681: log(norms):     [4098.86, 4099.99, 4100.14, 4100.06, 4100.15, 4100.08, 4099.95, 4100.02, 4100.11, 4100.11]
exp041-n4096-k20-d210-bs60-f1.000-r00:030842.703: (1130 sec)
exp041-n4096-k20-d210-bs60-f1.000-r00:030842.703: Loop 14/100
exp041-n4096-k20-d210-bs60-f1.000-r00:031938.050: log(exp-norms): [4096.0, 4098.07, 4098.3]
exp041-n4096-k20-d210-bs60-f1.000-r00:031938.051: log(norms):     [4098.86, 4099.97, 4099.95, 4100.02, 4100.06, 4100.14, 4100.1, 4100.16, 4100.15, 4100.29]
exp041-n4096-k20-d210-bs60-f1.000-r00:031938.073: (1096 sec)
exp041-n4096-k20-d210-bs60-f1.000-r00:031938.073: Loop 15/100
exp041-n4096-k20-d210-bs60-f1.000-r00:033015.360: log(exp-norms): [4096.0, 4098.07, 4098.3]
exp041-n4096-k20-d210-bs60-f1.000-r00:033015.361: log(norms):     [4098.86, 4099.97, 4099.95, 4100.02, 4100.1, 4100.16, 4100.14, 4100.13, 4100.15, 4100.32]
exp041-n4096-k20-d210-bs60-f1.000-r00:033015.383: (1078 sec)
exp041-n4096-k20-d210-bs60-f1.000-r00:033015.384: Loop 16/100
exp041-n4096-k20-d210-bs60-f1.000-r00:034203.036: log(exp-norms): [4096.0, 4098.07, 4098.3]
exp041-n4096-k20-d210-bs60-f1.000-r00:034203.036: log(norms):     [4098.86, 4099.97, 4099.95, 4100.02, 4100.1, 4100.17, 4100.12, 4100.16, 4100.14, 4100.21]
exp041-n4096-k20-d210-bs60-f1.000-r00:034203.059: (1188 sec)
exp041-n4096-k20-d210-bs60-f1.000-r00:034203.059: Loop 17/100
exp041-n4096-k20-d210-bs60-f1.000-r00:035492.014: log(exp-norms): [4096.0, 4098.07, 4098.3]
exp041-n4096-k20-d210-bs60-f1.000-r00:035492.015: log(norms):     [4098.86, 4099.97, 4099.95, 4100.02, 4100.1, 4100.0, 4100.12, 4100.17, 4100.05, 4100.21]
exp041-n4096-k20-d210-bs60-f1.000-r00:035492.037: (1289 sec)
exp041-n4096-k20-d210-bs60-f1.000-r00:035492.037: Loop 18/100
exp041-n4096-k20-d210-bs60-f1.000-r00:036558.237: log(exp-norms): [4096.0, 4098.07, 4098.3]
exp041-n4096-k20-d210-bs60-f1.000-r00:036558.238: log(norms):     [4098.86, 4099.97, 4099.95, 4100.02, 4100.08, 4100.0, 4100.1, 4100.05, 4100.16, 4100.2]
exp041-n4096-k20-d210-bs60-f1.000-r00:036558.261: (1067 sec)
exp041-n4096-k20-d210-bs60-f1.000-r00:036558.261: Loop 19/100
exp041-n4096-k20-d210-bs60-f1.000-r00:037615.172: log(exp-norms): [4096.0, 4098.07, 4098.3]
exp041-n4096-k20-d210-bs60-f1.000-r00:037615.173: log(norms):     [4098.86, 4099.97, 4099.95, 4100.02, 4100.08, 4100.16, 4100.12, 4099.88, 4100.1, 4100.15]
exp041-n4096-k20-d210-bs60-f1.000-r00:037615.195: (1057 sec)
exp041-n4096-k20-d210-bs60-f1.000-r00:037615.195: Loop 20/100
exp041-n4096-k20-d210-bs60-f1.000-r00:038705.468: log(exp-norms): [4096.0, 4098.07, 4098.3]
exp041-n4096-k20-d210-bs60-f1.000-r00:038705.469: log(norms):     [4098.86, 4099.88, 4099.97, 4099.95, 4100.02, 4100.08, 4100.16, 4100.12, 4100.1, 4100.35]
exp041-n4096-k20-d210-bs60-f1.000-r00:038705.491: (1091 sec)
exp041-n4096-k20-d210-bs60-f1.000-r00:038705.491: Loop 21/100
exp041-n4096-k20-d210-bs60-f1.000-r00:039775.728: log(exp-norms): [4096.0, 4098.07, 4098.3]
exp041-n4096-k20-d210-bs60-f1.000-r00:039775.728: log(norms):     [4098.86, 4099.88, 4099.97, 4100.11, 4099.95, 4100.02, 4100.08, 4100.16, 4100.12, 4100.03]
exp041-n4096-k20-d210-bs60-f1.000-r00:039775.749: (1071 sec)
exp041-n4096-k20-d210-bs60-f1.000-r00:039775.750: Loop 22/100
exp041-n4096-k20-d210-bs60-f1.000-r00:040802.961: log(exp-norms): [4096.0, 4098.07, 4098.3]
exp041-n4096-k20-d210-bs60-f1.000-r00:040802.961: log(norms):     [4098.86, 4099.88, 4099.97, 4100.11, 4099.95, 4100.02, 4100.08, 4100.16, 4100.12, 4100.06]
exp041-n4096-k20-d210-bs60-f1.000-r00:040802.982: (1028 sec)
exp041-n4096-k20-d210-bs60-f1.000-r00:040802.983: Loop 23/100
exp041-n4096-k20-d210-bs60-f1.000-r00:041840.953: log(exp-norms): [4096.0, 4098.07, 4098.3]
exp041-n4096-k20-d210-bs60-f1.000-r00:041840.953: log(norms):     [4098.86, 4099.88, 4099.97, 4100.11, 4100.03, 4099.95, 4100.06, 4100.04, 4100.21, 4100.18]
exp041-n4096-k20-d210-bs60-f1.000-r00:041840.974: (1038 sec)
exp041-n4096-k20-d210-bs60-f1.000-r00:041840.975: Loop 24/100
exp041-n4096-k20-d210-bs60-f1.000-r00:042913.470: log(exp-norms): [4096.0, 4098.07, 4098.3]
exp041-n4096-k20-d210-bs60-f1.000-r00:042913.470: log(norms):     [4098.86, 4099.88, 4099.97, 4100.11, 4099.95, 4100.11, 4100.2, 4100.25, 4100.09, 4100.19]
exp041-n4096-k20-d210-bs60-f1.000-r00:042913.491: (1073 sec)
exp041-n4096-k20-d210-bs60-f1.000-r00:042913.491: Loop 25/100
exp041-n4096-k20-d210-bs60-f1.000-r00:043971.352: log(exp-norms): [4096.0, 4098.07, 4098.3]
exp041-n4096-k20-d210-bs60-f1.000-r00:043971.353: log(norms):     [4098.86, 4099.88, 4099.97, 4100.02, 4100.11, 4099.95, 4100.16, 4100.01, 4100.11, 4100.17]
exp041-n4096-k20-d210-bs60-f1.000-r00:043971.374: (1058 sec)
exp041-n4096-k20-d210-bs60-f1.000-r00:043971.374: Loop 26/100
exp041-n4096-k20-d210-bs60-f1.000-r00:045025.527: log(exp-norms): [4096.0, 4098.07, 4098.3]
exp041-n4096-k20-d210-bs60-f1.000-r00:045025.528: log(norms):     [4098.86, 4099.88, 4099.97, 4100.02, 4100.02, 4099.98, 4100.02, 4100.1, 4100.3, 4100.08]
exp041-n4096-k20-d210-bs60-f1.000-r00:045025.549: (1055 sec)
exp041-n4096-k20-d210-bs60-f1.000-r00:045025.549: Loop 27/100
exp041-n4096-k20-d210-bs60-f1.000-r00:046074.475: log(exp-norms): [4096.0, 4098.07, 4098.3]
exp041-n4096-k20-d210-bs60-f1.000-r00:046074.475: log(norms):     [4098.86, 4099.88, 4099.97, 4100.02, 4100.02, 4099.98, 4100.04, 4100.02, 4100.11, 4100.41]
exp041-n4096-k20-d210-bs60-f1.000-r00:046074.498: (1049 sec)
exp041-n4096-k20-d210-bs60-f1.000-r00:046074.498: Loop 28/100
exp041-n4096-k20-d210-bs60-f1.000-r00:047135.455: log(exp-norms): [4096.0, 4098.07, 4098.3]
exp041-n4096-k20-d210-bs60-f1.000-r00:047135.456: log(norms):     [4098.86, 4099.88, 4099.97, 4100.01, 4100.02, 4100.02, 4100.02, 4100.04, 4100.1, 4100.31]
exp041-n4096-k20-d210-bs60-f1.000-r00:047135.477: (1061 sec)
exp041-n4096-k20-d210-bs60-f1.000-r00:047135.477: Loop 29/100
exp041-n4096-k20-d210-bs60-f1.000-r00:048155.008: log(exp-norms): [4096.0, 4098.07, 4098.3]
exp041-n4096-k20-d210-bs60-f1.000-r00:048155.008: log(norms):     [4098.86, 4099.88, 4099.97, 4100.01, 4100.02, 4100.02, 4100.06, 4100.04, 4100.02, 4100.13]
exp041-n4096-k20-d210-bs60-f1.000-r00:048155.030: (1020 sec)
exp041-n4096-k20-d210-bs60-f1.000-r00:048155.030: Loop 30/100
exp041-n4096-k20-d210-bs60-f1.000-r00:049153.811: log(exp-norms): [4096.0, 4098.07, 4098.3]
exp041-n4096-k20-d210-bs60-f1.000-r00:049153.811: log(norms):     [4098.86, 4099.88, 4099.97, 4100.01, 4100.02, 4100.02, 4100.06, 4100.04, 4100.22, 4100.02]
exp041-n4096-k20-d210-bs60-f1.000-r00:049153.832: (999 sec)
exp041-n4096-k20-d210-bs60-f1.000-r00:049153.833: Loop 31/100
exp041-n4096-k20-d210-bs60-f1.000-r00:050201.898: log(exp-norms): [4096.0, 4098.07, 4098.3]
exp041-n4096-k20-d210-bs60-f1.000-r00:050201.898: log(norms):     [4098.86, 4099.88, 4099.97, 4100.01, 4100.02, 4100.02, 4100.06, 4100.04, 4100.22, 4100.02]
exp041-n4096-k20-d210-bs60-f1.000-r00:050201.919: (1049 sec)
exp041-n4096-k20-d210-bs60-f1.000-r00:050201.920: Loop 32/100
exp041-n4096-k20-d210-bs60-f1.000-r00:051225.185: log(exp-norms): [4096.0, 4098.07, 4098.3]
exp041-n4096-k20-d210-bs60-f1.000-r00:051225.185: log(norms):     [4098.86, 4099.88, 4099.97, 4100.01, 4100.02, 4100.02, 4100.06, 4100.04, 4100.22, 4100.02]
exp041-n4096-k20-d210-bs60-f1.000-r00:051225.206: (1024 sec)
exp041-n4096-k20-d210-bs60-f1.000-r00:051225.207: Loop 33/100
exp041-n4096-k20-d210-bs60-f1.000-r00:052261.208: log(exp-norms): [4096.0, 4098.07, 4098.3]
exp041-n4096-k20-d210-bs60-f1.000-r00:052261.208: log(norms):     [4098.86, 4099.82, 4099.88, 4099.97, 4100.01, 4100.02, 4100.02, 4100.03, 4100.04, 4100.22]
exp041-n4096-k20-d210-bs60-f1.000-r00:052261.231: (1037 sec)
exp041-n4096-k20-d210-bs60-f1.000-r00:052261.231: Loop 34/100
exp041-n4096-k20-d210-bs60-f1.000-r00:053303.623: log(exp-norms): [4096.0, 4098.07, 4098.3]
exp041-n4096-k20-d210-bs60-f1.000-r00:053303.624: log(norms):     [4098.86, 4099.82, 4099.88, 4099.97, 4100.06, 4100.01, 4100.02, 4100.02, 4100.03, 4100.04]
exp041-n4096-k20-d210-bs60-f1.000-r00:053303.645: (1043 sec)
exp041-n4096-k20-d210-bs60-f1.000-r00:053303.645: Loop 35/100
exp041-n4096-k20-d210-bs60-f1.000-r00:054333.087: log(exp-norms): [4096.0, 4098.07, 4098.3]
exp041-n4096-k20-d210-bs60-f1.000-r00:054333.087: log(norms):     [4098.86, 4099.82, 4099.88, 4099.97, 4100.06, 4100.01, 4100.02, 4100.02, 4100.03, 4100.04]
exp041-n4096-k20-d210-bs60-f1.000-r00:054333.109: (1030 sec)
exp041-n4096-k20-d210-bs60-f1.000-r00:054333.109: Loop 36/100
exp041-n4096-k20-d210-bs60-f1.000-r00:055348.421: log(exp-norms): [4096.0, 4098.07, 4098.3]
exp041-n4096-k20-d210-bs60-f1.000-r00:055348.422: log(norms):     [4098.86, 4099.82, 4099.88, 4099.97, 4100.06, 4099.94, 4100.01, 4100.02, 4100.02, 4100.19]
exp041-n4096-k20-d210-bs60-f1.000-r00:055348.444: (1016 sec)
exp041-n4096-k20-d210-bs60-f1.000-r00:055348.444: Loop 37/100
exp041-n4096-k20-d210-bs60-f1.000-r00:056368.418: log(exp-norms): [4096.0, 4098.07, 4098.3]
exp041-n4096-k20-d210-bs60-f1.000-r00:056368.418: log(norms):     [4098.86, 4099.82, 4099.88, 4099.97, 4100.06, 4099.94, 4100.01, 4100.02, 4100.02, 4100.19]
exp041-n4096-k20-d210-bs60-f1.000-r00:056368.441: (1020 sec)
exp041-n4096-k20-d210-bs60-f1.000-r00:056368.441: Loop 38/100
exp041-n4096-k20-d210-bs60-f1.000-r00:057396.828: log(exp-norms): [4096.0, 4098.07, 4098.3]
exp041-n4096-k20-d210-bs60-f1.000-r00:057396.828: log(norms):     [4098.86, 4099.82, 4099.88, 4099.97, 4100.06, 4099.94, 4100.01, 4100.02, 4100.19, 4100.15]
exp041-n4096-k20-d210-bs60-f1.000-r00:057396.850: (1029 sec)
exp041-n4096-k20-d210-bs60-f1.000-r00:057396.850: Loop 39/100
exp041-n4096-k20-d210-bs60-f1.000-r00:058428.596: log(exp-norms): [4096.0, 4098.07, 4098.3]
exp041-n4096-k20-d210-bs60-f1.000-r00:058428.597: log(norms):     [4098.86, 4099.82, 4099.88, 4099.97, 4100.06, 4099.94, 4100.01, 4100.02, 4100.19, 4100.15]
exp041-n4096-k20-d210-bs60-f1.000-r00:058428.618: (1032 sec)
exp041-n4096-k20-d210-bs60-f1.000-r00:058428.618: Loop 40/100
exp041-n4096-k20-d210-bs60-f1.000-r00:059462.358: log(exp-norms): [4096.0, 4098.07, 4098.3]
exp041-n4096-k20-d210-bs60-f1.000-r00:059462.358: log(norms):     [4098.86, 4099.82, 4099.88, 4099.97, 4100.06, 4099.94, 4100.01, 4100.02, 4100.19, 4100.15]
exp041-n4096-k20-d210-bs60-f1.000-r00:059462.379: (1034 sec)
exp041-n4096-k20-d210-bs60-f1.000-r00:059462.379: Loop 41/100
exp041-n4096-k20-d210-bs60-f1.000-r00:060475.016: log(exp-norms): [4096.0, 4098.07, 4098.3]
exp041-n4096-k20-d210-bs60-f1.000-r00:060475.016: log(norms):     [4098.86, 4099.82, 4099.88, 4099.97, 4100.06, 4099.94, 4100.01, 4100.02, 4100.19, 4100.15]
exp041-n4096-k20-d210-bs60-f1.000-r00:060475.037: (1013 sec)
exp041-n4096-k20-d210-bs60-f1.000-r00:060475.037: Loop 42/100
exp041-n4096-k20-d210-bs60-f1.000-r00:061538.692: log(exp-norms): [4096.0, 4098.07, 4098.3]
exp041-n4096-k20-d210-bs60-f1.000-r00:061538.692: log(norms):     [4098.86, 4099.82, 4099.88, 4099.97, 4100.06, 4099.94, 4100.01, 4100.02, 4100.19, 4100.15]
exp041-n4096-k20-d210-bs60-f1.000-r00:061538.714: (1064 sec)
exp041-n4096-k20-d210-bs60-f1.000-r00:061538.714: Loop 43/100
exp041-n4096-k20-d210-bs60-f1.000-r00:062579.723: log(exp-norms): [4096.0, 4098.07, 4098.3]
exp041-n4096-k20-d210-bs60-f1.000-r00:062579.724: log(norms):     [4098.86, 4099.82, 4099.88, 4099.97, 4100.06, 4099.94, 4100.01, 4100.02, 4100.19, 4100.15]
exp041-n4096-k20-d210-bs60-f1.000-r00:062579.745: (1042 sec)
exp041-n4096-k20-d210-bs60-f1.000-r00:062579.745: Loop 44/100
exp041-n4096-k20-d210-bs60-f1.000-r00:063599.154: log(exp-norms): [4096.0, 4098.07, 4098.3]
exp041-n4096-k20-d210-bs60-f1.000-r00:063599.154: log(norms):     [4098.86, 4099.82, 4099.88, 4099.97, 4100.06, 4099.94, 4100.01, 4100.02, 4100.19, 4100.2]
exp041-n4096-k20-d210-bs60-f1.000-r00:063599.176: (1020 sec)
exp041-n4096-k20-d210-bs60-f1.000-r00:063599.176: Loop 45/100
exp041-n4096-k20-d210-bs60-f1.000-r00:064623.215: log(exp-norms): [4096.0, 4098.07, 4098.3]
exp041-n4096-k20-d210-bs60-f1.000-r00:064623.215: log(norms):     [4098.86, 4099.82, 4099.88, 4099.97, 4100.06, 4099.94, 4100.01, 4100.02, 4100.19, 4100.21]
exp041-n4096-k20-d210-bs60-f1.000-r00:064623.236: (1025 sec)
exp041-n4096-k20-d210-bs60-f1.000-r00:064623.237: Loop 46/100
exp041-n4096-k20-d210-bs60-f1.000-r00:065669.174: log(exp-norms): [4096.0, 4098.07, 4098.3]
exp041-n4096-k20-d210-bs60-f1.000-r00:065669.174: log(norms):     [4098.86, 4099.82, 4099.88, 4099.97, 4100.06, 4099.94, 4100.01, 4100.02, 4100.19, 4100.21]
exp041-n4096-k20-d210-bs60-f1.000-r00:065669.195: (1046 sec)
exp041-n4096-k20-d210-bs60-f1.000-r00:065669.196: Loop 47/100
