exp038-n4096-k20-d240-bs50-f1.000-r00:000000.671: ==========================Instance==========================
exp038-n4096-k20-d240-bs50-f1.000-r00:000000.671: # of equations: 240
exp038-n4096-k20-d240-bs50-f1.000-r00:000000.678: Gap: 6.26
exp038-n4096-k20-d240-bs50-f1.000-r00:000000.694: Tau: 10.42
exp038-n4096-k20-d240-bs50-f1.000-r00:000000.695: ======================BKZ-50 reduction======================
exp038-n4096-k20-d240-bs50-f1.000-r00:000008.178: Expectedly achievable log(norm): 4103.09
exp038-n4096-k20-d240-bs50-f1.000-r00:000015.428: log(exp-norms): [4096.0, 4098.17, 4100.81]
exp038-n4096-k20-d240-bs50-f1.000-r00:000015.429: log(norms):     [4119.2, 4098.96, 4116.0, 4116.0, 4116.0, 4116.0, 4116.0, 4116.0, 4116.0, 4116.0]
exp038-n4096-k20-d240-bs50-f1.000-r00:000015.532: Loop 1/100
exp038-n4096-k20-d240-bs50-f1.000-r00:020911.739: log(exp-norms): [4096.0, 4098.17, 4100.81]
exp038-n4096-k20-d240-bs50-f1.000-r00:020911.740: log(norms):     [4098.96, 4106.02, 4106.08, 4106.18, 4106.07, 4106.15, 4106.19, 4106.24, 4106.19, 4106.0]
exp038-n4096-k20-d240-bs50-f1.000-r00:020911.783: (20897 sec)
exp038-n4096-k20-d240-bs50-f1.000-r00:020911.783: Loop 2/100
exp038-n4096-k20-d240-bs50-f1.000-r00:022546.304: log(exp-norms): [4096.0, 4098.17, 4100.81]
exp038-n4096-k20-d240-bs50-f1.000-r00:022546.305: log(norms):     [4098.96, 4105.54, 4105.58, 4105.69, 4105.53, 4105.52, 4105.77, 4105.72, 4105.63, 4105.74]
exp038-n4096-k20-d240-bs50-f1.000-r00:022546.349: (1635 sec)
exp038-n4096-k20-d240-bs50-f1.000-r00:022546.349: Loop 3/100
exp038-n4096-k20-d240-bs50-f1.000-r00:024007.496: log(exp-norms): [4096.0, 4098.17, 4100.81]
exp038-n4096-k20-d240-bs50-f1.000-r00:024007.497: log(norms):     [4098.96, 4105.05, 4105.05, 4105.15, 4105.13, 4105.24, 4105.11, 4105.1, 4105.2, 4105.24]
exp038-n4096-k20-d240-bs50-f1.000-r00:024007.543: (1462 sec)
exp038-n4096-k20-d240-bs50-f1.000-r00:024007.544: Loop 4/100
exp038-n4096-k20-d240-bs50-f1.000-r00:025486.817: log(exp-norms): [4096.0, 4098.17, 4100.81]
exp038-n4096-k20-d240-bs50-f1.000-r00:025486.818: log(norms):     [4096.0, 4098.96, 4104.77, 4104.79, 4104.8, 4104.89, 4104.79, 4105.07, 4104.8, 4104.75]
exp038-n4096-k20-d240-bs50-f1.000-r00:025486.862: (1480 sec)
exp038-n4096-k20-d240-bs50-f1.000-r00:025486.862: Loop 5/100
exp038-n4096-k20-d240-bs50-f1.000-r00:026696.574: log(exp-norms): [4096.0, 4098.17, 4100.81]
exp038-n4096-k20-d240-bs50-f1.000-r00:026696.574: log(norms):     [4096.0, 4098.96, 4104.38, 4104.49, 4104.54, 4104.63, 4104.37, 4104.61, 4104.64, 4104.68]
exp038-n4096-k20-d240-bs50-f1.000-r00:026696.600: (1210 sec)
exp038-n4096-k20-d240-bs50-f1.000-r00:026696.601: Loop 6/100
exp038-n4096-k20-d240-bs50-f1.000-r00:027963.333: log(exp-norms): [4096.0, 4098.17, 4100.81]
exp038-n4096-k20-d240-bs50-f1.000-r00:027963.334: log(norms):     [4096.0, 4098.96, 4104.27, 4104.31, 4104.33, 4104.24, 4104.23, 4104.23, 4104.45, 4104.59]
exp038-n4096-k20-d240-bs50-f1.000-r00:027963.360: (1267 sec)
exp038-n4096-k20-d240-bs50-f1.000-r00:027963.360: Loop 7/100
exp038-n4096-k20-d240-bs50-f1.000-r00:029064.495: log(exp-norms): [4096.0, 4098.17, 4100.81]
exp038-n4096-k20-d240-bs50-f1.000-r00:029064.496: log(norms):     [4096.0, 4098.96, 4104.08, 4104.09, 4104.15, 4104.14, 4104.01, 4104.2, 4104.14, 4104.2]
exp038-n4096-k20-d240-bs50-f1.000-r00:029064.523: (1102 sec)
exp038-n4096-k20-d240-bs50-f1.000-r00:029064.523: Loop 8/100
exp038-n4096-k20-d240-bs50-f1.000-r00:030058.223: log(exp-norms): [4096.0, 4098.17, 4100.81]
exp038-n4096-k20-d240-bs50-f1.000-r00:030058.224: log(norms):     [4096.0, 4098.96, 4103.85, 4103.92, 4103.99, 4103.88, 4104.0, 4104.08, 4103.93, 4103.9]
exp038-n4096-k20-d240-bs50-f1.000-r00:030058.249: (994 sec)
exp038-n4096-k20-d240-bs50-f1.000-r00:030058.249: Loop 9/100
exp038-n4096-k20-d240-bs50-f1.000-r00:031002.375: log(exp-norms): [4096.0, 4098.17, 4100.81]
exp038-n4096-k20-d240-bs50-f1.000-r00:031002.375: log(norms):     [4096.0, 4098.96, 4103.63, 4103.69, 4103.72, 4103.77, 4103.75, 4103.91, 4103.92, 4103.85]
exp038-n4096-k20-d240-bs50-f1.000-r00:031002.401: (945 sec)
exp038-n4096-k20-d240-bs50-f1.000-r00:031002.401: Loop 10/100
exp038-n4096-k20-d240-bs50-f1.000-r00:031888.115: log(exp-norms): [4096.0, 4098.17, 4100.81]
exp038-n4096-k20-d240-bs50-f1.000-r00:031888.116: log(norms):     [4096.0, 4098.96, 4103.61, 4103.63, 4103.68, 4103.74, 4103.79, 4103.76, 4103.84, 4103.63]
exp038-n4096-k20-d240-bs50-f1.000-r00:031888.158: (886 sec)
exp038-n4096-k20-d240-bs50-f1.000-r00:031888.159: Loop 11/100
exp038-n4096-k20-d240-bs50-f1.000-r00:032842.885: log(exp-norms): [4096.0, 4098.17, 4100.81]
exp038-n4096-k20-d240-bs50-f1.000-r00:032842.885: log(norms):     [4096.0, 4098.96, 4103.56, 4103.6, 4103.58, 4103.64, 4103.54, 4103.66, 4103.76, 4103.74]
exp038-n4096-k20-d240-bs50-f1.000-r00:032842.916: (955 sec)
exp038-n4096-k20-d240-bs50-f1.000-r00:032842.916: Loop 12/100
exp038-n4096-k20-d240-bs50-f1.000-r00:033707.686: log(exp-norms): [4096.0, 4098.17, 4100.81]
exp038-n4096-k20-d240-bs50-f1.000-r00:033707.686: log(norms):     [4096.0, 4098.96, 4103.41, 4103.53, 4103.64, 4103.65, 4103.66, 4103.64, 4103.51, 4103.74]
exp038-n4096-k20-d240-bs50-f1.000-r00:033707.712: (865 sec)
exp038-n4096-k20-d240-bs50-f1.000-r00:033707.712: Loop 13/100
exp038-n4096-k20-d240-bs50-f1.000-r00:034601.074: log(exp-norms): [4096.0, 4098.17, 4100.81]
exp038-n4096-k20-d240-bs50-f1.000-r00:034601.075: log(norms):     [4096.0, 4098.96, 4103.39, 4103.41, 4103.5, 4103.54, 4103.54, 4103.59, 4103.57, 4103.7]
exp038-n4096-k20-d240-bs50-f1.000-r00:034601.101: (894 sec)
exp038-n4096-k20-d240-bs50-f1.000-r00:034601.101: Loop 14/100
exp038-n4096-k20-d240-bs50-f1.000-r00:035475.791: log(exp-norms): [4096.0, 4098.17, 4100.81]
exp038-n4096-k20-d240-bs50-f1.000-r00:035475.792: log(norms):     [4096.0, 4098.96, 4103.39, 4103.41, 4103.49, 4103.55, 4103.49, 4103.48, 4103.37, 4103.57]
exp038-n4096-k20-d240-bs50-f1.000-r00:035475.818: (875 sec)
exp038-n4096-k20-d240-bs50-f1.000-r00:035475.818: Loop 15/100
exp038-n4096-k20-d240-bs50-f1.000-r00:036276.218: log(exp-norms): [4096.0, 4098.17, 4100.81]
exp038-n4096-k20-d240-bs50-f1.000-r00:036276.218: log(norms):     [4096.0, 4098.96, 4103.27, 4103.41, 4103.32, 4103.45, 4103.44, 4103.56, 4103.32, 4103.48]
exp038-n4096-k20-d240-bs50-f1.000-r00:036276.244: (801 sec)
exp038-n4096-k20-d240-bs50-f1.000-r00:036276.244: Loop 16/100
exp038-n4096-k20-d240-bs50-f1.000-r00:037071.273: log(exp-norms): [4096.0, 4098.17, 4100.81]
exp038-n4096-k20-d240-bs50-f1.000-r00:037071.273: log(norms):     [4096.0, 4098.96, 4103.27, 4103.29, 4103.3, 4103.32, 4103.37, 4103.52, 4103.52, 4103.37]
exp038-n4096-k20-d240-bs50-f1.000-r00:037071.298: (796 sec)
exp038-n4096-k20-d240-bs50-f1.000-r00:037071.299: Loop 17/100
exp038-n4096-k20-d240-bs50-f1.000-r00:037858.703: log(exp-norms): [4096.0, 4098.17, 4100.81]
exp038-n4096-k20-d240-bs50-f1.000-r00:037858.704: log(norms):     [4096.0, 4098.96, 4103.16, 4103.27, 4103.27, 4103.39, 4103.35, 4103.38, 4103.36, 4103.32]
exp038-n4096-k20-d240-bs50-f1.000-r00:037858.731: (788 sec)
exp038-n4096-k20-d240-bs50-f1.000-r00:037858.731: Loop 18/100
exp038-n4096-k20-d240-bs50-f1.000-r00:038648.775: log(exp-norms): [4096.0, 4098.17, 4100.81]
exp038-n4096-k20-d240-bs50-f1.000-r00:038648.775: log(norms):     [4096.0, 4098.96, 4103.16, 4103.3, 4103.38, 4103.38, 4103.35, 4103.27, 4103.34, 4103.53]
exp038-n4096-k20-d240-bs50-f1.000-r00:038648.800: (791 sec)
exp038-n4096-k20-d240-bs50-f1.000-r00:038648.800: Loop 19/100
exp038-n4096-k20-d240-bs50-f1.000-r00:039431.133: log(exp-norms): [4096.0, 4098.17, 4100.81]
exp038-n4096-k20-d240-bs50-f1.000-r00:039431.133: log(norms):     [4096.0, 4098.96, 4103.16, 4103.27, 4103.33, 4103.29, 4103.46, 4103.42, 4103.4, 4103.37]
exp038-n4096-k20-d240-bs50-f1.000-r00:039431.158: (783 sec)
exp038-n4096-k20-d240-bs50-f1.000-r00:039431.158: Loop 20/100
exp038-n4096-k20-d240-bs50-f1.000-r00:040197.344: log(exp-norms): [4096.0, 4098.17, 4100.81]
exp038-n4096-k20-d240-bs50-f1.000-r00:040197.344: log(norms):     [4096.0, 4098.96, 4103.16, 4103.27, 4103.33, 4103.29, 4103.43, 4103.46, 4103.5, 4103.33]
exp038-n4096-k20-d240-bs50-f1.000-r00:040197.369: (767 sec)
exp038-n4096-k20-d240-bs50-f1.000-r00:040197.369: Loop 21/100
exp038-n4096-k20-d240-bs50-f1.000-r00:040974.995: log(exp-norms): [4096.0, 4098.17, 4100.81]
exp038-n4096-k20-d240-bs50-f1.000-r00:040974.995: log(norms):     [4096.0, 4098.96, 4103.16, 4103.27, 4103.43, 4103.18, 4103.38, 4103.36, 4103.43, 4103.29]
exp038-n4096-k20-d240-bs50-f1.000-r00:040975.020: (778 sec)
exp038-n4096-k20-d240-bs50-f1.000-r00:040975.020: Loop 22/100
exp038-n4096-k20-d240-bs50-f1.000-r00:041725.289: log(exp-norms): [4096.0, 4098.17, 4100.81]
exp038-n4096-k20-d240-bs50-f1.000-r00:041725.289: log(norms):     [4096.0, 4098.96, 4103.16, 4103.18, 4103.43, 4103.27, 4103.34, 4103.36, 4103.43, 4103.31]
exp038-n4096-k20-d240-bs50-f1.000-r00:041725.313: (751 sec)
exp038-n4096-k20-d240-bs50-f1.000-r00:041725.314: Loop 23/100
exp038-n4096-k20-d240-bs50-f1.000-r00:042492.774: log(exp-norms): [4096.0, 4098.17, 4100.81]
exp038-n4096-k20-d240-bs50-f1.000-r00:042492.775: log(norms):     [4096.0, 4098.96, 4103.16, 4103.19, 4103.18, 4103.43, 4103.27, 4103.34, 4103.36, 4103.39]
exp038-n4096-k20-d240-bs50-f1.000-r00:042492.799: (768 sec)
exp038-n4096-k20-d240-bs50-f1.000-r00:042492.799: Loop 24/100
exp038-n4096-k20-d240-bs50-f1.000-r00:043263.814: log(exp-norms): [4096.0, 4098.17, 4100.81]
exp038-n4096-k20-d240-bs50-f1.000-r00:043263.814: log(norms):     [4096.0, 4098.96, 4103.16, 4103.19, 4103.2, 4103.24, 4103.25, 4103.37, 4103.35, 4103.34]
exp038-n4096-k20-d240-bs50-f1.000-r00:043263.839: (772 sec)
exp038-n4096-k20-d240-bs50-f1.000-r00:043263.839: Loop 25/100
exp038-n4096-k20-d240-bs50-f1.000-r00:044027.255: log(exp-norms): [4096.0, 4098.17, 4100.81]
exp038-n4096-k20-d240-bs50-f1.000-r00:044027.255: log(norms):     [4096.0, 4098.96, 4103.16, 4103.19, 4103.2, 4103.24, 4103.18, 4103.36, 4103.29, 4103.53]
exp038-n4096-k20-d240-bs50-f1.000-r00:044027.280: (764 sec)
exp038-n4096-k20-d240-bs50-f1.000-r00:044027.280: Loop 26/100
exp038-n4096-k20-d240-bs50-f1.000-r00:044803.721: log(exp-norms): [4096.0, 4098.17, 4100.81]
exp038-n4096-k20-d240-bs50-f1.000-r00:044803.722: log(norms):     [4096.0, 4098.96, 4103.16, 4103.19, 4103.2, 4103.24, 4103.18, 4103.21, 4103.18, 4103.48]
exp038-n4096-k20-d240-bs50-f1.000-r00:044803.746: (777 sec)
exp038-n4096-k20-d240-bs50-f1.000-r00:044803.746: Loop 27/100
exp038-n4096-k20-d240-bs50-f1.000-r00:045556.181: log(exp-norms): [4096.0, 4098.17, 4100.81]
exp038-n4096-k20-d240-bs50-f1.000-r00:045556.181: log(norms):     [4096.0, 4098.96, 4103.12, 4103.16, 4103.19, 4103.2, 4103.24, 4103.25, 4103.18, 4103.52]
exp038-n4096-k20-d240-bs50-f1.000-r00:045556.206: (753 sec)
exp038-n4096-k20-d240-bs50-f1.000-r00:045556.206: Loop 28/100
exp038-n4096-k20-d240-bs50-f1.000-r00:046286.284: log(exp-norms): [4096.0, 4098.17, 4100.81]
exp038-n4096-k20-d240-bs50-f1.000-r00:046286.285: log(norms):     [4096.0, 4098.96, 4103.12, 4103.16, 4103.19, 4103.19, 4103.2, 4103.42, 4103.41, 4103.43]
exp038-n4096-k20-d240-bs50-f1.000-r00:046286.309: (731 sec)
exp038-n4096-k20-d240-bs50-f1.000-r00:046286.309: Loop 29/100
exp038-n4096-k20-d240-bs50-f1.000-r00:047037.757: log(exp-norms): [4096.0, 4098.17, 4100.81]
exp038-n4096-k20-d240-bs50-f1.000-r00:047037.757: log(norms):     [4096.0, 4098.96, 4103.12, 4103.16, 4103.19, 4103.2, 4103.19, 4103.34, 4103.2, 4103.47]
exp038-n4096-k20-d240-bs50-f1.000-r00:047037.782: (752 sec)
exp038-n4096-k20-d240-bs50-f1.000-r00:047037.782: Loop 30/100
exp038-n4096-k20-d240-bs50-f1.000-r00:047780.642: log(exp-norms): [4096.0, 4098.17, 4100.81]
exp038-n4096-k20-d240-bs50-f1.000-r00:047780.643: log(norms):     [4096.0, 4098.96, 4103.12, 4103.15, 4103.26, 4103.19, 4103.27, 4103.2, 4103.37, 4103.39]
exp038-n4096-k20-d240-bs50-f1.000-r00:047780.667: (743 sec)
exp038-n4096-k20-d240-bs50-f1.000-r00:047780.667: Loop 31/100
exp038-n4096-k20-d240-bs50-f1.000-r00:048548.010: log(exp-norms): [4096.0, 4098.17, 4100.81]
exp038-n4096-k20-d240-bs50-f1.000-r00:048548.010: log(norms):     [4096.0, 4098.96, 4103.12, 4103.15, 4103.21, 4103.13, 4103.27, 4103.31, 4103.28, 4103.26]
exp038-n4096-k20-d240-bs50-f1.000-r00:048548.035: (768 sec)
exp038-n4096-k20-d240-bs50-f1.000-r00:048548.035: Loop 32/100
exp038-n4096-k20-d240-bs50-f1.000-r00:049304.126: log(exp-norms): [4096.0, 4098.17, 4100.81]
exp038-n4096-k20-d240-bs50-f1.000-r00:049304.127: log(norms):     [4096.0, 4098.96, 4103.12, 4103.15, 4103.21, 4103.13, 4103.27, 4103.31, 4103.28, 4103.27]
exp038-n4096-k20-d240-bs50-f1.000-r00:049304.151: (757 sec)
exp038-n4096-k20-d240-bs50-f1.000-r00:049304.151: Loop 33/100
exp038-n4096-k20-d240-bs50-f1.000-r00:050085.117: log(exp-norms): [4096.0, 4098.17, 4100.81]
exp038-n4096-k20-d240-bs50-f1.000-r00:050085.117: log(norms):     [4096.0, 4098.96, 4103.12, 4103.15, 4103.21, 4103.13, 4103.27, 4103.31, 4103.28, 4103.27]
exp038-n4096-k20-d240-bs50-f1.000-r00:050085.141: (781 sec)
exp038-n4096-k20-d240-bs50-f1.000-r00:050085.142: Loop 34/100
exp038-n4096-k20-d240-bs50-f1.000-r00:050839.623: log(exp-norms): [4096.0, 4098.17, 4100.81]
exp038-n4096-k20-d240-bs50-f1.000-r00:050839.623: log(norms):     [4096.0, 4098.96, 4103.12, 4103.15, 4103.21, 4103.13, 4103.27, 4103.31, 4103.28, 4103.27]
exp038-n4096-k20-d240-bs50-f1.000-r00:050839.648: (755 sec)
exp038-n4096-k20-d240-bs50-f1.000-r00:050839.648: Loop 35/100
exp038-n4096-k20-d240-bs50-f1.000-r00:051620.437: log(exp-norms): [4096.0, 4098.17, 4100.81]
exp038-n4096-k20-d240-bs50-f1.000-r00:051620.437: log(norms):     [4096.0, 4098.96, 4103.12, 4103.15, 4103.21, 4103.13, 4103.27, 4103.31, 4103.28, 4103.27]
exp038-n4096-k20-d240-bs50-f1.000-r00:051620.461: (781 sec)
exp038-n4096-k20-d240-bs50-f1.000-r00:051620.462: Loop 36/100
exp038-n4096-k20-d240-bs50-f1.000-r00:052409.493: log(exp-norms): [4096.0, 4098.17, 4100.81]
exp038-n4096-k20-d240-bs50-f1.000-r00:052409.493: log(norms):     [4096.0, 4098.96, 4103.09, 4103.15, 4103.12, 4103.21, 4103.13, 4103.27, 4103.31, 4103.3]
exp038-n4096-k20-d240-bs50-f1.000-r00:052409.518: (790 sec)
exp038-n4096-k20-d240-bs50-f1.000-r00:052409.518: Loop 37/100
exp038-n4096-k20-d240-bs50-f1.000-r00:053163.370: log(exp-norms): [4096.0, 4098.17, 4100.81]
exp038-n4096-k20-d240-bs50-f1.000-r00:053163.370: log(norms):     [4096.0, 4098.96, 4103.09, 4103.15, 4103.12, 4103.21, 4103.13, 4103.27, 4103.31, 4103.3]
exp038-n4096-k20-d240-bs50-f1.000-r00:053163.395: (754 sec)
exp038-n4096-k20-d240-bs50-f1.000-r00:053163.395: Loop 38/100
exp038-n4096-k20-d240-bs50-f1.000-r00:053888.591: log(exp-norms): [4096.0, 4098.17, 4100.81]
exp038-n4096-k20-d240-bs50-f1.000-r00:053888.592: log(norms):     [4096.0, 4098.96, 4103.09, 4103.15, 4103.12, 4103.21, 4103.13, 4103.27, 4103.31, 4103.3]
exp038-n4096-k20-d240-bs50-f1.000-r00:053888.616: (726 sec)
exp038-n4096-k20-d240-bs50-f1.000-r00:053888.616: Loop 39/100
exp038-n4096-k20-d240-bs50-f1.000-r00:054665.059: log(exp-norms): [4096.0, 4098.17, 4100.81]
exp038-n4096-k20-d240-bs50-f1.000-r00:054665.059: log(norms):     [4096.0, 4098.96, 4103.09, 4103.15, 4103.12, 4103.21, 4103.13, 4103.29, 4103.35, 4103.42]
exp038-n4096-k20-d240-bs50-f1.000-r00:054665.085: (777 sec)
exp038-n4096-k20-d240-bs50-f1.000-r00:054665.085: Loop 40/100
exp038-n4096-k20-d240-bs50-f1.000-r00:055428.982: log(exp-norms): [4096.0, 4098.17, 4100.81]
exp038-n4096-k20-d240-bs50-f1.000-r00:055428.982: log(norms):     [4096.0, 4098.96, 4103.09, 4103.15, 4103.12, 4103.24, 4103.42, 4103.21, 4103.13, 4103.29]
exp038-n4096-k20-d240-bs50-f1.000-r00:055429.007: (764 sec)
exp038-n4096-k20-d240-bs50-f1.000-r00:055429.007: Loop 41/100
exp038-n4096-k20-d240-bs50-f1.000-r00:056137.356: log(exp-norms): [4096.0, 4098.17, 4100.81]
exp038-n4096-k20-d240-bs50-f1.000-r00:056137.357: log(norms):     [4096.0, 4098.96, 4103.09, 4103.15, 4103.12, 4103.24, 4103.42, 4103.21, 4103.13, 4103.22]
exp038-n4096-k20-d240-bs50-f1.000-r00:056137.381: (709 sec)
exp038-n4096-k20-d240-bs50-f1.000-r00:056137.381: Loop 42/100
exp038-n4096-k20-d240-bs50-f1.000-r00:056912.025: log(exp-norms): [4096.0, 4098.17, 4100.81]
exp038-n4096-k20-d240-bs50-f1.000-r00:056912.025: log(norms):     [4096.0, 4098.96, 4103.09, 4103.15, 4103.12, 4103.24, 4103.42, 4103.27, 4103.21, 4103.23]
exp038-n4096-k20-d240-bs50-f1.000-r00:056912.050: (775 sec)
exp038-n4096-k20-d240-bs50-f1.000-r00:056912.050: Loop 43/100
exp038-n4096-k20-d240-bs50-f1.000-r00:057665.399: log(exp-norms): [4096.0, 4098.17, 4100.81]
exp038-n4096-k20-d240-bs50-f1.000-r00:057665.399: log(norms):     [4096.0, 4098.96, 4103.09, 4103.15, 4103.12, 4103.24, 4103.42, 4103.27, 4103.21, 4103.23]
exp038-n4096-k20-d240-bs50-f1.000-r00:057665.424: (754 sec)
exp038-n4096-k20-d240-bs50-f1.000-r00:057665.424: Loop 44/100
exp038-n4096-k20-d240-bs50-f1.000-r00:058425.358: log(exp-norms): [4096.0, 4098.17, 4100.81]
exp038-n4096-k20-d240-bs50-f1.000-r00:058425.358: log(norms):     [4096.0, 4098.96, 4103.09, 4103.15, 4103.12, 4103.24, 4103.42, 4103.27, 4103.32, 4103.23]
exp038-n4096-k20-d240-bs50-f1.000-r00:058425.383: (760 sec)
exp038-n4096-k20-d240-bs50-f1.000-r00:058425.383: Loop 45/100
exp038-n4096-k20-d240-bs50-f1.000-r00:059171.956: log(exp-norms): [4096.0, 4098.17, 4100.81]
exp038-n4096-k20-d240-bs50-f1.000-r00:059171.956: log(norms):     [4096.0, 4098.96, 4103.09, 4103.15, 4103.12, 4103.24, 4103.42, 4103.27, 4103.32, 4103.23]
exp038-n4096-k20-d240-bs50-f1.000-r00:059171.981: (747 sec)
exp038-n4096-k20-d240-bs50-f1.000-r00:059171.981: Loop 46/100
exp038-n4096-k20-d240-bs50-f1.000-r00:059915.118: log(exp-norms): [4096.0, 4098.17, 4100.81]
exp038-n4096-k20-d240-bs50-f1.000-r00:059915.119: log(norms):     [4096.0, 4098.96, 4103.09, 4103.15, 4103.12, 4103.24, 4103.42, 4103.27, 4103.32, 4103.23]
exp038-n4096-k20-d240-bs50-f1.000-r00:059915.143: (744 sec)
exp038-n4096-k20-d240-bs50-f1.000-r00:059915.143: Loop 47/100
exp038-n4096-k20-d240-bs50-f1.000-r00:060662.412: log(exp-norms): [4096.0, 4098.17, 4100.81]
exp038-n4096-k20-d240-bs50-f1.000-r00:060662.412: log(norms):     [4096.0, 4098.96, 4103.09, 4103.15, 4103.12, 4103.24, 4103.42, 4103.27, 4103.32, 4103.23]
exp038-n4096-k20-d240-bs50-f1.000-r00:060662.437: (748 sec)
exp038-n4096-k20-d240-bs50-f1.000-r00:060662.437: Loop 48/100
exp038-n4096-k20-d240-bs50-f1.000-r00:061438.624: log(exp-norms): [4096.0, 4098.17, 4100.81]
exp038-n4096-k20-d240-bs50-f1.000-r00:061438.624: log(norms):     [4096.0, 4098.96, 4103.09, 4103.15, 4103.12, 4103.24, 4103.42, 4103.16, 4103.23, 4103.3]
exp038-n4096-k20-d240-bs50-f1.000-r00:061438.648: (777 sec)
exp038-n4096-k20-d240-bs50-f1.000-r00:061438.649: Loop 49/100
exp038-n4096-k20-d240-bs50-f1.000-r00:062177.685: log(exp-norms): [4096.0, 4098.17, 4100.81]
exp038-n4096-k20-d240-bs50-f1.000-r00:062177.685: log(norms):     [4096.0, 4098.96, 4103.09, 4103.15, 4103.12, 4103.24, 4103.42, 4103.16, 4103.23, 4103.3]
exp038-n4096-k20-d240-bs50-f1.000-r00:062177.710: (740 sec)
exp038-n4096-k20-d240-bs50-f1.000-r00:062177.710: Loop 50/100
exp038-n4096-k20-d240-bs50-f1.000-r00:062934.997: log(exp-norms): [4096.0, 4098.17, 4100.81]
exp038-n4096-k20-d240-bs50-f1.000-r00:062934.997: log(norms):     [4096.0, 4098.96, 4103.09, 4103.15, 4103.15, 4103.12, 4103.24, 4103.42, 4103.16, 4103.23]
exp038-n4096-k20-d240-bs50-f1.000-r00:062935.022: (758 sec)
exp038-n4096-k20-d240-bs50-f1.000-r00:062935.023: Loop 51/100
exp038-n4096-k20-d240-bs50-f1.000-r00:063657.929: log(exp-norms): [4096.0, 4098.17, 4100.81]
exp038-n4096-k20-d240-bs50-f1.000-r00:063657.929: log(norms):     [4096.0, 4098.96, 4103.09, 4103.15, 4103.15, 4103.12, 4103.24, 4103.42, 4103.16, 4103.23]
exp038-n4096-k20-d240-bs50-f1.000-r00:063657.953: (723 sec)
exp038-n4096-k20-d240-bs50-f1.000-r00:063657.954: Loop 52/100
exp038-n4096-k20-d240-bs50-f1.000-r00:064375.359: log(exp-norms): [4096.0, 4098.17, 4100.81]
exp038-n4096-k20-d240-bs50-f1.000-r00:064375.359: log(norms):     [4096.0, 4098.96, 4103.09, 4103.15, 4103.15, 4103.12, 4103.24, 4103.42, 4103.16, 4103.23]
exp038-n4096-k20-d240-bs50-f1.000-r00:064375.384: (718 sec)
exp038-n4096-k20-d240-bs50-f1.000-r00:064375.384: Loop 53/100
exp038-n4096-k20-d240-bs50-f1.000-r00:065121.993: log(exp-norms): [4096.0, 4098.17, 4100.81]
exp038-n4096-k20-d240-bs50-f1.000-r00:065121.993: log(norms):     [4096.0, 4098.96, 4103.09, 4103.15, 4103.15, 4103.12, 4103.24, 4103.42, 4103.16, 4103.23]
exp038-n4096-k20-d240-bs50-f1.000-r00:065122.018: (747 sec)
exp038-n4096-k20-d240-bs50-f1.000-r00:065122.018: Loop 54/100
exp038-n4096-k20-d240-bs50-f1.000-r00:065866.425: log(exp-norms): [4096.0, 4098.17, 4100.81]
exp038-n4096-k20-d240-bs50-f1.000-r00:065866.426: log(norms):     [4096.0, 4098.96, 4103.09, 4103.15, 4103.15, 4103.12, 4103.24, 4103.42, 4103.16, 4103.23]
exp038-n4096-k20-d240-bs50-f1.000-r00:065866.450: (745 sec)
exp038-n4096-k20-d240-bs50-f1.000-r00:065866.450: Loop 55/100
exp038-n4096-k20-d240-bs50-f1.000-r00:066599.757: log(exp-norms): [4096.0, 4098.17, 4100.81]
exp038-n4096-k20-d240-bs50-f1.000-r00:066599.757: log(norms):     [4096.0, 4098.96, 4103.09, 4103.15, 4103.15, 4103.12, 4103.24, 4103.42, 4103.16, 4103.23]
exp038-n4096-k20-d240-bs50-f1.000-r00:066599.782: (734 sec)
exp038-n4096-k20-d240-bs50-f1.000-r00:066599.782: Loop 56/100
