exp035-n4096-k20-d210-bs50-f1.000-r00:000000.684: ==========================Instance==========================
exp035-n4096-k20-d210-bs50-f1.000-r00:000000.685: # of equations: 210
exp035-n4096-k20-d210-bs50-f1.000-r00:000000.692: Gap: 1.17
exp035-n4096-k20-d210-bs50-f1.000-r00:000000.709: Tau: 0.39
exp035-n4096-k20-d210-bs50-f1.000-r00:000000.710: ======================BKZ-50 reduction======================
exp035-n4096-k20-d210-bs50-f1.000-r00:000006.975: Expectedly achievable log(norm): 4100.15
exp035-n4096-k20-d210-bs50-f1.000-r00:000013.567: log(exp-norms): [4096.0, 4098.07, 4098.3]
exp035-n4096-k20-d210-bs50-f1.000-r00:000013.567: log(norms):     [4119.09, 4098.86, 4116.0, 4116.0, 4116.0, 4116.0, 4116.0, 4116.0, 4116.0, 4116.0]
exp035-n4096-k20-d210-bs50-f1.000-r00:000013.673: Loop 1/100
exp035-n4096-k20-d210-bs50-f1.000-r00:011995.540: log(exp-norms): [4096.0, 4098.07, 4098.3]
exp035-n4096-k20-d210-bs50-f1.000-r00:011995.541: log(norms):     [4098.86, 4102.68, 4102.7, 4102.74, 4102.91, 4102.85, 4102.55, 4102.78, 4102.74, 4102.69]
exp035-n4096-k20-d210-bs50-f1.000-r00:011995.581: (11982 sec)
exp035-n4096-k20-d210-bs50-f1.000-r00:011995.582: Loop 2/100
exp035-n4096-k20-d210-bs50-f1.000-r00:013147.949: log(exp-norms): [4096.0, 4098.07, 4098.3]
exp035-n4096-k20-d210-bs50-f1.000-r00:013147.949: log(norms):     [4098.86, 4102.09, 4102.21, 4102.23, 4102.15, 4102.17, 4102.29, 4102.17, 4102.23, 4102.25]
exp035-n4096-k20-d210-bs50-f1.000-r00:013147.990: (1153 sec)
exp035-n4096-k20-d210-bs50-f1.000-r00:013147.990: Loop 3/100
exp035-n4096-k20-d210-bs50-f1.000-r00:014274.119: log(exp-norms): [4096.0, 4098.07, 4098.3]
exp035-n4096-k20-d210-bs50-f1.000-r00:014274.120: log(norms):     [4098.86, 4101.76, 4101.82, 4101.8, 4101.82, 4101.9, 4101.67, 4101.76, 4102.01, 4101.77]
exp035-n4096-k20-d210-bs50-f1.000-r00:014274.158: (1127 sec)
exp035-n4096-k20-d210-bs50-f1.000-r00:014274.159: Loop 4/100
exp035-n4096-k20-d210-bs50-f1.000-r00:015372.807: log(exp-norms): [4096.0, 4098.07, 4098.3]
exp035-n4096-k20-d210-bs50-f1.000-r00:015372.808: log(norms):     [4098.86, 4101.41, 4101.54, 4101.45, 4101.49, 4101.58, 4101.52, 4101.63, 4101.51, 4101.54]
exp035-n4096-k20-d210-bs50-f1.000-r00:015372.848: (1099 sec)
exp035-n4096-k20-d210-bs50-f1.000-r00:015372.848: Loop 5/100
exp035-n4096-k20-d210-bs50-f1.000-r00:016352.759: log(exp-norms): [4096.0, 4098.07, 4098.3]
exp035-n4096-k20-d210-bs50-f1.000-r00:016352.760: log(norms):     [4098.86, 4101.07, 4101.11, 4101.2, 4101.26, 4101.26, 4101.15, 4101.4, 4101.24, 4101.17]
exp035-n4096-k20-d210-bs50-f1.000-r00:016352.799: (980 sec)
exp035-n4096-k20-d210-bs50-f1.000-r00:016352.800: Loop 6/100
exp035-n4096-k20-d210-bs50-f1.000-r00:017339.471: log(exp-norms): [4096.0, 4098.07, 4098.3]
exp035-n4096-k20-d210-bs50-f1.000-r00:017339.472: log(norms):     [4098.86, 4100.97, 4101.01, 4101.08, 4101.08, 4101.0, 4101.03, 4101.11, 4101.09, 4101.0]
exp035-n4096-k20-d210-bs50-f1.000-r00:017339.507: (987 sec)
exp035-n4096-k20-d210-bs50-f1.000-r00:017339.507: Loop 7/100
exp035-n4096-k20-d210-bs50-f1.000-r00:018206.362: log(exp-norms): [4096.0, 4098.07, 4098.3]
exp035-n4096-k20-d210-bs50-f1.000-r00:018206.362: log(norms):     [4098.86, 4100.72, 4100.75, 4100.77, 4100.76, 4100.74, 4100.78, 4100.88, 4100.95, 4100.93]
exp035-n4096-k20-d210-bs50-f1.000-r00:018206.401: (867 sec)
exp035-n4096-k20-d210-bs50-f1.000-r00:018206.401: Loop 8/100
exp035-n4096-k20-d210-bs50-f1.000-r00:019008.614: log(exp-norms): [4096.0, 4098.07, 4098.3]
exp035-n4096-k20-d210-bs50-f1.000-r00:019008.615: log(norms):     [4098.86, 4100.61, 4100.72, 4100.75, 4100.73, 4100.73, 4100.73, 4100.95, 4100.85, 4100.9]
exp035-n4096-k20-d210-bs50-f1.000-r00:019008.639: (803 sec)
exp035-n4096-k20-d210-bs50-f1.000-r00:019008.639: Loop 9/100
exp035-n4096-k20-d210-bs50-f1.000-r00:019849.159: log(exp-norms): [4096.0, 4098.07, 4098.3]
exp035-n4096-k20-d210-bs50-f1.000-r00:019849.159: log(norms):     [4098.86, 4100.56, 4100.62, 4100.67, 4100.7, 4100.64, 4100.58, 4100.73, 4100.55, 4100.57]
exp035-n4096-k20-d210-bs50-f1.000-r00:019849.197: (841 sec)
exp035-n4096-k20-d210-bs50-f1.000-r00:019849.197: Loop 10/100
exp035-n4096-k20-d210-bs50-f1.000-r00:020555.263: log(exp-norms): [4096.0, 4098.07, 4098.3]
exp035-n4096-k20-d210-bs50-f1.000-r00:020555.263: log(norms):     [4098.86, 4100.47, 4100.54, 4100.47, 4100.65, 4100.55, 4100.61, 4100.51, 4100.5, 4100.75]
exp035-n4096-k20-d210-bs50-f1.000-r00:020555.286: (707 sec)
exp035-n4096-k20-d210-bs50-f1.000-r00:020555.287: Loop 11/100
exp035-n4096-k20-d210-bs50-f1.000-r00:021315.340: log(exp-norms): [4096.0, 4098.07, 4098.3]
exp035-n4096-k20-d210-bs50-f1.000-r00:021315.341: log(norms):     [4098.86, 4100.28, 4100.41, 4100.5, 4100.46, 4100.49, 4100.4, 4100.36, 4100.48, 4100.53]
exp035-n4096-k20-d210-bs50-f1.000-r00:021315.379: (761 sec)
exp035-n4096-k20-d210-bs50-f1.000-r00:021315.379: Loop 12/100
exp035-n4096-k20-d210-bs50-f1.000-r00:022089.674: log(exp-norms): [4096.0, 4098.07, 4098.3]
exp035-n4096-k20-d210-bs50-f1.000-r00:022089.674: log(norms):     [4098.86, 4100.28, 4100.39, 4100.45, 4100.36, 4100.48, 4100.5, 4100.42, 4100.63, 4100.47]
exp035-n4096-k20-d210-bs50-f1.000-r00:022089.697: (775 sec)
exp035-n4096-k20-d210-bs50-f1.000-r00:022089.697: Loop 13/100
exp035-n4096-k20-d210-bs50-f1.000-r00:022789.100: log(exp-norms): [4096.0, 4098.07, 4098.3]
exp035-n4096-k20-d210-bs50-f1.000-r00:022789.101: log(norms):     [4098.86, 4100.28, 4100.39, 4100.42, 4100.47, 4100.31, 4100.48, 4100.33, 4100.19, 4100.31]
exp035-n4096-k20-d210-bs50-f1.000-r00:022789.125: (700 sec)
exp035-n4096-k20-d210-bs50-f1.000-r00:022789.125: Loop 14/100
exp035-n4096-k20-d210-bs50-f1.000-r00:023418.570: log(exp-norms): [4096.0, 4098.07, 4098.3]
exp035-n4096-k20-d210-bs50-f1.000-r00:023418.570: log(norms):     [4098.86, 4100.19, 4100.39, 4100.28, 4100.36, 4100.44, 4100.44, 4100.45, 4100.59, 4100.55]
exp035-n4096-k20-d210-bs50-f1.000-r00:023418.608: (630 sec)
exp035-n4096-k20-d210-bs50-f1.000-r00:023418.609: Loop 15/100
exp035-n4096-k20-d210-bs50-f1.000-r00:024091.648: log(exp-norms): [4096.0, 4098.07, 4098.3]
exp035-n4096-k20-d210-bs50-f1.000-r00:024091.649: log(norms):     [4098.86, 4100.19, 4100.37, 4100.23, 4100.28, 4100.39, 4100.38, 4100.54, 4100.45, 4100.36]
exp035-n4096-k20-d210-bs50-f1.000-r00:024091.687: (674 sec)
exp035-n4096-k20-d210-bs50-f1.000-r00:024091.687: Loop 16/100
exp035-n4096-k20-d210-bs50-f1.000-r00:024763.536: log(exp-norms): [4096.0, 4098.07, 4098.3]
exp035-n4096-k20-d210-bs50-f1.000-r00:024763.537: log(norms):     [4098.86, 4100.19, 4100.37, 4100.23, 4100.28, 4100.39, 4100.44, 4100.45, 4100.5, 4100.33]
exp035-n4096-k20-d210-bs50-f1.000-r00:024763.560: (672 sec)
exp035-n4096-k20-d210-bs50-f1.000-r00:024763.560: Loop 17/100
exp035-n4096-k20-d210-bs50-f1.000-r00:025344.731: log(exp-norms): [4096.0, 4098.07, 4098.3]
exp035-n4096-k20-d210-bs50-f1.000-r00:025344.732: log(norms):     [4098.86, 4100.19, 4100.31, 4100.37, 4100.23, 4100.28, 4100.39, 4100.29, 4100.35, 4100.47]
exp035-n4096-k20-d210-bs50-f1.000-r00:025344.754: (582 sec)
exp035-n4096-k20-d210-bs50-f1.000-r00:025344.755: Loop 18/100
exp035-n4096-k20-d210-bs50-f1.000-r00:025890.579: log(exp-norms): [4096.0, 4098.07, 4098.3]
exp035-n4096-k20-d210-bs50-f1.000-r00:025890.579: log(norms):     [4098.86, 4100.19, 4100.31, 4100.37, 4100.23, 4100.28, 4100.39, 4100.45, 4100.29, 4100.35]
exp035-n4096-k20-d210-bs50-f1.000-r00:025890.603: (546 sec)
exp035-n4096-k20-d210-bs50-f1.000-r00:025890.603: Loop 19/100
exp035-n4096-k20-d210-bs50-f1.000-r00:026465.667: log(exp-norms): [4096.0, 4098.07, 4098.3]
exp035-n4096-k20-d210-bs50-f1.000-r00:026465.668: log(norms):     [4098.86, 4100.19, 4100.19, 4100.32, 4100.51, 4100.35, 4100.48, 4100.39, 4100.48, 4100.28]
exp035-n4096-k20-d210-bs50-f1.000-r00:026465.691: (576 sec)
exp035-n4096-k20-d210-bs50-f1.000-r00:026465.691: Loop 20/100
exp035-n4096-k20-d210-bs50-f1.000-r00:026993.091: log(exp-norms): [4096.0, 4098.07, 4098.3]
exp035-n4096-k20-d210-bs50-f1.000-r00:026993.091: log(norms):     [4098.86, 4100.19, 4100.19, 4100.32, 4100.51, 4100.4, 4100.35, 4100.48, 4100.39, 4100.41]
exp035-n4096-k20-d210-bs50-f1.000-r00:026993.114: (528 sec)
exp035-n4096-k20-d210-bs50-f1.000-r00:026993.114: Loop 21/100
exp035-n4096-k20-d210-bs50-f1.000-r00:027535.614: log(exp-norms): [4096.0, 4098.07, 4098.3]
exp035-n4096-k20-d210-bs50-f1.000-r00:027535.614: log(norms):     [4098.86, 4100.19, 4100.19, 4100.32, 4100.51, 4100.4, 4100.41, 4100.39, 4100.39, 4100.28]
exp035-n4096-k20-d210-bs50-f1.000-r00:027535.637: (543 sec)
exp035-n4096-k20-d210-bs50-f1.000-r00:027535.637: Loop 22/100
exp035-n4096-k20-d210-bs50-f1.000-r00:028110.002: log(exp-norms): [4096.0, 4098.07, 4098.3]
exp035-n4096-k20-d210-bs50-f1.000-r00:028110.002: log(norms):     [4098.86, 4100.19, 4100.19, 4100.32, 4100.33, 4100.35, 4100.51, 4100.5, 4100.37, 4100.27]
exp035-n4096-k20-d210-bs50-f1.000-r00:028110.027: (575 sec)
exp035-n4096-k20-d210-bs50-f1.000-r00:028110.027: Loop 23/100
exp035-n4096-k20-d210-bs50-f1.000-r00:028723.546: log(exp-norms): [4096.0, 4098.07, 4098.3]
exp035-n4096-k20-d210-bs50-f1.000-r00:028723.547: log(norms):     [4098.86, 4100.08, 4100.15, 4100.19, 4100.19, 4100.22, 4100.38, 4100.39, 4100.47, 4100.43]
exp035-n4096-k20-d210-bs50-f1.000-r00:028723.571: (614 sec)
exp035-n4096-k20-d210-bs50-f1.000-r00:028723.572: Loop 24/100
exp035-n4096-k20-d210-bs50-f1.000-r00:029388.037: log(exp-norms): [4096.0, 4098.07, 4098.3]
exp035-n4096-k20-d210-bs50-f1.000-r00:029388.037: log(norms):     [4098.86, 4100.08, 4100.15, 4100.19, 4100.1, 4100.38, 4100.41, 4100.44, 4100.43, 4100.3]
exp035-n4096-k20-d210-bs50-f1.000-r00:029388.075: (665 sec)
exp035-n4096-k20-d210-bs50-f1.000-r00:029388.075: Loop 25/100
exp035-n4096-k20-d210-bs50-f1.000-r00:029946.966: log(exp-norms): [4096.0, 4098.07, 4098.3]
exp035-n4096-k20-d210-bs50-f1.000-r00:029946.967: log(norms):     [4098.86, 4100.08, 4100.1, 4100.15, 4100.19, 4100.38, 4100.43, 4100.4, 4100.46, 4100.32]
exp035-n4096-k20-d210-bs50-f1.000-r00:029946.992: (559 sec)
exp035-n4096-k20-d210-bs50-f1.000-r00:029946.992: Loop 26/100
exp035-n4096-k20-d210-bs50-f1.000-r00:030650.577: log(exp-norms): [4096.0, 4098.07, 4098.3]
exp035-n4096-k20-d210-bs50-f1.000-r00:030650.578: log(norms):     [4098.86, 4100.08, 4100.1, 4100.15, 4100.19, 4100.38, 4100.32, 4100.43, 4100.46, 4100.4]
exp035-n4096-k20-d210-bs50-f1.000-r00:030650.600: (704 sec)
exp035-n4096-k20-d210-bs50-f1.000-r00:030650.600: Loop 27/100
exp035-n4096-k20-d210-bs50-f1.000-r00:031142.729: log(exp-norms): [4096.0, 4098.07, 4098.3]
exp035-n4096-k20-d210-bs50-f1.000-r00:031142.730: log(norms):     [4098.86, 4100.08, 4100.1, 4100.15, 4100.15, 4100.19, 4100.34, 4100.43, 4100.29, 4100.38]
exp035-n4096-k20-d210-bs50-f1.000-r00:031142.752: (493 sec)
exp035-n4096-k20-d210-bs50-f1.000-r00:031142.753: Loop 28/100
exp035-n4096-k20-d210-bs50-f1.000-r00:031722.498: log(exp-norms): [4096.0, 4098.07, 4098.3]
exp035-n4096-k20-d210-bs50-f1.000-r00:031722.499: log(norms):     [4098.86, 4100.08, 4100.1, 4100.15, 4100.15, 4100.19, 4100.34, 4100.43, 4100.29, 4100.38]
exp035-n4096-k20-d210-bs50-f1.000-r00:031722.537: (580 sec)
exp035-n4096-k20-d210-bs50-f1.000-r00:031722.537: Loop 29/100
exp035-n4096-k20-d210-bs50-f1.000-r00:032340.596: log(exp-norms): [4096.0, 4098.07, 4098.3]
exp035-n4096-k20-d210-bs50-f1.000-r00:032340.597: log(norms):     [4098.86, 4100.08, 4100.1, 4100.15, 4100.15, 4100.19, 4100.34, 4100.43, 4100.29, 4100.38]
exp035-n4096-k20-d210-bs50-f1.000-r00:032340.619: (619 sec)
exp035-n4096-k20-d210-bs50-f1.000-r00:032340.620: Loop 30/100
exp035-n4096-k20-d210-bs50-f1.000-r00:032858.543: log(exp-norms): [4096.0, 4098.07, 4098.3]
exp035-n4096-k20-d210-bs50-f1.000-r00:032858.543: log(norms):     [4098.86, 4100.08, 4100.13, 4100.08, 4100.1, 4100.15, 4100.36, 4100.38, 4100.43, 4100.53]
exp035-n4096-k20-d210-bs50-f1.000-r00:032858.568: (518 sec)
exp035-n4096-k20-d210-bs50-f1.000-r00:032858.568: Loop 31/100
exp035-n4096-k20-d210-bs50-f1.000-r00:033405.838: log(exp-norms): [4096.0, 4098.07, 4098.3]
exp035-n4096-k20-d210-bs50-f1.000-r00:033405.839: log(norms):     [4098.86, 4100.08, 4100.13, 4100.08, 4100.1, 4100.15, 4100.26, 4100.36, 4100.29, 4100.36]
exp035-n4096-k20-d210-bs50-f1.000-r00:033405.861: (548 sec)
exp035-n4096-k20-d210-bs50-f1.000-r00:033405.862: Loop 32/100
exp035-n4096-k20-d210-bs50-f1.000-r00:033966.315: log(exp-norms): [4096.0, 4098.07, 4098.3]
exp035-n4096-k20-d210-bs50-f1.000-r00:033966.316: log(norms):     [4098.86, 4100.08, 4100.13, 4100.19, 4100.08, 4100.32, 4100.1, 4100.34, 4100.15, 4100.36]
exp035-n4096-k20-d210-bs50-f1.000-r00:033966.338: (561 sec)
exp035-n4096-k20-d210-bs50-f1.000-r00:033966.338: Loop 33/100
exp035-n4096-k20-d210-bs50-f1.000-r00:034477.960: log(exp-norms): [4096.0, 4098.07, 4098.3]
exp035-n4096-k20-d210-bs50-f1.000-r00:034477.960: log(norms):     [4098.86, 4100.08, 4100.13, 4100.19, 4100.08, 4100.32, 4100.1, 4100.34, 4100.15, 4100.37]
exp035-n4096-k20-d210-bs50-f1.000-r00:034477.983: (512 sec)
exp035-n4096-k20-d210-bs50-f1.000-r00:034477.983: Loop 34/100
exp035-n4096-k20-d210-bs50-f1.000-r00:035037.126: log(exp-norms): [4096.0, 4098.07, 4098.3]
exp035-n4096-k20-d210-bs50-f1.000-r00:035037.126: log(norms):     [4098.86, 4100.08, 4100.13, 4100.19, 4100.08, 4100.32, 4100.13, 4100.33, 4100.1, 4100.34]
exp035-n4096-k20-d210-bs50-f1.000-r00:035037.148: (560 sec)
exp035-n4096-k20-d210-bs50-f1.000-r00:035037.149: Loop 35/100
exp035-n4096-k20-d210-bs50-f1.000-r00:035714.103: log(exp-norms): [4096.0, 4098.07, 4098.3]
exp035-n4096-k20-d210-bs50-f1.000-r00:035714.103: log(norms):     [4098.86, 4100.08, 4100.13, 4100.19, 4100.08, 4100.32, 4100.13, 4100.33, 4100.1, 4100.28]
exp035-n4096-k20-d210-bs50-f1.000-r00:035714.128: (677 sec)
exp035-n4096-k20-d210-bs50-f1.000-r00:035714.128: Loop 36/100
exp035-n4096-k20-d210-bs50-f1.000-r00:036282.587: log(exp-norms): [4096.0, 4098.07, 4098.3]
exp035-n4096-k20-d210-bs50-f1.000-r00:036282.588: log(norms):     [4098.86, 4100.08, 4100.13, 4100.19, 4100.08, 4100.32, 4100.13, 4100.33, 4100.1, 4100.28]
exp035-n4096-k20-d210-bs50-f1.000-r00:036282.612: (569 sec)
exp035-n4096-k20-d210-bs50-f1.000-r00:036282.613: Loop 37/100
exp035-n4096-k20-d210-bs50-f1.000-r00:036844.324: log(exp-norms): [4096.0, 4098.07, 4098.3]
exp035-n4096-k20-d210-bs50-f1.000-r00:036844.325: log(norms):     [4098.86, 4100.08, 4100.13, 4100.19, 4100.08, 4100.32, 4100.13, 4100.33, 4100.1, 4100.28]
exp035-n4096-k20-d210-bs50-f1.000-r00:036844.347: (562 sec)
exp035-n4096-k20-d210-bs50-f1.000-r00:036844.347: Loop 38/100
exp035-n4096-k20-d210-bs50-f1.000-r00:037394.183: log(exp-norms): [4096.0, 4098.07, 4098.3]
exp035-n4096-k20-d210-bs50-f1.000-r00:037394.183: log(norms):     [4098.86, 4100.08, 4100.13, 4100.19, 4100.08, 4100.32, 4100.13, 4100.33, 4100.1, 4100.28]
exp035-n4096-k20-d210-bs50-f1.000-r00:037394.205: (550 sec)
exp035-n4096-k20-d210-bs50-f1.000-r00:037394.206: Loop 39/100
exp035-n4096-k20-d210-bs50-f1.000-r00:037933.952: log(exp-norms): [4096.0, 4098.07, 4098.3]
exp035-n4096-k20-d210-bs50-f1.000-r00:037933.952: log(norms):     [4098.86, 4100.08, 4100.13, 4100.19, 4100.08, 4100.31, 4100.13, 4100.26, 4100.32, 4100.34]
exp035-n4096-k20-d210-bs50-f1.000-r00:037933.974: (540 sec)
exp035-n4096-k20-d210-bs50-f1.000-r00:037933.975: Loop 40/100
exp035-n4096-k20-d210-bs50-f1.000-r00:038418.941: log(exp-norms): [4096.0, 4098.07, 4098.3]
exp035-n4096-k20-d210-bs50-f1.000-r00:038418.941: log(norms):     [4098.86, 4100.08, 4100.13, 4100.19, 4100.08, 4100.31, 4100.13, 4100.26, 4100.32, 4100.34]
exp035-n4096-k20-d210-bs50-f1.000-r00:038418.964: (485 sec)
exp035-n4096-k20-d210-bs50-f1.000-r00:038418.964: Loop 41/100
exp035-n4096-k20-d210-bs50-f1.000-r00:038926.904: log(exp-norms): [4096.0, 4098.07, 4098.3]
exp035-n4096-k20-d210-bs50-f1.000-r00:038926.904: log(norms):     [4098.86, 4100.08, 4100.13, 4100.19, 4100.08, 4100.31, 4100.13, 4100.26, 4100.32, 4100.34]
exp035-n4096-k20-d210-bs50-f1.000-r00:038926.926: (508 sec)
exp035-n4096-k20-d210-bs50-f1.000-r00:038926.927: Loop 42/100
exp035-n4096-k20-d210-bs50-f1.000-r00:039413.568: log(exp-norms): [4096.0, 4098.07, 4098.3]
exp035-n4096-k20-d210-bs50-f1.000-r00:039413.568: log(norms):     [4098.86, 4100.08, 4100.13, 4100.19, 4100.08, 4100.31, 4100.13, 4100.26, 4100.32, 4100.34]
exp035-n4096-k20-d210-bs50-f1.000-r00:039413.590: (487 sec)
exp035-n4096-k20-d210-bs50-f1.000-r00:039413.590: Loop 43/100
exp035-n4096-k20-d210-bs50-f1.000-r00:039906.074: log(exp-norms): [4096.0, 4098.07, 4098.3]
exp035-n4096-k20-d210-bs50-f1.000-r00:039906.074: log(norms):     [4098.86, 4100.08, 4100.13, 4100.19, 4100.08, 4100.31, 4100.13, 4100.26, 4100.32, 4100.34]
exp035-n4096-k20-d210-bs50-f1.000-r00:039906.096: (493 sec)
exp035-n4096-k20-d210-bs50-f1.000-r00:039906.096: Loop 44/100
exp035-n4096-k20-d210-bs50-f1.000-r00:040407.837: log(exp-norms): [4096.0, 4098.07, 4098.3]
exp035-n4096-k20-d210-bs50-f1.000-r00:040407.837: log(norms):     [4098.86, 4100.08, 4100.13, 4100.18, 4100.13, 4100.19, 4100.08, 4100.31, 4100.44, 4100.41]
exp035-n4096-k20-d210-bs50-f1.000-r00:040407.859: (502 sec)
exp035-n4096-k20-d210-bs50-f1.000-r00:040407.859: Loop 45/100
exp035-n4096-k20-d210-bs50-f1.000-r00:040902.347: log(exp-norms): [4096.0, 4098.07, 4098.3]
exp035-n4096-k20-d210-bs50-f1.000-r00:040902.347: log(norms):     [4098.86, 4100.08, 4100.13, 4100.18, 4100.13, 4100.19, 4100.08, 4100.31, 4100.44, 4100.41]
exp035-n4096-k20-d210-bs50-f1.000-r00:040902.369: (495 sec)
exp035-n4096-k20-d210-bs50-f1.000-r00:040902.369: Loop 46/100
exp035-n4096-k20-d210-bs50-f1.000-r00:041411.369: log(exp-norms): [4096.0, 4098.07, 4098.3]
exp035-n4096-k20-d210-bs50-f1.000-r00:041411.369: log(norms):     [4098.86, 4100.08, 4100.13, 4100.18, 4100.13, 4100.19, 4100.08, 4100.31, 4100.44, 4100.41]
exp035-n4096-k20-d210-bs50-f1.000-r00:041411.391: (510 sec)
exp035-n4096-k20-d210-bs50-f1.000-r00:041411.391: Loop 47/100
exp035-n4096-k20-d210-bs50-f1.000-r00:041899.887: log(exp-norms): [4096.0, 4098.07, 4098.3]
exp035-n4096-k20-d210-bs50-f1.000-r00:041899.887: log(norms):     [4098.86, 4100.08, 4100.13, 4100.18, 4100.13, 4100.19, 4100.08, 4100.31, 4100.44, 4100.41]
exp035-n4096-k20-d210-bs50-f1.000-r00:041899.909: (489 sec)
exp035-n4096-k20-d210-bs50-f1.000-r00:041899.909: Loop 48/100
exp035-n4096-k20-d210-bs50-f1.000-r00:042404.902: log(exp-norms): [4096.0, 4098.07, 4098.3]
exp035-n4096-k20-d210-bs50-f1.000-r00:042404.902: log(norms):     [4098.86, 4100.08, 4100.13, 4100.18, 4100.13, 4100.19, 4100.08, 4100.31, 4100.44, 4100.41]
exp035-n4096-k20-d210-bs50-f1.000-r00:042404.924: (506 sec)
exp035-n4096-k20-d210-bs50-f1.000-r00:042404.924: Loop 49/100
exp035-n4096-k20-d210-bs50-f1.000-r00:042901.998: log(exp-norms): [4096.0, 4098.07, 4098.3]
exp035-n4096-k20-d210-bs50-f1.000-r00:042901.998: log(norms):     [4098.86, 4100.08, 4100.13, 4100.11, 4100.19, 4100.08, 4100.31, 4100.13, 4100.29, 4100.38]
exp035-n4096-k20-d210-bs50-f1.000-r00:042902.019: (498 sec)
exp035-n4096-k20-d210-bs50-f1.000-r00:042902.020: Loop 50/100
exp035-n4096-k20-d210-bs50-f1.000-r00:043387.892: log(exp-norms): [4096.0, 4098.07, 4098.3]
exp035-n4096-k20-d210-bs50-f1.000-r00:043387.892: log(norms):     [4098.86, 4100.08, 4100.13, 4100.11, 4100.19, 4100.08, 4100.31, 4100.13, 4100.29, 4100.38]
exp035-n4096-k20-d210-bs50-f1.000-r00:043387.913: (486 sec)
exp035-n4096-k20-d210-bs50-f1.000-r00:043387.913: Loop 51/100
exp035-n4096-k20-d210-bs50-f1.000-r00:043890.049: log(exp-norms): [4096.0, 4098.07, 4098.3]
exp035-n4096-k20-d210-bs50-f1.000-r00:043890.050: log(norms):     [4098.86, 4100.08, 4100.13, 4100.11, 4100.19, 4100.08, 4100.31, 4100.38, 4100.18, 4100.13]
exp035-n4096-k20-d210-bs50-f1.000-r00:043890.072: (503 sec)
exp035-n4096-k20-d210-bs50-f1.000-r00:043890.072: Loop 52/100
exp035-n4096-k20-d210-bs50-f1.000-r00:044348.482: log(exp-norms): [4096.0, 4098.07, 4098.3]
exp035-n4096-k20-d210-bs50-f1.000-r00:044348.483: log(norms):     [4098.86, 4100.08, 4100.13, 4100.11, 4100.19, 4100.08, 4100.31, 4100.38, 4100.18, 4100.33]
exp035-n4096-k20-d210-bs50-f1.000-r00:044348.504: (459 sec)
exp035-n4096-k20-d210-bs50-f1.000-r00:044348.504: Loop 53/100
exp035-n4096-k20-d210-bs50-f1.000-r00:044862.695: log(exp-norms): [4096.0, 4098.07, 4098.3]
exp035-n4096-k20-d210-bs50-f1.000-r00:044862.695: log(norms):     [4098.86, 4100.08, 4100.13, 4100.11, 4100.19, 4100.08, 4100.31, 4100.38, 4100.18, 4100.33]
exp035-n4096-k20-d210-bs50-f1.000-r00:044862.717: (515 sec)
exp035-n4096-k20-d210-bs50-f1.000-r00:044862.717: Loop 54/100
exp035-n4096-k20-d210-bs50-f1.000-r00:045363.323: log(exp-norms): [4096.0, 4098.07, 4098.3]
exp035-n4096-k20-d210-bs50-f1.000-r00:045363.323: log(norms):     [4098.86, 4100.08, 4100.13, 4100.11, 4100.19, 4100.08, 4100.31, 4100.38, 4100.18, 4100.33]
exp035-n4096-k20-d210-bs50-f1.000-r00:045363.345: (501 sec)
exp035-n4096-k20-d210-bs50-f1.000-r00:045363.345: Loop 55/100
exp035-n4096-k20-d210-bs50-f1.000-r00:045863.891: log(exp-norms): [4096.0, 4098.07, 4098.3]
exp035-n4096-k20-d210-bs50-f1.000-r00:045863.892: log(norms):     [4098.86, 4100.08, 4100.13, 4100.11, 4100.19, 4100.08, 4100.31, 4100.38, 4100.18, 4100.33]
exp035-n4096-k20-d210-bs50-f1.000-r00:045863.913: (501 sec)
exp035-n4096-k20-d210-bs50-f1.000-r00:045863.913: Loop 56/100
exp035-n4096-k20-d210-bs50-f1.000-r00:046369.648: log(exp-norms): [4096.0, 4098.07, 4098.3]
exp035-n4096-k20-d210-bs50-f1.000-r00:046369.648: log(norms):     [4098.86, 4100.08, 4100.13, 4100.11, 4100.19, 4100.08, 4100.31, 4100.38, 4100.18, 4100.33]
exp035-n4096-k20-d210-bs50-f1.000-r00:046369.670: (506 sec)
exp035-n4096-k20-d210-bs50-f1.000-r00:046369.670: Loop 57/100
exp035-n4096-k20-d210-bs50-f1.000-r00:046874.561: log(exp-norms): [4096.0, 4098.07, 4098.3]
exp035-n4096-k20-d210-bs50-f1.000-r00:046874.561: log(norms):     [4098.86, 4100.08, 4100.13, 4100.11, 4100.19, 4100.08, 4100.31, 4100.37, 4100.38, 4100.18]
exp035-n4096-k20-d210-bs50-f1.000-r00:046874.583: (505 sec)
exp035-n4096-k20-d210-bs50-f1.000-r00:046874.583: Loop 58/100
exp035-n4096-k20-d210-bs50-f1.000-r00:047373.986: log(exp-norms): [4096.0, 4098.07, 4098.3]
exp035-n4096-k20-d210-bs50-f1.000-r00:047373.987: log(norms):     [4098.86, 4100.08, 4100.13, 4100.11, 4100.19, 4100.08, 4100.31, 4100.37, 4100.38, 4100.18]
exp035-n4096-k20-d210-bs50-f1.000-r00:047374.009: (500 sec)
exp035-n4096-k20-d210-bs50-f1.000-r00:047374.010: Loop 59/100
exp035-n4096-k20-d210-bs50-f1.000-r00:047896.033: log(exp-norms): [4096.0, 4098.07, 4098.3]
exp035-n4096-k20-d210-bs50-f1.000-r00:047896.033: log(norms):     [4098.86, 4100.08, 4100.13, 4100.11, 4100.19, 4100.08, 4100.31, 4100.37, 4100.38, 4100.2]
exp035-n4096-k20-d210-bs50-f1.000-r00:047896.055: (523 sec)
exp035-n4096-k20-d210-bs50-f1.000-r00:047896.055: Loop 60/100
exp035-n4096-k20-d210-bs50-f1.000-r00:048391.899: log(exp-norms): [4096.0, 4098.07, 4098.3]
exp035-n4096-k20-d210-bs50-f1.000-r00:048391.899: log(norms):     [4098.86, 4100.08, 4100.13, 4100.11, 4100.19, 4100.08, 4100.31, 4100.37, 4100.24, 4100.38]
exp035-n4096-k20-d210-bs50-f1.000-r00:048391.921: (496 sec)
exp035-n4096-k20-d210-bs50-f1.000-r00:048391.921: Loop 61/100
exp035-n4096-k20-d210-bs50-f1.000-r00:048882.539: log(exp-norms): [4096.0, 4098.07, 4098.3]
exp035-n4096-k20-d210-bs50-f1.000-r00:048882.539: log(norms):     [4098.86, 4100.08, 4100.13, 4100.11, 4100.19, 4100.08, 4100.31, 4100.37, 4100.24, 4100.38]
exp035-n4096-k20-d210-bs50-f1.000-r00:048882.561: (491 sec)
exp035-n4096-k20-d210-bs50-f1.000-r00:048882.561: Loop 62/100
exp035-n4096-k20-d210-bs50-f1.000-r00:049394.305: log(exp-norms): [4096.0, 4098.07, 4098.3]
exp035-n4096-k20-d210-bs50-f1.000-r00:049394.305: log(norms):     [4098.86, 4100.08, 4100.13, 4100.11, 4100.19, 4100.08, 4100.31, 4100.37, 4100.24, 4100.38]
exp035-n4096-k20-d210-bs50-f1.000-r00:049394.328: (512 sec)
exp035-n4096-k20-d210-bs50-f1.000-r00:049394.328: Loop 63/100
exp035-n4096-k20-d210-bs50-f1.000-r00:049918.791: log(exp-norms): [4096.0, 4098.07, 4098.3]
exp035-n4096-k20-d210-bs50-f1.000-r00:049918.791: log(norms):     [4098.86, 4100.08, 4100.13, 4100.11, 4100.19, 4100.08, 4100.31, 4100.37, 4100.24, 4100.38]
exp035-n4096-k20-d210-bs50-f1.000-r00:049918.813: (525 sec)
exp035-n4096-k20-d210-bs50-f1.000-r00:049918.813: Loop 64/100
exp035-n4096-k20-d210-bs50-f1.000-r00:050417.477: log(exp-norms): [4096.0, 4098.07, 4098.3]
exp035-n4096-k20-d210-bs50-f1.000-r00:050417.477: log(norms):     [4098.86, 4100.08, 4100.13, 4100.11, 4100.19, 4100.08, 4100.31, 4100.37, 4100.24, 4100.38]
exp035-n4096-k20-d210-bs50-f1.000-r00:050417.499: (499 sec)
exp035-n4096-k20-d210-bs50-f1.000-r00:050417.499: Loop 65/100
exp035-n4096-k20-d210-bs50-f1.000-r00:050929.749: log(exp-norms): [4096.0, 4098.07, 4098.3]
exp035-n4096-k20-d210-bs50-f1.000-r00:050929.749: log(norms):     [4098.86, 4100.08, 4100.13, 4100.11, 4100.19, 4100.08, 4100.31, 4100.37, 4100.24, 4100.38]
exp035-n4096-k20-d210-bs50-f1.000-r00:050929.771: (513 sec)
exp035-n4096-k20-d210-bs50-f1.000-r00:050929.771: Loop 66/100
exp035-n4096-k20-d210-bs50-f1.000-r00:051445.754: log(exp-norms): [4096.0, 4098.07, 4098.3]
exp035-n4096-k20-d210-bs50-f1.000-r00:051445.754: log(norms):     [4098.86, 4100.08, 4100.13, 4100.11, 4100.19, 4100.08, 4100.31, 4100.18, 4100.37, 4100.38]
exp035-n4096-k20-d210-bs50-f1.000-r00:051445.776: (517 sec)
exp035-n4096-k20-d210-bs50-f1.000-r00:051445.776: Loop 67/100
exp035-n4096-k20-d210-bs50-f1.000-r00:051958.161: log(exp-norms): [4096.0, 4098.07, 4098.3]
exp035-n4096-k20-d210-bs50-f1.000-r00:051958.161: log(norms):     [4098.86, 4100.08, 4100.13, 4100.11, 4100.19, 4100.08, 4100.31, 4100.18, 4100.37, 4100.38]
exp035-n4096-k20-d210-bs50-f1.000-r00:051958.184: (513 sec)
exp035-n4096-k20-d210-bs50-f1.000-r00:051958.184: Loop 68/100
exp035-n4096-k20-d210-bs50-f1.000-r00:052472.229: log(exp-norms): [4096.0, 4098.07, 4098.3]
exp035-n4096-k20-d210-bs50-f1.000-r00:052472.230: log(norms):     [4098.86, 4100.08, 4100.13, 4100.11, 4100.19, 4100.08, 4100.31, 4100.18, 4100.37, 4100.38]
exp035-n4096-k20-d210-bs50-f1.000-r00:052472.252: (515 sec)
exp035-n4096-k20-d210-bs50-f1.000-r00:052472.252: Loop 69/100
exp035-n4096-k20-d210-bs50-f1.000-r00:052978.818: log(exp-norms): [4096.0, 4098.07, 4098.3]
exp035-n4096-k20-d210-bs50-f1.000-r00:052978.818: log(norms):     [4098.86, 4100.08, 4100.13, 4100.11, 4100.19, 4100.08, 4100.31, 4100.18, 4100.37, 4100.38]
exp035-n4096-k20-d210-bs50-f1.000-r00:052978.840: (507 sec)
exp035-n4096-k20-d210-bs50-f1.000-r00:052978.840: Loop 70/100
exp035-n4096-k20-d210-bs50-f1.000-r00:053473.580: log(exp-norms): [4096.0, 4098.07, 4098.3]
exp035-n4096-k20-d210-bs50-f1.000-r00:053473.581: log(norms):     [4098.86, 4100.08, 4100.13, 4100.11, 4100.19, 4100.08, 4100.31, 4100.18, 4100.37, 4100.38]
exp035-n4096-k20-d210-bs50-f1.000-r00:053473.603: (495 sec)
exp035-n4096-k20-d210-bs50-f1.000-r00:053473.604: Loop 71/100
exp035-n4096-k20-d210-bs50-f1.000-r00:053969.786: log(exp-norms): [4096.0, 4098.07, 4098.3]
exp035-n4096-k20-d210-bs50-f1.000-r00:053969.787: log(norms):     [4098.86, 4100.08, 4100.13, 4100.11, 4100.19, 4100.08, 4100.31, 4100.18, 4100.37, 4100.38]
exp035-n4096-k20-d210-bs50-f1.000-r00:053969.808: (497 sec)
exp035-n4096-k20-d210-bs50-f1.000-r00:053969.808: Loop 72/100
exp035-n4096-k20-d210-bs50-f1.000-r00:054466.570: log(exp-norms): [4096.0, 4098.07, 4098.3]
exp035-n4096-k20-d210-bs50-f1.000-r00:054466.570: log(norms):     [4098.86, 4100.08, 4100.13, 4100.11, 4100.19, 4100.08, 4100.31, 4100.18, 4100.37, 4100.38]
exp035-n4096-k20-d210-bs50-f1.000-r00:054466.592: (497 sec)
exp035-n4096-k20-d210-bs50-f1.000-r00:054466.592: Loop 73/100
exp035-n4096-k20-d210-bs50-f1.000-r00:054977.694: log(exp-norms): [4096.0, 4098.07, 4098.3]
exp035-n4096-k20-d210-bs50-f1.000-r00:054977.695: log(norms):     [4098.86, 4100.08, 4100.13, 4100.11, 4100.19, 4100.08, 4100.31, 4100.18, 4100.37, 4100.39]
exp035-n4096-k20-d210-bs50-f1.000-r00:054977.716: (512 sec)
exp035-n4096-k20-d210-bs50-f1.000-r00:054977.716: Loop 74/100
exp035-n4096-k20-d210-bs50-f1.000-r00:055475.899: log(exp-norms): [4096.0, 4098.07, 4098.3]
exp035-n4096-k20-d210-bs50-f1.000-r00:055475.899: log(norms):     [4098.86, 4100.08, 4100.13, 4100.11, 4100.19, 4100.08, 4100.31, 4100.18, 4100.37, 4100.39]
exp035-n4096-k20-d210-bs50-f1.000-r00:055475.922: (499 sec)
exp035-n4096-k20-d210-bs50-f1.000-r00:055475.922: Loop 75/100
exp035-n4096-k20-d210-bs50-f1.000-r00:055979.075: log(exp-norms): [4096.0, 4098.07, 4098.3]
exp035-n4096-k20-d210-bs50-f1.000-r00:055979.076: log(norms):     [4098.86, 4100.08, 4100.13, 4100.11, 4100.19, 4100.08, 4100.31, 4100.18, 4100.37, 4100.39]
exp035-n4096-k20-d210-bs50-f1.000-r00:055979.098: (504 sec)
exp035-n4096-k20-d210-bs50-f1.000-r00:055979.098: Loop 76/100
exp035-n4096-k20-d210-bs50-f1.000-r00:056471.149: log(exp-norms): [4096.0, 4098.07, 4098.3]
exp035-n4096-k20-d210-bs50-f1.000-r00:056471.149: log(norms):     [4098.86, 4100.08, 4100.13, 4100.11, 4100.19, 4100.08, 4100.31, 4100.18, 4100.37, 4100.39]
exp035-n4096-k20-d210-bs50-f1.000-r00:056471.171: (493 sec)
exp035-n4096-k20-d210-bs50-f1.000-r00:056471.171: Loop 77/100
exp035-n4096-k20-d210-bs50-f1.000-r00:056963.005: log(exp-norms): [4096.0, 4098.07, 4098.3]
exp035-n4096-k20-d210-bs50-f1.000-r00:056963.005: log(norms):     [4098.86, 4100.08, 4100.13, 4100.11, 4100.19, 4100.08, 4100.31, 4100.18, 4100.37, 4100.39]
exp035-n4096-k20-d210-bs50-f1.000-r00:056963.027: (492 sec)
exp035-n4096-k20-d210-bs50-f1.000-r00:056963.027: Loop 78/100
exp035-n4096-k20-d210-bs50-f1.000-r00:057457.506: log(exp-norms): [4096.0, 4098.07, 4098.3]
exp035-n4096-k20-d210-bs50-f1.000-r00:057457.507: log(norms):     [4098.86, 4100.08, 4100.13, 4100.11, 4100.19, 4100.08, 4100.31, 4100.18, 4100.37, 4100.39]
exp035-n4096-k20-d210-bs50-f1.000-r00:057457.528: (495 sec)
exp035-n4096-k20-d210-bs50-f1.000-r00:057457.528: Loop 79/100
exp035-n4096-k20-d210-bs50-f1.000-r00:057936.212: log(exp-norms): [4096.0, 4098.07, 4098.3]
exp035-n4096-k20-d210-bs50-f1.000-r00:057936.212: log(norms):     [4098.86, 4100.08, 4100.13, 4100.11, 4100.19, 4100.08, 4100.31, 4100.18, 4100.37, 4100.39]
exp035-n4096-k20-d210-bs50-f1.000-r00:057936.233: (479 sec)
exp035-n4096-k20-d210-bs50-f1.000-r00:057936.234: Loop 80/100
exp035-n4096-k20-d210-bs50-f1.000-r00:058439.736: log(exp-norms): [4096.0, 4098.07, 4098.3]
exp035-n4096-k20-d210-bs50-f1.000-r00:058439.737: log(norms):     [4098.86, 4100.08, 4100.13, 4100.11, 4100.19, 4100.08, 4100.31, 4100.18, 4100.36, 4100.37]
exp035-n4096-k20-d210-bs50-f1.000-r00:058439.758: (504 sec)
exp035-n4096-k20-d210-bs50-f1.000-r00:058439.758: Loop 81/100
exp035-n4096-k20-d210-bs50-f1.000-r00:058932.017: log(exp-norms): [4096.0, 4098.07, 4098.3]
exp035-n4096-k20-d210-bs50-f1.000-r00:058932.017: log(norms):     [4098.86, 4100.08, 4100.13, 4100.11, 4100.19, 4100.08, 4100.31, 4100.18, 4100.36, 4100.37]
exp035-n4096-k20-d210-bs50-f1.000-r00:058932.039: (493 sec)
exp035-n4096-k20-d210-bs50-f1.000-r00:058932.039: Loop 82/100
exp035-n4096-k20-d210-bs50-f1.000-r00:059424.539: log(exp-norms): [4096.0, 4098.07, 4098.3]
exp035-n4096-k20-d210-bs50-f1.000-r00:059424.539: log(norms):     [4098.86, 4100.08, 4100.13, 4100.11, 4100.19, 4100.08, 4100.31, 4100.18, 4100.11, 4100.36]
exp035-n4096-k20-d210-bs50-f1.000-r00:059424.560: (493 sec)
exp035-n4096-k20-d210-bs50-f1.000-r00:059424.561: Loop 83/100
exp035-n4096-k20-d210-bs50-f1.000-r00:059902.766: log(exp-norms): [4096.0, 4098.07, 4098.3]
exp035-n4096-k20-d210-bs50-f1.000-r00:059902.766: log(norms):     [4098.86, 4100.08, 4100.13, 4100.11, 4100.19, 4100.08, 4100.31, 4100.18, 4100.11, 4100.36]
exp035-n4096-k20-d210-bs50-f1.000-r00:059902.788: (479 sec)
exp035-n4096-k20-d210-bs50-f1.000-r00:059902.788: Loop 84/100
exp035-n4096-k20-d210-bs50-f1.000-r00:060408.093: log(exp-norms): [4096.0, 4098.07, 4098.3]
exp035-n4096-k20-d210-bs50-f1.000-r00:060408.094: log(norms):     [4098.86, 4100.08, 4100.13, 4100.11, 4100.19, 4100.08, 4100.31, 4100.18, 4100.11, 4100.36]
exp035-n4096-k20-d210-bs50-f1.000-r00:060408.115: (506 sec)
exp035-n4096-k20-d210-bs50-f1.000-r00:060408.115: Loop 85/100
exp035-n4096-k20-d210-bs50-f1.000-r00:060894.442: log(exp-norms): [4096.0, 4098.07, 4098.3]
exp035-n4096-k20-d210-bs50-f1.000-r00:060894.442: log(norms):     [4098.86, 4100.08, 4100.13, 4100.11, 4100.19, 4100.08, 4100.31, 4100.18, 4100.11, 4100.36]
exp035-n4096-k20-d210-bs50-f1.000-r00:060894.464: (487 sec)
exp035-n4096-k20-d210-bs50-f1.000-r00:060894.464: Loop 86/100
exp035-n4096-k20-d210-bs50-f1.000-r00:061394.209: log(exp-norms): [4096.0, 4098.07, 4098.3]
exp035-n4096-k20-d210-bs50-f1.000-r00:061394.209: log(norms):     [4098.86, 4100.08, 4100.13, 4100.11, 4100.19, 4100.08, 4100.31, 4100.18, 4100.11, 4100.36]
exp035-n4096-k20-d210-bs50-f1.000-r00:061394.231: (500 sec)
exp035-n4096-k20-d210-bs50-f1.000-r00:061394.231: Loop 87/100
exp035-n4096-k20-d210-bs50-f1.000-r00:061877.327: log(exp-norms): [4096.0, 4098.07, 4098.3]
exp035-n4096-k20-d210-bs50-f1.000-r00:061877.327: log(norms):     [4098.86, 4100.08, 4100.13, 4100.11, 4100.19, 4100.08, 4100.31, 4100.18, 4100.11, 4100.36]
exp035-n4096-k20-d210-bs50-f1.000-r00:061877.348: (484 sec)
exp035-n4096-k20-d210-bs50-f1.000-r00:061877.348: Loop 88/100
exp035-n4096-k20-d210-bs50-f1.000-r00:062376.952: log(exp-norms): [4096.0, 4098.07, 4098.3]
exp035-n4096-k20-d210-bs50-f1.000-r00:062376.952: log(norms):     [4098.86, 4100.08, 4100.13, 4100.11, 4100.19, 4100.08, 4100.31, 4100.18, 4100.11, 4100.36]
exp035-n4096-k20-d210-bs50-f1.000-r00:062376.974: (500 sec)
exp035-n4096-k20-d210-bs50-f1.000-r00:062376.974: Loop 89/100
exp035-n4096-k20-d210-bs50-f1.000-r00:062866.210: log(exp-norms): [4096.0, 4098.07, 4098.3]
exp035-n4096-k20-d210-bs50-f1.000-r00:062866.211: log(norms):     [4098.86, 4100.08, 4100.13, 4100.11, 4100.21, 4100.37, 4100.08, 4100.19, 4100.11, 4100.31]
exp035-n4096-k20-d210-bs50-f1.000-r00:062866.232: (490 sec)
exp035-n4096-k20-d210-bs50-f1.000-r00:062866.232: Loop 90/100
exp035-n4096-k20-d210-bs50-f1.000-r00:063354.865: log(exp-norms): [4096.0, 4098.07, 4098.3]
exp035-n4096-k20-d210-bs50-f1.000-r00:063354.866: log(norms):     [4098.86, 4100.08, 4100.13, 4100.11, 4100.21, 4100.37, 4100.08, 4100.19, 4100.11, 4100.21]
exp035-n4096-k20-d210-bs50-f1.000-r00:063354.887: (489 sec)
exp035-n4096-k20-d210-bs50-f1.000-r00:063354.887: Loop 91/100
exp035-n4096-k20-d210-bs50-f1.000-r00:063864.378: log(exp-norms): [4096.0, 4098.07, 4098.3]
exp035-n4096-k20-d210-bs50-f1.000-r00:063864.379: log(norms):     [4098.86, 4100.08, 4100.13, 4100.11, 4100.21, 4100.37, 4100.08, 4100.19, 4100.11, 4100.21]
exp035-n4096-k20-d210-bs50-f1.000-r00:063864.400: (510 sec)
exp035-n4096-k20-d210-bs50-f1.000-r00:063864.400: Loop 92/100
exp035-n4096-k20-d210-bs50-f1.000-r00:064341.411: log(exp-norms): [4096.0, 4098.07, 4098.3]
exp035-n4096-k20-d210-bs50-f1.000-r00:064341.411: log(norms):     [4098.86, 4100.08, 4100.13, 4100.11, 4100.21, 4100.37, 4100.08, 4100.19, 4100.11, 4100.21]
exp035-n4096-k20-d210-bs50-f1.000-r00:064341.432: (478 sec)
exp035-n4096-k20-d210-bs50-f1.000-r00:064341.432: Loop 93/100
exp035-n4096-k20-d210-bs50-f1.000-r00:064855.074: log(exp-norms): [4096.0, 4098.07, 4098.3]
exp035-n4096-k20-d210-bs50-f1.000-r00:064855.075: log(norms):     [4098.86, 4100.08, 4100.13, 4100.11, 4100.21, 4100.37, 4100.08, 4100.19, 4100.11, 4100.21]
exp035-n4096-k20-d210-bs50-f1.000-r00:064855.096: (514 sec)
exp035-n4096-k20-d210-bs50-f1.000-r00:064855.096: Loop 94/100
exp035-n4096-k20-d210-bs50-f1.000-r00:065345.418: log(exp-norms): [4096.0, 4098.07, 4098.3]
exp035-n4096-k20-d210-bs50-f1.000-r00:065345.418: log(norms):     [4098.86, 4100.08, 4100.13, 4100.11, 4100.21, 4100.37, 4100.08, 4100.19, 4100.11, 4100.21]
exp035-n4096-k20-d210-bs50-f1.000-r00:065345.440: (491 sec)
exp035-n4096-k20-d210-bs50-f1.000-r00:065345.440: Loop 95/100
exp035-n4096-k20-d210-bs50-f1.000-r00:065834.441: log(exp-norms): [4096.0, 4098.07, 4098.3]
exp035-n4096-k20-d210-bs50-f1.000-r00:065834.441: log(norms):     [4098.86, 4100.08, 4100.13, 4100.11, 4100.21, 4100.37, 4100.08, 4100.19, 4100.11, 4100.21]
exp035-n4096-k20-d210-bs50-f1.000-r00:065834.462: (490 sec)
exp035-n4096-k20-d210-bs50-f1.000-r00:065834.462: Loop 96/100
exp035-n4096-k20-d210-bs50-f1.000-r00:066334.433: log(exp-norms): [4096.0, 4098.07, 4098.3]
exp035-n4096-k20-d210-bs50-f1.000-r00:066334.433: log(norms):     [4098.86, 4100.08, 4100.13, 4100.11, 4100.21, 4100.37, 4100.08, 4100.19, 4100.11, 4100.21]
exp035-n4096-k20-d210-bs50-f1.000-r00:066334.455: (500 sec)
exp035-n4096-k20-d210-bs50-f1.000-r00:066334.455: Loop 97/100
