exp032-n2048-k11-d320-bs70-f1.000-r00:000000.444: ==========================Instance==========================
exp032-n2048-k11-d320-bs70-f1.000-r00:000000.445: # of equations: 320
exp032-n2048-k11-d320-bs70-f1.000-r00:000000.473: Gap: 19.11
exp032-n2048-k11-d320-bs70-f1.000-r00:000000.482: Tau: 84.13
exp032-n2048-k11-d320-bs70-f1.000-r00:000000.483: ======================BKZ-70 reduction======================
exp032-n2048-k11-d320-bs70-f1.000-r00:000013.325: Expectedly achievable log(norm): 2057.46
exp032-n2048-k11-d320-bs70-f1.000-r00:000026.424: log(exp-norms): [2047.94, 2050.32, 2054.57]
exp032-n2048-k11-d320-bs70-f1.000-r00:000026.425: log(norms):     [2062.27, 2051.11, 2058.89, 2058.89, 2058.89, 2058.89, 2058.89, 2058.89, 2058.89, 2058.89]
exp032-n2048-k11-d320-bs70-f1.000-r00:000026.532: Loop 1/100
exp032-n2048-k11-d320-bs70-f1.000-r00:088355.737: log(exp-norms): [2047.94, 2050.32, 2054.57]
exp032-n2048-k11-d320-bs70-f1.000-r00:088355.740: log(norms):     [2051.11, 2058.89, 2058.89, 2058.89, 2058.89, 2058.89, 2058.89, 2058.89, 2058.89, 2058.89]
exp032-n2048-k11-d320-bs70-f1.000-r00:088355.799: (88330 sec)
exp032-n2048-k11-d320-bs70-f1.000-r00:088355.799: Loop 2/100
exp032-n2048-k11-d320-bs70-f1.000-r00:168146.796: log(exp-norms): [2047.94, 2050.32, 2054.57]
exp032-n2048-k11-d320-bs70-f1.000-r00:168146.798: log(norms):     [2047.94, 2051.11, 2058.89, 2058.89, 2058.89, 2058.89, 2058.89, 2058.89, 2058.89, 2058.89]
exp032-n2048-k11-d320-bs70-f1.000-r00:168146.854: (79792 sec)
exp032-n2048-k11-d320-bs70-f1.000-r00:168146.855: Loop 3/100
exp032-n2048-k11-d320-bs70-f1.000-r00:243744.514: log(exp-norms): [2047.94, 2050.32, 2054.57]
exp032-n2048-k11-d320-bs70-f1.000-r00:243744.516: log(norms):     [2047.94, 2051.11, 2058.89, 2058.89, 2058.89, 2058.89, 2058.89, 2058.89, 2058.89, 2058.89]
exp032-n2048-k11-d320-bs70-f1.000-r00:243744.576: (75598 sec)
exp032-n2048-k11-d320-bs70-f1.000-r00:243744.577: Loop 4/100
exp032-n2048-k11-d320-bs70-f1.000-r00:316350.821: log(exp-norms): [2047.94, 2050.32, 2054.57]
exp032-n2048-k11-d320-bs70-f1.000-r00:316350.823: log(norms):     [2047.94, 2051.11, 2058.89, 2058.89, 2058.89, 2058.89, 2058.89, 2058.89, 2058.89, 2058.89]
exp032-n2048-k11-d320-bs70-f1.000-r00:316350.881: (72607 sec)
exp032-n2048-k11-d320-bs70-f1.000-r00:316350.881: Loop 5/100
exp032-n2048-k11-d320-bs70-f1.000-r00:387681.690: log(exp-norms): [2047.94, 2050.32, 2054.57]
exp032-n2048-k11-d320-bs70-f1.000-r00:387681.692: log(norms):     [2047.94, 2051.11, 2058.89, 2058.89, 2058.89, 2059.05, 2059.07, 2058.99, 2059.14, 2059.13]
exp032-n2048-k11-d320-bs70-f1.000-r00:387681.749: (71331 sec)
exp032-n2048-k11-d320-bs70-f1.000-r00:387681.750: Loop 6/100
exp032-n2048-k11-d320-bs70-f1.000-r00:455708.899: log(exp-norms): [2047.94, 2050.32, 2054.57]
exp032-n2048-k11-d320-bs70-f1.000-r00:455708.901: log(norms):     [2047.94, 2051.11, 2058.56, 2058.68, 2058.73, 2058.73, 2058.71, 2058.72, 2058.99, 2058.63]
exp032-n2048-k11-d320-bs70-f1.000-r00:455708.957: (68028 sec)
exp032-n2048-k11-d320-bs70-f1.000-r00:455708.957: Loop 7/100
exp032-n2048-k11-d320-bs70-f1.000-r00:518893.613: log(exp-norms): [2047.94, 2050.32, 2054.57]
exp032-n2048-k11-d320-bs70-f1.000-r00:518893.615: log(norms):     [2047.94, 2051.11, 2058.31, 2058.53, 2058.46, 2058.5, 2058.5, 2058.63, 2058.79, 2058.51]
exp032-n2048-k11-d320-bs70-f1.000-r00:518893.670: (63185 sec)
exp032-n2048-k11-d320-bs70-f1.000-r00:518893.670: Loop 8/100
exp032-n2048-k11-d320-bs70-f1.000-r00:574937.835: log(exp-norms): [2047.94, 2050.32, 2054.57]
exp032-n2048-k11-d320-bs70-f1.000-r00:574937.836: log(norms):     [2047.94, 2051.11, 2058.25, 2058.26, 2058.47, 2058.33, 2058.4, 2058.42, 2058.58, 2058.54]
exp032-n2048-k11-d320-bs70-f1.000-r00:574937.870: (56045 sec)
exp032-n2048-k11-d320-bs70-f1.000-r00:574937.870: Loop 9/100
exp032-n2048-k11-d320-bs70-f1.000-r00:624927.645: log(exp-norms): [2047.94, 2050.32, 2054.57]
exp032-n2048-k11-d320-bs70-f1.000-r00:624927.646: log(norms):     [2047.94, 2050.3, 2051.11, 2058.06, 2058.1, 2058.11, 2058.26, 2058.27, 2058.13, 2058.16]
exp032-n2048-k11-d320-bs70-f1.000-r00:624927.679: (49990 sec)
exp032-n2048-k11-d320-bs70-f1.000-r00:624927.680: ==========================Summary===========================
exp032-n2048-k11-d320-bs70-f1.000-r00:624927.680: Total time: 624928sec
exp032-n2048-k11-d320-bs70-f1.000-r00:624927.680: SUCCESS
exp032-n2048-k11-d320-bs70-f1.000-r00:624927.680: HNP solution: 23237742589392345210154517575480582284594997949271932716675920138541964626231912928180965643418105249355876134926908209187736583031086769542662985386563119886154840449903476332729455692097847885628175875189003754077163253735753508070693864114240504244173560764720554543867483460766954415602896545301918410576130137962713413285667160375101043191033367290372361673182067652319561910232725122841905903378507906843559246554636733897605567101413452086366598301165905390620604681768560706038895162890362816593626342717536166595861800301293074449061062803728943993162018482566376554441857157838525442899767047343574658824450
exp032-n2048-k11-d320-bs70-f1.000-r00:624927.680: Shared secret: 23237742589392345210154517575480582284594997949271932716675920138541964626231912928180965643418105249355876134926908209187736583031086769542662985386563119886154840449903476332729455692097847885628175875189003754077163253735753508070693864114240504244173560764720554543867483460766954415602896545301918410576130137962713413285667160375101043191033367290372361673182067652319561910232725122841905903378507906843559246554636733897605567101413452086366598301165905390620604681768560706038895162890362816593626342717536166595861800301293074449061062803728943993162018482566376554441857157838525442899767047343574658824450
exp032-n2048-k11-d320-bs70-f1.000-r00:624927.680: SUMMARY:n:2048:k:11:d:320:bs:70:t:624928:r:True
