exp016-n2048-k10-d320-bs60-f1.000-r00:000000.279: ==========================Instance==========================
exp016-n2048-k10-d320-bs60-f1.000-r00:000000.279: # of equations: 320
exp016-n2048-k10-d320-bs60-f1.000-r00:000000.284: Gap: 9.60
exp016-n2048-k10-d320-bs60-f1.000-r00:000000.294: Tau: 21.24
exp016-n2048-k10-d320-bs60-f1.000-r00:000000.295: ======================BKZ-60 reduction======================
exp016-n2048-k10-d320-bs60-f1.000-r00:000014.848: Expectedly achievable log(norm): 2056.75
exp016-n2048-k10-d320-bs60-f1.000-r00:000030.014: log(exp-norms): [2047.94, 2050.32, 2053.58]
exp016-n2048-k10-d320-bs60-f1.000-r00:000030.015: log(norms):     [2061.3, 2051.11, 2057.89, 2057.89, 2057.89, 2057.89, 2057.89, 2057.89, 2057.89, 2057.89]
exp016-n2048-k10-d320-bs60-f1.000-r00:000030.120: Loop 1/100
exp016-n2048-k10-d320-bs60-f1.000-r00:020339.682: log(exp-norms): [2047.94, 2050.32, 2053.58]
exp016-n2048-k10-d320-bs60-f1.000-r00:020339.683: log(norms):     [2051.11, 2057.89, 2057.89, 2057.89, 2057.89, 2057.89, 2057.89, 2057.89, 2057.89, 2057.89]
exp016-n2048-k10-d320-bs60-f1.000-r00:020339.738: (20310 sec)
exp016-n2048-k10-d320-bs60-f1.000-r00:020339.738: Loop 2/100
exp016-n2048-k10-d320-bs60-f1.000-r00:027185.035: log(exp-norms): [2047.94, 2050.32, 2053.58]
exp016-n2048-k10-d320-bs60-f1.000-r00:027185.036: log(norms):     [2051.11, 2057.89, 2057.89, 2057.89, 2057.89, 2057.89, 2057.89, 2057.89, 2057.89, 2057.89]
exp016-n2048-k10-d320-bs60-f1.000-r00:027185.093: (6846 sec)
exp016-n2048-k10-d320-bs60-f1.000-r00:027185.094: Loop 3/100
exp016-n2048-k10-d320-bs60-f1.000-r00:033912.097: log(exp-norms): [2047.94, 2050.32, 2053.58]
exp016-n2048-k10-d320-bs60-f1.000-r00:033912.098: log(norms):     [2051.11, 2057.89, 2057.89, 2057.89, 2057.89, 2057.89, 2057.89, 2057.89, 2057.89, 2057.89]
exp016-n2048-k10-d320-bs60-f1.000-r00:033912.155: (6728 sec)
exp016-n2048-k10-d320-bs60-f1.000-r00:033912.156: Loop 4/100
exp016-n2048-k10-d320-bs60-f1.000-r00:040610.739: log(exp-norms): [2047.94, 2050.32, 2053.58]
exp016-n2048-k10-d320-bs60-f1.000-r00:040610.740: log(norms):     [2051.11, 2057.89, 2057.89, 2057.89, 2057.89, 2057.89, 2057.89, 2057.89, 2057.89, 2057.89]
exp016-n2048-k10-d320-bs60-f1.000-r00:040610.797: (6699 sec)
exp016-n2048-k10-d320-bs60-f1.000-r00:040610.797: Loop 5/100
exp016-n2048-k10-d320-bs60-f1.000-r00:047182.988: log(exp-norms): [2047.94, 2050.32, 2053.58]
exp016-n2048-k10-d320-bs60-f1.000-r00:047182.989: log(norms):     [2051.11, 2057.89, 2057.89, 2057.89, 2057.89, 2057.89, 2057.89, 2057.89, 2057.89, 2057.89]
exp016-n2048-k10-d320-bs60-f1.000-r00:047183.046: (6573 sec)
exp016-n2048-k10-d320-bs60-f1.000-r00:047183.046: Loop 6/100
exp016-n2048-k10-d320-bs60-f1.000-r00:053706.857: log(exp-norms): [2047.94, 2050.32, 2053.58]
exp016-n2048-k10-d320-bs60-f1.000-r00:053706.859: log(norms):     [2051.11, 2057.89, 2057.89, 2057.89, 2057.89, 2057.89, 2057.89, 2057.89, 2058.15, 2057.89]
exp016-n2048-k10-d320-bs60-f1.000-r00:053706.915: (6524 sec)
exp016-n2048-k10-d320-bs60-f1.000-r00:053706.916: Loop 7/100
exp016-n2048-k10-d320-bs60-f1.000-r00:060046.741: log(exp-norms): [2047.94, 2050.32, 2053.58]
exp016-n2048-k10-d320-bs60-f1.000-r00:060046.743: log(norms):     [2047.94, 2051.11, 2057.89, 2057.89, 2057.89, 2057.89, 2057.89, 2058.04, 2058.16, 2057.89]
exp016-n2048-k10-d320-bs60-f1.000-r00:060046.798: (6340 sec)
exp016-n2048-k10-d320-bs60-f1.000-r00:060046.799: Loop 8/100
exp016-n2048-k10-d320-bs60-f1.000-r00:066353.544: log(exp-norms): [2047.94, 2050.32, 2053.58]
exp016-n2048-k10-d320-bs60-f1.000-r00:066353.545: log(norms):     [2047.94, 2051.11, 2057.84, 2057.92, 2057.82, 2057.94, 2057.89, 2058.0, 2057.89, 2058.04]
exp016-n2048-k10-d320-bs60-f1.000-r00:066353.603: (6307 sec)
exp016-n2048-k10-d320-bs60-f1.000-r00:066353.603: Loop 9/100
exp016-n2048-k10-d320-bs60-f1.000-r00:072608.275: log(exp-norms): [2047.94, 2050.32, 2053.58]
exp016-n2048-k10-d320-bs60-f1.000-r00:072608.276: log(norms):     [2047.94, 2051.11, 2057.71, 2057.73, 2057.79, 2057.72, 2057.73, 2057.89, 2057.97, 2058.08]
exp016-n2048-k10-d320-bs60-f1.000-r00:072608.331: (6255 sec)
exp016-n2048-k10-d320-bs60-f1.000-r00:072608.331: Loop 10/100
exp016-n2048-k10-d320-bs60-f1.000-r00:078923.857: log(exp-norms): [2047.94, 2050.32, 2053.58]
exp016-n2048-k10-d320-bs60-f1.000-r00:078923.858: log(norms):     [2047.94, 2051.11, 2057.55, 2057.6, 2057.65, 2057.58, 2057.52, 2057.76, 2057.68, 2057.97]
exp016-n2048-k10-d320-bs60-f1.000-r00:078923.914: (6316 sec)
exp016-n2048-k10-d320-bs60-f1.000-r00:078923.915: Loop 11/100
exp016-n2048-k10-d320-bs60-f1.000-r00:085176.793: log(exp-norms): [2047.94, 2050.32, 2053.58]
exp016-n2048-k10-d320-bs60-f1.000-r00:085176.794: log(norms):     [2047.94, 2051.11, 2057.45, 2057.56, 2057.59, 2057.55, 2057.6, 2057.81, 2057.79, 2057.85]
exp016-n2048-k10-d320-bs60-f1.000-r00:085176.852: (6253 sec)
exp016-n2048-k10-d320-bs60-f1.000-r00:085176.852: Loop 12/100
exp016-n2048-k10-d320-bs60-f1.000-r00:091053.442: log(exp-norms): [2047.94, 2050.32, 2053.58]
exp016-n2048-k10-d320-bs60-f1.000-r00:091053.443: log(norms):     [2047.94, 2051.11, 2057.34, 2057.48, 2057.36, 2057.5, 2057.37, 2057.38, 2057.57, 2057.58]
exp016-n2048-k10-d320-bs60-f1.000-r00:091053.500: (5877 sec)
exp016-n2048-k10-d320-bs60-f1.000-r00:091053.501: Loop 13/100
exp016-n2048-k10-d320-bs60-f1.000-r00:096556.735: log(exp-norms): [2047.94, 2050.32, 2053.58]
exp016-n2048-k10-d320-bs60-f1.000-r00:096556.737: log(norms):     [2047.94, 2051.11, 2057.3, 2057.31, 2057.45, 2057.36, 2057.48, 2057.39, 2057.46, 2057.48]
exp016-n2048-k10-d320-bs60-f1.000-r00:096556.794: (5504 sec)
exp016-n2048-k10-d320-bs60-f1.000-r00:096556.794: Loop 14/100
exp016-n2048-k10-d320-bs60-f1.000-r00:102142.689: log(exp-norms): [2047.94, 2050.32, 2053.58]
exp016-n2048-k10-d320-bs60-f1.000-r00:102142.690: log(norms):     [2047.94, 2051.11, 2057.19, 2057.21, 2057.22, 2057.42, 2057.35, 2057.38, 2057.56, 2057.34]
exp016-n2048-k10-d320-bs60-f1.000-r00:102142.748: (5586 sec)
exp016-n2048-k10-d320-bs60-f1.000-r00:102142.749: Loop 15/100
exp016-n2048-k10-d320-bs60-f1.000-r00:107773.516: log(exp-norms): [2047.94, 2050.32, 2053.58]
exp016-n2048-k10-d320-bs60-f1.000-r00:107773.517: log(norms):     [2047.94, 2051.11, 2056.98, 2057.19, 2057.19, 2057.33, 2057.17, 2057.26, 2057.4, 2057.23]
exp016-n2048-k10-d320-bs60-f1.000-r00:107773.573: (5631 sec)
exp016-n2048-k10-d320-bs60-f1.000-r00:107773.573: Loop 16/100
exp016-n2048-k10-d320-bs60-f1.000-r00:113425.613: log(exp-norms): [2047.94, 2050.32, 2053.58]
exp016-n2048-k10-d320-bs60-f1.000-r00:113425.614: log(norms):     [2047.94, 2051.11, 2056.98, 2057.06, 2057.13, 2057.11, 2057.2, 2057.24, 2057.24, 2057.28]
exp016-n2048-k10-d320-bs60-f1.000-r00:113425.670: (5653 sec)
exp016-n2048-k10-d320-bs60-f1.000-r00:113425.670: Loop 17/100
exp016-n2048-k10-d320-bs60-f1.000-r00:119125.753: log(exp-norms): [2047.94, 2050.32, 2053.58]
exp016-n2048-k10-d320-bs60-f1.000-r00:119125.754: log(norms):     [2047.94, 2051.11, 2056.98, 2057.12, 2057.2, 2057.09, 2057.2, 2057.23, 2057.41, 2057.3]
exp016-n2048-k10-d320-bs60-f1.000-r00:119125.811: (5701 sec)
exp016-n2048-k10-d320-bs60-f1.000-r00:119125.811: Loop 18/100
exp016-n2048-k10-d320-bs60-f1.000-r00:124593.755: log(exp-norms): [2047.94, 2050.32, 2053.58]
exp016-n2048-k10-d320-bs60-f1.000-r00:124593.756: log(norms):     [2047.94, 2051.11, 2056.94, 2056.98, 2057.05, 2057.01, 2057.12, 2057.1, 2057.13, 2057.18]
exp016-n2048-k10-d320-bs60-f1.000-r00:124593.814: (5469 sec)
exp016-n2048-k10-d320-bs60-f1.000-r00:124593.814: Loop 19/100
exp016-n2048-k10-d320-bs60-f1.000-r00:130099.526: log(exp-norms): [2047.94, 2050.32, 2053.58]
exp016-n2048-k10-d320-bs60-f1.000-r00:130099.528: log(norms):     [2047.94, 2051.11, 2056.94, 2056.98, 2057.05, 2057.01, 2057.09, 2056.96, 2057.19, 2057.15]
exp016-n2048-k10-d320-bs60-f1.000-r00:130099.585: (5506 sec)
exp016-n2048-k10-d320-bs60-f1.000-r00:130099.586: Loop 20/100
exp016-n2048-k10-d320-bs60-f1.000-r00:136172.197: log(exp-norms): [2047.94, 2050.32, 2053.58]
exp016-n2048-k10-d320-bs60-f1.000-r00:136172.198: log(norms):     [2047.94, 2051.11, 2056.94, 2056.98, 2057.05, 2057.05, 2057.1, 2057.07, 2057.3, 2056.97]
exp016-n2048-k10-d320-bs60-f1.000-r00:136172.255: (6073 sec)
exp016-n2048-k10-d320-bs60-f1.000-r00:136172.256: Loop 21/100
exp016-n2048-k10-d320-bs60-f1.000-r00:141774.973: log(exp-norms): [2047.94, 2050.32, 2053.58]
exp016-n2048-k10-d320-bs60-f1.000-r00:141774.974: log(norms):     [2047.94, 2051.11, 2056.94, 2056.97, 2056.96, 2057.16, 2056.99, 2057.2, 2057.15, 2057.31]
exp016-n2048-k10-d320-bs60-f1.000-r00:141775.030: (5603 sec)
exp016-n2048-k10-d320-bs60-f1.000-r00:141775.031: Loop 22/100
exp016-n2048-k10-d320-bs60-f1.000-r00:147284.031: log(exp-norms): [2047.94, 2050.32, 2053.58]
exp016-n2048-k10-d320-bs60-f1.000-r00:147284.032: log(norms):     [2047.94, 2051.11, 2056.92, 2056.97, 2056.98, 2057.08, 2057.07, 2057.02, 2057.18, 2057.06]
exp016-n2048-k10-d320-bs60-f1.000-r00:147284.096: (5510 sec)
exp016-n2048-k10-d320-bs60-f1.000-r00:147284.096: Loop 23/100
exp016-n2048-k10-d320-bs60-f1.000-r00:152650.414: log(exp-norms): [2047.94, 2050.32, 2053.58]
exp016-n2048-k10-d320-bs60-f1.000-r00:152650.415: log(norms):     [2047.94, 2051.11, 2056.89, 2056.91, 2056.9, 2057.02, 2056.92, 2057.05, 2056.99, 2056.97]
exp016-n2048-k10-d320-bs60-f1.000-r00:152650.474: (5367 sec)
exp016-n2048-k10-d320-bs60-f1.000-r00:152650.474: Loop 24/100
exp016-n2048-k10-d320-bs60-f1.000-r00:158225.143: log(exp-norms): [2047.94, 2050.32, 2053.58]
exp016-n2048-k10-d320-bs60-f1.000-r00:158225.144: log(norms):     [2047.94, 2051.11, 2056.88, 2056.89, 2056.91, 2057.11, 2057.08, 2057.19, 2057.15, 2056.99]
exp016-n2048-k10-d320-bs60-f1.000-r00:158225.200: (5575 sec)
exp016-n2048-k10-d320-bs60-f1.000-r00:158225.200: Loop 25/100
exp016-n2048-k10-d320-bs60-f1.000-r00:163703.345: log(exp-norms): [2047.94, 2050.32, 2053.58]
exp016-n2048-k10-d320-bs60-f1.000-r00:163703.347: log(norms):     [2047.94, 2051.11, 2056.88, 2056.95, 2056.88, 2057.04, 2057.06, 2057.04, 2056.95, 2056.91]
exp016-n2048-k10-d320-bs60-f1.000-r00:163703.401: (5479 sec)
exp016-n2048-k10-d320-bs60-f1.000-r00:163703.402: Loop 26/100
exp016-n2048-k10-d320-bs60-f1.000-r00:169173.984: log(exp-norms): [2047.94, 2050.32, 2053.58]
exp016-n2048-k10-d320-bs60-f1.000-r00:169173.985: log(norms):     [2047.94, 2051.11, 2056.75, 2056.85, 2056.95, 2056.9, 2056.9, 2056.83, 2057.03, 2057.14]
exp016-n2048-k10-d320-bs60-f1.000-r00:169174.042: (5471 sec)
exp016-n2048-k10-d320-bs60-f1.000-r00:169174.042: Loop 27/100
exp016-n2048-k10-d320-bs60-f1.000-r00:174517.335: log(exp-norms): [2047.94, 2050.32, 2053.58]
exp016-n2048-k10-d320-bs60-f1.000-r00:174517.338: log(norms):     [2047.94, 2051.11, 2056.75, 2056.85, 2056.95, 2056.9, 2056.9, 2056.83, 2057.03, 2057.02]
exp016-n2048-k10-d320-bs60-f1.000-r00:174517.394: (5344 sec)
exp016-n2048-k10-d320-bs60-f1.000-r00:174517.394: Loop 28/100
exp016-n2048-k10-d320-bs60-f1.000-r00:180003.804: log(exp-norms): [2047.94, 2050.32, 2053.58]
exp016-n2048-k10-d320-bs60-f1.000-r00:180003.806: log(norms):     [2047.94, 2051.11, 2056.75, 2056.85, 2056.95, 2056.9, 2056.84, 2056.9, 2057.04, 2057.09]
exp016-n2048-k10-d320-bs60-f1.000-r00:180003.860: (5487 sec)
exp016-n2048-k10-d320-bs60-f1.000-r00:180003.861: Loop 29/100
exp016-n2048-k10-d320-bs60-f1.000-r00:185401.446: log(exp-norms): [2047.94, 2050.32, 2053.58]
exp016-n2048-k10-d320-bs60-f1.000-r00:185401.449: log(norms):     [2047.94, 2051.11, 2056.75, 2056.85, 2056.95, 2056.9, 2056.84, 2056.9, 2056.96, 2057.03]
exp016-n2048-k10-d320-bs60-f1.000-r00:185401.506: (5398 sec)
exp016-n2048-k10-d320-bs60-f1.000-r00:185401.506: Loop 30/100
exp016-n2048-k10-d320-bs60-f1.000-r00:190925.033: log(exp-norms): [2047.94, 2050.32, 2053.58]
exp016-n2048-k10-d320-bs60-f1.000-r00:190925.035: log(norms):     [2047.94, 2051.11, 2056.75, 2056.85, 2056.87, 2056.9, 2056.95, 2056.9, 2056.97, 2056.96]
exp016-n2048-k10-d320-bs60-f1.000-r00:190925.091: (5524 sec)
exp016-n2048-k10-d320-bs60-f1.000-r00:190925.091: Loop 31/100
exp016-n2048-k10-d320-bs60-f1.000-r00:196653.105: log(exp-norms): [2047.94, 2050.32, 2053.58]
exp016-n2048-k10-d320-bs60-f1.000-r00:196653.106: log(norms):     [2047.94, 2051.11, 2056.75, 2056.85, 2056.87, 2056.9, 2056.95, 2056.9, 2056.97, 2056.96]
exp016-n2048-k10-d320-bs60-f1.000-r00:196653.164: (5729 sec)
exp016-n2048-k10-d320-bs60-f1.000-r00:196653.164: Loop 32/100
exp016-n2048-k10-d320-bs60-f1.000-r00:202753.512: log(exp-norms): [2047.94, 2050.32, 2053.58]
exp016-n2048-k10-d320-bs60-f1.000-r00:202753.513: log(norms):     [2047.94, 2051.11, 2056.75, 2056.85, 2056.87, 2056.9, 2056.95, 2056.9, 2056.9, 2056.89]
exp016-n2048-k10-d320-bs60-f1.000-r00:202753.571: (6101 sec)
exp016-n2048-k10-d320-bs60-f1.000-r00:202753.571: Loop 33/100
exp016-n2048-k10-d320-bs60-f1.000-r00:208686.343: log(exp-norms): [2047.94, 2050.32, 2053.58]
exp016-n2048-k10-d320-bs60-f1.000-r00:208686.344: log(norms):     [2047.94, 2051.11, 2056.75, 2056.85, 2056.87, 2056.9, 2056.95, 2056.9, 2056.9, 2056.89]
exp016-n2048-k10-d320-bs60-f1.000-r00:208686.401: (5933 sec)
exp016-n2048-k10-d320-bs60-f1.000-r00:208686.401: Loop 34/100
exp016-n2048-k10-d320-bs60-f1.000-r00:214636.263: log(exp-norms): [2047.94, 2050.32, 2053.58]
exp016-n2048-k10-d320-bs60-f1.000-r00:214636.264: log(norms):     [2047.94, 2051.11, 2056.75, 2056.85, 2056.87, 2056.9, 2056.95, 2056.9, 2056.9, 2056.89]
exp016-n2048-k10-d320-bs60-f1.000-r00:214636.320: (5950 sec)
exp016-n2048-k10-d320-bs60-f1.000-r00:214636.321: Loop 35/100
exp016-n2048-k10-d320-bs60-f1.000-r00:220651.106: log(exp-norms): [2047.94, 2050.32, 2053.58]
exp016-n2048-k10-d320-bs60-f1.000-r00:220651.106: log(norms):     [2047.94, 2051.11, 2056.75, 2056.85, 2056.87, 2056.9, 2056.95, 2056.9, 2056.9, 2056.89]
exp016-n2048-k10-d320-bs60-f1.000-r00:220651.163: (6015 sec)
exp016-n2048-k10-d320-bs60-f1.000-r00:220651.163: Loop 36/100
exp016-n2048-k10-d320-bs60-f1.000-r00:226633.734: log(exp-norms): [2047.94, 2050.32, 2053.58]
exp016-n2048-k10-d320-bs60-f1.000-r00:226633.734: log(norms):     [2047.94, 2051.11, 2056.75, 2056.85, 2056.87, 2056.9, 2056.96, 2056.96, 2056.95, 2057.08]
exp016-n2048-k10-d320-bs60-f1.000-r00:226633.791: (5983 sec)
exp016-n2048-k10-d320-bs60-f1.000-r00:226633.791: Loop 37/100
exp016-n2048-k10-d320-bs60-f1.000-r00:232730.100: log(exp-norms): [2047.94, 2050.32, 2053.58]
exp016-n2048-k10-d320-bs60-f1.000-r00:232730.101: log(norms):     [2047.94, 2051.11, 2056.75, 2056.85, 2056.87, 2056.95, 2056.84, 2056.96, 2056.9, 2056.95]
exp016-n2048-k10-d320-bs60-f1.000-r00:232730.156: (6097 sec)
exp016-n2048-k10-d320-bs60-f1.000-r00:232730.157: Loop 38/100
exp016-n2048-k10-d320-bs60-f1.000-r00:238745.727: log(exp-norms): [2047.94, 2050.32, 2053.58]
exp016-n2048-k10-d320-bs60-f1.000-r00:238745.728: log(norms):     [2047.94, 2051.11, 2056.75, 2056.85, 2056.87, 2056.95, 2056.84, 2056.96, 2056.9, 2057.0]
exp016-n2048-k10-d320-bs60-f1.000-r00:238745.798: (6016 sec)
exp016-n2048-k10-d320-bs60-f1.000-r00:238745.799: Loop 39/100
exp016-n2048-k10-d320-bs60-f1.000-r00:244704.694: log(exp-norms): [2047.94, 2050.32, 2053.58]
exp016-n2048-k10-d320-bs60-f1.000-r00:244704.695: log(norms):     [2047.94, 2051.11, 2056.75, 2056.85, 2056.87, 2056.95, 2056.91, 2056.83, 2056.96, 2056.9]
exp016-n2048-k10-d320-bs60-f1.000-r00:244704.752: (5959 sec)
exp016-n2048-k10-d320-bs60-f1.000-r00:244704.753: Loop 40/100
exp016-n2048-k10-d320-bs60-f1.000-r00:250792.351: log(exp-norms): [2047.94, 2050.32, 2053.58]
exp016-n2048-k10-d320-bs60-f1.000-r00:250792.351: log(norms):     [2047.94, 2051.11, 2056.75, 2056.74, 2056.87, 2056.85, 2056.95, 2056.91, 2056.83, 2056.96]
exp016-n2048-k10-d320-bs60-f1.000-r00:250792.407: (6088 sec)
exp016-n2048-k10-d320-bs60-f1.000-r00:250792.408: Loop 41/100
exp016-n2048-k10-d320-bs60-f1.000-r00:256805.643: log(exp-norms): [2047.94, 2050.32, 2053.58]
exp016-n2048-k10-d320-bs60-f1.000-r00:256805.644: log(norms):     [2047.94, 2051.11, 2056.75, 2056.74, 2056.87, 2056.85, 2056.95, 2056.91, 2056.83, 2056.98]
exp016-n2048-k10-d320-bs60-f1.000-r00:256805.701: (6014 sec)
exp016-n2048-k10-d320-bs60-f1.000-r00:256805.701: Loop 42/100
exp016-n2048-k10-d320-bs60-f1.000-r00:262949.810: log(exp-norms): [2047.94, 2050.32, 2053.58]
exp016-n2048-k10-d320-bs60-f1.000-r00:262949.811: log(norms):     [2047.94, 2051.11, 2056.75, 2056.74, 2056.87, 2056.85, 2056.95, 2056.91, 2056.83, 2056.98]
exp016-n2048-k10-d320-bs60-f1.000-r00:262949.869: (6145 sec)
exp016-n2048-k10-d320-bs60-f1.000-r00:262949.869: Loop 43/100
exp016-n2048-k10-d320-bs60-f1.000-r00:269040.645: log(exp-norms): [2047.94, 2050.32, 2053.58]
exp016-n2048-k10-d320-bs60-f1.000-r00:269040.646: log(norms):     [2047.94, 2051.11, 2056.75, 2056.74, 2056.87, 2056.85, 2056.95, 2057.0, 2056.91, 2056.83]
exp016-n2048-k10-d320-bs60-f1.000-r00:269040.681: (6091 sec)
exp016-n2048-k10-d320-bs60-f1.000-r00:269040.682: Loop 44/100
exp016-n2048-k10-d320-bs60-f1.000-r00:275054.266: log(exp-norms): [2047.94, 2050.32, 2053.58]
exp016-n2048-k10-d320-bs60-f1.000-r00:275054.267: log(norms):     [2047.94, 2051.11, 2056.67, 2056.74, 2056.75, 2056.79, 2056.85, 2056.87, 2056.98, 2056.95]
exp016-n2048-k10-d320-bs60-f1.000-r00:275054.340: (6014 sec)
exp016-n2048-k10-d320-bs60-f1.000-r00:275054.341: Loop 45/100
exp016-n2048-k10-d320-bs60-f1.000-r00:281012.601: log(exp-norms): [2047.94, 2050.32, 2053.58]
exp016-n2048-k10-d320-bs60-f1.000-r00:281012.602: log(norms):     [2047.94, 2051.11, 2056.67, 2056.74, 2056.75, 2056.79, 2056.85, 2056.83, 2056.94, 2056.87]
exp016-n2048-k10-d320-bs60-f1.000-r00:281012.658: (5959 sec)
exp016-n2048-k10-d320-bs60-f1.000-r00:281012.659: Loop 46/100
exp016-n2048-k10-d320-bs60-f1.000-r00:287112.572: log(exp-norms): [2047.94, 2050.32, 2053.58]
exp016-n2048-k10-d320-bs60-f1.000-r00:287112.573: log(norms):     [2047.94, 2051.11, 2056.67, 2056.74, 2056.75, 2056.75, 2056.79, 2056.83, 2056.85, 2056.94]
exp016-n2048-k10-d320-bs60-f1.000-r00:287112.629: (6100 sec)
exp016-n2048-k10-d320-bs60-f1.000-r00:287112.629: Loop 47/100
exp016-n2048-k10-d320-bs60-f1.000-r00:293061.296: log(exp-norms): [2047.94, 2050.32, 2053.58]
exp016-n2048-k10-d320-bs60-f1.000-r00:293061.297: log(norms):     [2047.94, 2051.11, 2056.67, 2056.74, 2056.75, 2056.83, 2056.75, 2056.85, 2056.79, 2056.96]
exp016-n2048-k10-d320-bs60-f1.000-r00:293061.331: (5949 sec)
exp016-n2048-k10-d320-bs60-f1.000-r00:293061.332: Loop 48/100
exp016-n2048-k10-d320-bs60-f1.000-r00:299059.581: log(exp-norms): [2047.94, 2050.32, 2053.58]
exp016-n2048-k10-d320-bs60-f1.000-r00:299059.581: log(norms):     [2047.94, 2051.11, 2056.67, 2056.74, 2056.75, 2056.83, 2056.99, 2056.75, 2056.85, 2056.87]
exp016-n2048-k10-d320-bs60-f1.000-r00:299059.616: (5999 sec)
exp016-n2048-k10-d320-bs60-f1.000-r00:299059.616: Loop 49/100
exp016-n2048-k10-d320-bs60-f1.000-r00:304721.606: log(exp-norms): [2047.94, 2050.32, 2053.58]
exp016-n2048-k10-d320-bs60-f1.000-r00:304721.608: log(norms):     [2047.94, 2051.11, 2056.67, 2056.74, 2056.75, 2056.83, 2056.99, 2056.75, 2056.85, 2056.95]
exp016-n2048-k10-d320-bs60-f1.000-r00:304721.662: (5663 sec)
exp016-n2048-k10-d320-bs60-f1.000-r00:304721.662: Loop 50/100
exp016-n2048-k10-d320-bs60-f1.000-r00:310634.675: log(exp-norms): [2047.94, 2050.32, 2053.58]
exp016-n2048-k10-d320-bs60-f1.000-r00:310634.677: log(norms):     [2047.94, 2051.11, 2056.67, 2056.74, 2056.75, 2056.83, 2056.82, 2056.75, 2056.99, 2056.87]
exp016-n2048-k10-d320-bs60-f1.000-r00:310634.743: (5914 sec)
exp016-n2048-k10-d320-bs60-f1.000-r00:310634.743: Loop 51/100
exp016-n2048-k10-d320-bs60-f1.000-r00:316389.840: log(exp-norms): [2047.94, 2050.32, 2053.58]
exp016-n2048-k10-d320-bs60-f1.000-r00:316389.841: log(norms):     [2047.94, 2051.11, 2056.67, 2056.74, 2056.75, 2056.83, 2056.82, 2056.75, 2056.99, 2056.95]
exp016-n2048-k10-d320-bs60-f1.000-r00:316389.896: (5756 sec)
exp016-n2048-k10-d320-bs60-f1.000-r00:316389.896: Loop 52/100
exp016-n2048-k10-d320-bs60-f1.000-r00:322149.193: log(exp-norms): [2047.94, 2050.32, 2053.58]
exp016-n2048-k10-d320-bs60-f1.000-r00:322149.194: log(norms):     [2047.94, 2051.11, 2056.67, 2056.75, 2056.74, 2056.75, 2056.83, 2056.82, 2056.75, 2056.87]
exp016-n2048-k10-d320-bs60-f1.000-r00:322149.250: (5760 sec)
exp016-n2048-k10-d320-bs60-f1.000-r00:322149.251: Loop 53/100
exp016-n2048-k10-d320-bs60-f1.000-r00:327955.933: log(exp-norms): [2047.94, 2050.32, 2053.58]
exp016-n2048-k10-d320-bs60-f1.000-r00:327955.934: log(norms):     [2047.94, 2051.11, 2056.67, 2056.75, 2056.74, 2056.75, 2056.96, 2056.83, 2056.82, 2056.75]
exp016-n2048-k10-d320-bs60-f1.000-r00:327955.992: (5807 sec)
exp016-n2048-k10-d320-bs60-f1.000-r00:327955.993: Loop 54/100
exp016-n2048-k10-d320-bs60-f1.000-r00:333528.065: log(exp-norms): [2047.94, 2050.32, 2053.58]
exp016-n2048-k10-d320-bs60-f1.000-r00:333528.066: log(norms):     [2047.94, 2051.11, 2056.67, 2056.75, 2056.74, 2056.75, 2056.96, 2056.83, 2056.82, 2056.75]
exp016-n2048-k10-d320-bs60-f1.000-r00:333528.122: (5573 sec)
exp016-n2048-k10-d320-bs60-f1.000-r00:333528.122: Loop 55/100
exp016-n2048-k10-d320-bs60-f1.000-r00:339197.182: log(exp-norms): [2047.94, 2050.32, 2053.58]
exp016-n2048-k10-d320-bs60-f1.000-r00:339197.183: log(norms):     [2047.94, 2051.11, 2056.67, 2056.75, 2056.74, 2056.75, 2056.96, 2056.83, 2056.82, 2056.75]
exp016-n2048-k10-d320-bs60-f1.000-r00:339197.239: (5670 sec)
exp016-n2048-k10-d320-bs60-f1.000-r00:339197.239: Loop 56/100
exp016-n2048-k10-d320-bs60-f1.000-r00:344830.185: log(exp-norms): [2047.94, 2050.32, 2053.58]
exp016-n2048-k10-d320-bs60-f1.000-r00:344830.186: log(norms):     [2047.94, 2051.11, 2056.67, 2056.75, 2056.74, 2056.75, 2056.96, 2056.83, 2056.82, 2056.75]
exp016-n2048-k10-d320-bs60-f1.000-r00:344830.243: (5634 sec)
exp016-n2048-k10-d320-bs60-f1.000-r00:344830.243: Loop 57/100
exp016-n2048-k10-d320-bs60-f1.000-r00:350553.867: log(exp-norms): [2047.94, 2050.32, 2053.58]
exp016-n2048-k10-d320-bs60-f1.000-r00:350553.868: log(norms):     [2047.94, 2051.11, 2056.67, 2056.75, 2056.74, 2056.75, 2056.96, 2056.83, 2056.82, 2056.75]
exp016-n2048-k10-d320-bs60-f1.000-r00:350553.924: (5724 sec)
exp016-n2048-k10-d320-bs60-f1.000-r00:350553.925: Loop 58/100
exp016-n2048-k10-d320-bs60-f1.000-r00:356375.233: log(exp-norms): [2047.94, 2050.32, 2053.58]
exp016-n2048-k10-d320-bs60-f1.000-r00:356375.234: log(norms):     [2047.94, 2051.11, 2056.67, 2056.75, 2056.74, 2056.75, 2056.96, 2056.83, 2056.82, 2056.75]
exp016-n2048-k10-d320-bs60-f1.000-r00:356375.289: (5822 sec)
exp016-n2048-k10-d320-bs60-f1.000-r00:356375.289: Loop 59/100
exp016-n2048-k10-d320-bs60-f1.000-r00:361781.325: log(exp-norms): [2047.94, 2050.32, 2053.58]
exp016-n2048-k10-d320-bs60-f1.000-r00:361781.326: log(norms):     [2047.94, 2051.11, 2056.67, 2056.75, 2056.74, 2056.75, 2056.96, 2056.83, 2056.82, 2056.99]
exp016-n2048-k10-d320-bs60-f1.000-r00:361781.381: (5407 sec)
exp016-n2048-k10-d320-bs60-f1.000-r00:361781.381: Loop 60/100
exp016-n2048-k10-d320-bs60-f1.000-r00:367107.988: log(exp-norms): [2047.94, 2050.32, 2053.58]
exp016-n2048-k10-d320-bs60-f1.000-r00:367107.989: log(norms):     [2047.94, 2051.11, 2056.67, 2056.75, 2056.74, 2056.75, 2056.96, 2056.95, 2056.83, 2056.99]
exp016-n2048-k10-d320-bs60-f1.000-r00:367108.024: (5327 sec)
exp016-n2048-k10-d320-bs60-f1.000-r00:367108.025: Loop 61/100
exp016-n2048-k10-d320-bs60-f1.000-r00:372438.547: log(exp-norms): [2047.94, 2050.32, 2053.58]
exp016-n2048-k10-d320-bs60-f1.000-r00:372438.548: log(norms):     [2047.94, 2051.11, 2056.67, 2056.75, 2056.74, 2056.75, 2056.96, 2056.95, 2056.9, 2056.82]
exp016-n2048-k10-d320-bs60-f1.000-r00:372438.602: (5331 sec)
exp016-n2048-k10-d320-bs60-f1.000-r00:372438.602: Loop 62/100
exp016-n2048-k10-d320-bs60-f1.000-r00:377913.895: log(exp-norms): [2047.94, 2050.32, 2053.58]
exp016-n2048-k10-d320-bs60-f1.000-r00:377913.897: log(norms):     [2047.94, 2051.11, 2056.67, 2056.75, 2056.74, 2056.75, 2056.96, 2056.95, 2056.9, 2056.82]
exp016-n2048-k10-d320-bs60-f1.000-r00:377913.954: (5476 sec)
exp016-n2048-k10-d320-bs60-f1.000-r00:377913.954: Loop 63/100
exp016-n2048-k10-d320-bs60-f1.000-r00:383519.985: log(exp-norms): [2047.94, 2050.32, 2053.58]
exp016-n2048-k10-d320-bs60-f1.000-r00:383519.987: log(norms):     [2047.94, 2051.11, 2056.67, 2056.75, 2056.74, 2056.75, 2056.96, 2056.95, 2056.9, 2056.82]
exp016-n2048-k10-d320-bs60-f1.000-r00:383520.043: (5607 sec)
exp016-n2048-k10-d320-bs60-f1.000-r00:383520.044: Loop 64/100
exp016-n2048-k10-d320-bs60-f1.000-r00:389061.583: log(exp-norms): [2047.94, 2050.32, 2053.58]
exp016-n2048-k10-d320-bs60-f1.000-r00:389061.584: log(norms):     [2047.94, 2051.11, 2056.67, 2056.75, 2056.74, 2056.75, 2056.96, 2056.92, 2056.95, 2056.9]
exp016-n2048-k10-d320-bs60-f1.000-r00:389061.640: (5542 sec)
exp016-n2048-k10-d320-bs60-f1.000-r00:389061.640: Loop 65/100
exp016-n2048-k10-d320-bs60-f1.000-r00:394522.132: log(exp-norms): [2047.94, 2050.32, 2053.58]
exp016-n2048-k10-d320-bs60-f1.000-r00:394522.132: log(norms):     [2047.94, 2051.11, 2056.67, 2056.75, 2056.81, 2056.74, 2056.75, 2056.83, 2056.82, 2056.75]
exp016-n2048-k10-d320-bs60-f1.000-r00:394522.188: (5461 sec)
exp016-n2048-k10-d320-bs60-f1.000-r00:394522.188: Loop 66/100
exp016-n2048-k10-d320-bs60-f1.000-r00:399796.420: log(exp-norms): [2047.94, 2050.32, 2053.58]
exp016-n2048-k10-d320-bs60-f1.000-r00:399796.421: log(norms):     [2047.94, 2051.11, 2056.67, 2056.75, 2056.81, 2056.74, 2056.75, 2056.83, 2056.82, 2056.75]
exp016-n2048-k10-d320-bs60-f1.000-r00:399796.485: (5275 sec)
exp016-n2048-k10-d320-bs60-f1.000-r00:399796.485: Loop 67/100
exp016-n2048-k10-d320-bs60-f1.000-r00:404802.960: log(exp-norms): [2047.94, 2050.32, 2053.58]
exp016-n2048-k10-d320-bs60-f1.000-r00:404802.961: log(norms):     [2047.94, 2051.11, 2056.67, 2056.75, 2056.81, 2056.74, 2056.75, 2056.83, 2056.82, 2056.75]
exp016-n2048-k10-d320-bs60-f1.000-r00:404803.016: (5007 sec)
exp016-n2048-k10-d320-bs60-f1.000-r00:404803.017: Loop 68/100
exp016-n2048-k10-d320-bs60-f1.000-r00:410012.131: log(exp-norms): [2047.94, 2050.32, 2053.58]
exp016-n2048-k10-d320-bs60-f1.000-r00:410012.131: log(norms):     [2047.94, 2051.11, 2056.67, 2056.75, 2056.81, 2056.81, 2056.74, 2056.83, 2056.75, 2056.82]
exp016-n2048-k10-d320-bs60-f1.000-r00:410012.187: (5210 sec)
exp016-n2048-k10-d320-bs60-f1.000-r00:410012.187: Loop 69/100
exp016-n2048-k10-d320-bs60-f1.000-r00:415224.063: log(exp-norms): [2047.94, 2050.32, 2053.58]
exp016-n2048-k10-d320-bs60-f1.000-r00:415224.064: log(norms):     [2047.94, 2051.11, 2056.67, 2056.75, 2056.81, 2056.81, 2056.74, 2056.83, 2056.75, 2056.82]
exp016-n2048-k10-d320-bs60-f1.000-r00:415224.120: (5212 sec)
exp016-n2048-k10-d320-bs60-f1.000-r00:415224.120: Loop 70/100
exp016-n2048-k10-d320-bs60-f1.000-r00:420388.247: log(exp-norms): [2047.94, 2050.32, 2053.58]
exp016-n2048-k10-d320-bs60-f1.000-r00:420388.249: log(norms):     [2047.94, 2051.11, 2056.67, 2056.75, 2056.81, 2056.81, 2056.74, 2056.83, 2056.9, 2056.83]
exp016-n2048-k10-d320-bs60-f1.000-r00:420388.304: (5165 sec)
exp016-n2048-k10-d320-bs60-f1.000-r00:420388.305: Loop 71/100
exp016-n2048-k10-d320-bs60-f1.000-r00:425638.848: log(exp-norms): [2047.94, 2050.32, 2053.58]
exp016-n2048-k10-d320-bs60-f1.000-r00:425638.849: log(norms):     [2047.94, 2051.11, 2056.67, 2056.75, 2056.81, 2056.81, 2056.74, 2056.83, 2056.9, 2056.83]
exp016-n2048-k10-d320-bs60-f1.000-r00:425638.904: (5251 sec)
exp016-n2048-k10-d320-bs60-f1.000-r00:425638.905: Loop 72/100
exp016-n2048-k10-d320-bs60-f1.000-r00:431082.472: log(exp-norms): [2047.94, 2050.32, 2053.58]
exp016-n2048-k10-d320-bs60-f1.000-r00:431082.473: log(norms):     [2047.94, 2051.11, 2056.67, 2056.75, 2056.81, 2056.81, 2056.74, 2056.95, 2056.83, 2056.9]
exp016-n2048-k10-d320-bs60-f1.000-r00:431082.508: (5444 sec)
exp016-n2048-k10-d320-bs60-f1.000-r00:431082.508: Loop 73/100
exp016-n2048-k10-d320-bs60-f1.000-r00:436303.103: log(exp-norms): [2047.94, 2050.32, 2053.58]
exp016-n2048-k10-d320-bs60-f1.000-r00:436303.104: log(norms):     [2047.94, 2051.11, 2056.67, 2056.75, 2056.81, 2056.81, 2056.74, 2056.95, 2056.83, 2056.9]
exp016-n2048-k10-d320-bs60-f1.000-r00:436303.138: (5221 sec)
exp016-n2048-k10-d320-bs60-f1.000-r00:436303.138: Loop 74/100
exp016-n2048-k10-d320-bs60-f1.000-r00:441447.174: log(exp-norms): [2047.94, 2050.32, 2053.58]
exp016-n2048-k10-d320-bs60-f1.000-r00:441447.175: log(norms):     [2047.94, 2051.11, 2056.67, 2056.75, 2056.81, 2056.81, 2056.74, 2056.95, 2056.83, 2056.9]
exp016-n2048-k10-d320-bs60-f1.000-r00:441447.210: (5145 sec)
exp016-n2048-k10-d320-bs60-f1.000-r00:441447.210: Loop 75/100
exp016-n2048-k10-d320-bs60-f1.000-r00:446540.220: log(exp-norms): [2047.94, 2050.32, 2053.58]
exp016-n2048-k10-d320-bs60-f1.000-r00:446540.221: log(norms):     [2047.94, 2051.11, 2056.67, 2056.75, 2056.81, 2056.81, 2056.74, 2056.95, 2056.83, 2056.9]
exp016-n2048-k10-d320-bs60-f1.000-r00:446540.276: (5094 sec)
exp016-n2048-k10-d320-bs60-f1.000-r00:446540.276: Loop 76/100
exp016-n2048-k10-d320-bs60-f1.000-r00:451478.273: log(exp-norms): [2047.94, 2050.32, 2053.58]
exp016-n2048-k10-d320-bs60-f1.000-r00:451478.275: log(norms):     [2047.94, 2051.11, 2056.67, 2056.75, 2056.81, 2056.81, 2056.74, 2056.95, 2056.83, 2056.9]
exp016-n2048-k10-d320-bs60-f1.000-r00:451478.330: (4939 sec)
exp016-n2048-k10-d320-bs60-f1.000-r00:451478.330: Loop 77/100
exp016-n2048-k10-d320-bs60-f1.000-r00:456480.940: log(exp-norms): [2047.94, 2050.32, 2053.58]
exp016-n2048-k10-d320-bs60-f1.000-r00:456480.941: log(norms):     [2047.94, 2051.11, 2056.67, 2056.75, 2056.81, 2056.81, 2056.74, 2056.95, 2056.83, 2056.9]
exp016-n2048-k10-d320-bs60-f1.000-r00:456480.997: (5003 sec)
exp016-n2048-k10-d320-bs60-f1.000-r00:456480.997: Loop 78/100
exp016-n2048-k10-d320-bs60-f1.000-r00:461481.094: log(exp-norms): [2047.94, 2050.32, 2053.58]
exp016-n2048-k10-d320-bs60-f1.000-r00:461481.096: log(norms):     [2047.94, 2051.11, 2056.67, 2056.75, 2056.81, 2056.81, 2056.74, 2056.95, 2057.1, 2056.83]
exp016-n2048-k10-d320-bs60-f1.000-r00:461481.151: (5001 sec)
exp016-n2048-k10-d320-bs60-f1.000-r00:461481.152: Loop 79/100
exp016-n2048-k10-d320-bs60-f1.000-r00:466653.936: log(exp-norms): [2047.94, 2050.32, 2053.58]
exp016-n2048-k10-d320-bs60-f1.000-r00:466653.937: log(norms):     [2047.94, 2051.11, 2056.67, 2056.75, 2056.81, 2056.81, 2056.74, 2056.85, 2056.95, 2057.1]
exp016-n2048-k10-d320-bs60-f1.000-r00:466653.992: (5173 sec)
exp016-n2048-k10-d320-bs60-f1.000-r00:466653.993: Loop 80/100
exp016-n2048-k10-d320-bs60-f1.000-r00:471818.518: log(exp-norms): [2047.94, 2050.32, 2053.58]
exp016-n2048-k10-d320-bs60-f1.000-r00:471818.519: log(norms):     [2047.94, 2051.11, 2056.67, 2056.75, 2056.81, 2056.81, 2056.74, 2056.85, 2056.95, 2057.1]
exp016-n2048-k10-d320-bs60-f1.000-r00:471818.574: (5165 sec)
exp016-n2048-k10-d320-bs60-f1.000-r00:471818.575: Loop 81/100
exp016-n2048-k10-d320-bs60-f1.000-r00:476968.568: log(exp-norms): [2047.94, 2050.32, 2053.58]
exp016-n2048-k10-d320-bs60-f1.000-r00:476968.569: log(norms):     [2047.94, 2051.11, 2056.67, 2056.75, 2056.81, 2056.81, 2056.74, 2056.85, 2056.95, 2057.1]
exp016-n2048-k10-d320-bs60-f1.000-r00:476968.604: (5151 sec)
exp016-n2048-k10-d320-bs60-f1.000-r00:476968.604: Loop 82/100
exp016-n2048-k10-d320-bs60-f1.000-r00:481798.806: log(exp-norms): [2047.94, 2050.32, 2053.58]
exp016-n2048-k10-d320-bs60-f1.000-r00:481798.806: log(norms):     [2047.94, 2051.11, 2056.67, 2056.75, 2056.81, 2056.81, 2056.74, 2056.85, 2056.87, 2056.99]
exp016-n2048-k10-d320-bs60-f1.000-r00:481798.849: (4831 sec)
exp016-n2048-k10-d320-bs60-f1.000-r00:481798.850: Loop 83/100
exp016-n2048-k10-d320-bs60-f1.000-r00:486721.951: log(exp-norms): [2047.94, 2050.32, 2053.58]
exp016-n2048-k10-d320-bs60-f1.000-r00:486721.952: log(norms):     [2047.94, 2051.11, 2056.67, 2056.75, 2056.81, 2056.81, 2056.74, 2056.85, 2056.87, 2056.99]
exp016-n2048-k10-d320-bs60-f1.000-r00:486722.007: (4924 sec)
exp016-n2048-k10-d320-bs60-f1.000-r00:486722.007: Loop 84/100
exp016-n2048-k10-d320-bs60-f1.000-r00:491647.573: log(exp-norms): [2047.94, 2050.32, 2053.58]
exp016-n2048-k10-d320-bs60-f1.000-r00:491647.574: log(norms):     [2047.94, 2051.11, 2056.67, 2056.75, 2056.81, 2056.81, 2056.74, 2056.85, 2056.87, 2057.0]
exp016-n2048-k10-d320-bs60-f1.000-r00:491647.607: (4926 sec)
exp016-n2048-k10-d320-bs60-f1.000-r00:491647.608: Loop 85/100
exp016-n2048-k10-d320-bs60-f1.000-r00:495958.992: log(exp-norms): [2047.94, 2050.32, 2053.58]
exp016-n2048-k10-d320-bs60-f1.000-r00:495958.993: log(norms):     [2047.94, 2051.11, 2056.67, 2056.75, 2056.81, 2056.81, 2056.74, 2056.87, 2056.85, 2056.87]
exp016-n2048-k10-d320-bs60-f1.000-r00:495959.026: (4312 sec)
exp016-n2048-k10-d320-bs60-f1.000-r00:495959.026: Loop 86/100
exp016-n2048-k10-d320-bs60-f1.000-r00:500171.935: log(exp-norms): [2047.94, 2050.32, 2053.58]
exp016-n2048-k10-d320-bs60-f1.000-r00:500171.936: log(norms):     [2047.94, 2051.11, 2056.67, 2056.75, 2056.81, 2056.81, 2056.74, 2056.74, 2056.87, 2056.85]
exp016-n2048-k10-d320-bs60-f1.000-r00:500171.969: (4213 sec)
exp016-n2048-k10-d320-bs60-f1.000-r00:500171.969: Loop 87/100
exp016-n2048-k10-d320-bs60-f1.000-r00:504105.297: log(exp-norms): [2047.94, 2050.32, 2053.58]
exp016-n2048-k10-d320-bs60-f1.000-r00:504105.298: log(norms):     [2047.94, 2051.11, 2056.67, 2056.75, 2056.81, 2056.81, 2056.74, 2056.74, 2056.97, 2056.85]
exp016-n2048-k10-d320-bs60-f1.000-r00:504105.350: (3934 sec)
exp016-n2048-k10-d320-bs60-f1.000-r00:504105.350: Loop 88/100
exp016-n2048-k10-d320-bs60-f1.000-r00:508843.888: log(exp-norms): [2047.94, 2050.32, 2053.58]
exp016-n2048-k10-d320-bs60-f1.000-r00:508843.889: log(norms):     [2047.94, 2051.11, 2056.67, 2056.75, 2056.81, 2056.81, 2056.74, 2056.74, 2056.97, 2056.85]
exp016-n2048-k10-d320-bs60-f1.000-r00:508843.922: (4739 sec)
exp016-n2048-k10-d320-bs60-f1.000-r00:508843.923: Loop 89/100
exp016-n2048-k10-d320-bs60-f1.000-r00:513554.974: log(exp-norms): [2047.94, 2050.32, 2053.58]
exp016-n2048-k10-d320-bs60-f1.000-r00:513554.975: log(norms):     [2047.94, 2051.11, 2056.67, 2056.75, 2056.81, 2056.81, 2056.74, 2056.74, 2056.97, 2056.85]
exp016-n2048-k10-d320-bs60-f1.000-r00:513555.014: (4712 sec)
exp016-n2048-k10-d320-bs60-f1.000-r00:513555.015: Loop 90/100
exp016-n2048-k10-d320-bs60-f1.000-r00:517945.313: log(exp-norms): [2047.94, 2050.32, 2053.58]
exp016-n2048-k10-d320-bs60-f1.000-r00:517945.313: log(norms):     [2047.94, 2051.11, 2056.67, 2056.75, 2056.81, 2056.81, 2056.74, 2056.74, 2056.97, 2056.85]
exp016-n2048-k10-d320-bs60-f1.000-r00:517945.346: (4391 sec)
exp016-n2048-k10-d320-bs60-f1.000-r00:517945.347: Loop 91/100
exp016-n2048-k10-d320-bs60-f1.000-r00:522471.905: log(exp-norms): [2047.94, 2050.32, 2053.58]
exp016-n2048-k10-d320-bs60-f1.000-r00:522471.906: log(norms):     [2047.94, 2051.11, 2056.67, 2056.75, 2056.81, 2056.81, 2056.74, 2056.74, 2056.97, 2056.85]
exp016-n2048-k10-d320-bs60-f1.000-r00:522471.961: (4527 sec)
exp016-n2048-k10-d320-bs60-f1.000-r00:522471.961: Loop 92/100
exp016-n2048-k10-d320-bs60-f1.000-r00:527528.355: log(exp-norms): [2047.94, 2050.32, 2053.58]
exp016-n2048-k10-d320-bs60-f1.000-r00:527528.356: log(norms):     [2047.94, 2051.11, 2056.67, 2056.75, 2056.81, 2056.81, 2056.74, 2056.74, 2056.97, 2056.91]
exp016-n2048-k10-d320-bs60-f1.000-r00:527528.390: (5057 sec)
exp016-n2048-k10-d320-bs60-f1.000-r00:527528.390: Loop 93/100
exp016-n2048-k10-d320-bs60-f1.000-r00:531701.963: log(exp-norms): [2047.94, 2050.32, 2053.58]
exp016-n2048-k10-d320-bs60-f1.000-r00:531701.964: log(norms):     [2047.94, 2051.11, 2056.67, 2056.75, 2056.81, 2056.81, 2056.74, 2056.74, 2056.97, 2056.91]
exp016-n2048-k10-d320-bs60-f1.000-r00:531702.018: (4174 sec)
exp016-n2048-k10-d320-bs60-f1.000-r00:531702.018: Loop 94/100
exp016-n2048-k10-d320-bs60-f1.000-r00:536930.665: log(exp-norms): [2047.94, 2050.32, 2053.58]
exp016-n2048-k10-d320-bs60-f1.000-r00:536930.666: log(norms):     [2047.94, 2051.11, 2056.67, 2056.75, 2056.81, 2056.81, 2056.74, 2056.93, 2056.74, 2057.1]
exp016-n2048-k10-d320-bs60-f1.000-r00:536930.719: (5229 sec)
exp016-n2048-k10-d320-bs60-f1.000-r00:536930.720: Loop 95/100
exp016-n2048-k10-d320-bs60-f1.000-r00:541671.885: log(exp-norms): [2047.94, 2050.32, 2053.58]
exp016-n2048-k10-d320-bs60-f1.000-r00:541671.886: log(norms):     [2047.94, 2051.11, 2056.67, 2056.75, 2056.81, 2056.81, 2056.74, 2056.93, 2056.74, 2057.1]
exp016-n2048-k10-d320-bs60-f1.000-r00:541671.920: (4742 sec)
exp016-n2048-k10-d320-bs60-f1.000-r00:541671.920: Loop 96/100
exp016-n2048-k10-d320-bs60-f1.000-r00:546081.911: log(exp-norms): [2047.94, 2050.32, 2053.58]
exp016-n2048-k10-d320-bs60-f1.000-r00:546081.911: log(norms):     [2047.94, 2051.11, 2056.67, 2056.75, 2056.81, 2056.81, 2056.74, 2056.93, 2056.74, 2057.1]
exp016-n2048-k10-d320-bs60-f1.000-r00:546081.965: (4411 sec)
exp016-n2048-k10-d320-bs60-f1.000-r00:546081.965: Loop 97/100
exp016-n2048-k10-d320-bs60-f1.000-r00:550149.013: log(exp-norms): [2047.94, 2050.32, 2053.58]
exp016-n2048-k10-d320-bs60-f1.000-r00:550149.014: log(norms):     [2047.94, 2051.11, 2056.67, 2056.75, 2056.81, 2056.81, 2056.74, 2056.93, 2056.81, 2056.74]
exp016-n2048-k10-d320-bs60-f1.000-r00:550149.067: (4068 sec)
exp016-n2048-k10-d320-bs60-f1.000-r00:550149.068: Loop 98/100
exp016-n2048-k10-d320-bs60-f1.000-r00:554558.721: log(exp-norms): [2047.94, 2050.32, 2053.58]
exp016-n2048-k10-d320-bs60-f1.000-r00:554558.722: log(norms):     [2047.94, 2051.11, 2056.67, 2056.75, 2056.81, 2056.81, 2056.74, 2056.93, 2056.81, 2056.74]
exp016-n2048-k10-d320-bs60-f1.000-r00:554558.755: (4410 sec)
exp016-n2048-k10-d320-bs60-f1.000-r00:554558.755: Loop 99/100
exp016-n2048-k10-d320-bs60-f1.000-r00:559117.131: log(exp-norms): [2047.94, 2050.32, 2053.58]
exp016-n2048-k10-d320-bs60-f1.000-r00:559117.132: log(norms):     [2047.94, 2051.11, 2056.67, 2056.75, 2056.81, 2056.81, 2056.74, 2056.93, 2056.81, 2056.74]
exp016-n2048-k10-d320-bs60-f1.000-r00:559117.165: (4559 sec)
exp016-n2048-k10-d320-bs60-f1.000-r00:559117.165: Loop 100/100
exp016-n2048-k10-d320-bs60-f1.000-r00:563482.184: log(exp-norms): [2047.94, 2050.32, 2053.58]
exp016-n2048-k10-d320-bs60-f1.000-r00:563482.185: log(norms):     [2047.94, 2051.11, 2056.67, 2056.75, 2056.81, 2056.81, 2056.74, 2056.93, 2056.81, 2056.84]
exp016-n2048-k10-d320-bs60-f1.000-r00:563482.236: (4366 sec)
exp016-n2048-k10-d320-bs60-f1.000-r00:563482.237: ==========================Summary===========================
exp016-n2048-k10-d320-bs60-f1.000-r00:563482.237: Total time: 563482sec
exp016-n2048-k10-d320-bs60-f1.000-r00:563482.237: FAIL
exp016-n2048-k10-d320-bs60-f1.000-r00:563482.237: SUMMARY:n:2048:k:10:d:320:bs:60:t:563482:r:False
