exp013-n2048-k10-d290-bs60-f1.000-r00:000000.266: ==========================Instance==========================
exp013-n2048-k10-d290-bs60-f1.000-r00:000000.266: # of equations: 290
exp013-n2048-k10-d290-bs60-f1.000-r00:000000.271: Gap: 6.08
exp013-n2048-k10-d290-bs60-f1.000-r00:000000.280: Tau: 8.93
exp013-n2048-k10-d290-bs60-f1.000-r00:000000.281: ======================BKZ-60 reduction======================
exp013-n2048-k10-d290-bs60-f1.000-r00:000012.173: Expectedly achievable log(norm): 2055.60
exp013-n2048-k10-d290-bs60-f1.000-r00:000024.137: log(exp-norms): [2047.94, 2050.25, 2052.85]
exp013-n2048-k10-d290-bs60-f1.000-r00:000024.137: log(norms):     [2061.22, 2051.04, 2057.89, 2057.89, 2057.89, 2057.89, 2057.89, 2057.89, 2057.89, 2057.89]
exp013-n2048-k10-d290-bs60-f1.000-r00:000024.240: Loop 1/100
exp013-n2048-k10-d290-bs60-f1.000-r00:014992.338: log(exp-norms): [2047.94, 2050.25, 2052.85]
exp013-n2048-k10-d290-bs60-f1.000-r00:014992.339: log(norms):     [2051.04, 2057.89, 2057.89, 2057.89, 2057.89, 2057.89, 2057.89, 2057.89, 2057.89, 2057.89]
exp013-n2048-k10-d290-bs60-f1.000-r00:014992.391: (14969 sec)
exp013-n2048-k10-d290-bs60-f1.000-r00:014992.391: Loop 2/100
exp013-n2048-k10-d290-bs60-f1.000-r00:020320.167: log(exp-norms): [2047.94, 2050.25, 2052.85]
exp013-n2048-k10-d290-bs60-f1.000-r00:020320.168: log(norms):     [2051.04, 2057.89, 2057.89, 2057.89, 2057.89, 2057.89, 2057.89, 2057.89, 2058.18, 2057.89]
exp013-n2048-k10-d290-bs60-f1.000-r00:020320.220: (5328 sec)
exp013-n2048-k10-d290-bs60-f1.000-r00:020320.220: Loop 3/100
exp013-n2048-k10-d290-bs60-f1.000-r00:025530.796: log(exp-norms): [2047.94, 2050.25, 2052.85]
exp013-n2048-k10-d290-bs60-f1.000-r00:025530.797: log(norms):     [2051.04, 2057.85, 2057.86, 2057.85, 2057.96, 2057.77, 2057.81, 2057.97, 2057.91, 2057.98]
exp013-n2048-k10-d290-bs60-f1.000-r00:025530.849: (5211 sec)
exp013-n2048-k10-d290-bs60-f1.000-r00:025530.850: Loop 4/100
exp013-n2048-k10-d290-bs60-f1.000-r00:030565.271: log(exp-norms): [2047.94, 2050.25, 2052.85]
exp013-n2048-k10-d290-bs60-f1.000-r00:030565.272: log(norms):     [2051.04, 2057.46, 2057.54, 2057.54, 2057.66, 2057.44, 2057.7, 2057.67, 2057.69, 2057.56]
exp013-n2048-k10-d290-bs60-f1.000-r00:030565.322: (5035 sec)
exp013-n2048-k10-d290-bs60-f1.000-r00:030565.323: Loop 5/100
exp013-n2048-k10-d290-bs60-f1.000-r00:035534.468: log(exp-norms): [2047.94, 2050.25, 2052.85]
exp013-n2048-k10-d290-bs60-f1.000-r00:035534.469: log(norms):     [2047.94, 2051.04, 2057.08, 2057.24, 2057.29, 2057.25, 2057.31, 2057.2, 2057.38, 2057.35]
exp013-n2048-k10-d290-bs60-f1.000-r00:035534.520: (4970 sec)
exp013-n2048-k10-d290-bs60-f1.000-r00:035534.520: Loop 6/100
exp013-n2048-k10-d290-bs60-f1.000-r00:040417.602: log(exp-norms): [2047.94, 2050.25, 2052.85]
exp013-n2048-k10-d290-bs60-f1.000-r00:040417.603: log(norms):     [2047.94, 2051.04, 2056.86, 2056.97, 2057.0, 2056.95, 2057.05, 2057.02, 2057.03, 2057.12]
exp013-n2048-k10-d290-bs60-f1.000-r00:040417.654: (4884 sec)
exp013-n2048-k10-d290-bs60-f1.000-r00:040417.655: Loop 7/100
exp013-n2048-k10-d290-bs60-f1.000-r00:045017.536: log(exp-norms): [2047.94, 2050.25, 2052.85]
exp013-n2048-k10-d290-bs60-f1.000-r00:045017.538: log(norms):     [2047.94, 2051.04, 2056.7, 2056.75, 2056.82, 2056.85, 2056.86, 2056.96, 2056.77, 2056.81]
exp013-n2048-k10-d290-bs60-f1.000-r00:045017.590: (4600 sec)
exp013-n2048-k10-d290-bs60-f1.000-r00:045017.590: Loop 8/100
exp013-n2048-k10-d290-bs60-f1.000-r00:049569.038: log(exp-norms): [2047.94, 2050.25, 2052.85]
exp013-n2048-k10-d290-bs60-f1.000-r00:049569.039: log(norms):     [2047.94, 2051.04, 2056.56, 2056.62, 2056.54, 2056.66, 2056.6, 2056.62, 2056.68, 2056.74]
exp013-n2048-k10-d290-bs60-f1.000-r00:049569.091: (4552 sec)
exp013-n2048-k10-d290-bs60-f1.000-r00:049569.092: Loop 9/100
exp013-n2048-k10-d290-bs60-f1.000-r00:054162.395: log(exp-norms): [2047.94, 2050.25, 2052.85]
exp013-n2048-k10-d290-bs60-f1.000-r00:054162.397: log(norms):     [2047.94, 2051.04, 2056.38, 2056.41, 2056.54, 2056.43, 2056.42, 2056.58, 2056.49, 2056.5]
exp013-n2048-k10-d290-bs60-f1.000-r00:054162.449: (4594 sec)
exp013-n2048-k10-d290-bs60-f1.000-r00:054162.449: Loop 10/100
exp013-n2048-k10-d290-bs60-f1.000-r00:058927.030: log(exp-norms): [2047.94, 2050.25, 2052.85]
exp013-n2048-k10-d290-bs60-f1.000-r00:058927.032: log(norms):     [2047.94, 2051.04, 2056.01, 2056.22, 2056.25, 2056.28, 2056.29, 2056.27, 2056.47, 2056.3]
exp013-n2048-k10-d290-bs60-f1.000-r00:058927.084: (4765 sec)
exp013-n2048-k10-d290-bs60-f1.000-r00:058927.084: Loop 11/100
exp013-n2048-k10-d290-bs60-f1.000-r00:063545.846: log(exp-norms): [2047.94, 2050.25, 2052.85]
exp013-n2048-k10-d290-bs60-f1.000-r00:063545.847: log(norms):     [2047.94, 2051.04, 2056.01, 2056.01, 2056.09, 2056.15, 2056.13, 2056.23, 2056.17, 2056.33]
exp013-n2048-k10-d290-bs60-f1.000-r00:063545.898: (4619 sec)
exp013-n2048-k10-d290-bs60-f1.000-r00:063545.898: Loop 12/100
exp013-n2048-k10-d290-bs60-f1.000-r00:068167.400: log(exp-norms): [2047.94, 2050.25, 2052.85]
exp013-n2048-k10-d290-bs60-f1.000-r00:068167.402: log(norms):     [2047.94, 2051.04, 2056.01, 2056.01, 2056.11, 2055.98, 2056.14, 2056.24, 2056.12, 2056.23]
exp013-n2048-k10-d290-bs60-f1.000-r00:068167.452: (4622 sec)
exp013-n2048-k10-d290-bs60-f1.000-r00:068167.452: Loop 13/100
exp013-n2048-k10-d290-bs60-f1.000-r00:072767.827: log(exp-norms): [2047.94, 2050.25, 2052.85]
exp013-n2048-k10-d290-bs60-f1.000-r00:072767.828: log(norms):     [2047.94, 2051.04, 2055.93, 2056.09, 2055.97, 2056.06, 2056.04, 2056.13, 2056.25, 2056.1]
exp013-n2048-k10-d290-bs60-f1.000-r00:072767.880: (4601 sec)
exp013-n2048-k10-d290-bs60-f1.000-r00:072767.880: Loop 14/100
exp013-n2048-k10-d290-bs60-f1.000-r00:077362.760: log(exp-norms): [2047.94, 2050.25, 2052.85]
exp013-n2048-k10-d290-bs60-f1.000-r00:077362.761: log(norms):     [2047.94, 2051.04, 2055.87, 2055.95, 2055.93, 2056.05, 2056.05, 2056.12, 2056.03, 2055.86]
exp013-n2048-k10-d290-bs60-f1.000-r00:077362.812: (4595 sec)
exp013-n2048-k10-d290-bs60-f1.000-r00:077362.812: Loop 15/100
exp013-n2048-k10-d290-bs60-f1.000-r00:081869.662: log(exp-norms): [2047.94, 2050.25, 2052.85]
exp013-n2048-k10-d290-bs60-f1.000-r00:081869.663: log(norms):     [2047.94, 2051.04, 2055.86, 2055.95, 2055.93, 2055.93, 2055.89, 2055.96, 2055.83, 2056.0]
exp013-n2048-k10-d290-bs60-f1.000-r00:081869.718: (4507 sec)
exp013-n2048-k10-d290-bs60-f1.000-r00:081869.719: Loop 16/100
exp013-n2048-k10-d290-bs60-f1.000-r00:086555.290: log(exp-norms): [2047.94, 2050.25, 2052.85]
exp013-n2048-k10-d290-bs60-f1.000-r00:086555.292: log(norms):     [2047.94, 2051.04, 2055.78, 2055.8, 2055.83, 2056.01, 2055.9, 2055.98, 2055.95, 2056.07]
exp013-n2048-k10-d290-bs60-f1.000-r00:086555.342: (4686 sec)
exp013-n2048-k10-d290-bs60-f1.000-r00:086555.343: Loop 17/100
exp013-n2048-k10-d290-bs60-f1.000-r00:091097.854: log(exp-norms): [2047.94, 2050.25, 2052.85]
exp013-n2048-k10-d290-bs60-f1.000-r00:091097.855: log(norms):     [2047.94, 2051.04, 2055.78, 2055.85, 2055.89, 2055.9, 2055.93, 2055.74, 2055.95, 2055.93]
exp013-n2048-k10-d290-bs60-f1.000-r00:091097.907: (4543 sec)
exp013-n2048-k10-d290-bs60-f1.000-r00:091097.908: Loop 18/100
exp013-n2048-k10-d290-bs60-f1.000-r00:095615.973: log(exp-norms): [2047.94, 2050.25, 2052.85]
exp013-n2048-k10-d290-bs60-f1.000-r00:095615.974: log(norms):     [2047.94, 2051.04, 2055.69, 2055.73, 2055.82, 2055.73, 2055.78, 2055.78, 2055.94, 2055.89]
exp013-n2048-k10-d290-bs60-f1.000-r00:095616.026: (4519 sec)
exp013-n2048-k10-d290-bs60-f1.000-r00:095616.026: Loop 19/100
exp013-n2048-k10-d290-bs60-f1.000-r00:100287.411: log(exp-norms): [2047.94, 2050.25, 2052.85]
exp013-n2048-k10-d290-bs60-f1.000-r00:100287.412: log(norms):     [2047.94, 2051.04, 2055.64, 2055.69, 2055.73, 2055.81, 2055.83, 2055.78, 2055.71, 2056.03]
exp013-n2048-k10-d290-bs60-f1.000-r00:100287.465: (4672 sec)
exp013-n2048-k10-d290-bs60-f1.000-r00:100287.465: Loop 20/100
exp013-n2048-k10-d290-bs60-f1.000-r00:104831.231: log(exp-norms): [2047.94, 2050.25, 2052.85]
exp013-n2048-k10-d290-bs60-f1.000-r00:104831.232: log(norms):     [2047.94, 2051.04, 2055.64, 2055.69, 2055.73, 2055.81, 2055.83, 2055.73, 2055.75, 2055.92]
exp013-n2048-k10-d290-bs60-f1.000-r00:104831.284: (4544 sec)
exp013-n2048-k10-d290-bs60-f1.000-r00:104831.285: Loop 21/100
exp013-n2048-k10-d290-bs60-f1.000-r00:109489.772: log(exp-norms): [2047.94, 2050.25, 2052.85]
exp013-n2048-k10-d290-bs60-f1.000-r00:109489.774: log(norms):     [2047.94, 2051.04, 2055.64, 2055.66, 2055.72, 2055.81, 2055.69, 2055.7, 2055.87, 2055.83]
exp013-n2048-k10-d290-bs60-f1.000-r00:109489.824: (4659 sec)
exp013-n2048-k10-d290-bs60-f1.000-r00:109489.824: Loop 22/100
exp013-n2048-k10-d290-bs60-f1.000-r00:113992.104: log(exp-norms): [2047.94, 2050.25, 2052.85]
exp013-n2048-k10-d290-bs60-f1.000-r00:113992.105: log(norms):     [2047.94, 2051.04, 2055.64, 2055.66, 2055.72, 2055.84, 2055.81, 2055.81, 2055.76, 2055.7]
exp013-n2048-k10-d290-bs60-f1.000-r00:113992.156: (4503 sec)
exp013-n2048-k10-d290-bs60-f1.000-r00:113992.156: Loop 23/100
exp013-n2048-k10-d290-bs60-f1.000-r00:118540.809: log(exp-norms): [2047.94, 2050.25, 2052.85]
exp013-n2048-k10-d290-bs60-f1.000-r00:118540.810: log(norms):     [2047.94, 2051.04, 2055.64, 2055.66, 2055.7, 2055.81, 2055.81, 2055.82, 2055.71, 2055.95]
exp013-n2048-k10-d290-bs60-f1.000-r00:118540.861: (4549 sec)
exp013-n2048-k10-d290-bs60-f1.000-r00:118540.861: Loop 24/100
exp013-n2048-k10-d290-bs60-f1.000-r00:123153.972: log(exp-norms): [2047.94, 2050.25, 2052.85]
exp013-n2048-k10-d290-bs60-f1.000-r00:123153.973: log(norms):     [2047.94, 2051.04, 2055.64, 2055.66, 2055.7, 2055.81, 2055.81, 2055.79, 2055.91, 2055.89]
exp013-n2048-k10-d290-bs60-f1.000-r00:123154.026: (4614 sec)
exp013-n2048-k10-d290-bs60-f1.000-r00:123154.026: Loop 25/100
exp013-n2048-k10-d290-bs60-f1.000-r00:127845.962: log(exp-norms): [2047.94, 2050.25, 2052.85]
exp013-n2048-k10-d290-bs60-f1.000-r00:127845.963: log(norms):     [2047.94, 2051.04, 2055.64, 2055.66, 2055.7, 2055.81, 2055.78, 2055.81, 2055.79, 2055.59]
exp013-n2048-k10-d290-bs60-f1.000-r00:127846.015: (4692 sec)
exp013-n2048-k10-d290-bs60-f1.000-r00:127846.016: Loop 26/100
exp013-n2048-k10-d290-bs60-f1.000-r00:132386.729: log(exp-norms): [2047.94, 2050.25, 2052.85]
exp013-n2048-k10-d290-bs60-f1.000-r00:132386.730: log(norms):     [2047.94, 2051.04, 2055.59, 2055.72, 2055.63, 2055.64, 2055.7, 2055.64, 2055.79, 2055.82]
exp013-n2048-k10-d290-bs60-f1.000-r00:132386.783: (4541 sec)
exp013-n2048-k10-d290-bs60-f1.000-r00:132386.784: Loop 27/100
exp013-n2048-k10-d290-bs60-f1.000-r00:136897.815: log(exp-norms): [2047.94, 2050.25, 2052.85]
exp013-n2048-k10-d290-bs60-f1.000-r00:136897.817: log(norms):     [2047.94, 2051.04, 2055.59, 2055.72, 2055.63, 2055.64, 2055.74, 2055.8, 2055.89, 2055.91]
exp013-n2048-k10-d290-bs60-f1.000-r00:136897.875: (4512 sec)
exp013-n2048-k10-d290-bs60-f1.000-r00:136897.875: Loop 28/100
exp013-n2048-k10-d290-bs60-f1.000-r00:141397.826: log(exp-norms): [2047.94, 2050.25, 2052.85]
exp013-n2048-k10-d290-bs60-f1.000-r00:141397.827: log(norms):     [2047.94, 2051.04, 2055.59, 2055.72, 2055.63, 2055.6, 2055.64, 2055.74, 2055.88, 2055.79]
exp013-n2048-k10-d290-bs60-f1.000-r00:141397.873: (4500 sec)
exp013-n2048-k10-d290-bs60-f1.000-r00:141397.874: Loop 29/100
exp013-n2048-k10-d290-bs60-f1.000-r00:145966.596: log(exp-norms): [2047.94, 2050.25, 2052.85]
exp013-n2048-k10-d290-bs60-f1.000-r00:145966.604: log(norms):     [2047.94, 2051.04, 2055.59, 2055.72, 2055.63, 2055.6, 2055.64, 2055.74, 2055.87, 2055.88]
exp013-n2048-k10-d290-bs60-f1.000-r00:145966.654: (4569 sec)
exp013-n2048-k10-d290-bs60-f1.000-r00:145966.655: Loop 30/100
exp013-n2048-k10-d290-bs60-f1.000-r00:150569.451: log(exp-norms): [2047.94, 2050.25, 2052.85]
exp013-n2048-k10-d290-bs60-f1.000-r00:150569.452: log(norms):     [2047.94, 2051.04, 2055.59, 2055.72, 2055.63, 2055.6, 2055.64, 2055.74, 2055.87, 2055.93]
exp013-n2048-k10-d290-bs60-f1.000-r00:150569.502: (4603 sec)
exp013-n2048-k10-d290-bs60-f1.000-r00:150569.503: Loop 31/100
exp013-n2048-k10-d290-bs60-f1.000-r00:155183.748: log(exp-norms): [2047.94, 2050.25, 2052.85]
exp013-n2048-k10-d290-bs60-f1.000-r00:155183.749: log(norms):     [2047.94, 2051.04, 2055.59, 2055.72, 2055.63, 2055.66, 2055.79, 2055.74, 2055.71, 2055.83]
exp013-n2048-k10-d290-bs60-f1.000-r00:155183.799: (4615 sec)
exp013-n2048-k10-d290-bs60-f1.000-r00:155183.800: Loop 32/100
exp013-n2048-k10-d290-bs60-f1.000-r00:159610.011: log(exp-norms): [2047.94, 2050.25, 2052.85]
exp013-n2048-k10-d290-bs60-f1.000-r00:159610.012: log(norms):     [2047.94, 2051.04, 2055.59, 2055.72, 2055.64, 2055.66, 2055.8, 2055.87, 2055.71, 2055.8]
exp013-n2048-k10-d290-bs60-f1.000-r00:159610.073: (4427 sec)
exp013-n2048-k10-d290-bs60-f1.000-r00:159610.073: Loop 33/100
exp013-n2048-k10-d290-bs60-f1.000-r00:164218.200: log(exp-norms): [2047.94, 2050.25, 2052.85]
exp013-n2048-k10-d290-bs60-f1.000-r00:164218.201: log(norms):     [2047.94, 2051.04, 2055.59, 2055.72, 2055.64, 2055.66, 2055.8, 2055.87, 2055.71, 2055.74]
exp013-n2048-k10-d290-bs60-f1.000-r00:164218.253: (4609 sec)
exp013-n2048-k10-d290-bs60-f1.000-r00:164218.254: Loop 34/100
exp013-n2048-k10-d290-bs60-f1.000-r00:168668.974: log(exp-norms): [2047.94, 2050.25, 2052.85]
exp013-n2048-k10-d290-bs60-f1.000-r00:168668.975: log(norms):     [2047.94, 2051.04, 2055.59, 2055.72, 2055.64, 2055.66, 2055.8, 2055.87, 2055.71, 2055.74]
exp013-n2048-k10-d290-bs60-f1.000-r00:168669.026: (4451 sec)
exp013-n2048-k10-d290-bs60-f1.000-r00:168669.026: Loop 35/100
exp013-n2048-k10-d290-bs60-f1.000-r00:173000.242: log(exp-norms): [2047.94, 2050.25, 2052.85]
exp013-n2048-k10-d290-bs60-f1.000-r00:173000.243: log(norms):     [2047.94, 2051.04, 2055.59, 2055.72, 2055.64, 2055.66, 2055.8, 2055.87, 2055.71, 2055.74]
exp013-n2048-k10-d290-bs60-f1.000-r00:173000.294: (4332 sec)
exp013-n2048-k10-d290-bs60-f1.000-r00:173000.294: Loop 36/100
exp013-n2048-k10-d290-bs60-f1.000-r00:177451.076: log(exp-norms): [2047.94, 2050.25, 2052.85]
exp013-n2048-k10-d290-bs60-f1.000-r00:177451.077: log(norms):     [2047.94, 2051.04, 2055.59, 2055.72, 2055.64, 2055.66, 2055.8, 2055.87, 2055.71, 2055.74]
exp013-n2048-k10-d290-bs60-f1.000-r00:177451.128: (4451 sec)
exp013-n2048-k10-d290-bs60-f1.000-r00:177451.129: Loop 37/100
exp013-n2048-k10-d290-bs60-f1.000-r00:182007.401: log(exp-norms): [2047.94, 2050.25, 2052.85]
exp013-n2048-k10-d290-bs60-f1.000-r00:182007.402: log(norms):     [2047.94, 2051.04, 2055.59, 2055.72, 2055.64, 2055.66, 2055.8, 2055.87, 2055.71, 2055.74]
exp013-n2048-k10-d290-bs60-f1.000-r00:182007.463: (4557 sec)
exp013-n2048-k10-d290-bs60-f1.000-r00:182007.463: Loop 38/100
exp013-n2048-k10-d290-bs60-f1.000-r00:186697.209: log(exp-norms): [2047.94, 2050.25, 2052.85]
exp013-n2048-k10-d290-bs60-f1.000-r00:186697.225: log(norms):     [2047.94, 2051.04, 2055.59, 2055.72, 2055.64, 2055.66, 2055.8, 2055.7, 2055.72, 2055.87]
exp013-n2048-k10-d290-bs60-f1.000-r00:186697.276: (4690 sec)
exp013-n2048-k10-d290-bs60-f1.000-r00:186697.277: Loop 39/100
exp013-n2048-k10-d290-bs60-f1.000-r00:191163.077: log(exp-norms): [2047.94, 2050.25, 2052.85]
exp013-n2048-k10-d290-bs60-f1.000-r00:191163.078: log(norms):     [2047.94, 2051.04, 2055.59, 2055.72, 2055.64, 2055.66, 2055.8, 2055.7, 2055.72, 2055.87]
exp013-n2048-k10-d290-bs60-f1.000-r00:191163.127: (4466 sec)
exp013-n2048-k10-d290-bs60-f1.000-r00:191163.127: Loop 40/100
exp013-n2048-k10-d290-bs60-f1.000-r00:195701.818: log(exp-norms): [2047.94, 2050.25, 2052.85]
exp013-n2048-k10-d290-bs60-f1.000-r00:195701.819: log(norms):     [2047.94, 2051.04, 2055.59, 2055.72, 2055.64, 2055.66, 2055.8, 2055.7, 2055.72, 2055.8]
exp013-n2048-k10-d290-bs60-f1.000-r00:195701.871: (4539 sec)
exp013-n2048-k10-d290-bs60-f1.000-r00:195701.871: Loop 41/100
exp013-n2048-k10-d290-bs60-f1.000-r00:200209.490: log(exp-norms): [2047.94, 2050.25, 2052.85]
exp013-n2048-k10-d290-bs60-f1.000-r00:200209.491: log(norms):     [2047.94, 2051.04, 2055.59, 2055.72, 2055.64, 2055.66, 2055.8, 2055.7, 2055.72, 2055.8]
exp013-n2048-k10-d290-bs60-f1.000-r00:200209.553: (4508 sec)
exp013-n2048-k10-d290-bs60-f1.000-r00:200209.554: Loop 42/100
exp013-n2048-k10-d290-bs60-f1.000-r00:204762.645: log(exp-norms): [2047.94, 2050.25, 2052.85]
exp013-n2048-k10-d290-bs60-f1.000-r00:204762.646: log(norms):     [2047.94, 2051.04, 2055.59, 2055.72, 2055.64, 2055.66, 2055.8, 2055.7, 2055.72, 2055.81]
exp013-n2048-k10-d290-bs60-f1.000-r00:204762.698: (4554 sec)
exp013-n2048-k10-d290-bs60-f1.000-r00:204762.704: Loop 43/100
exp013-n2048-k10-d290-bs60-f1.000-r00:209222.160: log(exp-norms): [2047.94, 2050.25, 2052.85]
exp013-n2048-k10-d290-bs60-f1.000-r00:209222.161: log(norms):     [2047.94, 2051.04, 2055.59, 2055.72, 2055.64, 2055.66, 2055.8, 2055.7, 2055.72, 2055.81]
exp013-n2048-k10-d290-bs60-f1.000-r00:209222.212: (4460 sec)
exp013-n2048-k10-d290-bs60-f1.000-r00:209222.212: Loop 44/100
exp013-n2048-k10-d290-bs60-f1.000-r00:213681.952: log(exp-norms): [2047.94, 2050.25, 2052.85]
exp013-n2048-k10-d290-bs60-f1.000-r00:213681.953: log(norms):     [2047.94, 2051.04, 2055.59, 2055.72, 2055.64, 2055.66, 2055.8, 2055.93, 2055.7, 2055.86]
exp013-n2048-k10-d290-bs60-f1.000-r00:213682.004: (4460 sec)
exp013-n2048-k10-d290-bs60-f1.000-r00:213682.004: Loop 45/100
exp013-n2048-k10-d290-bs60-f1.000-r00:218121.402: log(exp-norms): [2047.94, 2050.25, 2052.85]
exp013-n2048-k10-d290-bs60-f1.000-r00:218121.403: log(norms):     [2047.94, 2051.04, 2055.59, 2055.72, 2055.64, 2055.66, 2055.8, 2055.93, 2055.7, 2055.86]
exp013-n2048-k10-d290-bs60-f1.000-r00:218121.458: (4440 sec)
exp013-n2048-k10-d290-bs60-f1.000-r00:218121.459: Loop 46/100
exp013-n2048-k10-d290-bs60-f1.000-r00:222560.641: log(exp-norms): [2047.94, 2050.25, 2052.85]
exp013-n2048-k10-d290-bs60-f1.000-r00:222560.641: log(norms):     [2047.94, 2051.04, 2055.59, 2055.72, 2055.64, 2055.66, 2055.8, 2055.93, 2055.7, 2055.86]
exp013-n2048-k10-d290-bs60-f1.000-r00:222560.692: (4440 sec)
exp013-n2048-k10-d290-bs60-f1.000-r00:222560.693: Loop 47/100
exp013-n2048-k10-d290-bs60-f1.000-r00:227014.571: log(exp-norms): [2047.94, 2050.25, 2052.85]
exp013-n2048-k10-d290-bs60-f1.000-r00:227014.572: log(norms):     [2047.94, 2051.04, 2055.59, 2055.72, 2055.64, 2055.66, 2055.8, 2055.93, 2055.7, 2055.86]
exp013-n2048-k10-d290-bs60-f1.000-r00:227014.622: (4454 sec)
exp013-n2048-k10-d290-bs60-f1.000-r00:227014.622: Loop 48/100
exp013-n2048-k10-d290-bs60-f1.000-r00:231069.009: log(exp-norms): [2047.94, 2050.25, 2052.85]
exp013-n2048-k10-d290-bs60-f1.000-r00:231069.010: log(norms):     [2047.94, 2051.04, 2055.59, 2055.72, 2055.64, 2055.66, 2055.8, 2055.93, 2055.7, 2055.86]
exp013-n2048-k10-d290-bs60-f1.000-r00:231069.061: (4055 sec)
exp013-n2048-k10-d290-bs60-f1.000-r00:231069.061: Loop 49/100
exp013-n2048-k10-d290-bs60-f1.000-r00:235256.145: log(exp-norms): [2047.94, 2050.25, 2052.85]
exp013-n2048-k10-d290-bs60-f1.000-r00:235256.146: log(norms):     [2047.94, 2051.04, 2055.59, 2055.72, 2055.64, 2055.66, 2055.8, 2055.93, 2055.7, 2055.86]
exp013-n2048-k10-d290-bs60-f1.000-r00:235256.178: (4188 sec)
exp013-n2048-k10-d290-bs60-f1.000-r00:235256.178: Loop 50/100
exp013-n2048-k10-d290-bs60-f1.000-r00:239305.568: log(exp-norms): [2047.94, 2050.25, 2052.85]
exp013-n2048-k10-d290-bs60-f1.000-r00:239305.569: log(norms):     [2047.94, 2051.04, 2055.59, 2055.62, 2055.59, 2055.72, 2055.66, 2055.7, 2055.64, 2055.69]
exp013-n2048-k10-d290-bs60-f1.000-r00:239305.620: (4050 sec)
exp013-n2048-k10-d290-bs60-f1.000-r00:239305.620: Loop 51/100
exp013-n2048-k10-d290-bs60-f1.000-r00:243363.518: log(exp-norms): [2047.94, 2050.25, 2052.85]
exp013-n2048-k10-d290-bs60-f1.000-r00:243363.519: log(norms):     [2047.94, 2051.04, 2055.59, 2055.62, 2055.59, 2055.72, 2055.66, 2055.7, 2055.64, 2055.69]
exp013-n2048-k10-d290-bs60-f1.000-r00:243363.571: (4058 sec)
exp013-n2048-k10-d290-bs60-f1.000-r00:243363.571: Loop 52/100
exp013-n2048-k10-d290-bs60-f1.000-r00:247321.178: log(exp-norms): [2047.94, 2050.25, 2052.85]
exp013-n2048-k10-d290-bs60-f1.000-r00:247321.179: log(norms):     [2047.94, 2051.04, 2055.59, 2055.62, 2055.59, 2055.72, 2055.66, 2055.7, 2055.64, 2055.69]
exp013-n2048-k10-d290-bs60-f1.000-r00:247321.230: (3958 sec)
exp013-n2048-k10-d290-bs60-f1.000-r00:247321.230: Loop 53/100
exp013-n2048-k10-d290-bs60-f1.000-r00:251283.287: log(exp-norms): [2047.94, 2050.25, 2052.85]
exp013-n2048-k10-d290-bs60-f1.000-r00:251283.287: log(norms):     [2047.94, 2051.04, 2055.59, 2055.62, 2055.59, 2055.72, 2055.66, 2055.7, 2055.64, 2055.69]
exp013-n2048-k10-d290-bs60-f1.000-r00:251283.338: (3963 sec)
exp013-n2048-k10-d290-bs60-f1.000-r00:251283.339: Loop 54/100
exp013-n2048-k10-d290-bs60-f1.000-r00:255439.247: log(exp-norms): [2047.94, 2050.25, 2052.85]
exp013-n2048-k10-d290-bs60-f1.000-r00:255439.248: log(norms):     [2047.94, 2051.04, 2055.59, 2055.62, 2055.59, 2055.72, 2055.66, 2055.78, 2055.78, 2055.7]
exp013-n2048-k10-d290-bs60-f1.000-r00:255439.300: (4156 sec)
exp013-n2048-k10-d290-bs60-f1.000-r00:255439.300: Loop 55/100
exp013-n2048-k10-d290-bs60-f1.000-r00:259577.784: log(exp-norms): [2047.94, 2050.25, 2052.85]
exp013-n2048-k10-d290-bs60-f1.000-r00:259577.785: log(norms):     [2047.94, 2051.04, 2055.59, 2055.62, 2055.59, 2055.62, 2055.72, 2055.66, 2055.78, 2055.78]
exp013-n2048-k10-d290-bs60-f1.000-r00:259577.845: (4139 sec)
exp013-n2048-k10-d290-bs60-f1.000-r00:259577.845: Loop 56/100
exp013-n2048-k10-d290-bs60-f1.000-r00:263659.589: log(exp-norms): [2047.94, 2050.25, 2052.85]
exp013-n2048-k10-d290-bs60-f1.000-r00:263659.591: log(norms):     [2047.94, 2051.04, 2055.59, 2055.62, 2055.59, 2055.62, 2055.72, 2055.66, 2055.78, 2055.92]
exp013-n2048-k10-d290-bs60-f1.000-r00:263659.644: (4082 sec)
exp013-n2048-k10-d290-bs60-f1.000-r00:263659.645: Loop 57/100
exp013-n2048-k10-d290-bs60-f1.000-r00:267712.255: log(exp-norms): [2047.94, 2050.25, 2052.85]
exp013-n2048-k10-d290-bs60-f1.000-r00:267712.256: log(norms):     [2047.94, 2051.04, 2055.59, 2055.62, 2055.59, 2055.62, 2055.72, 2055.66, 2055.78, 2055.92]
exp013-n2048-k10-d290-bs60-f1.000-r00:267712.318: (4053 sec)
exp013-n2048-k10-d290-bs60-f1.000-r00:267712.319: Loop 58/100
exp013-n2048-k10-d290-bs60-f1.000-r00:271768.869: log(exp-norms): [2047.94, 2050.25, 2052.85]
exp013-n2048-k10-d290-bs60-f1.000-r00:271768.871: log(norms):     [2047.94, 2051.04, 2055.59, 2055.62, 2055.59, 2055.62, 2055.72, 2055.66, 2055.66, 2055.78]
exp013-n2048-k10-d290-bs60-f1.000-r00:271768.932: (4057 sec)
exp013-n2048-k10-d290-bs60-f1.000-r00:271768.932: Loop 59/100
exp013-n2048-k10-d290-bs60-f1.000-r00:275859.148: log(exp-norms): [2047.94, 2050.25, 2052.85]
exp013-n2048-k10-d290-bs60-f1.000-r00:275859.149: log(norms):     [2047.94, 2051.04, 2055.59, 2055.62, 2055.59, 2055.62, 2055.72, 2055.71, 2055.7, 2055.66]
exp013-n2048-k10-d290-bs60-f1.000-r00:275859.202: (4091 sec)
exp013-n2048-k10-d290-bs60-f1.000-r00:275859.203: Loop 60/100
exp013-n2048-k10-d290-bs60-f1.000-r00:279908.106: log(exp-norms): [2047.94, 2050.25, 2052.85]
exp013-n2048-k10-d290-bs60-f1.000-r00:279908.107: log(norms):     [2047.94, 2051.04, 2055.59, 2055.62, 2055.59, 2055.62, 2055.72, 2055.71, 2055.7, 2055.74]
exp013-n2048-k10-d290-bs60-f1.000-r00:279908.159: (4049 sec)
exp013-n2048-k10-d290-bs60-f1.000-r00:279908.159: Loop 61/100
exp013-n2048-k10-d290-bs60-f1.000-r00:284126.967: log(exp-norms): [2047.94, 2050.25, 2052.85]
exp013-n2048-k10-d290-bs60-f1.000-r00:284126.968: log(norms):     [2047.94, 2051.04, 2055.59, 2055.62, 2055.59, 2055.62, 2055.72, 2055.71, 2055.7, 2055.74]
exp013-n2048-k10-d290-bs60-f1.000-r00:284127.000: (4219 sec)
exp013-n2048-k10-d290-bs60-f1.000-r00:284127.000: Loop 62/100
exp013-n2048-k10-d290-bs60-f1.000-r00:288373.143: log(exp-norms): [2047.94, 2050.25, 2052.85]
exp013-n2048-k10-d290-bs60-f1.000-r00:288373.144: log(norms):     [2047.94, 2051.04, 2055.59, 2055.62, 2055.59, 2055.62, 2055.72, 2055.71, 2055.7, 2055.72]
exp013-n2048-k10-d290-bs60-f1.000-r00:288373.195: (4247 sec)
exp013-n2048-k10-d290-bs60-f1.000-r00:288373.195: Loop 63/100
exp013-n2048-k10-d290-bs60-f1.000-r00:292750.265: log(exp-norms): [2047.94, 2050.25, 2052.85]
exp013-n2048-k10-d290-bs60-f1.000-r00:292750.265: log(norms):     [2047.94, 2051.04, 2055.59, 2055.62, 2055.75, 2055.72, 2055.59, 2055.71, 2055.7, 2055.62]
exp013-n2048-k10-d290-bs60-f1.000-r00:292750.298: (4378 sec)
exp013-n2048-k10-d290-bs60-f1.000-r00:292750.298: Loop 64/100
exp013-n2048-k10-d290-bs60-f1.000-r00:297118.362: log(exp-norms): [2047.94, 2050.25, 2052.85]
exp013-n2048-k10-d290-bs60-f1.000-r00:297118.363: log(norms):     [2047.94, 2051.04, 2055.59, 2055.62, 2055.75, 2055.72, 2055.59, 2055.71, 2055.7, 2055.83]
exp013-n2048-k10-d290-bs60-f1.000-r00:297118.413: (4369 sec)
exp013-n2048-k10-d290-bs60-f1.000-r00:297118.414: Loop 65/100
exp013-n2048-k10-d290-bs60-f1.000-r00:301552.727: log(exp-norms): [2047.94, 2050.25, 2052.85]
exp013-n2048-k10-d290-bs60-f1.000-r00:301552.728: log(norms):     [2047.94, 2051.04, 2055.59, 2055.62, 2055.75, 2055.72, 2055.59, 2055.71, 2055.7, 2055.83]
exp013-n2048-k10-d290-bs60-f1.000-r00:301552.780: (4435 sec)
exp013-n2048-k10-d290-bs60-f1.000-r00:301552.780: Loop 66/100
exp013-n2048-k10-d290-bs60-f1.000-r00:305877.054: log(exp-norms): [2047.94, 2050.25, 2052.85]
exp013-n2048-k10-d290-bs60-f1.000-r00:305877.056: log(norms):     [2047.94, 2051.04, 2055.59, 2055.62, 2055.75, 2055.72, 2055.59, 2055.71, 2055.7, 2055.83]
exp013-n2048-k10-d290-bs60-f1.000-r00:305877.107: (4325 sec)
exp013-n2048-k10-d290-bs60-f1.000-r00:305877.108: Loop 67/100
exp013-n2048-k10-d290-bs60-f1.000-r00:310172.252: log(exp-norms): [2047.94, 2050.25, 2052.85]
exp013-n2048-k10-d290-bs60-f1.000-r00:310172.254: log(norms):     [2047.94, 2051.04, 2055.59, 2055.62, 2055.75, 2055.72, 2055.59, 2055.71, 2055.7, 2055.83]
exp013-n2048-k10-d290-bs60-f1.000-r00:310172.305: (4296 sec)
exp013-n2048-k10-d290-bs60-f1.000-r00:310172.305: Loop 68/100
exp013-n2048-k10-d290-bs60-f1.000-r00:314434.771: log(exp-norms): [2047.94, 2050.25, 2052.85]
exp013-n2048-k10-d290-bs60-f1.000-r00:314434.772: log(norms):     [2047.94, 2051.04, 2055.54, 2055.59, 2055.58, 2055.62, 2055.59, 2055.72, 2055.62, 2055.72]
exp013-n2048-k10-d290-bs60-f1.000-r00:314434.822: (4263 sec)
exp013-n2048-k10-d290-bs60-f1.000-r00:314434.823: Loop 69/100
exp013-n2048-k10-d290-bs60-f1.000-r00:318469.044: log(exp-norms): [2047.94, 2050.25, 2052.85]
exp013-n2048-k10-d290-bs60-f1.000-r00:318469.045: log(norms):     [2047.94, 2051.04, 2055.54, 2055.59, 2055.58, 2055.62, 2055.59, 2055.72, 2055.62, 2055.72]
exp013-n2048-k10-d290-bs60-f1.000-r00:318469.098: (4035 sec)
exp013-n2048-k10-d290-bs60-f1.000-r00:318469.098: Loop 70/100
exp013-n2048-k10-d290-bs60-f1.000-r00:322738.984: log(exp-norms): [2047.94, 2050.25, 2052.85]
exp013-n2048-k10-d290-bs60-f1.000-r00:322738.985: log(norms):     [2047.94, 2051.04, 2055.54, 2055.59, 2055.58, 2055.62, 2055.59, 2055.72, 2055.62, 2055.72]
exp013-n2048-k10-d290-bs60-f1.000-r00:322739.036: (4270 sec)
exp013-n2048-k10-d290-bs60-f1.000-r00:322739.037: Loop 71/100
exp013-n2048-k10-d290-bs60-f1.000-r00:326924.218: log(exp-norms): [2047.94, 2050.25, 2052.85]
exp013-n2048-k10-d290-bs60-f1.000-r00:326924.219: log(norms):     [2047.94, 2051.04, 2055.54, 2055.59, 2055.58, 2055.62, 2055.59, 2055.72, 2055.62, 2056.03]
exp013-n2048-k10-d290-bs60-f1.000-r00:326924.270: (4186 sec)
exp013-n2048-k10-d290-bs60-f1.000-r00:326924.270: Loop 72/100
exp013-n2048-k10-d290-bs60-f1.000-r00:330966.061: log(exp-norms): [2047.94, 2050.25, 2052.85]
exp013-n2048-k10-d290-bs60-f1.000-r00:330966.062: log(norms):     [2047.94, 2051.04, 2055.54, 2055.59, 2055.58, 2055.62, 2055.59, 2055.72, 2055.62, 2056.03]
exp013-n2048-k10-d290-bs60-f1.000-r00:330966.094: (4042 sec)
exp013-n2048-k10-d290-bs60-f1.000-r00:330966.094: Loop 73/100
exp013-n2048-k10-d290-bs60-f1.000-r00:335277.632: log(exp-norms): [2047.94, 2050.25, 2052.85]
exp013-n2048-k10-d290-bs60-f1.000-r00:335277.633: log(norms):     [2047.94, 2051.04, 2055.54, 2055.59, 2055.58, 2055.62, 2055.59, 2055.72, 2055.84, 2055.68]
exp013-n2048-k10-d290-bs60-f1.000-r00:335277.685: (4312 sec)
exp013-n2048-k10-d290-bs60-f1.000-r00:335277.685: Loop 74/100
exp013-n2048-k10-d290-bs60-f1.000-r00:339510.746: log(exp-norms): [2047.94, 2050.25, 2052.85]
exp013-n2048-k10-d290-bs60-f1.000-r00:339510.747: log(norms):     [2047.94, 2051.04, 2055.54, 2055.59, 2055.64, 2055.58, 2055.59, 2055.72, 2055.62, 2055.96]
exp013-n2048-k10-d290-bs60-f1.000-r00:339510.798: (4234 sec)
exp013-n2048-k10-d290-bs60-f1.000-r00:339510.798: Loop 75/100
exp013-n2048-k10-d290-bs60-f1.000-r00:343802.265: log(exp-norms): [2047.94, 2050.25, 2052.85]
exp013-n2048-k10-d290-bs60-f1.000-r00:343802.266: log(norms):     [2047.94, 2051.04, 2055.54, 2055.59, 2055.64, 2055.57, 2055.58, 2055.59, 2055.72, 2055.68]
exp013-n2048-k10-d290-bs60-f1.000-r00:343802.317: (4292 sec)
exp013-n2048-k10-d290-bs60-f1.000-r00:343802.318: Loop 76/100
exp013-n2048-k10-d290-bs60-f1.000-r00:347764.458: log(exp-norms): [2047.94, 2050.25, 2052.85]
exp013-n2048-k10-d290-bs60-f1.000-r00:347764.460: log(norms):     [2047.94, 2051.04, 2055.54, 2055.59, 2055.64, 2055.57, 2055.58, 2055.78, 2055.76, 2055.59]
exp013-n2048-k10-d290-bs60-f1.000-r00:347764.512: (3963 sec)
exp013-n2048-k10-d290-bs60-f1.000-r00:347764.512: Loop 77/100
exp013-n2048-k10-d290-bs60-f1.000-r00:352105.586: log(exp-norms): [2047.94, 2050.25, 2052.85]
exp013-n2048-k10-d290-bs60-f1.000-r00:352105.587: log(norms):     [2047.94, 2051.04, 2055.54, 2055.59, 2055.64, 2055.57, 2055.58, 2055.83, 2055.65, 2055.83]
exp013-n2048-k10-d290-bs60-f1.000-r00:352105.638: (4342 sec)
exp013-n2048-k10-d290-bs60-f1.000-r00:352105.639: Loop 78/100
exp013-n2048-k10-d290-bs60-f1.000-r00:356240.381: log(exp-norms): [2047.94, 2050.25, 2052.85]
exp013-n2048-k10-d290-bs60-f1.000-r00:356240.382: log(norms):     [2047.94, 2051.04, 2055.54, 2055.59, 2055.64, 2055.57, 2055.65, 2055.83, 2055.83, 2055.62]
exp013-n2048-k10-d290-bs60-f1.000-r00:356240.432: (4135 sec)
exp013-n2048-k10-d290-bs60-f1.000-r00:356240.433: Loop 79/100
exp013-n2048-k10-d290-bs60-f1.000-r00:360744.641: log(exp-norms): [2047.94, 2050.25, 2052.85]
exp013-n2048-k10-d290-bs60-f1.000-r00:360744.642: log(norms):     [2047.94, 2051.04, 2055.54, 2055.59, 2055.64, 2055.57, 2055.71, 2055.65, 2055.83, 2055.83]
exp013-n2048-k10-d290-bs60-f1.000-r00:360744.692: (4505 sec)
exp013-n2048-k10-d290-bs60-f1.000-r00:360744.693: Loop 80/100
exp013-n2048-k10-d290-bs60-f1.000-r00:364919.241: log(exp-norms): [2047.94, 2050.25, 2052.85]
exp013-n2048-k10-d290-bs60-f1.000-r00:364919.242: log(norms):     [2047.94, 2051.04, 2055.54, 2055.59, 2055.64, 2055.57, 2055.71, 2055.65, 2055.83, 2055.89]
exp013-n2048-k10-d290-bs60-f1.000-r00:364919.292: (4175 sec)
exp013-n2048-k10-d290-bs60-f1.000-r00:364919.292: Loop 81/100
exp013-n2048-k10-d290-bs60-f1.000-r00:369059.673: log(exp-norms): [2047.94, 2050.25, 2052.85]
exp013-n2048-k10-d290-bs60-f1.000-r00:369059.674: log(norms):     [2047.94, 2051.04, 2055.54, 2055.59, 2055.64, 2055.57, 2055.71, 2055.65, 2055.86, 2055.89]
exp013-n2048-k10-d290-bs60-f1.000-r00:369059.725: (4141 sec)
exp013-n2048-k10-d290-bs60-f1.000-r00:369059.726: Loop 82/100
exp013-n2048-k10-d290-bs60-f1.000-r00:373077.840: log(exp-norms): [2047.94, 2050.25, 2052.85]
exp013-n2048-k10-d290-bs60-f1.000-r00:373077.841: log(norms):     [2047.94, 2051.04, 2055.54, 2055.59, 2055.64, 2055.57, 2055.72, 2055.71, 2055.65, 2055.88]
exp013-n2048-k10-d290-bs60-f1.000-r00:373077.891: (4019 sec)
exp013-n2048-k10-d290-bs60-f1.000-r00:373077.891: Loop 83/100
exp013-n2048-k10-d290-bs60-f1.000-r00:377078.247: log(exp-norms): [2047.94, 2050.25, 2052.85]
exp013-n2048-k10-d290-bs60-f1.000-r00:377078.249: log(norms):     [2047.94, 2051.04, 2055.54, 2055.59, 2055.64, 2055.57, 2055.72, 2055.71, 2055.75, 2055.65]
exp013-n2048-k10-d290-bs60-f1.000-r00:377078.307: (4001 sec)
exp013-n2048-k10-d290-bs60-f1.000-r00:377078.308: Loop 84/100
exp013-n2048-k10-d290-bs60-f1.000-r00:381063.514: log(exp-norms): [2047.94, 2050.25, 2052.85]
exp013-n2048-k10-d290-bs60-f1.000-r00:381063.515: log(norms):     [2047.94, 2051.04, 2055.54, 2055.59, 2055.64, 2055.57, 2055.72, 2055.71, 2055.65, 2055.83]
exp013-n2048-k10-d290-bs60-f1.000-r00:381063.565: (3986 sec)
exp013-n2048-k10-d290-bs60-f1.000-r00:381063.566: Loop 85/100
exp013-n2048-k10-d290-bs60-f1.000-r00:385066.760: log(exp-norms): [2047.94, 2050.25, 2052.85]
exp013-n2048-k10-d290-bs60-f1.000-r00:385066.762: log(norms):     [2047.94, 2051.04, 2055.54, 2055.6, 2055.57, 2055.59, 2055.64, 2055.72, 2055.71, 2055.66]
exp013-n2048-k10-d290-bs60-f1.000-r00:385066.821: (4004 sec)
exp013-n2048-k10-d290-bs60-f1.000-r00:385066.821: Loop 86/100
exp013-n2048-k10-d290-bs60-f1.000-r00:389119.013: log(exp-norms): [2047.94, 2050.25, 2052.85]
exp013-n2048-k10-d290-bs60-f1.000-r00:389119.014: log(norms):     [2047.94, 2051.04, 2055.54, 2055.6, 2055.57, 2055.59, 2055.64, 2055.72, 2055.78, 2055.71]
exp013-n2048-k10-d290-bs60-f1.000-r00:389119.065: (4053 sec)
exp013-n2048-k10-d290-bs60-f1.000-r00:389119.065: Loop 87/100
exp013-n2048-k10-d290-bs60-f1.000-r00:393143.751: log(exp-norms): [2047.94, 2050.25, 2052.85]
exp013-n2048-k10-d290-bs60-f1.000-r00:393143.753: log(norms):     [2047.94, 2051.04, 2055.54, 2055.6, 2055.57, 2055.68, 2055.59, 2055.64, 2055.72, 2055.78]
exp013-n2048-k10-d290-bs60-f1.000-r00:393143.804: (4025 sec)
exp013-n2048-k10-d290-bs60-f1.000-r00:393143.805: Loop 88/100
exp013-n2048-k10-d290-bs60-f1.000-r00:397079.119: log(exp-norms): [2047.94, 2050.25, 2052.85]
exp013-n2048-k10-d290-bs60-f1.000-r00:397079.120: log(norms):     [2047.94, 2051.04, 2055.54, 2055.6, 2055.57, 2055.68, 2055.59, 2055.64, 2055.77, 2055.72]
exp013-n2048-k10-d290-bs60-f1.000-r00:397079.170: (3936 sec)
exp013-n2048-k10-d290-bs60-f1.000-r00:397079.170: Loop 89/100
exp013-n2048-k10-d290-bs60-f1.000-r00:401081.274: log(exp-norms): [2047.94, 2050.25, 2052.85]
exp013-n2048-k10-d290-bs60-f1.000-r00:401081.276: log(norms):     [2047.94, 2051.04, 2055.54, 2055.6, 2055.57, 2055.68, 2055.59, 2055.64, 2055.77, 2055.72]
exp013-n2048-k10-d290-bs60-f1.000-r00:401081.325: (4003 sec)
exp013-n2048-k10-d290-bs60-f1.000-r00:401081.325: Loop 90/100
exp013-n2048-k10-d290-bs60-f1.000-r00:405120.403: log(exp-norms): [2047.94, 2050.25, 2052.85]
exp013-n2048-k10-d290-bs60-f1.000-r00:405120.404: log(norms):     [2047.94, 2051.04, 2055.54, 2055.6, 2055.57, 2055.68, 2055.59, 2055.64, 2055.77, 2055.72]
exp013-n2048-k10-d290-bs60-f1.000-r00:405120.461: (4040 sec)
exp013-n2048-k10-d290-bs60-f1.000-r00:405120.462: Loop 91/100
exp013-n2048-k10-d290-bs60-f1.000-r00:409108.715: log(exp-norms): [2047.94, 2050.25, 2052.85]
exp013-n2048-k10-d290-bs60-f1.000-r00:409108.716: log(norms):     [2047.94, 2051.04, 2055.54, 2055.6, 2055.57, 2055.57, 2055.68, 2055.84, 2055.77, 2055.59]
exp013-n2048-k10-d290-bs60-f1.000-r00:409108.747: (3989 sec)
exp013-n2048-k10-d290-bs60-f1.000-r00:409108.747: Loop 92/100
exp013-n2048-k10-d290-bs60-f1.000-r00:413093.040: log(exp-norms): [2047.94, 2050.25, 2052.85]
exp013-n2048-k10-d290-bs60-f1.000-r00:413093.042: log(norms):     [2047.94, 2051.04, 2055.54, 2055.6, 2055.57, 2055.57, 2055.68, 2055.84, 2055.71, 2055.82]
exp013-n2048-k10-d290-bs60-f1.000-r00:413093.101: (3985 sec)
exp013-n2048-k10-d290-bs60-f1.000-r00:413093.101: Loop 93/100
exp013-n2048-k10-d290-bs60-f1.000-r00:416998.295: log(exp-norms): [2047.94, 2050.25, 2052.85]
exp013-n2048-k10-d290-bs60-f1.000-r00:416998.296: log(norms):     [2047.94, 2051.04, 2055.54, 2055.6, 2055.57, 2055.57, 2055.68, 2055.8, 2055.84, 2055.85]
exp013-n2048-k10-d290-bs60-f1.000-r00:416998.346: (3906 sec)
exp013-n2048-k10-d290-bs60-f1.000-r00:416998.346: Loop 94/100
exp013-n2048-k10-d290-bs60-f1.000-r00:420958.606: log(exp-norms): [2047.94, 2050.25, 2052.85]
exp013-n2048-k10-d290-bs60-f1.000-r00:420958.607: log(norms):     [2047.94, 2051.04, 2055.54, 2055.6, 2055.57, 2055.57, 2055.74, 2055.67, 2055.68, 2055.8]
exp013-n2048-k10-d290-bs60-f1.000-r00:420958.638: (3961 sec)
exp013-n2048-k10-d290-bs60-f1.000-r00:420958.638: Loop 95/100
exp013-n2048-k10-d290-bs60-f1.000-r00:424831.680: log(exp-norms): [2047.94, 2050.25, 2052.85]
exp013-n2048-k10-d290-bs60-f1.000-r00:424831.682: log(norms):     [2047.94, 2051.04, 2055.54, 2055.6, 2055.57, 2055.57, 2055.74, 2055.67, 2055.68, 2055.8]
exp013-n2048-k10-d290-bs60-f1.000-r00:424831.732: (3874 sec)
exp013-n2048-k10-d290-bs60-f1.000-r00:424831.733: Loop 96/100
exp013-n2048-k10-d290-bs60-f1.000-r00:428927.782: log(exp-norms): [2047.94, 2050.25, 2052.85]
exp013-n2048-k10-d290-bs60-f1.000-r00:428927.783: log(norms):     [2047.94, 2051.04, 2055.54, 2055.6, 2055.57, 2055.57, 2055.74, 2055.67, 2055.68, 2055.8]
exp013-n2048-k10-d290-bs60-f1.000-r00:428927.834: (4097 sec)
exp013-n2048-k10-d290-bs60-f1.000-r00:428927.834: Loop 97/100
exp013-n2048-k10-d290-bs60-f1.000-r00:432639.070: log(exp-norms): [2047.94, 2050.25, 2052.85]
exp013-n2048-k10-d290-bs60-f1.000-r00:432639.071: log(norms):     [2047.94, 2051.04, 2055.54, 2055.6, 2055.57, 2055.57, 2055.74, 2055.67, 2055.68, 2055.8]
exp013-n2048-k10-d290-bs60-f1.000-r00:432639.102: (3712 sec)
exp013-n2048-k10-d290-bs60-f1.000-r00:432639.102: Loop 98/100
exp013-n2048-k10-d290-bs60-f1.000-r00:436408.494: log(exp-norms): [2047.94, 2050.25, 2052.85]
exp013-n2048-k10-d290-bs60-f1.000-r00:436408.495: log(norms):     [2047.94, 2051.04, 2055.54, 2055.6, 2055.57, 2055.57, 2055.74, 2055.67, 2055.68, 2055.8]
exp013-n2048-k10-d290-bs60-f1.000-r00:436408.544: (3770 sec)
exp013-n2048-k10-d290-bs60-f1.000-r00:436408.544: Loop 99/100
exp013-n2048-k10-d290-bs60-f1.000-r00:440226.764: log(exp-norms): [2047.94, 2050.25, 2052.85]
exp013-n2048-k10-d290-bs60-f1.000-r00:440226.765: log(norms):     [2047.94, 2051.04, 2055.54, 2055.6, 2055.57, 2055.57, 2055.74, 2055.67, 2055.68, 2055.8]
exp013-n2048-k10-d290-bs60-f1.000-r00:440226.813: (3819 sec)
exp013-n2048-k10-d290-bs60-f1.000-r00:440226.814: Loop 100/100
exp013-n2048-k10-d290-bs60-f1.000-r00:444118.740: log(exp-norms): [2047.94, 2050.25, 2052.85]
exp013-n2048-k10-d290-bs60-f1.000-r00:444118.741: log(norms):     [2047.94, 2051.04, 2055.54, 2055.6, 2055.57, 2055.57, 2055.74, 2055.67, 2055.68, 2055.8]
exp013-n2048-k10-d290-bs60-f1.000-r00:444118.773: (3892 sec)
exp013-n2048-k10-d290-bs60-f1.000-r00:444118.774: ==========================Summary===========================
exp013-n2048-k10-d290-bs60-f1.000-r00:444118.774: Total time: 444119sec
exp013-n2048-k10-d290-bs60-f1.000-r00:444118.774: FAIL
exp013-n2048-k10-d290-bs60-f1.000-r00:444118.774: SUMMARY:n:2048:k:10:d:290:bs:60:t:444119:r:False
