exp048-n2048-k09-d350-bs70-f1.000-r00:000000.343: ==========================Instance==========================
exp048-n2048-k09-d350-bs70-f1.000-r00:000000.343: # of equations: 350
exp048-n2048-k09-d350-bs70-f1.000-r00:000000.349: Gap: 7.05
exp048-n2048-k09-d350-bs70-f1.000-r00:000000.360: Tau: 10.94
exp048-n2048-k09-d350-bs70-f1.000-r00:000000.361: ======================BKZ-70 reduction======================
exp048-n2048-k09-d350-bs70-f1.000-r00:000017.611: Expectedly achievable log(norm): 2056.49
exp048-n2048-k09-d350-bs70-f1.000-r00:000037.229: log(exp-norms): [2047.94, 2050.38, 2053.2]
exp048-n2048-k09-d350-bs70-f1.000-r00:000037.230: log(norms):     [2060.38, 2051.17, 2056.89, 2056.89, 2056.89, 2056.89, 2056.89, 2056.89, 2056.89, 2056.89]
exp048-n2048-k09-d350-bs70-f1.000-r00:000037.349: Loop 1/100
exp048-n2048-k09-d350-bs70-f1.000-r00:117130.505: log(exp-norms): [2047.94, 2050.38, 2053.2]
exp048-n2048-k09-d350-bs70-f1.000-r00:117130.507: log(norms):     [2051.17, 2056.89, 2056.89, 2056.89, 2056.89, 2056.89, 2056.89, 2056.89, 2056.89, 2056.89]
exp048-n2048-k09-d350-bs70-f1.000-r00:117130.569: (117094 sec)
exp048-n2048-k09-d350-bs70-f1.000-r00:117130.570: Loop 2/100
exp048-n2048-k09-d350-bs70-f1.000-r00:217638.886: log(exp-norms): [2047.94, 2050.38, 2053.2]
exp048-n2048-k09-d350-bs70-f1.000-r00:217638.888: log(norms):     [2051.17, 2056.89, 2056.89, 2056.89, 2056.89, 2056.89, 2056.89, 2056.89, 2056.89, 2056.89]
exp048-n2048-k09-d350-bs70-f1.000-r00:217638.950: (100509 sec)
exp048-n2048-k09-d350-bs70-f1.000-r00:217638.950: Loop 3/100
exp048-n2048-k09-d350-bs70-f1.000-r00:307120.280: log(exp-norms): [2047.94, 2050.38, 2053.2]
exp048-n2048-k09-d350-bs70-f1.000-r00:307120.282: log(norms):     [2051.17, 2056.89, 2056.89, 2056.89, 2056.89, 2056.89, 2056.89, 2056.89, 2056.89, 2056.89]
exp048-n2048-k09-d350-bs70-f1.000-r00:307120.322: (89482 sec)
exp048-n2048-k09-d350-bs70-f1.000-r00:307120.323: Loop 4/100
exp048-n2048-k09-d350-bs70-f1.000-r00:395327.794: log(exp-norms): [2047.94, 2050.38, 2053.2]
exp048-n2048-k09-d350-bs70-f1.000-r00:395327.797: log(norms):     [2051.17, 2056.89, 2056.89, 2056.89, 2056.89, 2056.89, 2056.89, 2056.89, 2056.89, 2056.89]
exp048-n2048-k09-d350-bs70-f1.000-r00:395327.835: (88208 sec)
exp048-n2048-k09-d350-bs70-f1.000-r00:395327.835: Loop 5/100
exp048-n2048-k09-d350-bs70-f1.000-r00:482124.576: log(exp-norms): [2047.94, 2050.38, 2053.2]
exp048-n2048-k09-d350-bs70-f1.000-r00:482124.577: log(norms):     [2051.17, 2056.89, 2056.89, 2056.89, 2056.89, 2056.89, 2056.89, 2056.89, 2056.89, 2056.89]
exp048-n2048-k09-d350-bs70-f1.000-r00:482124.615: (86797 sec)
exp048-n2048-k09-d350-bs70-f1.000-r00:482124.616: Loop 6/100
exp048-n2048-k09-d350-bs70-f1.000-r00:560012.161: log(exp-norms): [2047.94, 2050.38, 2053.2]
exp048-n2048-k09-d350-bs70-f1.000-r00:560012.163: log(norms):     [2051.17, 2056.89, 2056.89, 2056.89, 2056.89, 2056.89, 2056.89, 2056.89, 2056.89, 2056.89]
exp048-n2048-k09-d350-bs70-f1.000-r00:560012.222: (77888 sec)
exp048-n2048-k09-d350-bs70-f1.000-r00:560012.222: Loop 7/100
exp048-n2048-k09-d350-bs70-f1.000-r00:629794.882: log(exp-norms): [2047.94, 2050.38, 2053.2]
exp048-n2048-k09-d350-bs70-f1.000-r00:629794.883: log(norms):     [2047.94, 2051.17, 2056.89, 2056.89, 2056.89, 2056.89, 2056.89, 2056.89, 2056.89, 2056.89]
exp048-n2048-k09-d350-bs70-f1.000-r00:629794.919: (69783 sec)
exp048-n2048-k09-d350-bs70-f1.000-r00:629794.920: Loop 8/100
exp048-n2048-k09-d350-bs70-f1.000-r00:690160.202: log(exp-norms): [2047.94, 2050.38, 2053.2]
exp048-n2048-k09-d350-bs70-f1.000-r00:690160.203: log(norms):     [2047.94, 2051.17, 2056.89, 2056.89, 2056.89, 2056.89, 2056.89, 2056.89, 2056.89, 2056.89]
exp048-n2048-k09-d350-bs70-f1.000-r00:690160.239: (60366 sec)
exp048-n2048-k09-d350-bs70-f1.000-r00:690160.239: Loop 9/100
exp048-n2048-k09-d350-bs70-f1.000-r00:749948.717: log(exp-norms): [2047.94, 2050.38, 2053.2]
exp048-n2048-k09-d350-bs70-f1.000-r00:749948.718: log(norms):     [2047.94, 2051.17, 2056.89, 2056.89, 2056.89, 2056.89, 2056.89, 2056.89, 2056.89, 2056.89]
exp048-n2048-k09-d350-bs70-f1.000-r00:749948.753: (59789 sec)
exp048-n2048-k09-d350-bs70-f1.000-r00:749948.754: Loop 10/100
exp048-n2048-k09-d350-bs70-f1.000-r00:806030.943: log(exp-norms): [2047.94, 2050.38, 2053.2]
exp048-n2048-k09-d350-bs70-f1.000-r00:806030.944: log(norms):     [2047.94, 2051.17, 2056.89, 2056.89, 2056.89, 2056.89, 2056.89, 2056.89, 2057.24, 2056.89]
exp048-n2048-k09-d350-bs70-f1.000-r00:806030.980: (56083 sec)
exp048-n2048-k09-d350-bs70-f1.000-r00:806030.980: Loop 11/100
exp048-n2048-k09-d350-bs70-f1.000-r00:862286.099: log(exp-norms): [2047.94, 2050.38, 2053.2]
exp048-n2048-k09-d350-bs70-f1.000-r00:862286.100: log(norms):     [2047.94, 2051.17, 2056.89, 2056.89, 2056.89, 2057.01, 2056.89, 2057.11, 2056.89, 2057.13]
exp048-n2048-k09-d350-bs70-f1.000-r00:862286.136: (56256 sec)
exp048-n2048-k09-d350-bs70-f1.000-r00:862286.136: Loop 12/100
exp048-n2048-k09-d350-bs70-f1.000-r00:921006.736: log(exp-norms): [2047.94, 2050.38, 2053.2]
exp048-n2048-k09-d350-bs70-f1.000-r00:921006.737: log(norms):     [2047.94, 2051.17, 2056.8, 2056.89, 2056.89, 2056.93, 2056.89, 2057.05, 2057.11, 2057.14]
exp048-n2048-k09-d350-bs70-f1.000-r00:921006.772: (58721 sec)
exp048-n2048-k09-d350-bs70-f1.000-r00:921006.773: Loop 13/100
exp048-n2048-k09-d350-bs70-f1.000-r00:982211.983: log(exp-norms): [2047.94, 2050.38, 2053.2]
exp048-n2048-k09-d350-bs70-f1.000-r00:982211.984: log(norms):     [2047.94, 2051.17, 2056.8, 2056.87, 2056.89, 2056.95, 2056.96, 2056.88, 2056.74, 2057.07]
exp048-n2048-k09-d350-bs70-f1.000-r00:982212.019: (61206 sec)
exp048-n2048-k09-d350-bs70-f1.000-r00:982212.020: Loop 14/100
exp048-n2048-k09-d350-bs70-f1.000-r00:1039006.339: log(exp-norms): [2047.94, 2050.38, 2053.2]
exp048-n2048-k09-d350-bs70-f1.000-r00:1039006.340: log(norms):     [2047.94, 2051.17, 2056.74, 2056.81, 2056.78, 2056.9, 2056.91, 2056.92, 2056.83, 2057.08]
exp048-n2048-k09-d350-bs70-f1.000-r00:1039006.375: (56795 sec)
exp048-n2048-k09-d350-bs70-f1.000-r00:1039006.375: Loop 15/100
exp048-n2048-k09-d350-bs70-f1.000-r00:1097801.036: log(exp-norms): [2047.94, 2050.38, 2053.2]
exp048-n2048-k09-d350-bs70-f1.000-r00:1097801.037: log(norms):     [2047.94, 2051.17, 2056.7, 2056.74, 2056.78, 2056.88, 2056.83, 2056.85, 2057.01, 2056.98]
exp048-n2048-k09-d350-bs70-f1.000-r00:1097801.073: (58795 sec)
exp048-n2048-k09-d350-bs70-f1.000-r00:1097801.073: Loop 16/100
exp048-n2048-k09-d350-bs70-f1.000-r00:1154776.538: log(exp-norms): [2047.94, 2050.38, 2053.2]
exp048-n2048-k09-d350-bs70-f1.000-r00:1154776.539: log(norms):     [2047.94, 2051.17, 2056.7, 2056.72, 2056.77, 2056.73, 2056.83, 2056.89, 2056.98, 2056.73]
exp048-n2048-k09-d350-bs70-f1.000-r00:1154776.575: (56976 sec)
exp048-n2048-k09-d350-bs70-f1.000-r00:1154776.575: Loop 17/100
exp048-n2048-k09-d350-bs70-f1.000-r00:1209947.853: log(exp-norms): [2047.94, 2050.38, 2053.2]
exp048-n2048-k09-d350-bs70-f1.000-r00:1209947.854: log(norms):     [2047.94, 2051.17, 2056.7, 2056.72, 2056.71, 2056.77, 2056.77, 2056.77, 2056.9, 2056.89]
exp048-n2048-k09-d350-bs70-f1.000-r00:1209947.889: (55172 sec)
exp048-n2048-k09-d350-bs70-f1.000-r00:1209947.889: Loop 18/100
exp048-n2048-k09-d350-bs70-f1.000-r00:1268419.246: log(exp-norms): [2047.94, 2050.38, 2053.2]
exp048-n2048-k09-d350-bs70-f1.000-r00:1268419.248: log(norms):     [2047.94, 2051.17, 2056.63, 2056.69, 2056.73, 2056.6, 2056.73, 2056.85, 2056.93, 2056.78]
exp048-n2048-k09-d350-bs70-f1.000-r00:1268419.283: (58472 sec)
exp048-n2048-k09-d350-bs70-f1.000-r00:1268419.283: Loop 19/100
exp048-n2048-k09-d350-bs70-f1.000-r00:1324158.182: log(exp-norms): [2047.94, 2050.38, 2053.2]
exp048-n2048-k09-d350-bs70-f1.000-r00:1324158.183: log(norms):     [2047.94, 2051.17, 2056.6, 2056.77, 2056.63, 2056.71, 2056.76, 2056.81, 2056.78, 2056.88]
exp048-n2048-k09-d350-bs70-f1.000-r00:1324158.219: (55739 sec)
exp048-n2048-k09-d350-bs70-f1.000-r00:1324158.219: Loop 20/100
exp048-n2048-k09-d350-bs70-f1.000-r00:1381530.638: log(exp-norms): [2047.94, 2050.38, 2053.2]
exp048-n2048-k09-d350-bs70-f1.000-r00:1381530.639: log(norms):     [2047.94, 2051.17, 2056.56, 2056.6, 2056.7, 2056.72, 2056.8, 2056.81, 2056.82, 2056.86]
exp048-n2048-k09-d350-bs70-f1.000-r00:1381530.674: (57373 sec)
exp048-n2048-k09-d350-bs70-f1.000-r00:1381530.674: Loop 21/100
exp048-n2048-k09-d350-bs70-f1.000-r00:1438827.942: log(exp-norms): [2047.94, 2050.38, 2053.2]
exp048-n2048-k09-d350-bs70-f1.000-r00:1438827.943: log(norms):     [2047.94, 2051.17, 2056.56, 2056.58, 2056.6, 2056.7, 2056.72, 2056.79, 2056.86, 2056.78]
exp048-n2048-k09-d350-bs70-f1.000-r00:1438827.978: (57298 sec)
exp048-n2048-k09-d350-bs70-f1.000-r00:1438827.979: Loop 22/100
exp048-n2048-k09-d350-bs70-f1.000-r00:1497010.201: log(exp-norms): [2047.94, 2050.38, 2053.2]
exp048-n2048-k09-d350-bs70-f1.000-r00:1497010.202: log(norms):     [2047.94, 2051.17, 2056.56, 2056.58, 2056.69, 2056.57, 2056.76, 2056.71, 2056.85, 2056.87]
exp048-n2048-k09-d350-bs70-f1.000-r00:1497010.238: (58183 sec)
exp048-n2048-k09-d350-bs70-f1.000-r00:1497010.238: Loop 23/100
exp048-n2048-k09-d350-bs70-f1.000-r00:1553232.540: log(exp-norms): [2047.94, 2050.38, 2053.2]
exp048-n2048-k09-d350-bs70-f1.000-r00:1553232.541: log(norms):     [2047.94, 2051.17, 2056.53, 2056.56, 2056.56, 2056.58, 2056.69, 2056.57, 2056.75, 2056.81]
exp048-n2048-k09-d350-bs70-f1.000-r00:1553232.576: (56223 sec)
exp048-n2048-k09-d350-bs70-f1.000-r00:1553232.577: Loop 24/100
exp048-n2048-k09-d350-bs70-f1.000-r00:1610679.839: log(exp-norms): [2047.94, 2050.38, 2053.2]
exp048-n2048-k09-d350-bs70-f1.000-r00:1610679.841: log(norms):     [2047.94, 2051.17, 2056.53, 2056.56, 2056.56, 2056.69, 2056.58, 2056.58, 2056.69, 2056.73]
exp048-n2048-k09-d350-bs70-f1.000-r00:1610679.876: (57448 sec)
exp048-n2048-k09-d350-bs70-f1.000-r00:1610679.876: Loop 25/100
