exp035-n2048-k10-d270-bs70-f1.000-r00:000000.298: ==========================Instance==========================
exp035-n2048-k10-d270-bs70-f1.000-r00:000000.299: # of equations: 270
exp035-n2048-k10-d270-bs70-f1.000-r00:000000.303: Gap: 4.23
exp035-n2048-k10-d270-bs70-f1.000-r00:000000.313: Tau: 4.49
exp035-n2048-k10-d270-bs70-f1.000-r00:000000.313: ======================BKZ-70 reduction======================
exp035-n2048-k10-d270-bs70-f1.000-r00:000010.541: Expectedly achievable log(norm): 2054.51
exp035-n2048-k10-d270-bs70-f1.000-r00:000021.002: log(exp-norms): [2047.94, 2050.2, 2052.28]
exp035-n2048-k10-d270-bs70-f1.000-r00:000021.003: log(norms):     [2061.17, 2050.99, 2057.89, 2057.89, 2057.89, 2057.89, 2057.89, 2057.89, 2057.89, 2057.89]
exp035-n2048-k10-d270-bs70-f1.000-r00:000021.105: Loop 1/100
exp035-n2048-k10-d270-bs70-f1.000-r00:060421.898: log(exp-norms): [2047.94, 2050.2, 2052.28]
exp035-n2048-k10-d270-bs70-f1.000-r00:060421.900: log(norms):     [2050.99, 2057.57, 2057.57, 2057.6, 2057.67, 2057.74, 2057.69, 2057.82, 2057.65, 2057.66]
exp035-n2048-k10-d270-bs70-f1.000-r00:060421.949: (60401 sec)
exp035-n2048-k10-d270-bs70-f1.000-r00:060421.950: Loop 2/100
exp035-n2048-k10-d270-bs70-f1.000-r00:108133.681: log(exp-norms): [2047.94, 2050.2, 2052.28]
exp035-n2048-k10-d270-bs70-f1.000-r00:108133.684: log(norms):     [2050.99, 2056.74, 2056.91, 2056.99, 2057.02, 2056.95, 2056.95, 2056.99, 2057.03, 2057.04]
exp035-n2048-k10-d270-bs70-f1.000-r00:108133.732: (47712 sec)
exp035-n2048-k10-d270-bs70-f1.000-r00:108133.733: Loop 3/100
exp035-n2048-k10-d270-bs70-f1.000-r00:154842.559: log(exp-norms): [2047.94, 2050.2, 2052.28]
exp035-n2048-k10-d270-bs70-f1.000-r00:154842.561: log(norms):     [2050.99, 2056.39, 2056.43, 2056.42, 2056.4, 2056.58, 2056.32, 2056.68, 2056.44, 2056.41]
exp035-n2048-k10-d270-bs70-f1.000-r00:154842.609: (46709 sec)
exp035-n2048-k10-d270-bs70-f1.000-r00:154842.609: Loop 4/100
exp035-n2048-k10-d270-bs70-f1.000-r00:196594.451: log(exp-norms): [2047.94, 2050.2, 2052.28]
exp035-n2048-k10-d270-bs70-f1.000-r00:196594.453: log(norms):     [2047.94, 2050.99, 2055.91, 2056.03, 2055.98, 2055.96, 2055.94, 2056.17, 2055.99, 2056.04]
exp035-n2048-k10-d270-bs70-f1.000-r00:196594.500: (41752 sec)
exp035-n2048-k10-d270-bs70-f1.000-r00:196594.501: Loop 5/100
exp035-n2048-k10-d270-bs70-f1.000-r00:237513.397: log(exp-norms): [2047.94, 2050.2, 2052.28]
exp035-n2048-k10-d270-bs70-f1.000-r00:237513.399: log(norms):     [2047.94, 2050.99, 2055.47, 2055.54, 2055.57, 2055.67, 2055.66, 2055.7, 2055.67, 2055.65]
exp035-n2048-k10-d270-bs70-f1.000-r00:237513.448: (40919 sec)
exp035-n2048-k10-d270-bs70-f1.000-r00:237513.448: Loop 6/100
exp035-n2048-k10-d270-bs70-f1.000-r00:278288.440: log(exp-norms): [2047.94, 2050.2, 2052.28]
exp035-n2048-k10-d270-bs70-f1.000-r00:278288.442: log(norms):     [2047.94, 2050.99, 2055.28, 2055.29, 2055.28, 2055.33, 2055.35, 2055.3, 2055.53, 2055.48]
exp035-n2048-k10-d270-bs70-f1.000-r00:278288.489: (40776 sec)
exp035-n2048-k10-d270-bs70-f1.000-r00:278288.489: Loop 7/100
exp035-n2048-k10-d270-bs70-f1.000-r00:319279.919: log(exp-norms): [2047.94, 2050.2, 2052.28]
exp035-n2048-k10-d270-bs70-f1.000-r00:319279.921: log(norms):     [2047.94, 2050.99, 2055.09, 2055.09, 2055.09, 2055.09, 2055.17, 2055.19, 2055.16, 2055.26]
exp035-n2048-k10-d270-bs70-f1.000-r00:319279.970: (40992 sec)
exp035-n2048-k10-d270-bs70-f1.000-r00:319279.970: Loop 8/100
exp035-n2048-k10-d270-bs70-f1.000-r00:359017.425: log(exp-norms): [2047.94, 2050.2, 2052.28]
exp035-n2048-k10-d270-bs70-f1.000-r00:359017.427: log(norms):     [2047.94, 2050.99, 2054.84, 2054.91, 2054.97, 2054.95, 2054.93, 2055.04, 2055.11, 2054.98]
exp035-n2048-k10-d270-bs70-f1.000-r00:359017.475: (39738 sec)
exp035-n2048-k10-d270-bs70-f1.000-r00:359017.476: Loop 9/100
exp035-n2048-k10-d270-bs70-f1.000-r00:400465.240: log(exp-norms): [2047.94, 2050.2, 2052.28]
exp035-n2048-k10-d270-bs70-f1.000-r00:400465.242: log(norms):     [2047.94, 2050.99, 2054.81, 2054.86, 2054.78, 2055.02, 2054.89, 2054.79, 2054.92, 2054.99]
exp035-n2048-k10-d270-bs70-f1.000-r00:400465.290: (41448 sec)
exp035-n2048-k10-d270-bs70-f1.000-r00:400465.291: Loop 10/100
exp035-n2048-k10-d270-bs70-f1.000-r00:440286.178: log(exp-norms): [2047.94, 2050.2, 2052.28]
exp035-n2048-k10-d270-bs70-f1.000-r00:440286.179: log(norms):     [2047.94, 2050.99, 2054.69, 2054.7, 2054.9, 2054.87, 2054.93, 2054.94, 2054.81, 2054.9]
exp035-n2048-k10-d270-bs70-f1.000-r00:440286.209: (39821 sec)
exp035-n2048-k10-d270-bs70-f1.000-r00:440286.209: Loop 11/100
exp035-n2048-k10-d270-bs70-f1.000-r00:478483.828: log(exp-norms): [2047.94, 2050.2, 2052.28]
exp035-n2048-k10-d270-bs70-f1.000-r00:478483.830: log(norms):     [2047.94, 2050.99, 2054.69, 2054.77, 2054.69, 2054.78, 2054.85, 2054.86, 2054.88, 2055.02]
exp035-n2048-k10-d270-bs70-f1.000-r00:478483.877: (38198 sec)
exp035-n2048-k10-d270-bs70-f1.000-r00:478483.878: Loop 12/100
exp035-n2048-k10-d270-bs70-f1.000-r00:513122.813: log(exp-norms): [2047.94, 2050.2, 2052.28]
exp035-n2048-k10-d270-bs70-f1.000-r00:513122.815: log(norms):     [2047.94, 2050.99, 2054.44, 2054.58, 2054.57, 2054.62, 2054.74, 2054.75, 2054.59, 2054.86]
exp035-n2048-k10-d270-bs70-f1.000-r00:513122.860: (34639 sec)
exp035-n2048-k10-d270-bs70-f1.000-r00:513122.861: Loop 13/100
exp035-n2048-k10-d270-bs70-f1.000-r00:545724.260: log(exp-norms): [2047.94, 2050.2, 2052.28]
exp035-n2048-k10-d270-bs70-f1.000-r00:545724.261: log(norms):     [2047.94, 2050.99, 2054.44, 2054.58, 2054.57, 2054.64, 2054.65, 2054.77, 2054.73, 2054.85]
exp035-n2048-k10-d270-bs70-f1.000-r00:545724.308: (32602 sec)
exp035-n2048-k10-d270-bs70-f1.000-r00:545724.308: Loop 14/100
exp035-n2048-k10-d270-bs70-f1.000-r00:577835.752: log(exp-norms): [2047.94, 2050.2, 2052.28]
exp035-n2048-k10-d270-bs70-f1.000-r00:577835.753: log(norms):     [2047.94, 2050.99, 2054.44, 2054.58, 2054.57, 2054.64, 2054.65, 2054.77, 2054.73, 2054.77]
exp035-n2048-k10-d270-bs70-f1.000-r00:577835.782: (32112 sec)
exp035-n2048-k10-d270-bs70-f1.000-r00:577835.782: Loop 15/100
exp035-n2048-k10-d270-bs70-f1.000-r00:611361.837: log(exp-norms): [2047.94, 2050.2, 2052.28]
exp035-n2048-k10-d270-bs70-f1.000-r00:611361.838: log(norms):     [2047.94, 2050.99, 2054.44, 2054.58, 2054.57, 2054.68, 2054.73, 2054.69, 2054.73, 2054.6]
exp035-n2048-k10-d270-bs70-f1.000-r00:611361.867: (33527 sec)
exp035-n2048-k10-d270-bs70-f1.000-r00:611361.867: Loop 16/100
exp035-n2048-k10-d270-bs70-f1.000-r00:639883.124: log(exp-norms): [2047.94, 2050.2, 2052.28]
exp035-n2048-k10-d270-bs70-f1.000-r00:639883.125: log(norms):     [2047.94, 2050.99, 2054.44, 2054.58, 2054.57, 2054.7, 2054.67, 2054.62, 2054.72, 2054.62]
exp035-n2048-k10-d270-bs70-f1.000-r00:639883.170: (28522 sec)
exp035-n2048-k10-d270-bs70-f1.000-r00:639883.171: Loop 17/100
exp035-n2048-k10-d270-bs70-f1.000-r00:667102.547: log(exp-norms): [2047.94, 2050.2, 2052.28]
exp035-n2048-k10-d270-bs70-f1.000-r00:667102.548: log(norms):     [2047.94, 2050.99, 2054.44, 2054.58, 2054.62, 2054.57, 2054.69, 2054.66, 2054.73, 2054.89]
exp035-n2048-k10-d270-bs70-f1.000-r00:667102.575: (27220 sec)
exp035-n2048-k10-d270-bs70-f1.000-r00:667102.575: Loop 18/100
exp035-n2048-k10-d270-bs70-f1.000-r00:694497.067: log(exp-norms): [2047.94, 2050.2, 2052.28]
exp035-n2048-k10-d270-bs70-f1.000-r00:694497.068: log(norms):     [2047.94, 2050.99, 2054.44, 2054.46, 2054.58, 2054.62, 2054.85, 2054.57, 2054.69, 2054.73]
exp035-n2048-k10-d270-bs70-f1.000-r00:694497.113: (27395 sec)
exp035-n2048-k10-d270-bs70-f1.000-r00:694497.114: Loop 19/100
exp035-n2048-k10-d270-bs70-f1.000-r00:720698.512: log(exp-norms): [2047.94, 2050.2, 2052.28]
exp035-n2048-k10-d270-bs70-f1.000-r00:720698.514: log(norms):     [2047.94, 2050.99, 2054.44, 2054.46, 2054.62, 2054.63, 2054.66, 2054.76, 2054.66, 2054.58]
exp035-n2048-k10-d270-bs70-f1.000-r00:720698.544: (26202 sec)
exp035-n2048-k10-d270-bs70-f1.000-r00:720698.544: Loop 20/100
exp035-n2048-k10-d270-bs70-f1.000-r00:746575.531: log(exp-norms): [2047.94, 2050.2, 2052.28]
exp035-n2048-k10-d270-bs70-f1.000-r00:746575.531: log(norms):     [2047.94, 2050.99, 2054.44, 2054.46, 2054.62, 2054.65, 2054.7, 2054.65, 2054.63, 2054.65]
exp035-n2048-k10-d270-bs70-f1.000-r00:746575.559: (25878 sec)
exp035-n2048-k10-d270-bs70-f1.000-r00:746575.559: Loop 21/100
exp035-n2048-k10-d270-bs70-f1.000-r00:773145.284: log(exp-norms): [2047.94, 2050.2, 2052.28]
exp035-n2048-k10-d270-bs70-f1.000-r00:773145.285: log(norms):     [2047.94, 2050.99, 2054.44, 2054.46, 2054.62, 2054.65, 2054.7, 2054.65, 2054.63, 2054.65]
exp035-n2048-k10-d270-bs70-f1.000-r00:773145.313: (26570 sec)
exp035-n2048-k10-d270-bs70-f1.000-r00:773145.314: Loop 22/100
exp035-n2048-k10-d270-bs70-f1.000-r00:798664.854: log(exp-norms): [2047.94, 2050.2, 2052.28]
exp035-n2048-k10-d270-bs70-f1.000-r00:798664.855: log(norms):     [2047.94, 2050.99, 2054.44, 2054.46, 2054.62, 2054.65, 2054.66, 2054.7, 2054.68, 2054.65]
exp035-n2048-k10-d270-bs70-f1.000-r00:798664.883: (25520 sec)
exp035-n2048-k10-d270-bs70-f1.000-r00:798664.883: Loop 23/100
exp035-n2048-k10-d270-bs70-f1.000-r00:823834.050: log(exp-norms): [2047.94, 2050.2, 2052.28]
exp035-n2048-k10-d270-bs70-f1.000-r00:823834.051: log(norms):     [2047.94, 2050.99, 2054.44, 2054.46, 2054.62, 2054.65, 2054.66, 2054.7, 2054.75, 2054.68]
exp035-n2048-k10-d270-bs70-f1.000-r00:823834.078: (25170 sec)
exp035-n2048-k10-d270-bs70-f1.000-r00:823834.079: Loop 24/100
exp035-n2048-k10-d270-bs70-f1.000-r00:852342.388: log(exp-norms): [2047.94, 2050.2, 2052.28]
exp035-n2048-k10-d270-bs70-f1.000-r00:852342.389: log(norms):     [2047.94, 2050.99, 2054.44, 2054.46, 2054.62, 2054.65, 2054.66, 2054.7, 2054.75, 2054.79]
exp035-n2048-k10-d270-bs70-f1.000-r00:852342.416: (28509 sec)
exp035-n2048-k10-d270-bs70-f1.000-r00:852342.417: Loop 25/100
exp035-n2048-k10-d270-bs70-f1.000-r00:882098.736: log(exp-norms): [2047.94, 2050.2, 2052.28]
exp035-n2048-k10-d270-bs70-f1.000-r00:882098.737: log(norms):     [2047.94, 2050.99, 2054.44, 2054.46, 2054.5, 2054.62, 2054.65, 2054.66, 2054.61, 2054.55]
exp035-n2048-k10-d270-bs70-f1.000-r00:882098.782: (29757 sec)
exp035-n2048-k10-d270-bs70-f1.000-r00:882098.783: Loop 26/100
exp035-n2048-k10-d270-bs70-f1.000-r00:909879.197: log(exp-norms): [2047.94, 2050.2, 2052.28]
exp035-n2048-k10-d270-bs70-f1.000-r00:909879.199: log(norms):     [2047.94, 2050.99, 2054.44, 2054.46, 2054.5, 2054.62, 2054.76, 2054.65, 2054.74, 2054.55]
exp035-n2048-k10-d270-bs70-f1.000-r00:909879.244: (27781 sec)
exp035-n2048-k10-d270-bs70-f1.000-r00:909879.245: Loop 27/100
exp035-n2048-k10-d270-bs70-f1.000-r00:935130.115: log(exp-norms): [2047.94, 2050.2, 2052.28]
exp035-n2048-k10-d270-bs70-f1.000-r00:935130.115: log(norms):     [2047.94, 2050.99, 2054.44, 2054.46, 2054.5, 2054.62, 2054.76, 2054.55, 2054.66, 2054.65]
exp035-n2048-k10-d270-bs70-f1.000-r00:935130.143: (25251 sec)
exp035-n2048-k10-d270-bs70-f1.000-r00:935130.143: Loop 28/100
exp035-n2048-k10-d270-bs70-f1.000-r00:960631.026: log(exp-norms): [2047.94, 2050.2, 2052.28]
exp035-n2048-k10-d270-bs70-f1.000-r00:960631.027: log(norms):     [2047.94, 2050.99, 2054.44, 2054.46, 2054.5, 2054.6, 2054.72, 2054.74, 2054.71, 2054.74]
exp035-n2048-k10-d270-bs70-f1.000-r00:960631.073: (25501 sec)
exp035-n2048-k10-d270-bs70-f1.000-r00:960631.073: Loop 29/100
exp035-n2048-k10-d270-bs70-f1.000-r00:990865.599: log(exp-norms): [2047.94, 2050.2, 2052.28]
exp035-n2048-k10-d270-bs70-f1.000-r00:990865.600: log(norms):     [2047.94, 2050.99, 2054.44, 2054.46, 2054.5, 2054.6, 2054.72, 2054.74, 2054.71, 2054.74]
exp035-n2048-k10-d270-bs70-f1.000-r00:990865.631: (30235 sec)
exp035-n2048-k10-d270-bs70-f1.000-r00:990865.631: Loop 30/100
exp035-n2048-k10-d270-bs70-f1.000-r00:1023457.398: log(exp-norms): [2047.94, 2050.2, 2052.28]
exp035-n2048-k10-d270-bs70-f1.000-r00:1023457.400: log(norms):     [2047.94, 2050.99, 2054.44, 2054.46, 2054.5, 2054.6, 2054.72, 2054.74, 2054.61, 2054.79]
exp035-n2048-k10-d270-bs70-f1.000-r00:1023457.444: (32592 sec)
exp035-n2048-k10-d270-bs70-f1.000-r00:1023457.445: Loop 31/100
exp035-n2048-k10-d270-bs70-f1.000-r00:1051337.856: log(exp-norms): [2047.94, 2050.2, 2052.28]
exp035-n2048-k10-d270-bs70-f1.000-r00:1051337.856: log(norms):     [2047.94, 2050.99, 2054.44, 2054.46, 2054.5, 2054.6, 2054.72, 2054.74, 2054.61, 2054.79]
exp035-n2048-k10-d270-bs70-f1.000-r00:1051337.883: (27881 sec)
exp035-n2048-k10-d270-bs70-f1.000-r00:1051337.884: Loop 32/100
exp035-n2048-k10-d270-bs70-f1.000-r00:1079578.631: log(exp-norms): [2047.94, 2050.2, 2052.28]
exp035-n2048-k10-d270-bs70-f1.000-r00:1079578.632: log(norms):     [2047.94, 2050.99, 2054.44, 2054.46, 2054.5, 2054.57, 2054.54, 2054.71, 2054.61, 2054.72]
exp035-n2048-k10-d270-bs70-f1.000-r00:1079578.660: (28241 sec)
exp035-n2048-k10-d270-bs70-f1.000-r00:1079578.660: Loop 33/100
exp035-n2048-k10-d270-bs70-f1.000-r00:1104721.835: log(exp-norms): [2047.94, 2050.2, 2052.28]
exp035-n2048-k10-d270-bs70-f1.000-r00:1104721.836: log(norms):     [2047.94, 2050.99, 2054.44, 2054.46, 2054.5, 2054.58, 2054.57, 2054.54, 2054.71, 2054.61]
exp035-n2048-k10-d270-bs70-f1.000-r00:1104721.864: (25144 sec)
exp035-n2048-k10-d270-bs70-f1.000-r00:1104721.864: Loop 34/100
exp035-n2048-k10-d270-bs70-f1.000-r00:1130344.452: log(exp-norms): [2047.94, 2050.2, 2052.28]
exp035-n2048-k10-d270-bs70-f1.000-r00:1130344.453: log(norms):     [2047.94, 2050.99, 2054.44, 2054.46, 2054.5, 2054.58, 2054.57, 2054.54, 2054.71, 2054.61]
exp035-n2048-k10-d270-bs70-f1.000-r00:1130344.497: (25623 sec)
exp035-n2048-k10-d270-bs70-f1.000-r00:1130344.498: Loop 35/100
exp035-n2048-k10-d270-bs70-f1.000-r00:1155491.252: log(exp-norms): [2047.94, 2050.2, 2052.28]
exp035-n2048-k10-d270-bs70-f1.000-r00:1155491.253: log(norms):     [2047.94, 2050.99, 2054.44, 2054.46, 2054.5, 2054.53, 2054.71, 2054.58, 2054.63, 2054.63]
exp035-n2048-k10-d270-bs70-f1.000-r00:1155491.281: (25147 sec)
exp035-n2048-k10-d270-bs70-f1.000-r00:1155491.281: Loop 36/100
exp035-n2048-k10-d270-bs70-f1.000-r00:1181410.199: log(exp-norms): [2047.94, 2050.2, 2052.28]
exp035-n2048-k10-d270-bs70-f1.000-r00:1181410.200: log(norms):     [2047.94, 2050.99, 2054.44, 2054.46, 2054.5, 2054.53, 2054.71, 2054.71, 2054.58, 2054.63]
exp035-n2048-k10-d270-bs70-f1.000-r00:1181410.228: (25919 sec)
exp035-n2048-k10-d270-bs70-f1.000-r00:1181410.228: Loop 37/100
exp035-n2048-k10-d270-bs70-f1.000-r00:1206405.615: log(exp-norms): [2047.94, 2050.2, 2052.28]
exp035-n2048-k10-d270-bs70-f1.000-r00:1206405.615: log(norms):     [2047.94, 2050.99, 2054.44, 2054.46, 2054.5, 2054.53, 2054.71, 2054.62, 2054.71, 2054.58]
exp035-n2048-k10-d270-bs70-f1.000-r00:1206405.643: (24996 sec)
exp035-n2048-k10-d270-bs70-f1.000-r00:1206405.643: Loop 38/100
exp035-n2048-k10-d270-bs70-f1.000-r00:1235238.055: log(exp-norms): [2047.94, 2050.2, 2052.28]
exp035-n2048-k10-d270-bs70-f1.000-r00:1235238.056: log(norms):     [2047.94, 2050.99, 2054.44, 2054.46, 2054.5, 2054.53, 2054.71, 2054.62, 2054.71, 2054.58]
exp035-n2048-k10-d270-bs70-f1.000-r00:1235238.084: (28833 sec)
exp035-n2048-k10-d270-bs70-f1.000-r00:1235238.084: Loop 39/100
exp035-n2048-k10-d270-bs70-f1.000-r00:1260274.507: log(exp-norms): [2047.94, 2050.2, 2052.28]
exp035-n2048-k10-d270-bs70-f1.000-r00:1260274.508: log(norms):     [2047.94, 2050.99, 2054.44, 2054.46, 2054.5, 2054.53, 2054.71, 2054.52, 2054.71, 2054.62]
exp035-n2048-k10-d270-bs70-f1.000-r00:1260274.536: (25037 sec)
exp035-n2048-k10-d270-bs70-f1.000-r00:1260274.536: Loop 40/100
exp035-n2048-k10-d270-bs70-f1.000-r00:1286848.294: log(exp-norms): [2047.94, 2050.2, 2052.28]
exp035-n2048-k10-d270-bs70-f1.000-r00:1286848.295: log(norms):     [2047.94, 2050.99, 2054.44, 2054.46, 2054.5, 2054.53, 2054.71, 2054.52, 2054.71, 2054.62]
exp035-n2048-k10-d270-bs70-f1.000-r00:1286848.322: (26574 sec)
exp035-n2048-k10-d270-bs70-f1.000-r00:1286848.322: Loop 41/100
exp035-n2048-k10-d270-bs70-f1.000-r00:1312432.632: log(exp-norms): [2047.94, 2050.2, 2052.28]
exp035-n2048-k10-d270-bs70-f1.000-r00:1312432.633: log(norms):     [2047.94, 2050.99, 2054.44, 2054.46, 2054.5, 2054.53, 2054.71, 2054.52, 2054.71, 2054.62]
exp035-n2048-k10-d270-bs70-f1.000-r00:1312432.661: (25585 sec)
exp035-n2048-k10-d270-bs70-f1.000-r00:1312432.662: Loop 42/100
exp035-n2048-k10-d270-bs70-f1.000-r00:1340752.208: log(exp-norms): [2047.94, 2050.2, 2052.28]
exp035-n2048-k10-d270-bs70-f1.000-r00:1340752.209: log(norms):     [2047.94, 2050.99, 2054.44, 2054.46, 2054.5, 2054.53, 2054.71, 2054.52, 2054.71, 2054.62]
exp035-n2048-k10-d270-bs70-f1.000-r00:1340752.237: (28320 sec)
exp035-n2048-k10-d270-bs70-f1.000-r00:1340752.237: Loop 43/100
exp035-n2048-k10-d270-bs70-f1.000-r00:1368354.458: log(exp-norms): [2047.94, 2050.2, 2052.28]
exp035-n2048-k10-d270-bs70-f1.000-r00:1368354.458: log(norms):     [2047.94, 2050.99, 2054.44, 2054.46, 2054.5, 2054.53, 2054.71, 2054.52, 2054.71, 2054.62]
exp035-n2048-k10-d270-bs70-f1.000-r00:1368354.486: (27603 sec)
exp035-n2048-k10-d270-bs70-f1.000-r00:1368354.486: Loop 44/100
exp035-n2048-k10-d270-bs70-f1.000-r00:1392857.592: log(exp-norms): [2047.94, 2050.2, 2052.28]
exp035-n2048-k10-d270-bs70-f1.000-r00:1392857.593: log(norms):     [2047.94, 2050.99, 2054.44, 2054.46, 2054.5, 2054.53, 2054.71, 2054.52, 2054.71, 2054.61]
exp035-n2048-k10-d270-bs70-f1.000-r00:1392857.621: (24504 sec)
exp035-n2048-k10-d270-bs70-f1.000-r00:1392857.622: Loop 45/100
exp035-n2048-k10-d270-bs70-f1.000-r00:1417016.033: log(exp-norms): [2047.94, 2050.2, 2052.28]
exp035-n2048-k10-d270-bs70-f1.000-r00:1417016.034: log(norms):     [2047.94, 2050.99, 2054.44, 2054.46, 2054.5, 2054.53, 2054.71, 2054.52, 2054.71, 2054.61]
exp035-n2048-k10-d270-bs70-f1.000-r00:1417016.061: (24159 sec)
exp035-n2048-k10-d270-bs70-f1.000-r00:1417016.061: Loop 46/100
exp035-n2048-k10-d270-bs70-f1.000-r00:1441611.351: log(exp-norms): [2047.94, 2050.2, 2052.28]
exp035-n2048-k10-d270-bs70-f1.000-r00:1441611.352: log(norms):     [2047.94, 2050.99, 2054.44, 2054.46, 2054.55, 2054.5, 2054.62, 2054.63, 2054.53, 2054.71]
exp035-n2048-k10-d270-bs70-f1.000-r00:1441611.379: (24596 sec)
exp035-n2048-k10-d270-bs70-f1.000-r00:1441611.379: Loop 47/100
exp035-n2048-k10-d270-bs70-f1.000-r00:1470108.525: log(exp-norms): [2047.94, 2050.2, 2052.28]
exp035-n2048-k10-d270-bs70-f1.000-r00:1470108.526: log(norms):     [2047.94, 2050.99, 2054.44, 2054.46, 2054.55, 2054.5, 2054.62, 2054.63, 2054.53, 2054.71]
exp035-n2048-k10-d270-bs70-f1.000-r00:1470108.556: (28498 sec)
exp035-n2048-k10-d270-bs70-f1.000-r00:1470108.557: Loop 48/100
exp035-n2048-k10-d270-bs70-f1.000-r00:1495977.743: log(exp-norms): [2047.94, 2050.2, 2052.28]
exp035-n2048-k10-d270-bs70-f1.000-r00:1495977.743: log(norms):     [2047.94, 2050.99, 2054.44, 2054.46, 2054.55, 2054.5, 2054.62, 2054.63, 2054.53, 2054.76]
exp035-n2048-k10-d270-bs70-f1.000-r00:1495977.771: (25870 sec)
exp035-n2048-k10-d270-bs70-f1.000-r00:1495977.771: Loop 49/100
exp035-n2048-k10-d270-bs70-f1.000-r00:1521730.466: log(exp-norms): [2047.94, 2050.2, 2052.28]
exp035-n2048-k10-d270-bs70-f1.000-r00:1521730.467: log(norms):     [2047.94, 2050.99, 2054.44, 2054.46, 2054.55, 2054.5, 2054.62, 2054.63, 2054.53, 2054.76]
exp035-n2048-k10-d270-bs70-f1.000-r00:1521730.494: (25753 sec)
exp035-n2048-k10-d270-bs70-f1.000-r00:1521730.495: Loop 50/100
exp035-n2048-k10-d270-bs70-f1.000-r00:1546302.719: log(exp-norms): [2047.94, 2050.2, 2052.28]
exp035-n2048-k10-d270-bs70-f1.000-r00:1546302.720: log(norms):     [2047.94, 2050.99, 2054.44, 2054.46, 2054.55, 2054.5, 2054.62, 2054.63, 2054.53, 2054.76]
exp035-n2048-k10-d270-bs70-f1.000-r00:1546302.748: (24573 sec)
exp035-n2048-k10-d270-bs70-f1.000-r00:1546302.748: Loop 51/100
exp035-n2048-k10-d270-bs70-f1.000-r00:1572801.115: log(exp-norms): [2047.94, 2050.2, 2052.28]
exp035-n2048-k10-d270-bs70-f1.000-r00:1572801.116: log(norms):     [2047.94, 2050.99, 2054.44, 2054.46, 2054.55, 2054.5, 2054.62, 2054.63, 2054.53, 2054.76]
exp035-n2048-k10-d270-bs70-f1.000-r00:1572801.143: (26499 sec)
exp035-n2048-k10-d270-bs70-f1.000-r00:1572801.144: Loop 52/100
exp035-n2048-k10-d270-bs70-f1.000-r00:1597481.224: log(exp-norms): [2047.94, 2050.2, 2052.28]
exp035-n2048-k10-d270-bs70-f1.000-r00:1597481.225: log(norms):     [2047.94, 2050.99, 2054.44, 2054.46, 2054.55, 2054.5, 2054.62, 2054.63, 2054.53, 2054.76]
exp035-n2048-k10-d270-bs70-f1.000-r00:1597481.253: (24681 sec)
exp035-n2048-k10-d270-bs70-f1.000-r00:1597481.253: Loop 53/100
exp035-n2048-k10-d270-bs70-f1.000-r00:1623789.746: log(exp-norms): [2047.94, 2050.2, 2052.28]
exp035-n2048-k10-d270-bs70-f1.000-r00:1623789.747: log(norms):     [2047.94, 2050.99, 2054.44, 2054.46, 2054.55, 2054.5, 2054.62, 2054.63, 2054.53, 2054.76]
exp035-n2048-k10-d270-bs70-f1.000-r00:1623789.775: (26309 sec)
exp035-n2048-k10-d270-bs70-f1.000-r00:1623789.776: Loop 54/100
exp035-n2048-k10-d270-bs70-f1.000-r00:1648288.822: log(exp-norms): [2047.94, 2050.2, 2052.28]
exp035-n2048-k10-d270-bs70-f1.000-r00:1648288.822: log(norms):     [2047.94, 2050.99, 2054.44, 2054.46, 2054.55, 2054.55, 2054.64, 2054.5, 2054.62, 2054.73]
exp035-n2048-k10-d270-bs70-f1.000-r00:1648288.850: (24500 sec)
exp035-n2048-k10-d270-bs70-f1.000-r00:1648288.850: Loop 55/100
