exp042-n2048-k09-d290-bs70-f1.000-r00:000000.369: ==========================Instance==========================
exp042-n2048-k09-d290-bs70-f1.000-r00:000000.369: # of equations: 290
exp042-n2048-k09-d290-bs70-f1.000-r00:000000.374: Gap: 3.05
exp042-n2048-k09-d290-bs70-f1.000-r00:000000.383: Tau: 2.25
exp042-n2048-k09-d290-bs70-f1.000-r00:000000.384: ======================BKZ-70 reduction======================
exp042-n2048-k09-d290-bs70-f1.000-r00:000011.478: Expectedly achievable log(norm): 2054.35
exp042-n2048-k09-d290-bs70-f1.000-r00:000021.828: log(exp-norms): [2047.94, 2050.25, 2051.86]
exp042-n2048-k09-d290-bs70-f1.000-r00:000021.828: log(norms):     [2060.25, 2051.04, 2056.89, 2056.89, 2056.89, 2056.89, 2056.89, 2056.89, 2056.89, 2056.89]
exp042-n2048-k09-d290-bs70-f1.000-r00:000021.924: Loop 1/100
exp042-n2048-k09-d290-bs70-f1.000-r00:069358.413: log(exp-norms): [2047.94, 2050.25, 2051.86]
exp042-n2048-k09-d290-bs70-f1.000-r00:069358.415: log(norms):     [2051.04, 2056.89, 2056.89, 2056.89, 2056.89, 2056.89, 2056.89, 2056.89, 2056.89, 2056.89]
exp042-n2048-k09-d290-bs70-f1.000-r00:069358.468: (69337 sec)
exp042-n2048-k09-d290-bs70-f1.000-r00:069358.469: Loop 2/100
exp042-n2048-k09-d290-bs70-f1.000-r00:131413.761: log(exp-norms): [2047.94, 2050.25, 2051.86]
exp042-n2048-k09-d290-bs70-f1.000-r00:131413.775: log(norms):     [2051.04, 2056.89, 2056.89, 2056.89, 2056.89, 2056.89, 2057.13, 2056.89, 2057.01, 2057.16]
exp042-n2048-k09-d290-bs70-f1.000-r00:131413.827: (62056 sec)
exp042-n2048-k09-d290-bs70-f1.000-r00:131413.828: Loop 3/100
exp042-n2048-k09-d290-bs70-f1.000-r00:191627.206: log(exp-norms): [2047.94, 2050.25, 2051.86]
exp042-n2048-k09-d290-bs70-f1.000-r00:191627.208: log(norms):     [2051.04, 2056.48, 2056.52, 2056.71, 2056.59, 2056.64, 2056.79, 2056.64, 2056.57, 2056.39]
exp042-n2048-k09-d290-bs70-f1.000-r00:191627.259: (60214 sec)
exp042-n2048-k09-d290-bs70-f1.000-r00:191627.260: Loop 4/100
exp042-n2048-k09-d290-bs70-f1.000-r00:251165.709: log(exp-norms): [2047.94, 2050.25, 2051.86]
exp042-n2048-k09-d290-bs70-f1.000-r00:251165.711: log(norms):     [2051.04, 2056.07, 2056.18, 2056.05, 2056.06, 2056.19, 2056.2, 2056.23, 2056.18, 2056.22]
exp042-n2048-k09-d290-bs70-f1.000-r00:251165.764: (59539 sec)
exp042-n2048-k09-d290-bs70-f1.000-r00:251165.764: Loop 5/100
exp042-n2048-k09-d290-bs70-f1.000-r00:308270.047: log(exp-norms): [2047.94, 2050.25, 2051.86]
exp042-n2048-k09-d290-bs70-f1.000-r00:308270.049: log(norms):     [2051.04, 2055.59, 2055.66, 2055.7, 2055.76, 2055.88, 2055.85, 2055.77, 2055.98, 2055.9]
exp042-n2048-k09-d290-bs70-f1.000-r00:308270.101: (57105 sec)
exp042-n2048-k09-d290-bs70-f1.000-r00:308270.102: Loop 6/100
exp042-n2048-k09-d290-bs70-f1.000-r00:362561.979: log(exp-norms): [2047.94, 2050.25, 2051.86]
exp042-n2048-k09-d290-bs70-f1.000-r00:362561.981: log(norms):     [2051.04, 2055.33, 2055.37, 2055.48, 2055.53, 2055.67, 2055.45, 2055.58, 2055.6, 2055.4]
exp042-n2048-k09-d290-bs70-f1.000-r00:362562.032: (54292 sec)
exp042-n2048-k09-d290-bs70-f1.000-r00:362562.032: Loop 7/100
exp042-n2048-k09-d290-bs70-f1.000-r00:413767.395: log(exp-norms): [2047.94, 2050.25, 2051.86]
exp042-n2048-k09-d290-bs70-f1.000-r00:413767.397: log(norms):     [2051.04, 2055.05, 2055.09, 2055.17, 2055.12, 2055.25, 2055.32, 2055.24, 2055.31, 2055.18]
exp042-n2048-k09-d290-bs70-f1.000-r00:413767.448: (51206 sec)
exp042-n2048-k09-d290-bs70-f1.000-r00:413767.449: Loop 8/100
exp042-n2048-k09-d290-bs70-f1.000-r00:463281.115: log(exp-norms): [2047.94, 2050.25, 2051.86]
exp042-n2048-k09-d290-bs70-f1.000-r00:463281.117: log(norms):     [2047.94, 2051.04, 2054.95, 2055.03, 2054.97, 2055.05, 2055.06, 2055.16, 2055.03, 2054.92]
exp042-n2048-k09-d290-bs70-f1.000-r00:463281.170: (49514 sec)
exp042-n2048-k09-d290-bs70-f1.000-r00:463281.171: Loop 9/100
exp042-n2048-k09-d290-bs70-f1.000-r00:509925.542: log(exp-norms): [2047.94, 2050.25, 2051.86]
exp042-n2048-k09-d290-bs70-f1.000-r00:509925.544: log(norms):     [2047.94, 2051.04, 2054.82, 2054.88, 2054.97, 2054.76, 2054.83, 2054.92, 2054.91, 2054.78]
exp042-n2048-k09-d290-bs70-f1.000-r00:509925.594: (46645 sec)
exp042-n2048-k09-d290-bs70-f1.000-r00:509925.603: Loop 10/100
exp042-n2048-k09-d290-bs70-f1.000-r00:555352.385: log(exp-norms): [2047.94, 2050.25, 2051.86]
exp042-n2048-k09-d290-bs70-f1.000-r00:555352.387: log(norms):     [2047.94, 2051.04, 2054.59, 2054.71, 2054.82, 2054.74, 2054.75, 2054.89, 2054.83, 2054.73]
exp042-n2048-k09-d290-bs70-f1.000-r00:555352.418: (45427 sec)
exp042-n2048-k09-d290-bs70-f1.000-r00:555352.418: Loop 11/100
exp042-n2048-k09-d290-bs70-f1.000-r00:597410.676: log(exp-norms): [2047.94, 2050.25, 2051.86]
exp042-n2048-k09-d290-bs70-f1.000-r00:597410.678: log(norms):     [2047.94, 2051.04, 2054.59, 2054.65, 2054.74, 2054.76, 2054.79, 2054.66, 2054.84, 2054.79]
exp042-n2048-k09-d290-bs70-f1.000-r00:597410.711: (42059 sec)
exp042-n2048-k09-d290-bs70-f1.000-r00:597410.711: Loop 12/100
exp042-n2048-k09-d290-bs70-f1.000-r00:633733.349: log(exp-norms): [2047.94, 2050.25, 2051.86]
exp042-n2048-k09-d290-bs70-f1.000-r00:633733.350: log(norms):     [2047.94, 2051.04, 2054.43, 2054.57, 2054.7, 2054.69, 2054.67, 2054.87, 2054.74, 2054.86]
exp042-n2048-k09-d290-bs70-f1.000-r00:633733.380: (36323 sec)
exp042-n2048-k09-d290-bs70-f1.000-r00:633733.381: Loop 13/100
exp042-n2048-k09-d290-bs70-f1.000-r00:669446.675: log(exp-norms): [2047.94, 2050.25, 2051.86]
exp042-n2048-k09-d290-bs70-f1.000-r00:669446.676: log(norms):     [2047.94, 2051.04, 2054.4, 2054.43, 2054.62, 2054.56, 2054.64, 2054.6, 2054.64, 2054.51]
exp042-n2048-k09-d290-bs70-f1.000-r00:669446.706: (35714 sec)
exp042-n2048-k09-d290-bs70-f1.000-r00:669446.706: Loop 14/100
exp042-n2048-k09-d290-bs70-f1.000-r00:702072.289: log(exp-norms): [2047.94, 2050.25, 2051.86]
exp042-n2048-k09-d290-bs70-f1.000-r00:702072.290: log(norms):     [2047.94, 2051.04, 2054.4, 2054.43, 2054.51, 2054.57, 2054.5, 2054.55, 2054.66, 2054.76]
exp042-n2048-k09-d290-bs70-f1.000-r00:702072.323: (32626 sec)
exp042-n2048-k09-d290-bs70-f1.000-r00:702072.324: Loop 15/100
exp042-n2048-k09-d290-bs70-f1.000-r00:734859.336: log(exp-norms): [2047.94, 2050.25, 2051.86]
exp042-n2048-k09-d290-bs70-f1.000-r00:734859.337: log(norms):     [2047.94, 2051.04, 2054.4, 2054.43, 2054.55, 2054.51, 2054.55, 2054.46, 2054.57, 2054.48]
exp042-n2048-k09-d290-bs70-f1.000-r00:734859.367: (32788 sec)
exp042-n2048-k09-d290-bs70-f1.000-r00:734859.367: Loop 16/100
exp042-n2048-k09-d290-bs70-f1.000-r00:769876.428: log(exp-norms): [2047.94, 2050.25, 2051.86]
exp042-n2048-k09-d290-bs70-f1.000-r00:769876.429: log(norms):     [2047.94, 2051.04, 2054.35, 2054.4, 2054.43, 2054.55, 2054.66, 2054.48, 2054.46, 2054.68]
exp042-n2048-k09-d290-bs70-f1.000-r00:769876.459: (35018 sec)
exp042-n2048-k09-d290-bs70-f1.000-r00:769876.459: Loop 17/100
exp042-n2048-k09-d290-bs70-f1.000-r00:801264.496: log(exp-norms): [2047.94, 2050.25, 2051.86]
exp042-n2048-k09-d290-bs70-f1.000-r00:801264.497: log(norms):     [2047.94, 2051.04, 2054.35, 2054.4, 2054.43, 2054.51, 2054.48, 2054.66, 2054.62, 2054.63]
exp042-n2048-k09-d290-bs70-f1.000-r00:801264.527: (31389 sec)
exp042-n2048-k09-d290-bs70-f1.000-r00:801264.527: Loop 18/100
exp042-n2048-k09-d290-bs70-f1.000-r00:831944.683: log(exp-norms): [2047.94, 2050.25, 2051.86]
exp042-n2048-k09-d290-bs70-f1.000-r00:831944.684: log(norms):     [2047.94, 2051.04, 2054.35, 2054.48, 2054.4, 2054.43, 2054.51, 2054.66, 2054.62, 2054.42]
exp042-n2048-k09-d290-bs70-f1.000-r00:831944.714: (30681 sec)
exp042-n2048-k09-d290-bs70-f1.000-r00:831944.714: Loop 19/100
exp042-n2048-k09-d290-bs70-f1.000-r00:867485.995: log(exp-norms): [2047.94, 2050.25, 2051.86]
exp042-n2048-k09-d290-bs70-f1.000-r00:867485.996: log(norms):     [2047.94, 2051.04, 2054.35, 2054.48, 2054.41, 2054.46, 2054.43, 2054.4, 2054.68, 2054.42]
exp042-n2048-k09-d290-bs70-f1.000-r00:867486.026: (35542 sec)
exp042-n2048-k09-d290-bs70-f1.000-r00:867486.026: Loop 20/100
exp042-n2048-k09-d290-bs70-f1.000-r00:900056.497: log(exp-norms): [2047.94, 2050.25, 2051.86]
exp042-n2048-k09-d290-bs70-f1.000-r00:900056.498: log(norms):     [2047.94, 2051.04, 2054.35, 2054.48, 2054.41, 2054.46, 2054.41, 2054.46, 2054.45, 2054.52]
exp042-n2048-k09-d290-bs70-f1.000-r00:900056.531: (32571 sec)
exp042-n2048-k09-d290-bs70-f1.000-r00:900056.532: Loop 21/100
exp042-n2048-k09-d290-bs70-f1.000-r00:936286.111: log(exp-norms): [2047.94, 2050.25, 2051.86]
exp042-n2048-k09-d290-bs70-f1.000-r00:936286.112: log(norms):     [2047.94, 2051.04, 2054.35, 2054.48, 2054.41, 2054.46, 2054.41, 2054.53, 2054.57, 2054.58]
exp042-n2048-k09-d290-bs70-f1.000-r00:936286.160: (36230 sec)
exp042-n2048-k09-d290-bs70-f1.000-r00:936286.160: Loop 22/100
exp042-n2048-k09-d290-bs70-f1.000-r00:970556.797: log(exp-norms): [2047.94, 2050.25, 2051.86]
exp042-n2048-k09-d290-bs70-f1.000-r00:970556.798: log(norms):     [2047.94, 2051.04, 2054.35, 2054.48, 2054.41, 2054.46, 2054.41, 2054.53, 2054.57, 2054.58]
exp042-n2048-k09-d290-bs70-f1.000-r00:970556.828: (34271 sec)
exp042-n2048-k09-d290-bs70-f1.000-r00:970556.828: Loop 23/100
exp042-n2048-k09-d290-bs70-f1.000-r00:1001811.221: log(exp-norms): [2047.94, 2050.25, 2051.86]
exp042-n2048-k09-d290-bs70-f1.000-r00:1001811.222: log(norms):     [2047.94, 2051.04, 2054.35, 2054.4, 2054.48, 2054.41, 2054.46, 2054.46, 2054.41, 2054.47]
exp042-n2048-k09-d290-bs70-f1.000-r00:1001811.252: (31255 sec)
exp042-n2048-k09-d290-bs70-f1.000-r00:1001811.253: Loop 24/100
exp042-n2048-k09-d290-bs70-f1.000-r00:1032613.253: log(exp-norms): [2047.94, 2050.25, 2051.86]
exp042-n2048-k09-d290-bs70-f1.000-r00:1032613.254: log(norms):     [2047.94, 2051.04, 2054.33, 2054.35, 2054.4, 2054.48, 2054.41, 2054.46, 2054.46, 2054.66]
exp042-n2048-k09-d290-bs70-f1.000-r00:1032613.284: (30803 sec)
exp042-n2048-k09-d290-bs70-f1.000-r00:1032613.285: Loop 25/100
exp042-n2048-k09-d290-bs70-f1.000-r00:1067101.282: log(exp-norms): [2047.94, 2050.25, 2051.86]
exp042-n2048-k09-d290-bs70-f1.000-r00:1067101.283: log(norms):     [2047.94, 2051.04, 2054.33, 2054.35, 2054.4, 2054.48, 2054.47, 2054.41, 2054.54, 2054.51]
exp042-n2048-k09-d290-bs70-f1.000-r00:1067101.315: (34489 sec)
exp042-n2048-k09-d290-bs70-f1.000-r00:1067101.316: Loop 26/100
exp042-n2048-k09-d290-bs70-f1.000-r00:1110566.520: log(exp-norms): [2047.94, 2050.25, 2051.86]
exp042-n2048-k09-d290-bs70-f1.000-r00:1110566.522: log(norms):     [2047.94, 2051.04, 2054.33, 2054.35, 2054.4, 2054.35, 2054.48, 2054.47, 2054.5, 2054.61]
exp042-n2048-k09-d290-bs70-f1.000-r00:1110566.554: (43466 sec)
exp042-n2048-k09-d290-bs70-f1.000-r00:1110566.555: Loop 27/100
exp042-n2048-k09-d290-bs70-f1.000-r00:1141947.815: log(exp-norms): [2047.94, 2050.25, 2051.86]
exp042-n2048-k09-d290-bs70-f1.000-r00:1141947.816: log(norms):     [2047.94, 2051.04, 2054.33, 2054.35, 2054.4, 2054.35, 2054.48, 2054.47, 2054.5, 2054.55]
exp042-n2048-k09-d290-bs70-f1.000-r00:1141947.846: (31382 sec)
exp042-n2048-k09-d290-bs70-f1.000-r00:1141947.846: Loop 28/100
exp042-n2048-k09-d290-bs70-f1.000-r00:1173174.902: log(exp-norms): [2047.94, 2050.25, 2051.86]
exp042-n2048-k09-d290-bs70-f1.000-r00:1173174.903: log(norms):     [2047.94, 2051.04, 2054.33, 2054.35, 2054.4, 2054.35, 2054.39, 2054.66, 2054.44, 2054.43]
exp042-n2048-k09-d290-bs70-f1.000-r00:1173174.932: (31228 sec)
exp042-n2048-k09-d290-bs70-f1.000-r00:1173174.932: Loop 29/100
exp042-n2048-k09-d290-bs70-f1.000-r00:1205611.504: log(exp-norms): [2047.94, 2050.25, 2051.86]
exp042-n2048-k09-d290-bs70-f1.000-r00:1205611.505: log(norms):     [2047.94, 2051.04, 2054.33, 2054.33, 2054.35, 2054.4, 2054.39, 2054.35, 2054.43, 2054.47]
exp042-n2048-k09-d290-bs70-f1.000-r00:1205611.535: (32437 sec)
exp042-n2048-k09-d290-bs70-f1.000-r00:1205611.535: Loop 30/100
exp042-n2048-k09-d290-bs70-f1.000-r00:1237325.838: log(exp-norms): [2047.94, 2050.25, 2051.86]
exp042-n2048-k09-d290-bs70-f1.000-r00:1237325.839: log(norms):     [2047.94, 2051.04, 2054.33, 2054.33, 2054.35, 2054.4, 2054.38, 2054.4, 2054.39, 2054.44]
exp042-n2048-k09-d290-bs70-f1.000-r00:1237325.869: (31715 sec)
exp042-n2048-k09-d290-bs70-f1.000-r00:1237325.870: Loop 31/100
exp042-n2048-k09-d290-bs70-f1.000-r00:1268094.450: log(exp-norms): [2047.94, 2050.25, 2051.86]
exp042-n2048-k09-d290-bs70-f1.000-r00:1268094.451: log(norms):     [2047.94, 2051.04, 2054.33, 2054.33, 2054.35, 2054.4, 2054.38, 2054.4, 2054.39, 2054.68]
exp042-n2048-k09-d290-bs70-f1.000-r00:1268094.481: (30769 sec)
exp042-n2048-k09-d290-bs70-f1.000-r00:1268094.481: Loop 32/100
exp042-n2048-k09-d290-bs70-f1.000-r00:1305263.436: log(exp-norms): [2047.94, 2050.25, 2051.86]
exp042-n2048-k09-d290-bs70-f1.000-r00:1305263.437: log(norms):     [2047.94, 2051.04, 2054.32, 2054.33, 2054.33, 2054.35, 2054.4, 2054.38, 2054.4, 2054.39]
exp042-n2048-k09-d290-bs70-f1.000-r00:1305263.467: (37169 sec)
exp042-n2048-k09-d290-bs70-f1.000-r00:1305263.468: Loop 33/100
exp042-n2048-k09-d290-bs70-f1.000-r00:1337287.042: log(exp-norms): [2047.94, 2050.25, 2051.86]
exp042-n2048-k09-d290-bs70-f1.000-r00:1337287.044: log(norms):     [2047.94, 2051.04, 2054.32, 2054.33, 2054.33, 2054.35, 2054.4, 2054.38, 2054.4, 2054.39]
exp042-n2048-k09-d290-bs70-f1.000-r00:1337287.073: (32024 sec)
exp042-n2048-k09-d290-bs70-f1.000-r00:1337287.073: Loop 34/100
exp042-n2048-k09-d290-bs70-f1.000-r00:1367414.492: log(exp-norms): [2047.94, 2050.25, 2051.86]
exp042-n2048-k09-d290-bs70-f1.000-r00:1367414.492: log(norms):     [2047.94, 2051.04, 2054.32, 2054.33, 2054.33, 2054.35, 2054.4, 2054.38, 2054.4, 2054.39]
exp042-n2048-k09-d290-bs70-f1.000-r00:1367414.522: (30128 sec)
exp042-n2048-k09-d290-bs70-f1.000-r00:1367414.522: Loop 35/100
exp042-n2048-k09-d290-bs70-f1.000-r00:1398189.052: log(exp-norms): [2047.94, 2050.25, 2051.86]
exp042-n2048-k09-d290-bs70-f1.000-r00:1398189.053: log(norms):     [2047.94, 2051.04, 2054.32, 2054.33, 2054.33, 2054.35, 2054.4, 2054.38, 2054.4, 2054.39]
exp042-n2048-k09-d290-bs70-f1.000-r00:1398189.082: (30775 sec)
exp042-n2048-k09-d290-bs70-f1.000-r00:1398189.083: Loop 36/100
exp042-n2048-k09-d290-bs70-f1.000-r00:1431828.071: log(exp-norms): [2047.94, 2050.25, 2051.86]
exp042-n2048-k09-d290-bs70-f1.000-r00:1431828.072: log(norms):     [2047.94, 2051.04, 2054.32, 2054.33, 2054.33, 2054.35, 2054.4, 2054.35, 2054.38, 2054.4]
exp042-n2048-k09-d290-bs70-f1.000-r00:1431828.102: (33640 sec)
exp042-n2048-k09-d290-bs70-f1.000-r00:1431828.103: Loop 37/100
exp042-n2048-k09-d290-bs70-f1.000-r00:1463072.662: log(exp-norms): [2047.94, 2050.25, 2051.86]
exp042-n2048-k09-d290-bs70-f1.000-r00:1463072.663: log(norms):     [2047.94, 2051.04, 2054.32, 2054.35, 2054.41, 2054.35, 2054.33, 2054.4, 2054.37, 2054.43]
exp042-n2048-k09-d290-bs70-f1.000-r00:1463072.693: (31245 sec)
exp042-n2048-k09-d290-bs70-f1.000-r00:1463072.693: Loop 38/100
exp042-n2048-k09-d290-bs70-f1.000-r00:1495951.926: log(exp-norms): [2047.94, 2050.25, 2051.86]
exp042-n2048-k09-d290-bs70-f1.000-r00:1495951.927: log(norms):     [2047.94, 2051.04, 2054.32, 2054.37, 2054.35, 2054.41, 2054.43, 2054.43, 2054.5, 2054.35]
exp042-n2048-k09-d290-bs70-f1.000-r00:1495951.957: (32880 sec)
exp042-n2048-k09-d290-bs70-f1.000-r00:1495951.957: Loop 39/100
exp042-n2048-k09-d290-bs70-f1.000-r00:1528695.367: log(exp-norms): [2047.94, 2050.25, 2051.86]
exp042-n2048-k09-d290-bs70-f1.000-r00:1528695.367: log(norms):     [2047.94, 2051.04, 2054.32, 2054.37, 2054.32, 2054.41, 2054.35, 2054.43, 2054.43, 2054.5]
exp042-n2048-k09-d290-bs70-f1.000-r00:1528695.397: (32744 sec)
exp042-n2048-k09-d290-bs70-f1.000-r00:1528695.397: Loop 40/100
exp042-n2048-k09-d290-bs70-f1.000-r00:1562744.593: log(exp-norms): [2047.94, 2050.25, 2051.86]
exp042-n2048-k09-d290-bs70-f1.000-r00:1562744.594: log(norms):     [2047.94, 2051.04, 2054.32, 2054.37, 2054.31, 2054.37, 2054.4, 2054.43, 2054.5, 2054.61]
exp042-n2048-k09-d290-bs70-f1.000-r00:1562744.624: (34050 sec)
exp042-n2048-k09-d290-bs70-f1.000-r00:1562744.624: Loop 41/100
exp042-n2048-k09-d290-bs70-f1.000-r00:1594832.893: log(exp-norms): [2047.94, 2050.25, 2051.86]
exp042-n2048-k09-d290-bs70-f1.000-r00:1594832.894: log(norms):     [2047.94, 2051.04, 2054.32, 2054.37, 2054.31, 2054.46, 2054.37, 2054.4, 2054.43, 2054.58]
exp042-n2048-k09-d290-bs70-f1.000-r00:1594832.927: (32089 sec)
exp042-n2048-k09-d290-bs70-f1.000-r00:1594832.927: Loop 42/100
exp042-n2048-k09-d290-bs70-f1.000-r00:1626615.476: log(exp-norms): [2047.94, 2050.25, 2051.86]
exp042-n2048-k09-d290-bs70-f1.000-r00:1626615.477: log(norms):     [2047.94, 2051.04, 2054.32, 2054.37, 2054.31, 2054.46, 2054.51, 2054.43, 2054.37, 2054.4]
exp042-n2048-k09-d290-bs70-f1.000-r00:1626615.507: (31783 sec)
exp042-n2048-k09-d290-bs70-f1.000-r00:1626615.507: Loop 43/100
exp042-n2048-k09-d290-bs70-f1.000-r00:1656948.687: log(exp-norms): [2047.94, 2050.25, 2051.86]
exp042-n2048-k09-d290-bs70-f1.000-r00:1656948.688: log(norms):     [2047.94, 2051.04, 2054.32, 2054.37, 2054.31, 2054.46, 2054.51, 2054.43, 2054.37, 2054.4]
exp042-n2048-k09-d290-bs70-f1.000-r00:1656948.717: (30334 sec)
exp042-n2048-k09-d290-bs70-f1.000-r00:1656948.718: Loop 44/100
