exp046-n2048-k09-d330-bs70-f1.000-r00:000000.328: ==========================Instance==========================
exp046-n2048-k09-d330-bs70-f1.000-r00:000000.328: # of equations: 330
exp046-n2048-k09-d330-bs70-f1.000-r00:000000.333: Gap: 5.51
exp046-n2048-k09-d330-bs70-f1.000-r00:000000.344: Tau: 6.90
exp046-n2048-k09-d330-bs70-f1.000-r00:000000.344: ======================BKZ-70 reduction======================
exp046-n2048-k09-d330-bs70-f1.000-r00:000014.976: Expectedly achievable log(norm): 2055.83
exp046-n2048-k09-d330-bs70-f1.000-r00:000028.611: log(exp-norms): [2047.94, 2050.34, 2052.8]
exp046-n2048-k09-d330-bs70-f1.000-r00:000028.612: log(norms):     [2060.35, 2051.13, 2056.89, 2056.89, 2056.89, 2056.89, 2056.89, 2056.89, 2056.89, 2056.89]
exp046-n2048-k09-d330-bs70-f1.000-r00:000028.723: Loop 1/100
exp046-n2048-k09-d330-bs70-f1.000-r00:100415.303: log(exp-norms): [2047.94, 2050.34, 2052.8]
exp046-n2048-k09-d330-bs70-f1.000-r00:100415.305: log(norms):     [2051.13, 2056.89, 2056.89, 2056.89, 2056.89, 2056.89, 2056.89, 2056.89, 2056.89, 2056.89]
exp046-n2048-k09-d330-bs70-f1.000-r00:100415.371: (100387 sec)
exp046-n2048-k09-d330-bs70-f1.000-r00:100415.371: Loop 2/100
exp046-n2048-k09-d330-bs70-f1.000-r00:185721.456: log(exp-norms): [2047.94, 2050.34, 2052.8]
exp046-n2048-k09-d330-bs70-f1.000-r00:185721.458: log(norms):     [2051.13, 2056.89, 2056.89, 2056.89, 2056.89, 2056.89, 2056.89, 2056.89, 2056.89, 2056.89]
exp046-n2048-k09-d330-bs70-f1.000-r00:185721.516: (85307 sec)
exp046-n2048-k09-d330-bs70-f1.000-r00:185721.516: Loop 3/100
exp046-n2048-k09-d330-bs70-f1.000-r00:270186.995: log(exp-norms): [2047.94, 2050.34, 2052.8]
exp046-n2048-k09-d330-bs70-f1.000-r00:270186.997: log(norms):     [2051.13, 2056.89, 2056.89, 2056.89, 2056.89, 2056.89, 2056.89, 2056.89, 2056.89, 2056.89]
exp046-n2048-k09-d330-bs70-f1.000-r00:270187.066: (84466 sec)
exp046-n2048-k09-d330-bs70-f1.000-r00:270187.067: Loop 4/100
exp046-n2048-k09-d330-bs70-f1.000-r00:351635.886: log(exp-norms): [2047.94, 2050.34, 2052.8]
exp046-n2048-k09-d330-bs70-f1.000-r00:351635.889: log(norms):     [2051.13, 2056.89, 2056.89, 2056.89, 2056.89, 2056.89, 2056.89, 2056.89, 2056.89, 2056.89]
exp046-n2048-k09-d330-bs70-f1.000-r00:351635.946: (81449 sec)
exp046-n2048-k09-d330-bs70-f1.000-r00:351635.947: Loop 5/100
exp046-n2048-k09-d330-bs70-f1.000-r00:427648.642: log(exp-norms): [2047.94, 2050.34, 2052.8]
exp046-n2048-k09-d330-bs70-f1.000-r00:427648.644: log(norms):     [2051.13, 2056.89, 2056.89, 2056.89, 2056.89, 2056.89, 2056.89, 2056.89, 2056.89, 2056.89]
exp046-n2048-k09-d330-bs70-f1.000-r00:427648.680: (76013 sec)
exp046-n2048-k09-d330-bs70-f1.000-r00:427648.680: Loop 6/100
exp046-n2048-k09-d330-bs70-f1.000-r00:498013.584: log(exp-norms): [2047.94, 2050.34, 2052.8]
exp046-n2048-k09-d330-bs70-f1.000-r00:498013.585: log(norms):     [2051.13, 2056.89, 2056.89, 2056.89, 2056.89, 2056.89, 2057.25, 2057.22, 2057.09, 2057.43]
exp046-n2048-k09-d330-bs70-f1.000-r00:498013.641: (70365 sec)
exp046-n2048-k09-d330-bs70-f1.000-r00:498013.642: Loop 7/100
exp046-n2048-k09-d330-bs70-f1.000-r00:564575.798: log(exp-norms): [2047.94, 2050.34, 2052.8]
exp046-n2048-k09-d330-bs70-f1.000-r00:564575.799: log(norms):     [2051.13, 2056.78, 2056.79, 2056.81, 2056.94, 2056.97, 2056.98, 2057.14, 2057.08, 2057.11]
exp046-n2048-k09-d330-bs70-f1.000-r00:564575.856: (66563 sec)
exp046-n2048-k09-d330-bs70-f1.000-r00:564575.856: Loop 8/100
exp046-n2048-k09-d330-bs70-f1.000-r00:629157.823: log(exp-norms): [2047.94, 2050.34, 2052.8]
exp046-n2048-k09-d330-bs70-f1.000-r00:629157.825: log(norms):     [2051.13, 2056.66, 2056.73, 2056.69, 2056.69, 2056.84, 2056.7, 2056.71, 2056.81, 2056.96]
exp046-n2048-k09-d330-bs70-f1.000-r00:629157.858: (64583 sec)
exp046-n2048-k09-d330-bs70-f1.000-r00:629157.859: Loop 9/100
exp046-n2048-k09-d330-bs70-f1.000-r00:684880.557: log(exp-norms): [2047.94, 2050.34, 2052.8]
exp046-n2048-k09-d330-bs70-f1.000-r00:684880.558: log(norms):     [2047.94, 2051.13, 2056.48, 2056.53, 2056.5, 2056.63, 2056.56, 2056.58, 2056.59, 2056.57]
exp046-n2048-k09-d330-bs70-f1.000-r00:684880.613: (55723 sec)
exp046-n2048-k09-d330-bs70-f1.000-r00:684880.613: Loop 10/100
exp046-n2048-k09-d330-bs70-f1.000-r00:734806.925: log(exp-norms): [2047.94, 2050.34, 2052.8]
exp046-n2048-k09-d330-bs70-f1.000-r00:734806.926: log(norms):     [2047.94, 2051.13, 2056.38, 2056.4, 2056.45, 2056.43, 2056.41, 2056.55, 2056.52, 2056.61]
exp046-n2048-k09-d330-bs70-f1.000-r00:734806.960: (49927 sec)
exp046-n2048-k09-d330-bs70-f1.000-r00:734806.960: Loop 11/100
exp046-n2048-k09-d330-bs70-f1.000-r00:781267.920: log(exp-norms): [2047.94, 2050.34, 2052.8]
exp046-n2048-k09-d330-bs70-f1.000-r00:781267.921: log(norms):     [2047.94, 2051.13, 2056.18, 2056.29, 2056.42, 2056.35, 2056.43, 2056.35, 2056.33, 2056.42]
exp046-n2048-k09-d330-bs70-f1.000-r00:781267.955: (46461 sec)
exp046-n2048-k09-d330-bs70-f1.000-r00:781267.955: Loop 12/100
exp046-n2048-k09-d330-bs70-f1.000-r00:826991.163: log(exp-norms): [2047.94, 2050.34, 2052.8]
exp046-n2048-k09-d330-bs70-f1.000-r00:826991.164: log(norms):     [2047.94, 2051.13, 2056.18, 2056.29, 2056.28, 2056.24, 2056.29, 2056.26, 2056.4, 2056.21]
exp046-n2048-k09-d330-bs70-f1.000-r00:826991.198: (45724 sec)
exp046-n2048-k09-d330-bs70-f1.000-r00:826991.199: Loop 13/100
exp046-n2048-k09-d330-bs70-f1.000-r00:875307.766: log(exp-norms): [2047.94, 2050.34, 2052.8]
exp046-n2048-k09-d330-bs70-f1.000-r00:875307.768: log(norms):     [2047.94, 2051.13, 2056.16, 2056.22, 2056.22, 2056.14, 2056.19, 2056.17, 2056.33, 2056.17]
exp046-n2048-k09-d330-bs70-f1.000-r00:875307.801: (48317 sec)
exp046-n2048-k09-d330-bs70-f1.000-r00:875307.801: Loop 14/100
exp046-n2048-k09-d330-bs70-f1.000-r00:925597.802: log(exp-norms): [2047.94, 2050.34, 2052.8]
exp046-n2048-k09-d330-bs70-f1.000-r00:925597.803: log(norms):     [2047.94, 2051.13, 2056.0, 2056.14, 2056.19, 2056.22, 2056.18, 2056.28, 2056.04, 2056.28]
exp046-n2048-k09-d330-bs70-f1.000-r00:925597.837: (50291 sec)
exp046-n2048-k09-d330-bs70-f1.000-r00:925597.837: Loop 15/100
exp046-n2048-k09-d330-bs70-f1.000-r00:973903.711: log(exp-norms): [2047.94, 2050.34, 2052.8]
exp046-n2048-k09-d330-bs70-f1.000-r00:973903.712: log(norms):     [2047.94, 2051.13, 2056.0, 2056.07, 2056.12, 2056.21, 2056.12, 2056.14, 2056.04, 2056.37]
exp046-n2048-k09-d330-bs70-f1.000-r00:973903.745: (48306 sec)
exp046-n2048-k09-d330-bs70-f1.000-r00:973903.746: Loop 16/100
exp046-n2048-k09-d330-bs70-f1.000-r00:1021650.091: log(exp-norms): [2047.94, 2050.34, 2052.8]
exp046-n2048-k09-d330-bs70-f1.000-r00:1021650.092: log(norms):     [2047.94, 2051.13, 2055.95, 2055.95, 2055.97, 2055.97, 2056.14, 2056.06, 2056.2, 2056.12]
exp046-n2048-k09-d330-bs70-f1.000-r00:1021650.126: (47747 sec)
exp046-n2048-k09-d330-bs70-f1.000-r00:1021650.126: Loop 17/100
exp046-n2048-k09-d330-bs70-f1.000-r00:1071769.832: log(exp-norms): [2047.94, 2050.34, 2052.8]
exp046-n2048-k09-d330-bs70-f1.000-r00:1071769.833: log(norms):     [2047.94, 2051.13, 2055.93, 2055.95, 2055.95, 2056.08, 2055.99, 2056.1, 2056.27, 2056.17]
exp046-n2048-k09-d330-bs70-f1.000-r00:1071769.867: (50120 sec)
exp046-n2048-k09-d330-bs70-f1.000-r00:1071769.867: Loop 18/100
exp046-n2048-k09-d330-bs70-f1.000-r00:1119209.677: log(exp-norms): [2047.94, 2050.34, 2052.8]
exp046-n2048-k09-d330-bs70-f1.000-r00:1119209.679: log(norms):     [2047.94, 2051.13, 2055.93, 2055.95, 2055.95, 2056.08, 2055.96, 2056.25, 2056.18, 2056.27]
exp046-n2048-k09-d330-bs70-f1.000-r00:1119209.712: (47440 sec)
exp046-n2048-k09-d330-bs70-f1.000-r00:1119209.712: Loop 19/100
exp046-n2048-k09-d330-bs70-f1.000-r00:1171468.168: log(exp-norms): [2047.94, 2050.34, 2052.8]
exp046-n2048-k09-d330-bs70-f1.000-r00:1171468.170: log(norms):     [2047.94, 2051.13, 2055.88, 2055.91, 2056.04, 2055.98, 2055.9, 2056.09, 2056.07, 2055.98]
exp046-n2048-k09-d330-bs70-f1.000-r00:1171468.203: (52259 sec)
exp046-n2048-k09-d330-bs70-f1.000-r00:1171468.203: Loop 20/100
exp046-n2048-k09-d330-bs70-f1.000-r00:1220667.892: log(exp-norms): [2047.94, 2050.34, 2052.8]
exp046-n2048-k09-d330-bs70-f1.000-r00:1220667.893: log(norms):     [2047.94, 2051.13, 2055.74, 2055.88, 2055.91, 2056.04, 2055.98, 2055.95, 2056.18, 2056.12]
exp046-n2048-k09-d330-bs70-f1.000-r00:1220667.926: (49200 sec)
exp046-n2048-k09-d330-bs70-f1.000-r00:1220667.927: Loop 21/100
exp046-n2048-k09-d330-bs70-f1.000-r00:1270603.963: log(exp-norms): [2047.94, 2050.34, 2052.8]
exp046-n2048-k09-d330-bs70-f1.000-r00:1270603.964: log(norms):     [2047.94, 2051.13, 2055.74, 2055.97, 2055.86, 2055.97, 2055.92, 2055.97, 2055.98, 2056.19]
exp046-n2048-k09-d330-bs70-f1.000-r00:1270603.997: (49937 sec)
exp046-n2048-k09-d330-bs70-f1.000-r00:1270603.997: Loop 22/100
exp046-n2048-k09-d330-bs70-f1.000-r00:1318139.860: log(exp-norms): [2047.94, 2050.34, 2052.8]
exp046-n2048-k09-d330-bs70-f1.000-r00:1318139.861: log(norms):     [2047.94, 2051.13, 2055.74, 2055.97, 2055.98, 2055.86, 2055.97, 2055.92, 2055.97, 2056.01]
exp046-n2048-k09-d330-bs70-f1.000-r00:1318139.894: (47536 sec)
exp046-n2048-k09-d330-bs70-f1.000-r00:1318139.894: Loop 23/100
exp046-n2048-k09-d330-bs70-f1.000-r00:1365373.408: log(exp-norms): [2047.94, 2050.34, 2052.8]
exp046-n2048-k09-d330-bs70-f1.000-r00:1365373.409: log(norms):     [2047.94, 2051.13, 2055.74, 2055.97, 2055.98, 2055.86, 2055.97, 2055.92, 2055.92, 2056.11]
exp046-n2048-k09-d330-bs70-f1.000-r00:1365373.443: (47234 sec)
exp046-n2048-k09-d330-bs70-f1.000-r00:1365373.443: Loop 24/100
exp046-n2048-k09-d330-bs70-f1.000-r00:1413192.923: log(exp-norms): [2047.94, 2050.34, 2052.8]
exp046-n2048-k09-d330-bs70-f1.000-r00:1413192.924: log(norms):     [2047.94, 2051.13, 2055.74, 2055.97, 2055.98, 2056.0, 2055.91, 2055.96, 2056.03, 2056.0]
exp046-n2048-k09-d330-bs70-f1.000-r00:1413192.957: (47820 sec)
exp046-n2048-k09-d330-bs70-f1.000-r00:1413192.958: Loop 25/100
exp046-n2048-k09-d330-bs70-f1.000-r00:1460244.830: log(exp-norms): [2047.94, 2050.34, 2052.8]
exp046-n2048-k09-d330-bs70-f1.000-r00:1460244.832: log(norms):     [2047.94, 2051.13, 2055.74, 2055.97, 2055.98, 2056.0, 2055.87, 2056.16, 2055.99, 2055.87]
exp046-n2048-k09-d330-bs70-f1.000-r00:1460244.865: (47052 sec)
exp046-n2048-k09-d330-bs70-f1.000-r00:1460244.865: Loop 26/100
exp046-n2048-k09-d330-bs70-f1.000-r00:1507830.861: log(exp-norms): [2047.94, 2050.34, 2052.8]
exp046-n2048-k09-d330-bs70-f1.000-r00:1507830.863: log(norms):     [2047.94, 2051.13, 2055.74, 2055.97, 2055.98, 2056.0, 2055.87, 2056.03, 2056.08, 2056.03]
exp046-n2048-k09-d330-bs70-f1.000-r00:1507830.896: (47587 sec)
exp046-n2048-k09-d330-bs70-f1.000-r00:1507830.896: Loop 27/100
exp046-n2048-k09-d330-bs70-f1.000-r00:1557888.326: log(exp-norms): [2047.94, 2050.34, 2052.8]
exp046-n2048-k09-d330-bs70-f1.000-r00:1557888.327: log(norms):     [2047.94, 2051.13, 2055.74, 2055.95, 2055.97, 2055.98, 2056.12, 2055.87, 2056.01, 2056.0]
exp046-n2048-k09-d330-bs70-f1.000-r00:1557888.364: (50058 sec)
exp046-n2048-k09-d330-bs70-f1.000-r00:1557888.364: Loop 28/100
exp046-n2048-k09-d330-bs70-f1.000-r00:1607608.798: log(exp-norms): [2047.94, 2050.34, 2052.8]
exp046-n2048-k09-d330-bs70-f1.000-r00:1607608.799: log(norms):     [2047.94, 2051.13, 2055.71, 2055.74, 2055.98, 2055.97, 2055.95, 2056.01, 2055.87, 2056.12]
exp046-n2048-k09-d330-bs70-f1.000-r00:1607608.832: (49721 sec)
exp046-n2048-k09-d330-bs70-f1.000-r00:1607608.833: Loop 29/100
exp046-n2048-k09-d330-bs70-f1.000-r00:1654521.943: log(exp-norms): [2047.94, 2050.34, 2052.8]
exp046-n2048-k09-d330-bs70-f1.000-r00:1654521.945: log(norms):     [2047.94, 2051.13, 2055.71, 2055.74, 2055.98, 2055.97, 2055.83, 2056.12, 2056.03, 2055.95]
exp046-n2048-k09-d330-bs70-f1.000-r00:1654521.978: (46914 sec)
exp046-n2048-k09-d330-bs70-f1.000-r00:1654521.978: Loop 30/100
