exp017-n2048-k09-d280-bs60-f1.000-r00:000000.269: ==========================Instance==========================
exp017-n2048-k09-d280-bs60-f1.000-r00:000000.269: # of equations: 280
exp017-n2048-k09-d280-bs60-f1.000-r00:000000.274: Gap: 2.56
exp017-n2048-k09-d280-bs60-f1.000-r00:000000.283: Tau: 1.62
exp017-n2048-k09-d280-bs60-f1.000-r00:000000.284: ======================BKZ-60 reduction======================
exp017-n2048-k09-d280-bs60-f1.000-r00:000011.262: Expectedly achievable log(norm): 2054.19
exp017-n2048-k09-d280-bs60-f1.000-r00:000022.516: log(exp-norms): [2047.94, 2050.22, 2051.58]
exp017-n2048-k09-d280-bs60-f1.000-r00:000022.517: log(norms):     [2060.23, 2051.01, 2056.89, 2056.89, 2056.89, 2056.89, 2056.89, 2056.89, 2056.89, 2056.89]
exp017-n2048-k09-d280-bs60-f1.000-r00:000022.609: Loop 1/100
exp017-n2048-k09-d280-bs60-f1.000-r00:014413.937: log(exp-norms): [2047.94, 2050.22, 2051.58]
exp017-n2048-k09-d280-bs60-f1.000-r00:014413.937: log(norms):     [2051.01, 2056.89, 2056.89, 2056.89, 2056.89, 2056.89, 2056.89, 2057.07, 2056.89, 2057.17]
exp017-n2048-k09-d280-bs60-f1.000-r00:014413.987: (14392 sec)
exp017-n2048-k09-d280-bs60-f1.000-r00:014413.988: Loop 2/100
exp017-n2048-k09-d280-bs60-f1.000-r00:019232.546: log(exp-norms): [2047.94, 2050.22, 2051.58]
exp017-n2048-k09-d280-bs60-f1.000-r00:019232.547: log(norms):     [2051.01, 2056.71, 2056.77, 2056.86, 2056.97, 2056.96, 2056.8, 2056.96, 2057.12, 2056.8]
exp017-n2048-k09-d280-bs60-f1.000-r00:019232.596: (4819 sec)
exp017-n2048-k09-d280-bs60-f1.000-r00:019232.597: Loop 3/100
exp017-n2048-k09-d280-bs60-f1.000-r00:023674.880: log(exp-norms): [2047.94, 2050.22, 2051.58]
exp017-n2048-k09-d280-bs60-f1.000-r00:023674.881: log(norms):     [2051.01, 2056.35, 2056.45, 2056.49, 2056.63, 2056.47, 2056.54, 2056.5, 2056.54, 2056.73]
exp017-n2048-k09-d280-bs60-f1.000-r00:023674.932: (4443 sec)
exp017-n2048-k09-d280-bs60-f1.000-r00:023674.933: Loop 4/100
exp017-n2048-k09-d280-bs60-f1.000-r00:028102.550: log(exp-norms): [2047.94, 2050.22, 2051.58]
exp017-n2048-k09-d280-bs60-f1.000-r00:028102.551: log(norms):     [2051.01, 2055.84, 2055.96, 2055.99, 2056.04, 2056.08, 2056.16, 2055.96, 2056.26, 2056.23]
exp017-n2048-k09-d280-bs60-f1.000-r00:028102.601: (4428 sec)
exp017-n2048-k09-d280-bs60-f1.000-r00:028102.601: Loop 5/100
exp017-n2048-k09-d280-bs60-f1.000-r00:032553.874: log(exp-norms): [2047.94, 2050.22, 2051.58]
exp017-n2048-k09-d280-bs60-f1.000-r00:032553.875: log(norms):     [2051.01, 2055.69, 2055.69, 2055.71, 2056.0, 2055.82, 2055.89, 2055.76, 2055.95, 2055.9]
exp017-n2048-k09-d280-bs60-f1.000-r00:032553.925: (4452 sec)
exp017-n2048-k09-d280-bs60-f1.000-r00:032553.925: Loop 6/100
exp017-n2048-k09-d280-bs60-f1.000-r00:036860.979: log(exp-norms): [2047.94, 2050.22, 2051.58]
exp017-n2048-k09-d280-bs60-f1.000-r00:036860.980: log(norms):     [2051.01, 2055.39, 2055.49, 2055.54, 2055.56, 2055.62, 2055.63, 2055.49, 2055.57, 2055.8]
exp017-n2048-k09-d280-bs60-f1.000-r00:036861.030: (4308 sec)
exp017-n2048-k09-d280-bs60-f1.000-r00:036861.030: Loop 7/100
exp017-n2048-k09-d280-bs60-f1.000-r00:041125.228: log(exp-norms): [2047.94, 2050.22, 2051.58]
exp017-n2048-k09-d280-bs60-f1.000-r00:041125.230: log(norms):     [2051.01, 2055.15, 2055.22, 2055.19, 2055.32, 2055.22, 2055.24, 2055.33, 2055.32, 2055.29]
exp017-n2048-k09-d280-bs60-f1.000-r00:041125.281: (4265 sec)
exp017-n2048-k09-d280-bs60-f1.000-r00:041125.282: Loop 8/100
exp017-n2048-k09-d280-bs60-f1.000-r00:045353.564: log(exp-norms): [2047.94, 2050.22, 2051.58]
exp017-n2048-k09-d280-bs60-f1.000-r00:045353.565: log(norms):     [2051.01, 2055.0, 2055.08, 2055.01, 2055.02, 2055.34, 2055.15, 2055.24, 2055.33, 2055.22]
exp017-n2048-k09-d280-bs60-f1.000-r00:045353.628: (4229 sec)
exp017-n2048-k09-d280-bs60-f1.000-r00:045353.629: Loop 9/100
exp017-n2048-k09-d280-bs60-f1.000-r00:049505.023: log(exp-norms): [2047.94, 2050.22, 2051.58]
exp017-n2048-k09-d280-bs60-f1.000-r00:049505.025: log(norms):     [2051.01, 2054.84, 2054.88, 2055.0, 2054.93, 2055.01, 2054.92, 2055.02, 2055.02, 2054.95]
exp017-n2048-k09-d280-bs60-f1.000-r00:049505.074: (4152 sec)
exp017-n2048-k09-d280-bs60-f1.000-r00:049505.075: Loop 10/100
exp017-n2048-k09-d280-bs60-f1.000-r00:053538.645: log(exp-norms): [2047.94, 2050.22, 2051.58]
exp017-n2048-k09-d280-bs60-f1.000-r00:053538.647: log(norms):     [2051.01, 2054.62, 2054.69, 2054.69, 2054.75, 2054.82, 2054.88, 2054.86, 2054.91, 2054.93]
exp017-n2048-k09-d280-bs60-f1.000-r00:053538.698: (4034 sec)
exp017-n2048-k09-d280-bs60-f1.000-r00:053538.698: Loop 11/100
exp017-n2048-k09-d280-bs60-f1.000-r00:057692.118: log(exp-norms): [2047.94, 2050.22, 2051.58]
exp017-n2048-k09-d280-bs60-f1.000-r00:057692.119: log(norms):     [2051.01, 2054.62, 2054.75, 2054.71, 2054.63, 2054.82, 2054.8, 2054.74, 2054.72, 2054.81]
exp017-n2048-k09-d280-bs60-f1.000-r00:057692.170: (4154 sec)
exp017-n2048-k09-d280-bs60-f1.000-r00:057692.170: Loop 12/100
exp017-n2048-k09-d280-bs60-f1.000-r00:061885.975: log(exp-norms): [2047.94, 2050.22, 2051.58]
exp017-n2048-k09-d280-bs60-f1.000-r00:061885.976: log(norms):     [2051.01, 2054.42, 2054.59, 2054.58, 2054.64, 2054.63, 2054.7, 2054.69, 2054.77, 2054.56]
exp017-n2048-k09-d280-bs60-f1.000-r00:061886.025: (4194 sec)
exp017-n2048-k09-d280-bs60-f1.000-r00:061886.026: Loop 13/100
exp017-n2048-k09-d280-bs60-f1.000-r00:066076.859: log(exp-norms): [2047.94, 2050.22, 2051.58]
exp017-n2048-k09-d280-bs60-f1.000-r00:066076.859: log(norms):     [2051.01, 2054.42, 2054.52, 2054.67, 2054.66, 2054.72, 2054.71, 2054.56, 2054.66, 2054.63]
exp017-n2048-k09-d280-bs60-f1.000-r00:066076.909: (4191 sec)
exp017-n2048-k09-d280-bs60-f1.000-r00:066076.909: Loop 14/100
exp017-n2048-k09-d280-bs60-f1.000-r00:070284.076: log(exp-norms): [2047.94, 2050.22, 2051.58]
exp017-n2048-k09-d280-bs60-f1.000-r00:070284.077: log(norms):     [2051.01, 2054.42, 2054.49, 2054.61, 2054.53, 2054.63, 2054.62, 2054.47, 2054.77, 2054.73]
exp017-n2048-k09-d280-bs60-f1.000-r00:070284.127: (4208 sec)
exp017-n2048-k09-d280-bs60-f1.000-r00:070284.128: Loop 15/100
exp017-n2048-k09-d280-bs60-f1.000-r00:074465.284: log(exp-norms): [2047.94, 2050.22, 2051.58]
exp017-n2048-k09-d280-bs60-f1.000-r00:074465.285: log(norms):     [2051.01, 2054.42, 2054.54, 2054.46, 2054.51, 2054.74, 2054.54, 2054.56, 2054.53, 2054.74]
exp017-n2048-k09-d280-bs60-f1.000-r00:074465.334: (4182 sec)
exp017-n2048-k09-d280-bs60-f1.000-r00:074465.334: Loop 16/100
exp017-n2048-k09-d280-bs60-f1.000-r00:078720.240: log(exp-norms): [2047.94, 2050.22, 2051.58]
exp017-n2048-k09-d280-bs60-f1.000-r00:078720.241: log(norms):     [2051.01, 2054.42, 2054.48, 2054.53, 2054.45, 2054.51, 2054.59, 2054.62, 2054.56, 2054.56]
exp017-n2048-k09-d280-bs60-f1.000-r00:078720.290: (4255 sec)
exp017-n2048-k09-d280-bs60-f1.000-r00:078720.290: Loop 17/100
exp017-n2048-k09-d280-bs60-f1.000-r00:082824.508: log(exp-norms): [2047.94, 2050.22, 2051.58]
exp017-n2048-k09-d280-bs60-f1.000-r00:082824.509: log(norms):     [2051.01, 2054.35, 2054.4, 2054.49, 2054.37, 2054.49, 2054.45, 2054.51, 2054.66, 2054.38]
exp017-n2048-k09-d280-bs60-f1.000-r00:082824.558: (4105 sec)
exp017-n2048-k09-d280-bs60-f1.000-r00:082824.559: Loop 18/100
exp017-n2048-k09-d280-bs60-f1.000-r00:087107.359: log(exp-norms): [2047.94, 2050.22, 2051.58]
exp017-n2048-k09-d280-bs60-f1.000-r00:087107.360: log(norms):     [2051.01, 2054.32, 2054.35, 2054.4, 2054.35, 2054.25, 2054.4, 2054.4, 2054.59, 2054.61]
exp017-n2048-k09-d280-bs60-f1.000-r00:087107.409: (4283 sec)
exp017-n2048-k09-d280-bs60-f1.000-r00:087107.409: Loop 19/100
exp017-n2048-k09-d280-bs60-f1.000-r00:091208.039: log(exp-norms): [2047.94, 2050.22, 2051.58]
exp017-n2048-k09-d280-bs60-f1.000-r00:091208.040: log(norms):     [2051.01, 2054.25, 2054.35, 2054.35, 2054.42, 2054.31, 2054.47, 2054.42, 2054.58, 2054.44]
exp017-n2048-k09-d280-bs60-f1.000-r00:091208.090: (4101 sec)
exp017-n2048-k09-d280-bs60-f1.000-r00:091208.090: Loop 20/100
exp017-n2048-k09-d280-bs60-f1.000-r00:095269.958: log(exp-norms): [2047.94, 2050.22, 2051.58]
exp017-n2048-k09-d280-bs60-f1.000-r00:095269.960: log(norms):     [2051.01, 2054.17, 2054.25, 2054.35, 2054.35, 2054.42, 2054.44, 2054.39, 2054.4, 2054.3]
exp017-n2048-k09-d280-bs60-f1.000-r00:095270.010: (4062 sec)
exp017-n2048-k09-d280-bs60-f1.000-r00:095270.011: Loop 21/100
exp017-n2048-k09-d280-bs60-f1.000-r00:099427.669: log(exp-norms): [2047.94, 2050.22, 2051.58]
exp017-n2048-k09-d280-bs60-f1.000-r00:099427.670: log(norms):     [2051.01, 2054.17, 2054.25, 2054.35, 2054.35, 2054.42, 2054.44, 2054.39, 2054.4, 2054.3]
exp017-n2048-k09-d280-bs60-f1.000-r00:099427.719: (4158 sec)
exp017-n2048-k09-d280-bs60-f1.000-r00:099427.719: Loop 22/100
exp017-n2048-k09-d280-bs60-f1.000-r00:103616.252: log(exp-norms): [2047.94, 2050.22, 2051.58]
exp017-n2048-k09-d280-bs60-f1.000-r00:103616.253: log(norms):     [2051.01, 2054.17, 2054.33, 2054.35, 2054.25, 2054.35, 2054.37, 2054.54, 2054.4, 2054.43]
exp017-n2048-k09-d280-bs60-f1.000-r00:103616.302: (4189 sec)
exp017-n2048-k09-d280-bs60-f1.000-r00:103616.303: Loop 23/100
exp017-n2048-k09-d280-bs60-f1.000-r00:107749.343: log(exp-norms): [2047.94, 2050.22, 2051.58]
exp017-n2048-k09-d280-bs60-f1.000-r00:107749.344: log(norms):     [2051.01, 2054.17, 2054.33, 2054.35, 2054.31, 2054.4, 2054.39, 2054.25, 2054.4, 2054.51]
exp017-n2048-k09-d280-bs60-f1.000-r00:107749.393: (4134 sec)
exp017-n2048-k09-d280-bs60-f1.000-r00:107749.393: Loop 24/100
exp017-n2048-k09-d280-bs60-f1.000-r00:111973.970: log(exp-norms): [2047.94, 2050.22, 2051.58]
exp017-n2048-k09-d280-bs60-f1.000-r00:111973.971: log(norms):     [2051.01, 2054.17, 2054.33, 2054.35, 2054.43, 2054.31, 2054.45, 2054.35, 2054.4, 2054.39]
exp017-n2048-k09-d280-bs60-f1.000-r00:111974.019: (4225 sec)
exp017-n2048-k09-d280-bs60-f1.000-r00:111974.019: Loop 25/100
exp017-n2048-k09-d280-bs60-f1.000-r00:116156.753: log(exp-norms): [2047.94, 2050.22, 2051.58]
exp017-n2048-k09-d280-bs60-f1.000-r00:116156.755: log(norms):     [2047.94, 2051.01, 2054.17, 2054.33, 2054.35, 2054.39, 2054.34, 2054.4, 2054.39, 2054.3]
exp017-n2048-k09-d280-bs60-f1.000-r00:116156.808: (4183 sec)
exp017-n2048-k09-d280-bs60-f1.000-r00:116156.808: Loop 26/100
exp017-n2048-k09-d280-bs60-f1.000-r00:120245.362: log(exp-norms): [2047.94, 2050.22, 2051.58]
exp017-n2048-k09-d280-bs60-f1.000-r00:120245.363: log(norms):     [2047.94, 2051.01, 2054.17, 2054.33, 2054.35, 2054.39, 2054.34, 2054.41, 2054.38, 2054.4]
exp017-n2048-k09-d280-bs60-f1.000-r00:120245.412: (4089 sec)
exp017-n2048-k09-d280-bs60-f1.000-r00:120245.412: Loop 27/100
exp017-n2048-k09-d280-bs60-f1.000-r00:124291.959: log(exp-norms): [2047.94, 2050.22, 2051.58]
exp017-n2048-k09-d280-bs60-f1.000-r00:124291.960: log(norms):     [2047.94, 2051.01, 2054.17, 2054.33, 2054.35, 2054.39, 2054.29, 2054.37, 2054.46, 2054.58]
exp017-n2048-k09-d280-bs60-f1.000-r00:124292.010: (4047 sec)
exp017-n2048-k09-d280-bs60-f1.000-r00:124292.011: Loop 28/100
exp017-n2048-k09-d280-bs60-f1.000-r00:128432.596: log(exp-norms): [2047.94, 2050.22, 2051.58]
exp017-n2048-k09-d280-bs60-f1.000-r00:128432.597: log(norms):     [2047.94, 2051.01, 2054.17, 2054.33, 2054.35, 2054.39, 2054.29, 2054.37, 2054.46, 2054.24]
exp017-n2048-k09-d280-bs60-f1.000-r00:128432.647: (4141 sec)
exp017-n2048-k09-d280-bs60-f1.000-r00:128432.648: Loop 29/100
exp017-n2048-k09-d280-bs60-f1.000-r00:132576.801: log(exp-norms): [2047.94, 2050.22, 2051.58]
exp017-n2048-k09-d280-bs60-f1.000-r00:132576.802: log(norms):     [2047.94, 2051.01, 2054.17, 2054.24, 2054.33, 2054.32, 2054.35, 2054.31, 2054.42, 2054.39]
exp017-n2048-k09-d280-bs60-f1.000-r00:132576.851: (4145 sec)
exp017-n2048-k09-d280-bs60-f1.000-r00:132576.851: Loop 30/100
exp017-n2048-k09-d280-bs60-f1.000-r00:136676.746: log(exp-norms): [2047.94, 2050.22, 2051.58]
exp017-n2048-k09-d280-bs60-f1.000-r00:136676.747: log(norms):     [2047.94, 2051.01, 2054.17, 2054.24, 2054.33, 2054.32, 2054.35, 2054.31, 2054.42, 2054.32]
exp017-n2048-k09-d280-bs60-f1.000-r00:136676.811: (4100 sec)
exp017-n2048-k09-d280-bs60-f1.000-r00:136676.812: Loop 31/100
exp017-n2048-k09-d280-bs60-f1.000-r00:140733.829: log(exp-norms): [2047.94, 2050.22, 2051.58]
exp017-n2048-k09-d280-bs60-f1.000-r00:140733.830: log(norms):     [2047.94, 2051.01, 2054.17, 2054.24, 2054.33, 2054.32, 2054.32, 2054.35, 2054.31, 2054.42]
exp017-n2048-k09-d280-bs60-f1.000-r00:140733.879: (4058 sec)
exp017-n2048-k09-d280-bs60-f1.000-r00:140733.879: Loop 32/100
exp017-n2048-k09-d280-bs60-f1.000-r00:144840.938: log(exp-norms): [2047.94, 2050.22, 2051.58]
exp017-n2048-k09-d280-bs60-f1.000-r00:144840.939: log(norms):     [2047.94, 2051.01, 2054.17, 2054.24, 2054.33, 2054.32, 2054.32, 2054.35, 2054.31, 2054.42]
exp017-n2048-k09-d280-bs60-f1.000-r00:144840.989: (4108 sec)
exp017-n2048-k09-d280-bs60-f1.000-r00:144840.989: Loop 33/100
exp017-n2048-k09-d280-bs60-f1.000-r00:148877.234: log(exp-norms): [2047.94, 2050.22, 2051.58]
exp017-n2048-k09-d280-bs60-f1.000-r00:148877.235: log(norms):     [2047.94, 2051.01, 2054.17, 2054.24, 2054.33, 2054.32, 2054.32, 2054.35, 2054.31, 2054.42]
exp017-n2048-k09-d280-bs60-f1.000-r00:148877.285: (4037 sec)
exp017-n2048-k09-d280-bs60-f1.000-r00:148877.286: Loop 34/100
exp017-n2048-k09-d280-bs60-f1.000-r00:152970.558: log(exp-norms): [2047.94, 2050.22, 2051.58]
exp017-n2048-k09-d280-bs60-f1.000-r00:152970.559: log(norms):     [2047.94, 2051.01, 2054.17, 2054.24, 2054.33, 2054.32, 2054.32, 2054.35, 2054.31, 2054.42]
exp017-n2048-k09-d280-bs60-f1.000-r00:152970.619: (4094 sec)
exp017-n2048-k09-d280-bs60-f1.000-r00:152970.619: Loop 35/100
exp017-n2048-k09-d280-bs60-f1.000-r00:157088.594: log(exp-norms): [2047.94, 2050.22, 2051.58]
exp017-n2048-k09-d280-bs60-f1.000-r00:157088.594: log(norms):     [2047.94, 2051.01, 2054.17, 2054.24, 2054.33, 2054.32, 2054.32, 2054.35, 2054.31, 2054.42]
exp017-n2048-k09-d280-bs60-f1.000-r00:157088.625: (4119 sec)
exp017-n2048-k09-d280-bs60-f1.000-r00:157088.626: Loop 36/100
exp017-n2048-k09-d280-bs60-f1.000-r00:161167.376: log(exp-norms): [2047.94, 2050.22, 2051.58]
exp017-n2048-k09-d280-bs60-f1.000-r00:161167.377: log(norms):     [2047.94, 2051.01, 2054.17, 2054.24, 2054.33, 2054.32, 2054.32, 2054.35, 2054.31, 2054.42]
exp017-n2048-k09-d280-bs60-f1.000-r00:161167.430: (4079 sec)
exp017-n2048-k09-d280-bs60-f1.000-r00:161167.431: Loop 37/100
exp017-n2048-k09-d280-bs60-f1.000-r00:165209.425: log(exp-norms): [2047.94, 2050.22, 2051.58]
exp017-n2048-k09-d280-bs60-f1.000-r00:165209.426: log(norms):     [2047.94, 2051.01, 2054.17, 2054.24, 2054.33, 2054.32, 2054.32, 2054.35, 2054.31, 2054.42]
exp017-n2048-k09-d280-bs60-f1.000-r00:165209.475: (4043 sec)
exp017-n2048-k09-d280-bs60-f1.000-r00:165209.476: Loop 38/100
exp017-n2048-k09-d280-bs60-f1.000-r00:169381.216: log(exp-norms): [2047.94, 2050.22, 2051.58]
exp017-n2048-k09-d280-bs60-f1.000-r00:169381.217: log(norms):     [2047.94, 2051.01, 2054.17, 2054.24, 2054.33, 2054.32, 2054.32, 2054.35, 2054.31, 2054.42]
exp017-n2048-k09-d280-bs60-f1.000-r00:169381.266: (4172 sec)
exp017-n2048-k09-d280-bs60-f1.000-r00:169381.266: Loop 39/100
exp017-n2048-k09-d280-bs60-f1.000-r00:173515.136: log(exp-norms): [2047.94, 2050.22, 2051.58]
exp017-n2048-k09-d280-bs60-f1.000-r00:173515.137: log(norms):     [2047.94, 2051.01, 2054.17, 2054.24, 2054.33, 2054.32, 2054.32, 2054.35, 2054.31, 2054.42]
exp017-n2048-k09-d280-bs60-f1.000-r00:173515.187: (4134 sec)
exp017-n2048-k09-d280-bs60-f1.000-r00:173515.188: Loop 40/100
exp017-n2048-k09-d280-bs60-f1.000-r00:177546.446: log(exp-norms): [2047.94, 2050.22, 2051.58]
exp017-n2048-k09-d280-bs60-f1.000-r00:177546.446: log(norms):     [2047.94, 2051.01, 2054.17, 2054.24, 2054.33, 2054.32, 2054.32, 2054.35, 2054.31, 2054.42]
exp017-n2048-k09-d280-bs60-f1.000-r00:177546.495: (4032 sec)
exp017-n2048-k09-d280-bs60-f1.000-r00:177546.496: Loop 41/100
exp017-n2048-k09-d280-bs60-f1.000-r00:181433.852: log(exp-norms): [2047.94, 2050.22, 2051.58]
exp017-n2048-k09-d280-bs60-f1.000-r00:181433.852: log(norms):     [2047.94, 2051.01, 2054.11, 2054.17, 2054.33, 2054.24, 2054.32, 2054.32, 2054.35, 2054.31]
exp017-n2048-k09-d280-bs60-f1.000-r00:181433.902: (3888 sec)
exp017-n2048-k09-d280-bs60-f1.000-r00:181433.902: Loop 42/100
exp017-n2048-k09-d280-bs60-f1.000-r00:185477.063: log(exp-norms): [2047.94, 2050.22, 2051.58]
exp017-n2048-k09-d280-bs60-f1.000-r00:185477.063: log(norms):     [2047.94, 2051.01, 2054.11, 2054.17, 2054.33, 2054.24, 2054.32, 2054.32, 2054.35, 2054.31]
exp017-n2048-k09-d280-bs60-f1.000-r00:185477.112: (4044 sec)
exp017-n2048-k09-d280-bs60-f1.000-r00:185477.112: Loop 43/100
exp017-n2048-k09-d280-bs60-f1.000-r00:189535.581: log(exp-norms): [2047.94, 2050.22, 2051.58]
exp017-n2048-k09-d280-bs60-f1.000-r00:189535.584: log(norms):     [2047.94, 2051.01, 2054.11, 2054.17, 2054.33, 2054.24, 2054.32, 2054.32, 2054.35, 2054.31]
exp017-n2048-k09-d280-bs60-f1.000-r00:189535.631: (4059 sec)
exp017-n2048-k09-d280-bs60-f1.000-r00:189535.632: Loop 44/100
exp017-n2048-k09-d280-bs60-f1.000-r00:193561.635: log(exp-norms): [2047.94, 2050.22, 2051.58]
exp017-n2048-k09-d280-bs60-f1.000-r00:193561.637: log(norms):     [2047.94, 2051.01, 2054.11, 2054.16, 2054.17, 2054.33, 2054.35, 2054.24, 2054.32, 2054.32]
exp017-n2048-k09-d280-bs60-f1.000-r00:193561.687: (4027 sec)
exp017-n2048-k09-d280-bs60-f1.000-r00:193561.687: Loop 45/100
exp017-n2048-k09-d280-bs60-f1.000-r00:197554.814: log(exp-norms): [2047.94, 2050.22, 2051.58]
exp017-n2048-k09-d280-bs60-f1.000-r00:197554.815: log(norms):     [2047.94, 2051.01, 2054.11, 2054.16, 2054.17, 2054.33, 2054.35, 2054.24, 2054.32, 2054.32]
exp017-n2048-k09-d280-bs60-f1.000-r00:197554.865: (3994 sec)
exp017-n2048-k09-d280-bs60-f1.000-r00:197554.865: Loop 46/100
exp017-n2048-k09-d280-bs60-f1.000-r00:201579.722: log(exp-norms): [2047.94, 2050.22, 2051.58]
exp017-n2048-k09-d280-bs60-f1.000-r00:201579.723: log(norms):     [2047.94, 2051.01, 2054.11, 2054.16, 2054.18, 2054.17, 2054.33, 2054.35, 2054.32, 2054.24]
exp017-n2048-k09-d280-bs60-f1.000-r00:201579.772: (4025 sec)
exp017-n2048-k09-d280-bs60-f1.000-r00:201579.772: Loop 47/100
exp017-n2048-k09-d280-bs60-f1.000-r00:205654.759: log(exp-norms): [2047.94, 2050.22, 2051.58]
exp017-n2048-k09-d280-bs60-f1.000-r00:205654.760: log(norms):     [2047.94, 2051.01, 2054.11, 2054.16, 2054.18, 2054.17, 2054.33, 2054.35, 2054.32, 2054.24]
exp017-n2048-k09-d280-bs60-f1.000-r00:205654.816: (4076 sec)
exp017-n2048-k09-d280-bs60-f1.000-r00:205654.817: Loop 48/100
exp017-n2048-k09-d280-bs60-f1.000-r00:209705.972: log(exp-norms): [2047.94, 2050.22, 2051.58]
exp017-n2048-k09-d280-bs60-f1.000-r00:209705.973: log(norms):     [2047.94, 2051.01, 2054.11, 2054.16, 2054.18, 2054.32, 2054.17, 2054.24, 2054.32, 2054.39]
exp017-n2048-k09-d280-bs60-f1.000-r00:209706.023: (4052 sec)
exp017-n2048-k09-d280-bs60-f1.000-r00:209706.029: Loop 49/100
exp017-n2048-k09-d280-bs60-f1.000-r00:213758.853: log(exp-norms): [2047.94, 2050.22, 2051.58]
exp017-n2048-k09-d280-bs60-f1.000-r00:213758.853: log(norms):     [2047.94, 2051.01, 2054.11, 2054.16, 2054.18, 2054.32, 2054.17, 2054.24, 2054.32, 2054.39]
exp017-n2048-k09-d280-bs60-f1.000-r00:213758.902: (4053 sec)
exp017-n2048-k09-d280-bs60-f1.000-r00:213758.903: Loop 50/100
exp017-n2048-k09-d280-bs60-f1.000-r00:217700.747: log(exp-norms): [2047.94, 2050.22, 2051.58]
exp017-n2048-k09-d280-bs60-f1.000-r00:217700.748: log(norms):     [2047.94, 2051.01, 2054.11, 2054.16, 2054.18, 2054.32, 2054.17, 2054.24, 2054.32, 2054.39]
exp017-n2048-k09-d280-bs60-f1.000-r00:217700.796: (3942 sec)
exp017-n2048-k09-d280-bs60-f1.000-r00:217700.797: Loop 51/100
exp017-n2048-k09-d280-bs60-f1.000-r00:221794.658: log(exp-norms): [2047.94, 2050.22, 2051.58]
exp017-n2048-k09-d280-bs60-f1.000-r00:221794.659: log(norms):     [2047.94, 2051.01, 2054.11, 2054.16, 2054.18, 2054.32, 2054.17, 2054.24, 2054.32, 2054.39]
exp017-n2048-k09-d280-bs60-f1.000-r00:221794.708: (4094 sec)
exp017-n2048-k09-d280-bs60-f1.000-r00:221794.708: Loop 52/100
exp017-n2048-k09-d280-bs60-f1.000-r00:225883.158: log(exp-norms): [2047.94, 2050.22, 2051.58]
exp017-n2048-k09-d280-bs60-f1.000-r00:225883.159: log(norms):     [2047.94, 2051.01, 2054.11, 2054.16, 2054.18, 2054.32, 2054.17, 2054.24, 2054.32, 2054.39]
exp017-n2048-k09-d280-bs60-f1.000-r00:225883.210: (4089 sec)
exp017-n2048-k09-d280-bs60-f1.000-r00:225883.210: Loop 53/100
exp017-n2048-k09-d280-bs60-f1.000-r00:229691.594: log(exp-norms): [2047.94, 2050.22, 2051.58]
exp017-n2048-k09-d280-bs60-f1.000-r00:229691.595: log(norms):     [2047.94, 2051.01, 2054.11, 2054.16, 2054.23, 2054.17, 2054.16, 2054.32, 2054.18, 2054.24]
exp017-n2048-k09-d280-bs60-f1.000-r00:229691.644: (3809 sec)
exp017-n2048-k09-d280-bs60-f1.000-r00:229691.644: Loop 54/100
exp017-n2048-k09-d280-bs60-f1.000-r00:233454.555: log(exp-norms): [2047.94, 2050.22, 2051.58]
exp017-n2048-k09-d280-bs60-f1.000-r00:233454.556: log(norms):     [2047.94, 2051.01, 2054.11, 2054.16, 2054.23, 2054.17, 2054.16, 2054.32, 2054.18, 2054.29]
exp017-n2048-k09-d280-bs60-f1.000-r00:233454.604: (3763 sec)
exp017-n2048-k09-d280-bs60-f1.000-r00:233454.605: Loop 55/100
exp017-n2048-k09-d280-bs60-f1.000-r00:237095.680: log(exp-norms): [2047.94, 2050.22, 2051.58]
exp017-n2048-k09-d280-bs60-f1.000-r00:237095.682: log(norms):     [2047.94, 2051.01, 2054.11, 2054.16, 2054.23, 2054.33, 2054.17, 2054.16, 2054.18, 2054.32]
exp017-n2048-k09-d280-bs60-f1.000-r00:237095.732: (3642 sec)
exp017-n2048-k09-d280-bs60-f1.000-r00:237095.733: Loop 56/100
exp017-n2048-k09-d280-bs60-f1.000-r00:240919.065: log(exp-norms): [2047.94, 2050.22, 2051.58]
exp017-n2048-k09-d280-bs60-f1.000-r00:240919.066: log(norms):     [2047.94, 2051.01, 2054.11, 2054.16, 2054.23, 2054.33, 2054.17, 2054.16, 2054.3, 2054.29]
exp017-n2048-k09-d280-bs60-f1.000-r00:240919.115: (3824 sec)
exp017-n2048-k09-d280-bs60-f1.000-r00:240919.115: Loop 57/100
exp017-n2048-k09-d280-bs60-f1.000-r00:244923.385: log(exp-norms): [2047.94, 2050.22, 2051.58]
exp017-n2048-k09-d280-bs60-f1.000-r00:244923.386: log(norms):     [2047.94, 2051.01, 2054.11, 2054.16, 2054.23, 2054.33, 2054.17, 2054.47, 2054.16, 2054.3]
exp017-n2048-k09-d280-bs60-f1.000-r00:244923.450: (4005 sec)
exp017-n2048-k09-d280-bs60-f1.000-r00:244923.450: Loop 58/100
exp017-n2048-k09-d280-bs60-f1.000-r00:248945.993: log(exp-norms): [2047.94, 2050.22, 2051.58]
exp017-n2048-k09-d280-bs60-f1.000-r00:248945.994: log(norms):     [2047.94, 2051.01, 2054.11, 2054.16, 2054.23, 2054.33, 2054.17, 2054.47, 2054.16, 2054.3]
exp017-n2048-k09-d280-bs60-f1.000-r00:248946.044: (4023 sec)
exp017-n2048-k09-d280-bs60-f1.000-r00:248946.044: Loop 59/100
exp017-n2048-k09-d280-bs60-f1.000-r00:252921.168: log(exp-norms): [2047.94, 2050.22, 2051.58]
exp017-n2048-k09-d280-bs60-f1.000-r00:252921.169: log(norms):     [2047.94, 2051.01, 2054.11, 2054.16, 2054.23, 2054.33, 2054.17, 2054.47, 2054.16, 2054.3]
exp017-n2048-k09-d280-bs60-f1.000-r00:252921.232: (3976 sec)
exp017-n2048-k09-d280-bs60-f1.000-r00:252921.232: Loop 60/100
exp017-n2048-k09-d280-bs60-f1.000-r00:257078.352: log(exp-norms): [2047.94, 2050.22, 2051.58]
exp017-n2048-k09-d280-bs60-f1.000-r00:257078.353: log(norms):     [2047.94, 2051.01, 2054.11, 2054.16, 2054.23, 2054.33, 2054.17, 2054.47, 2054.16, 2054.3]
exp017-n2048-k09-d280-bs60-f1.000-r00:257078.403: (4158 sec)
exp017-n2048-k09-d280-bs60-f1.000-r00:257078.403: Loop 61/100
exp017-n2048-k09-d280-bs60-f1.000-r00:261189.291: log(exp-norms): [2047.94, 2050.22, 2051.58]
exp017-n2048-k09-d280-bs60-f1.000-r00:261189.292: log(norms):     [2047.94, 2051.01, 2054.11, 2054.16, 2054.23, 2054.33, 2054.17, 2054.47, 2054.16, 2054.3]
exp017-n2048-k09-d280-bs60-f1.000-r00:261189.343: (4111 sec)
exp017-n2048-k09-d280-bs60-f1.000-r00:261189.344: Loop 62/100
exp017-n2048-k09-d280-bs60-f1.000-r00:265145.002: log(exp-norms): [2047.94, 2050.22, 2051.58]
exp017-n2048-k09-d280-bs60-f1.000-r00:265145.003: log(norms):     [2047.94, 2051.01, 2054.11, 2054.16, 2054.23, 2054.33, 2054.17, 2054.47, 2054.16, 2054.32]
exp017-n2048-k09-d280-bs60-f1.000-r00:265145.052: (3956 sec)
exp017-n2048-k09-d280-bs60-f1.000-r00:265145.052: Loop 63/100
exp017-n2048-k09-d280-bs60-f1.000-r00:269260.061: log(exp-norms): [2047.94, 2050.22, 2051.58]
exp017-n2048-k09-d280-bs60-f1.000-r00:269260.063: log(norms):     [2047.94, 2051.01, 2054.11, 2054.16, 2054.16, 2054.23, 2054.17, 2054.33, 2054.47, 2054.29]
exp017-n2048-k09-d280-bs60-f1.000-r00:269260.113: (4116 sec)
exp017-n2048-k09-d280-bs60-f1.000-r00:269260.113: Loop 64/100
exp017-n2048-k09-d280-bs60-f1.000-r00:273209.851: log(exp-norms): [2047.94, 2050.22, 2051.58]
exp017-n2048-k09-d280-bs60-f1.000-r00:273209.852: log(norms):     [2047.94, 2051.01, 2054.11, 2054.16, 2054.16, 2054.23, 2054.17, 2054.33, 2054.47, 2054.29]
exp017-n2048-k09-d280-bs60-f1.000-r00:273209.902: (3950 sec)
exp017-n2048-k09-d280-bs60-f1.000-r00:273209.903: Loop 65/100
exp017-n2048-k09-d280-bs60-f1.000-r00:277230.292: log(exp-norms): [2047.94, 2050.22, 2051.58]
exp017-n2048-k09-d280-bs60-f1.000-r00:277230.293: log(norms):     [2047.94, 2051.01, 2054.11, 2054.16, 2054.16, 2054.19, 2054.23, 2054.17, 2054.47, 2054.33]
exp017-n2048-k09-d280-bs60-f1.000-r00:277230.343: (4021 sec)
exp017-n2048-k09-d280-bs60-f1.000-r00:277230.343: Loop 66/100
exp017-n2048-k09-d280-bs60-f1.000-r00:281266.725: log(exp-norms): [2047.94, 2050.22, 2051.58]
exp017-n2048-k09-d280-bs60-f1.000-r00:281266.726: log(norms):     [2047.94, 2051.01, 2054.11, 2054.16, 2054.16, 2054.19, 2054.23, 2054.17, 2054.47, 2054.29]
exp017-n2048-k09-d280-bs60-f1.000-r00:281266.776: (4037 sec)
exp017-n2048-k09-d280-bs60-f1.000-r00:281266.776: Loop 67/100
exp017-n2048-k09-d280-bs60-f1.000-r00:285166.464: log(exp-norms): [2047.94, 2050.22, 2051.58]
exp017-n2048-k09-d280-bs60-f1.000-r00:285166.465: log(norms):     [2047.94, 2051.01, 2054.11, 2054.16, 2054.16, 2054.19, 2054.23, 2054.17, 2054.47, 2054.29]
exp017-n2048-k09-d280-bs60-f1.000-r00:285166.530: (3900 sec)
exp017-n2048-k09-d280-bs60-f1.000-r00:285166.531: Loop 68/100
exp017-n2048-k09-d280-bs60-f1.000-r00:289202.267: log(exp-norms): [2047.94, 2050.22, 2051.58]
exp017-n2048-k09-d280-bs60-f1.000-r00:289202.268: log(norms):     [2047.94, 2051.01, 2054.11, 2054.16, 2054.16, 2054.19, 2054.23, 2054.17, 2054.47, 2054.29]
exp017-n2048-k09-d280-bs60-f1.000-r00:289202.317: (4036 sec)
exp017-n2048-k09-d280-bs60-f1.000-r00:289202.317: Loop 69/100
exp017-n2048-k09-d280-bs60-f1.000-r00:293229.876: log(exp-norms): [2047.94, 2050.22, 2051.58]
exp017-n2048-k09-d280-bs60-f1.000-r00:293229.877: log(norms):     [2047.94, 2051.01, 2054.11, 2054.16, 2054.16, 2054.19, 2054.23, 2054.17, 2054.47, 2054.29]
exp017-n2048-k09-d280-bs60-f1.000-r00:293229.926: (4028 sec)
exp017-n2048-k09-d280-bs60-f1.000-r00:293229.926: Loop 70/100
exp017-n2048-k09-d280-bs60-f1.000-r00:297185.098: log(exp-norms): [2047.94, 2050.22, 2051.58]
exp017-n2048-k09-d280-bs60-f1.000-r00:297185.099: log(norms):     [2047.94, 2051.01, 2054.11, 2054.16, 2054.16, 2054.19, 2054.23, 2054.17, 2054.27, 2054.47]
exp017-n2048-k09-d280-bs60-f1.000-r00:297185.148: (3956 sec)
exp017-n2048-k09-d280-bs60-f1.000-r00:297185.148: Loop 71/100
exp017-n2048-k09-d280-bs60-f1.000-r00:301018.642: log(exp-norms): [2047.94, 2050.22, 2051.58]
exp017-n2048-k09-d280-bs60-f1.000-r00:301018.643: log(norms):     [2047.94, 2051.01, 2054.11, 2054.16, 2054.16, 2054.19, 2054.23, 2054.17, 2054.27, 2054.47]
exp017-n2048-k09-d280-bs60-f1.000-r00:301018.691: (3834 sec)
exp017-n2048-k09-d280-bs60-f1.000-r00:301018.691: Loop 72/100
exp017-n2048-k09-d280-bs60-f1.000-r00:304970.638: log(exp-norms): [2047.94, 2050.22, 2051.58]
exp017-n2048-k09-d280-bs60-f1.000-r00:304970.639: log(norms):     [2047.94, 2051.01, 2054.11, 2054.16, 2054.16, 2054.19, 2054.23, 2054.17, 2054.27, 2054.47]
exp017-n2048-k09-d280-bs60-f1.000-r00:304970.686: (3952 sec)
exp017-n2048-k09-d280-bs60-f1.000-r00:304970.687: Loop 73/100
exp017-n2048-k09-d280-bs60-f1.000-r00:308852.012: log(exp-norms): [2047.94, 2050.22, 2051.58]
exp017-n2048-k09-d280-bs60-f1.000-r00:308852.013: log(norms):     [2047.94, 2051.01, 2054.11, 2054.16, 2054.16, 2054.19, 2054.23, 2054.17, 2054.27, 2054.47]
exp017-n2048-k09-d280-bs60-f1.000-r00:308852.063: (3882 sec)
exp017-n2048-k09-d280-bs60-f1.000-r00:308852.063: Loop 74/100
exp017-n2048-k09-d280-bs60-f1.000-r00:312763.541: log(exp-norms): [2047.94, 2050.22, 2051.58]
exp017-n2048-k09-d280-bs60-f1.000-r00:312763.542: log(norms):     [2047.94, 2051.01, 2054.11, 2054.16, 2054.16, 2054.19, 2054.23, 2054.17, 2054.27, 2054.47]
exp017-n2048-k09-d280-bs60-f1.000-r00:312763.572: (3912 sec)
exp017-n2048-k09-d280-bs60-f1.000-r00:312763.573: Loop 75/100
exp017-n2048-k09-d280-bs60-f1.000-r00:316448.156: log(exp-norms): [2047.94, 2050.22, 2051.58]
exp017-n2048-k09-d280-bs60-f1.000-r00:316448.157: log(norms):     [2047.94, 2051.01, 2054.11, 2054.16, 2054.16, 2054.19, 2054.23, 2054.17, 2054.27, 2054.47]
exp017-n2048-k09-d280-bs60-f1.000-r00:316448.206: (3685 sec)
exp017-n2048-k09-d280-bs60-f1.000-r00:316448.206: Loop 76/100
exp017-n2048-k09-d280-bs60-f1.000-r00:320176.999: log(exp-norms): [2047.94, 2050.22, 2051.58]
exp017-n2048-k09-d280-bs60-f1.000-r00:320177.000: log(norms):     [2047.94, 2051.01, 2054.11, 2054.16, 2054.16, 2054.19, 2054.23, 2054.17, 2054.27, 2054.47]
exp017-n2048-k09-d280-bs60-f1.000-r00:320177.049: (3729 sec)
exp017-n2048-k09-d280-bs60-f1.000-r00:320177.049: Loop 77/100
exp017-n2048-k09-d280-bs60-f1.000-r00:324033.505: log(exp-norms): [2047.94, 2050.22, 2051.58]
exp017-n2048-k09-d280-bs60-f1.000-r00:324033.506: log(norms):     [2047.94, 2051.01, 2054.11, 2054.16, 2054.16, 2054.19, 2054.23, 2054.17, 2054.27, 2054.47]
exp017-n2048-k09-d280-bs60-f1.000-r00:324033.558: (3857 sec)
exp017-n2048-k09-d280-bs60-f1.000-r00:324033.558: Loop 78/100
exp017-n2048-k09-d280-bs60-f1.000-r00:327958.337: log(exp-norms): [2047.94, 2050.22, 2051.58]
exp017-n2048-k09-d280-bs60-f1.000-r00:327958.337: log(norms):     [2047.94, 2051.01, 2054.1, 2054.11, 2054.22, 2054.16, 2054.16, 2054.19, 2054.23, 2054.17]
exp017-n2048-k09-d280-bs60-f1.000-r00:327958.386: (3925 sec)
exp017-n2048-k09-d280-bs60-f1.000-r00:327958.386: Loop 79/100
exp017-n2048-k09-d280-bs60-f1.000-r00:331773.584: log(exp-norms): [2047.94, 2050.22, 2051.58]
exp017-n2048-k09-d280-bs60-f1.000-r00:331773.585: log(norms):     [2047.94, 2051.01, 2054.1, 2054.11, 2054.22, 2054.16, 2054.16, 2054.19, 2054.39, 2054.23]
exp017-n2048-k09-d280-bs60-f1.000-r00:331773.633: (3816 sec)
exp017-n2048-k09-d280-bs60-f1.000-r00:331773.633: Loop 80/100
exp017-n2048-k09-d280-bs60-f1.000-r00:335510.013: log(exp-norms): [2047.94, 2050.22, 2051.58]
exp017-n2048-k09-d280-bs60-f1.000-r00:335510.014: log(norms):     [2047.94, 2051.01, 2054.1, 2054.11, 2054.22, 2054.16, 2054.16, 2054.19, 2054.39, 2054.23]
exp017-n2048-k09-d280-bs60-f1.000-r00:335510.063: (3737 sec)
exp017-n2048-k09-d280-bs60-f1.000-r00:335510.063: Loop 81/100
exp017-n2048-k09-d280-bs60-f1.000-r00:339042.866: log(exp-norms): [2047.94, 2050.22, 2051.58]
exp017-n2048-k09-d280-bs60-f1.000-r00:339042.868: log(norms):     [2047.94, 2051.01, 2054.1, 2054.11, 2054.22, 2054.16, 2054.16, 2054.19, 2054.39, 2054.23]
exp017-n2048-k09-d280-bs60-f1.000-r00:339042.918: (3533 sec)
exp017-n2048-k09-d280-bs60-f1.000-r00:339042.918: Loop 82/100
exp017-n2048-k09-d280-bs60-f1.000-r00:342755.518: log(exp-norms): [2047.94, 2050.22, 2051.58]
exp017-n2048-k09-d280-bs60-f1.000-r00:342755.519: log(norms):     [2047.94, 2051.01, 2054.1, 2054.11, 2054.22, 2054.16, 2054.16, 2054.19, 2054.39, 2054.23]
exp017-n2048-k09-d280-bs60-f1.000-r00:342755.550: (3713 sec)
exp017-n2048-k09-d280-bs60-f1.000-r00:342755.550: Loop 83/100
exp017-n2048-k09-d280-bs60-f1.000-r00:346154.627: log(exp-norms): [2047.94, 2050.22, 2051.58]
exp017-n2048-k09-d280-bs60-f1.000-r00:346154.628: log(norms):     [2047.94, 2051.01, 2054.1, 2054.11, 2054.22, 2054.16, 2054.16, 2054.19, 2054.39, 2054.23]
exp017-n2048-k09-d280-bs60-f1.000-r00:346154.678: (3400 sec)
exp017-n2048-k09-d280-bs60-f1.000-r00:346154.679: Loop 84/100
exp017-n2048-k09-d280-bs60-f1.000-r00:349886.228: log(exp-norms): [2047.94, 2050.22, 2051.58]
exp017-n2048-k09-d280-bs60-f1.000-r00:349886.229: log(norms):     [2047.94, 2051.01, 2054.1, 2054.11, 2054.22, 2054.16, 2054.16, 2054.19, 2054.39, 2054.23]
exp017-n2048-k09-d280-bs60-f1.000-r00:349886.278: (3732 sec)
exp017-n2048-k09-d280-bs60-f1.000-r00:349886.278: Loop 85/100
exp017-n2048-k09-d280-bs60-f1.000-r00:353659.479: log(exp-norms): [2047.94, 2050.22, 2051.58]
exp017-n2048-k09-d280-bs60-f1.000-r00:353659.480: log(norms):     [2047.94, 2051.01, 2054.1, 2054.11, 2054.22, 2054.16, 2054.16, 2054.19, 2054.39, 2054.23]
exp017-n2048-k09-d280-bs60-f1.000-r00:353659.529: (3774 sec)
exp017-n2048-k09-d280-bs60-f1.000-r00:353659.529: Loop 86/100
exp017-n2048-k09-d280-bs60-f1.000-r00:356988.866: log(exp-norms): [2047.94, 2050.22, 2051.58]
exp017-n2048-k09-d280-bs60-f1.000-r00:356988.867: log(norms):     [2047.94, 2051.01, 2054.1, 2054.11, 2054.22, 2054.16, 2054.16, 2054.19, 2054.39, 2054.23]
exp017-n2048-k09-d280-bs60-f1.000-r00:356988.916: (3330 sec)
exp017-n2048-k09-d280-bs60-f1.000-r00:356988.916: Loop 87/100
exp017-n2048-k09-d280-bs60-f1.000-r00:360621.795: log(exp-norms): [2047.94, 2050.22, 2051.58]
exp017-n2048-k09-d280-bs60-f1.000-r00:360621.796: log(norms):     [2047.94, 2051.01, 2054.1, 2054.11, 2054.22, 2054.16, 2054.16, 2054.19, 2054.39, 2054.23]
exp017-n2048-k09-d280-bs60-f1.000-r00:360621.845: (3633 sec)
exp017-n2048-k09-d280-bs60-f1.000-r00:360621.845: Loop 88/100
exp017-n2048-k09-d280-bs60-f1.000-r00:364274.320: log(exp-norms): [2047.94, 2050.22, 2051.58]
exp017-n2048-k09-d280-bs60-f1.000-r00:364274.321: log(norms):     [2047.94, 2051.01, 2054.1, 2054.11, 2054.22, 2054.16, 2054.16, 2054.19, 2054.39, 2054.23]
exp017-n2048-k09-d280-bs60-f1.000-r00:364274.352: (3653 sec)
exp017-n2048-k09-d280-bs60-f1.000-r00:364274.353: Loop 89/100
exp017-n2048-k09-d280-bs60-f1.000-r00:367864.745: log(exp-norms): [2047.94, 2050.22, 2051.58]
exp017-n2048-k09-d280-bs60-f1.000-r00:367864.745: log(norms):     [2047.94, 2051.01, 2054.1, 2054.11, 2054.22, 2054.16, 2054.16, 2054.19, 2054.39, 2054.23]
exp017-n2048-k09-d280-bs60-f1.000-r00:367864.776: (3591 sec)
exp017-n2048-k09-d280-bs60-f1.000-r00:367864.776: Loop 90/100
exp017-n2048-k09-d280-bs60-f1.000-r00:371392.774: log(exp-norms): [2047.94, 2050.22, 2051.58]
exp017-n2048-k09-d280-bs60-f1.000-r00:371392.775: log(norms):     [2047.94, 2051.01, 2054.1, 2054.11, 2054.22, 2054.16, 2054.16, 2054.19, 2054.39, 2054.23]
exp017-n2048-k09-d280-bs60-f1.000-r00:371392.805: (3529 sec)
exp017-n2048-k09-d280-bs60-f1.000-r00:371392.805: Loop 91/100
exp017-n2048-k09-d280-bs60-f1.000-r00:375001.631: log(exp-norms): [2047.94, 2050.22, 2051.58]
exp017-n2048-k09-d280-bs60-f1.000-r00:375001.632: log(norms):     [2047.94, 2051.01, 2054.1, 2054.11, 2054.22, 2054.23, 2054.16, 2054.16, 2054.23, 2054.19]
exp017-n2048-k09-d280-bs60-f1.000-r00:375001.680: (3609 sec)
exp017-n2048-k09-d280-bs60-f1.000-r00:375001.680: Loop 92/100
exp017-n2048-k09-d280-bs60-f1.000-r00:378618.277: log(exp-norms): [2047.94, 2050.22, 2051.58]
exp017-n2048-k09-d280-bs60-f1.000-r00:378618.278: log(norms):     [2047.94, 2051.01, 2054.1, 2054.11, 2054.22, 2054.23, 2054.16, 2054.16, 2054.23, 2054.19]
exp017-n2048-k09-d280-bs60-f1.000-r00:378618.308: (3617 sec)
exp017-n2048-k09-d280-bs60-f1.000-r00:378618.309: Loop 93/100
exp017-n2048-k09-d280-bs60-f1.000-r00:382327.199: log(exp-norms): [2047.94, 2050.22, 2051.58]
exp017-n2048-k09-d280-bs60-f1.000-r00:382327.200: log(norms):     [2047.94, 2051.01, 2054.1, 2054.11, 2054.22, 2054.23, 2054.16, 2054.16, 2054.23, 2054.31]
exp017-n2048-k09-d280-bs60-f1.000-r00:382327.249: (3709 sec)
exp017-n2048-k09-d280-bs60-f1.000-r00:382327.250: Loop 94/100
exp017-n2048-k09-d280-bs60-f1.000-r00:385884.369: log(exp-norms): [2047.94, 2050.22, 2051.58]
exp017-n2048-k09-d280-bs60-f1.000-r00:385884.370: log(norms):     [2047.94, 2051.01, 2054.1, 2054.11, 2054.22, 2054.23, 2054.16, 2054.16, 2054.23, 2054.31]
exp017-n2048-k09-d280-bs60-f1.000-r00:385884.419: (3558 sec)
exp017-n2048-k09-d280-bs60-f1.000-r00:385884.419: Loop 95/100
exp017-n2048-k09-d280-bs60-f1.000-r00:389567.841: log(exp-norms): [2047.94, 2050.22, 2051.58]
exp017-n2048-k09-d280-bs60-f1.000-r00:389567.842: log(norms):     [2047.94, 2051.01, 2054.1, 2054.11, 2054.22, 2054.23, 2054.16, 2054.16, 2054.23, 2054.31]
exp017-n2048-k09-d280-bs60-f1.000-r00:389567.892: (3684 sec)
exp017-n2048-k09-d280-bs60-f1.000-r00:389567.892: Loop 96/100
exp017-n2048-k09-d280-bs60-f1.000-r00:393226.794: log(exp-norms): [2047.94, 2050.22, 2051.58]
exp017-n2048-k09-d280-bs60-f1.000-r00:393226.795: log(norms):     [2047.94, 2051.01, 2054.1, 2054.11, 2054.22, 2054.23, 2054.16, 2054.16, 2054.23, 2054.31]
exp017-n2048-k09-d280-bs60-f1.000-r00:393226.843: (3659 sec)
exp017-n2048-k09-d280-bs60-f1.000-r00:393226.843: Loop 97/100
exp017-n2048-k09-d280-bs60-f1.000-r00:396741.403: log(exp-norms): [2047.94, 2050.22, 2051.58]
exp017-n2048-k09-d280-bs60-f1.000-r00:396741.404: log(norms):     [2047.94, 2051.01, 2054.1, 2054.11, 2054.22, 2054.23, 2054.16, 2054.16, 2054.23, 2054.31]
exp017-n2048-k09-d280-bs60-f1.000-r00:396741.452: (3515 sec)
exp017-n2048-k09-d280-bs60-f1.000-r00:396741.452: Loop 98/100
exp017-n2048-k09-d280-bs60-f1.000-r00:400263.639: log(exp-norms): [2047.94, 2050.22, 2051.58]
exp017-n2048-k09-d280-bs60-f1.000-r00:400263.640: log(norms):     [2047.94, 2051.01, 2054.1, 2054.11, 2054.22, 2054.23, 2054.16, 2054.16, 2054.23, 2054.31]
exp017-n2048-k09-d280-bs60-f1.000-r00:400263.689: (3523 sec)
exp017-n2048-k09-d280-bs60-f1.000-r00:400263.689: Loop 99/100
exp017-n2048-k09-d280-bs60-f1.000-r00:403870.316: log(exp-norms): [2047.94, 2050.22, 2051.58]
exp017-n2048-k09-d280-bs60-f1.000-r00:403870.318: log(norms):     [2047.94, 2051.01, 2054.1, 2054.11, 2054.22, 2054.24, 2054.19, 2054.23, 2054.16, 2054.37]
exp017-n2048-k09-d280-bs60-f1.000-r00:403870.366: (3607 sec)
exp017-n2048-k09-d280-bs60-f1.000-r00:403870.367: Loop 100/100
exp017-n2048-k09-d280-bs60-f1.000-r00:407535.834: log(exp-norms): [2047.94, 2050.22, 2051.58]
exp017-n2048-k09-d280-bs60-f1.000-r00:407535.835: log(norms):     [2047.94, 2051.01, 2054.1, 2054.11, 2054.22, 2054.24, 2054.19, 2054.23, 2054.16, 2054.37]
exp017-n2048-k09-d280-bs60-f1.000-r00:407535.883: (3666 sec)
exp017-n2048-k09-d280-bs60-f1.000-r00:407535.883: ==========================Summary===========================
exp017-n2048-k09-d280-bs60-f1.000-r00:407535.883: Total time: 407536sec
exp017-n2048-k09-d280-bs60-f1.000-r00:407535.884: FAIL
exp017-n2048-k09-d280-bs60-f1.000-r00:407535.884: SUMMARY:n:2048:k:9:d:280:bs:60:t:407536:r:False
