exp041-n2048-k09-d280-bs70-f1.000-r00:000000.414: ==========================Instance==========================
exp041-n2048-k09-d280-bs70-f1.000-r00:000000.414: # of equations: 280
exp041-n2048-k09-d280-bs70-f1.000-r00:000000.418: Gap: 2.56
exp041-n2048-k09-d280-bs70-f1.000-r00:000000.427: Tau: 1.62
exp041-n2048-k09-d280-bs70-f1.000-r00:000000.428: ======================BKZ-70 reduction======================
exp041-n2048-k09-d280-bs70-f1.000-r00:000011.458: Expectedly achievable log(norm): 2053.94
exp041-n2048-k09-d280-bs70-f1.000-r00:000022.836: log(exp-norms): [2047.94, 2050.22, 2051.58]
exp041-n2048-k09-d280-bs70-f1.000-r00:000022.837: log(norms):     [2060.23, 2051.01, 2056.89, 2056.89, 2056.89, 2056.89, 2056.89, 2056.89, 2056.89, 2056.89]
exp041-n2048-k09-d280-bs70-f1.000-r00:000022.946: Loop 1/100
exp041-n2048-k09-d280-bs70-f1.000-r00:064494.239: log(exp-norms): [2047.94, 2050.22, 2051.58]
exp041-n2048-k09-d280-bs70-f1.000-r00:064494.241: log(norms):     [2051.01, 2056.84, 2056.89, 2056.89, 2056.89, 2056.89, 2056.89, 2057.17, 2057.18, 2057.03]
exp041-n2048-k09-d280-bs70-f1.000-r00:064494.292: (64472 sec)
exp041-n2048-k09-d280-bs70-f1.000-r00:064494.292: Loop 2/100
exp041-n2048-k09-d280-bs70-f1.000-r00:119718.460: log(exp-norms): [2047.94, 2050.22, 2051.58]
exp041-n2048-k09-d280-bs70-f1.000-r00:119718.462: log(norms):     [2051.01, 2056.42, 2056.53, 2056.54, 2056.67, 2056.66, 2056.72, 2056.7, 2056.57, 2056.72]
exp041-n2048-k09-d280-bs70-f1.000-r00:119718.526: (55225 sec)
exp041-n2048-k09-d280-bs70-f1.000-r00:119718.527: Loop 3/100
exp041-n2048-k09-d280-bs70-f1.000-r00:172923.414: log(exp-norms): [2047.94, 2050.22, 2051.58]
exp041-n2048-k09-d280-bs70-f1.000-r00:172923.416: log(norms):     [2051.01, 2055.96, 2056.11, 2056.06, 2056.07, 2056.1, 2056.04, 2056.3, 2056.14, 2056.08]
exp041-n2048-k09-d280-bs70-f1.000-r00:172923.471: (53205 sec)
exp041-n2048-k09-d280-bs70-f1.000-r00:172923.472: Loop 4/100
exp041-n2048-k09-d280-bs70-f1.000-r00:219647.264: log(exp-norms): [2047.94, 2050.22, 2051.58]
exp041-n2048-k09-d280-bs70-f1.000-r00:219647.266: log(norms):     [2051.01, 2055.49, 2055.52, 2055.65, 2055.65, 2055.6, 2055.55, 2055.69, 2055.66, 2055.68]
exp041-n2048-k09-d280-bs70-f1.000-r00:219647.316: (46724 sec)
exp041-n2048-k09-d280-bs70-f1.000-r00:219647.317: Loop 5/100
exp041-n2048-k09-d280-bs70-f1.000-r00:270109.181: log(exp-norms): [2047.94, 2050.22, 2051.58]
exp041-n2048-k09-d280-bs70-f1.000-r00:270109.183: log(norms):     [2051.01, 2055.14, 2055.29, 2055.17, 2055.21, 2055.31, 2055.27, 2055.27, 2055.15, 2055.32]
exp041-n2048-k09-d280-bs70-f1.000-r00:270109.235: (50462 sec)
exp041-n2048-k09-d280-bs70-f1.000-r00:270109.235: Loop 6/100
exp041-n2048-k09-d280-bs70-f1.000-r00:321173.170: log(exp-norms): [2047.94, 2050.22, 2051.58]
exp041-n2048-k09-d280-bs70-f1.000-r00:321173.172: log(norms):     [2051.01, 2054.8, 2054.92, 2054.82, 2054.96, 2054.93, 2054.99, 2055.08, 2054.84, 2054.94]
exp041-n2048-k09-d280-bs70-f1.000-r00:321173.221: (51064 sec)
exp041-n2048-k09-d280-bs70-f1.000-r00:321173.222: Loop 7/100
exp041-n2048-k09-d280-bs70-f1.000-r00:369311.288: log(exp-norms): [2047.94, 2050.22, 2051.58]
exp041-n2048-k09-d280-bs70-f1.000-r00:369311.290: log(norms):     [2051.01, 2054.57, 2054.66, 2054.69, 2054.78, 2054.72, 2054.83, 2054.7, 2054.76, 2054.84]
exp041-n2048-k09-d280-bs70-f1.000-r00:369311.339: (48139 sec)
exp041-n2048-k09-d280-bs70-f1.000-r00:369311.340: Loop 8/100
exp041-n2048-k09-d280-bs70-f1.000-r00:415351.163: log(exp-norms): [2047.94, 2050.22, 2051.58]
exp041-n2048-k09-d280-bs70-f1.000-r00:415351.165: log(norms):     [2051.01, 2054.42, 2054.48, 2054.61, 2054.62, 2054.63, 2054.36, 2054.57, 2054.58, 2054.67]
exp041-n2048-k09-d280-bs70-f1.000-r00:415351.214: (46040 sec)
exp041-n2048-k09-d280-bs70-f1.000-r00:415351.215: Loop 9/100
exp041-n2048-k09-d280-bs70-f1.000-r00:459977.464: log(exp-norms): [2047.94, 2050.22, 2051.58]
exp041-n2048-k09-d280-bs70-f1.000-r00:459977.466: log(norms):     [2047.94, 2051.01, 2054.13, 2054.21, 2054.41, 2054.34, 2054.34, 2054.56, 2054.39, 2054.5]
exp041-n2048-k09-d280-bs70-f1.000-r00:459977.515: (44627 sec)
exp041-n2048-k09-d280-bs70-f1.000-r00:459977.515: Loop 10/100
exp041-n2048-k09-d280-bs70-f1.000-r00:502269.133: log(exp-norms): [2047.94, 2050.22, 2051.58]
exp041-n2048-k09-d280-bs70-f1.000-r00:502269.135: log(norms):     [2047.94, 2051.01, 2054.13, 2054.22, 2054.17, 2054.35, 2054.47, 2054.38, 2054.29, 2054.33]
exp041-n2048-k09-d280-bs70-f1.000-r00:502269.183: (42292 sec)
exp041-n2048-k09-d280-bs70-f1.000-r00:502269.183: Loop 11/100
exp041-n2048-k09-d280-bs70-f1.000-r00:540603.417: log(exp-norms): [2047.94, 2050.22, 2051.58]
exp041-n2048-k09-d280-bs70-f1.000-r00:540603.418: log(norms):     [2047.94, 2051.01, 2054.13, 2054.22, 2054.17, 2054.29, 2054.29, 2054.39, 2054.49, 2054.28]
exp041-n2048-k09-d280-bs70-f1.000-r00:540603.448: (38335 sec)
exp041-n2048-k09-d280-bs70-f1.000-r00:540603.448: Loop 12/100
exp041-n2048-k09-d280-bs70-f1.000-r00:575242.399: log(exp-norms): [2047.94, 2050.22, 2051.58]
exp041-n2048-k09-d280-bs70-f1.000-r00:575242.400: log(norms):     [2047.94, 2051.01, 2054.04, 2054.13, 2054.21, 2054.12, 2054.28, 2054.2, 2054.19, 2054.36]
exp041-n2048-k09-d280-bs70-f1.000-r00:575242.429: (34639 sec)
exp041-n2048-k09-d280-bs70-f1.000-r00:575242.430: Loop 13/100
exp041-n2048-k09-d280-bs70-f1.000-r00:606528.763: log(exp-norms): [2047.94, 2050.22, 2051.58]
exp041-n2048-k09-d280-bs70-f1.000-r00:606528.764: log(norms):     [2047.94, 2051.01, 2054.04, 2054.13, 2054.19, 2054.22, 2054.32, 2054.28, 2054.26, 2054.37]
exp041-n2048-k09-d280-bs70-f1.000-r00:606528.794: (31287 sec)
exp041-n2048-k09-d280-bs70-f1.000-r00:606528.794: Loop 14/100
exp041-n2048-k09-d280-bs70-f1.000-r00:639500.943: log(exp-norms): [2047.94, 2050.22, 2051.58]
exp041-n2048-k09-d280-bs70-f1.000-r00:639500.944: log(norms):     [2047.94, 2051.01, 2054.02, 2054.16, 2054.04, 2054.13, 2054.1, 2054.24, 2054.26, 2054.26]
exp041-n2048-k09-d280-bs70-f1.000-r00:639500.973: (32973 sec)
exp041-n2048-k09-d280-bs70-f1.000-r00:639500.974: Loop 15/100
exp041-n2048-k09-d280-bs70-f1.000-r00:670736.925: log(exp-norms): [2047.94, 2050.22, 2051.58]
exp041-n2048-k09-d280-bs70-f1.000-r00:670736.925: log(norms):     [2047.94, 2051.01, 2054.02, 2054.16, 2054.19, 2054.16, 2054.21, 2054.32, 2054.03, 2054.34]
exp041-n2048-k09-d280-bs70-f1.000-r00:670736.954: (31236 sec)
exp041-n2048-k09-d280-bs70-f1.000-r00:670736.954: Loop 16/100
exp041-n2048-k09-d280-bs70-f1.000-r00:700848.847: log(exp-norms): [2047.94, 2050.22, 2051.58]
exp041-n2048-k09-d280-bs70-f1.000-r00:700848.848: log(norms):     [2047.94, 2051.01, 2053.99, 2054.0, 2054.18, 2054.2, 2054.08, 2054.15, 2054.22, 2054.23]
exp041-n2048-k09-d280-bs70-f1.000-r00:700848.876: (30112 sec)
exp041-n2048-k09-d280-bs70-f1.000-r00:700848.877: Loop 17/100
exp041-n2048-k09-d280-bs70-f1.000-r00:729383.744: log(exp-norms): [2047.94, 2050.22, 2051.58]
exp041-n2048-k09-d280-bs70-f1.000-r00:729383.745: log(norms):     [2047.94, 2051.01, 2053.92, 2053.99, 2054.05, 2053.99, 2054.02, 2054.14, 2054.17, 2054.19]
exp041-n2048-k09-d280-bs70-f1.000-r00:729383.774: (28535 sec)
exp041-n2048-k09-d280-bs70-f1.000-r00:729383.774: Loop 18/100
exp041-n2048-k09-d280-bs70-f1.000-r00:759379.825: log(exp-norms): [2047.94, 2050.22, 2051.58]
exp041-n2048-k09-d280-bs70-f1.000-r00:759379.826: log(norms):     [2047.94, 2051.01, 2053.92, 2054.04, 2054.03, 2054.02, 2054.11, 2054.18, 2054.16, 2053.99]
exp041-n2048-k09-d280-bs70-f1.000-r00:759379.854: (29997 sec)
exp041-n2048-k09-d280-bs70-f1.000-r00:759379.855: Loop 19/100
exp041-n2048-k09-d280-bs70-f1.000-r00:786997.507: log(exp-norms): [2047.94, 2050.22, 2051.58]
exp041-n2048-k09-d280-bs70-f1.000-r00:786997.508: log(norms):     [2047.94, 2051.01, 2053.92, 2054.04, 2054.03, 2054.02, 2054.11, 2054.18, 2054.16, 2054.21]
exp041-n2048-k09-d280-bs70-f1.000-r00:786997.536: (27618 sec)
exp041-n2048-k09-d280-bs70-f1.000-r00:786997.537: Loop 20/100
exp041-n2048-k09-d280-bs70-f1.000-r00:817810.829: log(exp-norms): [2047.94, 2050.22, 2051.58]
exp041-n2048-k09-d280-bs70-f1.000-r00:817810.830: log(norms):     [2047.94, 2051.01, 2053.92, 2054.05, 2054.04, 2054.03, 2054.12, 2054.26, 2054.16, 2054.03]
exp041-n2048-k09-d280-bs70-f1.000-r00:817810.858: (30814 sec)
exp041-n2048-k09-d280-bs70-f1.000-r00:817810.859: Loop 21/100
exp041-n2048-k09-d280-bs70-f1.000-r00:851895.333: log(exp-norms): [2047.94, 2050.22, 2051.58]
exp041-n2048-k09-d280-bs70-f1.000-r00:851895.334: log(norms):     [2047.94, 2051.01, 2053.92, 2054.03, 2054.07, 2054.09, 2054.05, 2054.04, 2054.19, 2054.01]
exp041-n2048-k09-d280-bs70-f1.000-r00:851895.364: (34085 sec)
exp041-n2048-k09-d280-bs70-f1.000-r00:851895.364: Loop 22/100
exp041-n2048-k09-d280-bs70-f1.000-r00:880744.494: log(exp-norms): [2047.94, 2050.22, 2051.58]
exp041-n2048-k09-d280-bs70-f1.000-r00:880744.495: log(norms):     [2047.94, 2051.01, 2053.92, 2054.03, 2053.95, 2054.06, 2054.05, 2054.04, 2054.18, 2054.07]
exp041-n2048-k09-d280-bs70-f1.000-r00:880744.524: (28850 sec)
exp041-n2048-k09-d280-bs70-f1.000-r00:880744.525: Loop 23/100
exp041-n2048-k09-d280-bs70-f1.000-r00:915293.659: log(exp-norms): [2047.94, 2050.22, 2051.58]
exp041-n2048-k09-d280-bs70-f1.000-r00:915293.660: log(norms):     [2047.94, 2051.01, 2053.92, 2054.02, 2053.95, 2054.03, 2054.06, 2054.05, 2054.04, 2054.18]
exp041-n2048-k09-d280-bs70-f1.000-r00:915293.707: (34550 sec)
exp041-n2048-k09-d280-bs70-f1.000-r00:915293.707: Loop 24/100
exp041-n2048-k09-d280-bs70-f1.000-r00:945951.834: log(exp-norms): [2047.94, 2050.22, 2051.58]
exp041-n2048-k09-d280-bs70-f1.000-r00:945951.835: log(norms):     [2047.94, 2051.01, 2053.92, 2053.92, 2054.02, 2053.95, 2054.07, 2053.95, 2054.04, 2054.03]
exp041-n2048-k09-d280-bs70-f1.000-r00:945951.863: (30659 sec)
exp041-n2048-k09-d280-bs70-f1.000-r00:945951.864: Loop 25/100
exp041-n2048-k09-d280-bs70-f1.000-r00:973987.633: log(exp-norms): [2047.94, 2050.22, 2051.58]
exp041-n2048-k09-d280-bs70-f1.000-r00:973987.634: log(norms):     [2047.94, 2051.01, 2053.92, 2053.92, 2053.96, 2054.02, 2053.95, 2054.01, 2054.07, 2053.95]
exp041-n2048-k09-d280-bs70-f1.000-r00:973987.662: (28036 sec)
exp041-n2048-k09-d280-bs70-f1.000-r00:973987.662: Loop 26/100
exp041-n2048-k09-d280-bs70-f1.000-r00:1001847.068: log(exp-norms): [2047.94, 2050.22, 2051.58]
exp041-n2048-k09-d280-bs70-f1.000-r00:1001847.069: log(norms):     [2047.94, 2051.01, 2053.92, 2053.92, 2053.96, 2054.02, 2053.95, 2054.01, 2054.07, 2053.95]
exp041-n2048-k09-d280-bs70-f1.000-r00:1001847.097: (27860 sec)
exp041-n2048-k09-d280-bs70-f1.000-r00:1001847.098: Loop 27/100
exp041-n2048-k09-d280-bs70-f1.000-r00:1029329.561: log(exp-norms): [2047.94, 2050.22, 2051.58]
exp041-n2048-k09-d280-bs70-f1.000-r00:1029329.562: log(norms):     [2047.94, 2051.01, 2053.92, 2053.92, 2053.96, 2054.02, 2053.95, 2054.01, 2054.07, 2053.95]
exp041-n2048-k09-d280-bs70-f1.000-r00:1029329.590: (27483 sec)
exp041-n2048-k09-d280-bs70-f1.000-r00:1029329.590: Loop 28/100
exp041-n2048-k09-d280-bs70-f1.000-r00:1058650.857: log(exp-norms): [2047.94, 2050.22, 2051.58]
exp041-n2048-k09-d280-bs70-f1.000-r00:1058650.858: log(norms):     [2047.94, 2051.01, 2053.92, 2053.92, 2053.96, 2054.02, 2053.95, 2054.01, 2054.07, 2054.1]
exp041-n2048-k09-d280-bs70-f1.000-r00:1058650.887: (29322 sec)
exp041-n2048-k09-d280-bs70-f1.000-r00:1058650.887: Loop 29/100
exp041-n2048-k09-d280-bs70-f1.000-r00:1086870.291: log(exp-norms): [2047.94, 2050.22, 2051.58]
exp041-n2048-k09-d280-bs70-f1.000-r00:1086870.291: log(norms):     [2047.94, 2051.01, 2053.92, 2053.92, 2053.96, 2054.02, 2053.95, 2054.01, 2054.07, 2054.1]
exp041-n2048-k09-d280-bs70-f1.000-r00:1086870.320: (28220 sec)
exp041-n2048-k09-d280-bs70-f1.000-r00:1086870.320: Loop 30/100
exp041-n2048-k09-d280-bs70-f1.000-r00:1115746.099: log(exp-norms): [2047.94, 2050.22, 2051.58]
exp041-n2048-k09-d280-bs70-f1.000-r00:1115746.100: log(norms):     [2047.94, 2051.01, 2053.92, 2053.92, 2053.96, 2054.02, 2053.95, 2054.01, 2054.07, 2054.1]
exp041-n2048-k09-d280-bs70-f1.000-r00:1115746.129: (28876 sec)
exp041-n2048-k09-d280-bs70-f1.000-r00:1115746.129: Loop 31/100
exp041-n2048-k09-d280-bs70-f1.000-r00:1143352.273: log(exp-norms): [2047.94, 2050.22, 2051.58]
exp041-n2048-k09-d280-bs70-f1.000-r00:1143352.274: log(norms):     [2047.94, 2051.01, 2053.92, 2053.92, 2053.96, 2054.06, 2054.02, 2053.95, 2054.09, 2054.21]
exp041-n2048-k09-d280-bs70-f1.000-r00:1143352.303: (27607 sec)
exp041-n2048-k09-d280-bs70-f1.000-r00:1143352.303: Loop 32/100
exp041-n2048-k09-d280-bs70-f1.000-r00:1171464.158: log(exp-norms): [2047.94, 2050.22, 2051.58]
exp041-n2048-k09-d280-bs70-f1.000-r00:1171464.158: log(norms):     [2047.94, 2051.01, 2053.92, 2053.92, 2053.96, 2054.06, 2054.02, 2053.95, 2054.09, 2054.3]
exp041-n2048-k09-d280-bs70-f1.000-r00:1171464.188: (28112 sec)
exp041-n2048-k09-d280-bs70-f1.000-r00:1171464.188: Loop 33/100
exp041-n2048-k09-d280-bs70-f1.000-r00:1199898.369: log(exp-norms): [2047.94, 2050.22, 2051.58]
exp041-n2048-k09-d280-bs70-f1.000-r00:1199898.370: log(norms):     [2047.94, 2051.01, 2053.92, 2053.92, 2053.96, 2054.06, 2054.02, 2054.02, 2053.95, 2054.09]
exp041-n2048-k09-d280-bs70-f1.000-r00:1199898.399: (28435 sec)
exp041-n2048-k09-d280-bs70-f1.000-r00:1199898.399: Loop 34/100
exp041-n2048-k09-d280-bs70-f1.000-r00:1228619.256: log(exp-norms): [2047.94, 2050.22, 2051.58]
exp041-n2048-k09-d280-bs70-f1.000-r00:1228619.257: log(norms):     [2047.94, 2051.01, 2053.92, 2053.92, 2054.06, 2053.96, 2054.06, 2054.02, 2054.02, 2053.95]
exp041-n2048-k09-d280-bs70-f1.000-r00:1228619.286: (28721 sec)
exp041-n2048-k09-d280-bs70-f1.000-r00:1228619.286: Loop 35/100
exp041-n2048-k09-d280-bs70-f1.000-r00:1257866.055: log(exp-norms): [2047.94, 2050.22, 2051.58]
exp041-n2048-k09-d280-bs70-f1.000-r00:1257866.056: log(norms):     [2047.94, 2051.01, 2053.92, 2053.92, 2054.06, 2053.96, 2054.06, 2054.02, 2054.02, 2053.95]
exp041-n2048-k09-d280-bs70-f1.000-r00:1257866.086: (29247 sec)
exp041-n2048-k09-d280-bs70-f1.000-r00:1257866.086: Loop 36/100
exp041-n2048-k09-d280-bs70-f1.000-r00:1286206.026: log(exp-norms): [2047.94, 2050.22, 2051.58]
exp041-n2048-k09-d280-bs70-f1.000-r00:1286206.026: log(norms):     [2047.94, 2051.01, 2053.92, 2053.92, 2054.06, 2053.96, 2054.06, 2054.02, 2054.27, 2054.18]
exp041-n2048-k09-d280-bs70-f1.000-r00:1286206.054: (28340 sec)
exp041-n2048-k09-d280-bs70-f1.000-r00:1286206.055: Loop 37/100
exp041-n2048-k09-d280-bs70-f1.000-r00:1314916.044: log(exp-norms): [2047.94, 2050.22, 2051.58]
exp041-n2048-k09-d280-bs70-f1.000-r00:1314916.045: log(norms):     [2047.94, 2051.01, 2053.92, 2053.92, 2054.06, 2053.96, 2054.06, 2054.02, 2054.27, 2054.18]
exp041-n2048-k09-d280-bs70-f1.000-r00:1314916.074: (28711 sec)
exp041-n2048-k09-d280-bs70-f1.000-r00:1314916.074: Loop 38/100
exp041-n2048-k09-d280-bs70-f1.000-r00:1343429.785: log(exp-norms): [2047.94, 2050.22, 2051.58]
exp041-n2048-k09-d280-bs70-f1.000-r00:1343429.786: log(norms):     [2047.94, 2051.01, 2053.92, 2053.92, 2054.06, 2053.96, 2054.06, 2054.02, 2054.07, 2054.27]
exp041-n2048-k09-d280-bs70-f1.000-r00:1343429.833: (28514 sec)
exp041-n2048-k09-d280-bs70-f1.000-r00:1343429.834: Loop 39/100
exp041-n2048-k09-d280-bs70-f1.000-r00:1371958.789: log(exp-norms): [2047.94, 2050.22, 2051.58]
exp041-n2048-k09-d280-bs70-f1.000-r00:1371958.790: log(norms):     [2047.94, 2051.01, 2053.92, 2053.92, 2054.06, 2053.96, 2054.06, 2054.02, 2054.07, 2054.29]
exp041-n2048-k09-d280-bs70-f1.000-r00:1371958.818: (28529 sec)
exp041-n2048-k09-d280-bs70-f1.000-r00:1371958.819: Loop 40/100
exp041-n2048-k09-d280-bs70-f1.000-r00:1400479.122: log(exp-norms): [2047.94, 2050.22, 2051.58]
exp041-n2048-k09-d280-bs70-f1.000-r00:1400479.123: log(norms):     [2047.94, 2051.01, 2053.92, 2053.92, 2054.06, 2054.1, 2053.96, 2054.06, 2054.02, 2054.07]
exp041-n2048-k09-d280-bs70-f1.000-r00:1400479.151: (28521 sec)
exp041-n2048-k09-d280-bs70-f1.000-r00:1400479.152: Loop 41/100
exp041-n2048-k09-d280-bs70-f1.000-r00:1429361.040: log(exp-norms): [2047.94, 2050.22, 2051.58]
exp041-n2048-k09-d280-bs70-f1.000-r00:1429361.041: log(norms):     [2047.94, 2051.01, 2053.92, 2053.92, 2054.06, 2054.1, 2053.96, 2054.06, 2054.02, 2054.07]
exp041-n2048-k09-d280-bs70-f1.000-r00:1429361.070: (28882 sec)
exp041-n2048-k09-d280-bs70-f1.000-r00:1429361.070: Loop 42/100
exp041-n2048-k09-d280-bs70-f1.000-r00:1458259.651: log(exp-norms): [2047.94, 2050.22, 2051.58]
exp041-n2048-k09-d280-bs70-f1.000-r00:1458259.652: log(norms):     [2047.94, 2051.01, 2053.92, 2053.92, 2054.06, 2054.1, 2053.96, 2054.06, 2054.02, 2054.07]
exp041-n2048-k09-d280-bs70-f1.000-r00:1458259.699: (28899 sec)
exp041-n2048-k09-d280-bs70-f1.000-r00:1458259.699: Loop 43/100
exp041-n2048-k09-d280-bs70-f1.000-r00:1487052.812: log(exp-norms): [2047.94, 2050.22, 2051.58]
exp041-n2048-k09-d280-bs70-f1.000-r00:1487052.813: log(norms):     [2047.94, 2051.01, 2053.92, 2053.92, 2054.06, 2054.1, 2053.96, 2054.06, 2053.94, 2054.07]
exp041-n2048-k09-d280-bs70-f1.000-r00:1487052.842: (28794 sec)
exp041-n2048-k09-d280-bs70-f1.000-r00:1487052.842: Loop 44/100
exp041-n2048-k09-d280-bs70-f1.000-r00:1514902.085: log(exp-norms): [2047.94, 2050.22, 2051.58]
exp041-n2048-k09-d280-bs70-f1.000-r00:1514902.086: log(norms):     [2047.94, 2051.01, 2053.92, 2053.92, 2054.06, 2054.1, 2054.02, 2053.96, 2054.06, 2053.94]
exp041-n2048-k09-d280-bs70-f1.000-r00:1514902.115: (27850 sec)
exp041-n2048-k09-d280-bs70-f1.000-r00:1514902.115: Loop 45/100
exp041-n2048-k09-d280-bs70-f1.000-r00:1542669.465: log(exp-norms): [2047.94, 2050.22, 2051.58]
exp041-n2048-k09-d280-bs70-f1.000-r00:1542669.466: log(norms):     [2047.94, 2051.01, 2053.92, 2053.92, 2054.06, 2054.1, 2054.02, 2053.96, 2054.06, 2053.94]
exp041-n2048-k09-d280-bs70-f1.000-r00:1542669.495: (27768 sec)
exp041-n2048-k09-d280-bs70-f1.000-r00:1542669.495: Loop 46/100
exp041-n2048-k09-d280-bs70-f1.000-r00:1570564.938: log(exp-norms): [2047.94, 2050.22, 2051.58]
exp041-n2048-k09-d280-bs70-f1.000-r00:1570564.939: log(norms):     [2047.94, 2051.01, 2053.92, 2053.92, 2054.06, 2054.1, 2054.02, 2053.91, 2053.96, 2054.26]
exp041-n2048-k09-d280-bs70-f1.000-r00:1570564.967: (27896 sec)
exp041-n2048-k09-d280-bs70-f1.000-r00:1570564.967: Loop 47/100
exp041-n2048-k09-d280-bs70-f1.000-r00:1599683.517: log(exp-norms): [2047.94, 2050.22, 2051.58]
exp041-n2048-k09-d280-bs70-f1.000-r00:1599683.518: log(norms):     [2047.94, 2051.01, 2053.91, 2053.92, 2053.92, 2053.96, 2054.13, 2054.06, 2054.02, 2054.17]
exp041-n2048-k09-d280-bs70-f1.000-r00:1599683.548: (29119 sec)
exp041-n2048-k09-d280-bs70-f1.000-r00:1599683.548: Loop 48/100
exp041-n2048-k09-d280-bs70-f1.000-r00:1628922.667: log(exp-norms): [2047.94, 2050.22, 2051.58]
exp041-n2048-k09-d280-bs70-f1.000-r00:1628922.668: log(norms):     [2047.94, 2051.01, 2053.91, 2053.92, 2053.92, 2053.96, 2054.13, 2054.06, 2054.02, 2054.17]
exp041-n2048-k09-d280-bs70-f1.000-r00:1628922.697: (29240 sec)
exp041-n2048-k09-d280-bs70-f1.000-r00:1628922.697: Loop 49/100
exp041-n2048-k09-d280-bs70-f1.000-r00:1657103.170: log(exp-norms): [2047.94, 2050.22, 2051.58]
exp041-n2048-k09-d280-bs70-f1.000-r00:1657103.171: log(norms):     [2047.94, 2051.01, 2053.91, 2053.92, 2053.92, 2053.96, 2054.13, 2054.06, 2054.18, 2054.02]
exp041-n2048-k09-d280-bs70-f1.000-r00:1657103.199: (28181 sec)
exp041-n2048-k09-d280-bs70-f1.000-r00:1657103.199: Loop 50/100
