exp045-n2048-k09-d320-bs70-f1.000-r00:000000.376: ==========================Instance==========================
exp045-n2048-k09-d320-bs70-f1.000-r00:000000.376: # of equations: 320
exp045-n2048-k09-d320-bs70-f1.000-r00:000000.381: Gap: 4.82
exp045-n2048-k09-d320-bs70-f1.000-r00:000000.391: Tau: 5.36
exp045-n2048-k09-d320-bs70-f1.000-r00:000000.391: ======================BKZ-70 reduction======================
exp045-n2048-k09-d320-bs70-f1.000-r00:000014.804: Expectedly achievable log(norm): 2055.48
exp045-n2048-k09-d320-bs70-f1.000-r00:000029.148: log(exp-norms): [2047.94, 2050.32, 2052.59]
exp045-n2048-k09-d320-bs70-f1.000-r00:000029.149: log(norms):     [2060.33, 2051.11, 2056.89, 2056.89, 2056.89, 2056.89, 2056.89, 2056.89, 2056.89, 2056.89]
exp045-n2048-k09-d320-bs70-f1.000-r00:000029.254: Loop 1/100
exp045-n2048-k09-d320-bs70-f1.000-r00:091180.766: log(exp-norms): [2047.94, 2050.32, 2052.59]
exp045-n2048-k09-d320-bs70-f1.000-r00:091180.768: log(norms):     [2051.11, 2056.89, 2056.89, 2056.89, 2056.89, 2056.89, 2056.89, 2056.89, 2056.89, 2056.89]
exp045-n2048-k09-d320-bs70-f1.000-r00:091180.826: (91152 sec)
exp045-n2048-k09-d320-bs70-f1.000-r00:091180.826: Loop 2/100
exp045-n2048-k09-d320-bs70-f1.000-r00:161535.015: log(exp-norms): [2047.94, 2050.32, 2052.59]
exp045-n2048-k09-d320-bs70-f1.000-r00:161535.018: log(norms):     [2051.11, 2056.89, 2056.89, 2056.89, 2056.89, 2056.89, 2056.89, 2056.89, 2056.89, 2056.89]
exp045-n2048-k09-d320-bs70-f1.000-r00:161535.079: (70355 sec)
exp045-n2048-k09-d320-bs70-f1.000-r00:161535.080: Loop 3/100
exp045-n2048-k09-d320-bs70-f1.000-r00:231950.881: log(exp-norms): [2047.94, 2050.32, 2052.59]
exp045-n2048-k09-d320-bs70-f1.000-r00:231950.883: log(norms):     [2051.11, 2056.89, 2056.89, 2056.89, 2056.89, 2056.89, 2056.89, 2056.89, 2056.89, 2056.89]
exp045-n2048-k09-d320-bs70-f1.000-r00:231950.940: (70416 sec)
exp045-n2048-k09-d320-bs70-f1.000-r00:231950.940: Loop 4/100
exp045-n2048-k09-d320-bs70-f1.000-r00:306937.127: log(exp-norms): [2047.94, 2050.32, 2052.59]
exp045-n2048-k09-d320-bs70-f1.000-r00:306937.129: log(norms):     [2051.11, 2056.89, 2056.89, 2056.89, 2056.89, 2056.89, 2056.89, 2056.89, 2056.89, 2056.89]
exp045-n2048-k09-d320-bs70-f1.000-r00:306937.186: (74987 sec)
exp045-n2048-k09-d320-bs70-f1.000-r00:306937.187: Loop 5/100
exp045-n2048-k09-d320-bs70-f1.000-r00:380660.136: log(exp-norms): [2047.94, 2050.32, 2052.59]
exp045-n2048-k09-d320-bs70-f1.000-r00:380660.139: log(norms):     [2051.11, 2056.89, 2056.89, 2056.89, 2057.04, 2056.89, 2057.17, 2057.14, 2057.34, 2057.05]
exp045-n2048-k09-d320-bs70-f1.000-r00:380660.195: (73724 sec)
exp045-n2048-k09-d320-bs70-f1.000-r00:380660.196: Loop 6/100
exp045-n2048-k09-d320-bs70-f1.000-r00:448366.897: log(exp-norms): [2047.94, 2050.32, 2052.59]
exp045-n2048-k09-d320-bs70-f1.000-r00:448366.899: log(norms):     [2051.11, 2056.74, 2056.84, 2056.74, 2056.83, 2056.94, 2056.78, 2056.91, 2056.98, 2057.11]
exp045-n2048-k09-d320-bs70-f1.000-r00:448366.954: (67707 sec)
exp045-n2048-k09-d320-bs70-f1.000-r00:448366.955: Loop 7/100
exp045-n2048-k09-d320-bs70-f1.000-r00:512137.093: log(exp-norms): [2047.94, 2050.32, 2052.59]
exp045-n2048-k09-d320-bs70-f1.000-r00:512137.095: log(norms):     [2051.11, 2056.47, 2056.6, 2056.48, 2056.6, 2056.54, 2056.4, 2056.64, 2056.7, 2056.74]
exp045-n2048-k09-d320-bs70-f1.000-r00:512137.149: (63771 sec)
exp045-n2048-k09-d320-bs70-f1.000-r00:512137.150: Loop 8/100
exp045-n2048-k09-d320-bs70-f1.000-r00:567141.878: log(exp-norms): [2047.94, 2050.32, 2052.59]
exp045-n2048-k09-d320-bs70-f1.000-r00:567141.880: log(norms):     [2047.94, 2051.11, 2056.28, 2056.3, 2056.28, 2056.34, 2056.4, 2056.49, 2056.36, 2056.56]
exp045-n2048-k09-d320-bs70-f1.000-r00:567141.933: (55005 sec)
exp045-n2048-k09-d320-bs70-f1.000-r00:567141.934: Loop 9/100
exp045-n2048-k09-d320-bs70-f1.000-r00:618632.578: log(exp-norms): [2047.94, 2050.32, 2052.59]
exp045-n2048-k09-d320-bs70-f1.000-r00:618632.579: log(norms):     [2047.94, 2051.11, 2056.07, 2056.09, 2056.11, 2056.18, 2056.22, 2056.22, 2056.24, 2056.3]
exp045-n2048-k09-d320-bs70-f1.000-r00:618632.632: (51491 sec)
exp045-n2048-k09-d320-bs70-f1.000-r00:618632.633: Loop 10/100
exp045-n2048-k09-d320-bs70-f1.000-r00:665176.098: log(exp-norms): [2047.94, 2050.32, 2052.59]
exp045-n2048-k09-d320-bs70-f1.000-r00:665176.099: log(norms):     [2047.94, 2051.11, 2055.98, 2056.05, 2056.01, 2056.06, 2056.13, 2056.15, 2056.27, 2056.38]
exp045-n2048-k09-d320-bs70-f1.000-r00:665176.132: (46544 sec)
exp045-n2048-k09-d320-bs70-f1.000-r00:665176.133: Loop 11/100
exp045-n2048-k09-d320-bs70-f1.000-r00:709382.398: log(exp-norms): [2047.94, 2050.32, 2052.59]
exp045-n2048-k09-d320-bs70-f1.000-r00:709382.399: log(norms):     [2047.94, 2051.11, 2055.87, 2055.9, 2055.93, 2055.99, 2056.04, 2055.9, 2055.98, 2056.12]
exp045-n2048-k09-d320-bs70-f1.000-r00:709382.431: (44207 sec)
exp045-n2048-k09-d320-bs70-f1.000-r00:709382.432: Loop 12/100
exp045-n2048-k09-d320-bs70-f1.000-r00:752182.642: log(exp-norms): [2047.94, 2050.32, 2052.59]
exp045-n2048-k09-d320-bs70-f1.000-r00:752182.643: log(norms):     [2047.94, 2051.11, 2055.78, 2055.84, 2055.89, 2055.9, 2056.04, 2056.04, 2055.97, 2055.99]
exp045-n2048-k09-d320-bs70-f1.000-r00:752182.675: (42801 sec)
exp045-n2048-k09-d320-bs70-f1.000-r00:752182.675: Loop 13/100
exp045-n2048-k09-d320-bs70-f1.000-r00:797431.898: log(exp-norms): [2047.94, 2050.32, 2052.59]
exp045-n2048-k09-d320-bs70-f1.000-r00:797431.900: log(norms):     [2047.94, 2051.11, 2055.76, 2055.78, 2055.84, 2055.89, 2055.84, 2055.89, 2055.87, 2056.02]
exp045-n2048-k09-d320-bs70-f1.000-r00:797431.952: (45250 sec)
exp045-n2048-k09-d320-bs70-f1.000-r00:797431.953: Loop 14/100
exp045-n2048-k09-d320-bs70-f1.000-r00:847652.556: log(exp-norms): [2047.94, 2050.32, 2052.59]
exp045-n2048-k09-d320-bs70-f1.000-r00:847652.557: log(norms):     [2047.94, 2051.11, 2055.67, 2055.71, 2055.89, 2055.88, 2055.7, 2055.84, 2055.7, 2055.9]
exp045-n2048-k09-d320-bs70-f1.000-r00:847652.589: (50221 sec)
exp045-n2048-k09-d320-bs70-f1.000-r00:847652.590: Loop 15/100
exp045-n2048-k09-d320-bs70-f1.000-r00:890895.239: log(exp-norms): [2047.94, 2050.32, 2052.59]
exp045-n2048-k09-d320-bs70-f1.000-r00:890895.240: log(norms):     [2047.94, 2051.11, 2055.51, 2055.67, 2055.73, 2055.72, 2055.73, 2055.7, 2055.71, 2055.9]
exp045-n2048-k09-d320-bs70-f1.000-r00:890895.273: (43243 sec)
exp045-n2048-k09-d320-bs70-f1.000-r00:890895.273: Loop 16/100
exp045-n2048-k09-d320-bs70-f1.000-r00:933004.343: log(exp-norms): [2047.94, 2050.32, 2052.59]
exp045-n2048-k09-d320-bs70-f1.000-r00:933004.344: log(norms):     [2047.94, 2051.11, 2055.51, 2055.58, 2055.66, 2055.68, 2055.76, 2055.76, 2055.73, 2055.72]
exp045-n2048-k09-d320-bs70-f1.000-r00:933004.377: (42110 sec)
exp045-n2048-k09-d320-bs70-f1.000-r00:933004.377: Loop 17/100
exp045-n2048-k09-d320-bs70-f1.000-r00:975694.223: log(exp-norms): [2047.94, 2050.32, 2052.59]
exp045-n2048-k09-d320-bs70-f1.000-r00:975694.224: log(norms):     [2047.94, 2051.11, 2055.51, 2055.58, 2055.64, 2055.69, 2055.66, 2055.8, 2055.82, 2055.82]
exp045-n2048-k09-d320-bs70-f1.000-r00:975694.260: (42690 sec)
exp045-n2048-k09-d320-bs70-f1.000-r00:975694.260: Loop 18/100
exp045-n2048-k09-d320-bs70-f1.000-r00:1019784.650: log(exp-norms): [2047.94, 2050.32, 2052.59]
exp045-n2048-k09-d320-bs70-f1.000-r00:1019784.652: log(norms):     [2047.94, 2051.11, 2055.51, 2055.58, 2055.64, 2055.69, 2055.66, 2055.79, 2055.91, 2055.88]
exp045-n2048-k09-d320-bs70-f1.000-r00:1019784.684: (44091 sec)
exp045-n2048-k09-d320-bs70-f1.000-r00:1019784.684: Loop 19/100
exp045-n2048-k09-d320-bs70-f1.000-r00:1065152.716: log(exp-norms): [2047.94, 2050.32, 2052.59]
exp045-n2048-k09-d320-bs70-f1.000-r00:1065152.717: log(norms):     [2047.94, 2051.11, 2055.51, 2055.56, 2055.61, 2055.61, 2055.52, 2055.81, 2055.77, 2055.65]
exp045-n2048-k09-d320-bs70-f1.000-r00:1065152.750: (45369 sec)
exp045-n2048-k09-d320-bs70-f1.000-r00:1065152.751: Loop 20/100
exp045-n2048-k09-d320-bs70-f1.000-r00:1107697.977: log(exp-norms): [2047.94, 2050.32, 2052.59]
exp045-n2048-k09-d320-bs70-f1.000-r00:1107697.978: log(norms):     [2047.94, 2051.11, 2055.51, 2055.61, 2055.54, 2055.61, 2055.6, 2055.71, 2055.68, 2055.7]
exp045-n2048-k09-d320-bs70-f1.000-r00:1107698.010: (42546 sec)
exp045-n2048-k09-d320-bs70-f1.000-r00:1107698.011: Loop 21/100
exp045-n2048-k09-d320-bs70-f1.000-r00:1150653.405: log(exp-norms): [2047.94, 2050.32, 2052.59]
exp045-n2048-k09-d320-bs70-f1.000-r00:1150653.406: log(norms):     [2047.94, 2051.11, 2055.51, 2055.61, 2055.54, 2055.61, 2055.7, 2055.65, 2055.6, 2055.96]
exp045-n2048-k09-d320-bs70-f1.000-r00:1150653.439: (42956 sec)
exp045-n2048-k09-d320-bs70-f1.000-r00:1150653.440: Loop 22/100
exp045-n2048-k09-d320-bs70-f1.000-r00:1198337.089: log(exp-norms): [2047.94, 2050.32, 2052.59]
exp045-n2048-k09-d320-bs70-f1.000-r00:1198337.091: log(norms):     [2047.94, 2051.11, 2055.51, 2055.61, 2055.54, 2055.61, 2055.65, 2055.7, 2055.6, 2055.77]
exp045-n2048-k09-d320-bs70-f1.000-r00:1198337.123: (47684 sec)
exp045-n2048-k09-d320-bs70-f1.000-r00:1198337.124: Loop 23/100
exp045-n2048-k09-d320-bs70-f1.000-r00:1240964.936: log(exp-norms): [2047.94, 2050.32, 2052.59]
exp045-n2048-k09-d320-bs70-f1.000-r00:1240964.937: log(norms):     [2047.94, 2051.11, 2055.51, 2055.52, 2055.61, 2055.54, 2055.7, 2055.6, 2055.62, 2055.79]
exp045-n2048-k09-d320-bs70-f1.000-r00:1240964.970: (42628 sec)
exp045-n2048-k09-d320-bs70-f1.000-r00:1240964.970: Loop 24/100
exp045-n2048-k09-d320-bs70-f1.000-r00:1283565.721: log(exp-norms): [2047.94, 2050.32, 2052.59]
exp045-n2048-k09-d320-bs70-f1.000-r00:1283565.722: log(norms):     [2047.94, 2051.11, 2055.51, 2055.52, 2055.67, 2055.61, 2055.67, 2055.58, 2055.76, 2055.73]
exp045-n2048-k09-d320-bs70-f1.000-r00:1283565.755: (42601 sec)
exp045-n2048-k09-d320-bs70-f1.000-r00:1283565.755: Loop 25/100
exp045-n2048-k09-d320-bs70-f1.000-r00:1324922.108: log(exp-norms): [2047.94, 2050.32, 2052.59]
exp045-n2048-k09-d320-bs70-f1.000-r00:1324922.109: log(norms):     [2047.94, 2051.11, 2055.39, 2055.51, 2055.52, 2055.6, 2055.62, 2055.62, 2055.72, 2055.67]
exp045-n2048-k09-d320-bs70-f1.000-r00:1324922.142: (41357 sec)
exp045-n2048-k09-d320-bs70-f1.000-r00:1324922.142: Loop 26/100
exp045-n2048-k09-d320-bs70-f1.000-r00:1368969.020: log(exp-norms): [2047.94, 2050.32, 2052.59]
exp045-n2048-k09-d320-bs70-f1.000-r00:1368969.021: log(norms):     [2047.94, 2051.11, 2055.39, 2055.45, 2055.52, 2055.65, 2055.55, 2055.74, 2055.73, 2055.53]
exp045-n2048-k09-d320-bs70-f1.000-r00:1368969.054: (44047 sec)
exp045-n2048-k09-d320-bs70-f1.000-r00:1368969.054: Loop 27/100
exp045-n2048-k09-d320-bs70-f1.000-r00:1411486.422: log(exp-norms): [2047.94, 2050.32, 2052.59]
exp045-n2048-k09-d320-bs70-f1.000-r00:1411486.423: log(norms):     [2047.94, 2051.11, 2055.39, 2055.45, 2055.51, 2055.52, 2055.65, 2055.69, 2055.58, 2055.89]
exp045-n2048-k09-d320-bs70-f1.000-r00:1411486.456: (42518 sec)
exp045-n2048-k09-d320-bs70-f1.000-r00:1411486.456: Loop 28/100
exp045-n2048-k09-d320-bs70-f1.000-r00:1453676.629: log(exp-norms): [2047.94, 2050.32, 2052.59]
exp045-n2048-k09-d320-bs70-f1.000-r00:1453676.630: log(norms):     [2047.94, 2051.11, 2055.39, 2055.45, 2055.51, 2055.51, 2055.61, 2055.5, 2055.65, 2055.63]
exp045-n2048-k09-d320-bs70-f1.000-r00:1453676.663: (42191 sec)
exp045-n2048-k09-d320-bs70-f1.000-r00:1453676.663: Loop 29/100
exp045-n2048-k09-d320-bs70-f1.000-r00:1501262.760: log(exp-norms): [2047.94, 2050.32, 2052.59]
exp045-n2048-k09-d320-bs70-f1.000-r00:1501262.761: log(norms):     [2047.94, 2051.11, 2055.39, 2055.45, 2055.51, 2055.51, 2055.61, 2055.5, 2055.65, 2055.63]
exp045-n2048-k09-d320-bs70-f1.000-r00:1501262.793: (47587 sec)
exp045-n2048-k09-d320-bs70-f1.000-r00:1501262.794: Loop 30/100
exp045-n2048-k09-d320-bs70-f1.000-r00:1545320.156: log(exp-norms): [2047.94, 2050.32, 2052.59]
exp045-n2048-k09-d320-bs70-f1.000-r00:1545320.157: log(norms):     [2047.94, 2051.11, 2055.39, 2055.45, 2055.51, 2055.51, 2055.61, 2055.5, 2055.65, 2055.77]
exp045-n2048-k09-d320-bs70-f1.000-r00:1545320.190: (44058 sec)
exp045-n2048-k09-d320-bs70-f1.000-r00:1545320.190: Loop 31/100
exp045-n2048-k09-d320-bs70-f1.000-r00:1588520.881: log(exp-norms): [2047.94, 2050.32, 2052.59]
exp045-n2048-k09-d320-bs70-f1.000-r00:1588520.883: log(norms):     [2047.94, 2051.11, 2055.39, 2055.45, 2055.51, 2055.51, 2055.61, 2055.69, 2055.5, 2055.65]
exp045-n2048-k09-d320-bs70-f1.000-r00:1588520.916: (43201 sec)
exp045-n2048-k09-d320-bs70-f1.000-r00:1588520.917: Loop 32/100
exp045-n2048-k09-d320-bs70-f1.000-r00:1632674.175: log(exp-norms): [2047.94, 2050.32, 2052.59]
exp045-n2048-k09-d320-bs70-f1.000-r00:1632674.176: log(norms):     [2047.94, 2051.11, 2055.39, 2055.45, 2055.51, 2055.51, 2055.61, 2055.54, 2055.69, 2055.75]
exp045-n2048-k09-d320-bs70-f1.000-r00:1632674.208: (44154 sec)
exp045-n2048-k09-d320-bs70-f1.000-r00:1632674.209: Loop 33/100
