exp026-n2048-k11-d260-bs70-f1.000-r00:000000.267: ==========================Instance==========================
exp026-n2048-k11-d260-bs70-f1.000-r00:000000.267: # of equations: 260
exp026-n2048-k11-d260-bs70-f1.000-r00:000000.272: Gap: 6.88
exp026-n2048-k11-d260-bs70-f1.000-r00:000000.280: Tau: 12.10
exp026-n2048-k11-d260-bs70-f1.000-r00:000000.281: ======================BKZ-70 reduction======================
exp026-n2048-k11-d260-bs70-f1.000-r00:000009.720: Expectedly achievable log(norm): 2055.06
exp026-n2048-k11-d260-bs70-f1.000-r00:000018.803: log(exp-norms): [2047.94, 2050.17, 2052.95]
exp026-n2048-k11-d260-bs70-f1.000-r00:000018.803: log(norms):     [2062.14, 2050.96, 2058.89, 2058.89, 2058.89, 2058.89, 2058.89, 2058.89, 2058.89, 2058.89]
exp026-n2048-k11-d260-bs70-f1.000-r00:000018.894: Loop 1/100
exp026-n2048-k11-d260-bs70-f1.000-r00:052358.369: log(exp-norms): [2047.94, 2050.17, 2052.95]
exp026-n2048-k11-d260-bs70-f1.000-r00:052358.370: log(norms):     [2050.96, 2057.96, 2058.22, 2058.27, 2058.31, 2058.28, 2058.25, 2058.3, 2058.42, 2058.4]
exp026-n2048-k11-d260-bs70-f1.000-r00:052358.416: (52340 sec)
exp026-n2048-k11-d260-bs70-f1.000-r00:052358.417: Loop 2/100
exp026-n2048-k11-d260-bs70-f1.000-r00:096379.957: log(exp-norms): [2047.94, 2050.17, 2052.95]
exp026-n2048-k11-d260-bs70-f1.000-r00:096379.960: log(norms):     [2047.94, 2050.96, 2057.31, 2057.37, 2057.42, 2057.42, 2057.6, 2057.58, 2057.68, 2057.66]
exp026-n2048-k11-d260-bs70-f1.000-r00:096380.007: (44022 sec)
exp026-n2048-k11-d260-bs70-f1.000-r00:096380.008: Loop 3/100
exp026-n2048-k11-d260-bs70-f1.000-r00:138618.051: log(exp-norms): [2047.94, 2050.17, 2052.95]
exp026-n2048-k11-d260-bs70-f1.000-r00:138618.054: log(norms):     [2047.94, 2050.96, 2056.83, 2056.88, 2056.88, 2056.85, 2057.03, 2056.97, 2057.1, 2056.95]
exp026-n2048-k11-d260-bs70-f1.000-r00:138618.101: (42239 sec)
exp026-n2048-k11-d260-bs70-f1.000-r00:138618.102: Loop 4/100
exp026-n2048-k11-d260-bs70-f1.000-r00:180524.021: log(exp-norms): [2047.94, 2050.17, 2052.95]
exp026-n2048-k11-d260-bs70-f1.000-r00:180524.023: log(norms):     [2047.94, 2050.96, 2056.33, 2056.43, 2056.51, 2056.33, 2056.6, 2056.36, 2056.42, 2056.45]
exp026-n2048-k11-d260-bs70-f1.000-r00:180524.070: (41906 sec)
exp026-n2048-k11-d260-bs70-f1.000-r00:180524.071: Loop 5/100
exp026-n2048-k11-d260-bs70-f1.000-r00:222315.608: log(exp-norms): [2047.94, 2050.17, 2052.95]
exp026-n2048-k11-d260-bs70-f1.000-r00:222315.610: log(norms):     [2047.94, 2050.96, 2056.02, 2056.03, 2056.04, 2056.06, 2056.12, 2056.2, 2056.22, 2056.21]
exp026-n2048-k11-d260-bs70-f1.000-r00:222315.658: (41792 sec)
exp026-n2048-k11-d260-bs70-f1.000-r00:222315.658: Loop 6/100
exp026-n2048-k11-d260-bs70-f1.000-r00:263311.523: log(exp-norms): [2047.94, 2050.17, 2052.95]
exp026-n2048-k11-d260-bs70-f1.000-r00:263311.525: log(norms):     [2047.94, 2050.96, 2055.74, 2055.83, 2055.77, 2055.86, 2055.85, 2055.74, 2055.89, 2056.07]
exp026-n2048-k11-d260-bs70-f1.000-r00:263311.585: (40996 sec)
exp026-n2048-k11-d260-bs70-f1.000-r00:263311.585: Loop 7/100
exp026-n2048-k11-d260-bs70-f1.000-r00:303742.334: log(exp-norms): [2047.94, 2050.17, 2052.95]
exp026-n2048-k11-d260-bs70-f1.000-r00:303742.336: log(norms):     [2047.94, 2050.96, 2055.55, 2055.63, 2055.68, 2055.5, 2055.58, 2055.7, 2055.69, 2055.68]
exp026-n2048-k11-d260-bs70-f1.000-r00:303742.383: (40431 sec)
exp026-n2048-k11-d260-bs70-f1.000-r00:303742.384: Loop 8/100
exp026-n2048-k11-d260-bs70-f1.000-r00:342678.328: log(exp-norms): [2047.94, 2050.17, 2052.95]
exp026-n2048-k11-d260-bs70-f1.000-r00:342678.331: log(norms):     [2047.94, 2050.96, 2055.44, 2055.46, 2055.53, 2055.5, 2055.5, 2055.59, 2055.7, 2055.52]
exp026-n2048-k11-d260-bs70-f1.000-r00:342678.377: (38936 sec)
exp026-n2048-k11-d260-bs70-f1.000-r00:342678.378: Loop 9/100
exp026-n2048-k11-d260-bs70-f1.000-r00:379466.587: log(exp-norms): [2047.94, 2050.17, 2052.95]
exp026-n2048-k11-d260-bs70-f1.000-r00:379466.589: log(norms):     [2047.94, 2050.96, 2055.31, 2055.32, 2055.35, 2055.47, 2055.37, 2055.48, 2055.46, 2055.49]
exp026-n2048-k11-d260-bs70-f1.000-r00:379466.635: (36789 sec)
exp026-n2048-k11-d260-bs70-f1.000-r00:379466.636: Loop 10/100
exp026-n2048-k11-d260-bs70-f1.000-r00:415394.656: log(exp-norms): [2047.94, 2050.17, 2052.95]
exp026-n2048-k11-d260-bs70-f1.000-r00:415394.657: log(norms):     [2047.94, 2050.96, 2055.15, 2055.17, 2055.25, 2055.21, 2055.28, 2055.41, 2055.37, 2055.39]
exp026-n2048-k11-d260-bs70-f1.000-r00:415394.685: (35929 sec)
exp026-n2048-k11-d260-bs70-f1.000-r00:415394.686: Loop 11/100
exp026-n2048-k11-d260-bs70-f1.000-r00:450569.409: log(exp-norms): [2047.94, 2050.17, 2052.95]
exp026-n2048-k11-d260-bs70-f1.000-r00:450569.411: log(norms):     [2047.94, 2050.96, 2055.12, 2055.15, 2055.31, 2055.19, 2055.26, 2055.2, 2055.18, 2055.39]
exp026-n2048-k11-d260-bs70-f1.000-r00:450569.456: (35175 sec)
exp026-n2048-k11-d260-bs70-f1.000-r00:450569.457: Loop 12/100
exp026-n2048-k11-d260-bs70-f1.000-r00:484896.251: log(exp-norms): [2047.94, 2050.17, 2052.95]
exp026-n2048-k11-d260-bs70-f1.000-r00:484896.253: log(norms):     [2047.94, 2050.96, 2055.12, 2055.25, 2055.16, 2055.29, 2055.24, 2055.28, 2055.07, 2055.26]
exp026-n2048-k11-d260-bs70-f1.000-r00:484896.298: (34327 sec)
exp026-n2048-k11-d260-bs70-f1.000-r00:484896.299: Loop 13/100
exp026-n2048-k11-d260-bs70-f1.000-r00:517225.634: log(exp-norms): [2047.94, 2050.17, 2052.95]
exp026-n2048-k11-d260-bs70-f1.000-r00:517225.635: log(norms):     [2047.94, 2050.96, 2055.07, 2055.12, 2055.25, 2055.31, 2055.39, 2055.32, 2055.31, 2055.41]
exp026-n2048-k11-d260-bs70-f1.000-r00:517225.663: (32330 sec)
exp026-n2048-k11-d260-bs70-f1.000-r00:517225.664: Loop 14/100
exp026-n2048-k11-d260-bs70-f1.000-r00:546290.902: log(exp-norms): [2047.94, 2050.17, 2052.95]
exp026-n2048-k11-d260-bs70-f1.000-r00:546290.903: log(norms):     [2047.94, 2050.17, 2050.96, 2055.07, 2055.17, 2055.12, 2055.09, 2055.26, 2055.11, 2055.33]
exp026-n2048-k11-d260-bs70-f1.000-r00:546290.931: (29066 sec)
exp026-n2048-k11-d260-bs70-f1.000-r00:546290.931: ==========================Summary===========================
exp026-n2048-k11-d260-bs70-f1.000-r00:546290.931: Total time: 546291sec
exp026-n2048-k11-d260-bs70-f1.000-r00:546290.931: SUCCESS
exp026-n2048-k11-d260-bs70-f1.000-r00:546290.931: HNP solution: 23237742589392345210154517575480582284594997949271932716675920138541964626231912928180965643418105249355876134926908209187736583031086769542662985386563119886154840449903476332729455692097847885628175875189003754077163253735753508070693864114240504244173560764720554543867483460766954415602896545301918410576130137962713413285667160375101043191033367290372361673182067652319561910232725122841905903378507906843559246554636733897605567101413452086366598301165905390620604681768560706038895162890362816593626342717536166595861800301293074449061062803728943993162018482566376554441857157838525442899767047343574658824450
exp026-n2048-k11-d260-bs70-f1.000-r00:546290.931: Shared secret: 23237742589392345210154517575480582284594997949271932716675920138541964626231912928180965643418105249355876134926908209187736583031086769542662985386563119886154840449903476332729455692097847885628175875189003754077163253735753508070693864114240504244173560764720554543867483460766954415602896545301918410576130137962713413285667160375101043191033367290372361673182067652319561910232725122841905903378507906843559246554636733897605567101413452086366598301165905390620604681768560706038895162890362816593626342717536166595861800301293074449061062803728943993162018482566376554441857157838525442899767047343574658824450
exp026-n2048-k11-d260-bs70-f1.000-r00:546290.932: SUMMARY:n:2048:k:11:d:260:bs:70:t:546291:r:True
