exp044-n2048-k09-d310-bs70-f1.000-r00:000000.347: ==========================Instance==========================
exp044-n2048-k09-d310-bs70-f1.000-r00:000000.347: # of equations: 310
exp044-n2048-k09-d310-bs70-f1.000-r00:000000.353: Gap: 4.18
exp044-n2048-k09-d310-bs70-f1.000-r00:000000.363: Tau: 4.09
exp044-n2048-k09-d310-bs70-f1.000-r00:000000.364: ======================BKZ-70 reduction======================
exp044-n2048-k09-d310-bs70-f1.000-r00:000012.227: Expectedly achievable log(norm): 2055.11
exp044-n2048-k09-d310-bs70-f1.000-r00:000026.154: log(exp-norms): [2047.94, 2050.29, 2052.36]
exp044-n2048-k09-d310-bs70-f1.000-r00:000026.155: log(norms):     [2060.3, 2051.09, 2056.89, 2056.89, 2056.89, 2056.89, 2056.89, 2056.89, 2056.89, 2056.89]
exp044-n2048-k09-d310-bs70-f1.000-r00:000026.268: Loop 1/100
exp044-n2048-k09-d310-bs70-f1.000-r00:086390.849: log(exp-norms): [2047.94, 2050.29, 2052.36]
exp044-n2048-k09-d310-bs70-f1.000-r00:086390.851: log(norms):     [2051.09, 2056.89, 2056.89, 2056.89, 2056.89, 2056.89, 2056.89, 2056.89, 2056.89, 2056.89]
exp044-n2048-k09-d310-bs70-f1.000-r00:086390.907: (86365 sec)
exp044-n2048-k09-d310-bs70-f1.000-r00:086390.907: Loop 2/100
exp044-n2048-k09-d310-bs70-f1.000-r00:154643.692: log(exp-norms): [2047.94, 2050.29, 2052.36]
exp044-n2048-k09-d310-bs70-f1.000-r00:154643.695: log(norms):     [2051.09, 2056.89, 2056.89, 2056.89, 2056.89, 2056.89, 2056.89, 2056.89, 2056.89, 2056.89]
exp044-n2048-k09-d310-bs70-f1.000-r00:154643.751: (68253 sec)
exp044-n2048-k09-d310-bs70-f1.000-r00:154643.752: Loop 3/100
exp044-n2048-k09-d310-bs70-f1.000-r00:219061.359: log(exp-norms): [2047.94, 2050.29, 2052.36]
exp044-n2048-k09-d310-bs70-f1.000-r00:219061.361: log(norms):     [2051.09, 2056.89, 2056.89, 2056.89, 2056.89, 2056.89, 2056.89, 2056.89, 2056.89, 2056.89]
exp044-n2048-k09-d310-bs70-f1.000-r00:219061.417: (64418 sec)
exp044-n2048-k09-d310-bs70-f1.000-r00:219061.418: Loop 4/100
exp044-n2048-k09-d310-bs70-f1.000-r00:284197.559: log(exp-norms): [2047.94, 2050.29, 2052.36]
exp044-n2048-k09-d310-bs70-f1.000-r00:284197.561: log(norms):     [2051.09, 2056.84, 2056.89, 2056.94, 2056.9, 2056.93, 2057.15, 2056.97, 2057.15, 2057.13]
exp044-n2048-k09-d310-bs70-f1.000-r00:284197.614: (65137 sec)
exp044-n2048-k09-d310-bs70-f1.000-r00:284197.615: Loop 5/100
exp044-n2048-k09-d310-bs70-f1.000-r00:346207.670: log(exp-norms): [2047.94, 2050.29, 2052.36]
exp044-n2048-k09-d310-bs70-f1.000-r00:346207.673: log(norms):     [2051.09, 2056.56, 2056.57, 2056.67, 2056.68, 2056.87, 2056.69, 2056.83, 2056.72, 2056.82]
exp044-n2048-k09-d310-bs70-f1.000-r00:346207.729: (62011 sec)
exp044-n2048-k09-d310-bs70-f1.000-r00:346207.730: Loop 6/100
exp044-n2048-k09-d310-bs70-f1.000-r00:407448.802: log(exp-norms): [2047.94, 2050.29, 2052.36]
exp044-n2048-k09-d310-bs70-f1.000-r00:407448.804: log(norms):     [2047.94, 2051.09, 2056.28, 2056.33, 2056.51, 2056.32, 2056.38, 2056.35, 2056.56, 2056.6]
exp044-n2048-k09-d310-bs70-f1.000-r00:407448.858: (61242 sec)
exp044-n2048-k09-d310-bs70-f1.000-r00:407448.859: Loop 7/100
exp044-n2048-k09-d310-bs70-f1.000-r00:466551.743: log(exp-norms): [2047.94, 2050.29, 2052.36]
exp044-n2048-k09-d310-bs70-f1.000-r00:466551.745: log(norms):     [2047.94, 2051.09, 2056.07, 2056.11, 2056.11, 2056.01, 2056.3, 2056.12, 2056.15, 2056.14]
exp044-n2048-k09-d310-bs70-f1.000-r00:466551.778: (59103 sec)
exp044-n2048-k09-d310-bs70-f1.000-r00:466551.778: Loop 8/100
exp044-n2048-k09-d310-bs70-f1.000-r00:521930.154: log(exp-norms): [2047.94, 2050.29, 2052.36]
exp044-n2048-k09-d310-bs70-f1.000-r00:521930.155: log(norms):     [2047.94, 2051.09, 2055.84, 2055.85, 2055.81, 2055.86, 2056.01, 2056.04, 2056.04, 2056.08]
exp044-n2048-k09-d310-bs70-f1.000-r00:521930.188: (55379 sec)
exp044-n2048-k09-d310-bs70-f1.000-r00:521930.189: Loop 9/100
exp044-n2048-k09-d310-bs70-f1.000-r00:571924.236: log(exp-norms): [2047.94, 2050.29, 2052.36]
exp044-n2048-k09-d310-bs70-f1.000-r00:571924.237: log(norms):     [2047.94, 2051.09, 2055.68, 2055.74, 2055.77, 2055.87, 2055.78, 2055.81, 2055.63, 2055.93]
exp044-n2048-k09-d310-bs70-f1.000-r00:571924.289: (49995 sec)
exp044-n2048-k09-d310-bs70-f1.000-r00:571924.290: Loop 10/100
exp044-n2048-k09-d310-bs70-f1.000-r00:616606.607: log(exp-norms): [2047.94, 2050.29, 2052.36]
exp044-n2048-k09-d310-bs70-f1.000-r00:616606.609: log(norms):     [2047.94, 2051.09, 2055.55, 2055.59, 2055.63, 2055.75, 2055.65, 2055.75, 2055.73, 2055.73]
exp044-n2048-k09-d310-bs70-f1.000-r00:616606.641: (44683 sec)
exp044-n2048-k09-d310-bs70-f1.000-r00:616606.641: Loop 11/100
exp044-n2048-k09-d310-bs70-f1.000-r00:660596.803: log(exp-norms): [2047.94, 2050.29, 2052.36]
exp044-n2048-k09-d310-bs70-f1.000-r00:660596.804: log(norms):     [2047.94, 2051.09, 2055.46, 2055.5, 2055.58, 2055.55, 2055.57, 2055.73, 2055.68, 2055.63]
exp044-n2048-k09-d310-bs70-f1.000-r00:660596.836: (43991 sec)
exp044-n2048-k09-d310-bs70-f1.000-r00:660596.836: Loop 12/100
exp044-n2048-k09-d310-bs70-f1.000-r00:700574.703: log(exp-norms): [2047.94, 2050.29, 2052.36]
exp044-n2048-k09-d310-bs70-f1.000-r00:700574.704: log(norms):     [2047.94, 2051.09, 2055.39, 2055.42, 2055.42, 2055.49, 2055.62, 2055.67, 2055.59, 2055.56]
exp044-n2048-k09-d310-bs70-f1.000-r00:700574.736: (39978 sec)
exp044-n2048-k09-d310-bs70-f1.000-r00:700574.736: Loop 13/100
exp044-n2048-k09-d310-bs70-f1.000-r00:740351.372: log(exp-norms): [2047.94, 2050.29, 2052.36]
exp044-n2048-k09-d310-bs70-f1.000-r00:740351.373: log(norms):     [2047.94, 2051.09, 2055.33, 2055.34, 2055.37, 2055.42, 2055.43, 2055.55, 2055.59, 2055.43]
exp044-n2048-k09-d310-bs70-f1.000-r00:740351.405: (39777 sec)
exp044-n2048-k09-d310-bs70-f1.000-r00:740351.405: Loop 14/100
exp044-n2048-k09-d310-bs70-f1.000-r00:779336.056: log(exp-norms): [2047.94, 2050.29, 2052.36]
exp044-n2048-k09-d310-bs70-f1.000-r00:779336.057: log(norms):     [2047.94, 2051.09, 2055.3, 2055.34, 2055.32, 2055.35, 2055.42, 2055.41, 2055.53, 2055.38]
exp044-n2048-k09-d310-bs70-f1.000-r00:779336.089: (38985 sec)
exp044-n2048-k09-d310-bs70-f1.000-r00:779336.089: Loop 15/100
exp044-n2048-k09-d310-bs70-f1.000-r00:821503.002: log(exp-norms): [2047.94, 2050.29, 2052.36]
exp044-n2048-k09-d310-bs70-f1.000-r00:821503.003: log(norms):     [2047.94, 2051.09, 2055.3, 2055.35, 2055.41, 2055.46, 2055.39, 2055.5, 2055.4, 2055.53]
exp044-n2048-k09-d310-bs70-f1.000-r00:821503.035: (42167 sec)
exp044-n2048-k09-d310-bs70-f1.000-r00:821503.036: Loop 16/100
exp044-n2048-k09-d310-bs70-f1.000-r00:860829.291: log(exp-norms): [2047.94, 2050.29, 2052.36]
exp044-n2048-k09-d310-bs70-f1.000-r00:860829.292: log(norms):     [2047.94, 2051.09, 2055.05, 2055.21, 2055.27, 2055.39, 2055.39, 2055.3, 2055.43, 2055.42]
exp044-n2048-k09-d310-bs70-f1.000-r00:860829.324: (39327 sec)
exp044-n2048-k09-d310-bs70-f1.000-r00:860829.325: Loop 17/100
exp044-n2048-k09-d310-bs70-f1.000-r00:901111.084: log(exp-norms): [2047.94, 2050.29, 2052.36]
exp044-n2048-k09-d310-bs70-f1.000-r00:901111.085: log(norms):     [2047.94, 2051.09, 2055.05, 2055.21, 2055.27, 2055.24, 2055.3, 2055.37, 2055.35, 2055.37]
exp044-n2048-k09-d310-bs70-f1.000-r00:901111.117: (40282 sec)
exp044-n2048-k09-d310-bs70-f1.000-r00:901111.118: Loop 18/100
exp044-n2048-k09-d310-bs70-f1.000-r00:941320.182: log(exp-norms): [2047.94, 2050.29, 2052.36]
exp044-n2048-k09-d310-bs70-f1.000-r00:941320.184: log(norms):     [2047.94, 2051.09, 2055.05, 2055.19, 2055.14, 2055.3, 2055.4, 2055.32, 2055.59, 2055.32]
exp044-n2048-k09-d310-bs70-f1.000-r00:941320.215: (40210 sec)
exp044-n2048-k09-d310-bs70-f1.000-r00:941320.215: Loop 19/100
exp044-n2048-k09-d310-bs70-f1.000-r00:980312.394: log(exp-norms): [2047.94, 2050.29, 2052.36]
exp044-n2048-k09-d310-bs70-f1.000-r00:980312.395: log(norms):     [2047.94, 2051.09, 2055.03, 2055.05, 2055.19, 2055.36, 2055.33, 2055.24, 2055.14, 2055.33]
exp044-n2048-k09-d310-bs70-f1.000-r00:980312.426: (38993 sec)
exp044-n2048-k09-d310-bs70-f1.000-r00:980312.427: Loop 20/100
exp044-n2048-k09-d310-bs70-f1.000-r00:1021278.961: log(exp-norms): [2047.94, 2050.29, 2052.36]
exp044-n2048-k09-d310-bs70-f1.000-r00:1021278.962: log(norms):     [2047.94, 2051.09, 2055.03, 2055.05, 2055.17, 2055.12, 2055.25, 2055.17, 2055.33, 2055.42]
exp044-n2048-k09-d310-bs70-f1.000-r00:1021278.994: (40967 sec)
exp044-n2048-k09-d310-bs70-f1.000-r00:1021278.994: Loop 21/100
exp044-n2048-k09-d310-bs70-f1.000-r00:1060309.784: log(exp-norms): [2047.94, 2050.29, 2052.36]
exp044-n2048-k09-d310-bs70-f1.000-r00:1060309.785: log(norms):     [2047.94, 2051.09, 2055.03, 2055.05, 2055.17, 2055.12, 2055.24, 2055.28, 2055.42, 2055.38]
exp044-n2048-k09-d310-bs70-f1.000-r00:1060309.817: (39031 sec)
exp044-n2048-k09-d310-bs70-f1.000-r00:1060309.817: Loop 22/100
exp044-n2048-k09-d310-bs70-f1.000-r00:1098892.063: log(exp-norms): [2047.94, 2050.29, 2052.36]
exp044-n2048-k09-d310-bs70-f1.000-r00:1098892.064: log(norms):     [2047.94, 2051.09, 2055.03, 2055.05, 2055.17, 2055.12, 2055.24, 2055.27, 2055.31, 2055.37]
exp044-n2048-k09-d310-bs70-f1.000-r00:1098892.095: (38583 sec)
exp044-n2048-k09-d310-bs70-f1.000-r00:1098892.096: Loop 23/100
exp044-n2048-k09-d310-bs70-f1.000-r00:1137371.102: log(exp-norms): [2047.94, 2050.29, 2052.36]
exp044-n2048-k09-d310-bs70-f1.000-r00:1137371.103: log(norms):     [2047.94, 2051.09, 2055.03, 2055.05, 2055.27, 2055.3, 2055.17, 2055.35, 2055.31, 2055.27]
exp044-n2048-k09-d310-bs70-f1.000-r00:1137371.135: (38480 sec)
exp044-n2048-k09-d310-bs70-f1.000-r00:1137371.135: Loop 24/100
exp044-n2048-k09-d310-bs70-f1.000-r00:1175664.790: log(exp-norms): [2047.94, 2050.29, 2052.36]
exp044-n2048-k09-d310-bs70-f1.000-r00:1175664.791: log(norms):     [2047.94, 2051.09, 2055.03, 2055.05, 2055.27, 2055.3, 2055.17, 2055.35, 2055.31, 2055.5]
exp044-n2048-k09-d310-bs70-f1.000-r00:1175664.822: (38294 sec)
exp044-n2048-k09-d310-bs70-f1.000-r00:1175664.823: Loop 25/100
exp044-n2048-k09-d310-bs70-f1.000-r00:1216214.921: log(exp-norms): [2047.94, 2050.29, 2052.36]
exp044-n2048-k09-d310-bs70-f1.000-r00:1216214.922: log(norms):     [2047.94, 2051.09, 2055.03, 2055.05, 2055.27, 2055.17, 2055.3, 2055.27, 2055.36, 2055.31]
exp044-n2048-k09-d310-bs70-f1.000-r00:1216214.954: (40551 sec)
exp044-n2048-k09-d310-bs70-f1.000-r00:1216214.955: Loop 26/100
exp044-n2048-k09-d310-bs70-f1.000-r00:1255695.666: log(exp-norms): [2047.94, 2050.29, 2052.36]
exp044-n2048-k09-d310-bs70-f1.000-r00:1255695.667: log(norms):     [2047.94, 2051.09, 2055.03, 2055.05, 2055.24, 2055.17, 2055.27, 2055.3, 2055.27, 2055.41]
exp044-n2048-k09-d310-bs70-f1.000-r00:1255695.699: (39481 sec)
exp044-n2048-k09-d310-bs70-f1.000-r00:1255695.699: Loop 27/100
exp044-n2048-k09-d310-bs70-f1.000-r00:1294343.885: log(exp-norms): [2047.94, 2050.29, 2052.36]
exp044-n2048-k09-d310-bs70-f1.000-r00:1294343.886: log(norms):     [2047.94, 2051.09, 2055.03, 2055.05, 2055.24, 2055.17, 2055.27, 2055.19, 2055.35, 2055.3]
exp044-n2048-k09-d310-bs70-f1.000-r00:1294343.918: (38649 sec)
exp044-n2048-k09-d310-bs70-f1.000-r00:1294343.918: Loop 28/100
exp044-n2048-k09-d310-bs70-f1.000-r00:1333641.319: log(exp-norms): [2047.94, 2050.29, 2052.36]
exp044-n2048-k09-d310-bs70-f1.000-r00:1333641.321: log(norms):     [2047.94, 2051.09, 2055.03, 2055.05, 2055.24, 2055.17, 2055.27, 2055.35, 2055.19, 2055.35]
exp044-n2048-k09-d310-bs70-f1.000-r00:1333641.352: (39298 sec)
exp044-n2048-k09-d310-bs70-f1.000-r00:1333641.353: Loop 29/100
exp044-n2048-k09-d310-bs70-f1.000-r00:1385331.312: log(exp-norms): [2047.94, 2050.29, 2052.36]
exp044-n2048-k09-d310-bs70-f1.000-r00:1385331.313: log(norms):     [2047.94, 2051.09, 2055.03, 2055.05, 2055.24, 2055.17, 2055.28, 2055.27, 2055.32, 2055.35]
exp044-n2048-k09-d310-bs70-f1.000-r00:1385331.365: (51691 sec)
exp044-n2048-k09-d310-bs70-f1.000-r00:1385331.365: Loop 30/100
exp044-n2048-k09-d310-bs70-f1.000-r00:1436741.505: log(exp-norms): [2047.94, 2050.29, 2052.36]
exp044-n2048-k09-d310-bs70-f1.000-r00:1436741.507: log(norms):     [2047.94, 2051.09, 2055.03, 2055.05, 2055.24, 2055.17, 2055.28, 2055.27, 2055.32, 2055.35]
exp044-n2048-k09-d310-bs70-f1.000-r00:1436741.539: (51411 sec)
exp044-n2048-k09-d310-bs70-f1.000-r00:1436741.539: Loop 31/100
exp044-n2048-k09-d310-bs70-f1.000-r00:1474874.928: log(exp-norms): [2047.94, 2050.29, 2052.36]
exp044-n2048-k09-d310-bs70-f1.000-r00:1474874.929: log(norms):     [2047.94, 2051.09, 2055.03, 2055.05, 2055.24, 2055.17, 2055.28, 2055.27, 2055.32, 2055.35]
exp044-n2048-k09-d310-bs70-f1.000-r00:1474874.960: (38134 sec)
exp044-n2048-k09-d310-bs70-f1.000-r00:1474874.961: Loop 32/100
exp044-n2048-k09-d310-bs70-f1.000-r00:1514294.992: log(exp-norms): [2047.94, 2050.29, 2052.36]
exp044-n2048-k09-d310-bs70-f1.000-r00:1514294.993: log(norms):     [2047.94, 2051.09, 2055.03, 2055.05, 2055.24, 2055.17, 2055.28, 2055.27, 2055.32, 2055.35]
exp044-n2048-k09-d310-bs70-f1.000-r00:1514295.025: (39421 sec)
exp044-n2048-k09-d310-bs70-f1.000-r00:1514295.025: Loop 33/100
exp044-n2048-k09-d310-bs70-f1.000-r00:1554242.040: log(exp-norms): [2047.94, 2050.29, 2052.36]
exp044-n2048-k09-d310-bs70-f1.000-r00:1554242.041: log(norms):     [2047.94, 2051.09, 2055.03, 2055.05, 2055.24, 2055.17, 2055.28, 2055.27, 2055.32, 2055.35]
exp044-n2048-k09-d310-bs70-f1.000-r00:1554242.073: (39948 sec)
exp044-n2048-k09-d310-bs70-f1.000-r00:1554242.073: Loop 34/100
exp044-n2048-k09-d310-bs70-f1.000-r00:1593533.919: log(exp-norms): [2047.94, 2050.29, 2052.36]
exp044-n2048-k09-d310-bs70-f1.000-r00:1593533.920: log(norms):     [2047.94, 2051.09, 2055.03, 2055.05, 2055.24, 2055.17, 2055.28, 2055.38, 2055.09, 2055.27]
exp044-n2048-k09-d310-bs70-f1.000-r00:1593533.951: (39292 sec)
exp044-n2048-k09-d310-bs70-f1.000-r00:1593533.952: Loop 35/100
exp044-n2048-k09-d310-bs70-f1.000-r00:1632817.040: log(exp-norms): [2047.94, 2050.29, 2052.36]
exp044-n2048-k09-d310-bs70-f1.000-r00:1632817.041: log(norms):     [2047.94, 2051.09, 2055.03, 2055.05, 2055.24, 2055.17, 2055.28, 2055.38, 2055.09, 2055.27]
exp044-n2048-k09-d310-bs70-f1.000-r00:1632817.073: (39284 sec)
exp044-n2048-k09-d310-bs70-f1.000-r00:1632817.073: Loop 36/100
