exp023-n2048-k09-d340-bs60-f1.000-r00:000000.290: ==========================Instance==========================
exp023-n2048-k09-d340-bs60-f1.000-r00:000000.290: # of equations: 340
exp023-n2048-k09-d340-bs60-f1.000-r00:000000.296: Gap: 6.26
exp023-n2048-k09-d340-bs60-f1.000-r00:000000.307: Tau: 8.74
exp023-n2048-k09-d340-bs60-f1.000-r00:000000.307: ======================BKZ-60 reduction======================
exp023-n2048-k09-d340-bs60-f1.000-r00:000016.424: Expectedly achievable log(norm): 2056.46
exp023-n2048-k09-d340-bs60-f1.000-r00:000032.168: log(exp-norms): [2047.94, 2050.36, 2053.01]
exp023-n2048-k09-d340-bs60-f1.000-r00:000032.169: log(norms):     [2060.36, 2051.15, 2056.89, 2056.89, 2056.89, 2056.89, 2056.89, 2056.89, 2056.89, 2056.89]
exp023-n2048-k09-d340-bs60-f1.000-r00:000032.283: Loop 1/100
exp023-n2048-k09-d340-bs60-f1.000-r00:021882.512: log(exp-norms): [2047.94, 2050.36, 2053.01]
exp023-n2048-k09-d340-bs60-f1.000-r00:021882.513: log(norms):     [2051.15, 2056.89, 2056.89, 2056.89, 2056.89, 2056.89, 2056.89, 2056.89, 2056.89, 2056.89]
exp023-n2048-k09-d340-bs60-f1.000-r00:021882.573: (21851 sec)
exp023-n2048-k09-d340-bs60-f1.000-r00:021882.574: Loop 2/100
exp023-n2048-k09-d340-bs60-f1.000-r00:029837.988: log(exp-norms): [2047.94, 2050.36, 2053.01]
exp023-n2048-k09-d340-bs60-f1.000-r00:029837.989: log(norms):     [2051.15, 2056.89, 2056.89, 2056.89, 2056.89, 2056.89, 2056.89, 2056.89, 2056.89, 2056.89]
exp023-n2048-k09-d340-bs60-f1.000-r00:029838.051: (7956 sec)
exp023-n2048-k09-d340-bs60-f1.000-r00:029838.052: Loop 3/100
exp023-n2048-k09-d340-bs60-f1.000-r00:037182.034: log(exp-norms): [2047.94, 2050.36, 2053.01]
exp023-n2048-k09-d340-bs60-f1.000-r00:037182.037: log(norms):     [2051.15, 2056.89, 2056.89, 2056.89, 2056.89, 2056.89, 2056.89, 2056.89, 2056.89, 2056.89]
exp023-n2048-k09-d340-bs60-f1.000-r00:037182.098: (7345 sec)
exp023-n2048-k09-d340-bs60-f1.000-r00:037182.099: Loop 4/100
exp023-n2048-k09-d340-bs60-f1.000-r00:044395.753: log(exp-norms): [2047.94, 2050.36, 2053.01]
exp023-n2048-k09-d340-bs60-f1.000-r00:044395.754: log(norms):     [2051.15, 2056.89, 2056.89, 2056.89, 2056.89, 2056.89, 2056.89, 2056.89, 2056.89, 2056.89]
exp023-n2048-k09-d340-bs60-f1.000-r00:044395.814: (7214 sec)
exp023-n2048-k09-d340-bs60-f1.000-r00:044395.815: Loop 5/100
exp023-n2048-k09-d340-bs60-f1.000-r00:051809.778: log(exp-norms): [2047.94, 2050.36, 2053.01]
exp023-n2048-k09-d340-bs60-f1.000-r00:051809.779: log(norms):     [2051.15, 2056.89, 2056.89, 2056.89, 2056.89, 2056.89, 2056.89, 2056.89, 2056.89, 2056.89]
exp023-n2048-k09-d340-bs60-f1.000-r00:051809.840: (7415 sec)
exp023-n2048-k09-d340-bs60-f1.000-r00:051809.840: Loop 6/100
exp023-n2048-k09-d340-bs60-f1.000-r00:059232.042: log(exp-norms): [2047.94, 2050.36, 2053.01]
exp023-n2048-k09-d340-bs60-f1.000-r00:059232.043: log(norms):     [2051.15, 2056.89, 2056.89, 2056.89, 2056.89, 2056.89, 2056.89, 2056.89, 2056.89, 2056.89]
exp023-n2048-k09-d340-bs60-f1.000-r00:059232.103: (7423 sec)
exp023-n2048-k09-d340-bs60-f1.000-r00:059232.104: Loop 7/100
exp023-n2048-k09-d340-bs60-f1.000-r00:066183.908: log(exp-norms): [2047.94, 2050.36, 2053.01]
exp023-n2048-k09-d340-bs60-f1.000-r00:066183.909: log(norms):     [2051.15, 2056.89, 2056.89, 2056.89, 2056.89, 2056.89, 2056.89, 2056.89, 2056.89, 2056.89]
exp023-n2048-k09-d340-bs60-f1.000-r00:066183.969: (6952 sec)
exp023-n2048-k09-d340-bs60-f1.000-r00:066183.970: Loop 8/100
exp023-n2048-k09-d340-bs60-f1.000-r00:073094.193: log(exp-norms): [2047.94, 2050.36, 2053.01]
exp023-n2048-k09-d340-bs60-f1.000-r00:073094.194: log(norms):     [2051.15, 2056.89, 2056.89, 2056.89, 2056.89, 2056.89, 2056.89, 2056.89, 2056.89, 2056.89]
exp023-n2048-k09-d340-bs60-f1.000-r00:073094.254: (6911 sec)
exp023-n2048-k09-d340-bs60-f1.000-r00:073094.254: Loop 9/100
exp023-n2048-k09-d340-bs60-f1.000-r00:079955.885: log(exp-norms): [2047.94, 2050.36, 2053.01]
exp023-n2048-k09-d340-bs60-f1.000-r00:079955.887: log(norms):     [2051.15, 2056.89, 2056.89, 2056.89, 2056.89, 2056.89, 2056.89, 2056.89, 2056.89, 2056.89]
exp023-n2048-k09-d340-bs60-f1.000-r00:079955.947: (6862 sec)
exp023-n2048-k09-d340-bs60-f1.000-r00:079955.948: Loop 10/100
exp023-n2048-k09-d340-bs60-f1.000-r00:086888.247: log(exp-norms): [2047.94, 2050.36, 2053.01]
exp023-n2048-k09-d340-bs60-f1.000-r00:086888.248: log(norms):     [2051.15, 2056.89, 2056.89, 2056.89, 2056.89, 2056.89, 2056.89, 2056.89, 2056.89, 2056.89]
exp023-n2048-k09-d340-bs60-f1.000-r00:086888.308: (6933 sec)
exp023-n2048-k09-d340-bs60-f1.000-r00:086888.309: Loop 11/100
exp023-n2048-k09-d340-bs60-f1.000-r00:093882.678: log(exp-norms): [2047.94, 2050.36, 2053.01]
exp023-n2048-k09-d340-bs60-f1.000-r00:093882.680: log(norms):     [2051.15, 2056.89, 2056.89, 2056.89, 2056.89, 2056.89, 2056.89, 2056.89, 2056.89, 2056.89]
exp023-n2048-k09-d340-bs60-f1.000-r00:093882.740: (6995 sec)
exp023-n2048-k09-d340-bs60-f1.000-r00:093882.741: Loop 12/100
exp023-n2048-k09-d340-bs60-f1.000-r00:100608.409: log(exp-norms): [2047.94, 2050.36, 2053.01]
exp023-n2048-k09-d340-bs60-f1.000-r00:100608.410: log(norms):     [2047.94, 2051.15, 2056.89, 2056.89, 2056.89, 2056.89, 2056.89, 2056.89, 2057.18, 2056.89]
exp023-n2048-k09-d340-bs60-f1.000-r00:100608.471: (6726 sec)
exp023-n2048-k09-d340-bs60-f1.000-r00:100608.472: Loop 13/100
exp023-n2048-k09-d340-bs60-f1.000-r00:107272.382: log(exp-norms): [2047.94, 2050.36, 2053.01]
exp023-n2048-k09-d340-bs60-f1.000-r00:107272.383: log(norms):     [2047.94, 2051.15, 2056.89, 2056.89, 2056.89, 2056.89, 2056.89, 2056.89, 2057.15, 2057.18]
exp023-n2048-k09-d340-bs60-f1.000-r00:107272.443: (6664 sec)
exp023-n2048-k09-d340-bs60-f1.000-r00:107272.444: Loop 14/100
exp023-n2048-k09-d340-bs60-f1.000-r00:113941.059: log(exp-norms): [2047.94, 2050.36, 2053.01]
exp023-n2048-k09-d340-bs60-f1.000-r00:113941.060: log(norms):     [2047.94, 2051.15, 2056.89, 2057.0, 2056.89, 2056.89, 2057.04, 2057.19, 2057.18, 2057.08]
exp023-n2048-k09-d340-bs60-f1.000-r00:113941.119: (6669 sec)
exp023-n2048-k09-d340-bs60-f1.000-r00:113941.119: Loop 15/100
exp023-n2048-k09-d340-bs60-f1.000-r00:120383.621: log(exp-norms): [2047.94, 2050.36, 2053.01]
exp023-n2048-k09-d340-bs60-f1.000-r00:120383.623: log(norms):     [2047.94, 2051.15, 2056.89, 2057.0, 2056.88, 2056.89, 2057.0, 2057.09, 2056.91, 2057.04]
exp023-n2048-k09-d340-bs60-f1.000-r00:120383.683: (6443 sec)
exp023-n2048-k09-d340-bs60-f1.000-r00:120383.684: Loop 16/100
exp023-n2048-k09-d340-bs60-f1.000-r00:126924.378: log(exp-norms): [2047.94, 2050.36, 2053.01]
exp023-n2048-k09-d340-bs60-f1.000-r00:126924.381: log(norms):     [2047.94, 2051.15, 2056.87, 2056.93, 2056.95, 2057.01, 2057.06, 2057.08, 2056.94, 2056.85]
exp023-n2048-k09-d340-bs60-f1.000-r00:126924.441: (6541 sec)
exp023-n2048-k09-d340-bs60-f1.000-r00:126924.442: Loop 17/100
exp023-n2048-k09-d340-bs60-f1.000-r00:133418.429: log(exp-norms): [2047.94, 2050.36, 2053.01]
exp023-n2048-k09-d340-bs60-f1.000-r00:133418.430: log(norms):     [2047.94, 2051.15, 2056.85, 2056.94, 2056.91, 2057.07, 2057.06, 2056.9, 2057.12, 2056.9]
exp023-n2048-k09-d340-bs60-f1.000-r00:133418.489: (6495 sec)
exp023-n2048-k09-d340-bs60-f1.000-r00:133418.490: Loop 18/100
exp023-n2048-k09-d340-bs60-f1.000-r00:139917.184: log(exp-norms): [2047.94, 2050.36, 2053.01]
exp023-n2048-k09-d340-bs60-f1.000-r00:139917.185: log(norms):     [2047.94, 2051.15, 2056.77, 2056.86, 2056.84, 2056.88, 2056.76, 2056.86, 2056.93, 2057.14]
exp023-n2048-k09-d340-bs60-f1.000-r00:139917.243: (6499 sec)
exp023-n2048-k09-d340-bs60-f1.000-r00:139917.244: Loop 19/100
exp023-n2048-k09-d340-bs60-f1.000-r00:146863.371: log(exp-norms): [2047.94, 2050.36, 2053.01]
exp023-n2048-k09-d340-bs60-f1.000-r00:146863.371: log(norms):     [2047.94, 2051.15, 2056.76, 2056.83, 2056.77, 2056.74, 2056.88, 2056.82, 2056.78, 2056.98]
exp023-n2048-k09-d340-bs60-f1.000-r00:146863.444: (6947 sec)
exp023-n2048-k09-d340-bs60-f1.000-r00:146863.444: Loop 20/100
exp023-n2048-k09-d340-bs60-f1.000-r00:154019.734: log(exp-norms): [2047.94, 2050.36, 2053.01]
exp023-n2048-k09-d340-bs60-f1.000-r00:154019.736: log(norms):     [2047.94, 2051.15, 2056.62, 2056.74, 2056.84, 2056.77, 2056.83, 2056.95, 2056.73, 2056.82]
exp023-n2048-k09-d340-bs60-f1.000-r00:154019.812: (7157 sec)
exp023-n2048-k09-d340-bs60-f1.000-r00:154019.812: Loop 21/100
exp023-n2048-k09-d340-bs60-f1.000-r00:161235.586: log(exp-norms): [2047.94, 2050.36, 2053.01]
exp023-n2048-k09-d340-bs60-f1.000-r00:161235.587: log(norms):     [2047.94, 2051.15, 2056.62, 2056.64, 2056.83, 2056.69, 2056.69, 2056.9, 2056.74, 2056.85]
exp023-n2048-k09-d340-bs60-f1.000-r00:161235.647: (7216 sec)
exp023-n2048-k09-d340-bs60-f1.000-r00:161235.647: Loop 22/100
exp023-n2048-k09-d340-bs60-f1.000-r00:168390.923: log(exp-norms): [2047.94, 2050.36, 2053.01]
exp023-n2048-k09-d340-bs60-f1.000-r00:168390.925: log(norms):     [2047.94, 2051.15, 2056.62, 2056.72, 2056.64, 2056.69, 2056.83, 2056.75, 2056.87, 2056.82]
exp023-n2048-k09-d340-bs60-f1.000-r00:168390.984: (7156 sec)
exp023-n2048-k09-d340-bs60-f1.000-r00:168390.985: Loop 23/100
exp023-n2048-k09-d340-bs60-f1.000-r00:175648.198: log(exp-norms): [2047.94, 2050.36, 2053.01]
exp023-n2048-k09-d340-bs60-f1.000-r00:175648.199: log(norms):     [2047.94, 2051.15, 2056.62, 2056.66, 2056.72, 2056.64, 2056.83, 2056.84, 2056.8, 2056.73]
exp023-n2048-k09-d340-bs60-f1.000-r00:175648.235: (7258 sec)
exp023-n2048-k09-d340-bs60-f1.000-r00:175648.236: Loop 24/100
exp023-n2048-k09-d340-bs60-f1.000-r00:182888.828: log(exp-norms): [2047.94, 2050.36, 2053.01]
exp023-n2048-k09-d340-bs60-f1.000-r00:182888.828: log(norms):     [2047.94, 2051.15, 2056.62, 2056.66, 2056.72, 2056.64, 2056.77, 2056.83, 2056.82, 2056.77]
exp023-n2048-k09-d340-bs60-f1.000-r00:182888.887: (7241 sec)
exp023-n2048-k09-d340-bs60-f1.000-r00:182888.888: Loop 25/100
exp023-n2048-k09-d340-bs60-f1.000-r00:190148.023: log(exp-norms): [2047.94, 2050.36, 2053.01]
exp023-n2048-k09-d340-bs60-f1.000-r00:190148.024: log(norms):     [2047.94, 2051.15, 2056.51, 2056.6, 2056.65, 2056.72, 2056.67, 2056.8, 2056.62, 2056.93]
exp023-n2048-k09-d340-bs60-f1.000-r00:190148.084: (7260 sec)
exp023-n2048-k09-d340-bs60-f1.000-r00:190148.084: Loop 26/100
exp023-n2048-k09-d340-bs60-f1.000-r00:197422.240: log(exp-norms): [2047.94, 2050.36, 2053.01]
exp023-n2048-k09-d340-bs60-f1.000-r00:197422.241: log(norms):     [2047.94, 2051.15, 2056.51, 2056.63, 2056.71, 2056.69, 2056.62, 2056.93, 2056.85, 2056.87]
exp023-n2048-k09-d340-bs60-f1.000-r00:197422.302: (7275 sec)
exp023-n2048-k09-d340-bs60-f1.000-r00:197422.302: Loop 27/100
exp023-n2048-k09-d340-bs60-f1.000-r00:204800.916: log(exp-norms): [2047.94, 2050.36, 2053.01]
exp023-n2048-k09-d340-bs60-f1.000-r00:204800.917: log(norms):     [2047.94, 2051.15, 2056.51, 2056.5, 2056.61, 2056.65, 2056.63, 2056.66, 2056.58, 2056.71]
exp023-n2048-k09-d340-bs60-f1.000-r00:204800.986: (7379 sec)
exp023-n2048-k09-d340-bs60-f1.000-r00:204800.986: Loop 28/100
exp023-n2048-k09-d340-bs60-f1.000-r00:211936.744: log(exp-norms): [2047.94, 2050.36, 2053.01]
exp023-n2048-k09-d340-bs60-f1.000-r00:211936.745: log(norms):     [2047.94, 2051.15, 2056.51, 2056.5, 2056.61, 2056.59, 2056.66, 2056.65, 2056.68, 2056.74]
exp023-n2048-k09-d340-bs60-f1.000-r00:211936.804: (7136 sec)
exp023-n2048-k09-d340-bs60-f1.000-r00:211936.804: Loop 29/100
exp023-n2048-k09-d340-bs60-f1.000-r00:219180.852: log(exp-norms): [2047.94, 2050.36, 2053.01]
exp023-n2048-k09-d340-bs60-f1.000-r00:219180.853: log(norms):     [2047.94, 2051.15, 2056.51, 2056.5, 2056.61, 2056.59, 2056.66, 2056.65, 2056.68, 2056.8]
exp023-n2048-k09-d340-bs60-f1.000-r00:219180.912: (7245 sec)
exp023-n2048-k09-d340-bs60-f1.000-r00:219180.912: Loop 30/100
exp023-n2048-k09-d340-bs60-f1.000-r00:226429.393: log(exp-norms): [2047.94, 2050.36, 2053.01]
exp023-n2048-k09-d340-bs60-f1.000-r00:226429.395: log(norms):     [2047.94, 2051.15, 2056.51, 2056.5, 2056.58, 2056.53, 2056.75, 2056.78, 2056.63, 2056.74]
exp023-n2048-k09-d340-bs60-f1.000-r00:226429.454: (7249 sec)
exp023-n2048-k09-d340-bs60-f1.000-r00:226429.455: Loop 31/100
exp023-n2048-k09-d340-bs60-f1.000-r00:233767.785: log(exp-norms): [2047.94, 2050.36, 2053.01]
exp023-n2048-k09-d340-bs60-f1.000-r00:233767.786: log(norms):     [2047.94, 2051.15, 2056.5, 2056.51, 2056.5, 2056.58, 2056.53, 2056.63, 2056.75, 2056.81]
exp023-n2048-k09-d340-bs60-f1.000-r00:233767.846: (7339 sec)
exp023-n2048-k09-d340-bs60-f1.000-r00:233767.847: Loop 32/100
exp023-n2048-k09-d340-bs60-f1.000-r00:241098.731: log(exp-norms): [2047.94, 2050.36, 2053.01]
exp023-n2048-k09-d340-bs60-f1.000-r00:241098.733: log(norms):     [2047.94, 2051.15, 2056.4, 2056.5, 2056.51, 2056.5, 2056.55, 2056.58, 2056.65, 2056.67]
exp023-n2048-k09-d340-bs60-f1.000-r00:241098.793: (7331 sec)
exp023-n2048-k09-d340-bs60-f1.000-r00:241098.794: Loop 33/100
exp023-n2048-k09-d340-bs60-f1.000-r00:248480.560: log(exp-norms): [2047.94, 2050.36, 2053.01]
exp023-n2048-k09-d340-bs60-f1.000-r00:248480.561: log(norms):     [2047.94, 2051.15, 2056.4, 2056.55, 2056.51, 2056.5, 2056.58, 2056.5, 2056.77, 2056.61]
exp023-n2048-k09-d340-bs60-f1.000-r00:248480.620: (7382 sec)
exp023-n2048-k09-d340-bs60-f1.000-r00:248480.620: Loop 34/100
exp023-n2048-k09-d340-bs60-f1.000-r00:255778.935: log(exp-norms): [2047.94, 2050.36, 2053.01]
exp023-n2048-k09-d340-bs60-f1.000-r00:255778.935: log(norms):     [2047.94, 2051.15, 2056.4, 2056.55, 2056.51, 2056.5, 2056.58, 2056.5, 2056.77, 2056.61]
exp023-n2048-k09-d340-bs60-f1.000-r00:255778.995: (7299 sec)
exp023-n2048-k09-d340-bs60-f1.000-r00:255778.995: Loop 35/100
exp023-n2048-k09-d340-bs60-f1.000-r00:262965.266: log(exp-norms): [2047.94, 2050.36, 2053.01]
exp023-n2048-k09-d340-bs60-f1.000-r00:262965.267: log(norms):     [2047.94, 2051.15, 2056.4, 2056.55, 2056.51, 2056.5, 2056.58, 2056.5, 2056.73, 2056.59]
exp023-n2048-k09-d340-bs60-f1.000-r00:262965.326: (7187 sec)
exp023-n2048-k09-d340-bs60-f1.000-r00:262965.327: Loop 36/100
exp023-n2048-k09-d340-bs60-f1.000-r00:270127.027: log(exp-norms): [2047.94, 2050.36, 2053.01]
exp023-n2048-k09-d340-bs60-f1.000-r00:270127.028: log(norms):     [2047.94, 2051.15, 2056.4, 2056.55, 2056.51, 2056.5, 2056.58, 2056.72, 2056.5, 2056.59]
exp023-n2048-k09-d340-bs60-f1.000-r00:270127.087: (7162 sec)
exp023-n2048-k09-d340-bs60-f1.000-r00:270127.088: Loop 37/100
exp023-n2048-k09-d340-bs60-f1.000-r00:277406.167: log(exp-norms): [2047.94, 2050.36, 2053.01]
exp023-n2048-k09-d340-bs60-f1.000-r00:277406.168: log(norms):     [2047.94, 2051.15, 2056.4, 2056.45, 2056.55, 2056.51, 2056.65, 2056.5, 2056.58, 2056.76]
exp023-n2048-k09-d340-bs60-f1.000-r00:277406.227: (7280 sec)
exp023-n2048-k09-d340-bs60-f1.000-r00:277406.228: Loop 38/100
exp023-n2048-k09-d340-bs60-f1.000-r00:284653.759: log(exp-norms): [2047.94, 2050.36, 2053.01]
exp023-n2048-k09-d340-bs60-f1.000-r00:284653.760: log(norms):     [2047.94, 2051.15, 2056.4, 2056.48, 2056.45, 2056.55, 2056.51, 2056.65, 2056.56, 2056.6]
exp023-n2048-k09-d340-bs60-f1.000-r00:284653.820: (7248 sec)
exp023-n2048-k09-d340-bs60-f1.000-r00:284653.820: Loop 39/100
exp023-n2048-k09-d340-bs60-f1.000-r00:291816.808: log(exp-norms): [2047.94, 2050.36, 2053.01]
exp023-n2048-k09-d340-bs60-f1.000-r00:291816.809: log(norms):     [2047.94, 2051.15, 2056.4, 2056.48, 2056.45, 2056.51, 2056.51, 2056.65, 2056.82, 2056.81]
exp023-n2048-k09-d340-bs60-f1.000-r00:291816.867: (7164 sec)
exp023-n2048-k09-d340-bs60-f1.000-r00:291816.867: Loop 40/100
exp023-n2048-k09-d340-bs60-f1.000-r00:298852.328: log(exp-norms): [2047.94, 2050.36, 2053.01]
exp023-n2048-k09-d340-bs60-f1.000-r00:298852.329: log(norms):     [2047.94, 2051.15, 2056.4, 2056.47, 2056.48, 2056.45, 2056.56, 2056.81, 2056.65, 2056.51]
exp023-n2048-k09-d340-bs60-f1.000-r00:298852.390: (7036 sec)
exp023-n2048-k09-d340-bs60-f1.000-r00:298852.390: Loop 41/100
exp023-n2048-k09-d340-bs60-f1.000-r00:305663.040: log(exp-norms): [2047.94, 2050.36, 2053.01]
exp023-n2048-k09-d340-bs60-f1.000-r00:305663.041: log(norms):     [2047.94, 2051.15, 2056.4, 2056.47, 2056.48, 2056.45, 2056.56, 2056.81, 2056.65, 2056.68]
exp023-n2048-k09-d340-bs60-f1.000-r00:305663.078: (6811 sec)
exp023-n2048-k09-d340-bs60-f1.000-r00:305663.079: Loop 42/100
exp023-n2048-k09-d340-bs60-f1.000-r00:312559.968: log(exp-norms): [2047.94, 2050.36, 2053.01]
exp023-n2048-k09-d340-bs60-f1.000-r00:312559.970: log(norms):     [2047.94, 2051.15, 2056.4, 2056.47, 2056.48, 2056.45, 2056.56, 2056.71, 2056.81, 2056.65]
exp023-n2048-k09-d340-bs60-f1.000-r00:312560.030: (6897 sec)
exp023-n2048-k09-d340-bs60-f1.000-r00:312560.031: Loop 43/100
exp023-n2048-k09-d340-bs60-f1.000-r00:319738.844: log(exp-norms): [2047.94, 2050.36, 2053.01]
exp023-n2048-k09-d340-bs60-f1.000-r00:319738.845: log(norms):     [2047.94, 2051.15, 2056.4, 2056.47, 2056.48, 2056.45, 2056.6, 2056.51, 2056.67, 2056.62]
exp023-n2048-k09-d340-bs60-f1.000-r00:319738.905: (7179 sec)
exp023-n2048-k09-d340-bs60-f1.000-r00:319738.905: Loop 44/100
exp023-n2048-k09-d340-bs60-f1.000-r00:326753.259: log(exp-norms): [2047.94, 2050.36, 2053.01]
exp023-n2048-k09-d340-bs60-f1.000-r00:326753.259: log(norms):     [2047.94, 2051.15, 2056.4, 2056.47, 2056.48, 2056.45, 2056.6, 2056.58, 2056.51, 2056.68]
exp023-n2048-k09-d340-bs60-f1.000-r00:326753.319: (7015 sec)
exp023-n2048-k09-d340-bs60-f1.000-r00:326753.320: Loop 45/100
exp023-n2048-k09-d340-bs60-f1.000-r00:333869.605: log(exp-norms): [2047.94, 2050.36, 2053.01]
exp023-n2048-k09-d340-bs60-f1.000-r00:333869.606: log(norms):     [2047.94, 2051.15, 2056.4, 2056.47, 2056.48, 2056.64, 2056.45, 2056.6, 2056.65, 2056.51]
exp023-n2048-k09-d340-bs60-f1.000-r00:333869.665: (7117 sec)
exp023-n2048-k09-d340-bs60-f1.000-r00:333869.665: Loop 46/100
exp023-n2048-k09-d340-bs60-f1.000-r00:340892.871: log(exp-norms): [2047.94, 2050.36, 2053.01]
exp023-n2048-k09-d340-bs60-f1.000-r00:340892.872: log(norms):     [2047.94, 2051.15, 2056.4, 2056.47, 2056.48, 2056.64, 2056.45, 2056.6, 2056.65, 2056.59]
exp023-n2048-k09-d340-bs60-f1.000-r00:340892.932: (7024 sec)
exp023-n2048-k09-d340-bs60-f1.000-r00:340892.933: Loop 47/100
exp023-n2048-k09-d340-bs60-f1.000-r00:347936.220: log(exp-norms): [2047.94, 2050.36, 2053.01]
exp023-n2048-k09-d340-bs60-f1.000-r00:347936.222: log(norms):     [2047.94, 2051.15, 2056.4, 2056.47, 2056.48, 2056.64, 2056.45, 2056.6, 2056.65, 2056.59]
exp023-n2048-k09-d340-bs60-f1.000-r00:347936.281: (7044 sec)
exp023-n2048-k09-d340-bs60-f1.000-r00:347936.281: Loop 48/100
exp023-n2048-k09-d340-bs60-f1.000-r00:354674.560: log(exp-norms): [2047.94, 2050.36, 2053.01]
exp023-n2048-k09-d340-bs60-f1.000-r00:354674.561: log(norms):     [2047.94, 2051.15, 2056.4, 2056.47, 2056.48, 2056.64, 2056.45, 2056.57, 2056.6, 2056.76]
exp023-n2048-k09-d340-bs60-f1.000-r00:354674.618: (6739 sec)
exp023-n2048-k09-d340-bs60-f1.000-r00:354674.618: Loop 49/100
exp023-n2048-k09-d340-bs60-f1.000-r00:361739.055: log(exp-norms): [2047.94, 2050.36, 2053.01]
exp023-n2048-k09-d340-bs60-f1.000-r00:361739.057: log(norms):     [2047.94, 2051.15, 2056.4, 2056.47, 2056.48, 2056.64, 2056.45, 2056.57, 2056.54, 2056.71]
exp023-n2048-k09-d340-bs60-f1.000-r00:361739.117: (7065 sec)
exp023-n2048-k09-d340-bs60-f1.000-r00:361739.117: Loop 50/100
exp023-n2048-k09-d340-bs60-f1.000-r00:368198.516: log(exp-norms): [2047.94, 2050.36, 2053.01]
exp023-n2048-k09-d340-bs60-f1.000-r00:368198.517: log(norms):     [2047.94, 2051.15, 2056.4, 2056.47, 2056.48, 2056.64, 2056.45, 2056.57, 2056.54, 2056.71]
exp023-n2048-k09-d340-bs60-f1.000-r00:368198.575: (6460 sec)
exp023-n2048-k09-d340-bs60-f1.000-r00:368198.575: Loop 51/100
exp023-n2048-k09-d340-bs60-f1.000-r00:374626.742: log(exp-norms): [2047.94, 2050.36, 2053.01]
exp023-n2048-k09-d340-bs60-f1.000-r00:374626.743: log(norms):     [2047.94, 2051.15, 2056.4, 2056.47, 2056.48, 2056.64, 2056.45, 2056.57, 2056.54, 2056.7]
exp023-n2048-k09-d340-bs60-f1.000-r00:374626.803: (6429 sec)
exp023-n2048-k09-d340-bs60-f1.000-r00:374626.803: Loop 52/100
exp023-n2048-k09-d340-bs60-f1.000-r00:381026.865: log(exp-norms): [2047.94, 2050.36, 2053.01]
exp023-n2048-k09-d340-bs60-f1.000-r00:381026.867: log(norms):     [2047.94, 2051.15, 2056.4, 2056.47, 2056.48, 2056.64, 2056.45, 2056.57, 2056.54, 2056.7]
exp023-n2048-k09-d340-bs60-f1.000-r00:381026.926: (6401 sec)
exp023-n2048-k09-d340-bs60-f1.000-r00:381026.927: Loop 53/100
exp023-n2048-k09-d340-bs60-f1.000-r00:387448.507: log(exp-norms): [2047.94, 2050.36, 2053.01]
exp023-n2048-k09-d340-bs60-f1.000-r00:387448.508: log(norms):     [2047.94, 2051.15, 2056.4, 2056.47, 2056.48, 2056.64, 2056.45, 2056.57, 2056.54, 2056.7]
exp023-n2048-k09-d340-bs60-f1.000-r00:387448.567: (6422 sec)
exp023-n2048-k09-d340-bs60-f1.000-r00:387448.568: Loop 54/100
exp023-n2048-k09-d340-bs60-f1.000-r00:393899.500: log(exp-norms): [2047.94, 2050.36, 2053.01]
exp023-n2048-k09-d340-bs60-f1.000-r00:393899.502: log(norms):     [2047.94, 2051.15, 2056.4, 2056.47, 2056.48, 2056.64, 2056.45, 2056.57, 2056.55, 2056.69]
exp023-n2048-k09-d340-bs60-f1.000-r00:393899.562: (6451 sec)
exp023-n2048-k09-d340-bs60-f1.000-r00:393899.562: Loop 55/100
exp023-n2048-k09-d340-bs60-f1.000-r00:400353.836: log(exp-norms): [2047.94, 2050.36, 2053.01]
exp023-n2048-k09-d340-bs60-f1.000-r00:400353.837: log(norms):     [2047.94, 2051.15, 2056.4, 2056.47, 2056.48, 2056.64, 2056.55, 2056.69, 2056.57, 2056.74]
exp023-n2048-k09-d340-bs60-f1.000-r00:400353.901: (6455 sec)
exp023-n2048-k09-d340-bs60-f1.000-r00:400353.902: Loop 56/100
exp023-n2048-k09-d340-bs60-f1.000-r00:406665.491: log(exp-norms): [2047.94, 2050.36, 2053.01]
exp023-n2048-k09-d340-bs60-f1.000-r00:406665.492: log(norms):     [2047.94, 2051.15, 2056.4, 2056.47, 2056.48, 2056.64, 2056.55, 2056.69, 2056.57, 2056.74]
exp023-n2048-k09-d340-bs60-f1.000-r00:406665.550: (6312 sec)
exp023-n2048-k09-d340-bs60-f1.000-r00:406665.551: Loop 57/100
exp023-n2048-k09-d340-bs60-f1.000-r00:413326.794: log(exp-norms): [2047.94, 2050.36, 2053.01]
exp023-n2048-k09-d340-bs60-f1.000-r00:413326.796: log(norms):     [2047.94, 2051.15, 2056.4, 2056.47, 2056.55, 2056.55, 2056.57, 2056.45, 2056.83, 2056.54]
exp023-n2048-k09-d340-bs60-f1.000-r00:413326.856: (6662 sec)
exp023-n2048-k09-d340-bs60-f1.000-r00:413326.856: Loop 58/100
exp023-n2048-k09-d340-bs60-f1.000-r00:420009.775: log(exp-norms): [2047.94, 2050.36, 2053.01]
exp023-n2048-k09-d340-bs60-f1.000-r00:420009.777: log(norms):     [2047.94, 2051.15, 2056.4, 2056.47, 2056.55, 2056.55, 2056.57, 2056.45, 2056.83, 2056.54]
exp023-n2048-k09-d340-bs60-f1.000-r00:420009.836: (6683 sec)
exp023-n2048-k09-d340-bs60-f1.000-r00:420009.837: Loop 59/100
exp023-n2048-k09-d340-bs60-f1.000-r00:426411.203: log(exp-norms): [2047.94, 2050.36, 2053.01]
exp023-n2048-k09-d340-bs60-f1.000-r00:426411.204: log(norms):     [2047.94, 2051.15, 2056.4, 2056.47, 2056.55, 2056.55, 2056.65, 2056.57, 2056.45, 2056.83]
exp023-n2048-k09-d340-bs60-f1.000-r00:426411.262: (6402 sec)
exp023-n2048-k09-d340-bs60-f1.000-r00:426411.262: Loop 60/100
exp023-n2048-k09-d340-bs60-f1.000-r00:432739.710: log(exp-norms): [2047.94, 2050.36, 2053.01]
exp023-n2048-k09-d340-bs60-f1.000-r00:432739.711: log(norms):     [2047.94, 2051.15, 2056.4, 2056.47, 2056.55, 2056.45, 2056.55, 2056.54, 2056.79, 2056.65]
exp023-n2048-k09-d340-bs60-f1.000-r00:432739.769: (6329 sec)
exp023-n2048-k09-d340-bs60-f1.000-r00:432739.769: Loop 61/100
exp023-n2048-k09-d340-bs60-f1.000-r00:438925.369: log(exp-norms): [2047.94, 2050.36, 2053.01]
exp023-n2048-k09-d340-bs60-f1.000-r00:438925.370: log(norms):     [2047.94, 2051.15, 2056.4, 2056.47, 2056.55, 2056.45, 2056.55, 2056.54, 2056.79, 2056.65]
exp023-n2048-k09-d340-bs60-f1.000-r00:438925.428: (6186 sec)
exp023-n2048-k09-d340-bs60-f1.000-r00:438925.429: Loop 62/100
exp023-n2048-k09-d340-bs60-f1.000-r00:445158.948: log(exp-norms): [2047.94, 2050.36, 2053.01]
exp023-n2048-k09-d340-bs60-f1.000-r00:445158.949: log(norms):     [2047.94, 2051.15, 2056.4, 2056.47, 2056.55, 2056.45, 2056.55, 2056.54, 2056.79, 2056.65]
exp023-n2048-k09-d340-bs60-f1.000-r00:445159.006: (6234 sec)
exp023-n2048-k09-d340-bs60-f1.000-r00:445159.007: Loop 63/100
exp023-n2048-k09-d340-bs60-f1.000-r00:451296.155: log(exp-norms): [2047.94, 2050.36, 2053.01]
exp023-n2048-k09-d340-bs60-f1.000-r00:451296.156: log(norms):     [2047.94, 2051.15, 2056.4, 2056.47, 2056.55, 2056.45, 2056.55, 2056.54, 2056.79, 2056.65]
exp023-n2048-k09-d340-bs60-f1.000-r00:451296.213: (6138 sec)
exp023-n2048-k09-d340-bs60-f1.000-r00:451296.214: Loop 64/100
exp023-n2048-k09-d340-bs60-f1.000-r00:457533.049: log(exp-norms): [2047.94, 2050.36, 2053.01]
exp023-n2048-k09-d340-bs60-f1.000-r00:457533.051: log(norms):     [2047.94, 2051.15, 2056.4, 2056.47, 2056.55, 2056.45, 2056.55, 2056.54, 2056.79, 2056.66]
exp023-n2048-k09-d340-bs60-f1.000-r00:457533.109: (6237 sec)
exp023-n2048-k09-d340-bs60-f1.000-r00:457533.109: Loop 65/100
exp023-n2048-k09-d340-bs60-f1.000-r00:463798.358: log(exp-norms): [2047.94, 2050.36, 2053.01]
exp023-n2048-k09-d340-bs60-f1.000-r00:463798.359: log(norms):     [2047.94, 2051.15, 2056.4, 2056.47, 2056.55, 2056.45, 2056.44, 2056.55, 2056.54, 2056.48]
exp023-n2048-k09-d340-bs60-f1.000-r00:463798.419: (6266 sec)
exp023-n2048-k09-d340-bs60-f1.000-r00:463798.419: Loop 66/100
exp023-n2048-k09-d340-bs60-f1.000-r00:469697.186: log(exp-norms): [2047.94, 2050.36, 2053.01]
exp023-n2048-k09-d340-bs60-f1.000-r00:469697.187: log(norms):     [2047.94, 2051.15, 2056.4, 2056.47, 2056.55, 2056.45, 2056.44, 2056.55, 2056.77, 2056.74]
exp023-n2048-k09-d340-bs60-f1.000-r00:469697.244: (5899 sec)
exp023-n2048-k09-d340-bs60-f1.000-r00:469697.245: Loop 67/100
exp023-n2048-k09-d340-bs60-f1.000-r00:475586.179: log(exp-norms): [2047.94, 2050.36, 2053.01]
exp023-n2048-k09-d340-bs60-f1.000-r00:475586.180: log(norms):     [2047.94, 2051.15, 2056.4, 2056.47, 2056.55, 2056.49, 2056.45, 2056.44, 2056.55, 2056.65]
exp023-n2048-k09-d340-bs60-f1.000-r00:475586.216: (5889 sec)
exp023-n2048-k09-d340-bs60-f1.000-r00:475586.216: Loop 68/100
exp023-n2048-k09-d340-bs60-f1.000-r00:481439.405: log(exp-norms): [2047.94, 2050.36, 2053.01]
exp023-n2048-k09-d340-bs60-f1.000-r00:481439.406: log(norms):     [2047.94, 2051.15, 2056.4, 2056.47, 2056.55, 2056.49, 2056.45, 2056.44, 2056.58, 2056.62]
exp023-n2048-k09-d340-bs60-f1.000-r00:481439.443: (5854 sec)
exp023-n2048-k09-d340-bs60-f1.000-r00:481439.444: Loop 69/100
exp023-n2048-k09-d340-bs60-f1.000-r00:487178.806: log(exp-norms): [2047.94, 2050.36, 2053.01]
exp023-n2048-k09-d340-bs60-f1.000-r00:487178.807: log(norms):     [2047.94, 2051.15, 2056.4, 2056.47, 2056.55, 2056.49, 2056.45, 2056.44, 2056.58, 2056.62]
exp023-n2048-k09-d340-bs60-f1.000-r00:487178.845: (5740 sec)
exp023-n2048-k09-d340-bs60-f1.000-r00:487178.845: Loop 70/100
exp023-n2048-k09-d340-bs60-f1.000-r00:492744.056: log(exp-norms): [2047.94, 2050.36, 2053.01]
exp023-n2048-k09-d340-bs60-f1.000-r00:492744.057: log(norms):     [2047.94, 2051.15, 2056.4, 2056.47, 2056.55, 2056.49, 2056.45, 2056.44, 2056.58, 2056.75]
exp023-n2048-k09-d340-bs60-f1.000-r00:492744.093: (5566 sec)
exp023-n2048-k09-d340-bs60-f1.000-r00:492744.093: Loop 71/100
exp023-n2048-k09-d340-bs60-f1.000-r00:497956.236: log(exp-norms): [2047.94, 2050.36, 2053.01]
exp023-n2048-k09-d340-bs60-f1.000-r00:497956.237: log(norms):     [2047.94, 2051.15, 2056.4, 2056.47, 2056.55, 2056.49, 2056.45, 2056.44, 2056.58, 2056.75]
exp023-n2048-k09-d340-bs60-f1.000-r00:497956.272: (5213 sec)
exp023-n2048-k09-d340-bs60-f1.000-r00:497956.272: Loop 72/100
exp023-n2048-k09-d340-bs60-f1.000-r00:503657.538: log(exp-norms): [2047.94, 2050.36, 2053.01]
exp023-n2048-k09-d340-bs60-f1.000-r00:503657.539: log(norms):     [2047.94, 2051.15, 2056.4, 2056.47, 2056.55, 2056.49, 2056.45, 2056.44, 2056.58, 2056.75]
exp023-n2048-k09-d340-bs60-f1.000-r00:503657.595: (5702 sec)
exp023-n2048-k09-d340-bs60-f1.000-r00:503657.595: Loop 73/100
exp023-n2048-k09-d340-bs60-f1.000-r00:509631.884: log(exp-norms): [2047.94, 2050.36, 2053.01]
exp023-n2048-k09-d340-bs60-f1.000-r00:509631.885: log(norms):     [2047.94, 2051.15, 2056.4, 2056.47, 2056.55, 2056.49, 2056.45, 2056.44, 2056.58, 2056.75]
exp023-n2048-k09-d340-bs60-f1.000-r00:509631.943: (5975 sec)
exp023-n2048-k09-d340-bs60-f1.000-r00:509631.943: Loop 74/100
exp023-n2048-k09-d340-bs60-f1.000-r00:515190.728: log(exp-norms): [2047.94, 2050.36, 2053.01]
exp023-n2048-k09-d340-bs60-f1.000-r00:515190.729: log(norms):     [2047.94, 2051.15, 2056.4, 2056.47, 2056.55, 2056.49, 2056.45, 2056.44, 2056.58, 2056.75]
exp023-n2048-k09-d340-bs60-f1.000-r00:515190.785: (5559 sec)
exp023-n2048-k09-d340-bs60-f1.000-r00:515190.786: Loop 75/100
exp023-n2048-k09-d340-bs60-f1.000-r00:520884.233: log(exp-norms): [2047.94, 2050.36, 2053.01]
exp023-n2048-k09-d340-bs60-f1.000-r00:520884.233: log(norms):     [2047.94, 2051.15, 2056.4, 2056.47, 2056.55, 2056.49, 2056.45, 2056.44, 2056.58, 2056.75]
exp023-n2048-k09-d340-bs60-f1.000-r00:520884.269: (5694 sec)
exp023-n2048-k09-d340-bs60-f1.000-r00:520884.269: Loop 76/100
exp023-n2048-k09-d340-bs60-f1.000-r00:526052.448: log(exp-norms): [2047.94, 2050.36, 2053.01]
exp023-n2048-k09-d340-bs60-f1.000-r00:526052.449: log(norms):     [2047.94, 2051.15, 2056.4, 2056.47, 2056.55, 2056.49, 2056.45, 2056.44, 2056.58, 2056.75]
exp023-n2048-k09-d340-bs60-f1.000-r00:526052.506: (5169 sec)
exp023-n2048-k09-d340-bs60-f1.000-r00:526052.507: Loop 77/100
exp023-n2048-k09-d340-bs60-f1.000-r00:531570.269: log(exp-norms): [2047.94, 2050.36, 2053.01]
exp023-n2048-k09-d340-bs60-f1.000-r00:531570.270: log(norms):     [2047.94, 2051.15, 2056.4, 2056.47, 2056.55, 2056.49, 2056.45, 2056.44, 2056.58, 2056.57]
exp023-n2048-k09-d340-bs60-f1.000-r00:531570.305: (5518 sec)
exp023-n2048-k09-d340-bs60-f1.000-r00:531570.305: Loop 78/100
exp023-n2048-k09-d340-bs60-f1.000-r00:536219.149: log(exp-norms): [2047.94, 2050.36, 2053.01]
exp023-n2048-k09-d340-bs60-f1.000-r00:536219.149: log(norms):     [2047.94, 2051.15, 2056.4, 2056.47, 2056.55, 2056.49, 2056.45, 2056.44, 2056.58, 2056.57]
exp023-n2048-k09-d340-bs60-f1.000-r00:536219.205: (4649 sec)
exp023-n2048-k09-d340-bs60-f1.000-r00:536219.205: Loop 79/100
exp023-n2048-k09-d340-bs60-f1.000-r00:541882.243: log(exp-norms): [2047.94, 2050.36, 2053.01]
exp023-n2048-k09-d340-bs60-f1.000-r00:541882.244: log(norms):     [2047.94, 2051.15, 2056.4, 2056.47, 2056.55, 2056.49, 2056.45, 2056.44, 2056.58, 2056.57]
exp023-n2048-k09-d340-bs60-f1.000-r00:541882.299: (5664 sec)
exp023-n2048-k09-d340-bs60-f1.000-r00:541882.299: Loop 80/100
exp023-n2048-k09-d340-bs60-f1.000-r00:547274.817: log(exp-norms): [2047.94, 2050.36, 2053.01]
exp023-n2048-k09-d340-bs60-f1.000-r00:547274.818: log(norms):     [2047.94, 2051.15, 2056.4, 2056.47, 2056.55, 2056.49, 2056.45, 2056.44, 2056.58, 2056.57]
exp023-n2048-k09-d340-bs60-f1.000-r00:547274.874: (5393 sec)
exp023-n2048-k09-d340-bs60-f1.000-r00:547274.874: Loop 81/100
exp023-n2048-k09-d340-bs60-f1.000-r00:552997.650: log(exp-norms): [2047.94, 2050.36, 2053.01]
exp023-n2048-k09-d340-bs60-f1.000-r00:552997.651: log(norms):     [2047.94, 2051.15, 2056.4, 2056.47, 2056.55, 2056.49, 2056.45, 2056.64, 2056.44, 2056.58]
exp023-n2048-k09-d340-bs60-f1.000-r00:552997.708: (5723 sec)
exp023-n2048-k09-d340-bs60-f1.000-r00:552997.709: Loop 82/100
exp023-n2048-k09-d340-bs60-f1.000-r00:558321.403: log(exp-norms): [2047.94, 2050.36, 2053.01]
exp023-n2048-k09-d340-bs60-f1.000-r00:558321.404: log(norms):     [2047.94, 2051.15, 2056.4, 2056.47, 2056.55, 2056.49, 2056.45, 2056.64, 2056.44, 2056.58]
exp023-n2048-k09-d340-bs60-f1.000-r00:558321.439: (5324 sec)
exp023-n2048-k09-d340-bs60-f1.000-r00:558321.439: Loop 83/100
exp023-n2048-k09-d340-bs60-f1.000-r00:563176.333: log(exp-norms): [2047.94, 2050.36, 2053.01]
exp023-n2048-k09-d340-bs60-f1.000-r00:563176.333: log(norms):     [2047.94, 2051.15, 2056.4, 2056.47, 2056.55, 2056.49, 2056.45, 2056.64, 2056.44, 2056.58]
exp023-n2048-k09-d340-bs60-f1.000-r00:563176.369: (4855 sec)
exp023-n2048-k09-d340-bs60-f1.000-r00:563176.370: Loop 84/100
exp023-n2048-k09-d340-bs60-f1.000-r00:567827.945: log(exp-norms): [2047.94, 2050.36, 2053.01]
exp023-n2048-k09-d340-bs60-f1.000-r00:567827.946: log(norms):     [2047.94, 2051.15, 2056.4, 2056.47, 2056.55, 2056.49, 2056.45, 2056.64, 2056.44, 2056.58]
exp023-n2048-k09-d340-bs60-f1.000-r00:567827.981: (4652 sec)
exp023-n2048-k09-d340-bs60-f1.000-r00:567827.982: Loop 85/100
exp023-n2048-k09-d340-bs60-f1.000-r00:572729.904: log(exp-norms): [2047.94, 2050.36, 2053.01]
exp023-n2048-k09-d340-bs60-f1.000-r00:572729.905: log(norms):     [2047.94, 2051.15, 2056.4, 2056.47, 2056.55, 2056.49, 2056.45, 2056.64, 2056.44, 2056.58]
exp023-n2048-k09-d340-bs60-f1.000-r00:572729.961: (4902 sec)
exp023-n2048-k09-d340-bs60-f1.000-r00:572729.962: Loop 86/100
exp023-n2048-k09-d340-bs60-f1.000-r00:577660.711: log(exp-norms): [2047.94, 2050.36, 2053.01]
exp023-n2048-k09-d340-bs60-f1.000-r00:577660.711: log(norms):     [2047.94, 2051.15, 2056.4, 2056.47, 2056.55, 2056.49, 2056.45, 2056.64, 2056.44, 2056.64]
exp023-n2048-k09-d340-bs60-f1.000-r00:577660.746: (4931 sec)
exp023-n2048-k09-d340-bs60-f1.000-r00:577660.746: Loop 87/100
exp023-n2048-k09-d340-bs60-f1.000-r00:582282.099: log(exp-norms): [2047.94, 2050.36, 2053.01]
exp023-n2048-k09-d340-bs60-f1.000-r00:582282.100: log(norms):     [2047.94, 2051.15, 2056.4, 2056.47, 2056.55, 2056.49, 2056.45, 2056.64, 2056.61, 2056.44]
exp023-n2048-k09-d340-bs60-f1.000-r00:582282.134: (4622 sec)
exp023-n2048-k09-d340-bs60-f1.000-r00:582282.134: Loop 88/100
exp023-n2048-k09-d340-bs60-f1.000-r00:587398.354: log(exp-norms): [2047.94, 2050.36, 2053.01]
exp023-n2048-k09-d340-bs60-f1.000-r00:587398.354: log(norms):     [2047.94, 2051.15, 2056.4, 2056.47, 2056.55, 2056.49, 2056.45, 2056.64, 2056.61, 2056.44]
exp023-n2048-k09-d340-bs60-f1.000-r00:587398.389: (5117 sec)
exp023-n2048-k09-d340-bs60-f1.000-r00:587398.389: Loop 89/100
exp023-n2048-k09-d340-bs60-f1.000-r00:592546.411: log(exp-norms): [2047.94, 2050.36, 2053.01]
exp023-n2048-k09-d340-bs60-f1.000-r00:592546.412: log(norms):     [2047.94, 2051.15, 2056.4, 2056.47, 2056.55, 2056.49, 2056.45, 2056.64, 2056.61, 2056.58]
exp023-n2048-k09-d340-bs60-f1.000-r00:592546.468: (5149 sec)
exp023-n2048-k09-d340-bs60-f1.000-r00:592546.468: Loop 90/100
exp023-n2048-k09-d340-bs60-f1.000-r00:598201.718: log(exp-norms): [2047.94, 2050.36, 2053.01]
exp023-n2048-k09-d340-bs60-f1.000-r00:598201.719: log(norms):     [2047.94, 2051.15, 2056.4, 2056.47, 2056.55, 2056.49, 2056.45, 2056.58, 2056.44, 2056.64]
exp023-n2048-k09-d340-bs60-f1.000-r00:598201.776: (5656 sec)
exp023-n2048-k09-d340-bs60-f1.000-r00:598201.777: Loop 91/100
exp023-n2048-k09-d340-bs60-f1.000-r00:603223.510: log(exp-norms): [2047.94, 2050.36, 2053.01]
exp023-n2048-k09-d340-bs60-f1.000-r00:603223.511: log(norms):     [2047.94, 2051.15, 2056.4, 2056.47, 2056.55, 2056.49, 2056.45, 2056.58, 2056.44, 2056.64]
exp023-n2048-k09-d340-bs60-f1.000-r00:603223.565: (5022 sec)
exp023-n2048-k09-d340-bs60-f1.000-r00:603223.566: Loop 92/100
exp023-n2048-k09-d340-bs60-f1.000-r00:608987.506: log(exp-norms): [2047.94, 2050.36, 2053.01]
exp023-n2048-k09-d340-bs60-f1.000-r00:608987.507: log(norms):     [2047.94, 2051.15, 2056.4, 2056.47, 2056.45, 2056.46, 2056.55, 2056.49, 2056.45, 2056.58]
exp023-n2048-k09-d340-bs60-f1.000-r00:608987.563: (5764 sec)
exp023-n2048-k09-d340-bs60-f1.000-r00:608987.563: Loop 93/100
exp023-n2048-k09-d340-bs60-f1.000-r00:614464.897: log(exp-norms): [2047.94, 2050.36, 2053.01]
exp023-n2048-k09-d340-bs60-f1.000-r00:614464.898: log(norms):     [2047.94, 2051.15, 2056.4, 2056.47, 2056.45, 2056.46, 2056.55, 2056.49, 2056.45, 2056.58]
exp023-n2048-k09-d340-bs60-f1.000-r00:614464.936: (5478 sec)
exp023-n2048-k09-d340-bs60-f1.000-r00:614464.937: Loop 94/100
exp023-n2048-k09-d340-bs60-f1.000-r00:619169.801: log(exp-norms): [2047.94, 2050.36, 2053.01]
exp023-n2048-k09-d340-bs60-f1.000-r00:619169.802: log(norms):     [2047.94, 2051.15, 2056.4, 2056.47, 2056.45, 2056.46, 2056.55, 2056.49, 2056.45, 2056.58]
exp023-n2048-k09-d340-bs60-f1.000-r00:619169.840: (4705 sec)
exp023-n2048-k09-d340-bs60-f1.000-r00:619169.840: Loop 95/100
exp023-n2048-k09-d340-bs60-f1.000-r00:624532.819: log(exp-norms): [2047.94, 2050.36, 2053.01]
exp023-n2048-k09-d340-bs60-f1.000-r00:624532.820: log(norms):     [2047.94, 2051.15, 2056.4, 2056.47, 2056.45, 2056.46, 2056.55, 2056.49, 2056.45, 2056.58]
exp023-n2048-k09-d340-bs60-f1.000-r00:624532.856: (5364 sec)
exp023-n2048-k09-d340-bs60-f1.000-r00:624532.856: Loop 96/100
exp023-n2048-k09-d340-bs60-f1.000-r00:628943.290: log(exp-norms): [2047.94, 2050.36, 2053.01]
exp023-n2048-k09-d340-bs60-f1.000-r00:628943.291: log(norms):     [2047.94, 2051.15, 2056.4, 2056.47, 2056.45, 2056.46, 2056.55, 2056.49, 2056.45, 2056.58]
exp023-n2048-k09-d340-bs60-f1.000-r00:628943.325: (4411 sec)
exp023-n2048-k09-d340-bs60-f1.000-r00:628943.325: Loop 97/100
exp023-n2048-k09-d340-bs60-f1.000-r00:633500.198: log(exp-norms): [2047.94, 2050.36, 2053.01]
exp023-n2048-k09-d340-bs60-f1.000-r00:633500.199: log(norms):     [2047.94, 2051.15, 2056.4, 2056.47, 2056.45, 2056.46, 2056.55, 2056.49, 2056.45, 2056.58]
exp023-n2048-k09-d340-bs60-f1.000-r00:633500.233: (4557 sec)
exp023-n2048-k09-d340-bs60-f1.000-r00:633500.234: Loop 98/100
exp023-n2048-k09-d340-bs60-f1.000-r00:637728.076: log(exp-norms): [2047.94, 2050.36, 2053.01]
exp023-n2048-k09-d340-bs60-f1.000-r00:637728.077: log(norms):     [2047.94, 2051.15, 2056.4, 2056.47, 2056.45, 2056.46, 2056.55, 2056.49, 2056.45, 2056.58]
exp023-n2048-k09-d340-bs60-f1.000-r00:637728.111: (4228 sec)
exp023-n2048-k09-d340-bs60-f1.000-r00:637728.112: Loop 99/100
exp023-n2048-k09-d340-bs60-f1.000-r00:642292.616: log(exp-norms): [2047.94, 2050.36, 2053.01]
exp023-n2048-k09-d340-bs60-f1.000-r00:642292.617: log(norms):     [2047.94, 2051.15, 2056.4, 2056.47, 2056.45, 2056.46, 2056.55, 2056.49, 2056.45, 2056.58]
exp023-n2048-k09-d340-bs60-f1.000-r00:642292.673: (4565 sec)
exp023-n2048-k09-d340-bs60-f1.000-r00:642292.673: Loop 100/100
exp023-n2048-k09-d340-bs60-f1.000-r00:646856.119: log(exp-norms): [2047.94, 2050.36, 2053.01]
exp023-n2048-k09-d340-bs60-f1.000-r00:646856.120: log(norms):     [2047.94, 2051.15, 2056.4, 2056.47, 2056.5, 2056.45, 2056.46, 2056.55, 2056.49, 2056.58]
exp023-n2048-k09-d340-bs60-f1.000-r00:646856.154: (4564 sec)
exp023-n2048-k09-d340-bs60-f1.000-r00:646856.154: ==========================Summary===========================
exp023-n2048-k09-d340-bs60-f1.000-r00:646856.154: Total time: 646856sec
exp023-n2048-k09-d340-bs60-f1.000-r00:646856.154: FAIL
exp023-n2048-k09-d340-bs60-f1.000-r00:646856.155: SUMMARY:n:2048:k:9:d:340:bs:60:t:646856:r:False
