exp012-n2048-k10-d280-bs60-f1.000-r00:000000.247: ==========================Instance==========================
exp012-n2048-k10-d280-bs60-f1.000-r00:000000.247: # of equations: 280
exp012-n2048-k10-d280-bs60-f1.000-r00:000000.251: Gap: 5.10
exp012-n2048-k10-d280-bs60-f1.000-r00:000000.260: Tau: 6.41
exp012-n2048-k10-d280-bs60-f1.000-r00:000000.261: ======================BKZ-60 reduction======================
exp012-n2048-k10-d280-bs60-f1.000-r00:000011.285: Expectedly achievable log(norm): 2055.18
exp012-n2048-k10-d280-bs60-f1.000-r00:000021.523: log(exp-norms): [2047.94, 2050.22, 2052.57]
exp012-n2048-k10-d280-bs60-f1.000-r00:000021.524: log(norms):     [2061.2, 2051.01, 2057.89, 2057.89, 2057.89, 2057.89, 2057.89, 2057.89, 2057.89, 2057.89]
exp012-n2048-k10-d280-bs60-f1.000-r00:000021.620: Loop 1/100
exp012-n2048-k10-d280-bs60-f1.000-r00:013147.065: log(exp-norms): [2047.94, 2050.22, 2052.57]
exp012-n2048-k10-d280-bs60-f1.000-r00:013147.067: log(norms):     [2051.01, 2057.89, 2057.89, 2057.89, 2057.89, 2057.89, 2057.89, 2057.89, 2058.09, 2057.89]
exp012-n2048-k10-d280-bs60-f1.000-r00:013147.117: (13126 sec)
exp012-n2048-k10-d280-bs60-f1.000-r00:013147.117: Loop 2/100
exp012-n2048-k10-d280-bs60-f1.000-r00:017628.538: log(exp-norms): [2047.94, 2050.22, 2052.57]
exp012-n2048-k10-d280-bs60-f1.000-r00:017628.540: log(norms):     [2051.01, 2057.83, 2057.84, 2057.93, 2057.92, 2057.86, 2057.79, 2058.0, 2057.82, 2057.91]
exp012-n2048-k10-d280-bs60-f1.000-r00:017628.591: (4482 sec)
exp012-n2048-k10-d280-bs60-f1.000-r00:017628.592: Loop 3/100
exp012-n2048-k10-d280-bs60-f1.000-r00:021998.702: log(exp-norms): [2047.94, 2050.22, 2052.57]
exp012-n2048-k10-d280-bs60-f1.000-r00:021998.703: log(norms):     [2051.01, 2057.38, 2057.43, 2057.55, 2057.49, 2057.45, 2057.51, 2057.45, 2057.48, 2057.57]
exp012-n2048-k10-d280-bs60-f1.000-r00:021998.753: (4371 sec)
exp012-n2048-k10-d280-bs60-f1.000-r00:021998.754: Loop 4/100
exp012-n2048-k10-d280-bs60-f1.000-r00:026304.618: log(exp-norms): [2047.94, 2050.22, 2052.57]
exp012-n2048-k10-d280-bs60-f1.000-r00:026304.619: log(norms):     [2051.01, 2057.01, 2057.05, 2057.09, 2057.16, 2057.12, 2057.3, 2057.14, 2057.23, 2057.18]
exp012-n2048-k10-d280-bs60-f1.000-r00:026304.678: (4306 sec)
exp012-n2048-k10-d280-bs60-f1.000-r00:026304.679: Loop 5/100
exp012-n2048-k10-d280-bs60-f1.000-r00:030432.804: log(exp-norms): [2047.94, 2050.22, 2052.57]
exp012-n2048-k10-d280-bs60-f1.000-r00:030432.806: log(norms):     [2051.01, 2056.65, 2056.82, 2056.77, 2056.82, 2056.8, 2057.0, 2056.83, 2056.98, 2056.83]
exp012-n2048-k10-d280-bs60-f1.000-r00:030432.857: (4129 sec)
exp012-n2048-k10-d280-bs60-f1.000-r00:030432.858: Loop 6/100
exp012-n2048-k10-d280-bs60-f1.000-r00:034545.510: log(exp-norms): [2047.94, 2050.22, 2052.57]
exp012-n2048-k10-d280-bs60-f1.000-r00:034545.511: log(norms):     [2047.94, 2051.01, 2056.45, 2056.59, 2056.5, 2056.61, 2056.59, 2056.49, 2056.5, 2056.48]
exp012-n2048-k10-d280-bs60-f1.000-r00:034545.561: (4113 sec)
exp012-n2048-k10-d280-bs60-f1.000-r00:034545.561: Loop 7/100
exp012-n2048-k10-d280-bs60-f1.000-r00:038671.257: log(exp-norms): [2047.94, 2050.22, 2052.57]
exp012-n2048-k10-d280-bs60-f1.000-r00:038671.258: log(norms):     [2047.94, 2051.01, 2056.24, 2056.33, 2056.25, 2056.23, 2056.29, 2056.31, 2056.34, 2056.24]
exp012-n2048-k10-d280-bs60-f1.000-r00:038671.308: (4126 sec)
exp012-n2048-k10-d280-bs60-f1.000-r00:038671.309: Loop 8/100
exp012-n2048-k10-d280-bs60-f1.000-r00:042728.689: log(exp-norms): [2047.94, 2050.22, 2052.57]
exp012-n2048-k10-d280-bs60-f1.000-r00:042728.690: log(norms):     [2047.94, 2051.01, 2055.97, 2056.11, 2056.04, 2056.21, 2056.06, 2056.09, 2056.14, 2056.22]
exp012-n2048-k10-d280-bs60-f1.000-r00:042728.748: (4058 sec)
exp012-n2048-k10-d280-bs60-f1.000-r00:042728.749: Loop 9/100
exp012-n2048-k10-d280-bs60-f1.000-r00:046747.560: log(exp-norms): [2047.94, 2050.22, 2052.57]
exp012-n2048-k10-d280-bs60-f1.000-r00:046747.561: log(norms):     [2047.94, 2051.01, 2055.86, 2055.9, 2056.04, 2056.02, 2056.04, 2055.95, 2055.98, 2056.03]
exp012-n2048-k10-d280-bs60-f1.000-r00:046747.612: (4019 sec)
exp012-n2048-k10-d280-bs60-f1.000-r00:046747.613: Loop 10/100
exp012-n2048-k10-d280-bs60-f1.000-r00:050849.787: log(exp-norms): [2047.94, 2050.22, 2052.57]
exp012-n2048-k10-d280-bs60-f1.000-r00:050849.789: log(norms):     [2047.94, 2051.01, 2055.62, 2055.79, 2055.75, 2055.77, 2055.77, 2055.75, 2055.8, 2055.94]
exp012-n2048-k10-d280-bs60-f1.000-r00:050849.839: (4103 sec)
exp012-n2048-k10-d280-bs60-f1.000-r00:050849.839: Loop 11/100
exp012-n2048-k10-d280-bs60-f1.000-r00:055055.443: log(exp-norms): [2047.94, 2050.22, 2052.57]
exp012-n2048-k10-d280-bs60-f1.000-r00:055055.445: log(norms):     [2047.94, 2051.01, 2055.62, 2055.65, 2055.76, 2055.73, 2055.87, 2055.84, 2055.74, 2055.83]
exp012-n2048-k10-d280-bs60-f1.000-r00:055055.496: (4206 sec)
exp012-n2048-k10-d280-bs60-f1.000-r00:055055.496: Loop 12/100
exp012-n2048-k10-d280-bs60-f1.000-r00:059208.530: log(exp-norms): [2047.94, 2050.22, 2052.57]
exp012-n2048-k10-d280-bs60-f1.000-r00:059208.531: log(norms):     [2047.94, 2051.01, 2055.58, 2055.66, 2055.67, 2055.61, 2055.66, 2055.8, 2055.64, 2055.86]
exp012-n2048-k10-d280-bs60-f1.000-r00:059208.581: (4154 sec)
exp012-n2048-k10-d280-bs60-f1.000-r00:059208.581: Loop 13/100
exp012-n2048-k10-d280-bs60-f1.000-r00:063435.254: log(exp-norms): [2047.94, 2050.22, 2052.57]
exp012-n2048-k10-d280-bs60-f1.000-r00:063435.255: log(norms):     [2047.94, 2051.01, 2055.49, 2055.52, 2055.52, 2055.57, 2055.69, 2055.49, 2055.65, 2055.63]
exp012-n2048-k10-d280-bs60-f1.000-r00:063435.305: (4227 sec)
exp012-n2048-k10-d280-bs60-f1.000-r00:063435.305: Loop 14/100
exp012-n2048-k10-d280-bs60-f1.000-r00:067651.975: log(exp-norms): [2047.94, 2050.22, 2052.57]
exp012-n2048-k10-d280-bs60-f1.000-r00:067651.976: log(norms):     [2047.94, 2051.01, 2055.41, 2055.46, 2055.49, 2055.55, 2055.53, 2055.49, 2055.71, 2055.69]
exp012-n2048-k10-d280-bs60-f1.000-r00:067652.041: (4217 sec)
exp012-n2048-k10-d280-bs60-f1.000-r00:067652.042: Loop 15/100
exp012-n2048-k10-d280-bs60-f1.000-r00:071711.913: log(exp-norms): [2047.94, 2050.22, 2052.57]
exp012-n2048-k10-d280-bs60-f1.000-r00:071711.914: log(norms):     [2047.94, 2051.01, 2055.35, 2055.49, 2055.46, 2055.56, 2055.7, 2055.41, 2055.55, 2055.5]
exp012-n2048-k10-d280-bs60-f1.000-r00:071711.964: (4060 sec)
exp012-n2048-k10-d280-bs60-f1.000-r00:071711.965: Loop 16/100
exp012-n2048-k10-d280-bs60-f1.000-r00:075840.541: log(exp-norms): [2047.94, 2050.22, 2052.57]
exp012-n2048-k10-d280-bs60-f1.000-r00:075840.542: log(norms):     [2047.94, 2051.01, 2055.35, 2055.49, 2055.51, 2055.38, 2055.43, 2055.57, 2055.57, 2055.48]
exp012-n2048-k10-d280-bs60-f1.000-r00:075840.592: (4129 sec)
exp012-n2048-k10-d280-bs60-f1.000-r00:075840.592: Loop 17/100
exp012-n2048-k10-d280-bs60-f1.000-r00:079966.199: log(exp-norms): [2047.94, 2050.22, 2052.57]
exp012-n2048-k10-d280-bs60-f1.000-r00:079966.200: log(norms):     [2047.94, 2051.01, 2055.32, 2055.35, 2055.49, 2055.56, 2055.37, 2055.55, 2055.6, 2055.44]
exp012-n2048-k10-d280-bs60-f1.000-r00:079966.250: (4126 sec)
exp012-n2048-k10-d280-bs60-f1.000-r00:079966.250: Loop 18/100
exp012-n2048-k10-d280-bs60-f1.000-r00:084088.629: log(exp-norms): [2047.94, 2050.22, 2052.57]
exp012-n2048-k10-d280-bs60-f1.000-r00:084088.631: log(norms):     [2047.94, 2051.01, 2055.26, 2055.32, 2055.41, 2055.28, 2055.59, 2055.3, 2055.47, 2055.52]
exp012-n2048-k10-d280-bs60-f1.000-r00:084088.681: (4123 sec)
exp012-n2048-k10-d280-bs60-f1.000-r00:084088.681: Loop 19/100
exp012-n2048-k10-d280-bs60-f1.000-r00:088181.318: log(exp-norms): [2047.94, 2050.22, 2052.57]
exp012-n2048-k10-d280-bs60-f1.000-r00:088181.320: log(norms):     [2047.94, 2051.01, 2055.2, 2055.26, 2055.32, 2055.43, 2055.28, 2055.45, 2055.39, 2055.47]
exp012-n2048-k10-d280-bs60-f1.000-r00:088181.369: (4093 sec)
exp012-n2048-k10-d280-bs60-f1.000-r00:088181.369: Loop 20/100
exp012-n2048-k10-d280-bs60-f1.000-r00:092312.013: log(exp-norms): [2047.94, 2050.22, 2052.57]
exp012-n2048-k10-d280-bs60-f1.000-r00:092312.015: log(norms):     [2047.94, 2051.01, 2055.2, 2055.26, 2055.28, 2055.32, 2055.43, 2055.49, 2055.47, 2055.53]
exp012-n2048-k10-d280-bs60-f1.000-r00:092312.065: (4131 sec)
exp012-n2048-k10-d280-bs60-f1.000-r00:092312.065: Loop 21/100
exp012-n2048-k10-d280-bs60-f1.000-r00:096435.844: log(exp-norms): [2047.94, 2050.22, 2052.57]
exp012-n2048-k10-d280-bs60-f1.000-r00:096435.845: log(norms):     [2047.94, 2051.01, 2055.2, 2055.26, 2055.28, 2055.24, 2055.26, 2055.32, 2055.45, 2055.43]
exp012-n2048-k10-d280-bs60-f1.000-r00:096435.896: (4124 sec)
exp012-n2048-k10-d280-bs60-f1.000-r00:096435.897: Loop 22/100
exp012-n2048-k10-d280-bs60-f1.000-r00:100518.109: log(exp-norms): [2047.94, 2050.22, 2052.57]
exp012-n2048-k10-d280-bs60-f1.000-r00:100518.110: log(norms):     [2047.94, 2051.01, 2055.2, 2055.26, 2055.28, 2055.24, 2055.26, 2055.39, 2055.55, 2055.32]
exp012-n2048-k10-d280-bs60-f1.000-r00:100518.160: (4083 sec)
exp012-n2048-k10-d280-bs60-f1.000-r00:100518.160: Loop 23/100
exp012-n2048-k10-d280-bs60-f1.000-r00:104557.756: log(exp-norms): [2047.94, 2050.22, 2052.57]
exp012-n2048-k10-d280-bs60-f1.000-r00:104557.757: log(norms):     [2047.94, 2051.01, 2055.2, 2055.26, 2055.28, 2055.24, 2055.26, 2055.39, 2055.55, 2055.32]
exp012-n2048-k10-d280-bs60-f1.000-r00:104557.807: (4040 sec)
exp012-n2048-k10-d280-bs60-f1.000-r00:104557.807: Loop 24/100
exp012-n2048-k10-d280-bs60-f1.000-r00:108606.180: log(exp-norms): [2047.94, 2050.22, 2052.57]
exp012-n2048-k10-d280-bs60-f1.000-r00:108606.180: log(norms):     [2047.94, 2051.01, 2055.2, 2055.26, 2055.28, 2055.24, 2055.26, 2055.39, 2055.49, 2055.55]
exp012-n2048-k10-d280-bs60-f1.000-r00:108606.228: (4049 sec)
exp012-n2048-k10-d280-bs60-f1.000-r00:108606.228: Loop 25/100
exp012-n2048-k10-d280-bs60-f1.000-r00:112689.382: log(exp-norms): [2047.94, 2050.22, 2052.57]
exp012-n2048-k10-d280-bs60-f1.000-r00:112689.663: log(norms):     [2047.94, 2051.01, 2055.2, 2055.24, 2055.26, 2055.26, 2055.32, 2055.28, 2055.24, 2055.51]
exp012-n2048-k10-d280-bs60-f1.000-r00:112689.712: (4084 sec)
exp012-n2048-k10-d280-bs60-f1.000-r00:112689.712: Loop 26/100
exp012-n2048-k10-d280-bs60-f1.000-r00:116839.128: log(exp-norms): [2047.94, 2050.22, 2052.57]
exp012-n2048-k10-d280-bs60-f1.000-r00:116839.129: log(norms):     [2047.94, 2051.01, 2055.2, 2055.34, 2055.24, 2055.26, 2055.28, 2055.39, 2055.44, 2055.24]
exp012-n2048-k10-d280-bs60-f1.000-r00:116839.178: (4150 sec)
exp012-n2048-k10-d280-bs60-f1.000-r00:116839.178: Loop 27/100
exp012-n2048-k10-d280-bs60-f1.000-r00:120887.676: log(exp-norms): [2047.94, 2050.22, 2052.57]
exp012-n2048-k10-d280-bs60-f1.000-r00:120887.678: log(norms):     [2047.94, 2051.01, 2055.2, 2055.21, 2055.26, 2055.3, 2055.34, 2055.24, 2055.28, 2055.39]
exp012-n2048-k10-d280-bs60-f1.000-r00:120887.728: (4049 sec)
exp012-n2048-k10-d280-bs60-f1.000-r00:120887.728: Loop 28/100
exp012-n2048-k10-d280-bs60-f1.000-r00:124926.728: log(exp-norms): [2047.94, 2050.22, 2052.57]
exp012-n2048-k10-d280-bs60-f1.000-r00:124926.730: log(norms):     [2047.94, 2051.01, 2055.2, 2055.21, 2055.26, 2055.3, 2055.34, 2055.3, 2055.37, 2055.37]
exp012-n2048-k10-d280-bs60-f1.000-r00:124926.778: (4040 sec)
exp012-n2048-k10-d280-bs60-f1.000-r00:124926.778: Loop 29/100
exp012-n2048-k10-d280-bs60-f1.000-r00:128873.679: log(exp-norms): [2047.94, 2050.22, 2052.57]
exp012-n2048-k10-d280-bs60-f1.000-r00:128873.682: log(norms):     [2047.94, 2051.01, 2055.2, 2055.21, 2055.26, 2055.3, 2055.34, 2055.3, 2055.37, 2055.36]
exp012-n2048-k10-d280-bs60-f1.000-r00:128873.732: (3947 sec)
exp012-n2048-k10-d280-bs60-f1.000-r00:128873.733: Loop 30/100
exp012-n2048-k10-d280-bs60-f1.000-r00:132931.108: log(exp-norms): [2047.94, 2050.22, 2052.57]
exp012-n2048-k10-d280-bs60-f1.000-r00:132931.109: log(norms):     [2047.94, 2051.01, 2055.2, 2055.21, 2055.26, 2055.3, 2055.34, 2055.3, 2055.37, 2055.36]
exp012-n2048-k10-d280-bs60-f1.000-r00:132931.159: (4058 sec)
exp012-n2048-k10-d280-bs60-f1.000-r00:132931.160: Loop 31/100
exp012-n2048-k10-d280-bs60-f1.000-r00:136774.599: log(exp-norms): [2047.94, 2050.22, 2052.57]
exp012-n2048-k10-d280-bs60-f1.000-r00:136774.600: log(norms):     [2047.94, 2051.01, 2055.2, 2055.21, 2055.26, 2055.24, 2055.34, 2055.36, 2055.38, 2055.3]
exp012-n2048-k10-d280-bs60-f1.000-r00:136774.649: (3844 sec)
exp012-n2048-k10-d280-bs60-f1.000-r00:136774.650: Loop 32/100
exp012-n2048-k10-d280-bs60-f1.000-r00:140492.351: log(exp-norms): [2047.94, 2050.22, 2052.57]
exp012-n2048-k10-d280-bs60-f1.000-r00:140492.353: log(norms):     [2047.94, 2051.01, 2055.2, 2055.21, 2055.26, 2055.24, 2055.28, 2055.34, 2055.36, 2055.38]
exp012-n2048-k10-d280-bs60-f1.000-r00:140492.403: (3718 sec)
exp012-n2048-k10-d280-bs60-f1.000-r00:140492.403: Loop 33/100
exp012-n2048-k10-d280-bs60-f1.000-r00:144213.879: log(exp-norms): [2047.94, 2050.22, 2052.57]
exp012-n2048-k10-d280-bs60-f1.000-r00:144213.880: log(norms):     [2047.94, 2051.01, 2055.2, 2055.21, 2055.26, 2055.24, 2055.28, 2055.26, 2055.37, 2055.34]
exp012-n2048-k10-d280-bs60-f1.000-r00:144213.929: (3722 sec)
exp012-n2048-k10-d280-bs60-f1.000-r00:144213.930: Loop 34/100
exp012-n2048-k10-d280-bs60-f1.000-r00:148220.177: log(exp-norms): [2047.94, 2050.22, 2052.57]
exp012-n2048-k10-d280-bs60-f1.000-r00:148220.178: log(norms):     [2047.94, 2051.01, 2055.2, 2055.21, 2055.26, 2055.24, 2055.28, 2055.32, 2055.26, 2055.37]
exp012-n2048-k10-d280-bs60-f1.000-r00:148220.228: (4007 sec)
exp012-n2048-k10-d280-bs60-f1.000-r00:148220.228: Loop 35/100
exp012-n2048-k10-d280-bs60-f1.000-r00:152279.747: log(exp-norms): [2047.94, 2050.22, 2052.57]
exp012-n2048-k10-d280-bs60-f1.000-r00:152279.747: log(norms):     [2047.94, 2051.01, 2055.2, 2055.21, 2055.26, 2055.24, 2055.28, 2055.32, 2055.26, 2055.37]
exp012-n2048-k10-d280-bs60-f1.000-r00:152279.801: (4060 sec)
exp012-n2048-k10-d280-bs60-f1.000-r00:152279.801: Loop 36/100
exp012-n2048-k10-d280-bs60-f1.000-r00:155992.043: log(exp-norms): [2047.94, 2050.22, 2052.57]
exp012-n2048-k10-d280-bs60-f1.000-r00:155992.045: log(norms):     [2047.94, 2051.01, 2055.2, 2055.21, 2055.26, 2055.26, 2055.24, 2055.28, 2055.32, 2055.35]
exp012-n2048-k10-d280-bs60-f1.000-r00:155992.092: (3713 sec)
exp012-n2048-k10-d280-bs60-f1.000-r00:155992.092: Loop 37/100
exp012-n2048-k10-d280-bs60-f1.000-r00:159527.736: log(exp-norms): [2047.94, 2050.22, 2052.57]
exp012-n2048-k10-d280-bs60-f1.000-r00:159527.738: log(norms):     [2047.94, 2051.01, 2055.2, 2055.21, 2055.26, 2055.26, 2055.24, 2055.28, 2055.32, 2055.29]
exp012-n2048-k10-d280-bs60-f1.000-r00:159527.769: (3536 sec)
exp012-n2048-k10-d280-bs60-f1.000-r00:159527.769: Loop 38/100
exp012-n2048-k10-d280-bs60-f1.000-r00:163212.669: log(exp-norms): [2047.94, 2050.22, 2052.57]
exp012-n2048-k10-d280-bs60-f1.000-r00:163212.671: log(norms):     [2047.94, 2051.01, 2055.07, 2055.21, 2055.2, 2055.32, 2055.26, 2055.26, 2055.33, 2055.27]
exp012-n2048-k10-d280-bs60-f1.000-r00:163212.722: (3685 sec)
exp012-n2048-k10-d280-bs60-f1.000-r00:163212.723: Loop 39/100
exp012-n2048-k10-d280-bs60-f1.000-r00:167282.818: log(exp-norms): [2047.94, 2050.22, 2052.57]
exp012-n2048-k10-d280-bs60-f1.000-r00:167282.820: log(norms):     [2047.94, 2051.01, 2055.07, 2055.21, 2055.2, 2055.32, 2055.26, 2055.26, 2055.33, 2055.24]
exp012-n2048-k10-d280-bs60-f1.000-r00:167282.869: (4071 sec)
exp012-n2048-k10-d280-bs60-f1.000-r00:167282.870: Loop 40/100
exp012-n2048-k10-d280-bs60-f1.000-r00:171353.171: log(exp-norms): [2047.94, 2050.22, 2052.57]
exp012-n2048-k10-d280-bs60-f1.000-r00:171353.172: log(norms):     [2047.94, 2051.01, 2055.07, 2055.21, 2055.2, 2055.32, 2055.26, 2055.26, 2055.33, 2055.24]
exp012-n2048-k10-d280-bs60-f1.000-r00:171353.222: (4071 sec)
exp012-n2048-k10-d280-bs60-f1.000-r00:171353.223: Loop 41/100
exp012-n2048-k10-d280-bs60-f1.000-r00:175317.712: log(exp-norms): [2047.94, 2050.22, 2052.57]
exp012-n2048-k10-d280-bs60-f1.000-r00:175317.713: log(norms):     [2047.94, 2051.01, 2055.07, 2055.21, 2055.2, 2055.32, 2055.26, 2055.26, 2055.33, 2055.24]
exp012-n2048-k10-d280-bs60-f1.000-r00:175317.762: (3965 sec)
exp012-n2048-k10-d280-bs60-f1.000-r00:175317.763: Loop 42/100
exp012-n2048-k10-d280-bs60-f1.000-r00:179194.724: log(exp-norms): [2047.94, 2050.22, 2052.57]
exp012-n2048-k10-d280-bs60-f1.000-r00:179194.725: log(norms):     [2047.94, 2051.01, 2055.07, 2055.21, 2055.2, 2055.32, 2055.26, 2055.26, 2055.33, 2055.24]
exp012-n2048-k10-d280-bs60-f1.000-r00:179194.774: (3878 sec)
exp012-n2048-k10-d280-bs60-f1.000-r00:179194.775: Loop 43/100
exp012-n2048-k10-d280-bs60-f1.000-r00:183117.261: log(exp-norms): [2047.94, 2050.22, 2052.57]
exp012-n2048-k10-d280-bs60-f1.000-r00:183117.262: log(norms):     [2047.94, 2051.01, 2055.07, 2055.21, 2055.2, 2055.32, 2055.26, 2055.26, 2055.33, 2055.24]
exp012-n2048-k10-d280-bs60-f1.000-r00:183117.311: (3923 sec)
exp012-n2048-k10-d280-bs60-f1.000-r00:183117.312: Loop 44/100
exp012-n2048-k10-d280-bs60-f1.000-r00:187078.307: log(exp-norms): [2047.94, 2050.22, 2052.57]
exp012-n2048-k10-d280-bs60-f1.000-r00:187078.307: log(norms):     [2047.94, 2051.01, 2055.07, 2055.21, 2055.2, 2055.32, 2055.26, 2055.26, 2055.33, 2055.24]
exp012-n2048-k10-d280-bs60-f1.000-r00:187078.356: (3962 sec)
exp012-n2048-k10-d280-bs60-f1.000-r00:187078.356: Loop 45/100
exp012-n2048-k10-d280-bs60-f1.000-r00:191033.952: log(exp-norms): [2047.94, 2050.22, 2052.57]
exp012-n2048-k10-d280-bs60-f1.000-r00:191033.953: log(norms):     [2047.94, 2051.01, 2055.07, 2055.21, 2055.2, 2055.32, 2055.26, 2055.26, 2055.33, 2055.24]
exp012-n2048-k10-d280-bs60-f1.000-r00:191034.001: (3956 sec)
exp012-n2048-k10-d280-bs60-f1.000-r00:191034.001: Loop 46/100
exp012-n2048-k10-d280-bs60-f1.000-r00:195033.601: log(exp-norms): [2047.94, 2050.22, 2052.57]
exp012-n2048-k10-d280-bs60-f1.000-r00:195033.602: log(norms):     [2047.94, 2051.01, 2055.07, 2055.21, 2055.2, 2055.32, 2055.26, 2055.26, 2055.33, 2055.36]
exp012-n2048-k10-d280-bs60-f1.000-r00:195033.652: (4000 sec)
exp012-n2048-k10-d280-bs60-f1.000-r00:195033.652: Loop 47/100
exp012-n2048-k10-d280-bs60-f1.000-r00:198975.350: log(exp-norms): [2047.94, 2050.22, 2052.57]
exp012-n2048-k10-d280-bs60-f1.000-r00:198975.352: log(norms):     [2047.94, 2051.01, 2055.07, 2055.21, 2055.2, 2055.32, 2055.26, 2055.26, 2055.33, 2055.36]
exp012-n2048-k10-d280-bs60-f1.000-r00:198975.401: (3942 sec)
exp012-n2048-k10-d280-bs60-f1.000-r00:198975.402: Loop 48/100
exp012-n2048-k10-d280-bs60-f1.000-r00:202589.915: log(exp-norms): [2047.94, 2050.22, 2052.57]
exp012-n2048-k10-d280-bs60-f1.000-r00:202589.916: log(norms):     [2047.94, 2051.01, 2055.07, 2055.21, 2055.2, 2055.32, 2055.26, 2055.26, 2055.33, 2055.36]
exp012-n2048-k10-d280-bs60-f1.000-r00:202589.973: (3615 sec)
exp012-n2048-k10-d280-bs60-f1.000-r00:202589.974: Loop 49/100
exp012-n2048-k10-d280-bs60-f1.000-r00:206284.689: log(exp-norms): [2047.94, 2050.22, 2052.57]
exp012-n2048-k10-d280-bs60-f1.000-r00:206284.690: log(norms):     [2047.94, 2051.01, 2055.07, 2055.21, 2055.2, 2055.32, 2055.26, 2055.26, 2055.33, 2055.36]
exp012-n2048-k10-d280-bs60-f1.000-r00:206284.740: (3695 sec)
exp012-n2048-k10-d280-bs60-f1.000-r00:206284.741: Loop 50/100
exp012-n2048-k10-d280-bs60-f1.000-r00:209988.260: log(exp-norms): [2047.94, 2050.22, 2052.57]
exp012-n2048-k10-d280-bs60-f1.000-r00:209988.261: log(norms):     [2047.94, 2051.01, 2055.07, 2055.21, 2055.2, 2055.32, 2055.26, 2055.26, 2055.33, 2055.36]
exp012-n2048-k10-d280-bs60-f1.000-r00:209988.311: (3704 sec)
exp012-n2048-k10-d280-bs60-f1.000-r00:209988.312: Loop 51/100
exp012-n2048-k10-d280-bs60-f1.000-r00:213619.088: log(exp-norms): [2047.94, 2050.22, 2052.57]
exp012-n2048-k10-d280-bs60-f1.000-r00:213619.090: log(norms):     [2047.94, 2051.01, 2055.07, 2055.21, 2055.2, 2055.32, 2055.26, 2055.26, 2055.33, 2055.36]
exp012-n2048-k10-d280-bs60-f1.000-r00:213619.154: (3631 sec)
exp012-n2048-k10-d280-bs60-f1.000-r00:213619.155: Loop 52/100
exp012-n2048-k10-d280-bs60-f1.000-r00:217343.402: log(exp-norms): [2047.94, 2050.22, 2052.57]
exp012-n2048-k10-d280-bs60-f1.000-r00:217343.404: log(norms):     [2047.94, 2051.01, 2055.07, 2055.21, 2055.2, 2055.32, 2055.26, 2055.26, 2055.33, 2055.36]
exp012-n2048-k10-d280-bs60-f1.000-r00:217343.453: (3725 sec)
exp012-n2048-k10-d280-bs60-f1.000-r00:217343.454: Loop 53/100
exp012-n2048-k10-d280-bs60-f1.000-r00:220977.972: log(exp-norms): [2047.94, 2050.22, 2052.57]
exp012-n2048-k10-d280-bs60-f1.000-r00:220977.974: log(norms):     [2047.94, 2051.01, 2055.07, 2055.21, 2055.2, 2055.32, 2055.26, 2055.26, 2055.33, 2055.36]
exp012-n2048-k10-d280-bs60-f1.000-r00:220978.030: (3635 sec)
exp012-n2048-k10-d280-bs60-f1.000-r00:220978.031: Loop 54/100
exp012-n2048-k10-d280-bs60-f1.000-r00:224589.737: log(exp-norms): [2047.94, 2050.22, 2052.57]
exp012-n2048-k10-d280-bs60-f1.000-r00:224589.738: log(norms):     [2047.94, 2051.01, 2055.07, 2055.21, 2055.2, 2055.32, 2055.26, 2055.26, 2055.33, 2055.36]
exp012-n2048-k10-d280-bs60-f1.000-r00:224589.788: (3612 sec)
exp012-n2048-k10-d280-bs60-f1.000-r00:224589.789: Loop 55/100
exp012-n2048-k10-d280-bs60-f1.000-r00:228326.372: log(exp-norms): [2047.94, 2050.22, 2052.57]
exp012-n2048-k10-d280-bs60-f1.000-r00:228326.373: log(norms):     [2047.94, 2051.01, 2055.07, 2055.21, 2055.2, 2055.29, 2055.26, 2055.26, 2055.33, 2055.47]
exp012-n2048-k10-d280-bs60-f1.000-r00:228326.422: (3737 sec)
exp012-n2048-k10-d280-bs60-f1.000-r00:228326.422: Loop 56/100
exp012-n2048-k10-d280-bs60-f1.000-r00:232382.083: log(exp-norms): [2047.94, 2050.22, 2052.57]
exp012-n2048-k10-d280-bs60-f1.000-r00:232382.085: log(norms):     [2047.94, 2051.01, 2055.07, 2055.21, 2055.2, 2055.29, 2055.26, 2055.26, 2055.33, 2055.47]
exp012-n2048-k10-d280-bs60-f1.000-r00:232382.129: (4056 sec)
exp012-n2048-k10-d280-bs60-f1.000-r00:232382.130: Loop 57/100
exp012-n2048-k10-d280-bs60-f1.000-r00:236475.033: log(exp-norms): [2047.94, 2050.22, 2052.57]
exp012-n2048-k10-d280-bs60-f1.000-r00:236475.034: log(norms):     [2047.94, 2051.01, 2055.07, 2055.21, 2055.2, 2055.29, 2055.26, 2055.26, 2055.33, 2055.47]
exp012-n2048-k10-d280-bs60-f1.000-r00:236475.085: (4093 sec)
exp012-n2048-k10-d280-bs60-f1.000-r00:236475.086: Loop 58/100
exp012-n2048-k10-d280-bs60-f1.000-r00:240485.557: log(exp-norms): [2047.94, 2050.22, 2052.57]
exp012-n2048-k10-d280-bs60-f1.000-r00:240485.558: log(norms):     [2047.94, 2051.01, 2055.07, 2055.21, 2055.2, 2055.29, 2055.26, 2055.26, 2055.33, 2055.26]
exp012-n2048-k10-d280-bs60-f1.000-r00:240485.608: (4011 sec)
exp012-n2048-k10-d280-bs60-f1.000-r00:240485.608: Loop 59/100
exp012-n2048-k10-d280-bs60-f1.000-r00:244588.027: log(exp-norms): [2047.94, 2050.22, 2052.57]
exp012-n2048-k10-d280-bs60-f1.000-r00:244588.029: log(norms):     [2047.94, 2051.01, 2055.07, 2055.21, 2055.2, 2055.29, 2055.26, 2055.26, 2055.33, 2055.26]
exp012-n2048-k10-d280-bs60-f1.000-r00:244588.062: (4103 sec)
exp012-n2048-k10-d280-bs60-f1.000-r00:244588.062: Loop 60/100
exp012-n2048-k10-d280-bs60-f1.000-r00:248576.922: log(exp-norms): [2047.94, 2050.22, 2052.57]
exp012-n2048-k10-d280-bs60-f1.000-r00:248576.922: log(norms):     [2047.94, 2051.01, 2055.07, 2055.21, 2055.2, 2055.29, 2055.26, 2055.26, 2055.33, 2055.26]
exp012-n2048-k10-d280-bs60-f1.000-r00:248576.971: (3989 sec)
exp012-n2048-k10-d280-bs60-f1.000-r00:248576.972: Loop 61/100
exp012-n2048-k10-d280-bs60-f1.000-r00:252621.874: log(exp-norms): [2047.94, 2050.22, 2052.57]
exp012-n2048-k10-d280-bs60-f1.000-r00:252621.875: log(norms):     [2047.94, 2051.01, 2055.07, 2055.21, 2055.2, 2055.29, 2055.26, 2055.36, 2055.21, 2055.19]
exp012-n2048-k10-d280-bs60-f1.000-r00:252621.925: (4045 sec)
exp012-n2048-k10-d280-bs60-f1.000-r00:252621.926: Loop 62/100
exp012-n2048-k10-d280-bs60-f1.000-r00:256592.523: log(exp-norms): [2047.94, 2050.22, 2052.57]
exp012-n2048-k10-d280-bs60-f1.000-r00:256592.524: log(norms):     [2047.94, 2051.01, 2055.07, 2055.21, 2055.2, 2055.34, 2055.29, 2055.26, 2055.26, 2055.36]
exp012-n2048-k10-d280-bs60-f1.000-r00:256592.573: (3971 sec)
exp012-n2048-k10-d280-bs60-f1.000-r00:256592.573: Loop 63/100
exp012-n2048-k10-d280-bs60-f1.000-r00:260660.155: log(exp-norms): [2047.94, 2050.22, 2052.57]
exp012-n2048-k10-d280-bs60-f1.000-r00:260660.156: log(norms):     [2047.94, 2051.01, 2055.07, 2055.21, 2055.2, 2055.34, 2055.29, 2055.26, 2055.26, 2055.41]
exp012-n2048-k10-d280-bs60-f1.000-r00:260660.206: (4068 sec)
exp012-n2048-k10-d280-bs60-f1.000-r00:260660.207: Loop 64/100
exp012-n2048-k10-d280-bs60-f1.000-r00:264670.384: log(exp-norms): [2047.94, 2050.22, 2052.57]
exp012-n2048-k10-d280-bs60-f1.000-r00:264670.385: log(norms):     [2047.94, 2051.01, 2055.07, 2055.21, 2055.2, 2055.34, 2055.29, 2055.26, 2055.26, 2055.41]
exp012-n2048-k10-d280-bs60-f1.000-r00:264670.448: (4011 sec)
exp012-n2048-k10-d280-bs60-f1.000-r00:264670.449: Loop 65/100
exp012-n2048-k10-d280-bs60-f1.000-r00:268722.018: log(exp-norms): [2047.94, 2050.22, 2052.57]
exp012-n2048-k10-d280-bs60-f1.000-r00:268722.020: log(norms):     [2047.94, 2051.01, 2055.07, 2055.21, 2055.2, 2055.34, 2055.29, 2055.26, 2055.26, 2055.41]
exp012-n2048-k10-d280-bs60-f1.000-r00:268722.071: (4052 sec)
exp012-n2048-k10-d280-bs60-f1.000-r00:268722.071: Loop 66/100
exp012-n2048-k10-d280-bs60-f1.000-r00:272727.657: log(exp-norms): [2047.94, 2050.22, 2052.57]
exp012-n2048-k10-d280-bs60-f1.000-r00:272727.658: log(norms):     [2047.94, 2051.01, 2055.07, 2055.21, 2055.2, 2055.34, 2055.29, 2055.26, 2055.26, 2055.41]
exp012-n2048-k10-d280-bs60-f1.000-r00:272727.708: (4006 sec)
exp012-n2048-k10-d280-bs60-f1.000-r00:272727.708: Loop 67/100
exp012-n2048-k10-d280-bs60-f1.000-r00:276850.860: log(exp-norms): [2047.94, 2050.22, 2052.57]
exp012-n2048-k10-d280-bs60-f1.000-r00:276850.861: log(norms):     [2047.94, 2051.01, 2055.07, 2055.21, 2055.2, 2055.34, 2055.29, 2055.26, 2055.26, 2055.41]
exp012-n2048-k10-d280-bs60-f1.000-r00:276850.919: (4124 sec)
exp012-n2048-k10-d280-bs60-f1.000-r00:276850.920: Loop 68/100
exp012-n2048-k10-d280-bs60-f1.000-r00:280728.107: log(exp-norms): [2047.94, 2050.22, 2052.57]
exp012-n2048-k10-d280-bs60-f1.000-r00:280728.108: log(norms):     [2047.94, 2051.01, 2055.07, 2055.21, 2055.2, 2055.34, 2055.29, 2055.26, 2055.26, 2055.41]
exp012-n2048-k10-d280-bs60-f1.000-r00:280728.157: (3878 sec)
exp012-n2048-k10-d280-bs60-f1.000-r00:280728.157: Loop 69/100
exp012-n2048-k10-d280-bs60-f1.000-r00:284578.723: log(exp-norms): [2047.94, 2050.22, 2052.57]
exp012-n2048-k10-d280-bs60-f1.000-r00:284578.724: log(norms):     [2047.94, 2051.01, 2055.07, 2055.21, 2055.2, 2055.34, 2055.29, 2055.26, 2055.26, 2055.41]
exp012-n2048-k10-d280-bs60-f1.000-r00:284578.773: (3851 sec)
exp012-n2048-k10-d280-bs60-f1.000-r00:284578.774: Loop 70/100
exp012-n2048-k10-d280-bs60-f1.000-r00:288210.028: log(exp-norms): [2047.94, 2050.22, 2052.57]
exp012-n2048-k10-d280-bs60-f1.000-r00:288210.029: log(norms):     [2047.94, 2051.01, 2055.07, 2055.21, 2055.2, 2055.34, 2055.29, 2055.26, 2055.24, 2055.26]
exp012-n2048-k10-d280-bs60-f1.000-r00:288210.079: (3632 sec)
exp012-n2048-k10-d280-bs60-f1.000-r00:288210.079: Loop 71/100
exp012-n2048-k10-d280-bs60-f1.000-r00:291741.620: log(exp-norms): [2047.94, 2050.22, 2052.57]
exp012-n2048-k10-d280-bs60-f1.000-r00:291741.620: log(norms):     [2047.94, 2051.01, 2055.07, 2055.21, 2055.2, 2055.34, 2055.29, 2055.26, 2055.27, 2055.29]
exp012-n2048-k10-d280-bs60-f1.000-r00:291741.670: (3532 sec)
exp012-n2048-k10-d280-bs60-f1.000-r00:291741.671: Loop 72/100
exp012-n2048-k10-d280-bs60-f1.000-r00:295338.885: log(exp-norms): [2047.94, 2050.22, 2052.57]
exp012-n2048-k10-d280-bs60-f1.000-r00:295338.886: log(norms):     [2047.94, 2051.01, 2055.07, 2055.21, 2055.27, 2055.2, 2055.26, 2055.29, 2055.34, 2055.29]
exp012-n2048-k10-d280-bs60-f1.000-r00:295338.934: (3598 sec)
exp012-n2048-k10-d280-bs60-f1.000-r00:295338.934: Loop 73/100
exp012-n2048-k10-d280-bs60-f1.000-r00:298917.494: log(exp-norms): [2047.94, 2050.22, 2052.57]
exp012-n2048-k10-d280-bs60-f1.000-r00:298917.495: log(norms):     [2047.94, 2051.01, 2055.07, 2055.21, 2055.27, 2055.2, 2055.26, 2055.29, 2055.34, 2055.29]
exp012-n2048-k10-d280-bs60-f1.000-r00:298917.545: (3579 sec)
exp012-n2048-k10-d280-bs60-f1.000-r00:298917.545: Loop 74/100
exp012-n2048-k10-d280-bs60-f1.000-r00:302428.705: log(exp-norms): [2047.94, 2050.22, 2052.57]
exp012-n2048-k10-d280-bs60-f1.000-r00:302428.706: log(norms):     [2047.94, 2051.01, 2055.07, 2055.21, 2055.27, 2055.2, 2055.26, 2055.29, 2055.34, 2055.29]
exp012-n2048-k10-d280-bs60-f1.000-r00:302428.755: (3512 sec)
exp012-n2048-k10-d280-bs60-f1.000-r00:302428.756: Loop 75/100
exp012-n2048-k10-d280-bs60-f1.000-r00:305980.960: log(exp-norms): [2047.94, 2050.22, 2052.57]
exp012-n2048-k10-d280-bs60-f1.000-r00:305980.961: log(norms):     [2047.94, 2051.01, 2055.07, 2055.21, 2055.27, 2055.2, 2055.26, 2055.29, 2055.34, 2055.29]
exp012-n2048-k10-d280-bs60-f1.000-r00:305981.015: (3553 sec)
exp012-n2048-k10-d280-bs60-f1.000-r00:305981.015: Loop 76/100
exp012-n2048-k10-d280-bs60-f1.000-r00:309501.525: log(exp-norms): [2047.94, 2050.22, 2052.57]
exp012-n2048-k10-d280-bs60-f1.000-r00:309501.526: log(norms):     [2047.94, 2051.01, 2055.07, 2055.21, 2055.27, 2055.2, 2055.26, 2055.29, 2055.34, 2055.29]
exp012-n2048-k10-d280-bs60-f1.000-r00:309501.574: (3521 sec)
exp012-n2048-k10-d280-bs60-f1.000-r00:309501.574: Loop 77/100
exp012-n2048-k10-d280-bs60-f1.000-r00:313237.086: log(exp-norms): [2047.94, 2050.22, 2052.57]
exp012-n2048-k10-d280-bs60-f1.000-r00:313237.087: log(norms):     [2047.94, 2051.01, 2055.07, 2055.21, 2055.27, 2055.13, 2055.24, 2055.38, 2055.2, 2055.36]
exp012-n2048-k10-d280-bs60-f1.000-r00:313237.137: (3736 sec)
exp012-n2048-k10-d280-bs60-f1.000-r00:313237.137: Loop 78/100
exp012-n2048-k10-d280-bs60-f1.000-r00:316892.100: log(exp-norms): [2047.94, 2050.22, 2052.57]
exp012-n2048-k10-d280-bs60-f1.000-r00:316892.101: log(norms):     [2047.94, 2051.01, 2055.07, 2055.21, 2055.27, 2055.29, 2055.13, 2055.33, 2055.49, 2055.45]
exp012-n2048-k10-d280-bs60-f1.000-r00:316892.151: (3656 sec)
exp012-n2048-k10-d280-bs60-f1.000-r00:316892.151: Loop 79/100
exp012-n2048-k10-d280-bs60-f1.000-r00:320611.458: log(exp-norms): [2047.94, 2050.22, 2052.57]
exp012-n2048-k10-d280-bs60-f1.000-r00:320611.460: log(norms):     [2047.94, 2051.01, 2055.07, 2055.21, 2055.27, 2055.29, 2055.13, 2055.33, 2055.35, 2055.35]
exp012-n2048-k10-d280-bs60-f1.000-r00:320611.511: (3720 sec)
exp012-n2048-k10-d280-bs60-f1.000-r00:320611.511: Loop 80/100
exp012-n2048-k10-d280-bs60-f1.000-r00:324230.869: log(exp-norms): [2047.94, 2050.22, 2052.57]
exp012-n2048-k10-d280-bs60-f1.000-r00:324230.870: log(norms):     [2047.94, 2051.01, 2055.07, 2055.21, 2055.27, 2055.29, 2055.13, 2055.33, 2055.35, 2055.35]
exp012-n2048-k10-d280-bs60-f1.000-r00:324230.919: (3620 sec)
exp012-n2048-k10-d280-bs60-f1.000-r00:324230.920: Loop 81/100
exp012-n2048-k10-d280-bs60-f1.000-r00:327777.121: log(exp-norms): [2047.94, 2050.22, 2052.57]
exp012-n2048-k10-d280-bs60-f1.000-r00:327777.122: log(norms):     [2047.94, 2051.01, 2055.07, 2055.21, 2055.27, 2055.29, 2055.13, 2055.33, 2055.35, 2055.35]
exp012-n2048-k10-d280-bs60-f1.000-r00:327777.171: (3547 sec)
exp012-n2048-k10-d280-bs60-f1.000-r00:327777.172: Loop 82/100
exp012-n2048-k10-d280-bs60-f1.000-r00:331454.600: log(exp-norms): [2047.94, 2050.22, 2052.57]
exp012-n2048-k10-d280-bs60-f1.000-r00:331454.601: log(norms):     [2047.94, 2051.01, 2055.07, 2055.21, 2055.27, 2055.29, 2055.13, 2055.33, 2055.35, 2055.35]
exp012-n2048-k10-d280-bs60-f1.000-r00:331454.650: (3678 sec)
exp012-n2048-k10-d280-bs60-f1.000-r00:331454.650: Loop 83/100
exp012-n2048-k10-d280-bs60-f1.000-r00:335097.462: log(exp-norms): [2047.94, 2050.22, 2052.57]
exp012-n2048-k10-d280-bs60-f1.000-r00:335097.464: log(norms):     [2047.94, 2051.01, 2055.07, 2055.21, 2055.27, 2055.29, 2055.13, 2055.33, 2055.35, 2055.35]
exp012-n2048-k10-d280-bs60-f1.000-r00:335097.514: (3643 sec)
exp012-n2048-k10-d280-bs60-f1.000-r00:335097.514: Loop 84/100
exp012-n2048-k10-d280-bs60-f1.000-r00:338653.511: log(exp-norms): [2047.94, 2050.22, 2052.57]
exp012-n2048-k10-d280-bs60-f1.000-r00:338653.513: log(norms):     [2047.94, 2051.01, 2055.07, 2055.21, 2055.27, 2055.29, 2055.13, 2055.33, 2055.35, 2055.35]
exp012-n2048-k10-d280-bs60-f1.000-r00:338653.561: (3557 sec)
exp012-n2048-k10-d280-bs60-f1.000-r00:338653.561: Loop 85/100
exp012-n2048-k10-d280-bs60-f1.000-r00:342350.037: log(exp-norms): [2047.94, 2050.22, 2052.57]
exp012-n2048-k10-d280-bs60-f1.000-r00:342350.038: log(norms):     [2047.94, 2051.01, 2055.07, 2055.21, 2055.27, 2055.29, 2055.13, 2055.33, 2055.35, 2055.35]
exp012-n2048-k10-d280-bs60-f1.000-r00:342350.087: (3697 sec)
exp012-n2048-k10-d280-bs60-f1.000-r00:342350.088: Loop 86/100
exp012-n2048-k10-d280-bs60-f1.000-r00:345893.577: log(exp-norms): [2047.94, 2050.22, 2052.57]
exp012-n2048-k10-d280-bs60-f1.000-r00:345893.578: log(norms):     [2047.94, 2051.01, 2055.07, 2055.21, 2055.27, 2055.29, 2055.13, 2055.33, 2055.35, 2055.35]
exp012-n2048-k10-d280-bs60-f1.000-r00:345893.628: (3544 sec)
exp012-n2048-k10-d280-bs60-f1.000-r00:345893.628: Loop 87/100
exp012-n2048-k10-d280-bs60-f1.000-r00:349601.422: log(exp-norms): [2047.94, 2050.22, 2052.57]
exp012-n2048-k10-d280-bs60-f1.000-r00:349601.424: log(norms):     [2047.94, 2051.01, 2055.07, 2055.21, 2055.27, 2055.29, 2055.13, 2055.33, 2055.35, 2055.35]
exp012-n2048-k10-d280-bs60-f1.000-r00:349601.454: (3708 sec)
exp012-n2048-k10-d280-bs60-f1.000-r00:349601.454: Loop 88/100
exp012-n2048-k10-d280-bs60-f1.000-r00:353275.067: log(exp-norms): [2047.94, 2050.22, 2052.57]
exp012-n2048-k10-d280-bs60-f1.000-r00:353275.068: log(norms):     [2047.94, 2051.01, 2055.07, 2055.21, 2055.27, 2055.29, 2055.13, 2055.33, 2055.35, 2055.35]
exp012-n2048-k10-d280-bs60-f1.000-r00:353275.117: (3674 sec)
exp012-n2048-k10-d280-bs60-f1.000-r00:353275.117: Loop 89/100
exp012-n2048-k10-d280-bs60-f1.000-r00:356894.182: log(exp-norms): [2047.94, 2050.22, 2052.57]
exp012-n2048-k10-d280-bs60-f1.000-r00:356894.183: log(norms):     [2047.94, 2051.01, 2055.07, 2055.21, 2055.27, 2055.29, 2055.13, 2055.33, 2055.35, 2055.35]
exp012-n2048-k10-d280-bs60-f1.000-r00:356894.234: (3620 sec)
exp012-n2048-k10-d280-bs60-f1.000-r00:356894.234: Loop 90/100
exp012-n2048-k10-d280-bs60-f1.000-r00:360478.402: log(exp-norms): [2047.94, 2050.22, 2052.57]
exp012-n2048-k10-d280-bs60-f1.000-r00:360478.403: log(norms):     [2047.94, 2051.01, 2055.07, 2055.21, 2055.27, 2055.29, 2055.13, 2055.33, 2055.29, 2055.35]
exp012-n2048-k10-d280-bs60-f1.000-r00:360478.453: (3585 sec)
exp012-n2048-k10-d280-bs60-f1.000-r00:360478.453: Loop 91/100
exp012-n2048-k10-d280-bs60-f1.000-r00:364079.934: log(exp-norms): [2047.94, 2050.22, 2052.57]
exp012-n2048-k10-d280-bs60-f1.000-r00:364079.935: log(norms):     [2047.94, 2051.01, 2055.07, 2055.21, 2055.27, 2055.29, 2055.13, 2055.33, 2055.29, 2055.35]
exp012-n2048-k10-d280-bs60-f1.000-r00:364079.983: (3602 sec)
exp012-n2048-k10-d280-bs60-f1.000-r00:364079.983: Loop 92/100
exp012-n2048-k10-d280-bs60-f1.000-r00:367681.302: log(exp-norms): [2047.94, 2050.22, 2052.57]
exp012-n2048-k10-d280-bs60-f1.000-r00:367681.302: log(norms):     [2047.94, 2051.01, 2055.07, 2055.21, 2055.27, 2055.29, 2055.13, 2055.33, 2055.29, 2055.35]
exp012-n2048-k10-d280-bs60-f1.000-r00:367681.351: (3602 sec)
exp012-n2048-k10-d280-bs60-f1.000-r00:367681.351: Loop 93/100
exp012-n2048-k10-d280-bs60-f1.000-r00:371375.449: log(exp-norms): [2047.94, 2050.22, 2052.57]
exp012-n2048-k10-d280-bs60-f1.000-r00:371375.450: log(norms):     [2047.94, 2051.01, 2055.07, 2055.21, 2055.27, 2055.29, 2055.34, 2055.13, 2055.33, 2055.35]
exp012-n2048-k10-d280-bs60-f1.000-r00:371375.505: (3695 sec)
exp012-n2048-k10-d280-bs60-f1.000-r00:371375.505: Loop 94/100
exp012-n2048-k10-d280-bs60-f1.000-r00:375046.972: log(exp-norms): [2047.94, 2050.22, 2052.57]
exp012-n2048-k10-d280-bs60-f1.000-r00:375046.973: log(norms):     [2047.94, 2051.01, 2055.07, 2055.21, 2055.27, 2055.29, 2055.34, 2055.3, 2055.2, 2055.42]
exp012-n2048-k10-d280-bs60-f1.000-r00:375047.021: (3672 sec)
exp012-n2048-k10-d280-bs60-f1.000-r00:375047.022: Loop 95/100
exp012-n2048-k10-d280-bs60-f1.000-r00:378524.981: log(exp-norms): [2047.94, 2050.22, 2052.57]
exp012-n2048-k10-d280-bs60-f1.000-r00:378524.982: log(norms):     [2047.94, 2051.01, 2055.07, 2055.21, 2055.27, 2055.29, 2055.34, 2055.3, 2055.2, 2055.42]
exp012-n2048-k10-d280-bs60-f1.000-r00:378525.012: (3478 sec)
exp012-n2048-k10-d280-bs60-f1.000-r00:378525.013: Loop 96/100
exp012-n2048-k10-d280-bs60-f1.000-r00:381964.722: log(exp-norms): [2047.94, 2050.22, 2052.57]
exp012-n2048-k10-d280-bs60-f1.000-r00:381964.723: log(norms):     [2047.94, 2051.01, 2055.07, 2055.21, 2055.27, 2055.29, 2055.34, 2055.46, 2055.3, 2055.32]
exp012-n2048-k10-d280-bs60-f1.000-r00:381964.768: (3440 sec)
exp012-n2048-k10-d280-bs60-f1.000-r00:381964.769: Loop 97/100
exp012-n2048-k10-d280-bs60-f1.000-r00:385512.997: log(exp-norms): [2047.94, 2050.22, 2052.57]
exp012-n2048-k10-d280-bs60-f1.000-r00:385512.999: log(norms):     [2047.94, 2051.01, 2055.07, 2055.21, 2055.27, 2055.29, 2055.36, 2055.2, 2055.34, 2055.42]
exp012-n2048-k10-d280-bs60-f1.000-r00:385513.047: (3549 sec)
exp012-n2048-k10-d280-bs60-f1.000-r00:385513.048: Loop 98/100
exp012-n2048-k10-d280-bs60-f1.000-r00:389143.837: log(exp-norms): [2047.94, 2050.22, 2052.57]
exp012-n2048-k10-d280-bs60-f1.000-r00:389143.837: log(norms):     [2047.94, 2051.01, 2055.07, 2055.21, 2055.27, 2055.29, 2055.36, 2055.2, 2055.31, 2055.34]
exp012-n2048-k10-d280-bs60-f1.000-r00:389143.887: (3631 sec)
exp012-n2048-k10-d280-bs60-f1.000-r00:389143.887: Loop 99/100
exp012-n2048-k10-d280-bs60-f1.000-r00:392719.461: log(exp-norms): [2047.94, 2050.22, 2052.57]
exp012-n2048-k10-d280-bs60-f1.000-r00:392719.462: log(norms):     [2047.94, 2051.01, 2055.07, 2055.21, 2055.27, 2055.29, 2055.36, 2055.2, 2055.5, 2055.42]
exp012-n2048-k10-d280-bs60-f1.000-r00:392719.509: (3576 sec)
exp012-n2048-k10-d280-bs60-f1.000-r00:392719.510: Loop 100/100
exp012-n2048-k10-d280-bs60-f1.000-r00:396291.830: log(exp-norms): [2047.94, 2050.22, 2052.57]
exp012-n2048-k10-d280-bs60-f1.000-r00:396291.831: log(norms):     [2047.94, 2051.01, 2055.07, 2055.21, 2055.27, 2055.29, 2055.36, 2055.2, 2055.5, 2055.42]
exp012-n2048-k10-d280-bs60-f1.000-r00:396291.880: (3573 sec)
exp012-n2048-k10-d280-bs60-f1.000-r00:396291.881: ==========================Summary===========================
exp012-n2048-k10-d280-bs60-f1.000-r00:396291.881: Total time: 396292sec
exp012-n2048-k10-d280-bs60-f1.000-r00:396291.881: FAIL
exp012-n2048-k10-d280-bs60-f1.000-r00:396291.881: SUMMARY:n:2048:k:10:d:280:bs:60:t:396292:r:False
