exp040-n2048-k10-d320-bs70-f1.000-r00:000000.481: ==========================Instance==========================
exp040-n2048-k10-d320-bs70-f1.000-r00:000000.482: # of equations: 320
exp040-n2048-k10-d320-bs70-f1.000-r00:000000.486: Gap: 9.60
exp040-n2048-k10-d320-bs70-f1.000-r00:000000.496: Tau: 21.24
exp040-n2048-k10-d320-bs70-f1.000-r00:000000.496: ======================BKZ-70 reduction======================
exp040-n2048-k10-d320-bs70-f1.000-r00:000013.621: Expectedly achievable log(norm): 2056.47
exp040-n2048-k10-d320-bs70-f1.000-r00:000026.774: log(exp-norms): [2047.94, 2050.32, 2053.58]
exp040-n2048-k10-d320-bs70-f1.000-r00:000026.775: log(norms):     [2061.3, 2051.11, 2057.89, 2057.89, 2057.89, 2057.89, 2057.89, 2057.89, 2057.89, 2057.89]
exp040-n2048-k10-d320-bs70-f1.000-r00:000026.885: Loop 1/100
exp040-n2048-k10-d320-bs70-f1.000-r00:089407.871: log(exp-norms): [2047.94, 2050.32, 2053.58]
exp040-n2048-k10-d320-bs70-f1.000-r00:089407.873: log(norms):     [2051.11, 2057.89, 2057.89, 2057.89, 2057.89, 2057.89, 2057.89, 2057.89, 2057.89, 2057.89]
exp040-n2048-k10-d320-bs70-f1.000-r00:089407.931: (89382 sec)
exp040-n2048-k10-d320-bs70-f1.000-r00:089407.931: Loop 2/100
exp040-n2048-k10-d320-bs70-f1.000-r00:160219.671: log(exp-norms): [2047.94, 2050.32, 2053.58]
exp040-n2048-k10-d320-bs70-f1.000-r00:160219.673: log(norms):     [2051.11, 2057.89, 2057.89, 2057.89, 2057.89, 2057.89, 2057.89, 2057.89, 2057.89, 2057.89]
exp040-n2048-k10-d320-bs70-f1.000-r00:160219.731: (70812 sec)
exp040-n2048-k10-d320-bs70-f1.000-r00:160219.732: Loop 3/100
exp040-n2048-k10-d320-bs70-f1.000-r00:229563.265: log(exp-norms): [2047.94, 2050.32, 2053.58]
exp040-n2048-k10-d320-bs70-f1.000-r00:229563.267: log(norms):     [2051.11, 2057.89, 2057.89, 2057.89, 2057.89, 2057.89, 2057.89, 2057.89, 2057.89, 2057.89]
exp040-n2048-k10-d320-bs70-f1.000-r00:229563.323: (69344 sec)
exp040-n2048-k10-d320-bs70-f1.000-r00:229563.324: Loop 4/100
exp040-n2048-k10-d320-bs70-f1.000-r00:307222.244: log(exp-norms): [2047.94, 2050.32, 2053.58]
exp040-n2048-k10-d320-bs70-f1.000-r00:307222.246: log(norms):     [2047.94, 2051.11, 2057.89, 2057.89, 2057.89, 2057.89, 2057.89, 2057.89, 2057.89, 2057.89]
exp040-n2048-k10-d320-bs70-f1.000-r00:307222.302: (77659 sec)
exp040-n2048-k10-d320-bs70-f1.000-r00:307222.303: Loop 5/100
exp040-n2048-k10-d320-bs70-f1.000-r00:379912.547: log(exp-norms): [2047.94, 2050.32, 2053.58]
exp040-n2048-k10-d320-bs70-f1.000-r00:379912.550: log(norms):     [2047.94, 2051.11, 2057.89, 2057.89, 2057.89, 2058.05, 2058.09, 2058.04, 2058.14, 2058.13]
exp040-n2048-k10-d320-bs70-f1.000-r00:379912.606: (72691 sec)
exp040-n2048-k10-d320-bs70-f1.000-r00:379912.607: Loop 6/100
exp040-n2048-k10-d320-bs70-f1.000-r00:448390.530: log(exp-norms): [2047.94, 2050.32, 2053.58]
exp040-n2048-k10-d320-bs70-f1.000-r00:448390.531: log(norms):     [2047.94, 2051.11, 2057.69, 2057.79, 2057.71, 2057.72, 2057.72, 2057.81, 2057.75, 2057.74]
exp040-n2048-k10-d320-bs70-f1.000-r00:448390.566: (68478 sec)
exp040-n2048-k10-d320-bs70-f1.000-r00:448390.566: Loop 7/100
exp040-n2048-k10-d320-bs70-f1.000-r00:511261.635: log(exp-norms): [2047.94, 2050.32, 2053.58]
exp040-n2048-k10-d320-bs70-f1.000-r00:511261.636: log(norms):     [2047.94, 2051.11, 2057.45, 2057.54, 2057.51, 2057.54, 2057.42, 2057.48, 2057.56, 2057.65]
exp040-n2048-k10-d320-bs70-f1.000-r00:511261.673: (62872 sec)
exp040-n2048-k10-d320-bs70-f1.000-r00:511261.673: Loop 8/100
exp040-n2048-k10-d320-bs70-f1.000-r00:567871.001: log(exp-norms): [2047.94, 2050.32, 2053.58]
exp040-n2048-k10-d320-bs70-f1.000-r00:567871.003: log(norms):     [2047.94, 2051.11, 2057.23, 2057.23, 2057.44, 2057.36, 2057.38, 2057.38, 2057.49, 2057.34]
exp040-n2048-k10-d320-bs70-f1.000-r00:567871.036: (56610 sec)
exp040-n2048-k10-d320-bs70-f1.000-r00:567871.036: Loop 9/100
exp040-n2048-k10-d320-bs70-f1.000-r00:621553.350: log(exp-norms): [2047.94, 2050.32, 2053.58]
exp040-n2048-k10-d320-bs70-f1.000-r00:621553.352: log(norms):     [2047.94, 2051.11, 2057.12, 2057.25, 2057.29, 2057.12, 2057.22, 2057.22, 2057.2, 2057.14]
exp040-n2048-k10-d320-bs70-f1.000-r00:621553.405: (53683 sec)
exp040-n2048-k10-d320-bs70-f1.000-r00:621553.406: Loop 10/100
exp040-n2048-k10-d320-bs70-f1.000-r00:668708.245: log(exp-norms): [2047.94, 2050.32, 2053.58]
exp040-n2048-k10-d320-bs70-f1.000-r00:668708.246: log(norms):     [2047.94, 2051.11, 2056.95, 2056.95, 2057.14, 2057.06, 2057.06, 2057.11, 2057.33, 2057.17]
exp040-n2048-k10-d320-bs70-f1.000-r00:668708.279: (47155 sec)
exp040-n2048-k10-d320-bs70-f1.000-r00:668708.279: Loop 11/100
exp040-n2048-k10-d320-bs70-f1.000-r00:713109.177: log(exp-norms): [2047.94, 2050.32, 2053.58]
exp040-n2048-k10-d320-bs70-f1.000-r00:713109.178: log(norms):     [2047.94, 2051.11, 2056.79, 2056.85, 2057.05, 2057.02, 2057.03, 2056.9, 2057.19, 2057.01]
exp040-n2048-k10-d320-bs70-f1.000-r00:713109.210: (44401 sec)
exp040-n2048-k10-d320-bs70-f1.000-r00:713109.210: Loop 12/100
exp040-n2048-k10-d320-bs70-f1.000-r00:758848.652: log(exp-norms): [2047.94, 2050.32, 2053.58]
exp040-n2048-k10-d320-bs70-f1.000-r00:758848.653: log(norms):     [2047.94, 2051.11, 2056.79, 2056.81, 2056.91, 2056.89, 2057.06, 2056.78, 2056.91, 2056.94]
exp040-n2048-k10-d320-bs70-f1.000-r00:758848.685: (45740 sec)
exp040-n2048-k10-d320-bs70-f1.000-r00:758848.686: Loop 13/100
exp040-n2048-k10-d320-bs70-f1.000-r00:801404.254: log(exp-norms): [2047.94, 2050.32, 2053.58]
exp040-n2048-k10-d320-bs70-f1.000-r00:801404.256: log(norms):     [2047.94, 2051.11, 2056.74, 2056.77, 2056.86, 2056.9, 2056.83, 2056.77, 2057.07, 2056.77]
exp040-n2048-k10-d320-bs70-f1.000-r00:801404.288: (42556 sec)
exp040-n2048-k10-d320-bs70-f1.000-r00:801404.288: Loop 14/100
exp040-n2048-k10-d320-bs70-f1.000-r00:844411.201: log(exp-norms): [2047.94, 2050.32, 2053.58]
exp040-n2048-k10-d320-bs70-f1.000-r00:844411.202: log(norms):     [2047.94, 2051.11, 2056.67, 2056.78, 2056.7, 2056.74, 2056.91, 2056.84, 2056.72, 2056.9]
exp040-n2048-k10-d320-bs70-f1.000-r00:844411.235: (43007 sec)
exp040-n2048-k10-d320-bs70-f1.000-r00:844411.235: Loop 15/100
exp040-n2048-k10-d320-bs70-f1.000-r00:888805.041: log(exp-norms): [2047.94, 2050.32, 2053.58]
exp040-n2048-k10-d320-bs70-f1.000-r00:888805.042: log(norms):     [2047.94, 2051.11, 2056.65, 2056.72, 2056.69, 2056.74, 2056.79, 2056.85, 2056.73, 2056.9]
exp040-n2048-k10-d320-bs70-f1.000-r00:888805.074: (44394 sec)
exp040-n2048-k10-d320-bs70-f1.000-r00:888805.075: Loop 16/100
exp040-n2048-k10-d320-bs70-f1.000-r00:931631.345: log(exp-norms): [2047.94, 2050.32, 2053.58]
exp040-n2048-k10-d320-bs70-f1.000-r00:931631.346: log(norms):     [2047.94, 2051.11, 2056.63, 2056.64, 2056.78, 2056.74, 2056.71, 2056.61, 2056.96, 2056.83]
exp040-n2048-k10-d320-bs70-f1.000-r00:931631.378: (42827 sec)
exp040-n2048-k10-d320-bs70-f1.000-r00:931631.378: Loop 17/100
exp040-n2048-k10-d320-bs70-f1.000-r00:973776.800: log(exp-norms): [2047.94, 2050.32, 2053.58]
exp040-n2048-k10-d320-bs70-f1.000-r00:973776.801: log(norms):     [2047.94, 2051.11, 2056.57, 2056.61, 2056.64, 2056.78, 2056.73, 2056.55, 2056.71, 2056.7]
exp040-n2048-k10-d320-bs70-f1.000-r00:973776.834: (42146 sec)
exp040-n2048-k10-d320-bs70-f1.000-r00:973776.834: Loop 18/100
exp040-n2048-k10-d320-bs70-f1.000-r00:1019162.707: log(exp-norms): [2047.94, 2050.32, 2053.58]
exp040-n2048-k10-d320-bs70-f1.000-r00:1019162.708: log(norms):     [2047.94, 2051.11, 2056.52, 2056.53, 2056.57, 2056.55, 2056.72, 2056.64, 2056.74, 2056.67]
exp040-n2048-k10-d320-bs70-f1.000-r00:1019162.741: (45386 sec)
exp040-n2048-k10-d320-bs70-f1.000-r00:1019162.741: Loop 19/100
exp040-n2048-k10-d320-bs70-f1.000-r00:1062092.833: log(exp-norms): [2047.94, 2050.32, 2053.58]
exp040-n2048-k10-d320-bs70-f1.000-r00:1062092.834: log(norms):     [2047.94, 2051.11, 2056.52, 2056.53, 2056.57, 2056.55, 2056.72, 2056.59, 2056.69, 2056.75]
exp040-n2048-k10-d320-bs70-f1.000-r00:1062092.867: (42931 sec)
exp040-n2048-k10-d320-bs70-f1.000-r00:1062092.867: Loop 20/100
exp040-n2048-k10-d320-bs70-f1.000-r00:1104935.566: log(exp-norms): [2047.94, 2050.32, 2053.58]
exp040-n2048-k10-d320-bs70-f1.000-r00:1104935.568: log(norms):     [2047.94, 2051.11, 2056.52, 2056.55, 2056.53, 2056.57, 2056.69, 2056.55, 2056.75, 2056.77]
exp040-n2048-k10-d320-bs70-f1.000-r00:1104935.600: (42843 sec)
exp040-n2048-k10-d320-bs70-f1.000-r00:1104935.600: Loop 21/100
exp040-n2048-k10-d320-bs70-f1.000-r00:1158309.865: log(exp-norms): [2047.94, 2050.32, 2053.58]
exp040-n2048-k10-d320-bs70-f1.000-r00:1158309.866: log(norms):     [2047.94, 2051.11, 2056.52, 2056.55, 2056.53, 2056.57, 2056.66, 2056.72, 2056.56, 2056.66]
exp040-n2048-k10-d320-bs70-f1.000-r00:1158309.898: (53375 sec)
exp040-n2048-k10-d320-bs70-f1.000-r00:1158309.899: Loop 22/100
exp040-n2048-k10-d320-bs70-f1.000-r00:1200931.117: log(exp-norms): [2047.94, 2050.32, 2053.58]
exp040-n2048-k10-d320-bs70-f1.000-r00:1200931.118: log(norms):     [2047.94, 2051.11, 2056.52, 2056.55, 2056.6, 2056.53, 2056.6, 2056.66, 2056.62, 2056.82]
exp040-n2048-k10-d320-bs70-f1.000-r00:1200931.151: (42622 sec)
exp040-n2048-k10-d320-bs70-f1.000-r00:1200931.151: Loop 23/100
exp040-n2048-k10-d320-bs70-f1.000-r00:1245458.581: log(exp-norms): [2047.94, 2050.32, 2053.58]
exp040-n2048-k10-d320-bs70-f1.000-r00:1245458.582: log(norms):     [2047.94, 2051.11, 2056.52, 2056.55, 2056.6, 2056.53, 2056.6, 2056.8, 2056.84, 2056.89]
exp040-n2048-k10-d320-bs70-f1.000-r00:1245458.614: (44528 sec)
exp040-n2048-k10-d320-bs70-f1.000-r00:1245458.615: Loop 24/100
exp040-n2048-k10-d320-bs70-f1.000-r00:1288296.335: log(exp-norms): [2047.94, 2050.32, 2053.58]
exp040-n2048-k10-d320-bs70-f1.000-r00:1288296.336: log(norms):     [2047.94, 2051.11, 2056.52, 2056.55, 2056.6, 2056.53, 2056.6, 2056.8, 2056.84, 2056.62]
exp040-n2048-k10-d320-bs70-f1.000-r00:1288296.369: (42838 sec)
exp040-n2048-k10-d320-bs70-f1.000-r00:1288296.369: Loop 25/100
exp040-n2048-k10-d320-bs70-f1.000-r00:1333814.312: log(exp-norms): [2047.94, 2050.32, 2053.58]
exp040-n2048-k10-d320-bs70-f1.000-r00:1333814.313: log(norms):     [2047.94, 2051.11, 2056.52, 2056.55, 2056.6, 2056.53, 2056.6, 2056.8, 2056.71, 2056.67]
exp040-n2048-k10-d320-bs70-f1.000-r00:1333814.346: (45518 sec)
exp040-n2048-k10-d320-bs70-f1.000-r00:1333814.346: Loop 26/100
exp040-n2048-k10-d320-bs70-f1.000-r00:1381067.324: log(exp-norms): [2047.94, 2050.32, 2053.58]
exp040-n2048-k10-d320-bs70-f1.000-r00:1381067.325: log(norms):     [2047.94, 2051.11, 2056.51, 2056.52, 2056.58, 2056.6, 2056.58, 2056.75, 2056.75, 2056.75]
exp040-n2048-k10-d320-bs70-f1.000-r00:1381067.358: (47254 sec)
exp040-n2048-k10-d320-bs70-f1.000-r00:1381067.358: Loop 27/100
exp040-n2048-k10-d320-bs70-f1.000-r00:1423314.543: log(exp-norms): [2047.94, 2050.32, 2053.58]
exp040-n2048-k10-d320-bs70-f1.000-r00:1423314.544: log(norms):     [2047.94, 2051.11, 2056.51, 2056.52, 2056.58, 2056.6, 2056.8, 2056.62, 2056.76, 2056.6]
exp040-n2048-k10-d320-bs70-f1.000-r00:1423314.577: (42248 sec)
exp040-n2048-k10-d320-bs70-f1.000-r00:1423314.577: Loop 28/100
exp040-n2048-k10-d320-bs70-f1.000-r00:1468119.720: log(exp-norms): [2047.94, 2050.32, 2053.58]
exp040-n2048-k10-d320-bs70-f1.000-r00:1468119.721: log(norms):     [2047.94, 2051.11, 2056.51, 2056.52, 2056.58, 2056.6, 2056.8, 2056.62, 2056.76, 2056.54]
exp040-n2048-k10-d320-bs70-f1.000-r00:1468119.754: (44806 sec)
exp040-n2048-k10-d320-bs70-f1.000-r00:1468119.754: Loop 29/100
exp040-n2048-k10-d320-bs70-f1.000-r00:1512324.552: log(exp-norms): [2047.94, 2050.32, 2053.58]
exp040-n2048-k10-d320-bs70-f1.000-r00:1512324.553: log(norms):     [2047.94, 2051.11, 2056.51, 2056.52, 2056.58, 2056.54, 2056.6, 2056.62, 2056.67, 2056.73]
exp040-n2048-k10-d320-bs70-f1.000-r00:1512324.586: (44205 sec)
exp040-n2048-k10-d320-bs70-f1.000-r00:1512324.586: Loop 30/100
exp040-n2048-k10-d320-bs70-f1.000-r00:1560710.716: log(exp-norms): [2047.94, 2050.32, 2053.58]
exp040-n2048-k10-d320-bs70-f1.000-r00:1560710.717: log(norms):     [2047.94, 2051.11, 2056.51, 2056.52, 2056.58, 2056.73, 2056.66, 2056.71, 2056.61, 2056.68]
exp040-n2048-k10-d320-bs70-f1.000-r00:1560710.750: (48387 sec)
exp040-n2048-k10-d320-bs70-f1.000-r00:1560710.750: Loop 31/100
exp040-n2048-k10-d320-bs70-f1.000-r00:1608259.659: log(exp-norms): [2047.94, 2050.32, 2053.58]
exp040-n2048-k10-d320-bs70-f1.000-r00:1608259.660: log(norms):     [2047.94, 2051.11, 2056.51, 2056.52, 2056.58, 2056.73, 2056.51, 2056.66, 2056.72, 2056.68]
exp040-n2048-k10-d320-bs70-f1.000-r00:1608259.693: (47549 sec)
exp040-n2048-k10-d320-bs70-f1.000-r00:1608259.693: Loop 32/100
exp040-n2048-k10-d320-bs70-f1.000-r00:1652298.904: log(exp-norms): [2047.94, 2050.32, 2053.58]
exp040-n2048-k10-d320-bs70-f1.000-r00:1652298.905: log(norms):     [2047.94, 2051.11, 2056.51, 2056.52, 2056.58, 2056.73, 2056.68, 2056.59, 2056.72, 2056.63]
exp040-n2048-k10-d320-bs70-f1.000-r00:1652298.938: (44040 sec)
exp040-n2048-k10-d320-bs70-f1.000-r00:1652298.938: Loop 33/100
