exp027-n2048-k11-d270-bs70-f1.000-r00:000000.396: ==========================Instance==========================
exp027-n2048-k11-d270-bs70-f1.000-r00:000000.396: # of equations: 270
exp027-n2048-k11-d270-bs70-f1.000-r00:000000.417: Gap: 8.42
exp027-n2048-k11-d270-bs70-f1.000-r00:000000.426: Tau: 17.77
exp027-n2048-k11-d270-bs70-f1.000-r00:000000.427: ======================BKZ-70 reduction======================
exp027-n2048-k11-d270-bs70-f1.000-r00:000010.155: Expectedly achievable log(norm): 2055.50
exp027-n2048-k11-d270-bs70-f1.000-r00:000020.134: log(exp-norms): [2047.94, 2050.2, 2053.27]
exp027-n2048-k11-d270-bs70-f1.000-r00:000020.134: log(norms):     [2062.16, 2050.99, 2058.89, 2058.89, 2058.89, 2058.89, 2058.89, 2058.89, 2058.89, 2058.89]
exp027-n2048-k11-d270-bs70-f1.000-r00:000020.226: Loop 1/100
exp027-n2048-k11-d270-bs70-f1.000-r00:058130.657: log(exp-norms): [2047.94, 2050.2, 2053.27]
exp027-n2048-k11-d270-bs70-f1.000-r00:058130.659: log(norms):     [2050.99, 2058.69, 2058.77, 2058.87, 2058.83, 2058.83, 2058.8, 2058.86, 2058.93, 2058.82]
exp027-n2048-k11-d270-bs70-f1.000-r00:058130.708: (58111 sec)
exp027-n2048-k11-d270-bs70-f1.000-r00:058130.709: Loop 2/100
exp027-n2048-k11-d270-bs70-f1.000-r00:106937.188: log(exp-norms): [2047.94, 2050.2, 2053.27]
exp027-n2048-k11-d270-bs70-f1.000-r00:106937.190: log(norms):     [2047.94, 2050.99, 2058.05, 2058.21, 2058.15, 2058.27, 2058.15, 2058.24, 2058.25, 2058.45]
exp027-n2048-k11-d270-bs70-f1.000-r00:106937.251: (48807 sec)
exp027-n2048-k11-d270-bs70-f1.000-r00:106937.252: Loop 3/100
exp027-n2048-k11-d270-bs70-f1.000-r00:154526.251: log(exp-norms): [2047.94, 2050.2, 2053.27]
exp027-n2048-k11-d270-bs70-f1.000-r00:154526.254: log(norms):     [2047.94, 2050.99, 2057.49, 2057.57, 2057.56, 2057.67, 2057.66, 2057.47, 2057.6, 2057.64]
exp027-n2048-k11-d270-bs70-f1.000-r00:154526.303: (47590 sec)
exp027-n2048-k11-d270-bs70-f1.000-r00:154526.304: Loop 4/100
exp027-n2048-k11-d270-bs70-f1.000-r00:200522.576: log(exp-norms): [2047.94, 2050.2, 2053.27]
exp027-n2048-k11-d270-bs70-f1.000-r00:200522.578: log(norms):     [2047.94, 2050.99, 2056.89, 2056.95, 2056.96, 2057.06, 2057.06, 2056.92, 2057.04, 2057.02]
exp027-n2048-k11-d270-bs70-f1.000-r00:200522.626: (45997 sec)
exp027-n2048-k11-d270-bs70-f1.000-r00:200522.626: Loop 5/100
exp027-n2048-k11-d270-bs70-f1.000-r00:242201.553: log(exp-norms): [2047.94, 2050.2, 2053.27]
exp027-n2048-k11-d270-bs70-f1.000-r00:242201.555: log(norms):     [2047.94, 2050.99, 2056.6, 2056.66, 2056.78, 2056.71, 2056.91, 2056.72, 2056.68, 2056.65]
exp027-n2048-k11-d270-bs70-f1.000-r00:242201.603: (41679 sec)
exp027-n2048-k11-d270-bs70-f1.000-r00:242201.604: Loop 6/100
exp027-n2048-k11-d270-bs70-f1.000-r00:284216.573: log(exp-norms): [2047.94, 2050.2, 2053.27]
exp027-n2048-k11-d270-bs70-f1.000-r00:284216.575: log(norms):     [2047.94, 2050.99, 2056.31, 2056.4, 2056.36, 2056.49, 2056.64, 2056.41, 2056.31, 2056.42]
exp027-n2048-k11-d270-bs70-f1.000-r00:284216.625: (42016 sec)
exp027-n2048-k11-d270-bs70-f1.000-r00:284216.625: Loop 7/100
exp027-n2048-k11-d270-bs70-f1.000-r00:323891.192: log(exp-norms): [2047.94, 2050.2, 2053.27]
exp027-n2048-k11-d270-bs70-f1.000-r00:323891.195: log(norms):     [2047.94, 2050.99, 2056.04, 2056.1, 2056.12, 2056.26, 2056.44, 2056.17, 2056.14, 2056.35]
exp027-n2048-k11-d270-bs70-f1.000-r00:323891.244: (39675 sec)
exp027-n2048-k11-d270-bs70-f1.000-r00:323891.245: Loop 8/100
exp027-n2048-k11-d270-bs70-f1.000-r00:364136.240: log(exp-norms): [2047.94, 2050.2, 2053.27]
exp027-n2048-k11-d270-bs70-f1.000-r00:364136.243: log(norms):     [2047.94, 2050.99, 2055.89, 2055.89, 2055.92, 2056.01, 2056.09, 2055.96, 2055.97, 2056.06]
exp027-n2048-k11-d270-bs70-f1.000-r00:364136.291: (40246 sec)
exp027-n2048-k11-d270-bs70-f1.000-r00:364136.291: Loop 9/100
exp027-n2048-k11-d270-bs70-f1.000-r00:403317.594: log(exp-norms): [2047.94, 2050.2, 2053.27]
exp027-n2048-k11-d270-bs70-f1.000-r00:403317.597: log(norms):     [2047.94, 2050.99, 2055.76, 2055.91, 2055.96, 2055.98, 2056.02, 2056.0, 2055.95, 2056.08]
exp027-n2048-k11-d270-bs70-f1.000-r00:403317.644: (39182 sec)
exp027-n2048-k11-d270-bs70-f1.000-r00:403317.644: Loop 10/100
exp027-n2048-k11-d270-bs70-f1.000-r00:443066.931: log(exp-norms): [2047.94, 2050.2, 2053.27]
exp027-n2048-k11-d270-bs70-f1.000-r00:443066.933: log(norms):     [2047.94, 2050.99, 2055.7, 2055.78, 2055.8, 2055.9, 2055.77, 2055.93, 2055.94, 2055.92]
exp027-n2048-k11-d270-bs70-f1.000-r00:443066.978: (39750 sec)
exp027-n2048-k11-d270-bs70-f1.000-r00:443066.979: Loop 11/100
exp027-n2048-k11-d270-bs70-f1.000-r00:481400.764: log(exp-norms): [2047.94, 2050.2, 2053.27]
exp027-n2048-k11-d270-bs70-f1.000-r00:481400.766: log(norms):     [2047.94, 2050.99, 2055.68, 2055.77, 2055.82, 2055.94, 2055.77, 2055.72, 2055.96, 2055.87]
exp027-n2048-k11-d270-bs70-f1.000-r00:481400.814: (38334 sec)
exp027-n2048-k11-d270-bs70-f1.000-r00:481400.814: Loop 12/100
exp027-n2048-k11-d270-bs70-f1.000-r00:519412.886: log(exp-norms): [2047.94, 2050.2, 2053.27]
exp027-n2048-k11-d270-bs70-f1.000-r00:519412.888: log(norms):     [2047.94, 2050.99, 2055.64, 2055.71, 2055.7, 2055.78, 2055.73, 2055.64, 2055.68, 2055.71]
exp027-n2048-k11-d270-bs70-f1.000-r00:519412.935: (38013 sec)
exp027-n2048-k11-d270-bs70-f1.000-r00:519412.936: Loop 13/100
exp027-n2048-k11-d270-bs70-f1.000-r00:554877.743: log(exp-norms): [2047.94, 2050.2, 2053.27]
exp027-n2048-k11-d270-bs70-f1.000-r00:554877.745: log(norms):     [2047.94, 2050.99, 2055.54, 2055.6, 2055.61, 2055.83, 2055.73, 2055.86, 2055.81, 2056.02]
exp027-n2048-k11-d270-bs70-f1.000-r00:554877.774: (35465 sec)
exp027-n2048-k11-d270-bs70-f1.000-r00:554877.774: Loop 14/100
exp027-n2048-k11-d270-bs70-f1.000-r00:585212.391: log(exp-norms): [2047.94, 2050.2, 2053.27]
exp027-n2048-k11-d270-bs70-f1.000-r00:585212.392: log(norms):     [2047.94, 2050.99, 2055.51, 2055.54, 2055.69, 2055.81, 2055.67, 2055.68, 2055.82, 2055.78]
exp027-n2048-k11-d270-bs70-f1.000-r00:585212.420: (30335 sec)
exp027-n2048-k11-d270-bs70-f1.000-r00:585212.421: Loop 15/100
exp027-n2048-k11-d270-bs70-f1.000-r00:615047.268: log(exp-norms): [2047.94, 2050.2, 2053.27]
exp027-n2048-k11-d270-bs70-f1.000-r00:615047.269: log(norms):     [2047.94, 2050.99, 2055.51, 2055.54, 2055.56, 2055.51, 2055.7, 2055.8, 2055.69, 2055.77]
exp027-n2048-k11-d270-bs70-f1.000-r00:615047.298: (29835 sec)
exp027-n2048-k11-d270-bs70-f1.000-r00:615047.298: Loop 16/100
exp027-n2048-k11-d270-bs70-f1.000-r00:643237.647: log(exp-norms): [2047.94, 2050.2, 2053.27]
exp027-n2048-k11-d270-bs70-f1.000-r00:643237.648: log(norms):     [2047.94, 2050.2, 2050.99, 2055.51, 2055.51, 2055.7, 2055.59, 2055.77, 2055.6, 2055.79]
exp027-n2048-k11-d270-bs70-f1.000-r00:643237.676: (28191 sec)
exp027-n2048-k11-d270-bs70-f1.000-r00:643237.676: ==========================Summary===========================
exp027-n2048-k11-d270-bs70-f1.000-r00:643237.676: Total time: 643238sec
exp027-n2048-k11-d270-bs70-f1.000-r00:643237.676: SUCCESS
exp027-n2048-k11-d270-bs70-f1.000-r00:643237.676: HNP solution: 23237742589392345210154517575480582284594997949271932716675920138541964626231912928180965643418105249355876134926908209187736583031086769542662985386563119886154840449903476332729455692097847885628175875189003754077163253735753508070693864114240504244173560764720554543867483460766954415602896545301918410576130137962713413285667160375101043191033367290372361673182067652319561910232725122841905903378507906843559246554636733897605567101413452086366598301165905390620604681768560706038895162890362816593626342717536166595861800301293074449061062803728943993162018482566376554441857157838525442899767047343574658824450
exp027-n2048-k11-d270-bs70-f1.000-r00:643237.676: Shared secret: 23237742589392345210154517575480582284594997949271932716675920138541964626231912928180965643418105249355876134926908209187736583031086769542662985386563119886154840449903476332729455692097847885628175875189003754077163253735753508070693864114240504244173560764720554543867483460766954415602896545301918410576130137962713413285667160375101043191033367290372361673182067652319561910232725122841905903378507906843559246554636733897605567101413452086366598301165905390620604681768560706038895162890362816593626342717536166595861800301293074449061062803728943993162018482566376554441857157838525442899767047343574658824450
exp027-n2048-k11-d270-bs70-f1.000-r00:643237.676: SUMMARY:n:2048:k:11:d:270:bs:70:t:643238:r:True
