exp011-n2048-k10-d270-bs60-f1.000-r00:000000.263: ==========================Instance==========================
exp011-n2048-k10-d270-bs60-f1.000-r00:000000.263: # of equations: 270
exp011-n2048-k10-d270-bs60-f1.000-r00:000000.268: Gap: 4.23
exp011-n2048-k10-d270-bs60-f1.000-r00:000000.276: Tau: 4.49
exp011-n2048-k10-d270-bs60-f1.000-r00:000000.277: ======================BKZ-60 reduction======================
exp011-n2048-k10-d270-bs60-f1.000-r00:000009.944: Expectedly achievable log(norm): 2054.75
exp011-n2048-k10-d270-bs60-f1.000-r00:000019.442: log(exp-norms): [2047.94, 2050.2, 2052.28]
exp011-n2048-k10-d270-bs60-f1.000-r00:000019.442: log(norms):     [2061.17, 2050.99, 2057.89, 2057.89, 2057.89, 2057.89, 2057.89, 2057.89, 2057.89, 2057.89]
exp011-n2048-k10-d270-bs60-f1.000-r00:000019.539: Loop 1/100
exp011-n2048-k10-d270-bs60-f1.000-r00:015184.451: log(exp-norms): [2047.94, 2050.2, 2052.28]
exp011-n2048-k10-d270-bs60-f1.000-r00:015184.452: log(norms):     [2050.99, 2057.64, 2057.76, 2057.74, 2057.78, 2057.76, 2057.77, 2057.78, 2057.89, 2057.77]
exp011-n2048-k10-d270-bs60-f1.000-r00:015184.500: (15165 sec)
exp011-n2048-k10-d270-bs60-f1.000-r00:015184.501: Loop 2/100
exp011-n2048-k10-d270-bs60-f1.000-r00:019457.091: log(exp-norms): [2047.94, 2050.2, 2052.28]
exp011-n2048-k10-d270-bs60-f1.000-r00:019457.091: log(norms):     [2050.99, 2057.21, 2057.32, 2057.35, 2057.29, 2057.36, 2057.57, 2057.36, 2057.43, 2057.29]
exp011-n2048-k10-d270-bs60-f1.000-r00:019457.139: (4273 sec)
exp011-n2048-k10-d270-bs60-f1.000-r00:019457.139: Loop 3/100
exp011-n2048-k10-d270-bs60-f1.000-r00:023591.917: log(exp-norms): [2047.94, 2050.2, 2052.28]
exp011-n2048-k10-d270-bs60-f1.000-r00:023591.918: log(norms):     [2050.99, 2056.89, 2056.89, 2056.98, 2056.99, 2056.89, 2056.91, 2056.95, 2057.03, 2056.81]
exp011-n2048-k10-d270-bs60-f1.000-r00:023591.967: (4135 sec)
exp011-n2048-k10-d270-bs60-f1.000-r00:023591.967: Loop 4/100
exp011-n2048-k10-d270-bs60-f1.000-r00:027618.760: log(exp-norms): [2047.94, 2050.2, 2052.28]
exp011-n2048-k10-d270-bs60-f1.000-r00:027618.761: log(norms):     [2050.99, 2056.44, 2056.54, 2056.64, 2056.63, 2056.46, 2056.51, 2056.65, 2056.67, 2056.65]
exp011-n2048-k10-d270-bs60-f1.000-r00:027618.810: (4027 sec)
exp011-n2048-k10-d270-bs60-f1.000-r00:027618.810: Loop 5/100
exp011-n2048-k10-d270-bs60-f1.000-r00:031600.779: log(exp-norms): [2047.94, 2050.2, 2052.28]
exp011-n2048-k10-d270-bs60-f1.000-r00:031600.780: log(norms):     [2050.99, 2056.06, 2056.12, 2056.23, 2056.24, 2056.24, 2056.11, 2056.2, 2056.27, 2056.29]
exp011-n2048-k10-d270-bs60-f1.000-r00:031600.828: (3983 sec)
exp011-n2048-k10-d270-bs60-f1.000-r00:031600.829: Loop 6/100
exp011-n2048-k10-d270-bs60-f1.000-r00:035496.346: log(exp-norms): [2047.94, 2050.2, 2052.28]
exp011-n2048-k10-d270-bs60-f1.000-r00:035496.347: log(norms):     [2050.99, 2055.79, 2055.89, 2055.83, 2055.88, 2055.95, 2055.81, 2055.88, 2056.14, 2056.02]
exp011-n2048-k10-d270-bs60-f1.000-r00:035496.395: (3896 sec)
exp011-n2048-k10-d270-bs60-f1.000-r00:035496.396: Loop 7/100
exp011-n2048-k10-d270-bs60-f1.000-r00:039314.202: log(exp-norms): [2047.94, 2050.2, 2052.28]
exp011-n2048-k10-d270-bs60-f1.000-r00:039314.203: log(norms):     [2047.94, 2050.99, 2055.63, 2055.63, 2055.67, 2055.81, 2055.75, 2055.79, 2055.69, 2055.84]
exp011-n2048-k10-d270-bs60-f1.000-r00:039314.250: (3818 sec)
exp011-n2048-k10-d270-bs60-f1.000-r00:039314.251: Loop 8/100
exp011-n2048-k10-d270-bs60-f1.000-r00:043082.338: log(exp-norms): [2047.94, 2050.2, 2052.28]
exp011-n2048-k10-d270-bs60-f1.000-r00:043082.339: log(norms):     [2047.94, 2050.99, 2055.44, 2055.49, 2055.46, 2055.58, 2055.58, 2055.64, 2055.7, 2055.5]
exp011-n2048-k10-d270-bs60-f1.000-r00:043082.387: (3769 sec)
exp011-n2048-k10-d270-bs60-f1.000-r00:043082.387: Loop 9/100
exp011-n2048-k10-d270-bs60-f1.000-r00:046869.508: log(exp-norms): [2047.94, 2050.2, 2052.28]
exp011-n2048-k10-d270-bs60-f1.000-r00:046869.508: log(norms):     [2047.94, 2050.99, 2055.24, 2055.36, 2055.49, 2055.33, 2055.46, 2055.32, 2055.51, 2055.49]
exp011-n2048-k10-d270-bs60-f1.000-r00:046869.556: (3788 sec)
exp011-n2048-k10-d270-bs60-f1.000-r00:046869.557: Loop 10/100
exp011-n2048-k10-d270-bs60-f1.000-r00:050561.524: log(exp-norms): [2047.94, 2050.2, 2052.28]
exp011-n2048-k10-d270-bs60-f1.000-r00:050561.525: log(norms):     [2047.94, 2050.99, 2055.24, 2055.27, 2055.27, 2055.38, 2055.32, 2055.36, 2055.25, 2055.3]
exp011-n2048-k10-d270-bs60-f1.000-r00:050561.573: (3693 sec)
exp011-n2048-k10-d270-bs60-f1.000-r00:050561.574: Loop 11/100
exp011-n2048-k10-d270-bs60-f1.000-r00:054307.026: log(exp-norms): [2047.94, 2050.2, 2052.28]
exp011-n2048-k10-d270-bs60-f1.000-r00:054307.027: log(norms):     [2047.94, 2050.99, 2055.16, 2055.17, 2055.11, 2055.29, 2055.41, 2055.21, 2055.22, 2055.21]
exp011-n2048-k10-d270-bs60-f1.000-r00:054307.074: (3746 sec)
exp011-n2048-k10-d270-bs60-f1.000-r00:054307.075: Loop 12/100
exp011-n2048-k10-d270-bs60-f1.000-r00:058085.720: log(exp-norms): [2047.94, 2050.2, 2052.28]
exp011-n2048-k10-d270-bs60-f1.000-r00:058085.721: log(norms):     [2047.94, 2050.99, 2055.06, 2055.08, 2055.09, 2055.21, 2055.17, 2055.21, 2055.34, 2055.27]
exp011-n2048-k10-d270-bs60-f1.000-r00:058085.770: (3779 sec)
exp011-n2048-k10-d270-bs60-f1.000-r00:058085.771: Loop 13/100
exp011-n2048-k10-d270-bs60-f1.000-r00:061785.682: log(exp-norms): [2047.94, 2050.2, 2052.28]
exp011-n2048-k10-d270-bs60-f1.000-r00:061785.683: log(norms):     [2047.94, 2050.99, 2054.99, 2055.08, 2055.06, 2055.16, 2054.93, 2055.2, 2055.22, 2055.18]
exp011-n2048-k10-d270-bs60-f1.000-r00:061785.731: (3700 sec)
exp011-n2048-k10-d270-bs60-f1.000-r00:061785.731: Loop 14/100
exp011-n2048-k10-d270-bs60-f1.000-r00:065554.669: log(exp-norms): [2047.94, 2050.2, 2052.28]
exp011-n2048-k10-d270-bs60-f1.000-r00:065554.670: log(norms):     [2047.94, 2050.99, 2054.93, 2055.06, 2055.1, 2055.03, 2055.15, 2055.05, 2055.0, 2055.15]
exp011-n2048-k10-d270-bs60-f1.000-r00:065554.717: (3769 sec)
exp011-n2048-k10-d270-bs60-f1.000-r00:065554.718: Loop 15/100
exp011-n2048-k10-d270-bs60-f1.000-r00:069241.526: log(exp-norms): [2047.94, 2050.2, 2052.28]
exp011-n2048-k10-d270-bs60-f1.000-r00:069241.527: log(norms):     [2047.94, 2050.99, 2054.93, 2054.96, 2054.93, 2055.07, 2055.03, 2055.28, 2055.01, 2055.21]
exp011-n2048-k10-d270-bs60-f1.000-r00:069241.575: (3687 sec)
exp011-n2048-k10-d270-bs60-f1.000-r00:069241.575: Loop 16/100
exp011-n2048-k10-d270-bs60-f1.000-r00:073043.762: log(exp-norms): [2047.94, 2050.2, 2052.28]
exp011-n2048-k10-d270-bs60-f1.000-r00:073043.763: log(norms):     [2047.94, 2050.99, 2054.87, 2054.89, 2055.04, 2054.95, 2054.97, 2055.19, 2055.02, 2055.12]
exp011-n2048-k10-d270-bs60-f1.000-r00:073043.810: (3803 sec)
exp011-n2048-k10-d270-bs60-f1.000-r00:073043.811: Loop 17/100
exp011-n2048-k10-d270-bs60-f1.000-r00:076733.532: log(exp-norms): [2047.94, 2050.2, 2052.28]
exp011-n2048-k10-d270-bs60-f1.000-r00:076733.533: log(norms):     [2047.94, 2050.99, 2054.87, 2054.89, 2054.91, 2054.92, 2055.0, 2055.06, 2054.97, 2055.1]
exp011-n2048-k10-d270-bs60-f1.000-r00:076733.580: (3690 sec)
exp011-n2048-k10-d270-bs60-f1.000-r00:076733.581: Loop 18/100
exp011-n2048-k10-d270-bs60-f1.000-r00:080473.732: log(exp-norms): [2047.94, 2050.2, 2052.28]
exp011-n2048-k10-d270-bs60-f1.000-r00:080473.733: log(norms):     [2047.94, 2050.99, 2054.85, 2054.94, 2054.91, 2054.92, 2054.89, 2055.0, 2055.09, 2055.06]
exp011-n2048-k10-d270-bs60-f1.000-r00:080473.781: (3741 sec)
exp011-n2048-k10-d270-bs60-f1.000-r00:080473.781: Loop 19/100
exp011-n2048-k10-d270-bs60-f1.000-r00:084287.244: log(exp-norms): [2047.94, 2050.2, 2052.28]
exp011-n2048-k10-d270-bs60-f1.000-r00:084287.245: log(norms):     [2047.94, 2050.99, 2054.81, 2054.82, 2054.85, 2054.94, 2054.97, 2055.09, 2055.03, 2055.06]
exp011-n2048-k10-d270-bs60-f1.000-r00:084287.293: (3814 sec)
exp011-n2048-k10-d270-bs60-f1.000-r00:084287.294: Loop 20/100
exp011-n2048-k10-d270-bs60-f1.000-r00:087960.607: log(exp-norms): [2047.94, 2050.2, 2052.28]
exp011-n2048-k10-d270-bs60-f1.000-r00:087960.608: log(norms):     [2047.94, 2050.99, 2054.81, 2054.82, 2054.9, 2054.85, 2055.0, 2055.05, 2054.95, 2055.0]
exp011-n2048-k10-d270-bs60-f1.000-r00:087960.656: (3674 sec)
exp011-n2048-k10-d270-bs60-f1.000-r00:087960.657: Loop 21/100
exp011-n2048-k10-d270-bs60-f1.000-r00:091659.406: log(exp-norms): [2047.94, 2050.2, 2052.28]
exp011-n2048-k10-d270-bs60-f1.000-r00:091659.407: log(norms):     [2047.94, 2050.99, 2054.76, 2054.81, 2054.82, 2054.9, 2054.86, 2054.99, 2055.06, 2054.95]
exp011-n2048-k10-d270-bs60-f1.000-r00:091659.456: (3699 sec)
exp011-n2048-k10-d270-bs60-f1.000-r00:091659.457: Loop 22/100
exp011-n2048-k10-d270-bs60-f1.000-r00:095366.139: log(exp-norms): [2047.94, 2050.2, 2052.28]
exp011-n2048-k10-d270-bs60-f1.000-r00:095366.140: log(norms):     [2047.94, 2050.99, 2054.76, 2054.81, 2054.82, 2054.9, 2054.86, 2054.87, 2055.0, 2054.94]
exp011-n2048-k10-d270-bs60-f1.000-r00:095366.188: (3707 sec)
exp011-n2048-k10-d270-bs60-f1.000-r00:095366.189: Loop 23/100
exp011-n2048-k10-d270-bs60-f1.000-r00:098996.719: log(exp-norms): [2047.94, 2050.2, 2052.28]
exp011-n2048-k10-d270-bs60-f1.000-r00:098996.720: log(norms):     [2047.94, 2050.99, 2054.74, 2054.76, 2054.76, 2054.87, 2054.86, 2054.98, 2055.0, 2054.94]
exp011-n2048-k10-d270-bs60-f1.000-r00:098996.769: (3631 sec)
exp011-n2048-k10-d270-bs60-f1.000-r00:098996.770: Loop 24/100
exp011-n2048-k10-d270-bs60-f1.000-r00:102650.566: log(exp-norms): [2047.94, 2050.2, 2052.28]
exp011-n2048-k10-d270-bs60-f1.000-r00:102650.567: log(norms):     [2047.94, 2050.99, 2054.74, 2054.76, 2054.76, 2054.87, 2054.91, 2055.0, 2055.0, 2055.09]
exp011-n2048-k10-d270-bs60-f1.000-r00:102650.624: (3654 sec)
exp011-n2048-k10-d270-bs60-f1.000-r00:102650.625: Loop 25/100
exp011-n2048-k10-d270-bs60-f1.000-r00:106379.172: log(exp-norms): [2047.94, 2050.2, 2052.28]
exp011-n2048-k10-d270-bs60-f1.000-r00:106379.172: log(norms):     [2047.94, 2050.99, 2054.74, 2054.76, 2054.76, 2054.87, 2054.91, 2055.0, 2054.95, 2054.99]
exp011-n2048-k10-d270-bs60-f1.000-r00:106379.221: (3729 sec)
exp011-n2048-k10-d270-bs60-f1.000-r00:106379.221: Loop 26/100
exp011-n2048-k10-d270-bs60-f1.000-r00:110050.665: log(exp-norms): [2047.94, 2050.2, 2052.28]
exp011-n2048-k10-d270-bs60-f1.000-r00:110050.666: log(norms):     [2047.94, 2050.99, 2054.74, 2054.76, 2054.76, 2054.87, 2054.99, 2054.91, 2055.03, 2055.0]
exp011-n2048-k10-d270-bs60-f1.000-r00:110050.714: (3672 sec)
exp011-n2048-k10-d270-bs60-f1.000-r00:110050.714: Loop 27/100
exp011-n2048-k10-d270-bs60-f1.000-r00:113792.883: log(exp-norms): [2047.94, 2050.2, 2052.28]
exp011-n2048-k10-d270-bs60-f1.000-r00:113792.884: log(norms):     [2047.94, 2050.99, 2054.73, 2054.76, 2054.74, 2054.76, 2054.91, 2054.89, 2054.83, 2055.02]
exp011-n2048-k10-d270-bs60-f1.000-r00:113792.931: (3743 sec)
exp011-n2048-k10-d270-bs60-f1.000-r00:113792.931: Loop 28/100
exp011-n2048-k10-d270-bs60-f1.000-r00:117487.322: log(exp-norms): [2047.94, 2050.2, 2052.28]
exp011-n2048-k10-d270-bs60-f1.000-r00:117487.323: log(norms):     [2047.94, 2050.99, 2054.73, 2054.76, 2054.74, 2054.89, 2054.97, 2054.91, 2054.92, 2054.95]
exp011-n2048-k10-d270-bs60-f1.000-r00:117487.371: (3695 sec)
exp011-n2048-k10-d270-bs60-f1.000-r00:117487.372: Loop 29/100
exp011-n2048-k10-d270-bs60-f1.000-r00:121139.902: log(exp-norms): [2047.94, 2050.2, 2052.28]
exp011-n2048-k10-d270-bs60-f1.000-r00:121139.903: log(norms):     [2047.94, 2050.99, 2054.73, 2054.76, 2054.74, 2054.89, 2054.82, 2054.97, 2055.05, 2055.02]
exp011-n2048-k10-d270-bs60-f1.000-r00:121139.951: (3653 sec)
exp011-n2048-k10-d270-bs60-f1.000-r00:121139.951: Loop 30/100
exp011-n2048-k10-d270-bs60-f1.000-r00:124724.233: log(exp-norms): [2047.94, 2050.2, 2052.28]
exp011-n2048-k10-d270-bs60-f1.000-r00:124724.235: log(norms):     [2047.94, 2050.99, 2054.73, 2054.76, 2054.74, 2054.89, 2054.82, 2055.02, 2055.11, 2054.92]
exp011-n2048-k10-d270-bs60-f1.000-r00:124724.296: (3585 sec)
exp011-n2048-k10-d270-bs60-f1.000-r00:124724.297: Loop 31/100
exp011-n2048-k10-d270-bs60-f1.000-r00:128340.229: log(exp-norms): [2047.94, 2050.2, 2052.28]
exp011-n2048-k10-d270-bs60-f1.000-r00:128340.231: log(norms):     [2047.94, 2050.99, 2054.73, 2054.76, 2054.76, 2054.74, 2054.89, 2054.82, 2054.84, 2054.92]
exp011-n2048-k10-d270-bs60-f1.000-r00:128340.280: (3616 sec)
exp011-n2048-k10-d270-bs60-f1.000-r00:128340.280: Loop 32/100
exp011-n2048-k10-d270-bs60-f1.000-r00:131939.209: log(exp-norms): [2047.94, 2050.2, 2052.28]
exp011-n2048-k10-d270-bs60-f1.000-r00:131939.210: log(norms):     [2047.94, 2050.99, 2054.73, 2054.76, 2054.76, 2054.92, 2054.74, 2054.84, 2054.89, 2054.82]
exp011-n2048-k10-d270-bs60-f1.000-r00:131939.257: (3599 sec)
exp011-n2048-k10-d270-bs60-f1.000-r00:131939.258: Loop 33/100
exp011-n2048-k10-d270-bs60-f1.000-r00:135522.521: log(exp-norms): [2047.94, 2050.2, 2052.28]
exp011-n2048-k10-d270-bs60-f1.000-r00:135522.522: log(norms):     [2047.94, 2050.99, 2054.73, 2054.76, 2054.76, 2054.92, 2054.74, 2054.84, 2054.89, 2054.82]
exp011-n2048-k10-d270-bs60-f1.000-r00:135522.569: (3584 sec)
exp011-n2048-k10-d270-bs60-f1.000-r00:135522.570: Loop 34/100
exp011-n2048-k10-d270-bs60-f1.000-r00:139168.863: log(exp-norms): [2047.94, 2050.2, 2052.28]
exp011-n2048-k10-d270-bs60-f1.000-r00:139168.875: log(norms):     [2047.94, 2050.99, 2054.73, 2054.76, 2054.81, 2054.84, 2054.82, 2054.89, 2054.74, 2055.0]
exp011-n2048-k10-d270-bs60-f1.000-r00:139168.925: (3647 sec)
exp011-n2048-k10-d270-bs60-f1.000-r00:139168.925: Loop 35/100
exp011-n2048-k10-d270-bs60-f1.000-r00:142863.174: log(exp-norms): [2047.94, 2050.2, 2052.28]
exp011-n2048-k10-d270-bs60-f1.000-r00:142863.175: log(norms):     [2047.94, 2050.99, 2054.73, 2054.76, 2054.81, 2054.84, 2054.82, 2054.89, 2054.91, 2055.0]
exp011-n2048-k10-d270-bs60-f1.000-r00:142863.222: (3695 sec)
exp011-n2048-k10-d270-bs60-f1.000-r00:142863.222: Loop 36/100
exp011-n2048-k10-d270-bs60-f1.000-r00:146532.943: log(exp-norms): [2047.94, 2050.2, 2052.28]
exp011-n2048-k10-d270-bs60-f1.000-r00:146532.944: log(norms):     [2047.94, 2050.99, 2054.73, 2054.76, 2054.79, 2054.89, 2054.95, 2055.0, 2054.82, 2054.86]
exp011-n2048-k10-d270-bs60-f1.000-r00:146532.992: (3670 sec)
exp011-n2048-k10-d270-bs60-f1.000-r00:146532.992: Loop 37/100
exp011-n2048-k10-d270-bs60-f1.000-r00:150161.276: log(exp-norms): [2047.94, 2050.2, 2052.28]
exp011-n2048-k10-d270-bs60-f1.000-r00:150161.277: log(norms):     [2047.94, 2050.99, 2054.73, 2054.76, 2054.79, 2054.89, 2054.95, 2055.0, 2054.89, 2054.92]
exp011-n2048-k10-d270-bs60-f1.000-r00:150161.326: (3629 sec)
exp011-n2048-k10-d270-bs60-f1.000-r00:150161.326: Loop 38/100
exp011-n2048-k10-d270-bs60-f1.000-r00:153781.282: log(exp-norms): [2047.94, 2050.2, 2052.28]
exp011-n2048-k10-d270-bs60-f1.000-r00:153781.283: log(norms):     [2047.94, 2050.99, 2054.73, 2054.76, 2054.79, 2054.89, 2054.95, 2055.0, 2054.89, 2054.92]
exp011-n2048-k10-d270-bs60-f1.000-r00:153781.346: (3621 sec)
exp011-n2048-k10-d270-bs60-f1.000-r00:153781.346: Loop 39/100
exp011-n2048-k10-d270-bs60-f1.000-r00:157433.018: log(exp-norms): [2047.94, 2050.2, 2052.28]
exp011-n2048-k10-d270-bs60-f1.000-r00:157433.019: log(norms):     [2047.94, 2050.99, 2054.73, 2054.76, 2054.79, 2054.89, 2054.95, 2055.0, 2054.89, 2054.92]
exp011-n2048-k10-d270-bs60-f1.000-r00:157433.068: (3652 sec)
exp011-n2048-k10-d270-bs60-f1.000-r00:157433.068: Loop 40/100
exp011-n2048-k10-d270-bs60-f1.000-r00:161060.437: log(exp-norms): [2047.94, 2050.2, 2052.28]
exp011-n2048-k10-d270-bs60-f1.000-r00:161060.438: log(norms):     [2047.94, 2050.99, 2054.73, 2054.76, 2054.79, 2054.89, 2054.95, 2055.0, 2054.89, 2054.92]
exp011-n2048-k10-d270-bs60-f1.000-r00:161060.488: (3628 sec)
exp011-n2048-k10-d270-bs60-f1.000-r00:161060.488: Loop 41/100
exp011-n2048-k10-d270-bs60-f1.000-r00:164502.676: log(exp-norms): [2047.94, 2050.2, 2052.28]
exp011-n2048-k10-d270-bs60-f1.000-r00:164502.678: log(norms):     [2047.94, 2050.99, 2054.73, 2054.76, 2054.79, 2054.89, 2054.95, 2055.0, 2054.89, 2054.92]
exp011-n2048-k10-d270-bs60-f1.000-r00:164502.726: (3443 sec)
exp011-n2048-k10-d270-bs60-f1.000-r00:164502.726: Loop 42/100
exp011-n2048-k10-d270-bs60-f1.000-r00:167755.129: log(exp-norms): [2047.94, 2050.2, 2052.28]
exp011-n2048-k10-d270-bs60-f1.000-r00:167755.130: log(norms):     [2047.94, 2050.99, 2054.73, 2054.76, 2054.79, 2054.89, 2054.95, 2055.0, 2054.89, 2054.92]
exp011-n2048-k10-d270-bs60-f1.000-r00:167755.183: (3253 sec)
exp011-n2048-k10-d270-bs60-f1.000-r00:167755.183: Loop 43/100
exp011-n2048-k10-d270-bs60-f1.000-r00:171050.625: log(exp-norms): [2047.94, 2050.2, 2052.28]
exp011-n2048-k10-d270-bs60-f1.000-r00:171050.628: log(norms):     [2047.94, 2050.99, 2054.68, 2054.76, 2054.73, 2054.79, 2054.89, 2054.95, 2054.9, 2055.13]
exp011-n2048-k10-d270-bs60-f1.000-r00:171050.678: (3296 sec)
exp011-n2048-k10-d270-bs60-f1.000-r00:171050.678: Loop 44/100
exp011-n2048-k10-d270-bs60-f1.000-r00:174329.386: log(exp-norms): [2047.94, 2050.2, 2052.28]
exp011-n2048-k10-d270-bs60-f1.000-r00:174329.389: log(norms):     [2047.94, 2050.99, 2054.68, 2054.76, 2054.73, 2054.79, 2054.89, 2054.91, 2054.9, 2054.83]
exp011-n2048-k10-d270-bs60-f1.000-r00:174329.436: (3279 sec)
exp011-n2048-k10-d270-bs60-f1.000-r00:174329.437: Loop 45/100
exp011-n2048-k10-d270-bs60-f1.000-r00:177850.706: log(exp-norms): [2047.94, 2050.2, 2052.28]
exp011-n2048-k10-d270-bs60-f1.000-r00:177850.707: log(norms):     [2047.94, 2050.99, 2054.68, 2054.76, 2054.73, 2054.79, 2054.97, 2054.9, 2054.91, 2054.89]
exp011-n2048-k10-d270-bs60-f1.000-r00:177850.755: (3522 sec)
exp011-n2048-k10-d270-bs60-f1.000-r00:177850.756: Loop 46/100
exp011-n2048-k10-d270-bs60-f1.000-r00:181214.218: log(exp-norms): [2047.94, 2050.2, 2052.28]
exp011-n2048-k10-d270-bs60-f1.000-r00:181214.220: log(norms):     [2047.94, 2050.99, 2054.68, 2054.76, 2054.73, 2054.79, 2054.97, 2054.87, 2054.9, 2055.02]
exp011-n2048-k10-d270-bs60-f1.000-r00:181214.268: (3364 sec)
exp011-n2048-k10-d270-bs60-f1.000-r00:181214.268: Loop 47/100
exp011-n2048-k10-d270-bs60-f1.000-r00:184452.571: log(exp-norms): [2047.94, 2050.2, 2052.28]
exp011-n2048-k10-d270-bs60-f1.000-r00:184452.572: log(norms):     [2047.94, 2050.99, 2054.68, 2054.76, 2054.73, 2054.79, 2054.96, 2054.89, 2054.91, 2055.01]
exp011-n2048-k10-d270-bs60-f1.000-r00:184452.620: (3239 sec)
exp011-n2048-k10-d270-bs60-f1.000-r00:184452.620: Loop 48/100
exp011-n2048-k10-d270-bs60-f1.000-r00:187770.225: log(exp-norms): [2047.94, 2050.2, 2052.28]
exp011-n2048-k10-d270-bs60-f1.000-r00:187770.226: log(norms):     [2047.94, 2050.99, 2054.68, 2054.76, 2054.73, 2054.79, 2054.96, 2054.89, 2054.91, 2055.01]
exp011-n2048-k10-d270-bs60-f1.000-r00:187770.281: (3318 sec)
exp011-n2048-k10-d270-bs60-f1.000-r00:187770.281: Loop 49/100
exp011-n2048-k10-d270-bs60-f1.000-r00:191052.765: log(exp-norms): [2047.94, 2050.2, 2052.28]
exp011-n2048-k10-d270-bs60-f1.000-r00:191052.766: log(norms):     [2047.94, 2050.99, 2054.68, 2054.76, 2054.73, 2054.79, 2054.96, 2054.89, 2054.91, 2054.94]
exp011-n2048-k10-d270-bs60-f1.000-r00:191052.814: (3283 sec)
exp011-n2048-k10-d270-bs60-f1.000-r00:191052.814: Loop 50/100
exp011-n2048-k10-d270-bs60-f1.000-r00:194322.641: log(exp-norms): [2047.94, 2050.2, 2052.28]
exp011-n2048-k10-d270-bs60-f1.000-r00:194322.642: log(norms):     [2047.94, 2050.99, 2054.68, 2054.76, 2054.73, 2054.79, 2054.96, 2054.98, 2054.89, 2054.91]
exp011-n2048-k10-d270-bs60-f1.000-r00:194322.690: (3270 sec)
exp011-n2048-k10-d270-bs60-f1.000-r00:194322.690: Loop 51/100
exp011-n2048-k10-d270-bs60-f1.000-r00:197578.880: log(exp-norms): [2047.94, 2050.2, 2052.28]
exp011-n2048-k10-d270-bs60-f1.000-r00:197578.881: log(norms):     [2047.94, 2050.99, 2054.68, 2054.76, 2054.73, 2054.79, 2054.96, 2054.98, 2054.89, 2054.91]
exp011-n2048-k10-d270-bs60-f1.000-r00:197578.929: (3257 sec)
exp011-n2048-k10-d270-bs60-f1.000-r00:197578.930: Loop 52/100
exp011-n2048-k10-d270-bs60-f1.000-r00:200879.975: log(exp-norms): [2047.94, 2050.2, 2052.28]
exp011-n2048-k10-d270-bs60-f1.000-r00:200879.977: log(norms):     [2047.94, 2050.99, 2054.68, 2054.76, 2054.73, 2054.79, 2054.96, 2054.98, 2054.79, 2054.87]
exp011-n2048-k10-d270-bs60-f1.000-r00:200880.025: (3302 sec)
exp011-n2048-k10-d270-bs60-f1.000-r00:200880.026: Loop 53/100
exp011-n2048-k10-d270-bs60-f1.000-r00:204119.899: log(exp-norms): [2047.94, 2050.2, 2052.28]
exp011-n2048-k10-d270-bs60-f1.000-r00:204119.899: log(norms):     [2047.94, 2050.99, 2054.68, 2054.76, 2054.79, 2054.98, 2054.79, 2054.96, 2054.73, 2054.79]
exp011-n2048-k10-d270-bs60-f1.000-r00:204119.948: (3240 sec)
exp011-n2048-k10-d270-bs60-f1.000-r00:204119.948: Loop 54/100
exp011-n2048-k10-d270-bs60-f1.000-r00:207455.547: log(exp-norms): [2047.94, 2050.2, 2052.28]
exp011-n2048-k10-d270-bs60-f1.000-r00:207455.548: log(norms):     [2047.94, 2050.99, 2054.68, 2054.76, 2054.79, 2054.98, 2054.79, 2054.96, 2054.73, 2054.79]
exp011-n2048-k10-d270-bs60-f1.000-r00:207455.594: (3336 sec)
exp011-n2048-k10-d270-bs60-f1.000-r00:207455.595: Loop 55/100
exp011-n2048-k10-d270-bs60-f1.000-r00:210736.834: log(exp-norms): [2047.94, 2050.2, 2052.28]
exp011-n2048-k10-d270-bs60-f1.000-r00:210736.836: log(norms):     [2047.94, 2050.99, 2054.68, 2054.76, 2054.75, 2054.79, 2054.98, 2054.79, 2054.96, 2054.73]
exp011-n2048-k10-d270-bs60-f1.000-r00:210736.884: (3282 sec)
exp011-n2048-k10-d270-bs60-f1.000-r00:210736.885: Loop 56/100
exp011-n2048-k10-d270-bs60-f1.000-r00:214121.397: log(exp-norms): [2047.94, 2050.2, 2052.28]
exp011-n2048-k10-d270-bs60-f1.000-r00:214121.398: log(norms):     [2047.94, 2050.99, 2054.68, 2054.76, 2054.75, 2054.79, 2054.98, 2054.79, 2054.96, 2054.85]
exp011-n2048-k10-d270-bs60-f1.000-r00:214121.445: (3385 sec)
exp011-n2048-k10-d270-bs60-f1.000-r00:214121.445: Loop 57/100
exp011-n2048-k10-d270-bs60-f1.000-r00:217407.225: log(exp-norms): [2047.94, 2050.2, 2052.28]
exp011-n2048-k10-d270-bs60-f1.000-r00:217407.226: log(norms):     [2047.94, 2050.99, 2054.68, 2054.76, 2054.75, 2054.79, 2054.98, 2054.79, 2054.79, 2054.85]
exp011-n2048-k10-d270-bs60-f1.000-r00:217407.278: (3286 sec)
exp011-n2048-k10-d270-bs60-f1.000-r00:217407.279: Loop 58/100
exp011-n2048-k10-d270-bs60-f1.000-r00:220574.043: log(exp-norms): [2047.94, 2050.2, 2052.28]
exp011-n2048-k10-d270-bs60-f1.000-r00:220574.044: log(norms):     [2047.94, 2050.99, 2054.68, 2054.76, 2054.75, 2054.79, 2054.98, 2054.79, 2054.79, 2054.93]
exp011-n2048-k10-d270-bs60-f1.000-r00:220574.091: (3167 sec)
exp011-n2048-k10-d270-bs60-f1.000-r00:220574.092: Loop 59/100
exp011-n2048-k10-d270-bs60-f1.000-r00:223806.672: log(exp-norms): [2047.94, 2050.2, 2052.28]
exp011-n2048-k10-d270-bs60-f1.000-r00:223806.673: log(norms):     [2047.94, 2050.99, 2054.68, 2054.76, 2054.75, 2054.79, 2054.98, 2054.79, 2054.79, 2054.93]
exp011-n2048-k10-d270-bs60-f1.000-r00:223806.723: (3233 sec)
exp011-n2048-k10-d270-bs60-f1.000-r00:223806.723: Loop 60/100
exp011-n2048-k10-d270-bs60-f1.000-r00:227136.455: log(exp-norms): [2047.94, 2050.2, 2052.28]
exp011-n2048-k10-d270-bs60-f1.000-r00:227136.456: log(norms):     [2047.94, 2050.99, 2054.68, 2054.76, 2054.75, 2054.79, 2054.99, 2054.9, 2054.81, 2054.98]
exp011-n2048-k10-d270-bs60-f1.000-r00:227136.503: (3330 sec)
exp011-n2048-k10-d270-bs60-f1.000-r00:227136.503: Loop 61/100
exp011-n2048-k10-d270-bs60-f1.000-r00:230395.958: log(exp-norms): [2047.94, 2050.2, 2052.28]
exp011-n2048-k10-d270-bs60-f1.000-r00:230395.959: log(norms):     [2047.94, 2050.99, 2054.68, 2054.81, 2054.76, 2054.75, 2054.79, 2054.99, 2054.9, 2054.98]
exp011-n2048-k10-d270-bs60-f1.000-r00:230396.006: (3260 sec)
exp011-n2048-k10-d270-bs60-f1.000-r00:230396.006: Loop 62/100
exp011-n2048-k10-d270-bs60-f1.000-r00:233587.673: log(exp-norms): [2047.94, 2050.2, 2052.28]
exp011-n2048-k10-d270-bs60-f1.000-r00:233587.674: log(norms):     [2047.94, 2050.99, 2054.68, 2054.81, 2054.76, 2054.75, 2054.79, 2054.99, 2054.9, 2054.98]
exp011-n2048-k10-d270-bs60-f1.000-r00:233587.723: (3192 sec)
exp011-n2048-k10-d270-bs60-f1.000-r00:233587.724: Loop 63/100
exp011-n2048-k10-d270-bs60-f1.000-r00:236731.194: log(exp-norms): [2047.94, 2050.2, 2052.28]
exp011-n2048-k10-d270-bs60-f1.000-r00:236731.195: log(norms):     [2047.94, 2050.99, 2054.68, 2054.81, 2054.76, 2054.75, 2054.79, 2054.99, 2054.9, 2054.98]
exp011-n2048-k10-d270-bs60-f1.000-r00:236731.242: (3144 sec)
exp011-n2048-k10-d270-bs60-f1.000-r00:236731.242: Loop 64/100
exp011-n2048-k10-d270-bs60-f1.000-r00:239953.937: log(exp-norms): [2047.94, 2050.2, 2052.28]
exp011-n2048-k10-d270-bs60-f1.000-r00:239953.939: log(norms):     [2047.94, 2050.99, 2054.68, 2054.81, 2054.76, 2054.75, 2054.79, 2054.84, 2054.77, 2054.97]
exp011-n2048-k10-d270-bs60-f1.000-r00:239953.986: (3223 sec)
exp011-n2048-k10-d270-bs60-f1.000-r00:239953.987: Loop 65/100
exp011-n2048-k10-d270-bs60-f1.000-r00:243157.930: log(exp-norms): [2047.94, 2050.2, 2052.28]
exp011-n2048-k10-d270-bs60-f1.000-r00:243157.932: log(norms):     [2047.94, 2050.99, 2054.68, 2054.81, 2054.76, 2054.75, 2054.79, 2054.84, 2054.77, 2054.97]
exp011-n2048-k10-d270-bs60-f1.000-r00:243157.978: (3204 sec)
exp011-n2048-k10-d270-bs60-f1.000-r00:243157.979: Loop 66/100
exp011-n2048-k10-d270-bs60-f1.000-r00:246419.665: log(exp-norms): [2047.94, 2050.2, 2052.28]
exp011-n2048-k10-d270-bs60-f1.000-r00:246419.666: log(norms):     [2047.94, 2050.99, 2054.68, 2054.81, 2054.76, 2054.75, 2054.85, 2054.79, 2054.84, 2054.77]
exp011-n2048-k10-d270-bs60-f1.000-r00:246419.714: (3262 sec)
exp011-n2048-k10-d270-bs60-f1.000-r00:246419.715: Loop 67/100
exp011-n2048-k10-d270-bs60-f1.000-r00:249682.010: log(exp-norms): [2047.94, 2050.2, 2052.28]
exp011-n2048-k10-d270-bs60-f1.000-r00:249682.011: log(norms):     [2047.94, 2050.99, 2054.68, 2054.81, 2054.76, 2054.75, 2054.85, 2054.79, 2054.77, 2054.77]
exp011-n2048-k10-d270-bs60-f1.000-r00:249682.059: (3263 sec)
exp011-n2048-k10-d270-bs60-f1.000-r00:249682.060: Loop 68/100
exp011-n2048-k10-d270-bs60-f1.000-r00:253105.506: log(exp-norms): [2047.94, 2050.2, 2052.28]
exp011-n2048-k10-d270-bs60-f1.000-r00:253105.508: log(norms):     [2047.94, 2050.99, 2054.68, 2054.81, 2054.76, 2054.75, 2054.85, 2054.79, 2054.77, 2054.81]
exp011-n2048-k10-d270-bs60-f1.000-r00:253105.558: (3424 sec)
exp011-n2048-k10-d270-bs60-f1.000-r00:253105.558: Loop 69/100
exp011-n2048-k10-d270-bs60-f1.000-r00:256489.302: log(exp-norms): [2047.94, 2050.2, 2052.28]
exp011-n2048-k10-d270-bs60-f1.000-r00:256489.303: log(norms):     [2047.94, 2050.99, 2054.68, 2054.81, 2054.76, 2054.75, 2054.85, 2054.79, 2054.77, 2054.81]
exp011-n2048-k10-d270-bs60-f1.000-r00:256489.351: (3384 sec)
exp011-n2048-k10-d270-bs60-f1.000-r00:256489.352: Loop 70/100
exp011-n2048-k10-d270-bs60-f1.000-r00:259872.757: log(exp-norms): [2047.94, 2050.2, 2052.28]
exp011-n2048-k10-d270-bs60-f1.000-r00:259872.759: log(norms):     [2047.94, 2050.99, 2054.68, 2054.81, 2054.74, 2054.77, 2054.76, 2054.9, 2054.81, 2054.79]
exp011-n2048-k10-d270-bs60-f1.000-r00:259872.814: (3384 sec)
exp011-n2048-k10-d270-bs60-f1.000-r00:259872.815: Loop 71/100
exp011-n2048-k10-d270-bs60-f1.000-r00:263307.577: log(exp-norms): [2047.94, 2050.2, 2052.28]
exp011-n2048-k10-d270-bs60-f1.000-r00:263307.578: log(norms):     [2047.94, 2050.99, 2054.68, 2054.81, 2054.74, 2054.77, 2054.85, 2054.76, 2054.9, 2055.0]
exp011-n2048-k10-d270-bs60-f1.000-r00:263307.636: (3435 sec)
exp011-n2048-k10-d270-bs60-f1.000-r00:263307.637: Loop 72/100
exp011-n2048-k10-d270-bs60-f1.000-r00:266877.654: log(exp-norms): [2047.94, 2050.2, 2052.28]
exp011-n2048-k10-d270-bs60-f1.000-r00:266877.655: log(norms):     [2047.94, 2050.99, 2054.68, 2054.81, 2054.74, 2054.77, 2054.85, 2054.76, 2054.9, 2055.0]
exp011-n2048-k10-d270-bs60-f1.000-r00:266877.715: (3571 sec)
exp011-n2048-k10-d270-bs60-f1.000-r00:266877.716: Loop 73/100
exp011-n2048-k10-d270-bs60-f1.000-r00:270441.576: log(exp-norms): [2047.94, 2050.2, 2052.28]
exp011-n2048-k10-d270-bs60-f1.000-r00:270441.577: log(norms):     [2047.94, 2050.99, 2054.68, 2054.81, 2054.74, 2054.77, 2054.85, 2054.76, 2054.9, 2055.0]
exp011-n2048-k10-d270-bs60-f1.000-r00:270441.625: (3564 sec)
exp011-n2048-k10-d270-bs60-f1.000-r00:270441.625: Loop 74/100
exp011-n2048-k10-d270-bs60-f1.000-r00:274046.042: log(exp-norms): [2047.94, 2050.2, 2052.28]
exp011-n2048-k10-d270-bs60-f1.000-r00:274046.043: log(norms):     [2047.94, 2050.99, 2054.68, 2054.81, 2054.74, 2054.77, 2054.85, 2054.76, 2054.9, 2055.0]
exp011-n2048-k10-d270-bs60-f1.000-r00:274046.102: (3605 sec)
exp011-n2048-k10-d270-bs60-f1.000-r00:274046.102: Loop 75/100
exp011-n2048-k10-d270-bs60-f1.000-r00:277636.582: log(exp-norms): [2047.94, 2050.2, 2052.28]
exp011-n2048-k10-d270-bs60-f1.000-r00:277636.583: log(norms):     [2047.94, 2050.99, 2054.68, 2054.81, 2054.74, 2054.77, 2054.85, 2054.76, 2054.9, 2055.0]
exp011-n2048-k10-d270-bs60-f1.000-r00:277636.630: (3591 sec)
exp011-n2048-k10-d270-bs60-f1.000-r00:277636.630: Loop 76/100
exp011-n2048-k10-d270-bs60-f1.000-r00:281162.569: log(exp-norms): [2047.94, 2050.2, 2052.28]
exp011-n2048-k10-d270-bs60-f1.000-r00:281162.570: log(norms):     [2047.94, 2050.99, 2054.68, 2054.69, 2054.81, 2054.74, 2054.77, 2054.85, 2054.76, 2054.75]
exp011-n2048-k10-d270-bs60-f1.000-r00:281162.618: (3526 sec)
exp011-n2048-k10-d270-bs60-f1.000-r00:281162.619: Loop 77/100
exp011-n2048-k10-d270-bs60-f1.000-r00:284562.691: log(exp-norms): [2047.94, 2050.2, 2052.28]
exp011-n2048-k10-d270-bs60-f1.000-r00:284562.692: log(norms):     [2047.94, 2050.99, 2054.68, 2054.69, 2054.81, 2054.76, 2054.75, 2054.77, 2054.81, 2054.79]
exp011-n2048-k10-d270-bs60-f1.000-r00:284562.741: (3401 sec)
exp011-n2048-k10-d270-bs60-f1.000-r00:284562.741: Loop 78/100
exp011-n2048-k10-d270-bs60-f1.000-r00:288070.942: log(exp-norms): [2047.94, 2050.2, 2052.28]
exp011-n2048-k10-d270-bs60-f1.000-r00:288070.943: log(norms):     [2047.94, 2050.99, 2054.68, 2054.69, 2054.81, 2054.76, 2054.75, 2054.77, 2054.81, 2054.79]
exp011-n2048-k10-d270-bs60-f1.000-r00:288070.990: (3509 sec)
exp011-n2048-k10-d270-bs60-f1.000-r00:288070.990: Loop 79/100
exp011-n2048-k10-d270-bs60-f1.000-r00:291700.866: log(exp-norms): [2047.94, 2050.2, 2052.28]
exp011-n2048-k10-d270-bs60-f1.000-r00:291700.867: log(norms):     [2047.94, 2050.99, 2054.68, 2054.69, 2054.81, 2054.76, 2054.75, 2054.77, 2054.81, 2054.79]
exp011-n2048-k10-d270-bs60-f1.000-r00:291700.932: (3630 sec)
exp011-n2048-k10-d270-bs60-f1.000-r00:291700.932: Loop 80/100
exp011-n2048-k10-d270-bs60-f1.000-r00:295266.734: log(exp-norms): [2047.94, 2050.2, 2052.28]
exp011-n2048-k10-d270-bs60-f1.000-r00:295266.735: log(norms):     [2047.94, 2050.99, 2054.68, 2054.69, 2054.81, 2054.76, 2054.75, 2054.77, 2054.81, 2054.79]
exp011-n2048-k10-d270-bs60-f1.000-r00:295266.782: (3566 sec)
exp011-n2048-k10-d270-bs60-f1.000-r00:295266.783: Loop 81/100
exp011-n2048-k10-d270-bs60-f1.000-r00:298858.294: log(exp-norms): [2047.94, 2050.2, 2052.28]
exp011-n2048-k10-d270-bs60-f1.000-r00:298858.295: log(norms):     [2047.94, 2050.99, 2054.68, 2054.69, 2054.81, 2054.76, 2054.75, 2054.77, 2054.81, 2054.79]
exp011-n2048-k10-d270-bs60-f1.000-r00:298858.341: (3592 sec)
exp011-n2048-k10-d270-bs60-f1.000-r00:298858.342: Loop 82/100
exp011-n2048-k10-d270-bs60-f1.000-r00:302299.321: log(exp-norms): [2047.94, 2050.2, 2052.28]
exp011-n2048-k10-d270-bs60-f1.000-r00:302299.322: log(norms):     [2047.94, 2050.99, 2054.68, 2054.69, 2054.81, 2054.76, 2054.75, 2054.82, 2054.77, 2055.05]
exp011-n2048-k10-d270-bs60-f1.000-r00:302299.370: (3442 sec)
exp011-n2048-k10-d270-bs60-f1.000-r00:302299.370: Loop 83/100
exp011-n2048-k10-d270-bs60-f1.000-r00:305781.988: log(exp-norms): [2047.94, 2050.2, 2052.28]
exp011-n2048-k10-d270-bs60-f1.000-r00:305781.989: log(norms):     [2047.94, 2050.99, 2054.68, 2054.69, 2054.81, 2054.76, 2054.75, 2054.82, 2054.77, 2055.05]
exp011-n2048-k10-d270-bs60-f1.000-r00:305782.036: (3483 sec)
exp011-n2048-k10-d270-bs60-f1.000-r00:305782.037: Loop 84/100
exp011-n2048-k10-d270-bs60-f1.000-r00:309201.925: log(exp-norms): [2047.94, 2050.2, 2052.28]
exp011-n2048-k10-d270-bs60-f1.000-r00:309201.927: log(norms):     [2047.94, 2050.99, 2054.68, 2054.69, 2054.81, 2054.76, 2054.75, 2054.82, 2054.77, 2055.05]
exp011-n2048-k10-d270-bs60-f1.000-r00:309201.975: (3420 sec)
exp011-n2048-k10-d270-bs60-f1.000-r00:309201.975: Loop 85/100
exp011-n2048-k10-d270-bs60-f1.000-r00:312723.141: log(exp-norms): [2047.94, 2050.2, 2052.28]
exp011-n2048-k10-d270-bs60-f1.000-r00:312723.142: log(norms):     [2047.94, 2050.99, 2054.68, 2054.69, 2054.81, 2054.69, 2054.76, 2054.75, 2054.79, 2054.85]
exp011-n2048-k10-d270-bs60-f1.000-r00:312723.189: (3522 sec)
exp011-n2048-k10-d270-bs60-f1.000-r00:312723.189: Loop 86/100
exp011-n2048-k10-d270-bs60-f1.000-r00:316147.174: log(exp-norms): [2047.94, 2050.2, 2052.28]
exp011-n2048-k10-d270-bs60-f1.000-r00:316147.175: log(norms):     [2047.94, 2050.99, 2054.68, 2054.69, 2054.81, 2054.69, 2054.7, 2054.77, 2054.76, 2054.75]
exp011-n2048-k10-d270-bs60-f1.000-r00:316147.222: (3425 sec)
exp011-n2048-k10-d270-bs60-f1.000-r00:316147.223: Loop 87/100
exp011-n2048-k10-d270-bs60-f1.000-r00:319585.957: log(exp-norms): [2047.94, 2050.2, 2052.28]
exp011-n2048-k10-d270-bs60-f1.000-r00:319585.958: log(norms):     [2047.94, 2050.99, 2054.68, 2054.69, 2054.81, 2054.69, 2054.7, 2054.77, 2054.76, 2054.75]
exp011-n2048-k10-d270-bs60-f1.000-r00:319586.005: (3439 sec)
exp011-n2048-k10-d270-bs60-f1.000-r00:319586.006: Loop 88/100
exp011-n2048-k10-d270-bs60-f1.000-r00:322818.999: log(exp-norms): [2047.94, 2050.2, 2052.28]
exp011-n2048-k10-d270-bs60-f1.000-r00:322819.000: log(norms):     [2047.94, 2050.99, 2054.68, 2054.69, 2054.81, 2054.69, 2054.7, 2054.77, 2054.76, 2055.01]
exp011-n2048-k10-d270-bs60-f1.000-r00:322819.048: (3234 sec)
exp011-n2048-k10-d270-bs60-f1.000-r00:322819.048: Loop 89/100
exp011-n2048-k10-d270-bs60-f1.000-r00:326304.445: log(exp-norms): [2047.94, 2050.2, 2052.28]
exp011-n2048-k10-d270-bs60-f1.000-r00:326304.446: log(norms):     [2047.94, 2050.99, 2054.68, 2054.69, 2054.81, 2054.69, 2054.7, 2054.77, 2054.76, 2055.01]
exp011-n2048-k10-d270-bs60-f1.000-r00:326304.493: (3486 sec)
exp011-n2048-k10-d270-bs60-f1.000-r00:326304.494: Loop 90/100
exp011-n2048-k10-d270-bs60-f1.000-r00:329576.252: log(exp-norms): [2047.94, 2050.2, 2052.28]
exp011-n2048-k10-d270-bs60-f1.000-r00:329576.253: log(norms):     [2047.94, 2050.99, 2054.68, 2054.69, 2054.81, 2054.93, 2054.75, 2054.76, 2054.95, 2054.85]
exp011-n2048-k10-d270-bs60-f1.000-r00:329576.300: (3272 sec)
exp011-n2048-k10-d270-bs60-f1.000-r00:329576.301: Loop 91/100
exp011-n2048-k10-d270-bs60-f1.000-r00:333001.078: log(exp-norms): [2047.94, 2050.2, 2052.28]
exp011-n2048-k10-d270-bs60-f1.000-r00:333001.079: log(norms):     [2047.94, 2050.99, 2054.68, 2054.69, 2054.81, 2054.93, 2054.75, 2054.76, 2054.95, 2054.85]
exp011-n2048-k10-d270-bs60-f1.000-r00:333001.108: (3425 sec)
exp011-n2048-k10-d270-bs60-f1.000-r00:333001.109: Loop 92/100
exp011-n2048-k10-d270-bs60-f1.000-r00:336307.125: log(exp-norms): [2047.94, 2050.2, 2052.28]
exp011-n2048-k10-d270-bs60-f1.000-r00:336307.126: log(norms):     [2047.94, 2050.99, 2054.68, 2054.69, 2054.81, 2054.93, 2054.75, 2054.76, 2054.95, 2054.85]
exp011-n2048-k10-d270-bs60-f1.000-r00:336307.174: (3307 sec)
exp011-n2048-k10-d270-bs60-f1.000-r00:336307.174: Loop 93/100
exp011-n2048-k10-d270-bs60-f1.000-r00:339742.434: log(exp-norms): [2047.94, 2050.2, 2052.28]
exp011-n2048-k10-d270-bs60-f1.000-r00:339742.434: log(norms):     [2047.94, 2050.99, 2054.68, 2054.69, 2054.81, 2054.93, 2054.75, 2054.76, 2054.95, 2054.85]
exp011-n2048-k10-d270-bs60-f1.000-r00:339742.465: (3436 sec)
exp011-n2048-k10-d270-bs60-f1.000-r00:339742.465: Loop 94/100
exp011-n2048-k10-d270-bs60-f1.000-r00:343002.868: log(exp-norms): [2047.94, 2050.2, 2052.28]
exp011-n2048-k10-d270-bs60-f1.000-r00:343002.869: log(norms):     [2047.94, 2050.99, 2054.68, 2054.69, 2054.81, 2054.93, 2054.75, 2054.76, 2054.95, 2054.85]
exp011-n2048-k10-d270-bs60-f1.000-r00:343002.917: (3261 sec)
exp011-n2048-k10-d270-bs60-f1.000-r00:343002.918: Loop 95/100
exp011-n2048-k10-d270-bs60-f1.000-r00:346154.918: log(exp-norms): [2047.94, 2050.2, 2052.28]
exp011-n2048-k10-d270-bs60-f1.000-r00:346154.919: log(norms):     [2047.94, 2050.99, 2054.68, 2054.69, 2054.81, 2054.93, 2054.75, 2054.76, 2054.95, 2054.85]
exp011-n2048-k10-d270-bs60-f1.000-r00:346154.966: (3153 sec)
exp011-n2048-k10-d270-bs60-f1.000-r00:346154.966: Loop 96/100
exp011-n2048-k10-d270-bs60-f1.000-r00:349297.958: log(exp-norms): [2047.94, 2050.2, 2052.28]
exp011-n2048-k10-d270-bs60-f1.000-r00:349297.959: log(norms):     [2047.94, 2050.99, 2054.68, 2054.69, 2054.81, 2054.93, 2054.75, 2054.76, 2054.95, 2054.85]
exp011-n2048-k10-d270-bs60-f1.000-r00:349297.988: (3144 sec)
exp011-n2048-k10-d270-bs60-f1.000-r00:349297.988: Loop 97/100
exp011-n2048-k10-d270-bs60-f1.000-r00:352662.676: log(exp-norms): [2047.94, 2050.2, 2052.28]
exp011-n2048-k10-d270-bs60-f1.000-r00:352662.677: log(norms):     [2047.94, 2050.99, 2054.68, 2054.69, 2054.81, 2054.93, 2054.75, 2054.76, 2054.95, 2054.85]
exp011-n2048-k10-d270-bs60-f1.000-r00:352662.706: (3365 sec)
exp011-n2048-k10-d270-bs60-f1.000-r00:352662.706: Loop 98/100
exp011-n2048-k10-d270-bs60-f1.000-r00:355789.983: log(exp-norms): [2047.94, 2050.2, 2052.28]
exp011-n2048-k10-d270-bs60-f1.000-r00:355789.985: log(norms):     [2047.94, 2050.99, 2054.68, 2054.69, 2054.81, 2054.93, 2054.75, 2054.76, 2054.95, 2054.85]
exp011-n2048-k10-d270-bs60-f1.000-r00:355790.032: (3128 sec)
exp011-n2048-k10-d270-bs60-f1.000-r00:355790.032: Loop 99/100
exp011-n2048-k10-d270-bs60-f1.000-r00:358977.742: log(exp-norms): [2047.94, 2050.2, 2052.28]
exp011-n2048-k10-d270-bs60-f1.000-r00:358977.743: log(norms):     [2047.94, 2050.99, 2054.68, 2054.69, 2054.81, 2054.93, 2054.75, 2054.76, 2054.95, 2054.85]
exp011-n2048-k10-d270-bs60-f1.000-r00:358977.789: (3188 sec)
exp011-n2048-k10-d270-bs60-f1.000-r00:358977.789: Loop 100/100
exp011-n2048-k10-d270-bs60-f1.000-r00:362448.975: log(exp-norms): [2047.94, 2050.2, 2052.28]
exp011-n2048-k10-d270-bs60-f1.000-r00:362448.976: log(norms):     [2047.94, 2050.99, 2054.68, 2054.69, 2054.81, 2054.93, 2054.75, 2054.76, 2054.95, 2054.85]
exp011-n2048-k10-d270-bs60-f1.000-r00:362449.023: (3472 sec)
exp011-n2048-k10-d270-bs60-f1.000-r00:362449.023: ==========================Summary===========================
exp011-n2048-k10-d270-bs60-f1.000-r00:362449.023: Total time: 362449sec
exp011-n2048-k10-d270-bs60-f1.000-r00:362449.023: FAIL
exp011-n2048-k10-d270-bs60-f1.000-r00:362449.023: SUMMARY:n:2048:k:10:d:270:bs:60:t:362449:r:False
