exp007-n2048-k11-d310-bs60-f1.000-r00:000000.224: ==========================Instance==========================
exp007-n2048-k11-d310-bs60-f1.000-r00:000000.225: # of equations: 310
exp007-n2048-k11-d310-bs60-f1.000-r00:000000.230: Gap: 16.57
exp007-n2048-k11-d310-bs60-f1.000-r00:000000.240: Tau: 64.22
exp007-n2048-k11-d310-bs60-f1.000-r00:000000.241: ======================BKZ-60 reduction======================
exp007-n2048-k11-d310-bs60-f1.000-r00:000013.708: Expectedly achievable log(norm): 2057.37
exp007-n2048-k11-d310-bs60-f1.000-r00:000027.955: log(exp-norms): [2047.94, 2050.29, 2054.34]
exp007-n2048-k11-d310-bs60-f1.000-r00:000027.956: log(norms):     [2062.25, 2051.09, 2058.89, 2058.89, 2058.89, 2058.89, 2058.89, 2058.89, 2058.89, 2058.89]
exp007-n2048-k11-d310-bs60-f1.000-r00:000028.070: Loop 1/100
exp007-n2048-k11-d310-bs60-f1.000-r00:019615.067: log(exp-norms): [2047.94, 2050.29, 2054.34]
exp007-n2048-k11-d310-bs60-f1.000-r00:019615.068: log(norms):     [2051.09, 2058.89, 2058.89, 2058.89, 2058.89, 2058.89, 2058.89, 2058.89, 2058.89, 2058.89]
exp007-n2048-k11-d310-bs60-f1.000-r00:019615.123: (19588 sec)
exp007-n2048-k11-d310-bs60-f1.000-r00:019615.123: Loop 2/100
exp007-n2048-k11-d310-bs60-f1.000-r00:026008.756: log(exp-norms): [2047.94, 2050.29, 2054.34]
exp007-n2048-k11-d310-bs60-f1.000-r00:026008.757: log(norms):     [2051.09, 2058.89, 2058.89, 2058.89, 2058.89, 2058.89, 2058.89, 2058.89, 2058.89, 2058.89]
exp007-n2048-k11-d310-bs60-f1.000-r00:026008.810: (6394 sec)
exp007-n2048-k11-d310-bs60-f1.000-r00:026008.810: Loop 3/100
exp007-n2048-k11-d310-bs60-f1.000-r00:032147.969: log(exp-norms): [2047.94, 2050.29, 2054.34]
exp007-n2048-k11-d310-bs60-f1.000-r00:032147.971: log(norms):     [2047.94, 2051.09, 2058.89, 2058.89, 2058.89, 2058.89, 2058.89, 2058.89, 2058.89, 2058.89]
exp007-n2048-k11-d310-bs60-f1.000-r00:032148.026: (6140 sec)
exp007-n2048-k11-d310-bs60-f1.000-r00:032148.026: Loop 4/100
exp007-n2048-k11-d310-bs60-f1.000-r00:038204.439: log(exp-norms): [2047.94, 2050.29, 2054.34]
exp007-n2048-k11-d310-bs60-f1.000-r00:038204.440: log(norms):     [2047.94, 2051.09, 2058.89, 2058.89, 2058.89, 2058.89, 2058.89, 2058.89, 2058.89, 2058.89]
exp007-n2048-k11-d310-bs60-f1.000-r00:038204.494: (6057 sec)
exp007-n2048-k11-d310-bs60-f1.000-r00:038204.495: Loop 5/100
exp007-n2048-k11-d310-bs60-f1.000-r00:044207.789: log(exp-norms): [2047.94, 2050.29, 2054.34]
exp007-n2048-k11-d310-bs60-f1.000-r00:044207.790: log(norms):     [2047.94, 2051.09, 2058.89, 2058.89, 2058.89, 2058.89, 2058.89, 2059.18, 2059.16, 2058.89]
exp007-n2048-k11-d310-bs60-f1.000-r00:044207.845: (6004 sec)
exp007-n2048-k11-d310-bs60-f1.000-r00:044207.845: Loop 6/100
exp007-n2048-k11-d310-bs60-f1.000-r00:050160.680: log(exp-norms): [2047.94, 2050.29, 2054.34]
exp007-n2048-k11-d310-bs60-f1.000-r00:050160.681: log(norms):     [2047.94, 2051.09, 2058.84, 2058.84, 2058.83, 2058.89, 2058.99, 2059.07, 2058.98, 2059.14]
exp007-n2048-k11-d310-bs60-f1.000-r00:050160.735: (5953 sec)
exp007-n2048-k11-d310-bs60-f1.000-r00:050160.736: Loop 7/100
exp007-n2048-k11-d310-bs60-f1.000-r00:055981.627: log(exp-norms): [2047.94, 2050.29, 2054.34]
exp007-n2048-k11-d310-bs60-f1.000-r00:055981.628: log(norms):     [2047.94, 2051.09, 2058.56, 2058.6, 2058.75, 2058.63, 2058.73, 2058.67, 2058.58, 2058.68]
exp007-n2048-k11-d310-bs60-f1.000-r00:055981.684: (5821 sec)
exp007-n2048-k11-d310-bs60-f1.000-r00:055981.684: Loop 8/100
exp007-n2048-k11-d310-bs60-f1.000-r00:061718.184: log(exp-norms): [2047.94, 2050.29, 2054.34]
exp007-n2048-k11-d310-bs60-f1.000-r00:061718.185: log(norms):     [2047.94, 2051.09, 2058.44, 2058.52, 2058.49, 2058.51, 2058.63, 2058.57, 2058.66, 2058.65]
exp007-n2048-k11-d310-bs60-f1.000-r00:061718.240: (5737 sec)
exp007-n2048-k11-d310-bs60-f1.000-r00:061718.240: Loop 9/100
exp007-n2048-k11-d310-bs60-f1.000-r00:067349.408: log(exp-norms): [2047.94, 2050.29, 2054.34]
exp007-n2048-k11-d310-bs60-f1.000-r00:067349.409: log(norms):     [2047.94, 2051.09, 2058.27, 2058.36, 2058.35, 2058.35, 2058.39, 2058.44, 2058.44, 2058.38]
exp007-n2048-k11-d310-bs60-f1.000-r00:067349.463: (5632 sec)
exp007-n2048-k11-d310-bs60-f1.000-r00:067349.464: Loop 10/100
exp007-n2048-k11-d310-bs60-f1.000-r00:072987.149: log(exp-norms): [2047.94, 2050.29, 2054.34]
exp007-n2048-k11-d310-bs60-f1.000-r00:072987.150: log(norms):     [2047.94, 2051.09, 2058.17, 2058.22, 2058.19, 2058.22, 2058.24, 2058.18, 2058.09, 2058.32]
exp007-n2048-k11-d310-bs60-f1.000-r00:072987.208: (5638 sec)
exp007-n2048-k11-d310-bs60-f1.000-r00:072987.208: Loop 11/100
exp007-n2048-k11-d310-bs60-f1.000-r00:078781.007: log(exp-norms): [2047.94, 2050.29, 2054.34]
exp007-n2048-k11-d310-bs60-f1.000-r00:078781.008: log(norms):     [2047.94, 2051.09, 2058.07, 2058.11, 2058.1, 2058.08, 2058.07, 2058.05, 2058.16, 2058.08]
exp007-n2048-k11-d310-bs60-f1.000-r00:078781.062: (5794 sec)
exp007-n2048-k11-d310-bs60-f1.000-r00:078781.063: Loop 12/100
exp007-n2048-k11-d310-bs60-f1.000-r00:084591.830: log(exp-norms): [2047.94, 2050.29, 2054.34]
exp007-n2048-k11-d310-bs60-f1.000-r00:084591.832: log(norms):     [2047.94, 2051.09, 2057.88, 2057.91, 2057.93, 2058.12, 2058.0, 2058.1, 2058.15, 2058.2]
exp007-n2048-k11-d310-bs60-f1.000-r00:084591.887: (5811 sec)
exp007-n2048-k11-d310-bs60-f1.000-r00:084591.888: Loop 13/100
exp007-n2048-k11-d310-bs60-f1.000-r00:090102.917: log(exp-norms): [2047.94, 2050.29, 2054.34]
exp007-n2048-k11-d310-bs60-f1.000-r00:090102.918: log(norms):     [2047.94, 2051.09, 2057.79, 2057.91, 2057.98, 2057.9, 2057.94, 2058.07, 2058.1, 2058.11]
exp007-n2048-k11-d310-bs60-f1.000-r00:090102.974: (5512 sec)
exp007-n2048-k11-d310-bs60-f1.000-r00:090102.974: Loop 14/100
exp007-n2048-k11-d310-bs60-f1.000-r00:095641.689: log(exp-norms): [2047.94, 2050.29, 2054.34]
exp007-n2048-k11-d310-bs60-f1.000-r00:095641.690: log(norms):     [2047.94, 2051.09, 2057.76, 2057.79, 2057.91, 2057.95, 2057.85, 2058.05, 2057.9, 2057.94]
exp007-n2048-k11-d310-bs60-f1.000-r00:095641.742: (5539 sec)
exp007-n2048-k11-d310-bs60-f1.000-r00:095641.743: Loop 15/100
exp007-n2048-k11-d310-bs60-f1.000-r00:101121.362: log(exp-norms): [2047.94, 2050.29, 2054.34]
exp007-n2048-k11-d310-bs60-f1.000-r00:101121.363: log(norms):     [2047.94, 2051.09, 2057.71, 2057.73, 2057.7, 2057.72, 2057.81, 2057.94, 2057.84, 2057.93]
exp007-n2048-k11-d310-bs60-f1.000-r00:101121.418: (5480 sec)
exp007-n2048-k11-d310-bs60-f1.000-r00:101121.418: Loop 16/100
exp007-n2048-k11-d310-bs60-f1.000-r00:106589.113: log(exp-norms): [2047.94, 2050.29, 2054.34]
exp007-n2048-k11-d310-bs60-f1.000-r00:106589.114: log(norms):     [2047.94, 2051.09, 2057.7, 2057.71, 2057.75, 2057.85, 2057.72, 2057.96, 2057.78, 2057.74]
exp007-n2048-k11-d310-bs60-f1.000-r00:106589.168: (5468 sec)
exp007-n2048-k11-d310-bs60-f1.000-r00:106589.168: Loop 17/100
exp007-n2048-k11-d310-bs60-f1.000-r00:112185.790: log(exp-norms): [2047.94, 2050.29, 2054.34]
exp007-n2048-k11-d310-bs60-f1.000-r00:112185.791: log(norms):     [2047.94, 2051.09, 2057.62, 2057.7, 2057.73, 2057.74, 2057.75, 2057.85, 2057.8, 2057.82]
exp007-n2048-k11-d310-bs60-f1.000-r00:112185.846: (5597 sec)
exp007-n2048-k11-d310-bs60-f1.000-r00:112185.846: Loop 18/100
exp007-n2048-k11-d310-bs60-f1.000-r00:117513.948: log(exp-norms): [2047.94, 2050.29, 2054.34]
exp007-n2048-k11-d310-bs60-f1.000-r00:117513.949: log(norms):     [2047.94, 2051.09, 2057.62, 2057.7, 2057.76, 2057.74, 2057.76, 2057.73, 2057.86, 2057.86]
exp007-n2048-k11-d310-bs60-f1.000-r00:117514.003: (5329 sec)
exp007-n2048-k11-d310-bs60-f1.000-r00:117514.004: Loop 19/100
exp007-n2048-k11-d310-bs60-f1.000-r00:122562.857: log(exp-norms): [2047.94, 2050.29, 2054.34]
exp007-n2048-k11-d310-bs60-f1.000-r00:122562.859: log(norms):     [2047.94, 2051.09, 2057.57, 2057.68, 2057.57, 2057.75, 2057.87, 2057.53, 2057.64, 2057.67]
exp007-n2048-k11-d310-bs60-f1.000-r00:122562.914: (5049 sec)
exp007-n2048-k11-d310-bs60-f1.000-r00:122562.914: Loop 20/100
exp007-n2048-k11-d310-bs60-f1.000-r00:127407.239: log(exp-norms): [2047.94, 2050.29, 2054.34]
exp007-n2048-k11-d310-bs60-f1.000-r00:127407.241: log(norms):     [2047.94, 2051.09, 2057.53, 2057.63, 2057.7, 2057.6, 2057.75, 2057.68, 2057.66, 2057.66]
exp007-n2048-k11-d310-bs60-f1.000-r00:127407.296: (4845 sec)
exp007-n2048-k11-d310-bs60-f1.000-r00:127407.297: Loop 21/100
exp007-n2048-k11-d310-bs60-f1.000-r00:132289.483: log(exp-norms): [2047.94, 2050.29, 2054.34]
exp007-n2048-k11-d310-bs60-f1.000-r00:132289.484: log(norms):     [2047.94, 2051.09, 2057.53, 2057.63, 2057.7, 2057.6, 2057.75, 2057.68, 2057.59, 2057.79]
exp007-n2048-k11-d310-bs60-f1.000-r00:132289.541: (4883 sec)
exp007-n2048-k11-d310-bs60-f1.000-r00:132289.541: Loop 22/100
exp007-n2048-k11-d310-bs60-f1.000-r00:137202.139: log(exp-norms): [2047.94, 2050.29, 2054.34]
exp007-n2048-k11-d310-bs60-f1.000-r00:137202.141: log(norms):     [2047.94, 2051.09, 2057.51, 2057.53, 2057.71, 2057.65, 2057.71, 2057.65, 2057.67, 2057.82]
exp007-n2048-k11-d310-bs60-f1.000-r00:137202.208: (4913 sec)
exp007-n2048-k11-d310-bs60-f1.000-r00:137202.209: Loop 23/100
exp007-n2048-k11-d310-bs60-f1.000-r00:142284.594: log(exp-norms): [2047.94, 2050.29, 2054.34]
exp007-n2048-k11-d310-bs60-f1.000-r00:142284.595: log(norms):     [2047.94, 2051.09, 2057.51, 2057.53, 2057.53, 2057.66, 2057.69, 2057.72, 2057.47, 2057.64]
exp007-n2048-k11-d310-bs60-f1.000-r00:142284.631: (5083 sec)
exp007-n2048-k11-d310-bs60-f1.000-r00:142284.631: Loop 24/100
exp007-n2048-k11-d310-bs60-f1.000-r00:147235.853: log(exp-norms): [2047.94, 2050.29, 2054.34]
exp007-n2048-k11-d310-bs60-f1.000-r00:147235.854: log(norms):     [2047.94, 2051.09, 2057.47, 2057.51, 2057.62, 2057.53, 2057.53, 2057.62, 2057.44, 2057.79]
exp007-n2048-k11-d310-bs60-f1.000-r00:147235.916: (4952 sec)
exp007-n2048-k11-d310-bs60-f1.000-r00:147235.916: Loop 25/100
exp007-n2048-k11-d310-bs60-f1.000-r00:152056.263: log(exp-norms): [2047.94, 2050.29, 2054.34]
exp007-n2048-k11-d310-bs60-f1.000-r00:152056.265: log(norms):     [2047.94, 2051.09, 2057.44, 2057.47, 2057.62, 2057.6, 2057.72, 2057.65, 2057.59, 2057.63]
exp007-n2048-k11-d310-bs60-f1.000-r00:152056.320: (4821 sec)
exp007-n2048-k11-d310-bs60-f1.000-r00:152056.321: Loop 26/100
exp007-n2048-k11-d310-bs60-f1.000-r00:156996.264: log(exp-norms): [2047.94, 2050.29, 2054.34]
exp007-n2048-k11-d310-bs60-f1.000-r00:156996.265: log(norms):     [2047.94, 2051.09, 2057.44, 2057.48, 2057.47, 2057.59, 2057.63, 2057.62, 2057.76, 2057.57]
exp007-n2048-k11-d310-bs60-f1.000-r00:156996.321: (4940 sec)
exp007-n2048-k11-d310-bs60-f1.000-r00:156996.321: Loop 27/100
exp007-n2048-k11-d310-bs60-f1.000-r00:161876.745: log(exp-norms): [2047.94, 2050.29, 2054.34]
exp007-n2048-k11-d310-bs60-f1.000-r00:161876.746: log(norms):     [2047.94, 2051.09, 2057.44, 2057.49, 2057.6, 2057.53, 2057.73, 2057.59, 2057.54, 2057.62]
exp007-n2048-k11-d310-bs60-f1.000-r00:161876.802: (4881 sec)
exp007-n2048-k11-d310-bs60-f1.000-r00:161876.802: ==========================Summary===========================
exp007-n2048-k11-d310-bs60-f1.000-r00:161876.803: Total time: 161877sec
exp007-n2048-k11-d310-bs60-f1.000-r00:161876.803: SUCCESS
exp007-n2048-k11-d310-bs60-f1.000-r00:161876.803: HNP solution: 23237742589392345210154517575480582284594997949271932716675920138541964626231912928180965643418105249355876134926908209187736583031086769542662985386563119886154840449903476332729455692097847885628175875189003754077163253735753508070693864114240504244173560764720554543867483460766954415602896545301918410576130137962713413285667160375101043191033367290372361673182067652319561910232725122841905903378507906843559246554636733897605567101413452086366598301165905390620604681768560706038895162890362816593626342717536166595861800301293074449061062803728943993162018482566376554441857157838525442899767047343574658824450
exp007-n2048-k11-d310-bs60-f1.000-r00:161876.803: Shared secret: 23237742589392345210154517575480582284594997949271932716675920138541964626231912928180965643418105249355876134926908209187736583031086769542662985386563119886154840449903476332729455692097847885628175875189003754077163253735753508070693864114240504244173560764720554543867483460766954415602896545301918410576130137962713413285667160375101043191033367290372361673182067652319561910232725122841905903378507906843559246554636733897605567101413452086366598301165905390620604681768560706038895162890362816593626342717536166595861800301293074449061062803728943993162018482566376554441857157838525442899767047343574658824450
exp007-n2048-k11-d310-bs60-f1.000-r00:161876.803: SUMMARY:n:2048:k:11:d:310:bs:60:t:161877:r:True
