exp037-n2048-k10-d290-bs70-f1.000-r00:000000.315: ==========================Instance==========================
exp037-n2048-k10-d290-bs70-f1.000-r00:000000.315: # of equations: 290
exp037-n2048-k10-d290-bs70-f1.000-r00:000000.320: Gap: 6.08
exp037-n2048-k10-d290-bs70-f1.000-r00:000000.346: Tau: 8.93
exp037-n2048-k10-d290-bs70-f1.000-r00:000000.347: ======================BKZ-70 reduction======================
exp037-n2048-k10-d290-bs70-f1.000-r00:000012.076: Expectedly achievable log(norm): 2055.34
exp037-n2048-k10-d290-bs70-f1.000-r00:000024.045: log(exp-norms): [2047.94, 2050.25, 2052.85]
exp037-n2048-k10-d290-bs70-f1.000-r00:000024.045: log(norms):     [2061.22, 2051.04, 2057.89, 2057.89, 2057.89, 2057.89, 2057.89, 2057.89, 2057.89, 2057.89]
exp037-n2048-k10-d290-bs70-f1.000-r00:000024.146: Loop 1/100
exp037-n2048-k10-d290-bs70-f1.000-r00:072695.847: log(exp-norms): [2047.94, 2050.25, 2052.85]
exp037-n2048-k10-d290-bs70-f1.000-r00:072695.849: log(norms):     [2051.04, 2057.89, 2057.89, 2057.89, 2057.89, 2057.89, 2057.89, 2057.89, 2057.89, 2057.89]
exp037-n2048-k10-d290-bs70-f1.000-r00:072695.901: (72672 sec)
exp037-n2048-k10-d290-bs70-f1.000-r00:072695.901: Loop 2/100
exp037-n2048-k10-d290-bs70-f1.000-r00:134204.276: log(exp-norms): [2047.94, 2050.25, 2052.85]
exp037-n2048-k10-d290-bs70-f1.000-r00:134204.278: log(norms):     [2051.04, 2057.89, 2057.89, 2058.01, 2057.89, 2058.1, 2057.95, 2058.07, 2058.02, 2057.95]
exp037-n2048-k10-d290-bs70-f1.000-r00:134204.330: (61509 sec)
exp037-n2048-k10-d290-bs70-f1.000-r00:134204.331: Loop 3/100
exp037-n2048-k10-d290-bs70-f1.000-r00:194548.342: log(exp-norms): [2047.94, 2050.25, 2052.85]
exp037-n2048-k10-d290-bs70-f1.000-r00:194548.345: log(norms):     [2051.04, 2057.49, 2057.58, 2057.6, 2057.48, 2057.71, 2057.54, 2057.63, 2057.58, 2057.61]
exp037-n2048-k10-d290-bs70-f1.000-r00:194548.397: (60345 sec)
exp037-n2048-k10-d290-bs70-f1.000-r00:194548.398: Loop 4/100
exp037-n2048-k10-d290-bs70-f1.000-r00:253320.254: log(exp-norms): [2047.94, 2050.25, 2052.85]
exp037-n2048-k10-d290-bs70-f1.000-r00:253320.256: log(norms):     [2047.94, 2051.04, 2056.95, 2057.03, 2057.04, 2057.2, 2057.07, 2057.16, 2057.05, 2057.32]
exp037-n2048-k10-d290-bs70-f1.000-r00:253320.308: (58772 sec)
exp037-n2048-k10-d290-bs70-f1.000-r00:253320.309: Loop 5/100
exp037-n2048-k10-d290-bs70-f1.000-r00:311185.632: log(exp-norms): [2047.94, 2050.25, 2052.85]
exp037-n2048-k10-d290-bs70-f1.000-r00:311185.634: log(norms):     [2047.94, 2051.04, 2056.61, 2056.71, 2056.63, 2056.71, 2056.65, 2056.81, 2056.66, 2056.77]
exp037-n2048-k10-d290-bs70-f1.000-r00:311185.685: (57866 sec)
exp037-n2048-k10-d290-bs70-f1.000-r00:311185.686: Loop 6/100
exp037-n2048-k10-d290-bs70-f1.000-r00:364775.492: log(exp-norms): [2047.94, 2050.25, 2052.85]
exp037-n2048-k10-d290-bs70-f1.000-r00:364775.494: log(norms):     [2047.94, 2051.04, 2056.32, 2056.46, 2056.42, 2056.34, 2056.34, 2056.37, 2056.59, 2056.55]
exp037-n2048-k10-d290-bs70-f1.000-r00:364775.545: (53590 sec)
exp037-n2048-k10-d290-bs70-f1.000-r00:364775.546: Loop 7/100
exp037-n2048-k10-d290-bs70-f1.000-r00:415538.720: log(exp-norms): [2047.94, 2050.25, 2052.85]
exp037-n2048-k10-d290-bs70-f1.000-r00:415538.722: log(norms):     [2047.94, 2051.04, 2056.07, 2056.19, 2056.12, 2056.22, 2056.24, 2056.13, 2056.29, 2056.09]
exp037-n2048-k10-d290-bs70-f1.000-r00:415538.772: (50764 sec)
exp037-n2048-k10-d290-bs70-f1.000-r00:415538.773: Loop 8/100
exp037-n2048-k10-d290-bs70-f1.000-r00:464462.331: log(exp-norms): [2047.94, 2050.25, 2052.85]
exp037-n2048-k10-d290-bs70-f1.000-r00:464462.332: log(norms):     [2047.94, 2051.04, 2055.79, 2055.85, 2056.01, 2055.94, 2055.99, 2056.11, 2056.09, 2055.96]
exp037-n2048-k10-d290-bs70-f1.000-r00:464462.364: (48924 sec)
exp037-n2048-k10-d290-bs70-f1.000-r00:464462.364: Loop 9/100
exp037-n2048-k10-d290-bs70-f1.000-r00:510291.532: log(exp-norms): [2047.94, 2050.25, 2052.85]
exp037-n2048-k10-d290-bs70-f1.000-r00:510291.534: log(norms):     [2047.94, 2051.04, 2055.79, 2055.83, 2055.78, 2055.88, 2055.89, 2055.95, 2056.1, 2055.96]
exp037-n2048-k10-d290-bs70-f1.000-r00:510291.584: (45830 sec)
exp037-n2048-k10-d290-bs70-f1.000-r00:510291.585: Loop 10/100
exp037-n2048-k10-d290-bs70-f1.000-r00:553356.657: log(exp-norms): [2047.94, 2050.25, 2052.85]
exp037-n2048-k10-d290-bs70-f1.000-r00:553356.659: log(norms):     [2047.94, 2051.04, 2055.66, 2055.67, 2055.68, 2055.8, 2055.71, 2055.78, 2055.72, 2055.93]
exp037-n2048-k10-d290-bs70-f1.000-r00:553356.708: (43066 sec)
exp037-n2048-k10-d290-bs70-f1.000-r00:553356.708: Loop 11/100
exp037-n2048-k10-d290-bs70-f1.000-r00:587689.691: log(exp-norms): [2047.94, 2050.25, 2052.85]
exp037-n2048-k10-d290-bs70-f1.000-r00:587689.692: log(norms):     [2047.94, 2051.04, 2055.55, 2055.62, 2055.64, 2055.6, 2055.88, 2055.83, 2055.65, 2055.81]
exp037-n2048-k10-d290-bs70-f1.000-r00:587689.722: (34334 sec)
exp037-n2048-k10-d290-bs70-f1.000-r00:587689.723: Loop 12/100
exp037-n2048-k10-d290-bs70-f1.000-r00:624533.680: log(exp-norms): [2047.94, 2050.25, 2052.85]
exp037-n2048-k10-d290-bs70-f1.000-r00:624533.681: log(norms):     [2047.94, 2051.04, 2055.55, 2055.63, 2055.76, 2055.63, 2055.82, 2055.72, 2055.73, 2055.78]
exp037-n2048-k10-d290-bs70-f1.000-r00:624533.730: (36845 sec)
exp037-n2048-k10-d290-bs70-f1.000-r00:624533.731: Loop 13/100
exp037-n2048-k10-d290-bs70-f1.000-r00:658743.999: log(exp-norms): [2047.94, 2050.25, 2052.85]
exp037-n2048-k10-d290-bs70-f1.000-r00:658744.000: log(norms):     [2047.94, 2051.04, 2055.55, 2055.56, 2055.59, 2055.59, 2055.64, 2055.68, 2055.66, 2055.64]
exp037-n2048-k10-d290-bs70-f1.000-r00:658744.030: (34211 sec)
exp037-n2048-k10-d290-bs70-f1.000-r00:658744.031: Loop 14/100
exp037-n2048-k10-d290-bs70-f1.000-r00:691629.161: log(exp-norms): [2047.94, 2050.25, 2052.85]
exp037-n2048-k10-d290-bs70-f1.000-r00:691629.162: log(norms):     [2047.94, 2051.04, 2055.48, 2055.48, 2055.67, 2055.61, 2055.69, 2055.66, 2055.61, 2055.64]
exp037-n2048-k10-d290-bs70-f1.000-r00:691629.192: (32886 sec)
exp037-n2048-k10-d290-bs70-f1.000-r00:691629.192: Loop 15/100
exp037-n2048-k10-d290-bs70-f1.000-r00:723264.639: log(exp-norms): [2047.94, 2050.25, 2052.85]
exp037-n2048-k10-d290-bs70-f1.000-r00:723264.640: log(norms):     [2047.94, 2051.04, 2055.48, 2055.48, 2055.63, 2055.51, 2055.57, 2055.71, 2055.83, 2055.6]
exp037-n2048-k10-d290-bs70-f1.000-r00:723264.669: (31636 sec)
exp037-n2048-k10-d290-bs70-f1.000-r00:723264.670: Loop 16/100
exp037-n2048-k10-d290-bs70-f1.000-r00:756799.244: log(exp-norms): [2047.94, 2050.25, 2052.85]
exp037-n2048-k10-d290-bs70-f1.000-r00:756799.245: log(norms):     [2047.94, 2051.04, 2055.38, 2055.43, 2055.47, 2055.48, 2055.55, 2055.52, 2055.59, 2055.72]
exp037-n2048-k10-d290-bs70-f1.000-r00:756799.278: (33535 sec)
exp037-n2048-k10-d290-bs70-f1.000-r00:756799.278: Loop 17/100
exp037-n2048-k10-d290-bs70-f1.000-r00:789265.431: log(exp-norms): [2047.94, 2050.25, 2052.85]
exp037-n2048-k10-d290-bs70-f1.000-r00:789265.432: log(norms):     [2047.94, 2051.04, 2055.3, 2055.38, 2055.43, 2055.46, 2055.7, 2055.51, 2055.6, 2055.54]
exp037-n2048-k10-d290-bs70-f1.000-r00:789265.461: (32467 sec)
exp037-n2048-k10-d290-bs70-f1.000-r00:789265.462: Loop 18/100
exp037-n2048-k10-d290-bs70-f1.000-r00:821928.157: log(exp-norms): [2047.94, 2050.25, 2052.85]
exp037-n2048-k10-d290-bs70-f1.000-r00:821928.158: log(norms):     [2047.94, 2051.04, 2055.3, 2055.38, 2055.49, 2055.48, 2055.46, 2055.68, 2055.46, 2055.61]
exp037-n2048-k10-d290-bs70-f1.000-r00:821928.188: (32663 sec)
exp037-n2048-k10-d290-bs70-f1.000-r00:821928.188: Loop 19/100
exp037-n2048-k10-d290-bs70-f1.000-r00:853585.779: log(exp-norms): [2047.94, 2050.25, 2052.85]
exp037-n2048-k10-d290-bs70-f1.000-r00:853585.780: log(norms):     [2047.94, 2051.04, 2055.3, 2055.33, 2055.38, 2055.49, 2055.48, 2055.39, 2055.51, 2055.47]
exp037-n2048-k10-d290-bs70-f1.000-r00:853585.810: (31658 sec)
exp037-n2048-k10-d290-bs70-f1.000-r00:853585.810: Loop 20/100
exp037-n2048-k10-d290-bs70-f1.000-r00:887159.607: log(exp-norms): [2047.94, 2050.25, 2052.85]
exp037-n2048-k10-d290-bs70-f1.000-r00:887159.608: log(norms):     [2047.94, 2051.04, 2055.3, 2055.33, 2055.38, 2055.51, 2055.39, 2055.51, 2055.5, 2055.62]
exp037-n2048-k10-d290-bs70-f1.000-r00:887159.638: (33574 sec)
exp037-n2048-k10-d290-bs70-f1.000-r00:887159.639: Loop 21/100
exp037-n2048-k10-d290-bs70-f1.000-r00:918286.556: log(exp-norms): [2047.94, 2050.25, 2052.85]
exp037-n2048-k10-d290-bs70-f1.000-r00:918286.557: log(norms):     [2047.94, 2051.04, 2055.3, 2055.33, 2055.38, 2055.51, 2055.39, 2055.51, 2055.46, 2055.59]
exp037-n2048-k10-d290-bs70-f1.000-r00:918286.587: (31127 sec)
exp037-n2048-k10-d290-bs70-f1.000-r00:918286.588: Loop 22/100
exp037-n2048-k10-d290-bs70-f1.000-r00:949801.320: log(exp-norms): [2047.94, 2050.25, 2052.85]
exp037-n2048-k10-d290-bs70-f1.000-r00:949801.321: log(norms):     [2047.94, 2051.04, 2055.3, 2055.33, 2055.38, 2055.42, 2055.51, 2055.54, 2055.67, 2055.44]
exp037-n2048-k10-d290-bs70-f1.000-r00:949801.351: (31515 sec)
exp037-n2048-k10-d290-bs70-f1.000-r00:949801.351: Loop 23/100
exp037-n2048-k10-d290-bs70-f1.000-r00:981813.675: log(exp-norms): [2047.94, 2050.25, 2052.85]
exp037-n2048-k10-d290-bs70-f1.000-r00:981813.676: log(norms):     [2047.94, 2051.04, 2055.3, 2055.33, 2055.38, 2055.42, 2055.44, 2055.51, 2055.4, 2055.51]
exp037-n2048-k10-d290-bs70-f1.000-r00:981813.705: (32013 sec)
exp037-n2048-k10-d290-bs70-f1.000-r00:981813.706: Loop 24/100
exp037-n2048-k10-d290-bs70-f1.000-r00:1014835.099: log(exp-norms): [2047.94, 2050.25, 2052.85]
exp037-n2048-k10-d290-bs70-f1.000-r00:1014835.100: log(norms):     [2047.94, 2051.04, 2055.3, 2055.33, 2055.32, 2055.54, 2055.4, 2055.42, 2055.38, 2055.52]
exp037-n2048-k10-d290-bs70-f1.000-r00:1014835.130: (33022 sec)
exp037-n2048-k10-d290-bs70-f1.000-r00:1014835.130: Loop 25/100
exp037-n2048-k10-d290-bs70-f1.000-r00:1049543.285: log(exp-norms): [2047.94, 2050.25, 2052.85]
exp037-n2048-k10-d290-bs70-f1.000-r00:1049543.286: log(norms):     [2047.94, 2051.04, 2055.3, 2055.33, 2055.32, 2055.54, 2055.4, 2055.4, 2055.56, 2055.7]
exp037-n2048-k10-d290-bs70-f1.000-r00:1049543.316: (34709 sec)
exp037-n2048-k10-d290-bs70-f1.000-r00:1049543.316: Loop 26/100
exp037-n2048-k10-d290-bs70-f1.000-r00:1080676.906: log(exp-norms): [2047.94, 2050.25, 2052.85]
exp037-n2048-k10-d290-bs70-f1.000-r00:1080676.907: log(norms):     [2047.94, 2051.04, 2055.3, 2055.33, 2055.32, 2055.54, 2055.4, 2055.4, 2055.47, 2055.5]
exp037-n2048-k10-d290-bs70-f1.000-r00:1080676.936: (31134 sec)
exp037-n2048-k10-d290-bs70-f1.000-r00:1080676.937: Loop 27/100
exp037-n2048-k10-d290-bs70-f1.000-r00:1112013.573: log(exp-norms): [2047.94, 2050.25, 2052.85]
exp037-n2048-k10-d290-bs70-f1.000-r00:1112013.574: log(norms):     [2047.94, 2051.04, 2055.3, 2055.33, 2055.32, 2055.54, 2055.4, 2055.4, 2055.54, 2055.6]
exp037-n2048-k10-d290-bs70-f1.000-r00:1112013.623: (31337 sec)
exp037-n2048-k10-d290-bs70-f1.000-r00:1112013.623: Loop 28/100
exp037-n2048-k10-d290-bs70-f1.000-r00:1144960.304: log(exp-norms): [2047.94, 2050.25, 2052.85]
exp037-n2048-k10-d290-bs70-f1.000-r00:1144960.305: log(norms):     [2047.94, 2051.04, 2055.3, 2055.33, 2055.45, 2055.32, 2055.42, 2055.52, 2055.46, 2055.59]
exp037-n2048-k10-d290-bs70-f1.000-r00:1144960.334: (32947 sec)
exp037-n2048-k10-d290-bs70-f1.000-r00:1144960.335: Loop 29/100
exp037-n2048-k10-d290-bs70-f1.000-r00:1176401.268: log(exp-norms): [2047.94, 2050.25, 2052.85]
exp037-n2048-k10-d290-bs70-f1.000-r00:1176401.269: log(norms):     [2047.94, 2051.04, 2055.3, 2055.33, 2055.45, 2055.32, 2055.42, 2055.52, 2055.46, 2055.59]
exp037-n2048-k10-d290-bs70-f1.000-r00:1176401.299: (31441 sec)
exp037-n2048-k10-d290-bs70-f1.000-r00:1176401.299: Loop 30/100
exp037-n2048-k10-d290-bs70-f1.000-r00:1209589.185: log(exp-norms): [2047.94, 2050.25, 2052.85]
exp037-n2048-k10-d290-bs70-f1.000-r00:1209589.185: log(norms):     [2047.94, 2051.04, 2055.3, 2055.33, 2055.45, 2055.36, 2055.32, 2055.52, 2055.42, 2055.42]
exp037-n2048-k10-d290-bs70-f1.000-r00:1209589.215: (33188 sec)
exp037-n2048-k10-d290-bs70-f1.000-r00:1209589.215: Loop 31/100
exp037-n2048-k10-d290-bs70-f1.000-r00:1244122.820: log(exp-norms): [2047.94, 2050.25, 2052.85]
exp037-n2048-k10-d290-bs70-f1.000-r00:1244122.821: log(norms):     [2047.94, 2051.04, 2055.3, 2055.33, 2055.45, 2055.36, 2055.32, 2055.52, 2055.42, 2055.42]
exp037-n2048-k10-d290-bs70-f1.000-r00:1244122.869: (34534 sec)
exp037-n2048-k10-d290-bs70-f1.000-r00:1244122.869: Loop 32/100
exp037-n2048-k10-d290-bs70-f1.000-r00:1280706.667: log(exp-norms): [2047.94, 2050.25, 2052.85]
exp037-n2048-k10-d290-bs70-f1.000-r00:1280706.668: log(norms):     [2047.94, 2051.04, 2055.3, 2055.33, 2055.45, 2055.36, 2055.32, 2055.52, 2055.53, 2055.42]
exp037-n2048-k10-d290-bs70-f1.000-r00:1280706.698: (36584 sec)
exp037-n2048-k10-d290-bs70-f1.000-r00:1280706.698: Loop 33/100
exp037-n2048-k10-d290-bs70-f1.000-r00:1312450.956: log(exp-norms): [2047.94, 2050.25, 2052.85]
exp037-n2048-k10-d290-bs70-f1.000-r00:1312450.957: log(norms):     [2047.94, 2051.04, 2055.3, 2055.33, 2055.45, 2055.36, 2055.32, 2055.52, 2055.53, 2055.42]
exp037-n2048-k10-d290-bs70-f1.000-r00:1312450.987: (31745 sec)
exp037-n2048-k10-d290-bs70-f1.000-r00:1312450.987: Loop 34/100
exp037-n2048-k10-d290-bs70-f1.000-r00:1346727.568: log(exp-norms): [2047.94, 2050.25, 2052.85]
exp037-n2048-k10-d290-bs70-f1.000-r00:1346727.569: log(norms):     [2047.94, 2051.04, 2055.3, 2055.33, 2055.45, 2055.36, 2055.34, 2055.32, 2055.52, 2055.6]
exp037-n2048-k10-d290-bs70-f1.000-r00:1346727.599: (34277 sec)
exp037-n2048-k10-d290-bs70-f1.000-r00:1346727.600: Loop 35/100
exp037-n2048-k10-d290-bs70-f1.000-r00:1378632.023: log(exp-norms): [2047.94, 2050.25, 2052.85]
exp037-n2048-k10-d290-bs70-f1.000-r00:1378632.024: log(norms):     [2047.94, 2051.04, 2055.3, 2055.33, 2055.45, 2055.36, 2055.34, 2055.32, 2055.51, 2055.61]
exp037-n2048-k10-d290-bs70-f1.000-r00:1378632.054: (31905 sec)
exp037-n2048-k10-d290-bs70-f1.000-r00:1378632.054: Loop 36/100
exp037-n2048-k10-d290-bs70-f1.000-r00:1411611.058: log(exp-norms): [2047.94, 2050.25, 2052.85]
exp037-n2048-k10-d290-bs70-f1.000-r00:1411611.059: log(norms):     [2047.94, 2051.04, 2055.3, 2055.33, 2055.45, 2055.36, 2055.34, 2055.32, 2055.51, 2055.44]
exp037-n2048-k10-d290-bs70-f1.000-r00:1411611.089: (32980 sec)
exp037-n2048-k10-d290-bs70-f1.000-r00:1411611.089: Loop 37/100
exp037-n2048-k10-d290-bs70-f1.000-r00:1442571.746: log(exp-norms): [2047.94, 2050.25, 2052.85]
exp037-n2048-k10-d290-bs70-f1.000-r00:1442571.747: log(norms):     [2047.94, 2051.04, 2055.3, 2055.33, 2055.45, 2055.36, 2055.34, 2055.32, 2055.51, 2055.44]
exp037-n2048-k10-d290-bs70-f1.000-r00:1442571.777: (30961 sec)
exp037-n2048-k10-d290-bs70-f1.000-r00:1442571.777: Loop 38/100
exp037-n2048-k10-d290-bs70-f1.000-r00:1473482.077: log(exp-norms): [2047.94, 2050.25, 2052.85]
exp037-n2048-k10-d290-bs70-f1.000-r00:1473482.078: log(norms):     [2047.94, 2051.04, 2055.3, 2055.33, 2055.45, 2055.36, 2055.34, 2055.32, 2055.51, 2055.44]
exp037-n2048-k10-d290-bs70-f1.000-r00:1473482.108: (30911 sec)
exp037-n2048-k10-d290-bs70-f1.000-r00:1473482.108: Loop 39/100
exp037-n2048-k10-d290-bs70-f1.000-r00:1504727.658: log(exp-norms): [2047.94, 2050.25, 2052.85]
exp037-n2048-k10-d290-bs70-f1.000-r00:1504727.660: log(norms):     [2047.94, 2051.04, 2055.3, 2055.33, 2055.45, 2055.36, 2055.34, 2055.32, 2055.51, 2055.44]
exp037-n2048-k10-d290-bs70-f1.000-r00:1504727.693: (31246 sec)
exp037-n2048-k10-d290-bs70-f1.000-r00:1504727.693: Loop 40/100
exp037-n2048-k10-d290-bs70-f1.000-r00:1536557.955: log(exp-norms): [2047.94, 2050.25, 2052.85]
exp037-n2048-k10-d290-bs70-f1.000-r00:1536557.956: log(norms):     [2047.94, 2051.04, 2055.3, 2055.33, 2055.45, 2055.36, 2055.34, 2055.32, 2055.51, 2055.44]
exp037-n2048-k10-d290-bs70-f1.000-r00:1536557.985: (31831 sec)
exp037-n2048-k10-d290-bs70-f1.000-r00:1536557.986: Loop 41/100
exp037-n2048-k10-d290-bs70-f1.000-r00:1567759.820: log(exp-norms): [2047.94, 2050.25, 2052.85]
exp037-n2048-k10-d290-bs70-f1.000-r00:1567759.821: log(norms):     [2047.94, 2051.04, 2055.3, 2055.33, 2055.45, 2055.36, 2055.34, 2055.32, 2055.51, 2055.44]
exp037-n2048-k10-d290-bs70-f1.000-r00:1567759.850: (31202 sec)
exp037-n2048-k10-d290-bs70-f1.000-r00:1567759.850: Loop 42/100
exp037-n2048-k10-d290-bs70-f1.000-r00:1598678.908: log(exp-norms): [2047.94, 2050.25, 2052.85]
exp037-n2048-k10-d290-bs70-f1.000-r00:1598678.909: log(norms):     [2047.94, 2051.04, 2055.3, 2055.33, 2055.45, 2055.36, 2055.34, 2055.32, 2055.51, 2055.44]
exp037-n2048-k10-d290-bs70-f1.000-r00:1598678.939: (30920 sec)
exp037-n2048-k10-d290-bs70-f1.000-r00:1598678.939: Loop 43/100
exp037-n2048-k10-d290-bs70-f1.000-r00:1630804.724: log(exp-norms): [2047.94, 2050.25, 2052.85]
exp037-n2048-k10-d290-bs70-f1.000-r00:1630804.725: log(norms):     [2047.94, 2051.04, 2055.3, 2055.38, 2055.33, 2055.45, 2055.36, 2055.34, 2055.44, 2055.32]
exp037-n2048-k10-d290-bs70-f1.000-r00:1630804.756: (32126 sec)
exp037-n2048-k10-d290-bs70-f1.000-r00:1630804.756: Loop 44/100
