exp018-n2048-k09-d290-bs60-f1.000-r00:000000.270: ==========================Instance==========================
exp018-n2048-k09-d290-bs60-f1.000-r00:000000.270: # of equations: 290
exp018-n2048-k09-d290-bs60-f1.000-r00:000000.275: Gap: 3.05
exp018-n2048-k09-d290-bs60-f1.000-r00:000000.285: Tau: 2.25
exp018-n2048-k09-d290-bs60-f1.000-r00:000000.286: ======================BKZ-60 reduction======================
exp018-n2048-k09-d290-bs60-f1.000-r00:000010.972: Expectedly achievable log(norm): 2054.61
exp018-n2048-k09-d290-bs60-f1.000-r00:000021.499: log(exp-norms): [2047.94, 2050.25, 2051.86]
exp018-n2048-k09-d290-bs60-f1.000-r00:000021.500: log(norms):     [2060.25, 2051.04, 2056.89, 2056.89, 2056.89, 2056.89, 2056.89, 2056.89, 2056.89, 2056.89]
exp018-n2048-k09-d290-bs60-f1.000-r00:000021.598: Loop 1/100
exp018-n2048-k09-d290-bs60-f1.000-r00:015491.505: log(exp-norms): [2047.94, 2050.25, 2051.86]
exp018-n2048-k09-d290-bs60-f1.000-r00:015491.506: log(norms):     [2051.04, 2056.89, 2056.89, 2056.89, 2056.89, 2056.89, 2056.89, 2056.89, 2056.89, 2056.89]
exp018-n2048-k09-d290-bs60-f1.000-r00:015491.558: (15470 sec)
exp018-n2048-k09-d290-bs60-f1.000-r00:015491.558: Loop 2/100
exp018-n2048-k09-d290-bs60-f1.000-r00:020872.159: log(exp-norms): [2047.94, 2050.25, 2051.86]
exp018-n2048-k09-d290-bs60-f1.000-r00:020872.159: log(norms):     [2051.04, 2056.89, 2056.89, 2056.89, 2056.89, 2056.89, 2056.89, 2056.89, 2056.89, 2057.25]
exp018-n2048-k09-d290-bs60-f1.000-r00:020872.212: (5381 sec)
exp018-n2048-k09-d290-bs60-f1.000-r00:020872.212: Loop 3/100
exp018-n2048-k09-d290-bs60-f1.000-r00:026076.042: log(exp-norms): [2047.94, 2050.25, 2051.86]
exp018-n2048-k09-d290-bs60-f1.000-r00:026076.043: log(norms):     [2051.04, 2056.89, 2056.94, 2056.89, 2056.94, 2056.89, 2056.96, 2057.07, 2056.98, 2057.08]
exp018-n2048-k09-d290-bs60-f1.000-r00:026076.111: (5204 sec)
exp018-n2048-k09-d290-bs60-f1.000-r00:026076.112: Loop 4/100
exp018-n2048-k09-d290-bs60-f1.000-r00:031079.362: log(exp-norms): [2047.94, 2050.25, 2051.86]
exp018-n2048-k09-d290-bs60-f1.000-r00:031079.363: log(norms):     [2051.04, 2056.38, 2056.61, 2056.63, 2056.7, 2056.76, 2056.63, 2056.66, 2056.8, 2056.9]
exp018-n2048-k09-d290-bs60-f1.000-r00:031079.415: (5004 sec)
exp018-n2048-k09-d290-bs60-f1.000-r00:031079.416: Loop 5/100
exp018-n2048-k09-d290-bs60-f1.000-r00:035916.624: log(exp-norms): [2047.94, 2050.25, 2051.86]
exp018-n2048-k09-d290-bs60-f1.000-r00:035916.625: log(norms):     [2051.04, 2056.22, 2056.22, 2056.29, 2056.54, 2056.47, 2056.25, 2056.47, 2056.28, 2056.22]
exp018-n2048-k09-d290-bs60-f1.000-r00:035916.676: (4838 sec)
exp018-n2048-k09-d290-bs60-f1.000-r00:035916.677: Loop 6/100
exp018-n2048-k09-d290-bs60-f1.000-r00:040731.925: log(exp-norms): [2047.94, 2050.25, 2051.86]
exp018-n2048-k09-d290-bs60-f1.000-r00:040731.926: log(norms):     [2051.04, 2055.95, 2056.03, 2056.1, 2056.1, 2056.21, 2056.26, 2056.18, 2056.15, 2056.17]
exp018-n2048-k09-d290-bs60-f1.000-r00:040731.977: (4816 sec)
exp018-n2048-k09-d290-bs60-f1.000-r00:040731.978: Loop 7/100
exp018-n2048-k09-d290-bs60-f1.000-r00:045472.663: log(exp-norms): [2047.94, 2050.25, 2051.86]
exp018-n2048-k09-d290-bs60-f1.000-r00:045472.664: log(norms):     [2051.04, 2055.77, 2055.78, 2055.88, 2055.81, 2055.86, 2056.08, 2055.93, 2055.84, 2056.05]
exp018-n2048-k09-d290-bs60-f1.000-r00:045472.715: (4741 sec)
exp018-n2048-k09-d290-bs60-f1.000-r00:045472.715: Loop 8/100
exp018-n2048-k09-d290-bs60-f1.000-r00:050261.977: log(exp-norms): [2047.94, 2050.25, 2051.86]
exp018-n2048-k09-d290-bs60-f1.000-r00:050261.978: log(norms):     [2051.04, 2055.51, 2055.64, 2055.53, 2055.68, 2055.6, 2055.57, 2055.66, 2055.79, 2055.76]
exp018-n2048-k09-d290-bs60-f1.000-r00:050262.029: (4790 sec)
exp018-n2048-k09-d290-bs60-f1.000-r00:050262.030: Loop 9/100
exp018-n2048-k09-d290-bs60-f1.000-r00:054893.550: log(exp-norms): [2047.94, 2050.25, 2051.86]
exp018-n2048-k09-d290-bs60-f1.000-r00:054893.552: log(norms):     [2051.04, 2055.41, 2055.43, 2055.44, 2055.57, 2055.5, 2055.5, 2055.57, 2055.66, 2055.37]
exp018-n2048-k09-d290-bs60-f1.000-r00:054893.604: (4632 sec)
exp018-n2048-k09-d290-bs60-f1.000-r00:054893.605: Loop 10/100
exp018-n2048-k09-d290-bs60-f1.000-r00:059597.404: log(exp-norms): [2047.94, 2050.25, 2051.86]
exp018-n2048-k09-d290-bs60-f1.000-r00:059597.405: log(norms):     [2051.04, 2055.25, 2055.26, 2055.41, 2055.29, 2055.49, 2055.28, 2055.21, 2055.54, 2055.47]
exp018-n2048-k09-d290-bs60-f1.000-r00:059597.456: (4704 sec)
exp018-n2048-k09-d290-bs60-f1.000-r00:059597.456: Loop 11/100
exp018-n2048-k09-d290-bs60-f1.000-r00:064207.948: log(exp-norms): [2047.94, 2050.25, 2051.86]
exp018-n2048-k09-d290-bs60-f1.000-r00:064207.949: log(norms):     [2051.04, 2055.12, 2055.14, 2055.17, 2055.25, 2055.4, 2055.16, 2055.45, 2055.27, 2055.2]
exp018-n2048-k09-d290-bs60-f1.000-r00:064208.000: (4611 sec)
exp018-n2048-k09-d290-bs60-f1.000-r00:064208.000: Loop 12/100
exp018-n2048-k09-d290-bs60-f1.000-r00:068762.483: log(exp-norms): [2047.94, 2050.25, 2051.86]
exp018-n2048-k09-d290-bs60-f1.000-r00:068762.484: log(norms):     [2051.04, 2055.03, 2055.02, 2055.2, 2055.2, 2055.2, 2055.2, 2055.34, 2055.37, 2055.22]
exp018-n2048-k09-d290-bs60-f1.000-r00:068762.535: (4555 sec)
exp018-n2048-k09-d290-bs60-f1.000-r00:068762.536: Loop 13/100
exp018-n2048-k09-d290-bs60-f1.000-r00:073503.642: log(exp-norms): [2047.94, 2050.25, 2051.86]
exp018-n2048-k09-d290-bs60-f1.000-r00:073503.643: log(norms):     [2051.04, 2055.0, 2055.0, 2055.02, 2055.02, 2054.98, 2055.2, 2055.0, 2055.24, 2055.33]
exp018-n2048-k09-d290-bs60-f1.000-r00:073503.694: (4742 sec)
exp018-n2048-k09-d290-bs60-f1.000-r00:073503.694: Loop 14/100
exp018-n2048-k09-d290-bs60-f1.000-r00:078080.936: log(exp-norms): [2047.94, 2050.25, 2051.86]
exp018-n2048-k09-d290-bs60-f1.000-r00:078080.937: log(norms):     [2047.94, 2051.04, 2054.85, 2054.96, 2054.98, 2055.15, 2055.03, 2054.97, 2054.98, 2055.26]
exp018-n2048-k09-d290-bs60-f1.000-r00:078080.988: (4578 sec)
exp018-n2048-k09-d290-bs60-f1.000-r00:078080.988: Loop 15/100
exp018-n2048-k09-d290-bs60-f1.000-r00:082707.057: log(exp-norms): [2047.94, 2050.25, 2051.86]
exp018-n2048-k09-d290-bs60-f1.000-r00:082707.058: log(norms):     [2047.94, 2051.04, 2054.85, 2054.89, 2054.96, 2055.04, 2054.87, 2055.1, 2054.88, 2054.92]
exp018-n2048-k09-d290-bs60-f1.000-r00:082707.112: (4627 sec)
exp018-n2048-k09-d290-bs60-f1.000-r00:082707.113: Loop 16/100
exp018-n2048-k09-d290-bs60-f1.000-r00:087352.302: log(exp-norms): [2047.94, 2050.25, 2051.86]
exp018-n2048-k09-d290-bs60-f1.000-r00:087352.303: log(norms):     [2047.94, 2051.04, 2054.69, 2054.86, 2054.83, 2054.89, 2055.02, 2054.96, 2054.81, 2055.14]
exp018-n2048-k09-d290-bs60-f1.000-r00:087352.354: (4646 sec)
exp018-n2048-k09-d290-bs60-f1.000-r00:087352.355: Loop 17/100
exp018-n2048-k09-d290-bs60-f1.000-r00:091889.361: log(exp-norms): [2047.94, 2050.25, 2051.86]
exp018-n2048-k09-d290-bs60-f1.000-r00:091889.363: log(norms):     [2047.94, 2051.04, 2054.69, 2054.86, 2054.86, 2054.96, 2054.84, 2054.86, 2054.65, 2054.99]
exp018-n2048-k09-d290-bs60-f1.000-r00:091889.415: (4538 sec)
exp018-n2048-k09-d290-bs60-f1.000-r00:091889.415: Loop 18/100
exp018-n2048-k09-d290-bs60-f1.000-r00:096402.706: log(exp-norms): [2047.94, 2050.25, 2051.86]
exp018-n2048-k09-d290-bs60-f1.000-r00:096402.707: log(norms):     [2047.94, 2051.04, 2054.65, 2054.69, 2054.78, 2054.87, 2054.8, 2054.96, 2054.85, 2054.87]
exp018-n2048-k09-d290-bs60-f1.000-r00:096402.758: (4514 sec)
exp018-n2048-k09-d290-bs60-f1.000-r00:096402.758: Loop 19/100
exp018-n2048-k09-d290-bs60-f1.000-r00:100952.799: log(exp-norms): [2047.94, 2050.25, 2051.86]
exp018-n2048-k09-d290-bs60-f1.000-r00:100952.801: log(norms):     [2047.94, 2051.04, 2054.65, 2054.69, 2054.69, 2054.92, 2054.87, 2054.85, 2054.78, 2054.88]
exp018-n2048-k09-d290-bs60-f1.000-r00:100952.852: (4551 sec)
exp018-n2048-k09-d290-bs60-f1.000-r00:100952.852: Loop 20/100
exp018-n2048-k09-d290-bs60-f1.000-r00:105615.833: log(exp-norms): [2047.94, 2050.25, 2051.86]
exp018-n2048-k09-d290-bs60-f1.000-r00:105615.835: log(norms):     [2047.94, 2051.04, 2054.65, 2054.69, 2054.83, 2054.92, 2054.88, 2054.95, 2054.78, 2054.96]
exp018-n2048-k09-d290-bs60-f1.000-r00:105615.886: (4664 sec)
exp018-n2048-k09-d290-bs60-f1.000-r00:105615.887: Loop 21/100
exp018-n2048-k09-d290-bs60-f1.000-r00:110250.191: log(exp-norms): [2047.94, 2050.25, 2051.86]
exp018-n2048-k09-d290-bs60-f1.000-r00:110250.193: log(norms):     [2047.94, 2051.04, 2054.65, 2054.69, 2054.72, 2054.83, 2054.88, 2054.92, 2054.81, 2054.98]
exp018-n2048-k09-d290-bs60-f1.000-r00:110250.245: (4635 sec)
exp018-n2048-k09-d290-bs60-f1.000-r00:110250.245: Loop 22/100
exp018-n2048-k09-d290-bs60-f1.000-r00:114794.589: log(exp-norms): [2047.94, 2050.25, 2051.86]
exp018-n2048-k09-d290-bs60-f1.000-r00:114794.590: log(norms):     [2047.94, 2051.04, 2054.65, 2054.69, 2054.72, 2054.83, 2054.88, 2054.8, 2054.76, 2054.94]
exp018-n2048-k09-d290-bs60-f1.000-r00:114794.642: (4545 sec)
exp018-n2048-k09-d290-bs60-f1.000-r00:114794.643: Loop 23/100
exp018-n2048-k09-d290-bs60-f1.000-r00:119248.618: log(exp-norms): [2047.94, 2050.25, 2051.86]
exp018-n2048-k09-d290-bs60-f1.000-r00:119248.619: log(norms):     [2047.94, 2051.04, 2054.65, 2054.69, 2054.72, 2054.83, 2054.88, 2054.94, 2054.76, 2054.8]
exp018-n2048-k09-d290-bs60-f1.000-r00:119248.651: (4455 sec)
exp018-n2048-k09-d290-bs60-f1.000-r00:119248.651: Loop 24/100
exp018-n2048-k09-d290-bs60-f1.000-r00:123801.946: log(exp-norms): [2047.94, 2050.25, 2051.86]
exp018-n2048-k09-d290-bs60-f1.000-r00:123801.948: log(norms):     [2047.94, 2051.04, 2054.65, 2054.69, 2054.63, 2054.72, 2054.83, 2054.77, 2054.88, 2054.94]
exp018-n2048-k09-d290-bs60-f1.000-r00:123801.999: (4554 sec)
exp018-n2048-k09-d290-bs60-f1.000-r00:123802.000: Loop 25/100
exp018-n2048-k09-d290-bs60-f1.000-r00:128359.014: log(exp-norms): [2047.94, 2050.25, 2051.86]
exp018-n2048-k09-d290-bs60-f1.000-r00:128359.015: log(norms):     [2047.94, 2051.04, 2054.63, 2054.72, 2054.69, 2054.65, 2054.85, 2054.77, 2054.88, 2054.82]
exp018-n2048-k09-d290-bs60-f1.000-r00:128359.066: (4558 sec)
exp018-n2048-k09-d290-bs60-f1.000-r00:128359.066: Loop 26/100
exp018-n2048-k09-d290-bs60-f1.000-r00:132931.326: log(exp-norms): [2047.94, 2050.25, 2051.86]
exp018-n2048-k09-d290-bs60-f1.000-r00:132931.326: log(norms):     [2047.94, 2051.04, 2054.63, 2054.72, 2054.69, 2054.65, 2054.85, 2054.77, 2054.85, 2054.9]
exp018-n2048-k09-d290-bs60-f1.000-r00:132931.376: (4573 sec)
exp018-n2048-k09-d290-bs60-f1.000-r00:132931.377: Loop 27/100
exp018-n2048-k09-d290-bs60-f1.000-r00:137464.172: log(exp-norms): [2047.94, 2050.25, 2051.86]
exp018-n2048-k09-d290-bs60-f1.000-r00:137464.173: log(norms):     [2047.94, 2051.04, 2054.63, 2054.72, 2054.69, 2054.65, 2054.85, 2054.77, 2054.85, 2054.9]
exp018-n2048-k09-d290-bs60-f1.000-r00:137464.223: (4533 sec)
exp018-n2048-k09-d290-bs60-f1.000-r00:137464.224: Loop 28/100
exp018-n2048-k09-d290-bs60-f1.000-r00:142061.605: log(exp-norms): [2047.94, 2050.25, 2051.86]
exp018-n2048-k09-d290-bs60-f1.000-r00:142061.606: log(norms):     [2047.94, 2051.04, 2054.6, 2054.63, 2054.72, 2054.69, 2054.65, 2054.81, 2054.91, 2054.68]
exp018-n2048-k09-d290-bs60-f1.000-r00:142061.657: (4598 sec)
exp018-n2048-k09-d290-bs60-f1.000-r00:142061.657: Loop 29/100
exp018-n2048-k09-d290-bs60-f1.000-r00:146626.406: log(exp-norms): [2047.94, 2050.25, 2051.86]
exp018-n2048-k09-d290-bs60-f1.000-r00:146626.407: log(norms):     [2047.94, 2051.04, 2054.6, 2054.63, 2054.72, 2054.68, 2054.69, 2054.65, 2054.93, 2054.88]
exp018-n2048-k09-d290-bs60-f1.000-r00:146626.457: (4565 sec)
exp018-n2048-k09-d290-bs60-f1.000-r00:146626.458: Loop 30/100
exp018-n2048-k09-d290-bs60-f1.000-r00:151204.674: log(exp-norms): [2047.94, 2050.25, 2051.86]
exp018-n2048-k09-d290-bs60-f1.000-r00:151204.675: log(norms):     [2047.94, 2051.04, 2054.6, 2054.63, 2054.72, 2054.68, 2054.69, 2054.65, 2054.93, 2054.88]
exp018-n2048-k09-d290-bs60-f1.000-r00:151204.725: (4579 sec)
exp018-n2048-k09-d290-bs60-f1.000-r00:151204.726: Loop 31/100
exp018-n2048-k09-d290-bs60-f1.000-r00:155780.451: log(exp-norms): [2047.94, 2050.25, 2051.86]
exp018-n2048-k09-d290-bs60-f1.000-r00:155780.453: log(norms):     [2047.94, 2051.04, 2054.6, 2054.63, 2054.72, 2054.68, 2054.79, 2054.81, 2054.74, 2054.82]
exp018-n2048-k09-d290-bs60-f1.000-r00:155780.505: (4576 sec)
exp018-n2048-k09-d290-bs60-f1.000-r00:155780.506: Loop 32/100
exp018-n2048-k09-d290-bs60-f1.000-r00:160391.001: log(exp-norms): [2047.94, 2050.25, 2051.86]
exp018-n2048-k09-d290-bs60-f1.000-r00:160391.003: log(norms):     [2047.94, 2051.04, 2054.6, 2054.63, 2054.72, 2054.68, 2054.79, 2054.81, 2054.74, 2054.82]
exp018-n2048-k09-d290-bs60-f1.000-r00:160391.055: (4611 sec)
exp018-n2048-k09-d290-bs60-f1.000-r00:160391.056: Loop 33/100
exp018-n2048-k09-d290-bs60-f1.000-r00:164772.193: log(exp-norms): [2047.94, 2050.25, 2051.86]
exp018-n2048-k09-d290-bs60-f1.000-r00:164772.194: log(norms):     [2047.94, 2051.04, 2054.6, 2054.63, 2054.72, 2054.68, 2054.72, 2054.81, 2054.84, 2054.82]
exp018-n2048-k09-d290-bs60-f1.000-r00:164772.246: (4382 sec)
exp018-n2048-k09-d290-bs60-f1.000-r00:164772.246: Loop 34/100
exp018-n2048-k09-d290-bs60-f1.000-r00:169362.775: log(exp-norms): [2047.94, 2050.25, 2051.86]
exp018-n2048-k09-d290-bs60-f1.000-r00:169362.776: log(norms):     [2047.94, 2051.04, 2054.6, 2054.63, 2054.72, 2054.68, 2054.72, 2054.81, 2054.84, 2054.75]
exp018-n2048-k09-d290-bs60-f1.000-r00:169362.829: (4591 sec)
exp018-n2048-k09-d290-bs60-f1.000-r00:169362.829: Loop 35/100
exp018-n2048-k09-d290-bs60-f1.000-r00:173814.650: log(exp-norms): [2047.94, 2050.25, 2051.86]
exp018-n2048-k09-d290-bs60-f1.000-r00:173814.651: log(norms):     [2047.94, 2051.04, 2054.6, 2054.63, 2054.72, 2054.68, 2054.72, 2054.81, 2054.84, 2054.77]
exp018-n2048-k09-d290-bs60-f1.000-r00:173814.702: (4452 sec)
exp018-n2048-k09-d290-bs60-f1.000-r00:173814.702: Loop 36/100
exp018-n2048-k09-d290-bs60-f1.000-r00:178260.708: log(exp-norms): [2047.94, 2050.25, 2051.86]
exp018-n2048-k09-d290-bs60-f1.000-r00:178260.709: log(norms):     [2047.94, 2051.04, 2054.6, 2054.62, 2054.63, 2054.88, 2054.72, 2054.68, 2054.77, 2054.84]
exp018-n2048-k09-d290-bs60-f1.000-r00:178260.760: (4447 sec)
exp018-n2048-k09-d290-bs60-f1.000-r00:178260.761: Loop 37/100
exp018-n2048-k09-d290-bs60-f1.000-r00:182690.543: log(exp-norms): [2047.94, 2050.25, 2051.86]
exp018-n2048-k09-d290-bs60-f1.000-r00:182690.544: log(norms):     [2047.94, 2051.04, 2054.6, 2054.62, 2054.63, 2054.88, 2054.72, 2054.68, 2054.75, 2054.84]
exp018-n2048-k09-d290-bs60-f1.000-r00:182690.596: (4430 sec)
exp018-n2048-k09-d290-bs60-f1.000-r00:182690.596: Loop 38/100
exp018-n2048-k09-d290-bs60-f1.000-r00:187179.519: log(exp-norms): [2047.94, 2050.25, 2051.86]
exp018-n2048-k09-d290-bs60-f1.000-r00:187179.520: log(norms):     [2047.94, 2051.04, 2054.6, 2054.62, 2054.63, 2054.88, 2054.72, 2054.68, 2054.96, 2054.69]
exp018-n2048-k09-d290-bs60-f1.000-r00:187179.571: (4489 sec)
exp018-n2048-k09-d290-bs60-f1.000-r00:187179.572: Loop 39/100
exp018-n2048-k09-d290-bs60-f1.000-r00:191655.715: log(exp-norms): [2047.94, 2050.25, 2051.86]
exp018-n2048-k09-d290-bs60-f1.000-r00:191655.716: log(norms):     [2047.94, 2051.04, 2054.6, 2054.62, 2054.63, 2054.68, 2054.72, 2054.72, 2054.77, 2055.0]
exp018-n2048-k09-d290-bs60-f1.000-r00:191655.775: (4477 sec)
exp018-n2048-k09-d290-bs60-f1.000-r00:191655.775: Loop 40/100
exp018-n2048-k09-d290-bs60-f1.000-r00:196127.761: log(exp-norms): [2047.94, 2050.25, 2051.86]
exp018-n2048-k09-d290-bs60-f1.000-r00:196127.762: log(norms):     [2047.94, 2051.04, 2054.6, 2054.59, 2054.62, 2054.76, 2054.63, 2054.82, 2054.77, 2054.79]
exp018-n2048-k09-d290-bs60-f1.000-r00:196127.795: (4473 sec)
exp018-n2048-k09-d290-bs60-f1.000-r00:196127.796: Loop 41/100
exp018-n2048-k09-d290-bs60-f1.000-r00:200470.834: log(exp-norms): [2047.94, 2050.25, 2051.86]
exp018-n2048-k09-d290-bs60-f1.000-r00:200470.835: log(norms):     [2047.94, 2051.04, 2054.6, 2054.59, 2054.62, 2054.76, 2054.63, 2054.82, 2054.77, 2054.79]
exp018-n2048-k09-d290-bs60-f1.000-r00:200470.901: (4344 sec)
exp018-n2048-k09-d290-bs60-f1.000-r00:200470.901: Loop 42/100
exp018-n2048-k09-d290-bs60-f1.000-r00:204703.670: log(exp-norms): [2047.94, 2050.25, 2051.86]
exp018-n2048-k09-d290-bs60-f1.000-r00:204703.672: log(norms):     [2047.94, 2051.04, 2054.6, 2054.59, 2054.62, 2054.76, 2054.63, 2054.82, 2054.77, 2055.0]
exp018-n2048-k09-d290-bs60-f1.000-r00:204703.723: (4233 sec)
exp018-n2048-k09-d290-bs60-f1.000-r00:204703.723: Loop 43/100
exp018-n2048-k09-d290-bs60-f1.000-r00:208794.412: log(exp-norms): [2047.94, 2050.25, 2051.86]
exp018-n2048-k09-d290-bs60-f1.000-r00:208794.426: log(norms):     [2047.94, 2051.04, 2054.6, 2054.59, 2054.62, 2054.76, 2054.63, 2054.82, 2054.77, 2055.0]
exp018-n2048-k09-d290-bs60-f1.000-r00:208794.475: (4091 sec)
exp018-n2048-k09-d290-bs60-f1.000-r00:208794.476: Loop 44/100
exp018-n2048-k09-d290-bs60-f1.000-r00:212890.974: log(exp-norms): [2047.94, 2050.25, 2051.86]
exp018-n2048-k09-d290-bs60-f1.000-r00:212890.975: log(norms):     [2047.94, 2051.04, 2054.6, 2054.59, 2054.62, 2054.76, 2054.63, 2054.82, 2054.77, 2055.0]
exp018-n2048-k09-d290-bs60-f1.000-r00:212891.026: (4097 sec)
exp018-n2048-k09-d290-bs60-f1.000-r00:212891.026: Loop 45/100
exp018-n2048-k09-d290-bs60-f1.000-r00:216972.629: log(exp-norms): [2047.94, 2050.25, 2051.86]
exp018-n2048-k09-d290-bs60-f1.000-r00:216972.631: log(norms):     [2047.94, 2051.04, 2054.6, 2054.59, 2054.62, 2054.76, 2054.63, 2054.8, 2054.78, 2054.82]
exp018-n2048-k09-d290-bs60-f1.000-r00:216972.681: (4082 sec)
exp018-n2048-k09-d290-bs60-f1.000-r00:216972.682: Loop 46/100
exp018-n2048-k09-d290-bs60-f1.000-r00:221008.604: log(exp-norms): [2047.94, 2050.25, 2051.86]
exp018-n2048-k09-d290-bs60-f1.000-r00:221008.605: log(norms):     [2047.94, 2051.04, 2054.6, 2054.59, 2054.7, 2054.62, 2054.76, 2054.63, 2054.82, 2054.8]
exp018-n2048-k09-d290-bs60-f1.000-r00:221008.655: (4036 sec)
exp018-n2048-k09-d290-bs60-f1.000-r00:221008.656: Loop 47/100
exp018-n2048-k09-d290-bs60-f1.000-r00:225028.223: log(exp-norms): [2047.94, 2050.25, 2051.86]
exp018-n2048-k09-d290-bs60-f1.000-r00:225028.225: log(norms):     [2047.94, 2051.04, 2054.6, 2054.59, 2054.68, 2054.7, 2054.77, 2054.72, 2054.85, 2055.0]
exp018-n2048-k09-d290-bs60-f1.000-r00:225028.284: (4020 sec)
exp018-n2048-k09-d290-bs60-f1.000-r00:225028.284: Loop 48/100
exp018-n2048-k09-d290-bs60-f1.000-r00:229295.920: log(exp-norms): [2047.94, 2050.25, 2051.86]
exp018-n2048-k09-d290-bs60-f1.000-r00:229295.936: log(norms):     [2047.94, 2051.04, 2054.6, 2054.59, 2054.77, 2054.67, 2054.68, 2054.7, 2054.86, 2054.77]
exp018-n2048-k09-d290-bs60-f1.000-r00:229295.974: (4268 sec)
exp018-n2048-k09-d290-bs60-f1.000-r00:229295.974: Loop 49/100
exp018-n2048-k09-d290-bs60-f1.000-r00:233728.832: log(exp-norms): [2047.94, 2050.25, 2051.86]
exp018-n2048-k09-d290-bs60-f1.000-r00:233728.834: log(norms):     [2047.94, 2051.04, 2054.6, 2054.59, 2054.77, 2054.67, 2054.68, 2054.7, 2054.86, 2054.77]
exp018-n2048-k09-d290-bs60-f1.000-r00:233728.886: (4433 sec)
exp018-n2048-k09-d290-bs60-f1.000-r00:233728.886: Loop 50/100
exp018-n2048-k09-d290-bs60-f1.000-r00:238114.200: log(exp-norms): [2047.94, 2050.25, 2051.86]
exp018-n2048-k09-d290-bs60-f1.000-r00:238114.201: log(norms):     [2047.94, 2051.04, 2054.6, 2054.59, 2054.77, 2054.67, 2054.68, 2054.7, 2054.86, 2054.77]
exp018-n2048-k09-d290-bs60-f1.000-r00:238114.254: (4386 sec)
exp018-n2048-k09-d290-bs60-f1.000-r00:238114.254: Loop 51/100
exp018-n2048-k09-d290-bs60-f1.000-r00:242658.129: log(exp-norms): [2047.94, 2050.25, 2051.86]
exp018-n2048-k09-d290-bs60-f1.000-r00:242658.130: log(norms):     [2047.94, 2051.04, 2054.6, 2054.59, 2054.77, 2054.67, 2054.68, 2054.61, 2054.85, 2054.69]
exp018-n2048-k09-d290-bs60-f1.000-r00:242658.181: (4544 sec)
exp018-n2048-k09-d290-bs60-f1.000-r00:242658.182: Loop 52/100
exp018-n2048-k09-d290-bs60-f1.000-r00:247196.077: log(exp-norms): [2047.94, 2050.25, 2051.86]
exp018-n2048-k09-d290-bs60-f1.000-r00:247196.078: log(norms):     [2047.94, 2051.04, 2054.55, 2054.59, 2054.6, 2054.66, 2054.67, 2054.61, 2054.75, 2054.86]
exp018-n2048-k09-d290-bs60-f1.000-r00:247196.128: (4538 sec)
exp018-n2048-k09-d290-bs60-f1.000-r00:247196.129: Loop 53/100
exp018-n2048-k09-d290-bs60-f1.000-r00:251631.121: log(exp-norms): [2047.94, 2050.25, 2051.86]
exp018-n2048-k09-d290-bs60-f1.000-r00:251631.122: log(norms):     [2047.94, 2051.04, 2054.55, 2054.59, 2054.6, 2054.66, 2054.67, 2054.61, 2054.75, 2054.69]
exp018-n2048-k09-d290-bs60-f1.000-r00:251631.173: (4436 sec)
exp018-n2048-k09-d290-bs60-f1.000-r00:251631.173: Loop 54/100
exp018-n2048-k09-d290-bs60-f1.000-r00:256014.400: log(exp-norms): [2047.94, 2050.25, 2051.86]
exp018-n2048-k09-d290-bs60-f1.000-r00:256014.401: log(norms):     [2047.94, 2051.04, 2054.55, 2054.59, 2054.6, 2054.66, 2054.67, 2054.68, 2054.61, 2054.75]
exp018-n2048-k09-d290-bs60-f1.000-r00:256014.454: (4384 sec)
exp018-n2048-k09-d290-bs60-f1.000-r00:256014.454: Loop 55/100
exp018-n2048-k09-d290-bs60-f1.000-r00:260484.068: log(exp-norms): [2047.94, 2050.25, 2051.86]
exp018-n2048-k09-d290-bs60-f1.000-r00:260484.076: log(norms):     [2047.94, 2051.04, 2054.55, 2054.59, 2054.6, 2054.66, 2054.67, 2054.68, 2054.61, 2054.75]
exp018-n2048-k09-d290-bs60-f1.000-r00:260484.127: (4470 sec)
exp018-n2048-k09-d290-bs60-f1.000-r00:260484.127: Loop 56/100
exp018-n2048-k09-d290-bs60-f1.000-r00:264943.054: log(exp-norms): [2047.94, 2050.25, 2051.86]
exp018-n2048-k09-d290-bs60-f1.000-r00:264943.055: log(norms):     [2047.94, 2051.04, 2054.55, 2054.59, 2054.6, 2054.66, 2054.67, 2054.68, 2054.61, 2054.75]
exp018-n2048-k09-d290-bs60-f1.000-r00:264943.106: (4459 sec)
exp018-n2048-k09-d290-bs60-f1.000-r00:264943.106: Loop 57/100
exp018-n2048-k09-d290-bs60-f1.000-r00:269385.652: log(exp-norms): [2047.94, 2050.25, 2051.86]
exp018-n2048-k09-d290-bs60-f1.000-r00:269385.654: log(norms):     [2047.94, 2051.04, 2054.55, 2054.59, 2054.6, 2054.66, 2054.67, 2054.68, 2054.61, 2054.75]
exp018-n2048-k09-d290-bs60-f1.000-r00:269385.704: (4443 sec)
exp018-n2048-k09-d290-bs60-f1.000-r00:269385.705: Loop 58/100
exp018-n2048-k09-d290-bs60-f1.000-r00:273744.620: log(exp-norms): [2047.94, 2050.25, 2051.86]
exp018-n2048-k09-d290-bs60-f1.000-r00:273744.622: log(norms):     [2047.94, 2051.04, 2054.55, 2054.59, 2054.6, 2054.66, 2054.67, 2054.68, 2054.61, 2054.75]
exp018-n2048-k09-d290-bs60-f1.000-r00:273744.674: (4359 sec)
exp018-n2048-k09-d290-bs60-f1.000-r00:273744.674: Loop 59/100
exp018-n2048-k09-d290-bs60-f1.000-r00:278162.816: log(exp-norms): [2047.94, 2050.25, 2051.86]
exp018-n2048-k09-d290-bs60-f1.000-r00:278162.817: log(norms):     [2047.94, 2051.04, 2054.55, 2054.59, 2054.61, 2054.75, 2054.59, 2054.6, 2054.63, 2054.66]
exp018-n2048-k09-d290-bs60-f1.000-r00:278162.868: (4419 sec)
exp018-n2048-k09-d290-bs60-f1.000-r00:278162.869: Loop 60/100
exp018-n2048-k09-d290-bs60-f1.000-r00:282584.057: log(exp-norms): [2047.94, 2050.25, 2051.86]
exp018-n2048-k09-d290-bs60-f1.000-r00:282584.058: log(norms):     [2047.94, 2051.04, 2054.55, 2054.59, 2054.65, 2054.61, 2054.75, 2054.59, 2054.6, 2054.71]
exp018-n2048-k09-d290-bs60-f1.000-r00:282584.108: (4422 sec)
exp018-n2048-k09-d290-bs60-f1.000-r00:282584.108: Loop 61/100
exp018-n2048-k09-d290-bs60-f1.000-r00:286659.551: log(exp-norms): [2047.94, 2050.25, 2051.86]
exp018-n2048-k09-d290-bs60-f1.000-r00:286659.552: log(norms):     [2047.94, 2051.04, 2054.55, 2054.59, 2054.65, 2054.61, 2054.75, 2054.59, 2054.6, 2054.71]
exp018-n2048-k09-d290-bs60-f1.000-r00:286659.619: (4076 sec)
exp018-n2048-k09-d290-bs60-f1.000-r00:286659.620: Loop 62/100
exp018-n2048-k09-d290-bs60-f1.000-r00:290816.988: log(exp-norms): [2047.94, 2050.25, 2051.86]
exp018-n2048-k09-d290-bs60-f1.000-r00:290816.989: log(norms):     [2047.94, 2051.04, 2054.55, 2054.59, 2054.65, 2054.72, 2054.62, 2054.75, 2054.61, 2054.72]
exp018-n2048-k09-d290-bs60-f1.000-r00:290817.040: (4158 sec)
exp018-n2048-k09-d290-bs60-f1.000-r00:290817.040: Loop 63/100
exp018-n2048-k09-d290-bs60-f1.000-r00:294998.279: log(exp-norms): [2047.94, 2050.25, 2051.86]
exp018-n2048-k09-d290-bs60-f1.000-r00:294998.280: log(norms):     [2047.94, 2051.04, 2054.55, 2054.59, 2054.65, 2054.72, 2054.62, 2054.75, 2054.61, 2054.72]
exp018-n2048-k09-d290-bs60-f1.000-r00:294998.330: (4182 sec)
exp018-n2048-k09-d290-bs60-f1.000-r00:294998.330: Loop 64/100
exp018-n2048-k09-d290-bs60-f1.000-r00:299222.244: log(exp-norms): [2047.94, 2050.25, 2051.86]
exp018-n2048-k09-d290-bs60-f1.000-r00:299222.246: log(norms):     [2047.94, 2051.04, 2054.55, 2054.59, 2054.65, 2054.72, 2054.62, 2054.75, 2054.61, 2054.72]
exp018-n2048-k09-d290-bs60-f1.000-r00:299222.297: (4224 sec)
exp018-n2048-k09-d290-bs60-f1.000-r00:299222.298: Loop 65/100
exp018-n2048-k09-d290-bs60-f1.000-r00:303223.363: log(exp-norms): [2047.94, 2050.25, 2051.86]
exp018-n2048-k09-d290-bs60-f1.000-r00:303223.364: log(norms):     [2047.94, 2051.04, 2054.55, 2054.59, 2054.65, 2054.72, 2054.62, 2054.75, 2054.61, 2054.72]
exp018-n2048-k09-d290-bs60-f1.000-r00:303223.415: (4002 sec)
exp018-n2048-k09-d290-bs60-f1.000-r00:303223.415: Loop 66/100
exp018-n2048-k09-d290-bs60-f1.000-r00:307147.800: log(exp-norms): [2047.94, 2050.25, 2051.86]
exp018-n2048-k09-d290-bs60-f1.000-r00:307147.802: log(norms):     [2047.94, 2051.04, 2054.55, 2054.59, 2054.65, 2054.72, 2054.62, 2054.75, 2054.61, 2054.72]
exp018-n2048-k09-d290-bs60-f1.000-r00:307147.854: (3925 sec)
exp018-n2048-k09-d290-bs60-f1.000-r00:307147.855: Loop 67/100
exp018-n2048-k09-d290-bs60-f1.000-r00:311171.766: log(exp-norms): [2047.94, 2050.25, 2051.86]
exp018-n2048-k09-d290-bs60-f1.000-r00:311171.768: log(norms):     [2047.94, 2051.04, 2054.54, 2054.55, 2054.59, 2054.65, 2054.72, 2054.62, 2054.75, 2054.61]
exp018-n2048-k09-d290-bs60-f1.000-r00:311171.818: (4024 sec)
exp018-n2048-k09-d290-bs60-f1.000-r00:311171.819: Loop 68/100
exp018-n2048-k09-d290-bs60-f1.000-r00:315303.580: log(exp-norms): [2047.94, 2050.25, 2051.86]
exp018-n2048-k09-d290-bs60-f1.000-r00:315303.581: log(norms):     [2047.94, 2051.04, 2054.54, 2054.55, 2054.59, 2054.65, 2054.72, 2054.62, 2054.75, 2054.61]
exp018-n2048-k09-d290-bs60-f1.000-r00:315303.631: (4132 sec)
exp018-n2048-k09-d290-bs60-f1.000-r00:315303.632: Loop 69/100
exp018-n2048-k09-d290-bs60-f1.000-r00:319302.414: log(exp-norms): [2047.94, 2050.25, 2051.86]
exp018-n2048-k09-d290-bs60-f1.000-r00:319302.415: log(norms):     [2047.94, 2051.04, 2054.54, 2054.55, 2054.59, 2054.65, 2054.72, 2054.62, 2054.75, 2054.82]
exp018-n2048-k09-d290-bs60-f1.000-r00:319302.466: (3999 sec)
exp018-n2048-k09-d290-bs60-f1.000-r00:319302.466: Loop 70/100
exp018-n2048-k09-d290-bs60-f1.000-r00:323147.028: log(exp-norms): [2047.94, 2050.25, 2051.86]
exp018-n2048-k09-d290-bs60-f1.000-r00:323147.029: log(norms):     [2047.94, 2051.04, 2054.54, 2054.55, 2054.59, 2054.65, 2054.72, 2054.62, 2054.75, 2054.82]
exp018-n2048-k09-d290-bs60-f1.000-r00:323147.078: (3845 sec)
exp018-n2048-k09-d290-bs60-f1.000-r00:323147.079: Loop 71/100
exp018-n2048-k09-d290-bs60-f1.000-r00:327171.265: log(exp-norms): [2047.94, 2050.25, 2051.86]
exp018-n2048-k09-d290-bs60-f1.000-r00:327171.266: log(norms):     [2047.94, 2051.04, 2054.54, 2054.55, 2054.59, 2054.65, 2054.72, 2054.62, 2054.75, 2054.82]
exp018-n2048-k09-d290-bs60-f1.000-r00:327171.316: (4025 sec)
exp018-n2048-k09-d290-bs60-f1.000-r00:327171.316: Loop 72/100
exp018-n2048-k09-d290-bs60-f1.000-r00:331150.129: log(exp-norms): [2047.94, 2050.25, 2051.86]
exp018-n2048-k09-d290-bs60-f1.000-r00:331150.130: log(norms):     [2047.94, 2051.04, 2054.54, 2054.55, 2054.59, 2054.65, 2054.72, 2054.62, 2054.75, 2054.82]
exp018-n2048-k09-d290-bs60-f1.000-r00:331150.179: (3979 sec)
exp018-n2048-k09-d290-bs60-f1.000-r00:331150.180: Loop 73/100
exp018-n2048-k09-d290-bs60-f1.000-r00:335245.572: log(exp-norms): [2047.94, 2050.25, 2051.86]
exp018-n2048-k09-d290-bs60-f1.000-r00:335245.574: log(norms):     [2047.94, 2051.04, 2054.54, 2054.55, 2054.59, 2054.65, 2054.72, 2054.62, 2054.75, 2054.82]
exp018-n2048-k09-d290-bs60-f1.000-r00:335245.609: (4096 sec)
exp018-n2048-k09-d290-bs60-f1.000-r00:335245.609: Loop 74/100
exp018-n2048-k09-d290-bs60-f1.000-r00:339167.788: log(exp-norms): [2047.94, 2050.25, 2051.86]
exp018-n2048-k09-d290-bs60-f1.000-r00:339167.789: log(norms):     [2047.94, 2051.04, 2054.54, 2054.55, 2054.59, 2054.65, 2054.72, 2054.62, 2054.75, 2054.82]
exp018-n2048-k09-d290-bs60-f1.000-r00:339167.840: (3923 sec)
exp018-n2048-k09-d290-bs60-f1.000-r00:339167.840: Loop 75/100
exp018-n2048-k09-d290-bs60-f1.000-r00:343150.947: log(exp-norms): [2047.94, 2050.25, 2051.86]
exp018-n2048-k09-d290-bs60-f1.000-r00:343150.948: log(norms):     [2047.94, 2051.04, 2054.54, 2054.66, 2054.55, 2054.59, 2054.65, 2054.72, 2054.62, 2054.75]
exp018-n2048-k09-d290-bs60-f1.000-r00:343151.000: (3984 sec)
exp018-n2048-k09-d290-bs60-f1.000-r00:343151.001: Loop 76/100
exp018-n2048-k09-d290-bs60-f1.000-r00:347180.503: log(exp-norms): [2047.94, 2050.25, 2051.86]
exp018-n2048-k09-d290-bs60-f1.000-r00:347180.504: log(norms):     [2047.94, 2051.04, 2054.54, 2054.66, 2054.55, 2054.59, 2054.68, 2054.65, 2054.72, 2054.62]
exp018-n2048-k09-d290-bs60-f1.000-r00:347180.555: (4030 sec)
exp018-n2048-k09-d290-bs60-f1.000-r00:347180.556: Loop 77/100
exp018-n2048-k09-d290-bs60-f1.000-r00:351269.753: log(exp-norms): [2047.94, 2050.25, 2051.86]
exp018-n2048-k09-d290-bs60-f1.000-r00:351269.754: log(norms):     [2047.94, 2051.04, 2054.54, 2054.66, 2054.55, 2054.59, 2054.68, 2054.65, 2054.72, 2054.62]
exp018-n2048-k09-d290-bs60-f1.000-r00:351269.802: (4090 sec)
exp018-n2048-k09-d290-bs60-f1.000-r00:351269.803: Loop 78/100
exp018-n2048-k09-d290-bs60-f1.000-r00:355263.797: log(exp-norms): [2047.94, 2050.25, 2051.86]
exp018-n2048-k09-d290-bs60-f1.000-r00:355263.798: log(norms):     [2047.94, 2051.04, 2054.54, 2054.66, 2054.55, 2054.59, 2054.68, 2054.65, 2054.72, 2054.62]
exp018-n2048-k09-d290-bs60-f1.000-r00:355263.849: (3995 sec)
exp018-n2048-k09-d290-bs60-f1.000-r00:355263.849: Loop 79/100
exp018-n2048-k09-d290-bs60-f1.000-r00:359346.069: log(exp-norms): [2047.94, 2050.25, 2051.86]
exp018-n2048-k09-d290-bs60-f1.000-r00:359346.070: log(norms):     [2047.94, 2051.04, 2054.54, 2054.66, 2054.55, 2054.59, 2054.68, 2054.65, 2054.72, 2054.62]
exp018-n2048-k09-d290-bs60-f1.000-r00:359346.121: (4083 sec)
exp018-n2048-k09-d290-bs60-f1.000-r00:359346.121: Loop 80/100
exp018-n2048-k09-d290-bs60-f1.000-r00:363431.368: log(exp-norms): [2047.94, 2050.25, 2051.86]
exp018-n2048-k09-d290-bs60-f1.000-r00:363431.369: log(norms):     [2047.94, 2051.04, 2054.53, 2054.54, 2054.66, 2054.55, 2054.59, 2054.68, 2054.65, 2054.72]
exp018-n2048-k09-d290-bs60-f1.000-r00:363431.419: (4086 sec)
exp018-n2048-k09-d290-bs60-f1.000-r00:363431.420: Loop 81/100
exp018-n2048-k09-d290-bs60-f1.000-r00:367454.944: log(exp-norms): [2047.94, 2050.25, 2051.86]
exp018-n2048-k09-d290-bs60-f1.000-r00:367454.945: log(norms):     [2047.94, 2051.04, 2054.53, 2054.54, 2054.66, 2054.55, 2054.59, 2054.68, 2054.65, 2054.72]
exp018-n2048-k09-d290-bs60-f1.000-r00:367454.996: (4024 sec)
exp018-n2048-k09-d290-bs60-f1.000-r00:367454.997: Loop 82/100
exp018-n2048-k09-d290-bs60-f1.000-r00:371445.151: log(exp-norms): [2047.94, 2050.25, 2051.86]
exp018-n2048-k09-d290-bs60-f1.000-r00:371445.152: log(norms):     [2047.94, 2051.04, 2054.53, 2054.54, 2054.62, 2054.66, 2054.55, 2054.68, 2054.65, 2054.59]
exp018-n2048-k09-d290-bs60-f1.000-r00:371445.209: (3991 sec)
exp018-n2048-k09-d290-bs60-f1.000-r00:371445.210: Loop 83/100
exp018-n2048-k09-d290-bs60-f1.000-r00:375301.290: log(exp-norms): [2047.94, 2050.25, 2051.86]
exp018-n2048-k09-d290-bs60-f1.000-r00:375301.292: log(norms):     [2047.94, 2051.04, 2054.53, 2054.54, 2054.62, 2054.66, 2054.55, 2054.68, 2054.65, 2054.59]
exp018-n2048-k09-d290-bs60-f1.000-r00:375301.349: (3857 sec)
exp018-n2048-k09-d290-bs60-f1.000-r00:375301.350: Loop 84/100
exp018-n2048-k09-d290-bs60-f1.000-r00:379356.678: log(exp-norms): [2047.94, 2050.25, 2051.86]
exp018-n2048-k09-d290-bs60-f1.000-r00:379356.680: log(norms):     [2047.94, 2051.04, 2054.53, 2054.54, 2054.62, 2054.66, 2054.55, 2054.68, 2054.65, 2054.59]
exp018-n2048-k09-d290-bs60-f1.000-r00:379356.731: (4056 sec)
exp018-n2048-k09-d290-bs60-f1.000-r00:379356.732: Loop 85/100
exp018-n2048-k09-d290-bs60-f1.000-r00:383481.263: log(exp-norms): [2047.94, 2050.25, 2051.86]
exp018-n2048-k09-d290-bs60-f1.000-r00:383481.265: log(norms):     [2047.94, 2051.04, 2054.53, 2054.54, 2054.62, 2054.66, 2054.55, 2054.68, 2054.65, 2054.59]
exp018-n2048-k09-d290-bs60-f1.000-r00:383481.316: (4125 sec)
exp018-n2048-k09-d290-bs60-f1.000-r00:383481.317: Loop 86/100
exp018-n2048-k09-d290-bs60-f1.000-r00:387424.430: log(exp-norms): [2047.94, 2050.25, 2051.86]
exp018-n2048-k09-d290-bs60-f1.000-r00:387424.431: log(norms):     [2047.94, 2051.04, 2054.53, 2054.54, 2054.62, 2054.66, 2054.55, 2054.68, 2054.65, 2054.59]
exp018-n2048-k09-d290-bs60-f1.000-r00:387424.485: (3944 sec)
exp018-n2048-k09-d290-bs60-f1.000-r00:387424.486: Loop 87/100
exp018-n2048-k09-d290-bs60-f1.000-r00:391459.619: log(exp-norms): [2047.94, 2050.25, 2051.86]
exp018-n2048-k09-d290-bs60-f1.000-r00:391459.620: log(norms):     [2047.94, 2051.04, 2054.53, 2054.54, 2054.62, 2054.66, 2054.55, 2054.68, 2054.65, 2054.59]
exp018-n2048-k09-d290-bs60-f1.000-r00:391459.671: (4036 sec)
exp018-n2048-k09-d290-bs60-f1.000-r00:391459.671: Loop 88/100
exp018-n2048-k09-d290-bs60-f1.000-r00:395450.671: log(exp-norms): [2047.94, 2050.25, 2051.86]
exp018-n2048-k09-d290-bs60-f1.000-r00:395450.672: log(norms):     [2047.94, 2051.04, 2054.53, 2054.54, 2054.62, 2054.66, 2054.55, 2054.68, 2054.65, 2054.59]
exp018-n2048-k09-d290-bs60-f1.000-r00:395450.721: (3992 sec)
exp018-n2048-k09-d290-bs60-f1.000-r00:395450.721: Loop 89/100
exp018-n2048-k09-d290-bs60-f1.000-r00:399319.906: log(exp-norms): [2047.94, 2050.25, 2051.86]
exp018-n2048-k09-d290-bs60-f1.000-r00:399319.907: log(norms):     [2047.94, 2051.04, 2054.53, 2054.54, 2054.62, 2054.66, 2054.55, 2054.68, 2054.65, 2054.59]
exp018-n2048-k09-d290-bs60-f1.000-r00:399319.957: (3870 sec)
exp018-n2048-k09-d290-bs60-f1.000-r00:399319.957: Loop 90/100
exp018-n2048-k09-d290-bs60-f1.000-r00:403385.489: log(exp-norms): [2047.94, 2050.25, 2051.86]
exp018-n2048-k09-d290-bs60-f1.000-r00:403385.490: log(norms):     [2047.94, 2051.04, 2054.53, 2054.54, 2054.62, 2054.66, 2054.55, 2054.68, 2054.65, 2054.59]
exp018-n2048-k09-d290-bs60-f1.000-r00:403385.540: (4066 sec)
exp018-n2048-k09-d290-bs60-f1.000-r00:403385.541: Loop 91/100
exp018-n2048-k09-d290-bs60-f1.000-r00:407382.461: log(exp-norms): [2047.94, 2050.25, 2051.86]
exp018-n2048-k09-d290-bs60-f1.000-r00:407382.462: log(norms):     [2047.94, 2051.04, 2054.53, 2054.54, 2054.54, 2054.65, 2054.59, 2054.55, 2054.72, 2054.66]
exp018-n2048-k09-d290-bs60-f1.000-r00:407382.510: (3997 sec)
exp018-n2048-k09-d290-bs60-f1.000-r00:407382.510: Loop 92/100
exp018-n2048-k09-d290-bs60-f1.000-r00:411287.181: log(exp-norms): [2047.94, 2050.25, 2051.86]
exp018-n2048-k09-d290-bs60-f1.000-r00:411287.183: log(norms):     [2047.94, 2051.04, 2054.53, 2054.54, 2054.54, 2054.65, 2054.59, 2054.55, 2054.72, 2054.66]
exp018-n2048-k09-d290-bs60-f1.000-r00:411287.231: (3905 sec)
exp018-n2048-k09-d290-bs60-f1.000-r00:411287.232: Loop 93/100
exp018-n2048-k09-d290-bs60-f1.000-r00:415107.222: log(exp-norms): [2047.94, 2050.25, 2051.86]
exp018-n2048-k09-d290-bs60-f1.000-r00:415107.224: log(norms):     [2047.94, 2051.04, 2054.53, 2054.54, 2054.54, 2054.65, 2054.59, 2054.55, 2054.72, 2054.69]
exp018-n2048-k09-d290-bs60-f1.000-r00:415107.273: (3821 sec)
exp018-n2048-k09-d290-bs60-f1.000-r00:415107.274: Loop 94/100
exp018-n2048-k09-d290-bs60-f1.000-r00:419027.687: log(exp-norms): [2047.94, 2050.25, 2051.86]
exp018-n2048-k09-d290-bs60-f1.000-r00:419027.689: log(norms):     [2047.94, 2051.04, 2054.53, 2054.54, 2054.54, 2054.65, 2054.59, 2054.55, 2054.72, 2054.69]
exp018-n2048-k09-d290-bs60-f1.000-r00:419027.740: (3921 sec)
exp018-n2048-k09-d290-bs60-f1.000-r00:419027.740: Loop 95/100
exp018-n2048-k09-d290-bs60-f1.000-r00:422974.905: log(exp-norms): [2047.94, 2050.25, 2051.86]
exp018-n2048-k09-d290-bs60-f1.000-r00:422974.906: log(norms):     [2047.94, 2051.04, 2054.53, 2054.54, 2054.54, 2054.65, 2054.59, 2054.55, 2054.72, 2054.69]
exp018-n2048-k09-d290-bs60-f1.000-r00:422974.955: (3948 sec)
exp018-n2048-k09-d290-bs60-f1.000-r00:422974.955: Loop 96/100
exp018-n2048-k09-d290-bs60-f1.000-r00:426872.311: log(exp-norms): [2047.94, 2050.25, 2051.86]
exp018-n2048-k09-d290-bs60-f1.000-r00:426872.312: log(norms):     [2047.94, 2051.04, 2054.53, 2054.54, 2054.54, 2054.65, 2054.59, 2054.55, 2054.72, 2054.69]
exp018-n2048-k09-d290-bs60-f1.000-r00:426872.362: (3898 sec)
exp018-n2048-k09-d290-bs60-f1.000-r00:426872.363: Loop 97/100
exp018-n2048-k09-d290-bs60-f1.000-r00:430871.392: log(exp-norms): [2047.94, 2050.25, 2051.86]
exp018-n2048-k09-d290-bs60-f1.000-r00:430871.394: log(norms):     [2047.94, 2051.04, 2054.53, 2054.54, 2054.54, 2054.65, 2054.59, 2054.55, 2054.72, 2054.69]
exp018-n2048-k09-d290-bs60-f1.000-r00:430871.446: (4000 sec)
exp018-n2048-k09-d290-bs60-f1.000-r00:430871.446: Loop 98/100
exp018-n2048-k09-d290-bs60-f1.000-r00:434882.945: log(exp-norms): [2047.94, 2050.25, 2051.86]
exp018-n2048-k09-d290-bs60-f1.000-r00:434882.946: log(norms):     [2047.94, 2051.04, 2054.53, 2054.54, 2054.54, 2054.65, 2054.59, 2054.55, 2054.72, 2054.69]
exp018-n2048-k09-d290-bs60-f1.000-r00:434882.994: (4012 sec)
exp018-n2048-k09-d290-bs60-f1.000-r00:434882.995: Loop 99/100
exp018-n2048-k09-d290-bs60-f1.000-r00:438897.017: log(exp-norms): [2047.94, 2050.25, 2051.86]
exp018-n2048-k09-d290-bs60-f1.000-r00:438897.018: log(norms):     [2047.94, 2051.04, 2054.53, 2054.54, 2054.54, 2054.65, 2054.59, 2054.55, 2054.72, 2054.69]
exp018-n2048-k09-d290-bs60-f1.000-r00:438897.069: (4015 sec)
exp018-n2048-k09-d290-bs60-f1.000-r00:438897.070: Loop 100/100
exp018-n2048-k09-d290-bs60-f1.000-r00:442842.221: log(exp-norms): [2047.94, 2050.25, 2051.86]
exp018-n2048-k09-d290-bs60-f1.000-r00:442842.222: log(norms):     [2047.94, 2051.04, 2054.53, 2054.54, 2054.54, 2054.65, 2054.59, 2054.55, 2054.72, 2054.69]
exp018-n2048-k09-d290-bs60-f1.000-r00:442842.272: (3946 sec)
exp018-n2048-k09-d290-bs60-f1.000-r00:442842.272: ==========================Summary===========================
exp018-n2048-k09-d290-bs60-f1.000-r00:442842.272: Total time: 442842sec
exp018-n2048-k09-d290-bs60-f1.000-r00:442842.272: FAIL
exp018-n2048-k09-d290-bs60-f1.000-r00:442842.273: SUMMARY:n:2048:k:9:d:290:bs:60:t:442842:r:False
