exp022-n2048-k09-d330-bs60-f1.000-r00:000000.285: ==========================Instance==========================
exp022-n2048-k09-d330-bs60-f1.000-r00:000000.286: # of equations: 330
exp022-n2048-k09-d330-bs60-f1.000-r00:000000.291: Gap: 5.51
exp022-n2048-k09-d330-bs60-f1.000-r00:000000.301: Tau: 6.90
exp022-n2048-k09-d330-bs60-f1.000-r00:000000.302: ======================BKZ-60 reduction======================
exp022-n2048-k09-d330-bs60-f1.000-r00:000015.580: Expectedly achievable log(norm): 2056.12
exp022-n2048-k09-d330-bs60-f1.000-r00:000030.856: log(exp-norms): [2047.94, 2050.34, 2052.8]
exp022-n2048-k09-d330-bs60-f1.000-r00:000030.857: log(norms):     [2060.35, 2051.13, 2056.89, 2056.89, 2056.89, 2056.89, 2056.89, 2056.89, 2056.89, 2056.89]
exp022-n2048-k09-d330-bs60-f1.000-r00:000030.983: Loop 1/100
exp022-n2048-k09-d330-bs60-f1.000-r00:021467.071: log(exp-norms): [2047.94, 2050.34, 2052.8]
exp022-n2048-k09-d330-bs60-f1.000-r00:021467.072: log(norms):     [2051.13, 2056.89, 2056.89, 2056.89, 2056.89, 2056.89, 2056.89, 2056.89, 2056.89, 2056.89]
exp022-n2048-k09-d330-bs60-f1.000-r00:021467.130: (21437 sec)
exp022-n2048-k09-d330-bs60-f1.000-r00:021467.130: Loop 2/100
exp022-n2048-k09-d330-bs60-f1.000-r00:028909.111: log(exp-norms): [2047.94, 2050.34, 2052.8]
exp022-n2048-k09-d330-bs60-f1.000-r00:028909.111: log(norms):     [2051.13, 2056.89, 2056.89, 2056.89, 2056.89, 2056.89, 2056.89, 2056.89, 2056.89, 2056.89]
exp022-n2048-k09-d330-bs60-f1.000-r00:028909.168: (7443 sec)
exp022-n2048-k09-d330-bs60-f1.000-r00:028909.169: Loop 3/100
exp022-n2048-k09-d330-bs60-f1.000-r00:036210.329: log(exp-norms): [2047.94, 2050.34, 2052.8]
exp022-n2048-k09-d330-bs60-f1.000-r00:036210.330: log(norms):     [2051.13, 2056.89, 2056.89, 2056.89, 2056.89, 2056.89, 2056.89, 2056.89, 2056.89, 2056.89]
exp022-n2048-k09-d330-bs60-f1.000-r00:036210.387: (7302 sec)
exp022-n2048-k09-d330-bs60-f1.000-r00:036210.388: Loop 4/100
exp022-n2048-k09-d330-bs60-f1.000-r00:043270.888: log(exp-norms): [2047.94, 2050.34, 2052.8]
exp022-n2048-k09-d330-bs60-f1.000-r00:043270.890: log(norms):     [2051.13, 2056.89, 2056.89, 2056.89, 2056.89, 2056.89, 2056.89, 2056.89, 2056.89, 2056.89]
exp022-n2048-k09-d330-bs60-f1.000-r00:043270.947: (7061 sec)
exp022-n2048-k09-d330-bs60-f1.000-r00:043270.948: Loop 5/100
exp022-n2048-k09-d330-bs60-f1.000-r00:050226.894: log(exp-norms): [2047.94, 2050.34, 2052.8]
exp022-n2048-k09-d330-bs60-f1.000-r00:050226.895: log(norms):     [2051.13, 2056.89, 2056.89, 2056.89, 2056.89, 2056.89, 2056.89, 2056.89, 2056.89, 2056.89]
exp022-n2048-k09-d330-bs60-f1.000-r00:050226.954: (6957 sec)
exp022-n2048-k09-d330-bs60-f1.000-r00:050226.954: Loop 6/100
exp022-n2048-k09-d330-bs60-f1.000-r00:056781.681: log(exp-norms): [2047.94, 2050.34, 2052.8]
exp022-n2048-k09-d330-bs60-f1.000-r00:056781.683: log(norms):     [2051.13, 2056.89, 2056.89, 2056.89, 2056.89, 2056.89, 2056.89, 2056.89, 2056.89, 2056.89]
exp022-n2048-k09-d330-bs60-f1.000-r00:056781.743: (6555 sec)
exp022-n2048-k09-d330-bs60-f1.000-r00:056781.744: Loop 7/100
exp022-n2048-k09-d330-bs60-f1.000-r00:063282.573: log(exp-norms): [2047.94, 2050.34, 2052.8]
exp022-n2048-k09-d330-bs60-f1.000-r00:063282.574: log(norms):     [2051.13, 2056.89, 2056.89, 2056.89, 2056.89, 2056.89, 2056.89, 2056.89, 2056.89, 2056.89]
exp022-n2048-k09-d330-bs60-f1.000-r00:063282.640: (6501 sec)
exp022-n2048-k09-d330-bs60-f1.000-r00:063282.640: Loop 8/100
exp022-n2048-k09-d330-bs60-f1.000-r00:069844.781: log(exp-norms): [2047.94, 2050.34, 2052.8]
exp022-n2048-k09-d330-bs60-f1.000-r00:069844.783: log(norms):     [2051.13, 2056.89, 2056.89, 2056.89, 2056.89, 2056.89, 2056.89, 2056.89, 2056.89, 2056.89]
exp022-n2048-k09-d330-bs60-f1.000-r00:069844.842: (6563 sec)
exp022-n2048-k09-d330-bs60-f1.000-r00:069844.842: Loop 9/100
exp022-n2048-k09-d330-bs60-f1.000-r00:076383.306: log(exp-norms): [2047.94, 2050.34, 2052.8]
exp022-n2048-k09-d330-bs60-f1.000-r00:076383.308: log(norms):     [2051.13, 2056.89, 2056.89, 2056.96, 2056.89, 2056.89, 2056.89, 2057.27, 2057.23, 2056.89]
exp022-n2048-k09-d330-bs60-f1.000-r00:076383.365: (6539 sec)
exp022-n2048-k09-d330-bs60-f1.000-r00:076383.366: Loop 10/100
exp022-n2048-k09-d330-bs60-f1.000-r00:082991.089: log(exp-norms): [2047.94, 2050.34, 2052.8]
exp022-n2048-k09-d330-bs60-f1.000-r00:082991.090: log(norms):     [2051.13, 2056.89, 2056.89, 2056.96, 2056.89, 2057.03, 2056.95, 2057.07, 2056.91, 2056.9]
exp022-n2048-k09-d330-bs60-f1.000-r00:082991.150: (6608 sec)
exp022-n2048-k09-d330-bs60-f1.000-r00:082991.151: Loop 11/100
exp022-n2048-k09-d330-bs60-f1.000-r00:089658.883: log(exp-norms): [2047.94, 2050.34, 2052.8]
exp022-n2048-k09-d330-bs60-f1.000-r00:089658.884: log(norms):     [2051.13, 2056.83, 2056.87, 2056.88, 2056.89, 2056.91, 2056.99, 2057.04, 2057.06, 2056.99]
exp022-n2048-k09-d330-bs60-f1.000-r00:089658.943: (6668 sec)
exp022-n2048-k09-d330-bs60-f1.000-r00:089658.944: Loop 12/100
exp022-n2048-k09-d330-bs60-f1.000-r00:096390.604: log(exp-norms): [2047.94, 2050.34, 2052.8]
exp022-n2048-k09-d330-bs60-f1.000-r00:096390.605: log(norms):     [2051.13, 2056.74, 2056.75, 2056.87, 2056.88, 2056.88, 2056.77, 2056.87, 2056.95, 2056.94]
exp022-n2048-k09-d330-bs60-f1.000-r00:096390.664: (6732 sec)
exp022-n2048-k09-d330-bs60-f1.000-r00:096390.665: Loop 13/100
exp022-n2048-k09-d330-bs60-f1.000-r00:103265.785: log(exp-norms): [2047.94, 2050.34, 2052.8]
exp022-n2048-k09-d330-bs60-f1.000-r00:103265.787: log(norms):     [2047.94, 2051.13, 2056.66, 2056.68, 2056.78, 2056.77, 2056.68, 2056.71, 2056.83, 2056.81]
exp022-n2048-k09-d330-bs60-f1.000-r00:103265.845: (6876 sec)
exp022-n2048-k09-d330-bs60-f1.000-r00:103265.845: Loop 14/100
exp022-n2048-k09-d330-bs60-f1.000-r00:109990.698: log(exp-norms): [2047.94, 2050.34, 2052.8]
exp022-n2048-k09-d330-bs60-f1.000-r00:109990.699: log(norms):     [2047.94, 2051.13, 2056.58, 2056.68, 2056.7, 2056.61, 2056.65, 2056.71, 2056.67, 2056.84]
exp022-n2048-k09-d330-bs60-f1.000-r00:109990.757: (6725 sec)
exp022-n2048-k09-d330-bs60-f1.000-r00:109990.758: Loop 15/100
exp022-n2048-k09-d330-bs60-f1.000-r00:116646.438: log(exp-norms): [2047.94, 2050.34, 2052.8]
exp022-n2048-k09-d330-bs60-f1.000-r00:116646.439: log(norms):     [2047.94, 2051.13, 2056.58, 2056.59, 2056.52, 2056.64, 2056.65, 2056.5, 2056.63, 2056.71]
exp022-n2048-k09-d330-bs60-f1.000-r00:116646.497: (6656 sec)
exp022-n2048-k09-d330-bs60-f1.000-r00:116646.497: Loop 16/100
exp022-n2048-k09-d330-bs60-f1.000-r00:123309.225: log(exp-norms): [2047.94, 2050.34, 2052.8]
exp022-n2048-k09-d330-bs60-f1.000-r00:123309.226: log(norms):     [2047.94, 2051.13, 2056.48, 2056.48, 2056.66, 2056.5, 2056.64, 2056.7, 2056.62, 2056.49]
exp022-n2048-k09-d330-bs60-f1.000-r00:123309.297: (6663 sec)
exp022-n2048-k09-d330-bs60-f1.000-r00:123309.298: Loop 17/100
exp022-n2048-k09-d330-bs60-f1.000-r00:129871.377: log(exp-norms): [2047.94, 2050.34, 2052.8]
exp022-n2048-k09-d330-bs60-f1.000-r00:129871.394: log(norms):     [2047.94, 2051.13, 2056.41, 2056.48, 2056.48, 2056.58, 2056.66, 2056.47, 2056.64, 2056.82]
exp022-n2048-k09-d330-bs60-f1.000-r00:129871.454: (6563 sec)
exp022-n2048-k09-d330-bs60-f1.000-r00:129871.454: Loop 18/100
exp022-n2048-k09-d330-bs60-f1.000-r00:136443.816: log(exp-norms): [2047.94, 2050.34, 2052.8]
exp022-n2048-k09-d330-bs60-f1.000-r00:136443.817: log(norms):     [2047.94, 2051.13, 2056.36, 2056.41, 2056.41, 2056.47, 2056.48, 2056.59, 2056.63, 2056.44]
exp022-n2048-k09-d330-bs60-f1.000-r00:136443.874: (6573 sec)
exp022-n2048-k09-d330-bs60-f1.000-r00:136443.875: Loop 19/100
exp022-n2048-k09-d330-bs60-f1.000-r00:143082.165: log(exp-norms): [2047.94, 2050.34, 2052.8]
exp022-n2048-k09-d330-bs60-f1.000-r00:143082.166: log(norms):     [2047.94, 2051.13, 2056.36, 2056.45, 2056.44, 2056.38, 2056.47, 2056.62, 2056.62, 2056.57]
exp022-n2048-k09-d330-bs60-f1.000-r00:143082.224: (6639 sec)
exp022-n2048-k09-d330-bs60-f1.000-r00:143082.224: Loop 20/100
exp022-n2048-k09-d330-bs60-f1.000-r00:149956.513: log(exp-norms): [2047.94, 2050.34, 2052.8]
exp022-n2048-k09-d330-bs60-f1.000-r00:149956.514: log(norms):     [2047.94, 2051.13, 2056.36, 2056.45, 2056.41, 2056.41, 2056.49, 2056.56, 2056.35, 2056.58]
exp022-n2048-k09-d330-bs60-f1.000-r00:149956.572: (6875 sec)
exp022-n2048-k09-d330-bs60-f1.000-r00:149956.573: Loop 21/100
exp022-n2048-k09-d330-bs60-f1.000-r00:156883.109: log(exp-norms): [2047.94, 2050.34, 2052.8]
exp022-n2048-k09-d330-bs60-f1.000-r00:156883.110: log(norms):     [2047.94, 2051.13, 2056.32, 2056.42, 2056.35, 2056.54, 2056.37, 2056.48, 2056.41, 2056.56]
exp022-n2048-k09-d330-bs60-f1.000-r00:156883.167: (6927 sec)
exp022-n2048-k09-d330-bs60-f1.000-r00:156883.167: Loop 22/100
exp022-n2048-k09-d330-bs60-f1.000-r00:163537.671: log(exp-norms): [2047.94, 2050.34, 2052.8]
exp022-n2048-k09-d330-bs60-f1.000-r00:163537.673: log(norms):     [2047.94, 2051.13, 2056.32, 2056.37, 2056.33, 2056.38, 2056.45, 2056.53, 2056.36, 2056.53]
exp022-n2048-k09-d330-bs60-f1.000-r00:163537.735: (6655 sec)
exp022-n2048-k09-d330-bs60-f1.000-r00:163537.735: Loop 23/100
exp022-n2048-k09-d330-bs60-f1.000-r00:170258.436: log(exp-norms): [2047.94, 2050.34, 2052.8]
exp022-n2048-k09-d330-bs60-f1.000-r00:170258.437: log(norms):     [2047.94, 2051.13, 2056.17, 2056.24, 2056.34, 2056.41, 2056.57, 2056.42, 2056.55, 2056.46]
exp022-n2048-k09-d330-bs60-f1.000-r00:170258.500: (6721 sec)
exp022-n2048-k09-d330-bs60-f1.000-r00:170258.500: Loop 24/100
exp022-n2048-k09-d330-bs60-f1.000-r00:176939.661: log(exp-norms): [2047.94, 2050.34, 2052.8]
exp022-n2048-k09-d330-bs60-f1.000-r00:176939.662: log(norms):     [2047.94, 2051.13, 2056.17, 2056.24, 2056.34, 2056.26, 2056.34, 2056.3, 2056.35, 2056.46]
exp022-n2048-k09-d330-bs60-f1.000-r00:176939.718: (6682 sec)
exp022-n2048-k09-d330-bs60-f1.000-r00:176939.718: Loop 25/100
exp022-n2048-k09-d330-bs60-f1.000-r00:183686.411: log(exp-norms): [2047.94, 2050.34, 2052.8]
exp022-n2048-k09-d330-bs60-f1.000-r00:183686.412: log(norms):     [2047.94, 2051.13, 2056.17, 2056.24, 2056.34, 2056.21, 2056.29, 2056.45, 2056.55, 2056.45]
exp022-n2048-k09-d330-bs60-f1.000-r00:183686.483: (6747 sec)
exp022-n2048-k09-d330-bs60-f1.000-r00:183686.483: Loop 26/100
exp022-n2048-k09-d330-bs60-f1.000-r00:189699.689: log(exp-norms): [2047.94, 2050.34, 2052.8]
exp022-n2048-k09-d330-bs60-f1.000-r00:189699.690: log(norms):     [2047.94, 2051.13, 2056.17, 2056.24, 2056.21, 2056.32, 2056.24, 2056.49, 2056.41, 2056.39]
exp022-n2048-k09-d330-bs60-f1.000-r00:189699.726: (6014 sec)
exp022-n2048-k09-d330-bs60-f1.000-r00:189699.726: Loop 27/100
exp022-n2048-k09-d330-bs60-f1.000-r00:195618.618: log(exp-norms): [2047.94, 2050.34, 2052.8]
exp022-n2048-k09-d330-bs60-f1.000-r00:195618.619: log(norms):     [2047.94, 2051.13, 2056.17, 2056.24, 2056.21, 2056.32, 2056.41, 2056.38, 2056.28, 2056.51]
exp022-n2048-k09-d330-bs60-f1.000-r00:195618.680: (5919 sec)
exp022-n2048-k09-d330-bs60-f1.000-r00:195618.681: Loop 28/100
exp022-n2048-k09-d330-bs60-f1.000-r00:202166.602: log(exp-norms): [2047.94, 2050.34, 2052.8]
exp022-n2048-k09-d330-bs60-f1.000-r00:202166.604: log(norms):     [2047.94, 2051.13, 2056.17, 2056.24, 2056.21, 2056.32, 2056.25, 2056.42, 2056.41, 2056.36]
exp022-n2048-k09-d330-bs60-f1.000-r00:202166.663: (6548 sec)
exp022-n2048-k09-d330-bs60-f1.000-r00:202166.663: Loop 29/100
exp022-n2048-k09-d330-bs60-f1.000-r00:208835.587: log(exp-norms): [2047.94, 2050.34, 2052.8]
exp022-n2048-k09-d330-bs60-f1.000-r00:208835.588: log(norms):     [2047.94, 2051.13, 2056.17, 2056.24, 2056.25, 2056.14, 2056.41, 2056.24, 2056.27, 2056.32]
exp022-n2048-k09-d330-bs60-f1.000-r00:208835.646: (6669 sec)
exp022-n2048-k09-d330-bs60-f1.000-r00:208835.647: Loop 30/100
exp022-n2048-k09-d330-bs60-f1.000-r00:215513.215: log(exp-norms): [2047.94, 2050.34, 2052.8]
exp022-n2048-k09-d330-bs60-f1.000-r00:215513.216: log(norms):     [2047.94, 2051.13, 2056.14, 2056.17, 2056.24, 2056.25, 2056.41, 2056.24, 2056.27, 2056.4]
exp022-n2048-k09-d330-bs60-f1.000-r00:215513.274: (6678 sec)
exp022-n2048-k09-d330-bs60-f1.000-r00:215513.274: Loop 31/100
exp022-n2048-k09-d330-bs60-f1.000-r00:222107.195: log(exp-norms): [2047.94, 2050.34, 2052.8]
exp022-n2048-k09-d330-bs60-f1.000-r00:222107.203: log(norms):     [2047.94, 2051.13, 2056.14, 2056.17, 2056.24, 2056.25, 2056.44, 2056.27, 2056.24, 2056.21]
exp022-n2048-k09-d330-bs60-f1.000-r00:222107.261: (6594 sec)
exp022-n2048-k09-d330-bs60-f1.000-r00:222107.261: Loop 32/100
exp022-n2048-k09-d330-bs60-f1.000-r00:228632.458: log(exp-norms): [2047.94, 2050.34, 2052.8]
exp022-n2048-k09-d330-bs60-f1.000-r00:228632.459: log(norms):     [2047.94, 2051.13, 2056.14, 2056.17, 2056.24, 2056.25, 2056.44, 2056.27, 2056.24, 2056.27]
exp022-n2048-k09-d330-bs60-f1.000-r00:228632.520: (6526 sec)
exp022-n2048-k09-d330-bs60-f1.000-r00:228632.521: Loop 33/100
exp022-n2048-k09-d330-bs60-f1.000-r00:235294.339: log(exp-norms): [2047.94, 2050.34, 2052.8]
exp022-n2048-k09-d330-bs60-f1.000-r00:235294.340: log(norms):     [2047.94, 2051.13, 2056.14, 2056.17, 2056.24, 2056.25, 2056.44, 2056.27, 2056.51, 2056.27]
exp022-n2048-k09-d330-bs60-f1.000-r00:235294.403: (6662 sec)
exp022-n2048-k09-d330-bs60-f1.000-r00:235294.404: Loop 34/100
exp022-n2048-k09-d330-bs60-f1.000-r00:241997.916: log(exp-norms): [2047.94, 2050.34, 2052.8]
exp022-n2048-k09-d330-bs60-f1.000-r00:241997.917: log(norms):     [2047.94, 2051.13, 2056.14, 2056.17, 2056.24, 2056.25, 2056.44, 2056.27, 2056.51, 2056.46]
exp022-n2048-k09-d330-bs60-f1.000-r00:241997.976: (6704 sec)
exp022-n2048-k09-d330-bs60-f1.000-r00:241997.976: Loop 35/100
exp022-n2048-k09-d330-bs60-f1.000-r00:248688.243: log(exp-norms): [2047.94, 2050.34, 2052.8]
exp022-n2048-k09-d330-bs60-f1.000-r00:248688.244: log(norms):     [2047.94, 2051.13, 2056.14, 2056.23, 2056.17, 2056.24, 2056.25, 2056.46, 2056.22, 2056.4]
exp022-n2048-k09-d330-bs60-f1.000-r00:248688.302: (6691 sec)
exp022-n2048-k09-d330-bs60-f1.000-r00:248688.302: Loop 36/100
exp022-n2048-k09-d330-bs60-f1.000-r00:255245.501: log(exp-norms): [2047.94, 2050.34, 2052.8]
exp022-n2048-k09-d330-bs60-f1.000-r00:255245.502: log(norms):     [2047.94, 2051.13, 2056.14, 2056.23, 2056.34, 2056.29, 2056.32, 2056.36, 2056.44, 2056.33]
exp022-n2048-k09-d330-bs60-f1.000-r00:255245.559: (6558 sec)
exp022-n2048-k09-d330-bs60-f1.000-r00:255245.560: Loop 37/100
exp022-n2048-k09-d330-bs60-f1.000-r00:261698.608: log(exp-norms): [2047.94, 2050.34, 2052.8]
exp022-n2048-k09-d330-bs60-f1.000-r00:261698.608: log(norms):     [2047.94, 2051.13, 2056.14, 2056.23, 2056.34, 2056.29, 2056.26, 2056.4, 2056.33, 2056.23]
exp022-n2048-k09-d330-bs60-f1.000-r00:261698.667: (6454 sec)
exp022-n2048-k09-d330-bs60-f1.000-r00:261698.667: Loop 38/100
exp022-n2048-k09-d330-bs60-f1.000-r00:268292.203: log(exp-norms): [2047.94, 2050.34, 2052.8]
exp022-n2048-k09-d330-bs60-f1.000-r00:268292.205: log(norms):     [2047.94, 2051.13, 2056.14, 2056.23, 2056.34, 2056.29, 2056.26, 2056.4, 2056.33, 2056.23]
exp022-n2048-k09-d330-bs60-f1.000-r00:268292.269: (6594 sec)
exp022-n2048-k09-d330-bs60-f1.000-r00:268292.270: Loop 39/100
exp022-n2048-k09-d330-bs60-f1.000-r00:275039.255: log(exp-norms): [2047.94, 2050.34, 2052.8]
exp022-n2048-k09-d330-bs60-f1.000-r00:275039.257: log(norms):     [2047.94, 2051.13, 2056.14, 2056.23, 2056.34, 2056.29, 2056.26, 2056.28, 2056.23, 2056.44]
exp022-n2048-k09-d330-bs60-f1.000-r00:275039.294: (6748 sec)
exp022-n2048-k09-d330-bs60-f1.000-r00:275039.294: Loop 40/100
exp022-n2048-k09-d330-bs60-f1.000-r00:281752.531: log(exp-norms): [2047.94, 2050.34, 2052.8]
exp022-n2048-k09-d330-bs60-f1.000-r00:281752.532: log(norms):     [2047.94, 2051.13, 2056.14, 2056.23, 2056.34, 2056.29, 2056.26, 2056.19, 2056.26, 2056.2]
exp022-n2048-k09-d330-bs60-f1.000-r00:281752.590: (6714 sec)
exp022-n2048-k09-d330-bs60-f1.000-r00:281752.590: Loop 41/100
exp022-n2048-k09-d330-bs60-f1.000-r00:288421.831: log(exp-norms): [2047.94, 2050.34, 2052.8]
exp022-n2048-k09-d330-bs60-f1.000-r00:288421.832: log(norms):     [2047.94, 2051.13, 2056.14, 2056.23, 2056.34, 2056.29, 2056.26, 2056.19, 2056.47, 2056.26]
exp022-n2048-k09-d330-bs60-f1.000-r00:288421.902: (6670 sec)
exp022-n2048-k09-d330-bs60-f1.000-r00:288421.902: Loop 42/100
exp022-n2048-k09-d330-bs60-f1.000-r00:294918.380: log(exp-norms): [2047.94, 2050.34, 2052.8]
exp022-n2048-k09-d330-bs60-f1.000-r00:294918.381: log(norms):     [2047.94, 2051.13, 2056.14, 2056.18, 2056.23, 2056.34, 2056.18, 2056.25, 2056.37, 2056.44]
exp022-n2048-k09-d330-bs60-f1.000-r00:294918.438: (6497 sec)
exp022-n2048-k09-d330-bs60-f1.000-r00:294918.438: Loop 43/100
exp022-n2048-k09-d330-bs60-f1.000-r00:301308.775: log(exp-norms): [2047.94, 2050.34, 2052.8]
exp022-n2048-k09-d330-bs60-f1.000-r00:301308.777: log(norms):     [2047.94, 2051.13, 2056.14, 2056.18, 2056.28, 2056.18, 2056.45, 2056.34, 2056.38, 2056.44]
exp022-n2048-k09-d330-bs60-f1.000-r00:301308.834: (6391 sec)
exp022-n2048-k09-d330-bs60-f1.000-r00:301308.835: Loop 44/100
exp022-n2048-k09-d330-bs60-f1.000-r00:307596.439: log(exp-norms): [2047.94, 2050.34, 2052.8]
exp022-n2048-k09-d330-bs60-f1.000-r00:307596.440: log(norms):     [2047.94, 2051.13, 2056.14, 2056.18, 2056.28, 2056.18, 2056.45, 2056.34, 2056.38, 2056.47]
exp022-n2048-k09-d330-bs60-f1.000-r00:307596.499: (6288 sec)
exp022-n2048-k09-d330-bs60-f1.000-r00:307596.499: Loop 45/100
exp022-n2048-k09-d330-bs60-f1.000-r00:313950.546: log(exp-norms): [2047.94, 2050.34, 2052.8]
exp022-n2048-k09-d330-bs60-f1.000-r00:313950.548: log(norms):     [2047.94, 2051.13, 2056.14, 2056.18, 2056.28, 2056.18, 2056.45, 2056.16, 2056.19, 2056.34]
exp022-n2048-k09-d330-bs60-f1.000-r00:313950.605: (6355 sec)
exp022-n2048-k09-d330-bs60-f1.000-r00:313950.605: Loop 46/100
exp022-n2048-k09-d330-bs60-f1.000-r00:320314.365: log(exp-norms): [2047.94, 2050.34, 2052.8]
exp022-n2048-k09-d330-bs60-f1.000-r00:320314.366: log(norms):     [2047.94, 2051.13, 2056.14, 2056.18, 2056.28, 2056.18, 2056.45, 2056.16, 2056.23, 2056.3]
exp022-n2048-k09-d330-bs60-f1.000-r00:320314.423: (6364 sec)
exp022-n2048-k09-d330-bs60-f1.000-r00:320314.423: Loop 47/100
exp022-n2048-k09-d330-bs60-f1.000-r00:326656.382: log(exp-norms): [2047.94, 2050.34, 2052.8]
exp022-n2048-k09-d330-bs60-f1.000-r00:326656.383: log(norms):     [2047.94, 2051.13, 2056.14, 2056.18, 2056.28, 2056.18, 2056.45, 2056.16, 2056.23, 2056.3]
exp022-n2048-k09-d330-bs60-f1.000-r00:326656.444: (6343 sec)
exp022-n2048-k09-d330-bs60-f1.000-r00:326656.444: Loop 48/100
exp022-n2048-k09-d330-bs60-f1.000-r00:332787.675: log(exp-norms): [2047.94, 2050.34, 2052.8]
exp022-n2048-k09-d330-bs60-f1.000-r00:332787.675: log(norms):     [2047.94, 2051.13, 2056.14, 2056.18, 2056.28, 2056.18, 2056.45, 2056.16, 2056.23, 2056.3]
exp022-n2048-k09-d330-bs60-f1.000-r00:332787.740: (6132 sec)
exp022-n2048-k09-d330-bs60-f1.000-r00:332787.741: Loop 49/100
exp022-n2048-k09-d330-bs60-f1.000-r00:339057.841: log(exp-norms): [2047.94, 2050.34, 2052.8]
exp022-n2048-k09-d330-bs60-f1.000-r00:339057.842: log(norms):     [2047.94, 2051.13, 2056.14, 2056.18, 2056.28, 2056.18, 2056.45, 2056.11, 2056.16, 2056.34]
exp022-n2048-k09-d330-bs60-f1.000-r00:339057.899: (6271 sec)
exp022-n2048-k09-d330-bs60-f1.000-r00:339057.900: Loop 50/100
exp022-n2048-k09-d330-bs60-f1.000-r00:345101.926: log(exp-norms): [2047.94, 2050.34, 2052.8]
exp022-n2048-k09-d330-bs60-f1.000-r00:345101.927: log(norms):     [2047.94, 2051.13, 2056.07, 2056.14, 2056.11, 2056.18, 2056.42, 2056.42, 2056.3, 2056.28]
exp022-n2048-k09-d330-bs60-f1.000-r00:345101.986: (6045 sec)
exp022-n2048-k09-d330-bs60-f1.000-r00:345101.986: Loop 51/100
exp022-n2048-k09-d330-bs60-f1.000-r00:350802.353: log(exp-norms): [2047.94, 2050.34, 2052.8]
exp022-n2048-k09-d330-bs60-f1.000-r00:350802.354: log(norms):     [2047.94, 2051.13, 2056.07, 2056.23, 2056.14, 2056.1, 2056.11, 2056.22, 2056.18, 2056.14]
exp022-n2048-k09-d330-bs60-f1.000-r00:350802.411: (5701 sec)
exp022-n2048-k09-d330-bs60-f1.000-r00:350802.412: Loop 52/100
exp022-n2048-k09-d330-bs60-f1.000-r00:357253.507: log(exp-norms): [2047.94, 2050.34, 2052.8]
exp022-n2048-k09-d330-bs60-f1.000-r00:357253.508: log(norms):     [2047.94, 2051.13, 2056.07, 2056.23, 2056.14, 2056.1, 2056.3, 2056.38, 2056.23, 2056.11]
exp022-n2048-k09-d330-bs60-f1.000-r00:357253.567: (6452 sec)
exp022-n2048-k09-d330-bs60-f1.000-r00:357253.568: Loop 53/100
exp022-n2048-k09-d330-bs60-f1.000-r00:363725.655: log(exp-norms): [2047.94, 2050.34, 2052.8]
exp022-n2048-k09-d330-bs60-f1.000-r00:363725.656: log(norms):     [2047.94, 2051.13, 2056.07, 2056.23, 2056.14, 2056.1, 2056.3, 2056.38, 2056.23, 2056.11]
exp022-n2048-k09-d330-bs60-f1.000-r00:363725.711: (6473 sec)
exp022-n2048-k09-d330-bs60-f1.000-r00:363725.712: Loop 54/100
exp022-n2048-k09-d330-bs60-f1.000-r00:369900.337: log(exp-norms): [2047.94, 2050.34, 2052.8]
exp022-n2048-k09-d330-bs60-f1.000-r00:369900.338: log(norms):     [2047.94, 2051.13, 2056.07, 2056.18, 2056.23, 2056.14, 2056.1, 2056.3, 2056.38, 2056.12]
exp022-n2048-k09-d330-bs60-f1.000-r00:369900.394: (6175 sec)
exp022-n2048-k09-d330-bs60-f1.000-r00:369900.394: Loop 55/100
exp022-n2048-k09-d330-bs60-f1.000-r00:375835.890: log(exp-norms): [2047.94, 2050.34, 2052.8]
exp022-n2048-k09-d330-bs60-f1.000-r00:375835.891: log(norms):     [2047.94, 2051.13, 2056.07, 2056.18, 2056.23, 2056.14, 2056.1, 2056.3, 2056.38, 2056.12]
exp022-n2048-k09-d330-bs60-f1.000-r00:375835.926: (5936 sec)
exp022-n2048-k09-d330-bs60-f1.000-r00:375835.927: Loop 56/100
exp022-n2048-k09-d330-bs60-f1.000-r00:381539.538: log(exp-norms): [2047.94, 2050.34, 2052.8]
exp022-n2048-k09-d330-bs60-f1.000-r00:381539.539: log(norms):     [2047.94, 2051.13, 2056.07, 2056.18, 2056.23, 2056.14, 2056.1, 2056.3, 2056.38, 2056.12]
exp022-n2048-k09-d330-bs60-f1.000-r00:381539.575: (5704 sec)
exp022-n2048-k09-d330-bs60-f1.000-r00:381539.576: Loop 57/100
exp022-n2048-k09-d330-bs60-f1.000-r00:387448.247: log(exp-norms): [2047.94, 2050.34, 2052.8]
exp022-n2048-k09-d330-bs60-f1.000-r00:387448.248: log(norms):     [2047.94, 2051.13, 2056.07, 2056.18, 2056.23, 2056.14, 2056.1, 2056.3, 2056.38, 2056.28]
exp022-n2048-k09-d330-bs60-f1.000-r00:387448.305: (5909 sec)
exp022-n2048-k09-d330-bs60-f1.000-r00:387448.306: Loop 58/100
exp022-n2048-k09-d330-bs60-f1.000-r00:393542.493: log(exp-norms): [2047.94, 2050.34, 2052.8]
exp022-n2048-k09-d330-bs60-f1.000-r00:393542.494: log(norms):     [2047.94, 2051.13, 2056.07, 2056.18, 2056.23, 2056.14, 2056.1, 2056.3, 2056.38, 2056.28]
exp022-n2048-k09-d330-bs60-f1.000-r00:393542.551: (6095 sec)
exp022-n2048-k09-d330-bs60-f1.000-r00:393542.552: Loop 59/100
exp022-n2048-k09-d330-bs60-f1.000-r00:399436.786: log(exp-norms): [2047.94, 2050.34, 2052.8]
exp022-n2048-k09-d330-bs60-f1.000-r00:399436.787: log(norms):     [2047.94, 2051.13, 2056.07, 2056.18, 2056.23, 2056.14, 2056.1, 2056.3, 2056.25, 2056.38]
exp022-n2048-k09-d330-bs60-f1.000-r00:399436.844: (5895 sec)
exp022-n2048-k09-d330-bs60-f1.000-r00:399436.844: Loop 60/100
exp022-n2048-k09-d330-bs60-f1.000-r00:405074.262: log(exp-norms): [2047.94, 2050.34, 2052.8]
exp022-n2048-k09-d330-bs60-f1.000-r00:405074.263: log(norms):     [2047.94, 2051.13, 2056.07, 2056.18, 2056.23, 2056.14, 2056.25, 2056.3, 2056.1, 2056.38]
exp022-n2048-k09-d330-bs60-f1.000-r00:405074.320: (5638 sec)
exp022-n2048-k09-d330-bs60-f1.000-r00:405074.320: Loop 61/100
exp022-n2048-k09-d330-bs60-f1.000-r00:411196.171: log(exp-norms): [2047.94, 2050.34, 2052.8]
exp022-n2048-k09-d330-bs60-f1.000-r00:411196.172: log(norms):     [2047.94, 2051.13, 2056.07, 2056.18, 2056.23, 2056.14, 2056.25, 2056.3, 2056.1, 2056.38]
exp022-n2048-k09-d330-bs60-f1.000-r00:411196.231: (6122 sec)
exp022-n2048-k09-d330-bs60-f1.000-r00:411196.231: Loop 62/100
exp022-n2048-k09-d330-bs60-f1.000-r00:417066.885: log(exp-norms): [2047.94, 2050.34, 2052.8]
exp022-n2048-k09-d330-bs60-f1.000-r00:417066.886: log(norms):     [2047.94, 2051.13, 2056.07, 2056.18, 2056.23, 2056.14, 2056.25, 2056.3, 2056.1, 2056.38]
exp022-n2048-k09-d330-bs60-f1.000-r00:417066.943: (5871 sec)
exp022-n2048-k09-d330-bs60-f1.000-r00:417066.943: Loop 63/100
exp022-n2048-k09-d330-bs60-f1.000-r00:422791.335: log(exp-norms): [2047.94, 2050.34, 2052.8]
exp022-n2048-k09-d330-bs60-f1.000-r00:422791.337: log(norms):     [2047.94, 2051.13, 2056.07, 2056.18, 2056.23, 2056.14, 2056.25, 2056.3, 2056.1, 2056.38]
exp022-n2048-k09-d330-bs60-f1.000-r00:422791.393: (5725 sec)
exp022-n2048-k09-d330-bs60-f1.000-r00:422791.393: Loop 64/100
exp022-n2048-k09-d330-bs60-f1.000-r00:428650.559: log(exp-norms): [2047.94, 2050.34, 2052.8]
exp022-n2048-k09-d330-bs60-f1.000-r00:428650.560: log(norms):     [2047.94, 2051.13, 2056.07, 2056.18, 2056.23, 2056.14, 2056.25, 2056.3, 2056.1, 2056.28]
exp022-n2048-k09-d330-bs60-f1.000-r00:428650.612: (5860 sec)
exp022-n2048-k09-d330-bs60-f1.000-r00:428650.612: Loop 65/100
exp022-n2048-k09-d330-bs60-f1.000-r00:434332.080: log(exp-norms): [2047.94, 2050.34, 2052.8]
exp022-n2048-k09-d330-bs60-f1.000-r00:434332.081: log(norms):     [2047.94, 2051.13, 2056.07, 2056.18, 2056.18, 2056.23, 2056.14, 2056.25, 2056.3, 2056.1]
exp022-n2048-k09-d330-bs60-f1.000-r00:434332.137: (5682 sec)
exp022-n2048-k09-d330-bs60-f1.000-r00:434332.138: Loop 66/100
exp022-n2048-k09-d330-bs60-f1.000-r00:440137.443: log(exp-norms): [2047.94, 2050.34, 2052.8]
exp022-n2048-k09-d330-bs60-f1.000-r00:440137.444: log(norms):     [2047.94, 2051.13, 2056.07, 2056.18, 2056.18, 2056.23, 2056.14, 2056.25, 2056.3, 2056.1]
exp022-n2048-k09-d330-bs60-f1.000-r00:440137.500: (5806 sec)
exp022-n2048-k09-d330-bs60-f1.000-r00:440137.500: Loop 67/100
exp022-n2048-k09-d330-bs60-f1.000-r00:445761.816: log(exp-norms): [2047.94, 2050.34, 2052.8]
exp022-n2048-k09-d330-bs60-f1.000-r00:445761.817: log(norms):     [2047.94, 2051.13, 2056.07, 2056.18, 2056.18, 2056.23, 2056.14, 2056.25, 2056.3, 2056.1]
exp022-n2048-k09-d330-bs60-f1.000-r00:445761.873: (5625 sec)
exp022-n2048-k09-d330-bs60-f1.000-r00:445761.874: Loop 68/100
exp022-n2048-k09-d330-bs60-f1.000-r00:451681.291: log(exp-norms): [2047.94, 2050.34, 2052.8]
exp022-n2048-k09-d330-bs60-f1.000-r00:451681.292: log(norms):     [2047.94, 2051.13, 2056.07, 2056.18, 2056.18, 2056.23, 2056.14, 2056.25, 2056.28, 2056.3]
exp022-n2048-k09-d330-bs60-f1.000-r00:451681.327: (5920 sec)
exp022-n2048-k09-d330-bs60-f1.000-r00:451681.327: Loop 69/100
exp022-n2048-k09-d330-bs60-f1.000-r00:456934.444: log(exp-norms): [2047.94, 2050.34, 2052.8]
exp022-n2048-k09-d330-bs60-f1.000-r00:456934.446: log(norms):     [2047.94, 2051.13, 2056.07, 2056.18, 2056.18, 2056.23, 2056.14, 2056.25, 2056.28, 2056.3]
exp022-n2048-k09-d330-bs60-f1.000-r00:456934.502: (5254 sec)
exp022-n2048-k09-d330-bs60-f1.000-r00:456934.503: Loop 70/100
exp022-n2048-k09-d330-bs60-f1.000-r00:462835.808: log(exp-norms): [2047.94, 2050.34, 2052.8]
exp022-n2048-k09-d330-bs60-f1.000-r00:462835.809: log(norms):     [2047.94, 2051.13, 2056.07, 2056.18, 2056.18, 2056.23, 2056.14, 2056.25, 2056.28, 2056.3]
exp022-n2048-k09-d330-bs60-f1.000-r00:462835.866: (5902 sec)
exp022-n2048-k09-d330-bs60-f1.000-r00:462835.866: Loop 71/100
exp022-n2048-k09-d330-bs60-f1.000-r00:468576.282: log(exp-norms): [2047.94, 2050.34, 2052.8]
exp022-n2048-k09-d330-bs60-f1.000-r00:468576.283: log(norms):     [2047.94, 2051.13, 2056.07, 2056.18, 2056.18, 2056.23, 2056.14, 2056.25, 2056.28, 2056.38]
exp022-n2048-k09-d330-bs60-f1.000-r00:468576.339: (5741 sec)
exp022-n2048-k09-d330-bs60-f1.000-r00:468576.340: Loop 72/100
exp022-n2048-k09-d330-bs60-f1.000-r00:473869.458: log(exp-norms): [2047.94, 2050.34, 2052.8]
exp022-n2048-k09-d330-bs60-f1.000-r00:473869.459: log(norms):     [2047.94, 2051.13, 2056.07, 2056.18, 2056.18, 2056.23, 2056.14, 2056.25, 2056.28, 2056.38]
exp022-n2048-k09-d330-bs60-f1.000-r00:473869.515: (5294 sec)
exp022-n2048-k09-d330-bs60-f1.000-r00:473869.516: Loop 73/100
exp022-n2048-k09-d330-bs60-f1.000-r00:479378.746: log(exp-norms): [2047.94, 2050.34, 2052.8]
exp022-n2048-k09-d330-bs60-f1.000-r00:479378.747: log(norms):     [2047.94, 2051.13, 2056.06, 2056.07, 2056.23, 2056.1, 2056.14, 2056.3, 2056.28, 2056.18]
exp022-n2048-k09-d330-bs60-f1.000-r00:479378.782: (5510 sec)
exp022-n2048-k09-d330-bs60-f1.000-r00:479378.782: Loop 74/100
exp022-n2048-k09-d330-bs60-f1.000-r00:484635.402: log(exp-norms): [2047.94, 2050.34, 2052.8]
exp022-n2048-k09-d330-bs60-f1.000-r00:484635.403: log(norms):     [2047.94, 2051.13, 2056.06, 2056.07, 2056.23, 2056.1, 2056.14, 2056.3, 2056.28, 2056.18]
exp022-n2048-k09-d330-bs60-f1.000-r00:484635.438: (5257 sec)
exp022-n2048-k09-d330-bs60-f1.000-r00:484635.439: Loop 75/100
exp022-n2048-k09-d330-bs60-f1.000-r00:489848.521: log(exp-norms): [2047.94, 2050.34, 2052.8]
exp022-n2048-k09-d330-bs60-f1.000-r00:489848.521: log(norms):     [2047.94, 2051.13, 2056.06, 2056.07, 2056.23, 2056.22, 2056.1, 2056.28, 2056.18, 2056.18]
exp022-n2048-k09-d330-bs60-f1.000-r00:489848.556: (5214 sec)
exp022-n2048-k09-d330-bs60-f1.000-r00:489848.556: Loop 76/100
exp022-n2048-k09-d330-bs60-f1.000-r00:494659.603: log(exp-norms): [2047.94, 2050.34, 2052.8]
exp022-n2048-k09-d330-bs60-f1.000-r00:494659.604: log(norms):     [2047.94, 2051.13, 2056.06, 2056.07, 2056.23, 2056.22, 2056.1, 2056.43, 2056.28, 2056.18]
exp022-n2048-k09-d330-bs60-f1.000-r00:494659.638: (4812 sec)
exp022-n2048-k09-d330-bs60-f1.000-r00:494659.638: Loop 77/100
exp022-n2048-k09-d330-bs60-f1.000-r00:499299.631: log(exp-norms): [2047.94, 2050.34, 2052.8]
exp022-n2048-k09-d330-bs60-f1.000-r00:499299.632: log(norms):     [2047.94, 2051.13, 2056.06, 2056.07, 2056.23, 2056.22, 2056.1, 2056.43, 2056.28, 2056.18]
exp022-n2048-k09-d330-bs60-f1.000-r00:499299.687: (4641 sec)
exp022-n2048-k09-d330-bs60-f1.000-r00:499299.687: Loop 78/100
exp022-n2048-k09-d330-bs60-f1.000-r00:503327.589: log(exp-norms): [2047.94, 2050.34, 2052.8]
exp022-n2048-k09-d330-bs60-f1.000-r00:503327.589: log(norms):     [2047.94, 2051.13, 2056.06, 2056.07, 2056.23, 2056.22, 2056.34, 2056.1, 2056.43, 2056.31]
exp022-n2048-k09-d330-bs60-f1.000-r00:503327.623: (4028 sec)
exp022-n2048-k09-d330-bs60-f1.000-r00:503327.623: Loop 79/100
exp022-n2048-k09-d330-bs60-f1.000-r00:508295.615: log(exp-norms): [2047.94, 2050.34, 2052.8]
exp022-n2048-k09-d330-bs60-f1.000-r00:508295.616: log(norms):     [2047.94, 2051.13, 2056.06, 2056.07, 2056.23, 2056.22, 2056.34, 2056.1, 2056.29, 2056.17]
exp022-n2048-k09-d330-bs60-f1.000-r00:508295.650: (4969 sec)
exp022-n2048-k09-d330-bs60-f1.000-r00:508295.651: Loop 80/100
exp022-n2048-k09-d330-bs60-f1.000-r00:513331.145: log(exp-norms): [2047.94, 2050.34, 2052.8]
exp022-n2048-k09-d330-bs60-f1.000-r00:513331.145: log(norms):     [2047.94, 2051.13, 2056.06, 2056.07, 2056.23, 2056.22, 2056.34, 2056.1, 2056.29, 2056.17]
exp022-n2048-k09-d330-bs60-f1.000-r00:513331.179: (5036 sec)
exp022-n2048-k09-d330-bs60-f1.000-r00:513331.180: Loop 81/100
exp022-n2048-k09-d330-bs60-f1.000-r00:518156.631: log(exp-norms): [2047.94, 2050.34, 2052.8]
exp022-n2048-k09-d330-bs60-f1.000-r00:518156.632: log(norms):     [2047.94, 2051.13, 2056.06, 2056.07, 2056.23, 2056.22, 2056.34, 2056.1, 2056.29, 2056.17]
exp022-n2048-k09-d330-bs60-f1.000-r00:518156.687: (4826 sec)
exp022-n2048-k09-d330-bs60-f1.000-r00:518156.687: Loop 82/100
exp022-n2048-k09-d330-bs60-f1.000-r00:523353.865: log(exp-norms): [2047.94, 2050.34, 2052.8]
exp022-n2048-k09-d330-bs60-f1.000-r00:523353.865: log(norms):     [2047.94, 2051.13, 2056.06, 2056.07, 2056.23, 2056.22, 2056.34, 2056.1, 2056.29, 2056.17]
exp022-n2048-k09-d330-bs60-f1.000-r00:523353.900: (5198 sec)
exp022-n2048-k09-d330-bs60-f1.000-r00:523353.900: Loop 83/100
exp022-n2048-k09-d330-bs60-f1.000-r00:527949.649: log(exp-norms): [2047.94, 2050.34, 2052.8]
exp022-n2048-k09-d330-bs60-f1.000-r00:527949.650: log(norms):     [2047.94, 2051.13, 2056.06, 2056.07, 2056.23, 2056.22, 2056.34, 2056.39, 2056.29, 2056.1]
exp022-n2048-k09-d330-bs60-f1.000-r00:527949.706: (4596 sec)
exp022-n2048-k09-d330-bs60-f1.000-r00:527949.706: Loop 84/100
exp022-n2048-k09-d330-bs60-f1.000-r00:533463.626: log(exp-norms): [2047.94, 2050.34, 2052.8]
exp022-n2048-k09-d330-bs60-f1.000-r00:533463.627: log(norms):     [2047.94, 2051.13, 2056.06, 2056.07, 2056.23, 2056.22, 2056.34, 2056.39, 2056.29, 2056.1]
exp022-n2048-k09-d330-bs60-f1.000-r00:533463.682: (5514 sec)
exp022-n2048-k09-d330-bs60-f1.000-r00:533463.683: Loop 85/100
exp022-n2048-k09-d330-bs60-f1.000-r00:538670.773: log(exp-norms): [2047.94, 2050.34, 2052.8]
exp022-n2048-k09-d330-bs60-f1.000-r00:538670.774: log(norms):     [2047.94, 2051.13, 2056.06, 2056.07, 2056.23, 2056.22, 2056.34, 2056.39, 2056.1, 2056.29]
exp022-n2048-k09-d330-bs60-f1.000-r00:538670.808: (5208 sec)
exp022-n2048-k09-d330-bs60-f1.000-r00:538670.808: Loop 86/100
exp022-n2048-k09-d330-bs60-f1.000-r00:543602.998: log(exp-norms): [2047.94, 2050.34, 2052.8]
exp022-n2048-k09-d330-bs60-f1.000-r00:543602.999: log(norms):     [2047.94, 2051.13, 2056.06, 2056.07, 2056.23, 2056.22, 2056.34, 2056.39, 2056.1, 2056.29]
exp022-n2048-k09-d330-bs60-f1.000-r00:543603.033: (4933 sec)
exp022-n2048-k09-d330-bs60-f1.000-r00:543603.034: Loop 87/100
exp022-n2048-k09-d330-bs60-f1.000-r00:548204.911: log(exp-norms): [2047.94, 2050.34, 2052.8]
exp022-n2048-k09-d330-bs60-f1.000-r00:548204.912: log(norms):     [2047.94, 2051.13, 2056.06, 2056.07, 2056.23, 2056.22, 2056.34, 2056.39, 2056.1, 2056.29]
exp022-n2048-k09-d330-bs60-f1.000-r00:548204.947: (4602 sec)
exp022-n2048-k09-d330-bs60-f1.000-r00:548204.947: Loop 88/100
exp022-n2048-k09-d330-bs60-f1.000-r00:552620.393: log(exp-norms): [2047.94, 2050.34, 2052.8]
exp022-n2048-k09-d330-bs60-f1.000-r00:552620.394: log(norms):     [2047.94, 2051.13, 2056.06, 2056.07, 2056.23, 2056.22, 2056.14, 2056.29, 2056.1, 2056.34]
exp022-n2048-k09-d330-bs60-f1.000-r00:552620.449: (4416 sec)
exp022-n2048-k09-d330-bs60-f1.000-r00:552620.449: Loop 89/100
exp022-n2048-k09-d330-bs60-f1.000-r00:557635.309: log(exp-norms): [2047.94, 2050.34, 2052.8]
exp022-n2048-k09-d330-bs60-f1.000-r00:557635.310: log(norms):     [2047.94, 2051.13, 2056.06, 2056.07, 2056.23, 2056.22, 2056.27, 2056.14, 2056.23, 2056.34]
exp022-n2048-k09-d330-bs60-f1.000-r00:557635.345: (5015 sec)
exp022-n2048-k09-d330-bs60-f1.000-r00:557635.345: Loop 90/100
exp022-n2048-k09-d330-bs60-f1.000-r00:562372.029: log(exp-norms): [2047.94, 2050.34, 2052.8]
exp022-n2048-k09-d330-bs60-f1.000-r00:562372.030: log(norms):     [2047.94, 2051.13, 2056.06, 2056.07, 2056.23, 2056.22, 2056.27, 2056.14, 2056.23, 2056.34]
exp022-n2048-k09-d330-bs60-f1.000-r00:562372.085: (4737 sec)
exp022-n2048-k09-d330-bs60-f1.000-r00:562372.086: Loop 91/100
exp022-n2048-k09-d330-bs60-f1.000-r00:567183.077: log(exp-norms): [2047.94, 2050.34, 2052.8]
exp022-n2048-k09-d330-bs60-f1.000-r00:567183.078: log(norms):     [2047.94, 2051.13, 2056.06, 2056.07, 2056.23, 2056.22, 2056.27, 2056.14, 2056.21, 2056.29]
exp022-n2048-k09-d330-bs60-f1.000-r00:567183.111: (4812 sec)
exp022-n2048-k09-d330-bs60-f1.000-r00:567183.112: Loop 92/100
exp022-n2048-k09-d330-bs60-f1.000-r00:571734.424: log(exp-norms): [2047.94, 2050.34, 2052.8]
exp022-n2048-k09-d330-bs60-f1.000-r00:571734.425: log(norms):     [2047.94, 2051.13, 2056.06, 2056.07, 2056.23, 2056.22, 2056.27, 2056.14, 2056.21, 2056.29]
exp022-n2048-k09-d330-bs60-f1.000-r00:571734.479: (4552 sec)
exp022-n2048-k09-d330-bs60-f1.000-r00:571734.480: Loop 93/100
exp022-n2048-k09-d330-bs60-f1.000-r00:576353.185: log(exp-norms): [2047.94, 2050.34, 2052.8]
exp022-n2048-k09-d330-bs60-f1.000-r00:576353.186: log(norms):     [2047.94, 2051.13, 2056.06, 2056.07, 2056.23, 2056.22, 2056.27, 2056.14, 2056.21, 2056.29]
exp022-n2048-k09-d330-bs60-f1.000-r00:576353.220: (4619 sec)
exp022-n2048-k09-d330-bs60-f1.000-r00:576353.220: Loop 94/100
exp022-n2048-k09-d330-bs60-f1.000-r00:581494.107: log(exp-norms): [2047.94, 2050.34, 2052.8]
exp022-n2048-k09-d330-bs60-f1.000-r00:581494.108: log(norms):     [2047.94, 2051.13, 2056.06, 2056.07, 2056.23, 2056.22, 2056.27, 2056.14, 2056.21, 2056.29]
exp022-n2048-k09-d330-bs60-f1.000-r00:581494.142: (5141 sec)
exp022-n2048-k09-d330-bs60-f1.000-r00:581494.142: Loop 95/100
exp022-n2048-k09-d330-bs60-f1.000-r00:586062.350: log(exp-norms): [2047.94, 2050.34, 2052.8]
exp022-n2048-k09-d330-bs60-f1.000-r00:586062.350: log(norms):     [2047.94, 2051.13, 2056.06, 2056.07, 2056.23, 2056.22, 2056.27, 2056.14, 2056.21, 2056.29]
exp022-n2048-k09-d330-bs60-f1.000-r00:586062.386: (4569 sec)
exp022-n2048-k09-d330-bs60-f1.000-r00:586062.386: Loop 96/100
exp022-n2048-k09-d330-bs60-f1.000-r00:589899.417: log(exp-norms): [2047.94, 2050.34, 2052.8]
exp022-n2048-k09-d330-bs60-f1.000-r00:589899.418: log(norms):     [2047.94, 2051.13, 2056.06, 2056.07, 2056.23, 2056.22, 2056.27, 2056.14, 2056.21, 2056.29]
exp022-n2048-k09-d330-bs60-f1.000-r00:589899.451: (3838 sec)
exp022-n2048-k09-d330-bs60-f1.000-r00:589899.452: Loop 97/100
exp022-n2048-k09-d330-bs60-f1.000-r00:594346.356: log(exp-norms): [2047.94, 2050.34, 2052.8]
exp022-n2048-k09-d330-bs60-f1.000-r00:594346.357: log(norms):     [2047.94, 2051.13, 2056.06, 2056.07, 2056.23, 2056.22, 2056.27, 2056.14, 2056.21, 2056.29]
exp022-n2048-k09-d330-bs60-f1.000-r00:594346.390: (4447 sec)
exp022-n2048-k09-d330-bs60-f1.000-r00:594346.391: Loop 98/100
exp022-n2048-k09-d330-bs60-f1.000-r00:598358.282: log(exp-norms): [2047.94, 2050.34, 2052.8]
exp022-n2048-k09-d330-bs60-f1.000-r00:598358.283: log(norms):     [2047.94, 2051.13, 2056.06, 2056.07, 2056.23, 2056.22, 2056.27, 2056.14, 2056.21, 2056.29]
exp022-n2048-k09-d330-bs60-f1.000-r00:598358.317: (4012 sec)
exp022-n2048-k09-d330-bs60-f1.000-r00:598358.317: Loop 99/100
exp022-n2048-k09-d330-bs60-f1.000-r00:602956.664: log(exp-norms): [2047.94, 2050.34, 2052.8]
exp022-n2048-k09-d330-bs60-f1.000-r00:602956.665: log(norms):     [2047.94, 2051.13, 2056.06, 2056.07, 2056.23, 2056.22, 2056.27, 2056.14, 2056.21, 2056.29]
exp022-n2048-k09-d330-bs60-f1.000-r00:602956.698: (4599 sec)
exp022-n2048-k09-d330-bs60-f1.000-r00:602956.699: Loop 100/100
exp022-n2048-k09-d330-bs60-f1.000-r00:607175.045: log(exp-norms): [2047.94, 2050.34, 2052.8]
exp022-n2048-k09-d330-bs60-f1.000-r00:607175.046: log(norms):     [2047.94, 2051.13, 2056.06, 2056.07, 2056.23, 2056.22, 2056.27, 2056.14, 2056.21, 2056.29]
exp022-n2048-k09-d330-bs60-f1.000-r00:607175.101: (4219 sec)
exp022-n2048-k09-d330-bs60-f1.000-r00:607175.101: ==========================Summary===========================
exp022-n2048-k09-d330-bs60-f1.000-r00:607175.101: Total time: 607175sec
exp022-n2048-k09-d330-bs60-f1.000-r00:607175.102: FAIL
exp022-n2048-k09-d330-bs60-f1.000-r00:607175.102: SUMMARY:n:2048:k:9:d:330:bs:60:t:607175:r:False
