exp008-n2048-k11-d320-bs60-f1.000-r00:000000.219: ==========================Instance==========================
exp008-n2048-k11-d320-bs60-f1.000-r00:000000.219: # of equations: 320
exp008-n2048-k11-d320-bs60-f1.000-r00:000000.224: Gap: 19.11
exp008-n2048-k11-d320-bs60-f1.000-r00:000000.234: Tau: 84.13
exp008-n2048-k11-d320-bs60-f1.000-r00:000000.235: ======================BKZ-60 reduction======================
exp008-n2048-k11-d320-bs60-f1.000-r00:000014.519: Expectedly achievable log(norm): 2057.75
exp008-n2048-k11-d320-bs60-f1.000-r00:000029.634: log(exp-norms): [2047.94, 2050.32, 2054.57]
exp008-n2048-k11-d320-bs60-f1.000-r00:000029.635: log(norms):     [2062.27, 2051.11, 2058.89, 2058.89, 2058.89, 2058.89, 2058.89, 2058.89, 2058.89, 2058.89]
exp008-n2048-k11-d320-bs60-f1.000-r00:000029.741: Loop 1/100
exp008-n2048-k11-d320-bs60-f1.000-r00:019938.312: log(exp-norms): [2047.94, 2050.32, 2054.57]
exp008-n2048-k11-d320-bs60-f1.000-r00:019938.313: log(norms):     [2051.11, 2058.89, 2058.89, 2058.89, 2058.89, 2058.89, 2058.89, 2058.89, 2058.89, 2058.89]
exp008-n2048-k11-d320-bs60-f1.000-r00:019938.369: (19909 sec)
exp008-n2048-k11-d320-bs60-f1.000-r00:019938.370: Loop 2/100
exp008-n2048-k11-d320-bs60-f1.000-r00:026785.697: log(exp-norms): [2047.94, 2050.32, 2054.57]
exp008-n2048-k11-d320-bs60-f1.000-r00:026785.698: log(norms):     [2051.11, 2058.89, 2058.89, 2058.89, 2058.89, 2058.89, 2058.89, 2058.89, 2058.89, 2058.89]
exp008-n2048-k11-d320-bs60-f1.000-r00:026785.753: (6848 sec)
exp008-n2048-k11-d320-bs60-f1.000-r00:026785.754: Loop 3/100
exp008-n2048-k11-d320-bs60-f1.000-r00:033510.192: log(exp-norms): [2047.94, 2050.32, 2054.57]
exp008-n2048-k11-d320-bs60-f1.000-r00:033510.193: log(norms):     [2047.94, 2051.11, 2058.89, 2058.89, 2058.89, 2058.89, 2058.89, 2058.89, 2058.89, 2058.89]
exp008-n2048-k11-d320-bs60-f1.000-r00:033510.249: (6725 sec)
exp008-n2048-k11-d320-bs60-f1.000-r00:033510.250: Loop 4/100
exp008-n2048-k11-d320-bs60-f1.000-r00:039890.243: log(exp-norms): [2047.94, 2050.32, 2054.57]
exp008-n2048-k11-d320-bs60-f1.000-r00:039890.244: log(norms):     [2047.94, 2051.11, 2058.89, 2058.89, 2058.89, 2058.89, 2058.89, 2058.89, 2058.89, 2058.89]
exp008-n2048-k11-d320-bs60-f1.000-r00:039890.301: (6381 sec)
exp008-n2048-k11-d320-bs60-f1.000-r00:039890.301: Loop 5/100
exp008-n2048-k11-d320-bs60-f1.000-r00:046067.280: log(exp-norms): [2047.94, 2050.32, 2054.57]
exp008-n2048-k11-d320-bs60-f1.000-r00:046067.282: log(norms):     [2047.94, 2051.11, 2058.89, 2058.89, 2058.89, 2058.89, 2058.89, 2058.89, 2058.89, 2058.89]
exp008-n2048-k11-d320-bs60-f1.000-r00:046067.337: (6178 sec)
exp008-n2048-k11-d320-bs60-f1.000-r00:046067.338: Loop 6/100
exp008-n2048-k11-d320-bs60-f1.000-r00:052264.838: log(exp-norms): [2047.94, 2050.32, 2054.57]
exp008-n2048-k11-d320-bs60-f1.000-r00:052264.840: log(norms):     [2047.94, 2051.11, 2058.89, 2058.89, 2058.89, 2058.89, 2058.89, 2058.89, 2058.89, 2059.19]
exp008-n2048-k11-d320-bs60-f1.000-r00:052264.897: (6198 sec)
exp008-n2048-k11-d320-bs60-f1.000-r00:052264.898: Loop 7/100
exp008-n2048-k11-d320-bs60-f1.000-r00:058427.042: log(exp-norms): [2047.94, 2050.32, 2054.57]
exp008-n2048-k11-d320-bs60-f1.000-r00:058427.044: log(norms):     [2047.94, 2051.11, 2058.89, 2058.89, 2058.89, 2059.08, 2058.89, 2059.03, 2059.21, 2058.92]
exp008-n2048-k11-d320-bs60-f1.000-r00:058427.101: (6163 sec)
exp008-n2048-k11-d320-bs60-f1.000-r00:058427.102: Loop 8/100
exp008-n2048-k11-d320-bs60-f1.000-r00:064334.464: log(exp-norms): [2047.94, 2050.32, 2054.57]
exp008-n2048-k11-d320-bs60-f1.000-r00:064334.465: log(norms):     [2047.94, 2051.11, 2058.79, 2058.83, 2058.82, 2058.86, 2058.93, 2059.02, 2058.93, 2059.01]
exp008-n2048-k11-d320-bs60-f1.000-r00:064334.521: (5908 sec)
exp008-n2048-k11-d320-bs60-f1.000-r00:064334.522: Loop 9/100
exp008-n2048-k11-d320-bs60-f1.000-r00:070188.330: log(exp-norms): [2047.94, 2050.32, 2054.57]
exp008-n2048-k11-d320-bs60-f1.000-r00:070188.331: log(norms):     [2047.94, 2051.11, 2058.58, 2058.68, 2058.83, 2058.79, 2058.84, 2058.83, 2058.86, 2059.04]
exp008-n2048-k11-d320-bs60-f1.000-r00:070188.403: (5854 sec)
exp008-n2048-k11-d320-bs60-f1.000-r00:070188.405: Loop 10/100
exp008-n2048-k11-d320-bs60-f1.000-r00:076057.541: log(exp-norms): [2047.94, 2050.32, 2054.57]
exp008-n2048-k11-d320-bs60-f1.000-r00:076057.542: log(norms):     [2047.94, 2051.11, 2058.58, 2058.59, 2058.68, 2058.53, 2058.59, 2058.71, 2058.62, 2058.79]
exp008-n2048-k11-d320-bs60-f1.000-r00:076057.597: (5870 sec)
exp008-n2048-k11-d320-bs60-f1.000-r00:076057.597: Loop 11/100
exp008-n2048-k11-d320-bs60-f1.000-r00:081795.840: log(exp-norms): [2047.94, 2050.32, 2054.57]
exp008-n2048-k11-d320-bs60-f1.000-r00:081795.841: log(norms):     [2047.94, 2051.11, 2058.4, 2058.47, 2058.55, 2058.47, 2058.49, 2058.57, 2058.42, 2058.57]
exp008-n2048-k11-d320-bs60-f1.000-r00:081795.897: (5739 sec)
exp008-n2048-k11-d320-bs60-f1.000-r00:081795.898: Loop 12/100
exp008-n2048-k11-d320-bs60-f1.000-r00:087573.232: log(exp-norms): [2047.94, 2050.32, 2054.57]
exp008-n2048-k11-d320-bs60-f1.000-r00:087573.234: log(norms):     [2047.94, 2051.11, 2058.4, 2058.46, 2058.46, 2058.42, 2058.37, 2058.35, 2058.54, 2058.59]
exp008-n2048-k11-d320-bs60-f1.000-r00:087573.297: (5778 sec)
exp008-n2048-k11-d320-bs60-f1.000-r00:087573.298: Loop 13/100
exp008-n2048-k11-d320-bs60-f1.000-r00:093190.409: log(exp-norms): [2047.94, 2050.32, 2054.57]
exp008-n2048-k11-d320-bs60-f1.000-r00:093190.410: log(norms):     [2047.94, 2051.11, 2058.19, 2058.32, 2058.29, 2058.26, 2058.27, 2058.42, 2058.39, 2058.58]
exp008-n2048-k11-d320-bs60-f1.000-r00:093190.470: (5618 sec)
exp008-n2048-k11-d320-bs60-f1.000-r00:093190.471: Loop 14/100
exp008-n2048-k11-d320-bs60-f1.000-r00:098824.307: log(exp-norms): [2047.94, 2050.32, 2054.57]
exp008-n2048-k11-d320-bs60-f1.000-r00:098824.308: log(norms):     [2047.94, 2051.11, 2058.19, 2058.31, 2058.23, 2058.24, 2058.28, 2058.32, 2058.26, 2058.48]
exp008-n2048-k11-d320-bs60-f1.000-r00:098824.364: (5634 sec)
exp008-n2048-k11-d320-bs60-f1.000-r00:098824.364: Loop 15/100
exp008-n2048-k11-d320-bs60-f1.000-r00:104379.632: log(exp-norms): [2047.94, 2050.32, 2054.57]
exp008-n2048-k11-d320-bs60-f1.000-r00:104379.633: log(norms):     [2047.94, 2051.11, 2058.12, 2058.16, 2058.3, 2058.34, 2058.19, 2058.37, 2058.28, 2058.24]
exp008-n2048-k11-d320-bs60-f1.000-r00:104379.721: (5556 sec)
exp008-n2048-k11-d320-bs60-f1.000-r00:104379.722: Loop 16/100
exp008-n2048-k11-d320-bs60-f1.000-r00:109823.637: log(exp-norms): [2047.94, 2050.32, 2054.57]
exp008-n2048-k11-d320-bs60-f1.000-r00:109823.638: log(norms):     [2047.94, 2051.11, 2058.12, 2058.13, 2058.21, 2058.14, 2058.27, 2058.22, 2058.24, 2058.16]
exp008-n2048-k11-d320-bs60-f1.000-r00:109823.695: (5444 sec)
exp008-n2048-k11-d320-bs60-f1.000-r00:109823.695: Loop 17/100
exp008-n2048-k11-d320-bs60-f1.000-r00:115684.810: log(exp-norms): [2047.94, 2050.32, 2054.57]
exp008-n2048-k11-d320-bs60-f1.000-r00:115684.812: log(norms):     [2047.94, 2051.11, 2058.07, 2058.08, 2058.09, 2058.18, 2058.1, 2058.08, 2058.15, 2058.35]
exp008-n2048-k11-d320-bs60-f1.000-r00:115684.868: (5862 sec)
exp008-n2048-k11-d320-bs60-f1.000-r00:115684.869: ==========================Summary===========================
exp008-n2048-k11-d320-bs60-f1.000-r00:115684.869: Total time: 115685sec
exp008-n2048-k11-d320-bs60-f1.000-r00:115684.869: SUCCESS
exp008-n2048-k11-d320-bs60-f1.000-r00:115684.869: HNP solution: 23237742589392345210154517575480582284594997949271932716675920138541964626231912928180965643418105249355876134926908209187736583031086769542662985386563119886154840449903476332729455692097847885628175875189003754077163253735753508070693864114240504244173560764720554543867483460766954415602896545301918410576130137962713413285667160375101043191033367290372361673182067652319561910232725122841905903378507906843559246554636733897605567101413452086366598301165905390620604681768560706038895162890362816593626342717536166595861800301293074449061062803728943993162018482566376554441857157838525442899767047343574658824450
exp008-n2048-k11-d320-bs60-f1.000-r00:115684.869: Shared secret: 23237742589392345210154517575480582284594997949271932716675920138541964626231912928180965643418105249355876134926908209187736583031086769542662985386563119886154840449903476332729455692097847885628175875189003754077163253735753508070693864114240504244173560764720554543867483460766954415602896545301918410576130137962713413285667160375101043191033367290372361673182067652319561910232725122841905903378507906843559246554636733897605567101413452086366598301165905390620604681768560706038895162890362816593626342717536166595861800301293074449061062803728943993162018482566376554441857157838525442899767047343574658824450
exp008-n2048-k11-d320-bs60-f1.000-r00:115684.870: SUMMARY:n:2048:k:11:d:320:bs:60:t:115685:r:True
