exp034-n2048-k10-d260-bs70-f1.000-r00:000000.513: ==========================Instance==========================
exp034-n2048-k10-d260-bs70-f1.000-r00:000000.514: # of equations: 260
exp034-n2048-k10-d260-bs70-f1.000-r00:000000.534: Gap: 3.46
exp034-n2048-k10-d260-bs70-f1.000-r00:000000.543: Tau: 3.06
exp034-n2048-k10-d260-bs70-f1.000-r00:000000.543: ======================BKZ-70 reduction======================
exp034-n2048-k10-d260-bs70-f1.000-r00:000009.582: Expectedly achievable log(norm): 2054.06
exp034-n2048-k10-d260-bs70-f1.000-r00:000019.087: log(exp-norms): [2047.94, 2050.17, 2051.96]
exp034-n2048-k10-d260-bs70-f1.000-r00:000019.088: log(norms):     [2061.14, 2050.96, 2057.89, 2057.89, 2057.89, 2057.89, 2057.89, 2057.89, 2057.89, 2057.89]
exp034-n2048-k10-d260-bs70-f1.000-r00:000019.179: Loop 1/100
exp034-n2048-k10-d260-bs70-f1.000-r00:055306.468: log(exp-norms): [2047.94, 2050.17, 2051.96]
exp034-n2048-k10-d260-bs70-f1.000-r00:055306.470: log(norms):     [2050.96, 2057.33, 2057.39, 2057.27, 2057.42, 2057.58, 2057.4, 2057.27, 2057.55, 2057.61]
exp034-n2048-k10-d260-bs70-f1.000-r00:055306.517: (55288 sec)
exp034-n2048-k10-d260-bs70-f1.000-r00:055306.518: Loop 2/100
exp034-n2048-k10-d260-bs70-f1.000-r00:100474.066: log(exp-norms): [2047.94, 2050.17, 2051.96]
exp034-n2048-k10-d260-bs70-f1.000-r00:100474.067: log(norms):     [2050.96, 2056.62, 2056.65, 2056.77, 2056.76, 2056.65, 2056.83, 2056.8, 2056.84, 2056.86]
exp034-n2048-k10-d260-bs70-f1.000-r00:100474.114: (45168 sec)
exp034-n2048-k10-d260-bs70-f1.000-r00:100474.115: Loop 3/100
exp034-n2048-k10-d260-bs70-f1.000-r00:143952.854: log(exp-norms): [2047.94, 2050.17, 2051.96]
exp034-n2048-k10-d260-bs70-f1.000-r00:143952.856: log(norms):     [2050.96, 2055.94, 2056.07, 2056.02, 2056.09, 2056.01, 2056.05, 2055.92, 2056.08, 2056.14]
exp034-n2048-k10-d260-bs70-f1.000-r00:143952.903: (43479 sec)
exp034-n2048-k10-d260-bs70-f1.000-r00:143952.904: Loop 4/100
exp034-n2048-k10-d260-bs70-f1.000-r00:186913.845: log(exp-norms): [2047.94, 2050.17, 2051.96]
exp034-n2048-k10-d260-bs70-f1.000-r00:186913.847: log(norms):     [2047.94, 2050.96, 2055.39, 2055.49, 2055.53, 2055.47, 2055.61, 2055.64, 2055.46, 2055.46]
exp034-n2048-k10-d260-bs70-f1.000-r00:186913.893: (42961 sec)
exp034-n2048-k10-d260-bs70-f1.000-r00:186913.894: Loop 5/100
exp034-n2048-k10-d260-bs70-f1.000-r00:228633.419: log(exp-norms): [2047.94, 2050.17, 2051.96]
exp034-n2048-k10-d260-bs70-f1.000-r00:228633.421: log(norms):     [2047.94, 2050.96, 2055.05, 2055.1, 2055.08, 2055.2, 2055.22, 2055.2, 2055.38, 2055.17]
exp034-n2048-k10-d260-bs70-f1.000-r00:228633.478: (41720 sec)
exp034-n2048-k10-d260-bs70-f1.000-r00:228633.478: Loop 6/100
exp034-n2048-k10-d260-bs70-f1.000-r00:267351.645: log(exp-norms): [2047.94, 2050.17, 2051.96]
exp034-n2048-k10-d260-bs70-f1.000-r00:267351.647: log(norms):     [2047.94, 2050.96, 2054.75, 2054.87, 2054.83, 2054.98, 2054.95, 2054.91, 2054.87, 2054.93]
exp034-n2048-k10-d260-bs70-f1.000-r00:267351.693: (38719 sec)
exp034-n2048-k10-d260-bs70-f1.000-r00:267351.693: Loop 7/100
exp034-n2048-k10-d260-bs70-f1.000-r00:307757.860: log(exp-norms): [2047.94, 2050.17, 2051.96]
exp034-n2048-k10-d260-bs70-f1.000-r00:307757.862: log(norms):     [2047.94, 2050.96, 2054.55, 2054.57, 2054.7, 2054.68, 2054.71, 2054.76, 2054.76, 2054.65]
exp034-n2048-k10-d260-bs70-f1.000-r00:307757.908: (40407 sec)
exp034-n2048-k10-d260-bs70-f1.000-r00:307757.909: Loop 8/100
exp034-n2048-k10-d260-bs70-f1.000-r00:346430.534: log(exp-norms): [2047.94, 2050.17, 2051.96]
exp034-n2048-k10-d260-bs70-f1.000-r00:346430.536: log(norms):     [2047.94, 2050.96, 2054.45, 2054.48, 2054.46, 2054.46, 2054.6, 2054.54, 2054.69, 2054.68]
exp034-n2048-k10-d260-bs70-f1.000-r00:346430.582: (38673 sec)
exp034-n2048-k10-d260-bs70-f1.000-r00:346430.583: Loop 9/100
exp034-n2048-k10-d260-bs70-f1.000-r00:384338.831: log(exp-norms): [2047.94, 2050.17, 2051.96]
exp034-n2048-k10-d260-bs70-f1.000-r00:384338.833: log(norms):     [2047.94, 2050.96, 2054.32, 2054.36, 2054.32, 2054.46, 2054.36, 2054.34, 2054.55, 2054.62]
exp034-n2048-k10-d260-bs70-f1.000-r00:384338.886: (37909 sec)
exp034-n2048-k10-d260-bs70-f1.000-r00:384338.886: Loop 10/100
exp034-n2048-k10-d260-bs70-f1.000-r00:420318.181: log(exp-norms): [2047.94, 2050.17, 2051.96]
exp034-n2048-k10-d260-bs70-f1.000-r00:420318.183: log(norms):     [2047.94, 2050.96, 2054.22, 2054.27, 2054.28, 2054.43, 2054.26, 2054.34, 2054.19, 2054.51]
exp034-n2048-k10-d260-bs70-f1.000-r00:420318.211: (35980 sec)
exp034-n2048-k10-d260-bs70-f1.000-r00:420318.212: Loop 11/100
exp034-n2048-k10-d260-bs70-f1.000-r00:455264.189: log(exp-norms): [2047.94, 2050.17, 2051.96]
exp034-n2048-k10-d260-bs70-f1.000-r00:455264.191: log(norms):     [2047.94, 2050.96, 2054.19, 2054.31, 2054.25, 2054.32, 2054.23, 2054.43, 2054.46, 2054.32]
exp034-n2048-k10-d260-bs70-f1.000-r00:455264.236: (34947 sec)
exp034-n2048-k10-d260-bs70-f1.000-r00:455264.237: Loop 12/100
exp034-n2048-k10-d260-bs70-f1.000-r00:489707.330: log(exp-norms): [2047.94, 2050.17, 2051.96]
exp034-n2048-k10-d260-bs70-f1.000-r00:489707.332: log(norms):     [2047.94, 2050.96, 2054.13, 2054.19, 2054.32, 2054.32, 2054.28, 2054.29, 2054.42, 2054.35]
exp034-n2048-k10-d260-bs70-f1.000-r00:489707.377: (34444 sec)
exp034-n2048-k10-d260-bs70-f1.000-r00:489707.377: Loop 13/100
exp034-n2048-k10-d260-bs70-f1.000-r00:523583.864: log(exp-norms): [2047.94, 2050.17, 2051.96]
exp034-n2048-k10-d260-bs70-f1.000-r00:523583.865: log(norms):     [2047.94, 2050.96, 2054.11, 2054.13, 2054.18, 2054.21, 2054.09, 2054.31, 2054.27, 2054.32]
exp034-n2048-k10-d260-bs70-f1.000-r00:523583.892: (33877 sec)
exp034-n2048-k10-d260-bs70-f1.000-r00:523583.893: Loop 14/100
exp034-n2048-k10-d260-bs70-f1.000-r00:554710.995: log(exp-norms): [2047.94, 2050.17, 2051.96]
exp034-n2048-k10-d260-bs70-f1.000-r00:554710.997: log(norms):     [2047.94, 2050.96, 2054.09, 2054.11, 2054.21, 2054.28, 2054.24, 2054.17, 2054.24, 2054.39]
exp034-n2048-k10-d260-bs70-f1.000-r00:554711.024: (31128 sec)
exp034-n2048-k10-d260-bs70-f1.000-r00:554711.024: Loop 15/100
exp034-n2048-k10-d260-bs70-f1.000-r00:584314.421: log(exp-norms): [2047.94, 2050.17, 2051.96]
exp034-n2048-k10-d260-bs70-f1.000-r00:584314.423: log(norms):     [2047.94, 2050.96, 2054.09, 2054.11, 2054.21, 2054.28, 2054.4, 2054.24, 2054.26, 2054.29]
exp034-n2048-k10-d260-bs70-f1.000-r00:584314.468: (29604 sec)
exp034-n2048-k10-d260-bs70-f1.000-r00:584314.469: Loop 16/100
exp034-n2048-k10-d260-bs70-f1.000-r00:615136.047: log(exp-norms): [2047.94, 2050.17, 2051.96]
exp034-n2048-k10-d260-bs70-f1.000-r00:615136.049: log(norms):     [2047.94, 2050.96, 2054.09, 2054.17, 2054.11, 2054.21, 2054.28, 2054.4, 2054.11, 2054.21]
exp034-n2048-k10-d260-bs70-f1.000-r00:615136.093: (30822 sec)
exp034-n2048-k10-d260-bs70-f1.000-r00:615136.094: Loop 17/100
exp034-n2048-k10-d260-bs70-f1.000-r00:646537.459: log(exp-norms): [2047.94, 2050.17, 2051.96]
exp034-n2048-k10-d260-bs70-f1.000-r00:646537.461: log(norms):     [2047.94, 2050.96, 2054.09, 2054.11, 2054.22, 2054.25, 2054.11, 2054.21, 2054.21, 2054.4]
exp034-n2048-k10-d260-bs70-f1.000-r00:646537.505: (31402 sec)
exp034-n2048-k10-d260-bs70-f1.000-r00:646537.506: Loop 18/100
exp034-n2048-k10-d260-bs70-f1.000-r00:673916.043: log(exp-norms): [2047.94, 2050.17, 2051.96]
exp034-n2048-k10-d260-bs70-f1.000-r00:673916.044: log(norms):     [2047.94, 2050.96, 2054.04, 2054.09, 2054.06, 2054.11, 2054.27, 2054.16, 2054.12, 2054.34]
exp034-n2048-k10-d260-bs70-f1.000-r00:673916.070: (27379 sec)
exp034-n2048-k10-d260-bs70-f1.000-r00:673916.071: Loop 19/100
exp034-n2048-k10-d260-bs70-f1.000-r00:698807.717: log(exp-norms): [2047.94, 2050.17, 2051.96]
exp034-n2048-k10-d260-bs70-f1.000-r00:698807.718: log(norms):     [2047.94, 2050.96, 2054.04, 2054.09, 2054.06, 2054.11, 2054.15, 2054.1, 2054.28, 2054.31]
exp034-n2048-k10-d260-bs70-f1.000-r00:698807.745: (24892 sec)
exp034-n2048-k10-d260-bs70-f1.000-r00:698807.745: Loop 20/100
exp034-n2048-k10-d260-bs70-f1.000-r00:725024.800: log(exp-norms): [2047.94, 2050.17, 2051.96]
exp034-n2048-k10-d260-bs70-f1.000-r00:725024.801: log(norms):     [2047.94, 2050.96, 2054.04, 2054.09, 2054.06, 2054.11, 2054.17, 2054.31, 2054.1, 2054.19]
exp034-n2048-k10-d260-bs70-f1.000-r00:725024.828: (26218 sec)
exp034-n2048-k10-d260-bs70-f1.000-r00:725024.829: Loop 21/100
exp034-n2048-k10-d260-bs70-f1.000-r00:749171.750: log(exp-norms): [2047.94, 2050.17, 2051.96]
exp034-n2048-k10-d260-bs70-f1.000-r00:749171.751: log(norms):     [2047.94, 2050.96, 2054.04, 2054.09, 2054.06, 2054.29, 2054.22, 2054.41, 2054.22, 2054.27]
exp034-n2048-k10-d260-bs70-f1.000-r00:749171.777: (24147 sec)
exp034-n2048-k10-d260-bs70-f1.000-r00:749171.778: Loop 22/100
exp034-n2048-k10-d260-bs70-f1.000-r00:776028.065: log(exp-norms): [2047.94, 2050.17, 2051.96]
exp034-n2048-k10-d260-bs70-f1.000-r00:776028.066: log(norms):     [2047.94, 2050.96, 2054.04, 2054.15, 2054.09, 2054.06, 2054.29, 2054.27, 2054.22, 2054.41]
exp034-n2048-k10-d260-bs70-f1.000-r00:776028.095: (26857 sec)
exp034-n2048-k10-d260-bs70-f1.000-r00:776028.096: Loop 23/100
exp034-n2048-k10-d260-bs70-f1.000-r00:800793.834: log(exp-norms): [2047.94, 2050.17, 2051.96]
exp034-n2048-k10-d260-bs70-f1.000-r00:800793.835: log(norms):     [2047.94, 2050.96, 2054.04, 2054.15, 2054.09, 2054.06, 2054.12, 2054.21, 2054.38, 2054.43]
exp034-n2048-k10-d260-bs70-f1.000-r00:800793.862: (24766 sec)
exp034-n2048-k10-d260-bs70-f1.000-r00:800793.862: Loop 24/100
exp034-n2048-k10-d260-bs70-f1.000-r00:823379.190: log(exp-norms): [2047.94, 2050.17, 2051.96]
exp034-n2048-k10-d260-bs70-f1.000-r00:823379.191: log(norms):     [2047.94, 2050.96, 2054.04, 2054.15, 2054.07, 2054.06, 2054.09, 2054.18, 2054.42, 2054.35]
exp034-n2048-k10-d260-bs70-f1.000-r00:823379.217: (22586 sec)
exp034-n2048-k10-d260-bs70-f1.000-r00:823379.217: Loop 25/100
exp034-n2048-k10-d260-bs70-f1.000-r00:845554.337: log(exp-norms): [2047.94, 2050.17, 2051.96]
exp034-n2048-k10-d260-bs70-f1.000-r00:845554.338: log(norms):     [2047.94, 2050.96, 2054.04, 2054.15, 2054.07, 2054.06, 2054.09, 2054.18, 2054.42, 2054.35]
exp034-n2048-k10-d260-bs70-f1.000-r00:845554.365: (22176 sec)
exp034-n2048-k10-d260-bs70-f1.000-r00:845554.365: Loop 26/100
exp034-n2048-k10-d260-bs70-f1.000-r00:868827.703: log(exp-norms): [2047.94, 2050.17, 2051.96]
exp034-n2048-k10-d260-bs70-f1.000-r00:868827.704: log(norms):     [2047.94, 2050.96, 2054.04, 2054.15, 2054.07, 2054.06, 2054.09, 2054.18, 2054.42, 2054.33]
exp034-n2048-k10-d260-bs70-f1.000-r00:868827.730: (23274 sec)
exp034-n2048-k10-d260-bs70-f1.000-r00:868827.731: Loop 27/100
exp034-n2048-k10-d260-bs70-f1.000-r00:892867.443: log(exp-norms): [2047.94, 2050.17, 2051.96]
exp034-n2048-k10-d260-bs70-f1.000-r00:892867.444: log(norms):     [2047.94, 2050.96, 2054.01, 2054.04, 2054.15, 2054.07, 2054.06, 2054.09, 2054.23, 2054.32]
exp034-n2048-k10-d260-bs70-f1.000-r00:892867.470: (24040 sec)
exp034-n2048-k10-d260-bs70-f1.000-r00:892867.470: Loop 28/100
exp034-n2048-k10-d260-bs70-f1.000-r00:915452.797: log(exp-norms): [2047.94, 2050.17, 2051.96]
exp034-n2048-k10-d260-bs70-f1.000-r00:915452.798: log(norms):     [2047.94, 2050.96, 2054.01, 2054.04, 2054.23, 2054.09, 2054.15, 2054.07, 2054.06, 2054.32]
exp034-n2048-k10-d260-bs70-f1.000-r00:915452.825: (22586 sec)
exp034-n2048-k10-d260-bs70-f1.000-r00:915452.825: Loop 29/100
exp034-n2048-k10-d260-bs70-f1.000-r00:937922.579: log(exp-norms): [2047.94, 2050.17, 2051.96]
exp034-n2048-k10-d260-bs70-f1.000-r00:937922.580: log(norms):     [2047.94, 2050.96, 2054.01, 2054.04, 2054.23, 2054.22, 2054.15, 2054.07, 2054.16, 2054.39]
exp034-n2048-k10-d260-bs70-f1.000-r00:937922.606: (22470 sec)
exp034-n2048-k10-d260-bs70-f1.000-r00:937922.606: Loop 30/100
exp034-n2048-k10-d260-bs70-f1.000-r00:960190.410: log(exp-norms): [2047.94, 2050.17, 2051.96]
exp034-n2048-k10-d260-bs70-f1.000-r00:960190.411: log(norms):     [2047.94, 2050.96, 2054.01, 2054.04, 2054.23, 2054.22, 2054.15, 2054.07, 2054.22, 2054.16]
exp034-n2048-k10-d260-bs70-f1.000-r00:960190.437: (22268 sec)
exp034-n2048-k10-d260-bs70-f1.000-r00:960190.438: Loop 31/100
exp034-n2048-k10-d260-bs70-f1.000-r00:983016.140: log(exp-norms): [2047.94, 2050.17, 2051.96]
exp034-n2048-k10-d260-bs70-f1.000-r00:983016.141: log(norms):     [2047.94, 2050.96, 2054.01, 2054.04, 2054.23, 2054.22, 2054.15, 2054.23, 2054.25, 2054.27]
exp034-n2048-k10-d260-bs70-f1.000-r00:983016.168: (22826 sec)
exp034-n2048-k10-d260-bs70-f1.000-r00:983016.168: Loop 32/100
exp034-n2048-k10-d260-bs70-f1.000-r00:1006789.020: log(exp-norms): [2047.94, 2050.17, 2051.96]
exp034-n2048-k10-d260-bs70-f1.000-r00:1006789.020: log(norms):     [2047.94, 2050.96, 2054.01, 2054.04, 2054.23, 2054.22, 2054.15, 2054.23, 2054.34, 2054.31]
exp034-n2048-k10-d260-bs70-f1.000-r00:1006789.047: (23773 sec)
exp034-n2048-k10-d260-bs70-f1.000-r00:1006789.047: Loop 33/100
exp034-n2048-k10-d260-bs70-f1.000-r00:1028874.843: log(exp-norms): [2047.94, 2050.17, 2051.96]
exp034-n2048-k10-d260-bs70-f1.000-r00:1028874.844: log(norms):     [2047.94, 2050.96, 2054.01, 2054.04, 2054.22, 2054.23, 2054.22, 2054.15, 2054.34, 2054.23]
exp034-n2048-k10-d260-bs70-f1.000-r00:1028874.871: (22086 sec)
exp034-n2048-k10-d260-bs70-f1.000-r00:1028874.871: Loop 34/100
exp034-n2048-k10-d260-bs70-f1.000-r00:1051859.954: log(exp-norms): [2047.94, 2050.17, 2051.96]
exp034-n2048-k10-d260-bs70-f1.000-r00:1051859.955: log(norms):     [2047.94, 2050.96, 2054.01, 2054.04, 2054.22, 2054.06, 2054.23, 2054.22, 2054.15, 2054.34]
exp034-n2048-k10-d260-bs70-f1.000-r00:1051859.981: (22986 sec)
exp034-n2048-k10-d260-bs70-f1.000-r00:1051859.981: Loop 35/100
exp034-n2048-k10-d260-bs70-f1.000-r00:1074248.486: log(exp-norms): [2047.94, 2050.17, 2051.96]
exp034-n2048-k10-d260-bs70-f1.000-r00:1074248.487: log(norms):     [2047.94, 2050.96, 2054.01, 2054.04, 2054.22, 2054.06, 2054.23, 2054.22, 2054.14, 2054.27]
exp034-n2048-k10-d260-bs70-f1.000-r00:1074248.513: (22389 sec)
exp034-n2048-k10-d260-bs70-f1.000-r00:1074248.514: Loop 36/100
exp034-n2048-k10-d260-bs70-f1.000-r00:1097563.742: log(exp-norms): [2047.94, 2050.17, 2051.96]
exp034-n2048-k10-d260-bs70-f1.000-r00:1097563.743: log(norms):     [2047.94, 2050.96, 2054.01, 2054.04, 2054.22, 2054.06, 2054.14, 2054.23, 2054.22, 2054.27]
exp034-n2048-k10-d260-bs70-f1.000-r00:1097563.769: (23316 sec)
exp034-n2048-k10-d260-bs70-f1.000-r00:1097563.770: Loop 37/100
exp034-n2048-k10-d260-bs70-f1.000-r00:1119680.245: log(exp-norms): [2047.94, 2050.17, 2051.96]
exp034-n2048-k10-d260-bs70-f1.000-r00:1119680.246: log(norms):     [2047.94, 2050.96, 2054.01, 2054.04, 2054.05, 2054.22, 2054.06, 2054.2, 2054.4, 2054.27]
exp034-n2048-k10-d260-bs70-f1.000-r00:1119680.272: (22117 sec)
exp034-n2048-k10-d260-bs70-f1.000-r00:1119680.273: Loop 38/100
exp034-n2048-k10-d260-bs70-f1.000-r00:1146759.983: log(exp-norms): [2047.94, 2050.17, 2051.96]
exp034-n2048-k10-d260-bs70-f1.000-r00:1146759.984: log(norms):     [2047.94, 2050.96, 2054.01, 2054.04, 2054.05, 2054.22, 2054.06, 2054.2, 2054.14, 2054.26]
exp034-n2048-k10-d260-bs70-f1.000-r00:1146760.011: (27080 sec)
exp034-n2048-k10-d260-bs70-f1.000-r00:1146760.011: Loop 39/100
exp034-n2048-k10-d260-bs70-f1.000-r00:1170835.294: log(exp-norms): [2047.94, 2050.17, 2051.96]
exp034-n2048-k10-d260-bs70-f1.000-r00:1170835.295: log(norms):     [2047.94, 2050.96, 2053.97, 2054.01, 2054.04, 2054.08, 2054.05, 2054.06, 2054.22, 2054.22]
exp034-n2048-k10-d260-bs70-f1.000-r00:1170835.321: (24076 sec)
exp034-n2048-k10-d260-bs70-f1.000-r00:1170835.321: Loop 40/100
exp034-n2048-k10-d260-bs70-f1.000-r00:1194977.766: log(exp-norms): [2047.94, 2050.17, 2051.96]
exp034-n2048-k10-d260-bs70-f1.000-r00:1194977.767: log(norms):     [2047.94, 2050.96, 2053.97, 2054.01, 2054.04, 2054.08, 2054.05, 2054.14, 2054.06, 2054.25]
exp034-n2048-k10-d260-bs70-f1.000-r00:1194977.793: (24143 sec)
exp034-n2048-k10-d260-bs70-f1.000-r00:1194977.794: Loop 41/100
exp034-n2048-k10-d260-bs70-f1.000-r00:1218713.768: log(exp-norms): [2047.94, 2050.17, 2051.96]
exp034-n2048-k10-d260-bs70-f1.000-r00:1218713.769: log(norms):     [2047.94, 2050.96, 2053.97, 2054.01, 2054.04, 2054.08, 2054.05, 2054.14, 2054.28, 2054.06]
exp034-n2048-k10-d260-bs70-f1.000-r00:1218713.796: (23737 sec)
exp034-n2048-k10-d260-bs70-f1.000-r00:1218713.796: Loop 42/100
exp034-n2048-k10-d260-bs70-f1.000-r00:1241312.704: log(exp-norms): [2047.94, 2050.17, 2051.96]
exp034-n2048-k10-d260-bs70-f1.000-r00:1241312.704: log(norms):     [2047.94, 2050.96, 2053.97, 2054.01, 2054.04, 2054.08, 2054.05, 2054.14, 2054.28, 2054.06]
exp034-n2048-k10-d260-bs70-f1.000-r00:1241312.730: (22599 sec)
exp034-n2048-k10-d260-bs70-f1.000-r00:1241312.731: Loop 43/100
exp034-n2048-k10-d260-bs70-f1.000-r00:1267349.899: log(exp-norms): [2047.94, 2050.17, 2051.96]
exp034-n2048-k10-d260-bs70-f1.000-r00:1267349.900: log(norms):     [2047.94, 2050.96, 2053.97, 2054.01, 2054.04, 2054.08, 2054.05, 2054.14, 2054.28, 2054.06]
exp034-n2048-k10-d260-bs70-f1.000-r00:1267349.927: (26038 sec)
exp034-n2048-k10-d260-bs70-f1.000-r00:1267349.928: Loop 44/100
exp034-n2048-k10-d260-bs70-f1.000-r00:1289323.921: log(exp-norms): [2047.94, 2050.17, 2051.96]
exp034-n2048-k10-d260-bs70-f1.000-r00:1289323.922: log(norms):     [2047.94, 2050.96, 2053.97, 2054.01, 2054.04, 2054.08, 2054.05, 2054.14, 2054.28, 2054.06]
exp034-n2048-k10-d260-bs70-f1.000-r00:1289323.948: (21975 sec)
exp034-n2048-k10-d260-bs70-f1.000-r00:1289323.949: Loop 45/100
exp034-n2048-k10-d260-bs70-f1.000-r00:1313830.362: log(exp-norms): [2047.94, 2050.17, 2051.96]
exp034-n2048-k10-d260-bs70-f1.000-r00:1313830.363: log(norms):     [2047.94, 2050.96, 2053.97, 2054.01, 2054.04, 2054.08, 2054.05, 2054.14, 2054.28, 2054.14]
exp034-n2048-k10-d260-bs70-f1.000-r00:1313830.390: (24507 sec)
exp034-n2048-k10-d260-bs70-f1.000-r00:1313830.390: Loop 46/100
exp034-n2048-k10-d260-bs70-f1.000-r00:1336589.998: log(exp-norms): [2047.94, 2050.17, 2051.96]
exp034-n2048-k10-d260-bs70-f1.000-r00:1336590.000: log(norms):     [2047.94, 2050.96, 2053.97, 2054.01, 2054.04, 2054.08, 2054.05, 2054.14, 2054.28, 2054.14]
exp034-n2048-k10-d260-bs70-f1.000-r00:1336590.042: (22760 sec)
exp034-n2048-k10-d260-bs70-f1.000-r00:1336590.043: Loop 47/100
exp034-n2048-k10-d260-bs70-f1.000-r00:1360252.799: log(exp-norms): [2047.94, 2050.17, 2051.96]
exp034-n2048-k10-d260-bs70-f1.000-r00:1360252.800: log(norms):     [2047.94, 2050.96, 2053.97, 2054.01, 2054.04, 2054.08, 2054.05, 2054.14, 2054.28, 2054.14]
exp034-n2048-k10-d260-bs70-f1.000-r00:1360252.827: (23663 sec)
exp034-n2048-k10-d260-bs70-f1.000-r00:1360252.827: Loop 48/100
exp034-n2048-k10-d260-bs70-f1.000-r00:1382305.268: log(exp-norms): [2047.94, 2050.17, 2051.96]
exp034-n2048-k10-d260-bs70-f1.000-r00:1382305.269: log(norms):     [2047.94, 2050.96, 2053.97, 2054.06, 2054.01, 2054.05, 2054.04, 2054.08, 2054.2, 2054.14]
exp034-n2048-k10-d260-bs70-f1.000-r00:1382305.296: (22053 sec)
exp034-n2048-k10-d260-bs70-f1.000-r00:1382305.296: Loop 49/100
exp034-n2048-k10-d260-bs70-f1.000-r00:1404239.435: log(exp-norms): [2047.94, 2050.17, 2051.96]
exp034-n2048-k10-d260-bs70-f1.000-r00:1404239.436: log(norms):     [2047.94, 2050.96, 2053.97, 2054.06, 2054.01, 2054.05, 2054.04, 2054.08, 2054.2, 2054.19]
exp034-n2048-k10-d260-bs70-f1.000-r00:1404239.462: (21935 sec)
exp034-n2048-k10-d260-bs70-f1.000-r00:1404239.462: Loop 50/100
exp034-n2048-k10-d260-bs70-f1.000-r00:1427222.910: log(exp-norms): [2047.94, 2050.17, 2051.96]
exp034-n2048-k10-d260-bs70-f1.000-r00:1427222.911: log(norms):     [2047.94, 2050.96, 2053.97, 2054.06, 2054.01, 2054.05, 2054.04, 2054.08, 2054.2, 2054.19]
exp034-n2048-k10-d260-bs70-f1.000-r00:1427222.938: (22984 sec)
exp034-n2048-k10-d260-bs70-f1.000-r00:1427222.938: Loop 51/100
exp034-n2048-k10-d260-bs70-f1.000-r00:1449620.480: log(exp-norms): [2047.94, 2050.17, 2051.96]
exp034-n2048-k10-d260-bs70-f1.000-r00:1449620.481: log(norms):     [2047.94, 2050.96, 2053.97, 2054.06, 2054.01, 2054.05, 2054.04, 2054.08, 2054.2, 2054.18]
exp034-n2048-k10-d260-bs70-f1.000-r00:1449620.507: (22398 sec)
exp034-n2048-k10-d260-bs70-f1.000-r00:1449620.508: Loop 52/100
exp034-n2048-k10-d260-bs70-f1.000-r00:1473140.929: log(exp-norms): [2047.94, 2050.17, 2051.96]
exp034-n2048-k10-d260-bs70-f1.000-r00:1473140.930: log(norms):     [2047.94, 2050.96, 2053.97, 2054.06, 2054.18, 2054.01, 2054.05, 2054.04, 2054.08, 2054.18]
exp034-n2048-k10-d260-bs70-f1.000-r00:1473140.957: (23521 sec)
exp034-n2048-k10-d260-bs70-f1.000-r00:1473140.957: Loop 53/100
exp034-n2048-k10-d260-bs70-f1.000-r00:1494613.616: log(exp-norms): [2047.94, 2050.17, 2051.96]
exp034-n2048-k10-d260-bs70-f1.000-r00:1494613.617: log(norms):     [2047.94, 2050.96, 2053.97, 2054.06, 2054.18, 2054.01, 2054.05, 2054.04, 2054.41, 2054.08]
exp034-n2048-k10-d260-bs70-f1.000-r00:1494613.643: (21473 sec)
exp034-n2048-k10-d260-bs70-f1.000-r00:1494613.644: Loop 54/100
exp034-n2048-k10-d260-bs70-f1.000-r00:1517177.079: log(exp-norms): [2047.94, 2050.17, 2051.96]
exp034-n2048-k10-d260-bs70-f1.000-r00:1517177.080: log(norms):     [2047.94, 2050.96, 2053.97, 2054.06, 2054.18, 2054.01, 2054.05, 2054.04, 2054.41, 2054.08]
exp034-n2048-k10-d260-bs70-f1.000-r00:1517177.106: (22564 sec)
exp034-n2048-k10-d260-bs70-f1.000-r00:1517177.107: Loop 55/100
exp034-n2048-k10-d260-bs70-f1.000-r00:1539441.179: log(exp-norms): [2047.94, 2050.17, 2051.96]
exp034-n2048-k10-d260-bs70-f1.000-r00:1539441.180: log(norms):     [2047.94, 2050.96, 2053.97, 2054.06, 2054.18, 2054.01, 2054.05, 2054.04, 2054.41, 2054.08]
exp034-n2048-k10-d260-bs70-f1.000-r00:1539441.207: (22265 sec)
exp034-n2048-k10-d260-bs70-f1.000-r00:1539441.208: Loop 56/100
exp034-n2048-k10-d260-bs70-f1.000-r00:1562394.788: log(exp-norms): [2047.94, 2050.17, 2051.96]
exp034-n2048-k10-d260-bs70-f1.000-r00:1562394.788: log(norms):     [2047.94, 2050.96, 2053.97, 2054.06, 2054.18, 2054.01, 2054.05, 2054.04, 2054.41, 2054.33]
exp034-n2048-k10-d260-bs70-f1.000-r00:1562394.815: (22954 sec)
exp034-n2048-k10-d260-bs70-f1.000-r00:1562394.815: Loop 57/100
exp034-n2048-k10-d260-bs70-f1.000-r00:1585124.725: log(exp-norms): [2047.94, 2050.17, 2051.96]
exp034-n2048-k10-d260-bs70-f1.000-r00:1585124.726: log(norms):     [2047.94, 2050.96, 2053.97, 2054.06, 2054.18, 2054.01, 2054.14, 2054.05, 2054.16, 2054.04]
exp034-n2048-k10-d260-bs70-f1.000-r00:1585124.752: (22730 sec)
exp034-n2048-k10-d260-bs70-f1.000-r00:1585124.752: Loop 58/100
exp034-n2048-k10-d260-bs70-f1.000-r00:1607349.314: log(exp-norms): [2047.94, 2050.17, 2051.96]
exp034-n2048-k10-d260-bs70-f1.000-r00:1607349.315: log(norms):     [2047.94, 2050.96, 2053.97, 2054.06, 2054.18, 2054.01, 2054.14, 2054.35, 2054.35, 2054.16]
exp034-n2048-k10-d260-bs70-f1.000-r00:1607349.342: (22225 sec)
exp034-n2048-k10-d260-bs70-f1.000-r00:1607349.342: Loop 59/100
exp034-n2048-k10-d260-bs70-f1.000-r00:1634205.876: log(exp-norms): [2047.94, 2050.17, 2051.96]
exp034-n2048-k10-d260-bs70-f1.000-r00:1634205.877: log(norms):     [2047.94, 2050.96, 2053.97, 2054.06, 2054.18, 2054.21, 2054.01, 2054.14, 2054.27, 2054.17]
exp034-n2048-k10-d260-bs70-f1.000-r00:1634205.907: (26857 sec)
exp034-n2048-k10-d260-bs70-f1.000-r00:1634205.907: Loop 60/100
