exp021-n2048-k09-d320-bs60-f1.000-r00:000000.274: ==========================Instance==========================
exp021-n2048-k09-d320-bs60-f1.000-r00:000000.274: # of equations: 320
exp021-n2048-k09-d320-bs60-f1.000-r00:000000.279: Gap: 4.82
exp021-n2048-k09-d320-bs60-f1.000-r00:000000.290: Tau: 5.36
exp021-n2048-k09-d320-bs60-f1.000-r00:000000.291: ======================BKZ-60 reduction======================
exp021-n2048-k09-d320-bs60-f1.000-r00:000013.403: Expectedly achievable log(norm): 2055.76
exp021-n2048-k09-d320-bs60-f1.000-r00:000026.127: log(exp-norms): [2047.94, 2050.32, 2052.59]
exp021-n2048-k09-d320-bs60-f1.000-r00:000026.127: log(norms):     [2060.33, 2051.11, 2056.89, 2056.89, 2056.89, 2056.89, 2056.89, 2056.89, 2056.89, 2056.89]
exp021-n2048-k09-d320-bs60-f1.000-r00:000026.232: Loop 1/100
exp021-n2048-k09-d320-bs60-f1.000-r00:020335.865: log(exp-norms): [2047.94, 2050.32, 2052.59]
exp021-n2048-k09-d320-bs60-f1.000-r00:020335.865: log(norms):     [2051.11, 2056.89, 2056.89, 2056.89, 2056.89, 2056.89, 2056.89, 2056.89, 2056.89, 2056.89]
exp021-n2048-k09-d320-bs60-f1.000-r00:020335.922: (20310 sec)
exp021-n2048-k09-d320-bs60-f1.000-r00:020335.923: Loop 2/100
exp021-n2048-k09-d320-bs60-f1.000-r00:027328.814: log(exp-norms): [2047.94, 2050.32, 2052.59]
exp021-n2048-k09-d320-bs60-f1.000-r00:027328.815: log(norms):     [2051.11, 2056.89, 2056.89, 2056.89, 2056.89, 2056.89, 2056.89, 2056.89, 2056.89, 2056.89]
exp021-n2048-k09-d320-bs60-f1.000-r00:027328.870: (6993 sec)
exp021-n2048-k09-d320-bs60-f1.000-r00:027328.870: Loop 3/100
exp021-n2048-k09-d320-bs60-f1.000-r00:033967.876: log(exp-norms): [2047.94, 2050.32, 2052.59]
exp021-n2048-k09-d320-bs60-f1.000-r00:033967.876: log(norms):     [2051.11, 2056.89, 2056.89, 2056.89, 2056.89, 2056.89, 2056.89, 2056.89, 2056.89, 2056.89]
exp021-n2048-k09-d320-bs60-f1.000-r00:033967.933: (6640 sec)
exp021-n2048-k09-d320-bs60-f1.000-r00:033967.933: Loop 4/100
exp021-n2048-k09-d320-bs60-f1.000-r00:040648.216: log(exp-norms): [2047.94, 2050.32, 2052.59]
exp021-n2048-k09-d320-bs60-f1.000-r00:040648.217: log(norms):     [2051.11, 2056.89, 2056.89, 2056.89, 2056.89, 2056.89, 2056.89, 2056.89, 2056.89, 2056.89]
exp021-n2048-k09-d320-bs60-f1.000-r00:040648.272: (6681 sec)
exp021-n2048-k09-d320-bs60-f1.000-r00:040648.273: Loop 5/100
exp021-n2048-k09-d320-bs60-f1.000-r00:047163.433: log(exp-norms): [2047.94, 2050.32, 2052.59]
exp021-n2048-k09-d320-bs60-f1.000-r00:047163.435: log(norms):     [2051.11, 2056.89, 2056.89, 2056.89, 2056.89, 2056.89, 2056.89, 2056.89, 2056.89, 2056.89]
exp021-n2048-k09-d320-bs60-f1.000-r00:047163.493: (6516 sec)
exp021-n2048-k09-d320-bs60-f1.000-r00:047163.493: Loop 6/100
exp021-n2048-k09-d320-bs60-f1.000-r00:053382.328: log(exp-norms): [2047.94, 2050.32, 2052.59]
exp021-n2048-k09-d320-bs60-f1.000-r00:053382.330: log(norms):     [2051.11, 2056.89, 2056.89, 2056.89, 2056.89, 2056.89, 2056.89, 2056.89, 2056.89, 2056.89]
exp021-n2048-k09-d320-bs60-f1.000-r00:053382.387: (6219 sec)
exp021-n2048-k09-d320-bs60-f1.000-r00:053382.388: Loop 7/100
exp021-n2048-k09-d320-bs60-f1.000-r00:059480.891: log(exp-norms): [2047.94, 2050.32, 2052.59]
exp021-n2048-k09-d320-bs60-f1.000-r00:059480.893: log(norms):     [2051.11, 2056.89, 2056.89, 2056.89, 2056.89, 2056.89, 2056.89, 2057.03, 2057.09, 2057.15]
exp021-n2048-k09-d320-bs60-f1.000-r00:059480.952: (6099 sec)
exp021-n2048-k09-d320-bs60-f1.000-r00:059480.953: Loop 8/100
exp021-n2048-k09-d320-bs60-f1.000-r00:065411.256: log(exp-norms): [2047.94, 2050.32, 2052.59]
exp021-n2048-k09-d320-bs60-f1.000-r00:065411.258: log(norms):     [2051.11, 2056.8, 2056.89, 2056.89, 2057.08, 2057.07, 2056.89, 2057.0, 2056.95, 2057.07]
exp021-n2048-k09-d320-bs60-f1.000-r00:065411.315: (5931 sec)
exp021-n2048-k09-d320-bs60-f1.000-r00:065411.315: Loop 9/100
exp021-n2048-k09-d320-bs60-f1.000-r00:071323.031: log(exp-norms): [2047.94, 2050.32, 2052.59]
exp021-n2048-k09-d320-bs60-f1.000-r00:071323.032: log(norms):     [2051.11, 2056.7, 2056.74, 2056.88, 2056.71, 2056.89, 2056.84, 2056.98, 2056.76, 2056.86]
exp021-n2048-k09-d320-bs60-f1.000-r00:071323.088: (5912 sec)
exp021-n2048-k09-d320-bs60-f1.000-r00:071323.089: Loop 10/100
exp021-n2048-k09-d320-bs60-f1.000-r00:077346.734: log(exp-norms): [2047.94, 2050.32, 2052.59]
exp021-n2048-k09-d320-bs60-f1.000-r00:077346.735: log(norms):     [2051.11, 2056.49, 2056.57, 2056.61, 2056.68, 2056.76, 2056.62, 2056.57, 2056.73, 2056.56]
exp021-n2048-k09-d320-bs60-f1.000-r00:077346.792: (6024 sec)
exp021-n2048-k09-d320-bs60-f1.000-r00:077346.793: Loop 11/100
exp021-n2048-k09-d320-bs60-f1.000-r00:083191.399: log(exp-norms): [2047.94, 2050.32, 2052.59]
exp021-n2048-k09-d320-bs60-f1.000-r00:083191.400: log(norms):     [2051.11, 2056.42, 2056.46, 2056.52, 2056.69, 2056.49, 2056.56, 2056.7, 2056.7, 2056.61]
exp021-n2048-k09-d320-bs60-f1.000-r00:083191.458: (5845 sec)
exp021-n2048-k09-d320-bs60-f1.000-r00:083191.458: Loop 12/100
exp021-n2048-k09-d320-bs60-f1.000-r00:089054.942: log(exp-norms): [2047.94, 2050.32, 2052.59]
exp021-n2048-k09-d320-bs60-f1.000-r00:089054.944: log(norms):     [2051.11, 2056.4, 2056.43, 2056.42, 2056.42, 2056.5, 2056.42, 2056.47, 2056.43, 2056.46]
exp021-n2048-k09-d320-bs60-f1.000-r00:089054.998: (5864 sec)
exp021-n2048-k09-d320-bs60-f1.000-r00:089054.999: Loop 13/100
exp021-n2048-k09-d320-bs60-f1.000-r00:094577.606: log(exp-norms): [2047.94, 2050.32, 2052.59]
exp021-n2048-k09-d320-bs60-f1.000-r00:094577.607: log(norms):     [2051.11, 2056.28, 2056.34, 2056.34, 2056.45, 2056.32, 2056.47, 2056.59, 2056.3, 2056.55]
exp021-n2048-k09-d320-bs60-f1.000-r00:094577.663: (5523 sec)
exp021-n2048-k09-d320-bs60-f1.000-r00:094577.664: Loop 14/100
exp021-n2048-k09-d320-bs60-f1.000-r00:100103.897: log(exp-norms): [2047.94, 2050.32, 2052.59]
exp021-n2048-k09-d320-bs60-f1.000-r00:100103.898: log(norms):     [2051.11, 2056.26, 2056.27, 2056.33, 2056.28, 2056.27, 2056.48, 2056.28, 2056.39, 2056.55]
exp021-n2048-k09-d320-bs60-f1.000-r00:100103.953: (5527 sec)
exp021-n2048-k09-d320-bs60-f1.000-r00:100103.954: Loop 15/100
exp021-n2048-k09-d320-bs60-f1.000-r00:105774.579: log(exp-norms): [2047.94, 2050.32, 2052.59]
exp021-n2048-k09-d320-bs60-f1.000-r00:105774.579: log(norms):     [2047.94, 2051.11, 2056.17, 2056.19, 2056.35, 2056.21, 2056.25, 2056.27, 2056.48, 2056.3]
exp021-n2048-k09-d320-bs60-f1.000-r00:105774.635: (5671 sec)
exp021-n2048-k09-d320-bs60-f1.000-r00:105774.636: Loop 16/100
exp021-n2048-k09-d320-bs60-f1.000-r00:111373.094: log(exp-norms): [2047.94, 2050.32, 2052.59]
exp021-n2048-k09-d320-bs60-f1.000-r00:111373.095: log(norms):     [2047.94, 2051.11, 2056.07, 2056.12, 2056.13, 2056.12, 2056.29, 2056.3, 2056.26, 2056.33]
exp021-n2048-k09-d320-bs60-f1.000-r00:111373.151: (5599 sec)
exp021-n2048-k09-d320-bs60-f1.000-r00:111373.152: Loop 17/100
exp021-n2048-k09-d320-bs60-f1.000-r00:117058.314: log(exp-norms): [2047.94, 2050.32, 2052.59]
exp021-n2048-k09-d320-bs60-f1.000-r00:117058.321: log(norms):     [2047.94, 2051.11, 2056.05, 2056.12, 2056.26, 2056.07, 2056.17, 2056.2, 2056.3, 2056.24]
exp021-n2048-k09-d320-bs60-f1.000-r00:117058.378: (5686 sec)
exp021-n2048-k09-d320-bs60-f1.000-r00:117058.378: Loop 18/100
exp021-n2048-k09-d320-bs60-f1.000-r00:122550.761: log(exp-norms): [2047.94, 2050.32, 2052.59]
exp021-n2048-k09-d320-bs60-f1.000-r00:122550.762: log(norms):     [2047.94, 2051.11, 2056.0, 2056.09, 2056.05, 2056.1, 2056.16, 2056.11, 2056.13, 2056.27]
exp021-n2048-k09-d320-bs60-f1.000-r00:122550.822: (5493 sec)
exp021-n2048-k09-d320-bs60-f1.000-r00:122550.823: Loop 19/100
exp021-n2048-k09-d320-bs60-f1.000-r00:127936.856: log(exp-norms): [2047.94, 2050.32, 2052.59]
exp021-n2048-k09-d320-bs60-f1.000-r00:127936.858: log(norms):     [2047.94, 2051.11, 2055.97, 2056.0, 2056.09, 2056.21, 2056.26, 2056.2, 2056.19, 2056.34]
exp021-n2048-k09-d320-bs60-f1.000-r00:127936.914: (5387 sec)
exp021-n2048-k09-d320-bs60-f1.000-r00:127936.915: Loop 20/100
exp021-n2048-k09-d320-bs60-f1.000-r00:133494.855: log(exp-norms): [2047.94, 2050.32, 2052.59]
exp021-n2048-k09-d320-bs60-f1.000-r00:133494.856: log(norms):     [2047.94, 2051.11, 2055.92, 2055.96, 2055.97, 2055.97, 2056.07, 2056.14, 2056.02, 2056.04]
exp021-n2048-k09-d320-bs60-f1.000-r00:133494.929: (5559 sec)
exp021-n2048-k09-d320-bs60-f1.000-r00:133494.930: Loop 21/100
exp021-n2048-k09-d320-bs60-f1.000-r00:139667.709: log(exp-norms): [2047.94, 2050.32, 2052.59]
exp021-n2048-k09-d320-bs60-f1.000-r00:139667.710: log(norms):     [2047.94, 2051.11, 2055.9, 2055.92, 2055.97, 2055.97, 2056.18, 2056.0, 2056.12, 2056.16]
exp021-n2048-k09-d320-bs60-f1.000-r00:139667.767: (6173 sec)
exp021-n2048-k09-d320-bs60-f1.000-r00:139667.768: Loop 22/100
exp021-n2048-k09-d320-bs60-f1.000-r00:145706.682: log(exp-norms): [2047.94, 2050.32, 2052.59]
exp021-n2048-k09-d320-bs60-f1.000-r00:145706.682: log(norms):     [2047.94, 2051.11, 2055.9, 2055.92, 2055.97, 2056.09, 2055.97, 2056.16, 2056.18, 2056.0]
exp021-n2048-k09-d320-bs60-f1.000-r00:145706.740: (6039 sec)
exp021-n2048-k09-d320-bs60-f1.000-r00:145706.741: Loop 23/100
exp021-n2048-k09-d320-bs60-f1.000-r00:151931.713: log(exp-norms): [2047.94, 2050.32, 2052.59]
exp021-n2048-k09-d320-bs60-f1.000-r00:151931.714: log(norms):     [2047.94, 2051.11, 2055.9, 2055.92, 2055.97, 2056.09, 2055.93, 2055.9, 2056.04, 2055.91]
exp021-n2048-k09-d320-bs60-f1.000-r00:151931.769: (6226 sec)
exp021-n2048-k09-d320-bs60-f1.000-r00:151931.770: Loop 24/100
exp021-n2048-k09-d320-bs60-f1.000-r00:157987.150: log(exp-norms): [2047.94, 2050.32, 2052.59]
exp021-n2048-k09-d320-bs60-f1.000-r00:157987.152: log(norms):     [2047.94, 2051.11, 2055.81, 2055.87, 2055.95, 2055.91, 2055.91, 2055.95, 2056.08, 2056.04]
exp021-n2048-k09-d320-bs60-f1.000-r00:157987.208: (6056 sec)
exp021-n2048-k09-d320-bs60-f1.000-r00:157987.208: Loop 25/100
exp021-n2048-k09-d320-bs60-f1.000-r00:163995.484: log(exp-norms): [2047.94, 2050.32, 2052.59]
exp021-n2048-k09-d320-bs60-f1.000-r00:163995.486: log(norms):     [2047.94, 2051.11, 2055.8, 2055.81, 2055.87, 2055.95, 2055.98, 2056.03, 2056.06, 2056.08]
exp021-n2048-k09-d320-bs60-f1.000-r00:163995.541: (6009 sec)
exp021-n2048-k09-d320-bs60-f1.000-r00:163995.542: Loop 26/100
exp021-n2048-k09-d320-bs60-f1.000-r00:170038.892: log(exp-norms): [2047.94, 2050.32, 2052.59]
exp021-n2048-k09-d320-bs60-f1.000-r00:170038.893: log(norms):     [2047.94, 2051.11, 2055.8, 2055.81, 2056.02, 2056.06, 2055.98, 2055.87, 2056.14, 2056.08]
exp021-n2048-k09-d320-bs60-f1.000-r00:170038.950: (6044 sec)
exp021-n2048-k09-d320-bs60-f1.000-r00:170038.950: Loop 27/100
exp021-n2048-k09-d320-bs60-f1.000-r00:176010.336: log(exp-norms): [2047.94, 2050.32, 2052.59]
exp021-n2048-k09-d320-bs60-f1.000-r00:176010.337: log(norms):     [2047.94, 2051.11, 2055.79, 2055.8, 2055.81, 2055.9, 2056.02, 2056.06, 2055.99, 2056.11]
exp021-n2048-k09-d320-bs60-f1.000-r00:176010.393: (5972 sec)
exp021-n2048-k09-d320-bs60-f1.000-r00:176010.393: Loop 28/100
exp021-n2048-k09-d320-bs60-f1.000-r00:182024.733: log(exp-norms): [2047.94, 2050.32, 2052.59]
exp021-n2048-k09-d320-bs60-f1.000-r00:182024.733: log(norms):     [2047.94, 2051.11, 2055.55, 2055.81, 2055.8, 2055.91, 2055.84, 2055.9, 2055.79, 2055.97]
exp021-n2048-k09-d320-bs60-f1.000-r00:182024.790: (6015 sec)
exp021-n2048-k09-d320-bs60-f1.000-r00:182024.790: Loop 29/100
exp021-n2048-k09-d320-bs60-f1.000-r00:188164.736: log(exp-norms): [2047.94, 2050.32, 2052.59]
exp021-n2048-k09-d320-bs60-f1.000-r00:188164.737: log(norms):     [2047.94, 2051.11, 2055.55, 2055.81, 2055.8, 2055.91, 2055.84, 2056.0, 2056.06, 2056.08]
exp021-n2048-k09-d320-bs60-f1.000-r00:188164.793: (6141 sec)
exp021-n2048-k09-d320-bs60-f1.000-r00:188164.793: Loop 30/100
exp021-n2048-k09-d320-bs60-f1.000-r00:194185.591: log(exp-norms): [2047.94, 2050.32, 2052.59]
exp021-n2048-k09-d320-bs60-f1.000-r00:194185.593: log(norms):     [2047.94, 2051.11, 2055.55, 2055.81, 2055.8, 2055.91, 2055.92, 2056.06, 2055.84, 2055.95]
exp021-n2048-k09-d320-bs60-f1.000-r00:194185.649: (6021 sec)
exp021-n2048-k09-d320-bs60-f1.000-r00:194185.649: Loop 31/100
exp021-n2048-k09-d320-bs60-f1.000-r00:200082.275: log(exp-norms): [2047.94, 2050.32, 2052.59]
exp021-n2048-k09-d320-bs60-f1.000-r00:200082.276: log(norms):     [2047.94, 2051.11, 2055.55, 2055.81, 2055.8, 2055.91, 2055.92, 2056.06, 2055.84, 2055.95]
exp021-n2048-k09-d320-bs60-f1.000-r00:200082.312: (5897 sec)
exp021-n2048-k09-d320-bs60-f1.000-r00:200082.312: Loop 32/100
exp021-n2048-k09-d320-bs60-f1.000-r00:206133.188: log(exp-norms): [2047.94, 2050.32, 2052.59]
exp021-n2048-k09-d320-bs60-f1.000-r00:206133.189: log(norms):     [2047.94, 2051.11, 2055.55, 2055.81, 2055.8, 2055.91, 2055.92, 2056.06, 2055.89, 2056.12]
exp021-n2048-k09-d320-bs60-f1.000-r00:206133.260: (6051 sec)
exp021-n2048-k09-d320-bs60-f1.000-r00:206133.260: Loop 33/100
exp021-n2048-k09-d320-bs60-f1.000-r00:212217.066: log(exp-norms): [2047.94, 2050.32, 2052.59]
exp021-n2048-k09-d320-bs60-f1.000-r00:212217.067: log(norms):     [2047.94, 2051.11, 2055.55, 2055.81, 2055.8, 2055.91, 2055.92, 2056.06, 2055.98, 2055.9]
exp021-n2048-k09-d320-bs60-f1.000-r00:212217.123: (6084 sec)
exp021-n2048-k09-d320-bs60-f1.000-r00:212217.123: Loop 34/100
exp021-n2048-k09-d320-bs60-f1.000-r00:218196.569: log(exp-norms): [2047.94, 2050.32, 2052.59]
exp021-n2048-k09-d320-bs60-f1.000-r00:218196.570: log(norms):     [2047.94, 2051.11, 2055.55, 2055.81, 2055.8, 2055.9, 2055.79, 2055.98, 2055.94, 2055.94]
exp021-n2048-k09-d320-bs60-f1.000-r00:218196.626: (5980 sec)
exp021-n2048-k09-d320-bs60-f1.000-r00:218196.627: Loop 35/100
exp021-n2048-k09-d320-bs60-f1.000-r00:224231.957: log(exp-norms): [2047.94, 2050.32, 2052.59]
exp021-n2048-k09-d320-bs60-f1.000-r00:224231.958: log(norms):     [2047.94, 2051.11, 2055.55, 2055.81, 2055.8, 2055.9, 2055.88, 2055.9, 2055.85, 2055.94]
exp021-n2048-k09-d320-bs60-f1.000-r00:224232.027: (6036 sec)
exp021-n2048-k09-d320-bs60-f1.000-r00:224232.027: Loop 36/100
exp021-n2048-k09-d320-bs60-f1.000-r00:230151.113: log(exp-norms): [2047.94, 2050.32, 2052.59]
exp021-n2048-k09-d320-bs60-f1.000-r00:230151.114: log(norms):     [2047.94, 2051.11, 2055.55, 2055.81, 2055.8, 2055.9, 2055.88, 2055.9, 2055.84, 2055.89]
exp021-n2048-k09-d320-bs60-f1.000-r00:230151.171: (5920 sec)
exp021-n2048-k09-d320-bs60-f1.000-r00:230151.172: Loop 37/100
exp021-n2048-k09-d320-bs60-f1.000-r00:236254.464: log(exp-norms): [2047.94, 2050.32, 2052.59]
exp021-n2048-k09-d320-bs60-f1.000-r00:236254.466: log(norms):     [2047.94, 2051.11, 2055.55, 2055.81, 2055.84, 2055.8, 2055.9, 2055.88, 2055.9, 2056.1]
exp021-n2048-k09-d320-bs60-f1.000-r00:236254.522: (6104 sec)
exp021-n2048-k09-d320-bs60-f1.000-r00:236254.522: Loop 38/100
exp021-n2048-k09-d320-bs60-f1.000-r00:242213.862: log(exp-norms): [2047.94, 2050.32, 2052.59]
exp021-n2048-k09-d320-bs60-f1.000-r00:242213.863: log(norms):     [2047.94, 2051.11, 2055.55, 2055.81, 2055.84, 2055.8, 2056.04, 2055.9, 2055.88, 2055.9]
exp021-n2048-k09-d320-bs60-f1.000-r00:242213.921: (5960 sec)
exp021-n2048-k09-d320-bs60-f1.000-r00:242213.922: Loop 39/100
exp021-n2048-k09-d320-bs60-f1.000-r00:248271.700: log(exp-norms): [2047.94, 2050.32, 2052.59]
exp021-n2048-k09-d320-bs60-f1.000-r00:248271.700: log(norms):     [2047.94, 2051.11, 2055.55, 2055.81, 2055.84, 2055.8, 2056.04, 2055.9, 2055.88, 2055.9]
exp021-n2048-k09-d320-bs60-f1.000-r00:248271.756: (6058 sec)
exp021-n2048-k09-d320-bs60-f1.000-r00:248271.756: Loop 40/100
exp021-n2048-k09-d320-bs60-f1.000-r00:254374.128: log(exp-norms): [2047.94, 2050.32, 2052.59]
exp021-n2048-k09-d320-bs60-f1.000-r00:254374.129: log(norms):     [2047.94, 2051.11, 2055.55, 2055.81, 2055.84, 2055.8, 2056.04, 2055.9, 2055.88, 2055.89]
exp021-n2048-k09-d320-bs60-f1.000-r00:254374.186: (6103 sec)
exp021-n2048-k09-d320-bs60-f1.000-r00:254374.186: Loop 41/100
exp021-n2048-k09-d320-bs60-f1.000-r00:260444.210: log(exp-norms): [2047.94, 2050.32, 2052.59]
exp021-n2048-k09-d320-bs60-f1.000-r00:260444.211: log(norms):     [2047.94, 2051.11, 2055.55, 2055.81, 2055.84, 2055.8, 2055.92, 2056.04, 2055.93, 2055.83]
exp021-n2048-k09-d320-bs60-f1.000-r00:260444.267: (6071 sec)
exp021-n2048-k09-d320-bs60-f1.000-r00:260444.267: Loop 42/100
exp021-n2048-k09-d320-bs60-f1.000-r00:266577.580: log(exp-norms): [2047.94, 2050.32, 2052.59]
exp021-n2048-k09-d320-bs60-f1.000-r00:266577.581: log(norms):     [2047.94, 2051.11, 2055.55, 2055.81, 2055.84, 2055.8, 2055.92, 2055.89, 2056.04, 2055.81]
exp021-n2048-k09-d320-bs60-f1.000-r00:266577.637: (6134 sec)
exp021-n2048-k09-d320-bs60-f1.000-r00:266577.638: Loop 43/100
exp021-n2048-k09-d320-bs60-f1.000-r00:272596.006: log(exp-norms): [2047.94, 2050.32, 2052.59]
exp021-n2048-k09-d320-bs60-f1.000-r00:272596.008: log(norms):     [2047.94, 2051.11, 2055.55, 2055.81, 2055.84, 2055.8, 2055.92, 2055.89, 2056.04, 2055.81]
exp021-n2048-k09-d320-bs60-f1.000-r00:272596.064: (6019 sec)
exp021-n2048-k09-d320-bs60-f1.000-r00:272596.064: Loop 44/100
exp021-n2048-k09-d320-bs60-f1.000-r00:278598.934: log(exp-norms): [2047.94, 2050.32, 2052.59]
exp021-n2048-k09-d320-bs60-f1.000-r00:278598.935: log(norms):     [2047.94, 2051.11, 2055.55, 2055.81, 2055.84, 2055.8, 2055.92, 2055.89, 2056.04, 2055.81]
exp021-n2048-k09-d320-bs60-f1.000-r00:278598.990: (6003 sec)
exp021-n2048-k09-d320-bs60-f1.000-r00:278598.990: Loop 45/100
exp021-n2048-k09-d320-bs60-f1.000-r00:284309.942: log(exp-norms): [2047.94, 2050.32, 2052.59]
exp021-n2048-k09-d320-bs60-f1.000-r00:284309.942: log(norms):     [2047.94, 2051.11, 2055.55, 2055.81, 2055.84, 2055.8, 2055.92, 2055.89, 2056.04, 2055.81]
exp021-n2048-k09-d320-bs60-f1.000-r00:284309.998: (5712 sec)
exp021-n2048-k09-d320-bs60-f1.000-r00:284309.998: Loop 46/100
exp021-n2048-k09-d320-bs60-f1.000-r00:289712.604: log(exp-norms): [2047.94, 2050.32, 2052.59]
exp021-n2048-k09-d320-bs60-f1.000-r00:289712.605: log(norms):     [2047.94, 2051.11, 2055.55, 2055.81, 2055.84, 2055.8, 2055.92, 2055.89, 2055.96, 2056.04]
exp021-n2048-k09-d320-bs60-f1.000-r00:289712.661: (5403 sec)
exp021-n2048-k09-d320-bs60-f1.000-r00:289712.662: Loop 47/100
exp021-n2048-k09-d320-bs60-f1.000-r00:295103.332: log(exp-norms): [2047.94, 2050.32, 2052.59]
exp021-n2048-k09-d320-bs60-f1.000-r00:295103.333: log(norms):     [2047.94, 2051.11, 2055.55, 2055.81, 2055.81, 2055.8, 2055.79, 2055.92, 2055.84, 2055.96]
exp021-n2048-k09-d320-bs60-f1.000-r00:295103.393: (5391 sec)
exp021-n2048-k09-d320-bs60-f1.000-r00:295103.394: Loop 48/100
exp021-n2048-k09-d320-bs60-f1.000-r00:300420.603: log(exp-norms): [2047.94, 2050.32, 2052.59]
exp021-n2048-k09-d320-bs60-f1.000-r00:300420.605: log(norms):     [2047.94, 2051.11, 2055.55, 2055.81, 2055.79, 2055.81, 2055.8, 2055.92, 2055.84, 2055.96]
exp021-n2048-k09-d320-bs60-f1.000-r00:300420.661: (5318 sec)
exp021-n2048-k09-d320-bs60-f1.000-r00:300420.662: Loop 49/100
exp021-n2048-k09-d320-bs60-f1.000-r00:305779.387: log(exp-norms): [2047.94, 2050.32, 2052.59]
exp021-n2048-k09-d320-bs60-f1.000-r00:305779.388: log(norms):     [2047.94, 2051.11, 2055.55, 2055.81, 2055.79, 2055.81, 2055.8, 2055.92, 2055.84, 2055.96]
exp021-n2048-k09-d320-bs60-f1.000-r00:305779.443: (5359 sec)
exp021-n2048-k09-d320-bs60-f1.000-r00:305779.444: Loop 50/100
exp021-n2048-k09-d320-bs60-f1.000-r00:311204.299: log(exp-norms): [2047.94, 2050.32, 2052.59]
exp021-n2048-k09-d320-bs60-f1.000-r00:311204.301: log(norms):     [2047.94, 2051.11, 2055.55, 2055.81, 2055.79, 2055.81, 2055.8, 2055.85, 2055.92, 2055.94]
exp021-n2048-k09-d320-bs60-f1.000-r00:311204.358: (5425 sec)
exp021-n2048-k09-d320-bs60-f1.000-r00:311204.359: Loop 51/100
exp021-n2048-k09-d320-bs60-f1.000-r00:316690.644: log(exp-norms): [2047.94, 2050.32, 2052.59]
exp021-n2048-k09-d320-bs60-f1.000-r00:316690.645: log(norms):     [2047.94, 2051.11, 2055.55, 2055.81, 2055.79, 2055.81, 2055.8, 2055.85, 2055.92, 2055.94]
exp021-n2048-k09-d320-bs60-f1.000-r00:316690.702: (5487 sec)
exp021-n2048-k09-d320-bs60-f1.000-r00:316690.702: Loop 52/100
exp021-n2048-k09-d320-bs60-f1.000-r00:321958.665: log(exp-norms): [2047.94, 2050.32, 2052.59]
exp021-n2048-k09-d320-bs60-f1.000-r00:321958.666: log(norms):     [2047.94, 2051.11, 2055.55, 2055.81, 2055.79, 2055.81, 2055.8, 2055.85, 2055.92, 2055.94]
exp021-n2048-k09-d320-bs60-f1.000-r00:321958.722: (5269 sec)
exp021-n2048-k09-d320-bs60-f1.000-r00:321958.722: Loop 53/100
exp021-n2048-k09-d320-bs60-f1.000-r00:327342.431: log(exp-norms): [2047.94, 2050.32, 2052.59]
exp021-n2048-k09-d320-bs60-f1.000-r00:327342.432: log(norms):     [2047.94, 2051.11, 2055.55, 2055.81, 2055.79, 2055.81, 2055.83, 2055.8, 2055.85, 2055.92]
exp021-n2048-k09-d320-bs60-f1.000-r00:327342.487: (5384 sec)
exp021-n2048-k09-d320-bs60-f1.000-r00:327342.488: Loop 54/100
exp021-n2048-k09-d320-bs60-f1.000-r00:332747.474: log(exp-norms): [2047.94, 2050.32, 2052.59]
exp021-n2048-k09-d320-bs60-f1.000-r00:332747.475: log(norms):     [2047.94, 2051.11, 2055.55, 2055.81, 2055.79, 2055.81, 2055.83, 2055.8, 2055.85, 2055.92]
exp021-n2048-k09-d320-bs60-f1.000-r00:332747.531: (5406 sec)
exp021-n2048-k09-d320-bs60-f1.000-r00:332747.531: Loop 55/100
exp021-n2048-k09-d320-bs60-f1.000-r00:338191.959: log(exp-norms): [2047.94, 2050.32, 2052.59]
exp021-n2048-k09-d320-bs60-f1.000-r00:338191.960: log(norms):     [2047.94, 2051.11, 2055.55, 2055.81, 2055.79, 2055.81, 2055.83, 2055.8, 2055.85, 2055.86]
exp021-n2048-k09-d320-bs60-f1.000-r00:338192.017: (5445 sec)
exp021-n2048-k09-d320-bs60-f1.000-r00:338192.017: Loop 56/100
exp021-n2048-k09-d320-bs60-f1.000-r00:343586.996: log(exp-norms): [2047.94, 2050.32, 2052.59]
exp021-n2048-k09-d320-bs60-f1.000-r00:343586.998: log(norms):     [2047.94, 2051.11, 2055.55, 2055.81, 2055.79, 2055.81, 2055.83, 2055.8, 2055.85, 2055.86]
exp021-n2048-k09-d320-bs60-f1.000-r00:343587.054: (5396 sec)
exp021-n2048-k09-d320-bs60-f1.000-r00:343587.055: Loop 57/100
exp021-n2048-k09-d320-bs60-f1.000-r00:349047.004: log(exp-norms): [2047.94, 2050.32, 2052.59]
exp021-n2048-k09-d320-bs60-f1.000-r00:349047.006: log(norms):     [2047.94, 2051.11, 2055.55, 2055.81, 2055.79, 2055.81, 2055.83, 2055.8, 2055.85, 2055.95]
exp021-n2048-k09-d320-bs60-f1.000-r00:349047.061: (5461 sec)
exp021-n2048-k09-d320-bs60-f1.000-r00:349047.062: Loop 58/100
exp021-n2048-k09-d320-bs60-f1.000-r00:354474.708: log(exp-norms): [2047.94, 2050.32, 2052.59]
exp021-n2048-k09-d320-bs60-f1.000-r00:354474.709: log(norms):     [2047.94, 2051.11, 2055.55, 2055.81, 2055.79, 2055.81, 2055.83, 2055.8, 2055.85, 2055.95]
exp021-n2048-k09-d320-bs60-f1.000-r00:354474.766: (5428 sec)
exp021-n2048-k09-d320-bs60-f1.000-r00:354474.767: Loop 59/100
exp021-n2048-k09-d320-bs60-f1.000-r00:360196.451: log(exp-norms): [2047.94, 2050.32, 2052.59]
exp021-n2048-k09-d320-bs60-f1.000-r00:360196.452: log(norms):     [2047.94, 2051.11, 2055.55, 2055.81, 2055.79, 2055.81, 2055.83, 2055.8, 2055.85, 2055.95]
exp021-n2048-k09-d320-bs60-f1.000-r00:360196.508: (5722 sec)
exp021-n2048-k09-d320-bs60-f1.000-r00:360196.508: Loop 60/100
exp021-n2048-k09-d320-bs60-f1.000-r00:365699.566: log(exp-norms): [2047.94, 2050.32, 2052.59]
exp021-n2048-k09-d320-bs60-f1.000-r00:365699.567: log(norms):     [2047.94, 2051.11, 2055.55, 2055.81, 2055.79, 2055.81, 2055.83, 2055.8, 2055.85, 2055.95]
exp021-n2048-k09-d320-bs60-f1.000-r00:365699.602: (5504 sec)
exp021-n2048-k09-d320-bs60-f1.000-r00:365699.602: Loop 61/100
exp021-n2048-k09-d320-bs60-f1.000-r00:371273.475: log(exp-norms): [2047.94, 2050.32, 2052.59]
exp021-n2048-k09-d320-bs60-f1.000-r00:371273.476: log(norms):     [2047.94, 2051.11, 2055.55, 2055.66, 2055.81, 2055.79, 2055.81, 2055.83, 2055.85, 2055.8]
exp021-n2048-k09-d320-bs60-f1.000-r00:371273.531: (5574 sec)
exp021-n2048-k09-d320-bs60-f1.000-r00:371273.531: Loop 62/100
exp021-n2048-k09-d320-bs60-f1.000-r00:376816.137: log(exp-norms): [2047.94, 2050.32, 2052.59]
exp021-n2048-k09-d320-bs60-f1.000-r00:376816.138: log(norms):     [2047.94, 2051.11, 2055.55, 2055.66, 2055.81, 2055.79, 2055.81, 2055.83, 2055.85, 2055.8]
exp021-n2048-k09-d320-bs60-f1.000-r00:376816.194: (5543 sec)
exp021-n2048-k09-d320-bs60-f1.000-r00:376816.194: Loop 63/100
exp021-n2048-k09-d320-bs60-f1.000-r00:382216.374: log(exp-norms): [2047.94, 2050.32, 2052.59]
exp021-n2048-k09-d320-bs60-f1.000-r00:382216.375: log(norms):     [2047.94, 2051.11, 2055.55, 2055.66, 2055.82, 2055.89, 2055.83, 2055.81, 2055.79, 2055.94]
exp021-n2048-k09-d320-bs60-f1.000-r00:382216.432: (5401 sec)
exp021-n2048-k09-d320-bs60-f1.000-r00:382216.432: Loop 64/100
exp021-n2048-k09-d320-bs60-f1.000-r00:387885.608: log(exp-norms): [2047.94, 2050.32, 2052.59]
exp021-n2048-k09-d320-bs60-f1.000-r00:387885.609: log(norms):     [2047.94, 2051.11, 2055.55, 2055.66, 2055.82, 2055.89, 2055.83, 2055.77, 2055.95, 2055.93]
exp021-n2048-k09-d320-bs60-f1.000-r00:387885.643: (5670 sec)
exp021-n2048-k09-d320-bs60-f1.000-r00:387885.644: Loop 65/100
exp021-n2048-k09-d320-bs60-f1.000-r00:393216.815: log(exp-norms): [2047.94, 2050.32, 2052.59]
exp021-n2048-k09-d320-bs60-f1.000-r00:393216.816: log(norms):     [2047.94, 2051.11, 2055.55, 2055.66, 2055.82, 2055.89, 2055.83, 2055.95, 2055.83, 2055.94]
exp021-n2048-k09-d320-bs60-f1.000-r00:393216.873: (5332 sec)
exp021-n2048-k09-d320-bs60-f1.000-r00:393216.873: Loop 66/100
exp021-n2048-k09-d320-bs60-f1.000-r00:398828.680: log(exp-norms): [2047.94, 2050.32, 2052.59]
exp021-n2048-k09-d320-bs60-f1.000-r00:398828.681: log(norms):     [2047.94, 2051.11, 2055.55, 2055.66, 2055.82, 2055.77, 2055.89, 2055.83, 2055.95, 2055.83]
exp021-n2048-k09-d320-bs60-f1.000-r00:398828.737: (5612 sec)
exp021-n2048-k09-d320-bs60-f1.000-r00:398828.737: Loop 67/100
exp021-n2048-k09-d320-bs60-f1.000-r00:404165.918: log(exp-norms): [2047.94, 2050.32, 2052.59]
exp021-n2048-k09-d320-bs60-f1.000-r00:404165.919: log(norms):     [2047.94, 2051.11, 2055.55, 2055.66, 2055.82, 2055.77, 2055.94, 2055.89, 2055.83, 2055.95]
exp021-n2048-k09-d320-bs60-f1.000-r00:404165.974: (5338 sec)
exp021-n2048-k09-d320-bs60-f1.000-r00:404165.974: Loop 68/100
exp021-n2048-k09-d320-bs60-f1.000-r00:409479.959: log(exp-norms): [2047.94, 2050.32, 2052.59]
exp021-n2048-k09-d320-bs60-f1.000-r00:409479.961: log(norms):     [2047.94, 2051.11, 2055.55, 2055.66, 2055.82, 2055.77, 2055.94, 2055.89, 2055.83, 2055.95]
exp021-n2048-k09-d320-bs60-f1.000-r00:409480.014: (5315 sec)
exp021-n2048-k09-d320-bs60-f1.000-r00:409480.015: Loop 69/100
exp021-n2048-k09-d320-bs60-f1.000-r00:414743.722: log(exp-norms): [2047.94, 2050.32, 2052.59]
exp021-n2048-k09-d320-bs60-f1.000-r00:414743.723: log(norms):     [2047.94, 2051.11, 2055.55, 2055.66, 2055.82, 2055.77, 2055.94, 2055.89, 2055.83, 2055.95]
exp021-n2048-k09-d320-bs60-f1.000-r00:414743.778: (5264 sec)
exp021-n2048-k09-d320-bs60-f1.000-r00:414743.779: Loop 70/100
exp021-n2048-k09-d320-bs60-f1.000-r00:420154.567: log(exp-norms): [2047.94, 2050.32, 2052.59]
exp021-n2048-k09-d320-bs60-f1.000-r00:420154.568: log(norms):     [2047.94, 2051.11, 2055.55, 2055.66, 2055.82, 2055.77, 2055.94, 2055.89, 2055.83, 2055.95]
exp021-n2048-k09-d320-bs60-f1.000-r00:420154.619: (5411 sec)
exp021-n2048-k09-d320-bs60-f1.000-r00:420154.620: Loop 71/100
exp021-n2048-k09-d320-bs60-f1.000-r00:425272.799: log(exp-norms): [2047.94, 2050.32, 2052.59]
exp021-n2048-k09-d320-bs60-f1.000-r00:425272.799: log(norms):     [2047.94, 2051.11, 2055.55, 2055.66, 2055.82, 2055.77, 2055.94, 2055.89, 2055.83, 2055.95]
exp021-n2048-k09-d320-bs60-f1.000-r00:425272.833: (5119 sec)
exp021-n2048-k09-d320-bs60-f1.000-r00:425272.834: Loop 72/100
exp021-n2048-k09-d320-bs60-f1.000-r00:430567.085: log(exp-norms): [2047.94, 2050.32, 2052.59]
exp021-n2048-k09-d320-bs60-f1.000-r00:430567.086: log(norms):     [2047.94, 2051.11, 2055.55, 2055.66, 2055.82, 2055.69, 2055.77, 2055.92, 2055.94, 2055.82]
exp021-n2048-k09-d320-bs60-f1.000-r00:430567.120: (5295 sec)
exp021-n2048-k09-d320-bs60-f1.000-r00:430567.120: Loop 73/100
exp021-n2048-k09-d320-bs60-f1.000-r00:435671.229: log(exp-norms): [2047.94, 2050.32, 2052.59]
exp021-n2048-k09-d320-bs60-f1.000-r00:435671.230: log(norms):     [2047.94, 2051.11, 2055.55, 2055.66, 2055.82, 2055.69, 2055.77, 2055.92, 2055.94, 2055.82]
exp021-n2048-k09-d320-bs60-f1.000-r00:435671.283: (5105 sec)
exp021-n2048-k09-d320-bs60-f1.000-r00:435671.284: Loop 74/100
exp021-n2048-k09-d320-bs60-f1.000-r00:441050.514: log(exp-norms): [2047.94, 2050.32, 2052.59]
exp021-n2048-k09-d320-bs60-f1.000-r00:441050.515: log(norms):     [2047.94, 2051.11, 2055.55, 2055.66, 2055.82, 2055.69, 2055.77, 2055.92, 2055.94, 2055.96]
exp021-n2048-k09-d320-bs60-f1.000-r00:441050.570: (5380 sec)
exp021-n2048-k09-d320-bs60-f1.000-r00:441050.570: Loop 75/100
exp021-n2048-k09-d320-bs60-f1.000-r00:446384.919: log(exp-norms): [2047.94, 2050.32, 2052.59]
exp021-n2048-k09-d320-bs60-f1.000-r00:446384.920: log(norms):     [2047.94, 2051.11, 2055.55, 2055.66, 2055.82, 2055.69, 2055.85, 2055.77, 2055.94, 2055.92]
exp021-n2048-k09-d320-bs60-f1.000-r00:446384.974: (5335 sec)
exp021-n2048-k09-d320-bs60-f1.000-r00:446384.975: Loop 76/100
exp021-n2048-k09-d320-bs60-f1.000-r00:451675.139: log(exp-norms): [2047.94, 2050.32, 2052.59]
exp021-n2048-k09-d320-bs60-f1.000-r00:451675.141: log(norms):     [2047.94, 2051.11, 2055.55, 2055.66, 2055.82, 2055.69, 2055.8, 2055.85, 2056.02, 2055.91]
exp021-n2048-k09-d320-bs60-f1.000-r00:451675.198: (5291 sec)
exp021-n2048-k09-d320-bs60-f1.000-r00:451675.198: Loop 77/100
exp021-n2048-k09-d320-bs60-f1.000-r00:456905.057: log(exp-norms): [2047.94, 2050.32, 2052.59]
exp021-n2048-k09-d320-bs60-f1.000-r00:456905.058: log(norms):     [2047.94, 2051.11, 2055.55, 2055.66, 2055.82, 2055.69, 2055.8, 2055.85, 2056.02, 2055.91]
exp021-n2048-k09-d320-bs60-f1.000-r00:456905.092: (5230 sec)
exp021-n2048-k09-d320-bs60-f1.000-r00:456905.092: Loop 78/100
exp021-n2048-k09-d320-bs60-f1.000-r00:462074.369: log(exp-norms): [2047.94, 2050.32, 2052.59]
exp021-n2048-k09-d320-bs60-f1.000-r00:462074.370: log(norms):     [2047.94, 2051.11, 2055.55, 2055.66, 2055.82, 2055.69, 2055.8, 2055.91, 2055.78, 2055.82]
exp021-n2048-k09-d320-bs60-f1.000-r00:462074.425: (5170 sec)
exp021-n2048-k09-d320-bs60-f1.000-r00:462074.425: Loop 79/100
exp021-n2048-k09-d320-bs60-f1.000-r00:466873.351: log(exp-norms): [2047.94, 2050.32, 2052.59]
exp021-n2048-k09-d320-bs60-f1.000-r00:466873.352: log(norms):     [2047.94, 2051.11, 2055.55, 2055.66, 2055.82, 2055.69, 2055.8, 2055.91, 2055.78, 2055.82]
exp021-n2048-k09-d320-bs60-f1.000-r00:466873.406: (4799 sec)
exp021-n2048-k09-d320-bs60-f1.000-r00:466873.407: Loop 80/100
exp021-n2048-k09-d320-bs60-f1.000-r00:471968.914: log(exp-norms): [2047.94, 2050.32, 2052.59]
exp021-n2048-k09-d320-bs60-f1.000-r00:471968.914: log(norms):     [2047.94, 2051.11, 2055.55, 2055.66, 2055.82, 2055.69, 2055.8, 2055.91, 2055.78, 2055.82]
exp021-n2048-k09-d320-bs60-f1.000-r00:471968.950: (5096 sec)
exp021-n2048-k09-d320-bs60-f1.000-r00:471968.950: Loop 81/100
exp021-n2048-k09-d320-bs60-f1.000-r00:477196.336: log(exp-norms): [2047.94, 2050.32, 2052.59]
exp021-n2048-k09-d320-bs60-f1.000-r00:477196.337: log(norms):     [2047.94, 2051.11, 2055.55, 2055.66, 2055.82, 2055.69, 2055.8, 2055.91, 2055.78, 2055.82]
exp021-n2048-k09-d320-bs60-f1.000-r00:477196.392: (5228 sec)
exp021-n2048-k09-d320-bs60-f1.000-r00:477196.392: Loop 82/100
exp021-n2048-k09-d320-bs60-f1.000-r00:482052.736: log(exp-norms): [2047.94, 2050.32, 2052.59]
exp021-n2048-k09-d320-bs60-f1.000-r00:482052.737: log(norms):     [2047.94, 2051.11, 2055.55, 2055.66, 2055.82, 2055.69, 2055.8, 2055.91, 2055.78, 2055.82]
exp021-n2048-k09-d320-bs60-f1.000-r00:482052.791: (4857 sec)
exp021-n2048-k09-d320-bs60-f1.000-r00:482052.791: Loop 83/100
exp021-n2048-k09-d320-bs60-f1.000-r00:486948.107: log(exp-norms): [2047.94, 2050.32, 2052.59]
exp021-n2048-k09-d320-bs60-f1.000-r00:486948.108: log(norms):     [2047.94, 2051.11, 2055.55, 2055.66, 2055.82, 2055.69, 2055.8, 2055.91, 2055.78, 2055.82]
exp021-n2048-k09-d320-bs60-f1.000-r00:486948.163: (4896 sec)
exp021-n2048-k09-d320-bs60-f1.000-r00:486948.163: Loop 84/100
exp021-n2048-k09-d320-bs60-f1.000-r00:491688.910: log(exp-norms): [2047.94, 2050.32, 2052.59]
exp021-n2048-k09-d320-bs60-f1.000-r00:491688.911: log(norms):     [2047.94, 2051.11, 2055.55, 2055.66, 2055.82, 2055.69, 2055.8, 2055.91, 2055.78, 2055.82]
exp021-n2048-k09-d320-bs60-f1.000-r00:491688.964: (4741 sec)
exp021-n2048-k09-d320-bs60-f1.000-r00:491688.965: Loop 85/100
exp021-n2048-k09-d320-bs60-f1.000-r00:496432.028: log(exp-norms): [2047.94, 2050.32, 2052.59]
exp021-n2048-k09-d320-bs60-f1.000-r00:496432.028: log(norms):     [2047.94, 2051.11, 2055.55, 2055.66, 2055.82, 2055.69, 2055.8, 2055.91, 2055.78, 2055.82]
exp021-n2048-k09-d320-bs60-f1.000-r00:496432.062: (4744 sec)
exp021-n2048-k09-d320-bs60-f1.000-r00:496432.062: Loop 86/100
exp021-n2048-k09-d320-bs60-f1.000-r00:501416.963: log(exp-norms): [2047.94, 2050.32, 2052.59]
exp021-n2048-k09-d320-bs60-f1.000-r00:501416.963: log(norms):     [2047.94, 2051.11, 2055.55, 2055.66, 2055.82, 2055.69, 2055.8, 2055.88, 2055.91, 2055.78]
exp021-n2048-k09-d320-bs60-f1.000-r00:501417.015: (4985 sec)
exp021-n2048-k09-d320-bs60-f1.000-r00:501417.015: Loop 87/100
exp021-n2048-k09-d320-bs60-f1.000-r00:506539.985: log(exp-norms): [2047.94, 2050.32, 2052.59]
exp021-n2048-k09-d320-bs60-f1.000-r00:506539.986: log(norms):     [2047.94, 2051.11, 2055.55, 2055.66, 2055.82, 2055.69, 2055.8, 2055.88, 2055.93, 2055.91]
exp021-n2048-k09-d320-bs60-f1.000-r00:506540.039: (5124 sec)
exp021-n2048-k09-d320-bs60-f1.000-r00:506540.039: Loop 88/100
exp021-n2048-k09-d320-bs60-f1.000-r00:511537.070: log(exp-norms): [2047.94, 2050.32, 2052.59]
exp021-n2048-k09-d320-bs60-f1.000-r00:511537.071: log(norms):     [2047.94, 2051.11, 2055.55, 2055.66, 2055.82, 2055.69, 2055.8, 2055.88, 2055.93, 2055.91]
exp021-n2048-k09-d320-bs60-f1.000-r00:511537.105: (4998 sec)
exp021-n2048-k09-d320-bs60-f1.000-r00:511537.105: Loop 89/100
exp021-n2048-k09-d320-bs60-f1.000-r00:516160.788: log(exp-norms): [2047.94, 2050.32, 2052.59]
exp021-n2048-k09-d320-bs60-f1.000-r00:516160.789: log(norms):     [2047.94, 2051.11, 2055.55, 2055.66, 2055.82, 2055.69, 2055.8, 2055.88, 2055.93, 2055.91]
exp021-n2048-k09-d320-bs60-f1.000-r00:516160.843: (4624 sec)
exp021-n2048-k09-d320-bs60-f1.000-r00:516160.843: Loop 90/100
exp021-n2048-k09-d320-bs60-f1.000-r00:520837.253: log(exp-norms): [2047.94, 2050.32, 2052.59]
exp021-n2048-k09-d320-bs60-f1.000-r00:520837.254: log(norms):     [2047.94, 2051.11, 2055.55, 2055.66, 2055.82, 2055.69, 2055.8, 2055.88, 2055.93, 2055.91]
exp021-n2048-k09-d320-bs60-f1.000-r00:520837.307: (4677 sec)
exp021-n2048-k09-d320-bs60-f1.000-r00:520837.307: Loop 91/100
exp021-n2048-k09-d320-bs60-f1.000-r00:524929.454: log(exp-norms): [2047.94, 2050.32, 2052.59]
exp021-n2048-k09-d320-bs60-f1.000-r00:524929.455: log(norms):     [2047.94, 2051.11, 2055.55, 2055.66, 2055.82, 2055.69, 2055.8, 2055.88, 2055.93, 2055.91]
exp021-n2048-k09-d320-bs60-f1.000-r00:524929.508: (4093 sec)
exp021-n2048-k09-d320-bs60-f1.000-r00:524929.509: Loop 92/100
exp021-n2048-k09-d320-bs60-f1.000-r00:529422.442: log(exp-norms): [2047.94, 2050.32, 2052.59]
exp021-n2048-k09-d320-bs60-f1.000-r00:529422.443: log(norms):     [2047.94, 2051.11, 2055.55, 2055.66, 2055.82, 2055.69, 2055.8, 2055.88, 2055.93, 2055.91]
exp021-n2048-k09-d320-bs60-f1.000-r00:529422.497: (4493 sec)
exp021-n2048-k09-d320-bs60-f1.000-r00:529422.497: Loop 93/100
exp021-n2048-k09-d320-bs60-f1.000-r00:533949.996: log(exp-norms): [2047.94, 2050.32, 2052.59]
exp021-n2048-k09-d320-bs60-f1.000-r00:533949.996: log(norms):     [2047.94, 2051.11, 2055.55, 2055.66, 2055.82, 2055.69, 2055.8, 2055.88, 2055.93, 2055.91]
exp021-n2048-k09-d320-bs60-f1.000-r00:533950.029: (4528 sec)
exp021-n2048-k09-d320-bs60-f1.000-r00:533950.030: Loop 94/100
exp021-n2048-k09-d320-bs60-f1.000-r00:538698.508: log(exp-norms): [2047.94, 2050.32, 2052.59]
exp021-n2048-k09-d320-bs60-f1.000-r00:538698.509: log(norms):     [2047.94, 2051.11, 2055.55, 2055.66, 2055.82, 2055.69, 2055.8, 2055.88, 2055.93, 2055.91]
exp021-n2048-k09-d320-bs60-f1.000-r00:538698.544: (4749 sec)
exp021-n2048-k09-d320-bs60-f1.000-r00:538698.544: Loop 95/100
exp021-n2048-k09-d320-bs60-f1.000-r00:542810.296: log(exp-norms): [2047.94, 2050.32, 2052.59]
exp021-n2048-k09-d320-bs60-f1.000-r00:542810.297: log(norms):     [2047.94, 2051.11, 2055.55, 2055.66, 2055.82, 2055.69, 2055.8, 2055.88, 2055.93, 2055.91]
exp021-n2048-k09-d320-bs60-f1.000-r00:542810.331: (4112 sec)
exp021-n2048-k09-d320-bs60-f1.000-r00:542810.331: Loop 96/100
exp021-n2048-k09-d320-bs60-f1.000-r00:546964.519: log(exp-norms): [2047.94, 2050.32, 2052.59]
exp021-n2048-k09-d320-bs60-f1.000-r00:546964.520: log(norms):     [2047.94, 2051.11, 2055.55, 2055.66, 2055.82, 2055.69, 2055.8, 2055.88, 2055.93, 2055.91]
exp021-n2048-k09-d320-bs60-f1.000-r00:546964.553: (4155 sec)
exp021-n2048-k09-d320-bs60-f1.000-r00:546964.553: Loop 97/100
exp021-n2048-k09-d320-bs60-f1.000-r00:551191.880: log(exp-norms): [2047.94, 2050.32, 2052.59]
exp021-n2048-k09-d320-bs60-f1.000-r00:551191.881: log(norms):     [2047.94, 2051.11, 2055.55, 2055.66, 2055.82, 2055.72, 2055.69, 2055.8, 2055.88, 2055.93]
exp021-n2048-k09-d320-bs60-f1.000-r00:551191.935: (4228 sec)
exp021-n2048-k09-d320-bs60-f1.000-r00:551191.935: Loop 98/100
exp021-n2048-k09-d320-bs60-f1.000-r00:555873.896: log(exp-norms): [2047.94, 2050.32, 2052.59]
exp021-n2048-k09-d320-bs60-f1.000-r00:555873.897: log(norms):     [2047.94, 2051.11, 2055.55, 2055.72, 2055.66, 2055.82, 2055.69, 2055.8, 2055.88, 2055.93]
exp021-n2048-k09-d320-bs60-f1.000-r00:555873.950: (4683 sec)
exp021-n2048-k09-d320-bs60-f1.000-r00:555873.951: Loop 99/100
exp021-n2048-k09-d320-bs60-f1.000-r00:559917.383: log(exp-norms): [2047.94, 2050.32, 2052.59]
exp021-n2048-k09-d320-bs60-f1.000-r00:559917.384: log(norms):     [2047.94, 2051.11, 2055.55, 2055.72, 2055.66, 2055.82, 2055.69, 2055.8, 2055.89, 2055.88]
exp021-n2048-k09-d320-bs60-f1.000-r00:559917.423: (4044 sec)
exp021-n2048-k09-d320-bs60-f1.000-r00:559917.424: Loop 100/100
exp021-n2048-k09-d320-bs60-f1.000-r00:563396.267: log(exp-norms): [2047.94, 2050.32, 2052.59]
exp021-n2048-k09-d320-bs60-f1.000-r00:563396.268: log(norms):     [2047.94, 2051.11, 2055.55, 2055.72, 2055.66, 2055.82, 2055.69, 2055.8, 2055.89, 2055.88]
exp021-n2048-k09-d320-bs60-f1.000-r00:563396.302: (3479 sec)
exp021-n2048-k09-d320-bs60-f1.000-r00:563396.302: ==========================Summary===========================
exp021-n2048-k09-d320-bs60-f1.000-r00:563396.302: Total time: 563397sec
exp021-n2048-k09-d320-bs60-f1.000-r00:563396.302: FAIL
exp021-n2048-k09-d320-bs60-f1.000-r00:563396.302: SUMMARY:n:2048:k:9:d:320:bs:60:t:563397:r:False
