exp004-n2048-k11-d280-bs60-f1.000-r00:000000.235: ==========================Instance==========================
exp004-n2048-k11-d280-bs60-f1.000-r00:000000.236: # of equations: 280
exp004-n2048-k11-d280-bs60-f1.000-r00:000000.240: Gap: 10.15
exp004-n2048-k11-d280-bs60-f1.000-r00:000000.249: Tau: 25.37
exp004-n2048-k11-d280-bs60-f1.000-r00:000000.250: ======================BKZ-60 reduction======================
exp004-n2048-k11-d280-bs60-f1.000-r00:000011.213: Expectedly achievable log(norm): 2056.18
exp004-n2048-k11-d280-bs60-f1.000-r00:000022.477: log(exp-norms): [2047.94, 2050.22, 2053.57]
exp004-n2048-k11-d280-bs60-f1.000-r00:000022.478: log(norms):     [2062.19, 2051.01, 2058.89, 2058.89, 2058.89, 2058.89, 2058.89, 2058.89, 2058.89, 2058.89]
exp004-n2048-k11-d280-bs60-f1.000-r00:000022.582: Loop 1/100
exp004-n2048-k11-d280-bs60-f1.000-r00:014192.405: log(exp-norms): [2047.94, 2050.22, 2053.57]
exp004-n2048-k11-d280-bs60-f1.000-r00:014192.406: log(norms):     [2051.01, 2058.89, 2058.89, 2058.89, 2058.89, 2058.89, 2058.89, 2058.89, 2059.31, 2058.89]
exp004-n2048-k11-d280-bs60-f1.000-r00:014192.456: (14170 sec)
exp004-n2048-k11-d280-bs60-f1.000-r00:014192.456: Loop 2/100
exp004-n2048-k11-d280-bs60-f1.000-r00:019091.802: log(exp-norms): [2047.94, 2050.22, 2053.57]
exp004-n2048-k11-d280-bs60-f1.000-r00:019091.803: log(norms):     [2051.01, 2058.72, 2058.82, 2058.96, 2058.88, 2058.99, 2058.83, 2058.96, 2058.82, 2058.8]
exp004-n2048-k11-d280-bs60-f1.000-r00:019091.853: (4900 sec)
exp004-n2048-k11-d280-bs60-f1.000-r00:019091.853: Loop 3/100
exp004-n2048-k11-d280-bs60-f1.000-r00:023766.847: log(exp-norms): [2047.94, 2050.22, 2053.57]
exp004-n2048-k11-d280-bs60-f1.000-r00:023766.850: log(norms):     [2047.94, 2051.01, 2058.36, 2058.37, 2058.42, 2058.52, 2058.45, 2058.48, 2058.64, 2058.53]
exp004-n2048-k11-d280-bs60-f1.000-r00:023766.900: (4676 sec)
exp004-n2048-k11-d280-bs60-f1.000-r00:023766.900: Loop 4/100
exp004-n2048-k11-d280-bs60-f1.000-r00:028257.626: log(exp-norms): [2047.94, 2050.22, 2053.57]
exp004-n2048-k11-d280-bs60-f1.000-r00:028257.627: log(norms):     [2047.94, 2051.01, 2058.0, 2058.08, 2058.15, 2058.2, 2058.07, 2058.2, 2058.25, 2058.1]
exp004-n2048-k11-d280-bs60-f1.000-r00:028257.676: (4491 sec)
exp004-n2048-k11-d280-bs60-f1.000-r00:028257.677: Loop 5/100
exp004-n2048-k11-d280-bs60-f1.000-r00:032430.576: log(exp-norms): [2047.94, 2050.22, 2053.57]
exp004-n2048-k11-d280-bs60-f1.000-r00:032430.579: log(norms):     [2047.94, 2051.01, 2057.7, 2057.74, 2057.73, 2057.86, 2057.75, 2057.8, 2057.97, 2057.81]
exp004-n2048-k11-d280-bs60-f1.000-r00:032430.631: (4173 sec)
exp004-n2048-k11-d280-bs60-f1.000-r00:032430.631: Loop 6/100
exp004-n2048-k11-d280-bs60-f1.000-r00:036474.684: log(exp-norms): [2047.94, 2050.22, 2053.57]
exp004-n2048-k11-d280-bs60-f1.000-r00:036474.685: log(norms):     [2047.94, 2051.01, 2057.42, 2057.47, 2057.56, 2057.47, 2057.43, 2057.41, 2057.61, 2057.77]
exp004-n2048-k11-d280-bs60-f1.000-r00:036474.735: (4045 sec)
exp004-n2048-k11-d280-bs60-f1.000-r00:036474.736: Loop 7/100
exp004-n2048-k11-d280-bs60-f1.000-r00:040792.597: log(exp-norms): [2047.94, 2050.22, 2053.57]
exp004-n2048-k11-d280-bs60-f1.000-r00:040792.599: log(norms):     [2047.94, 2051.01, 2057.17, 2057.17, 2057.17, 2057.28, 2057.38, 2057.32, 2057.4, 2057.25]
exp004-n2048-k11-d280-bs60-f1.000-r00:040792.650: (4318 sec)
exp004-n2048-k11-d280-bs60-f1.000-r00:040792.650: Loop 8/100
exp004-n2048-k11-d280-bs60-f1.000-r00:045059.235: log(exp-norms): [2047.94, 2050.22, 2053.57]
exp004-n2048-k11-d280-bs60-f1.000-r00:045059.235: log(norms):     [2047.94, 2051.01, 2057.01, 2057.02, 2057.01, 2057.16, 2057.08, 2057.22, 2057.2, 2057.19]
exp004-n2048-k11-d280-bs60-f1.000-r00:045059.285: (4267 sec)
exp004-n2048-k11-d280-bs60-f1.000-r00:045059.285: Loop 9/100
exp004-n2048-k11-d280-bs60-f1.000-r00:049212.120: log(exp-norms): [2047.94, 2050.22, 2053.57]
exp004-n2048-k11-d280-bs60-f1.000-r00:049212.122: log(norms):     [2047.94, 2051.01, 2056.87, 2056.89, 2056.87, 2056.94, 2056.97, 2057.05, 2057.15, 2056.95]
exp004-n2048-k11-d280-bs60-f1.000-r00:049212.171: (4153 sec)
exp004-n2048-k11-d280-bs60-f1.000-r00:049212.172: Loop 10/100
exp004-n2048-k11-d280-bs60-f1.000-r00:053355.182: log(exp-norms): [2047.94, 2050.22, 2053.57]
exp004-n2048-k11-d280-bs60-f1.000-r00:053355.184: log(norms):     [2047.94, 2051.01, 2056.72, 2056.73, 2056.81, 2056.97, 2056.75, 2056.93, 2056.95, 2056.77]
exp004-n2048-k11-d280-bs60-f1.000-r00:053355.234: (4144 sec)
exp004-n2048-k11-d280-bs60-f1.000-r00:053355.234: Loop 11/100
exp004-n2048-k11-d280-bs60-f1.000-r00:057410.539: log(exp-norms): [2047.94, 2050.22, 2053.57]
exp004-n2048-k11-d280-bs60-f1.000-r00:057410.540: log(norms):     [2047.94, 2051.01, 2056.63, 2056.67, 2056.66, 2056.77, 2056.74, 2056.64, 2056.66, 2056.76]
exp004-n2048-k11-d280-bs60-f1.000-r00:057410.590: (4056 sec)
exp004-n2048-k11-d280-bs60-f1.000-r00:057410.591: Loop 12/100
exp004-n2048-k11-d280-bs60-f1.000-r00:061573.229: log(exp-norms): [2047.94, 2050.22, 2053.57]
exp004-n2048-k11-d280-bs60-f1.000-r00:061573.230: log(norms):     [2047.94, 2051.01, 2056.47, 2056.62, 2056.69, 2056.61, 2056.61, 2056.87, 2056.61, 2056.72]
exp004-n2048-k11-d280-bs60-f1.000-r00:061573.280: (4163 sec)
exp004-n2048-k11-d280-bs60-f1.000-r00:061573.281: Loop 13/100
exp004-n2048-k11-d280-bs60-f1.000-r00:065751.345: log(exp-norms): [2047.94, 2050.22, 2053.57]
exp004-n2048-k11-d280-bs60-f1.000-r00:065751.346: log(norms):     [2047.94, 2051.01, 2056.47, 2056.62, 2056.56, 2056.68, 2056.75, 2056.64, 2056.57, 2056.66]
exp004-n2048-k11-d280-bs60-f1.000-r00:065751.396: (4179 sec)
exp004-n2048-k11-d280-bs60-f1.000-r00:065751.396: Loop 14/100
exp004-n2048-k11-d280-bs60-f1.000-r00:069817.573: log(exp-norms): [2047.94, 2050.22, 2053.57]
exp004-n2048-k11-d280-bs60-f1.000-r00:069817.574: log(norms):     [2047.94, 2051.01, 2056.36, 2056.45, 2056.56, 2056.59, 2056.54, 2056.63, 2056.72, 2056.77]
exp004-n2048-k11-d280-bs60-f1.000-r00:069817.622: (4067 sec)
exp004-n2048-k11-d280-bs60-f1.000-r00:069817.622: Loop 15/100
exp004-n2048-k11-d280-bs60-f1.000-r00:073984.595: log(exp-norms): [2047.94, 2050.22, 2053.57]
exp004-n2048-k11-d280-bs60-f1.000-r00:073984.596: log(norms):     [2047.94, 2051.01, 2056.36, 2056.39, 2056.38, 2056.56, 2056.54, 2056.63, 2056.49, 2056.48]
exp004-n2048-k11-d280-bs60-f1.000-r00:073984.653: (4168 sec)
exp004-n2048-k11-d280-bs60-f1.000-r00:073984.654: Loop 16/100
exp004-n2048-k11-d280-bs60-f1.000-r00:078087.769: log(exp-norms): [2047.94, 2050.22, 2053.57]
exp004-n2048-k11-d280-bs60-f1.000-r00:078087.769: log(norms):     [2047.94, 2051.01, 2056.36, 2056.39, 2056.5, 2056.36, 2056.54, 2056.42, 2056.58, 2056.57]
exp004-n2048-k11-d280-bs60-f1.000-r00:078087.819: (4104 sec)
exp004-n2048-k11-d280-bs60-f1.000-r00:078087.819: Loop 17/100
exp004-n2048-k11-d280-bs60-f1.000-r00:082226.003: log(exp-norms): [2047.94, 2050.22, 2053.57]
exp004-n2048-k11-d280-bs60-f1.000-r00:082226.004: log(norms):     [2047.94, 2051.01, 2056.3, 2056.36, 2056.36, 2056.48, 2056.39, 2056.49, 2056.48, 2056.35]
exp004-n2048-k11-d280-bs60-f1.000-r00:082226.053: (4139 sec)
exp004-n2048-k11-d280-bs60-f1.000-r00:082226.054: Loop 18/100
exp004-n2048-k11-d280-bs60-f1.000-r00:086377.184: log(exp-norms): [2047.94, 2050.22, 2053.57]
exp004-n2048-k11-d280-bs60-f1.000-r00:086377.186: log(norms):     [2047.94, 2051.01, 2056.27, 2056.28, 2056.35, 2056.38, 2056.26, 2056.44, 2056.45, 2056.45]
exp004-n2048-k11-d280-bs60-f1.000-r00:086377.240: (4152 sec)
exp004-n2048-k11-d280-bs60-f1.000-r00:086377.241: Loop 19/100
exp004-n2048-k11-d280-bs60-f1.000-r00:090461.045: log(exp-norms): [2047.94, 2050.22, 2053.57]
exp004-n2048-k11-d280-bs60-f1.000-r00:090461.046: log(norms):     [2047.94, 2051.01, 2056.26, 2056.27, 2056.31, 2056.37, 2056.36, 2056.41, 2056.43, 2056.28]
exp004-n2048-k11-d280-bs60-f1.000-r00:090461.096: (4084 sec)
exp004-n2048-k11-d280-bs60-f1.000-r00:090461.096: Loop 20/100
exp004-n2048-k11-d280-bs60-f1.000-r00:094572.981: log(exp-norms): [2047.94, 2050.22, 2053.57]
exp004-n2048-k11-d280-bs60-f1.000-r00:094572.983: log(norms):     [2047.94, 2051.01, 2056.26, 2056.27, 2056.37, 2056.32, 2056.4, 2056.44, 2056.31, 2056.51]
exp004-n2048-k11-d280-bs60-f1.000-r00:094573.032: (4112 sec)
exp004-n2048-k11-d280-bs60-f1.000-r00:094573.033: Loop 21/100
exp004-n2048-k11-d280-bs60-f1.000-r00:098645.308: log(exp-norms): [2047.94, 2050.22, 2053.57]
exp004-n2048-k11-d280-bs60-f1.000-r00:098645.309: log(norms):     [2047.94, 2051.01, 2056.26, 2056.32, 2056.27, 2056.32, 2056.4, 2056.49, 2056.31, 2056.64]
exp004-n2048-k11-d280-bs60-f1.000-r00:098645.358: (4073 sec)
exp004-n2048-k11-d280-bs60-f1.000-r00:098645.358: Loop 22/100
exp004-n2048-k11-d280-bs60-f1.000-r00:102714.711: log(exp-norms): [2047.94, 2050.22, 2053.57]
exp004-n2048-k11-d280-bs60-f1.000-r00:102714.712: log(norms):     [2047.94, 2051.01, 2056.26, 2056.32, 2056.27, 2056.32, 2056.4, 2056.49, 2056.31, 2056.64]
exp004-n2048-k11-d280-bs60-f1.000-r00:102714.761: (4070 sec)
exp004-n2048-k11-d280-bs60-f1.000-r00:102714.761: Loop 23/100
exp004-n2048-k11-d280-bs60-f1.000-r00:106890.885: log(exp-norms): [2047.94, 2050.22, 2053.57]
exp004-n2048-k11-d280-bs60-f1.000-r00:106890.886: log(norms):     [2047.94, 2051.01, 2056.22, 2056.39, 2056.26, 2056.31, 2056.39, 2056.44, 2056.55, 2056.43]
exp004-n2048-k11-d280-bs60-f1.000-r00:106890.937: (4177 sec)
exp004-n2048-k11-d280-bs60-f1.000-r00:106890.937: Loop 24/100
exp004-n2048-k11-d280-bs60-f1.000-r00:111000.187: log(exp-norms): [2047.94, 2050.22, 2053.57]
exp004-n2048-k11-d280-bs60-f1.000-r00:111000.188: log(norms):     [2047.94, 2051.01, 2056.22, 2056.26, 2056.39, 2056.26, 2056.35, 2056.35, 2056.4, 2056.36]
exp004-n2048-k11-d280-bs60-f1.000-r00:111000.237: (4110 sec)
exp004-n2048-k11-d280-bs60-f1.000-r00:111000.237: Loop 25/100
exp004-n2048-k11-d280-bs60-f1.000-r00:115035.240: log(exp-norms): [2047.94, 2050.22, 2053.57]
exp004-n2048-k11-d280-bs60-f1.000-r00:115035.241: log(norms):     [2047.94, 2051.01, 2056.22, 2056.26, 2056.24, 2056.41, 2056.42, 2056.31, 2056.32, 2056.43]
exp004-n2048-k11-d280-bs60-f1.000-r00:115035.290: (4036 sec)
exp004-n2048-k11-d280-bs60-f1.000-r00:115035.290: Loop 26/100
exp004-n2048-k11-d280-bs60-f1.000-r00:119087.367: log(exp-norms): [2047.94, 2050.22, 2053.57]
exp004-n2048-k11-d280-bs60-f1.000-r00:119087.368: log(norms):     [2047.94, 2051.01, 2056.18, 2056.22, 2056.33, 2056.24, 2056.26, 2056.43, 2056.37, 2056.44]
exp004-n2048-k11-d280-bs60-f1.000-r00:119087.418: (4053 sec)
exp004-n2048-k11-d280-bs60-f1.000-r00:119087.418: Loop 27/100
exp004-n2048-k11-d280-bs60-f1.000-r00:123292.949: log(exp-norms): [2047.94, 2050.22, 2053.57]
exp004-n2048-k11-d280-bs60-f1.000-r00:123292.951: log(norms):     [2047.94, 2051.01, 2056.18, 2056.22, 2056.33, 2056.43, 2056.26, 2056.36, 2056.51, 2056.26]
exp004-n2048-k11-d280-bs60-f1.000-r00:123293.000: (4206 sec)
exp004-n2048-k11-d280-bs60-f1.000-r00:123293.001: Loop 28/100
exp004-n2048-k11-d280-bs60-f1.000-r00:127423.154: log(exp-norms): [2047.94, 2050.22, 2053.57]
exp004-n2048-k11-d280-bs60-f1.000-r00:127423.155: log(norms):     [2047.94, 2051.01, 2056.18, 2056.22, 2056.28, 2056.26, 2056.33, 2056.28, 2056.43, 2056.49]
exp004-n2048-k11-d280-bs60-f1.000-r00:127423.205: (4131 sec)
exp004-n2048-k11-d280-bs60-f1.000-r00:127423.205: Loop 29/100
exp004-n2048-k11-d280-bs60-f1.000-r00:131470.750: log(exp-norms): [2047.94, 2050.22, 2053.57]
exp004-n2048-k11-d280-bs60-f1.000-r00:131470.751: log(norms):     [2047.94, 2051.01, 2056.18, 2056.22, 2056.28, 2056.32, 2056.33, 2056.28, 2056.34, 2056.26]
exp004-n2048-k11-d280-bs60-f1.000-r00:131470.808: (4048 sec)
exp004-n2048-k11-d280-bs60-f1.000-r00:131470.809: Loop 30/100
exp004-n2048-k11-d280-bs60-f1.000-r00:135543.849: log(exp-norms): [2047.94, 2050.22, 2053.57]
exp004-n2048-k11-d280-bs60-f1.000-r00:135543.850: log(norms):     [2047.94, 2051.01, 2056.18, 2056.22, 2056.28, 2056.32, 2056.33, 2056.3, 2056.28, 2056.34]
exp004-n2048-k11-d280-bs60-f1.000-r00:135543.915: (4074 sec)
exp004-n2048-k11-d280-bs60-f1.000-r00:135543.916: Loop 31/100
exp004-n2048-k11-d280-bs60-f1.000-r00:139625.413: log(exp-norms): [2047.94, 2050.22, 2053.57]
exp004-n2048-k11-d280-bs60-f1.000-r00:139625.414: log(norms):     [2047.94, 2051.01, 2056.18, 2056.22, 2056.28, 2056.32, 2056.33, 2056.3, 2056.28, 2056.34]
exp004-n2048-k11-d280-bs60-f1.000-r00:139625.464: (4082 sec)
exp004-n2048-k11-d280-bs60-f1.000-r00:139625.465: Loop 32/100
exp004-n2048-k11-d280-bs60-f1.000-r00:143646.070: log(exp-norms): [2047.94, 2050.22, 2053.57]
exp004-n2048-k11-d280-bs60-f1.000-r00:143646.071: log(norms):     [2047.94, 2051.01, 2056.18, 2056.22, 2056.28, 2056.32, 2056.33, 2056.3, 2056.28, 2056.34]
exp004-n2048-k11-d280-bs60-f1.000-r00:143646.121: (4021 sec)
exp004-n2048-k11-d280-bs60-f1.000-r00:143646.122: Loop 33/100
exp004-n2048-k11-d280-bs60-f1.000-r00:147753.904: log(exp-norms): [2047.94, 2050.22, 2053.57]
exp004-n2048-k11-d280-bs60-f1.000-r00:147753.905: log(norms):     [2047.94, 2051.01, 2056.18, 2056.22, 2056.28, 2056.32, 2056.33, 2056.3, 2056.28, 2056.34]
exp004-n2048-k11-d280-bs60-f1.000-r00:147753.956: (4108 sec)
exp004-n2048-k11-d280-bs60-f1.000-r00:147753.956: Loop 34/100
exp004-n2048-k11-d280-bs60-f1.000-r00:151837.345: log(exp-norms): [2047.94, 2050.22, 2053.57]
exp004-n2048-k11-d280-bs60-f1.000-r00:151837.346: log(norms):     [2047.94, 2051.01, 2056.18, 2056.22, 2056.28, 2056.32, 2056.33, 2056.3, 2056.16, 2056.28]
exp004-n2048-k11-d280-bs60-f1.000-r00:151837.396: (4084 sec)
exp004-n2048-k11-d280-bs60-f1.000-r00:151837.396: Loop 35/100
exp004-n2048-k11-d280-bs60-f1.000-r00:155826.851: log(exp-norms): [2047.94, 2050.22, 2053.57]
exp004-n2048-k11-d280-bs60-f1.000-r00:155826.852: log(norms):     [2047.94, 2051.01, 2056.16, 2056.22, 2056.18, 2056.28, 2056.24, 2056.37, 2056.3, 2056.28]
exp004-n2048-k11-d280-bs60-f1.000-r00:155826.902: (3990 sec)
exp004-n2048-k11-d280-bs60-f1.000-r00:155826.903: Loop 36/100
exp004-n2048-k11-d280-bs60-f1.000-r00:159963.276: log(exp-norms): [2047.94, 2050.22, 2053.57]
exp004-n2048-k11-d280-bs60-f1.000-r00:159963.277: log(norms):     [2047.94, 2051.01, 2056.16, 2056.22, 2056.18, 2056.28, 2056.24, 2056.28, 2056.3, 2056.37]
exp004-n2048-k11-d280-bs60-f1.000-r00:159963.327: (4137 sec)
exp004-n2048-k11-d280-bs60-f1.000-r00:159963.327: Loop 37/100
exp004-n2048-k11-d280-bs60-f1.000-r00:163968.428: log(exp-norms): [2047.94, 2050.22, 2053.57]
exp004-n2048-k11-d280-bs60-f1.000-r00:163968.429: log(norms):     [2047.94, 2051.01, 2056.16, 2056.22, 2056.18, 2056.28, 2056.24, 2056.28, 2056.3, 2056.37]
exp004-n2048-k11-d280-bs60-f1.000-r00:163968.480: (4006 sec)
exp004-n2048-k11-d280-bs60-f1.000-r00:163968.481: Loop 38/100
exp004-n2048-k11-d280-bs60-f1.000-r00:167913.060: log(exp-norms): [2047.94, 2050.22, 2053.57]
exp004-n2048-k11-d280-bs60-f1.000-r00:167913.061: log(norms):     [2047.94, 2051.01, 2056.16, 2056.22, 2056.18, 2056.28, 2056.24, 2056.28, 2056.3, 2056.37]
exp004-n2048-k11-d280-bs60-f1.000-r00:167913.115: (3945 sec)
exp004-n2048-k11-d280-bs60-f1.000-r00:167913.116: Loop 39/100
exp004-n2048-k11-d280-bs60-f1.000-r00:171982.337: log(exp-norms): [2047.94, 2050.22, 2053.57]
exp004-n2048-k11-d280-bs60-f1.000-r00:171982.339: log(norms):     [2047.94, 2051.01, 2056.16, 2056.22, 2056.18, 2056.24, 2056.28, 2056.24, 2056.34, 2056.41]
exp004-n2048-k11-d280-bs60-f1.000-r00:171982.370: (4070 sec)
exp004-n2048-k11-d280-bs60-f1.000-r00:171982.370: Loop 40/100
exp004-n2048-k11-d280-bs60-f1.000-r00:175987.276: log(exp-norms): [2047.94, 2050.22, 2053.57]
exp004-n2048-k11-d280-bs60-f1.000-r00:175987.277: log(norms):     [2047.94, 2051.01, 2056.16, 2056.22, 2056.18, 2056.24, 2056.28, 2056.34, 2056.37, 2056.3]
exp004-n2048-k11-d280-bs60-f1.000-r00:175987.328: (4005 sec)
exp004-n2048-k11-d280-bs60-f1.000-r00:175987.328: Loop 41/100
exp004-n2048-k11-d280-bs60-f1.000-r00:179945.782: log(exp-norms): [2047.94, 2050.22, 2053.57]
exp004-n2048-k11-d280-bs60-f1.000-r00:179945.782: log(norms):     [2047.94, 2051.01, 2056.12, 2056.16, 2056.22, 2056.18, 2056.21, 2056.39, 2056.24, 2056.36]
exp004-n2048-k11-d280-bs60-f1.000-r00:179945.832: (3959 sec)
exp004-n2048-k11-d280-bs60-f1.000-r00:179945.832: Loop 42/100
exp004-n2048-k11-d280-bs60-f1.000-r00:183924.929: log(exp-norms): [2047.94, 2050.22, 2053.57]
exp004-n2048-k11-d280-bs60-f1.000-r00:183924.930: log(norms):     [2047.94, 2051.01, 2056.12, 2056.16, 2056.22, 2056.18, 2056.21, 2056.39, 2056.24, 2056.46]
exp004-n2048-k11-d280-bs60-f1.000-r00:183924.979: (3980 sec)
exp004-n2048-k11-d280-bs60-f1.000-r00:183924.980: Loop 43/100
exp004-n2048-k11-d280-bs60-f1.000-r00:187903.115: log(exp-norms): [2047.94, 2050.22, 2053.57]
exp004-n2048-k11-d280-bs60-f1.000-r00:187903.116: log(norms):     [2047.94, 2051.01, 2056.12, 2056.13, 2056.16, 2056.38, 2056.22, 2056.18, 2056.24, 2056.43]
exp004-n2048-k11-d280-bs60-f1.000-r00:187903.166: (3979 sec)
exp004-n2048-k11-d280-bs60-f1.000-r00:187903.166: Loop 44/100
exp004-n2048-k11-d280-bs60-f1.000-r00:192000.551: log(exp-norms): [2047.94, 2050.22, 2053.57]
exp004-n2048-k11-d280-bs60-f1.000-r00:192000.552: log(norms):     [2047.94, 2051.01, 2056.12, 2056.13, 2056.16, 2056.38, 2056.22, 2056.18, 2056.24, 2056.51]
exp004-n2048-k11-d280-bs60-f1.000-r00:192000.602: (4098 sec)
exp004-n2048-k11-d280-bs60-f1.000-r00:192000.602: Loop 45/100
exp004-n2048-k11-d280-bs60-f1.000-r00:196135.626: log(exp-norms): [2047.94, 2050.22, 2053.57]
exp004-n2048-k11-d280-bs60-f1.000-r00:196135.628: log(norms):     [2047.94, 2051.01, 2056.12, 2056.13, 2056.16, 2056.38, 2056.22, 2056.18, 2056.24, 2056.51]
exp004-n2048-k11-d280-bs60-f1.000-r00:196135.676: (4136 sec)
exp004-n2048-k11-d280-bs60-f1.000-r00:196135.677: Loop 46/100
exp004-n2048-k11-d280-bs60-f1.000-r00:200004.681: log(exp-norms): [2047.94, 2050.22, 2053.57]
exp004-n2048-k11-d280-bs60-f1.000-r00:200004.682: log(norms):     [2047.94, 2051.01, 2056.12, 2056.13, 2056.16, 2056.38, 2056.22, 2056.18, 2056.24, 2056.51]
exp004-n2048-k11-d280-bs60-f1.000-r00:200004.732: (3870 sec)
exp004-n2048-k11-d280-bs60-f1.000-r00:200004.732: Loop 47/100
exp004-n2048-k11-d280-bs60-f1.000-r00:204094.220: log(exp-norms): [2047.94, 2050.22, 2053.57]
exp004-n2048-k11-d280-bs60-f1.000-r00:204094.221: log(norms):     [2047.94, 2051.01, 2056.12, 2056.13, 2056.27, 2056.16, 2056.38, 2056.22, 2056.18, 2056.24]
exp004-n2048-k11-d280-bs60-f1.000-r00:204094.269: (4090 sec)
exp004-n2048-k11-d280-bs60-f1.000-r00:204094.270: Loop 48/100
exp004-n2048-k11-d280-bs60-f1.000-r00:208081.364: log(exp-norms): [2047.94, 2050.22, 2053.57]
exp004-n2048-k11-d280-bs60-f1.000-r00:208081.365: log(norms):     [2047.94, 2051.01, 2056.12, 2056.13, 2056.27, 2056.17, 2056.22, 2056.18, 2056.16, 2056.24]
exp004-n2048-k11-d280-bs60-f1.000-r00:208081.414: (3988 sec)
exp004-n2048-k11-d280-bs60-f1.000-r00:208081.415: Loop 49/100
exp004-n2048-k11-d280-bs60-f1.000-r00:212066.186: log(exp-norms): [2047.94, 2050.22, 2053.57]
exp004-n2048-k11-d280-bs60-f1.000-r00:212066.187: log(norms):     [2047.94, 2051.01, 2056.12, 2056.13, 2056.27, 2056.17, 2056.22, 2056.18, 2056.16, 2056.24]
exp004-n2048-k11-d280-bs60-f1.000-r00:212066.252: (3985 sec)
exp004-n2048-k11-d280-bs60-f1.000-r00:212066.252: Loop 50/100
exp004-n2048-k11-d280-bs60-f1.000-r00:216174.418: log(exp-norms): [2047.94, 2050.22, 2053.57]
exp004-n2048-k11-d280-bs60-f1.000-r00:216174.419: log(norms):     [2047.94, 2051.01, 2056.12, 2056.13, 2056.27, 2056.17, 2056.22, 2056.18, 2056.16, 2056.24]
exp004-n2048-k11-d280-bs60-f1.000-r00:216174.479: (4109 sec)
exp004-n2048-k11-d280-bs60-f1.000-r00:216174.479: Loop 51/100
exp004-n2048-k11-d280-bs60-f1.000-r00:220106.015: log(exp-norms): [2047.94, 2050.22, 2053.57]
exp004-n2048-k11-d280-bs60-f1.000-r00:220106.017: log(norms):     [2047.94, 2051.01, 2056.12, 2056.13, 2056.27, 2056.17, 2056.22, 2056.18, 2056.16, 2056.24]
exp004-n2048-k11-d280-bs60-f1.000-r00:220106.066: (3932 sec)
exp004-n2048-k11-d280-bs60-f1.000-r00:220106.066: Loop 52/100
exp004-n2048-k11-d280-bs60-f1.000-r00:224035.832: log(exp-norms): [2047.94, 2050.22, 2053.57]
exp004-n2048-k11-d280-bs60-f1.000-r00:224035.833: log(norms):     [2047.94, 2051.01, 2056.12, 2056.13, 2056.27, 2056.17, 2056.22, 2056.18, 2056.16, 2056.4]
exp004-n2048-k11-d280-bs60-f1.000-r00:224035.882: (3930 sec)
exp004-n2048-k11-d280-bs60-f1.000-r00:224035.883: Loop 53/100
exp004-n2048-k11-d280-bs60-f1.000-r00:228083.676: log(exp-norms): [2047.94, 2050.22, 2053.57]
exp004-n2048-k11-d280-bs60-f1.000-r00:228083.677: log(norms):     [2047.94, 2051.01, 2056.12, 2056.13, 2056.27, 2056.17, 2056.22, 2056.18, 2056.16, 2056.4]
exp004-n2048-k11-d280-bs60-f1.000-r00:228083.728: (4048 sec)
exp004-n2048-k11-d280-bs60-f1.000-r00:228083.729: Loop 54/100
exp004-n2048-k11-d280-bs60-f1.000-r00:232105.414: log(exp-norms): [2047.94, 2050.22, 2053.57]
exp004-n2048-k11-d280-bs60-f1.000-r00:232105.415: log(norms):     [2047.94, 2051.01, 2056.12, 2056.13, 2056.27, 2056.17, 2056.22, 2056.18, 2056.16, 2056.4]
exp004-n2048-k11-d280-bs60-f1.000-r00:232105.467: (4022 sec)
exp004-n2048-k11-d280-bs60-f1.000-r00:232105.467: Loop 55/100
exp004-n2048-k11-d280-bs60-f1.000-r00:236156.554: log(exp-norms): [2047.94, 2050.22, 2053.57]
exp004-n2048-k11-d280-bs60-f1.000-r00:236156.556: log(norms):     [2047.94, 2051.01, 2056.12, 2056.13, 2056.27, 2056.17, 2056.22, 2056.18, 2056.16, 2056.4]
exp004-n2048-k11-d280-bs60-f1.000-r00:236156.607: (4052 sec)
exp004-n2048-k11-d280-bs60-f1.000-r00:236156.608: Loop 56/100
exp004-n2048-k11-d280-bs60-f1.000-r00:240205.407: log(exp-norms): [2047.94, 2050.22, 2053.57]
exp004-n2048-k11-d280-bs60-f1.000-r00:240205.408: log(norms):     [2047.94, 2051.01, 2056.12, 2056.13, 2056.27, 2056.17, 2056.22, 2056.18, 2056.16, 2056.4]
exp004-n2048-k11-d280-bs60-f1.000-r00:240205.457: (4049 sec)
exp004-n2048-k11-d280-bs60-f1.000-r00:240205.458: Loop 57/100
exp004-n2048-k11-d280-bs60-f1.000-r00:244228.069: log(exp-norms): [2047.94, 2050.22, 2053.57]
exp004-n2048-k11-d280-bs60-f1.000-r00:244228.070: log(norms):     [2047.94, 2051.01, 2056.12, 2056.13, 2056.27, 2056.17, 2056.22, 2056.18, 2056.16, 2056.4]
exp004-n2048-k11-d280-bs60-f1.000-r00:244228.135: (4023 sec)
exp004-n2048-k11-d280-bs60-f1.000-r00:244228.135: Loop 58/100
exp004-n2048-k11-d280-bs60-f1.000-r00:248245.364: log(exp-norms): [2047.94, 2050.22, 2053.57]
exp004-n2048-k11-d280-bs60-f1.000-r00:248245.365: log(norms):     [2047.94, 2051.01, 2056.12, 2056.13, 2056.27, 2056.17, 2056.22, 2056.18, 2056.16, 2056.4]
exp004-n2048-k11-d280-bs60-f1.000-r00:248245.414: (4018 sec)
exp004-n2048-k11-d280-bs60-f1.000-r00:248245.415: Loop 59/100
exp004-n2048-k11-d280-bs60-f1.000-r00:252250.182: log(exp-norms): [2047.94, 2050.22, 2053.57]
exp004-n2048-k11-d280-bs60-f1.000-r00:252250.183: log(norms):     [2047.94, 2051.01, 2056.12, 2056.13, 2056.27, 2056.17, 2056.22, 2056.18, 2056.16, 2056.4]
exp004-n2048-k11-d280-bs60-f1.000-r00:252250.244: (4005 sec)
exp004-n2048-k11-d280-bs60-f1.000-r00:252250.245: Loop 60/100
exp004-n2048-k11-d280-bs60-f1.000-r00:256175.138: log(exp-norms): [2047.94, 2050.22, 2053.57]
exp004-n2048-k11-d280-bs60-f1.000-r00:256175.148: log(norms):     [2047.94, 2051.01, 2056.12, 2056.13, 2056.27, 2056.17, 2056.22, 2056.18, 2056.16, 2056.4]
exp004-n2048-k11-d280-bs60-f1.000-r00:256175.197: (3925 sec)
exp004-n2048-k11-d280-bs60-f1.000-r00:256175.198: Loop 61/100
exp004-n2048-k11-d280-bs60-f1.000-r00:260292.162: log(exp-norms): [2047.94, 2050.22, 2053.57]
exp004-n2048-k11-d280-bs60-f1.000-r00:260292.163: log(norms):     [2047.94, 2051.01, 2056.12, 2056.13, 2056.27, 2056.17, 2056.22, 2056.18, 2056.16, 2056.4]
exp004-n2048-k11-d280-bs60-f1.000-r00:260292.214: (4118 sec)
exp004-n2048-k11-d280-bs60-f1.000-r00:260292.214: Loop 62/100
exp004-n2048-k11-d280-bs60-f1.000-r00:264267.851: log(exp-norms): [2047.94, 2050.22, 2053.57]
exp004-n2048-k11-d280-bs60-f1.000-r00:264267.852: log(norms):     [2047.94, 2051.01, 2056.12, 2056.13, 2056.27, 2056.17, 2056.22, 2056.18, 2056.16, 2056.4]
exp004-n2048-k11-d280-bs60-f1.000-r00:264267.901: (3976 sec)
exp004-n2048-k11-d280-bs60-f1.000-r00:264267.901: Loop 63/100
exp004-n2048-k11-d280-bs60-f1.000-r00:268297.209: log(exp-norms): [2047.94, 2050.22, 2053.57]
exp004-n2048-k11-d280-bs60-f1.000-r00:268297.211: log(norms):     [2047.94, 2051.01, 2056.12, 2056.13, 2056.27, 2056.17, 2056.22, 2056.18, 2056.16, 2056.4]
exp004-n2048-k11-d280-bs60-f1.000-r00:268297.260: (4030 sec)
exp004-n2048-k11-d280-bs60-f1.000-r00:268297.261: Loop 64/100
exp004-n2048-k11-d280-bs60-f1.000-r00:272323.016: log(exp-norms): [2047.94, 2050.22, 2053.57]
exp004-n2048-k11-d280-bs60-f1.000-r00:272323.017: log(norms):     [2047.94, 2051.01, 2056.12, 2056.13, 2056.27, 2056.29, 2056.17, 2056.22, 2056.18, 2056.4]
exp004-n2048-k11-d280-bs60-f1.000-r00:272323.067: (4026 sec)
exp004-n2048-k11-d280-bs60-f1.000-r00:272323.067: Loop 65/100
exp004-n2048-k11-d280-bs60-f1.000-r00:276228.023: log(exp-norms): [2047.94, 2050.22, 2053.57]
exp004-n2048-k11-d280-bs60-f1.000-r00:276228.024: log(norms):     [2047.94, 2051.01, 2056.12, 2056.13, 2056.27, 2056.29, 2056.17, 2056.22, 2056.18, 2056.4]
exp004-n2048-k11-d280-bs60-f1.000-r00:276228.081: (3906 sec)
exp004-n2048-k11-d280-bs60-f1.000-r00:276228.082: Loop 66/100
exp004-n2048-k11-d280-bs60-f1.000-r00:280228.272: log(exp-norms): [2047.94, 2050.22, 2053.57]
exp004-n2048-k11-d280-bs60-f1.000-r00:280228.272: log(norms):     [2047.94, 2051.01, 2056.12, 2056.13, 2056.27, 2056.29, 2056.17, 2056.22, 2056.18, 2056.4]
exp004-n2048-k11-d280-bs60-f1.000-r00:280228.331: (4001 sec)
exp004-n2048-k11-d280-bs60-f1.000-r00:280228.331: Loop 67/100
exp004-n2048-k11-d280-bs60-f1.000-r00:284250.690: log(exp-norms): [2047.94, 2050.22, 2053.57]
exp004-n2048-k11-d280-bs60-f1.000-r00:284250.691: log(norms):     [2047.94, 2051.01, 2056.12, 2056.13, 2056.27, 2056.29, 2056.22, 2056.17, 2056.41, 2056.42]
exp004-n2048-k11-d280-bs60-f1.000-r00:284250.740: (4023 sec)
exp004-n2048-k11-d280-bs60-f1.000-r00:284250.740: Loop 68/100
exp004-n2048-k11-d280-bs60-f1.000-r00:288122.788: log(exp-norms): [2047.94, 2050.22, 2053.57]
exp004-n2048-k11-d280-bs60-f1.000-r00:288122.789: log(norms):     [2047.94, 2051.01, 2056.12, 2056.13, 2056.27, 2056.29, 2056.22, 2056.17, 2056.41, 2056.42]
exp004-n2048-k11-d280-bs60-f1.000-r00:288122.838: (3873 sec)
exp004-n2048-k11-d280-bs60-f1.000-r00:288122.838: Loop 69/100
exp004-n2048-k11-d280-bs60-f1.000-r00:291951.343: log(exp-norms): [2047.94, 2050.22, 2053.57]
exp004-n2048-k11-d280-bs60-f1.000-r00:291951.344: log(norms):     [2047.94, 2051.01, 2056.12, 2056.13, 2056.27, 2056.29, 2056.22, 2056.17, 2056.41, 2056.42]
exp004-n2048-k11-d280-bs60-f1.000-r00:291951.393: (3829 sec)
exp004-n2048-k11-d280-bs60-f1.000-r00:291951.393: Loop 70/100
exp004-n2048-k11-d280-bs60-f1.000-r00:295896.557: log(exp-norms): [2047.94, 2050.22, 2053.57]
exp004-n2048-k11-d280-bs60-f1.000-r00:295896.558: log(norms):     [2047.94, 2051.01, 2056.12, 2056.13, 2056.27, 2056.29, 2056.22, 2056.17, 2056.41, 2056.42]
exp004-n2048-k11-d280-bs60-f1.000-r00:295896.608: (3946 sec)
exp004-n2048-k11-d280-bs60-f1.000-r00:295896.609: Loop 71/100
exp004-n2048-k11-d280-bs60-f1.000-r00:299885.205: log(exp-norms): [2047.94, 2050.22, 2053.57]
exp004-n2048-k11-d280-bs60-f1.000-r00:299885.206: log(norms):     [2047.94, 2051.01, 2056.12, 2056.13, 2056.27, 2056.29, 2056.22, 2056.17, 2056.41, 2056.27]
exp004-n2048-k11-d280-bs60-f1.000-r00:299885.257: (3989 sec)
exp004-n2048-k11-d280-bs60-f1.000-r00:299885.258: Loop 72/100
exp004-n2048-k11-d280-bs60-f1.000-r00:303716.875: log(exp-norms): [2047.94, 2050.22, 2053.57]
exp004-n2048-k11-d280-bs60-f1.000-r00:303716.877: log(norms):     [2047.94, 2051.01, 2056.12, 2056.13, 2056.27, 2056.29, 2056.22, 2056.17, 2056.41, 2056.27]
exp004-n2048-k11-d280-bs60-f1.000-r00:303716.927: (3832 sec)
exp004-n2048-k11-d280-bs60-f1.000-r00:303716.928: Loop 73/100
exp004-n2048-k11-d280-bs60-f1.000-r00:307566.137: log(exp-norms): [2047.94, 2050.22, 2053.57]
exp004-n2048-k11-d280-bs60-f1.000-r00:307566.138: log(norms):     [2047.94, 2051.01, 2056.12, 2056.13, 2056.27, 2056.29, 2056.22, 2056.17, 2056.21, 2056.41]
exp004-n2048-k11-d280-bs60-f1.000-r00:307566.188: (3850 sec)
exp004-n2048-k11-d280-bs60-f1.000-r00:307566.189: Loop 74/100
exp004-n2048-k11-d280-bs60-f1.000-r00:311414.218: log(exp-norms): [2047.94, 2050.22, 2053.57]
exp004-n2048-k11-d280-bs60-f1.000-r00:311414.219: log(norms):     [2047.94, 2051.01, 2056.12, 2056.13, 2056.27, 2056.29, 2056.22, 2056.17, 2056.21, 2056.41]
exp004-n2048-k11-d280-bs60-f1.000-r00:311414.268: (3849 sec)
exp004-n2048-k11-d280-bs60-f1.000-r00:311414.269: Loop 75/100
exp004-n2048-k11-d280-bs60-f1.000-r00:315371.476: log(exp-norms): [2047.94, 2050.22, 2053.57]
exp004-n2048-k11-d280-bs60-f1.000-r00:315371.477: log(norms):     [2047.94, 2051.01, 2056.12, 2056.13, 2056.27, 2056.29, 2056.22, 2056.39, 2056.46, 2056.37]
exp004-n2048-k11-d280-bs60-f1.000-r00:315371.526: (3958 sec)
exp004-n2048-k11-d280-bs60-f1.000-r00:315371.527: Loop 76/100
exp004-n2048-k11-d280-bs60-f1.000-r00:319354.513: log(exp-norms): [2047.94, 2050.22, 2053.57]
exp004-n2048-k11-d280-bs60-f1.000-r00:319354.514: log(norms):     [2047.94, 2051.01, 2056.12, 2056.13, 2056.27, 2056.29, 2056.22, 2056.39, 2056.46, 2056.37]
exp004-n2048-k11-d280-bs60-f1.000-r00:319354.563: (3984 sec)
exp004-n2048-k11-d280-bs60-f1.000-r00:319354.563: Loop 77/100
exp004-n2048-k11-d280-bs60-f1.000-r00:323178.727: log(exp-norms): [2047.94, 2050.22, 2053.57]
exp004-n2048-k11-d280-bs60-f1.000-r00:323178.728: log(norms):     [2047.94, 2051.01, 2056.12, 2056.13, 2056.27, 2056.29, 2056.22, 2056.39, 2056.46, 2056.37]
exp004-n2048-k11-d280-bs60-f1.000-r00:323178.776: (3825 sec)
exp004-n2048-k11-d280-bs60-f1.000-r00:323178.777: Loop 78/100
exp004-n2048-k11-d280-bs60-f1.000-r00:326957.417: log(exp-norms): [2047.94, 2050.22, 2053.57]
exp004-n2048-k11-d280-bs60-f1.000-r00:326957.418: log(norms):     [2047.94, 2051.01, 2056.12, 2056.15, 2056.13, 2056.27, 2056.29, 2056.32, 2056.33, 2056.23]
exp004-n2048-k11-d280-bs60-f1.000-r00:326957.465: (3779 sec)
exp004-n2048-k11-d280-bs60-f1.000-r00:326957.466: Loop 79/100
exp004-n2048-k11-d280-bs60-f1.000-r00:330847.083: log(exp-norms): [2047.94, 2050.22, 2053.57]
exp004-n2048-k11-d280-bs60-f1.000-r00:330847.084: log(norms):     [2047.94, 2051.01, 2056.12, 2056.15, 2056.13, 2056.27, 2056.29, 2056.32, 2056.33, 2056.33]
exp004-n2048-k11-d280-bs60-f1.000-r00:330847.115: (3890 sec)
exp004-n2048-k11-d280-bs60-f1.000-r00:330847.115: Loop 80/100
exp004-n2048-k11-d280-bs60-f1.000-r00:334512.585: log(exp-norms): [2047.94, 2050.22, 2053.57]
exp004-n2048-k11-d280-bs60-f1.000-r00:334512.586: log(norms):     [2047.94, 2051.01, 2056.12, 2056.15, 2056.13, 2056.27, 2056.25, 2056.29, 2056.32, 2056.33]
exp004-n2048-k11-d280-bs60-f1.000-r00:334512.616: (3666 sec)
exp004-n2048-k11-d280-bs60-f1.000-r00:334512.616: Loop 81/100
exp004-n2048-k11-d280-bs60-f1.000-r00:338235.967: log(exp-norms): [2047.94, 2050.22, 2053.57]
exp004-n2048-k11-d280-bs60-f1.000-r00:338235.968: log(norms):     [2047.94, 2051.01, 2056.12, 2056.15, 2056.13, 2056.2, 2056.27, 2056.25, 2056.29, 2056.32]
exp004-n2048-k11-d280-bs60-f1.000-r00:338236.019: (3724 sec)
exp004-n2048-k11-d280-bs60-f1.000-r00:338236.020: Loop 82/100
exp004-n2048-k11-d280-bs60-f1.000-r00:342117.061: log(exp-norms): [2047.94, 2050.22, 2053.57]
exp004-n2048-k11-d280-bs60-f1.000-r00:342117.062: log(norms):     [2047.94, 2051.01, 2056.12, 2056.15, 2056.13, 2056.2, 2056.27, 2056.25, 2056.29, 2056.32]
exp004-n2048-k11-d280-bs60-f1.000-r00:342117.093: (3882 sec)
exp004-n2048-k11-d280-bs60-f1.000-r00:342117.094: Loop 83/100
exp004-n2048-k11-d280-bs60-f1.000-r00:345697.285: log(exp-norms): [2047.94, 2050.22, 2053.57]
exp004-n2048-k11-d280-bs60-f1.000-r00:345697.286: log(norms):     [2047.94, 2051.01, 2056.12, 2056.15, 2056.13, 2056.2, 2056.27, 2056.25, 2056.29, 2056.32]
exp004-n2048-k11-d280-bs60-f1.000-r00:345697.336: (3581 sec)
exp004-n2048-k11-d280-bs60-f1.000-r00:345697.336: Loop 84/100
exp004-n2048-k11-d280-bs60-f1.000-r00:349603.510: log(exp-norms): [2047.94, 2050.22, 2053.57]
exp004-n2048-k11-d280-bs60-f1.000-r00:349603.510: log(norms):     [2047.94, 2051.01, 2056.12, 2056.15, 2056.13, 2056.2, 2056.27, 2056.25, 2056.29, 2056.32]
exp004-n2048-k11-d280-bs60-f1.000-r00:349603.559: (3907 sec)
exp004-n2048-k11-d280-bs60-f1.000-r00:349603.559: Loop 85/100
exp004-n2048-k11-d280-bs60-f1.000-r00:353425.558: log(exp-norms): [2047.94, 2050.22, 2053.57]
exp004-n2048-k11-d280-bs60-f1.000-r00:353425.559: log(norms):     [2047.94, 2051.01, 2056.12, 2056.15, 2056.13, 2056.2, 2056.27, 2056.25, 2056.29, 2056.32]
exp004-n2048-k11-d280-bs60-f1.000-r00:353425.607: (3823 sec)
exp004-n2048-k11-d280-bs60-f1.000-r00:353425.607: Loop 86/100
exp004-n2048-k11-d280-bs60-f1.000-r00:357256.211: log(exp-norms): [2047.94, 2050.22, 2053.57]
exp004-n2048-k11-d280-bs60-f1.000-r00:357256.212: log(norms):     [2047.94, 2051.01, 2056.12, 2056.15, 2056.13, 2056.2, 2056.27, 2056.25, 2056.29, 2056.32]
exp004-n2048-k11-d280-bs60-f1.000-r00:357256.261: (3831 sec)
exp004-n2048-k11-d280-bs60-f1.000-r00:357256.261: Loop 87/100
exp004-n2048-k11-d280-bs60-f1.000-r00:360778.707: log(exp-norms): [2047.94, 2050.22, 2053.57]
exp004-n2048-k11-d280-bs60-f1.000-r00:360778.707: log(norms):     [2047.94, 2050.21, 2051.01, 2056.12, 2056.14, 2056.13, 2056.2, 2056.27, 2056.25, 2056.29]
exp004-n2048-k11-d280-bs60-f1.000-r00:360778.758: (3523 sec)
exp004-n2048-k11-d280-bs60-f1.000-r00:360778.758: ==========================Summary===========================
exp004-n2048-k11-d280-bs60-f1.000-r00:360778.758: Total time: 360779sec
exp004-n2048-k11-d280-bs60-f1.000-r00:360778.758: SUCCESS
exp004-n2048-k11-d280-bs60-f1.000-r00:360778.758: HNP solution: 23237742589392345210154517575480582284594997949271932716675920138541964626231912928180965643418105249355876134926908209187736583031086769542662985386563119886154840449903476332729455692097847885628175875189003754077163253735753508070693864114240504244173560764720554543867483460766954415602896545301918410576130137962713413285667160375101043191033367290372361673182067652319561910232725122841905903378507906843559246554636733897605567101413452086366598301165905390620604681768560706038895162890362816593626342717536166595861800301293074449061062803728943993162018482566376554441857157838525442899767047343574658824450
exp004-n2048-k11-d280-bs60-f1.000-r00:360778.759: Shared secret: 23237742589392345210154517575480582284594997949271932716675920138541964626231912928180965643418105249355876134926908209187736583031086769542662985386563119886154840449903476332729455692097847885628175875189003754077163253735753508070693864114240504244173560764720554543867483460766954415602896545301918410576130137962713413285667160375101043191033367290372361673182067652319561910232725122841905903378507906843559246554636733897605567101413452086366598301165905390620604681768560706038895162890362816593626342717536166595861800301293074449061062803728943993162018482566376554441857157838525442899767047343574658824450
exp004-n2048-k11-d280-bs60-f1.000-r00:360778.759: SUMMARY:n:2048:k:11:d:280:bs:60:t:360779:r:True
