exp030-n2048-k11-d300-bs70-f1.000-r00:000000.252: ==========================Instance==========================
exp030-n2048-k11-d300-bs70-f1.000-r00:000000.252: # of equations: 300
exp030-n2048-k11-d300-bs70-f1.000-r00:000000.257: Gap: 14.23
exp030-n2048-k11-d300-bs70-f1.000-r00:000000.267: Tau: 48.12
exp030-n2048-k11-d300-bs70-f1.000-r00:000000.268: ======================BKZ-70 reduction======================
exp030-n2048-k11-d300-bs70-f1.000-r00:000012.110: Expectedly achievable log(norm): 2056.73
exp030-n2048-k11-d300-bs70-f1.000-r00:000023.642: log(exp-norms): [2047.94, 2050.27, 2054.1]
exp030-n2048-k11-d300-bs70-f1.000-r00:000023.643: log(norms):     [2062.24, 2051.06, 2058.89, 2058.89, 2058.89, 2058.89, 2058.89, 2058.89, 2058.89, 2058.89]
exp030-n2048-k11-d300-bs70-f1.000-r00:000023.747: Loop 1/100
exp030-n2048-k11-d300-bs70-f1.000-r00:076008.787: log(exp-norms): [2047.94, 2050.27, 2054.1]
exp030-n2048-k11-d300-bs70-f1.000-r00:076008.789: log(norms):     [2051.06, 2058.89, 2058.89, 2058.89, 2058.89, 2058.89, 2058.89, 2058.89, 2058.89, 2058.89]
exp030-n2048-k11-d300-bs70-f1.000-r00:076008.843: (75986 sec)
exp030-n2048-k11-d300-bs70-f1.000-r00:076008.843: Loop 2/100
exp030-n2048-k11-d300-bs70-f1.000-r00:137634.840: log(exp-norms): [2047.94, 2050.27, 2054.1]
exp030-n2048-k11-d300-bs70-f1.000-r00:137634.842: log(norms):     [2047.94, 2051.06, 2058.89, 2058.89, 2058.89, 2058.89, 2058.89, 2058.89, 2058.89, 2058.89]
exp030-n2048-k11-d300-bs70-f1.000-r00:137634.893: (61627 sec)
exp030-n2048-k11-d300-bs70-f1.000-r00:137634.894: Loop 3/100
exp030-n2048-k11-d300-bs70-f1.000-r00:200362.902: log(exp-norms): [2047.94, 2050.27, 2054.1]
exp030-n2048-k11-d300-bs70-f1.000-r00:200362.904: log(norms):     [2047.94, 2051.06, 2058.89, 2058.98, 2059.03, 2058.92, 2058.95, 2059.02, 2059.17, 2059.11]
exp030-n2048-k11-d300-bs70-f1.000-r00:200362.959: (62729 sec)
exp030-n2048-k11-d300-bs70-f1.000-r00:200362.960: Loop 4/100
exp030-n2048-k11-d300-bs70-f1.000-r00:258055.792: log(exp-norms): [2047.94, 2050.27, 2054.1]
exp030-n2048-k11-d300-bs70-f1.000-r00:258055.793: log(norms):     [2047.94, 2051.06, 2058.52, 2058.54, 2058.59, 2058.62, 2058.59, 2058.7, 2058.4, 2058.6]
exp030-n2048-k11-d300-bs70-f1.000-r00:258055.847: (57693 sec)
exp030-n2048-k11-d300-bs70-f1.000-r00:258055.848: Loop 5/100
exp030-n2048-k11-d300-bs70-f1.000-r00:318469.439: log(exp-norms): [2047.94, 2050.27, 2054.1]
exp030-n2048-k11-d300-bs70-f1.000-r00:318469.441: log(norms):     [2047.94, 2051.06, 2058.08, 2058.12, 2058.16, 2058.22, 2058.3, 2058.27, 2058.4, 2058.11]
exp030-n2048-k11-d300-bs70-f1.000-r00:318469.494: (60414 sec)
exp030-n2048-k11-d300-bs70-f1.000-r00:318469.495: Loop 6/100
exp030-n2048-k11-d300-bs70-f1.000-r00:377106.960: log(exp-norms): [2047.94, 2050.27, 2054.1]
exp030-n2048-k11-d300-bs70-f1.000-r00:377106.961: log(norms):     [2047.94, 2051.06, 2057.82, 2057.82, 2057.93, 2057.93, 2058.01, 2058.02, 2057.77, 2058.09]
exp030-n2048-k11-d300-bs70-f1.000-r00:377106.994: (58638 sec)
exp030-n2048-k11-d300-bs70-f1.000-r00:377106.994: Loop 7/100
exp030-n2048-k11-d300-bs70-f1.000-r00:432356.940: log(exp-norms): [2047.94, 2050.27, 2054.1]
exp030-n2048-k11-d300-bs70-f1.000-r00:432356.942: log(norms):     [2047.94, 2051.06, 2057.55, 2057.59, 2057.76, 2057.65, 2057.87, 2057.77, 2057.54, 2057.75]
exp030-n2048-k11-d300-bs70-f1.000-r00:432357.003: (55251 sec)
exp030-n2048-k11-d300-bs70-f1.000-r00:432357.004: Loop 8/100
exp030-n2048-k11-d300-bs70-f1.000-r00:485354.061: log(exp-norms): [2047.94, 2050.27, 2054.1]
exp030-n2048-k11-d300-bs70-f1.000-r00:485354.063: log(norms):     [2047.94, 2050.26, 2051.06, 2057.29, 2057.35, 2057.39, 2057.35, 2057.54, 2057.36, 2057.58]
exp030-n2048-k11-d300-bs70-f1.000-r00:485354.114: (52998 sec)
exp030-n2048-k11-d300-bs70-f1.000-r00:485354.114: ==========================Summary===========================
exp030-n2048-k11-d300-bs70-f1.000-r00:485354.114: Total time: 485354sec
exp030-n2048-k11-d300-bs70-f1.000-r00:485354.114: SUCCESS
exp030-n2048-k11-d300-bs70-f1.000-r00:485354.115: HNP solution: 23237742589392345210154517575480582284594997949271932716675920138541964626231912928180965643418105249355876134926908209187736583031086769542662985386563119886154840449903476332729455692097847885628175875189003754077163253735753508070693864114240504244173560764720554543867483460766954415602896545301918410576130137962713413285667160375101043191033367290372361673182067652319561910232725122841905903378507906843559246554636733897605567101413452086366598301165905390620604681768560706038895162890362816593626342717536166595861800301293074449061062803728943993162018482566376554441857157838525442899767047343574658824450
exp030-n2048-k11-d300-bs70-f1.000-r00:485354.115: Shared secret: 23237742589392345210154517575480582284594997949271932716675920138541964626231912928180965643418105249355876134926908209187736583031086769542662985386563119886154840449903476332729455692097847885628175875189003754077163253735753508070693864114240504244173560764720554543867483460766954415602896545301918410576130137962713413285667160375101043191033367290372361673182067652319561910232725122841905903378507906843559246554636733897605567101413452086366598301165905390620604681768560706038895162890362816593626342717536166595861800301293074449061062803728943993162018482566376554441857157838525442899767047343574658824450
exp030-n2048-k11-d300-bs70-f1.000-r00:485354.115: SUMMARY:n:2048:k:11:d:300:bs:70:t:485354:r:True
