exp020-n2048-k09-d310-bs60-f1.000-r00:000000.279: ==========================Instance==========================
exp020-n2048-k09-d310-bs60-f1.000-r00:000000.279: # of equations: 310
exp020-n2048-k09-d310-bs60-f1.000-r00:000000.284: Gap: 4.18
exp020-n2048-k09-d310-bs60-f1.000-r00:000000.295: Tau: 4.09
exp020-n2048-k09-d310-bs60-f1.000-r00:000000.296: ======================BKZ-60 reduction======================
exp020-n2048-k09-d310-bs60-f1.000-r00:000012.231: Expectedly achievable log(norm): 2055.39
exp020-n2048-k09-d310-bs60-f1.000-r00:000024.155: log(exp-norms): [2047.94, 2050.29, 2052.36]
exp020-n2048-k09-d310-bs60-f1.000-r00:000024.156: log(norms):     [2060.3, 2051.09, 2056.89, 2056.89, 2056.89, 2056.89, 2056.89, 2056.89, 2056.89, 2056.89]
exp020-n2048-k09-d310-bs60-f1.000-r00:000024.254: Loop 1/100
exp020-n2048-k09-d310-bs60-f1.000-r00:016498.923: log(exp-norms): [2047.94, 2050.29, 2052.36]
exp020-n2048-k09-d310-bs60-f1.000-r00:016498.924: log(norms):     [2051.09, 2056.89, 2056.89, 2056.89, 2056.89, 2056.89, 2056.89, 2056.89, 2056.89, 2056.89]
exp020-n2048-k09-d310-bs60-f1.000-r00:016498.979: (16475 sec)
exp020-n2048-k09-d310-bs60-f1.000-r00:016498.979: Loop 2/100
exp020-n2048-k09-d310-bs60-f1.000-r00:022506.293: log(exp-norms): [2047.94, 2050.29, 2052.36]
exp020-n2048-k09-d310-bs60-f1.000-r00:022506.295: log(norms):     [2051.09, 2056.89, 2056.89, 2056.89, 2056.89, 2056.89, 2056.89, 2056.89, 2056.89, 2056.89]
exp020-n2048-k09-d310-bs60-f1.000-r00:022506.429: (6008 sec)
exp020-n2048-k09-d310-bs60-f1.000-r00:022506.429: Loop 3/100
exp020-n2048-k09-d310-bs60-f1.000-r00:028771.461: log(exp-norms): [2047.94, 2050.29, 2052.36]
exp020-n2048-k09-d310-bs60-f1.000-r00:028771.462: log(norms):     [2051.09, 2056.89, 2056.89, 2056.89, 2056.89, 2056.89, 2056.89, 2056.89, 2056.89, 2056.89]
exp020-n2048-k09-d310-bs60-f1.000-r00:028771.517: (6266 sec)
exp020-n2048-k09-d310-bs60-f1.000-r00:028771.518: Loop 4/100
exp020-n2048-k09-d310-bs60-f1.000-r00:034883.996: log(exp-norms): [2047.94, 2050.29, 2052.36]
exp020-n2048-k09-d310-bs60-f1.000-r00:034883.997: log(norms):     [2051.09, 2056.89, 2056.89, 2056.89, 2056.89, 2056.89, 2056.89, 2056.89, 2056.89, 2056.89]
exp020-n2048-k09-d310-bs60-f1.000-r00:034884.051: (6113 sec)
exp020-n2048-k09-d310-bs60-f1.000-r00:034884.052: Loop 5/100
exp020-n2048-k09-d310-bs60-f1.000-r00:040818.610: log(exp-norms): [2047.94, 2050.29, 2052.36]
exp020-n2048-k09-d310-bs60-f1.000-r00:040818.611: log(norms):     [2051.09, 2056.89, 2056.89, 2056.89, 2056.89, 2056.89, 2056.89, 2057.29, 2057.29, 2057.29]
exp020-n2048-k09-d310-bs60-f1.000-r00:040818.665: (5935 sec)
exp020-n2048-k09-d310-bs60-f1.000-r00:040818.666: Loop 6/100
exp020-n2048-k09-d310-bs60-f1.000-r00:046789.298: log(exp-norms): [2047.94, 2050.29, 2052.36]
exp020-n2048-k09-d310-bs60-f1.000-r00:046789.299: log(norms):     [2051.09, 2056.83, 2056.89, 2056.85, 2056.91, 2057.02, 2056.98, 2057.05, 2056.89, 2056.94]
exp020-n2048-k09-d310-bs60-f1.000-r00:046789.355: (5971 sec)
exp020-n2048-k09-d310-bs60-f1.000-r00:046789.355: Loop 7/100
exp020-n2048-k09-d310-bs60-f1.000-r00:052291.681: log(exp-norms): [2047.94, 2050.29, 2052.36]
exp020-n2048-k09-d310-bs60-f1.000-r00:052291.683: log(norms):     [2051.09, 2056.56, 2056.61, 2056.65, 2056.75, 2056.93, 2056.71, 2056.9, 2056.75, 2056.65]
exp020-n2048-k09-d310-bs60-f1.000-r00:052291.734: (5503 sec)
exp020-n2048-k09-d310-bs60-f1.000-r00:052291.734: Loop 8/100
exp020-n2048-k09-d310-bs60-f1.000-r00:057816.720: log(exp-norms): [2047.94, 2050.29, 2052.36]
exp020-n2048-k09-d310-bs60-f1.000-r00:057816.721: log(norms):     [2051.09, 2056.41, 2056.47, 2056.52, 2056.55, 2056.53, 2056.59, 2056.53, 2056.7, 2056.7]
exp020-n2048-k09-d310-bs60-f1.000-r00:057816.776: (5526 sec)
exp020-n2048-k09-d310-bs60-f1.000-r00:057816.776: Loop 9/100
exp020-n2048-k09-d310-bs60-f1.000-r00:063253.523: log(exp-norms): [2047.94, 2050.29, 2052.36]
exp020-n2048-k09-d310-bs60-f1.000-r00:063253.525: log(norms):     [2051.09, 2056.26, 2056.34, 2056.49, 2056.34, 2056.52, 2056.27, 2056.36, 2056.48, 2056.39]
exp020-n2048-k09-d310-bs60-f1.000-r00:063253.582: (5437 sec)
exp020-n2048-k09-d310-bs60-f1.000-r00:063253.583: Loop 10/100
exp020-n2048-k09-d310-bs60-f1.000-r00:068514.177: log(exp-norms): [2047.94, 2050.29, 2052.36]
exp020-n2048-k09-d310-bs60-f1.000-r00:068514.178: log(norms):     [2051.09, 2056.11, 2056.27, 2056.17, 2056.22, 2056.25, 2056.26, 2056.35, 2056.35, 2056.36]
exp020-n2048-k09-d310-bs60-f1.000-r00:068514.232: (5261 sec)
exp020-n2048-k09-d310-bs60-f1.000-r00:068514.232: Loop 11/100
exp020-n2048-k09-d310-bs60-f1.000-r00:074095.911: log(exp-norms): [2047.94, 2050.29, 2052.36]
exp020-n2048-k09-d310-bs60-f1.000-r00:074095.912: log(norms):     [2051.09, 2056.03, 2056.1, 2056.2, 2056.09, 2055.96, 2056.13, 2056.18, 2055.98, 2056.16]
exp020-n2048-k09-d310-bs60-f1.000-r00:074095.966: (5582 sec)
exp020-n2048-k09-d310-bs60-f1.000-r00:074095.967: Loop 12/100
exp020-n2048-k09-d310-bs60-f1.000-r00:079708.595: log(exp-norms): [2047.94, 2050.29, 2052.36]
exp020-n2048-k09-d310-bs60-f1.000-r00:079708.597: log(norms):     [2051.09, 2055.96, 2055.98, 2056.05, 2056.07, 2056.2, 2056.14, 2056.0, 2056.24, 2056.02]
exp020-n2048-k09-d310-bs60-f1.000-r00:079708.651: (5613 sec)
exp020-n2048-k09-d310-bs60-f1.000-r00:079708.651: Loop 13/100
exp020-n2048-k09-d310-bs60-f1.000-r00:085343.647: log(exp-norms): [2047.94, 2050.29, 2052.36]
exp020-n2048-k09-d310-bs60-f1.000-r00:085343.649: log(norms):     [2051.09, 2055.81, 2055.81, 2055.99, 2056.0, 2055.93, 2055.94, 2055.91, 2055.96, 2056.16]
exp020-n2048-k09-d310-bs60-f1.000-r00:085343.707: (5636 sec)
exp020-n2048-k09-d310-bs60-f1.000-r00:085343.707: Loop 14/100
exp020-n2048-k09-d310-bs60-f1.000-r00:090986.634: log(exp-norms): [2047.94, 2050.29, 2052.36]
exp020-n2048-k09-d310-bs60-f1.000-r00:090986.636: log(norms):     [2047.94, 2051.09, 2055.66, 2055.81, 2055.81, 2056.06, 2055.93, 2055.94, 2055.9, 2055.93]
exp020-n2048-k09-d310-bs60-f1.000-r00:090986.691: (5643 sec)
exp020-n2048-k09-d310-bs60-f1.000-r00:090986.692: Loop 15/100
exp020-n2048-k09-d310-bs60-f1.000-r00:096548.956: log(exp-norms): [2047.94, 2050.29, 2052.36]
exp020-n2048-k09-d310-bs60-f1.000-r00:096548.957: log(norms):     [2047.94, 2051.09, 2055.66, 2055.82, 2055.7, 2055.81, 2055.64, 2055.83, 2055.79, 2055.97]
exp020-n2048-k09-d310-bs60-f1.000-r00:096549.011: (5563 sec)
exp020-n2048-k09-d310-bs60-f1.000-r00:096549.011: Loop 16/100
exp020-n2048-k09-d310-bs60-f1.000-r00:102214.086: log(exp-norms): [2047.94, 2050.29, 2052.36]
exp020-n2048-k09-d310-bs60-f1.000-r00:102214.087: log(norms):     [2047.94, 2051.09, 2055.64, 2055.66, 2055.88, 2055.72, 2055.76, 2055.78, 2055.73, 2055.73]
exp020-n2048-k09-d310-bs60-f1.000-r00:102214.142: (5666 sec)
exp020-n2048-k09-d310-bs60-f1.000-r00:102214.142: Loop 17/100
exp020-n2048-k09-d310-bs60-f1.000-r00:107746.474: log(exp-norms): [2047.94, 2050.29, 2052.36]
exp020-n2048-k09-d310-bs60-f1.000-r00:107746.475: log(norms):     [2047.94, 2051.09, 2055.64, 2055.64, 2055.69, 2055.78, 2055.68, 2055.87, 2055.84, 2055.8]
exp020-n2048-k09-d310-bs60-f1.000-r00:107746.531: (5533 sec)
exp020-n2048-k09-d310-bs60-f1.000-r00:107746.531: Loop 18/100
exp020-n2048-k09-d310-bs60-f1.000-r00:113405.908: log(exp-norms): [2047.94, 2050.29, 2052.36]
exp020-n2048-k09-d310-bs60-f1.000-r00:113405.910: log(norms):     [2047.94, 2051.09, 2055.64, 2055.64, 2055.69, 2055.78, 2055.86, 2055.68, 2055.75, 2055.76]
exp020-n2048-k09-d310-bs60-f1.000-r00:113405.965: (5660 sec)
exp020-n2048-k09-d310-bs60-f1.000-r00:113405.966: Loop 19/100
exp020-n2048-k09-d310-bs60-f1.000-r00:118976.025: log(exp-norms): [2047.94, 2050.29, 2052.36]
exp020-n2048-k09-d310-bs60-f1.000-r00:118976.026: log(norms):     [2047.94, 2051.09, 2055.61, 2055.72, 2055.66, 2055.72, 2055.74, 2055.91, 2055.93, 2055.75]
exp020-n2048-k09-d310-bs60-f1.000-r00:118976.079: (5571 sec)
exp020-n2048-k09-d310-bs60-f1.000-r00:118976.080: Loop 20/100
exp020-n2048-k09-d310-bs60-f1.000-r00:124546.634: log(exp-norms): [2047.94, 2050.29, 2052.36]
exp020-n2048-k09-d310-bs60-f1.000-r00:124546.635: log(norms):     [2047.94, 2051.09, 2055.54, 2055.61, 2055.65, 2055.65, 2055.6, 2055.66, 2055.62, 2055.84]
exp020-n2048-k09-d310-bs60-f1.000-r00:124546.691: (5571 sec)
exp020-n2048-k09-d310-bs60-f1.000-r00:124546.692: Loop 21/100
exp020-n2048-k09-d310-bs60-f1.000-r00:130113.678: log(exp-norms): [2047.94, 2050.29, 2052.36]
exp020-n2048-k09-d310-bs60-f1.000-r00:130113.680: log(norms):     [2047.94, 2051.09, 2055.54, 2055.54, 2055.74, 2055.67, 2055.58, 2055.78, 2055.82, 2055.8]
exp020-n2048-k09-d310-bs60-f1.000-r00:130113.735: (5568 sec)
exp020-n2048-k09-d310-bs60-f1.000-r00:130113.735: Loop 22/100
exp020-n2048-k09-d310-bs60-f1.000-r00:135760.395: log(exp-norms): [2047.94, 2050.29, 2052.36]
exp020-n2048-k09-d310-bs60-f1.000-r00:135760.400: log(norms):     [2047.94, 2051.09, 2055.48, 2055.64, 2055.71, 2055.64, 2055.54, 2055.55, 2055.73, 2055.7]
exp020-n2048-k09-d310-bs60-f1.000-r00:135760.453: (5647 sec)
exp020-n2048-k09-d310-bs60-f1.000-r00:135760.454: Loop 23/100
exp020-n2048-k09-d310-bs60-f1.000-r00:141265.783: log(exp-norms): [2047.94, 2050.29, 2052.36]
exp020-n2048-k09-d310-bs60-f1.000-r00:141265.784: log(norms):     [2047.94, 2051.09, 2055.38, 2055.49, 2055.44, 2055.54, 2055.55, 2055.48, 2055.55, 2055.62]
exp020-n2048-k09-d310-bs60-f1.000-r00:141265.832: (5506 sec)
exp020-n2048-k09-d310-bs60-f1.000-r00:141265.832: Loop 24/100
exp020-n2048-k09-d310-bs60-f1.000-r00:146747.384: log(exp-norms): [2047.94, 2050.29, 2052.36]
exp020-n2048-k09-d310-bs60-f1.000-r00:146747.385: log(norms):     [2047.94, 2051.09, 2055.37, 2055.38, 2055.48, 2055.49, 2055.44, 2055.52, 2055.55, 2055.54]
exp020-n2048-k09-d310-bs60-f1.000-r00:146747.439: (5482 sec)
exp020-n2048-k09-d310-bs60-f1.000-r00:146747.439: Loop 25/100
exp020-n2048-k09-d310-bs60-f1.000-r00:152321.819: log(exp-norms): [2047.94, 2050.29, 2052.36]
exp020-n2048-k09-d310-bs60-f1.000-r00:152321.820: log(norms):     [2047.94, 2051.09, 2055.37, 2055.38, 2055.48, 2055.49, 2055.55, 2055.44, 2055.71, 2055.67]
exp020-n2048-k09-d310-bs60-f1.000-r00:152321.875: (5575 sec)
exp020-n2048-k09-d310-bs60-f1.000-r00:152321.875: Loop 26/100
exp020-n2048-k09-d310-bs60-f1.000-r00:157810.549: log(exp-norms): [2047.94, 2050.29, 2052.36]
exp020-n2048-k09-d310-bs60-f1.000-r00:157810.550: log(norms):     [2047.94, 2051.09, 2055.37, 2055.38, 2055.48, 2055.49, 2055.55, 2055.74, 2055.71, 2055.63]
exp020-n2048-k09-d310-bs60-f1.000-r00:157810.606: (5489 sec)
exp020-n2048-k09-d310-bs60-f1.000-r00:157810.606: Loop 27/100
exp020-n2048-k09-d310-bs60-f1.000-r00:163349.624: log(exp-norms): [2047.94, 2050.29, 2052.36]
exp020-n2048-k09-d310-bs60-f1.000-r00:163349.625: log(norms):     [2047.94, 2051.09, 2055.37, 2055.38, 2055.48, 2055.49, 2055.56, 2055.59, 2055.52, 2055.62]
exp020-n2048-k09-d310-bs60-f1.000-r00:163349.681: (5540 sec)
exp020-n2048-k09-d310-bs60-f1.000-r00:163349.682: Loop 28/100
exp020-n2048-k09-d310-bs60-f1.000-r00:168992.844: log(exp-norms): [2047.94, 2050.29, 2052.36]
exp020-n2048-k09-d310-bs60-f1.000-r00:168992.845: log(norms):     [2047.94, 2051.09, 2055.37, 2055.38, 2055.48, 2055.49, 2055.56, 2055.64, 2055.5, 2055.45]
exp020-n2048-k09-d310-bs60-f1.000-r00:168992.899: (5644 sec)
exp020-n2048-k09-d310-bs60-f1.000-r00:168992.900: Loop 29/100
exp020-n2048-k09-d310-bs60-f1.000-r00:174623.507: log(exp-norms): [2047.94, 2050.29, 2052.36]
exp020-n2048-k09-d310-bs60-f1.000-r00:174623.508: log(norms):     [2047.94, 2051.09, 2055.37, 2055.38, 2055.45, 2055.49, 2055.54, 2055.59, 2055.61, 2055.56]
exp020-n2048-k09-d310-bs60-f1.000-r00:174623.561: (5631 sec)
exp020-n2048-k09-d310-bs60-f1.000-r00:174623.562: Loop 30/100
exp020-n2048-k09-d310-bs60-f1.000-r00:180243.630: log(exp-norms): [2047.94, 2050.29, 2052.36]
exp020-n2048-k09-d310-bs60-f1.000-r00:180243.631: log(norms):     [2047.94, 2051.09, 2055.37, 2055.38, 2055.45, 2055.49, 2055.54, 2055.59, 2055.73, 2055.75]
exp020-n2048-k09-d310-bs60-f1.000-r00:180243.684: (5621 sec)
exp020-n2048-k09-d310-bs60-f1.000-r00:180243.685: Loop 31/100
exp020-n2048-k09-d310-bs60-f1.000-r00:185669.849: log(exp-norms): [2047.94, 2050.29, 2052.36]
exp020-n2048-k09-d310-bs60-f1.000-r00:185669.850: log(norms):     [2047.94, 2051.09, 2055.37, 2055.38, 2055.45, 2055.49, 2055.54, 2055.59, 2055.73, 2055.75]
exp020-n2048-k09-d310-bs60-f1.000-r00:185669.904: (5427 sec)
exp020-n2048-k09-d310-bs60-f1.000-r00:185669.905: Loop 32/100
exp020-n2048-k09-d310-bs60-f1.000-r00:191002.813: log(exp-norms): [2047.94, 2050.29, 2052.36]
exp020-n2048-k09-d310-bs60-f1.000-r00:191002.814: log(norms):     [2047.94, 2051.09, 2055.35, 2055.38, 2055.49, 2055.45, 2055.37, 2055.59, 2055.44, 2055.54]
exp020-n2048-k09-d310-bs60-f1.000-r00:191002.868: (5333 sec)
exp020-n2048-k09-d310-bs60-f1.000-r00:191002.869: Loop 33/100
exp020-n2048-k09-d310-bs60-f1.000-r00:196580.732: log(exp-norms): [2047.94, 2050.29, 2052.36]
exp020-n2048-k09-d310-bs60-f1.000-r00:196580.733: log(norms):     [2047.94, 2051.09, 2055.35, 2055.38, 2055.49, 2055.45, 2055.37, 2055.59, 2055.44, 2055.54]
exp020-n2048-k09-d310-bs60-f1.000-r00:196580.788: (5578 sec)
exp020-n2048-k09-d310-bs60-f1.000-r00:196580.789: Loop 34/100
exp020-n2048-k09-d310-bs60-f1.000-r00:202026.268: log(exp-norms): [2047.94, 2050.29, 2052.36]
exp020-n2048-k09-d310-bs60-f1.000-r00:202026.270: log(norms):     [2047.94, 2051.09, 2055.35, 2055.38, 2055.49, 2055.45, 2055.37, 2055.59, 2055.44, 2055.63]
exp020-n2048-k09-d310-bs60-f1.000-r00:202026.326: (5446 sec)
exp020-n2048-k09-d310-bs60-f1.000-r00:202026.327: Loop 35/100
exp020-n2048-k09-d310-bs60-f1.000-r00:207540.460: log(exp-norms): [2047.94, 2050.29, 2052.36]
exp020-n2048-k09-d310-bs60-f1.000-r00:207540.473: log(norms):     [2047.94, 2051.09, 2055.35, 2055.38, 2055.49, 2055.45, 2055.37, 2055.59, 2055.44, 2055.63]
exp020-n2048-k09-d310-bs60-f1.000-r00:207540.528: (5515 sec)
exp020-n2048-k09-d310-bs60-f1.000-r00:207540.528: Loop 36/100
exp020-n2048-k09-d310-bs60-f1.000-r00:213019.503: log(exp-norms): [2047.94, 2050.29, 2052.36]
exp020-n2048-k09-d310-bs60-f1.000-r00:213019.504: log(norms):     [2047.94, 2051.09, 2055.35, 2055.38, 2055.49, 2055.45, 2055.37, 2055.59, 2055.44, 2055.63]
exp020-n2048-k09-d310-bs60-f1.000-r00:213019.575: (5480 sec)
exp020-n2048-k09-d310-bs60-f1.000-r00:213019.576: Loop 37/100
exp020-n2048-k09-d310-bs60-f1.000-r00:218401.593: log(exp-norms): [2047.94, 2050.29, 2052.36]
exp020-n2048-k09-d310-bs60-f1.000-r00:218401.594: log(norms):     [2047.94, 2051.09, 2055.35, 2055.38, 2055.49, 2055.36, 2055.45, 2055.37, 2055.59, 2055.44]
exp020-n2048-k09-d310-bs60-f1.000-r00:218401.661: (5383 sec)
exp020-n2048-k09-d310-bs60-f1.000-r00:218401.662: Loop 38/100
exp020-n2048-k09-d310-bs60-f1.000-r00:223876.683: log(exp-norms): [2047.94, 2050.29, 2052.36]
exp020-n2048-k09-d310-bs60-f1.000-r00:223876.684: log(norms):     [2047.94, 2051.09, 2055.35, 2055.38, 2055.49, 2055.36, 2055.45, 2055.54, 2055.44, 2055.53]
exp020-n2048-k09-d310-bs60-f1.000-r00:223876.735: (5476 sec)
exp020-n2048-k09-d310-bs60-f1.000-r00:223876.736: Loop 39/100
exp020-n2048-k09-d310-bs60-f1.000-r00:229385.392: log(exp-norms): [2047.94, 2050.29, 2052.36]
exp020-n2048-k09-d310-bs60-f1.000-r00:229385.392: log(norms):     [2047.94, 2051.09, 2055.35, 2055.38, 2055.49, 2055.36, 2055.45, 2055.54, 2055.49, 2055.48]
exp020-n2048-k09-d310-bs60-f1.000-r00:229385.426: (5509 sec)
exp020-n2048-k09-d310-bs60-f1.000-r00:229385.427: Loop 40/100
exp020-n2048-k09-d310-bs60-f1.000-r00:234759.945: log(exp-norms): [2047.94, 2050.29, 2052.36]
exp020-n2048-k09-d310-bs60-f1.000-r00:234759.947: log(norms):     [2047.94, 2051.09, 2055.35, 2055.38, 2055.49, 2055.36, 2055.49, 2055.45, 2055.54, 2055.55]
exp020-n2048-k09-d310-bs60-f1.000-r00:234760.002: (5375 sec)
exp020-n2048-k09-d310-bs60-f1.000-r00:234760.003: Loop 41/100
exp020-n2048-k09-d310-bs60-f1.000-r00:240204.613: log(exp-norms): [2047.94, 2050.29, 2052.36]
exp020-n2048-k09-d310-bs60-f1.000-r00:240204.614: log(norms):     [2047.94, 2051.09, 2055.35, 2055.38, 2055.49, 2055.36, 2055.49, 2055.45, 2055.54, 2055.55]
exp020-n2048-k09-d310-bs60-f1.000-r00:240204.671: (5445 sec)
exp020-n2048-k09-d310-bs60-f1.000-r00:240204.671: Loop 42/100
exp020-n2048-k09-d310-bs60-f1.000-r00:245487.492: log(exp-norms): [2047.94, 2050.29, 2052.36]
exp020-n2048-k09-d310-bs60-f1.000-r00:245487.493: log(norms):     [2047.94, 2051.09, 2055.35, 2055.38, 2055.49, 2055.36, 2055.49, 2055.45, 2055.54, 2055.55]
exp020-n2048-k09-d310-bs60-f1.000-r00:245487.547: (5283 sec)
exp020-n2048-k09-d310-bs60-f1.000-r00:245487.547: Loop 43/100
exp020-n2048-k09-d310-bs60-f1.000-r00:251045.314: log(exp-norms): [2047.94, 2050.29, 2052.36]
exp020-n2048-k09-d310-bs60-f1.000-r00:251045.315: log(norms):     [2047.94, 2051.09, 2055.35, 2055.38, 2055.49, 2055.36, 2055.49, 2055.45, 2055.54, 2055.55]
exp020-n2048-k09-d310-bs60-f1.000-r00:251045.370: (5558 sec)
exp020-n2048-k09-d310-bs60-f1.000-r00:251045.370: Loop 44/100
exp020-n2048-k09-d310-bs60-f1.000-r00:256554.813: log(exp-norms): [2047.94, 2050.29, 2052.36]
exp020-n2048-k09-d310-bs60-f1.000-r00:256554.813: log(norms):     [2047.94, 2051.09, 2055.35, 2055.38, 2055.49, 2055.36, 2055.49, 2055.45, 2055.54, 2055.55]
exp020-n2048-k09-d310-bs60-f1.000-r00:256554.868: (5510 sec)
exp020-n2048-k09-d310-bs60-f1.000-r00:256554.868: Loop 45/100
exp020-n2048-k09-d310-bs60-f1.000-r00:262126.902: log(exp-norms): [2047.94, 2050.29, 2052.36]
exp020-n2048-k09-d310-bs60-f1.000-r00:262126.903: log(norms):     [2047.94, 2051.09, 2055.35, 2055.38, 2055.49, 2055.36, 2055.49, 2055.45, 2055.54, 2055.55]
exp020-n2048-k09-d310-bs60-f1.000-r00:262126.959: (5573 sec)
exp020-n2048-k09-d310-bs60-f1.000-r00:262126.959: Loop 46/100
exp020-n2048-k09-d310-bs60-f1.000-r00:267694.025: log(exp-norms): [2047.94, 2050.29, 2052.36]
exp020-n2048-k09-d310-bs60-f1.000-r00:267694.027: log(norms):     [2047.94, 2051.09, 2055.35, 2055.38, 2055.49, 2055.36, 2055.49, 2055.45, 2055.54, 2055.55]
exp020-n2048-k09-d310-bs60-f1.000-r00:267694.082: (5568 sec)
exp020-n2048-k09-d310-bs60-f1.000-r00:267694.082: Loop 47/100
exp020-n2048-k09-d310-bs60-f1.000-r00:273224.847: log(exp-norms): [2047.94, 2050.29, 2052.36]
exp020-n2048-k09-d310-bs60-f1.000-r00:273224.848: log(norms):     [2047.94, 2051.09, 2055.35, 2055.38, 2055.49, 2055.36, 2055.49, 2055.45, 2055.54, 2055.55]
exp020-n2048-k09-d310-bs60-f1.000-r00:273224.904: (5531 sec)
exp020-n2048-k09-d310-bs60-f1.000-r00:273224.904: Loop 48/100
exp020-n2048-k09-d310-bs60-f1.000-r00:278765.413: log(exp-norms): [2047.94, 2050.29, 2052.36]
exp020-n2048-k09-d310-bs60-f1.000-r00:278765.414: log(norms):     [2047.94, 2051.09, 2055.35, 2055.38, 2055.49, 2055.36, 2055.49, 2055.45, 2055.54, 2055.55]
exp020-n2048-k09-d310-bs60-f1.000-r00:278765.467: (5541 sec)
exp020-n2048-k09-d310-bs60-f1.000-r00:278765.467: Loop 49/100
exp020-n2048-k09-d310-bs60-f1.000-r00:284245.439: log(exp-norms): [2047.94, 2050.29, 2052.36]
exp020-n2048-k09-d310-bs60-f1.000-r00:284245.440: log(norms):     [2047.94, 2051.09, 2055.35, 2055.38, 2055.49, 2055.36, 2055.49, 2055.45, 2055.54, 2055.55]
exp020-n2048-k09-d310-bs60-f1.000-r00:284245.495: (5481 sec)
exp020-n2048-k09-d310-bs60-f1.000-r00:284245.495: Loop 50/100
exp020-n2048-k09-d310-bs60-f1.000-r00:289696.639: log(exp-norms): [2047.94, 2050.29, 2052.36]
exp020-n2048-k09-d310-bs60-f1.000-r00:289696.640: log(norms):     [2047.94, 2051.09, 2055.35, 2055.38, 2055.49, 2055.36, 2055.49, 2055.45, 2055.54, 2055.55]
exp020-n2048-k09-d310-bs60-f1.000-r00:289696.694: (5452 sec)
exp020-n2048-k09-d310-bs60-f1.000-r00:289696.695: Loop 51/100
exp020-n2048-k09-d310-bs60-f1.000-r00:294952.335: log(exp-norms): [2047.94, 2050.29, 2052.36]
exp020-n2048-k09-d310-bs60-f1.000-r00:294952.336: log(norms):     [2047.94, 2051.09, 2055.35, 2055.38, 2055.49, 2055.36, 2055.49, 2055.45, 2055.54, 2055.55]
exp020-n2048-k09-d310-bs60-f1.000-r00:294952.391: (5256 sec)
exp020-n2048-k09-d310-bs60-f1.000-r00:294952.391: Loop 52/100
exp020-n2048-k09-d310-bs60-f1.000-r00:300453.725: log(exp-norms): [2047.94, 2050.29, 2052.36]
exp020-n2048-k09-d310-bs60-f1.000-r00:300453.726: log(norms):     [2047.94, 2051.09, 2055.35, 2055.37, 2055.44, 2055.38, 2055.49, 2055.56, 2055.36, 2055.45]
exp020-n2048-k09-d310-bs60-f1.000-r00:300453.780: (5502 sec)
exp020-n2048-k09-d310-bs60-f1.000-r00:300453.780: Loop 53/100
exp020-n2048-k09-d310-bs60-f1.000-r00:305600.839: log(exp-norms): [2047.94, 2050.29, 2052.36]
exp020-n2048-k09-d310-bs60-f1.000-r00:305600.841: log(norms):     [2047.94, 2051.09, 2055.35, 2055.37, 2055.44, 2055.38, 2055.49, 2055.56, 2055.36, 2055.45]
exp020-n2048-k09-d310-bs60-f1.000-r00:305600.896: (5148 sec)
exp020-n2048-k09-d310-bs60-f1.000-r00:305600.896: Loop 54/100
exp020-n2048-k09-d310-bs60-f1.000-r00:311034.003: log(exp-norms): [2047.94, 2050.29, 2052.36]
exp020-n2048-k09-d310-bs60-f1.000-r00:311034.005: log(norms):     [2047.94, 2051.09, 2055.35, 2055.37, 2055.44, 2055.38, 2055.49, 2055.56, 2055.36, 2055.45]
exp020-n2048-k09-d310-bs60-f1.000-r00:311034.059: (5434 sec)
exp020-n2048-k09-d310-bs60-f1.000-r00:311034.060: Loop 55/100
exp020-n2048-k09-d310-bs60-f1.000-r00:316196.727: log(exp-norms): [2047.94, 2050.29, 2052.36]
exp020-n2048-k09-d310-bs60-f1.000-r00:316196.728: log(norms):     [2047.94, 2051.09, 2055.35, 2055.37, 2055.44, 2055.38, 2055.49, 2055.56, 2055.36, 2055.45]
exp020-n2048-k09-d310-bs60-f1.000-r00:316196.781: (5163 sec)
exp020-n2048-k09-d310-bs60-f1.000-r00:316196.781: Loop 56/100
exp020-n2048-k09-d310-bs60-f1.000-r00:321317.944: log(exp-norms): [2047.94, 2050.29, 2052.36]
exp020-n2048-k09-d310-bs60-f1.000-r00:321317.945: log(norms):     [2047.94, 2051.09, 2055.35, 2055.37, 2055.44, 2055.38, 2055.49, 2055.56, 2055.36, 2055.45]
exp020-n2048-k09-d310-bs60-f1.000-r00:321317.999: (5122 sec)
exp020-n2048-k09-d310-bs60-f1.000-r00:321318.000: Loop 57/100
exp020-n2048-k09-d310-bs60-f1.000-r00:326391.789: log(exp-norms): [2047.94, 2050.29, 2052.36]
exp020-n2048-k09-d310-bs60-f1.000-r00:326391.790: log(norms):     [2047.94, 2051.09, 2055.35, 2055.37, 2055.44, 2055.38, 2055.49, 2055.56, 2055.53, 2055.46]
exp020-n2048-k09-d310-bs60-f1.000-r00:326391.845: (5074 sec)
exp020-n2048-k09-d310-bs60-f1.000-r00:326391.845: Loop 58/100
exp020-n2048-k09-d310-bs60-f1.000-r00:331638.452: log(exp-norms): [2047.94, 2050.29, 2052.36]
exp020-n2048-k09-d310-bs60-f1.000-r00:331638.453: log(norms):     [2047.94, 2051.09, 2055.35, 2055.37, 2055.44, 2055.38, 2055.49, 2055.56, 2055.53, 2055.46]
exp020-n2048-k09-d310-bs60-f1.000-r00:331638.507: (5247 sec)
exp020-n2048-k09-d310-bs60-f1.000-r00:331638.507: Loop 59/100
exp020-n2048-k09-d310-bs60-f1.000-r00:337032.529: log(exp-norms): [2047.94, 2050.29, 2052.36]
exp020-n2048-k09-d310-bs60-f1.000-r00:337032.530: log(norms):     [2047.94, 2051.09, 2055.35, 2055.37, 2055.56, 2055.36, 2055.38, 2055.44, 2055.71, 2055.56]
exp020-n2048-k09-d310-bs60-f1.000-r00:337032.584: (5395 sec)
exp020-n2048-k09-d310-bs60-f1.000-r00:337032.584: Loop 60/100
exp020-n2048-k09-d310-bs60-f1.000-r00:342059.537: log(exp-norms): [2047.94, 2050.29, 2052.36]
exp020-n2048-k09-d310-bs60-f1.000-r00:342059.538: log(norms):     [2047.94, 2051.09, 2055.35, 2055.37, 2055.56, 2055.36, 2055.38, 2055.44, 2055.71, 2055.56]
exp020-n2048-k09-d310-bs60-f1.000-r00:342059.593: (5028 sec)
exp020-n2048-k09-d310-bs60-f1.000-r00:342059.593: Loop 61/100
exp020-n2048-k09-d310-bs60-f1.000-r00:347016.592: log(exp-norms): [2047.94, 2050.29, 2052.36]
exp020-n2048-k09-d310-bs60-f1.000-r00:347016.593: log(norms):     [2047.94, 2051.09, 2055.28, 2055.35, 2055.37, 2055.56, 2055.36, 2055.38, 2055.49, 2055.57]
exp020-n2048-k09-d310-bs60-f1.000-r00:347016.627: (4958 sec)
exp020-n2048-k09-d310-bs60-f1.000-r00:347016.627: Loop 62/100
exp020-n2048-k09-d310-bs60-f1.000-r00:352213.922: log(exp-norms): [2047.94, 2050.29, 2052.36]
exp020-n2048-k09-d310-bs60-f1.000-r00:352213.923: log(norms):     [2047.94, 2051.09, 2055.28, 2055.35, 2055.37, 2055.56, 2055.36, 2055.38, 2055.49, 2055.57]
exp020-n2048-k09-d310-bs60-f1.000-r00:352213.975: (5198 sec)
exp020-n2048-k09-d310-bs60-f1.000-r00:352213.975: Loop 63/100
exp020-n2048-k09-d310-bs60-f1.000-r00:357046.950: log(exp-norms): [2047.94, 2050.29, 2052.36]
exp020-n2048-k09-d310-bs60-f1.000-r00:357046.950: log(norms):     [2047.94, 2051.09, 2055.28, 2055.35, 2055.37, 2055.55, 2055.56, 2055.36, 2055.38, 2055.69]
exp020-n2048-k09-d310-bs60-f1.000-r00:357046.984: (4834 sec)
exp020-n2048-k09-d310-bs60-f1.000-r00:357046.984: Loop 64/100
exp020-n2048-k09-d310-bs60-f1.000-r00:361742.232: log(exp-norms): [2047.94, 2050.29, 2052.36]
exp020-n2048-k09-d310-bs60-f1.000-r00:361742.232: log(norms):     [2047.94, 2051.09, 2055.28, 2055.35, 2055.37, 2055.55, 2055.56, 2055.36, 2055.38, 2055.69]
exp020-n2048-k09-d310-bs60-f1.000-r00:361742.286: (4696 sec)
exp020-n2048-k09-d310-bs60-f1.000-r00:361742.286: Loop 65/100
exp020-n2048-k09-d310-bs60-f1.000-r00:366801.240: log(exp-norms): [2047.94, 2050.29, 2052.36]
exp020-n2048-k09-d310-bs60-f1.000-r00:366801.242: log(norms):     [2047.94, 2051.09, 2055.28, 2055.35, 2055.37, 2055.55, 2055.56, 2055.36, 2055.38, 2055.69]
exp020-n2048-k09-d310-bs60-f1.000-r00:366801.295: (5060 sec)
exp020-n2048-k09-d310-bs60-f1.000-r00:366801.295: Loop 66/100
exp020-n2048-k09-d310-bs60-f1.000-r00:371856.714: log(exp-norms): [2047.94, 2050.29, 2052.36]
exp020-n2048-k09-d310-bs60-f1.000-r00:371856.714: log(norms):     [2047.94, 2051.09, 2055.28, 2055.35, 2055.37, 2055.55, 2055.56, 2055.36, 2055.38, 2055.69]
exp020-n2048-k09-d310-bs60-f1.000-r00:371856.768: (5056 sec)
exp020-n2048-k09-d310-bs60-f1.000-r00:371856.768: Loop 67/100
exp020-n2048-k09-d310-bs60-f1.000-r00:376847.286: log(exp-norms): [2047.94, 2050.29, 2052.36]
exp020-n2048-k09-d310-bs60-f1.000-r00:376847.287: log(norms):     [2047.94, 2051.09, 2055.28, 2055.35, 2055.37, 2055.55, 2055.56, 2055.36, 2055.38, 2055.69]
exp020-n2048-k09-d310-bs60-f1.000-r00:376847.336: (4991 sec)
exp020-n2048-k09-d310-bs60-f1.000-r00:376847.336: Loop 68/100
exp020-n2048-k09-d310-bs60-f1.000-r00:381900.089: log(exp-norms): [2047.94, 2050.29, 2052.36]
exp020-n2048-k09-d310-bs60-f1.000-r00:381900.091: log(norms):     [2047.94, 2051.09, 2055.28, 2055.35, 2055.37, 2055.55, 2055.56, 2055.36, 2055.38, 2055.69]
exp020-n2048-k09-d310-bs60-f1.000-r00:381900.143: (5053 sec)
exp020-n2048-k09-d310-bs60-f1.000-r00:381900.143: Loop 69/100
exp020-n2048-k09-d310-bs60-f1.000-r00:386764.613: log(exp-norms): [2047.94, 2050.29, 2052.36]
exp020-n2048-k09-d310-bs60-f1.000-r00:386764.615: log(norms):     [2047.94, 2051.09, 2055.28, 2055.35, 2055.37, 2055.55, 2055.56, 2055.36, 2055.38, 2055.69]
exp020-n2048-k09-d310-bs60-f1.000-r00:386764.670: (4865 sec)
exp020-n2048-k09-d310-bs60-f1.000-r00:386764.671: Loop 70/100
exp020-n2048-k09-d310-bs60-f1.000-r00:391779.332: log(exp-norms): [2047.94, 2050.29, 2052.36]
exp020-n2048-k09-d310-bs60-f1.000-r00:391779.333: log(norms):     [2047.94, 2051.09, 2055.28, 2055.35, 2055.37, 2055.55, 2055.56, 2055.36, 2055.38, 2055.69]
exp020-n2048-k09-d310-bs60-f1.000-r00:391779.386: (5015 sec)
exp020-n2048-k09-d310-bs60-f1.000-r00:391779.387: Loop 71/100
exp020-n2048-k09-d310-bs60-f1.000-r00:396586.354: log(exp-norms): [2047.94, 2050.29, 2052.36]
exp020-n2048-k09-d310-bs60-f1.000-r00:396586.355: log(norms):     [2047.94, 2051.09, 2055.28, 2055.35, 2055.37, 2055.55, 2055.56, 2055.36, 2055.38, 2055.69]
exp020-n2048-k09-d310-bs60-f1.000-r00:396586.418: (4808 sec)
exp020-n2048-k09-d310-bs60-f1.000-r00:396586.419: Loop 72/100
exp020-n2048-k09-d310-bs60-f1.000-r00:401337.380: log(exp-norms): [2047.94, 2050.29, 2052.36]
exp020-n2048-k09-d310-bs60-f1.000-r00:401337.381: log(norms):     [2047.94, 2051.09, 2055.28, 2055.35, 2055.37, 2055.55, 2055.56, 2055.36, 2055.38, 2055.69]
exp020-n2048-k09-d310-bs60-f1.000-r00:401337.435: (4752 sec)
exp020-n2048-k09-d310-bs60-f1.000-r00:401337.435: Loop 73/100
exp020-n2048-k09-d310-bs60-f1.000-r00:406221.241: log(exp-norms): [2047.94, 2050.29, 2052.36]
exp020-n2048-k09-d310-bs60-f1.000-r00:406221.242: log(norms):     [2047.94, 2051.09, 2055.28, 2055.44, 2055.35, 2055.37, 2055.55, 2055.56, 2055.36, 2055.38]
exp020-n2048-k09-d310-bs60-f1.000-r00:406221.275: (4884 sec)
exp020-n2048-k09-d310-bs60-f1.000-r00:406221.275: Loop 74/100
exp020-n2048-k09-d310-bs60-f1.000-r00:410844.968: log(exp-norms): [2047.94, 2050.29, 2052.36]
exp020-n2048-k09-d310-bs60-f1.000-r00:410844.969: log(norms):     [2047.94, 2051.09, 2055.28, 2055.44, 2055.35, 2055.37, 2055.53, 2055.38, 2055.56, 2055.55]
exp020-n2048-k09-d310-bs60-f1.000-r00:410845.023: (4624 sec)
exp020-n2048-k09-d310-bs60-f1.000-r00:410845.023: Loop 75/100
exp020-n2048-k09-d310-bs60-f1.000-r00:415567.800: log(exp-norms): [2047.94, 2050.29, 2052.36]
exp020-n2048-k09-d310-bs60-f1.000-r00:415567.801: log(norms):     [2047.94, 2051.09, 2055.28, 2055.44, 2055.35, 2055.37, 2055.53, 2055.38, 2055.56, 2055.55]
exp020-n2048-k09-d310-bs60-f1.000-r00:415567.834: (4723 sec)
exp020-n2048-k09-d310-bs60-f1.000-r00:415567.834: Loop 76/100
exp020-n2048-k09-d310-bs60-f1.000-r00:420262.716: log(exp-norms): [2047.94, 2050.29, 2052.36]
exp020-n2048-k09-d310-bs60-f1.000-r00:420262.717: log(norms):     [2047.94, 2051.09, 2055.28, 2055.44, 2055.35, 2055.37, 2055.53, 2055.38, 2055.56, 2055.55]
exp020-n2048-k09-d310-bs60-f1.000-r00:420262.750: (4695 sec)
exp020-n2048-k09-d310-bs60-f1.000-r00:420262.751: Loop 77/100
exp020-n2048-k09-d310-bs60-f1.000-r00:424921.840: log(exp-norms): [2047.94, 2050.29, 2052.36]
exp020-n2048-k09-d310-bs60-f1.000-r00:424921.841: log(norms):     [2047.94, 2051.09, 2055.28, 2055.44, 2055.35, 2055.37, 2055.53, 2055.38, 2055.56, 2055.55]
exp020-n2048-k09-d310-bs60-f1.000-r00:424921.894: (4660 sec)
exp020-n2048-k09-d310-bs60-f1.000-r00:424921.894: Loop 78/100
exp020-n2048-k09-d310-bs60-f1.000-r00:429666.751: log(exp-norms): [2047.94, 2050.29, 2052.36]
exp020-n2048-k09-d310-bs60-f1.000-r00:429666.753: log(norms):     [2047.94, 2051.09, 2055.28, 2055.44, 2055.35, 2055.37, 2055.53, 2055.59, 2055.38, 2055.56]
exp020-n2048-k09-d310-bs60-f1.000-r00:429666.806: (4745 sec)
exp020-n2048-k09-d310-bs60-f1.000-r00:429666.807: Loop 79/100
exp020-n2048-k09-d310-bs60-f1.000-r00:434625.180: log(exp-norms): [2047.94, 2050.29, 2052.36]
exp020-n2048-k09-d310-bs60-f1.000-r00:434625.181: log(norms):     [2047.94, 2051.09, 2055.28, 2055.44, 2055.35, 2055.37, 2055.53, 2055.59, 2055.38, 2055.56]
exp020-n2048-k09-d310-bs60-f1.000-r00:434625.234: (4959 sec)
exp020-n2048-k09-d310-bs60-f1.000-r00:434625.234: Loop 80/100
exp020-n2048-k09-d310-bs60-f1.000-r00:439370.482: log(exp-norms): [2047.94, 2050.29, 2052.36]
exp020-n2048-k09-d310-bs60-f1.000-r00:439370.483: log(norms):     [2047.94, 2051.09, 2055.28, 2055.44, 2055.35, 2055.37, 2055.53, 2055.59, 2055.38, 2055.56]
exp020-n2048-k09-d310-bs60-f1.000-r00:439370.536: (4746 sec)
exp020-n2048-k09-d310-bs60-f1.000-r00:439370.536: Loop 81/100
exp020-n2048-k09-d310-bs60-f1.000-r00:444101.992: log(exp-norms): [2047.94, 2050.29, 2052.36]
exp020-n2048-k09-d310-bs60-f1.000-r00:444101.993: log(norms):     [2047.94, 2051.09, 2055.28, 2055.44, 2055.35, 2055.37, 2055.53, 2055.59, 2055.38, 2055.56]
exp020-n2048-k09-d310-bs60-f1.000-r00:444102.047: (4732 sec)
exp020-n2048-k09-d310-bs60-f1.000-r00:444102.048: Loop 82/100
exp020-n2048-k09-d310-bs60-f1.000-r00:449029.459: log(exp-norms): [2047.94, 2050.29, 2052.36]
exp020-n2048-k09-d310-bs60-f1.000-r00:449029.460: log(norms):     [2047.94, 2051.09, 2055.28, 2055.44, 2055.35, 2055.37, 2055.53, 2055.59, 2055.38, 2055.56]
exp020-n2048-k09-d310-bs60-f1.000-r00:449029.514: (4928 sec)
exp020-n2048-k09-d310-bs60-f1.000-r00:449029.514: Loop 83/100
exp020-n2048-k09-d310-bs60-f1.000-r00:453756.030: log(exp-norms): [2047.94, 2050.29, 2052.36]
exp020-n2048-k09-d310-bs60-f1.000-r00:453756.032: log(norms):     [2047.94, 2051.09, 2055.28, 2055.44, 2055.48, 2055.37, 2055.35, 2055.53, 2055.56, 2055.38]
exp020-n2048-k09-d310-bs60-f1.000-r00:453756.065: (4727 sec)
exp020-n2048-k09-d310-bs60-f1.000-r00:453756.065: Loop 84/100
exp020-n2048-k09-d310-bs60-f1.000-r00:458365.956: log(exp-norms): [2047.94, 2050.29, 2052.36]
exp020-n2048-k09-d310-bs60-f1.000-r00:458365.957: log(norms):     [2047.94, 2051.09, 2055.28, 2055.44, 2055.48, 2055.37, 2055.35, 2055.53, 2055.56, 2055.61]
exp020-n2048-k09-d310-bs60-f1.000-r00:458365.990: (4610 sec)
exp020-n2048-k09-d310-bs60-f1.000-r00:458365.990: Loop 85/100
exp020-n2048-k09-d310-bs60-f1.000-r00:463296.255: log(exp-norms): [2047.94, 2050.29, 2052.36]
exp020-n2048-k09-d310-bs60-f1.000-r00:463296.256: log(norms):     [2047.94, 2051.09, 2055.28, 2055.44, 2055.48, 2055.37, 2055.35, 2055.53, 2055.56, 2055.59]
exp020-n2048-k09-d310-bs60-f1.000-r00:463296.308: (4931 sec)
exp020-n2048-k09-d310-bs60-f1.000-r00:463296.308: Loop 86/100
exp020-n2048-k09-d310-bs60-f1.000-r00:467825.599: log(exp-norms): [2047.94, 2050.29, 2052.36]
exp020-n2048-k09-d310-bs60-f1.000-r00:467825.600: log(norms):     [2047.94, 2051.09, 2055.28, 2055.44, 2055.48, 2055.37, 2055.35, 2055.53, 2055.56, 2055.59]
exp020-n2048-k09-d310-bs60-f1.000-r00:467825.635: (4530 sec)
exp020-n2048-k09-d310-bs60-f1.000-r00:467825.635: Loop 87/100
exp020-n2048-k09-d310-bs60-f1.000-r00:472385.646: log(exp-norms): [2047.94, 2050.29, 2052.36]
exp020-n2048-k09-d310-bs60-f1.000-r00:472385.646: log(norms):     [2047.94, 2051.09, 2055.28, 2055.44, 2055.48, 2055.37, 2055.35, 2055.53, 2055.56, 2055.59]
exp020-n2048-k09-d310-bs60-f1.000-r00:472385.679: (4561 sec)
exp020-n2048-k09-d310-bs60-f1.000-r00:472385.679: Loop 88/100
exp020-n2048-k09-d310-bs60-f1.000-r00:476976.189: log(exp-norms): [2047.94, 2050.29, 2052.36]
exp020-n2048-k09-d310-bs60-f1.000-r00:476976.190: log(norms):     [2047.94, 2051.09, 2055.28, 2055.44, 2055.48, 2055.37, 2055.35, 2055.53, 2055.56, 2055.59]
exp020-n2048-k09-d310-bs60-f1.000-r00:476976.242: (4591 sec)
exp020-n2048-k09-d310-bs60-f1.000-r00:476976.243: Loop 89/100
exp020-n2048-k09-d310-bs60-f1.000-r00:481712.785: log(exp-norms): [2047.94, 2050.29, 2052.36]
exp020-n2048-k09-d310-bs60-f1.000-r00:481712.786: log(norms):     [2047.94, 2051.09, 2055.28, 2055.31, 2055.44, 2055.48, 2055.37, 2055.35, 2055.56, 2055.53]
exp020-n2048-k09-d310-bs60-f1.000-r00:481712.839: (4737 sec)
exp020-n2048-k09-d310-bs60-f1.000-r00:481712.840: Loop 90/100
exp020-n2048-k09-d310-bs60-f1.000-r00:486086.932: log(exp-norms): [2047.94, 2050.29, 2052.36]
exp020-n2048-k09-d310-bs60-f1.000-r00:486086.933: log(norms):     [2047.94, 2051.09, 2055.28, 2055.31, 2055.44, 2055.48, 2055.37, 2055.38, 2055.35, 2055.56]
exp020-n2048-k09-d310-bs60-f1.000-r00:486086.965: (4375 sec)
exp020-n2048-k09-d310-bs60-f1.000-r00:486086.965: Loop 91/100
exp020-n2048-k09-d310-bs60-f1.000-r00:490332.097: log(exp-norms): [2047.94, 2050.29, 2052.36]
exp020-n2048-k09-d310-bs60-f1.000-r00:490332.098: log(norms):     [2047.94, 2051.09, 2055.28, 2055.31, 2055.44, 2055.48, 2055.37, 2055.38, 2055.35, 2055.56]
exp020-n2048-k09-d310-bs60-f1.000-r00:490332.130: (4246 sec)
exp020-n2048-k09-d310-bs60-f1.000-r00:490332.130: Loop 92/100
exp020-n2048-k09-d310-bs60-f1.000-r00:494359.907: log(exp-norms): [2047.94, 2050.29, 2052.36]
exp020-n2048-k09-d310-bs60-f1.000-r00:494359.908: log(norms):     [2047.94, 2051.09, 2055.28, 2055.31, 2055.44, 2055.47, 2055.57, 2055.35, 2055.37, 2055.38]
exp020-n2048-k09-d310-bs60-f1.000-r00:494359.959: (4028 sec)
exp020-n2048-k09-d310-bs60-f1.000-r00:494359.960: Loop 93/100
exp020-n2048-k09-d310-bs60-f1.000-r00:498459.293: log(exp-norms): [2047.94, 2050.29, 2052.36]
exp020-n2048-k09-d310-bs60-f1.000-r00:498459.294: log(norms):     [2047.94, 2051.09, 2055.28, 2055.31, 2055.44, 2055.47, 2055.44, 2055.4, 2055.57, 2055.35]
exp020-n2048-k09-d310-bs60-f1.000-r00:498459.346: (4100 sec)
exp020-n2048-k09-d310-bs60-f1.000-r00:498459.346: Loop 94/100
exp020-n2048-k09-d310-bs60-f1.000-r00:503319.845: log(exp-norms): [2047.94, 2050.29, 2052.36]
exp020-n2048-k09-d310-bs60-f1.000-r00:503319.845: log(norms):     [2047.94, 2051.09, 2055.28, 2055.31, 2055.44, 2055.47, 2055.44, 2055.4, 2055.57, 2055.35]
exp020-n2048-k09-d310-bs60-f1.000-r00:503319.898: (4861 sec)
exp020-n2048-k09-d310-bs60-f1.000-r00:503319.898: Loop 95/100
exp020-n2048-k09-d310-bs60-f1.000-r00:507741.098: log(exp-norms): [2047.94, 2050.29, 2052.36]
exp020-n2048-k09-d310-bs60-f1.000-r00:507741.099: log(norms):     [2047.94, 2051.09, 2055.28, 2055.31, 2055.44, 2055.47, 2055.44, 2055.4, 2055.57, 2055.35]
exp020-n2048-k09-d310-bs60-f1.000-r00:507741.152: (4422 sec)
exp020-n2048-k09-d310-bs60-f1.000-r00:507741.152: Loop 96/100
exp020-n2048-k09-d310-bs60-f1.000-r00:511956.052: log(exp-norms): [2047.94, 2050.29, 2052.36]
exp020-n2048-k09-d310-bs60-f1.000-r00:511956.053: log(norms):     [2047.94, 2051.09, 2055.28, 2055.31, 2055.44, 2055.47, 2055.44, 2055.4, 2055.57, 2055.35]
exp020-n2048-k09-d310-bs60-f1.000-r00:511956.085: (4215 sec)
exp020-n2048-k09-d310-bs60-f1.000-r00:511956.085: Loop 97/100
exp020-n2048-k09-d310-bs60-f1.000-r00:516238.414: log(exp-norms): [2047.94, 2050.29, 2052.36]
exp020-n2048-k09-d310-bs60-f1.000-r00:516238.414: log(norms):     [2047.94, 2051.09, 2055.28, 2055.31, 2055.44, 2055.47, 2055.44, 2055.4, 2055.57, 2055.35]
exp020-n2048-k09-d310-bs60-f1.000-r00:516238.467: (4283 sec)
exp020-n2048-k09-d310-bs60-f1.000-r00:516238.467: Loop 98/100
exp020-n2048-k09-d310-bs60-f1.000-r00:520484.419: log(exp-norms): [2047.94, 2050.29, 2052.36]
exp020-n2048-k09-d310-bs60-f1.000-r00:520484.420: log(norms):     [2047.94, 2051.09, 2055.28, 2055.31, 2055.44, 2055.47, 2055.44, 2055.4, 2055.57, 2055.35]
exp020-n2048-k09-d310-bs60-f1.000-r00:520484.472: (4247 sec)
exp020-n2048-k09-d310-bs60-f1.000-r00:520484.473: Loop 99/100
exp020-n2048-k09-d310-bs60-f1.000-r00:524973.813: log(exp-norms): [2047.94, 2050.29, 2052.36]
exp020-n2048-k09-d310-bs60-f1.000-r00:524973.814: log(norms):     [2047.94, 2051.09, 2055.28, 2055.31, 2055.44, 2055.47, 2055.44, 2055.4, 2055.57, 2055.35]
exp020-n2048-k09-d310-bs60-f1.000-r00:524973.865: (4490 sec)
exp020-n2048-k09-d310-bs60-f1.000-r00:524973.865: Loop 100/100
exp020-n2048-k09-d310-bs60-f1.000-r00:529292.624: log(exp-norms): [2047.94, 2050.29, 2052.36]
exp020-n2048-k09-d310-bs60-f1.000-r00:529292.625: log(norms):     [2047.94, 2051.09, 2055.28, 2055.31, 2055.44, 2055.47, 2055.44, 2055.4, 2055.57, 2055.35]
exp020-n2048-k09-d310-bs60-f1.000-r00:529292.657: (4319 sec)
exp020-n2048-k09-d310-bs60-f1.000-r00:529292.658: ==========================Summary===========================
exp020-n2048-k09-d310-bs60-f1.000-r00:529292.658: Total time: 529293sec
exp020-n2048-k09-d310-bs60-f1.000-r00:529292.658: FAIL
exp020-n2048-k09-d310-bs60-f1.000-r00:529292.658: SUMMARY:n:2048:k:9:d:310:bs:60:t:529293:r:False
