exp028-n2048-k11-d280-bs70-f1.000-r00:000000.418: ==========================Instance==========================
exp028-n2048-k11-d280-bs70-f1.000-r00:000000.419: # of equations: 280
exp028-n2048-k11-d280-bs70-f1.000-r00:000000.422: Gap: 10.15
exp028-n2048-k11-d280-bs70-f1.000-r00:000000.429: Tau: 25.37
exp028-n2048-k11-d280-bs70-f1.000-r00:000000.430: ======================BKZ-70 reduction======================
exp028-n2048-k11-d280-bs70-f1.000-r00:000010.193: Expectedly achievable log(norm): 2055.93
exp028-n2048-k11-d280-bs70-f1.000-r00:000019.904: log(exp-norms): [2047.94, 2050.22, 2053.57]
exp028-n2048-k11-d280-bs70-f1.000-r00:000019.904: log(norms):     [2062.19, 2051.01, 2058.89, 2058.89, 2058.89, 2058.89, 2058.89, 2058.89, 2058.89, 2058.89]
exp028-n2048-k11-d280-bs70-f1.000-r00:000019.995: Loop 1/100
exp028-n2048-k11-d280-bs70-f1.000-r00:065814.201: log(exp-norms): [2047.94, 2050.22, 2053.57]
exp028-n2048-k11-d280-bs70-f1.000-r00:065814.203: log(norms):     [2051.01, 2058.89, 2058.89, 2058.89, 2058.89, 2058.89, 2058.89, 2059.01, 2059.28, 2059.25]
exp028-n2048-k11-d280-bs70-f1.000-r00:065814.254: (65795 sec)
exp028-n2048-k11-d280-bs70-f1.000-r00:065814.254: Loop 2/100
exp028-n2048-k11-d280-bs70-f1.000-r00:121576.151: log(exp-norms): [2047.94, 2050.22, 2053.57]
exp028-n2048-k11-d280-bs70-f1.000-r00:121576.153: log(norms):     [2047.94, 2051.01, 2058.49, 2058.55, 2058.5, 2058.46, 2058.49, 2058.74, 2058.58, 2058.58]
exp028-n2048-k11-d280-bs70-f1.000-r00:121576.204: (55762 sec)
exp028-n2048-k11-d280-bs70-f1.000-r00:121576.205: Loop 3/100
exp028-n2048-k11-d280-bs70-f1.000-r00:170276.579: log(exp-norms): [2047.94, 2050.22, 2053.57]
exp028-n2048-k11-d280-bs70-f1.000-r00:170276.581: log(norms):     [2047.94, 2051.01, 2057.86, 2057.91, 2057.96, 2057.93, 2057.94, 2058.17, 2058.07, 2058.09]
exp028-n2048-k11-d280-bs70-f1.000-r00:170276.631: (48701 sec)
exp028-n2048-k11-d280-bs70-f1.000-r00:170276.631: Loop 4/100
exp028-n2048-k11-d280-bs70-f1.000-r00:221391.464: log(exp-norms): [2047.94, 2050.22, 2053.57]
exp028-n2048-k11-d280-bs70-f1.000-r00:221391.465: log(norms):     [2047.94, 2051.01, 2057.45, 2057.47, 2057.59, 2057.54, 2057.6, 2057.53, 2057.61, 2057.44]
exp028-n2048-k11-d280-bs70-f1.000-r00:221391.497: (51115 sec)
exp028-n2048-k11-d280-bs70-f1.000-r00:221391.498: Loop 5/100
exp028-n2048-k11-d280-bs70-f1.000-r00:273377.379: log(exp-norms): [2047.94, 2050.22, 2053.57]
exp028-n2048-k11-d280-bs70-f1.000-r00:273377.381: log(norms):     [2047.94, 2051.01, 2057.05, 2057.17, 2057.17, 2057.12, 2057.21, 2057.17, 2057.23, 2057.29]
exp028-n2048-k11-d280-bs70-f1.000-r00:273377.431: (51986 sec)
exp028-n2048-k11-d280-bs70-f1.000-r00:273377.432: Loop 6/100
exp028-n2048-k11-d280-bs70-f1.000-r00:323987.714: log(exp-norms): [2047.94, 2050.22, 2053.57]
exp028-n2048-k11-d280-bs70-f1.000-r00:323987.716: log(norms):     [2047.94, 2051.01, 2056.81, 2056.82, 2056.96, 2056.9, 2056.96, 2056.97, 2056.8, 2056.98]
exp028-n2048-k11-d280-bs70-f1.000-r00:323987.766: (50611 sec)
exp028-n2048-k11-d280-bs70-f1.000-r00:323987.767: Loop 7/100
exp028-n2048-k11-d280-bs70-f1.000-r00:371389.683: log(exp-norms): [2047.94, 2050.22, 2053.57]
exp028-n2048-k11-d280-bs70-f1.000-r00:371389.685: log(norms):     [2047.94, 2051.01, 2056.54, 2056.58, 2056.72, 2056.71, 2056.57, 2056.59, 2056.64, 2056.71]
exp028-n2048-k11-d280-bs70-f1.000-r00:371389.733: (47402 sec)
exp028-n2048-k11-d280-bs70-f1.000-r00:371389.733: Loop 8/100
exp028-n2048-k11-d280-bs70-f1.000-r00:416328.074: log(exp-norms): [2047.94, 2050.22, 2053.57]
exp028-n2048-k11-d280-bs70-f1.000-r00:416328.076: log(norms):     [2047.94, 2051.01, 2056.41, 2056.43, 2056.45, 2056.55, 2056.7, 2056.37, 2056.58, 2056.53]
exp028-n2048-k11-d280-bs70-f1.000-r00:416328.126: (44939 sec)
exp028-n2048-k11-d280-bs70-f1.000-r00:416328.127: Loop 9/100
exp028-n2048-k11-d280-bs70-f1.000-r00:459962.380: log(exp-norms): [2047.94, 2050.22, 2053.57]
exp028-n2048-k11-d280-bs70-f1.000-r00:459962.382: log(norms):     [2047.94, 2051.01, 2056.27, 2056.29, 2056.35, 2056.48, 2056.47, 2056.52, 2056.55, 2056.59]
exp028-n2048-k11-d280-bs70-f1.000-r00:459962.432: (43635 sec)
exp028-n2048-k11-d280-bs70-f1.000-r00:459962.433: Loop 10/100
exp028-n2048-k11-d280-bs70-f1.000-r00:501040.204: log(exp-norms): [2047.94, 2050.22, 2053.57]
exp028-n2048-k11-d280-bs70-f1.000-r00:501040.205: log(norms):     [2047.94, 2051.01, 2056.16, 2056.19, 2056.24, 2056.32, 2056.39, 2056.38, 2056.33, 2056.27]
exp028-n2048-k11-d280-bs70-f1.000-r00:501040.235: (41078 sec)
exp028-n2048-k11-d280-bs70-f1.000-r00:501040.235: Loop 11/100
exp028-n2048-k11-d280-bs70-f1.000-r00:540662.001: log(exp-norms): [2047.94, 2050.22, 2053.57]
exp028-n2048-k11-d280-bs70-f1.000-r00:540662.002: log(norms):     [2047.94, 2051.01, 2056.13, 2056.27, 2056.22, 2056.2, 2056.36, 2056.38, 2056.17, 2056.15]
exp028-n2048-k11-d280-bs70-f1.000-r00:540662.048: (39622 sec)
exp028-n2048-k11-d280-bs70-f1.000-r00:540662.049: Loop 12/100
exp028-n2048-k11-d280-bs70-f1.000-r00:575286.509: log(exp-norms): [2047.94, 2050.22, 2053.57]
exp028-n2048-k11-d280-bs70-f1.000-r00:575286.510: log(norms):     [2047.94, 2051.01, 2056.06, 2056.13, 2056.26, 2056.19, 2056.25, 2056.25, 2056.23, 2056.45]
exp028-n2048-k11-d280-bs70-f1.000-r00:575286.539: (34625 sec)
exp028-n2048-k11-d280-bs70-f1.000-r00:575286.540: Loop 13/100
exp028-n2048-k11-d280-bs70-f1.000-r00:608104.162: log(exp-norms): [2047.94, 2050.22, 2053.57]
exp028-n2048-k11-d280-bs70-f1.000-r00:608104.163: log(norms):     [2047.94, 2050.21, 2051.01, 2056.02, 2056.05, 2056.07, 2056.24, 2056.07, 2056.27, 2056.29]
exp028-n2048-k11-d280-bs70-f1.000-r00:608104.195: (32818 sec)
exp028-n2048-k11-d280-bs70-f1.000-r00:608104.195: ==========================Summary===========================
exp028-n2048-k11-d280-bs70-f1.000-r00:608104.195: Total time: 608104sec
exp028-n2048-k11-d280-bs70-f1.000-r00:608104.195: SUCCESS
exp028-n2048-k11-d280-bs70-f1.000-r00:608104.195: HNP solution: 23237742589392345210154517575480582284594997949271932716675920138541964626231912928180965643418105249355876134926908209187736583031086769542662985386563119886154840449903476332729455692097847885628175875189003754077163253735753508070693864114240504244173560764720554543867483460766954415602896545301918410576130137962713413285667160375101043191033367290372361673182067652319561910232725122841905903378507906843559246554636733897605567101413452086366598301165905390620604681768560706038895162890362816593626342717536166595861800301293074449061062803728943993162018482566376554441857157838525442899767047343574658824450
exp028-n2048-k11-d280-bs70-f1.000-r00:608104.195: Shared secret: 23237742589392345210154517575480582284594997949271932716675920138541964626231912928180965643418105249355876134926908209187736583031086769542662985386563119886154840449903476332729455692097847885628175875189003754077163253735753508070693864114240504244173560764720554543867483460766954415602896545301918410576130137962713413285667160375101043191033367290372361673182067652319561910232725122841905903378507906843559246554636733897605567101413452086366598301165905390620604681768560706038895162890362816593626342717536166595861800301293074449061062803728943993162018482566376554441857157838525442899767047343574658824450
exp028-n2048-k11-d280-bs70-f1.000-r00:608104.195: SUMMARY:n:2048:k:11:d:280:bs:70:t:608104:r:True
