exp014-n2048-k10-d300-bs60-f1.000-r00:000000.270: ==========================Instance==========================
exp014-n2048-k10-d300-bs60-f1.000-r00:000000.270: # of equations: 300
exp014-n2048-k10-d300-bs60-f1.000-r00:000000.275: Gap: 7.15
exp014-n2048-k10-d300-bs60-f1.000-r00:000000.285: Tau: 12.15
exp014-n2048-k10-d300-bs60-f1.000-r00:000000.286: ======================BKZ-60 reduction======================
exp014-n2048-k10-d300-bs60-f1.000-r00:000013.007: Expectedly achievable log(norm): 2056.00
exp014-n2048-k10-d300-bs60-f1.000-r00:000025.768: log(exp-norms): [2047.94, 2050.27, 2053.11]
exp014-n2048-k10-d300-bs60-f1.000-r00:000025.769: log(norms):     [2061.24, 2051.06, 2057.89, 2057.89, 2057.89, 2057.89, 2057.89, 2057.89, 2057.89, 2057.89]
exp014-n2048-k10-d300-bs60-f1.000-r00:000025.868: Loop 1/100
exp014-n2048-k10-d300-bs60-f1.000-r00:015255.656: log(exp-norms): [2047.94, 2050.27, 2053.11]
exp014-n2048-k10-d300-bs60-f1.000-r00:015255.657: log(norms):     [2051.06, 2057.89, 2057.89, 2057.89, 2057.89, 2057.89, 2057.89, 2057.89, 2057.89, 2057.89]
exp014-n2048-k10-d300-bs60-f1.000-r00:015255.710: (15230 sec)
exp014-n2048-k10-d300-bs60-f1.000-r00:015255.710: Loop 2/100
exp014-n2048-k10-d300-bs60-f1.000-r00:020637.637: log(exp-norms): [2047.94, 2050.27, 2053.11]
exp014-n2048-k10-d300-bs60-f1.000-r00:020637.638: log(norms):     [2051.06, 2057.89, 2057.89, 2057.89, 2057.89, 2057.89, 2057.89, 2057.89, 2057.89, 2057.89]
exp014-n2048-k10-d300-bs60-f1.000-r00:020637.691: (5382 sec)
exp014-n2048-k10-d300-bs60-f1.000-r00:020637.691: Loop 3/100
exp014-n2048-k10-d300-bs60-f1.000-r00:025888.794: log(exp-norms): [2047.94, 2050.27, 2053.11]
exp014-n2048-k10-d300-bs60-f1.000-r00:025888.797: log(norms):     [2051.06, 2057.89, 2057.89, 2057.89, 2057.89, 2057.89, 2057.89, 2057.89, 2057.89, 2057.89]
exp014-n2048-k10-d300-bs60-f1.000-r00:025888.853: (5252 sec)
exp014-n2048-k10-d300-bs60-f1.000-r00:025888.853: Loop 4/100
exp014-n2048-k10-d300-bs60-f1.000-r00:031105.721: log(exp-norms): [2047.94, 2050.27, 2053.11]
exp014-n2048-k10-d300-bs60-f1.000-r00:031105.722: log(norms):     [2051.06, 2057.89, 2057.89, 2057.89, 2058.05, 2058.19, 2058.11, 2058.09, 2057.89, 2058.06]
exp014-n2048-k10-d300-bs60-f1.000-r00:031105.776: (5217 sec)
exp014-n2048-k10-d300-bs60-f1.000-r00:031105.776: Loop 5/100
exp014-n2048-k10-d300-bs60-f1.000-r00:036248.782: log(exp-norms): [2047.94, 2050.27, 2053.11]
exp014-n2048-k10-d300-bs60-f1.000-r00:036248.783: log(norms):     [2051.06, 2057.69, 2057.75, 2057.84, 2057.76, 2057.7, 2057.81, 2057.77, 2057.96, 2057.9]
exp014-n2048-k10-d300-bs60-f1.000-r00:036248.832: (5144 sec)
exp014-n2048-k10-d300-bs60-f1.000-r00:036248.833: Loop 6/100
exp014-n2048-k10-d300-bs60-f1.000-r00:041485.683: log(exp-norms): [2047.94, 2050.27, 2053.11]
exp014-n2048-k10-d300-bs60-f1.000-r00:041485.684: log(norms):     [2047.94, 2051.06, 2057.46, 2057.49, 2057.5, 2057.54, 2057.62, 2057.7, 2057.48, 2057.55]
exp014-n2048-k10-d300-bs60-f1.000-r00:041485.737: (5237 sec)
exp014-n2048-k10-d300-bs60-f1.000-r00:041485.738: Loop 7/100
exp014-n2048-k10-d300-bs60-f1.000-r00:046723.057: log(exp-norms): [2047.94, 2050.27, 2053.11]
exp014-n2048-k10-d300-bs60-f1.000-r00:046723.059: log(norms):     [2047.94, 2051.06, 2057.22, 2057.25, 2057.21, 2057.29, 2057.35, 2057.36, 2057.48, 2057.46]
exp014-n2048-k10-d300-bs60-f1.000-r00:046723.112: (5238 sec)
exp014-n2048-k10-d300-bs60-f1.000-r00:046723.113: Loop 8/100
exp014-n2048-k10-d300-bs60-f1.000-r00:051961.993: log(exp-norms): [2047.94, 2050.27, 2053.11]
exp014-n2048-k10-d300-bs60-f1.000-r00:051961.994: log(norms):     [2047.94, 2051.06, 2057.07, 2057.1, 2057.09, 2057.15, 2057.08, 2057.02, 2057.02, 2057.4]
exp014-n2048-k10-d300-bs60-f1.000-r00:051962.047: (5239 sec)
exp014-n2048-k10-d300-bs60-f1.000-r00:051962.048: Loop 9/100
exp014-n2048-k10-d300-bs60-f1.000-r00:057076.696: log(exp-norms): [2047.94, 2050.27, 2053.11]
exp014-n2048-k10-d300-bs60-f1.000-r00:057076.698: log(norms):     [2047.94, 2051.06, 2056.81, 2056.82, 2057.03, 2056.96, 2057.03, 2057.01, 2056.87, 2057.06]
exp014-n2048-k10-d300-bs60-f1.000-r00:057076.749: (5115 sec)
exp014-n2048-k10-d300-bs60-f1.000-r00:057076.749: Loop 10/100
exp014-n2048-k10-d300-bs60-f1.000-r00:062195.496: log(exp-norms): [2047.94, 2050.27, 2053.11]
exp014-n2048-k10-d300-bs60-f1.000-r00:062195.498: log(norms):     [2047.94, 2051.06, 2056.7, 2056.73, 2056.89, 2056.88, 2056.83, 2056.87, 2056.9, 2056.94]
exp014-n2048-k10-d300-bs60-f1.000-r00:062195.551: (5119 sec)
exp014-n2048-k10-d300-bs60-f1.000-r00:062195.552: Loop 11/100
exp014-n2048-k10-d300-bs60-f1.000-r00:067344.135: log(exp-norms): [2047.94, 2050.27, 2053.11]
exp014-n2048-k10-d300-bs60-f1.000-r00:067344.136: log(norms):     [2047.94, 2051.06, 2056.62, 2056.63, 2056.68, 2056.86, 2056.78, 2056.64, 2056.81, 2056.83]
exp014-n2048-k10-d300-bs60-f1.000-r00:067344.190: (5149 sec)
exp014-n2048-k10-d300-bs60-f1.000-r00:067344.190: Loop 12/100
exp014-n2048-k10-d300-bs60-f1.000-r00:072341.880: log(exp-norms): [2047.94, 2050.27, 2053.11]
exp014-n2048-k10-d300-bs60-f1.000-r00:072341.881: log(norms):     [2047.94, 2051.06, 2056.51, 2056.62, 2056.59, 2056.82, 2056.6, 2056.72, 2056.64, 2056.66]
exp014-n2048-k10-d300-bs60-f1.000-r00:072341.934: (4998 sec)
exp014-n2048-k10-d300-bs60-f1.000-r00:072341.934: Loop 13/100
exp014-n2048-k10-d300-bs60-f1.000-r00:077401.345: log(exp-norms): [2047.94, 2050.27, 2053.11]
exp014-n2048-k10-d300-bs60-f1.000-r00:077401.346: log(norms):     [2047.94, 2051.06, 2056.41, 2056.51, 2056.47, 2056.52, 2056.64, 2056.59, 2056.59, 2056.73]
exp014-n2048-k10-d300-bs60-f1.000-r00:077401.399: (5060 sec)
exp014-n2048-k10-d300-bs60-f1.000-r00:077401.399: Loop 14/100
exp014-n2048-k10-d300-bs60-f1.000-r00:082441.681: log(exp-norms): [2047.94, 2050.27, 2053.11]
exp014-n2048-k10-d300-bs60-f1.000-r00:082441.682: log(norms):     [2047.94, 2051.06, 2056.34, 2056.49, 2056.4, 2056.41, 2056.46, 2056.58, 2056.56, 2056.42]
exp014-n2048-k10-d300-bs60-f1.000-r00:082441.735: (5041 sec)
exp014-n2048-k10-d300-bs60-f1.000-r00:082441.735: Loop 15/100
exp014-n2048-k10-d300-bs60-f1.000-r00:087579.049: log(exp-norms): [2047.94, 2050.27, 2053.11]
exp014-n2048-k10-d300-bs60-f1.000-r00:087579.050: log(norms):     [2047.94, 2051.06, 2056.3, 2056.32, 2056.36, 2056.34, 2056.4, 2056.43, 2056.49, 2056.38]
exp014-n2048-k10-d300-bs60-f1.000-r00:087579.103: (5138 sec)
exp014-n2048-k10-d300-bs60-f1.000-r00:087579.104: Loop 16/100
exp014-n2048-k10-d300-bs60-f1.000-r00:092681.495: log(exp-norms): [2047.94, 2050.27, 2053.11]
exp014-n2048-k10-d300-bs60-f1.000-r00:092681.497: log(norms):     [2047.94, 2051.06, 2056.3, 2056.32, 2056.3, 2056.36, 2056.46, 2056.48, 2056.55, 2056.4]
exp014-n2048-k10-d300-bs60-f1.000-r00:092681.552: (5103 sec)
exp014-n2048-k10-d300-bs60-f1.000-r00:092681.553: Loop 17/100
exp014-n2048-k10-d300-bs60-f1.000-r00:097789.822: log(exp-norms): [2047.94, 2050.27, 2053.11]
exp014-n2048-k10-d300-bs60-f1.000-r00:097789.823: log(norms):     [2047.94, 2051.06, 2056.22, 2056.38, 2056.41, 2056.4, 2056.26, 2056.46, 2056.36, 2056.35]
exp014-n2048-k10-d300-bs60-f1.000-r00:097789.877: (5109 sec)
exp014-n2048-k10-d300-bs60-f1.000-r00:097789.877: Loop 18/100
exp014-n2048-k10-d300-bs60-f1.000-r00:102879.593: log(exp-norms): [2047.94, 2050.27, 2053.11]
exp014-n2048-k10-d300-bs60-f1.000-r00:102879.593: log(norms):     [2047.94, 2051.06, 2056.22, 2056.27, 2056.33, 2056.41, 2056.37, 2056.35, 2056.21, 2056.51]
exp014-n2048-k10-d300-bs60-f1.000-r00:102879.647: (5090 sec)
exp014-n2048-k10-d300-bs60-f1.000-r00:102879.647: Loop 19/100
exp014-n2048-k10-d300-bs60-f1.000-r00:107949.692: log(exp-norms): [2047.94, 2050.27, 2053.11]
exp014-n2048-k10-d300-bs60-f1.000-r00:107949.693: log(norms):     [2047.94, 2051.06, 2056.2, 2056.26, 2056.37, 2056.25, 2056.28, 2056.42, 2056.09, 2056.44]
exp014-n2048-k10-d300-bs60-f1.000-r00:107949.746: (5071 sec)
exp014-n2048-k10-d300-bs60-f1.000-r00:107949.747: Loop 20/100
exp014-n2048-k10-d300-bs60-f1.000-r00:113122.059: log(exp-norms): [2047.94, 2050.27, 2053.11]
exp014-n2048-k10-d300-bs60-f1.000-r00:113122.060: log(norms):     [2047.94, 2051.06, 2056.09, 2056.2, 2056.34, 2056.16, 2056.4, 2056.29, 2056.43, 2056.2]
exp014-n2048-k10-d300-bs60-f1.000-r00:113122.113: (5173 sec)
exp014-n2048-k10-d300-bs60-f1.000-r00:113122.114: Loop 21/100
exp014-n2048-k10-d300-bs60-f1.000-r00:118134.489: log(exp-norms): [2047.94, 2050.27, 2053.11]
exp014-n2048-k10-d300-bs60-f1.000-r00:118134.490: log(norms):     [2047.94, 2051.06, 2056.09, 2056.19, 2056.16, 2056.29, 2056.2, 2056.22, 2056.13, 2056.35]
exp014-n2048-k10-d300-bs60-f1.000-r00:118134.552: (5013 sec)
exp014-n2048-k10-d300-bs60-f1.000-r00:118134.553: Loop 22/100
exp014-n2048-k10-d300-bs60-f1.000-r00:123191.408: log(exp-norms): [2047.94, 2050.27, 2053.11]
exp014-n2048-k10-d300-bs60-f1.000-r00:123191.409: log(norms):     [2047.94, 2051.06, 2056.09, 2056.19, 2056.16, 2056.23, 2056.25, 2056.23, 2056.29, 2056.22]
exp014-n2048-k10-d300-bs60-f1.000-r00:123191.471: (5057 sec)
exp014-n2048-k10-d300-bs60-f1.000-r00:123191.472: Loop 23/100
exp014-n2048-k10-d300-bs60-f1.000-r00:128073.466: log(exp-norms): [2047.94, 2050.27, 2053.11]
exp014-n2048-k10-d300-bs60-f1.000-r00:128073.467: log(norms):     [2047.94, 2051.06, 2055.99, 2056.18, 2056.09, 2056.16, 2056.23, 2056.29, 2056.23, 2056.22]
exp014-n2048-k10-d300-bs60-f1.000-r00:128073.520: (4883 sec)
exp014-n2048-k10-d300-bs60-f1.000-r00:128073.521: Loop 24/100
exp014-n2048-k10-d300-bs60-f1.000-r00:133149.661: log(exp-norms): [2047.94, 2050.27, 2053.11]
exp014-n2048-k10-d300-bs60-f1.000-r00:133149.662: log(norms):     [2047.94, 2051.06, 2055.99, 2056.18, 2056.09, 2056.25, 2056.17, 2056.1, 2056.27, 2056.3]
exp014-n2048-k10-d300-bs60-f1.000-r00:133149.715: (5077 sec)
exp014-n2048-k10-d300-bs60-f1.000-r00:133149.715: Loop 25/100
exp014-n2048-k10-d300-bs60-f1.000-r00:138100.186: log(exp-norms): [2047.94, 2050.27, 2053.11]
exp014-n2048-k10-d300-bs60-f1.000-r00:138100.187: log(norms):     [2047.94, 2051.06, 2055.99, 2056.04, 2056.18, 2056.09, 2056.17, 2056.17, 2056.25, 2056.32]
exp014-n2048-k10-d300-bs60-f1.000-r00:138100.240: (4951 sec)
exp014-n2048-k10-d300-bs60-f1.000-r00:138100.241: Loop 26/100
exp014-n2048-k10-d300-bs60-f1.000-r00:143077.964: log(exp-norms): [2047.94, 2050.27, 2053.11]
exp014-n2048-k10-d300-bs60-f1.000-r00:143077.965: log(norms):     [2047.94, 2051.06, 2055.99, 2056.04, 2056.08, 2056.17, 2056.18, 2056.28, 2056.17, 2056.09]
exp014-n2048-k10-d300-bs60-f1.000-r00:143078.020: (4978 sec)
exp014-n2048-k10-d300-bs60-f1.000-r00:143078.020: Loop 27/100
exp014-n2048-k10-d300-bs60-f1.000-r00:147788.850: log(exp-norms): [2047.94, 2050.27, 2053.11]
exp014-n2048-k10-d300-bs60-f1.000-r00:147788.851: log(norms):     [2047.94, 2051.06, 2055.99, 2056.04, 2056.09, 2056.23, 2056.08, 2056.12, 2056.14, 2056.27]
exp014-n2048-k10-d300-bs60-f1.000-r00:147788.902: (4711 sec)
exp014-n2048-k10-d300-bs60-f1.000-r00:147788.903: Loop 28/100
exp014-n2048-k10-d300-bs60-f1.000-r00:152349.838: log(exp-norms): [2047.94, 2050.27, 2053.11]
exp014-n2048-k10-d300-bs60-f1.000-r00:152349.842: log(norms):     [2047.94, 2051.06, 2055.99, 2056.04, 2056.09, 2056.23, 2056.26, 2056.05, 2056.17, 2056.08]
exp014-n2048-k10-d300-bs60-f1.000-r00:152349.895: (4561 sec)
exp014-n2048-k10-d300-bs60-f1.000-r00:152349.896: Loop 29/100
exp014-n2048-k10-d300-bs60-f1.000-r00:156998.004: log(exp-norms): [2047.94, 2050.27, 2053.11]
exp014-n2048-k10-d300-bs60-f1.000-r00:156998.005: log(norms):     [2047.94, 2051.06, 2055.99, 2056.05, 2056.04, 2056.09, 2056.21, 2056.12, 2056.23, 2056.16]
exp014-n2048-k10-d300-bs60-f1.000-r00:156998.058: (4649 sec)
exp014-n2048-k10-d300-bs60-f1.000-r00:156998.058: Loop 30/100
exp014-n2048-k10-d300-bs60-f1.000-r00:161856.725: log(exp-norms): [2047.94, 2050.27, 2053.11]
exp014-n2048-k10-d300-bs60-f1.000-r00:161856.727: log(norms):     [2047.94, 2051.06, 2055.99, 2056.05, 2056.04, 2056.09, 2056.21, 2056.25, 2056.08, 2056.12]
exp014-n2048-k10-d300-bs60-f1.000-r00:161856.788: (4859 sec)
exp014-n2048-k10-d300-bs60-f1.000-r00:161856.789: Loop 31/100
exp014-n2048-k10-d300-bs60-f1.000-r00:166715.582: log(exp-norms): [2047.94, 2050.27, 2053.11]
exp014-n2048-k10-d300-bs60-f1.000-r00:166715.584: log(norms):     [2047.94, 2051.06, 2055.99, 2056.05, 2056.04, 2056.09, 2056.21, 2056.25, 2056.08, 2056.12]
exp014-n2048-k10-d300-bs60-f1.000-r00:166715.637: (4859 sec)
exp014-n2048-k10-d300-bs60-f1.000-r00:166715.637: Loop 32/100
exp014-n2048-k10-d300-bs60-f1.000-r00:171549.490: log(exp-norms): [2047.94, 2050.27, 2053.11]
exp014-n2048-k10-d300-bs60-f1.000-r00:171549.491: log(norms):     [2047.94, 2051.06, 2055.99, 2056.05, 2056.04, 2056.09, 2056.19, 2056.22, 2056.23, 2056.23]
exp014-n2048-k10-d300-bs60-f1.000-r00:171549.544: (4834 sec)
exp014-n2048-k10-d300-bs60-f1.000-r00:171549.544: Loop 33/100
exp014-n2048-k10-d300-bs60-f1.000-r00:176498.760: log(exp-norms): [2047.94, 2050.27, 2053.11]
exp014-n2048-k10-d300-bs60-f1.000-r00:176498.762: log(norms):     [2047.94, 2051.06, 2055.99, 2056.05, 2056.04, 2056.09, 2056.19, 2056.22, 2056.23, 2056.38]
exp014-n2048-k10-d300-bs60-f1.000-r00:176498.825: (4950 sec)
exp014-n2048-k10-d300-bs60-f1.000-r00:176498.826: Loop 34/100
exp014-n2048-k10-d300-bs60-f1.000-r00:181375.949: log(exp-norms): [2047.94, 2050.27, 2053.11]
exp014-n2048-k10-d300-bs60-f1.000-r00:181375.950: log(norms):     [2047.94, 2051.06, 2055.99, 2056.05, 2056.04, 2056.09, 2056.19, 2056.22, 2056.23, 2056.38]
exp014-n2048-k10-d300-bs60-f1.000-r00:181376.003: (4878 sec)
exp014-n2048-k10-d300-bs60-f1.000-r00:181376.003: Loop 35/100
exp014-n2048-k10-d300-bs60-f1.000-r00:186379.919: log(exp-norms): [2047.94, 2050.27, 2053.11]
exp014-n2048-k10-d300-bs60-f1.000-r00:186379.919: log(norms):     [2047.94, 2051.06, 2055.99, 2056.05, 2056.04, 2056.09, 2056.19, 2056.24, 2056.29, 2056.12]
exp014-n2048-k10-d300-bs60-f1.000-r00:186379.953: (5004 sec)
exp014-n2048-k10-d300-bs60-f1.000-r00:186379.953: Loop 36/100
exp014-n2048-k10-d300-bs60-f1.000-r00:191465.675: log(exp-norms): [2047.94, 2050.27, 2053.11]
exp014-n2048-k10-d300-bs60-f1.000-r00:191465.676: log(norms):     [2047.94, 2051.06, 2055.99, 2056.05, 2056.04, 2056.09, 2056.12, 2056.05, 2056.19, 2056.24]
exp014-n2048-k10-d300-bs60-f1.000-r00:191465.730: (5086 sec)
exp014-n2048-k10-d300-bs60-f1.000-r00:191465.730: Loop 37/100
exp014-n2048-k10-d300-bs60-f1.000-r00:196453.274: log(exp-norms): [2047.94, 2050.27, 2053.11]
exp014-n2048-k10-d300-bs60-f1.000-r00:196453.283: log(norms):     [2047.94, 2051.06, 2055.99, 2056.05, 2056.04, 2056.14, 2056.05, 2056.2, 2056.09, 2056.19]
exp014-n2048-k10-d300-bs60-f1.000-r00:196453.342: (4988 sec)
exp014-n2048-k10-d300-bs60-f1.000-r00:196453.343: Loop 38/100
exp014-n2048-k10-d300-bs60-f1.000-r00:201434.723: log(exp-norms): [2047.94, 2050.27, 2053.11]
exp014-n2048-k10-d300-bs60-f1.000-r00:201434.725: log(norms):     [2047.94, 2051.06, 2055.99, 2056.05, 2056.04, 2056.14, 2056.05, 2056.2, 2056.1, 2056.19]
exp014-n2048-k10-d300-bs60-f1.000-r00:201434.779: (4982 sec)
exp014-n2048-k10-d300-bs60-f1.000-r00:201434.780: Loop 39/100
exp014-n2048-k10-d300-bs60-f1.000-r00:206461.406: log(exp-norms): [2047.94, 2050.27, 2053.11]
exp014-n2048-k10-d300-bs60-f1.000-r00:206461.406: log(norms):     [2047.94, 2051.06, 2055.99, 2056.05, 2056.04, 2056.14, 2056.29, 2056.09, 2056.27, 2056.34]
exp014-n2048-k10-d300-bs60-f1.000-r00:206461.460: (5027 sec)
exp014-n2048-k10-d300-bs60-f1.000-r00:206461.460: Loop 40/100
exp014-n2048-k10-d300-bs60-f1.000-r00:211479.587: log(exp-norms): [2047.94, 2050.27, 2053.11]
exp014-n2048-k10-d300-bs60-f1.000-r00:211479.588: log(norms):     [2047.94, 2051.06, 2055.99, 2056.09, 2056.05, 2056.04, 2056.14, 2056.32, 2056.09, 2056.27]
exp014-n2048-k10-d300-bs60-f1.000-r00:211479.641: (5019 sec)
exp014-n2048-k10-d300-bs60-f1.000-r00:211479.641: Loop 41/100
exp014-n2048-k10-d300-bs60-f1.000-r00:216504.131: log(exp-norms): [2047.94, 2050.27, 2053.11]
exp014-n2048-k10-d300-bs60-f1.000-r00:216504.131: log(norms):     [2047.94, 2051.06, 2055.99, 2056.09, 2056.1, 2056.08, 2056.01, 2056.16, 2056.02, 2056.2]
exp014-n2048-k10-d300-bs60-f1.000-r00:216504.183: (5025 sec)
exp014-n2048-k10-d300-bs60-f1.000-r00:216504.184: Loop 42/100
exp014-n2048-k10-d300-bs60-f1.000-r00:221604.321: log(exp-norms): [2047.94, 2050.27, 2053.11]
exp014-n2048-k10-d300-bs60-f1.000-r00:221604.322: log(norms):     [2047.94, 2051.06, 2055.99, 2056.09, 2056.1, 2056.08, 2056.2, 2056.01, 2056.16, 2056.02]
exp014-n2048-k10-d300-bs60-f1.000-r00:221604.385: (5101 sec)
exp014-n2048-k10-d300-bs60-f1.000-r00:221604.385: Loop 43/100
exp014-n2048-k10-d300-bs60-f1.000-r00:226549.089: log(exp-norms): [2047.94, 2050.27, 2053.11]
exp014-n2048-k10-d300-bs60-f1.000-r00:226549.090: log(norms):     [2047.94, 2051.06, 2055.99, 2056.09, 2056.1, 2056.08, 2056.2, 2056.15, 2056.16, 2056.01]
exp014-n2048-k10-d300-bs60-f1.000-r00:226549.144: (4945 sec)
exp014-n2048-k10-d300-bs60-f1.000-r00:226549.145: Loop 44/100
exp014-n2048-k10-d300-bs60-f1.000-r00:231166.061: log(exp-norms): [2047.94, 2050.27, 2053.11]
exp014-n2048-k10-d300-bs60-f1.000-r00:231166.062: log(norms):     [2047.94, 2051.06, 2055.99, 2056.09, 2056.1, 2056.08, 2056.2, 2056.15, 2056.16, 2056.01]
exp014-n2048-k10-d300-bs60-f1.000-r00:231166.114: (4617 sec)
exp014-n2048-k10-d300-bs60-f1.000-r00:231166.114: Loop 45/100
exp014-n2048-k10-d300-bs60-f1.000-r00:235536.225: log(exp-norms): [2047.94, 2050.27, 2053.11]
exp014-n2048-k10-d300-bs60-f1.000-r00:235536.226: log(norms):     [2047.94, 2051.06, 2055.99, 2056.09, 2056.1, 2056.08, 2056.2, 2056.15, 2056.16, 2056.01]
exp014-n2048-k10-d300-bs60-f1.000-r00:235536.279: (4371 sec)
exp014-n2048-k10-d300-bs60-f1.000-r00:235536.280: Loop 46/100
exp014-n2048-k10-d300-bs60-f1.000-r00:240053.518: log(exp-norms): [2047.94, 2050.27, 2053.11]
exp014-n2048-k10-d300-bs60-f1.000-r00:240053.524: log(norms):     [2047.94, 2051.06, 2055.99, 2056.09, 2056.1, 2056.08, 2056.2, 2056.15, 2056.16, 2056.01]
exp014-n2048-k10-d300-bs60-f1.000-r00:240053.577: (4518 sec)
exp014-n2048-k10-d300-bs60-f1.000-r00:240053.578: Loop 47/100
exp014-n2048-k10-d300-bs60-f1.000-r00:244729.050: log(exp-norms): [2047.94, 2050.27, 2053.11]
exp014-n2048-k10-d300-bs60-f1.000-r00:244729.051: log(norms):     [2047.94, 2051.06, 2055.99, 2056.09, 2056.1, 2056.08, 2056.08, 2056.2, 2056.34, 2056.15]
exp014-n2048-k10-d300-bs60-f1.000-r00:244729.104: (4676 sec)
exp014-n2048-k10-d300-bs60-f1.000-r00:244729.104: Loop 48/100
exp014-n2048-k10-d300-bs60-f1.000-r00:249005.762: log(exp-norms): [2047.94, 2050.27, 2053.11]
exp014-n2048-k10-d300-bs60-f1.000-r00:249005.763: log(norms):     [2047.94, 2051.06, 2055.99, 2056.09, 2056.1, 2056.08, 2056.08, 2056.2, 2056.01, 2055.95]
exp014-n2048-k10-d300-bs60-f1.000-r00:249005.815: (4277 sec)
exp014-n2048-k10-d300-bs60-f1.000-r00:249005.815: Loop 49/100
exp014-n2048-k10-d300-bs60-f1.000-r00:253443.796: log(exp-norms): [2047.94, 2050.27, 2053.11]
exp014-n2048-k10-d300-bs60-f1.000-r00:253443.797: log(norms):     [2047.94, 2051.06, 2055.95, 2056.08, 2056.01, 2055.99, 2056.09, 2056.08, 2056.24, 2056.23]
exp014-n2048-k10-d300-bs60-f1.000-r00:253443.850: (4439 sec)
exp014-n2048-k10-d300-bs60-f1.000-r00:253443.850: Loop 50/100
exp014-n2048-k10-d300-bs60-f1.000-r00:257818.817: log(exp-norms): [2047.94, 2050.27, 2053.11]
exp014-n2048-k10-d300-bs60-f1.000-r00:257818.818: log(norms):     [2047.94, 2051.06, 2055.95, 2056.1, 2056.08, 2056.01, 2056.08, 2056.12, 2056.25, 2056.17]
exp014-n2048-k10-d300-bs60-f1.000-r00:257818.883: (4376 sec)
exp014-n2048-k10-d300-bs60-f1.000-r00:257818.883: Loop 51/100
exp014-n2048-k10-d300-bs60-f1.000-r00:262416.662: log(exp-norms): [2047.94, 2050.27, 2053.11]
exp014-n2048-k10-d300-bs60-f1.000-r00:262416.663: log(norms):     [2047.94, 2051.06, 2055.95, 2056.1, 2056.04, 2055.99, 2056.09, 2056.24, 2056.08, 2056.2]
exp014-n2048-k10-d300-bs60-f1.000-r00:262416.715: (4598 sec)
exp014-n2048-k10-d300-bs60-f1.000-r00:262416.716: Loop 52/100
exp014-n2048-k10-d300-bs60-f1.000-r00:266916.695: log(exp-norms): [2047.94, 2050.27, 2053.11]
exp014-n2048-k10-d300-bs60-f1.000-r00:266916.696: log(norms):     [2047.94, 2051.06, 2055.95, 2056.1, 2056.04, 2055.99, 2056.09, 2056.24, 2056.08, 2056.2]
exp014-n2048-k10-d300-bs60-f1.000-r00:266916.757: (4501 sec)
exp014-n2048-k10-d300-bs60-f1.000-r00:266916.758: Loop 53/100
exp014-n2048-k10-d300-bs60-f1.000-r00:271396.917: log(exp-norms): [2047.94, 2050.27, 2053.11]
exp014-n2048-k10-d300-bs60-f1.000-r00:271396.918: log(norms):     [2047.94, 2051.06, 2055.95, 2056.1, 2056.04, 2055.99, 2056.09, 2056.24, 2056.08, 2056.2]
exp014-n2048-k10-d300-bs60-f1.000-r00:271396.970: (4481 sec)
exp014-n2048-k10-d300-bs60-f1.000-r00:271396.971: Loop 54/100
exp014-n2048-k10-d300-bs60-f1.000-r00:275983.815: log(exp-norms): [2047.94, 2050.27, 2053.11]
exp014-n2048-k10-d300-bs60-f1.000-r00:275983.816: log(norms):     [2047.94, 2051.06, 2055.95, 2056.01, 2056.1, 2056.04, 2056.0, 2055.99, 2056.09, 2056.36]
exp014-n2048-k10-d300-bs60-f1.000-r00:275983.869: (4587 sec)
exp014-n2048-k10-d300-bs60-f1.000-r00:275983.869: Loop 55/100
exp014-n2048-k10-d300-bs60-f1.000-r00:280610.677: log(exp-norms): [2047.94, 2050.27, 2053.11]
exp014-n2048-k10-d300-bs60-f1.000-r00:280610.679: log(norms):     [2047.94, 2051.06, 2055.93, 2055.95, 2056.01, 2056.1, 2056.07, 2056.15, 2055.99, 2056.09]
exp014-n2048-k10-d300-bs60-f1.000-r00:280610.733: (4627 sec)
exp014-n2048-k10-d300-bs60-f1.000-r00:280610.734: Loop 56/100
exp014-n2048-k10-d300-bs60-f1.000-r00:285275.737: log(exp-norms): [2047.94, 2050.27, 2053.11]
exp014-n2048-k10-d300-bs60-f1.000-r00:285275.737: log(norms):     [2047.94, 2051.06, 2055.93, 2055.95, 2056.01, 2056.1, 2056.19, 2056.1, 2056.07, 2055.99]
exp014-n2048-k10-d300-bs60-f1.000-r00:285275.798: (4666 sec)
exp014-n2048-k10-d300-bs60-f1.000-r00:285275.798: Loop 57/100
exp014-n2048-k10-d300-bs60-f1.000-r00:290031.824: log(exp-norms): [2047.94, 2050.27, 2053.11]
exp014-n2048-k10-d300-bs60-f1.000-r00:290031.826: log(norms):     [2047.94, 2051.06, 2055.93, 2055.95, 2056.01, 2056.1, 2056.19, 2056.1, 2056.07, 2056.23]
exp014-n2048-k10-d300-bs60-f1.000-r00:290031.879: (4757 sec)
exp014-n2048-k10-d300-bs60-f1.000-r00:290031.880: Loop 58/100
exp014-n2048-k10-d300-bs60-f1.000-r00:294883.379: log(exp-norms): [2047.94, 2050.27, 2053.11]
exp014-n2048-k10-d300-bs60-f1.000-r00:294883.380: log(norms):     [2047.94, 2051.06, 2055.93, 2055.95, 2056.09, 2056.01, 2056.1, 2056.19, 2056.1, 2056.07]
exp014-n2048-k10-d300-bs60-f1.000-r00:294883.433: (4852 sec)
exp014-n2048-k10-d300-bs60-f1.000-r00:294883.433: Loop 59/100
exp014-n2048-k10-d300-bs60-f1.000-r00:299685.644: log(exp-norms): [2047.94, 2050.27, 2053.11]
exp014-n2048-k10-d300-bs60-f1.000-r00:299685.646: log(norms):     [2047.94, 2051.06, 2055.93, 2055.95, 2056.09, 2056.01, 2056.05, 2056.15, 2056.17, 2056.19]
exp014-n2048-k10-d300-bs60-f1.000-r00:299685.699: (4803 sec)
exp014-n2048-k10-d300-bs60-f1.000-r00:299685.700: Loop 60/100
exp014-n2048-k10-d300-bs60-f1.000-r00:304535.671: log(exp-norms): [2047.94, 2050.27, 2053.11]
exp014-n2048-k10-d300-bs60-f1.000-r00:304535.672: log(norms):     [2047.94, 2051.06, 2055.91, 2055.93, 2055.95, 2056.1, 2056.09, 2056.01, 2056.31, 2056.1]
exp014-n2048-k10-d300-bs60-f1.000-r00:304535.705: (4851 sec)
exp014-n2048-k10-d300-bs60-f1.000-r00:304535.706: Loop 61/100
exp014-n2048-k10-d300-bs60-f1.000-r00:309438.527: log(exp-norms): [2047.94, 2050.27, 2053.11]
exp014-n2048-k10-d300-bs60-f1.000-r00:309438.528: log(norms):     [2047.94, 2051.06, 2055.91, 2055.93, 2055.95, 2056.1, 2056.09, 2056.01, 2056.02, 2056.1]
exp014-n2048-k10-d300-bs60-f1.000-r00:309438.581: (4903 sec)
exp014-n2048-k10-d300-bs60-f1.000-r00:309438.582: Loop 62/100
exp014-n2048-k10-d300-bs60-f1.000-r00:314382.731: log(exp-norms): [2047.94, 2050.27, 2053.11]
exp014-n2048-k10-d300-bs60-f1.000-r00:314382.732: log(norms):     [2047.94, 2051.06, 2055.91, 2055.93, 2055.95, 2056.1, 2056.09, 2056.07, 2056.01, 2056.02]
exp014-n2048-k10-d300-bs60-f1.000-r00:314382.786: (4945 sec)
exp014-n2048-k10-d300-bs60-f1.000-r00:314382.786: Loop 63/100
exp014-n2048-k10-d300-bs60-f1.000-r00:319146.198: log(exp-norms): [2047.94, 2050.27, 2053.11]
exp014-n2048-k10-d300-bs60-f1.000-r00:319146.199: log(norms):     [2047.94, 2051.06, 2055.91, 2055.93, 2055.95, 2056.1, 2056.09, 2056.07, 2056.01, 2056.0]
exp014-n2048-k10-d300-bs60-f1.000-r00:319146.232: (4764 sec)
exp014-n2048-k10-d300-bs60-f1.000-r00:319146.232: Loop 64/100
exp014-n2048-k10-d300-bs60-f1.000-r00:323924.033: log(exp-norms): [2047.94, 2050.27, 2053.11]
exp014-n2048-k10-d300-bs60-f1.000-r00:323924.034: log(norms):     [2047.94, 2051.06, 2055.91, 2055.93, 2055.95, 2056.1, 2056.09, 2056.07, 2056.18, 2056.01]
exp014-n2048-k10-d300-bs60-f1.000-r00:323924.087: (4778 sec)
exp014-n2048-k10-d300-bs60-f1.000-r00:323924.087: Loop 65/100
exp014-n2048-k10-d300-bs60-f1.000-r00:328524.846: log(exp-norms): [2047.94, 2050.27, 2053.11]
exp014-n2048-k10-d300-bs60-f1.000-r00:328524.847: log(norms):     [2047.94, 2051.06, 2055.91, 2055.93, 2055.95, 2056.1, 2056.09, 2056.07, 2056.22, 2056.18]
exp014-n2048-k10-d300-bs60-f1.000-r00:328524.900: (4601 sec)
exp014-n2048-k10-d300-bs60-f1.000-r00:328524.900: Loop 66/100
exp014-n2048-k10-d300-bs60-f1.000-r00:333132.653: log(exp-norms): [2047.94, 2050.27, 2053.11]
exp014-n2048-k10-d300-bs60-f1.000-r00:333132.654: log(norms):     [2047.94, 2051.06, 2055.91, 2055.93, 2056.11, 2055.95, 2056.1, 2056.18, 2056.09, 2056.07]
exp014-n2048-k10-d300-bs60-f1.000-r00:333132.706: (4608 sec)
exp014-n2048-k10-d300-bs60-f1.000-r00:333132.706: Loop 67/100
exp014-n2048-k10-d300-bs60-f1.000-r00:337607.663: log(exp-norms): [2047.94, 2050.27, 2053.11]
exp014-n2048-k10-d300-bs60-f1.000-r00:337607.664: log(norms):     [2047.94, 2051.06, 2055.91, 2055.93, 2056.11, 2055.95, 2056.1, 2056.18, 2056.09, 2056.07]
exp014-n2048-k10-d300-bs60-f1.000-r00:337607.696: (4475 sec)
exp014-n2048-k10-d300-bs60-f1.000-r00:337607.697: Loop 68/100
exp014-n2048-k10-d300-bs60-f1.000-r00:342240.651: log(exp-norms): [2047.94, 2050.27, 2053.11]
exp014-n2048-k10-d300-bs60-f1.000-r00:342240.652: log(norms):     [2047.94, 2051.06, 2055.91, 2055.93, 2056.11, 2055.95, 2056.1, 2056.18, 2056.09, 2056.07]
exp014-n2048-k10-d300-bs60-f1.000-r00:342240.704: (4634 sec)
exp014-n2048-k10-d300-bs60-f1.000-r00:342240.704: Loop 69/100
exp014-n2048-k10-d300-bs60-f1.000-r00:346889.526: log(exp-norms): [2047.94, 2050.27, 2053.11]
exp014-n2048-k10-d300-bs60-f1.000-r00:346889.528: log(norms):     [2047.94, 2051.06, 2055.91, 2055.93, 2056.11, 2055.95, 2056.1, 2056.18, 2056.09, 2056.22]
exp014-n2048-k10-d300-bs60-f1.000-r00:346889.581: (4649 sec)
exp014-n2048-k10-d300-bs60-f1.000-r00:346889.581: Loop 70/100
exp014-n2048-k10-d300-bs60-f1.000-r00:351491.816: log(exp-norms): [2047.94, 2050.27, 2053.11]
exp014-n2048-k10-d300-bs60-f1.000-r00:351491.817: log(norms):     [2047.94, 2051.06, 2055.91, 2055.93, 2056.11, 2055.95, 2056.1, 2056.18, 2056.09, 2056.22]
exp014-n2048-k10-d300-bs60-f1.000-r00:351491.869: (4603 sec)
exp014-n2048-k10-d300-bs60-f1.000-r00:351491.870: Loop 71/100
exp014-n2048-k10-d300-bs60-f1.000-r00:356095.044: log(exp-norms): [2047.94, 2050.27, 2053.11]
exp014-n2048-k10-d300-bs60-f1.000-r00:356095.045: log(norms):     [2047.94, 2051.06, 2055.91, 2055.93, 2056.11, 2055.95, 2056.1, 2056.18, 2056.09, 2056.22]
exp014-n2048-k10-d300-bs60-f1.000-r00:356095.097: (4604 sec)
exp014-n2048-k10-d300-bs60-f1.000-r00:356095.098: Loop 72/100
exp014-n2048-k10-d300-bs60-f1.000-r00:360782.652: log(exp-norms): [2047.94, 2050.27, 2053.11]
exp014-n2048-k10-d300-bs60-f1.000-r00:360782.652: log(norms):     [2047.94, 2051.06, 2055.91, 2055.93, 2056.11, 2055.95, 2056.1, 2056.18, 2056.09, 2056.22]
exp014-n2048-k10-d300-bs60-f1.000-r00:360782.704: (4688 sec)
exp014-n2048-k10-d300-bs60-f1.000-r00:360782.704: Loop 73/100
exp014-n2048-k10-d300-bs60-f1.000-r00:365253.701: log(exp-norms): [2047.94, 2050.27, 2053.11]
exp014-n2048-k10-d300-bs60-f1.000-r00:365253.702: log(norms):     [2047.94, 2051.06, 2055.91, 2055.93, 2056.11, 2055.95, 2056.1, 2056.18, 2056.09, 2056.22]
exp014-n2048-k10-d300-bs60-f1.000-r00:365253.750: (4472 sec)
exp014-n2048-k10-d300-bs60-f1.000-r00:365253.751: Loop 74/100
exp014-n2048-k10-d300-bs60-f1.000-r00:369725.655: log(exp-norms): [2047.94, 2050.27, 2053.11]
exp014-n2048-k10-d300-bs60-f1.000-r00:369725.656: log(norms):     [2047.94, 2051.06, 2055.91, 2055.93, 2056.11, 2055.95, 2056.1, 2056.18, 2056.09, 2056.22]
exp014-n2048-k10-d300-bs60-f1.000-r00:369725.708: (4472 sec)
exp014-n2048-k10-d300-bs60-f1.000-r00:369725.708: Loop 75/100
exp014-n2048-k10-d300-bs60-f1.000-r00:374306.273: log(exp-norms): [2047.94, 2050.27, 2053.11]
exp014-n2048-k10-d300-bs60-f1.000-r00:374306.274: log(norms):     [2047.94, 2051.06, 2055.91, 2055.93, 2056.11, 2056.09, 2055.95, 2056.09, 2056.1, 2056.18]
exp014-n2048-k10-d300-bs60-f1.000-r00:374306.326: (4581 sec)
exp014-n2048-k10-d300-bs60-f1.000-r00:374306.327: Loop 76/100
exp014-n2048-k10-d300-bs60-f1.000-r00:378870.834: log(exp-norms): [2047.94, 2050.27, 2053.11]
exp014-n2048-k10-d300-bs60-f1.000-r00:378870.836: log(norms):     [2047.94, 2051.06, 2055.91, 2055.93, 2056.11, 2056.09, 2055.95, 2056.09, 2056.1, 2056.18]
exp014-n2048-k10-d300-bs60-f1.000-r00:378870.888: (4565 sec)
exp014-n2048-k10-d300-bs60-f1.000-r00:378870.888: Loop 77/100
exp014-n2048-k10-d300-bs60-f1.000-r00:383328.649: log(exp-norms): [2047.94, 2050.27, 2053.11]
exp014-n2048-k10-d300-bs60-f1.000-r00:383328.651: log(norms):     [2047.94, 2051.06, 2055.91, 2055.93, 2056.11, 2056.09, 2055.95, 2056.09, 2056.1, 2056.18]
exp014-n2048-k10-d300-bs60-f1.000-r00:383328.702: (4458 sec)
exp014-n2048-k10-d300-bs60-f1.000-r00:383328.703: Loop 78/100
exp014-n2048-k10-d300-bs60-f1.000-r00:387967.710: log(exp-norms): [2047.94, 2050.27, 2053.11]
exp014-n2048-k10-d300-bs60-f1.000-r00:387967.711: log(norms):     [2047.94, 2051.06, 2055.91, 2055.93, 2056.11, 2056.09, 2056.03, 2056.06, 2056.16, 2056.28]
exp014-n2048-k10-d300-bs60-f1.000-r00:387967.761: (4640 sec)
exp014-n2048-k10-d300-bs60-f1.000-r00:387967.762: Loop 79/100
exp014-n2048-k10-d300-bs60-f1.000-r00:392446.490: log(exp-norms): [2047.94, 2050.27, 2053.11]
exp014-n2048-k10-d300-bs60-f1.000-r00:392446.491: log(norms):     [2047.94, 2051.06, 2055.91, 2055.93, 2056.11, 2056.04, 2056.09, 2056.2, 2056.22, 2056.32]
exp014-n2048-k10-d300-bs60-f1.000-r00:392446.544: (4479 sec)
exp014-n2048-k10-d300-bs60-f1.000-r00:392446.544: Loop 80/100
exp014-n2048-k10-d300-bs60-f1.000-r00:396991.131: log(exp-norms): [2047.94, 2050.27, 2053.11]
exp014-n2048-k10-d300-bs60-f1.000-r00:396991.132: log(norms):     [2047.94, 2051.06, 2055.91, 2055.93, 2056.11, 2056.04, 2056.09, 2056.2, 2056.22, 2056.32]
exp014-n2048-k10-d300-bs60-f1.000-r00:396991.182: (4545 sec)
exp014-n2048-k10-d300-bs60-f1.000-r00:396991.182: Loop 81/100
exp014-n2048-k10-d300-bs60-f1.000-r00:401378.665: log(exp-norms): [2047.94, 2050.27, 2053.11]
exp014-n2048-k10-d300-bs60-f1.000-r00:401378.666: log(norms):     [2047.94, 2051.06, 2055.91, 2055.93, 2056.11, 2056.04, 2056.09, 2056.2, 2056.22, 2056.32]
exp014-n2048-k10-d300-bs60-f1.000-r00:401378.718: (4388 sec)
exp014-n2048-k10-d300-bs60-f1.000-r00:401378.718: Loop 82/100
exp014-n2048-k10-d300-bs60-f1.000-r00:405594.195: log(exp-norms): [2047.94, 2050.27, 2053.11]
exp014-n2048-k10-d300-bs60-f1.000-r00:405594.196: log(norms):     [2047.94, 2051.06, 2055.91, 2055.93, 2056.11, 2056.04, 2056.09, 2056.2, 2056.22, 2056.32]
exp014-n2048-k10-d300-bs60-f1.000-r00:405594.248: (4216 sec)
exp014-n2048-k10-d300-bs60-f1.000-r00:405594.249: Loop 83/100
exp014-n2048-k10-d300-bs60-f1.000-r00:409991.443: log(exp-norms): [2047.94, 2050.27, 2053.11]
exp014-n2048-k10-d300-bs60-f1.000-r00:409991.444: log(norms):     [2047.94, 2051.06, 2055.91, 2055.93, 2056.11, 2056.04, 2056.09, 2056.2, 2056.22, 2056.32]
exp014-n2048-k10-d300-bs60-f1.000-r00:409991.498: (4398 sec)
exp014-n2048-k10-d300-bs60-f1.000-r00:409991.498: Loop 84/100
exp014-n2048-k10-d300-bs60-f1.000-r00:414262.680: log(exp-norms): [2047.94, 2050.27, 2053.11]
exp014-n2048-k10-d300-bs60-f1.000-r00:414262.682: log(norms):     [2047.94, 2051.06, 2055.91, 2055.93, 2056.11, 2056.04, 2056.09, 2056.2, 2056.22, 2056.32]
exp014-n2048-k10-d300-bs60-f1.000-r00:414262.734: (4272 sec)
exp014-n2048-k10-d300-bs60-f1.000-r00:414262.734: Loop 85/100
exp014-n2048-k10-d300-bs60-f1.000-r00:418544.377: log(exp-norms): [2047.94, 2050.27, 2053.11]
exp014-n2048-k10-d300-bs60-f1.000-r00:418544.378: log(norms):     [2047.94, 2051.06, 2055.91, 2055.93, 2056.11, 2056.04, 2056.09, 2056.2, 2056.22, 2056.32]
exp014-n2048-k10-d300-bs60-f1.000-r00:418544.429: (4282 sec)
exp014-n2048-k10-d300-bs60-f1.000-r00:418544.430: Loop 86/100
exp014-n2048-k10-d300-bs60-f1.000-r00:422861.908: log(exp-norms): [2047.94, 2050.27, 2053.11]
exp014-n2048-k10-d300-bs60-f1.000-r00:422861.909: log(norms):     [2047.94, 2051.06, 2055.91, 2055.93, 2056.11, 2056.04, 2056.09, 2056.2, 2056.22, 2056.32]
exp014-n2048-k10-d300-bs60-f1.000-r00:422861.962: (4318 sec)
exp014-n2048-k10-d300-bs60-f1.000-r00:422861.962: Loop 87/100
exp014-n2048-k10-d300-bs60-f1.000-r00:427076.295: log(exp-norms): [2047.94, 2050.27, 2053.11]
exp014-n2048-k10-d300-bs60-f1.000-r00:427076.296: log(norms):     [2047.94, 2051.06, 2055.91, 2055.93, 2056.11, 2056.04, 2056.09, 2056.2, 2056.06, 2056.32]
exp014-n2048-k10-d300-bs60-f1.000-r00:427076.348: (4215 sec)
exp014-n2048-k10-d300-bs60-f1.000-r00:427076.348: Loop 88/100
exp014-n2048-k10-d300-bs60-f1.000-r00:431318.314: log(exp-norms): [2047.94, 2050.27, 2053.11]
exp014-n2048-k10-d300-bs60-f1.000-r00:431318.315: log(norms):     [2047.94, 2051.06, 2055.91, 2055.93, 2056.11, 2056.04, 2056.01, 2056.09, 2056.2, 2056.22]
exp014-n2048-k10-d300-bs60-f1.000-r00:431318.367: (4243 sec)
exp014-n2048-k10-d300-bs60-f1.000-r00:431318.367: Loop 89/100
exp014-n2048-k10-d300-bs60-f1.000-r00:435618.728: log(exp-norms): [2047.94, 2050.27, 2053.11]
exp014-n2048-k10-d300-bs60-f1.000-r00:435618.729: log(norms):     [2047.94, 2051.06, 2055.91, 2055.93, 2056.11, 2056.04, 2056.01, 2056.09, 2056.2, 2056.22]
exp014-n2048-k10-d300-bs60-f1.000-r00:435618.780: (4301 sec)
exp014-n2048-k10-d300-bs60-f1.000-r00:435618.781: Loop 90/100
exp014-n2048-k10-d300-bs60-f1.000-r00:440000.033: log(exp-norms): [2047.94, 2050.27, 2053.11]
exp014-n2048-k10-d300-bs60-f1.000-r00:440000.034: log(norms):     [2047.94, 2051.06, 2055.91, 2055.93, 2056.11, 2056.04, 2056.01, 2056.09, 2056.2, 2056.22]
exp014-n2048-k10-d300-bs60-f1.000-r00:440000.085: (4382 sec)
exp014-n2048-k10-d300-bs60-f1.000-r00:440000.085: Loop 91/100
exp014-n2048-k10-d300-bs60-f1.000-r00:444385.548: log(exp-norms): [2047.94, 2050.27, 2053.11]
exp014-n2048-k10-d300-bs60-f1.000-r00:444385.549: log(norms):     [2047.94, 2051.06, 2055.91, 2055.93, 2056.11, 2056.04, 2056.01, 2056.22, 2056.09, 2056.18]
exp014-n2048-k10-d300-bs60-f1.000-r00:444385.600: (4386 sec)
exp014-n2048-k10-d300-bs60-f1.000-r00:444385.601: Loop 92/100
exp014-n2048-k10-d300-bs60-f1.000-r00:448459.844: log(exp-norms): [2047.94, 2050.27, 2053.11]
exp014-n2048-k10-d300-bs60-f1.000-r00:448459.845: log(norms):     [2047.94, 2051.06, 2055.91, 2055.93, 2056.11, 2056.04, 2056.01, 2056.22, 2056.09, 2056.18]
exp014-n2048-k10-d300-bs60-f1.000-r00:448459.897: (4075 sec)
exp014-n2048-k10-d300-bs60-f1.000-r00:448459.897: Loop 93/100
exp014-n2048-k10-d300-bs60-f1.000-r00:452693.371: log(exp-norms): [2047.94, 2050.27, 2053.11]
exp014-n2048-k10-d300-bs60-f1.000-r00:452693.372: log(norms):     [2047.94, 2051.06, 2055.91, 2055.93, 2056.11, 2056.04, 2056.01, 2056.22, 2056.0, 2056.33]
exp014-n2048-k10-d300-bs60-f1.000-r00:452693.403: (4234 sec)
exp014-n2048-k10-d300-bs60-f1.000-r00:452693.404: Loop 94/100
exp014-n2048-k10-d300-bs60-f1.000-r00:456830.175: log(exp-norms): [2047.94, 2050.27, 2053.11]
exp014-n2048-k10-d300-bs60-f1.000-r00:456830.177: log(norms):     [2047.94, 2051.06, 2055.91, 2055.93, 2056.11, 2056.04, 2056.01, 2056.22, 2056.0, 2056.33]
exp014-n2048-k10-d300-bs60-f1.000-r00:456830.227: (4137 sec)
exp014-n2048-k10-d300-bs60-f1.000-r00:456830.227: Loop 95/100
exp014-n2048-k10-d300-bs60-f1.000-r00:461066.918: log(exp-norms): [2047.94, 2050.27, 2053.11]
exp014-n2048-k10-d300-bs60-f1.000-r00:461066.919: log(norms):     [2047.94, 2051.06, 2055.91, 2055.93, 2056.11, 2056.04, 2056.01, 2056.22, 2056.0, 2056.33]
exp014-n2048-k10-d300-bs60-f1.000-r00:461066.951: (4237 sec)
exp014-n2048-k10-d300-bs60-f1.000-r00:461066.951: Loop 96/100
exp014-n2048-k10-d300-bs60-f1.000-r00:465351.108: log(exp-norms): [2047.94, 2050.27, 2053.11]
exp014-n2048-k10-d300-bs60-f1.000-r00:465351.109: log(norms):     [2047.94, 2051.06, 2055.91, 2055.93, 2056.11, 2056.04, 2056.01, 2056.22, 2056.0, 2056.33]
exp014-n2048-k10-d300-bs60-f1.000-r00:465351.161: (4285 sec)
exp014-n2048-k10-d300-bs60-f1.000-r00:465351.162: Loop 97/100
exp014-n2048-k10-d300-bs60-f1.000-r00:469604.340: log(exp-norms): [2047.94, 2050.27, 2053.11]
exp014-n2048-k10-d300-bs60-f1.000-r00:469604.341: log(norms):     [2047.94, 2051.06, 2055.91, 2055.93, 2056.11, 2056.04, 2056.01, 2056.22, 2056.0, 2056.33]
exp014-n2048-k10-d300-bs60-f1.000-r00:469604.373: (4254 sec)
exp014-n2048-k10-d300-bs60-f1.000-r00:469604.373: Loop 98/100
exp014-n2048-k10-d300-bs60-f1.000-r00:473902.078: log(exp-norms): [2047.94, 2050.27, 2053.11]
exp014-n2048-k10-d300-bs60-f1.000-r00:473902.079: log(norms):     [2047.94, 2051.06, 2055.91, 2055.93, 2056.11, 2056.04, 2056.01, 2056.22, 2056.0, 2056.24]
exp014-n2048-k10-d300-bs60-f1.000-r00:473902.129: (4298 sec)
exp014-n2048-k10-d300-bs60-f1.000-r00:473902.130: Loop 99/100
exp014-n2048-k10-d300-bs60-f1.000-r00:477996.008: log(exp-norms): [2047.94, 2050.27, 2053.11]
exp014-n2048-k10-d300-bs60-f1.000-r00:477996.009: log(norms):     [2047.94, 2051.06, 2055.91, 2055.93, 2056.11, 2056.02, 2056.04, 2056.2, 2056.19, 2056.01]
exp014-n2048-k10-d300-bs60-f1.000-r00:477996.043: (4094 sec)
exp014-n2048-k10-d300-bs60-f1.000-r00:477996.043: Loop 100/100
exp014-n2048-k10-d300-bs60-f1.000-r00:482289.648: log(exp-norms): [2047.94, 2050.27, 2053.11]
exp014-n2048-k10-d300-bs60-f1.000-r00:482289.649: log(norms):     [2047.94, 2051.06, 2055.91, 2055.93, 2056.11, 2056.02, 2056.04, 2056.2, 2056.19, 2056.28]
exp014-n2048-k10-d300-bs60-f1.000-r00:482289.701: (4294 sec)
exp014-n2048-k10-d300-bs60-f1.000-r00:482289.701: ==========================Summary===========================
exp014-n2048-k10-d300-bs60-f1.000-r00:482289.701: Total time: 482290sec
exp014-n2048-k10-d300-bs60-f1.000-r00:482289.701: FAIL
exp014-n2048-k10-d300-bs60-f1.000-r00:482289.702: SUMMARY:n:2048:k:10:d:300:bs:60:t:482290:r:False
