exp001-n2048-k11-d250-bs60-f1.000-r00:000000.212: ==========================Instance==========================
exp001-n2048-k11-d250-bs60-f1.000-r00:000000.212: # of equations: 250
exp001-n2048-k11-d250-bs60-f1.000-r00:000000.216: Gap: 5.54
exp001-n2048-k11-d250-bs60-f1.000-r00:000000.225: Tau: 7.98
exp001-n2048-k11-d250-bs60-f1.000-r00:000000.225: ======================BKZ-60 reduction======================
exp001-n2048-k11-d250-bs60-f1.000-r00:000008.941: Expectedly achievable log(norm): 2054.81
exp001-n2048-k11-d250-bs60-f1.000-r00:000017.781: log(exp-norms): [2047.94, 2050.14, 2052.61]
exp001-n2048-k11-d250-bs60-f1.000-r00:000017.782: log(norms):     [2062.12, 2050.93, 2058.89, 2058.89, 2058.89, 2058.89, 2058.89, 2058.89, 2058.89, 2058.89]
exp001-n2048-k11-d250-bs60-f1.000-r00:000017.876: Loop 1/100
exp001-n2048-k11-d250-bs60-f1.000-r00:010913.197: log(exp-norms): [2047.94, 2050.14, 2052.61]
exp001-n2048-k11-d250-bs60-f1.000-r00:010913.198: log(norms):     [2050.93, 2057.68, 2057.69, 2057.86, 2057.86, 2057.84, 2057.78, 2057.68, 2057.71, 2057.8]
exp001-n2048-k11-d250-bs60-f1.000-r00:010913.244: (10896 sec)
exp001-n2048-k11-d250-bs60-f1.000-r00:010913.244: Loop 2/100
exp001-n2048-k11-d250-bs60-f1.000-r00:014376.659: log(exp-norms): [2047.94, 2050.14, 2052.61]
exp001-n2048-k11-d250-bs60-f1.000-r00:014376.660: log(norms):     [2050.93, 2057.1, 2057.21, 2057.14, 2057.13, 2057.33, 2057.29, 2056.98, 2057.25, 2057.33]
exp001-n2048-k11-d250-bs60-f1.000-r00:014376.704: (3464 sec)
exp001-n2048-k11-d250-bs60-f1.000-r00:014376.705: Loop 3/100
exp001-n2048-k11-d250-bs60-f1.000-r00:017629.396: log(exp-norms): [2047.94, 2050.14, 2052.61]
exp001-n2048-k11-d250-bs60-f1.000-r00:017629.397: log(norms):     [2050.93, 2056.61, 2056.73, 2056.65, 2056.63, 2056.79, 2056.76, 2056.93, 2056.87, 2056.91]
exp001-n2048-k11-d250-bs60-f1.000-r00:017629.442: (3253 sec)
exp001-n2048-k11-d250-bs60-f1.000-r00:017629.442: Loop 4/100
exp001-n2048-k11-d250-bs60-f1.000-r00:020845.908: log(exp-norms): [2047.94, 2050.14, 2052.61]
exp001-n2048-k11-d250-bs60-f1.000-r00:020845.909: log(norms):     [2047.94, 2050.93, 2056.2, 2056.23, 2056.29, 2056.42, 2056.31, 2056.54, 2056.24, 2056.27]
exp001-n2048-k11-d250-bs60-f1.000-r00:020845.953: (3217 sec)
exp001-n2048-k11-d250-bs60-f1.000-r00:020845.954: Loop 5/100
exp001-n2048-k11-d250-bs60-f1.000-r00:023995.472: log(exp-norms): [2047.94, 2050.14, 2052.61]
exp001-n2048-k11-d250-bs60-f1.000-r00:023995.473: log(norms):     [2047.94, 2050.93, 2055.96, 2055.99, 2056.06, 2056.13, 2056.05, 2055.9, 2056.05, 2056.27]
exp001-n2048-k11-d250-bs60-f1.000-r00:023995.517: (3150 sec)
exp001-n2048-k11-d250-bs60-f1.000-r00:023995.518: Loop 6/100
exp001-n2048-k11-d250-bs60-f1.000-r00:026940.610: log(exp-norms): [2047.94, 2050.14, 2052.61]
exp001-n2048-k11-d250-bs60-f1.000-r00:026940.611: log(norms):     [2047.94, 2050.93, 2055.63, 2055.75, 2055.75, 2055.94, 2055.73, 2055.93, 2055.84, 2055.89]
exp001-n2048-k11-d250-bs60-f1.000-r00:026940.655: (2946 sec)
exp001-n2048-k11-d250-bs60-f1.000-r00:026940.656: Loop 7/100
exp001-n2048-k11-d250-bs60-f1.000-r00:029991.573: log(exp-norms): [2047.94, 2050.14, 2052.61]
exp001-n2048-k11-d250-bs60-f1.000-r00:029991.574: log(norms):     [2047.94, 2050.93, 2055.51, 2055.53, 2055.51, 2055.7, 2055.6, 2055.51, 2055.67, 2055.64]
exp001-n2048-k11-d250-bs60-f1.000-r00:029991.623: (3051 sec)
exp001-n2048-k11-d250-bs60-f1.000-r00:029991.623: Loop 8/100
exp001-n2048-k11-d250-bs60-f1.000-r00:033019.243: log(exp-norms): [2047.94, 2050.14, 2052.61]
exp001-n2048-k11-d250-bs60-f1.000-r00:033019.244: log(norms):     [2047.94, 2050.93, 2055.32, 2055.36, 2055.34, 2055.41, 2055.32, 2055.44, 2055.4, 2055.66]
exp001-n2048-k11-d250-bs60-f1.000-r00:033019.288: (3028 sec)
exp001-n2048-k11-d250-bs60-f1.000-r00:033019.288: Loop 9/100
exp001-n2048-k11-d250-bs60-f1.000-r00:036027.858: log(exp-norms): [2047.94, 2050.14, 2052.61]
exp001-n2048-k11-d250-bs60-f1.000-r00:036027.859: log(norms):     [2047.94, 2050.93, 2055.25, 2055.35, 2055.24, 2055.37, 2055.34, 2055.42, 2055.31, 2055.46]
exp001-n2048-k11-d250-bs60-f1.000-r00:036027.904: (3009 sec)
exp001-n2048-k11-d250-bs60-f1.000-r00:036027.904: Loop 10/100
exp001-n2048-k11-d250-bs60-f1.000-r00:038994.057: log(exp-norms): [2047.94, 2050.14, 2052.61]
exp001-n2048-k11-d250-bs60-f1.000-r00:038994.058: log(norms):     [2047.94, 2050.93, 2055.1, 2055.22, 2055.19, 2055.26, 2055.13, 2055.12, 2055.2, 2055.18]
exp001-n2048-k11-d250-bs60-f1.000-r00:038994.102: (2967 sec)
exp001-n2048-k11-d250-bs60-f1.000-r00:038994.102: Loop 11/100
exp001-n2048-k11-d250-bs60-f1.000-r00:041930.274: log(exp-norms): [2047.94, 2050.14, 2052.61]
exp001-n2048-k11-d250-bs60-f1.000-r00:041930.275: log(norms):     [2047.94, 2050.93, 2055.05, 2055.12, 2055.03, 2055.1, 2055.18, 2055.17, 2055.13, 2055.05]
exp001-n2048-k11-d250-bs60-f1.000-r00:041930.320: (2937 sec)
exp001-n2048-k11-d250-bs60-f1.000-r00:041930.320: Loop 12/100
exp001-n2048-k11-d250-bs60-f1.000-r00:044886.177: log(exp-norms): [2047.94, 2050.14, 2052.61]
exp001-n2048-k11-d250-bs60-f1.000-r00:044886.178: log(norms):     [2047.94, 2050.93, 2055.03, 2055.1, 2055.16, 2055.18, 2055.19, 2055.18, 2055.27, 2055.05]
exp001-n2048-k11-d250-bs60-f1.000-r00:044886.222: (2956 sec)
exp001-n2048-k11-d250-bs60-f1.000-r00:044886.222: Loop 13/100
exp001-n2048-k11-d250-bs60-f1.000-r00:047827.809: log(exp-norms): [2047.94, 2050.14, 2052.61]
exp001-n2048-k11-d250-bs60-f1.000-r00:047827.810: log(norms):     [2047.94, 2050.93, 2054.97, 2054.97, 2055.13, 2055.17, 2055.12, 2055.03, 2055.29, 2054.97]
exp001-n2048-k11-d250-bs60-f1.000-r00:047827.855: (2942 sec)
exp001-n2048-k11-d250-bs60-f1.000-r00:047827.855: Loop 14/100
exp001-n2048-k11-d250-bs60-f1.000-r00:050734.882: log(exp-norms): [2047.94, 2050.14, 2052.61]
exp001-n2048-k11-d250-bs60-f1.000-r00:050734.883: log(norms):     [2047.94, 2050.93, 2054.94, 2054.97, 2054.97, 2055.01, 2055.06, 2055.09, 2055.14, 2055.14]
exp001-n2048-k11-d250-bs60-f1.000-r00:050734.928: (2908 sec)
exp001-n2048-k11-d250-bs60-f1.000-r00:050734.928: Loop 15/100
exp001-n2048-k11-d250-bs60-f1.000-r00:053725.321: log(exp-norms): [2047.94, 2050.14, 2052.61]
exp001-n2048-k11-d250-bs60-f1.000-r00:053725.322: log(norms):     [2047.94, 2050.93, 2054.87, 2054.99, 2054.96, 2054.98, 2055.05, 2055.12, 2055.05, 2055.01]
exp001-n2048-k11-d250-bs60-f1.000-r00:053725.367: (2991 sec)
exp001-n2048-k11-d250-bs60-f1.000-r00:053725.367: Loop 16/100
exp001-n2048-k11-d250-bs60-f1.000-r00:056662.429: log(exp-norms): [2047.94, 2050.14, 2052.61]
exp001-n2048-k11-d250-bs60-f1.000-r00:056662.430: log(norms):     [2047.94, 2050.93, 2054.83, 2054.87, 2054.99, 2054.94, 2054.96, 2054.95, 2055.16, 2054.86]
exp001-n2048-k11-d250-bs60-f1.000-r00:056662.475: (2938 sec)
exp001-n2048-k11-d250-bs60-f1.000-r00:056662.475: Loop 17/100
exp001-n2048-k11-d250-bs60-f1.000-r00:059638.888: log(exp-norms): [2047.94, 2050.14, 2052.61]
exp001-n2048-k11-d250-bs60-f1.000-r00:059638.889: log(norms):     [2047.94, 2050.93, 2054.83, 2054.86, 2054.94, 2054.96, 2054.95, 2055.0, 2055.03, 2055.02]
exp001-n2048-k11-d250-bs60-f1.000-r00:059638.933: (2977 sec)
exp001-n2048-k11-d250-bs60-f1.000-r00:059638.933: Loop 18/100
exp001-n2048-k11-d250-bs60-f1.000-r00:062561.558: log(exp-norms): [2047.94, 2050.14, 2052.61]
exp001-n2048-k11-d250-bs60-f1.000-r00:062561.559: log(norms):     [2047.94, 2050.93, 2054.83, 2054.86, 2055.0, 2055.01, 2054.94, 2055.1, 2055.02, 2054.95]
exp001-n2048-k11-d250-bs60-f1.000-r00:062561.602: (2923 sec)
exp001-n2048-k11-d250-bs60-f1.000-r00:062561.603: Loop 19/100
exp001-n2048-k11-d250-bs60-f1.000-r00:065489.649: log(exp-norms): [2047.94, 2050.14, 2052.61]
exp001-n2048-k11-d250-bs60-f1.000-r00:065489.650: log(norms):     [2047.94, 2050.93, 2054.8, 2054.83, 2054.95, 2054.95, 2055.0, 2054.93, 2054.88, 2055.02]
exp001-n2048-k11-d250-bs60-f1.000-r00:065489.694: (2929 sec)
exp001-n2048-k11-d250-bs60-f1.000-r00:065489.695: Loop 20/100
exp001-n2048-k11-d250-bs60-f1.000-r00:068363.883: log(exp-norms): [2047.94, 2050.14, 2052.61]
exp001-n2048-k11-d250-bs60-f1.000-r00:068363.884: log(norms):     [2047.94, 2050.93, 2054.8, 2054.83, 2054.95, 2054.95, 2054.88, 2054.97, 2055.09, 2055.11]
exp001-n2048-k11-d250-bs60-f1.000-r00:068363.929: (2875 sec)
exp001-n2048-k11-d250-bs60-f1.000-r00:068363.929: Loop 21/100
exp001-n2048-k11-d250-bs60-f1.000-r00:071304.981: log(exp-norms): [2047.94, 2050.14, 2052.61]
exp001-n2048-k11-d250-bs60-f1.000-r00:071304.982: log(norms):     [2047.94, 2050.93, 2054.8, 2054.83, 2054.97, 2054.95, 2054.95, 2054.88, 2054.93, 2055.09]
exp001-n2048-k11-d250-bs60-f1.000-r00:071305.025: (2942 sec)
exp001-n2048-k11-d250-bs60-f1.000-r00:071305.026: Loop 22/100
exp001-n2048-k11-d250-bs60-f1.000-r00:074167.068: log(exp-norms): [2047.94, 2050.14, 2052.61]
exp001-n2048-k11-d250-bs60-f1.000-r00:074167.068: log(norms):     [2047.94, 2050.93, 2054.8, 2054.83, 2054.97, 2054.95, 2054.95, 2054.88, 2054.93, 2055.09]
exp001-n2048-k11-d250-bs60-f1.000-r00:074167.112: (2863 sec)
exp001-n2048-k11-d250-bs60-f1.000-r00:074167.113: Loop 23/100
exp001-n2048-k11-d250-bs60-f1.000-r00:077105.476: log(exp-norms): [2047.94, 2050.14, 2052.61]
exp001-n2048-k11-d250-bs60-f1.000-r00:077105.477: log(norms):     [2047.94, 2050.93, 2054.8, 2054.83, 2054.97, 2054.93, 2055.02, 2055.07, 2055.04, 2055.05]
exp001-n2048-k11-d250-bs60-f1.000-r00:077105.521: (2939 sec)
exp001-n2048-k11-d250-bs60-f1.000-r00:077105.521: Loop 24/100
exp001-n2048-k11-d250-bs60-f1.000-r00:080045.248: log(exp-norms): [2047.94, 2050.14, 2052.61]
exp001-n2048-k11-d250-bs60-f1.000-r00:080045.249: log(norms):     [2047.94, 2050.93, 2054.8, 2054.83, 2054.97, 2054.93, 2055.06, 2054.95, 2055.08, 2055.02]
exp001-n2048-k11-d250-bs60-f1.000-r00:080045.293: (2940 sec)
exp001-n2048-k11-d250-bs60-f1.000-r00:080045.294: Loop 25/100
exp001-n2048-k11-d250-bs60-f1.000-r00:082995.215: log(exp-norms): [2047.94, 2050.14, 2052.61]
exp001-n2048-k11-d250-bs60-f1.000-r00:082995.216: log(norms):     [2047.94, 2050.93, 2054.8, 2054.84, 2054.83, 2054.97, 2054.94, 2055.1, 2054.89, 2054.95]
exp001-n2048-k11-d250-bs60-f1.000-r00:082995.261: (2950 sec)
exp001-n2048-k11-d250-bs60-f1.000-r00:082995.261: Loop 26/100
exp001-n2048-k11-d250-bs60-f1.000-r00:085966.550: log(exp-norms): [2047.94, 2050.14, 2052.61]
exp001-n2048-k11-d250-bs60-f1.000-r00:085966.551: log(norms):     [2047.94, 2050.93, 2054.8, 2054.84, 2054.95, 2054.98, 2054.89, 2054.89, 2055.07, 2055.05]
exp001-n2048-k11-d250-bs60-f1.000-r00:085966.593: (2972 sec)
exp001-n2048-k11-d250-bs60-f1.000-r00:085966.594: Loop 27/100
exp001-n2048-k11-d250-bs60-f1.000-r00:088803.073: log(exp-norms): [2047.94, 2050.14, 2052.61]
exp001-n2048-k11-d250-bs60-f1.000-r00:088803.074: log(norms):     [2047.94, 2050.93, 2054.8, 2054.91, 2054.77, 2054.98, 2054.89, 2054.95, 2055.08, 2054.84]
exp001-n2048-k11-d250-bs60-f1.000-r00:088803.117: (2837 sec)
exp001-n2048-k11-d250-bs60-f1.000-r00:088803.117: Loop 28/100
exp001-n2048-k11-d250-bs60-f1.000-r00:091688.713: log(exp-norms): [2047.94, 2050.14, 2052.61]
exp001-n2048-k11-d250-bs60-f1.000-r00:091688.714: log(norms):     [2047.94, 2050.93, 2054.77, 2054.8, 2054.91, 2054.98, 2054.89, 2055.06, 2054.95, 2055.08]
exp001-n2048-k11-d250-bs60-f1.000-r00:091688.758: (2886 sec)
exp001-n2048-k11-d250-bs60-f1.000-r00:091688.759: Loop 29/100
exp001-n2048-k11-d250-bs60-f1.000-r00:094637.182: log(exp-norms): [2047.94, 2050.14, 2052.61]
exp001-n2048-k11-d250-bs60-f1.000-r00:094637.183: log(norms):     [2047.94, 2050.93, 2054.77, 2054.8, 2054.91, 2054.98, 2054.89, 2054.86, 2055.05, 2055.05]
exp001-n2048-k11-d250-bs60-f1.000-r00:094637.228: (2949 sec)
exp001-n2048-k11-d250-bs60-f1.000-r00:094637.228: Loop 30/100
exp001-n2048-k11-d250-bs60-f1.000-r00:097498.809: log(exp-norms): [2047.94, 2050.14, 2052.61]
exp001-n2048-k11-d250-bs60-f1.000-r00:097498.810: log(norms):     [2047.94, 2050.93, 2054.77, 2054.8, 2054.91, 2054.98, 2055.05, 2054.89, 2054.86, 2055.1]
exp001-n2048-k11-d250-bs60-f1.000-r00:097498.855: (2862 sec)
exp001-n2048-k11-d250-bs60-f1.000-r00:097498.855: Loop 31/100
exp001-n2048-k11-d250-bs60-f1.000-r00:100414.403: log(exp-norms): [2047.94, 2050.14, 2052.61]
exp001-n2048-k11-d250-bs60-f1.000-r00:100414.404: log(norms):     [2047.94, 2050.93, 2054.77, 2054.8, 2054.91, 2054.9, 2054.98, 2054.94, 2055.05, 2054.95]
exp001-n2048-k11-d250-bs60-f1.000-r00:100414.449: (2916 sec)
exp001-n2048-k11-d250-bs60-f1.000-r00:100414.449: Loop 32/100
exp001-n2048-k11-d250-bs60-f1.000-r00:103354.635: log(exp-norms): [2047.94, 2050.14, 2052.61]
exp001-n2048-k11-d250-bs60-f1.000-r00:103354.635: log(norms):     [2047.94, 2050.93, 2054.77, 2054.87, 2054.8, 2054.91, 2054.89, 2054.88, 2054.9, 2055.08]
exp001-n2048-k11-d250-bs60-f1.000-r00:103354.679: (2941 sec)
exp001-n2048-k11-d250-bs60-f1.000-r00:103354.680: Loop 33/100
exp001-n2048-k11-d250-bs60-f1.000-r00:106186.376: log(exp-norms): [2047.94, 2050.14, 2052.61]
exp001-n2048-k11-d250-bs60-f1.000-r00:106186.376: log(norms):     [2047.94, 2050.93, 2054.77, 2054.87, 2054.8, 2054.91, 2054.89, 2054.88, 2054.9, 2055.08]
exp001-n2048-k11-d250-bs60-f1.000-r00:106186.420: (2832 sec)
exp001-n2048-k11-d250-bs60-f1.000-r00:106186.421: Loop 34/100
exp001-n2048-k11-d250-bs60-f1.000-r00:109064.546: log(exp-norms): [2047.94, 2050.14, 2052.61]
exp001-n2048-k11-d250-bs60-f1.000-r00:109064.547: log(norms):     [2047.94, 2050.93, 2054.77, 2054.87, 2054.8, 2054.91, 2054.89, 2054.88, 2054.9, 2055.08]
exp001-n2048-k11-d250-bs60-f1.000-r00:109064.592: (2879 sec)
exp001-n2048-k11-d250-bs60-f1.000-r00:109064.592: Loop 35/100
exp001-n2048-k11-d250-bs60-f1.000-r00:111936.383: log(exp-norms): [2047.94, 2050.14, 2052.61]
exp001-n2048-k11-d250-bs60-f1.000-r00:111936.384: log(norms):     [2047.94, 2050.93, 2054.77, 2054.87, 2054.8, 2054.91, 2054.89, 2054.88, 2054.9, 2055.08]
exp001-n2048-k11-d250-bs60-f1.000-r00:111936.429: (2872 sec)
exp001-n2048-k11-d250-bs60-f1.000-r00:111936.429: Loop 36/100
exp001-n2048-k11-d250-bs60-f1.000-r00:114807.799: log(exp-norms): [2047.94, 2050.14, 2052.61]
exp001-n2048-k11-d250-bs60-f1.000-r00:114807.799: log(norms):     [2047.94, 2050.93, 2054.77, 2054.87, 2054.8, 2054.91, 2054.89, 2054.88, 2054.83, 2054.9]
exp001-n2048-k11-d250-bs60-f1.000-r00:114807.852: (2872 sec)
exp001-n2048-k11-d250-bs60-f1.000-r00:114807.852: Loop 37/100
exp001-n2048-k11-d250-bs60-f1.000-r00:117718.929: log(exp-norms): [2047.94, 2050.14, 2052.61]
exp001-n2048-k11-d250-bs60-f1.000-r00:117718.930: log(norms):     [2047.94, 2050.93, 2054.77, 2054.87, 2054.89, 2054.83, 2054.89, 2054.89, 2054.8, 2054.91]
exp001-n2048-k11-d250-bs60-f1.000-r00:117718.981: (2912 sec)
exp001-n2048-k11-d250-bs60-f1.000-r00:117718.981: Loop 38/100
exp001-n2048-k11-d250-bs60-f1.000-r00:120511.794: log(exp-norms): [2047.94, 2050.14, 2052.61]
exp001-n2048-k11-d250-bs60-f1.000-r00:120511.795: log(norms):     [2047.94, 2050.93, 2054.77, 2054.87, 2054.89, 2054.83, 2054.89, 2054.89, 2054.8, 2054.91]
exp001-n2048-k11-d250-bs60-f1.000-r00:120511.832: (2793 sec)
exp001-n2048-k11-d250-bs60-f1.000-r00:120511.832: Loop 39/100
exp001-n2048-k11-d250-bs60-f1.000-r00:123295.746: log(exp-norms): [2047.94, 2050.14, 2052.61]
exp001-n2048-k11-d250-bs60-f1.000-r00:123295.747: log(norms):     [2047.94, 2050.93, 2054.77, 2054.87, 2054.89, 2054.83, 2054.89, 2054.89, 2054.8, 2054.91]
exp001-n2048-k11-d250-bs60-f1.000-r00:123295.791: (2784 sec)
exp001-n2048-k11-d250-bs60-f1.000-r00:123295.792: Loop 40/100
exp001-n2048-k11-d250-bs60-f1.000-r00:126172.892: log(exp-norms): [2047.94, 2050.14, 2052.61]
exp001-n2048-k11-d250-bs60-f1.000-r00:126172.893: log(norms):     [2047.94, 2050.93, 2054.77, 2054.87, 2054.89, 2054.89, 2054.83, 2054.89, 2054.89, 2054.89]
exp001-n2048-k11-d250-bs60-f1.000-r00:126172.950: (2878 sec)
exp001-n2048-k11-d250-bs60-f1.000-r00:126172.950: Loop 41/100
exp001-n2048-k11-d250-bs60-f1.000-r00:129053.397: log(exp-norms): [2047.94, 2050.14, 2052.61]
exp001-n2048-k11-d250-bs60-f1.000-r00:129053.398: log(norms):     [2047.94, 2050.93, 2054.77, 2054.87, 2054.89, 2054.89, 2054.83, 2054.89, 2054.96, 2054.89]
exp001-n2048-k11-d250-bs60-f1.000-r00:129053.456: (2881 sec)
exp001-n2048-k11-d250-bs60-f1.000-r00:129053.456: Loop 42/100
exp001-n2048-k11-d250-bs60-f1.000-r00:131892.094: log(exp-norms): [2047.94, 2050.14, 2052.61]
exp001-n2048-k11-d250-bs60-f1.000-r00:131892.095: log(norms):     [2047.94, 2050.93, 2054.77, 2054.87, 2054.9, 2054.83, 2055.01, 2054.88, 2054.89, 2054.84]
exp001-n2048-k11-d250-bs60-f1.000-r00:131892.139: (2839 sec)
exp001-n2048-k11-d250-bs60-f1.000-r00:131892.139: Loop 43/100
exp001-n2048-k11-d250-bs60-f1.000-r00:134716.622: log(exp-norms): [2047.94, 2050.14, 2052.61]
exp001-n2048-k11-d250-bs60-f1.000-r00:134716.636: log(norms):     [2047.94, 2050.93, 2054.77, 2054.87, 2054.9, 2054.83, 2055.01, 2054.88, 2054.89, 2054.84]
exp001-n2048-k11-d250-bs60-f1.000-r00:134716.680: (2825 sec)
exp001-n2048-k11-d250-bs60-f1.000-r00:134716.680: Loop 44/100
exp001-n2048-k11-d250-bs60-f1.000-r00:137614.699: log(exp-norms): [2047.94, 2050.14, 2052.61]
exp001-n2048-k11-d250-bs60-f1.000-r00:137614.700: log(norms):     [2047.94, 2050.93, 2054.77, 2054.87, 2054.9, 2054.83, 2055.01, 2054.88, 2054.89, 2054.84]
exp001-n2048-k11-d250-bs60-f1.000-r00:137614.744: (2899 sec)
exp001-n2048-k11-d250-bs60-f1.000-r00:137614.744: Loop 45/100
exp001-n2048-k11-d250-bs60-f1.000-r00:140536.276: log(exp-norms): [2047.94, 2050.14, 2052.61]
exp001-n2048-k11-d250-bs60-f1.000-r00:140536.277: log(norms):     [2047.94, 2050.93, 2054.77, 2054.87, 2054.9, 2054.83, 2055.01, 2054.88, 2054.89, 2054.84]
exp001-n2048-k11-d250-bs60-f1.000-r00:140536.325: (2922 sec)
exp001-n2048-k11-d250-bs60-f1.000-r00:140536.326: Loop 46/100
exp001-n2048-k11-d250-bs60-f1.000-r00:143378.098: log(exp-norms): [2047.94, 2050.14, 2052.61]
exp001-n2048-k11-d250-bs60-f1.000-r00:143378.100: log(norms):     [2047.94, 2050.93, 2054.77, 2054.87, 2054.9, 2054.83, 2055.01, 2054.88, 2054.89, 2054.84]
exp001-n2048-k11-d250-bs60-f1.000-r00:143378.144: (2842 sec)
exp001-n2048-k11-d250-bs60-f1.000-r00:143378.144: Loop 47/100
exp001-n2048-k11-d250-bs60-f1.000-r00:146338.871: log(exp-norms): [2047.94, 2050.14, 2052.61]
exp001-n2048-k11-d250-bs60-f1.000-r00:146338.872: log(norms):     [2047.94, 2050.93, 2054.77, 2054.8, 2054.87, 2054.98, 2054.9, 2054.83, 2055.01, 2054.88]
exp001-n2048-k11-d250-bs60-f1.000-r00:146338.917: (2961 sec)
exp001-n2048-k11-d250-bs60-f1.000-r00:146338.918: Loop 48/100
exp001-n2048-k11-d250-bs60-f1.000-r00:149262.900: log(exp-norms): [2047.94, 2050.14, 2052.61]
exp001-n2048-k11-d250-bs60-f1.000-r00:149262.901: log(norms):     [2047.94, 2050.93, 2054.77, 2054.8, 2054.87, 2054.98, 2054.9, 2055.11, 2054.88, 2055.12]
exp001-n2048-k11-d250-bs60-f1.000-r00:149262.945: (2925 sec)
exp001-n2048-k11-d250-bs60-f1.000-r00:149262.946: Loop 49/100
exp001-n2048-k11-d250-bs60-f1.000-r00:152153.712: log(exp-norms): [2047.94, 2050.14, 2052.61]
exp001-n2048-k11-d250-bs60-f1.000-r00:152153.713: log(norms):     [2047.94, 2050.93, 2054.77, 2054.8, 2054.87, 2054.98, 2054.9, 2055.1, 2055.11, 2055.1]
exp001-n2048-k11-d250-bs60-f1.000-r00:152153.768: (2891 sec)
exp001-n2048-k11-d250-bs60-f1.000-r00:152153.769: Loop 50/100
exp001-n2048-k11-d250-bs60-f1.000-r00:155108.460: log(exp-norms): [2047.94, 2050.14, 2052.61]
exp001-n2048-k11-d250-bs60-f1.000-r00:155108.461: log(norms):     [2047.94, 2050.93, 2054.77, 2054.8, 2054.87, 2054.98, 2054.99, 2054.9, 2054.99, 2054.9]
exp001-n2048-k11-d250-bs60-f1.000-r00:155108.506: (2955 sec)
exp001-n2048-k11-d250-bs60-f1.000-r00:155108.507: Loop 51/100
exp001-n2048-k11-d250-bs60-f1.000-r00:157986.359: log(exp-norms): [2047.94, 2050.14, 2052.61]
exp001-n2048-k11-d250-bs60-f1.000-r00:157986.361: log(norms):     [2047.94, 2050.93, 2054.77, 2054.8, 2054.9, 2054.87, 2055.01, 2054.99, 2054.99, 2054.9]
exp001-n2048-k11-d250-bs60-f1.000-r00:157986.409: (2878 sec)
exp001-n2048-k11-d250-bs60-f1.000-r00:157986.410: Loop 52/100
exp001-n2048-k11-d250-bs60-f1.000-r00:160898.116: log(exp-norms): [2047.94, 2050.14, 2052.61]
exp001-n2048-k11-d250-bs60-f1.000-r00:160898.117: log(norms):     [2047.94, 2050.93, 2054.77, 2054.8, 2054.9, 2054.87, 2055.08, 2055.01, 2054.99, 2054.99]
exp001-n2048-k11-d250-bs60-f1.000-r00:160898.161: (2912 sec)
exp001-n2048-k11-d250-bs60-f1.000-r00:160898.162: Loop 53/100
exp001-n2048-k11-d250-bs60-f1.000-r00:163753.360: log(exp-norms): [2047.94, 2050.14, 2052.61]
exp001-n2048-k11-d250-bs60-f1.000-r00:163753.361: log(norms):     [2047.94, 2050.93, 2054.77, 2054.8, 2054.9, 2054.87, 2055.08, 2055.01, 2054.99, 2054.99]
exp001-n2048-k11-d250-bs60-f1.000-r00:163753.389: (2856 sec)
exp001-n2048-k11-d250-bs60-f1.000-r00:163753.390: Loop 54/100
exp001-n2048-k11-d250-bs60-f1.000-r00:166604.992: log(exp-norms): [2047.94, 2050.14, 2052.61]
exp001-n2048-k11-d250-bs60-f1.000-r00:166604.995: log(norms):     [2047.94, 2050.93, 2054.77, 2054.8, 2054.98, 2054.99, 2054.98, 2054.9, 2055.01, 2054.9]
exp001-n2048-k11-d250-bs60-f1.000-r00:166605.038: (2852 sec)
exp001-n2048-k11-d250-bs60-f1.000-r00:166605.039: Loop 55/100
exp001-n2048-k11-d250-bs60-f1.000-r00:169439.638: log(exp-norms): [2047.94, 2050.14, 2052.61]
exp001-n2048-k11-d250-bs60-f1.000-r00:169439.638: log(norms):     [2047.94, 2050.93, 2054.77, 2054.8, 2054.98, 2054.99, 2054.98, 2054.9, 2055.01, 2054.9]
exp001-n2048-k11-d250-bs60-f1.000-r00:169439.682: (2835 sec)
exp001-n2048-k11-d250-bs60-f1.000-r00:169439.682: Loop 56/100
exp001-n2048-k11-d250-bs60-f1.000-r00:172327.413: log(exp-norms): [2047.94, 2050.14, 2052.61]
exp001-n2048-k11-d250-bs60-f1.000-r00:172327.415: log(norms):     [2047.94, 2050.93, 2054.77, 2054.8, 2054.98, 2054.99, 2054.98, 2055.06, 2054.9, 2055.01]
exp001-n2048-k11-d250-bs60-f1.000-r00:172327.459: (2888 sec)
exp001-n2048-k11-d250-bs60-f1.000-r00:172327.459: Loop 57/100
exp001-n2048-k11-d250-bs60-f1.000-r00:175116.291: log(exp-norms): [2047.94, 2050.14, 2052.61]
exp001-n2048-k11-d250-bs60-f1.000-r00:175116.292: log(norms):     [2047.94, 2050.93, 2054.77, 2054.8, 2054.98, 2054.99, 2054.98, 2055.06, 2054.96, 2054.9]
exp001-n2048-k11-d250-bs60-f1.000-r00:175116.336: (2789 sec)
exp001-n2048-k11-d250-bs60-f1.000-r00:175116.337: Loop 58/100
exp001-n2048-k11-d250-bs60-f1.000-r00:177889.417: log(exp-norms): [2047.94, 2050.14, 2052.61]
exp001-n2048-k11-d250-bs60-f1.000-r00:177889.418: log(norms):     [2047.94, 2050.93, 2054.77, 2054.8, 2054.98, 2054.99, 2054.98, 2055.06, 2054.96, 2055.02]
exp001-n2048-k11-d250-bs60-f1.000-r00:177889.462: (2774 sec)
exp001-n2048-k11-d250-bs60-f1.000-r00:177889.462: Loop 59/100
exp001-n2048-k11-d250-bs60-f1.000-r00:180711.823: log(exp-norms): [2047.94, 2050.14, 2052.61]
exp001-n2048-k11-d250-bs60-f1.000-r00:180711.823: log(norms):     [2047.94, 2050.93, 2054.77, 2054.8, 2054.98, 2054.99, 2054.93, 2054.98, 2055.02, 2055.01]
exp001-n2048-k11-d250-bs60-f1.000-r00:180711.867: (2823 sec)
exp001-n2048-k11-d250-bs60-f1.000-r00:180711.868: Loop 60/100
exp001-n2048-k11-d250-bs60-f1.000-r00:183596.820: log(exp-norms): [2047.94, 2050.14, 2052.61]
exp001-n2048-k11-d250-bs60-f1.000-r00:183596.821: log(norms):     [2047.94, 2050.93, 2054.77, 2054.8, 2054.98, 2054.99, 2054.93, 2054.98, 2054.95, 2054.99]
exp001-n2048-k11-d250-bs60-f1.000-r00:183596.875: (2886 sec)
exp001-n2048-k11-d250-bs60-f1.000-r00:183596.875: Loop 61/100
exp001-n2048-k11-d250-bs60-f1.000-r00:186475.108: log(exp-norms): [2047.94, 2050.14, 2052.61]
exp001-n2048-k11-d250-bs60-f1.000-r00:186475.109: log(norms):     [2047.94, 2050.93, 2054.77, 2054.8, 2054.98, 2054.99, 2054.93, 2054.98, 2054.95, 2054.99]
exp001-n2048-k11-d250-bs60-f1.000-r00:186475.153: (2879 sec)
exp001-n2048-k11-d250-bs60-f1.000-r00:186475.154: Loop 62/100
exp001-n2048-k11-d250-bs60-f1.000-r00:189360.035: log(exp-norms): [2047.94, 2050.14, 2052.61]
exp001-n2048-k11-d250-bs60-f1.000-r00:189360.036: log(norms):     [2047.94, 2050.93, 2054.76, 2054.77, 2054.8, 2054.98, 2054.99, 2054.99, 2054.95, 2054.99]
exp001-n2048-k11-d250-bs60-f1.000-r00:189360.094: (2885 sec)
exp001-n2048-k11-d250-bs60-f1.000-r00:189360.094: Loop 63/100
exp001-n2048-k11-d250-bs60-f1.000-r00:192221.371: log(exp-norms): [2047.94, 2050.14, 2052.61]
exp001-n2048-k11-d250-bs60-f1.000-r00:192221.372: log(norms):     [2047.94, 2050.93, 2054.76, 2054.77, 2054.8, 2054.98, 2054.99, 2054.99, 2054.95, 2054.99]
exp001-n2048-k11-d250-bs60-f1.000-r00:192221.401: (2862 sec)
exp001-n2048-k11-d250-bs60-f1.000-r00:192221.401: Loop 64/100
exp001-n2048-k11-d250-bs60-f1.000-r00:195086.141: log(exp-norms): [2047.94, 2050.14, 2052.61]
exp001-n2048-k11-d250-bs60-f1.000-r00:195086.142: log(norms):     [2047.94, 2050.93, 2054.76, 2054.77, 2054.8, 2054.98, 2054.99, 2054.99, 2054.95, 2054.99]
exp001-n2048-k11-d250-bs60-f1.000-r00:195086.186: (2865 sec)
exp001-n2048-k11-d250-bs60-f1.000-r00:195086.187: Loop 65/100
exp001-n2048-k11-d250-bs60-f1.000-r00:198042.711: log(exp-norms): [2047.94, 2050.14, 2052.61]
exp001-n2048-k11-d250-bs60-f1.000-r00:198042.712: log(norms):     [2047.94, 2050.93, 2054.76, 2054.77, 2054.8, 2054.98, 2054.99, 2054.99, 2054.95, 2054.99]
exp001-n2048-k11-d250-bs60-f1.000-r00:198042.757: (2957 sec)
exp001-n2048-k11-d250-bs60-f1.000-r00:198042.758: Loop 66/100
exp001-n2048-k11-d250-bs60-f1.000-r00:200846.065: log(exp-norms): [2047.94, 2050.14, 2052.61]
exp001-n2048-k11-d250-bs60-f1.000-r00:200846.067: log(norms):     [2047.94, 2050.93, 2054.76, 2054.77, 2054.8, 2054.98, 2054.99, 2054.99, 2054.95, 2054.99]
exp001-n2048-k11-d250-bs60-f1.000-r00:200846.111: (2804 sec)
exp001-n2048-k11-d250-bs60-f1.000-r00:200846.112: Loop 67/100
exp001-n2048-k11-d250-bs60-f1.000-r00:203703.572: log(exp-norms): [2047.94, 2050.14, 2052.61]
exp001-n2048-k11-d250-bs60-f1.000-r00:203703.573: log(norms):     [2047.94, 2050.93, 2054.76, 2054.77, 2054.8, 2054.98, 2054.99, 2054.99, 2054.95, 2054.99]
exp001-n2048-k11-d250-bs60-f1.000-r00:203703.617: (2858 sec)
exp001-n2048-k11-d250-bs60-f1.000-r00:203703.618: Loop 68/100
exp001-n2048-k11-d250-bs60-f1.000-r00:206557.831: log(exp-norms): [2047.94, 2050.14, 2052.61]
exp001-n2048-k11-d250-bs60-f1.000-r00:206557.831: log(norms):     [2047.94, 2050.93, 2054.76, 2054.77, 2054.8, 2054.98, 2054.99, 2054.99, 2054.95, 2054.99]
exp001-n2048-k11-d250-bs60-f1.000-r00:206557.881: (2855 sec)
exp001-n2048-k11-d250-bs60-f1.000-r00:206557.881: Loop 69/100
exp001-n2048-k11-d250-bs60-f1.000-r00:209449.595: log(exp-norms): [2047.94, 2050.14, 2052.61]
exp001-n2048-k11-d250-bs60-f1.000-r00:209449.596: log(norms):     [2047.94, 2050.93, 2054.68, 2054.76, 2054.8, 2054.77, 2054.89, 2054.85, 2054.96, 2054.99]
exp001-n2048-k11-d250-bs60-f1.000-r00:209449.640: (2892 sec)
exp001-n2048-k11-d250-bs60-f1.000-r00:209449.640: Loop 70/100
exp001-n2048-k11-d250-bs60-f1.000-r00:212309.483: log(exp-norms): [2047.94, 2050.14, 2052.61]
exp001-n2048-k11-d250-bs60-f1.000-r00:212309.484: log(norms):     [2047.94, 2050.93, 2054.68, 2054.76, 2054.8, 2054.77, 2054.89, 2054.85, 2054.96, 2054.99]
exp001-n2048-k11-d250-bs60-f1.000-r00:212309.528: (2860 sec)
exp001-n2048-k11-d250-bs60-f1.000-r00:212309.528: Loop 71/100
exp001-n2048-k11-d250-bs60-f1.000-r00:215152.748: log(exp-norms): [2047.94, 2050.14, 2052.61]
exp001-n2048-k11-d250-bs60-f1.000-r00:215152.749: log(norms):     [2047.94, 2050.93, 2054.68, 2054.76, 2054.79, 2054.95, 2054.76, 2054.9, 2054.8, 2054.77]
exp001-n2048-k11-d250-bs60-f1.000-r00:215152.794: (2844 sec)
exp001-n2048-k11-d250-bs60-f1.000-r00:215152.794: Loop 72/100
exp001-n2048-k11-d250-bs60-f1.000-r00:218043.140: log(exp-norms): [2047.94, 2050.14, 2052.61]
exp001-n2048-k11-d250-bs60-f1.000-r00:218043.142: log(norms):     [2047.94, 2050.93, 2054.68, 2054.76, 2054.76, 2054.79, 2054.95, 2054.86, 2054.8, 2054.77]
exp001-n2048-k11-d250-bs60-f1.000-r00:218043.185: (2891 sec)
exp001-n2048-k11-d250-bs60-f1.000-r00:218043.186: Loop 73/100
exp001-n2048-k11-d250-bs60-f1.000-r00:220927.407: log(exp-norms): [2047.94, 2050.14, 2052.61]
exp001-n2048-k11-d250-bs60-f1.000-r00:220927.408: log(norms):     [2047.94, 2050.93, 2054.68, 2054.76, 2054.76, 2054.79, 2054.95, 2054.86, 2054.8, 2054.77]
exp001-n2048-k11-d250-bs60-f1.000-r00:220927.452: (2885 sec)
exp001-n2048-k11-d250-bs60-f1.000-r00:220927.453: Loop 74/100
exp001-n2048-k11-d250-bs60-f1.000-r00:223779.972: log(exp-norms): [2047.94, 2050.14, 2052.61]
exp001-n2048-k11-d250-bs60-f1.000-r00:223779.974: log(norms):     [2047.94, 2050.93, 2054.68, 2054.76, 2054.76, 2054.79, 2054.95, 2054.86, 2054.94, 2054.8]
exp001-n2048-k11-d250-bs60-f1.000-r00:223780.018: (2853 sec)
exp001-n2048-k11-d250-bs60-f1.000-r00:223780.018: Loop 75/100
exp001-n2048-k11-d250-bs60-f1.000-r00:226680.170: log(exp-norms): [2047.94, 2050.14, 2052.61]
exp001-n2048-k11-d250-bs60-f1.000-r00:226680.171: log(norms):     [2047.94, 2050.93, 2054.68, 2054.76, 2054.76, 2054.79, 2054.95, 2054.86, 2054.94, 2054.8]
exp001-n2048-k11-d250-bs60-f1.000-r00:226680.216: (2901 sec)
exp001-n2048-k11-d250-bs60-f1.000-r00:226680.217: Loop 76/100
exp001-n2048-k11-d250-bs60-f1.000-r00:229505.190: log(exp-norms): [2047.94, 2050.14, 2052.61]
exp001-n2048-k11-d250-bs60-f1.000-r00:229505.191: log(norms):     [2047.94, 2050.93, 2054.68, 2054.76, 2054.76, 2054.79, 2054.95, 2054.86, 2054.94, 2054.8]
exp001-n2048-k11-d250-bs60-f1.000-r00:229505.238: (2826 sec)
exp001-n2048-k11-d250-bs60-f1.000-r00:229505.239: Loop 77/100
exp001-n2048-k11-d250-bs60-f1.000-r00:232364.100: log(exp-norms): [2047.94, 2050.14, 2052.61]
exp001-n2048-k11-d250-bs60-f1.000-r00:232364.101: log(norms):     [2047.94, 2050.93, 2054.68, 2054.76, 2054.76, 2054.79, 2054.95, 2054.86, 2054.94, 2054.8]
exp001-n2048-k11-d250-bs60-f1.000-r00:232364.146: (2859 sec)
exp001-n2048-k11-d250-bs60-f1.000-r00:232364.147: Loop 78/100
exp001-n2048-k11-d250-bs60-f1.000-r00:235249.775: log(exp-norms): [2047.94, 2050.14, 2052.61]
exp001-n2048-k11-d250-bs60-f1.000-r00:235249.776: log(norms):     [2047.94, 2050.93, 2054.68, 2054.76, 2054.76, 2054.79, 2054.95, 2054.86, 2054.94, 2054.8]
exp001-n2048-k11-d250-bs60-f1.000-r00:235249.821: (2886 sec)
exp001-n2048-k11-d250-bs60-f1.000-r00:235249.822: Loop 79/100
exp001-n2048-k11-d250-bs60-f1.000-r00:238005.800: log(exp-norms): [2047.94, 2050.14, 2052.61]
exp001-n2048-k11-d250-bs60-f1.000-r00:238005.802: log(norms):     [2047.94, 2050.93, 2054.68, 2054.76, 2054.76, 2054.79, 2054.95, 2054.86, 2054.94, 2054.8]
exp001-n2048-k11-d250-bs60-f1.000-r00:238005.845: (2757 sec)
exp001-n2048-k11-d250-bs60-f1.000-r00:238005.846: Loop 80/100
exp001-n2048-k11-d250-bs60-f1.000-r00:240796.604: log(exp-norms): [2047.94, 2050.14, 2052.61]
exp001-n2048-k11-d250-bs60-f1.000-r00:240796.605: log(norms):     [2047.94, 2050.93, 2054.68, 2054.76, 2054.76, 2054.79, 2054.95, 2054.86, 2054.94, 2054.8]
exp001-n2048-k11-d250-bs60-f1.000-r00:240796.649: (2791 sec)
exp001-n2048-k11-d250-bs60-f1.000-r00:240796.649: Loop 81/100
exp001-n2048-k11-d250-bs60-f1.000-r00:243704.119: log(exp-norms): [2047.94, 2050.14, 2052.61]
exp001-n2048-k11-d250-bs60-f1.000-r00:243704.120: log(norms):     [2047.94, 2050.93, 2054.68, 2054.76, 2054.76, 2054.79, 2054.95, 2054.86, 2055.03, 2054.94]
exp001-n2048-k11-d250-bs60-f1.000-r00:243704.165: (2908 sec)
exp001-n2048-k11-d250-bs60-f1.000-r00:243704.166: Loop 82/100
exp001-n2048-k11-d250-bs60-f1.000-r00:246547.322: log(exp-norms): [2047.94, 2050.14, 2052.61]
exp001-n2048-k11-d250-bs60-f1.000-r00:246547.323: log(norms):     [2047.94, 2050.93, 2054.68, 2054.76, 2054.88, 2054.94, 2054.79, 2054.86, 2054.8, 2054.86]
exp001-n2048-k11-d250-bs60-f1.000-r00:246547.367: (2844 sec)
exp001-n2048-k11-d250-bs60-f1.000-r00:246547.368: Loop 83/100
exp001-n2048-k11-d250-bs60-f1.000-r00:249325.450: log(exp-norms): [2047.94, 2050.14, 2052.61]
exp001-n2048-k11-d250-bs60-f1.000-r00:249325.451: log(norms):     [2047.94, 2050.93, 2054.68, 2054.76, 2054.88, 2054.77, 2054.82, 2054.94, 2054.79, 2054.86]
exp001-n2048-k11-d250-bs60-f1.000-r00:249325.496: (2779 sec)
exp001-n2048-k11-d250-bs60-f1.000-r00:249325.497: Loop 84/100
exp001-n2048-k11-d250-bs60-f1.000-r00:252207.814: log(exp-norms): [2047.94, 2050.14, 2052.61]
exp001-n2048-k11-d250-bs60-f1.000-r00:252207.815: log(norms):     [2047.94, 2050.93, 2054.68, 2054.76, 2054.88, 2054.77, 2055.0, 2054.94, 2055.01, 2054.82]
exp001-n2048-k11-d250-bs60-f1.000-r00:252207.860: (2883 sec)
exp001-n2048-k11-d250-bs60-f1.000-r00:252207.860: Loop 85/100
exp001-n2048-k11-d250-bs60-f1.000-r00:255100.134: log(exp-norms): [2047.94, 2050.14, 2052.61]
exp001-n2048-k11-d250-bs60-f1.000-r00:255100.135: log(norms):     [2047.94, 2050.93, 2054.68, 2054.76, 2054.88, 2054.77, 2055.0, 2054.94, 2055.01, 2054.82]
exp001-n2048-k11-d250-bs60-f1.000-r00:255100.180: (2893 sec)
exp001-n2048-k11-d250-bs60-f1.000-r00:255100.180: Loop 86/100
exp001-n2048-k11-d250-bs60-f1.000-r00:258044.405: log(exp-norms): [2047.94, 2050.14, 2052.61]
exp001-n2048-k11-d250-bs60-f1.000-r00:258044.405: log(norms):     [2047.94, 2050.93, 2054.68, 2054.76, 2054.88, 2054.77, 2054.85, 2054.94, 2055.0, 2055.06]
exp001-n2048-k11-d250-bs60-f1.000-r00:258044.450: (2945 sec)
exp001-n2048-k11-d250-bs60-f1.000-r00:258044.450: Loop 87/100
exp001-n2048-k11-d250-bs60-f1.000-r00:260932.217: log(exp-norms): [2047.94, 2050.14, 2052.61]
exp001-n2048-k11-d250-bs60-f1.000-r00:260932.218: log(norms):     [2047.94, 2050.93, 2054.68, 2054.76, 2054.88, 2054.77, 2054.85, 2054.94, 2055.01, 2055.0]
exp001-n2048-k11-d250-bs60-f1.000-r00:260932.262: (2888 sec)
exp001-n2048-k11-d250-bs60-f1.000-r00:260932.262: Loop 88/100
exp001-n2048-k11-d250-bs60-f1.000-r00:263811.141: log(exp-norms): [2047.94, 2050.14, 2052.61]
exp001-n2048-k11-d250-bs60-f1.000-r00:263811.142: log(norms):     [2047.94, 2050.93, 2054.68, 2054.76, 2054.88, 2054.98, 2054.77, 2054.85, 2054.94, 2055.01]
exp001-n2048-k11-d250-bs60-f1.000-r00:263811.187: (2879 sec)
exp001-n2048-k11-d250-bs60-f1.000-r00:263811.188: Loop 89/100
exp001-n2048-k11-d250-bs60-f1.000-r00:266680.913: log(exp-norms): [2047.94, 2050.14, 2052.61]
exp001-n2048-k11-d250-bs60-f1.000-r00:266680.914: log(norms):     [2047.94, 2050.93, 2054.68, 2054.76, 2054.88, 2054.81, 2054.98, 2054.77, 2054.85, 2054.94]
exp001-n2048-k11-d250-bs60-f1.000-r00:266680.958: (2870 sec)
exp001-n2048-k11-d250-bs60-f1.000-r00:266680.958: Loop 90/100
exp001-n2048-k11-d250-bs60-f1.000-r00:269514.864: log(exp-norms): [2047.94, 2050.14, 2052.61]
exp001-n2048-k11-d250-bs60-f1.000-r00:269514.865: log(norms):     [2047.94, 2050.93, 2054.68, 2054.76, 2054.88, 2054.81, 2054.98, 2054.77, 2054.85, 2054.94]
exp001-n2048-k11-d250-bs60-f1.000-r00:269514.909: (2834 sec)
exp001-n2048-k11-d250-bs60-f1.000-r00:269514.910: Loop 91/100
exp001-n2048-k11-d250-bs60-f1.000-r00:272271.155: log(exp-norms): [2047.94, 2050.14, 2052.61]
exp001-n2048-k11-d250-bs60-f1.000-r00:272271.157: log(norms):     [2047.94, 2050.93, 2054.68, 2054.76, 2054.88, 2054.81, 2054.75, 2054.77, 2054.85, 2055.03]
exp001-n2048-k11-d250-bs60-f1.000-r00:272271.202: (2757 sec)
exp001-n2048-k11-d250-bs60-f1.000-r00:272271.202: Loop 92/100
exp001-n2048-k11-d250-bs60-f1.000-r00:275088.718: log(exp-norms): [2047.94, 2050.14, 2052.61]
exp001-n2048-k11-d250-bs60-f1.000-r00:275088.719: log(norms):     [2047.94, 2050.93, 2054.68, 2054.76, 2054.88, 2054.81, 2054.75, 2054.77, 2054.89, 2054.94]
exp001-n2048-k11-d250-bs60-f1.000-r00:275088.763: (2818 sec)
exp001-n2048-k11-d250-bs60-f1.000-r00:275088.763: Loop 93/100
exp001-n2048-k11-d250-bs60-f1.000-r00:277876.345: log(exp-norms): [2047.94, 2050.14, 2052.61]
exp001-n2048-k11-d250-bs60-f1.000-r00:277876.346: log(norms):     [2047.94, 2050.93, 2054.68, 2054.76, 2054.88, 2054.81, 2054.75, 2054.77, 2054.89, 2054.94]
exp001-n2048-k11-d250-bs60-f1.000-r00:277876.389: (2788 sec)
exp001-n2048-k11-d250-bs60-f1.000-r00:277876.390: Loop 94/100
exp001-n2048-k11-d250-bs60-f1.000-r00:280704.242: log(exp-norms): [2047.94, 2050.14, 2052.61]
exp001-n2048-k11-d250-bs60-f1.000-r00:280704.243: log(norms):     [2047.94, 2050.93, 2054.68, 2054.76, 2054.88, 2054.81, 2054.75, 2054.77, 2054.89, 2054.94]
exp001-n2048-k11-d250-bs60-f1.000-r00:280704.287: (2828 sec)
exp001-n2048-k11-d250-bs60-f1.000-r00:280704.287: Loop 95/100
exp001-n2048-k11-d250-bs60-f1.000-r00:283485.821: log(exp-norms): [2047.94, 2050.14, 2052.61]
exp001-n2048-k11-d250-bs60-f1.000-r00:283485.822: log(norms):     [2047.94, 2050.93, 2054.68, 2054.76, 2054.88, 2054.81, 2054.75, 2054.77, 2054.89, 2054.94]
exp001-n2048-k11-d250-bs60-f1.000-r00:283485.874: (2782 sec)
exp001-n2048-k11-d250-bs60-f1.000-r00:283485.874: Loop 96/100
exp001-n2048-k11-d250-bs60-f1.000-r00:286122.684: log(exp-norms): [2047.94, 2050.14, 2052.61]
exp001-n2048-k11-d250-bs60-f1.000-r00:286122.685: log(norms):     [2047.94, 2050.93, 2054.68, 2054.76, 2054.88, 2054.81, 2054.75, 2054.77, 2054.89, 2054.94]
exp001-n2048-k11-d250-bs60-f1.000-r00:286122.729: (2637 sec)
exp001-n2048-k11-d250-bs60-f1.000-r00:286122.730: Loop 97/100
exp001-n2048-k11-d250-bs60-f1.000-r00:288937.380: log(exp-norms): [2047.94, 2050.14, 2052.61]
exp001-n2048-k11-d250-bs60-f1.000-r00:288937.381: log(norms):     [2047.94, 2050.93, 2054.68, 2054.76, 2054.88, 2054.81, 2054.75, 2054.77, 2054.89, 2054.94]
exp001-n2048-k11-d250-bs60-f1.000-r00:288937.433: (2815 sec)
exp001-n2048-k11-d250-bs60-f1.000-r00:288937.434: Loop 98/100
exp001-n2048-k11-d250-bs60-f1.000-r00:291710.945: log(exp-norms): [2047.94, 2050.14, 2052.61]
exp001-n2048-k11-d250-bs60-f1.000-r00:291710.945: log(norms):     [2047.94, 2050.93, 2054.68, 2054.76, 2054.88, 2054.81, 2054.75, 2054.77, 2054.89, 2054.94]
exp001-n2048-k11-d250-bs60-f1.000-r00:291710.986: (2774 sec)
exp001-n2048-k11-d250-bs60-f1.000-r00:291710.986: Loop 99/100
exp001-n2048-k11-d250-bs60-f1.000-r00:294403.531: log(exp-norms): [2047.94, 2050.14, 2052.61]
exp001-n2048-k11-d250-bs60-f1.000-r00:294403.532: log(norms):     [2047.94, 2050.93, 2054.68, 2054.76, 2054.88, 2054.81, 2054.75, 2054.77, 2054.89, 2054.97]
exp001-n2048-k11-d250-bs60-f1.000-r00:294403.575: (2693 sec)
exp001-n2048-k11-d250-bs60-f1.000-r00:294403.576: Loop 100/100
exp001-n2048-k11-d250-bs60-f1.000-r00:297096.095: log(exp-norms): [2047.94, 2050.14, 2052.61]
exp001-n2048-k11-d250-bs60-f1.000-r00:297096.096: log(norms):     [2047.94, 2050.93, 2054.68, 2054.76, 2054.88, 2054.81, 2054.97, 2054.89, 2055.0, 2054.77]
exp001-n2048-k11-d250-bs60-f1.000-r00:297096.140: (2693 sec)
exp001-n2048-k11-d250-bs60-f1.000-r00:297096.140: ==========================Summary===========================
exp001-n2048-k11-d250-bs60-f1.000-r00:297096.141: Total time: 297096sec
exp001-n2048-k11-d250-bs60-f1.000-r00:297096.141: FAIL
exp001-n2048-k11-d250-bs60-f1.000-r00:297096.141: SUMMARY:n:2048:k:11:d:250:bs:60:t:297096:r:False
