exp038-n2048-k10-d300-bs70-f1.000-r00:000000.350: ==========================Instance==========================
exp038-n2048-k10-d300-bs70-f1.000-r00:000000.350: # of equations: 300
exp038-n2048-k10-d300-bs70-f1.000-r00:000000.355: Gap: 7.15
exp038-n2048-k10-d300-bs70-f1.000-r00:000000.364: Tau: 12.15
exp038-n2048-k10-d300-bs70-f1.000-r00:000000.365: ======================BKZ-70 reduction======================
exp038-n2048-k10-d300-bs70-f1.000-r00:000012.968: Expectedly achievable log(norm): 2055.73
exp038-n2048-k10-d300-bs70-f1.000-r00:000025.745: log(exp-norms): [2047.94, 2050.27, 2053.11]
exp038-n2048-k10-d300-bs70-f1.000-r00:000025.745: log(norms):     [2061.24, 2051.06, 2057.89, 2057.89, 2057.89, 2057.89, 2057.89, 2057.89, 2057.89, 2057.89]
exp038-n2048-k10-d300-bs70-f1.000-r00:000025.844: Loop 1/100
exp038-n2048-k10-d300-bs70-f1.000-r00:076873.706: log(exp-norms): [2047.94, 2050.27, 2053.11]
exp038-n2048-k10-d300-bs70-f1.000-r00:076873.708: log(norms):     [2051.06, 2057.89, 2057.89, 2057.89, 2057.89, 2057.89, 2057.89, 2057.89, 2057.89, 2057.89]
exp038-n2048-k10-d300-bs70-f1.000-r00:076873.762: (76848 sec)
exp038-n2048-k10-d300-bs70-f1.000-r00:076873.763: Loop 2/100
exp038-n2048-k10-d300-bs70-f1.000-r00:140961.107: log(exp-norms): [2047.94, 2050.27, 2053.11]
exp038-n2048-k10-d300-bs70-f1.000-r00:140961.109: log(norms):     [2051.06, 2057.89, 2057.89, 2057.89, 2057.89, 2057.89, 2057.89, 2057.89, 2057.89, 2057.89]
exp038-n2048-k10-d300-bs70-f1.000-r00:140961.162: (64088 sec)
exp038-n2048-k10-d300-bs70-f1.000-r00:140961.163: Loop 3/100
exp038-n2048-k10-d300-bs70-f1.000-r00:206898.550: log(exp-norms): [2047.94, 2050.27, 2053.11]
exp038-n2048-k10-d300-bs70-f1.000-r00:206898.553: log(norms):     [2051.06, 2057.77, 2057.97, 2057.86, 2058.08, 2057.9, 2057.92, 2057.89, 2058.14, 2058.19]
exp038-n2048-k10-d300-bs70-f1.000-r00:206898.607: (65938 sec)
exp038-n2048-k10-d300-bs70-f1.000-r00:206898.608: Loop 4/100
exp038-n2048-k10-d300-bs70-f1.000-r00:272516.845: log(exp-norms): [2047.94, 2050.27, 2053.11]
exp038-n2048-k10-d300-bs70-f1.000-r00:272516.846: log(norms):     [2047.94, 2051.06, 2057.53, 2057.59, 2057.75, 2057.6, 2057.63, 2057.71, 2057.67, 2057.76]
exp038-n2048-k10-d300-bs70-f1.000-r00:272516.900: (65619 sec)
exp038-n2048-k10-d300-bs70-f1.000-r00:272516.900: Loop 5/100
exp038-n2048-k10-d300-bs70-f1.000-r00:335280.143: log(exp-norms): [2047.94, 2050.27, 2053.11]
exp038-n2048-k10-d300-bs70-f1.000-r00:335280.145: log(norms):     [2047.94, 2051.06, 2057.11, 2057.17, 2057.18, 2057.26, 2057.33, 2057.27, 2057.29, 2057.26]
exp038-n2048-k10-d300-bs70-f1.000-r00:335280.197: (62764 sec)
exp038-n2048-k10-d300-bs70-f1.000-r00:335280.198: Loop 6/100
exp038-n2048-k10-d300-bs70-f1.000-r00:394411.842: log(exp-norms): [2047.94, 2050.27, 2053.11]
exp038-n2048-k10-d300-bs70-f1.000-r00:394411.844: log(norms):     [2047.94, 2051.06, 2056.86, 2056.87, 2056.9, 2057.02, 2056.92, 2057.02, 2056.81, 2056.98]
exp038-n2048-k10-d300-bs70-f1.000-r00:394411.896: (59132 sec)
exp038-n2048-k10-d300-bs70-f1.000-r00:394411.896: Loop 7/100
exp038-n2048-k10-d300-bs70-f1.000-r00:450202.377: log(exp-norms): [2047.94, 2050.27, 2053.11]
exp038-n2048-k10-d300-bs70-f1.000-r00:450202.379: log(norms):     [2047.94, 2051.06, 2056.57, 2056.62, 2056.58, 2056.67, 2056.6, 2056.63, 2056.71, 2056.74]
exp038-n2048-k10-d300-bs70-f1.000-r00:450202.431: (55791 sec)
exp038-n2048-k10-d300-bs70-f1.000-r00:450202.432: Loop 8/100
exp038-n2048-k10-d300-bs70-f1.000-r00:502883.397: log(exp-norms): [2047.94, 2050.27, 2053.11]
exp038-n2048-k10-d300-bs70-f1.000-r00:502883.399: log(norms):     [2047.94, 2051.06, 2056.32, 2056.35, 2056.45, 2056.66, 2056.48, 2056.56, 2056.47, 2056.65]
exp038-n2048-k10-d300-bs70-f1.000-r00:502883.451: (52682 sec)
exp038-n2048-k10-d300-bs70-f1.000-r00:502883.451: Loop 9/100
exp038-n2048-k10-d300-bs70-f1.000-r00:554423.841: log(exp-norms): [2047.94, 2050.27, 2053.11]
exp038-n2048-k10-d300-bs70-f1.000-r00:554423.842: log(norms):     [2047.94, 2051.06, 2056.27, 2056.36, 2056.36, 2056.44, 2056.4, 2056.35, 2056.4, 2056.43]
exp038-n2048-k10-d300-bs70-f1.000-r00:554423.875: (51541 sec)
exp038-n2048-k10-d300-bs70-f1.000-r00:554423.875: Loop 10/100
exp038-n2048-k10-d300-bs70-f1.000-r00:599919.975: log(exp-norms): [2047.94, 2050.27, 2053.11]
exp038-n2048-k10-d300-bs70-f1.000-r00:599919.977: log(norms):     [2047.94, 2051.06, 2056.08, 2056.15, 2056.15, 2056.25, 2056.36, 2056.37, 2056.26, 2056.26]
exp038-n2048-k10-d300-bs70-f1.000-r00:599920.026: (45497 sec)
exp038-n2048-k10-d300-bs70-f1.000-r00:599920.027: Loop 11/100
exp038-n2048-k10-d300-bs70-f1.000-r00:642703.727: log(exp-norms): [2047.94, 2050.27, 2053.11]
exp038-n2048-k10-d300-bs70-f1.000-r00:642703.729: log(norms):     [2047.94, 2051.06, 2055.97, 2056.05, 2056.16, 2056.19, 2056.12, 2056.25, 2056.22, 2056.19]
exp038-n2048-k10-d300-bs70-f1.000-r00:642703.763: (42784 sec)
exp038-n2048-k10-d300-bs70-f1.000-r00:642703.763: Loop 12/100
exp038-n2048-k10-d300-bs70-f1.000-r00:680916.874: log(exp-norms): [2047.94, 2050.27, 2053.11]
exp038-n2048-k10-d300-bs70-f1.000-r00:680916.876: log(norms):     [2047.94, 2051.06, 2055.97, 2056.13, 2056.01, 2056.21, 2056.1, 2056.11, 2056.09, 2056.12]
exp038-n2048-k10-d300-bs70-f1.000-r00:680916.910: (38214 sec)
exp038-n2048-k10-d300-bs70-f1.000-r00:680916.910: Loop 13/100
exp038-n2048-k10-d300-bs70-f1.000-r00:721121.520: log(exp-norms): [2047.94, 2050.27, 2053.11]
exp038-n2048-k10-d300-bs70-f1.000-r00:721121.521: log(norms):     [2047.94, 2051.06, 2055.93, 2056.03, 2055.97, 2056.02, 2056.03, 2056.06, 2056.28, 2056.07]
exp038-n2048-k10-d300-bs70-f1.000-r00:721121.552: (40205 sec)
exp038-n2048-k10-d300-bs70-f1.000-r00:721121.552: Loop 14/100
exp038-n2048-k10-d300-bs70-f1.000-r00:756854.120: log(exp-norms): [2047.94, 2050.27, 2053.11]
exp038-n2048-k10-d300-bs70-f1.000-r00:756854.121: log(norms):     [2047.94, 2051.06, 2055.89, 2055.9, 2055.97, 2056.0, 2055.95, 2056.12, 2056.01, 2056.08]
exp038-n2048-k10-d300-bs70-f1.000-r00:756854.152: (35733 sec)
exp038-n2048-k10-d300-bs70-f1.000-r00:756854.152: Loop 15/100
exp038-n2048-k10-d300-bs70-f1.000-r00:794151.313: log(exp-norms): [2047.94, 2050.27, 2053.11]
exp038-n2048-k10-d300-bs70-f1.000-r00:794151.314: log(norms):     [2047.94, 2051.06, 2055.86, 2055.88, 2055.87, 2056.04, 2056.04, 2055.87, 2056.05, 2056.0]
exp038-n2048-k10-d300-bs70-f1.000-r00:794151.346: (37298 sec)
exp038-n2048-k10-d300-bs70-f1.000-r00:794151.346: Loop 16/100
exp038-n2048-k10-d300-bs70-f1.000-r00:829480.345: log(exp-norms): [2047.94, 2050.27, 2053.11]
exp038-n2048-k10-d300-bs70-f1.000-r00:829480.346: log(norms):     [2047.94, 2051.06, 2055.86, 2055.88, 2055.94, 2055.89, 2056.0, 2055.88, 2056.05, 2056.05]
exp038-n2048-k10-d300-bs70-f1.000-r00:829480.376: (35330 sec)
exp038-n2048-k10-d300-bs70-f1.000-r00:829480.377: Loop 17/100
exp038-n2048-k10-d300-bs70-f1.000-r00:865402.015: log(exp-norms): [2047.94, 2050.27, 2053.11]
exp038-n2048-k10-d300-bs70-f1.000-r00:865402.017: log(norms):     [2047.94, 2051.06, 2055.81, 2055.95, 2055.86, 2055.88, 2055.94, 2056.06, 2055.76, 2056.08]
exp038-n2048-k10-d300-bs70-f1.000-r00:865402.047: (35922 sec)
exp038-n2048-k10-d300-bs70-f1.000-r00:865402.048: Loop 18/100
exp038-n2048-k10-d300-bs70-f1.000-r00:901393.441: log(exp-norms): [2047.94, 2050.27, 2053.11]
exp038-n2048-k10-d300-bs70-f1.000-r00:901393.442: log(norms):     [2047.94, 2051.06, 2055.76, 2055.93, 2055.81, 2056.04, 2056.03, 2056.04, 2055.75, 2056.02]
exp038-n2048-k10-d300-bs70-f1.000-r00:901393.473: (35992 sec)
exp038-n2048-k10-d300-bs70-f1.000-r00:901393.473: Loop 19/100
exp038-n2048-k10-d300-bs70-f1.000-r00:938831.623: log(exp-norms): [2047.94, 2050.27, 2053.11]
exp038-n2048-k10-d300-bs70-f1.000-r00:938831.624: log(norms):     [2047.94, 2051.06, 2055.75, 2055.76, 2055.94, 2055.78, 2055.92, 2055.91, 2056.17, 2056.1]
exp038-n2048-k10-d300-bs70-f1.000-r00:938831.655: (37439 sec)
exp038-n2048-k10-d300-bs70-f1.000-r00:938831.655: Loop 20/100
exp038-n2048-k10-d300-bs70-f1.000-r00:978914.991: log(exp-norms): [2047.94, 2050.27, 2053.11]
exp038-n2048-k10-d300-bs70-f1.000-r00:978914.993: log(norms):     [2047.94, 2051.06, 2055.75, 2055.76, 2055.94, 2055.78, 2055.92, 2055.91, 2055.88, 2055.88]
exp038-n2048-k10-d300-bs70-f1.000-r00:978915.042: (40084 sec)
exp038-n2048-k10-d300-bs70-f1.000-r00:978915.043: Loop 21/100
exp038-n2048-k10-d300-bs70-f1.000-r00:1016061.902: log(exp-norms): [2047.94, 2050.27, 2053.11]
exp038-n2048-k10-d300-bs70-f1.000-r00:1016061.903: log(norms):     [2047.94, 2051.06, 2055.72, 2055.81, 2055.75, 2055.76, 2055.94, 2055.91, 2055.88, 2055.88]
exp038-n2048-k10-d300-bs70-f1.000-r00:1016061.934: (37147 sec)
exp038-n2048-k10-d300-bs70-f1.000-r00:1016061.934: Loop 22/100
exp038-n2048-k10-d300-bs70-f1.000-r00:1057150.461: log(exp-norms): [2047.94, 2050.27, 2053.11]
exp038-n2048-k10-d300-bs70-f1.000-r00:1057150.462: log(norms):     [2047.94, 2051.06, 2055.72, 2055.81, 2055.75, 2055.82, 2055.88, 2055.88, 2055.89, 2055.88]
exp038-n2048-k10-d300-bs70-f1.000-r00:1057150.492: (41089 sec)
exp038-n2048-k10-d300-bs70-f1.000-r00:1057150.493: Loop 23/100
exp038-n2048-k10-d300-bs70-f1.000-r00:1094100.624: log(exp-norms): [2047.94, 2050.27, 2053.11]
exp038-n2048-k10-d300-bs70-f1.000-r00:1094100.625: log(norms):     [2047.94, 2051.06, 2055.72, 2055.81, 2055.75, 2055.82, 2055.83, 2055.88, 2055.81, 2055.99]
exp038-n2048-k10-d300-bs70-f1.000-r00:1094100.675: (36951 sec)
exp038-n2048-k10-d300-bs70-f1.000-r00:1094100.676: Loop 24/100
exp038-n2048-k10-d300-bs70-f1.000-r00:1133524.553: log(exp-norms): [2047.94, 2050.27, 2053.11]
exp038-n2048-k10-d300-bs70-f1.000-r00:1133524.554: log(norms):     [2047.94, 2051.06, 2055.72, 2055.81, 2055.75, 2055.82, 2055.83, 2055.8, 2055.98, 2055.91]
exp038-n2048-k10-d300-bs70-f1.000-r00:1133524.585: (39424 sec)
exp038-n2048-k10-d300-bs70-f1.000-r00:1133524.585: Loop 25/100
exp038-n2048-k10-d300-bs70-f1.000-r00:1168789.180: log(exp-norms): [2047.94, 2050.27, 2053.11]
exp038-n2048-k10-d300-bs70-f1.000-r00:1168789.182: log(norms):     [2047.94, 2051.06, 2055.72, 2055.81, 2055.75, 2055.82, 2055.83, 2055.91, 2055.8, 2055.95]
exp038-n2048-k10-d300-bs70-f1.000-r00:1168789.213: (35265 sec)
exp038-n2048-k10-d300-bs70-f1.000-r00:1168789.213: Loop 26/100
exp038-n2048-k10-d300-bs70-f1.000-r00:1205480.727: log(exp-norms): [2047.94, 2050.27, 2053.11]
exp038-n2048-k10-d300-bs70-f1.000-r00:1205480.729: log(norms):     [2047.94, 2051.06, 2055.72, 2055.81, 2055.75, 2055.82, 2055.83, 2055.91, 2055.8, 2056.05]
exp038-n2048-k10-d300-bs70-f1.000-r00:1205480.759: (36692 sec)
exp038-n2048-k10-d300-bs70-f1.000-r00:1205480.759: Loop 27/100
exp038-n2048-k10-d300-bs70-f1.000-r00:1245346.426: log(exp-norms): [2047.94, 2050.27, 2053.11]
exp038-n2048-k10-d300-bs70-f1.000-r00:1245346.427: log(norms):     [2047.94, 2051.06, 2055.72, 2055.81, 2055.75, 2055.76, 2055.82, 2055.83, 2055.91, 2055.8]
exp038-n2048-k10-d300-bs70-f1.000-r00:1245346.457: (39866 sec)
exp038-n2048-k10-d300-bs70-f1.000-r00:1245346.458: Loop 28/100
exp038-n2048-k10-d300-bs70-f1.000-r00:1282337.215: log(exp-norms): [2047.94, 2050.27, 2053.11]
exp038-n2048-k10-d300-bs70-f1.000-r00:1282337.217: log(norms):     [2047.94, 2051.06, 2055.72, 2055.81, 2055.75, 2055.76, 2055.88, 2055.82, 2055.83, 2055.91]
exp038-n2048-k10-d300-bs70-f1.000-r00:1282337.247: (36991 sec)
exp038-n2048-k10-d300-bs70-f1.000-r00:1282337.248: Loop 29/100
exp038-n2048-k10-d300-bs70-f1.000-r00:1317547.672: log(exp-norms): [2047.94, 2050.27, 2053.11]
exp038-n2048-k10-d300-bs70-f1.000-r00:1317547.673: log(norms):     [2047.94, 2051.06, 2055.72, 2055.81, 2055.75, 2055.76, 2055.88, 2055.82, 2056.01, 2056.01]
exp038-n2048-k10-d300-bs70-f1.000-r00:1317547.704: (35211 sec)
exp038-n2048-k10-d300-bs70-f1.000-r00:1317547.704: Loop 30/100
exp038-n2048-k10-d300-bs70-f1.000-r00:1354469.183: log(exp-norms): [2047.94, 2050.27, 2053.11]
exp038-n2048-k10-d300-bs70-f1.000-r00:1354469.184: log(norms):     [2047.94, 2051.06, 2055.7, 2055.72, 2055.81, 2055.75, 2055.76, 2055.88, 2055.82, 2055.94]
exp038-n2048-k10-d300-bs70-f1.000-r00:1354469.215: (36922 sec)
exp038-n2048-k10-d300-bs70-f1.000-r00:1354469.215: Loop 31/100
exp038-n2048-k10-d300-bs70-f1.000-r00:1390888.362: log(exp-norms): [2047.94, 2050.27, 2053.11]
exp038-n2048-k10-d300-bs70-f1.000-r00:1390888.363: log(norms):     [2047.94, 2051.06, 2055.7, 2055.72, 2055.81, 2055.85, 2055.75, 2055.76, 2055.88, 2055.83]
exp038-n2048-k10-d300-bs70-f1.000-r00:1390888.394: (36420 sec)
exp038-n2048-k10-d300-bs70-f1.000-r00:1390888.394: Loop 32/100
exp038-n2048-k10-d300-bs70-f1.000-r00:1427297.493: log(exp-norms): [2047.94, 2050.27, 2053.11]
exp038-n2048-k10-d300-bs70-f1.000-r00:1427297.494: log(norms):     [2047.94, 2051.06, 2055.7, 2055.78, 2055.73, 2055.72, 2055.86, 2055.84, 2056.01, 2055.75]
exp038-n2048-k10-d300-bs70-f1.000-r00:1427297.524: (36410 sec)
exp038-n2048-k10-d300-bs70-f1.000-r00:1427297.525: Loop 33/100
exp038-n2048-k10-d300-bs70-f1.000-r00:1463305.548: log(exp-norms): [2047.94, 2050.27, 2053.11]
exp038-n2048-k10-d300-bs70-f1.000-r00:1463305.549: log(norms):     [2047.94, 2051.06, 2055.7, 2055.78, 2055.73, 2055.72, 2055.86, 2055.84, 2056.01, 2055.95]
exp038-n2048-k10-d300-bs70-f1.000-r00:1463305.580: (36009 sec)
exp038-n2048-k10-d300-bs70-f1.000-r00:1463305.581: Loop 34/100
exp038-n2048-k10-d300-bs70-f1.000-r00:1500712.175: log(exp-norms): [2047.94, 2050.27, 2053.11]
exp038-n2048-k10-d300-bs70-f1.000-r00:1500712.176: log(norms):     [2047.94, 2051.06, 2055.7, 2055.73, 2055.72, 2055.81, 2055.85, 2055.78, 2055.99, 2056.09]
exp038-n2048-k10-d300-bs70-f1.000-r00:1500712.207: (37407 sec)
exp038-n2048-k10-d300-bs70-f1.000-r00:1500712.207: Loop 35/100
exp038-n2048-k10-d300-bs70-f1.000-r00:1542017.428: log(exp-norms): [2047.94, 2050.27, 2053.11]
exp038-n2048-k10-d300-bs70-f1.000-r00:1542017.429: log(norms):     [2047.94, 2051.06, 2055.7, 2055.69, 2055.73, 2055.77, 2055.72, 2055.81, 2055.85, 2055.92]
exp038-n2048-k10-d300-bs70-f1.000-r00:1542017.459: (41306 sec)
exp038-n2048-k10-d300-bs70-f1.000-r00:1542017.460: Loop 36/100
exp038-n2048-k10-d300-bs70-f1.000-r00:1578017.483: log(exp-norms): [2047.94, 2050.27, 2053.11]
exp038-n2048-k10-d300-bs70-f1.000-r00:1578017.484: log(norms):     [2047.94, 2051.06, 2055.7, 2055.77, 2055.69, 2055.73, 2055.78, 2055.78, 2055.99, 2055.81]
exp038-n2048-k10-d300-bs70-f1.000-r00:1578017.514: (36001 sec)
exp038-n2048-k10-d300-bs70-f1.000-r00:1578017.515: Loop 37/100
exp038-n2048-k10-d300-bs70-f1.000-r00:1611971.191: log(exp-norms): [2047.94, 2050.27, 2053.11]
exp038-n2048-k10-d300-bs70-f1.000-r00:1611971.192: log(norms):     [2047.94, 2051.06, 2055.7, 2055.77, 2055.69, 2055.73, 2055.79, 2055.78, 2055.97, 2055.78]
exp038-n2048-k10-d300-bs70-f1.000-r00:1611971.222: (33954 sec)
exp038-n2048-k10-d300-bs70-f1.000-r00:1611971.222: Loop 38/100
exp038-n2048-k10-d300-bs70-f1.000-r00:1648329.265: log(exp-norms): [2047.94, 2050.27, 2053.11]
exp038-n2048-k10-d300-bs70-f1.000-r00:1648329.266: log(norms):     [2047.94, 2051.06, 2055.7, 2055.77, 2055.69, 2055.73, 2055.87, 2055.78, 2055.79, 2055.97]
exp038-n2048-k10-d300-bs70-f1.000-r00:1648329.297: (36359 sec)
exp038-n2048-k10-d300-bs70-f1.000-r00:1648329.297: Loop 39/100
