exp033-n2048-k10-d250-bs70-f1.000-r00:000000.518: ==========================Instance==========================
exp033-n2048-k10-d250-bs70-f1.000-r00:000000.518: # of equations: 250
exp033-n2048-k10-d250-bs70-f1.000-r00:000000.523: Gap: 2.79
exp033-n2048-k10-d250-bs70-f1.000-r00:000000.532: Tau: 2.02
exp033-n2048-k10-d250-bs70-f1.000-r00:000000.532: ======================BKZ-70 reduction======================
exp033-n2048-k10-d250-bs70-f1.000-r00:000008.260: Expectedly achievable log(norm): 2053.60
exp033-n2048-k10-d250-bs70-f1.000-r00:000016.454: log(exp-norms): [2047.94, 2050.14, 2051.62]
exp033-n2048-k10-d250-bs70-f1.000-r00:000016.455: log(norms):     [2061.11, 2050.93, 2057.89, 2057.89, 2057.89, 2057.89, 2057.89, 2057.89, 2057.89, 2057.89]
exp033-n2048-k10-d250-bs70-f1.000-r00:000016.543: Loop 1/100
exp033-n2048-k10-d250-bs70-f1.000-r00:049089.139: log(exp-norms): [2047.94, 2050.14, 2051.62]
exp033-n2048-k10-d250-bs70-f1.000-r00:049089.140: log(norms):     [2050.93, 2056.39, 2056.53, 2056.47, 2056.49, 2056.59, 2056.63, 2056.54, 2056.68, 2056.7]
exp033-n2048-k10-d250-bs70-f1.000-r00:049089.185: (49073 sec)
exp033-n2048-k10-d250-bs70-f1.000-r00:049089.186: Loop 2/100
exp033-n2048-k10-d250-bs70-f1.000-r00:089326.299: log(exp-norms): [2047.94, 2050.14, 2051.62]
exp033-n2048-k10-d250-bs70-f1.000-r00:089326.301: log(norms):     [2050.93, 2055.82, 2055.84, 2055.98, 2055.99, 2055.9, 2055.87, 2055.75, 2055.82, 2056.04]
exp033-n2048-k10-d250-bs70-f1.000-r00:089326.346: (40238 sec)
exp033-n2048-k10-d250-bs70-f1.000-r00:089326.347: Loop 3/100
exp033-n2048-k10-d250-bs70-f1.000-r00:128530.997: log(exp-norms): [2047.94, 2050.14, 2051.62]
exp033-n2048-k10-d250-bs70-f1.000-r00:128530.999: log(norms):     [2050.93, 2055.27, 2055.39, 2055.39, 2055.46, 2055.23, 2055.32, 2055.3, 2055.34, 2055.35]
exp033-n2048-k10-d250-bs70-f1.000-r00:128531.044: (39205 sec)
exp033-n2048-k10-d250-bs70-f1.000-r00:128531.045: Loop 4/100
exp033-n2048-k10-d250-bs70-f1.000-r00:166797.561: log(exp-norms): [2047.94, 2050.14, 2051.62]
exp033-n2048-k10-d250-bs70-f1.000-r00:166797.563: log(norms):     [2050.93, 2054.81, 2054.81, 2054.81, 2054.85, 2054.99, 2054.96, 2054.92, 2054.94, 2055.2]
exp033-n2048-k10-d250-bs70-f1.000-r00:166797.608: (38267 sec)
exp033-n2048-k10-d250-bs70-f1.000-r00:166797.609: Loop 5/100
exp033-n2048-k10-d250-bs70-f1.000-r00:204471.994: log(exp-norms): [2047.94, 2050.14, 2051.62]
exp033-n2048-k10-d250-bs70-f1.000-r00:204471.996: log(norms):     [2047.94, 2050.93, 2054.45, 2054.51, 2054.54, 2054.48, 2054.49, 2054.59, 2054.58, 2054.49]
exp033-n2048-k10-d250-bs70-f1.000-r00:204472.044: (37675 sec)
exp033-n2048-k10-d250-bs70-f1.000-r00:204472.045: Loop 6/100
exp033-n2048-k10-d250-bs70-f1.000-r00:241854.140: log(exp-norms): [2047.94, 2050.14, 2051.62]
exp033-n2048-k10-d250-bs70-f1.000-r00:241854.142: log(norms):     [2047.94, 2050.93, 2054.17, 2054.18, 2054.23, 2054.24, 2054.27, 2054.31, 2054.4, 2054.2]
exp033-n2048-k10-d250-bs70-f1.000-r00:241854.188: (37383 sec)
exp033-n2048-k10-d250-bs70-f1.000-r00:241854.188: Loop 7/100
exp033-n2048-k10-d250-bs70-f1.000-r00:279356.652: log(exp-norms): [2047.94, 2050.14, 2051.62]
exp033-n2048-k10-d250-bs70-f1.000-r00:279356.655: log(norms):     [2047.94, 2050.93, 2053.97, 2054.0, 2054.03, 2054.01, 2054.14, 2054.2, 2054.25, 2054.18]
exp033-n2048-k10-d250-bs70-f1.000-r00:279356.703: (37503 sec)
exp033-n2048-k10-d250-bs70-f1.000-r00:279356.704: Loop 8/100
exp033-n2048-k10-d250-bs70-f1.000-r00:312357.490: log(exp-norms): [2047.94, 2050.14, 2051.62]
exp033-n2048-k10-d250-bs70-f1.000-r00:312357.492: log(norms):     [2047.94, 2050.93, 2053.81, 2053.86, 2053.91, 2053.91, 2053.99, 2053.92, 2053.94, 2054.08]
exp033-n2048-k10-d250-bs70-f1.000-r00:312357.537: (33001 sec)
exp033-n2048-k10-d250-bs70-f1.000-r00:312357.538: Loop 9/100
exp033-n2048-k10-d250-bs70-f1.000-r00:344721.917: log(exp-norms): [2047.94, 2050.14, 2051.62]
exp033-n2048-k10-d250-bs70-f1.000-r00:344721.919: log(norms):     [2047.94, 2050.93, 2053.77, 2053.81, 2053.92, 2053.86, 2053.95, 2053.95, 2053.96, 2053.85]
exp033-n2048-k10-d250-bs70-f1.000-r00:344721.964: (32365 sec)
exp033-n2048-k10-d250-bs70-f1.000-r00:344721.965: Loop 10/100
exp033-n2048-k10-d250-bs70-f1.000-r00:377073.302: log(exp-norms): [2047.94, 2050.14, 2051.62]
exp033-n2048-k10-d250-bs70-f1.000-r00:377073.303: log(norms):     [2047.94, 2050.93, 2053.68, 2053.74, 2053.68, 2053.88, 2053.7, 2053.8, 2054.1, 2053.84]
exp033-n2048-k10-d250-bs70-f1.000-r00:377073.352: (32352 sec)
exp033-n2048-k10-d250-bs70-f1.000-r00:377073.352: Loop 11/100
exp033-n2048-k10-d250-bs70-f1.000-r00:409053.535: log(exp-norms): [2047.94, 2050.14, 2051.62]
exp033-n2048-k10-d250-bs70-f1.000-r00:409053.537: log(norms):     [2047.94, 2050.93, 2053.68, 2053.74, 2053.68, 2053.83, 2053.88, 2053.99, 2053.7, 2053.88]
exp033-n2048-k10-d250-bs70-f1.000-r00:409053.581: (31981 sec)
exp033-n2048-k10-d250-bs70-f1.000-r00:409053.581: Loop 12/100
exp033-n2048-k10-d250-bs70-f1.000-r00:440865.047: log(exp-norms): [2047.94, 2050.14, 2051.62]
exp033-n2048-k10-d250-bs70-f1.000-r00:440865.049: log(norms):     [2047.94, 2050.93, 2053.64, 2053.64, 2053.75, 2053.65, 2053.84, 2053.72, 2053.85, 2053.91]
exp033-n2048-k10-d250-bs70-f1.000-r00:440865.093: (31812 sec)
exp033-n2048-k10-d250-bs70-f1.000-r00:440865.094: Loop 13/100
exp033-n2048-k10-d250-bs70-f1.000-r00:471413.255: log(exp-norms): [2047.94, 2050.14, 2051.62]
exp033-n2048-k10-d250-bs70-f1.000-r00:471413.257: log(norms):     [2047.94, 2050.93, 2053.61, 2053.73, 2053.64, 2053.71, 2053.76, 2053.65, 2053.88, 2053.78]
exp033-n2048-k10-d250-bs70-f1.000-r00:471413.301: (30549 sec)
exp033-n2048-k10-d250-bs70-f1.000-r00:471413.302: Loop 14/100
exp033-n2048-k10-d250-bs70-f1.000-r00:501389.080: log(exp-norms): [2047.94, 2050.14, 2051.62]
exp033-n2048-k10-d250-bs70-f1.000-r00:501389.082: log(norms):     [2047.94, 2050.93, 2053.61, 2053.71, 2053.64, 2053.75, 2053.89, 2053.89, 2053.65, 2053.9]
exp033-n2048-k10-d250-bs70-f1.000-r00:501389.125: (29976 sec)
exp033-n2048-k10-d250-bs70-f1.000-r00:501389.125: Loop 15/100
exp033-n2048-k10-d250-bs70-f1.000-r00:529202.903: log(exp-norms): [2047.94, 2050.14, 2051.62]
exp033-n2048-k10-d250-bs70-f1.000-r00:529202.904: log(norms):     [2047.94, 2050.93, 2053.61, 2053.71, 2053.64, 2053.75, 2053.78, 2053.65, 2053.73, 2053.8]
exp033-n2048-k10-d250-bs70-f1.000-r00:529202.931: (27814 sec)
exp033-n2048-k10-d250-bs70-f1.000-r00:529202.931: Loop 16/100
exp033-n2048-k10-d250-bs70-f1.000-r00:555389.977: log(exp-norms): [2047.94, 2050.14, 2051.62]
exp033-n2048-k10-d250-bs70-f1.000-r00:555389.977: log(norms):     [2047.94, 2050.93, 2053.61, 2053.71, 2053.64, 2053.75, 2053.78, 2053.65, 2053.68, 2053.73]
exp033-n2048-k10-d250-bs70-f1.000-r00:555390.004: (26188 sec)
exp033-n2048-k10-d250-bs70-f1.000-r00:555390.004: Loop 17/100
exp033-n2048-k10-d250-bs70-f1.000-r00:579074.686: log(exp-norms): [2047.94, 2050.14, 2051.62]
exp033-n2048-k10-d250-bs70-f1.000-r00:579074.687: log(norms):     [2047.94, 2050.93, 2053.61, 2053.73, 2053.71, 2053.74, 2053.79, 2053.78, 2053.86, 2053.79]
exp033-n2048-k10-d250-bs70-f1.000-r00:579074.714: (23685 sec)
exp033-n2048-k10-d250-bs70-f1.000-r00:579074.714: Loop 18/100
exp033-n2048-k10-d250-bs70-f1.000-r00:602971.963: log(exp-norms): [2047.94, 2050.14, 2051.62]
exp033-n2048-k10-d250-bs70-f1.000-r00:602971.964: log(norms):     [2047.94, 2050.93, 2053.58, 2053.61, 2053.75, 2053.78, 2053.86, 2053.57, 2053.74, 2053.85]
exp033-n2048-k10-d250-bs70-f1.000-r00:602971.991: (23898 sec)
exp033-n2048-k10-d250-bs70-f1.000-r00:602971.991: Loop 19/100
exp033-n2048-k10-d250-bs70-f1.000-r00:626273.026: log(exp-norms): [2047.94, 2050.14, 2051.62]
exp033-n2048-k10-d250-bs70-f1.000-r00:626273.027: log(norms):     [2047.94, 2050.93, 2053.57, 2053.58, 2053.61, 2053.75, 2053.69, 2053.63, 2053.78, 2053.98]
exp033-n2048-k10-d250-bs70-f1.000-r00:626273.069: (23302 sec)
exp033-n2048-k10-d250-bs70-f1.000-r00:626273.069: Loop 20/100
exp033-n2048-k10-d250-bs70-f1.000-r00:648985.657: log(exp-norms): [2047.94, 2050.14, 2051.62]
exp033-n2048-k10-d250-bs70-f1.000-r00:648985.658: log(norms):     [2047.94, 2050.93, 2053.55, 2053.64, 2053.57, 2053.75, 2053.52, 2053.71, 2053.57, 2053.58]
exp033-n2048-k10-d250-bs70-f1.000-r00:648985.684: (22713 sec)
exp033-n2048-k10-d250-bs70-f1.000-r00:648985.684: Loop 21/100
exp033-n2048-k10-d250-bs70-f1.000-r00:670730.004: log(exp-norms): [2047.94, 2050.14, 2051.62]
exp033-n2048-k10-d250-bs70-f1.000-r00:670730.005: log(norms):     [2047.94, 2050.93, 2053.52, 2053.57, 2053.58, 2053.55, 2053.73, 2053.7, 2053.69, 2053.64]
exp033-n2048-k10-d250-bs70-f1.000-r00:670730.049: (21745 sec)
exp033-n2048-k10-d250-bs70-f1.000-r00:670730.049: Loop 22/100
exp033-n2048-k10-d250-bs70-f1.000-r00:693074.533: log(exp-norms): [2047.94, 2050.14, 2051.62]
exp033-n2048-k10-d250-bs70-f1.000-r00:693074.534: log(norms):     [2047.94, 2050.93, 2053.52, 2053.57, 2053.58, 2053.55, 2053.73, 2053.7, 2053.69, 2053.64]
exp033-n2048-k10-d250-bs70-f1.000-r00:693074.575: (22345 sec)
exp033-n2048-k10-d250-bs70-f1.000-r00:693074.576: Loop 23/100
exp033-n2048-k10-d250-bs70-f1.000-r00:716967.666: log(exp-norms): [2047.94, 2050.14, 2051.62]
exp033-n2048-k10-d250-bs70-f1.000-r00:716967.667: log(norms):     [2047.94, 2050.93, 2053.52, 2053.57, 2053.58, 2053.55, 2053.73, 2053.7, 2053.75, 2053.69]
exp033-n2048-k10-d250-bs70-f1.000-r00:716967.696: (23894 sec)
exp033-n2048-k10-d250-bs70-f1.000-r00:716967.696: Loop 24/100
exp033-n2048-k10-d250-bs70-f1.000-r00:738363.694: log(exp-norms): [2047.94, 2050.14, 2051.62]
exp033-n2048-k10-d250-bs70-f1.000-r00:738363.694: log(norms):     [2047.94, 2050.93, 2053.52, 2053.57, 2053.58, 2053.55, 2053.73, 2053.7, 2053.75, 2053.69]
exp033-n2048-k10-d250-bs70-f1.000-r00:738363.720: (21397 sec)
exp033-n2048-k10-d250-bs70-f1.000-r00:738363.720: Loop 25/100
exp033-n2048-k10-d250-bs70-f1.000-r00:759636.305: log(exp-norms): [2047.94, 2050.14, 2051.62]
exp033-n2048-k10-d250-bs70-f1.000-r00:759636.306: log(norms):     [2047.94, 2050.93, 2053.52, 2053.57, 2053.58, 2053.8, 2053.55, 2053.73, 2053.7, 2053.75]
exp033-n2048-k10-d250-bs70-f1.000-r00:759636.332: (21273 sec)
exp033-n2048-k10-d250-bs70-f1.000-r00:759636.332: Loop 26/100
exp033-n2048-k10-d250-bs70-f1.000-r00:780480.992: log(exp-norms): [2047.94, 2050.14, 2051.62]
exp033-n2048-k10-d250-bs70-f1.000-r00:780480.993: log(norms):     [2047.94, 2050.93, 2053.52, 2053.57, 2053.58, 2053.8, 2053.6, 2053.55, 2053.73, 2053.7]
exp033-n2048-k10-d250-bs70-f1.000-r00:780481.018: (20845 sec)
exp033-n2048-k10-d250-bs70-f1.000-r00:780481.018: Loop 27/100
exp033-n2048-k10-d250-bs70-f1.000-r00:804652.891: log(exp-norms): [2047.94, 2050.14, 2051.62]
exp033-n2048-k10-d250-bs70-f1.000-r00:804652.892: log(norms):     [2047.94, 2050.93, 2053.52, 2053.57, 2053.58, 2053.8, 2053.6, 2053.55, 2053.73, 2053.7]
exp033-n2048-k10-d250-bs70-f1.000-r00:804652.918: (24172 sec)
exp033-n2048-k10-d250-bs70-f1.000-r00:804652.919: Loop 28/100
exp033-n2048-k10-d250-bs70-f1.000-r00:826845.400: log(exp-norms): [2047.94, 2050.14, 2051.62]
exp033-n2048-k10-d250-bs70-f1.000-r00:826845.401: log(norms):     [2047.94, 2050.93, 2053.52, 2053.57, 2053.58, 2053.8, 2053.6, 2053.55, 2053.73, 2053.7]
exp033-n2048-k10-d250-bs70-f1.000-r00:826845.430: (22193 sec)
exp033-n2048-k10-d250-bs70-f1.000-r00:826845.430: Loop 29/100
exp033-n2048-k10-d250-bs70-f1.000-r00:846654.752: log(exp-norms): [2047.94, 2050.14, 2051.62]
exp033-n2048-k10-d250-bs70-f1.000-r00:846654.752: log(norms):     [2047.94, 2050.93, 2053.52, 2053.57, 2053.58, 2053.8, 2053.6, 2053.55, 2053.73, 2053.7]
exp033-n2048-k10-d250-bs70-f1.000-r00:846654.778: (19810 sec)
exp033-n2048-k10-d250-bs70-f1.000-r00:846654.778: Loop 30/100
exp033-n2048-k10-d250-bs70-f1.000-r00:866767.274: log(exp-norms): [2047.94, 2050.14, 2051.62]
exp033-n2048-k10-d250-bs70-f1.000-r00:866767.274: log(norms):     [2047.94, 2050.93, 2053.52, 2053.57, 2053.53, 2053.58, 2053.7, 2053.6, 2053.55, 2053.81]
exp033-n2048-k10-d250-bs70-f1.000-r00:866767.300: (20113 sec)
exp033-n2048-k10-d250-bs70-f1.000-r00:866767.300: Loop 31/100
exp033-n2048-k10-d250-bs70-f1.000-r00:886601.199: log(exp-norms): [2047.94, 2050.14, 2051.62]
exp033-n2048-k10-d250-bs70-f1.000-r00:886601.200: log(norms):     [2047.94, 2050.93, 2053.52, 2053.57, 2053.53, 2053.58, 2053.7, 2053.59, 2053.55, 2053.89]
exp033-n2048-k10-d250-bs70-f1.000-r00:886601.225: (19834 sec)
exp033-n2048-k10-d250-bs70-f1.000-r00:886601.226: Loop 32/100
exp033-n2048-k10-d250-bs70-f1.000-r00:906418.976: log(exp-norms): [2047.94, 2050.14, 2051.62]
exp033-n2048-k10-d250-bs70-f1.000-r00:906418.977: log(norms):     [2047.94, 2050.93, 2053.52, 2053.57, 2053.53, 2053.58, 2053.7, 2053.59, 2053.55, 2053.89]
exp033-n2048-k10-d250-bs70-f1.000-r00:906419.003: (19818 sec)
exp033-n2048-k10-d250-bs70-f1.000-r00:906419.004: Loop 33/100
exp033-n2048-k10-d250-bs70-f1.000-r00:926584.344: log(exp-norms): [2047.94, 2050.14, 2051.62]
exp033-n2048-k10-d250-bs70-f1.000-r00:926584.345: log(norms):     [2047.94, 2050.93, 2053.52, 2053.57, 2053.53, 2053.56, 2053.58, 2053.7, 2053.83, 2053.65]
exp033-n2048-k10-d250-bs70-f1.000-r00:926584.370: (20166 sec)
exp033-n2048-k10-d250-bs70-f1.000-r00:926584.370: Loop 34/100
exp033-n2048-k10-d250-bs70-f1.000-r00:949210.330: log(exp-norms): [2047.94, 2050.14, 2051.62]
exp033-n2048-k10-d250-bs70-f1.000-r00:949210.331: log(norms):     [2047.94, 2050.93, 2053.52, 2053.57, 2053.53, 2053.56, 2053.58, 2053.6, 2053.8, 2053.77]
exp033-n2048-k10-d250-bs70-f1.000-r00:949210.357: (22626 sec)
exp033-n2048-k10-d250-bs70-f1.000-r00:949210.358: Loop 35/100
exp033-n2048-k10-d250-bs70-f1.000-r00:970021.408: log(exp-norms): [2047.94, 2050.14, 2051.62]
exp033-n2048-k10-d250-bs70-f1.000-r00:970021.409: log(norms):     [2047.94, 2050.93, 2053.52, 2053.57, 2053.53, 2053.56, 2053.58, 2053.6, 2053.8, 2053.77]
exp033-n2048-k10-d250-bs70-f1.000-r00:970021.434: (20812 sec)
exp033-n2048-k10-d250-bs70-f1.000-r00:970021.435: Loop 36/100
exp033-n2048-k10-d250-bs70-f1.000-r00:989939.928: log(exp-norms): [2047.94, 2050.14, 2051.62]
exp033-n2048-k10-d250-bs70-f1.000-r00:989939.929: log(norms):     [2047.94, 2050.93, 2053.52, 2053.57, 2053.53, 2053.56, 2053.56, 2053.58, 2053.76, 2053.95]
exp033-n2048-k10-d250-bs70-f1.000-r00:989939.955: (19919 sec)
exp033-n2048-k10-d250-bs70-f1.000-r00:989939.955: Loop 37/100
exp033-n2048-k10-d250-bs70-f1.000-r00:1011634.509: log(exp-norms): [2047.94, 2050.14, 2051.62]
exp033-n2048-k10-d250-bs70-f1.000-r00:1011634.510: log(norms):     [2047.94, 2050.93, 2053.52, 2053.57, 2053.53, 2053.56, 2053.56, 2053.58, 2053.76, 2053.73]
exp033-n2048-k10-d250-bs70-f1.000-r00:1011634.550: (21695 sec)
exp033-n2048-k10-d250-bs70-f1.000-r00:1011634.550: Loop 38/100
exp033-n2048-k10-d250-bs70-f1.000-r00:1034145.914: log(exp-norms): [2047.94, 2050.14, 2051.62]
exp033-n2048-k10-d250-bs70-f1.000-r00:1034145.916: log(norms):     [2047.94, 2050.93, 2053.52, 2053.57, 2053.53, 2053.56, 2053.56, 2053.58, 2053.76, 2053.73]
exp033-n2048-k10-d250-bs70-f1.000-r00:1034145.957: (22512 sec)
exp033-n2048-k10-d250-bs70-f1.000-r00:1034145.958: Loop 39/100
exp033-n2048-k10-d250-bs70-f1.000-r00:1054474.270: log(exp-norms): [2047.94, 2050.14, 2051.62]
exp033-n2048-k10-d250-bs70-f1.000-r00:1054474.271: log(norms):     [2047.94, 2050.93, 2053.52, 2053.57, 2053.53, 2053.56, 2053.56, 2053.58, 2053.76, 2053.73]
exp033-n2048-k10-d250-bs70-f1.000-r00:1054474.297: (20329 sec)
exp033-n2048-k10-d250-bs70-f1.000-r00:1054474.297: Loop 40/100
exp033-n2048-k10-d250-bs70-f1.000-r00:1074541.571: log(exp-norms): [2047.94, 2050.14, 2051.62]
exp033-n2048-k10-d250-bs70-f1.000-r00:1074541.573: log(norms):     [2047.94, 2050.93, 2053.52, 2053.57, 2053.53, 2053.56, 2053.56, 2053.58, 2053.8, 2053.69]
exp033-n2048-k10-d250-bs70-f1.000-r00:1074541.598: (20068 sec)
exp033-n2048-k10-d250-bs70-f1.000-r00:1074541.599: Loop 41/100
exp033-n2048-k10-d250-bs70-f1.000-r00:1095874.462: log(exp-norms): [2047.94, 2050.14, 2051.62]
exp033-n2048-k10-d250-bs70-f1.000-r00:1095874.463: log(norms):     [2047.94, 2050.93, 2053.52, 2053.57, 2053.53, 2053.56, 2053.56, 2053.58, 2053.8, 2053.77]
exp033-n2048-k10-d250-bs70-f1.000-r00:1095874.491: (21333 sec)
exp033-n2048-k10-d250-bs70-f1.000-r00:1095874.491: Loop 42/100
exp033-n2048-k10-d250-bs70-f1.000-r00:1116844.891: log(exp-norms): [2047.94, 2050.14, 2051.62]
exp033-n2048-k10-d250-bs70-f1.000-r00:1116844.892: log(norms):     [2047.94, 2050.93, 2053.52, 2053.57, 2053.53, 2053.56, 2053.56, 2053.58, 2053.8, 2053.77]
exp033-n2048-k10-d250-bs70-f1.000-r00:1116844.918: (20971 sec)
exp033-n2048-k10-d250-bs70-f1.000-r00:1116844.918: Loop 43/100
exp033-n2048-k10-d250-bs70-f1.000-r00:1137430.251: log(exp-norms): [2047.94, 2050.14, 2051.62]
exp033-n2048-k10-d250-bs70-f1.000-r00:1137430.252: log(norms):     [2047.94, 2050.93, 2053.52, 2053.57, 2053.53, 2053.56, 2053.56, 2053.58, 2053.66, 2053.8]
exp033-n2048-k10-d250-bs70-f1.000-r00:1137430.278: (20586 sec)
exp033-n2048-k10-d250-bs70-f1.000-r00:1137430.278: Loop 44/100
exp033-n2048-k10-d250-bs70-f1.000-r00:1158053.816: log(exp-norms): [2047.94, 2050.14, 2051.62]
exp033-n2048-k10-d250-bs70-f1.000-r00:1158053.817: log(norms):     [2047.94, 2050.93, 2053.52, 2053.57, 2053.53, 2053.67, 2053.56, 2053.56, 2053.58, 2053.58]
exp033-n2048-k10-d250-bs70-f1.000-r00:1158053.842: (20624 sec)
exp033-n2048-k10-d250-bs70-f1.000-r00:1158053.842: Loop 45/100
exp033-n2048-k10-d250-bs70-f1.000-r00:1178064.521: log(exp-norms): [2047.94, 2050.14, 2051.62]
exp033-n2048-k10-d250-bs70-f1.000-r00:1178064.522: log(norms):     [2047.94, 2050.93, 2053.52, 2053.57, 2053.53, 2053.67, 2053.56, 2053.56, 2053.58, 2053.58]
exp033-n2048-k10-d250-bs70-f1.000-r00:1178064.548: (20011 sec)
exp033-n2048-k10-d250-bs70-f1.000-r00:1178064.548: Loop 46/100
exp033-n2048-k10-d250-bs70-f1.000-r00:1199058.464: log(exp-norms): [2047.94, 2050.14, 2051.62]
exp033-n2048-k10-d250-bs70-f1.000-r00:1199058.465: log(norms):     [2047.94, 2050.93, 2053.52, 2053.57, 2053.53, 2053.67, 2053.56, 2053.56, 2053.58, 2053.66]
exp033-n2048-k10-d250-bs70-f1.000-r00:1199058.490: (20994 sec)
exp033-n2048-k10-d250-bs70-f1.000-r00:1199058.490: Loop 47/100
exp033-n2048-k10-d250-bs70-f1.000-r00:1219043.303: log(exp-norms): [2047.94, 2050.14, 2051.62]
exp033-n2048-k10-d250-bs70-f1.000-r00:1219043.304: log(norms):     [2047.94, 2050.93, 2053.52, 2053.57, 2053.53, 2053.67, 2053.83, 2053.56, 2053.56, 2053.58]
exp033-n2048-k10-d250-bs70-f1.000-r00:1219043.329: (19985 sec)
exp033-n2048-k10-d250-bs70-f1.000-r00:1219043.330: Loop 48/100
exp033-n2048-k10-d250-bs70-f1.000-r00:1239279.880: log(exp-norms): [2047.94, 2050.14, 2051.62]
exp033-n2048-k10-d250-bs70-f1.000-r00:1239279.881: log(norms):     [2047.94, 2050.93, 2053.52, 2053.57, 2053.53, 2053.67, 2053.83, 2053.56, 2053.56, 2053.58]
exp033-n2048-k10-d250-bs70-f1.000-r00:1239279.906: (20237 sec)
exp033-n2048-k10-d250-bs70-f1.000-r00:1239279.906: Loop 49/100
exp033-n2048-k10-d250-bs70-f1.000-r00:1258896.283: log(exp-norms): [2047.94, 2050.14, 2051.62]
exp033-n2048-k10-d250-bs70-f1.000-r00:1258896.284: log(norms):     [2047.94, 2050.93, 2053.52, 2053.57, 2053.53, 2053.67, 2053.83, 2053.56, 2053.56, 2053.58]
exp033-n2048-k10-d250-bs70-f1.000-r00:1258896.310: (19617 sec)
exp033-n2048-k10-d250-bs70-f1.000-r00:1258896.310: Loop 50/100
exp033-n2048-k10-d250-bs70-f1.000-r00:1286133.403: log(exp-norms): [2047.94, 2050.14, 2051.62]
exp033-n2048-k10-d250-bs70-f1.000-r00:1286133.404: log(norms):     [2047.94, 2050.93, 2053.52, 2053.57, 2053.53, 2053.67, 2053.83, 2053.56, 2053.56, 2053.7]
exp033-n2048-k10-d250-bs70-f1.000-r00:1286133.432: (27238 sec)
exp033-n2048-k10-d250-bs70-f1.000-r00:1286133.432: Loop 51/100
exp033-n2048-k10-d250-bs70-f1.000-r00:1308227.688: log(exp-norms): [2047.94, 2050.14, 2051.62]
exp033-n2048-k10-d250-bs70-f1.000-r00:1308227.689: log(norms):     [2047.94, 2050.93, 2053.52, 2053.57, 2053.53, 2053.67, 2053.83, 2053.56, 2053.56, 2053.7]
exp033-n2048-k10-d250-bs70-f1.000-r00:1308227.731: (22095 sec)
exp033-n2048-k10-d250-bs70-f1.000-r00:1308227.731: Loop 52/100
exp033-n2048-k10-d250-bs70-f1.000-r00:1329536.825: log(exp-norms): [2047.94, 2050.14, 2051.62]
exp033-n2048-k10-d250-bs70-f1.000-r00:1329536.825: log(norms):     [2047.94, 2050.93, 2053.52, 2053.57, 2053.53, 2053.67, 2053.83, 2053.56, 2053.56, 2053.7]
exp033-n2048-k10-d250-bs70-f1.000-r00:1329536.851: (21310 sec)
exp033-n2048-k10-d250-bs70-f1.000-r00:1329536.851: Loop 53/100
exp033-n2048-k10-d250-bs70-f1.000-r00:1349542.328: log(exp-norms): [2047.94, 2050.14, 2051.62]
exp033-n2048-k10-d250-bs70-f1.000-r00:1349542.329: log(norms):     [2047.94, 2050.93, 2053.52, 2053.57, 2053.53, 2053.67, 2053.83, 2053.56, 2053.56, 2053.7]
exp033-n2048-k10-d250-bs70-f1.000-r00:1349542.355: (20006 sec)
exp033-n2048-k10-d250-bs70-f1.000-r00:1349542.355: Loop 54/100
exp033-n2048-k10-d250-bs70-f1.000-r00:1369541.611: log(exp-norms): [2047.94, 2050.14, 2051.62]
exp033-n2048-k10-d250-bs70-f1.000-r00:1369541.611: log(norms):     [2047.94, 2050.93, 2053.52, 2053.57, 2053.53, 2053.67, 2053.83, 2053.56, 2053.56, 2053.7]
exp033-n2048-k10-d250-bs70-f1.000-r00:1369541.637: (20000 sec)
exp033-n2048-k10-d250-bs70-f1.000-r00:1369541.637: Loop 55/100
exp033-n2048-k10-d250-bs70-f1.000-r00:1389417.649: log(exp-norms): [2047.94, 2050.14, 2051.62]
exp033-n2048-k10-d250-bs70-f1.000-r00:1389417.651: log(norms):     [2047.94, 2050.93, 2053.52, 2053.57, 2053.53, 2053.67, 2053.83, 2053.56, 2053.56, 2053.7]
exp033-n2048-k10-d250-bs70-f1.000-r00:1389417.676: (19877 sec)
exp033-n2048-k10-d250-bs70-f1.000-r00:1389417.677: Loop 56/100
exp033-n2048-k10-d250-bs70-f1.000-r00:1409359.650: log(exp-norms): [2047.94, 2050.14, 2051.62]
exp033-n2048-k10-d250-bs70-f1.000-r00:1409359.650: log(norms):     [2047.94, 2050.93, 2053.52, 2053.57, 2053.53, 2053.67, 2053.83, 2053.56, 2053.56, 2053.7]
exp033-n2048-k10-d250-bs70-f1.000-r00:1409359.676: (19942 sec)
exp033-n2048-k10-d250-bs70-f1.000-r00:1409359.676: Loop 57/100
exp033-n2048-k10-d250-bs70-f1.000-r00:1430763.340: log(exp-norms): [2047.94, 2050.14, 2051.62]
exp033-n2048-k10-d250-bs70-f1.000-r00:1430763.341: log(norms):     [2047.94, 2050.93, 2053.52, 2053.57, 2053.53, 2053.67, 2053.83, 2053.56, 2053.56, 2053.7]
exp033-n2048-k10-d250-bs70-f1.000-r00:1430763.367: (21404 sec)
exp033-n2048-k10-d250-bs70-f1.000-r00:1430763.367: Loop 58/100
exp033-n2048-k10-d250-bs70-f1.000-r00:1452081.239: log(exp-norms): [2047.94, 2050.14, 2051.62]
exp033-n2048-k10-d250-bs70-f1.000-r00:1452081.240: log(norms):     [2047.94, 2050.93, 2053.52, 2053.57, 2053.53, 2053.67, 2053.83, 2053.56, 2053.56, 2053.7]
exp033-n2048-k10-d250-bs70-f1.000-r00:1452081.266: (21318 sec)
exp033-n2048-k10-d250-bs70-f1.000-r00:1452081.266: Loop 59/100
exp033-n2048-k10-d250-bs70-f1.000-r00:1472264.558: log(exp-norms): [2047.94, 2050.14, 2051.62]
exp033-n2048-k10-d250-bs70-f1.000-r00:1472264.559: log(norms):     [2047.94, 2050.93, 2053.52, 2053.57, 2053.53, 2053.67, 2053.83, 2053.56, 2053.56, 2053.7]
exp033-n2048-k10-d250-bs70-f1.000-r00:1472264.584: (20184 sec)
exp033-n2048-k10-d250-bs70-f1.000-r00:1472264.585: Loop 60/100
exp033-n2048-k10-d250-bs70-f1.000-r00:1492633.234: log(exp-norms): [2047.94, 2050.14, 2051.62]
exp033-n2048-k10-d250-bs70-f1.000-r00:1492633.234: log(norms):     [2047.94, 2050.93, 2053.52, 2053.57, 2053.53, 2053.67, 2053.83, 2053.56, 2053.56, 2053.7]
exp033-n2048-k10-d250-bs70-f1.000-r00:1492633.260: (20369 sec)
exp033-n2048-k10-d250-bs70-f1.000-r00:1492633.260: Loop 61/100
exp033-n2048-k10-d250-bs70-f1.000-r00:1512131.545: log(exp-norms): [2047.94, 2050.14, 2051.62]
exp033-n2048-k10-d250-bs70-f1.000-r00:1512131.547: log(norms):     [2047.94, 2050.93, 2053.52, 2053.57, 2053.53, 2053.67, 2053.83, 2053.56, 2053.56, 2053.7]
exp033-n2048-k10-d250-bs70-f1.000-r00:1512131.574: (19499 sec)
exp033-n2048-k10-d250-bs70-f1.000-r00:1512131.574: Loop 62/100
exp033-n2048-k10-d250-bs70-f1.000-r00:1532846.812: log(exp-norms): [2047.94, 2050.14, 2051.62]
exp033-n2048-k10-d250-bs70-f1.000-r00:1532846.813: log(norms):     [2047.94, 2050.93, 2053.52, 2053.57, 2053.53, 2053.67, 2053.83, 2053.56, 2053.56, 2053.71]
exp033-n2048-k10-d250-bs70-f1.000-r00:1532846.839: (20716 sec)
exp033-n2048-k10-d250-bs70-f1.000-r00:1532846.839: Loop 63/100
exp033-n2048-k10-d250-bs70-f1.000-r00:1552148.318: log(exp-norms): [2047.94, 2050.14, 2051.62]
exp033-n2048-k10-d250-bs70-f1.000-r00:1552148.319: log(norms):     [2047.94, 2050.93, 2053.52, 2053.57, 2053.53, 2053.67, 2053.83, 2053.56, 2053.56, 2053.71]
exp033-n2048-k10-d250-bs70-f1.000-r00:1552148.345: (19302 sec)
exp033-n2048-k10-d250-bs70-f1.000-r00:1552148.345: Loop 64/100
exp033-n2048-k10-d250-bs70-f1.000-r00:1573646.252: log(exp-norms): [2047.94, 2050.14, 2051.62]
exp033-n2048-k10-d250-bs70-f1.000-r00:1573646.252: log(norms):     [2047.94, 2050.93, 2053.52, 2053.57, 2053.53, 2053.67, 2053.83, 2053.56, 2053.56, 2053.71]
exp033-n2048-k10-d250-bs70-f1.000-r00:1573646.278: (21498 sec)
exp033-n2048-k10-d250-bs70-f1.000-r00:1573646.278: Loop 65/100
exp033-n2048-k10-d250-bs70-f1.000-r00:1594172.089: log(exp-norms): [2047.94, 2050.14, 2051.62]
exp033-n2048-k10-d250-bs70-f1.000-r00:1594172.090: log(norms):     [2047.94, 2050.93, 2053.52, 2053.57, 2053.53, 2053.67, 2053.83, 2053.56, 2053.56, 2053.71]
exp033-n2048-k10-d250-bs70-f1.000-r00:1594172.116: (20526 sec)
exp033-n2048-k10-d250-bs70-f1.000-r00:1594172.116: Loop 66/100
exp033-n2048-k10-d250-bs70-f1.000-r00:1614750.833: log(exp-norms): [2047.94, 2050.14, 2051.62]
exp033-n2048-k10-d250-bs70-f1.000-r00:1614750.833: log(norms):     [2047.94, 2050.93, 2053.52, 2053.57, 2053.53, 2053.67, 2053.83, 2053.56, 2053.56, 2053.71]
exp033-n2048-k10-d250-bs70-f1.000-r00:1614750.875: (20579 sec)
exp033-n2048-k10-d250-bs70-f1.000-r00:1614750.875: Loop 67/100
exp033-n2048-k10-d250-bs70-f1.000-r00:1635200.471: log(exp-norms): [2047.94, 2050.14, 2051.62]
exp033-n2048-k10-d250-bs70-f1.000-r00:1635200.472: log(norms):     [2047.94, 2050.93, 2053.52, 2053.57, 2053.53, 2053.67, 2053.83, 2053.56, 2053.56, 2053.71]
exp033-n2048-k10-d250-bs70-f1.000-r00:1635200.498: (20450 sec)
exp033-n2048-k10-d250-bs70-f1.000-r00:1635200.498: Loop 68/100
