exp015-n2048-k10-d310-bs60-f1.000-r00:000000.274: ==========================Instance==========================
exp015-n2048-k10-d310-bs60-f1.000-r00:000000.274: # of equations: 310
exp015-n2048-k10-d310-bs60-f1.000-r00:000000.279: Gap: 8.32
exp015-n2048-k10-d310-bs60-f1.000-r00:000000.289: Tau: 16.21
exp015-n2048-k10-d310-bs60-f1.000-r00:000000.290: ======================BKZ-60 reduction======================
exp015-n2048-k10-d310-bs60-f1.000-r00:000013.448: Expectedly achievable log(norm): 2056.38
exp015-n2048-k10-d310-bs60-f1.000-r00:000026.014: log(exp-norms): [2047.94, 2050.29, 2053.35]
exp015-n2048-k10-d310-bs60-f1.000-r00:000026.015: log(norms):     [2061.26, 2051.09, 2057.89, 2057.89, 2057.89, 2057.89, 2057.89, 2057.89, 2057.89, 2057.89]
exp015-n2048-k10-d310-bs60-f1.000-r00:000026.120: Loop 1/100
exp015-n2048-k10-d310-bs60-f1.000-r00:017192.513: log(exp-norms): [2047.94, 2050.29, 2053.35]
exp015-n2048-k10-d310-bs60-f1.000-r00:017192.514: log(norms):     [2051.09, 2057.89, 2057.89, 2057.89, 2057.89, 2057.89, 2057.89, 2057.89, 2057.89, 2057.89]
exp015-n2048-k10-d310-bs60-f1.000-r00:017192.570: (17167 sec)
exp015-n2048-k10-d310-bs60-f1.000-r00:017192.570: Loop 2/100
exp015-n2048-k10-d310-bs60-f1.000-r00:023179.846: log(exp-norms): [2047.94, 2050.29, 2053.35]
exp015-n2048-k10-d310-bs60-f1.000-r00:023179.847: log(norms):     [2051.09, 2057.89, 2057.89, 2057.89, 2057.89, 2057.89, 2057.89, 2057.89, 2057.89, 2057.89]
exp015-n2048-k10-d310-bs60-f1.000-r00:023179.902: (5988 sec)
exp015-n2048-k10-d310-bs60-f1.000-r00:023179.903: Loop 3/100
exp015-n2048-k10-d310-bs60-f1.000-r00:028843.591: log(exp-norms): [2047.94, 2050.29, 2053.35]
exp015-n2048-k10-d310-bs60-f1.000-r00:028843.593: log(norms):     [2051.09, 2057.89, 2057.89, 2057.89, 2057.89, 2057.89, 2057.89, 2057.89, 2057.89, 2057.89]
exp015-n2048-k10-d310-bs60-f1.000-r00:028843.649: (5664 sec)
exp015-n2048-k10-d310-bs60-f1.000-r00:028843.649: Loop 4/100
exp015-n2048-k10-d310-bs60-f1.000-r00:034726.775: log(exp-norms): [2047.94, 2050.29, 2053.35]
exp015-n2048-k10-d310-bs60-f1.000-r00:034726.776: log(norms):     [2051.09, 2057.89, 2057.89, 2057.89, 2057.89, 2057.89, 2057.89, 2057.89, 2057.89, 2057.89]
exp015-n2048-k10-d310-bs60-f1.000-r00:034726.831: (5884 sec)
exp015-n2048-k10-d310-bs60-f1.000-r00:034726.832: Loop 5/100
exp015-n2048-k10-d310-bs60-f1.000-r00:040404.639: log(exp-norms): [2047.94, 2050.29, 2053.35]
exp015-n2048-k10-d310-bs60-f1.000-r00:040404.641: log(norms):     [2051.09, 2057.89, 2057.89, 2057.89, 2057.89, 2057.89, 2057.89, 2058.21, 2057.89, 2058.03]
exp015-n2048-k10-d310-bs60-f1.000-r00:040404.706: (5678 sec)
exp015-n2048-k10-d310-bs60-f1.000-r00:040404.706: Loop 6/100
exp015-n2048-k10-d310-bs60-f1.000-r00:045970.008: log(exp-norms): [2047.94, 2050.29, 2053.35]
exp015-n2048-k10-d310-bs60-f1.000-r00:045970.009: log(norms):     [2047.94, 2051.09, 2057.82, 2057.89, 2057.83, 2058.05, 2058.04, 2057.93, 2057.92, 2057.87]
exp015-n2048-k10-d310-bs60-f1.000-r00:045970.063: (5566 sec)
exp015-n2048-k10-d310-bs60-f1.000-r00:045970.064: Loop 7/100
exp015-n2048-k10-d310-bs60-f1.000-r00:051430.015: log(exp-norms): [2047.94, 2050.29, 2053.35]
exp015-n2048-k10-d310-bs60-f1.000-r00:051430.017: log(norms):     [2047.94, 2051.09, 2057.66, 2057.65, 2057.69, 2057.74, 2057.81, 2057.7, 2057.93, 2057.73]
exp015-n2048-k10-d310-bs60-f1.000-r00:051430.073: (5461 sec)
exp015-n2048-k10-d310-bs60-f1.000-r00:051430.073: Loop 8/100
exp015-n2048-k10-d310-bs60-f1.000-r00:056965.835: log(exp-norms): [2047.94, 2050.29, 2053.35]
exp015-n2048-k10-d310-bs60-f1.000-r00:056965.837: log(norms):     [2047.94, 2051.09, 2057.29, 2057.39, 2057.54, 2057.53, 2057.57, 2057.59, 2057.67, 2057.78]
exp015-n2048-k10-d310-bs60-f1.000-r00:056965.899: (5536 sec)
exp015-n2048-k10-d310-bs60-f1.000-r00:056965.900: Loop 9/100
exp015-n2048-k10-d310-bs60-f1.000-r00:062363.698: log(exp-norms): [2047.94, 2050.29, 2053.35]
exp015-n2048-k10-d310-bs60-f1.000-r00:062363.699: log(norms):     [2047.94, 2051.09, 2057.24, 2057.31, 2057.32, 2057.43, 2057.57, 2057.31, 2057.53, 2057.29]
exp015-n2048-k10-d310-bs60-f1.000-r00:062363.754: (5398 sec)
exp015-n2048-k10-d310-bs60-f1.000-r00:062363.754: Loop 10/100
exp015-n2048-k10-d310-bs60-f1.000-r00:067636.529: log(exp-norms): [2047.94, 2050.29, 2053.35]
exp015-n2048-k10-d310-bs60-f1.000-r00:067636.531: log(norms):     [2047.94, 2051.09, 2057.17, 2057.27, 2057.21, 2057.22, 2057.14, 2057.36, 2057.19, 2057.4]
exp015-n2048-k10-d310-bs60-f1.000-r00:067636.586: (5273 sec)
exp015-n2048-k10-d310-bs60-f1.000-r00:067636.586: Loop 11/100
exp015-n2048-k10-d310-bs60-f1.000-r00:073015.676: log(exp-norms): [2047.94, 2050.29, 2053.35]
exp015-n2048-k10-d310-bs60-f1.000-r00:073015.677: log(norms):     [2047.94, 2051.09, 2057.02, 2057.05, 2057.1, 2057.14, 2057.26, 2057.03, 2056.97, 2057.28]
exp015-n2048-k10-d310-bs60-f1.000-r00:073015.741: (5380 sec)
exp015-n2048-k10-d310-bs60-f1.000-r00:073015.741: Loop 12/100
exp015-n2048-k10-d310-bs60-f1.000-r00:078348.006: log(exp-norms): [2047.94, 2050.29, 2053.35]
exp015-n2048-k10-d310-bs60-f1.000-r00:078348.007: log(norms):     [2047.94, 2051.09, 2056.89, 2057.02, 2057.04, 2056.9, 2057.09, 2056.98, 2057.1, 2057.08]
exp015-n2048-k10-d310-bs60-f1.000-r00:078348.061: (5333 sec)
exp015-n2048-k10-d310-bs60-f1.000-r00:078348.061: Loop 13/100
exp015-n2048-k10-d310-bs60-f1.000-r00:083598.215: log(exp-norms): [2047.94, 2050.29, 2053.35]
exp015-n2048-k10-d310-bs60-f1.000-r00:083598.225: log(norms):     [2047.94, 2051.09, 2056.81, 2056.95, 2056.92, 2056.87, 2056.99, 2057.13, 2056.91, 2057.11]
exp015-n2048-k10-d310-bs60-f1.000-r00:083598.282: (5251 sec)
exp015-n2048-k10-d310-bs60-f1.000-r00:083598.283: Loop 14/100
exp015-n2048-k10-d310-bs60-f1.000-r00:088907.773: log(exp-norms): [2047.94, 2050.29, 2053.35]
exp015-n2048-k10-d310-bs60-f1.000-r00:088907.774: log(norms):     [2047.94, 2051.09, 2056.77, 2056.81, 2056.87, 2056.82, 2056.82, 2057.0, 2057.08, 2056.93]
exp015-n2048-k10-d310-bs60-f1.000-r00:088907.829: (5310 sec)
exp015-n2048-k10-d310-bs60-f1.000-r00:088907.829: Loop 15/100
exp015-n2048-k10-d310-bs60-f1.000-r00:094359.502: log(exp-norms): [2047.94, 2050.29, 2053.35]
exp015-n2048-k10-d310-bs60-f1.000-r00:094359.504: log(norms):     [2047.94, 2051.09, 2056.72, 2056.76, 2056.82, 2056.83, 2056.82, 2056.94, 2056.86, 2056.87]
exp015-n2048-k10-d310-bs60-f1.000-r00:094359.560: (5452 sec)
exp015-n2048-k10-d310-bs60-f1.000-r00:094359.560: Loop 16/100
exp015-n2048-k10-d310-bs60-f1.000-r00:099494.551: log(exp-norms): [2047.94, 2050.29, 2053.35]
exp015-n2048-k10-d310-bs60-f1.000-r00:099494.552: log(norms):     [2047.94, 2051.09, 2056.69, 2056.75, 2056.72, 2056.76, 2056.77, 2056.87, 2056.83, 2056.82]
exp015-n2048-k10-d310-bs60-f1.000-r00:099494.586: (5136 sec)
exp015-n2048-k10-d310-bs60-f1.000-r00:099494.587: Loop 17/100
exp015-n2048-k10-d310-bs60-f1.000-r00:104536.880: log(exp-norms): [2047.94, 2050.29, 2053.35]
exp015-n2048-k10-d310-bs60-f1.000-r00:104536.881: log(norms):     [2047.94, 2051.09, 2056.64, 2056.77, 2056.7, 2056.76, 2056.79, 2056.83, 2056.64, 2056.65]
exp015-n2048-k10-d310-bs60-f1.000-r00:104536.936: (5043 sec)
exp015-n2048-k10-d310-bs60-f1.000-r00:104536.937: Loop 18/100
exp015-n2048-k10-d310-bs60-f1.000-r00:109587.188: log(exp-norms): [2047.94, 2050.29, 2053.35]
exp015-n2048-k10-d310-bs60-f1.000-r00:109587.189: log(norms):     [2047.94, 2051.09, 2056.54, 2056.63, 2056.63, 2056.65, 2056.84, 2056.83, 2056.82, 2056.8]
exp015-n2048-k10-d310-bs60-f1.000-r00:109587.243: (5051 sec)
exp015-n2048-k10-d310-bs60-f1.000-r00:109587.244: Loop 19/100
exp015-n2048-k10-d310-bs60-f1.000-r00:114802.180: log(exp-norms): [2047.94, 2050.29, 2053.35]
exp015-n2048-k10-d310-bs60-f1.000-r00:114802.181: log(norms):     [2047.94, 2051.09, 2056.54, 2056.63, 2056.67, 2056.63, 2056.65, 2056.51, 2056.78, 2056.8]
exp015-n2048-k10-d310-bs60-f1.000-r00:114802.250: (5216 sec)
exp015-n2048-k10-d310-bs60-f1.000-r00:114802.251: Loop 20/100
exp015-n2048-k10-d310-bs60-f1.000-r00:119653.937: log(exp-norms): [2047.94, 2050.29, 2053.35]
exp015-n2048-k10-d310-bs60-f1.000-r00:119653.938: log(norms):     [2047.94, 2051.09, 2056.51, 2056.54, 2056.65, 2056.69, 2056.63, 2056.81, 2056.57, 2056.7]
exp015-n2048-k10-d310-bs60-f1.000-r00:119653.992: (4852 sec)
exp015-n2048-k10-d310-bs60-f1.000-r00:119653.993: Loop 21/100
exp015-n2048-k10-d310-bs60-f1.000-r00:124571.758: log(exp-norms): [2047.94, 2050.29, 2053.35]
exp015-n2048-k10-d310-bs60-f1.000-r00:124571.759: log(norms):     [2047.94, 2051.09, 2056.51, 2056.66, 2056.73, 2056.54, 2056.51, 2056.57, 2056.74, 2056.85]
exp015-n2048-k10-d310-bs60-f1.000-r00:124571.813: (4918 sec)
exp015-n2048-k10-d310-bs60-f1.000-r00:124571.813: Loop 22/100
exp015-n2048-k10-d310-bs60-f1.000-r00:129397.376: log(exp-norms): [2047.94, 2050.29, 2053.35]
exp015-n2048-k10-d310-bs60-f1.000-r00:129397.377: log(norms):     [2047.94, 2051.09, 2056.49, 2056.54, 2056.47, 2056.51, 2056.57, 2056.67, 2056.62, 2056.71]
exp015-n2048-k10-d310-bs60-f1.000-r00:129397.411: (4826 sec)
exp015-n2048-k10-d310-bs60-f1.000-r00:129397.411: Loop 23/100
exp015-n2048-k10-d310-bs60-f1.000-r00:134944.649: log(exp-norms): [2047.94, 2050.29, 2053.35]
exp015-n2048-k10-d310-bs60-f1.000-r00:134944.650: log(norms):     [2047.94, 2051.09, 2056.47, 2056.54, 2056.49, 2056.51, 2056.57, 2056.78, 2056.67, 2056.62]
exp015-n2048-k10-d310-bs60-f1.000-r00:134944.718: (5548 sec)
exp015-n2048-k10-d310-bs60-f1.000-r00:134944.719: Loop 24/100
exp015-n2048-k10-d310-bs60-f1.000-r00:140438.519: log(exp-norms): [2047.94, 2050.29, 2053.35]
exp015-n2048-k10-d310-bs60-f1.000-r00:140438.521: log(norms):     [2047.94, 2051.09, 2056.47, 2056.54, 2056.49, 2056.61, 2056.51, 2056.65, 2056.78, 2056.84]
exp015-n2048-k10-d310-bs60-f1.000-r00:140438.585: (5494 sec)
exp015-n2048-k10-d310-bs60-f1.000-r00:140438.585: Loop 25/100
exp015-n2048-k10-d310-bs60-f1.000-r00:145880.447: log(exp-norms): [2047.94, 2050.29, 2053.35]
exp015-n2048-k10-d310-bs60-f1.000-r00:145880.448: log(norms):     [2047.94, 2051.09, 2056.47, 2056.54, 2056.49, 2056.61, 2056.51, 2056.65, 2056.78, 2056.84]
exp015-n2048-k10-d310-bs60-f1.000-r00:145880.502: (5442 sec)
exp015-n2048-k10-d310-bs60-f1.000-r00:145880.502: Loop 26/100
exp015-n2048-k10-d310-bs60-f1.000-r00:151487.443: log(exp-norms): [2047.94, 2050.29, 2053.35]
exp015-n2048-k10-d310-bs60-f1.000-r00:151487.444: log(norms):     [2047.94, 2051.09, 2056.47, 2056.54, 2056.49, 2056.48, 2056.52, 2056.7, 2056.5, 2056.66]
exp015-n2048-k10-d310-bs60-f1.000-r00:151487.499: (5607 sec)
exp015-n2048-k10-d310-bs60-f1.000-r00:151487.500: Loop 27/100
exp015-n2048-k10-d310-bs60-f1.000-r00:157073.515: log(exp-norms): [2047.94, 2050.29, 2053.35]
exp015-n2048-k10-d310-bs60-f1.000-r00:157073.516: log(norms):     [2047.94, 2051.09, 2056.47, 2056.54, 2056.49, 2056.48, 2056.52, 2056.64, 2056.68, 2056.59]
exp015-n2048-k10-d310-bs60-f1.000-r00:157073.572: (5587 sec)
exp015-n2048-k10-d310-bs60-f1.000-r00:157073.572: Loop 28/100
exp015-n2048-k10-d310-bs60-f1.000-r00:162670.285: log(exp-norms): [2047.94, 2050.29, 2053.35]
exp015-n2048-k10-d310-bs60-f1.000-r00:162670.287: log(norms):     [2047.94, 2051.09, 2056.46, 2056.48, 2056.47, 2056.54, 2056.49, 2056.64, 2056.62, 2056.75]
exp015-n2048-k10-d310-bs60-f1.000-r00:162670.342: (5597 sec)
exp015-n2048-k10-d310-bs60-f1.000-r00:162670.342: Loop 29/100
exp015-n2048-k10-d310-bs60-f1.000-r00:168098.335: log(exp-norms): [2047.94, 2050.29, 2053.35]
exp015-n2048-k10-d310-bs60-f1.000-r00:168098.337: log(norms):     [2047.94, 2051.09, 2056.46, 2056.48, 2056.47, 2056.54, 2056.49, 2056.49, 2056.64, 2056.62]
exp015-n2048-k10-d310-bs60-f1.000-r00:168098.391: (5429 sec)
exp015-n2048-k10-d310-bs60-f1.000-r00:168098.392: Loop 30/100
exp015-n2048-k10-d310-bs60-f1.000-r00:173540.744: log(exp-norms): [2047.94, 2050.29, 2053.35]
exp015-n2048-k10-d310-bs60-f1.000-r00:173540.745: log(norms):     [2047.94, 2051.09, 2056.46, 2056.48, 2056.58, 2056.47, 2056.63, 2056.49, 2056.67, 2056.63]
exp015-n2048-k10-d310-bs60-f1.000-r00:173540.809: (5443 sec)
exp015-n2048-k10-d310-bs60-f1.000-r00:173540.809: Loop 31/100
exp015-n2048-k10-d310-bs60-f1.000-r00:179068.153: log(exp-norms): [2047.94, 2050.29, 2053.35]
exp015-n2048-k10-d310-bs60-f1.000-r00:179068.155: log(norms):     [2047.94, 2051.09, 2056.46, 2056.48, 2056.58, 2056.47, 2056.63, 2056.49, 2056.67, 2056.63]
exp015-n2048-k10-d310-bs60-f1.000-r00:179068.209: (5528 sec)
exp015-n2048-k10-d310-bs60-f1.000-r00:179068.210: Loop 32/100
exp015-n2048-k10-d310-bs60-f1.000-r00:184531.425: log(exp-norms): [2047.94, 2050.29, 2053.35]
exp015-n2048-k10-d310-bs60-f1.000-r00:184531.426: log(norms):     [2047.94, 2051.09, 2056.46, 2056.48, 2056.58, 2056.47, 2056.63, 2056.49, 2056.67, 2056.63]
exp015-n2048-k10-d310-bs60-f1.000-r00:184531.484: (5464 sec)
exp015-n2048-k10-d310-bs60-f1.000-r00:184531.485: Loop 33/100
exp015-n2048-k10-d310-bs60-f1.000-r00:189995.070: log(exp-norms): [2047.94, 2050.29, 2053.35]
exp015-n2048-k10-d310-bs60-f1.000-r00:189995.071: log(norms):     [2047.94, 2051.09, 2056.46, 2056.48, 2056.58, 2056.47, 2056.63, 2056.49, 2056.67, 2056.53]
exp015-n2048-k10-d310-bs60-f1.000-r00:189995.125: (5464 sec)
exp015-n2048-k10-d310-bs60-f1.000-r00:189995.126: Loop 34/100
exp015-n2048-k10-d310-bs60-f1.000-r00:195557.803: log(exp-norms): [2047.94, 2050.29, 2053.35]
exp015-n2048-k10-d310-bs60-f1.000-r00:195557.805: log(norms):     [2047.94, 2051.09, 2056.46, 2056.48, 2056.58, 2056.47, 2056.63, 2056.49, 2056.67, 2056.53]
exp015-n2048-k10-d310-bs60-f1.000-r00:195557.860: (5563 sec)
exp015-n2048-k10-d310-bs60-f1.000-r00:195557.860: Loop 35/100
exp015-n2048-k10-d310-bs60-f1.000-r00:201021.985: log(exp-norms): [2047.94, 2050.29, 2053.35]
exp015-n2048-k10-d310-bs60-f1.000-r00:201021.986: log(norms):     [2047.94, 2051.09, 2056.46, 2056.48, 2056.58, 2056.47, 2056.63, 2056.48, 2056.49, 2056.67]
exp015-n2048-k10-d310-bs60-f1.000-r00:201022.045: (5465 sec)
exp015-n2048-k10-d310-bs60-f1.000-r00:201022.046: Loop 36/100
exp015-n2048-k10-d310-bs60-f1.000-r00:206542.972: log(exp-norms): [2047.94, 2050.29, 2053.35]
exp015-n2048-k10-d310-bs60-f1.000-r00:206542.973: log(norms):     [2047.94, 2051.09, 2056.46, 2056.48, 2056.58, 2056.47, 2056.63, 2056.48, 2056.49, 2056.67]
exp015-n2048-k10-d310-bs60-f1.000-r00:206543.029: (5521 sec)
exp015-n2048-k10-d310-bs60-f1.000-r00:206543.029: Loop 37/100
exp015-n2048-k10-d310-bs60-f1.000-r00:211976.912: log(exp-norms): [2047.94, 2050.29, 2053.35]
exp015-n2048-k10-d310-bs60-f1.000-r00:211976.912: log(norms):     [2047.94, 2051.09, 2056.44, 2056.48, 2056.46, 2056.58, 2056.47, 2056.53, 2056.65, 2056.48]
exp015-n2048-k10-d310-bs60-f1.000-r00:211976.966: (5434 sec)
exp015-n2048-k10-d310-bs60-f1.000-r00:211976.966: Loop 38/100
exp015-n2048-k10-d310-bs60-f1.000-r00:217516.217: log(exp-norms): [2047.94, 2050.29, 2053.35]
exp015-n2048-k10-d310-bs60-f1.000-r00:217516.218: log(norms):     [2047.94, 2051.09, 2056.35, 2056.44, 2056.47, 2056.57, 2056.46, 2056.54, 2056.6, 2056.81]
exp015-n2048-k10-d310-bs60-f1.000-r00:217516.278: (5540 sec)
exp015-n2048-k10-d310-bs60-f1.000-r00:217516.278: Loop 39/100
exp015-n2048-k10-d310-bs60-f1.000-r00:223025.922: log(exp-norms): [2047.94, 2050.29, 2053.35]
exp015-n2048-k10-d310-bs60-f1.000-r00:223025.923: log(norms):     [2047.94, 2051.09, 2056.35, 2056.44, 2056.47, 2056.63, 2056.57, 2056.46, 2056.58, 2056.54]
exp015-n2048-k10-d310-bs60-f1.000-r00:223025.987: (5510 sec)
exp015-n2048-k10-d310-bs60-f1.000-r00:223025.987: Loop 40/100
exp015-n2048-k10-d310-bs60-f1.000-r00:228604.302: log(exp-norms): [2047.94, 2050.29, 2053.35]
exp015-n2048-k10-d310-bs60-f1.000-r00:228604.303: log(norms):     [2047.94, 2051.09, 2056.35, 2056.44, 2056.47, 2056.63, 2056.57, 2056.72, 2056.63, 2056.66]
exp015-n2048-k10-d310-bs60-f1.000-r00:228604.361: (5579 sec)
exp015-n2048-k10-d310-bs60-f1.000-r00:228604.361: Loop 41/100
exp015-n2048-k10-d310-bs60-f1.000-r00:234293.756: log(exp-norms): [2047.94, 2050.29, 2053.35]
exp015-n2048-k10-d310-bs60-f1.000-r00:234293.757: log(norms):     [2047.94, 2051.09, 2056.35, 2056.46, 2056.51, 2056.57, 2056.45, 2056.59, 2056.54, 2056.46]
exp015-n2048-k10-d310-bs60-f1.000-r00:234293.813: (5690 sec)
exp015-n2048-k10-d310-bs60-f1.000-r00:234293.814: Loop 42/100
exp015-n2048-k10-d310-bs60-f1.000-r00:239608.479: log(exp-norms): [2047.94, 2050.29, 2053.35]
exp015-n2048-k10-d310-bs60-f1.000-r00:239608.480: log(norms):     [2047.94, 2051.09, 2056.35, 2056.46, 2056.51, 2056.51, 2056.66, 2056.55, 2056.69, 2056.62]
exp015-n2048-k10-d310-bs60-f1.000-r00:239608.535: (5315 sec)
exp015-n2048-k10-d310-bs60-f1.000-r00:239608.535: Loop 43/100
exp015-n2048-k10-d310-bs60-f1.000-r00:245149.001: log(exp-norms): [2047.94, 2050.29, 2053.35]
exp015-n2048-k10-d310-bs60-f1.000-r00:245149.002: log(norms):     [2047.94, 2051.09, 2056.35, 2056.46, 2056.51, 2056.51, 2056.66, 2056.55, 2056.62, 2056.69]
exp015-n2048-k10-d310-bs60-f1.000-r00:245149.056: (5541 sec)
exp015-n2048-k10-d310-bs60-f1.000-r00:245149.057: Loop 44/100
exp015-n2048-k10-d310-bs60-f1.000-r00:250657.123: log(exp-norms): [2047.94, 2050.29, 2053.35]
exp015-n2048-k10-d310-bs60-f1.000-r00:250657.124: log(norms):     [2047.94, 2051.09, 2056.35, 2056.46, 2056.51, 2056.51, 2056.56, 2056.66, 2056.55, 2056.45]
exp015-n2048-k10-d310-bs60-f1.000-r00:250657.178: (5509 sec)
exp015-n2048-k10-d310-bs60-f1.000-r00:250657.179: Loop 45/100
exp015-n2048-k10-d310-bs60-f1.000-r00:256232.274: log(exp-norms): [2047.94, 2050.29, 2053.35]
exp015-n2048-k10-d310-bs60-f1.000-r00:256232.275: log(norms):     [2047.94, 2051.09, 2056.35, 2056.46, 2056.44, 2056.51, 2056.51, 2056.56, 2056.75, 2056.45]
exp015-n2048-k10-d310-bs60-f1.000-r00:256232.329: (5576 sec)
exp015-n2048-k10-d310-bs60-f1.000-r00:256232.329: Loop 46/100
exp015-n2048-k10-d310-bs60-f1.000-r00:261695.068: log(exp-norms): [2047.94, 2050.29, 2053.35]
exp015-n2048-k10-d310-bs60-f1.000-r00:261695.069: log(norms):     [2047.94, 2051.09, 2056.35, 2056.46, 2056.44, 2056.51, 2056.51, 2056.56, 2056.75, 2056.45]
exp015-n2048-k10-d310-bs60-f1.000-r00:261695.125: (5463 sec)
exp015-n2048-k10-d310-bs60-f1.000-r00:261695.125: Loop 47/100
exp015-n2048-k10-d310-bs60-f1.000-r00:267269.996: log(exp-norms): [2047.94, 2050.29, 2053.35]
exp015-n2048-k10-d310-bs60-f1.000-r00:267269.997: log(norms):     [2047.94, 2051.09, 2056.35, 2056.36, 2056.46, 2056.55, 2056.51, 2056.51, 2056.53, 2056.63]
exp015-n2048-k10-d310-bs60-f1.000-r00:267270.053: (5575 sec)
exp015-n2048-k10-d310-bs60-f1.000-r00:267270.054: Loop 48/100
exp015-n2048-k10-d310-bs60-f1.000-r00:272856.140: log(exp-norms): [2047.94, 2050.29, 2053.35]
exp015-n2048-k10-d310-bs60-f1.000-r00:272856.141: log(norms):     [2047.94, 2051.09, 2056.35, 2056.36, 2056.46, 2056.53, 2056.51, 2056.55, 2056.61, 2056.66]
exp015-n2048-k10-d310-bs60-f1.000-r00:272856.195: (5587 sec)
exp015-n2048-k10-d310-bs60-f1.000-r00:272856.196: Loop 49/100
exp015-n2048-k10-d310-bs60-f1.000-r00:278288.226: log(exp-norms): [2047.94, 2050.29, 2053.35]
exp015-n2048-k10-d310-bs60-f1.000-r00:278288.227: log(norms):     [2047.94, 2051.09, 2056.35, 2056.36, 2056.46, 2056.53, 2056.51, 2056.55, 2056.61, 2056.66]
exp015-n2048-k10-d310-bs60-f1.000-r00:278288.281: (5433 sec)
exp015-n2048-k10-d310-bs60-f1.000-r00:278288.281: Loop 50/100
exp015-n2048-k10-d310-bs60-f1.000-r00:283717.887: log(exp-norms): [2047.94, 2050.29, 2053.35]
exp015-n2048-k10-d310-bs60-f1.000-r00:283717.887: log(norms):     [2047.94, 2051.09, 2056.35, 2056.36, 2056.46, 2056.53, 2056.51, 2056.55, 2056.39, 2056.61]
exp015-n2048-k10-d310-bs60-f1.000-r00:283717.940: (5430 sec)
exp015-n2048-k10-d310-bs60-f1.000-r00:283717.941: Loop 51/100
exp015-n2048-k10-d310-bs60-f1.000-r00:289300.662: log(exp-norms): [2047.94, 2050.29, 2053.35]
exp015-n2048-k10-d310-bs60-f1.000-r00:289300.663: log(norms):     [2047.94, 2051.09, 2056.35, 2056.36, 2056.45, 2056.57, 2056.46, 2056.55, 2056.51, 2056.53]
exp015-n2048-k10-d310-bs60-f1.000-r00:289300.717: (5583 sec)
exp015-n2048-k10-d310-bs60-f1.000-r00:289300.718: Loop 52/100
exp015-n2048-k10-d310-bs60-f1.000-r00:294708.448: log(exp-norms): [2047.94, 2050.29, 2053.35]
exp015-n2048-k10-d310-bs60-f1.000-r00:294708.449: log(norms):     [2047.94, 2051.09, 2056.35, 2056.36, 2056.45, 2056.64, 2056.6, 2056.46, 2056.6, 2056.51]
exp015-n2048-k10-d310-bs60-f1.000-r00:294708.502: (5408 sec)
exp015-n2048-k10-d310-bs60-f1.000-r00:294708.503: Loop 53/100
exp015-n2048-k10-d310-bs60-f1.000-r00:300141.082: log(exp-norms): [2047.94, 2050.29, 2053.35]
exp015-n2048-k10-d310-bs60-f1.000-r00:300141.083: log(norms):     [2047.94, 2051.09, 2056.35, 2056.36, 2056.47, 2056.45, 2056.64, 2056.6, 2056.46, 2056.51]
exp015-n2048-k10-d310-bs60-f1.000-r00:300141.138: (5433 sec)
exp015-n2048-k10-d310-bs60-f1.000-r00:300141.138: Loop 54/100
exp015-n2048-k10-d310-bs60-f1.000-r00:305252.876: log(exp-norms): [2047.94, 2050.29, 2053.35]
exp015-n2048-k10-d310-bs60-f1.000-r00:305252.877: log(norms):     [2047.94, 2051.09, 2056.35, 2056.36, 2056.47, 2056.52, 2056.45, 2056.64, 2056.66, 2056.51]
exp015-n2048-k10-d310-bs60-f1.000-r00:305252.932: (5112 sec)
exp015-n2048-k10-d310-bs60-f1.000-r00:305252.933: Loop 55/100
exp015-n2048-k10-d310-bs60-f1.000-r00:310440.044: log(exp-norms): [2047.94, 2050.29, 2053.35]
exp015-n2048-k10-d310-bs60-f1.000-r00:310440.046: log(norms):     [2047.94, 2051.09, 2056.35, 2056.36, 2056.47, 2056.52, 2056.45, 2056.64, 2056.66, 2056.51]
exp015-n2048-k10-d310-bs60-f1.000-r00:310440.100: (5188 sec)
exp015-n2048-k10-d310-bs60-f1.000-r00:310440.101: Loop 56/100
exp015-n2048-k10-d310-bs60-f1.000-r00:315768.148: log(exp-norms): [2047.94, 2050.29, 2053.35]
exp015-n2048-k10-d310-bs60-f1.000-r00:315768.149: log(norms):     [2047.94, 2051.09, 2056.35, 2056.36, 2056.47, 2056.52, 2056.45, 2056.48, 2056.51, 2056.66]
exp015-n2048-k10-d310-bs60-f1.000-r00:315768.203: (5329 sec)
exp015-n2048-k10-d310-bs60-f1.000-r00:315768.204: Loop 57/100
exp015-n2048-k10-d310-bs60-f1.000-r00:320986.057: log(exp-norms): [2047.94, 2050.29, 2053.35]
exp015-n2048-k10-d310-bs60-f1.000-r00:320986.058: log(norms):     [2047.94, 2051.09, 2056.35, 2056.36, 2056.47, 2056.52, 2056.45, 2056.48, 2056.51, 2056.66]
exp015-n2048-k10-d310-bs60-f1.000-r00:320986.112: (5218 sec)
exp015-n2048-k10-d310-bs60-f1.000-r00:320986.112: Loop 58/100
exp015-n2048-k10-d310-bs60-f1.000-r00:326276.913: log(exp-norms): [2047.94, 2050.29, 2053.35]
exp015-n2048-k10-d310-bs60-f1.000-r00:326276.914: log(norms):     [2047.94, 2051.09, 2056.35, 2056.36, 2056.47, 2056.52, 2056.61, 2056.49, 2056.58, 2056.68]
exp015-n2048-k10-d310-bs60-f1.000-r00:326276.969: (5291 sec)
exp015-n2048-k10-d310-bs60-f1.000-r00:326276.970: Loop 59/100
exp015-n2048-k10-d310-bs60-f1.000-r00:331404.381: log(exp-norms): [2047.94, 2050.29, 2053.35]
exp015-n2048-k10-d310-bs60-f1.000-r00:331404.382: log(norms):     [2047.94, 2051.09, 2056.35, 2056.36, 2056.47, 2056.52, 2056.61, 2056.47, 2056.49, 2056.58]
exp015-n2048-k10-d310-bs60-f1.000-r00:331404.436: (5128 sec)
exp015-n2048-k10-d310-bs60-f1.000-r00:331404.437: Loop 60/100
exp015-n2048-k10-d310-bs60-f1.000-r00:336514.143: log(exp-norms): [2047.94, 2050.29, 2053.35]
exp015-n2048-k10-d310-bs60-f1.000-r00:336514.144: log(norms):     [2047.94, 2051.09, 2056.35, 2056.36, 2056.47, 2056.52, 2056.61, 2056.47, 2056.49, 2056.58]
exp015-n2048-k10-d310-bs60-f1.000-r00:336514.198: (5110 sec)
exp015-n2048-k10-d310-bs60-f1.000-r00:336514.199: Loop 61/100
exp015-n2048-k10-d310-bs60-f1.000-r00:341521.459: log(exp-norms): [2047.94, 2050.29, 2053.35]
exp015-n2048-k10-d310-bs60-f1.000-r00:341521.460: log(norms):     [2047.94, 2051.09, 2056.35, 2056.36, 2056.47, 2056.52, 2056.61, 2056.47, 2056.49, 2056.58]
exp015-n2048-k10-d310-bs60-f1.000-r00:341521.515: (5008 sec)
exp015-n2048-k10-d310-bs60-f1.000-r00:341521.515: Loop 62/100
exp015-n2048-k10-d310-bs60-f1.000-r00:346630.414: log(exp-norms): [2047.94, 2050.29, 2053.35]
exp015-n2048-k10-d310-bs60-f1.000-r00:346630.416: log(norms):     [2047.94, 2051.09, 2056.35, 2056.36, 2056.47, 2056.52, 2056.61, 2056.47, 2056.49, 2056.58]
exp015-n2048-k10-d310-bs60-f1.000-r00:346630.470: (5109 sec)
exp015-n2048-k10-d310-bs60-f1.000-r00:346630.470: Loop 63/100
exp015-n2048-k10-d310-bs60-f1.000-r00:351809.650: log(exp-norms): [2047.94, 2050.29, 2053.35]
exp015-n2048-k10-d310-bs60-f1.000-r00:351809.651: log(norms):     [2047.94, 2051.09, 2056.35, 2056.36, 2056.47, 2056.52, 2056.61, 2056.47, 2056.55, 2056.67]
exp015-n2048-k10-d310-bs60-f1.000-r00:351809.705: (5180 sec)
exp015-n2048-k10-d310-bs60-f1.000-r00:351809.705: Loop 64/100
exp015-n2048-k10-d310-bs60-f1.000-r00:356894.321: log(exp-norms): [2047.94, 2050.29, 2053.35]
exp015-n2048-k10-d310-bs60-f1.000-r00:356894.322: log(norms):     [2047.94, 2051.09, 2056.35, 2056.36, 2056.47, 2056.52, 2056.39, 2056.66, 2056.61, 2056.47]
exp015-n2048-k10-d310-bs60-f1.000-r00:356894.375: (5085 sec)
exp015-n2048-k10-d310-bs60-f1.000-r00:356894.376: Loop 65/100
exp015-n2048-k10-d310-bs60-f1.000-r00:362225.114: log(exp-norms): [2047.94, 2050.29, 2053.35]
exp015-n2048-k10-d310-bs60-f1.000-r00:362225.115: log(norms):     [2047.94, 2051.09, 2056.35, 2056.36, 2056.47, 2056.52, 2056.39, 2056.66, 2056.61, 2056.62]
exp015-n2048-k10-d310-bs60-f1.000-r00:362225.169: (5331 sec)
exp015-n2048-k10-d310-bs60-f1.000-r00:362225.169: Loop 66/100
exp015-n2048-k10-d310-bs60-f1.000-r00:367115.796: log(exp-norms): [2047.94, 2050.29, 2053.35]
exp015-n2048-k10-d310-bs60-f1.000-r00:367115.797: log(norms):     [2047.94, 2051.09, 2056.35, 2056.36, 2056.47, 2056.35, 2056.65, 2056.39, 2056.52, 2056.61]
exp015-n2048-k10-d310-bs60-f1.000-r00:367115.850: (4891 sec)
exp015-n2048-k10-d310-bs60-f1.000-r00:367115.851: Loop 67/100
exp015-n2048-k10-d310-bs60-f1.000-r00:371841.727: log(exp-norms): [2047.94, 2050.29, 2053.35]
exp015-n2048-k10-d310-bs60-f1.000-r00:371841.729: log(norms):     [2047.94, 2051.09, 2056.35, 2056.36, 2056.47, 2056.53, 2056.51, 2056.47, 2056.61, 2056.53]
exp015-n2048-k10-d310-bs60-f1.000-r00:371841.784: (4726 sec)
exp015-n2048-k10-d310-bs60-f1.000-r00:371841.785: Loop 68/100
exp015-n2048-k10-d310-bs60-f1.000-r00:376970.668: log(exp-norms): [2047.94, 2050.29, 2053.35]
exp015-n2048-k10-d310-bs60-f1.000-r00:376970.669: log(norms):     [2047.94, 2051.09, 2056.34, 2056.36, 2056.35, 2056.47, 2056.38, 2056.35, 2056.47, 2056.51]
exp015-n2048-k10-d310-bs60-f1.000-r00:376970.723: (5129 sec)
exp015-n2048-k10-d310-bs60-f1.000-r00:376970.724: Loop 69/100
exp015-n2048-k10-d310-bs60-f1.000-r00:381961.364: log(exp-norms): [2047.94, 2050.29, 2053.35]
exp015-n2048-k10-d310-bs60-f1.000-r00:381961.365: log(norms):     [2047.94, 2051.09, 2056.34, 2056.36, 2056.35, 2056.47, 2056.38, 2056.35, 2056.47, 2056.51]
exp015-n2048-k10-d310-bs60-f1.000-r00:381961.418: (4991 sec)
exp015-n2048-k10-d310-bs60-f1.000-r00:381961.419: Loop 70/100
exp015-n2048-k10-d310-bs60-f1.000-r00:386895.754: log(exp-norms): [2047.94, 2050.29, 2053.35]
exp015-n2048-k10-d310-bs60-f1.000-r00:386895.755: log(norms):     [2047.94, 2051.09, 2056.34, 2056.36, 2056.35, 2056.47, 2056.38, 2056.35, 2056.47, 2056.51]
exp015-n2048-k10-d310-bs60-f1.000-r00:386895.808: (4935 sec)
exp015-n2048-k10-d310-bs60-f1.000-r00:386895.809: Loop 71/100
exp015-n2048-k10-d310-bs60-f1.000-r00:391715.795: log(exp-norms): [2047.94, 2050.29, 2053.35]
exp015-n2048-k10-d310-bs60-f1.000-r00:391715.796: log(norms):     [2047.94, 2051.09, 2056.34, 2056.36, 2056.35, 2056.47, 2056.38, 2056.35, 2056.47, 2056.51]
exp015-n2048-k10-d310-bs60-f1.000-r00:391715.849: (4821 sec)
exp015-n2048-k10-d310-bs60-f1.000-r00:391715.849: Loop 72/100
exp015-n2048-k10-d310-bs60-f1.000-r00:396786.576: log(exp-norms): [2047.94, 2050.29, 2053.35]
exp015-n2048-k10-d310-bs60-f1.000-r00:396786.577: log(norms):     [2047.94, 2051.09, 2056.34, 2056.36, 2056.35, 2056.47, 2056.38, 2056.35, 2056.47, 2056.51]
exp015-n2048-k10-d310-bs60-f1.000-r00:396786.621: (5071 sec)
exp015-n2048-k10-d310-bs60-f1.000-r00:396786.621: Loop 73/100
exp015-n2048-k10-d310-bs60-f1.000-r00:401609.456: log(exp-norms): [2047.94, 2050.29, 2053.35]
exp015-n2048-k10-d310-bs60-f1.000-r00:401609.457: log(norms):     [2047.94, 2051.09, 2056.34, 2056.36, 2056.35, 2056.47, 2056.38, 2056.35, 2056.47, 2056.51]
exp015-n2048-k10-d310-bs60-f1.000-r00:401609.511: (4823 sec)
exp015-n2048-k10-d310-bs60-f1.000-r00:401609.511: Loop 74/100
exp015-n2048-k10-d310-bs60-f1.000-r00:406482.803: log(exp-norms): [2047.94, 2050.29, 2053.35]
exp015-n2048-k10-d310-bs60-f1.000-r00:406482.804: log(norms):     [2047.94, 2051.09, 2056.34, 2056.36, 2056.35, 2056.47, 2056.38, 2056.35, 2056.47, 2056.51]
exp015-n2048-k10-d310-bs60-f1.000-r00:406482.857: (4874 sec)
exp015-n2048-k10-d310-bs60-f1.000-r00:406482.858: Loop 75/100
exp015-n2048-k10-d310-bs60-f1.000-r00:411214.374: log(exp-norms): [2047.94, 2050.29, 2053.35]
exp015-n2048-k10-d310-bs60-f1.000-r00:411214.375: log(norms):     [2047.94, 2051.09, 2056.34, 2056.36, 2056.35, 2056.47, 2056.38, 2056.55, 2056.35, 2056.47]
exp015-n2048-k10-d310-bs60-f1.000-r00:411214.429: (4732 sec)
exp015-n2048-k10-d310-bs60-f1.000-r00:411214.429: Loop 76/100
exp015-n2048-k10-d310-bs60-f1.000-r00:415943.894: log(exp-norms): [2047.94, 2050.29, 2053.35]
exp015-n2048-k10-d310-bs60-f1.000-r00:415943.895: log(norms):     [2047.94, 2051.09, 2056.34, 2056.36, 2056.35, 2056.47, 2056.38, 2056.55, 2056.35, 2056.47]
exp015-n2048-k10-d310-bs60-f1.000-r00:415943.948: (4730 sec)
exp015-n2048-k10-d310-bs60-f1.000-r00:415943.948: Loop 77/100
exp015-n2048-k10-d310-bs60-f1.000-r00:420776.054: log(exp-norms): [2047.94, 2050.29, 2053.35]
exp015-n2048-k10-d310-bs60-f1.000-r00:420776.056: log(norms):     [2047.94, 2051.09, 2056.34, 2056.36, 2056.35, 2056.47, 2056.38, 2056.55, 2056.35, 2056.47]
exp015-n2048-k10-d310-bs60-f1.000-r00:420776.111: (4833 sec)
exp015-n2048-k10-d310-bs60-f1.000-r00:420776.111: Loop 78/100
exp015-n2048-k10-d310-bs60-f1.000-r00:425509.820: log(exp-norms): [2047.94, 2050.29, 2053.35]
exp015-n2048-k10-d310-bs60-f1.000-r00:425509.821: log(norms):     [2047.94, 2051.09, 2056.34, 2056.36, 2056.35, 2056.47, 2056.38, 2056.55, 2056.35, 2056.47]
exp015-n2048-k10-d310-bs60-f1.000-r00:425509.876: (4734 sec)
exp015-n2048-k10-d310-bs60-f1.000-r00:425509.876: Loop 79/100
exp015-n2048-k10-d310-bs60-f1.000-r00:430221.548: log(exp-norms): [2047.94, 2050.29, 2053.35]
exp015-n2048-k10-d310-bs60-f1.000-r00:430221.549: log(norms):     [2047.94, 2051.09, 2056.34, 2056.36, 2056.35, 2056.45, 2056.47, 2056.38, 2056.55, 2056.35]
exp015-n2048-k10-d310-bs60-f1.000-r00:430221.601: (4712 sec)
exp015-n2048-k10-d310-bs60-f1.000-r00:430221.602: Loop 80/100
exp015-n2048-k10-d310-bs60-f1.000-r00:434984.249: log(exp-norms): [2047.94, 2050.29, 2053.35]
exp015-n2048-k10-d310-bs60-f1.000-r00:434984.250: log(norms):     [2047.94, 2051.09, 2056.34, 2056.36, 2056.35, 2056.38, 2056.45, 2056.47, 2056.53, 2056.55]
exp015-n2048-k10-d310-bs60-f1.000-r00:434984.304: (4763 sec)
exp015-n2048-k10-d310-bs60-f1.000-r00:434984.305: Loop 81/100
exp015-n2048-k10-d310-bs60-f1.000-r00:439772.466: log(exp-norms): [2047.94, 2050.29, 2053.35]
exp015-n2048-k10-d310-bs60-f1.000-r00:439772.467: log(norms):     [2047.94, 2051.09, 2056.34, 2056.36, 2056.35, 2056.38, 2056.45, 2056.47, 2056.53, 2056.55]
exp015-n2048-k10-d310-bs60-f1.000-r00:439772.519: (4789 sec)
exp015-n2048-k10-d310-bs60-f1.000-r00:439772.520: Loop 82/100
exp015-n2048-k10-d310-bs60-f1.000-r00:444584.188: log(exp-norms): [2047.94, 2050.29, 2053.35]
exp015-n2048-k10-d310-bs60-f1.000-r00:444584.190: log(norms):     [2047.94, 2051.09, 2056.34, 2056.36, 2056.35, 2056.38, 2056.45, 2056.47, 2056.53, 2056.55]
exp015-n2048-k10-d310-bs60-f1.000-r00:444584.242: (4812 sec)
exp015-n2048-k10-d310-bs60-f1.000-r00:444584.243: Loop 83/100
exp015-n2048-k10-d310-bs60-f1.000-r00:449455.152: log(exp-norms): [2047.94, 2050.29, 2053.35]
exp015-n2048-k10-d310-bs60-f1.000-r00:449455.153: log(norms):     [2047.94, 2051.09, 2056.34, 2056.36, 2056.35, 2056.38, 2056.45, 2056.47, 2056.53, 2056.55]
exp015-n2048-k10-d310-bs60-f1.000-r00:449455.211: (4871 sec)
exp015-n2048-k10-d310-bs60-f1.000-r00:449455.212: Loop 84/100
exp015-n2048-k10-d310-bs60-f1.000-r00:454045.166: log(exp-norms): [2047.94, 2050.29, 2053.35]
exp015-n2048-k10-d310-bs60-f1.000-r00:454045.167: log(norms):     [2047.94, 2051.09, 2056.34, 2056.36, 2056.35, 2056.38, 2056.45, 2056.47, 2056.53, 2056.55]
exp015-n2048-k10-d310-bs60-f1.000-r00:454045.219: (4591 sec)
exp015-n2048-k10-d310-bs60-f1.000-r00:454045.220: Loop 85/100
exp015-n2048-k10-d310-bs60-f1.000-r00:458767.877: log(exp-norms): [2047.94, 2050.29, 2053.35]
exp015-n2048-k10-d310-bs60-f1.000-r00:458767.879: log(norms):     [2047.94, 2051.09, 2056.34, 2056.36, 2056.35, 2056.38, 2056.45, 2056.47, 2056.53, 2056.55]
exp015-n2048-k10-d310-bs60-f1.000-r00:458767.932: (4723 sec)
exp015-n2048-k10-d310-bs60-f1.000-r00:458767.933: Loop 86/100
exp015-n2048-k10-d310-bs60-f1.000-r00:463803.794: log(exp-norms): [2047.94, 2050.29, 2053.35]
exp015-n2048-k10-d310-bs60-f1.000-r00:463803.795: log(norms):     [2047.94, 2051.09, 2056.34, 2056.36, 2056.35, 2056.35, 2056.38, 2056.45, 2056.38, 2056.47]
exp015-n2048-k10-d310-bs60-f1.000-r00:463803.849: (5036 sec)
exp015-n2048-k10-d310-bs60-f1.000-r00:463803.849: Loop 87/100
exp015-n2048-k10-d310-bs60-f1.000-r00:468762.637: log(exp-norms): [2047.94, 2050.29, 2053.35]
exp015-n2048-k10-d310-bs60-f1.000-r00:468762.639: log(norms):     [2047.94, 2051.09, 2056.34, 2056.36, 2056.35, 2056.35, 2056.38, 2056.45, 2056.38, 2056.47]
exp015-n2048-k10-d310-bs60-f1.000-r00:468762.693: (4959 sec)
exp015-n2048-k10-d310-bs60-f1.000-r00:468762.693: Loop 88/100
exp015-n2048-k10-d310-bs60-f1.000-r00:473764.729: log(exp-norms): [2047.94, 2050.29, 2053.35]
exp015-n2048-k10-d310-bs60-f1.000-r00:473764.730: log(norms):     [2047.94, 2051.09, 2056.34, 2056.36, 2056.35, 2056.35, 2056.38, 2056.45, 2056.38, 2056.47]
exp015-n2048-k10-d310-bs60-f1.000-r00:473764.781: (5003 sec)
exp015-n2048-k10-d310-bs60-f1.000-r00:473764.782: Loop 89/100
exp015-n2048-k10-d310-bs60-f1.000-r00:478586.860: log(exp-norms): [2047.94, 2050.29, 2053.35]
exp015-n2048-k10-d310-bs60-f1.000-r00:478586.861: log(norms):     [2047.94, 2051.09, 2056.34, 2056.36, 2056.35, 2056.35, 2056.38, 2056.45, 2056.38, 2056.47]
exp015-n2048-k10-d310-bs60-f1.000-r00:478586.893: (4823 sec)
exp015-n2048-k10-d310-bs60-f1.000-r00:478586.894: Loop 90/100
exp015-n2048-k10-d310-bs60-f1.000-r00:482961.301: log(exp-norms): [2047.94, 2050.29, 2053.35]
exp015-n2048-k10-d310-bs60-f1.000-r00:482961.302: log(norms):     [2047.94, 2051.09, 2056.34, 2056.36, 2056.35, 2056.35, 2056.38, 2056.45, 2056.38, 2056.47]
exp015-n2048-k10-d310-bs60-f1.000-r00:482961.335: (4375 sec)
exp015-n2048-k10-d310-bs60-f1.000-r00:482961.335: Loop 91/100
exp015-n2048-k10-d310-bs60-f1.000-r00:487506.136: log(exp-norms): [2047.94, 2050.29, 2053.35]
exp015-n2048-k10-d310-bs60-f1.000-r00:487506.138: log(norms):     [2047.94, 2051.09, 2056.34, 2056.36, 2056.35, 2056.35, 2056.38, 2056.45, 2056.38, 2056.47]
exp015-n2048-k10-d310-bs60-f1.000-r00:487506.191: (4545 sec)
exp015-n2048-k10-d310-bs60-f1.000-r00:487506.191: Loop 92/100
exp015-n2048-k10-d310-bs60-f1.000-r00:491737.405: log(exp-norms): [2047.94, 2050.29, 2053.35]
exp015-n2048-k10-d310-bs60-f1.000-r00:491737.406: log(norms):     [2047.94, 2051.09, 2056.34, 2056.36, 2056.35, 2056.35, 2056.38, 2056.45, 2056.38, 2056.47]
exp015-n2048-k10-d310-bs60-f1.000-r00:491737.459: (4232 sec)
exp015-n2048-k10-d310-bs60-f1.000-r00:491737.459: Loop 93/100
exp015-n2048-k10-d310-bs60-f1.000-r00:496298.494: log(exp-norms): [2047.94, 2050.29, 2053.35]
exp015-n2048-k10-d310-bs60-f1.000-r00:496298.495: log(norms):     [2047.94, 2051.09, 2056.34, 2056.36, 2056.35, 2056.35, 2056.38, 2056.45, 2056.38, 2056.47]
exp015-n2048-k10-d310-bs60-f1.000-r00:496298.527: (4562 sec)
exp015-n2048-k10-d310-bs60-f1.000-r00:496298.528: Loop 94/100
exp015-n2048-k10-d310-bs60-f1.000-r00:500473.943: log(exp-norms): [2047.94, 2050.29, 2053.35]
exp015-n2048-k10-d310-bs60-f1.000-r00:500473.944: log(norms):     [2047.94, 2051.09, 2056.34, 2056.36, 2056.35, 2056.35, 2056.38, 2056.45, 2056.38, 2056.47]
exp015-n2048-k10-d310-bs60-f1.000-r00:500473.995: (4176 sec)
exp015-n2048-k10-d310-bs60-f1.000-r00:500473.996: Loop 95/100
exp015-n2048-k10-d310-bs60-f1.000-r00:504899.428: log(exp-norms): [2047.94, 2050.29, 2053.35]
exp015-n2048-k10-d310-bs60-f1.000-r00:504899.429: log(norms):     [2047.94, 2051.09, 2056.34, 2056.36, 2056.35, 2056.35, 2056.38, 2056.45, 2056.38, 2056.47]
exp015-n2048-k10-d310-bs60-f1.000-r00:504899.462: (4426 sec)
exp015-n2048-k10-d310-bs60-f1.000-r00:504899.462: Loop 96/100
exp015-n2048-k10-d310-bs60-f1.000-r00:509053.379: log(exp-norms): [2047.94, 2050.29, 2053.35]
exp015-n2048-k10-d310-bs60-f1.000-r00:509053.380: log(norms):     [2047.94, 2051.09, 2056.34, 2056.36, 2056.35, 2056.35, 2056.38, 2056.45, 2056.38, 2056.47]
exp015-n2048-k10-d310-bs60-f1.000-r00:509053.434: (4154 sec)
exp015-n2048-k10-d310-bs60-f1.000-r00:509053.434: Loop 97/100
exp015-n2048-k10-d310-bs60-f1.000-r00:513254.894: log(exp-norms): [2047.94, 2050.29, 2053.35]
exp015-n2048-k10-d310-bs60-f1.000-r00:513254.895: log(norms):     [2047.94, 2051.09, 2056.34, 2056.36, 2056.35, 2056.35, 2056.38, 2056.45, 2056.38, 2056.47]
exp015-n2048-k10-d310-bs60-f1.000-r00:513254.927: (4202 sec)
exp015-n2048-k10-d310-bs60-f1.000-r00:513254.927: Loop 98/100
exp015-n2048-k10-d310-bs60-f1.000-r00:517406.431: log(exp-norms): [2047.94, 2050.29, 2053.35]
exp015-n2048-k10-d310-bs60-f1.000-r00:517406.432: log(norms):     [2047.94, 2051.09, 2056.34, 2056.36, 2056.35, 2056.35, 2056.38, 2056.45, 2056.38, 2056.47]
exp015-n2048-k10-d310-bs60-f1.000-r00:517406.484: (4152 sec)
exp015-n2048-k10-d310-bs60-f1.000-r00:517406.484: Loop 99/100
exp015-n2048-k10-d310-bs60-f1.000-r00:521618.165: log(exp-norms): [2047.94, 2050.29, 2053.35]
exp015-n2048-k10-d310-bs60-f1.000-r00:521618.166: log(norms):     [2047.94, 2051.09, 2056.34, 2056.36, 2056.35, 2056.35, 2056.38, 2056.45, 2056.38, 2056.47]
exp015-n2048-k10-d310-bs60-f1.000-r00:521618.200: (4212 sec)
exp015-n2048-k10-d310-bs60-f1.000-r00:521618.201: Loop 100/100
exp015-n2048-k10-d310-bs60-f1.000-r00:526245.891: log(exp-norms): [2047.94, 2050.29, 2053.35]
exp015-n2048-k10-d310-bs60-f1.000-r00:526245.892: log(norms):     [2047.94, 2051.09, 2056.34, 2056.36, 2056.35, 2056.35, 2056.38, 2056.45, 2056.38, 2056.47]
exp015-n2048-k10-d310-bs60-f1.000-r00:526245.944: (4628 sec)
exp015-n2048-k10-d310-bs60-f1.000-r00:526245.945: ==========================Summary===========================
exp015-n2048-k10-d310-bs60-f1.000-r00:526245.945: Total time: 526246sec
exp015-n2048-k10-d310-bs60-f1.000-r00:526245.945: FAIL
exp015-n2048-k10-d310-bs60-f1.000-r00:526245.945: SUMMARY:n:2048:k:10:d:310:bs:60:t:526246:r:False
