exp047-n2048-k09-d340-bs70-f1.000-r00:000000.380: ==========================Instance==========================
exp047-n2048-k09-d340-bs70-f1.000-r00:000000.380: # of equations: 340
exp047-n2048-k09-d340-bs70-f1.000-r00:000000.386: Gap: 6.26
exp047-n2048-k09-d340-bs70-f1.000-r00:000000.397: Tau: 8.74
exp047-n2048-k09-d340-bs70-f1.000-r00:000000.398: ======================BKZ-70 reduction======================
exp047-n2048-k09-d340-bs70-f1.000-r00:000014.619: Expectedly achievable log(norm): 2056.16
exp047-n2048-k09-d340-bs70-f1.000-r00:000031.156: log(exp-norms): [2047.94, 2050.36, 2053.01]
exp047-n2048-k09-d340-bs70-f1.000-r00:000031.157: log(norms):     [2060.36, 2051.15, 2056.89, 2056.89, 2056.89, 2056.89, 2056.89, 2056.89, 2056.89, 2056.89]
exp047-n2048-k09-d340-bs70-f1.000-r00:000031.272: Loop 1/100
exp047-n2048-k09-d340-bs70-f1.000-r00:108549.681: log(exp-norms): [2047.94, 2050.36, 2053.01]
exp047-n2048-k09-d340-bs70-f1.000-r00:108549.683: log(norms):     [2051.15, 2056.89, 2056.89, 2056.89, 2056.89, 2056.89, 2056.89, 2056.89, 2056.89, 2056.89]
exp047-n2048-k09-d340-bs70-f1.000-r00:108549.744: (108519 sec)
exp047-n2048-k09-d340-bs70-f1.000-r00:108549.744: Loop 2/100
exp047-n2048-k09-d340-bs70-f1.000-r00:199482.182: log(exp-norms): [2047.94, 2050.36, 2053.01]
exp047-n2048-k09-d340-bs70-f1.000-r00:199482.185: log(norms):     [2051.15, 2056.89, 2056.89, 2056.89, 2056.89, 2056.89, 2056.89, 2056.89, 2056.89, 2056.89]
exp047-n2048-k09-d340-bs70-f1.000-r00:199482.245: (90933 sec)
exp047-n2048-k09-d340-bs70-f1.000-r00:199482.246: Loop 3/100
exp047-n2048-k09-d340-bs70-f1.000-r00:292046.329: log(exp-norms): [2047.94, 2050.36, 2053.01]
exp047-n2048-k09-d340-bs70-f1.000-r00:292046.331: log(norms):     [2051.15, 2056.89, 2056.89, 2056.89, 2056.89, 2056.89, 2056.89, 2056.89, 2056.89, 2056.89]
exp047-n2048-k09-d340-bs70-f1.000-r00:292046.369: (92565 sec)
exp047-n2048-k09-d340-bs70-f1.000-r00:292046.370: Loop 4/100
exp047-n2048-k09-d340-bs70-f1.000-r00:378347.932: log(exp-norms): [2047.94, 2050.36, 2053.01]
exp047-n2048-k09-d340-bs70-f1.000-r00:378347.934: log(norms):     [2051.15, 2056.89, 2056.89, 2056.89, 2056.89, 2056.89, 2056.89, 2056.89, 2056.89, 2056.89]
exp047-n2048-k09-d340-bs70-f1.000-r00:378347.993: (86302 sec)
exp047-n2048-k09-d340-bs70-f1.000-r00:378347.994: Loop 5/100
exp047-n2048-k09-d340-bs70-f1.000-r00:456649.676: log(exp-norms): [2047.94, 2050.36, 2053.01]
exp047-n2048-k09-d340-bs70-f1.000-r00:456649.678: log(norms):     [2051.15, 2056.89, 2056.89, 2056.89, 2056.89, 2056.89, 2056.89, 2056.89, 2056.89, 2056.89]
exp047-n2048-k09-d340-bs70-f1.000-r00:456649.743: (78302 sec)
exp047-n2048-k09-d340-bs70-f1.000-r00:456649.744: Loop 6/100
exp047-n2048-k09-d340-bs70-f1.000-r00:535448.006: log(exp-norms): [2047.94, 2050.36, 2053.01]
exp047-n2048-k09-d340-bs70-f1.000-r00:535448.007: log(norms):     [2051.15, 2056.89, 2056.89, 2056.89, 2056.89, 2056.89, 2056.89, 2056.89, 2056.89, 2056.89]
exp047-n2048-k09-d340-bs70-f1.000-r00:535448.065: (78799 sec)
exp047-n2048-k09-d340-bs70-f1.000-r00:535448.065: Loop 7/100
exp047-n2048-k09-d340-bs70-f1.000-r00:599793.440: log(exp-norms): [2047.94, 2050.36, 2053.01]
exp047-n2048-k09-d340-bs70-f1.000-r00:599793.441: log(norms):     [2047.94, 2051.15, 2056.89, 2056.89, 2056.89, 2056.89, 2056.89, 2056.89, 2056.89, 2056.89]
exp047-n2048-k09-d340-bs70-f1.000-r00:599793.476: (64346 sec)
exp047-n2048-k09-d340-bs70-f1.000-r00:599793.476: Loop 8/100
exp047-n2048-k09-d340-bs70-f1.000-r00:655845.031: log(exp-norms): [2047.94, 2050.36, 2053.01]
exp047-n2048-k09-d340-bs70-f1.000-r00:655845.033: log(norms):     [2047.94, 2051.15, 2056.89, 2056.89, 2056.89, 2056.89, 2056.93, 2056.89, 2057.17, 2057.17]
exp047-n2048-k09-d340-bs70-f1.000-r00:655845.067: (56052 sec)
exp047-n2048-k09-d340-bs70-f1.000-r00:655845.068: Loop 9/100
exp047-n2048-k09-d340-bs70-f1.000-r00:708301.835: log(exp-norms): [2047.94, 2050.36, 2053.01]
exp047-n2048-k09-d340-bs70-f1.000-r00:708301.836: log(norms):     [2047.94, 2051.15, 2056.89, 2056.97, 2057.05, 2056.9, 2057.09, 2057.0, 2057.11, 2057.14]
exp047-n2048-k09-d340-bs70-f1.000-r00:708301.871: (52457 sec)
exp047-n2048-k09-d340-bs70-f1.000-r00:708301.871: Loop 10/100
exp047-n2048-k09-d340-bs70-f1.000-r00:761375.934: log(exp-norms): [2047.94, 2050.36, 2053.01]
exp047-n2048-k09-d340-bs70-f1.000-r00:761375.936: log(norms):     [2047.94, 2051.15, 2056.73, 2056.81, 2056.82, 2056.78, 2056.85, 2056.99, 2056.82, 2056.76]
exp047-n2048-k09-d340-bs70-f1.000-r00:761375.991: (53075 sec)
exp047-n2048-k09-d340-bs70-f1.000-r00:761375.991: Loop 11/100
exp047-n2048-k09-d340-bs70-f1.000-r00:815743.014: log(exp-norms): [2047.94, 2050.36, 2053.01]
exp047-n2048-k09-d340-bs70-f1.000-r00:815743.015: log(norms):     [2047.94, 2051.15, 2056.62, 2056.67, 2056.73, 2056.8, 2056.94, 2056.86, 2056.87, 2056.88]
exp047-n2048-k09-d340-bs70-f1.000-r00:815743.050: (54368 sec)
exp047-n2048-k09-d340-bs70-f1.000-r00:815743.051: Loop 12/100
exp047-n2048-k09-d340-bs70-f1.000-r00:869091.209: log(exp-norms): [2047.94, 2050.36, 2053.01]
exp047-n2048-k09-d340-bs70-f1.000-r00:869091.210: log(norms):     [2047.94, 2051.15, 2056.55, 2056.69, 2056.57, 2056.63, 2056.59, 2056.84, 2056.88, 2056.77]
exp047-n2048-k09-d340-bs70-f1.000-r00:869091.244: (53349 sec)
exp047-n2048-k09-d340-bs70-f1.000-r00:869091.244: Loop 13/100
exp047-n2048-k09-d340-bs70-f1.000-r00:922152.897: log(exp-norms): [2047.94, 2050.36, 2053.01]
exp047-n2048-k09-d340-bs70-f1.000-r00:922152.898: log(norms):     [2047.94, 2051.15, 2056.51, 2056.53, 2056.63, 2056.69, 2056.63, 2056.56, 2056.93, 2056.63]
exp047-n2048-k09-d340-bs70-f1.000-r00:922152.932: (53062 sec)
exp047-n2048-k09-d340-bs70-f1.000-r00:922152.933: Loop 14/100
exp047-n2048-k09-d340-bs70-f1.000-r00:972565.679: log(exp-norms): [2047.94, 2050.36, 2053.01]
exp047-n2048-k09-d340-bs70-f1.000-r00:972565.680: log(norms):     [2047.94, 2051.15, 2056.36, 2056.54, 2056.45, 2056.46, 2056.66, 2056.6, 2056.5, 2056.72]
exp047-n2048-k09-d340-bs70-f1.000-r00:972565.714: (50413 sec)
exp047-n2048-k09-d340-bs70-f1.000-r00:972565.715: Loop 15/100
exp047-n2048-k09-d340-bs70-f1.000-r00:1025317.914: log(exp-norms): [2047.94, 2050.36, 2053.01]
exp047-n2048-k09-d340-bs70-f1.000-r00:1025317.915: log(norms):     [2047.94, 2051.15, 2056.36, 2056.38, 2056.54, 2056.51, 2056.68, 2056.41, 2056.65, 2056.57]
exp047-n2048-k09-d340-bs70-f1.000-r00:1025317.949: (52753 sec)
exp047-n2048-k09-d340-bs70-f1.000-r00:1025317.949: Loop 16/100
exp047-n2048-k09-d340-bs70-f1.000-r00:1076947.848: log(exp-norms): [2047.94, 2050.36, 2053.01]
exp047-n2048-k09-d340-bs70-f1.000-r00:1076947.849: log(norms):     [2047.94, 2051.15, 2056.32, 2056.45, 2056.36, 2056.49, 2056.58, 2056.51, 2056.53, 2056.42]
exp047-n2048-k09-d340-bs70-f1.000-r00:1076947.883: (51630 sec)
exp047-n2048-k09-d340-bs70-f1.000-r00:1076947.884: Loop 17/100
exp047-n2048-k09-d340-bs70-f1.000-r00:1128919.530: log(exp-norms): [2047.94, 2050.36, 2053.01]
exp047-n2048-k09-d340-bs70-f1.000-r00:1128919.531: log(norms):     [2047.94, 2051.15, 2056.32, 2056.32, 2056.4, 2056.56, 2056.68, 2056.57, 2056.51, 2056.36]
exp047-n2048-k09-d340-bs70-f1.000-r00:1128919.566: (51972 sec)
exp047-n2048-k09-d340-bs70-f1.000-r00:1128919.567: Loop 18/100
exp047-n2048-k09-d340-bs70-f1.000-r00:1181727.729: log(exp-norms): [2047.94, 2050.36, 2053.01]
exp047-n2048-k09-d340-bs70-f1.000-r00:1181727.730: log(norms):     [2047.94, 2051.15, 2056.26, 2056.32, 2056.4, 2056.29, 2056.52, 2056.44, 2056.6, 2056.37]
exp047-n2048-k09-d340-bs70-f1.000-r00:1181727.764: (52809 sec)
exp047-n2048-k09-d340-bs70-f1.000-r00:1181727.764: Loop 19/100
exp047-n2048-k09-d340-bs70-f1.000-r00:1244255.937: log(exp-norms): [2047.94, 2050.36, 2053.01]
exp047-n2048-k09-d340-bs70-f1.000-r00:1244255.938: log(norms):     [2047.94, 2051.15, 2056.24, 2056.26, 2056.32, 2056.47, 2056.39, 2056.35, 2056.5, 2056.6]
exp047-n2048-k09-d340-bs70-f1.000-r00:1244255.972: (62529 sec)
exp047-n2048-k09-d340-bs70-f1.000-r00:1244255.973: Loop 20/100
exp047-n2048-k09-d340-bs70-f1.000-r00:1295123.972: log(exp-norms): [2047.94, 2050.36, 2053.01]
exp047-n2048-k09-d340-bs70-f1.000-r00:1295123.974: log(norms):     [2047.94, 2051.15, 2056.24, 2056.26, 2056.32, 2056.47, 2056.47, 2056.35, 2056.39, 2056.39]
exp047-n2048-k09-d340-bs70-f1.000-r00:1295124.008: (50869 sec)
exp047-n2048-k09-d340-bs70-f1.000-r00:1295124.008: Loop 21/100
exp047-n2048-k09-d340-bs70-f1.000-r00:1347666.536: log(exp-norms): [2047.94, 2050.36, 2053.01]
exp047-n2048-k09-d340-bs70-f1.000-r00:1347666.537: log(norms):     [2047.94, 2051.15, 2056.22, 2056.24, 2056.2, 2056.43, 2056.35, 2056.31, 2056.4, 2056.32]
exp047-n2048-k09-d340-bs70-f1.000-r00:1347666.572: (52543 sec)
exp047-n2048-k09-d340-bs70-f1.000-r00:1347666.572: Loop 22/100
exp047-n2048-k09-d340-bs70-f1.000-r00:1398417.489: log(exp-norms): [2047.94, 2050.36, 2053.01]
exp047-n2048-k09-d340-bs70-f1.000-r00:1398417.490: log(norms):     [2047.94, 2051.15, 2056.2, 2056.22, 2056.24, 2056.43, 2056.32, 2056.32, 2056.51, 2056.51]
exp047-n2048-k09-d340-bs70-f1.000-r00:1398417.525: (50751 sec)
exp047-n2048-k09-d340-bs70-f1.000-r00:1398417.525: Loop 23/100
exp047-n2048-k09-d340-bs70-f1.000-r00:1451284.203: log(exp-norms): [2047.94, 2050.36, 2053.01]
exp047-n2048-k09-d340-bs70-f1.000-r00:1451284.204: log(norms):     [2047.94, 2051.15, 2056.2, 2056.22, 2056.24, 2056.43, 2056.51, 2056.43, 2056.55, 2056.38]
exp047-n2048-k09-d340-bs70-f1.000-r00:1451284.238: (52867 sec)
exp047-n2048-k09-d340-bs70-f1.000-r00:1451284.239: Loop 24/100
exp047-n2048-k09-d340-bs70-f1.000-r00:1507632.197: log(exp-norms): [2047.94, 2050.36, 2053.01]
exp047-n2048-k09-d340-bs70-f1.000-r00:1507632.198: log(norms):     [2047.94, 2051.15, 2056.2, 2056.22, 2056.31, 2056.35, 2056.44, 2056.28, 2056.53, 2056.38]
exp047-n2048-k09-d340-bs70-f1.000-r00:1507632.236: (56348 sec)
exp047-n2048-k09-d340-bs70-f1.000-r00:1507632.237: Loop 25/100
exp047-n2048-k09-d340-bs70-f1.000-r00:1562683.178: log(exp-norms): [2047.94, 2050.36, 2053.01]
exp047-n2048-k09-d340-bs70-f1.000-r00:1562683.179: log(norms):     [2047.94, 2051.15, 2056.2, 2056.29, 2056.22, 2056.27, 2056.44, 2056.28, 2056.32, 2056.31]
exp047-n2048-k09-d340-bs70-f1.000-r00:1562683.213: (55051 sec)
exp047-n2048-k09-d340-bs70-f1.000-r00:1562683.214: Loop 26/100
exp047-n2048-k09-d340-bs70-f1.000-r00:1614988.138: log(exp-norms): [2047.94, 2050.36, 2053.01]
exp047-n2048-k09-d340-bs70-f1.000-r00:1614988.139: log(norms):     [2047.94, 2051.15, 2056.2, 2056.29, 2056.32, 2056.22, 2056.27, 2056.47, 2056.28, 2056.47]
exp047-n2048-k09-d340-bs70-f1.000-r00:1614988.173: (52305 sec)
exp047-n2048-k09-d340-bs70-f1.000-r00:1614988.174: Loop 27/100
