exp031-n2048-k11-d310-bs70-f1.000-r00:000000.388: ==========================Instance==========================
exp031-n2048-k11-d310-bs70-f1.000-r00:000000.388: # of equations: 310
exp031-n2048-k11-d310-bs70-f1.000-r00:000000.393: Gap: 16.57
exp031-n2048-k11-d310-bs70-f1.000-r00:000000.420: Tau: 64.22
exp031-n2048-k11-d310-bs70-f1.000-r00:000000.421: ======================BKZ-70 reduction======================
exp031-n2048-k11-d310-bs70-f1.000-r00:000013.858: Expectedly achievable log(norm): 2057.10
exp031-n2048-k11-d310-bs70-f1.000-r00:000026.915: log(exp-norms): [2047.94, 2050.29, 2054.34]
exp031-n2048-k11-d310-bs70-f1.000-r00:000026.915: log(norms):     [2062.25, 2051.09, 2058.89, 2058.89, 2058.89, 2058.89, 2058.89, 2058.89, 2058.89, 2058.89]
exp031-n2048-k11-d310-bs70-f1.000-r00:000027.016: Loop 1/100
exp031-n2048-k11-d310-bs70-f1.000-r00:086262.171: log(exp-norms): [2047.94, 2050.29, 2054.34]
exp031-n2048-k11-d310-bs70-f1.000-r00:086262.173: log(norms):     [2051.09, 2058.89, 2058.89, 2058.89, 2058.89, 2058.89, 2058.89, 2058.89, 2058.89, 2058.89]
exp031-n2048-k11-d310-bs70-f1.000-r00:086262.245: (86236 sec)
exp031-n2048-k11-d310-bs70-f1.000-r00:086262.246: Loop 2/100
exp031-n2048-k11-d310-bs70-f1.000-r00:156170.706: log(exp-norms): [2047.94, 2050.29, 2054.34]
exp031-n2048-k11-d310-bs70-f1.000-r00:156170.708: log(norms):     [2047.94, 2051.09, 2058.89, 2058.89, 2058.89, 2058.89, 2058.89, 2058.89, 2058.89, 2058.89]
exp031-n2048-k11-d310-bs70-f1.000-r00:156170.764: (69909 sec)
exp031-n2048-k11-d310-bs70-f1.000-r00:156170.765: Loop 3/100
exp031-n2048-k11-d310-bs70-f1.000-r00:227126.894: log(exp-norms): [2047.94, 2050.29, 2054.34]
exp031-n2048-k11-d310-bs70-f1.000-r00:227126.896: log(norms):     [2047.94, 2051.09, 2058.89, 2058.89, 2058.89, 2058.89, 2058.89, 2058.89, 2058.89, 2058.89]
exp031-n2048-k11-d310-bs70-f1.000-r00:227126.953: (70957 sec)
exp031-n2048-k11-d310-bs70-f1.000-r00:227126.954: Loop 4/100
exp031-n2048-k11-d310-bs70-f1.000-r00:294301.911: log(exp-norms): [2047.94, 2050.29, 2054.34]
exp031-n2048-k11-d310-bs70-f1.000-r00:294301.913: log(norms):     [2047.94, 2051.09, 2058.79, 2058.89, 2058.9, 2058.97, 2058.84, 2058.95, 2059.16, 2058.96]
exp031-n2048-k11-d310-bs70-f1.000-r00:294301.947: (67175 sec)
exp031-n2048-k11-d310-bs70-f1.000-r00:294301.948: Loop 5/100
exp031-n2048-k11-d310-bs70-f1.000-r00:361952.568: log(exp-norms): [2047.94, 2050.29, 2054.34]
exp031-n2048-k11-d310-bs70-f1.000-r00:361952.570: log(norms):     [2047.94, 2051.09, 2058.46, 2058.49, 2058.55, 2058.69, 2058.66, 2058.74, 2058.6, 2058.73]
exp031-n2048-k11-d310-bs70-f1.000-r00:361952.624: (67651 sec)
exp031-n2048-k11-d310-bs70-f1.000-r00:361952.625: Loop 6/100
exp031-n2048-k11-d310-bs70-f1.000-r00:425885.467: log(exp-norms): [2047.94, 2050.29, 2054.34]
exp031-n2048-k11-d310-bs70-f1.000-r00:425885.469: log(norms):     [2047.94, 2051.09, 2058.26, 2058.3, 2058.34, 2058.31, 2058.28, 2058.35, 2058.41, 2058.24]
exp031-n2048-k11-d310-bs70-f1.000-r00:425885.537: (63933 sec)
exp031-n2048-k11-d310-bs70-f1.000-r00:425885.538: Loop 7/100
exp031-n2048-k11-d310-bs70-f1.000-r00:486000.183: log(exp-norms): [2047.94, 2050.29, 2054.34]
exp031-n2048-k11-d310-bs70-f1.000-r00:486000.185: log(norms):     [2047.94, 2051.09, 2058.03, 2058.09, 2058.1, 2058.15, 2058.06, 2058.21, 2058.19, 2058.18]
exp031-n2048-k11-d310-bs70-f1.000-r00:486000.237: (60115 sec)
exp031-n2048-k11-d310-bs70-f1.000-r00:486000.238: Loop 8/100
exp031-n2048-k11-d310-bs70-f1.000-r00:539816.295: log(exp-norms): [2047.94, 2050.29, 2054.34]
exp031-n2048-k11-d310-bs70-f1.000-r00:539816.297: log(norms):     [2047.94, 2050.28, 2051.09, 2057.76, 2057.77, 2057.8, 2057.92, 2057.86, 2058.03, 2057.77]
exp031-n2048-k11-d310-bs70-f1.000-r00:539816.350: (53817 sec)
exp031-n2048-k11-d310-bs70-f1.000-r00:539816.350: ==========================Summary===========================
exp031-n2048-k11-d310-bs70-f1.000-r00:539816.350: Total time: 539816sec
exp031-n2048-k11-d310-bs70-f1.000-r00:539816.350: SUCCESS
exp031-n2048-k11-d310-bs70-f1.000-r00:539816.350: HNP solution: 23237742589392345210154517575480582284594997949271932716675920138541964626231912928180965643418105249355876134926908209187736583031086769542662985386563119886154840449903476332729455692097847885628175875189003754077163253735753508070693864114240504244173560764720554543867483460766954415602896545301918410576130137962713413285667160375101043191033367290372361673182067652319561910232725122841905903378507906843559246554636733897605567101413452086366598301165905390620604681768560706038895162890362816593626342717536166595861800301293074449061062803728943993162018482566376554441857157838525442899767047343574658824450
exp031-n2048-k11-d310-bs70-f1.000-r00:539816.351: Shared secret: 23237742589392345210154517575480582284594997949271932716675920138541964626231912928180965643418105249355876134926908209187736583031086769542662985386563119886154840449903476332729455692097847885628175875189003754077163253735753508070693864114240504244173560764720554543867483460766954415602896545301918410576130137962713413285667160375101043191033367290372361673182067652319561910232725122841905903378507906843559246554636733897605567101413452086366598301165905390620604681768560706038895162890362816593626342717536166595861800301293074449061062803728943993162018482566376554441857157838525442899767047343574658824450
exp031-n2048-k11-d310-bs70-f1.000-r00:539816.351: SUMMARY:n:2048:k:11:d:310:bs:70:t:539816:r:True
