exp029-n2048-k11-d290-bs70-f1.000-r00:000000.324: ==========================Instance==========================
exp029-n2048-k11-d290-bs70-f1.000-r00:000000.324: # of equations: 290
exp029-n2048-k11-d290-bs70-f1.000-r00:000000.345: Gap: 12.09
exp029-n2048-k11-d290-bs70-f1.000-r00:000000.355: Tau: 35.34
exp029-n2048-k11-d290-bs70-f1.000-r00:000000.356: ======================BKZ-70 reduction======================
exp029-n2048-k11-d290-bs70-f1.000-r00:000010.841: Expectedly achievable log(norm): 2056.34
exp029-n2048-k11-d290-bs70-f1.000-r00:000022.942: log(exp-norms): [2047.94, 2050.25, 2053.84]
exp029-n2048-k11-d290-bs70-f1.000-r00:000022.942: log(norms):     [2062.21, 2051.04, 2058.89, 2058.89, 2058.89, 2058.89, 2058.89, 2058.89, 2058.89, 2058.89]
exp029-n2048-k11-d290-bs70-f1.000-r00:000023.052: Loop 1/100
exp029-n2048-k11-d290-bs70-f1.000-r00:073421.082: log(exp-norms): [2047.94, 2050.25, 2053.84]
exp029-n2048-k11-d290-bs70-f1.000-r00:073421.084: log(norms):     [2051.04, 2058.89, 2058.89, 2058.89, 2058.89, 2058.89, 2058.89, 2058.89, 2058.89, 2058.89]
exp029-n2048-k11-d290-bs70-f1.000-r00:073421.137: (73399 sec)
exp029-n2048-k11-d290-bs70-f1.000-r00:073421.137: Loop 2/100
exp029-n2048-k11-d290-bs70-f1.000-r00:129448.437: log(exp-norms): [2047.94, 2050.25, 2053.84]
exp029-n2048-k11-d290-bs70-f1.000-r00:129448.439: log(norms):     [2047.94, 2051.04, 2058.89, 2058.93, 2058.99, 2058.93, 2058.93, 2059.15, 2058.89, 2058.99]
exp029-n2048-k11-d290-bs70-f1.000-r00:129448.497: (56028 sec)
exp029-n2048-k11-d290-bs70-f1.000-r00:129448.498: Loop 3/100
exp029-n2048-k11-d290-bs70-f1.000-r00:181862.171: log(exp-norms): [2047.94, 2050.25, 2053.84]
exp029-n2048-k11-d290-bs70-f1.000-r00:181862.175: log(norms):     [2047.94, 2051.04, 2058.4, 2058.41, 2058.46, 2058.42, 2058.48, 2058.49, 2058.59, 2058.61]
exp029-n2048-k11-d290-bs70-f1.000-r00:181862.227: (52414 sec)
exp029-n2048-k11-d290-bs70-f1.000-r00:181862.228: Loop 4/100
exp029-n2048-k11-d290-bs70-f1.000-r00:233986.287: log(exp-norms): [2047.94, 2050.25, 2053.84]
exp029-n2048-k11-d290-bs70-f1.000-r00:233986.289: log(norms):     [2047.94, 2051.04, 2057.99, 2058.01, 2058.04, 2058.09, 2058.16, 2058.08, 2058.33, 2058.17]
exp029-n2048-k11-d290-bs70-f1.000-r00:233986.342: (52125 sec)
exp029-n2048-k11-d290-bs70-f1.000-r00:233986.343: Loop 5/100
exp029-n2048-k11-d290-bs70-f1.000-r00:291797.815: log(exp-norms): [2047.94, 2050.25, 2053.84]
exp029-n2048-k11-d290-bs70-f1.000-r00:291797.817: log(norms):     [2047.94, 2051.04, 2057.59, 2057.64, 2057.69, 2057.65, 2057.74, 2057.75, 2057.79, 2057.75]
exp029-n2048-k11-d290-bs70-f1.000-r00:291797.872: (57812 sec)
exp029-n2048-k11-d290-bs70-f1.000-r00:291797.872: Loop 6/100
exp029-n2048-k11-d290-bs70-f1.000-r00:346666.019: log(exp-norms): [2047.94, 2050.25, 2053.84]
exp029-n2048-k11-d290-bs70-f1.000-r00:346666.021: log(norms):     [2047.94, 2051.04, 2057.17, 2057.27, 2057.41, 2057.34, 2057.55, 2057.41, 2057.47, 2057.46]
exp029-n2048-k11-d290-bs70-f1.000-r00:346666.073: (54869 sec)
exp029-n2048-k11-d290-bs70-f1.000-r00:346666.073: Loop 7/100
exp029-n2048-k11-d290-bs70-f1.000-r00:399618.853: log(exp-norms): [2047.94, 2050.25, 2053.84]
exp029-n2048-k11-d290-bs70-f1.000-r00:399618.855: log(norms):     [2047.94, 2051.04, 2057.06, 2057.08, 2057.12, 2057.18, 2057.23, 2057.28, 2057.1, 2057.21]
exp029-n2048-k11-d290-bs70-f1.000-r00:399618.904: (52953 sec)
exp029-n2048-k11-d290-bs70-f1.000-r00:399618.905: Loop 8/100
exp029-n2048-k11-d290-bs70-f1.000-r00:449516.329: log(exp-norms): [2047.94, 2050.25, 2053.84]
exp029-n2048-k11-d290-bs70-f1.000-r00:449516.330: log(norms):     [2047.94, 2051.04, 2056.9, 2056.94, 2057.04, 2056.94, 2057.09, 2057.15, 2057.09, 2057.14]
exp029-n2048-k11-d290-bs70-f1.000-r00:449516.381: (49898 sec)
exp029-n2048-k11-d290-bs70-f1.000-r00:449516.381: Loop 9/100
exp029-n2048-k11-d290-bs70-f1.000-r00:497157.541: log(exp-norms): [2047.94, 2050.25, 2053.84]
exp029-n2048-k11-d290-bs70-f1.000-r00:497157.542: log(norms):     [2047.94, 2050.23, 2051.04, 2056.76, 2056.92, 2056.93, 2056.9, 2056.9, 2056.81, 2056.98]
exp029-n2048-k11-d290-bs70-f1.000-r00:497157.573: (47642 sec)
exp029-n2048-k11-d290-bs70-f1.000-r00:497157.574: ==========================Summary===========================
exp029-n2048-k11-d290-bs70-f1.000-r00:497157.574: Total time: 497158sec
exp029-n2048-k11-d290-bs70-f1.000-r00:497157.574: SUCCESS
exp029-n2048-k11-d290-bs70-f1.000-r00:497157.574: HNP solution: 23237742589392345210154517575480582284594997949271932716675920138541964626231912928180965643418105249355876134926908209187736583031086769542662985386563119886154840449903476332729455692097847885628175875189003754077163253735753508070693864114240504244173560764720554543867483460766954415602896545301918410576130137962713413285667160375101043191033367290372361673182067652319561910232725122841905903378507906843559246554636733897605567101413452086366598301165905390620604681768560706038895162890362816593626342717536166595861800301293074449061062803728943993162018482566376554441857157838525442899767047343574658824450
exp029-n2048-k11-d290-bs70-f1.000-r00:497157.574: Shared secret: 23237742589392345210154517575480582284594997949271932716675920138541964626231912928180965643418105249355876134926908209187736583031086769542662985386563119886154840449903476332729455692097847885628175875189003754077163253735753508070693864114240504244173560764720554543867483460766954415602896545301918410576130137962713413285667160375101043191033367290372361673182067652319561910232725122841905903378507906843559246554636733897605567101413452086366598301165905390620604681768560706038895162890362816593626342717536166595861800301293074449061062803728943993162018482566376554441857157838525442899767047343574658824450
exp029-n2048-k11-d290-bs70-f1.000-r00:497157.574: SUMMARY:n:2048:k:11:d:290:bs:70:t:497158:r:True
