exp025-n2048-k11-d250-bs70-f1.000-r00:000000.262: ==========================Instance==========================
exp025-n2048-k11-d250-bs70-f1.000-r00:000000.262: # of equations: 250
exp025-n2048-k11-d250-bs70-f1.000-r00:000000.267: Gap: 5.54
exp025-n2048-k11-d250-bs70-f1.000-r00:000000.276: Tau: 7.98
exp025-n2048-k11-d250-bs70-f1.000-r00:000000.276: ======================BKZ-70 reduction======================
exp025-n2048-k11-d250-bs70-f1.000-r00:000009.301: Expectedly achievable log(norm): 2054.59
exp025-n2048-k11-d250-bs70-f1.000-r00:000018.098: log(exp-norms): [2047.94, 2050.14, 2052.61]
exp025-n2048-k11-d250-bs70-f1.000-r00:000018.098: log(norms):     [2062.12, 2050.93, 2058.89, 2058.89, 2058.89, 2058.89, 2058.89, 2058.89, 2058.89, 2058.89]
exp025-n2048-k11-d250-bs70-f1.000-r00:000018.193: Loop 1/100
exp025-n2048-k11-d250-bs70-f1.000-r00:047772.315: log(exp-norms): [2047.94, 2050.14, 2052.61]
exp025-n2048-k11-d250-bs70-f1.000-r00:047772.316: log(norms):     [2050.93, 2057.3, 2057.36, 2057.4, 2057.49, 2057.45, 2057.63, 2057.52, 2057.49, 2057.72]
exp025-n2048-k11-d250-bs70-f1.000-r00:047772.362: (47755 sec)
exp025-n2048-k11-d250-bs70-f1.000-r00:047772.362: Loop 2/100
exp025-n2048-k11-d250-bs70-f1.000-r00:084756.201: log(exp-norms): [2047.94, 2050.14, 2052.61]
exp025-n2048-k11-d250-bs70-f1.000-r00:084756.207: log(norms):     [2047.94, 2050.93, 2056.77, 2056.86, 2056.91, 2056.82, 2056.93, 2056.9, 2056.95, 2056.88]
exp025-n2048-k11-d250-bs70-f1.000-r00:084756.254: (36984 sec)
exp025-n2048-k11-d250-bs70-f1.000-r00:084756.254: Loop 3/100
exp025-n2048-k11-d250-bs70-f1.000-r00:122768.041: log(exp-norms): [2047.94, 2050.14, 2052.61]
exp025-n2048-k11-d250-bs70-f1.000-r00:122768.043: log(norms):     [2047.94, 2050.93, 2056.16, 2056.18, 2056.35, 2056.28, 2056.39, 2056.38, 2056.29, 2056.27]
exp025-n2048-k11-d250-bs70-f1.000-r00:122768.090: (38012 sec)
exp025-n2048-k11-d250-bs70-f1.000-r00:122768.091: Loop 4/100
exp025-n2048-k11-d250-bs70-f1.000-r00:160485.404: log(exp-norms): [2047.94, 2050.14, 2052.61]
exp025-n2048-k11-d250-bs70-f1.000-r00:160485.406: log(norms):     [2047.94, 2050.93, 2055.72, 2055.72, 2055.78, 2055.71, 2055.82, 2055.82, 2055.94, 2055.8]
exp025-n2048-k11-d250-bs70-f1.000-r00:160485.451: (37718 sec)
exp025-n2048-k11-d250-bs70-f1.000-r00:160485.452: Loop 5/100
exp025-n2048-k11-d250-bs70-f1.000-r00:197680.951: log(exp-norms): [2047.94, 2050.14, 2052.61]
exp025-n2048-k11-d250-bs70-f1.000-r00:197680.953: log(norms):     [2047.94, 2050.93, 2055.38, 2055.45, 2055.46, 2055.45, 2055.5, 2055.48, 2055.48, 2055.56]
exp025-n2048-k11-d250-bs70-f1.000-r00:197681.005: (37196 sec)
exp025-n2048-k11-d250-bs70-f1.000-r00:197681.006: Loop 6/100
exp025-n2048-k11-d250-bs70-f1.000-r00:234297.610: log(exp-norms): [2047.94, 2050.14, 2052.61]
exp025-n2048-k11-d250-bs70-f1.000-r00:234297.612: log(norms):     [2047.94, 2050.93, 2055.11, 2055.18, 2055.17, 2055.25, 2055.24, 2055.29, 2055.23, 2055.43]
exp025-n2048-k11-d250-bs70-f1.000-r00:234297.665: (36617 sec)
exp025-n2048-k11-d250-bs70-f1.000-r00:234297.666: Loop 7/100
exp025-n2048-k11-d250-bs70-f1.000-r00:270503.505: log(exp-norms): [2047.94, 2050.14, 2052.61]
exp025-n2048-k11-d250-bs70-f1.000-r00:270503.507: log(norms):     [2047.94, 2050.93, 2054.93, 2054.99, 2055.0, 2055.14, 2055.03, 2055.08, 2055.16, 2055.21]
exp025-n2048-k11-d250-bs70-f1.000-r00:270503.553: (36206 sec)
exp025-n2048-k11-d250-bs70-f1.000-r00:270503.553: Loop 8/100
exp025-n2048-k11-d250-bs70-f1.000-r00:303526.555: log(exp-norms): [2047.94, 2050.14, 2052.61]
exp025-n2048-k11-d250-bs70-f1.000-r00:303526.557: log(norms):     [2047.94, 2050.93, 2054.81, 2054.86, 2054.85, 2054.94, 2055.07, 2054.9, 2055.1, 2054.93]
exp025-n2048-k11-d250-bs70-f1.000-r00:303526.601: (33024 sec)
exp025-n2048-k11-d250-bs70-f1.000-r00:303526.602: Loop 9/100
exp025-n2048-k11-d250-bs70-f1.000-r00:334717.930: log(exp-norms): [2047.94, 2050.14, 2052.61]
exp025-n2048-k11-d250-bs70-f1.000-r00:334717.932: log(norms):     [2047.94, 2050.93, 2054.8, 2054.8, 2054.9, 2054.89, 2054.83, 2054.94, 2054.94, 2054.79]
exp025-n2048-k11-d250-bs70-f1.000-r00:334717.976: (31192 sec)
exp025-n2048-k11-d250-bs70-f1.000-r00:334717.977: Loop 10/100
exp025-n2048-k11-d250-bs70-f1.000-r00:365960.289: log(exp-norms): [2047.94, 2050.14, 2052.61]
exp025-n2048-k11-d250-bs70-f1.000-r00:365960.291: log(norms):     [2047.94, 2050.93, 2054.61, 2054.69, 2054.81, 2054.97, 2054.86, 2054.95, 2054.73, 2054.74]
exp025-n2048-k11-d250-bs70-f1.000-r00:365960.335: (31243 sec)
exp025-n2048-k11-d250-bs70-f1.000-r00:365960.336: Loop 11/100
exp025-n2048-k11-d250-bs70-f1.000-r00:397795.254: log(exp-norms): [2047.94, 2050.14, 2052.61]
exp025-n2048-k11-d250-bs70-f1.000-r00:397795.256: log(norms):     [2047.94, 2050.93, 2054.61, 2054.68, 2054.71, 2054.82, 2054.86, 2054.69, 2054.8, 2054.76]
exp025-n2048-k11-d250-bs70-f1.000-r00:397795.301: (31835 sec)
exp025-n2048-k11-d250-bs70-f1.000-r00:397795.301: Loop 12/100
exp025-n2048-k11-d250-bs70-f1.000-r00:428641.568: log(exp-norms): [2047.94, 2050.14, 2052.61]
exp025-n2048-k11-d250-bs70-f1.000-r00:428641.570: log(norms):     [2047.94, 2050.93, 2054.61, 2054.68, 2054.69, 2054.68, 2054.73, 2054.66, 2054.86, 2054.8]
exp025-n2048-k11-d250-bs70-f1.000-r00:428641.600: (30847 sec)
exp025-n2048-k11-d250-bs70-f1.000-r00:428641.601: Loop 13/100
exp025-n2048-k11-d250-bs70-f1.000-r00:458857.123: log(exp-norms): [2047.94, 2050.14, 2052.61]
exp025-n2048-k11-d250-bs70-f1.000-r00:458857.124: log(norms):     [2047.94, 2050.93, 2054.61, 2054.68, 2054.69, 2054.68, 2054.73, 2054.72, 2054.87, 2054.76]
exp025-n2048-k11-d250-bs70-f1.000-r00:458857.168: (30216 sec)
exp025-n2048-k11-d250-bs70-f1.000-r00:458857.169: Loop 14/100
exp025-n2048-k11-d250-bs70-f1.000-r00:489024.077: log(exp-norms): [2047.94, 2050.14, 2052.61]
exp025-n2048-k11-d250-bs70-f1.000-r00:489024.079: log(norms):     [2047.94, 2050.93, 2054.61, 2054.68, 2054.69, 2054.76, 2054.75, 2054.57, 2054.96, 2054.71]
exp025-n2048-k11-d250-bs70-f1.000-r00:489024.107: (30167 sec)
exp025-n2048-k11-d250-bs70-f1.000-r00:489024.108: Loop 15/100
exp025-n2048-k11-d250-bs70-f1.000-r00:516642.297: log(exp-norms): [2047.94, 2050.14, 2052.61]
exp025-n2048-k11-d250-bs70-f1.000-r00:516642.298: log(norms):     [2047.94, 2050.93, 2054.57, 2054.61, 2054.68, 2054.75, 2054.83, 2054.72, 2054.72, 2054.83]
exp025-n2048-k11-d250-bs70-f1.000-r00:516642.325: (27619 sec)
exp025-n2048-k11-d250-bs70-f1.000-r00:516642.325: Loop 16/100
exp025-n2048-k11-d250-bs70-f1.000-r00:542252.752: log(exp-norms): [2047.94, 2050.14, 2052.61]
exp025-n2048-k11-d250-bs70-f1.000-r00:542252.754: log(norms):     [2047.94, 2050.93, 2054.57, 2054.71, 2054.6, 2054.72, 2054.88, 2054.69, 2054.68, 2054.66]
exp025-n2048-k11-d250-bs70-f1.000-r00:542252.797: (25611 sec)
exp025-n2048-k11-d250-bs70-f1.000-r00:542252.797: Loop 17/100
exp025-n2048-k11-d250-bs70-f1.000-r00:568439.778: log(exp-norms): [2047.94, 2050.14, 2052.61]
exp025-n2048-k11-d250-bs70-f1.000-r00:568439.780: log(norms):     [2047.94, 2050.93, 2054.53, 2054.57, 2054.71, 2054.7, 2054.66, 2054.68, 2054.92, 2054.6]
exp025-n2048-k11-d250-bs70-f1.000-r00:568439.806: (26188 sec)
exp025-n2048-k11-d250-bs70-f1.000-r00:568439.806: Loop 18/100
exp025-n2048-k11-d250-bs70-f1.000-r00:592218.151: log(exp-norms): [2047.94, 2050.14, 2052.61]
exp025-n2048-k11-d250-bs70-f1.000-r00:592218.151: log(norms):     [2047.94, 2050.93, 2054.53, 2054.57, 2054.71, 2054.7, 2054.68, 2054.7, 2054.78, 2054.8]
exp025-n2048-k11-d250-bs70-f1.000-r00:592218.177: (23779 sec)
exp025-n2048-k11-d250-bs70-f1.000-r00:592218.177: Loop 19/100
exp025-n2048-k11-d250-bs70-f1.000-r00:616036.280: log(exp-norms): [2047.94, 2050.14, 2052.61]
exp025-n2048-k11-d250-bs70-f1.000-r00:616036.281: log(norms):     [2047.94, 2050.93, 2054.53, 2054.57, 2054.71, 2054.7, 2054.68, 2054.65, 2054.7, 2054.78]
exp025-n2048-k11-d250-bs70-f1.000-r00:616036.323: (23819 sec)
exp025-n2048-k11-d250-bs70-f1.000-r00:616036.323: Loop 20/100
exp025-n2048-k11-d250-bs70-f1.000-r00:638515.691: log(exp-norms): [2047.94, 2050.14, 2052.61]
exp025-n2048-k11-d250-bs70-f1.000-r00:638515.692: log(norms):     [2047.94, 2050.93, 2054.53, 2054.57, 2054.63, 2054.71, 2054.7, 2054.68, 2054.65, 2054.78]
exp025-n2048-k11-d250-bs70-f1.000-r00:638515.718: (22480 sec)
exp025-n2048-k11-d250-bs70-f1.000-r00:638515.718: Loop 21/100
exp025-n2048-k11-d250-bs70-f1.000-r00:659900.013: log(exp-norms): [2047.94, 2050.14, 2052.61]
exp025-n2048-k11-d250-bs70-f1.000-r00:659900.014: log(norms):     [2047.94, 2050.93, 2054.53, 2054.57, 2054.63, 2054.71, 2054.7, 2054.63, 2054.9, 2054.68]
exp025-n2048-k11-d250-bs70-f1.000-r00:659900.040: (21385 sec)
exp025-n2048-k11-d250-bs70-f1.000-r00:659900.040: Loop 22/100
exp025-n2048-k11-d250-bs70-f1.000-r00:681527.305: log(exp-norms): [2047.94, 2050.14, 2052.61]
exp025-n2048-k11-d250-bs70-f1.000-r00:681527.306: log(norms):     [2047.94, 2050.93, 2054.53, 2054.57, 2054.76, 2054.63, 2054.79, 2054.7, 2054.78, 2054.78]
exp025-n2048-k11-d250-bs70-f1.000-r00:681527.332: (21628 sec)
exp025-n2048-k11-d250-bs70-f1.000-r00:681527.332: Loop 23/100
exp025-n2048-k11-d250-bs70-f1.000-r00:701942.358: log(exp-norms): [2047.94, 2050.14, 2052.61]
exp025-n2048-k11-d250-bs70-f1.000-r00:701942.358: log(norms):     [2047.94, 2050.93, 2054.53, 2054.57, 2054.76, 2054.63, 2054.81, 2054.79, 2054.75, 2054.95]
exp025-n2048-k11-d250-bs70-f1.000-r00:701942.383: (20416 sec)
exp025-n2048-k11-d250-bs70-f1.000-r00:701942.384: Loop 24/100
exp025-n2048-k11-d250-bs70-f1.000-r00:723614.515: log(exp-norms): [2047.94, 2050.14, 2052.61]
exp025-n2048-k11-d250-bs70-f1.000-r00:723614.516: log(norms):     [2047.94, 2050.93, 2054.53, 2054.57, 2054.76, 2054.63, 2054.81, 2054.79, 2054.75, 2054.72]
exp025-n2048-k11-d250-bs70-f1.000-r00:723614.542: (21673 sec)
exp025-n2048-k11-d250-bs70-f1.000-r00:723614.543: Loop 25/100
exp025-n2048-k11-d250-bs70-f1.000-r00:743946.867: log(exp-norms): [2047.94, 2050.14, 2052.61]
exp025-n2048-k11-d250-bs70-f1.000-r00:743946.868: log(norms):     [2047.94, 2050.93, 2054.53, 2054.57, 2054.76, 2054.63, 2054.81, 2054.79, 2054.75, 2054.72]
exp025-n2048-k11-d250-bs70-f1.000-r00:743946.893: (20333 sec)
exp025-n2048-k11-d250-bs70-f1.000-r00:743946.893: Loop 26/100
exp025-n2048-k11-d250-bs70-f1.000-r00:764590.887: log(exp-norms): [2047.94, 2050.14, 2052.61]
exp025-n2048-k11-d250-bs70-f1.000-r00:764590.888: log(norms):     [2047.94, 2050.93, 2054.53, 2054.57, 2054.76, 2054.72, 2054.63, 2054.81, 2054.81, 2054.79]
exp025-n2048-k11-d250-bs70-f1.000-r00:764590.913: (20645 sec)
exp025-n2048-k11-d250-bs70-f1.000-r00:764590.914: Loop 27/100
exp025-n2048-k11-d250-bs70-f1.000-r00:786459.309: log(exp-norms): [2047.94, 2050.14, 2052.61]
exp025-n2048-k11-d250-bs70-f1.000-r00:786459.310: log(norms):     [2047.94, 2050.93, 2054.53, 2054.6, 2054.72, 2054.76, 2054.57, 2054.63, 2054.79, 2054.81]
exp025-n2048-k11-d250-bs70-f1.000-r00:786459.338: (21869 sec)
exp025-n2048-k11-d250-bs70-f1.000-r00:786459.339: Loop 28/100
exp025-n2048-k11-d250-bs70-f1.000-r00:808812.807: log(exp-norms): [2047.94, 2050.14, 2052.61]
exp025-n2048-k11-d250-bs70-f1.000-r00:808812.808: log(norms):     [2047.94, 2050.93, 2054.53, 2054.6, 2054.72, 2054.76, 2054.57, 2054.63, 2054.79, 2054.74]
exp025-n2048-k11-d250-bs70-f1.000-r00:808812.834: (22354 sec)
exp025-n2048-k11-d250-bs70-f1.000-r00:808812.834: Loop 29/100
exp025-n2048-k11-d250-bs70-f1.000-r00:829658.446: log(exp-norms): [2047.94, 2050.14, 2052.61]
exp025-n2048-k11-d250-bs70-f1.000-r00:829658.447: log(norms):     [2047.94, 2050.93, 2054.53, 2054.6, 2054.59, 2054.72, 2054.76, 2054.57, 2054.63, 2054.79]
exp025-n2048-k11-d250-bs70-f1.000-r00:829658.472: (20846 sec)
exp025-n2048-k11-d250-bs70-f1.000-r00:829658.473: Loop 30/100
exp025-n2048-k11-d250-bs70-f1.000-r00:849516.339: log(exp-norms): [2047.94, 2050.14, 2052.61]
exp025-n2048-k11-d250-bs70-f1.000-r00:849516.340: log(norms):     [2047.94, 2050.93, 2054.53, 2054.6, 2054.59, 2054.72, 2054.76, 2054.57, 2054.71, 2054.8]
exp025-n2048-k11-d250-bs70-f1.000-r00:849516.365: (19858 sec)
exp025-n2048-k11-d250-bs70-f1.000-r00:849516.366: Loop 31/100
exp025-n2048-k11-d250-bs70-f1.000-r00:871693.997: log(exp-norms): [2047.94, 2050.14, 2052.61]
exp025-n2048-k11-d250-bs70-f1.000-r00:871693.998: log(norms):     [2047.94, 2050.93, 2054.53, 2054.58, 2054.59, 2054.6, 2054.72, 2054.76, 2054.78, 2054.71]
exp025-n2048-k11-d250-bs70-f1.000-r00:871694.024: (22178 sec)
exp025-n2048-k11-d250-bs70-f1.000-r00:871694.025: Loop 32/100
exp025-n2048-k11-d250-bs70-f1.000-r00:892134.066: log(exp-norms): [2047.94, 2050.14, 2052.61]
exp025-n2048-k11-d250-bs70-f1.000-r00:892134.066: log(norms):     [2047.94, 2050.93, 2054.53, 2054.58, 2054.59, 2054.6, 2054.63, 2054.71, 2054.79, 2054.86]
exp025-n2048-k11-d250-bs70-f1.000-r00:892134.092: (20441 sec)
exp025-n2048-k11-d250-bs70-f1.000-r00:892134.092: Loop 33/100
exp025-n2048-k11-d250-bs70-f1.000-r00:912344.765: log(exp-norms): [2047.94, 2050.14, 2052.61]
exp025-n2048-k11-d250-bs70-f1.000-r00:912344.766: log(norms):     [2047.94, 2050.93, 2054.53, 2054.58, 2054.59, 2054.6, 2054.89, 2054.78, 2054.87, 2054.78]
exp025-n2048-k11-d250-bs70-f1.000-r00:912344.792: (20211 sec)
exp025-n2048-k11-d250-bs70-f1.000-r00:912344.792: Loop 34/100
exp025-n2048-k11-d250-bs70-f1.000-r00:937576.262: log(exp-norms): [2047.94, 2050.14, 2052.61]
exp025-n2048-k11-d250-bs70-f1.000-r00:937576.263: log(norms):     [2047.94, 2050.93, 2054.53, 2054.58, 2054.59, 2054.68, 2054.6, 2054.63, 2054.89, 2054.78]
exp025-n2048-k11-d250-bs70-f1.000-r00:937576.291: (25232 sec)
exp025-n2048-k11-d250-bs70-f1.000-r00:937576.292: Loop 35/100
exp025-n2048-k11-d250-bs70-f1.000-r00:963791.216: log(exp-norms): [2047.94, 2050.14, 2052.61]
exp025-n2048-k11-d250-bs70-f1.000-r00:963791.217: log(norms):     [2047.94, 2050.93, 2054.53, 2054.58, 2054.63, 2054.67, 2054.59, 2054.68, 2054.6, 2054.83]
exp025-n2048-k11-d250-bs70-f1.000-r00:963791.247: (26215 sec)
exp025-n2048-k11-d250-bs70-f1.000-r00:963791.247: Loop 36/100
exp025-n2048-k11-d250-bs70-f1.000-r00:983601.537: log(exp-norms): [2047.94, 2050.14, 2052.61]
exp025-n2048-k11-d250-bs70-f1.000-r00:983601.538: log(norms):     [2047.94, 2050.93, 2054.53, 2054.58, 2054.63, 2054.67, 2054.59, 2054.68, 2054.6, 2054.83]
exp025-n2048-k11-d250-bs70-f1.000-r00:983601.564: (19811 sec)
exp025-n2048-k11-d250-bs70-f1.000-r00:983601.564: Loop 37/100
exp025-n2048-k11-d250-bs70-f1.000-r00:1003800.675: log(exp-norms): [2047.94, 2050.14, 2052.61]
exp025-n2048-k11-d250-bs70-f1.000-r00:1003800.675: log(norms):     [2047.94, 2050.93, 2054.53, 2054.58, 2054.63, 2054.67, 2054.59, 2054.68, 2054.79, 2054.85]
exp025-n2048-k11-d250-bs70-f1.000-r00:1003800.701: (20200 sec)
exp025-n2048-k11-d250-bs70-f1.000-r00:1003800.701: Loop 38/100
exp025-n2048-k11-d250-bs70-f1.000-r00:1023890.948: log(exp-norms): [2047.94, 2050.14, 2052.61]
exp025-n2048-k11-d250-bs70-f1.000-r00:1023890.949: log(norms):     [2047.94, 2050.93, 2054.53, 2054.58, 2054.63, 2054.67, 2054.59, 2054.68, 2054.79, 2054.85]
exp025-n2048-k11-d250-bs70-f1.000-r00:1023890.975: (20091 sec)
exp025-n2048-k11-d250-bs70-f1.000-r00:1023890.975: Loop 39/100
exp025-n2048-k11-d250-bs70-f1.000-r00:1043579.807: log(exp-norms): [2047.94, 2050.14, 2052.61]
exp025-n2048-k11-d250-bs70-f1.000-r00:1043579.808: log(norms):     [2047.94, 2050.93, 2054.53, 2054.58, 2054.63, 2054.67, 2054.7, 2054.59, 2054.68, 2054.79]
exp025-n2048-k11-d250-bs70-f1.000-r00:1043579.833: (19689 sec)
exp025-n2048-k11-d250-bs70-f1.000-r00:1043579.834: Loop 40/100
exp025-n2048-k11-d250-bs70-f1.000-r00:1063590.784: log(exp-norms): [2047.94, 2050.14, 2052.61]
exp025-n2048-k11-d250-bs70-f1.000-r00:1063590.785: log(norms):     [2047.94, 2050.93, 2054.53, 2054.58, 2054.63, 2054.67, 2054.7, 2054.59, 2054.68, 2054.71]
exp025-n2048-k11-d250-bs70-f1.000-r00:1063590.811: (20011 sec)
exp025-n2048-k11-d250-bs70-f1.000-r00:1063590.811: Loop 41/100
exp025-n2048-k11-d250-bs70-f1.000-r00:1085981.448: log(exp-norms): [2047.94, 2050.14, 2052.61]
exp025-n2048-k11-d250-bs70-f1.000-r00:1085981.448: log(norms):     [2047.94, 2050.93, 2054.53, 2054.58, 2054.63, 2054.67, 2054.7, 2054.59, 2054.68, 2054.71]
exp025-n2048-k11-d250-bs70-f1.000-r00:1085981.474: (22391 sec)
exp025-n2048-k11-d250-bs70-f1.000-r00:1085981.474: Loop 42/100
exp025-n2048-k11-d250-bs70-f1.000-r00:1105604.784: log(exp-norms): [2047.94, 2050.14, 2052.61]
exp025-n2048-k11-d250-bs70-f1.000-r00:1105604.785: log(norms):     [2047.94, 2050.93, 2054.53, 2054.58, 2054.63, 2054.67, 2054.7, 2054.7, 2054.63, 2054.59]
exp025-n2048-k11-d250-bs70-f1.000-r00:1105604.811: (19624 sec)
exp025-n2048-k11-d250-bs70-f1.000-r00:1105604.811: Loop 43/100
exp025-n2048-k11-d250-bs70-f1.000-r00:1125911.953: log(exp-norms): [2047.94, 2050.14, 2052.61]
exp025-n2048-k11-d250-bs70-f1.000-r00:1125911.954: log(norms):     [2047.94, 2050.93, 2054.53, 2054.55, 2054.58, 2054.7, 2054.67, 2054.63, 2054.68, 2054.57]
exp025-n2048-k11-d250-bs70-f1.000-r00:1125911.979: (20308 sec)
exp025-n2048-k11-d250-bs70-f1.000-r00:1125911.979: Loop 44/100
exp025-n2048-k11-d250-bs70-f1.000-r00:1146591.014: log(exp-norms): [2047.94, 2050.14, 2052.61]
exp025-n2048-k11-d250-bs70-f1.000-r00:1146591.015: log(norms):     [2047.94, 2050.93, 2054.53, 2054.55, 2054.57, 2054.58, 2054.7, 2054.63, 2054.67, 2054.7]
exp025-n2048-k11-d250-bs70-f1.000-r00:1146591.041: (20680 sec)
exp025-n2048-k11-d250-bs70-f1.000-r00:1146591.041: Loop 45/100
exp025-n2048-k11-d250-bs70-f1.000-r00:1169208.898: log(exp-norms): [2047.94, 2050.14, 2052.61]
exp025-n2048-k11-d250-bs70-f1.000-r00:1169208.898: log(norms):     [2047.94, 2050.93, 2054.53, 2054.55, 2054.57, 2054.58, 2054.7, 2054.63, 2054.67, 2054.7]
exp025-n2048-k11-d250-bs70-f1.000-r00:1169208.924: (22618 sec)
exp025-n2048-k11-d250-bs70-f1.000-r00:1169208.924: Loop 46/100
exp025-n2048-k11-d250-bs70-f1.000-r00:1190253.192: log(exp-norms): [2047.94, 2050.14, 2052.61]
exp025-n2048-k11-d250-bs70-f1.000-r00:1190253.193: log(norms):     [2047.94, 2050.93, 2054.53, 2054.55, 2054.57, 2054.58, 2054.7, 2054.63, 2054.67, 2054.7]
exp025-n2048-k11-d250-bs70-f1.000-r00:1190253.219: (21045 sec)
exp025-n2048-k11-d250-bs70-f1.000-r00:1190253.219: Loop 47/100
exp025-n2048-k11-d250-bs70-f1.000-r00:1210374.643: log(exp-norms): [2047.94, 2050.14, 2052.61]
exp025-n2048-k11-d250-bs70-f1.000-r00:1210374.643: log(norms):     [2047.94, 2050.93, 2054.53, 2054.55, 2054.57, 2054.68, 2054.74, 2054.67, 2054.72, 2054.63]
exp025-n2048-k11-d250-bs70-f1.000-r00:1210374.669: (20122 sec)
exp025-n2048-k11-d250-bs70-f1.000-r00:1210374.669: Loop 48/100
exp025-n2048-k11-d250-bs70-f1.000-r00:1230162.952: log(exp-norms): [2047.94, 2050.14, 2052.61]
exp025-n2048-k11-d250-bs70-f1.000-r00:1230162.953: log(norms):     [2047.94, 2050.93, 2054.53, 2054.55, 2054.57, 2054.61, 2054.68, 2054.74, 2054.76, 2054.89]
exp025-n2048-k11-d250-bs70-f1.000-r00:1230162.979: (19789 sec)
exp025-n2048-k11-d250-bs70-f1.000-r00:1230162.979: Loop 49/100
exp025-n2048-k11-d250-bs70-f1.000-r00:1252741.525: log(exp-norms): [2047.94, 2050.14, 2052.61]
exp025-n2048-k11-d250-bs70-f1.000-r00:1252741.526: log(norms):     [2047.94, 2050.93, 2054.53, 2054.55, 2054.57, 2054.61, 2054.59, 2054.68, 2054.74, 2054.76]
exp025-n2048-k11-d250-bs70-f1.000-r00:1252741.551: (22579 sec)
exp025-n2048-k11-d250-bs70-f1.000-r00:1252741.552: Loop 50/100
exp025-n2048-k11-d250-bs70-f1.000-r00:1272316.724: log(exp-norms): [2047.94, 2050.14, 2052.61]
exp025-n2048-k11-d250-bs70-f1.000-r00:1272316.725: log(norms):     [2047.94, 2050.93, 2054.53, 2054.55, 2054.57, 2054.61, 2054.59, 2054.68, 2054.74, 2054.76]
exp025-n2048-k11-d250-bs70-f1.000-r00:1272316.751: (19576 sec)
exp025-n2048-k11-d250-bs70-f1.000-r00:1272316.751: Loop 51/100
exp025-n2048-k11-d250-bs70-f1.000-r00:1291760.002: log(exp-norms): [2047.94, 2050.14, 2052.61]
exp025-n2048-k11-d250-bs70-f1.000-r00:1291760.003: log(norms):     [2047.94, 2050.93, 2054.53, 2054.55, 2054.57, 2054.61, 2054.59, 2054.68, 2054.74, 2054.73]
exp025-n2048-k11-d250-bs70-f1.000-r00:1291760.028: (19444 sec)
exp025-n2048-k11-d250-bs70-f1.000-r00:1291760.029: Loop 52/100
exp025-n2048-k11-d250-bs70-f1.000-r00:1311369.705: log(exp-norms): [2047.94, 2050.14, 2052.61]
exp025-n2048-k11-d250-bs70-f1.000-r00:1311369.706: log(norms):     [2047.94, 2050.93, 2054.53, 2054.55, 2054.57, 2054.61, 2054.59, 2054.68, 2054.74, 2054.73]
exp025-n2048-k11-d250-bs70-f1.000-r00:1311369.748: (19610 sec)
exp025-n2048-k11-d250-bs70-f1.000-r00:1311369.748: Loop 53/100
exp025-n2048-k11-d250-bs70-f1.000-r00:1334533.695: log(exp-norms): [2047.94, 2050.14, 2052.61]
exp025-n2048-k11-d250-bs70-f1.000-r00:1334533.696: log(norms):     [2047.94, 2050.93, 2054.53, 2054.55, 2054.57, 2054.61, 2054.59, 2054.68, 2054.74, 2054.73]
exp025-n2048-k11-d250-bs70-f1.000-r00:1334533.722: (23164 sec)
exp025-n2048-k11-d250-bs70-f1.000-r00:1334533.722: Loop 54/100
exp025-n2048-k11-d250-bs70-f1.000-r00:1354219.485: log(exp-norms): [2047.94, 2050.14, 2052.61]
exp025-n2048-k11-d250-bs70-f1.000-r00:1354219.486: log(norms):     [2047.94, 2050.93, 2054.53, 2054.55, 2054.57, 2054.61, 2054.64, 2054.59, 2054.68, 2054.74]
exp025-n2048-k11-d250-bs70-f1.000-r00:1354219.511: (19686 sec)
exp025-n2048-k11-d250-bs70-f1.000-r00:1354219.512: Loop 55/100
exp025-n2048-k11-d250-bs70-f1.000-r00:1377037.776: log(exp-norms): [2047.94, 2050.14, 2052.61]
exp025-n2048-k11-d250-bs70-f1.000-r00:1377037.777: log(norms):     [2047.94, 2050.93, 2054.53, 2054.55, 2054.57, 2054.61, 2054.71, 2054.64, 2054.59, 2054.73]
exp025-n2048-k11-d250-bs70-f1.000-r00:1377037.803: (22819 sec)
exp025-n2048-k11-d250-bs70-f1.000-r00:1377037.803: Loop 56/100
exp025-n2048-k11-d250-bs70-f1.000-r00:1397469.565: log(exp-norms): [2047.94, 2050.14, 2052.61]
exp025-n2048-k11-d250-bs70-f1.000-r00:1397469.566: log(norms):     [2047.94, 2050.93, 2054.53, 2054.55, 2054.57, 2054.61, 2054.71, 2054.64, 2054.74, 2054.59]
exp025-n2048-k11-d250-bs70-f1.000-r00:1397469.592: (20432 sec)
exp025-n2048-k11-d250-bs70-f1.000-r00:1397469.592: Loop 57/100
exp025-n2048-k11-d250-bs70-f1.000-r00:1417720.255: log(exp-norms): [2047.94, 2050.14, 2052.61]
exp025-n2048-k11-d250-bs70-f1.000-r00:1417720.256: log(norms):     [2047.94, 2050.93, 2054.53, 2054.56, 2054.57, 2054.55, 2054.61, 2054.81, 2054.64, 2054.74]
exp025-n2048-k11-d250-bs70-f1.000-r00:1417720.282: (20251 sec)
exp025-n2048-k11-d250-bs70-f1.000-r00:1417720.282: Loop 58/100
exp025-n2048-k11-d250-bs70-f1.000-r00:1439413.536: log(exp-norms): [2047.94, 2050.14, 2052.61]
exp025-n2048-k11-d250-bs70-f1.000-r00:1439413.536: log(norms):     [2047.94, 2050.93, 2054.53, 2054.56, 2054.57, 2054.55, 2054.61, 2054.81, 2054.64, 2054.74]
exp025-n2048-k11-d250-bs70-f1.000-r00:1439413.562: (21694 sec)
exp025-n2048-k11-d250-bs70-f1.000-r00:1439413.562: Loop 59/100
exp025-n2048-k11-d250-bs70-f1.000-r00:1458801.230: log(exp-norms): [2047.94, 2050.14, 2052.61]
exp025-n2048-k11-d250-bs70-f1.000-r00:1458801.231: log(norms):     [2047.94, 2050.93, 2054.53, 2054.56, 2054.72, 2054.57, 2054.55, 2054.61, 2054.79, 2054.64]
exp025-n2048-k11-d250-bs70-f1.000-r00:1458801.256: (19388 sec)
exp025-n2048-k11-d250-bs70-f1.000-r00:1458801.257: Loop 60/100
exp025-n2048-k11-d250-bs70-f1.000-r00:1479680.201: log(exp-norms): [2047.94, 2050.14, 2052.61]
exp025-n2048-k11-d250-bs70-f1.000-r00:1479680.202: log(norms):     [2047.94, 2050.93, 2054.53, 2054.56, 2054.72, 2054.57, 2054.55, 2054.61, 2054.79, 2054.74]
exp025-n2048-k11-d250-bs70-f1.000-r00:1479680.227: (20879 sec)
exp025-n2048-k11-d250-bs70-f1.000-r00:1479680.228: Loop 61/100
exp025-n2048-k11-d250-bs70-f1.000-r00:1499072.766: log(exp-norms): [2047.94, 2050.14, 2052.61]
exp025-n2048-k11-d250-bs70-f1.000-r00:1499072.767: log(norms):     [2047.94, 2050.93, 2054.53, 2054.56, 2054.72, 2054.57, 2054.55, 2054.61, 2054.76, 2054.79]
exp025-n2048-k11-d250-bs70-f1.000-r00:1499072.792: (19393 sec)
exp025-n2048-k11-d250-bs70-f1.000-r00:1499072.793: Loop 62/100
exp025-n2048-k11-d250-bs70-f1.000-r00:1520086.758: log(exp-norms): [2047.94, 2050.14, 2052.61]
exp025-n2048-k11-d250-bs70-f1.000-r00:1520086.759: log(norms):     [2047.94, 2050.93, 2054.53, 2054.55, 2054.56, 2054.72, 2054.61, 2054.71, 2054.57, 2054.68]
exp025-n2048-k11-d250-bs70-f1.000-r00:1520086.784: (21014 sec)
exp025-n2048-k11-d250-bs70-f1.000-r00:1520086.785: Loop 63/100
exp025-n2048-k11-d250-bs70-f1.000-r00:1541849.319: log(exp-norms): [2047.94, 2050.14, 2052.61]
exp025-n2048-k11-d250-bs70-f1.000-r00:1541849.320: log(norms):     [2047.94, 2050.93, 2054.53, 2054.55, 2054.56, 2054.72, 2054.61, 2054.71, 2054.57, 2054.68]
exp025-n2048-k11-d250-bs70-f1.000-r00:1541849.346: (21763 sec)
exp025-n2048-k11-d250-bs70-f1.000-r00:1541849.346: Loop 64/100
exp025-n2048-k11-d250-bs70-f1.000-r00:1563601.279: log(exp-norms): [2047.94, 2050.14, 2052.61]
exp025-n2048-k11-d250-bs70-f1.000-r00:1563601.279: log(norms):     [2047.94, 2050.93, 2054.53, 2054.55, 2054.56, 2054.72, 2054.61, 2054.71, 2054.57, 2054.68]
exp025-n2048-k11-d250-bs70-f1.000-r00:1563601.307: (21752 sec)
exp025-n2048-k11-d250-bs70-f1.000-r00:1563601.308: Loop 65/100
exp025-n2048-k11-d250-bs70-f1.000-r00:1584653.560: log(exp-norms): [2047.94, 2050.14, 2052.61]
exp025-n2048-k11-d250-bs70-f1.000-r00:1584653.561: log(norms):     [2047.94, 2050.93, 2054.53, 2054.55, 2054.56, 2054.72, 2054.61, 2054.71, 2054.57, 2054.68]
exp025-n2048-k11-d250-bs70-f1.000-r00:1584653.587: (21053 sec)
exp025-n2048-k11-d250-bs70-f1.000-r00:1584653.588: Loop 66/100
exp025-n2048-k11-d250-bs70-f1.000-r00:1604240.881: log(exp-norms): [2047.94, 2050.14, 2052.61]
exp025-n2048-k11-d250-bs70-f1.000-r00:1604240.882: log(norms):     [2047.94, 2050.93, 2054.53, 2054.55, 2054.56, 2054.72, 2054.61, 2054.71, 2054.57, 2054.68]
exp025-n2048-k11-d250-bs70-f1.000-r00:1604240.907: (19588 sec)
exp025-n2048-k11-d250-bs70-f1.000-r00:1604240.907: Loop 67/100
exp025-n2048-k11-d250-bs70-f1.000-r00:1624183.079: log(exp-norms): [2047.94, 2050.14, 2052.61]
exp025-n2048-k11-d250-bs70-f1.000-r00:1624183.080: log(norms):     [2047.94, 2050.93, 2054.53, 2054.55, 2054.56, 2054.72, 2054.61, 2054.71, 2054.7, 2054.57]
exp025-n2048-k11-d250-bs70-f1.000-r00:1624183.105: (19943 sec)
exp025-n2048-k11-d250-bs70-f1.000-r00:1624183.106: Loop 68/100
exp025-n2048-k11-d250-bs70-f1.000-r00:1644053.543: log(exp-norms): [2047.94, 2050.14, 2052.61]
exp025-n2048-k11-d250-bs70-f1.000-r00:1644053.544: log(norms):     [2047.94, 2050.93, 2054.53, 2054.55, 2054.56, 2054.72, 2054.61, 2054.71, 2054.7, 2054.57]
exp025-n2048-k11-d250-bs70-f1.000-r00:1644053.570: (19871 sec)
exp025-n2048-k11-d250-bs70-f1.000-r00:1644053.570: Loop 69/100
