exp056-n3072-k12-d250-bs60-f1.000-r07:000000.464: ==========================Instance==========================
exp056-n3072-k12-d250-bs60-f1.000-r07:000000.464: # of equations: 250
exp056-n3072-k12-d250-bs60-f1.000-r07:000000.471: Gap: 0.68
exp056-n3072-k12-d250-bs60-f1.000-r07:000000.488: Tau: 0.12
exp056-n3072-k12-d250-bs60-f1.000-r07:000000.489: ======================BKZ-60 reduction======================
exp056-n3072-k12-d250-bs60-f1.000-r07:000008.515: Expectedly achievable log(norm): 3075.85
exp056-n3072-k12-d250-bs60-f1.000-r07:000015.764: log(exp-norms): [3072.0, 3074.2, 3073.65]
exp056-n3072-k12-d250-bs60-f1.000-r07:000015.764: log(norms):     [3087.1, 3074.99, 3084.0, 3084.0, 3084.0, 3084.0, 3084.0, 3084.0, 3084.0, 3084.0]
exp056-n3072-k12-d250-bs60-f1.000-r07:000015.867: Loop 1/100
exp056-n3072-k12-d250-bs60-f1.000-r07:012290.249: log(exp-norms): [3072.0, 3074.2, 3073.65]
exp056-n3072-k12-d250-bs60-f1.000-r07:012290.249: log(norms):     [3074.99, 3078.84, 3078.93, 3078.9, 3078.9, 3078.95, 3078.7, 3078.91, 3079.01, 3079.1]
exp056-n3072-k12-d250-bs60-f1.000-r07:012290.277: (12275 sec)
exp056-n3072-k12-d250-bs60-f1.000-r07:012290.277: Loop 2/100
exp056-n3072-k12-d250-bs60-f1.000-r07:014557.627: log(exp-norms): [3072.0, 3074.2, 3073.65]
exp056-n3072-k12-d250-bs60-f1.000-r07:014557.628: log(norms):     [3074.99, 3078.14, 3078.16, 3078.32, 3078.27, 3078.25, 3078.39, 3078.4, 3078.33, 3078.31]
exp056-n3072-k12-d250-bs60-f1.000-r07:014557.654: (2268 sec)
exp056-n3072-k12-d250-bs60-f1.000-r07:014557.654: Loop 3/100
exp056-n3072-k12-d250-bs60-f1.000-r07:016634.171: log(exp-norms): [3072.0, 3074.2, 3073.65]
exp056-n3072-k12-d250-bs60-f1.000-r07:016634.171: log(norms):     [3074.99, 3077.57, 3077.69, 3077.64, 3077.72, 3077.74, 3077.73, 3077.87, 3077.86, 3077.81]
exp056-n3072-k12-d250-bs60-f1.000-r07:016634.198: (2077 sec)
exp056-n3072-k12-d250-bs60-f1.000-r07:016634.198: Loop 4/100
exp056-n3072-k12-d250-bs60-f1.000-r07:018684.316: log(exp-norms): [3072.0, 3074.2, 3073.65]
exp056-n3072-k12-d250-bs60-f1.000-r07:018684.316: log(norms):     [3074.99, 3077.31, 3077.38, 3077.45, 3077.37, 3077.31, 3077.53, 3077.58, 3077.4, 3077.46]
exp056-n3072-k12-d250-bs60-f1.000-r07:018684.342: (2051 sec)
exp056-n3072-k12-d250-bs60-f1.000-r07:018684.343: Loop 5/100
exp056-n3072-k12-d250-bs60-f1.000-r07:020498.956: log(exp-norms): [3072.0, 3074.2, 3073.65]
exp056-n3072-k12-d250-bs60-f1.000-r07:020498.956: log(norms):     [3074.99, 3076.89, 3076.96, 3077.05, 3076.98, 3077.02, 3077.26, 3077.12, 3077.0, 3077.11]
exp056-n3072-k12-d250-bs60-f1.000-r07:020498.982: (1815 sec)
exp056-n3072-k12-d250-bs60-f1.000-r07:020498.983: Loop 6/100
exp056-n3072-k12-d250-bs60-f1.000-r07:022281.658: log(exp-norms): [3072.0, 3074.2, 3073.65]
exp056-n3072-k12-d250-bs60-f1.000-r07:022281.659: log(norms):     [3074.99, 3076.71, 3076.75, 3076.84, 3076.79, 3076.95, 3076.8, 3076.81, 3076.78, 3076.99]
exp056-n3072-k12-d250-bs60-f1.000-r07:022281.687: (1783 sec)
exp056-n3072-k12-d250-bs60-f1.000-r07:022281.687: Loop 7/100
exp056-n3072-k12-d250-bs60-f1.000-r07:024205.306: log(exp-norms): [3072.0, 3074.2, 3073.65]
exp056-n3072-k12-d250-bs60-f1.000-r07:024205.307: log(norms):     [3074.99, 3076.51, 3076.54, 3076.55, 3076.65, 3076.67, 3076.54, 3076.69, 3076.61, 3076.67]
exp056-n3072-k12-d250-bs60-f1.000-r07:024205.335: (1924 sec)
exp056-n3072-k12-d250-bs60-f1.000-r07:024205.336: Loop 8/100
exp056-n3072-k12-d250-bs60-f1.000-r07:026095.153: log(exp-norms): [3072.0, 3074.2, 3073.65]
exp056-n3072-k12-d250-bs60-f1.000-r07:026095.154: log(norms):     [3074.99, 3076.16, 3076.37, 3076.36, 3076.43, 3076.39, 3076.5, 3076.59, 3076.5, 3076.5]
exp056-n3072-k12-d250-bs60-f1.000-r07:026095.182: (1890 sec)
exp056-n3072-k12-d250-bs60-f1.000-r07:026095.183: Loop 9/100
exp056-n3072-k12-d250-bs60-f1.000-r07:027977.574: log(exp-norms): [3072.0, 3074.2, 3073.65]
exp056-n3072-k12-d250-bs60-f1.000-r07:027977.574: log(norms):     [3074.99, 3076.16, 3076.22, 3076.23, 3076.26, 3076.25, 3076.38, 3076.4, 3076.38, 3076.49]
exp056-n3072-k12-d250-bs60-f1.000-r07:027977.600: (1883 sec)
exp056-n3072-k12-d250-bs60-f1.000-r07:027977.601: Loop 10/100
exp056-n3072-k12-d250-bs60-f1.000-r07:029849.225: log(exp-norms): [3072.0, 3074.2, 3073.65]
exp056-n3072-k12-d250-bs60-f1.000-r07:029849.226: log(norms):     [3074.99, 3076.16, 3076.26, 3076.28, 3076.25, 3076.26, 3076.23, 3076.38, 3076.23, 3076.25]
exp056-n3072-k12-d250-bs60-f1.000-r07:029849.254: (1872 sec)
exp056-n3072-k12-d250-bs60-f1.000-r07:029849.254: Loop 11/100
exp056-n3072-k12-d250-bs60-f1.000-r07:031737.595: log(exp-norms): [3072.0, 3074.2, 3073.65]
exp056-n3072-k12-d250-bs60-f1.000-r07:031737.596: log(norms):     [3074.99, 3076.16, 3076.13, 3076.3, 3076.29, 3076.23, 3076.17, 3076.31, 3076.16, 3076.38]
exp056-n3072-k12-d250-bs60-f1.000-r07:031737.622: (1889 sec)
exp056-n3072-k12-d250-bs60-f1.000-r07:031737.622: Loop 12/100
exp056-n3072-k12-d250-bs60-f1.000-r07:033470.488: log(exp-norms): [3072.0, 3074.2, 3073.65]
exp056-n3072-k12-d250-bs60-f1.000-r07:033470.489: log(norms):     [3074.99, 3076.07, 3076.04, 3076.07, 3076.11, 3076.24, 3076.23, 3076.36, 3076.38, 3076.09]
exp056-n3072-k12-d250-bs60-f1.000-r07:033470.514: (1733 sec)
exp056-n3072-k12-d250-bs60-f1.000-r07:033470.515: Loop 13/100
exp056-n3072-k12-d250-bs60-f1.000-r07:035172.950: log(exp-norms): [3072.0, 3074.2, 3073.65]
exp056-n3072-k12-d250-bs60-f1.000-r07:035172.951: log(norms):     [3074.99, 3076.02, 3076.09, 3076.07, 3076.18, 3076.22, 3076.08, 3076.18, 3076.13, 3076.19]
exp056-n3072-k12-d250-bs60-f1.000-r07:035172.977: (1703 sec)
exp056-n3072-k12-d250-bs60-f1.000-r07:035172.977: Loop 14/100
exp056-n3072-k12-d250-bs60-f1.000-r07:036875.388: log(exp-norms): [3072.0, 3074.2, 3073.65]
exp056-n3072-k12-d250-bs60-f1.000-r07:036875.388: log(norms):     [3074.99, 3076.02, 3076.09, 3076.11, 3075.98, 3076.23, 3076.04, 3076.03, 3076.13, 3076.19]
exp056-n3072-k12-d250-bs60-f1.000-r07:036875.414: (1703 sec)
exp056-n3072-k12-d250-bs60-f1.000-r07:036875.415: Loop 15/100
exp056-n3072-k12-d250-bs60-f1.000-r07:038604.941: log(exp-norms): [3072.0, 3074.2, 3073.65]
exp056-n3072-k12-d250-bs60-f1.000-r07:038604.942: log(norms):     [3074.99, 3075.98, 3076.03, 3076.07, 3076.19, 3076.22, 3076.01, 3076.17, 3076.14, 3076.15]
exp056-n3072-k12-d250-bs60-f1.000-r07:038604.968: (1730 sec)
exp056-n3072-k12-d250-bs60-f1.000-r07:038604.969: Loop 16/100
exp056-n3072-k12-d250-bs60-f1.000-r07:040334.544: log(exp-norms): [3072.0, 3074.2, 3073.65]
exp056-n3072-k12-d250-bs60-f1.000-r07:040334.545: log(norms):     [3074.99, 3075.98, 3076.03, 3076.07, 3076.19, 3076.17, 3076.03, 3076.15, 3076.14, 3076.13]
exp056-n3072-k12-d250-bs60-f1.000-r07:040334.571: (1730 sec)
exp056-n3072-k12-d250-bs60-f1.000-r07:040334.571: Loop 17/100
exp056-n3072-k12-d250-bs60-f1.000-r07:042026.652: log(exp-norms): [3072.0, 3074.2, 3073.65]
exp056-n3072-k12-d250-bs60-f1.000-r07:042026.652: log(norms):     [3074.99, 3075.98, 3076.03, 3076.13, 3076.01, 3076.07, 3076.13, 3076.02, 3076.0, 3076.18]
exp056-n3072-k12-d250-bs60-f1.000-r07:042026.679: (1693 sec)
exp056-n3072-k12-d250-bs60-f1.000-r07:042026.679: Loop 18/100
exp056-n3072-k12-d250-bs60-f1.000-r07:043748.030: log(exp-norms): [3072.0, 3074.2, 3073.65]
exp056-n3072-k12-d250-bs60-f1.000-r07:043748.030: log(norms):     [3074.99, 3075.98, 3076.03, 3076.13, 3076.03, 3076.08, 3076.01, 3076.13, 3075.97, 3076.01]
exp056-n3072-k12-d250-bs60-f1.000-r07:043748.056: (1722 sec)
exp056-n3072-k12-d250-bs60-f1.000-r07:043748.057: Loop 19/100
exp056-n3072-k12-d250-bs60-f1.000-r07:045475.722: log(exp-norms): [3072.0, 3074.2, 3073.65]
exp056-n3072-k12-d250-bs60-f1.000-r07:045475.722: log(norms):     [3074.99, 3075.71, 3075.94, 3076.15, 3076.03, 3075.97, 3076.19, 3076.28, 3076.17, 3076.01]
exp056-n3072-k12-d250-bs60-f1.000-r07:045475.748: (1728 sec)
exp056-n3072-k12-d250-bs60-f1.000-r07:045475.749: Loop 20/100
exp056-n3072-k12-d250-bs60-f1.000-r07:047177.789: log(exp-norms): [3072.0, 3074.2, 3073.65]
exp056-n3072-k12-d250-bs60-f1.000-r07:047177.789: log(norms):     [3074.99, 3075.71, 3075.97, 3076.03, 3075.96, 3076.12, 3076.07, 3076.12, 3076.01, 3076.23]
exp056-n3072-k12-d250-bs60-f1.000-r07:047177.815: (1703 sec)
exp056-n3072-k12-d250-bs60-f1.000-r07:047177.816: Loop 21/100
exp056-n3072-k12-d250-bs60-f1.000-r07:048901.010: log(exp-norms): [3072.0, 3074.2, 3073.65]
exp056-n3072-k12-d250-bs60-f1.000-r07:048901.011: log(norms):     [3074.99, 3075.71, 3075.97, 3076.03, 3075.91, 3075.96, 3076.01, 3076.1, 3076.06, 3076.25]
exp056-n3072-k12-d250-bs60-f1.000-r07:048901.036: (1724 sec)
exp056-n3072-k12-d250-bs60-f1.000-r07:048901.037: Loop 22/100
exp056-n3072-k12-d250-bs60-f1.000-r07:050598.107: log(exp-norms): [3072.0, 3074.2, 3073.65]
exp056-n3072-k12-d250-bs60-f1.000-r07:050598.108: log(norms):     [3074.99, 3075.71, 3075.97, 3076.03, 3075.98, 3076.01, 3075.99, 3076.25, 3076.08, 3076.15]
exp056-n3072-k12-d250-bs60-f1.000-r07:050598.134: (1698 sec)
exp056-n3072-k12-d250-bs60-f1.000-r07:050598.134: Loop 23/100
exp056-n3072-k12-d250-bs60-f1.000-r07:052311.792: log(exp-norms): [3072.0, 3074.2, 3073.65]
exp056-n3072-k12-d250-bs60-f1.000-r07:052311.792: log(norms):     [3074.99, 3075.71, 3075.98, 3076.04, 3075.99, 3076.03, 3075.97, 3076.06, 3076.27, 3075.97]
exp056-n3072-k12-d250-bs60-f1.000-r07:052311.819: (1714 sec)
exp056-n3072-k12-d250-bs60-f1.000-r07:052311.819: Loop 24/100
exp056-n3072-k12-d250-bs60-f1.000-r07:054018.689: log(exp-norms): [3072.0, 3074.2, 3073.65]
exp056-n3072-k12-d250-bs60-f1.000-r07:054018.689: log(norms):     [3074.99, 3075.71, 3075.98, 3076.04, 3075.99, 3076.03, 3075.97, 3076.08, 3076.06, 3076.05]
exp056-n3072-k12-d250-bs60-f1.000-r07:054018.716: (1707 sec)
exp056-n3072-k12-d250-bs60-f1.000-r07:054018.716: Loop 25/100
exp056-n3072-k12-d250-bs60-f1.000-r07:055778.183: log(exp-norms): [3072.0, 3074.2, 3073.65]
exp056-n3072-k12-d250-bs60-f1.000-r07:055778.184: log(norms):     [3074.99, 3075.71, 3075.82, 3076.04, 3075.98, 3076.05, 3075.99, 3076.19, 3076.03, 3076.21]
exp056-n3072-k12-d250-bs60-f1.000-r07:055778.211: (1760 sec)
exp056-n3072-k12-d250-bs60-f1.000-r07:055778.211: Loop 26/100
exp056-n3072-k12-d250-bs60-f1.000-r07:057496.363: log(exp-norms): [3072.0, 3074.2, 3073.65]
exp056-n3072-k12-d250-bs60-f1.000-r07:057496.364: log(norms):     [3074.99, 3075.71, 3075.82, 3076.04, 3075.97, 3075.9, 3075.98, 3075.85, 3076.13, 3076.0]
exp056-n3072-k12-d250-bs60-f1.000-r07:057496.390: (1719 sec)
exp056-n3072-k12-d250-bs60-f1.000-r07:057496.390: Loop 27/100
exp056-n3072-k12-d250-bs60-f1.000-r07:059160.767: log(exp-norms): [3072.0, 3074.2, 3073.65]
exp056-n3072-k12-d250-bs60-f1.000-r07:059160.768: log(norms):     [3074.99, 3075.71, 3075.82, 3075.85, 3076.04, 3075.98, 3075.95, 3076.13, 3076.0, 3075.97]
exp056-n3072-k12-d250-bs60-f1.000-r07:059160.793: (1665 sec)
exp056-n3072-k12-d250-bs60-f1.000-r07:059160.794: Loop 28/100
