exp058-n3072-k12-d250-bs60-f1.000-r01:000000.446: ==========================Instance==========================
exp058-n3072-k12-d250-bs60-f1.000-r01:000000.446: # of equations: 250
exp058-n3072-k12-d250-bs60-f1.000-r01:000000.454: Gap: 0.68
exp058-n3072-k12-d250-bs60-f1.000-r01:000000.469: Tau: 0.12
exp058-n3072-k12-d250-bs60-f1.000-r01:000000.470: ======================BKZ-60 reduction======================
exp058-n3072-k12-d250-bs60-f1.000-r01:000008.166: Expectedly achievable log(norm): 3075.85
exp058-n3072-k12-d250-bs60-f1.000-r01:000015.861: log(exp-norms): [3072.0, 3074.2, 3073.65]
exp058-n3072-k12-d250-bs60-f1.000-r01:000015.862: log(norms):     [3087.1, 3074.99, 3084.0, 3084.0, 3084.0, 3084.0, 3084.0, 3084.0, 3084.0, 3084.0]
exp058-n3072-k12-d250-bs60-f1.000-r01:000015.957: Loop 1/100
exp058-n3072-k12-d250-bs60-f1.000-r01:010538.513: log(exp-norms): [3072.0, 3074.2, 3073.65]
exp058-n3072-k12-d250-bs60-f1.000-r01:010538.513: log(norms):     [3074.99, 3078.84, 3078.93, 3078.9, 3078.9, 3078.95, 3078.7, 3078.91, 3079.01, 3079.1]
exp058-n3072-k12-d250-bs60-f1.000-r01:010538.540: (10523 sec)
exp058-n3072-k12-d250-bs60-f1.000-r01:010538.540: Loop 2/100
exp058-n3072-k12-d250-bs60-f1.000-r01:012528.241: log(exp-norms): [3072.0, 3074.2, 3073.65]
exp058-n3072-k12-d250-bs60-f1.000-r01:012528.242: log(norms):     [3074.99, 3078.14, 3078.16, 3078.32, 3078.27, 3078.25, 3078.39, 3078.4, 3078.33, 3078.31]
exp058-n3072-k12-d250-bs60-f1.000-r01:012528.268: (1990 sec)
exp058-n3072-k12-d250-bs60-f1.000-r01:012528.268: Loop 3/100
exp058-n3072-k12-d250-bs60-f1.000-r01:014435.695: log(exp-norms): [3072.0, 3074.2, 3073.65]
exp058-n3072-k12-d250-bs60-f1.000-r01:014435.696: log(norms):     [3074.99, 3077.57, 3077.69, 3077.64, 3077.72, 3077.74, 3077.73, 3077.87, 3077.86, 3077.81]
exp058-n3072-k12-d250-bs60-f1.000-r01:014435.722: (1908 sec)
exp058-n3072-k12-d250-bs60-f1.000-r01:014435.722: Loop 4/100
exp058-n3072-k12-d250-bs60-f1.000-r01:016308.897: log(exp-norms): [3072.0, 3074.2, 3073.65]
exp058-n3072-k12-d250-bs60-f1.000-r01:016308.897: log(norms):     [3074.99, 3077.31, 3077.38, 3077.45, 3077.37, 3077.31, 3077.53, 3077.58, 3077.4, 3077.46]
exp058-n3072-k12-d250-bs60-f1.000-r01:016308.924: (1874 sec)
exp058-n3072-k12-d250-bs60-f1.000-r01:016308.924: Loop 5/100
exp058-n3072-k12-d250-bs60-f1.000-r01:018137.489: log(exp-norms): [3072.0, 3074.2, 3073.65]
exp058-n3072-k12-d250-bs60-f1.000-r01:018137.489: log(norms):     [3074.99, 3076.89, 3076.96, 3077.05, 3076.98, 3077.02, 3077.26, 3077.12, 3077.0, 3077.11]
exp058-n3072-k12-d250-bs60-f1.000-r01:018137.515: (1829 sec)
exp058-n3072-k12-d250-bs60-f1.000-r01:018137.516: Loop 6/100
exp058-n3072-k12-d250-bs60-f1.000-r01:019944.878: log(exp-norms): [3072.0, 3074.2, 3073.65]
exp058-n3072-k12-d250-bs60-f1.000-r01:019944.879: log(norms):     [3074.99, 3076.71, 3076.75, 3076.84, 3076.79, 3076.95, 3076.8, 3076.81, 3076.78, 3076.99]
exp058-n3072-k12-d250-bs60-f1.000-r01:019944.905: (1808 sec)
exp058-n3072-k12-d250-bs60-f1.000-r01:019944.905: Loop 7/100
exp058-n3072-k12-d250-bs60-f1.000-r01:021725.216: log(exp-norms): [3072.0, 3074.2, 3073.65]
exp058-n3072-k12-d250-bs60-f1.000-r01:021725.216: log(norms):     [3074.99, 3076.51, 3076.54, 3076.55, 3076.65, 3076.67, 3076.54, 3076.69, 3076.61, 3076.67]
exp058-n3072-k12-d250-bs60-f1.000-r01:021725.242: (1781 sec)
exp058-n3072-k12-d250-bs60-f1.000-r01:021725.242: Loop 8/100
exp058-n3072-k12-d250-bs60-f1.000-r01:023470.579: log(exp-norms): [3072.0, 3074.2, 3073.65]
exp058-n3072-k12-d250-bs60-f1.000-r01:023470.579: log(norms):     [3074.99, 3076.16, 3076.37, 3076.36, 3076.43, 3076.39, 3076.5, 3076.59, 3076.5, 3076.5]
exp058-n3072-k12-d250-bs60-f1.000-r01:023470.605: (1746 sec)
exp058-n3072-k12-d250-bs60-f1.000-r01:023470.606: Loop 9/100
exp058-n3072-k12-d250-bs60-f1.000-r01:025209.912: log(exp-norms): [3072.0, 3074.2, 3073.65]
exp058-n3072-k12-d250-bs60-f1.000-r01:025209.913: log(norms):     [3074.99, 3076.16, 3076.22, 3076.23, 3076.26, 3076.25, 3076.38, 3076.4, 3076.38, 3076.49]
exp058-n3072-k12-d250-bs60-f1.000-r01:025209.939: (1740 sec)
exp058-n3072-k12-d250-bs60-f1.000-r01:025209.939: Loop 10/100
exp058-n3072-k12-d250-bs60-f1.000-r01:026939.757: log(exp-norms): [3072.0, 3074.2, 3073.65]
exp058-n3072-k12-d250-bs60-f1.000-r01:026939.757: log(norms):     [3074.99, 3076.16, 3076.26, 3076.28, 3076.25, 3076.26, 3076.23, 3076.38, 3076.23, 3076.25]
exp058-n3072-k12-d250-bs60-f1.000-r01:026939.784: (1730 sec)
exp058-n3072-k12-d250-bs60-f1.000-r01:026939.784: Loop 11/100
exp058-n3072-k12-d250-bs60-f1.000-r01:028695.769: log(exp-norms): [3072.0, 3074.2, 3073.65]
exp058-n3072-k12-d250-bs60-f1.000-r01:028695.770: log(norms):     [3074.99, 3076.16, 3076.13, 3076.3, 3076.29, 3076.23, 3076.17, 3076.31, 3076.16, 3076.38]
exp058-n3072-k12-d250-bs60-f1.000-r01:028695.796: (1757 sec)
exp058-n3072-k12-d250-bs60-f1.000-r01:028695.796: Loop 12/100
exp058-n3072-k12-d250-bs60-f1.000-r01:030448.471: log(exp-norms): [3072.0, 3074.2, 3073.65]
exp058-n3072-k12-d250-bs60-f1.000-r01:030448.472: log(norms):     [3074.99, 3076.07, 3076.04, 3076.07, 3076.11, 3076.24, 3076.23, 3076.36, 3076.38, 3076.09]
exp058-n3072-k12-d250-bs60-f1.000-r01:030448.498: (1753 sec)
exp058-n3072-k12-d250-bs60-f1.000-r01:030448.498: Loop 13/100
exp058-n3072-k12-d250-bs60-f1.000-r01:032196.000: log(exp-norms): [3072.0, 3074.2, 3073.65]
exp058-n3072-k12-d250-bs60-f1.000-r01:032196.001: log(norms):     [3074.99, 3076.02, 3076.09, 3076.07, 3076.18, 3076.22, 3076.08, 3076.18, 3076.13, 3076.19]
exp058-n3072-k12-d250-bs60-f1.000-r01:032196.029: (1748 sec)
exp058-n3072-k12-d250-bs60-f1.000-r01:032196.029: Loop 14/100
exp058-n3072-k12-d250-bs60-f1.000-r01:033958.176: log(exp-norms): [3072.0, 3074.2, 3073.65]
exp058-n3072-k12-d250-bs60-f1.000-r01:033958.177: log(norms):     [3074.99, 3076.02, 3076.09, 3076.11, 3075.98, 3076.23, 3076.04, 3076.03, 3076.13, 3076.19]
exp058-n3072-k12-d250-bs60-f1.000-r01:033958.203: (1763 sec)
exp058-n3072-k12-d250-bs60-f1.000-r01:033958.203: Loop 15/100
exp058-n3072-k12-d250-bs60-f1.000-r01:035709.452: log(exp-norms): [3072.0, 3074.2, 3073.65]
exp058-n3072-k12-d250-bs60-f1.000-r01:035709.453: log(norms):     [3074.99, 3075.98, 3076.03, 3076.07, 3076.19, 3076.22, 3076.01, 3076.17, 3076.14, 3076.15]
exp058-n3072-k12-d250-bs60-f1.000-r01:035709.479: (1752 sec)
exp058-n3072-k12-d250-bs60-f1.000-r01:035709.479: Loop 16/100
exp058-n3072-k12-d250-bs60-f1.000-r01:037468.544: log(exp-norms): [3072.0, 3074.2, 3073.65]
exp058-n3072-k12-d250-bs60-f1.000-r01:037468.545: log(norms):     [3074.99, 3075.98, 3076.03, 3076.07, 3076.19, 3076.17, 3076.03, 3076.15, 3076.14, 3076.13]
exp058-n3072-k12-d250-bs60-f1.000-r01:037468.571: (1760 sec)
exp058-n3072-k12-d250-bs60-f1.000-r01:037468.571: Loop 17/100
exp058-n3072-k12-d250-bs60-f1.000-r01:039182.563: log(exp-norms): [3072.0, 3074.2, 3073.65]
exp058-n3072-k12-d250-bs60-f1.000-r01:039182.564: log(norms):     [3074.99, 3075.98, 3076.03, 3076.13, 3076.01, 3076.07, 3076.13, 3076.02, 3076.0, 3076.18]
exp058-n3072-k12-d250-bs60-f1.000-r01:039182.590: (1715 sec)
exp058-n3072-k12-d250-bs60-f1.000-r01:039182.590: Loop 18/100
exp058-n3072-k12-d250-bs60-f1.000-r01:040930.626: log(exp-norms): [3072.0, 3074.2, 3073.65]
exp058-n3072-k12-d250-bs60-f1.000-r01:040930.627: log(norms):     [3074.99, 3075.98, 3076.03, 3076.13, 3076.03, 3076.08, 3076.01, 3076.13, 3075.97, 3076.01]
exp058-n3072-k12-d250-bs60-f1.000-r01:040930.653: (1749 sec)
exp058-n3072-k12-d250-bs60-f1.000-r01:040930.653: Loop 19/100
exp058-n3072-k12-d250-bs60-f1.000-r01:042684.157: log(exp-norms): [3072.0, 3074.2, 3073.65]
exp058-n3072-k12-d250-bs60-f1.000-r01:042684.158: log(norms):     [3074.99, 3075.71, 3075.94, 3076.15, 3076.03, 3075.97, 3076.19, 3076.28, 3076.17, 3076.01]
exp058-n3072-k12-d250-bs60-f1.000-r01:042684.184: (1754 sec)
exp058-n3072-k12-d250-bs60-f1.000-r01:042684.184: Loop 20/100
exp058-n3072-k12-d250-bs60-f1.000-r01:044406.627: log(exp-norms): [3072.0, 3074.2, 3073.65]
exp058-n3072-k12-d250-bs60-f1.000-r01:044406.628: log(norms):     [3074.99, 3075.71, 3075.97, 3076.03, 3075.96, 3076.12, 3076.07, 3076.12, 3076.01, 3076.23]
exp058-n3072-k12-d250-bs60-f1.000-r01:044406.654: (1723 sec)
exp058-n3072-k12-d250-bs60-f1.000-r01:044406.654: Loop 21/100
exp058-n3072-k12-d250-bs60-f1.000-r01:046149.586: log(exp-norms): [3072.0, 3074.2, 3073.65]
exp058-n3072-k12-d250-bs60-f1.000-r01:046149.587: log(norms):     [3074.99, 3075.71, 3075.97, 3076.03, 3075.91, 3075.96, 3076.01, 3076.1, 3076.06, 3076.25]
exp058-n3072-k12-d250-bs60-f1.000-r01:046149.613: (1743 sec)
exp058-n3072-k12-d250-bs60-f1.000-r01:046149.614: Loop 22/100
exp058-n3072-k12-d250-bs60-f1.000-r01:047863.043: log(exp-norms): [3072.0, 3074.2, 3073.65]
exp058-n3072-k12-d250-bs60-f1.000-r01:047863.044: log(norms):     [3074.99, 3075.71, 3075.97, 3076.03, 3075.98, 3076.01, 3075.99, 3076.25, 3076.08, 3076.15]
exp058-n3072-k12-d250-bs60-f1.000-r01:047863.070: (1714 sec)
exp058-n3072-k12-d250-bs60-f1.000-r01:047863.070: Loop 23/100
