exp043-n3072-k16-d250-bs60-f1.000-r02:000000.548: ==========================Instance==========================
exp043-n3072-k16-d250-bs60-f1.000-r02:000000.548: # of equations: 250
exp043-n3072-k16-d250-bs60-f1.000-r02:000000.557: Gap: 10.71
exp043-n3072-k16-d250-bs60-f1.000-r02:000000.576: Tau: 29.86
exp043-n3072-k16-d250-bs60-f1.000-r02:000000.578: ======================BKZ-60 reduction======================
exp043-n3072-k16-d250-bs60-f1.000-r02:000008.373: Expectedly achievable log(norm): 3079.82
exp043-n3072-k16-d250-bs60-f1.000-r02:000016.937: log(exp-norms): [3072.0, 3074.2, 3077.62]
exp043-n3072-k16-d250-bs60-f1.000-r02:000016.937: log(norms):     [3091.21, 3074.99, 3088.0, 3088.0, 3088.0, 3088.0, 3088.0, 3088.0, 3088.0, 3088.0]
exp043-n3072-k16-d250-bs60-f1.000-r02:000017.040: Loop 1/100
exp043-n3072-k16-d250-bs60-f1.000-r02:013311.946: log(exp-norms): [3072.0, 3074.2, 3077.62]
exp043-n3072-k16-d250-bs60-f1.000-r02:013311.947: log(norms):     [3074.99, 3082.83, 3082.85, 3082.85, 3082.87, 3082.92, 3083.07, 3083.08, 3082.96, 3083.03]
exp043-n3072-k16-d250-bs60-f1.000-r02:013311.991: (13295 sec)
exp043-n3072-k16-d250-bs60-f1.000-r02:013311.992: Loop 2/100
exp043-n3072-k16-d250-bs60-f1.000-r02:015749.104: log(exp-norms): [3072.0, 3074.2, 3077.62]
exp043-n3072-k16-d250-bs60-f1.000-r02:015749.105: log(norms):     [3072.0, 3074.99, 3082.25, 3082.35, 3082.37, 3082.26, 3082.38, 3082.43, 3082.33, 3082.54]
exp043-n3072-k16-d250-bs60-f1.000-r02:015749.132: (2438 sec)
exp043-n3072-k16-d250-bs60-f1.000-r02:015749.132: Loop 3/100
exp043-n3072-k16-d250-bs60-f1.000-r02:018303.493: log(exp-norms): [3072.0, 3074.2, 3077.62]
exp043-n3072-k16-d250-bs60-f1.000-r02:018303.493: log(norms):     [3072.0, 3074.99, 3081.61, 3081.77, 3081.85, 3081.97, 3081.87, 3081.76, 3081.9, 3081.9]
exp043-n3072-k16-d250-bs60-f1.000-r02:018303.537: (2555 sec)
exp043-n3072-k16-d250-bs60-f1.000-r02:018303.537: Loop 4/100
exp043-n3072-k16-d250-bs60-f1.000-r02:020823.279: log(exp-norms): [3072.0, 3074.2, 3077.62]
exp043-n3072-k16-d250-bs60-f1.000-r02:020823.280: log(norms):     [3072.0, 3074.99, 3081.31, 3081.36, 3081.32, 3081.43, 3081.55, 3081.56, 3081.29, 3081.53]
exp043-n3072-k16-d250-bs60-f1.000-r02:020823.322: (2520 sec)
exp043-n3072-k16-d250-bs60-f1.000-r02:020823.323: Loop 5/100
exp043-n3072-k16-d250-bs60-f1.000-r02:023236.577: log(exp-norms): [3072.0, 3074.2, 3077.62]
exp043-n3072-k16-d250-bs60-f1.000-r02:023236.578: log(norms):     [3072.0, 3074.99, 3080.91, 3081.01, 3081.02, 3081.15, 3081.12, 3081.06, 3081.12, 3081.11]
exp043-n3072-k16-d250-bs60-f1.000-r02:023236.605: (2414 sec)
exp043-n3072-k16-d250-bs60-f1.000-r02:023236.605: Loop 6/100
exp043-n3072-k16-d250-bs60-f1.000-r02:025410.396: log(exp-norms): [3072.0, 3074.2, 3077.62]
exp043-n3072-k16-d250-bs60-f1.000-r02:025410.396: log(norms):     [3072.0, 3074.99, 3080.68, 3080.73, 3080.84, 3080.79, 3080.85, 3080.74, 3080.92, 3080.8]
exp043-n3072-k16-d250-bs60-f1.000-r02:025410.423: (2174 sec)
exp043-n3072-k16-d250-bs60-f1.000-r02:025410.424: Loop 7/100
exp043-n3072-k16-d250-bs60-f1.000-r02:027464.044: log(exp-norms): [3072.0, 3074.2, 3077.62]
exp043-n3072-k16-d250-bs60-f1.000-r02:027464.045: log(norms):     [3072.0, 3074.2, 3074.99, 3080.45, 3080.51, 3080.61, 3080.64, 3080.67, 3080.66, 3080.78]
exp043-n3072-k16-d250-bs60-f1.000-r02:027464.072: (2054 sec)
exp043-n3072-k16-d250-bs60-f1.000-r02:027464.072: ==========================Summary===========================
exp043-n3072-k16-d250-bs60-f1.000-r02:027464.072: Total time: 27464sec
exp043-n3072-k16-d250-bs60-f1.000-r02:027464.072: SUCCESS
exp043-n3072-k16-d250-bs60-f1.000-r02:027464.072: HNP solution: 4405273920526704447831455388896470434689429852084329841166075428235651517251773482486733016635779047179953862000027747998600477748079832075492985384478241153544094759667057569783014117571872647664050730362528711402155452700790848008448545357327460378795164924050531828395445670591917262730014901544867690149882855274458529736427870753369987201280270800375502582226067441693352316421210895738162954494608571321893338818365989665880716214390510169962033333659697887557620727529159256702067372660418457362906382743219264478860210016934480842156750541706819903642769535520467986957299703942214652324047013862293474636109761637189391726353007689320097970475059006872190573658212603493520952864621460335781702863634134511809948108282592164823639895564291031637440808476655538423206672648873016901862697880171069923134754194150291406493874186953560326100423779792949921277279053240389401892851247507556964289698118479165461586275638
exp043-n3072-k16-d250-bs60-f1.000-r02:027464.072: Shared secret: 4405273920526704447831455388896470434689429852084329841166075428235651517251773482486733016635779047179953862000027747998600477748079832075492985384478241153544094759667057569783014117571872647664050730362528711402155452700790848008448545357327460378795164924050531828395445670591917262730014901544867690149882855274458529736427870753369987201280270800375502582226067441693352316421210895738162954494608571321893338818365989665880716214390510169962033333659697887557620727529159256702067372660418457362906382743219264478860210016934480842156750541706819903642769535520467986957299703942214652324047013862293474636109761637189391726353007689320097970475059006872190573658212603493520952864621460335781702863634134511809948108282592164823639895564291031637440808476655538423206672648873016901862697880171069923134754194150291406493874186953560326100423779792949921277279053240389401892851247507556964289698118479165461586275638
exp043-n3072-k16-d250-bs60-f1.000-r02:027464.073: SUMMARY:n:3072:k:16:d:250:bs:60:t:27464:r:True
