exp049-n3072-k12-d250-bs60-f1.000-r00:000000.470: ==========================Instance==========================
exp049-n3072-k12-d250-bs60-f1.000-r00:000000.470: # of equations: 250
exp049-n3072-k12-d250-bs60-f1.000-r00:000000.477: Gap: 0.68
exp049-n3072-k12-d250-bs60-f1.000-r00:000000.493: Tau: 0.12
exp049-n3072-k12-d250-bs60-f1.000-r00:000000.494: ======================BKZ-60 reduction======================
exp049-n3072-k12-d250-bs60-f1.000-r00:000008.172: Expectedly achievable log(norm): 3075.85
exp049-n3072-k12-d250-bs60-f1.000-r00:000015.810: log(exp-norms): [3072.0, 3074.2, 3073.65]
exp049-n3072-k12-d250-bs60-f1.000-r00:000015.810: log(norms):     [3087.1, 3074.99, 3084.0, 3084.0, 3084.0, 3084.0, 3084.0, 3084.0, 3084.0, 3084.0]
exp049-n3072-k12-d250-bs60-f1.000-r00:000015.911: Loop 1/100
exp049-n3072-k12-d250-bs60-f1.000-r00:011722.127: log(exp-norms): [3072.0, 3074.2, 3073.65]
exp049-n3072-k12-d250-bs60-f1.000-r00:011722.128: log(norms):     [3074.99, 3078.84, 3078.93, 3078.9, 3078.9, 3078.95, 3078.7, 3078.91, 3079.01, 3079.1]
exp049-n3072-k12-d250-bs60-f1.000-r00:011722.154: (11707 sec)
exp049-n3072-k12-d250-bs60-f1.000-r00:011722.155: Loop 2/100
exp049-n3072-k12-d250-bs60-f1.000-r00:014443.982: log(exp-norms): [3072.0, 3074.2, 3073.65]
exp049-n3072-k12-d250-bs60-f1.000-r00:014443.982: log(norms):     [3074.99, 3078.14, 3078.16, 3078.32, 3078.27, 3078.25, 3078.39, 3078.4, 3078.33, 3078.31]
exp049-n3072-k12-d250-bs60-f1.000-r00:014444.009: (2722 sec)
exp049-n3072-k12-d250-bs60-f1.000-r00:014444.009: Loop 3/100
exp049-n3072-k12-d250-bs60-f1.000-r00:016706.556: log(exp-norms): [3072.0, 3074.2, 3073.65]
exp049-n3072-k12-d250-bs60-f1.000-r00:016706.557: log(norms):     [3074.99, 3077.57, 3077.69, 3077.64, 3077.72, 3077.74, 3077.73, 3077.87, 3077.86, 3077.81]
exp049-n3072-k12-d250-bs60-f1.000-r00:016706.600: (2263 sec)
exp049-n3072-k12-d250-bs60-f1.000-r00:016706.600: Loop 4/100
exp049-n3072-k12-d250-bs60-f1.000-r00:018828.248: log(exp-norms): [3072.0, 3074.2, 3073.65]
exp049-n3072-k12-d250-bs60-f1.000-r00:018828.249: log(norms):     [3074.99, 3077.31, 3077.38, 3077.45, 3077.37, 3077.31, 3077.53, 3077.58, 3077.4, 3077.46]
exp049-n3072-k12-d250-bs60-f1.000-r00:018828.292: (2122 sec)
exp049-n3072-k12-d250-bs60-f1.000-r00:018828.293: Loop 5/100
exp049-n3072-k12-d250-bs60-f1.000-r00:020814.287: log(exp-norms): [3072.0, 3074.2, 3073.65]
exp049-n3072-k12-d250-bs60-f1.000-r00:020814.288: log(norms):     [3074.99, 3076.89, 3076.96, 3077.05, 3076.98, 3077.02, 3077.26, 3077.12, 3077.0, 3077.11]
exp049-n3072-k12-d250-bs60-f1.000-r00:020814.315: (1987 sec)
exp049-n3072-k12-d250-bs60-f1.000-r00:020814.315: Loop 6/100
exp049-n3072-k12-d250-bs60-f1.000-r00:022616.492: log(exp-norms): [3072.0, 3074.2, 3073.65]
exp049-n3072-k12-d250-bs60-f1.000-r00:022616.493: log(norms):     [3074.99, 3076.71, 3076.75, 3076.84, 3076.79, 3076.95, 3076.8, 3076.81, 3076.78, 3076.99]
exp049-n3072-k12-d250-bs60-f1.000-r00:022616.519: (1803 sec)
exp049-n3072-k12-d250-bs60-f1.000-r00:022616.519: Loop 7/100
exp049-n3072-k12-d250-bs60-f1.000-r00:024385.890: log(exp-norms): [3072.0, 3074.2, 3073.65]
exp049-n3072-k12-d250-bs60-f1.000-r00:024385.890: log(norms):     [3074.99, 3076.51, 3076.54, 3076.55, 3076.65, 3076.67, 3076.54, 3076.69, 3076.61, 3076.67]
exp049-n3072-k12-d250-bs60-f1.000-r00:024385.917: (1770 sec)
exp049-n3072-k12-d250-bs60-f1.000-r00:024385.917: Loop 8/100
exp049-n3072-k12-d250-bs60-f1.000-r00:026123.478: log(exp-norms): [3072.0, 3074.2, 3073.65]
exp049-n3072-k12-d250-bs60-f1.000-r00:026123.478: log(norms):     [3074.99, 3076.16, 3076.37, 3076.36, 3076.43, 3076.39, 3076.5, 3076.59, 3076.5, 3076.5]
exp049-n3072-k12-d250-bs60-f1.000-r00:026123.504: (1738 sec)
exp049-n3072-k12-d250-bs60-f1.000-r00:026123.504: Loop 9/100
exp049-n3072-k12-d250-bs60-f1.000-r00:027854.986: log(exp-norms): [3072.0, 3074.2, 3073.65]
exp049-n3072-k12-d250-bs60-f1.000-r00:027854.987: log(norms):     [3074.99, 3076.16, 3076.22, 3076.23, 3076.26, 3076.25, 3076.38, 3076.4, 3076.38, 3076.49]
exp049-n3072-k12-d250-bs60-f1.000-r00:027855.013: (1732 sec)
exp049-n3072-k12-d250-bs60-f1.000-r00:027855.013: Loop 10/100
exp049-n3072-k12-d250-bs60-f1.000-r00:029577.908: log(exp-norms): [3072.0, 3074.2, 3073.65]
exp049-n3072-k12-d250-bs60-f1.000-r00:029577.909: log(norms):     [3074.99, 3076.16, 3076.26, 3076.28, 3076.25, 3076.26, 3076.23, 3076.38, 3076.23, 3076.25]
exp049-n3072-k12-d250-bs60-f1.000-r00:029577.934: (1723 sec)
exp049-n3072-k12-d250-bs60-f1.000-r00:029577.935: Loop 11/100
exp049-n3072-k12-d250-bs60-f1.000-r00:031327.443: log(exp-norms): [3072.0, 3074.2, 3073.65]
exp049-n3072-k12-d250-bs60-f1.000-r00:031327.443: log(norms):     [3074.99, 3076.16, 3076.13, 3076.3, 3076.29, 3076.23, 3076.17, 3076.31, 3076.16, 3076.38]
exp049-n3072-k12-d250-bs60-f1.000-r00:031327.469: (1750 sec)
exp049-n3072-k12-d250-bs60-f1.000-r00:031327.470: Loop 12/100
exp049-n3072-k12-d250-bs60-f1.000-r00:033068.736: log(exp-norms): [3072.0, 3074.2, 3073.65]
exp049-n3072-k12-d250-bs60-f1.000-r00:033068.737: log(norms):     [3074.99, 3076.07, 3076.04, 3076.07, 3076.11, 3076.24, 3076.23, 3076.36, 3076.38, 3076.09]
exp049-n3072-k12-d250-bs60-f1.000-r00:033068.763: (1742 sec)
exp049-n3072-k12-d250-bs60-f1.000-r00:033068.763: Loop 13/100
exp049-n3072-k12-d250-bs60-f1.000-r00:034786.487: log(exp-norms): [3072.0, 3074.2, 3073.65]
exp049-n3072-k12-d250-bs60-f1.000-r00:034786.488: log(norms):     [3074.99, 3076.02, 3076.09, 3076.07, 3076.18, 3076.22, 3076.08, 3076.18, 3076.13, 3076.19]
exp049-n3072-k12-d250-bs60-f1.000-r00:034786.514: (1718 sec)
exp049-n3072-k12-d250-bs60-f1.000-r00:034786.514: Loop 14/100
exp049-n3072-k12-d250-bs60-f1.000-r00:036501.734: log(exp-norms): [3072.0, 3074.2, 3073.65]
exp049-n3072-k12-d250-bs60-f1.000-r00:036501.734: log(norms):     [3074.99, 3076.02, 3076.09, 3076.11, 3075.98, 3076.23, 3076.04, 3076.03, 3076.13, 3076.19]
exp049-n3072-k12-d250-bs60-f1.000-r00:036501.760: (1716 sec)
exp049-n3072-k12-d250-bs60-f1.000-r00:036501.761: Loop 15/100
exp049-n3072-k12-d250-bs60-f1.000-r00:038245.141: log(exp-norms): [3072.0, 3074.2, 3073.65]
exp049-n3072-k12-d250-bs60-f1.000-r00:038245.142: log(norms):     [3074.99, 3075.98, 3076.03, 3076.07, 3076.19, 3076.22, 3076.01, 3076.17, 3076.14, 3076.15]
exp049-n3072-k12-d250-bs60-f1.000-r00:038245.168: (1744 sec)
exp049-n3072-k12-d250-bs60-f1.000-r00:038245.168: Loop 16/100
exp049-n3072-k12-d250-bs60-f1.000-r00:039988.939: log(exp-norms): [3072.0, 3074.2, 3073.65]
exp049-n3072-k12-d250-bs60-f1.000-r00:039988.939: log(norms):     [3074.99, 3075.98, 3076.03, 3076.07, 3076.19, 3076.17, 3076.03, 3076.15, 3076.14, 3076.13]
exp049-n3072-k12-d250-bs60-f1.000-r00:039988.966: (1744 sec)
exp049-n3072-k12-d250-bs60-f1.000-r00:039988.966: Loop 17/100
exp049-n3072-k12-d250-bs60-f1.000-r00:041692.646: log(exp-norms): [3072.0, 3074.2, 3073.65]
exp049-n3072-k12-d250-bs60-f1.000-r00:041692.647: log(norms):     [3074.99, 3075.98, 3076.03, 3076.13, 3076.01, 3076.07, 3076.13, 3076.02, 3076.0, 3076.18]
exp049-n3072-k12-d250-bs60-f1.000-r00:041692.673: (1704 sec)
exp049-n3072-k12-d250-bs60-f1.000-r00:041692.673: Loop 18/100
exp049-n3072-k12-d250-bs60-f1.000-r00:043428.698: log(exp-norms): [3072.0, 3074.2, 3073.65]
exp049-n3072-k12-d250-bs60-f1.000-r00:043428.699: log(norms):     [3074.99, 3075.98, 3076.03, 3076.13, 3076.03, 3076.08, 3076.01, 3076.13, 3075.97, 3076.01]
exp049-n3072-k12-d250-bs60-f1.000-r00:043428.725: (1737 sec)
exp049-n3072-k12-d250-bs60-f1.000-r00:043428.725: Loop 19/100
exp049-n3072-k12-d250-bs60-f1.000-r00:045171.438: log(exp-norms): [3072.0, 3074.2, 3073.65]
exp049-n3072-k12-d250-bs60-f1.000-r00:045171.439: log(norms):     [3074.99, 3075.71, 3075.94, 3076.15, 3076.03, 3075.97, 3076.19, 3076.28, 3076.17, 3076.01]
exp049-n3072-k12-d250-bs60-f1.000-r00:045171.465: (1743 sec)
exp049-n3072-k12-d250-bs60-f1.000-r00:045171.465: Loop 20/100
exp049-n3072-k12-d250-bs60-f1.000-r00:046882.370: log(exp-norms): [3072.0, 3074.2, 3073.65]
exp049-n3072-k12-d250-bs60-f1.000-r00:046882.371: log(norms):     [3074.99, 3075.71, 3075.97, 3076.03, 3075.96, 3076.12, 3076.07, 3076.12, 3076.01, 3076.23]
exp049-n3072-k12-d250-bs60-f1.000-r00:046882.397: (1711 sec)
exp049-n3072-k12-d250-bs60-f1.000-r00:046882.397: Loop 21/100
exp049-n3072-k12-d250-bs60-f1.000-r00:048618.840: log(exp-norms): [3072.0, 3074.2, 3073.65]
exp049-n3072-k12-d250-bs60-f1.000-r00:048618.840: log(norms):     [3074.99, 3075.71, 3075.97, 3076.03, 3075.91, 3075.96, 3076.01, 3076.1, 3076.06, 3076.25]
exp049-n3072-k12-d250-bs60-f1.000-r00:048618.867: (1737 sec)
exp049-n3072-k12-d250-bs60-f1.000-r00:048618.867: Loop 22/100
exp049-n3072-k12-d250-bs60-f1.000-r00:050327.160: log(exp-norms): [3072.0, 3074.2, 3073.65]
exp049-n3072-k12-d250-bs60-f1.000-r00:050327.160: log(norms):     [3074.99, 3075.71, 3075.97, 3076.03, 3075.98, 3076.01, 3075.99, 3076.25, 3076.08, 3076.15]
exp049-n3072-k12-d250-bs60-f1.000-r00:050327.187: (1709 sec)
exp049-n3072-k12-d250-bs60-f1.000-r00:050327.187: Loop 23/100
exp049-n3072-k12-d250-bs60-f1.000-r00:052054.935: log(exp-norms): [3072.0, 3074.2, 3073.65]
exp049-n3072-k12-d250-bs60-f1.000-r00:052054.936: log(norms):     [3074.99, 3075.71, 3075.98, 3076.04, 3075.99, 3076.03, 3075.97, 3076.06, 3076.27, 3075.97]
exp049-n3072-k12-d250-bs60-f1.000-r00:052054.962: (1728 sec)
exp049-n3072-k12-d250-bs60-f1.000-r00:052054.962: Loop 24/100
exp049-n3072-k12-d250-bs60-f1.000-r00:053762.417: log(exp-norms): [3072.0, 3074.2, 3073.65]
exp049-n3072-k12-d250-bs60-f1.000-r00:053762.418: log(norms):     [3074.99, 3075.71, 3075.98, 3076.04, 3075.99, 3076.03, 3075.97, 3076.08, 3076.06, 3076.05]
exp049-n3072-k12-d250-bs60-f1.000-r00:053762.444: (1708 sec)
exp049-n3072-k12-d250-bs60-f1.000-r00:053762.444: Loop 25/100
exp049-n3072-k12-d250-bs60-f1.000-r00:055523.075: log(exp-norms): [3072.0, 3074.2, 3073.65]
exp049-n3072-k12-d250-bs60-f1.000-r00:055523.076: log(norms):     [3074.99, 3075.71, 3075.82, 3076.04, 3075.98, 3076.05, 3075.99, 3076.19, 3076.03, 3076.21]
exp049-n3072-k12-d250-bs60-f1.000-r00:055523.102: (1761 sec)
exp049-n3072-k12-d250-bs60-f1.000-r00:055523.102: Loop 26/100
exp049-n3072-k12-d250-bs60-f1.000-r00:057245.218: log(exp-norms): [3072.0, 3074.2, 3073.65]
exp049-n3072-k12-d250-bs60-f1.000-r00:057245.219: log(norms):     [3074.99, 3075.71, 3075.82, 3076.04, 3075.97, 3075.9, 3075.98, 3075.85, 3076.13, 3076.0]
exp049-n3072-k12-d250-bs60-f1.000-r00:057245.245: (1723 sec)
exp049-n3072-k12-d250-bs60-f1.000-r00:057245.245: Loop 27/100
exp049-n3072-k12-d250-bs60-f1.000-r00:058915.751: log(exp-norms): [3072.0, 3074.2, 3073.65]
exp049-n3072-k12-d250-bs60-f1.000-r00:058915.751: log(norms):     [3074.99, 3075.71, 3075.82, 3075.85, 3076.04, 3075.98, 3075.95, 3076.13, 3076.0, 3075.97]
exp049-n3072-k12-d250-bs60-f1.000-r00:058915.777: (1671 sec)
exp049-n3072-k12-d250-bs60-f1.000-r00:058915.778: Loop 28/100
exp049-n3072-k12-d250-bs60-f1.000-r00:060572.476: log(exp-norms): [3072.0, 3074.2, 3073.65]
exp049-n3072-k12-d250-bs60-f1.000-r00:060572.476: log(norms):     [3074.99, 3075.71, 3075.82, 3075.85, 3076.04, 3075.98, 3075.95, 3076.18, 3076.13, 3076.0]
exp049-n3072-k12-d250-bs60-f1.000-r00:060572.502: (1657 sec)
exp049-n3072-k12-d250-bs60-f1.000-r00:060572.503: Loop 29/100
exp049-n3072-k12-d250-bs60-f1.000-r00:062266.496: log(exp-norms): [3072.0, 3074.2, 3073.65]
exp049-n3072-k12-d250-bs60-f1.000-r00:062266.497: log(norms):     [3074.99, 3075.71, 3075.82, 3075.85, 3076.04, 3076.01, 3075.98, 3075.9, 3076.1, 3075.95]
exp049-n3072-k12-d250-bs60-f1.000-r00:062266.523: (1695 sec)
exp049-n3072-k12-d250-bs60-f1.000-r00:062266.523: Loop 30/100
