exp053-n3072-k12-d250-bs60-f1.000-r04:000000.297: ==========================Instance==========================
exp053-n3072-k12-d250-bs60-f1.000-r04:000000.297: # of equations: 250
exp053-n3072-k12-d250-bs60-f1.000-r04:000000.302: Gap: 0.68
exp053-n3072-k12-d250-bs60-f1.000-r04:000000.311: Tau: 0.12
exp053-n3072-k12-d250-bs60-f1.000-r04:000000.312: ======================BKZ-60 reduction======================
exp053-n3072-k12-d250-bs60-f1.000-r04:000005.114: Expectedly achievable log(norm): 3075.85
exp053-n3072-k12-d250-bs60-f1.000-r04:000009.892: log(exp-norms): [3072.0, 3074.2, 3073.65]
exp053-n3072-k12-d250-bs60-f1.000-r04:000009.892: log(norms):     [3087.1, 3074.99, 3084.0, 3084.0, 3084.0, 3084.0, 3084.0, 3084.0, 3084.0, 3084.0]
exp053-n3072-k12-d250-bs60-f1.000-r04:000009.947: Loop 1/100
exp053-n3072-k12-d250-bs60-f1.000-r04:011965.651: log(exp-norms): [3072.0, 3074.2, 3073.65]
exp053-n3072-k12-d250-bs60-f1.000-r04:011965.651: log(norms):     [3074.99, 3078.84, 3078.93, 3078.9, 3078.9, 3078.95, 3078.7, 3078.91, 3079.01, 3079.1]
exp053-n3072-k12-d250-bs60-f1.000-r04:011965.680: (11956 sec)
exp053-n3072-k12-d250-bs60-f1.000-r04:011965.680: Loop 2/100
exp053-n3072-k12-d250-bs60-f1.000-r04:014214.930: log(exp-norms): [3072.0, 3074.2, 3073.65]
exp053-n3072-k12-d250-bs60-f1.000-r04:014214.931: log(norms):     [3074.99, 3078.14, 3078.16, 3078.32, 3078.27, 3078.25, 3078.39, 3078.4, 3078.33, 3078.31]
exp053-n3072-k12-d250-bs60-f1.000-r04:014214.958: (2250 sec)
exp053-n3072-k12-d250-bs60-f1.000-r04:014214.958: Loop 3/100
exp053-n3072-k12-d250-bs60-f1.000-r04:016434.749: log(exp-norms): [3072.0, 3074.2, 3073.65]
exp053-n3072-k12-d250-bs60-f1.000-r04:016434.750: log(norms):     [3074.99, 3077.57, 3077.69, 3077.64, 3077.72, 3077.74, 3077.73, 3077.87, 3077.86, 3077.81]
exp053-n3072-k12-d250-bs60-f1.000-r04:016434.776: (2220 sec)
exp053-n3072-k12-d250-bs60-f1.000-r04:016434.776: Loop 4/100
exp053-n3072-k12-d250-bs60-f1.000-r04:018418.731: log(exp-norms): [3072.0, 3074.2, 3073.65]
exp053-n3072-k12-d250-bs60-f1.000-r04:018418.731: log(norms):     [3074.99, 3077.31, 3077.38, 3077.45, 3077.37, 3077.31, 3077.53, 3077.58, 3077.4, 3077.46]
exp053-n3072-k12-d250-bs60-f1.000-r04:018418.757: (1984 sec)
exp053-n3072-k12-d250-bs60-f1.000-r04:018418.758: Loop 5/100
exp053-n3072-k12-d250-bs60-f1.000-r04:020281.271: log(exp-norms): [3072.0, 3074.2, 3073.65]
exp053-n3072-k12-d250-bs60-f1.000-r04:020281.272: log(norms):     [3074.99, 3076.89, 3076.96, 3077.05, 3076.98, 3077.02, 3077.26, 3077.12, 3077.0, 3077.11]
exp053-n3072-k12-d250-bs60-f1.000-r04:020281.298: (1863 sec)
exp053-n3072-k12-d250-bs60-f1.000-r04:020281.298: Loop 6/100
exp053-n3072-k12-d250-bs60-f1.000-r04:022079.435: log(exp-norms): [3072.0, 3074.2, 3073.65]
exp053-n3072-k12-d250-bs60-f1.000-r04:022079.436: log(norms):     [3074.99, 3076.71, 3076.75, 3076.84, 3076.79, 3076.95, 3076.8, 3076.81, 3076.78, 3076.99]
exp053-n3072-k12-d250-bs60-f1.000-r04:022079.462: (1799 sec)
exp053-n3072-k12-d250-bs60-f1.000-r04:022079.462: Loop 7/100
exp053-n3072-k12-d250-bs60-f1.000-r04:023847.666: log(exp-norms): [3072.0, 3074.2, 3073.65]
exp053-n3072-k12-d250-bs60-f1.000-r04:023847.667: log(norms):     [3074.99, 3076.51, 3076.54, 3076.55, 3076.65, 3076.67, 3076.54, 3076.69, 3076.61, 3076.67]
exp053-n3072-k12-d250-bs60-f1.000-r04:023847.693: (1769 sec)
exp053-n3072-k12-d250-bs60-f1.000-r04:023847.693: Loop 8/100
exp053-n3072-k12-d250-bs60-f1.000-r04:025586.470: log(exp-norms): [3072.0, 3074.2, 3073.65]
exp053-n3072-k12-d250-bs60-f1.000-r04:025586.470: log(norms):     [3074.99, 3076.16, 3076.37, 3076.36, 3076.43, 3076.39, 3076.5, 3076.59, 3076.5, 3076.5]
exp053-n3072-k12-d250-bs60-f1.000-r04:025586.497: (1739 sec)
exp053-n3072-k12-d250-bs60-f1.000-r04:025586.497: Loop 9/100
exp053-n3072-k12-d250-bs60-f1.000-r04:027319.763: log(exp-norms): [3072.0, 3074.2, 3073.65]
exp053-n3072-k12-d250-bs60-f1.000-r04:027319.764: log(norms):     [3074.99, 3076.16, 3076.22, 3076.23, 3076.26, 3076.25, 3076.38, 3076.4, 3076.38, 3076.49]
exp053-n3072-k12-d250-bs60-f1.000-r04:027319.790: (1734 sec)
exp053-n3072-k12-d250-bs60-f1.000-r04:027319.790: Loop 10/100
exp053-n3072-k12-d250-bs60-f1.000-r04:029043.278: log(exp-norms): [3072.0, 3074.2, 3073.65]
exp053-n3072-k12-d250-bs60-f1.000-r04:029043.278: log(norms):     [3074.99, 3076.16, 3076.26, 3076.28, 3076.25, 3076.26, 3076.23, 3076.38, 3076.23, 3076.25]
exp053-n3072-k12-d250-bs60-f1.000-r04:029043.305: (1724 sec)
exp053-n3072-k12-d250-bs60-f1.000-r04:029043.305: Loop 11/100
exp053-n3072-k12-d250-bs60-f1.000-r04:030794.967: log(exp-norms): [3072.0, 3074.2, 3073.65]
exp053-n3072-k12-d250-bs60-f1.000-r04:030794.967: log(norms):     [3074.99, 3076.16, 3076.13, 3076.3, 3076.29, 3076.23, 3076.17, 3076.31, 3076.16, 3076.38]
exp053-n3072-k12-d250-bs60-f1.000-r04:030794.994: (1752 sec)
exp053-n3072-k12-d250-bs60-f1.000-r04:030794.994: Loop 12/100
exp053-n3072-k12-d250-bs60-f1.000-r04:032542.743: log(exp-norms): [3072.0, 3074.2, 3073.65]
exp053-n3072-k12-d250-bs60-f1.000-r04:032542.744: log(norms):     [3074.99, 3076.07, 3076.04, 3076.07, 3076.11, 3076.24, 3076.23, 3076.36, 3076.38, 3076.09]
exp053-n3072-k12-d250-bs60-f1.000-r04:032542.770: (1748 sec)
exp053-n3072-k12-d250-bs60-f1.000-r04:032542.770: Loop 13/100
exp053-n3072-k12-d250-bs60-f1.000-r04:034270.572: log(exp-norms): [3072.0, 3074.2, 3073.65]
exp053-n3072-k12-d250-bs60-f1.000-r04:034270.572: log(norms):     [3074.99, 3076.02, 3076.09, 3076.07, 3076.18, 3076.22, 3076.08, 3076.18, 3076.13, 3076.19]
exp053-n3072-k12-d250-bs60-f1.000-r04:034270.598: (1728 sec)
exp053-n3072-k12-d250-bs60-f1.000-r04:034270.598: Loop 14/100
exp053-n3072-k12-d250-bs60-f1.000-r04:035992.769: log(exp-norms): [3072.0, 3074.2, 3073.65]
exp053-n3072-k12-d250-bs60-f1.000-r04:035992.769: log(norms):     [3074.99, 3076.02, 3076.09, 3076.11, 3075.98, 3076.23, 3076.04, 3076.03, 3076.13, 3076.19]
exp053-n3072-k12-d250-bs60-f1.000-r04:035992.795: (1723 sec)
exp053-n3072-k12-d250-bs60-f1.000-r04:035992.795: Loop 15/100
exp053-n3072-k12-d250-bs60-f1.000-r04:037744.718: log(exp-norms): [3072.0, 3074.2, 3073.65]
exp053-n3072-k12-d250-bs60-f1.000-r04:037744.719: log(norms):     [3074.99, 3075.98, 3076.03, 3076.07, 3076.19, 3076.22, 3076.01, 3076.17, 3076.14, 3076.15]
exp053-n3072-k12-d250-bs60-f1.000-r04:037744.745: (1752 sec)
exp053-n3072-k12-d250-bs60-f1.000-r04:037744.745: Loop 16/100
exp053-n3072-k12-d250-bs60-f1.000-r04:039490.552: log(exp-norms): [3072.0, 3074.2, 3073.65]
exp053-n3072-k12-d250-bs60-f1.000-r04:039490.552: log(norms):     [3074.99, 3075.98, 3076.03, 3076.07, 3076.19, 3076.17, 3076.03, 3076.15, 3076.14, 3076.13]
exp053-n3072-k12-d250-bs60-f1.000-r04:039490.578: (1746 sec)
exp053-n3072-k12-d250-bs60-f1.000-r04:039490.579: Loop 17/100
exp053-n3072-k12-d250-bs60-f1.000-r04:041193.558: log(exp-norms): [3072.0, 3074.2, 3073.65]
exp053-n3072-k12-d250-bs60-f1.000-r04:041193.559: log(norms):     [3074.99, 3075.98, 3076.03, 3076.13, 3076.01, 3076.07, 3076.13, 3076.02, 3076.0, 3076.18]
exp053-n3072-k12-d250-bs60-f1.000-r04:041193.585: (1704 sec)
exp053-n3072-k12-d250-bs60-f1.000-r04:041193.585: Loop 18/100
exp053-n3072-k12-d250-bs60-f1.000-r04:042927.993: log(exp-norms): [3072.0, 3074.2, 3073.65]
exp053-n3072-k12-d250-bs60-f1.000-r04:042927.993: log(norms):     [3074.99, 3075.98, 3076.03, 3076.13, 3076.03, 3076.08, 3076.01, 3076.13, 3075.97, 3076.01]
exp053-n3072-k12-d250-bs60-f1.000-r04:042928.020: (1735 sec)
exp053-n3072-k12-d250-bs60-f1.000-r04:042928.020: Loop 19/100
exp053-n3072-k12-d250-bs60-f1.000-r04:044670.995: log(exp-norms): [3072.0, 3074.2, 3073.65]
exp053-n3072-k12-d250-bs60-f1.000-r04:044670.995: log(norms):     [3074.99, 3075.71, 3075.94, 3076.15, 3076.03, 3075.97, 3076.19, 3076.28, 3076.17, 3076.01]
exp053-n3072-k12-d250-bs60-f1.000-r04:044671.021: (1744 sec)
exp053-n3072-k12-d250-bs60-f1.000-r04:044671.021: Loop 20/100
exp053-n3072-k12-d250-bs60-f1.000-r04:046381.551: log(exp-norms): [3072.0, 3074.2, 3073.65]
exp053-n3072-k12-d250-bs60-f1.000-r04:046381.551: log(norms):     [3074.99, 3075.71, 3075.97, 3076.03, 3075.96, 3076.12, 3076.07, 3076.12, 3076.01, 3076.23]
exp053-n3072-k12-d250-bs60-f1.000-r04:046381.577: (1711 sec)
exp053-n3072-k12-d250-bs60-f1.000-r04:046381.577: Loop 21/100
exp053-n3072-k12-d250-bs60-f1.000-r04:048111.532: log(exp-norms): [3072.0, 3074.2, 3073.65]
exp053-n3072-k12-d250-bs60-f1.000-r04:048111.532: log(norms):     [3074.99, 3075.71, 3075.97, 3076.03, 3075.91, 3075.96, 3076.01, 3076.1, 3076.06, 3076.25]
exp053-n3072-k12-d250-bs60-f1.000-r04:048111.558: (1730 sec)
exp053-n3072-k12-d250-bs60-f1.000-r04:048111.559: Loop 22/100
exp053-n3072-k12-d250-bs60-f1.000-r04:049816.462: log(exp-norms): [3072.0, 3074.2, 3073.65]
exp053-n3072-k12-d250-bs60-f1.000-r04:049816.462: log(norms):     [3074.99, 3075.71, 3075.97, 3076.03, 3075.98, 3076.01, 3075.99, 3076.25, 3076.08, 3076.15]
exp053-n3072-k12-d250-bs60-f1.000-r04:049816.488: (1705 sec)
exp053-n3072-k12-d250-bs60-f1.000-r04:049816.488: Loop 23/100
exp053-n3072-k12-d250-bs60-f1.000-r04:051538.345: log(exp-norms): [3072.0, 3074.2, 3073.65]
exp053-n3072-k12-d250-bs60-f1.000-r04:051538.345: log(norms):     [3074.99, 3075.71, 3075.98, 3076.04, 3075.99, 3076.03, 3075.97, 3076.06, 3076.27, 3075.97]
exp053-n3072-k12-d250-bs60-f1.000-r04:051538.371: (1722 sec)
exp053-n3072-k12-d250-bs60-f1.000-r04:051538.371: Loop 24/100
exp053-n3072-k12-d250-bs60-f1.000-r04:053256.389: log(exp-norms): [3072.0, 3074.2, 3073.65]
exp053-n3072-k12-d250-bs60-f1.000-r04:053256.390: log(norms):     [3074.99, 3075.71, 3075.98, 3076.04, 3075.99, 3076.03, 3075.97, 3076.08, 3076.06, 3076.05]
exp053-n3072-k12-d250-bs60-f1.000-r04:053256.416: (1719 sec)
exp053-n3072-k12-d250-bs60-f1.000-r04:053256.416: Loop 25/100
exp053-n3072-k12-d250-bs60-f1.000-r04:055029.379: log(exp-norms): [3072.0, 3074.2, 3073.65]
exp053-n3072-k12-d250-bs60-f1.000-r04:055029.380: log(norms):     [3074.99, 3075.71, 3075.82, 3076.04, 3075.98, 3076.05, 3075.99, 3076.19, 3076.03, 3076.21]
exp053-n3072-k12-d250-bs60-f1.000-r04:055029.406: (1773 sec)
exp053-n3072-k12-d250-bs60-f1.000-r04:055029.406: Loop 26/100
exp053-n3072-k12-d250-bs60-f1.000-r04:056763.921: log(exp-norms): [3072.0, 3074.2, 3073.65]
exp053-n3072-k12-d250-bs60-f1.000-r04:056763.921: log(norms):     [3074.99, 3075.71, 3075.82, 3076.04, 3075.97, 3075.9, 3075.98, 3075.85, 3076.13, 3076.0]
exp053-n3072-k12-d250-bs60-f1.000-r04:056763.947: (1735 sec)
exp053-n3072-k12-d250-bs60-f1.000-r04:056763.947: Loop 27/100
exp053-n3072-k12-d250-bs60-f1.000-r04:058442.741: log(exp-norms): [3072.0, 3074.2, 3073.65]
exp053-n3072-k12-d250-bs60-f1.000-r04:058442.741: log(norms):     [3074.99, 3075.71, 3075.82, 3075.85, 3076.04, 3075.98, 3075.95, 3076.13, 3076.0, 3075.97]
exp053-n3072-k12-d250-bs60-f1.000-r04:058442.767: (1679 sec)
exp053-n3072-k12-d250-bs60-f1.000-r04:058442.767: Loop 28/100
exp053-n3072-k12-d250-bs60-f1.000-r04:060109.644: log(exp-norms): [3072.0, 3074.2, 3073.65]
exp053-n3072-k12-d250-bs60-f1.000-r04:060109.645: log(norms):     [3074.99, 3075.71, 3075.82, 3075.85, 3076.04, 3075.98, 3075.95, 3076.18, 3076.13, 3076.0]
exp053-n3072-k12-d250-bs60-f1.000-r04:060109.670: (1667 sec)
exp053-n3072-k12-d250-bs60-f1.000-r04:060109.671: Loop 29/100
exp053-n3072-k12-d250-bs60-f1.000-r04:061812.656: log(exp-norms): [3072.0, 3074.2, 3073.65]
exp053-n3072-k12-d250-bs60-f1.000-r04:061812.656: log(norms):     [3074.99, 3075.71, 3075.82, 3075.85, 3076.04, 3076.01, 3075.98, 3075.9, 3076.1, 3075.95]
exp053-n3072-k12-d250-bs60-f1.000-r04:061812.682: (1704 sec)
exp053-n3072-k12-d250-bs60-f1.000-r04:061812.683: Loop 30/100
