exp060-n3072-k12-d250-bs60-f1.000-r03:000000.438: ==========================Instance==========================
exp060-n3072-k12-d250-bs60-f1.000-r03:000000.438: # of equations: 250
exp060-n3072-k12-d250-bs60-f1.000-r03:000000.446: Gap: 0.68
exp060-n3072-k12-d250-bs60-f1.000-r03:000000.462: Tau: 0.12
exp060-n3072-k12-d250-bs60-f1.000-r03:000000.463: ======================BKZ-60 reduction======================
exp060-n3072-k12-d250-bs60-f1.000-r03:000007.815: Expectedly achievable log(norm): 3075.85
exp060-n3072-k12-d250-bs60-f1.000-r03:000012.593: log(exp-norms): [3072.0, 3074.2, 3073.65]
exp060-n3072-k12-d250-bs60-f1.000-r03:000012.594: log(norms):     [3087.1, 3074.99, 3084.0, 3084.0, 3084.0, 3084.0, 3084.0, 3084.0, 3084.0, 3084.0]
exp060-n3072-k12-d250-bs60-f1.000-r03:000012.648: Loop 1/100
exp060-n3072-k12-d250-bs60-f1.000-r03:010150.071: log(exp-norms): [3072.0, 3074.2, 3073.65]
exp060-n3072-k12-d250-bs60-f1.000-r03:010150.071: log(norms):     [3074.99, 3078.84, 3078.93, 3078.9, 3078.9, 3078.95, 3078.7, 3078.91, 3079.01, 3079.1]
exp060-n3072-k12-d250-bs60-f1.000-r03:010150.097: (10138 sec)
exp060-n3072-k12-d250-bs60-f1.000-r03:010150.098: Loop 2/100
exp060-n3072-k12-d250-bs60-f1.000-r03:012134.547: log(exp-norms): [3072.0, 3074.2, 3073.65]
exp060-n3072-k12-d250-bs60-f1.000-r03:012134.548: log(norms):     [3074.99, 3078.14, 3078.16, 3078.32, 3078.27, 3078.25, 3078.39, 3078.4, 3078.33, 3078.31]
exp060-n3072-k12-d250-bs60-f1.000-r03:012134.574: (1985 sec)
exp060-n3072-k12-d250-bs60-f1.000-r03:012134.574: Loop 3/100
exp060-n3072-k12-d250-bs60-f1.000-r03:014038.237: log(exp-norms): [3072.0, 3074.2, 3073.65]
exp060-n3072-k12-d250-bs60-f1.000-r03:014038.237: log(norms):     [3074.99, 3077.57, 3077.69, 3077.64, 3077.72, 3077.74, 3077.73, 3077.87, 3077.86, 3077.81]
exp060-n3072-k12-d250-bs60-f1.000-r03:014038.263: (1904 sec)
exp060-n3072-k12-d250-bs60-f1.000-r03:014038.264: Loop 4/100
exp060-n3072-k12-d250-bs60-f1.000-r03:015904.196: log(exp-norms): [3072.0, 3074.2, 3073.65]
exp060-n3072-k12-d250-bs60-f1.000-r03:015904.197: log(norms):     [3074.99, 3077.31, 3077.38, 3077.45, 3077.37, 3077.31, 3077.53, 3077.58, 3077.4, 3077.46]
exp060-n3072-k12-d250-bs60-f1.000-r03:015904.223: (1866 sec)
exp060-n3072-k12-d250-bs60-f1.000-r03:015904.223: Loop 5/100
exp060-n3072-k12-d250-bs60-f1.000-r03:017729.082: log(exp-norms): [3072.0, 3074.2, 3073.65]
exp060-n3072-k12-d250-bs60-f1.000-r03:017729.083: log(norms):     [3074.99, 3076.89, 3076.96, 3077.05, 3076.98, 3077.02, 3077.26, 3077.12, 3077.0, 3077.11]
exp060-n3072-k12-d250-bs60-f1.000-r03:017729.124: (1825 sec)
exp060-n3072-k12-d250-bs60-f1.000-r03:017729.125: Loop 6/100
exp060-n3072-k12-d250-bs60-f1.000-r03:019531.051: log(exp-norms): [3072.0, 3074.2, 3073.65]
exp060-n3072-k12-d250-bs60-f1.000-r03:019531.051: log(norms):     [3074.99, 3076.71, 3076.75, 3076.84, 3076.79, 3076.95, 3076.8, 3076.81, 3076.78, 3076.99]
exp060-n3072-k12-d250-bs60-f1.000-r03:019531.078: (1802 sec)
exp060-n3072-k12-d250-bs60-f1.000-r03:019531.078: Loop 7/100
exp060-n3072-k12-d250-bs60-f1.000-r03:021306.653: log(exp-norms): [3072.0, 3074.2, 3073.65]
exp060-n3072-k12-d250-bs60-f1.000-r03:021306.653: log(norms):     [3074.99, 3076.51, 3076.54, 3076.55, 3076.65, 3076.67, 3076.54, 3076.69, 3076.61, 3076.67]
exp060-n3072-k12-d250-bs60-f1.000-r03:021306.679: (1776 sec)
exp060-n3072-k12-d250-bs60-f1.000-r03:021306.680: Loop 8/100
exp060-n3072-k12-d250-bs60-f1.000-r03:023047.240: log(exp-norms): [3072.0, 3074.2, 3073.65]
exp060-n3072-k12-d250-bs60-f1.000-r03:023047.241: log(norms):     [3074.99, 3076.16, 3076.37, 3076.36, 3076.43, 3076.39, 3076.5, 3076.59, 3076.5, 3076.5]
exp060-n3072-k12-d250-bs60-f1.000-r03:023047.267: (1741 sec)
exp060-n3072-k12-d250-bs60-f1.000-r03:023047.267: Loop 9/100
exp060-n3072-k12-d250-bs60-f1.000-r03:024781.376: log(exp-norms): [3072.0, 3074.2, 3073.65]
exp060-n3072-k12-d250-bs60-f1.000-r03:024781.376: log(norms):     [3074.99, 3076.16, 3076.22, 3076.23, 3076.26, 3076.25, 3076.38, 3076.4, 3076.38, 3076.49]
exp060-n3072-k12-d250-bs60-f1.000-r03:024781.402: (1735 sec)
exp060-n3072-k12-d250-bs60-f1.000-r03:024781.403: Loop 10/100
exp060-n3072-k12-d250-bs60-f1.000-r03:026507.409: log(exp-norms): [3072.0, 3074.2, 3073.65]
exp060-n3072-k12-d250-bs60-f1.000-r03:026507.409: log(norms):     [3074.99, 3076.16, 3076.26, 3076.28, 3076.25, 3076.26, 3076.23, 3076.38, 3076.23, 3076.25]
exp060-n3072-k12-d250-bs60-f1.000-r03:026507.436: (1727 sec)
exp060-n3072-k12-d250-bs60-f1.000-r03:026507.436: Loop 11/100
exp060-n3072-k12-d250-bs60-f1.000-r03:028260.145: log(exp-norms): [3072.0, 3074.2, 3073.65]
exp060-n3072-k12-d250-bs60-f1.000-r03:028260.146: log(norms):     [3074.99, 3076.16, 3076.13, 3076.3, 3076.29, 3076.23, 3076.17, 3076.31, 3076.16, 3076.38]
exp060-n3072-k12-d250-bs60-f1.000-r03:028260.172: (1753 sec)
exp060-n3072-k12-d250-bs60-f1.000-r03:028260.173: Loop 12/100
exp060-n3072-k12-d250-bs60-f1.000-r03:030010.841: log(exp-norms): [3072.0, 3074.2, 3073.65]
exp060-n3072-k12-d250-bs60-f1.000-r03:030010.841: log(norms):     [3074.99, 3076.07, 3076.04, 3076.07, 3076.11, 3076.24, 3076.23, 3076.36, 3076.38, 3076.09]
exp060-n3072-k12-d250-bs60-f1.000-r03:030010.867: (1751 sec)
exp060-n3072-k12-d250-bs60-f1.000-r03:030010.868: Loop 13/100
exp060-n3072-k12-d250-bs60-f1.000-r03:031728.721: log(exp-norms): [3072.0, 3074.2, 3073.65]
exp060-n3072-k12-d250-bs60-f1.000-r03:031728.722: log(norms):     [3074.99, 3076.02, 3076.09, 3076.07, 3076.18, 3076.22, 3076.08, 3076.18, 3076.13, 3076.19]
exp060-n3072-k12-d250-bs60-f1.000-r03:031728.747: (1718 sec)
exp060-n3072-k12-d250-bs60-f1.000-r03:031728.748: Loop 14/100
exp060-n3072-k12-d250-bs60-f1.000-r03:033450.839: log(exp-norms): [3072.0, 3074.2, 3073.65]
exp060-n3072-k12-d250-bs60-f1.000-r03:033450.839: log(norms):     [3074.99, 3076.02, 3076.09, 3076.11, 3075.98, 3076.23, 3076.04, 3076.03, 3076.13, 3076.19]
exp060-n3072-k12-d250-bs60-f1.000-r03:033450.865: (1723 sec)
exp060-n3072-k12-d250-bs60-f1.000-r03:033450.865: Loop 15/100
exp060-n3072-k12-d250-bs60-f1.000-r03:035197.734: log(exp-norms): [3072.0, 3074.2, 3073.65]
exp060-n3072-k12-d250-bs60-f1.000-r03:035197.735: log(norms):     [3074.99, 3075.98, 3076.03, 3076.07, 3076.19, 3076.22, 3076.01, 3076.17, 3076.14, 3076.15]
exp060-n3072-k12-d250-bs60-f1.000-r03:035197.761: (1747 sec)
exp060-n3072-k12-d250-bs60-f1.000-r03:035197.761: Loop 16/100
exp060-n3072-k12-d250-bs60-f1.000-r03:036948.464: log(exp-norms): [3072.0, 3074.2, 3073.65]
exp060-n3072-k12-d250-bs60-f1.000-r03:036948.465: log(norms):     [3074.99, 3075.98, 3076.03, 3076.07, 3076.19, 3076.17, 3076.03, 3076.15, 3076.14, 3076.13]
exp060-n3072-k12-d250-bs60-f1.000-r03:036948.490: (1751 sec)
exp060-n3072-k12-d250-bs60-f1.000-r03:036948.491: Loop 17/100
exp060-n3072-k12-d250-bs60-f1.000-r03:038657.178: log(exp-norms): [3072.0, 3074.2, 3073.65]
exp060-n3072-k12-d250-bs60-f1.000-r03:038657.178: log(norms):     [3074.99, 3075.98, 3076.03, 3076.13, 3076.01, 3076.07, 3076.13, 3076.02, 3076.0, 3076.18]
exp060-n3072-k12-d250-bs60-f1.000-r03:038657.204: (1709 sec)
exp060-n3072-k12-d250-bs60-f1.000-r03:038657.205: Loop 18/100
exp060-n3072-k12-d250-bs60-f1.000-r03:040400.321: log(exp-norms): [3072.0, 3074.2, 3073.65]
exp060-n3072-k12-d250-bs60-f1.000-r03:040400.322: log(norms):     [3074.99, 3075.98, 3076.03, 3076.13, 3076.03, 3076.08, 3076.01, 3076.13, 3075.97, 3076.01]
exp060-n3072-k12-d250-bs60-f1.000-r03:040400.347: (1744 sec)
exp060-n3072-k12-d250-bs60-f1.000-r03:040400.348: Loop 19/100
exp060-n3072-k12-d250-bs60-f1.000-r03:042152.751: log(exp-norms): [3072.0, 3074.2, 3073.65]
exp060-n3072-k12-d250-bs60-f1.000-r03:042152.752: log(norms):     [3074.99, 3075.71, 3075.94, 3076.15, 3076.03, 3075.97, 3076.19, 3076.28, 3076.17, 3076.01]
exp060-n3072-k12-d250-bs60-f1.000-r03:042152.778: (1753 sec)
exp060-n3072-k12-d250-bs60-f1.000-r03:042152.778: Loop 20/100
exp060-n3072-k12-d250-bs60-f1.000-r03:043877.429: log(exp-norms): [3072.0, 3074.2, 3073.65]
exp060-n3072-k12-d250-bs60-f1.000-r03:043877.429: log(norms):     [3074.99, 3075.71, 3075.97, 3076.03, 3075.96, 3076.12, 3076.07, 3076.12, 3076.01, 3076.23]
exp060-n3072-k12-d250-bs60-f1.000-r03:043877.455: (1725 sec)
exp060-n3072-k12-d250-bs60-f1.000-r03:043877.455: Loop 21/100
exp060-n3072-k12-d250-bs60-f1.000-r03:045621.875: log(exp-norms): [3072.0, 3074.2, 3073.65]
exp060-n3072-k12-d250-bs60-f1.000-r03:045621.875: log(norms):     [3074.99, 3075.71, 3075.97, 3076.03, 3075.91, 3075.96, 3076.01, 3076.1, 3076.06, 3076.25]
exp060-n3072-k12-d250-bs60-f1.000-r03:045621.901: (1745 sec)
exp060-n3072-k12-d250-bs60-f1.000-r03:045621.901: Loop 22/100
exp060-n3072-k12-d250-bs60-f1.000-r03:047336.474: log(exp-norms): [3072.0, 3074.2, 3073.65]
exp060-n3072-k12-d250-bs60-f1.000-r03:047336.475: log(norms):     [3074.99, 3075.71, 3075.97, 3076.03, 3075.98, 3076.01, 3075.99, 3076.25, 3076.08, 3076.15]
exp060-n3072-k12-d250-bs60-f1.000-r03:047336.501: (1715 sec)
exp060-n3072-k12-d250-bs60-f1.000-r03:047336.501: Loop 23/100
