exp037-n3072-k16-d250-bs60-f1.000-r04:000000.298: ==========================Instance==========================
exp037-n3072-k16-d250-bs60-f1.000-r04:000000.298: # of equations: 250
exp037-n3072-k16-d250-bs60-f1.000-r04:000000.302: Gap: 10.71
exp037-n3072-k16-d250-bs60-f1.000-r04:000000.312: Tau: 29.86
exp037-n3072-k16-d250-bs60-f1.000-r04:000000.312: ======================BKZ-60 reduction======================
exp037-n3072-k16-d250-bs60-f1.000-r04:000005.184: Expectedly achievable log(norm): 3079.82
exp037-n3072-k16-d250-bs60-f1.000-r04:000010.462: log(exp-norms): [3072.0, 3074.2, 3077.62]
exp037-n3072-k16-d250-bs60-f1.000-r04:000010.463: log(norms):     [3091.21, 3074.99, 3088.0, 3088.0, 3088.0, 3088.0, 3088.0, 3088.0, 3088.0, 3088.0]
exp037-n3072-k16-d250-bs60-f1.000-r04:000010.518: Loop 1/100
exp037-n3072-k16-d250-bs60-f1.000-r04:012980.803: log(exp-norms): [3072.0, 3074.2, 3077.62]
exp037-n3072-k16-d250-bs60-f1.000-r04:012980.803: log(norms):     [3074.99, 3082.83, 3082.85, 3082.85, 3082.87, 3082.92, 3083.07, 3083.08, 3082.96, 3083.03]
exp037-n3072-k16-d250-bs60-f1.000-r04:012980.831: (12971 sec)
exp037-n3072-k16-d250-bs60-f1.000-r04:012980.831: Loop 2/100
exp037-n3072-k16-d250-bs60-f1.000-r04:015515.040: log(exp-norms): [3072.0, 3074.2, 3077.62]
exp037-n3072-k16-d250-bs60-f1.000-r04:015515.040: log(norms):     [3072.0, 3074.99, 3082.25, 3082.35, 3082.37, 3082.26, 3082.38, 3082.43, 3082.33, 3082.54]
exp037-n3072-k16-d250-bs60-f1.000-r04:015515.067: (2535 sec)
exp037-n3072-k16-d250-bs60-f1.000-r04:015515.067: Loop 3/100
exp037-n3072-k16-d250-bs60-f1.000-r04:017733.953: log(exp-norms): [3072.0, 3074.2, 3077.62]
exp037-n3072-k16-d250-bs60-f1.000-r04:017733.954: log(norms):     [3072.0, 3074.99, 3081.61, 3081.77, 3081.85, 3081.97, 3081.87, 3081.76, 3081.9, 3081.9]
exp037-n3072-k16-d250-bs60-f1.000-r04:017733.981: (2219 sec)
exp037-n3072-k16-d250-bs60-f1.000-r04:017733.981: Loop 4/100
exp037-n3072-k16-d250-bs60-f1.000-r04:020048.791: log(exp-norms): [3072.0, 3074.2, 3077.62]
exp037-n3072-k16-d250-bs60-f1.000-r04:020048.792: log(norms):     [3072.0, 3074.99, 3081.31, 3081.36, 3081.32, 3081.43, 3081.55, 3081.56, 3081.29, 3081.53]
exp037-n3072-k16-d250-bs60-f1.000-r04:020048.836: (2315 sec)
exp037-n3072-k16-d250-bs60-f1.000-r04:020048.836: Loop 5/100
exp037-n3072-k16-d250-bs60-f1.000-r04:022181.729: log(exp-norms): [3072.0, 3074.2, 3077.62]
exp037-n3072-k16-d250-bs60-f1.000-r04:022181.730: log(norms):     [3072.0, 3074.99, 3080.91, 3081.01, 3081.02, 3081.15, 3081.12, 3081.06, 3081.12, 3081.11]
exp037-n3072-k16-d250-bs60-f1.000-r04:022181.758: (2133 sec)
exp037-n3072-k16-d250-bs60-f1.000-r04:022181.758: Loop 6/100
exp037-n3072-k16-d250-bs60-f1.000-r04:024620.450: log(exp-norms): [3072.0, 3074.2, 3077.62]
exp037-n3072-k16-d250-bs60-f1.000-r04:024620.451: log(norms):     [3072.0, 3074.99, 3080.68, 3080.73, 3080.84, 3080.79, 3080.85, 3080.74, 3080.92, 3080.8]
exp037-n3072-k16-d250-bs60-f1.000-r04:024620.494: (2439 sec)
exp037-n3072-k16-d250-bs60-f1.000-r04:024620.494: Loop 7/100
exp037-n3072-k16-d250-bs60-f1.000-r04:026718.342: log(exp-norms): [3072.0, 3074.2, 3077.62]
exp037-n3072-k16-d250-bs60-f1.000-r04:026718.343: log(norms):     [3072.0, 3074.2, 3074.99, 3080.45, 3080.51, 3080.61, 3080.64, 3080.67, 3080.66, 3080.78]
exp037-n3072-k16-d250-bs60-f1.000-r04:026718.370: (2098 sec)
exp037-n3072-k16-d250-bs60-f1.000-r04:026718.370: ==========================Summary===========================
exp037-n3072-k16-d250-bs60-f1.000-r04:026718.370: Total time: 26719sec
exp037-n3072-k16-d250-bs60-f1.000-r04:026718.370: SUCCESS
exp037-n3072-k16-d250-bs60-f1.000-r04:026718.370: HNP solution: 4405273920526704447831455388896470434689429852084329841166075428235651517251773482486733016635779047179953862000027747998600477748079832075492985384478241153544094759667057569783014117571872647664050730362528711402155452700790848008448545357327460378795164924050531828395445670591917262730014901544867690149882855274458529736427870753369987201280270800375502582226067441693352316421210895738162954494608571321893338818365989665880716214390510169962033333659697887557620727529159256702067372660418457362906382743219264478860210016934480842156750541706819903642769535520467986957299703942214652324047013862293474636109761637189391726353007689320097970475059006872190573658212603493520952864621460335781702863634134511809948108282592164823639895564291031637440808476655538423206672648873016901862697880171069923134754194150291406493874186953560326100423779792949921277279053240389401892851247507556964289698118479165461586275638
exp037-n3072-k16-d250-bs60-f1.000-r04:026718.370: Shared secret: 4405273920526704447831455388896470434689429852084329841166075428235651517251773482486733016635779047179953862000027747998600477748079832075492985384478241153544094759667057569783014117571872647664050730362528711402155452700790848008448545357327460378795164924050531828395445670591917262730014901544867690149882855274458529736427870753369987201280270800375502582226067441693352316421210895738162954494608571321893338818365989665880716214390510169962033333659697887557620727529159256702067372660418457362906382743219264478860210016934480842156750541706819903642769535520467986957299703942214652324047013862293474636109761637189391726353007689320097970475059006872190573658212603493520952864621460335781702863634134511809948108282592164823639895564291031637440808476655538423206672648873016901862697880171069923134754194150291406493874186953560326100423779792949921277279053240389401892851247507556964289698118479165461586275638
exp037-n3072-k16-d250-bs60-f1.000-r04:026718.370: SUMMARY:n:3072:k:16:d:250:bs:60:t:26719:r:True
