exp054-n3072-k12-d250-bs60-f1.000-r05:000000.300: ==========================Instance==========================
exp054-n3072-k12-d250-bs60-f1.000-r05:000000.300: # of equations: 250
exp054-n3072-k12-d250-bs60-f1.000-r05:000000.305: Gap: 0.68
exp054-n3072-k12-d250-bs60-f1.000-r05:000000.314: Tau: 0.12
exp054-n3072-k12-d250-bs60-f1.000-r05:000000.315: ======================BKZ-60 reduction======================
exp054-n3072-k12-d250-bs60-f1.000-r05:000005.097: Expectedly achievable log(norm): 3075.85
exp054-n3072-k12-d250-bs60-f1.000-r05:000009.887: log(exp-norms): [3072.0, 3074.2, 3073.65]
exp054-n3072-k12-d250-bs60-f1.000-r05:000009.888: log(norms):     [3087.1, 3074.99, 3084.0, 3084.0, 3084.0, 3084.0, 3084.0, 3084.0, 3084.0, 3084.0]
exp054-n3072-k12-d250-bs60-f1.000-r05:000009.945: Loop 1/100
exp054-n3072-k12-d250-bs60-f1.000-r05:012179.716: log(exp-norms): [3072.0, 3074.2, 3073.65]
exp054-n3072-k12-d250-bs60-f1.000-r05:012179.717: log(norms):     [3074.99, 3078.84, 3078.93, 3078.9, 3078.9, 3078.95, 3078.7, 3078.91, 3079.01, 3079.1]
exp054-n3072-k12-d250-bs60-f1.000-r05:012179.744: (12170 sec)
exp054-n3072-k12-d250-bs60-f1.000-r05:012179.744: Loop 2/100
exp054-n3072-k12-d250-bs60-f1.000-r05:014646.482: log(exp-norms): [3072.0, 3074.2, 3073.65]
exp054-n3072-k12-d250-bs60-f1.000-r05:014646.483: log(norms):     [3074.99, 3078.14, 3078.16, 3078.32, 3078.27, 3078.25, 3078.39, 3078.4, 3078.33, 3078.31]
exp054-n3072-k12-d250-bs60-f1.000-r05:014646.510: (2467 sec)
exp054-n3072-k12-d250-bs60-f1.000-r05:014646.510: Loop 3/100
exp054-n3072-k12-d250-bs60-f1.000-r05:016828.815: log(exp-norms): [3072.0, 3074.2, 3073.65]
exp054-n3072-k12-d250-bs60-f1.000-r05:016828.816: log(norms):     [3074.99, 3077.57, 3077.69, 3077.64, 3077.72, 3077.74, 3077.73, 3077.87, 3077.86, 3077.81]
exp054-n3072-k12-d250-bs60-f1.000-r05:016828.842: (2183 sec)
exp054-n3072-k12-d250-bs60-f1.000-r05:016828.842: Loop 4/100
exp054-n3072-k12-d250-bs60-f1.000-r05:018868.759: log(exp-norms): [3072.0, 3074.2, 3073.65]
exp054-n3072-k12-d250-bs60-f1.000-r05:018868.759: log(norms):     [3074.99, 3077.31, 3077.38, 3077.45, 3077.37, 3077.31, 3077.53, 3077.58, 3077.4, 3077.46]
exp054-n3072-k12-d250-bs60-f1.000-r05:018868.785: (2040 sec)
exp054-n3072-k12-d250-bs60-f1.000-r05:018868.785: Loop 5/100
exp054-n3072-k12-d250-bs60-f1.000-r05:020684.431: log(exp-norms): [3072.0, 3074.2, 3073.65]
exp054-n3072-k12-d250-bs60-f1.000-r05:020684.431: log(norms):     [3074.99, 3076.89, 3076.96, 3077.05, 3076.98, 3077.02, 3077.26, 3077.12, 3077.0, 3077.11]
exp054-n3072-k12-d250-bs60-f1.000-r05:020684.457: (1816 sec)
exp054-n3072-k12-d250-bs60-f1.000-r05:020684.457: Loop 6/100
exp054-n3072-k12-d250-bs60-f1.000-r05:022461.223: log(exp-norms): [3072.0, 3074.2, 3073.65]
exp054-n3072-k12-d250-bs60-f1.000-r05:022461.224: log(norms):     [3074.99, 3076.71, 3076.75, 3076.84, 3076.79, 3076.95, 3076.8, 3076.81, 3076.78, 3076.99]
exp054-n3072-k12-d250-bs60-f1.000-r05:022461.250: (1777 sec)
exp054-n3072-k12-d250-bs60-f1.000-r05:022461.250: Loop 7/100
exp054-n3072-k12-d250-bs60-f1.000-r05:024208.902: log(exp-norms): [3072.0, 3074.2, 3073.65]
exp054-n3072-k12-d250-bs60-f1.000-r05:024208.903: log(norms):     [3074.99, 3076.51, 3076.54, 3076.55, 3076.65, 3076.67, 3076.54, 3076.69, 3076.61, 3076.67]
exp054-n3072-k12-d250-bs60-f1.000-r05:024208.929: (1748 sec)
exp054-n3072-k12-d250-bs60-f1.000-r05:024208.929: Loop 8/100
exp054-n3072-k12-d250-bs60-f1.000-r05:025928.622: log(exp-norms): [3072.0, 3074.2, 3073.65]
exp054-n3072-k12-d250-bs60-f1.000-r05:025928.622: log(norms):     [3074.99, 3076.16, 3076.37, 3076.36, 3076.43, 3076.39, 3076.5, 3076.59, 3076.5, 3076.5]
exp054-n3072-k12-d250-bs60-f1.000-r05:025928.648: (1720 sec)
exp054-n3072-k12-d250-bs60-f1.000-r05:025928.648: Loop 9/100
exp054-n3072-k12-d250-bs60-f1.000-r05:027640.648: log(exp-norms): [3072.0, 3074.2, 3073.65]
exp054-n3072-k12-d250-bs60-f1.000-r05:027640.649: log(norms):     [3074.99, 3076.16, 3076.22, 3076.23, 3076.26, 3076.25, 3076.38, 3076.4, 3076.38, 3076.49]
exp054-n3072-k12-d250-bs60-f1.000-r05:027640.675: (1713 sec)
exp054-n3072-k12-d250-bs60-f1.000-r05:027640.675: Loop 10/100
exp054-n3072-k12-d250-bs60-f1.000-r05:029342.858: log(exp-norms): [3072.0, 3074.2, 3073.65]
exp054-n3072-k12-d250-bs60-f1.000-r05:029342.859: log(norms):     [3074.99, 3076.16, 3076.26, 3076.28, 3076.25, 3076.26, 3076.23, 3076.38, 3076.23, 3076.25]
exp054-n3072-k12-d250-bs60-f1.000-r05:029342.885: (1703 sec)
exp054-n3072-k12-d250-bs60-f1.000-r05:029342.885: Loop 11/100
exp054-n3072-k12-d250-bs60-f1.000-r05:031073.433: log(exp-norms): [3072.0, 3074.2, 3073.65]
exp054-n3072-k12-d250-bs60-f1.000-r05:031073.434: log(norms):     [3074.99, 3076.16, 3076.13, 3076.3, 3076.29, 3076.23, 3076.17, 3076.31, 3076.16, 3076.38]
exp054-n3072-k12-d250-bs60-f1.000-r05:031073.459: (1731 sec)
exp054-n3072-k12-d250-bs60-f1.000-r05:031073.460: Loop 12/100
exp054-n3072-k12-d250-bs60-f1.000-r05:032798.735: log(exp-norms): [3072.0, 3074.2, 3073.65]
exp054-n3072-k12-d250-bs60-f1.000-r05:032798.736: log(norms):     [3074.99, 3076.07, 3076.04, 3076.07, 3076.11, 3076.24, 3076.23, 3076.36, 3076.38, 3076.09]
exp054-n3072-k12-d250-bs60-f1.000-r05:032798.762: (1726 sec)
exp054-n3072-k12-d250-bs60-f1.000-r05:032798.762: Loop 13/100
exp054-n3072-k12-d250-bs60-f1.000-r05:034500.654: log(exp-norms): [3072.0, 3074.2, 3073.65]
exp054-n3072-k12-d250-bs60-f1.000-r05:034500.654: log(norms):     [3074.99, 3076.02, 3076.09, 3076.07, 3076.18, 3076.22, 3076.08, 3076.18, 3076.13, 3076.19]
exp054-n3072-k12-d250-bs60-f1.000-r05:034500.680: (1702 sec)
exp054-n3072-k12-d250-bs60-f1.000-r05:034500.681: Loop 14/100
exp054-n3072-k12-d250-bs60-f1.000-r05:036198.419: log(exp-norms): [3072.0, 3074.2, 3073.65]
exp054-n3072-k12-d250-bs60-f1.000-r05:036198.420: log(norms):     [3074.99, 3076.02, 3076.09, 3076.11, 3075.98, 3076.23, 3076.04, 3076.03, 3076.13, 3076.19]
exp054-n3072-k12-d250-bs60-f1.000-r05:036198.446: (1698 sec)
exp054-n3072-k12-d250-bs60-f1.000-r05:036198.446: Loop 15/100
exp054-n3072-k12-d250-bs60-f1.000-r05:037926.281: log(exp-norms): [3072.0, 3074.2, 3073.65]
exp054-n3072-k12-d250-bs60-f1.000-r05:037926.282: log(norms):     [3074.99, 3075.98, 3076.03, 3076.07, 3076.19, 3076.22, 3076.01, 3076.17, 3076.14, 3076.15]
exp054-n3072-k12-d250-bs60-f1.000-r05:037926.309: (1728 sec)
exp054-n3072-k12-d250-bs60-f1.000-r05:037926.309: Loop 16/100
exp054-n3072-k12-d250-bs60-f1.000-r05:039651.106: log(exp-norms): [3072.0, 3074.2, 3073.65]
exp054-n3072-k12-d250-bs60-f1.000-r05:039651.107: log(norms):     [3074.99, 3075.98, 3076.03, 3076.07, 3076.19, 3076.17, 3076.03, 3076.15, 3076.14, 3076.13]
exp054-n3072-k12-d250-bs60-f1.000-r05:039651.133: (1725 sec)
exp054-n3072-k12-d250-bs60-f1.000-r05:039651.133: Loop 17/100
exp054-n3072-k12-d250-bs60-f1.000-r05:041337.392: log(exp-norms): [3072.0, 3074.2, 3073.65]
exp054-n3072-k12-d250-bs60-f1.000-r05:041337.393: log(norms):     [3074.99, 3075.98, 3076.03, 3076.13, 3076.01, 3076.07, 3076.13, 3076.02, 3076.0, 3076.18]
exp054-n3072-k12-d250-bs60-f1.000-r05:041337.419: (1687 sec)
exp054-n3072-k12-d250-bs60-f1.000-r05:041337.419: Loop 18/100
exp054-n3072-k12-d250-bs60-f1.000-r05:043057.811: log(exp-norms): [3072.0, 3074.2, 3073.65]
exp054-n3072-k12-d250-bs60-f1.000-r05:043057.812: log(norms):     [3074.99, 3075.98, 3076.03, 3076.13, 3076.03, 3076.08, 3076.01, 3076.13, 3075.97, 3076.01]
exp054-n3072-k12-d250-bs60-f1.000-r05:043057.838: (1721 sec)
exp054-n3072-k12-d250-bs60-f1.000-r05:043057.838: Loop 19/100
exp054-n3072-k12-d250-bs60-f1.000-r05:044781.517: log(exp-norms): [3072.0, 3074.2, 3073.65]
exp054-n3072-k12-d250-bs60-f1.000-r05:044781.517: log(norms):     [3074.99, 3075.71, 3075.94, 3076.15, 3076.03, 3075.97, 3076.19, 3076.28, 3076.17, 3076.01]
exp054-n3072-k12-d250-bs60-f1.000-r05:044781.543: (1724 sec)
exp054-n3072-k12-d250-bs60-f1.000-r05:044781.544: Loop 20/100
exp054-n3072-k12-d250-bs60-f1.000-r05:046480.391: log(exp-norms): [3072.0, 3074.2, 3073.65]
exp054-n3072-k12-d250-bs60-f1.000-r05:046480.391: log(norms):     [3074.99, 3075.71, 3075.97, 3076.03, 3075.96, 3076.12, 3076.07, 3076.12, 3076.01, 3076.23]
exp054-n3072-k12-d250-bs60-f1.000-r05:046480.417: (1699 sec)
exp054-n3072-k12-d250-bs60-f1.000-r05:046480.417: Loop 21/100
exp054-n3072-k12-d250-bs60-f1.000-r05:048197.531: log(exp-norms): [3072.0, 3074.2, 3073.65]
exp054-n3072-k12-d250-bs60-f1.000-r05:048197.531: log(norms):     [3074.99, 3075.71, 3075.97, 3076.03, 3075.91, 3075.96, 3076.01, 3076.1, 3076.06, 3076.25]
exp054-n3072-k12-d250-bs60-f1.000-r05:048197.558: (1718 sec)
exp054-n3072-k12-d250-bs60-f1.000-r05:048197.558: Loop 22/100
exp054-n3072-k12-d250-bs60-f1.000-r05:049888.001: log(exp-norms): [3072.0, 3074.2, 3073.65]
exp054-n3072-k12-d250-bs60-f1.000-r05:049888.001: log(norms):     [3074.99, 3075.71, 3075.97, 3076.03, 3075.98, 3076.01, 3075.99, 3076.25, 3076.08, 3076.15]
exp054-n3072-k12-d250-bs60-f1.000-r05:049888.027: (1691 sec)
exp054-n3072-k12-d250-bs60-f1.000-r05:049888.028: Loop 23/100
exp054-n3072-k12-d250-bs60-f1.000-r05:051592.747: log(exp-norms): [3072.0, 3074.2, 3073.65]
exp054-n3072-k12-d250-bs60-f1.000-r05:051592.748: log(norms):     [3074.99, 3075.71, 3075.98, 3076.04, 3075.99, 3076.03, 3075.97, 3076.06, 3076.27, 3075.97]
exp054-n3072-k12-d250-bs60-f1.000-r05:051592.774: (1705 sec)
exp054-n3072-k12-d250-bs60-f1.000-r05:051592.774: Loop 24/100
exp054-n3072-k12-d250-bs60-f1.000-r05:053291.070: log(exp-norms): [3072.0, 3074.2, 3073.65]
exp054-n3072-k12-d250-bs60-f1.000-r05:053291.070: log(norms):     [3074.99, 3075.71, 3075.98, 3076.04, 3075.99, 3076.03, 3075.97, 3076.08, 3076.06, 3076.05]
exp054-n3072-k12-d250-bs60-f1.000-r05:053291.096: (1699 sec)
exp054-n3072-k12-d250-bs60-f1.000-r05:053291.096: Loop 25/100
exp054-n3072-k12-d250-bs60-f1.000-r05:055041.601: log(exp-norms): [3072.0, 3074.2, 3073.65]
exp054-n3072-k12-d250-bs60-f1.000-r05:055041.602: log(norms):     [3074.99, 3075.71, 3075.82, 3076.04, 3075.98, 3076.05, 3075.99, 3076.19, 3076.03, 3076.21]
exp054-n3072-k12-d250-bs60-f1.000-r05:055041.628: (1751 sec)
exp054-n3072-k12-d250-bs60-f1.000-r05:055041.628: Loop 26/100
exp054-n3072-k12-d250-bs60-f1.000-r05:056754.526: log(exp-norms): [3072.0, 3074.2, 3073.65]
exp054-n3072-k12-d250-bs60-f1.000-r05:056754.527: log(norms):     [3074.99, 3075.71, 3075.82, 3076.04, 3075.97, 3075.9, 3075.98, 3075.85, 3076.13, 3076.0]
exp054-n3072-k12-d250-bs60-f1.000-r05:056754.554: (1713 sec)
exp054-n3072-k12-d250-bs60-f1.000-r05:056754.554: Loop 27/100
exp054-n3072-k12-d250-bs60-f1.000-r05:058415.878: log(exp-norms): [3072.0, 3074.2, 3073.65]
exp054-n3072-k12-d250-bs60-f1.000-r05:058415.878: log(norms):     [3074.99, 3075.71, 3075.82, 3075.85, 3076.04, 3075.98, 3075.95, 3076.13, 3076.0, 3075.97]
exp054-n3072-k12-d250-bs60-f1.000-r05:058415.905: (1662 sec)
exp054-n3072-k12-d250-bs60-f1.000-r05:058415.905: Loop 28/100
exp054-n3072-k12-d250-bs60-f1.000-r05:060066.862: log(exp-norms): [3072.0, 3074.2, 3073.65]
exp054-n3072-k12-d250-bs60-f1.000-r05:060066.862: log(norms):     [3074.99, 3075.71, 3075.82, 3075.85, 3076.04, 3075.98, 3075.95, 3076.18, 3076.13, 3076.0]
exp054-n3072-k12-d250-bs60-f1.000-r05:060066.889: (1651 sec)
exp054-n3072-k12-d250-bs60-f1.000-r05:060066.889: Loop 29/100
exp054-n3072-k12-d250-bs60-f1.000-r05:061749.375: log(exp-norms): [3072.0, 3074.2, 3073.65]
exp054-n3072-k12-d250-bs60-f1.000-r05:061749.375: log(norms):     [3074.99, 3075.71, 3075.82, 3075.85, 3076.04, 3076.01, 3075.98, 3075.9, 3076.1, 3075.95]
exp054-n3072-k12-d250-bs60-f1.000-r05:061749.401: (1683 sec)
exp054-n3072-k12-d250-bs60-f1.000-r05:061749.402: Loop 30/100
