exp064-n3072-k12-d250-bs60-f1.000-r07:000000.420: ==========================Instance==========================
exp064-n3072-k12-d250-bs60-f1.000-r07:000000.421: # of equations: 250
exp064-n3072-k12-d250-bs60-f1.000-r07:000000.428: Gap: 0.68
exp064-n3072-k12-d250-bs60-f1.000-r07:000000.443: Tau: 0.12
exp064-n3072-k12-d250-bs60-f1.000-r07:000000.444: ======================BKZ-60 reduction======================
exp064-n3072-k12-d250-bs60-f1.000-r07:000005.559: Expectedly achievable log(norm): 3075.85
exp064-n3072-k12-d250-bs60-f1.000-r07:000010.525: log(exp-norms): [3072.0, 3074.2, 3073.65]
exp064-n3072-k12-d250-bs60-f1.000-r07:000010.525: log(norms):     [3087.1, 3074.99, 3084.0, 3084.0, 3084.0, 3084.0, 3084.0, 3084.0, 3084.0, 3084.0]
exp064-n3072-k12-d250-bs60-f1.000-r07:000010.580: Loop 1/100
exp064-n3072-k12-d250-bs60-f1.000-r07:010280.356: log(exp-norms): [3072.0, 3074.2, 3073.65]
exp064-n3072-k12-d250-bs60-f1.000-r07:010280.356: log(norms):     [3074.99, 3078.84, 3078.93, 3078.9, 3078.9, 3078.95, 3078.7, 3078.91, 3079.01, 3079.1]
exp064-n3072-k12-d250-bs60-f1.000-r07:010280.383: (10270 sec)
exp064-n3072-k12-d250-bs60-f1.000-r07:010280.383: Loop 2/100
exp064-n3072-k12-d250-bs60-f1.000-r07:012263.189: log(exp-norms): [3072.0, 3074.2, 3073.65]
exp064-n3072-k12-d250-bs60-f1.000-r07:012263.190: log(norms):     [3074.99, 3078.14, 3078.16, 3078.32, 3078.27, 3078.25, 3078.39, 3078.4, 3078.33, 3078.31]
exp064-n3072-k12-d250-bs60-f1.000-r07:012263.216: (1983 sec)
exp064-n3072-k12-d250-bs60-f1.000-r07:012263.216: Loop 3/100
exp064-n3072-k12-d250-bs60-f1.000-r07:014173.624: log(exp-norms): [3072.0, 3074.2, 3073.65]
exp064-n3072-k12-d250-bs60-f1.000-r07:014173.625: log(norms):     [3074.99, 3077.57, 3077.69, 3077.64, 3077.72, 3077.74, 3077.73, 3077.87, 3077.86, 3077.81]
exp064-n3072-k12-d250-bs60-f1.000-r07:014173.652: (1911 sec)
exp064-n3072-k12-d250-bs60-f1.000-r07:014173.652: Loop 4/100
exp064-n3072-k12-d250-bs60-f1.000-r07:016045.426: log(exp-norms): [3072.0, 3074.2, 3073.65]
exp064-n3072-k12-d250-bs60-f1.000-r07:016045.427: log(norms):     [3074.99, 3077.31, 3077.38, 3077.45, 3077.37, 3077.31, 3077.53, 3077.58, 3077.4, 3077.46]
exp064-n3072-k12-d250-bs60-f1.000-r07:016045.453: (1872 sec)
exp064-n3072-k12-d250-bs60-f1.000-r07:016045.453: Loop 5/100
exp064-n3072-k12-d250-bs60-f1.000-r07:017876.609: log(exp-norms): [3072.0, 3074.2, 3073.65]
exp064-n3072-k12-d250-bs60-f1.000-r07:017876.609: log(norms):     [3074.99, 3076.89, 3076.96, 3077.05, 3076.98, 3077.02, 3077.26, 3077.12, 3077.0, 3077.11]
exp064-n3072-k12-d250-bs60-f1.000-r07:017876.636: (1832 sec)
exp064-n3072-k12-d250-bs60-f1.000-r07:017876.636: Loop 6/100
exp064-n3072-k12-d250-bs60-f1.000-r07:019686.231: log(exp-norms): [3072.0, 3074.2, 3073.65]
exp064-n3072-k12-d250-bs60-f1.000-r07:019686.232: log(norms):     [3074.99, 3076.71, 3076.75, 3076.84, 3076.79, 3076.95, 3076.8, 3076.81, 3076.78, 3076.99]
exp064-n3072-k12-d250-bs60-f1.000-r07:019686.258: (1810 sec)
exp064-n3072-k12-d250-bs60-f1.000-r07:019686.258: Loop 7/100
exp064-n3072-k12-d250-bs60-f1.000-r07:021473.347: log(exp-norms): [3072.0, 3074.2, 3073.65]
exp064-n3072-k12-d250-bs60-f1.000-r07:021473.347: log(norms):     [3074.99, 3076.51, 3076.54, 3076.55, 3076.65, 3076.67, 3076.54, 3076.69, 3076.61, 3076.67]
exp064-n3072-k12-d250-bs60-f1.000-r07:021473.373: (1788 sec)
exp064-n3072-k12-d250-bs60-f1.000-r07:021473.373: Loop 8/100
exp064-n3072-k12-d250-bs60-f1.000-r07:023223.685: log(exp-norms): [3072.0, 3074.2, 3073.65]
exp064-n3072-k12-d250-bs60-f1.000-r07:023223.685: log(norms):     [3074.99, 3076.16, 3076.37, 3076.36, 3076.43, 3076.39, 3076.5, 3076.59, 3076.5, 3076.5]
exp064-n3072-k12-d250-bs60-f1.000-r07:023223.712: (1751 sec)
exp064-n3072-k12-d250-bs60-f1.000-r07:023223.712: Loop 9/100
exp064-n3072-k12-d250-bs60-f1.000-r07:024966.577: log(exp-norms): [3072.0, 3074.2, 3073.65]
exp064-n3072-k12-d250-bs60-f1.000-r07:024966.578: log(norms):     [3074.99, 3076.16, 3076.22, 3076.23, 3076.26, 3076.25, 3076.38, 3076.4, 3076.38, 3076.49]
exp064-n3072-k12-d250-bs60-f1.000-r07:024966.605: (1743 sec)
exp064-n3072-k12-d250-bs60-f1.000-r07:024966.605: Loop 10/100
exp064-n3072-k12-d250-bs60-f1.000-r07:026698.105: log(exp-norms): [3072.0, 3074.2, 3073.65]
exp064-n3072-k12-d250-bs60-f1.000-r07:026698.105: log(norms):     [3074.99, 3076.16, 3076.26, 3076.28, 3076.25, 3076.26, 3076.23, 3076.38, 3076.23, 3076.25]
exp064-n3072-k12-d250-bs60-f1.000-r07:026698.133: (1732 sec)
exp064-n3072-k12-d250-bs60-f1.000-r07:026698.133: Loop 11/100
exp064-n3072-k12-d250-bs60-f1.000-r07:028457.668: log(exp-norms): [3072.0, 3074.2, 3073.65]
exp064-n3072-k12-d250-bs60-f1.000-r07:028457.668: log(norms):     [3074.99, 3076.16, 3076.13, 3076.3, 3076.29, 3076.23, 3076.17, 3076.31, 3076.16, 3076.38]
exp064-n3072-k12-d250-bs60-f1.000-r07:028457.694: (1760 sec)
exp064-n3072-k12-d250-bs60-f1.000-r07:028457.695: Loop 12/100
exp064-n3072-k12-d250-bs60-f1.000-r07:030210.996: log(exp-norms): [3072.0, 3074.2, 3073.65]
exp064-n3072-k12-d250-bs60-f1.000-r07:030210.996: log(norms):     [3074.99, 3076.07, 3076.04, 3076.07, 3076.11, 3076.24, 3076.23, 3076.36, 3076.38, 3076.09]
exp064-n3072-k12-d250-bs60-f1.000-r07:030211.039: (1754 sec)
exp064-n3072-k12-d250-bs60-f1.000-r07:030211.040: Loop 13/100
exp064-n3072-k12-d250-bs60-f1.000-r07:031936.050: log(exp-norms): [3072.0, 3074.2, 3073.65]
exp064-n3072-k12-d250-bs60-f1.000-r07:031936.050: log(norms):     [3074.99, 3076.02, 3076.09, 3076.07, 3076.18, 3076.22, 3076.08, 3076.18, 3076.13, 3076.19]
exp064-n3072-k12-d250-bs60-f1.000-r07:031936.078: (1726 sec)
exp064-n3072-k12-d250-bs60-f1.000-r07:031936.078: Loop 14/100
exp064-n3072-k12-d250-bs60-f1.000-r07:033664.125: log(exp-norms): [3072.0, 3074.2, 3073.65]
exp064-n3072-k12-d250-bs60-f1.000-r07:033664.125: log(norms):     [3074.99, 3076.02, 3076.09, 3076.11, 3075.98, 3076.23, 3076.04, 3076.03, 3076.13, 3076.19]
exp064-n3072-k12-d250-bs60-f1.000-r07:033664.151: (1729 sec)
exp064-n3072-k12-d250-bs60-f1.000-r07:033664.152: Loop 15/100
exp064-n3072-k12-d250-bs60-f1.000-r07:035423.188: log(exp-norms): [3072.0, 3074.2, 3073.65]
exp064-n3072-k12-d250-bs60-f1.000-r07:035423.189: log(norms):     [3074.99, 3075.98, 3076.03, 3076.07, 3076.19, 3076.22, 3076.01, 3076.17, 3076.14, 3076.15]
exp064-n3072-k12-d250-bs60-f1.000-r07:035423.215: (1760 sec)
exp064-n3072-k12-d250-bs60-f1.000-r07:035423.216: Loop 16/100
exp064-n3072-k12-d250-bs60-f1.000-r07:037259.576: log(exp-norms): [3072.0, 3074.2, 3073.65]
exp064-n3072-k12-d250-bs60-f1.000-r07:037259.577: log(norms):     [3074.99, 3075.98, 3076.03, 3076.07, 3076.19, 3076.17, 3076.03, 3076.15, 3076.14, 3076.13]
exp064-n3072-k12-d250-bs60-f1.000-r07:037259.606: (1837 sec)
exp064-n3072-k12-d250-bs60-f1.000-r07:037259.606: Loop 17/100
exp064-n3072-k12-d250-bs60-f1.000-r07:039132.755: log(exp-norms): [3072.0, 3074.2, 3073.65]
exp064-n3072-k12-d250-bs60-f1.000-r07:039132.755: log(norms):     [3074.99, 3075.98, 3076.03, 3076.13, 3076.01, 3076.07, 3076.13, 3076.02, 3076.0, 3076.18]
exp064-n3072-k12-d250-bs60-f1.000-r07:039132.785: (1874 sec)
exp064-n3072-k12-d250-bs60-f1.000-r07:039132.785: Loop 18/100
exp064-n3072-k12-d250-bs60-f1.000-r07:041043.297: log(exp-norms): [3072.0, 3074.2, 3073.65]
exp064-n3072-k12-d250-bs60-f1.000-r07:041043.297: log(norms):     [3074.99, 3075.98, 3076.03, 3076.13, 3076.03, 3076.08, 3076.01, 3076.13, 3075.97, 3076.01]
exp064-n3072-k12-d250-bs60-f1.000-r07:041043.326: (1911 sec)
exp064-n3072-k12-d250-bs60-f1.000-r07:041043.327: Loop 19/100
exp064-n3072-k12-d250-bs60-f1.000-r07:042959.786: log(exp-norms): [3072.0, 3074.2, 3073.65]
exp064-n3072-k12-d250-bs60-f1.000-r07:042959.786: log(norms):     [3074.99, 3075.71, 3075.94, 3076.15, 3076.03, 3075.97, 3076.19, 3076.28, 3076.17, 3076.01]
exp064-n3072-k12-d250-bs60-f1.000-r07:042959.816: (1917 sec)
exp064-n3072-k12-d250-bs60-f1.000-r07:042959.816: Loop 20/100
exp064-n3072-k12-d250-bs60-f1.000-r07:044838.023: log(exp-norms): [3072.0, 3074.2, 3073.65]
exp064-n3072-k12-d250-bs60-f1.000-r07:044838.024: log(norms):     [3074.99, 3075.71, 3075.97, 3076.03, 3075.96, 3076.12, 3076.07, 3076.12, 3076.01, 3076.23]
exp064-n3072-k12-d250-bs60-f1.000-r07:044838.052: (1879 sec)
exp064-n3072-k12-d250-bs60-f1.000-r07:044838.052: Loop 21/100
exp064-n3072-k12-d250-bs60-f1.000-r07:046735.344: log(exp-norms): [3072.0, 3074.2, 3073.65]
exp064-n3072-k12-d250-bs60-f1.000-r07:046735.345: log(norms):     [3074.99, 3075.71, 3075.97, 3076.03, 3075.91, 3075.96, 3076.01, 3076.1, 3076.06, 3076.25]
exp064-n3072-k12-d250-bs60-f1.000-r07:046735.374: (1898 sec)
exp064-n3072-k12-d250-bs60-f1.000-r07:046735.374: Loop 22/100
