exp051-n3072-k12-d250-bs60-f1.000-r02:000000.488: ==========================Instance==========================
exp051-n3072-k12-d250-bs60-f1.000-r02:000000.488: # of equations: 250
exp051-n3072-k12-d250-bs60-f1.000-r02:000000.496: Gap: 0.68
exp051-n3072-k12-d250-bs60-f1.000-r02:000000.511: Tau: 0.12
exp051-n3072-k12-d250-bs60-f1.000-r02:000000.512: ======================BKZ-60 reduction======================
exp051-n3072-k12-d250-bs60-f1.000-r02:000008.217: Expectedly achievable log(norm): 3075.85
exp051-n3072-k12-d250-bs60-f1.000-r02:000015.806: log(exp-norms): [3072.0, 3074.2, 3073.65]
exp051-n3072-k12-d250-bs60-f1.000-r02:000015.807: log(norms):     [3087.1, 3074.99, 3084.0, 3084.0, 3084.0, 3084.0, 3084.0, 3084.0, 3084.0, 3084.0]
exp051-n3072-k12-d250-bs60-f1.000-r02:000015.908: Loop 1/100
exp051-n3072-k12-d250-bs60-f1.000-r02:013501.106: log(exp-norms): [3072.0, 3074.2, 3073.65]
exp051-n3072-k12-d250-bs60-f1.000-r02:013501.107: log(norms):     [3074.99, 3078.84, 3078.93, 3078.9, 3078.9, 3078.95, 3078.7, 3078.91, 3079.01, 3079.1]
exp051-n3072-k12-d250-bs60-f1.000-r02:013501.150: (13486 sec)
exp051-n3072-k12-d250-bs60-f1.000-r02:013501.150: Loop 2/100
exp051-n3072-k12-d250-bs60-f1.000-r02:016174.212: log(exp-norms): [3072.0, 3074.2, 3073.65]
exp051-n3072-k12-d250-bs60-f1.000-r02:016174.213: log(norms):     [3074.99, 3078.14, 3078.16, 3078.32, 3078.27, 3078.25, 3078.39, 3078.4, 3078.33, 3078.31]
exp051-n3072-k12-d250-bs60-f1.000-r02:016174.239: (2674 sec)
exp051-n3072-k12-d250-bs60-f1.000-r02:016174.239: Loop 3/100
exp051-n3072-k12-d250-bs60-f1.000-r02:018214.999: log(exp-norms): [3072.0, 3074.2, 3073.65]
exp051-n3072-k12-d250-bs60-f1.000-r02:018215.000: log(norms):     [3074.99, 3077.57, 3077.69, 3077.64, 3077.72, 3077.74, 3077.73, 3077.87, 3077.86, 3077.81]
exp051-n3072-k12-d250-bs60-f1.000-r02:018215.026: (2041 sec)
exp051-n3072-k12-d250-bs60-f1.000-r02:018215.026: Loop 4/100
exp051-n3072-k12-d250-bs60-f1.000-r02:020148.644: log(exp-norms): [3072.0, 3074.2, 3073.65]
exp051-n3072-k12-d250-bs60-f1.000-r02:020148.645: log(norms):     [3074.99, 3077.31, 3077.38, 3077.45, 3077.37, 3077.31, 3077.53, 3077.58, 3077.4, 3077.46]
exp051-n3072-k12-d250-bs60-f1.000-r02:020148.671: (1934 sec)
exp051-n3072-k12-d250-bs60-f1.000-r02:020148.671: Loop 5/100
exp051-n3072-k12-d250-bs60-f1.000-r02:021958.010: log(exp-norms): [3072.0, 3074.2, 3073.65]
exp051-n3072-k12-d250-bs60-f1.000-r02:021958.010: log(norms):     [3074.99, 3076.89, 3076.96, 3077.05, 3076.98, 3077.02, 3077.26, 3077.12, 3077.0, 3077.11]
exp051-n3072-k12-d250-bs60-f1.000-r02:021958.036: (1810 sec)
exp051-n3072-k12-d250-bs60-f1.000-r02:021958.037: Loop 6/100
exp051-n3072-k12-d250-bs60-f1.000-r02:023739.743: log(exp-norms): [3072.0, 3074.2, 3073.65]
exp051-n3072-k12-d250-bs60-f1.000-r02:023739.743: log(norms):     [3074.99, 3076.71, 3076.75, 3076.84, 3076.79, 3076.95, 3076.8, 3076.81, 3076.78, 3076.99]
exp051-n3072-k12-d250-bs60-f1.000-r02:023739.772: (1782 sec)
exp051-n3072-k12-d250-bs60-f1.000-r02:023739.772: Loop 7/100
exp051-n3072-k12-d250-bs60-f1.000-r02:025525.196: log(exp-norms): [3072.0, 3074.2, 3073.65]
exp051-n3072-k12-d250-bs60-f1.000-r02:025525.196: log(norms):     [3074.99, 3076.51, 3076.54, 3076.55, 3076.65, 3076.67, 3076.54, 3076.69, 3076.61, 3076.67]
exp051-n3072-k12-d250-bs60-f1.000-r02:025525.222: (1786 sec)
exp051-n3072-k12-d250-bs60-f1.000-r02:025525.223: Loop 8/100
exp051-n3072-k12-d250-bs60-f1.000-r02:027244.191: log(exp-norms): [3072.0, 3074.2, 3073.65]
exp051-n3072-k12-d250-bs60-f1.000-r02:027244.191: log(norms):     [3074.99, 3076.16, 3076.37, 3076.36, 3076.43, 3076.39, 3076.5, 3076.59, 3076.5, 3076.5]
exp051-n3072-k12-d250-bs60-f1.000-r02:027244.217: (1719 sec)
exp051-n3072-k12-d250-bs60-f1.000-r02:027244.217: Loop 9/100
exp051-n3072-k12-d250-bs60-f1.000-r02:028958.069: log(exp-norms): [3072.0, 3074.2, 3073.65]
exp051-n3072-k12-d250-bs60-f1.000-r02:028958.069: log(norms):     [3074.99, 3076.16, 3076.22, 3076.23, 3076.26, 3076.25, 3076.38, 3076.4, 3076.38, 3076.49]
exp051-n3072-k12-d250-bs60-f1.000-r02:028958.095: (1714 sec)
exp051-n3072-k12-d250-bs60-f1.000-r02:028958.096: Loop 10/100
exp051-n3072-k12-d250-bs60-f1.000-r02:030661.045: log(exp-norms): [3072.0, 3074.2, 3073.65]
exp051-n3072-k12-d250-bs60-f1.000-r02:030661.046: log(norms):     [3074.99, 3076.16, 3076.26, 3076.28, 3076.25, 3076.26, 3076.23, 3076.38, 3076.23, 3076.25]
exp051-n3072-k12-d250-bs60-f1.000-r02:030661.072: (1703 sec)
exp051-n3072-k12-d250-bs60-f1.000-r02:030661.072: Loop 11/100
exp051-n3072-k12-d250-bs60-f1.000-r02:032391.954: log(exp-norms): [3072.0, 3074.2, 3073.65]
exp051-n3072-k12-d250-bs60-f1.000-r02:032391.955: log(norms):     [3074.99, 3076.16, 3076.13, 3076.3, 3076.29, 3076.23, 3076.17, 3076.31, 3076.16, 3076.38]
exp051-n3072-k12-d250-bs60-f1.000-r02:032391.981: (1731 sec)
exp051-n3072-k12-d250-bs60-f1.000-r02:032391.981: Loop 12/100
exp051-n3072-k12-d250-bs60-f1.000-r02:034120.861: log(exp-norms): [3072.0, 3074.2, 3073.65]
exp051-n3072-k12-d250-bs60-f1.000-r02:034120.862: log(norms):     [3074.99, 3076.07, 3076.04, 3076.07, 3076.11, 3076.24, 3076.23, 3076.36, 3076.38, 3076.09]
exp051-n3072-k12-d250-bs60-f1.000-r02:034120.887: (1729 sec)
exp051-n3072-k12-d250-bs60-f1.000-r02:034120.887: Loop 13/100
exp051-n3072-k12-d250-bs60-f1.000-r02:035822.665: log(exp-norms): [3072.0, 3074.2, 3073.65]
exp051-n3072-k12-d250-bs60-f1.000-r02:035822.666: log(norms):     [3074.99, 3076.02, 3076.09, 3076.07, 3076.18, 3076.22, 3076.08, 3076.18, 3076.13, 3076.19]
exp051-n3072-k12-d250-bs60-f1.000-r02:035822.692: (1702 sec)
exp051-n3072-k12-d250-bs60-f1.000-r02:035822.692: Loop 14/100
exp051-n3072-k12-d250-bs60-f1.000-r02:037524.454: log(exp-norms): [3072.0, 3074.2, 3073.65]
exp051-n3072-k12-d250-bs60-f1.000-r02:037524.455: log(norms):     [3074.99, 3076.02, 3076.09, 3076.11, 3075.98, 3076.23, 3076.04, 3076.03, 3076.13, 3076.19]
exp051-n3072-k12-d250-bs60-f1.000-r02:037524.481: (1702 sec)
exp051-n3072-k12-d250-bs60-f1.000-r02:037524.481: Loop 15/100
exp051-n3072-k12-d250-bs60-f1.000-r02:039251.305: log(exp-norms): [3072.0, 3074.2, 3073.65]
exp051-n3072-k12-d250-bs60-f1.000-r02:039251.306: log(norms):     [3074.99, 3075.98, 3076.03, 3076.07, 3076.19, 3076.22, 3076.01, 3076.17, 3076.14, 3076.15]
exp051-n3072-k12-d250-bs60-f1.000-r02:039251.332: (1727 sec)
exp051-n3072-k12-d250-bs60-f1.000-r02:039251.332: Loop 16/100
exp051-n3072-k12-d250-bs60-f1.000-r02:040976.468: log(exp-norms): [3072.0, 3074.2, 3073.65]
exp051-n3072-k12-d250-bs60-f1.000-r02:040976.468: log(norms):     [3074.99, 3075.98, 3076.03, 3076.07, 3076.19, 3076.17, 3076.03, 3076.15, 3076.14, 3076.13]
exp051-n3072-k12-d250-bs60-f1.000-r02:040976.494: (1726 sec)
exp051-n3072-k12-d250-bs60-f1.000-r02:040976.495: Loop 17/100
exp051-n3072-k12-d250-bs60-f1.000-r02:042661.245: log(exp-norms): [3072.0, 3074.2, 3073.65]
exp051-n3072-k12-d250-bs60-f1.000-r02:042661.245: log(norms):     [3074.99, 3075.98, 3076.03, 3076.13, 3076.01, 3076.07, 3076.13, 3076.02, 3076.0, 3076.18]
exp051-n3072-k12-d250-bs60-f1.000-r02:042661.272: (1685 sec)
exp051-n3072-k12-d250-bs60-f1.000-r02:042661.272: Loop 18/100
exp051-n3072-k12-d250-bs60-f1.000-r02:044381.267: log(exp-norms): [3072.0, 3074.2, 3073.65]
exp051-n3072-k12-d250-bs60-f1.000-r02:044381.267: log(norms):     [3074.99, 3075.98, 3076.03, 3076.13, 3076.03, 3076.08, 3076.01, 3076.13, 3075.97, 3076.01]
exp051-n3072-k12-d250-bs60-f1.000-r02:044381.294: (1721 sec)
exp051-n3072-k12-d250-bs60-f1.000-r02:044381.294: Loop 19/100
exp051-n3072-k12-d250-bs60-f1.000-r02:046103.069: log(exp-norms): [3072.0, 3074.2, 3073.65]
exp051-n3072-k12-d250-bs60-f1.000-r02:046103.070: log(norms):     [3074.99, 3075.71, 3075.94, 3076.15, 3076.03, 3075.97, 3076.19, 3076.28, 3076.17, 3076.01]
exp051-n3072-k12-d250-bs60-f1.000-r02:046103.096: (1722 sec)
exp051-n3072-k12-d250-bs60-f1.000-r02:046103.096: Loop 20/100
exp051-n3072-k12-d250-bs60-f1.000-r02:047800.402: log(exp-norms): [3072.0, 3074.2, 3073.65]
exp051-n3072-k12-d250-bs60-f1.000-r02:047800.402: log(norms):     [3074.99, 3075.71, 3075.97, 3076.03, 3075.96, 3076.12, 3076.07, 3076.12, 3076.01, 3076.23]
exp051-n3072-k12-d250-bs60-f1.000-r02:047800.428: (1698 sec)
exp051-n3072-k12-d250-bs60-f1.000-r02:047800.428: Loop 21/100
exp051-n3072-k12-d250-bs60-f1.000-r02:049518.324: log(exp-norms): [3072.0, 3074.2, 3073.65]
exp051-n3072-k12-d250-bs60-f1.000-r02:049518.324: log(norms):     [3074.99, 3075.71, 3075.97, 3076.03, 3075.91, 3075.96, 3076.01, 3076.1, 3076.06, 3076.25]
exp051-n3072-k12-d250-bs60-f1.000-r02:049518.351: (1718 sec)
exp051-n3072-k12-d250-bs60-f1.000-r02:049518.351: Loop 22/100
exp051-n3072-k12-d250-bs60-f1.000-r02:051214.390: log(exp-norms): [3072.0, 3074.2, 3073.65]
exp051-n3072-k12-d250-bs60-f1.000-r02:051214.391: log(norms):     [3074.99, 3075.71, 3075.97, 3076.03, 3075.98, 3076.01, 3075.99, 3076.25, 3076.08, 3076.15]
exp051-n3072-k12-d250-bs60-f1.000-r02:051214.417: (1697 sec)
exp051-n3072-k12-d250-bs60-f1.000-r02:051214.417: Loop 23/100
exp051-n3072-k12-d250-bs60-f1.000-r02:052914.310: log(exp-norms): [3072.0, 3074.2, 3073.65]
exp051-n3072-k12-d250-bs60-f1.000-r02:052914.310: log(norms):     [3074.99, 3075.71, 3075.98, 3076.04, 3075.99, 3076.03, 3075.97, 3076.06, 3076.27, 3075.97]
exp051-n3072-k12-d250-bs60-f1.000-r02:052914.336: (1700 sec)
exp051-n3072-k12-d250-bs60-f1.000-r02:052914.337: Loop 24/100
exp051-n3072-k12-d250-bs60-f1.000-r02:054608.860: log(exp-norms): [3072.0, 3074.2, 3073.65]
exp051-n3072-k12-d250-bs60-f1.000-r02:054608.861: log(norms):     [3074.99, 3075.71, 3075.98, 3076.04, 3075.99, 3076.03, 3075.97, 3076.08, 3076.06, 3076.05]
exp051-n3072-k12-d250-bs60-f1.000-r02:054608.887: (1695 sec)
exp051-n3072-k12-d250-bs60-f1.000-r02:054608.887: Loop 25/100
exp051-n3072-k12-d250-bs60-f1.000-r02:056355.759: log(exp-norms): [3072.0, 3074.2, 3073.65]
exp051-n3072-k12-d250-bs60-f1.000-r02:056355.759: log(norms):     [3074.99, 3075.71, 3075.82, 3076.04, 3075.98, 3076.05, 3075.99, 3076.19, 3076.03, 3076.21]
exp051-n3072-k12-d250-bs60-f1.000-r02:056355.785: (1747 sec)
exp051-n3072-k12-d250-bs60-f1.000-r02:056355.785: Loop 26/100
exp051-n3072-k12-d250-bs60-f1.000-r02:058064.633: log(exp-norms): [3072.0, 3074.2, 3073.65]
exp051-n3072-k12-d250-bs60-f1.000-r02:058064.634: log(norms):     [3074.99, 3075.71, 3075.82, 3076.04, 3075.97, 3075.9, 3075.98, 3075.85, 3076.13, 3076.0]
exp051-n3072-k12-d250-bs60-f1.000-r02:058064.660: (1709 sec)
exp051-n3072-k12-d250-bs60-f1.000-r02:058064.660: Loop 27/100
exp051-n3072-k12-d250-bs60-f1.000-r02:059720.608: log(exp-norms): [3072.0, 3074.2, 3073.65]
exp051-n3072-k12-d250-bs60-f1.000-r02:059720.609: log(norms):     [3074.99, 3075.71, 3075.82, 3075.85, 3076.04, 3075.98, 3075.95, 3076.13, 3076.0, 3075.97]
exp051-n3072-k12-d250-bs60-f1.000-r02:059720.635: (1656 sec)
exp051-n3072-k12-d250-bs60-f1.000-r02:059720.635: Loop 28/100
exp051-n3072-k12-d250-bs60-f1.000-r02:061366.603: log(exp-norms): [3072.0, 3074.2, 3073.65]
exp051-n3072-k12-d250-bs60-f1.000-r02:061366.604: log(norms):     [3074.99, 3075.71, 3075.82, 3075.85, 3076.04, 3075.98, 3075.95, 3076.18, 3076.13, 3076.0]
exp051-n3072-k12-d250-bs60-f1.000-r02:061366.630: (1646 sec)
exp051-n3072-k12-d250-bs60-f1.000-r02:061366.630: Loop 29/100
