exp050-n3072-k12-d250-bs60-f1.000-r01:000000.308: ==========================Instance==========================
exp050-n3072-k12-d250-bs60-f1.000-r01:000000.309: # of equations: 250
exp050-n3072-k12-d250-bs60-f1.000-r01:000000.313: Gap: 0.68
exp050-n3072-k12-d250-bs60-f1.000-r01:000000.322: Tau: 0.12
exp050-n3072-k12-d250-bs60-f1.000-r01:000000.323: ======================BKZ-60 reduction======================
exp050-n3072-k12-d250-bs60-f1.000-r01:000005.123: Expectedly achievable log(norm): 3075.85
exp050-n3072-k12-d250-bs60-f1.000-r01:000009.972: log(exp-norms): [3072.0, 3074.2, 3073.65]
exp050-n3072-k12-d250-bs60-f1.000-r01:000009.972: log(norms):     [3087.1, 3074.99, 3084.0, 3084.0, 3084.0, 3084.0, 3084.0, 3084.0, 3084.0, 3084.0]
exp050-n3072-k12-d250-bs60-f1.000-r01:000010.032: Loop 1/100
exp050-n3072-k12-d250-bs60-f1.000-r01:012287.936: log(exp-norms): [3072.0, 3074.2, 3073.65]
exp050-n3072-k12-d250-bs60-f1.000-r01:012287.937: log(norms):     [3074.99, 3078.84, 3078.93, 3078.9, 3078.9, 3078.95, 3078.7, 3078.91, 3079.01, 3079.1]
exp050-n3072-k12-d250-bs60-f1.000-r01:012287.964: (12278 sec)
exp050-n3072-k12-d250-bs60-f1.000-r01:012287.964: Loop 2/100
exp050-n3072-k12-d250-bs60-f1.000-r01:014683.706: log(exp-norms): [3072.0, 3074.2, 3073.65]
exp050-n3072-k12-d250-bs60-f1.000-r01:014683.707: log(norms):     [3074.99, 3078.14, 3078.16, 3078.32, 3078.27, 3078.25, 3078.39, 3078.4, 3078.33, 3078.31]
exp050-n3072-k12-d250-bs60-f1.000-r01:014683.751: (2396 sec)
exp050-n3072-k12-d250-bs60-f1.000-r01:014683.751: Loop 3/100
exp050-n3072-k12-d250-bs60-f1.000-r01:016769.166: log(exp-norms): [3072.0, 3074.2, 3073.65]
exp050-n3072-k12-d250-bs60-f1.000-r01:016769.167: log(norms):     [3074.99, 3077.57, 3077.69, 3077.64, 3077.72, 3077.74, 3077.73, 3077.87, 3077.86, 3077.81]
exp050-n3072-k12-d250-bs60-f1.000-r01:016769.193: (2086 sec)
exp050-n3072-k12-d250-bs60-f1.000-r01:016769.193: Loop 4/100
exp050-n3072-k12-d250-bs60-f1.000-r01:018758.721: log(exp-norms): [3072.0, 3074.2, 3073.65]
exp050-n3072-k12-d250-bs60-f1.000-r01:018758.721: log(norms):     [3074.99, 3077.31, 3077.38, 3077.45, 3077.37, 3077.31, 3077.53, 3077.58, 3077.4, 3077.46]
exp050-n3072-k12-d250-bs60-f1.000-r01:018758.748: (1990 sec)
exp050-n3072-k12-d250-bs60-f1.000-r01:018758.748: Loop 5/100
exp050-n3072-k12-d250-bs60-f1.000-r01:020822.129: log(exp-norms): [3072.0, 3074.2, 3073.65]
exp050-n3072-k12-d250-bs60-f1.000-r01:020822.130: log(norms):     [3074.99, 3076.89, 3076.96, 3077.05, 3076.98, 3077.02, 3077.26, 3077.12, 3077.0, 3077.11]
exp050-n3072-k12-d250-bs60-f1.000-r01:020822.157: (2064 sec)
exp050-n3072-k12-d250-bs60-f1.000-r01:020822.157: Loop 6/100
exp050-n3072-k12-d250-bs60-f1.000-r01:022610.125: log(exp-norms): [3072.0, 3074.2, 3073.65]
exp050-n3072-k12-d250-bs60-f1.000-r01:022610.126: log(norms):     [3074.99, 3076.71, 3076.75, 3076.84, 3076.79, 3076.95, 3076.8, 3076.81, 3076.78, 3076.99]
exp050-n3072-k12-d250-bs60-f1.000-r01:022610.152: (1788 sec)
exp050-n3072-k12-d250-bs60-f1.000-r01:022610.152: Loop 7/100
exp050-n3072-k12-d250-bs60-f1.000-r01:024369.063: log(exp-norms): [3072.0, 3074.2, 3073.65]
exp050-n3072-k12-d250-bs60-f1.000-r01:024369.064: log(norms):     [3074.99, 3076.51, 3076.54, 3076.55, 3076.65, 3076.67, 3076.54, 3076.69, 3076.61, 3076.67]
exp050-n3072-k12-d250-bs60-f1.000-r01:024369.090: (1759 sec)
exp050-n3072-k12-d250-bs60-f1.000-r01:024369.090: Loop 8/100
exp050-n3072-k12-d250-bs60-f1.000-r01:026097.884: log(exp-norms): [3072.0, 3074.2, 3073.65]
exp050-n3072-k12-d250-bs60-f1.000-r01:026097.885: log(norms):     [3074.99, 3076.16, 3076.37, 3076.36, 3076.43, 3076.39, 3076.5, 3076.59, 3076.5, 3076.5]
exp050-n3072-k12-d250-bs60-f1.000-r01:026097.911: (1729 sec)
exp050-n3072-k12-d250-bs60-f1.000-r01:026097.911: Loop 9/100
exp050-n3072-k12-d250-bs60-f1.000-r01:027818.863: log(exp-norms): [3072.0, 3074.2, 3073.65]
exp050-n3072-k12-d250-bs60-f1.000-r01:027818.863: log(norms):     [3074.99, 3076.16, 3076.22, 3076.23, 3076.26, 3076.25, 3076.38, 3076.4, 3076.38, 3076.49]
exp050-n3072-k12-d250-bs60-f1.000-r01:027818.889: (1721 sec)
exp050-n3072-k12-d250-bs60-f1.000-r01:027818.890: Loop 10/100
exp050-n3072-k12-d250-bs60-f1.000-r01:029531.333: log(exp-norms): [3072.0, 3074.2, 3073.65]
exp050-n3072-k12-d250-bs60-f1.000-r01:029531.333: log(norms):     [3074.99, 3076.16, 3076.26, 3076.28, 3076.25, 3076.26, 3076.23, 3076.38, 3076.23, 3076.25]
exp050-n3072-k12-d250-bs60-f1.000-r01:029531.359: (1713 sec)
exp050-n3072-k12-d250-bs60-f1.000-r01:029531.360: Loop 11/100
exp050-n3072-k12-d250-bs60-f1.000-r01:031269.108: log(exp-norms): [3072.0, 3074.2, 3073.65]
exp050-n3072-k12-d250-bs60-f1.000-r01:031269.108: log(norms):     [3074.99, 3076.16, 3076.13, 3076.3, 3076.29, 3076.23, 3076.17, 3076.31, 3076.16, 3076.38]
exp050-n3072-k12-d250-bs60-f1.000-r01:031269.134: (1738 sec)
exp050-n3072-k12-d250-bs60-f1.000-r01:031269.134: Loop 12/100
exp050-n3072-k12-d250-bs60-f1.000-r01:033000.605: log(exp-norms): [3072.0, 3074.2, 3073.65]
exp050-n3072-k12-d250-bs60-f1.000-r01:033000.605: log(norms):     [3074.99, 3076.07, 3076.04, 3076.07, 3076.11, 3076.24, 3076.23, 3076.36, 3076.38, 3076.09]
exp050-n3072-k12-d250-bs60-f1.000-r01:033000.632: (1732 sec)
exp050-n3072-k12-d250-bs60-f1.000-r01:033000.632: Loop 13/100
exp050-n3072-k12-d250-bs60-f1.000-r01:034708.599: log(exp-norms): [3072.0, 3074.2, 3073.65]
exp050-n3072-k12-d250-bs60-f1.000-r01:034708.599: log(norms):     [3074.99, 3076.02, 3076.09, 3076.07, 3076.18, 3076.22, 3076.08, 3076.18, 3076.13, 3076.19]
exp050-n3072-k12-d250-bs60-f1.000-r01:034708.625: (1708 sec)
exp050-n3072-k12-d250-bs60-f1.000-r01:034708.625: Loop 14/100
exp050-n3072-k12-d250-bs60-f1.000-r01:036415.660: log(exp-norms): [3072.0, 3074.2, 3073.65]
exp050-n3072-k12-d250-bs60-f1.000-r01:036415.660: log(norms):     [3074.99, 3076.02, 3076.09, 3076.11, 3075.98, 3076.23, 3076.04, 3076.03, 3076.13, 3076.19]
exp050-n3072-k12-d250-bs60-f1.000-r01:036415.686: (1708 sec)
exp050-n3072-k12-d250-bs60-f1.000-r01:036415.687: Loop 15/100
exp050-n3072-k12-d250-bs60-f1.000-r01:038150.561: log(exp-norms): [3072.0, 3074.2, 3073.65]
exp050-n3072-k12-d250-bs60-f1.000-r01:038150.562: log(norms):     [3074.99, 3075.98, 3076.03, 3076.07, 3076.19, 3076.22, 3076.01, 3076.17, 3076.14, 3076.15]
exp050-n3072-k12-d250-bs60-f1.000-r01:038150.588: (1735 sec)
exp050-n3072-k12-d250-bs60-f1.000-r01:038150.588: Loop 16/100
exp050-n3072-k12-d250-bs60-f1.000-r01:039885.607: log(exp-norms): [3072.0, 3074.2, 3073.65]
exp050-n3072-k12-d250-bs60-f1.000-r01:039885.608: log(norms):     [3074.99, 3075.98, 3076.03, 3076.07, 3076.19, 3076.17, 3076.03, 3076.15, 3076.14, 3076.13]
exp050-n3072-k12-d250-bs60-f1.000-r01:039885.634: (1736 sec)
exp050-n3072-k12-d250-bs60-f1.000-r01:039885.634: Loop 17/100
exp050-n3072-k12-d250-bs60-f1.000-r01:041581.158: log(exp-norms): [3072.0, 3074.2, 3073.65]
exp050-n3072-k12-d250-bs60-f1.000-r01:041581.159: log(norms):     [3074.99, 3075.98, 3076.03, 3076.13, 3076.01, 3076.07, 3076.13, 3076.02, 3076.0, 3076.18]
exp050-n3072-k12-d250-bs60-f1.000-r01:041581.185: (1696 sec)
exp050-n3072-k12-d250-bs60-f1.000-r01:041581.185: Loop 18/100
exp050-n3072-k12-d250-bs60-f1.000-r01:043309.049: log(exp-norms): [3072.0, 3074.2, 3073.65]
exp050-n3072-k12-d250-bs60-f1.000-r01:043309.050: log(norms):     [3074.99, 3075.98, 3076.03, 3076.13, 3076.03, 3076.08, 3076.01, 3076.13, 3075.97, 3076.01]
exp050-n3072-k12-d250-bs60-f1.000-r01:043309.076: (1728 sec)
exp050-n3072-k12-d250-bs60-f1.000-r01:043309.076: Loop 19/100
exp050-n3072-k12-d250-bs60-f1.000-r01:045047.109: log(exp-norms): [3072.0, 3074.2, 3073.65]
exp050-n3072-k12-d250-bs60-f1.000-r01:045047.109: log(norms):     [3074.99, 3075.71, 3075.94, 3076.15, 3076.03, 3075.97, 3076.19, 3076.28, 3076.17, 3076.01]
exp050-n3072-k12-d250-bs60-f1.000-r01:045047.135: (1739 sec)
exp050-n3072-k12-d250-bs60-f1.000-r01:045047.136: Loop 20/100
exp050-n3072-k12-d250-bs60-f1.000-r01:046752.195: log(exp-norms): [3072.0, 3074.2, 3073.65]
exp050-n3072-k12-d250-bs60-f1.000-r01:046752.195: log(norms):     [3074.99, 3075.71, 3075.97, 3076.03, 3075.96, 3076.12, 3076.07, 3076.12, 3076.01, 3076.23]
exp050-n3072-k12-d250-bs60-f1.000-r01:046752.221: (1706 sec)
exp050-n3072-k12-d250-bs60-f1.000-r01:046752.221: Loop 21/100
exp050-n3072-k12-d250-bs60-f1.000-r01:048480.548: log(exp-norms): [3072.0, 3074.2, 3073.65]
exp050-n3072-k12-d250-bs60-f1.000-r01:048480.548: log(norms):     [3074.99, 3075.71, 3075.97, 3076.03, 3075.91, 3075.96, 3076.01, 3076.1, 3076.06, 3076.25]
exp050-n3072-k12-d250-bs60-f1.000-r01:048480.574: (1729 sec)
exp050-n3072-k12-d250-bs60-f1.000-r01:048480.574: Loop 22/100
exp050-n3072-k12-d250-bs60-f1.000-r01:050181.109: log(exp-norms): [3072.0, 3074.2, 3073.65]
exp050-n3072-k12-d250-bs60-f1.000-r01:050181.109: log(norms):     [3074.99, 3075.71, 3075.97, 3076.03, 3075.98, 3076.01, 3075.99, 3076.25, 3076.08, 3076.15]
exp050-n3072-k12-d250-bs60-f1.000-r01:050181.135: (1701 sec)
exp050-n3072-k12-d250-bs60-f1.000-r01:050181.136: Loop 23/100
exp050-n3072-k12-d250-bs60-f1.000-r01:051904.182: log(exp-norms): [3072.0, 3074.2, 3073.65]
exp050-n3072-k12-d250-bs60-f1.000-r01:051904.182: log(norms):     [3074.99, 3075.71, 3075.98, 3076.04, 3075.99, 3076.03, 3075.97, 3076.06, 3076.27, 3075.97]
exp050-n3072-k12-d250-bs60-f1.000-r01:051904.208: (1724 sec)
exp050-n3072-k12-d250-bs60-f1.000-r01:051904.209: Loop 24/100
exp050-n3072-k12-d250-bs60-f1.000-r01:053612.515: log(exp-norms): [3072.0, 3074.2, 3073.65]
exp050-n3072-k12-d250-bs60-f1.000-r01:053612.516: log(norms):     [3074.99, 3075.71, 3075.98, 3076.04, 3075.99, 3076.03, 3075.97, 3076.08, 3076.06, 3076.05]
exp050-n3072-k12-d250-bs60-f1.000-r01:053612.542: (1709 sec)
exp050-n3072-k12-d250-bs60-f1.000-r01:053612.542: Loop 25/100
exp050-n3072-k12-d250-bs60-f1.000-r01:055373.530: log(exp-norms): [3072.0, 3074.2, 3073.65]
exp050-n3072-k12-d250-bs60-f1.000-r01:055373.531: log(norms):     [3074.99, 3075.71, 3075.82, 3076.04, 3075.98, 3076.05, 3075.99, 3076.19, 3076.03, 3076.21]
exp050-n3072-k12-d250-bs60-f1.000-r01:055373.557: (1762 sec)
exp050-n3072-k12-d250-bs60-f1.000-r01:055373.557: Loop 26/100
exp050-n3072-k12-d250-bs60-f1.000-r01:057093.984: log(exp-norms): [3072.0, 3074.2, 3073.65]
exp050-n3072-k12-d250-bs60-f1.000-r01:057093.984: log(norms):     [3074.99, 3075.71, 3075.82, 3076.04, 3075.97, 3075.9, 3075.98, 3075.85, 3076.13, 3076.0]
exp050-n3072-k12-d250-bs60-f1.000-r01:057094.010: (1721 sec)
exp050-n3072-k12-d250-bs60-f1.000-r01:057094.010: Loop 27/100
exp050-n3072-k12-d250-bs60-f1.000-r01:058761.186: log(exp-norms): [3072.0, 3074.2, 3073.65]
exp050-n3072-k12-d250-bs60-f1.000-r01:058761.187: log(norms):     [3074.99, 3075.71, 3075.82, 3075.85, 3076.04, 3075.98, 3075.95, 3076.13, 3076.0, 3075.97]
exp050-n3072-k12-d250-bs60-f1.000-r01:058761.213: (1668 sec)
exp050-n3072-k12-d250-bs60-f1.000-r01:058761.213: Loop 28/100
exp050-n3072-k12-d250-bs60-f1.000-r01:060417.434: log(exp-norms): [3072.0, 3074.2, 3073.65]
exp050-n3072-k12-d250-bs60-f1.000-r01:060417.435: log(norms):     [3074.99, 3075.71, 3075.82, 3075.85, 3076.04, 3075.98, 3075.95, 3076.18, 3076.13, 3076.0]
exp050-n3072-k12-d250-bs60-f1.000-r01:060417.461: (1657 sec)
exp050-n3072-k12-d250-bs60-f1.000-r01:060417.461: Loop 29/100
exp050-n3072-k12-d250-bs60-f1.000-r01:062109.954: log(exp-norms): [3072.0, 3074.2, 3073.65]
exp050-n3072-k12-d250-bs60-f1.000-r01:062109.954: log(norms):     [3074.99, 3075.71, 3075.82, 3075.85, 3076.04, 3076.01, 3075.98, 3075.9, 3076.1, 3075.95]
exp050-n3072-k12-d250-bs60-f1.000-r01:062109.980: (1693 sec)
exp050-n3072-k12-d250-bs60-f1.000-r01:062109.981: Loop 30/100
