exp052-n3072-k12-d250-bs60-f1.000-r03:000000.437: ==========================Instance==========================
exp052-n3072-k12-d250-bs60-f1.000-r03:000000.438: # of equations: 250
exp052-n3072-k12-d250-bs60-f1.000-r03:000000.445: Gap: 0.68
exp052-n3072-k12-d250-bs60-f1.000-r03:000000.460: Tau: 0.12
exp052-n3072-k12-d250-bs60-f1.000-r03:000000.461: ======================BKZ-60 reduction======================
exp052-n3072-k12-d250-bs60-f1.000-r03:000008.121: Expectedly achievable log(norm): 3075.85
exp052-n3072-k12-d250-bs60-f1.000-r03:000013.479: log(exp-norms): [3072.0, 3074.2, 3073.65]
exp052-n3072-k12-d250-bs60-f1.000-r03:000013.479: log(norms):     [3087.1, 3074.99, 3084.0, 3084.0, 3084.0, 3084.0, 3084.0, 3084.0, 3084.0, 3084.0]
exp052-n3072-k12-d250-bs60-f1.000-r03:000013.533: Loop 1/100
exp052-n3072-k12-d250-bs60-f1.000-r03:012011.066: log(exp-norms): [3072.0, 3074.2, 3073.65]
exp052-n3072-k12-d250-bs60-f1.000-r03:012011.066: log(norms):     [3074.99, 3078.84, 3078.93, 3078.9, 3078.9, 3078.95, 3078.7, 3078.91, 3079.01, 3079.1]
exp052-n3072-k12-d250-bs60-f1.000-r03:012011.094: (11998 sec)
exp052-n3072-k12-d250-bs60-f1.000-r03:012011.094: Loop 2/100
exp052-n3072-k12-d250-bs60-f1.000-r03:014435.935: log(exp-norms): [3072.0, 3074.2, 3073.65]
exp052-n3072-k12-d250-bs60-f1.000-r03:014435.936: log(norms):     [3074.99, 3078.14, 3078.16, 3078.32, 3078.27, 3078.25, 3078.39, 3078.4, 3078.33, 3078.31]
exp052-n3072-k12-d250-bs60-f1.000-r03:014435.963: (2425 sec)
exp052-n3072-k12-d250-bs60-f1.000-r03:014435.963: Loop 3/100
exp052-n3072-k12-d250-bs60-f1.000-r03:016533.506: log(exp-norms): [3072.0, 3074.2, 3073.65]
exp052-n3072-k12-d250-bs60-f1.000-r03:016533.507: log(norms):     [3074.99, 3077.57, 3077.69, 3077.64, 3077.72, 3077.74, 3077.73, 3077.87, 3077.86, 3077.81]
exp052-n3072-k12-d250-bs60-f1.000-r03:016533.533: (2098 sec)
exp052-n3072-k12-d250-bs60-f1.000-r03:016533.533: Loop 4/100
exp052-n3072-k12-d250-bs60-f1.000-r03:018522.077: log(exp-norms): [3072.0, 3074.2, 3073.65]
exp052-n3072-k12-d250-bs60-f1.000-r03:018522.078: log(norms):     [3074.99, 3077.31, 3077.38, 3077.45, 3077.37, 3077.31, 3077.53, 3077.58, 3077.4, 3077.46]
exp052-n3072-k12-d250-bs60-f1.000-r03:018522.105: (1989 sec)
exp052-n3072-k12-d250-bs60-f1.000-r03:018522.105: Loop 5/100
exp052-n3072-k12-d250-bs60-f1.000-r03:020478.368: log(exp-norms): [3072.0, 3074.2, 3073.65]
exp052-n3072-k12-d250-bs60-f1.000-r03:020478.368: log(norms):     [3074.99, 3076.89, 3076.96, 3077.05, 3076.98, 3077.02, 3077.26, 3077.12, 3077.0, 3077.11]
exp052-n3072-k12-d250-bs60-f1.000-r03:020478.394: (1957 sec)
exp052-n3072-k12-d250-bs60-f1.000-r03:020478.395: Loop 6/100
exp052-n3072-k12-d250-bs60-f1.000-r03:022345.451: log(exp-norms): [3072.0, 3074.2, 3073.65]
exp052-n3072-k12-d250-bs60-f1.000-r03:022345.452: log(norms):     [3074.99, 3076.71, 3076.75, 3076.84, 3076.79, 3076.95, 3076.8, 3076.81, 3076.78, 3076.99]
exp052-n3072-k12-d250-bs60-f1.000-r03:022345.481: (1868 sec)
exp052-n3072-k12-d250-bs60-f1.000-r03:022345.481: Loop 7/100
exp052-n3072-k12-d250-bs60-f1.000-r03:024113.701: log(exp-norms): [3072.0, 3074.2, 3073.65]
exp052-n3072-k12-d250-bs60-f1.000-r03:024113.701: log(norms):     [3074.99, 3076.51, 3076.54, 3076.55, 3076.65, 3076.67, 3076.54, 3076.69, 3076.61, 3076.67]
exp052-n3072-k12-d250-bs60-f1.000-r03:024113.728: (1769 sec)
exp052-n3072-k12-d250-bs60-f1.000-r03:024113.728: Loop 8/100
exp052-n3072-k12-d250-bs60-f1.000-r03:025836.609: log(exp-norms): [3072.0, 3074.2, 3073.65]
exp052-n3072-k12-d250-bs60-f1.000-r03:025836.610: log(norms):     [3074.99, 3076.16, 3076.37, 3076.36, 3076.43, 3076.39, 3076.5, 3076.59, 3076.5, 3076.5]
exp052-n3072-k12-d250-bs60-f1.000-r03:025836.635: (1723 sec)
exp052-n3072-k12-d250-bs60-f1.000-r03:025836.636: Loop 9/100
exp052-n3072-k12-d250-bs60-f1.000-r03:027552.212: log(exp-norms): [3072.0, 3074.2, 3073.65]
exp052-n3072-k12-d250-bs60-f1.000-r03:027552.213: log(norms):     [3074.99, 3076.16, 3076.22, 3076.23, 3076.26, 3076.25, 3076.38, 3076.4, 3076.38, 3076.49]
exp052-n3072-k12-d250-bs60-f1.000-r03:027552.238: (1716 sec)
exp052-n3072-k12-d250-bs60-f1.000-r03:027552.239: Loop 10/100
exp052-n3072-k12-d250-bs60-f1.000-r03:029259.326: log(exp-norms): [3072.0, 3074.2, 3073.65]
exp052-n3072-k12-d250-bs60-f1.000-r03:029259.326: log(norms):     [3074.99, 3076.16, 3076.26, 3076.28, 3076.25, 3076.26, 3076.23, 3076.38, 3076.23, 3076.25]
exp052-n3072-k12-d250-bs60-f1.000-r03:029259.352: (1708 sec)
exp052-n3072-k12-d250-bs60-f1.000-r03:029259.352: Loop 11/100
exp052-n3072-k12-d250-bs60-f1.000-r03:030993.543: log(exp-norms): [3072.0, 3074.2, 3073.65]
exp052-n3072-k12-d250-bs60-f1.000-r03:030993.544: log(norms):     [3074.99, 3076.16, 3076.13, 3076.3, 3076.29, 3076.23, 3076.17, 3076.31, 3076.16, 3076.38]
exp052-n3072-k12-d250-bs60-f1.000-r03:030993.569: (1735 sec)
exp052-n3072-k12-d250-bs60-f1.000-r03:030993.570: Loop 12/100
exp052-n3072-k12-d250-bs60-f1.000-r03:032722.900: log(exp-norms): [3072.0, 3074.2, 3073.65]
exp052-n3072-k12-d250-bs60-f1.000-r03:032722.900: log(norms):     [3074.99, 3076.07, 3076.04, 3076.07, 3076.11, 3076.24, 3076.23, 3076.36, 3076.38, 3076.09]
exp052-n3072-k12-d250-bs60-f1.000-r03:032722.927: (1730 sec)
exp052-n3072-k12-d250-bs60-f1.000-r03:032722.927: Loop 13/100
exp052-n3072-k12-d250-bs60-f1.000-r03:034428.513: log(exp-norms): [3072.0, 3074.2, 3073.65]
exp052-n3072-k12-d250-bs60-f1.000-r03:034428.513: log(norms):     [3074.99, 3076.02, 3076.09, 3076.07, 3076.18, 3076.22, 3076.08, 3076.18, 3076.13, 3076.19]
exp052-n3072-k12-d250-bs60-f1.000-r03:034428.539: (1706 sec)
exp052-n3072-k12-d250-bs60-f1.000-r03:034428.539: Loop 14/100
exp052-n3072-k12-d250-bs60-f1.000-r03:036128.909: log(exp-norms): [3072.0, 3074.2, 3073.65]
exp052-n3072-k12-d250-bs60-f1.000-r03:036128.909: log(norms):     [3074.99, 3076.02, 3076.09, 3076.11, 3075.98, 3076.23, 3076.04, 3076.03, 3076.13, 3076.19]
exp052-n3072-k12-d250-bs60-f1.000-r03:036128.935: (1701 sec)
exp052-n3072-k12-d250-bs60-f1.000-r03:036128.935: Loop 15/100
exp052-n3072-k12-d250-bs60-f1.000-r03:037858.509: log(exp-norms): [3072.0, 3074.2, 3073.65]
exp052-n3072-k12-d250-bs60-f1.000-r03:037858.510: log(norms):     [3074.99, 3075.98, 3076.03, 3076.07, 3076.19, 3076.22, 3076.01, 3076.17, 3076.14, 3076.15]
exp052-n3072-k12-d250-bs60-f1.000-r03:037858.537: (1730 sec)
exp052-n3072-k12-d250-bs60-f1.000-r03:037858.537: Loop 16/100
exp052-n3072-k12-d250-bs60-f1.000-r03:039585.655: log(exp-norms): [3072.0, 3074.2, 3073.65]
exp052-n3072-k12-d250-bs60-f1.000-r03:039585.656: log(norms):     [3074.99, 3075.98, 3076.03, 3076.07, 3076.19, 3076.17, 3076.03, 3076.15, 3076.14, 3076.13]
exp052-n3072-k12-d250-bs60-f1.000-r03:039585.682: (1728 sec)
exp052-n3072-k12-d250-bs60-f1.000-r03:039585.683: Loop 17/100
exp052-n3072-k12-d250-bs60-f1.000-r03:041274.759: log(exp-norms): [3072.0, 3074.2, 3073.65]
exp052-n3072-k12-d250-bs60-f1.000-r03:041274.760: log(norms):     [3074.99, 3075.98, 3076.03, 3076.13, 3076.01, 3076.07, 3076.13, 3076.02, 3076.0, 3076.18]
exp052-n3072-k12-d250-bs60-f1.000-r03:041274.787: (1690 sec)
exp052-n3072-k12-d250-bs60-f1.000-r03:041274.787: Loop 18/100
exp052-n3072-k12-d250-bs60-f1.000-r03:042999.209: log(exp-norms): [3072.0, 3074.2, 3073.65]
exp052-n3072-k12-d250-bs60-f1.000-r03:042999.210: log(norms):     [3074.99, 3075.98, 3076.03, 3076.13, 3076.03, 3076.08, 3076.01, 3076.13, 3075.97, 3076.01]
exp052-n3072-k12-d250-bs60-f1.000-r03:042999.236: (1725 sec)
exp052-n3072-k12-d250-bs60-f1.000-r03:042999.236: Loop 19/100
exp052-n3072-k12-d250-bs60-f1.000-r03:044727.342: log(exp-norms): [3072.0, 3074.2, 3073.65]
exp052-n3072-k12-d250-bs60-f1.000-r03:044727.343: log(norms):     [3074.99, 3075.71, 3075.94, 3076.15, 3076.03, 3075.97, 3076.19, 3076.28, 3076.17, 3076.01]
exp052-n3072-k12-d250-bs60-f1.000-r03:044727.369: (1729 sec)
exp052-n3072-k12-d250-bs60-f1.000-r03:044727.369: Loop 20/100
exp052-n3072-k12-d250-bs60-f1.000-r03:046425.799: log(exp-norms): [3072.0, 3074.2, 3073.65]
exp052-n3072-k12-d250-bs60-f1.000-r03:046425.800: log(norms):     [3074.99, 3075.71, 3075.97, 3076.03, 3075.96, 3076.12, 3076.07, 3076.12, 3076.01, 3076.23]
exp052-n3072-k12-d250-bs60-f1.000-r03:046425.826: (1699 sec)
exp052-n3072-k12-d250-bs60-f1.000-r03:046425.826: Loop 21/100
exp052-n3072-k12-d250-bs60-f1.000-r03:048145.986: log(exp-norms): [3072.0, 3074.2, 3073.65]
exp052-n3072-k12-d250-bs60-f1.000-r03:048145.986: log(norms):     [3074.99, 3075.71, 3075.97, 3076.03, 3075.91, 3075.96, 3076.01, 3076.1, 3076.06, 3076.25]
exp052-n3072-k12-d250-bs60-f1.000-r03:048146.012: (1721 sec)
exp052-n3072-k12-d250-bs60-f1.000-r03:048146.013: Loop 22/100
exp052-n3072-k12-d250-bs60-f1.000-r03:049841.260: log(exp-norms): [3072.0, 3074.2, 3073.65]
exp052-n3072-k12-d250-bs60-f1.000-r03:049841.261: log(norms):     [3074.99, 3075.71, 3075.97, 3076.03, 3075.98, 3076.01, 3075.99, 3076.25, 3076.08, 3076.15]
exp052-n3072-k12-d250-bs60-f1.000-r03:049841.287: (1696 sec)
exp052-n3072-k12-d250-bs60-f1.000-r03:049841.287: Loop 23/100
exp052-n3072-k12-d250-bs60-f1.000-r03:051553.449: log(exp-norms): [3072.0, 3074.2, 3073.65]
exp052-n3072-k12-d250-bs60-f1.000-r03:051553.450: log(norms):     [3074.99, 3075.71, 3075.98, 3076.04, 3075.99, 3076.03, 3075.97, 3076.06, 3076.27, 3075.97]
exp052-n3072-k12-d250-bs60-f1.000-r03:051553.476: (1713 sec)
exp052-n3072-k12-d250-bs60-f1.000-r03:051553.476: Loop 24/100
exp052-n3072-k12-d250-bs60-f1.000-r03:053255.516: log(exp-norms): [3072.0, 3074.2, 3073.65]
exp052-n3072-k12-d250-bs60-f1.000-r03:053255.517: log(norms):     [3074.99, 3075.71, 3075.98, 3076.04, 3075.99, 3076.03, 3075.97, 3076.08, 3076.06, 3076.05]
exp052-n3072-k12-d250-bs60-f1.000-r03:053255.543: (1703 sec)
exp052-n3072-k12-d250-bs60-f1.000-r03:053255.543: Loop 25/100
exp052-n3072-k12-d250-bs60-f1.000-r03:055009.729: log(exp-norms): [3072.0, 3074.2, 3073.65]
exp052-n3072-k12-d250-bs60-f1.000-r03:055009.730: log(norms):     [3074.99, 3075.71, 3075.82, 3076.04, 3075.98, 3076.05, 3075.99, 3076.19, 3076.03, 3076.21]
exp052-n3072-k12-d250-bs60-f1.000-r03:055009.756: (1755 sec)
exp052-n3072-k12-d250-bs60-f1.000-r03:055009.756: Loop 26/100
exp052-n3072-k12-d250-bs60-f1.000-r03:056724.208: log(exp-norms): [3072.0, 3074.2, 3073.65]
exp052-n3072-k12-d250-bs60-f1.000-r03:056724.209: log(norms):     [3074.99, 3075.71, 3075.82, 3076.04, 3075.97, 3075.9, 3075.98, 3075.85, 3076.13, 3076.0]
exp052-n3072-k12-d250-bs60-f1.000-r03:056724.235: (1715 sec)
exp052-n3072-k12-d250-bs60-f1.000-r03:056724.235: Loop 27/100
exp052-n3072-k12-d250-bs60-f1.000-r03:058384.622: log(exp-norms): [3072.0, 3074.2, 3073.65]
exp052-n3072-k12-d250-bs60-f1.000-r03:058384.623: log(norms):     [3074.99, 3075.71, 3075.82, 3075.85, 3076.04, 3075.98, 3075.95, 3076.13, 3076.0, 3075.97]
exp052-n3072-k12-d250-bs60-f1.000-r03:058384.648: (1661 sec)
exp052-n3072-k12-d250-bs60-f1.000-r03:058384.649: Loop 28/100
exp052-n3072-k12-d250-bs60-f1.000-r03:060034.377: log(exp-norms): [3072.0, 3074.2, 3073.65]
exp052-n3072-k12-d250-bs60-f1.000-r03:060034.377: log(norms):     [3074.99, 3075.71, 3075.82, 3075.85, 3076.04, 3075.98, 3075.95, 3076.18, 3076.13, 3076.0]
exp052-n3072-k12-d250-bs60-f1.000-r03:060034.403: (1650 sec)
exp052-n3072-k12-d250-bs60-f1.000-r03:060034.403: Loop 29/100
exp052-n3072-k12-d250-bs60-f1.000-r03:061718.623: log(exp-norms): [3072.0, 3074.2, 3073.65]
exp052-n3072-k12-d250-bs60-f1.000-r03:061718.624: log(norms):     [3074.99, 3075.71, 3075.82, 3075.85, 3076.04, 3076.01, 3075.98, 3075.9, 3076.1, 3075.95]
exp052-n3072-k12-d250-bs60-f1.000-r03:061718.650: (1685 sec)
exp052-n3072-k12-d250-bs60-f1.000-r03:061718.650: Loop 30/100
