exp038-n3072-k16-d250-bs60-f1.000-r05:000000.467: ==========================Instance==========================
exp038-n3072-k16-d250-bs60-f1.000-r05:000000.467: # of equations: 250
exp038-n3072-k16-d250-bs60-f1.000-r05:000000.475: Gap: 10.71
exp038-n3072-k16-d250-bs60-f1.000-r05:000000.492: Tau: 29.86
exp038-n3072-k16-d250-bs60-f1.000-r05:000000.493: ======================BKZ-60 reduction======================
exp038-n3072-k16-d250-bs60-f1.000-r05:000008.364: Expectedly achievable log(norm): 3079.82
exp038-n3072-k16-d250-bs60-f1.000-r05:000016.393: log(exp-norms): [3072.0, 3074.2, 3077.62]
exp038-n3072-k16-d250-bs60-f1.000-r05:000016.393: log(norms):     [3091.21, 3074.99, 3088.0, 3088.0, 3088.0, 3088.0, 3088.0, 3088.0, 3088.0, 3088.0]
exp038-n3072-k16-d250-bs60-f1.000-r05:000016.492: Loop 1/100
exp038-n3072-k16-d250-bs60-f1.000-r05:013228.630: log(exp-norms): [3072.0, 3074.2, 3077.62]
exp038-n3072-k16-d250-bs60-f1.000-r05:013228.631: log(norms):     [3074.99, 3082.83, 3082.85, 3082.85, 3082.87, 3082.92, 3083.07, 3083.08, 3082.96, 3083.03]
exp038-n3072-k16-d250-bs60-f1.000-r05:013228.675: (13213 sec)
exp038-n3072-k16-d250-bs60-f1.000-r05:013228.675: Loop 2/100
exp038-n3072-k16-d250-bs60-f1.000-r05:016001.365: log(exp-norms): [3072.0, 3074.2, 3077.62]
exp038-n3072-k16-d250-bs60-f1.000-r05:016001.366: log(norms):     [3072.0, 3074.99, 3082.25, 3082.35, 3082.37, 3082.26, 3082.38, 3082.43, 3082.33, 3082.54]
exp038-n3072-k16-d250-bs60-f1.000-r05:016001.394: (2773 sec)
exp038-n3072-k16-d250-bs60-f1.000-r05:016001.395: Loop 3/100
exp038-n3072-k16-d250-bs60-f1.000-r05:018379.318: log(exp-norms): [3072.0, 3074.2, 3077.62]
exp038-n3072-k16-d250-bs60-f1.000-r05:018379.318: log(norms):     [3072.0, 3074.99, 3081.61, 3081.77, 3081.85, 3081.97, 3081.87, 3081.76, 3081.9, 3081.9]
exp038-n3072-k16-d250-bs60-f1.000-r05:018379.345: (2378 sec)
exp038-n3072-k16-d250-bs60-f1.000-r05:018379.345: Loop 4/100
exp038-n3072-k16-d250-bs60-f1.000-r05:020634.780: log(exp-norms): [3072.0, 3074.2, 3077.62]
exp038-n3072-k16-d250-bs60-f1.000-r05:020634.780: log(norms):     [3072.0, 3074.99, 3081.31, 3081.36, 3081.32, 3081.43, 3081.55, 3081.56, 3081.29, 3081.53]
exp038-n3072-k16-d250-bs60-f1.000-r05:020634.807: (2256 sec)
exp038-n3072-k16-d250-bs60-f1.000-r05:020634.807: Loop 5/100
exp038-n3072-k16-d250-bs60-f1.000-r05:022794.697: log(exp-norms): [3072.0, 3074.2, 3077.62]
exp038-n3072-k16-d250-bs60-f1.000-r05:022794.698: log(norms):     [3072.0, 3074.99, 3080.91, 3081.01, 3081.02, 3081.15, 3081.12, 3081.06, 3081.12, 3081.11]
exp038-n3072-k16-d250-bs60-f1.000-r05:022794.725: (2160 sec)
exp038-n3072-k16-d250-bs60-f1.000-r05:022794.725: Loop 6/100
exp038-n3072-k16-d250-bs60-f1.000-r05:025241.648: log(exp-norms): [3072.0, 3074.2, 3077.62]
exp038-n3072-k16-d250-bs60-f1.000-r05:025241.649: log(norms):     [3072.0, 3074.99, 3080.68, 3080.73, 3080.84, 3080.79, 3080.85, 3080.74, 3080.92, 3080.8]
exp038-n3072-k16-d250-bs60-f1.000-r05:025241.675: (2447 sec)
exp038-n3072-k16-d250-bs60-f1.000-r05:025241.676: Loop 7/100
exp038-n3072-k16-d250-bs60-f1.000-r05:027337.209: log(exp-norms): [3072.0, 3074.2, 3077.62]
exp038-n3072-k16-d250-bs60-f1.000-r05:027337.209: log(norms):     [3072.0, 3074.2, 3074.99, 3080.45, 3080.51, 3080.61, 3080.64, 3080.67, 3080.66, 3080.78]
exp038-n3072-k16-d250-bs60-f1.000-r05:027337.237: (2096 sec)
exp038-n3072-k16-d250-bs60-f1.000-r05:027337.237: ==========================Summary===========================
exp038-n3072-k16-d250-bs60-f1.000-r05:027337.237: Total time: 27337sec
exp038-n3072-k16-d250-bs60-f1.000-r05:027337.237: SUCCESS
exp038-n3072-k16-d250-bs60-f1.000-r05:027337.237: HNP solution: 4405273920526704447831455388896470434689429852084329841166075428235651517251773482486733016635779047179953862000027747998600477748079832075492985384478241153544094759667057569783014117571872647664050730362528711402155452700790848008448545357327460378795164924050531828395445670591917262730014901544867690149882855274458529736427870753369987201280270800375502582226067441693352316421210895738162954494608571321893338818365989665880716214390510169962033333659697887557620727529159256702067372660418457362906382743219264478860210016934480842156750541706819903642769535520467986957299703942214652324047013862293474636109761637189391726353007689320097970475059006872190573658212603493520952864621460335781702863634134511809948108282592164823639895564291031637440808476655538423206672648873016901862697880171069923134754194150291406493874186953560326100423779792949921277279053240389401892851247507556964289698118479165461586275638
exp038-n3072-k16-d250-bs60-f1.000-r05:027337.238: Shared secret: 4405273920526704447831455388896470434689429852084329841166075428235651517251773482486733016635779047179953862000027747998600477748079832075492985384478241153544094759667057569783014117571872647664050730362528711402155452700790848008448545357327460378795164924050531828395445670591917262730014901544867690149882855274458529736427870753369987201280270800375502582226067441693352316421210895738162954494608571321893338818365989665880716214390510169962033333659697887557620727529159256702067372660418457362906382743219264478860210016934480842156750541706819903642769535520467986957299703942214652324047013862293474636109761637189391726353007689320097970475059006872190573658212603493520952864621460335781702863634134511809948108282592164823639895564291031637440808476655538423206672648873016901862697880171069923134754194150291406493874186953560326100423779792949921277279053240389401892851247507556964289698118479165461586275638
exp038-n3072-k16-d250-bs60-f1.000-r05:027337.238: SUMMARY:n:3072:k:16:d:250:bs:60:t:27337:r:True
