exp033-n3072-k16-d250-bs60-f1.000-r00:000000.457: ==========================Instance==========================
exp033-n3072-k16-d250-bs60-f1.000-r00:000000.457: # of equations: 250
exp033-n3072-k16-d250-bs60-f1.000-r00:000000.465: Gap: 10.71
exp033-n3072-k16-d250-bs60-f1.000-r00:000000.482: Tau: 29.86
exp033-n3072-k16-d250-bs60-f1.000-r00:000000.483: ======================BKZ-60 reduction======================
exp033-n3072-k16-d250-bs60-f1.000-r00:000008.225: Expectedly achievable log(norm): 3079.82
exp033-n3072-k16-d250-bs60-f1.000-r00:000015.675: log(exp-norms): [3072.0, 3074.2, 3077.62]
exp033-n3072-k16-d250-bs60-f1.000-r00:000015.675: log(norms):     [3091.21, 3074.99, 3088.0, 3088.0, 3088.0, 3088.0, 3088.0, 3088.0, 3088.0, 3088.0]
exp033-n3072-k16-d250-bs60-f1.000-r00:000015.773: Loop 1/100
exp033-n3072-k16-d250-bs60-f1.000-r00:013165.848: log(exp-norms): [3072.0, 3074.2, 3077.62]
exp033-n3072-k16-d250-bs60-f1.000-r00:013165.849: log(norms):     [3074.99, 3082.83, 3082.85, 3082.85, 3082.87, 3082.92, 3083.07, 3083.08, 3082.96, 3083.03]
exp033-n3072-k16-d250-bs60-f1.000-r00:013165.876: (13151 sec)
exp033-n3072-k16-d250-bs60-f1.000-r00:013165.876: Loop 2/100
exp033-n3072-k16-d250-bs60-f1.000-r00:015550.423: log(exp-norms): [3072.0, 3074.2, 3077.62]
exp033-n3072-k16-d250-bs60-f1.000-r00:015550.423: log(norms):     [3072.0, 3074.99, 3082.25, 3082.35, 3082.37, 3082.26, 3082.38, 3082.43, 3082.33, 3082.54]
exp033-n3072-k16-d250-bs60-f1.000-r00:015550.450: (2385 sec)
exp033-n3072-k16-d250-bs60-f1.000-r00:015550.450: Loop 3/100
exp033-n3072-k16-d250-bs60-f1.000-r00:018260.233: log(exp-norms): [3072.0, 3074.2, 3077.62]
exp033-n3072-k16-d250-bs60-f1.000-r00:018260.233: log(norms):     [3072.0, 3074.99, 3081.61, 3081.77, 3081.85, 3081.97, 3081.87, 3081.76, 3081.9, 3081.9]
exp033-n3072-k16-d250-bs60-f1.000-r00:018260.260: (2710 sec)
exp033-n3072-k16-d250-bs60-f1.000-r00:018260.260: Loop 4/100
exp033-n3072-k16-d250-bs60-f1.000-r00:020687.261: log(exp-norms): [3072.0, 3074.2, 3077.62]
exp033-n3072-k16-d250-bs60-f1.000-r00:020687.261: log(norms):     [3072.0, 3074.99, 3081.31, 3081.36, 3081.32, 3081.43, 3081.55, 3081.56, 3081.29, 3081.53]
exp033-n3072-k16-d250-bs60-f1.000-r00:020687.288: (2428 sec)
exp033-n3072-k16-d250-bs60-f1.000-r00:020687.288: Loop 5/100
exp033-n3072-k16-d250-bs60-f1.000-r00:022882.320: log(exp-norms): [3072.0, 3074.2, 3077.62]
exp033-n3072-k16-d250-bs60-f1.000-r00:022882.321: log(norms):     [3072.0, 3074.99, 3080.91, 3081.01, 3081.02, 3081.15, 3081.12, 3081.06, 3081.12, 3081.11]
exp033-n3072-k16-d250-bs60-f1.000-r00:022882.347: (2196 sec)
exp033-n3072-k16-d250-bs60-f1.000-r00:022882.348: Loop 6/100
exp033-n3072-k16-d250-bs60-f1.000-r00:025172.172: log(exp-norms): [3072.0, 3074.2, 3077.62]
exp033-n3072-k16-d250-bs60-f1.000-r00:025172.173: log(norms):     [3072.0, 3074.99, 3080.68, 3080.73, 3080.84, 3080.79, 3080.85, 3080.74, 3080.92, 3080.8]
exp033-n3072-k16-d250-bs60-f1.000-r00:025172.199: (2290 sec)
exp033-n3072-k16-d250-bs60-f1.000-r00:025172.199: Loop 7/100
exp033-n3072-k16-d250-bs60-f1.000-r00:027433.079: log(exp-norms): [3072.0, 3074.2, 3077.62]
exp033-n3072-k16-d250-bs60-f1.000-r00:027433.080: log(norms):     [3072.0, 3074.2, 3074.99, 3080.45, 3080.51, 3080.61, 3080.64, 3080.67, 3080.66, 3080.78]
exp033-n3072-k16-d250-bs60-f1.000-r00:027433.107: (2261 sec)
exp033-n3072-k16-d250-bs60-f1.000-r00:027433.107: ==========================Summary===========================
exp033-n3072-k16-d250-bs60-f1.000-r00:027433.107: Total time: 27433sec
exp033-n3072-k16-d250-bs60-f1.000-r00:027433.107: SUCCESS
exp033-n3072-k16-d250-bs60-f1.000-r00:027433.107: HNP solution: 4405273920526704447831455388896470434689429852084329841166075428235651517251773482486733016635779047179953862000027747998600477748079832075492985384478241153544094759667057569783014117571872647664050730362528711402155452700790848008448545357327460378795164924050531828395445670591917262730014901544867690149882855274458529736427870753369987201280270800375502582226067441693352316421210895738162954494608571321893338818365989665880716214390510169962033333659697887557620727529159256702067372660418457362906382743219264478860210016934480842156750541706819903642769535520467986957299703942214652324047013862293474636109761637189391726353007689320097970475059006872190573658212603493520952864621460335781702863634134511809948108282592164823639895564291031637440808476655538423206672648873016901862697880171069923134754194150291406493874186953560326100423779792949921277279053240389401892851247507556964289698118479165461586275638
exp033-n3072-k16-d250-bs60-f1.000-r00:027433.107: Shared secret: 4405273920526704447831455388896470434689429852084329841166075428235651517251773482486733016635779047179953862000027747998600477748079832075492985384478241153544094759667057569783014117571872647664050730362528711402155452700790848008448545357327460378795164924050531828395445670591917262730014901544867690149882855274458529736427870753369987201280270800375502582226067441693352316421210895738162954494608571321893338818365989665880716214390510169962033333659697887557620727529159256702067372660418457362906382743219264478860210016934480842156750541706819903642769535520467986957299703942214652324047013862293474636109761637189391726353007689320097970475059006872190573658212603493520952864621460335781702863634134511809948108282592164823639895564291031637440808476655538423206672648873016901862697880171069923134754194150291406493874186953560326100423779792949921277279053240389401892851247507556964289698118479165461586275638
exp033-n3072-k16-d250-bs60-f1.000-r00:027433.107: SUMMARY:n:3072:k:16:d:250:bs:60:t:27433:r:True
