exp063-n3072-k12-d250-bs60-f1.000-r06:000000.451: ==========================Instance==========================
exp063-n3072-k12-d250-bs60-f1.000-r06:000000.451: # of equations: 250
exp063-n3072-k12-d250-bs60-f1.000-r06:000000.459: Gap: 0.68
exp063-n3072-k12-d250-bs60-f1.000-r06:000000.475: Tau: 0.12
exp063-n3072-k12-d250-bs60-f1.000-r06:000000.476: ======================BKZ-60 reduction======================
exp063-n3072-k12-d250-bs60-f1.000-r06:000006.036: Expectedly achievable log(norm): 3075.85
exp063-n3072-k12-d250-bs60-f1.000-r06:000013.774: log(exp-norms): [3072.0, 3074.2, 3073.65]
exp063-n3072-k12-d250-bs60-f1.000-r06:000013.774: log(norms):     [3087.1, 3074.99, 3084.0, 3084.0, 3084.0, 3084.0, 3084.0, 3084.0, 3084.0, 3084.0]
exp063-n3072-k12-d250-bs60-f1.000-r06:000013.865: Loop 1/100
exp063-n3072-k12-d250-bs60-f1.000-r06:010548.535: log(exp-norms): [3072.0, 3074.2, 3073.65]
exp063-n3072-k12-d250-bs60-f1.000-r06:010548.536: log(norms):     [3074.99, 3078.84, 3078.93, 3078.9, 3078.9, 3078.95, 3078.7, 3078.91, 3079.01, 3079.1]
exp063-n3072-k12-d250-bs60-f1.000-r06:010548.562: (10535 sec)
exp063-n3072-k12-d250-bs60-f1.000-r06:010548.562: Loop 2/100
exp063-n3072-k12-d250-bs60-f1.000-r06:012525.748: log(exp-norms): [3072.0, 3074.2, 3073.65]
exp063-n3072-k12-d250-bs60-f1.000-r06:012525.749: log(norms):     [3074.99, 3078.14, 3078.16, 3078.32, 3078.27, 3078.25, 3078.39, 3078.4, 3078.33, 3078.31]
exp063-n3072-k12-d250-bs60-f1.000-r06:012525.775: (1978 sec)
exp063-n3072-k12-d250-bs60-f1.000-r06:012525.775: Loop 3/100
exp063-n3072-k12-d250-bs60-f1.000-r06:014430.198: log(exp-norms): [3072.0, 3074.2, 3073.65]
exp063-n3072-k12-d250-bs60-f1.000-r06:014430.199: log(norms):     [3074.99, 3077.57, 3077.69, 3077.64, 3077.72, 3077.74, 3077.73, 3077.87, 3077.86, 3077.81]
exp063-n3072-k12-d250-bs60-f1.000-r06:014430.225: (1905 sec)
exp063-n3072-k12-d250-bs60-f1.000-r06:014430.225: Loop 4/100
exp063-n3072-k12-d250-bs60-f1.000-r06:016296.730: log(exp-norms): [3072.0, 3074.2, 3073.65]
exp063-n3072-k12-d250-bs60-f1.000-r06:016296.730: log(norms):     [3074.99, 3077.31, 3077.38, 3077.45, 3077.37, 3077.31, 3077.53, 3077.58, 3077.4, 3077.46]
exp063-n3072-k12-d250-bs60-f1.000-r06:016296.756: (1867 sec)
exp063-n3072-k12-d250-bs60-f1.000-r06:016296.756: Loop 5/100
exp063-n3072-k12-d250-bs60-f1.000-r06:018121.665: log(exp-norms): [3072.0, 3074.2, 3073.65]
exp063-n3072-k12-d250-bs60-f1.000-r06:018121.665: log(norms):     [3074.99, 3076.89, 3076.96, 3077.05, 3076.98, 3077.02, 3077.26, 3077.12, 3077.0, 3077.11]
exp063-n3072-k12-d250-bs60-f1.000-r06:018121.691: (1825 sec)
exp063-n3072-k12-d250-bs60-f1.000-r06:018121.691: Loop 6/100
exp063-n3072-k12-d250-bs60-f1.000-r06:019926.343: log(exp-norms): [3072.0, 3074.2, 3073.65]
exp063-n3072-k12-d250-bs60-f1.000-r06:019926.343: log(norms):     [3074.99, 3076.71, 3076.75, 3076.84, 3076.79, 3076.95, 3076.8, 3076.81, 3076.78, 3076.99]
exp063-n3072-k12-d250-bs60-f1.000-r06:019926.369: (1805 sec)
exp063-n3072-k12-d250-bs60-f1.000-r06:019926.370: Loop 7/100
exp063-n3072-k12-d250-bs60-f1.000-r06:021710.487: log(exp-norms): [3072.0, 3074.2, 3073.65]
exp063-n3072-k12-d250-bs60-f1.000-r06:021710.487: log(norms):     [3074.99, 3076.51, 3076.54, 3076.55, 3076.65, 3076.67, 3076.54, 3076.69, 3076.61, 3076.67]
exp063-n3072-k12-d250-bs60-f1.000-r06:021710.514: (1785 sec)
exp063-n3072-k12-d250-bs60-f1.000-r06:021710.514: Loop 8/100
exp063-n3072-k12-d250-bs60-f1.000-r06:023460.565: log(exp-norms): [3072.0, 3074.2, 3073.65]
exp063-n3072-k12-d250-bs60-f1.000-r06:023460.566: log(norms):     [3074.99, 3076.16, 3076.37, 3076.36, 3076.43, 3076.39, 3076.5, 3076.59, 3076.5, 3076.5]
exp063-n3072-k12-d250-bs60-f1.000-r06:023460.591: (1751 sec)
exp063-n3072-k12-d250-bs60-f1.000-r06:023460.592: Loop 9/100
exp063-n3072-k12-d250-bs60-f1.000-r06:025204.074: log(exp-norms): [3072.0, 3074.2, 3073.65]
exp063-n3072-k12-d250-bs60-f1.000-r06:025204.074: log(norms):     [3074.99, 3076.16, 3076.22, 3076.23, 3076.26, 3076.25, 3076.38, 3076.4, 3076.38, 3076.49]
exp063-n3072-k12-d250-bs60-f1.000-r06:025204.100: (1744 sec)
exp063-n3072-k12-d250-bs60-f1.000-r06:025204.101: Loop 10/100
exp063-n3072-k12-d250-bs60-f1.000-r06:026938.909: log(exp-norms): [3072.0, 3074.2, 3073.65]
exp063-n3072-k12-d250-bs60-f1.000-r06:026938.910: log(norms):     [3074.99, 3076.16, 3076.26, 3076.28, 3076.25, 3076.26, 3076.23, 3076.38, 3076.23, 3076.25]
exp063-n3072-k12-d250-bs60-f1.000-r06:026938.936: (1735 sec)
exp063-n3072-k12-d250-bs60-f1.000-r06:026938.936: Loop 11/100
exp063-n3072-k12-d250-bs60-f1.000-r06:028697.969: log(exp-norms): [3072.0, 3074.2, 3073.65]
exp063-n3072-k12-d250-bs60-f1.000-r06:028697.969: log(norms):     [3074.99, 3076.16, 3076.13, 3076.3, 3076.29, 3076.23, 3076.17, 3076.31, 3076.16, 3076.38]
exp063-n3072-k12-d250-bs60-f1.000-r06:028697.995: (1760 sec)
exp063-n3072-k12-d250-bs60-f1.000-r06:028697.995: Loop 12/100
exp063-n3072-k12-d250-bs60-f1.000-r06:030447.246: log(exp-norms): [3072.0, 3074.2, 3073.65]
exp063-n3072-k12-d250-bs60-f1.000-r06:030447.246: log(norms):     [3074.99, 3076.07, 3076.04, 3076.07, 3076.11, 3076.24, 3076.23, 3076.36, 3076.38, 3076.09]
exp063-n3072-k12-d250-bs60-f1.000-r06:030447.272: (1750 sec)
exp063-n3072-k12-d250-bs60-f1.000-r06:030447.272: Loop 13/100
exp063-n3072-k12-d250-bs60-f1.000-r06:032172.330: log(exp-norms): [3072.0, 3074.2, 3073.65]
exp063-n3072-k12-d250-bs60-f1.000-r06:032172.330: log(norms):     [3074.99, 3076.02, 3076.09, 3076.07, 3076.18, 3076.22, 3076.08, 3076.18, 3076.13, 3076.19]
exp063-n3072-k12-d250-bs60-f1.000-r06:032172.356: (1726 sec)
exp063-n3072-k12-d250-bs60-f1.000-r06:032172.356: Loop 14/100
exp063-n3072-k12-d250-bs60-f1.000-r06:033896.034: log(exp-norms): [3072.0, 3074.2, 3073.65]
exp063-n3072-k12-d250-bs60-f1.000-r06:033896.034: log(norms):     [3074.99, 3076.02, 3076.09, 3076.11, 3075.98, 3076.23, 3076.04, 3076.03, 3076.13, 3076.19]
exp063-n3072-k12-d250-bs60-f1.000-r06:033896.060: (1724 sec)
exp063-n3072-k12-d250-bs60-f1.000-r06:033896.060: Loop 15/100
exp063-n3072-k12-d250-bs60-f1.000-r06:035649.365: log(exp-norms): [3072.0, 3074.2, 3073.65]
exp063-n3072-k12-d250-bs60-f1.000-r06:035649.366: log(norms):     [3074.99, 3075.98, 3076.03, 3076.07, 3076.19, 3076.22, 3076.01, 3076.17, 3076.14, 3076.15]
exp063-n3072-k12-d250-bs60-f1.000-r06:035649.392: (1754 sec)
exp063-n3072-k12-d250-bs60-f1.000-r06:035649.392: Loop 16/100
exp063-n3072-k12-d250-bs60-f1.000-r06:037401.123: log(exp-norms): [3072.0, 3074.2, 3073.65]
exp063-n3072-k12-d250-bs60-f1.000-r06:037401.123: log(norms):     [3074.99, 3075.98, 3076.03, 3076.07, 3076.19, 3076.17, 3076.03, 3076.15, 3076.14, 3076.13]
exp063-n3072-k12-d250-bs60-f1.000-r06:037401.149: (1752 sec)
exp063-n3072-k12-d250-bs60-f1.000-r06:037401.149: Loop 17/100
exp063-n3072-k12-d250-bs60-f1.000-r06:039114.823: log(exp-norms): [3072.0, 3074.2, 3073.65]
exp063-n3072-k12-d250-bs60-f1.000-r06:039114.824: log(norms):     [3074.99, 3075.98, 3076.03, 3076.13, 3076.01, 3076.07, 3076.13, 3076.02, 3076.0, 3076.18]
exp063-n3072-k12-d250-bs60-f1.000-r06:039114.851: (1714 sec)
exp063-n3072-k12-d250-bs60-f1.000-r06:039114.851: Loop 18/100
exp063-n3072-k12-d250-bs60-f1.000-r06:040861.618: log(exp-norms): [3072.0, 3074.2, 3073.65]
exp063-n3072-k12-d250-bs60-f1.000-r06:040861.618: log(norms):     [3074.99, 3075.98, 3076.03, 3076.13, 3076.03, 3076.08, 3076.01, 3076.13, 3075.97, 3076.01]
exp063-n3072-k12-d250-bs60-f1.000-r06:040861.644: (1747 sec)
exp063-n3072-k12-d250-bs60-f1.000-r06:040861.645: Loop 19/100
exp063-n3072-k12-d250-bs60-f1.000-r06:042615.119: log(exp-norms): [3072.0, 3074.2, 3073.65]
exp063-n3072-k12-d250-bs60-f1.000-r06:042615.120: log(norms):     [3074.99, 3075.71, 3075.94, 3076.15, 3076.03, 3075.97, 3076.19, 3076.28, 3076.17, 3076.01]
exp063-n3072-k12-d250-bs60-f1.000-r06:042615.146: (1754 sec)
exp063-n3072-k12-d250-bs60-f1.000-r06:042615.146: Loop 20/100
exp063-n3072-k12-d250-bs60-f1.000-r06:044337.855: log(exp-norms): [3072.0, 3074.2, 3073.65]
exp063-n3072-k12-d250-bs60-f1.000-r06:044337.855: log(norms):     [3074.99, 3075.71, 3075.97, 3076.03, 3075.96, 3076.12, 3076.07, 3076.12, 3076.01, 3076.23]
exp063-n3072-k12-d250-bs60-f1.000-r06:044337.881: (1723 sec)
exp063-n3072-k12-d250-bs60-f1.000-r06:044337.882: Loop 21/100
exp063-n3072-k12-d250-bs60-f1.000-r06:046081.059: log(exp-norms): [3072.0, 3074.2, 3073.65]
exp063-n3072-k12-d250-bs60-f1.000-r06:046081.059: log(norms):     [3074.99, 3075.71, 3075.97, 3076.03, 3075.91, 3075.96, 3076.01, 3076.1, 3076.06, 3076.25]
exp063-n3072-k12-d250-bs60-f1.000-r06:046081.085: (1744 sec)
exp063-n3072-k12-d250-bs60-f1.000-r06:046081.086: Loop 22/100
