exp055-n3072-k12-d250-bs60-f1.000-r06:000000.452: ==========================Instance==========================
exp055-n3072-k12-d250-bs60-f1.000-r06:000000.453: # of equations: 250
exp055-n3072-k12-d250-bs60-f1.000-r06:000000.460: Gap: 0.68
exp055-n3072-k12-d250-bs60-f1.000-r06:000000.477: Tau: 0.12
exp055-n3072-k12-d250-bs60-f1.000-r06:000000.478: ======================BKZ-60 reduction======================
exp055-n3072-k12-d250-bs60-f1.000-r06:000008.224: Expectedly achievable log(norm): 3075.85
exp055-n3072-k12-d250-bs60-f1.000-r06:000015.950: log(exp-norms): [3072.0, 3074.2, 3073.65]
exp055-n3072-k12-d250-bs60-f1.000-r06:000015.951: log(norms):     [3087.1, 3074.99, 3084.0, 3084.0, 3084.0, 3084.0, 3084.0, 3084.0, 3084.0, 3084.0]
exp055-n3072-k12-d250-bs60-f1.000-r06:000016.053: Loop 1/100
exp055-n3072-k12-d250-bs60-f1.000-r06:011787.434: log(exp-norms): [3072.0, 3074.2, 3073.65]
exp055-n3072-k12-d250-bs60-f1.000-r06:011787.434: log(norms):     [3074.99, 3078.84, 3078.93, 3078.9, 3078.9, 3078.95, 3078.7, 3078.91, 3079.01, 3079.1]
exp055-n3072-k12-d250-bs60-f1.000-r06:011787.462: (11772 sec)
exp055-n3072-k12-d250-bs60-f1.000-r06:011787.462: Loop 2/100
exp055-n3072-k12-d250-bs60-f1.000-r06:014489.487: log(exp-norms): [3072.0, 3074.2, 3073.65]
exp055-n3072-k12-d250-bs60-f1.000-r06:014489.488: log(norms):     [3074.99, 3078.14, 3078.16, 3078.32, 3078.27, 3078.25, 3078.39, 3078.4, 3078.33, 3078.31]
exp055-n3072-k12-d250-bs60-f1.000-r06:014489.531: (2703 sec)
exp055-n3072-k12-d250-bs60-f1.000-r06:014489.532: Loop 3/100
exp055-n3072-k12-d250-bs60-f1.000-r06:016546.870: log(exp-norms): [3072.0, 3074.2, 3073.65]
exp055-n3072-k12-d250-bs60-f1.000-r06:016546.871: log(norms):     [3074.99, 3077.57, 3077.69, 3077.64, 3077.72, 3077.74, 3077.73, 3077.87, 3077.86, 3077.81]
exp055-n3072-k12-d250-bs60-f1.000-r06:016546.899: (2058 sec)
exp055-n3072-k12-d250-bs60-f1.000-r06:016546.899: Loop 4/100
exp055-n3072-k12-d250-bs60-f1.000-r06:018550.488: log(exp-norms): [3072.0, 3074.2, 3073.65]
exp055-n3072-k12-d250-bs60-f1.000-r06:018550.489: log(norms):     [3074.99, 3077.31, 3077.38, 3077.45, 3077.37, 3077.31, 3077.53, 3077.58, 3077.4, 3077.46]
exp055-n3072-k12-d250-bs60-f1.000-r06:018550.515: (2004 sec)
exp055-n3072-k12-d250-bs60-f1.000-r06:018550.515: Loop 5/100
exp055-n3072-k12-d250-bs60-f1.000-r06:020375.687: log(exp-norms): [3072.0, 3074.2, 3073.65]
exp055-n3072-k12-d250-bs60-f1.000-r06:020375.688: log(norms):     [3074.99, 3076.89, 3076.96, 3077.05, 3076.98, 3077.02, 3077.26, 3077.12, 3077.0, 3077.11]
exp055-n3072-k12-d250-bs60-f1.000-r06:020375.714: (1826 sec)
exp055-n3072-k12-d250-bs60-f1.000-r06:020375.714: Loop 6/100
exp055-n3072-k12-d250-bs60-f1.000-r06:022162.025: log(exp-norms): [3072.0, 3074.2, 3073.65]
exp055-n3072-k12-d250-bs60-f1.000-r06:022162.026: log(norms):     [3074.99, 3076.71, 3076.75, 3076.84, 3076.79, 3076.95, 3076.8, 3076.81, 3076.78, 3076.99]
exp055-n3072-k12-d250-bs60-f1.000-r06:022162.052: (1787 sec)
exp055-n3072-k12-d250-bs60-f1.000-r06:022162.052: Loop 7/100
exp055-n3072-k12-d250-bs60-f1.000-r06:023917.956: log(exp-norms): [3072.0, 3074.2, 3073.65]
exp055-n3072-k12-d250-bs60-f1.000-r06:023917.956: log(norms):     [3074.99, 3076.51, 3076.54, 3076.55, 3076.65, 3076.67, 3076.54, 3076.69, 3076.61, 3076.67]
exp055-n3072-k12-d250-bs60-f1.000-r06:023917.982: (1756 sec)
exp055-n3072-k12-d250-bs60-f1.000-r06:023917.982: Loop 8/100
exp055-n3072-k12-d250-bs60-f1.000-r06:025645.660: log(exp-norms): [3072.0, 3074.2, 3073.65]
exp055-n3072-k12-d250-bs60-f1.000-r06:025645.661: log(norms):     [3074.99, 3076.16, 3076.37, 3076.36, 3076.43, 3076.39, 3076.5, 3076.59, 3076.5, 3076.5]
exp055-n3072-k12-d250-bs60-f1.000-r06:025645.686: (1728 sec)
exp055-n3072-k12-d250-bs60-f1.000-r06:025645.687: Loop 9/100
exp055-n3072-k12-d250-bs60-f1.000-r06:027364.705: log(exp-norms): [3072.0, 3074.2, 3073.65]
exp055-n3072-k12-d250-bs60-f1.000-r06:027364.705: log(norms):     [3074.99, 3076.16, 3076.22, 3076.23, 3076.26, 3076.25, 3076.38, 3076.4, 3076.38, 3076.49]
exp055-n3072-k12-d250-bs60-f1.000-r06:027364.731: (1720 sec)
exp055-n3072-k12-d250-bs60-f1.000-r06:027364.732: Loop 10/100
exp055-n3072-k12-d250-bs60-f1.000-r06:029074.000: log(exp-norms): [3072.0, 3074.2, 3073.65]
exp055-n3072-k12-d250-bs60-f1.000-r06:029074.001: log(norms):     [3074.99, 3076.16, 3076.26, 3076.28, 3076.25, 3076.26, 3076.23, 3076.38, 3076.23, 3076.25]
exp055-n3072-k12-d250-bs60-f1.000-r06:029074.027: (1710 sec)
exp055-n3072-k12-d250-bs60-f1.000-r06:029074.027: Loop 11/100
exp055-n3072-k12-d250-bs60-f1.000-r06:030811.579: log(exp-norms): [3072.0, 3074.2, 3073.65]
exp055-n3072-k12-d250-bs60-f1.000-r06:030811.580: log(norms):     [3074.99, 3076.16, 3076.13, 3076.3, 3076.29, 3076.23, 3076.17, 3076.31, 3076.16, 3076.38]
exp055-n3072-k12-d250-bs60-f1.000-r06:030811.606: (1738 sec)
exp055-n3072-k12-d250-bs60-f1.000-r06:030811.606: Loop 12/100
exp055-n3072-k12-d250-bs60-f1.000-r06:032544.522: log(exp-norms): [3072.0, 3074.2, 3073.65]
exp055-n3072-k12-d250-bs60-f1.000-r06:032544.522: log(norms):     [3074.99, 3076.07, 3076.04, 3076.07, 3076.11, 3076.24, 3076.23, 3076.36, 3076.38, 3076.09]
exp055-n3072-k12-d250-bs60-f1.000-r06:032544.548: (1733 sec)
exp055-n3072-k12-d250-bs60-f1.000-r06:032544.548: Loop 13/100
exp055-n3072-k12-d250-bs60-f1.000-r06:034252.398: log(exp-norms): [3072.0, 3074.2, 3073.65]
exp055-n3072-k12-d250-bs60-f1.000-r06:034252.398: log(norms):     [3074.99, 3076.02, 3076.09, 3076.07, 3076.18, 3076.22, 3076.08, 3076.18, 3076.13, 3076.19]
exp055-n3072-k12-d250-bs60-f1.000-r06:034252.424: (1708 sec)
exp055-n3072-k12-d250-bs60-f1.000-r06:034252.424: Loop 14/100
exp055-n3072-k12-d250-bs60-f1.000-r06:035955.932: log(exp-norms): [3072.0, 3074.2, 3073.65]
exp055-n3072-k12-d250-bs60-f1.000-r06:035955.933: log(norms):     [3074.99, 3076.02, 3076.09, 3076.11, 3075.98, 3076.23, 3076.04, 3076.03, 3076.13, 3076.19]
exp055-n3072-k12-d250-bs60-f1.000-r06:035955.958: (1704 sec)
exp055-n3072-k12-d250-bs60-f1.000-r06:035955.959: Loop 15/100
exp055-n3072-k12-d250-bs60-f1.000-r06:037688.642: log(exp-norms): [3072.0, 3074.2, 3073.65]
exp055-n3072-k12-d250-bs60-f1.000-r06:037688.643: log(norms):     [3074.99, 3075.98, 3076.03, 3076.07, 3076.19, 3076.22, 3076.01, 3076.17, 3076.14, 3076.15]
exp055-n3072-k12-d250-bs60-f1.000-r06:037688.669: (1733 sec)
exp055-n3072-k12-d250-bs60-f1.000-r06:037688.669: Loop 16/100
exp055-n3072-k12-d250-bs60-f1.000-r06:039421.478: log(exp-norms): [3072.0, 3074.2, 3073.65]
exp055-n3072-k12-d250-bs60-f1.000-r06:039421.479: log(norms):     [3074.99, 3075.98, 3076.03, 3076.07, 3076.19, 3076.17, 3076.03, 3076.15, 3076.14, 3076.13]
exp055-n3072-k12-d250-bs60-f1.000-r06:039421.505: (1733 sec)
exp055-n3072-k12-d250-bs60-f1.000-r06:039421.505: Loop 17/100
exp055-n3072-k12-d250-bs60-f1.000-r06:041120.217: log(exp-norms): [3072.0, 3074.2, 3073.65]
exp055-n3072-k12-d250-bs60-f1.000-r06:041120.218: log(norms):     [3074.99, 3075.98, 3076.03, 3076.13, 3076.01, 3076.07, 3076.13, 3076.02, 3076.0, 3076.18]
exp055-n3072-k12-d250-bs60-f1.000-r06:041120.244: (1699 sec)
exp055-n3072-k12-d250-bs60-f1.000-r06:041120.244: Loop 18/100
exp055-n3072-k12-d250-bs60-f1.000-r06:042851.235: log(exp-norms): [3072.0, 3074.2, 3073.65]
exp055-n3072-k12-d250-bs60-f1.000-r06:042851.236: log(norms):     [3074.99, 3075.98, 3076.03, 3076.13, 3076.03, 3076.08, 3076.01, 3076.13, 3075.97, 3076.01]
exp055-n3072-k12-d250-bs60-f1.000-r06:042851.262: (1732 sec)
exp055-n3072-k12-d250-bs60-f1.000-r06:042851.262: Loop 19/100
exp055-n3072-k12-d250-bs60-f1.000-r06:044586.183: log(exp-norms): [3072.0, 3074.2, 3073.65]
exp055-n3072-k12-d250-bs60-f1.000-r06:044586.184: log(norms):     [3074.99, 3075.71, 3075.94, 3076.15, 3076.03, 3075.97, 3076.19, 3076.28, 3076.17, 3076.01]
exp055-n3072-k12-d250-bs60-f1.000-r06:044586.210: (1735 sec)
exp055-n3072-k12-d250-bs60-f1.000-r06:044586.210: Loop 20/100
exp055-n3072-k12-d250-bs60-f1.000-r06:046294.923: log(exp-norms): [3072.0, 3074.2, 3073.65]
exp055-n3072-k12-d250-bs60-f1.000-r06:046294.924: log(norms):     [3074.99, 3075.71, 3075.97, 3076.03, 3075.96, 3076.12, 3076.07, 3076.12, 3076.01, 3076.23]
exp055-n3072-k12-d250-bs60-f1.000-r06:046294.950: (1709 sec)
exp055-n3072-k12-d250-bs60-f1.000-r06:046294.950: Loop 21/100
exp055-n3072-k12-d250-bs60-f1.000-r06:048022.407: log(exp-norms): [3072.0, 3074.2, 3073.65]
exp055-n3072-k12-d250-bs60-f1.000-r06:048022.408: log(norms):     [3074.99, 3075.71, 3075.97, 3076.03, 3075.91, 3075.96, 3076.01, 3076.1, 3076.06, 3076.25]
exp055-n3072-k12-d250-bs60-f1.000-r06:048022.434: (1728 sec)
exp055-n3072-k12-d250-bs60-f1.000-r06:048022.434: Loop 22/100
exp055-n3072-k12-d250-bs60-f1.000-r06:049723.761: log(exp-norms): [3072.0, 3074.2, 3073.65]
exp055-n3072-k12-d250-bs60-f1.000-r06:049723.762: log(norms):     [3074.99, 3075.71, 3075.97, 3076.03, 3075.98, 3076.01, 3075.99, 3076.25, 3076.08, 3076.15]
exp055-n3072-k12-d250-bs60-f1.000-r06:049723.787: (1702 sec)
exp055-n3072-k12-d250-bs60-f1.000-r06:049723.788: Loop 23/100
exp055-n3072-k12-d250-bs60-f1.000-r06:051439.513: log(exp-norms): [3072.0, 3074.2, 3073.65]
exp055-n3072-k12-d250-bs60-f1.000-r06:051439.514: log(norms):     [3074.99, 3075.71, 3075.98, 3076.04, 3075.99, 3076.03, 3075.97, 3076.06, 3076.27, 3075.97]
exp055-n3072-k12-d250-bs60-f1.000-r06:051439.540: (1716 sec)
exp055-n3072-k12-d250-bs60-f1.000-r06:051439.540: Loop 24/100
exp055-n3072-k12-d250-bs60-f1.000-r06:053143.702: log(exp-norms): [3072.0, 3074.2, 3073.65]
exp055-n3072-k12-d250-bs60-f1.000-r06:053143.702: log(norms):     [3074.99, 3075.71, 3075.98, 3076.04, 3075.99, 3076.03, 3075.97, 3076.08, 3076.06, 3076.05]
exp055-n3072-k12-d250-bs60-f1.000-r06:053143.728: (1705 sec)
exp055-n3072-k12-d250-bs60-f1.000-r06:053143.729: Loop 25/100
exp055-n3072-k12-d250-bs60-f1.000-r06:054899.117: log(exp-norms): [3072.0, 3074.2, 3073.65]
exp055-n3072-k12-d250-bs60-f1.000-r06:054899.118: log(norms):     [3074.99, 3075.71, 3075.82, 3076.04, 3075.98, 3076.05, 3075.99, 3076.19, 3076.03, 3076.21]
exp055-n3072-k12-d250-bs60-f1.000-r06:054899.144: (1756 sec)
exp055-n3072-k12-d250-bs60-f1.000-r06:054899.145: Loop 26/100
exp055-n3072-k12-d250-bs60-f1.000-r06:056618.188: log(exp-norms): [3072.0, 3074.2, 3073.65]
exp055-n3072-k12-d250-bs60-f1.000-r06:056618.188: log(norms):     [3074.99, 3075.71, 3075.82, 3076.04, 3075.97, 3075.9, 3075.98, 3075.85, 3076.13, 3076.0]
exp055-n3072-k12-d250-bs60-f1.000-r06:056618.215: (1720 sec)
exp055-n3072-k12-d250-bs60-f1.000-r06:056618.215: Loop 27/100
exp055-n3072-k12-d250-bs60-f1.000-r06:058282.113: log(exp-norms): [3072.0, 3074.2, 3073.65]
exp055-n3072-k12-d250-bs60-f1.000-r06:058282.114: log(norms):     [3074.99, 3075.71, 3075.82, 3075.85, 3076.04, 3075.98, 3075.95, 3076.13, 3076.0, 3075.97]
exp055-n3072-k12-d250-bs60-f1.000-r06:058282.140: (1664 sec)
exp055-n3072-k12-d250-bs60-f1.000-r06:058282.140: Loop 28/100
exp055-n3072-k12-d250-bs60-f1.000-r06:059935.629: log(exp-norms): [3072.0, 3074.2, 3073.65]
exp055-n3072-k12-d250-bs60-f1.000-r06:059935.629: log(norms):     [3074.99, 3075.71, 3075.82, 3075.85, 3076.04, 3075.98, 3075.95, 3076.18, 3076.13, 3076.0]
exp055-n3072-k12-d250-bs60-f1.000-r06:059935.655: (1654 sec)
exp055-n3072-k12-d250-bs60-f1.000-r06:059935.655: Loop 29/100
exp055-n3072-k12-d250-bs60-f1.000-r06:061627.740: log(exp-norms): [3072.0, 3074.2, 3073.65]
exp055-n3072-k12-d250-bs60-f1.000-r06:061627.740: log(norms):     [3074.99, 3075.71, 3075.82, 3075.85, 3076.04, 3076.01, 3075.98, 3075.9, 3076.1, 3075.95]
exp055-n3072-k12-d250-bs60-f1.000-r06:061627.767: (1693 sec)
exp055-n3072-k12-d250-bs60-f1.000-r06:061627.767: Loop 30/100
