exp062-n3072-k12-d250-bs60-f1.000-r05:000000.453: ==========================Instance==========================
exp062-n3072-k12-d250-bs60-f1.000-r05:000000.453: # of equations: 250
exp062-n3072-k12-d250-bs60-f1.000-r05:000000.461: Gap: 0.68
exp062-n3072-k12-d250-bs60-f1.000-r05:000000.479: Tau: 0.12
exp062-n3072-k12-d250-bs60-f1.000-r05:000000.480: ======================BKZ-60 reduction======================
exp062-n3072-k12-d250-bs60-f1.000-r05:000008.822: Expectedly achievable log(norm): 3075.85
exp062-n3072-k12-d250-bs60-f1.000-r05:000017.392: log(exp-norms): [3072.0, 3074.2, 3073.65]
exp062-n3072-k12-d250-bs60-f1.000-r05:000017.392: log(norms):     [3087.1, 3074.99, 3084.0, 3084.0, 3084.0, 3084.0, 3084.0, 3084.0, 3084.0, 3084.0]
exp062-n3072-k12-d250-bs60-f1.000-r05:000017.491: Loop 1/100
exp062-n3072-k12-d250-bs60-f1.000-r05:010190.943: log(exp-norms): [3072.0, 3074.2, 3073.65]
exp062-n3072-k12-d250-bs60-f1.000-r05:010190.943: log(norms):     [3074.99, 3078.84, 3078.93, 3078.9, 3078.9, 3078.95, 3078.7, 3078.91, 3079.01, 3079.1]
exp062-n3072-k12-d250-bs60-f1.000-r05:010190.970: (10174 sec)
exp062-n3072-k12-d250-bs60-f1.000-r05:010190.970: Loop 2/100
exp062-n3072-k12-d250-bs60-f1.000-r05:012170.045: log(exp-norms): [3072.0, 3074.2, 3073.65]
exp062-n3072-k12-d250-bs60-f1.000-r05:012170.045: log(norms):     [3074.99, 3078.14, 3078.16, 3078.32, 3078.27, 3078.25, 3078.39, 3078.4, 3078.33, 3078.31]
exp062-n3072-k12-d250-bs60-f1.000-r05:012170.071: (1980 sec)
exp062-n3072-k12-d250-bs60-f1.000-r05:012170.072: Loop 3/100
exp062-n3072-k12-d250-bs60-f1.000-r05:014077.666: log(exp-norms): [3072.0, 3074.2, 3073.65]
exp062-n3072-k12-d250-bs60-f1.000-r05:014077.667: log(norms):     [3074.99, 3077.57, 3077.69, 3077.64, 3077.72, 3077.74, 3077.73, 3077.87, 3077.86, 3077.81]
exp062-n3072-k12-d250-bs60-f1.000-r05:014077.693: (1908 sec)
exp062-n3072-k12-d250-bs60-f1.000-r05:014077.693: Loop 4/100
exp062-n3072-k12-d250-bs60-f1.000-r05:015946.568: log(exp-norms): [3072.0, 3074.2, 3073.65]
exp062-n3072-k12-d250-bs60-f1.000-r05:015946.569: log(norms):     [3074.99, 3077.31, 3077.38, 3077.45, 3077.37, 3077.31, 3077.53, 3077.58, 3077.4, 3077.46]
exp062-n3072-k12-d250-bs60-f1.000-r05:015946.594: (1869 sec)
exp062-n3072-k12-d250-bs60-f1.000-r05:015946.595: Loop 5/100
exp062-n3072-k12-d250-bs60-f1.000-r05:017774.707: log(exp-norms): [3072.0, 3074.2, 3073.65]
exp062-n3072-k12-d250-bs60-f1.000-r05:017774.708: log(norms):     [3074.99, 3076.89, 3076.96, 3077.05, 3076.98, 3077.02, 3077.26, 3077.12, 3077.0, 3077.11]
exp062-n3072-k12-d250-bs60-f1.000-r05:017774.733: (1829 sec)
exp062-n3072-k12-d250-bs60-f1.000-r05:017774.734: Loop 6/100
exp062-n3072-k12-d250-bs60-f1.000-r05:019581.752: log(exp-norms): [3072.0, 3074.2, 3073.65]
exp062-n3072-k12-d250-bs60-f1.000-r05:019581.753: log(norms):     [3074.99, 3076.71, 3076.75, 3076.84, 3076.79, 3076.95, 3076.8, 3076.81, 3076.78, 3076.99]
exp062-n3072-k12-d250-bs60-f1.000-r05:019581.780: (1808 sec)
exp062-n3072-k12-d250-bs60-f1.000-r05:019581.780: Loop 7/100
exp062-n3072-k12-d250-bs60-f1.000-r05:021361.470: log(exp-norms): [3072.0, 3074.2, 3073.65]
exp062-n3072-k12-d250-bs60-f1.000-r05:021361.470: log(norms):     [3074.99, 3076.51, 3076.54, 3076.55, 3076.65, 3076.67, 3076.54, 3076.69, 3076.61, 3076.67]
exp062-n3072-k12-d250-bs60-f1.000-r05:021361.497: (1780 sec)
exp062-n3072-k12-d250-bs60-f1.000-r05:021361.497: Loop 8/100
exp062-n3072-k12-d250-bs60-f1.000-r05:023105.603: log(exp-norms): [3072.0, 3074.2, 3073.65]
exp062-n3072-k12-d250-bs60-f1.000-r05:023105.603: log(norms):     [3074.99, 3076.16, 3076.37, 3076.36, 3076.43, 3076.39, 3076.5, 3076.59, 3076.5, 3076.5]
exp062-n3072-k12-d250-bs60-f1.000-r05:023105.629: (1745 sec)
exp062-n3072-k12-d250-bs60-f1.000-r05:023105.630: Loop 9/100
exp062-n3072-k12-d250-bs60-f1.000-r05:024843.219: log(exp-norms): [3072.0, 3074.2, 3073.65]
exp062-n3072-k12-d250-bs60-f1.000-r05:024843.219: log(norms):     [3074.99, 3076.16, 3076.22, 3076.23, 3076.26, 3076.25, 3076.38, 3076.4, 3076.38, 3076.49]
exp062-n3072-k12-d250-bs60-f1.000-r05:024843.246: (1738 sec)
exp062-n3072-k12-d250-bs60-f1.000-r05:024843.246: Loop 10/100
exp062-n3072-k12-d250-bs60-f1.000-r05:026571.510: log(exp-norms): [3072.0, 3074.2, 3073.65]
exp062-n3072-k12-d250-bs60-f1.000-r05:026571.511: log(norms):     [3074.99, 3076.16, 3076.26, 3076.28, 3076.25, 3076.26, 3076.23, 3076.38, 3076.23, 3076.25]
exp062-n3072-k12-d250-bs60-f1.000-r05:026571.537: (1729 sec)
exp062-n3072-k12-d250-bs60-f1.000-r05:026571.537: Loop 11/100
exp062-n3072-k12-d250-bs60-f1.000-r05:028326.286: log(exp-norms): [3072.0, 3074.2, 3073.65]
exp062-n3072-k12-d250-bs60-f1.000-r05:028326.287: log(norms):     [3074.99, 3076.16, 3076.13, 3076.3, 3076.29, 3076.23, 3076.17, 3076.31, 3076.16, 3076.38]
exp062-n3072-k12-d250-bs60-f1.000-r05:028326.314: (1755 sec)
exp062-n3072-k12-d250-bs60-f1.000-r05:028326.314: Loop 12/100
exp062-n3072-k12-d250-bs60-f1.000-r05:030076.740: log(exp-norms): [3072.0, 3074.2, 3073.65]
exp062-n3072-k12-d250-bs60-f1.000-r05:030076.740: log(norms):     [3074.99, 3076.07, 3076.04, 3076.07, 3076.11, 3076.24, 3076.23, 3076.36, 3076.38, 3076.09]
exp062-n3072-k12-d250-bs60-f1.000-r05:030076.766: (1751 sec)
exp062-n3072-k12-d250-bs60-f1.000-r05:030076.767: Loop 13/100
exp062-n3072-k12-d250-bs60-f1.000-r05:031797.793: log(exp-norms): [3072.0, 3074.2, 3073.65]
exp062-n3072-k12-d250-bs60-f1.000-r05:031797.793: log(norms):     [3074.99, 3076.02, 3076.09, 3076.07, 3076.18, 3076.22, 3076.08, 3076.18, 3076.13, 3076.19]
exp062-n3072-k12-d250-bs60-f1.000-r05:031797.819: (1722 sec)
exp062-n3072-k12-d250-bs60-f1.000-r05:031797.820: Loop 14/100
exp062-n3072-k12-d250-bs60-f1.000-r05:033522.111: log(exp-norms): [3072.0, 3074.2, 3073.65]
exp062-n3072-k12-d250-bs60-f1.000-r05:033522.111: log(norms):     [3074.99, 3076.02, 3076.09, 3076.11, 3075.98, 3076.23, 3076.04, 3076.03, 3076.13, 3076.19]
exp062-n3072-k12-d250-bs60-f1.000-r05:033522.137: (1725 sec)
exp062-n3072-k12-d250-bs60-f1.000-r05:033522.137: Loop 15/100
exp062-n3072-k12-d250-bs60-f1.000-r05:035272.166: log(exp-norms): [3072.0, 3074.2, 3073.65]
exp062-n3072-k12-d250-bs60-f1.000-r05:035272.167: log(norms):     [3074.99, 3075.98, 3076.03, 3076.07, 3076.19, 3076.22, 3076.01, 3076.17, 3076.14, 3076.15]
exp062-n3072-k12-d250-bs60-f1.000-r05:035272.193: (1751 sec)
exp062-n3072-k12-d250-bs60-f1.000-r05:035272.193: Loop 16/100
exp062-n3072-k12-d250-bs60-f1.000-r05:037022.241: log(exp-norms): [3072.0, 3074.2, 3073.65]
exp062-n3072-k12-d250-bs60-f1.000-r05:037022.242: log(norms):     [3074.99, 3075.98, 3076.03, 3076.07, 3076.19, 3076.17, 3076.03, 3076.15, 3076.14, 3076.13]
exp062-n3072-k12-d250-bs60-f1.000-r05:037022.268: (1751 sec)
exp062-n3072-k12-d250-bs60-f1.000-r05:037022.268: Loop 17/100
exp062-n3072-k12-d250-bs60-f1.000-r05:038731.431: log(exp-norms): [3072.0, 3074.2, 3073.65]
exp062-n3072-k12-d250-bs60-f1.000-r05:038731.431: log(norms):     [3074.99, 3075.98, 3076.03, 3076.13, 3076.01, 3076.07, 3076.13, 3076.02, 3076.0, 3076.18]
exp062-n3072-k12-d250-bs60-f1.000-r05:038731.457: (1710 sec)
exp062-n3072-k12-d250-bs60-f1.000-r05:038731.457: Loop 18/100
exp062-n3072-k12-d250-bs60-f1.000-r05:040476.358: log(exp-norms): [3072.0, 3074.2, 3073.65]
exp062-n3072-k12-d250-bs60-f1.000-r05:040476.358: log(norms):     [3074.99, 3075.98, 3076.03, 3076.13, 3076.03, 3076.08, 3076.01, 3076.13, 3075.97, 3076.01]
exp062-n3072-k12-d250-bs60-f1.000-r05:040476.384: (1745 sec)
exp062-n3072-k12-d250-bs60-f1.000-r05:040476.385: Loop 19/100
exp062-n3072-k12-d250-bs60-f1.000-r05:042226.285: log(exp-norms): [3072.0, 3074.2, 3073.65]
exp062-n3072-k12-d250-bs60-f1.000-r05:042226.286: log(norms):     [3074.99, 3075.71, 3075.94, 3076.15, 3076.03, 3075.97, 3076.19, 3076.28, 3076.17, 3076.01]
exp062-n3072-k12-d250-bs60-f1.000-r05:042226.312: (1750 sec)
exp062-n3072-k12-d250-bs60-f1.000-r05:042226.312: Loop 20/100
exp062-n3072-k12-d250-bs60-f1.000-r05:043946.936: log(exp-norms): [3072.0, 3074.2, 3073.65]
exp062-n3072-k12-d250-bs60-f1.000-r05:043946.937: log(norms):     [3074.99, 3075.71, 3075.97, 3076.03, 3075.96, 3076.12, 3076.07, 3076.12, 3076.01, 3076.23]
exp062-n3072-k12-d250-bs60-f1.000-r05:043946.963: (1721 sec)
exp062-n3072-k12-d250-bs60-f1.000-r05:043946.963: Loop 21/100
exp062-n3072-k12-d250-bs60-f1.000-r05:045688.180: log(exp-norms): [3072.0, 3074.2, 3073.65]
exp062-n3072-k12-d250-bs60-f1.000-r05:045688.180: log(norms):     [3074.99, 3075.71, 3075.97, 3076.03, 3075.91, 3075.96, 3076.01, 3076.1, 3076.06, 3076.25]
exp062-n3072-k12-d250-bs60-f1.000-r05:045688.207: (1742 sec)
exp062-n3072-k12-d250-bs60-f1.000-r05:045688.208: Loop 22/100
exp062-n3072-k12-d250-bs60-f1.000-r05:047400.266: log(exp-norms): [3072.0, 3074.2, 3073.65]
exp062-n3072-k12-d250-bs60-f1.000-r05:047400.267: log(norms):     [3074.99, 3075.71, 3075.97, 3076.03, 3075.98, 3076.01, 3075.99, 3076.25, 3076.08, 3076.15]
exp062-n3072-k12-d250-bs60-f1.000-r05:047400.293: (1713 sec)
exp062-n3072-k12-d250-bs60-f1.000-r05:047400.293: Loop 23/100
