exp061-n3072-k12-d250-bs60-f1.000-r04:000000.283: ==========================Instance==========================
exp061-n3072-k12-d250-bs60-f1.000-r04:000000.284: # of equations: 250
exp061-n3072-k12-d250-bs60-f1.000-r04:000000.288: Gap: 0.68
exp061-n3072-k12-d250-bs60-f1.000-r04:000000.297: Tau: 0.12
exp061-n3072-k12-d250-bs60-f1.000-r04:000000.298: ======================BKZ-60 reduction======================
exp061-n3072-k12-d250-bs60-f1.000-r04:000005.182: Expectedly achievable log(norm): 3075.85
exp061-n3072-k12-d250-bs60-f1.000-r04:000011.446: log(exp-norms): [3072.0, 3074.2, 3073.65]
exp061-n3072-k12-d250-bs60-f1.000-r04:000011.447: log(norms):     [3087.1, 3074.99, 3084.0, 3084.0, 3084.0, 3084.0, 3084.0, 3084.0, 3084.0, 3084.0]
exp061-n3072-k12-d250-bs60-f1.000-r04:000011.507: Loop 1/100
exp061-n3072-k12-d250-bs60-f1.000-r04:010699.335: log(exp-norms): [3072.0, 3074.2, 3073.65]
exp061-n3072-k12-d250-bs60-f1.000-r04:010699.336: log(norms):     [3074.99, 3078.84, 3078.93, 3078.9, 3078.9, 3078.95, 3078.7, 3078.91, 3079.01, 3079.1]
exp061-n3072-k12-d250-bs60-f1.000-r04:010699.362: (10688 sec)
exp061-n3072-k12-d250-bs60-f1.000-r04:010699.362: Loop 2/100
exp061-n3072-k12-d250-bs60-f1.000-r04:012681.269: log(exp-norms): [3072.0, 3074.2, 3073.65]
exp061-n3072-k12-d250-bs60-f1.000-r04:012681.269: log(norms):     [3074.99, 3078.14, 3078.16, 3078.32, 3078.27, 3078.25, 3078.39, 3078.4, 3078.33, 3078.31]
exp061-n3072-k12-d250-bs60-f1.000-r04:012681.295: (1982 sec)
exp061-n3072-k12-d250-bs60-f1.000-r04:012681.296: Loop 3/100
exp061-n3072-k12-d250-bs60-f1.000-r04:014591.132: log(exp-norms): [3072.0, 3074.2, 3073.65]
exp061-n3072-k12-d250-bs60-f1.000-r04:014591.132: log(norms):     [3074.99, 3077.57, 3077.69, 3077.64, 3077.72, 3077.74, 3077.73, 3077.87, 3077.86, 3077.81]
exp061-n3072-k12-d250-bs60-f1.000-r04:014591.158: (1910 sec)
exp061-n3072-k12-d250-bs60-f1.000-r04:014591.159: Loop 4/100
exp061-n3072-k12-d250-bs60-f1.000-r04:016461.259: log(exp-norms): [3072.0, 3074.2, 3073.65]
exp061-n3072-k12-d250-bs60-f1.000-r04:016461.259: log(norms):     [3074.99, 3077.31, 3077.38, 3077.45, 3077.37, 3077.31, 3077.53, 3077.58, 3077.4, 3077.46]
exp061-n3072-k12-d250-bs60-f1.000-r04:016461.285: (1871 sec)
exp061-n3072-k12-d250-bs60-f1.000-r04:016461.285: Loop 5/100
exp061-n3072-k12-d250-bs60-f1.000-r04:018290.613: log(exp-norms): [3072.0, 3074.2, 3073.65]
exp061-n3072-k12-d250-bs60-f1.000-r04:018290.613: log(norms):     [3074.99, 3076.89, 3076.96, 3077.05, 3076.98, 3077.02, 3077.26, 3077.12, 3077.0, 3077.11]
exp061-n3072-k12-d250-bs60-f1.000-r04:018290.639: (1830 sec)
exp061-n3072-k12-d250-bs60-f1.000-r04:018290.639: Loop 6/100
exp061-n3072-k12-d250-bs60-f1.000-r04:020099.245: log(exp-norms): [3072.0, 3074.2, 3073.65]
exp061-n3072-k12-d250-bs60-f1.000-r04:020099.245: log(norms):     [3074.99, 3076.71, 3076.75, 3076.84, 3076.79, 3076.95, 3076.8, 3076.81, 3076.78, 3076.99]
exp061-n3072-k12-d250-bs60-f1.000-r04:020099.271: (1809 sec)
exp061-n3072-k12-d250-bs60-f1.000-r04:020099.272: Loop 7/100
exp061-n3072-k12-d250-bs60-f1.000-r04:021879.581: log(exp-norms): [3072.0, 3074.2, 3073.65]
exp061-n3072-k12-d250-bs60-f1.000-r04:021879.582: log(norms):     [3074.99, 3076.51, 3076.54, 3076.55, 3076.65, 3076.67, 3076.54, 3076.69, 3076.61, 3076.67]
exp061-n3072-k12-d250-bs60-f1.000-r04:021879.608: (1781 sec)
exp061-n3072-k12-d250-bs60-f1.000-r04:021879.608: Loop 8/100
exp061-n3072-k12-d250-bs60-f1.000-r04:023626.323: log(exp-norms): [3072.0, 3074.2, 3073.65]
exp061-n3072-k12-d250-bs60-f1.000-r04:023626.323: log(norms):     [3074.99, 3076.16, 3076.37, 3076.36, 3076.43, 3076.39, 3076.5, 3076.59, 3076.5, 3076.5]
exp061-n3072-k12-d250-bs60-f1.000-r04:023626.349: (1747 sec)
exp061-n3072-k12-d250-bs60-f1.000-r04:023626.349: Loop 9/100
exp061-n3072-k12-d250-bs60-f1.000-r04:025367.589: log(exp-norms): [3072.0, 3074.2, 3073.65]
exp061-n3072-k12-d250-bs60-f1.000-r04:025367.589: log(norms):     [3074.99, 3076.16, 3076.22, 3076.23, 3076.26, 3076.25, 3076.38, 3076.4, 3076.38, 3076.49]
exp061-n3072-k12-d250-bs60-f1.000-r04:025367.615: (1742 sec)
exp061-n3072-k12-d250-bs60-f1.000-r04:025367.616: Loop 10/100
exp061-n3072-k12-d250-bs60-f1.000-r04:027101.306: log(exp-norms): [3072.0, 3074.2, 3073.65]
exp061-n3072-k12-d250-bs60-f1.000-r04:027101.307: log(norms):     [3074.99, 3076.16, 3076.26, 3076.28, 3076.25, 3076.26, 3076.23, 3076.38, 3076.23, 3076.25]
exp061-n3072-k12-d250-bs60-f1.000-r04:027101.333: (1734 sec)
exp061-n3072-k12-d250-bs60-f1.000-r04:027101.333: Loop 11/100
exp061-n3072-k12-d250-bs60-f1.000-r04:028863.452: log(exp-norms): [3072.0, 3074.2, 3073.65]
exp061-n3072-k12-d250-bs60-f1.000-r04:028863.453: log(norms):     [3074.99, 3076.16, 3076.13, 3076.3, 3076.29, 3076.23, 3076.17, 3076.31, 3076.16, 3076.38]
exp061-n3072-k12-d250-bs60-f1.000-r04:028863.479: (1763 sec)
exp061-n3072-k12-d250-bs60-f1.000-r04:028863.479: Loop 12/100
exp061-n3072-k12-d250-bs60-f1.000-r04:030618.217: log(exp-norms): [3072.0, 3074.2, 3073.65]
exp061-n3072-k12-d250-bs60-f1.000-r04:030618.218: log(norms):     [3074.99, 3076.07, 3076.04, 3076.07, 3076.11, 3076.24, 3076.23, 3076.36, 3076.38, 3076.09]
exp061-n3072-k12-d250-bs60-f1.000-r04:030618.244: (1755 sec)
exp061-n3072-k12-d250-bs60-f1.000-r04:030618.244: Loop 13/100
exp061-n3072-k12-d250-bs60-f1.000-r04:032348.016: log(exp-norms): [3072.0, 3074.2, 3073.65]
exp061-n3072-k12-d250-bs60-f1.000-r04:032348.016: log(norms):     [3074.99, 3076.02, 3076.09, 3076.07, 3076.18, 3076.22, 3076.08, 3076.18, 3076.13, 3076.19]
exp061-n3072-k12-d250-bs60-f1.000-r04:032348.042: (1730 sec)
exp061-n3072-k12-d250-bs60-f1.000-r04:032348.042: Loop 14/100
exp061-n3072-k12-d250-bs60-f1.000-r04:034076.735: log(exp-norms): [3072.0, 3074.2, 3073.65]
exp061-n3072-k12-d250-bs60-f1.000-r04:034076.736: log(norms):     [3074.99, 3076.02, 3076.09, 3076.11, 3075.98, 3076.23, 3076.04, 3076.03, 3076.13, 3076.19]
exp061-n3072-k12-d250-bs60-f1.000-r04:034076.762: (1729 sec)
exp061-n3072-k12-d250-bs60-f1.000-r04:034076.762: Loop 15/100
exp061-n3072-k12-d250-bs60-f1.000-r04:035835.371: log(exp-norms): [3072.0, 3074.2, 3073.65]
exp061-n3072-k12-d250-bs60-f1.000-r04:035835.371: log(norms):     [3074.99, 3075.98, 3076.03, 3076.07, 3076.19, 3076.22, 3076.01, 3076.17, 3076.14, 3076.15]
exp061-n3072-k12-d250-bs60-f1.000-r04:035835.397: (1759 sec)
exp061-n3072-k12-d250-bs60-f1.000-r04:035835.398: Loop 16/100
exp061-n3072-k12-d250-bs60-f1.000-r04:037586.573: log(exp-norms): [3072.0, 3074.2, 3073.65]
exp061-n3072-k12-d250-bs60-f1.000-r04:037586.573: log(norms):     [3074.99, 3075.98, 3076.03, 3076.07, 3076.19, 3076.17, 3076.03, 3076.15, 3076.14, 3076.13]
exp061-n3072-k12-d250-bs60-f1.000-r04:037586.600: (1752 sec)
exp061-n3072-k12-d250-bs60-f1.000-r04:037586.600: Loop 17/100
exp061-n3072-k12-d250-bs60-f1.000-r04:039295.813: log(exp-norms): [3072.0, 3074.2, 3073.65]
exp061-n3072-k12-d250-bs60-f1.000-r04:039295.814: log(norms):     [3074.99, 3075.98, 3076.03, 3076.13, 3076.01, 3076.07, 3076.13, 3076.02, 3076.0, 3076.18]
exp061-n3072-k12-d250-bs60-f1.000-r04:039295.840: (1710 sec)
exp061-n3072-k12-d250-bs60-f1.000-r04:039295.840: Loop 18/100
exp061-n3072-k12-d250-bs60-f1.000-r04:041039.715: log(exp-norms): [3072.0, 3074.2, 3073.65]
exp061-n3072-k12-d250-bs60-f1.000-r04:041039.715: log(norms):     [3074.99, 3075.98, 3076.03, 3076.13, 3076.03, 3076.08, 3076.01, 3076.13, 3075.97, 3076.01]
exp061-n3072-k12-d250-bs60-f1.000-r04:041039.741: (1744 sec)
exp061-n3072-k12-d250-bs60-f1.000-r04:041039.741: Loop 19/100
exp061-n3072-k12-d250-bs60-f1.000-r04:042789.455: log(exp-norms): [3072.0, 3074.2, 3073.65]
exp061-n3072-k12-d250-bs60-f1.000-r04:042789.456: log(norms):     [3074.99, 3075.71, 3075.94, 3076.15, 3076.03, 3075.97, 3076.19, 3076.28, 3076.17, 3076.01]
exp061-n3072-k12-d250-bs60-f1.000-r04:042789.482: (1750 sec)
exp061-n3072-k12-d250-bs60-f1.000-r04:042789.482: Loop 20/100
exp061-n3072-k12-d250-bs60-f1.000-r04:044508.439: log(exp-norms): [3072.0, 3074.2, 3073.65]
exp061-n3072-k12-d250-bs60-f1.000-r04:044508.440: log(norms):     [3074.99, 3075.71, 3075.97, 3076.03, 3075.96, 3076.12, 3076.07, 3076.12, 3076.01, 3076.23]
exp061-n3072-k12-d250-bs60-f1.000-r04:044508.466: (1719 sec)
exp061-n3072-k12-d250-bs60-f1.000-r04:044508.466: Loop 21/100
exp061-n3072-k12-d250-bs60-f1.000-r04:046246.292: log(exp-norms): [3072.0, 3074.2, 3073.65]
exp061-n3072-k12-d250-bs60-f1.000-r04:046246.292: log(norms):     [3074.99, 3075.71, 3075.97, 3076.03, 3075.91, 3075.96, 3076.01, 3076.1, 3076.06, 3076.25]
exp061-n3072-k12-d250-bs60-f1.000-r04:046246.318: (1738 sec)
exp061-n3072-k12-d250-bs60-f1.000-r04:046246.319: Loop 22/100
