exp057-n3072-k12-d250-bs60-f1.000-r00:000000.332: ==========================Instance==========================
exp057-n3072-k12-d250-bs60-f1.000-r00:000000.332: # of equations: 250
exp057-n3072-k12-d250-bs60-f1.000-r00:000000.337: Gap: 0.68
exp057-n3072-k12-d250-bs60-f1.000-r00:000000.347: Tau: 0.12
exp057-n3072-k12-d250-bs60-f1.000-r00:000000.348: ======================BKZ-60 reduction======================
exp057-n3072-k12-d250-bs60-f1.000-r00:000007.086: Expectedly achievable log(norm): 3075.85
exp057-n3072-k12-d250-bs60-f1.000-r00:000014.748: log(exp-norms): [3072.0, 3074.2, 3073.65]
exp057-n3072-k12-d250-bs60-f1.000-r00:000014.748: log(norms):     [3087.1, 3074.99, 3084.0, 3084.0, 3084.0, 3084.0, 3084.0, 3084.0, 3084.0, 3084.0]
exp057-n3072-k12-d250-bs60-f1.000-r00:000014.853: Loop 1/100
exp057-n3072-k12-d250-bs60-f1.000-r00:010335.321: log(exp-norms): [3072.0, 3074.2, 3073.65]
exp057-n3072-k12-d250-bs60-f1.000-r00:010335.321: log(norms):     [3074.99, 3078.84, 3078.93, 3078.9, 3078.9, 3078.95, 3078.7, 3078.91, 3079.01, 3079.1]
exp057-n3072-k12-d250-bs60-f1.000-r00:010335.348: (10321 sec)
exp057-n3072-k12-d250-bs60-f1.000-r00:010335.348: Loop 2/100
exp057-n3072-k12-d250-bs60-f1.000-r00:012304.475: log(exp-norms): [3072.0, 3074.2, 3073.65]
exp057-n3072-k12-d250-bs60-f1.000-r00:012304.475: log(norms):     [3074.99, 3078.14, 3078.16, 3078.32, 3078.27, 3078.25, 3078.39, 3078.4, 3078.33, 3078.31]
exp057-n3072-k12-d250-bs60-f1.000-r00:012304.501: (1970 sec)
exp057-n3072-k12-d250-bs60-f1.000-r00:012304.502: Loop 3/100
exp057-n3072-k12-d250-bs60-f1.000-r00:014193.894: log(exp-norms): [3072.0, 3074.2, 3073.65]
exp057-n3072-k12-d250-bs60-f1.000-r00:014193.895: log(norms):     [3074.99, 3077.57, 3077.69, 3077.64, 3077.72, 3077.74, 3077.73, 3077.87, 3077.86, 3077.81]
exp057-n3072-k12-d250-bs60-f1.000-r00:014193.921: (1890 sec)
exp057-n3072-k12-d250-bs60-f1.000-r00:014193.921: Loop 4/100
exp057-n3072-k12-d250-bs60-f1.000-r00:016046.823: log(exp-norms): [3072.0, 3074.2, 3073.65]
exp057-n3072-k12-d250-bs60-f1.000-r00:016046.824: log(norms):     [3074.99, 3077.31, 3077.38, 3077.45, 3077.37, 3077.31, 3077.53, 3077.58, 3077.4, 3077.46]
exp057-n3072-k12-d250-bs60-f1.000-r00:016046.850: (1853 sec)
exp057-n3072-k12-d250-bs60-f1.000-r00:016046.850: Loop 5/100
exp057-n3072-k12-d250-bs60-f1.000-r00:017859.005: log(exp-norms): [3072.0, 3074.2, 3073.65]
exp057-n3072-k12-d250-bs60-f1.000-r00:017859.006: log(norms):     [3074.99, 3076.89, 3076.96, 3077.05, 3076.98, 3077.02, 3077.26, 3077.12, 3077.0, 3077.11]
exp057-n3072-k12-d250-bs60-f1.000-r00:017859.032: (1813 sec)
exp057-n3072-k12-d250-bs60-f1.000-r00:017859.032: Loop 6/100
exp057-n3072-k12-d250-bs60-f1.000-r00:019648.139: log(exp-norms): [3072.0, 3074.2, 3073.65]
exp057-n3072-k12-d250-bs60-f1.000-r00:019648.139: log(norms):     [3074.99, 3076.71, 3076.75, 3076.84, 3076.79, 3076.95, 3076.8, 3076.81, 3076.78, 3076.99]
exp057-n3072-k12-d250-bs60-f1.000-r00:019648.165: (1790 sec)
exp057-n3072-k12-d250-bs60-f1.000-r00:019648.166: Loop 7/100
exp057-n3072-k12-d250-bs60-f1.000-r00:021538.205: log(exp-norms): [3072.0, 3074.2, 3073.65]
exp057-n3072-k12-d250-bs60-f1.000-r00:021538.206: log(norms):     [3074.99, 3076.51, 3076.54, 3076.55, 3076.65, 3076.67, 3076.54, 3076.69, 3076.61, 3076.67]
exp057-n3072-k12-d250-bs60-f1.000-r00:021538.234: (1891 sec)
exp057-n3072-k12-d250-bs60-f1.000-r00:021538.235: Loop 8/100
exp057-n3072-k12-d250-bs60-f1.000-r00:023428.038: log(exp-norms): [3072.0, 3074.2, 3073.65]
exp057-n3072-k12-d250-bs60-f1.000-r00:023428.039: log(norms):     [3074.99, 3076.16, 3076.37, 3076.36, 3076.43, 3076.39, 3076.5, 3076.59, 3076.5, 3076.5]
exp057-n3072-k12-d250-bs60-f1.000-r00:023428.068: (1890 sec)
exp057-n3072-k12-d250-bs60-f1.000-r00:023428.068: Loop 9/100
exp057-n3072-k12-d250-bs60-f1.000-r00:025312.066: log(exp-norms): [3072.0, 3074.2, 3073.65]
exp057-n3072-k12-d250-bs60-f1.000-r00:025312.066: log(norms):     [3074.99, 3076.16, 3076.22, 3076.23, 3076.26, 3076.25, 3076.38, 3076.4, 3076.38, 3076.49]
exp057-n3072-k12-d250-bs60-f1.000-r00:025312.097: (1885 sec)
exp057-n3072-k12-d250-bs60-f1.000-r00:025312.097: Loop 10/100
exp057-n3072-k12-d250-bs60-f1.000-r00:027185.226: log(exp-norms): [3072.0, 3074.2, 3073.65]
exp057-n3072-k12-d250-bs60-f1.000-r00:027185.226: log(norms):     [3074.99, 3076.16, 3076.26, 3076.28, 3076.25, 3076.26, 3076.23, 3076.38, 3076.23, 3076.25]
exp057-n3072-k12-d250-bs60-f1.000-r00:027185.255: (1874 sec)
exp057-n3072-k12-d250-bs60-f1.000-r00:027185.256: Loop 11/100
exp057-n3072-k12-d250-bs60-f1.000-r00:029085.167: log(exp-norms): [3072.0, 3074.2, 3073.65]
exp057-n3072-k12-d250-bs60-f1.000-r00:029085.168: log(norms):     [3074.99, 3076.16, 3076.13, 3076.3, 3076.29, 3076.23, 3076.17, 3076.31, 3076.16, 3076.38]
exp057-n3072-k12-d250-bs60-f1.000-r00:029085.197: (1900 sec)
exp057-n3072-k12-d250-bs60-f1.000-r00:029085.197: Loop 12/100
exp057-n3072-k12-d250-bs60-f1.000-r00:030972.486: log(exp-norms): [3072.0, 3074.2, 3073.65]
exp057-n3072-k12-d250-bs60-f1.000-r00:030972.486: log(norms):     [3074.99, 3076.07, 3076.04, 3076.07, 3076.11, 3076.24, 3076.23, 3076.36, 3076.38, 3076.09]
exp057-n3072-k12-d250-bs60-f1.000-r00:030972.513: (1888 sec)
exp057-n3072-k12-d250-bs60-f1.000-r00:030972.513: Loop 13/100
exp057-n3072-k12-d250-bs60-f1.000-r00:032818.100: log(exp-norms): [3072.0, 3074.2, 3073.65]
exp057-n3072-k12-d250-bs60-f1.000-r00:032818.101: log(norms):     [3074.99, 3076.02, 3076.09, 3076.07, 3076.18, 3076.22, 3076.08, 3076.18, 3076.13, 3076.19]
exp057-n3072-k12-d250-bs60-f1.000-r00:032818.130: (1846 sec)
exp057-n3072-k12-d250-bs60-f1.000-r00:032818.130: Loop 14/100
exp057-n3072-k12-d250-bs60-f1.000-r00:034642.238: log(exp-norms): [3072.0, 3074.2, 3073.65]
exp057-n3072-k12-d250-bs60-f1.000-r00:034642.239: log(norms):     [3074.99, 3076.02, 3076.09, 3076.11, 3075.98, 3076.23, 3076.04, 3076.03, 3076.13, 3076.19]
exp057-n3072-k12-d250-bs60-f1.000-r00:034642.267: (1825 sec)
exp057-n3072-k12-d250-bs60-f1.000-r00:034642.267: Loop 15/100
exp057-n3072-k12-d250-bs60-f1.000-r00:036542.611: log(exp-norms): [3072.0, 3074.2, 3073.65]
exp057-n3072-k12-d250-bs60-f1.000-r00:036542.612: log(norms):     [3074.99, 3075.98, 3076.03, 3076.07, 3076.19, 3076.22, 3076.01, 3076.17, 3076.14, 3076.15]
exp057-n3072-k12-d250-bs60-f1.000-r00:036542.640: (1901 sec)
exp057-n3072-k12-d250-bs60-f1.000-r00:036542.641: Loop 16/100
exp057-n3072-k12-d250-bs60-f1.000-r00:038319.097: log(exp-norms): [3072.0, 3074.2, 3073.65]
exp057-n3072-k12-d250-bs60-f1.000-r00:038319.097: log(norms):     [3074.99, 3075.98, 3076.03, 3076.07, 3076.19, 3076.17, 3076.03, 3076.15, 3076.14, 3076.13]
exp057-n3072-k12-d250-bs60-f1.000-r00:038319.123: (1777 sec)
exp057-n3072-k12-d250-bs60-f1.000-r00:038319.124: Loop 17/100
exp057-n3072-k12-d250-bs60-f1.000-r00:040015.142: log(exp-norms): [3072.0, 3074.2, 3073.65]
exp057-n3072-k12-d250-bs60-f1.000-r00:040015.142: log(norms):     [3074.99, 3075.98, 3076.03, 3076.13, 3076.01, 3076.07, 3076.13, 3076.02, 3076.0, 3076.18]
exp057-n3072-k12-d250-bs60-f1.000-r00:040015.169: (1697 sec)
exp057-n3072-k12-d250-bs60-f1.000-r00:040015.170: Loop 18/100
exp057-n3072-k12-d250-bs60-f1.000-r00:041747.996: log(exp-norms): [3072.0, 3074.2, 3073.65]
exp057-n3072-k12-d250-bs60-f1.000-r00:041747.997: log(norms):     [3074.99, 3075.98, 3076.03, 3076.13, 3076.03, 3076.08, 3076.01, 3076.13, 3075.97, 3076.01]
exp057-n3072-k12-d250-bs60-f1.000-r00:041748.023: (1733 sec)
exp057-n3072-k12-d250-bs60-f1.000-r00:041748.023: Loop 19/100
exp057-n3072-k12-d250-bs60-f1.000-r00:043481.246: log(exp-norms): [3072.0, 3074.2, 3073.65]
exp057-n3072-k12-d250-bs60-f1.000-r00:043481.246: log(norms):     [3074.99, 3075.71, 3075.94, 3076.15, 3076.03, 3075.97, 3076.19, 3076.28, 3076.17, 3076.01]
exp057-n3072-k12-d250-bs60-f1.000-r00:043481.272: (1734 sec)
exp057-n3072-k12-d250-bs60-f1.000-r00:043481.273: Loop 20/100
exp057-n3072-k12-d250-bs60-f1.000-r00:045183.659: log(exp-norms): [3072.0, 3074.2, 3073.65]
exp057-n3072-k12-d250-bs60-f1.000-r00:045183.659: log(norms):     [3074.99, 3075.71, 3075.97, 3076.03, 3075.96, 3076.12, 3076.07, 3076.12, 3076.01, 3076.23]
exp057-n3072-k12-d250-bs60-f1.000-r00:045183.685: (1703 sec)
exp057-n3072-k12-d250-bs60-f1.000-r00:045183.685: Loop 21/100
exp057-n3072-k12-d250-bs60-f1.000-r00:046906.302: log(exp-norms): [3072.0, 3074.2, 3073.65]
exp057-n3072-k12-d250-bs60-f1.000-r00:046906.302: log(norms):     [3074.99, 3075.71, 3075.97, 3076.03, 3075.91, 3075.96, 3076.01, 3076.1, 3076.06, 3076.25]
exp057-n3072-k12-d250-bs60-f1.000-r00:046906.328: (1723 sec)
exp057-n3072-k12-d250-bs60-f1.000-r00:046906.328: Loop 22/100
