exp033-n3072-k20-d170-bs40-f1.000-r00:000000.419: ==========================Instance==========================
exp033-n3072-k20-d170-bs40-f1.000-r00:000000.419: # of equations: 170
exp033-n3072-k20-d170-bs40-f1.000-r00:000000.424: Gap: 3.12
exp033-n3072-k20-d170-bs40-f1.000-r00:000000.434: Tau: 3.07
exp033-n3072-k20-d170-bs40-f1.000-r00:000000.435: ======================BKZ-40 reduction======================
exp033-n3072-k20-d170-bs40-f1.000-r00:000004.454: Expectedly achievable log(norm): 3076.99
exp033-n3072-k20-d170-bs40-f1.000-r00:000008.681: log(exp-norms): [3072.0, 3073.92, 3075.56]
exp033-n3072-k20-d170-bs40-f1.000-r00:000008.681: log(norms):     [3094.89, 3074.71, 3092.0, 3092.0, 3092.0, 3092.0, 3092.0, 3092.0, 3092.0, 3092.0]
exp033-n3072-k20-d170-bs40-f1.000-r00:000008.785: Loop 1/100
exp033-n3072-k20-d170-bs40-f1.000-r00:003069.826: log(exp-norms): [3072.0, 3073.92, 3075.56]
exp033-n3072-k20-d170-bs40-f1.000-r00:003069.827: log(norms):     [3074.71, 3078.8, 3078.98, 3079.0, 3079.01, 3079.02, 3078.91, 3078.93, 3078.99, 3079.18]
exp033-n3072-k20-d170-bs40-f1.000-r00:003069.861: (3062 sec)
exp033-n3072-k20-d170-bs40-f1.000-r00:003069.861: Loop 2/100
exp033-n3072-k20-d170-bs40-f1.000-r00:003192.846: log(exp-norms): [3072.0, 3073.92, 3075.56]
exp033-n3072-k20-d170-bs40-f1.000-r00:003192.846: log(norms):     [3074.71, 3078.4, 3078.54, 3078.61, 3078.65, 3078.65, 3078.72, 3078.53, 3078.64, 3078.67]
exp033-n3072-k20-d170-bs40-f1.000-r00:003192.878: (124 sec)
exp033-n3072-k20-d170-bs40-f1.000-r00:003192.878: Loop 3/100
exp033-n3072-k20-d170-bs40-f1.000-r00:003301.249: log(exp-norms): [3072.0, 3073.92, 3075.56]
exp033-n3072-k20-d170-bs40-f1.000-r00:003301.250: log(norms):     [3074.71, 3078.21, 3078.28, 3078.25, 3078.4, 3078.45, 3078.29, 3078.45, 3078.33, 3078.5]
exp033-n3072-k20-d170-bs40-f1.000-r00:003301.286: (109 sec)
exp033-n3072-k20-d170-bs40-f1.000-r00:003301.287: Loop 4/100
exp033-n3072-k20-d170-bs40-f1.000-r00:003397.921: log(exp-norms): [3072.0, 3073.92, 3075.56]
exp033-n3072-k20-d170-bs40-f1.000-r00:003397.922: log(norms):     [3072.0, 3074.71, 3078.04, 3078.13, 3078.11, 3078.18, 3078.08, 3078.16, 3078.07, 3078.16]
exp033-n3072-k20-d170-bs40-f1.000-r00:003397.959: (97 sec)
exp033-n3072-k20-d170-bs40-f1.000-r00:003397.959: Loop 5/100
exp033-n3072-k20-d170-bs40-f1.000-r00:003493.271: log(exp-norms): [3072.0, 3073.92, 3075.56]
exp033-n3072-k20-d170-bs40-f1.000-r00:003493.272: log(norms):     [3072.0, 3074.71, 3077.72, 3077.78, 3077.92, 3077.89, 3078.06, 3077.9, 3077.99, 3077.85]
exp033-n3072-k20-d170-bs40-f1.000-r00:003493.303: (96 sec)
exp033-n3072-k20-d170-bs40-f1.000-r00:003493.304: Loop 6/100
exp033-n3072-k20-d170-bs40-f1.000-r00:003581.665: log(exp-norms): [3072.0, 3073.92, 3075.56]
exp033-n3072-k20-d170-bs40-f1.000-r00:003581.666: log(norms):     [3072.0, 3074.71, 3077.61, 3077.62, 3077.71, 3077.63, 3077.81, 3077.63, 3077.82, 3077.75]
exp033-n3072-k20-d170-bs40-f1.000-r00:003581.698: (89 sec)
exp033-n3072-k20-d170-bs40-f1.000-r00:003581.698: Loop 7/100
exp033-n3072-k20-d170-bs40-f1.000-r00:003664.290: log(exp-norms): [3072.0, 3073.92, 3075.56]
exp033-n3072-k20-d170-bs40-f1.000-r00:003664.290: log(norms):     [3072.0, 3074.71, 3077.45, 3077.55, 3077.54, 3077.6, 3077.71, 3077.6, 3077.73, 3077.68]
exp033-n3072-k20-d170-bs40-f1.000-r00:003664.322: (83 sec)
exp033-n3072-k20-d170-bs40-f1.000-r00:003664.323: Loop 8/100
exp033-n3072-k20-d170-bs40-f1.000-r00:003747.307: log(exp-norms): [3072.0, 3073.92, 3075.56]
exp033-n3072-k20-d170-bs40-f1.000-r00:003747.308: log(norms):     [3072.0, 3074.71, 3077.37, 3077.37, 3077.42, 3077.46, 3077.59, 3077.57, 3077.57, 3077.6]
exp033-n3072-k20-d170-bs40-f1.000-r00:003747.341: (84 sec)
exp033-n3072-k20-d170-bs40-f1.000-r00:003747.341: Loop 9/100
exp033-n3072-k20-d170-bs40-f1.000-r00:003830.375: log(exp-norms): [3072.0, 3073.92, 3075.56]
exp033-n3072-k20-d170-bs40-f1.000-r00:003830.376: log(norms):     [3072.0, 3074.71, 3077.37, 3077.47, 3077.38, 3077.48, 3077.56, 3077.45, 3077.39, 3077.5]
exp033-n3072-k20-d170-bs40-f1.000-r00:003830.410: (84 sec)
exp033-n3072-k20-d170-bs40-f1.000-r00:003830.411: Loop 10/100
exp033-n3072-k20-d170-bs40-f1.000-r00:003912.198: log(exp-norms): [3072.0, 3073.92, 3075.56]
exp033-n3072-k20-d170-bs40-f1.000-r00:003912.199: log(norms):     [3072.0, 3074.71, 3077.25, 3077.25, 3077.38, 3077.51, 3077.36, 3077.47, 3077.43, 3077.66]
exp033-n3072-k20-d170-bs40-f1.000-r00:003912.231: (82 sec)
exp033-n3072-k20-d170-bs40-f1.000-r00:003912.231: Loop 11/100
exp033-n3072-k20-d170-bs40-f1.000-r00:003986.294: log(exp-norms): [3072.0, 3073.92, 3075.56]
exp033-n3072-k20-d170-bs40-f1.000-r00:003986.295: log(norms):     [3072.0, 3074.71, 3077.25, 3077.25, 3077.33, 3077.28, 3077.42, 3077.47, 3077.49, 3077.39]
exp033-n3072-k20-d170-bs40-f1.000-r00:003986.327: (75 sec)
exp033-n3072-k20-d170-bs40-f1.000-r00:003986.328: Loop 12/100
exp033-n3072-k20-d170-bs40-f1.000-r00:004055.454: log(exp-norms): [3072.0, 3073.92, 3075.56]
exp033-n3072-k20-d170-bs40-f1.000-r00:004055.454: log(norms):     [3072.0, 3074.71, 3077.21, 3077.23, 3077.26, 3077.28, 3077.24, 3077.39, 3077.46, 3077.49]
exp033-n3072-k20-d170-bs40-f1.000-r00:004055.487: (70 sec)
exp033-n3072-k20-d170-bs40-f1.000-r00:004055.487: Loop 13/100
exp033-n3072-k20-d170-bs40-f1.000-r00:004128.712: log(exp-norms): [3072.0, 3073.92, 3075.56]
exp033-n3072-k20-d170-bs40-f1.000-r00:004128.712: log(norms):     [3072.0, 3074.71, 3077.2, 3077.24, 3077.28, 3077.23, 3077.26, 3077.22, 3077.49, 3077.41]
exp033-n3072-k20-d170-bs40-f1.000-r00:004128.744: (74 sec)
exp033-n3072-k20-d170-bs40-f1.000-r00:004128.745: Loop 14/100
exp033-n3072-k20-d170-bs40-f1.000-r00:004200.094: log(exp-norms): [3072.0, 3073.92, 3075.56]
exp033-n3072-k20-d170-bs40-f1.000-r00:004200.095: log(norms):     [3072.0, 3074.71, 3077.03, 3077.16, 3077.15, 3077.22, 3077.33, 3077.29, 3077.34, 3077.35]
exp033-n3072-k20-d170-bs40-f1.000-r00:004200.127: (72 sec)
exp033-n3072-k20-d170-bs40-f1.000-r00:004200.128: Loop 15/100
exp033-n3072-k20-d170-bs40-f1.000-r00:004270.335: log(exp-norms): [3072.0, 3073.92, 3075.56]
exp033-n3072-k20-d170-bs40-f1.000-r00:004270.336: log(norms):     [3072.0, 3074.71, 3077.03, 3077.16, 3077.15, 3077.22, 3077.33, 3077.25, 3077.36, 3077.16]
exp033-n3072-k20-d170-bs40-f1.000-r00:004270.368: (71 sec)
exp033-n3072-k20-d170-bs40-f1.000-r00:004270.369: Loop 16/100
exp033-n3072-k20-d170-bs40-f1.000-r00:004340.942: log(exp-norms): [3072.0, 3073.92, 3075.56]
exp033-n3072-k20-d170-bs40-f1.000-r00:004340.942: log(norms):     [3072.0, 3074.71, 3077.03, 3077.16, 3077.15, 3077.24, 3077.15, 3077.22, 3077.19, 3077.33]
exp033-n3072-k20-d170-bs40-f1.000-r00:004340.976: (71 sec)
exp033-n3072-k20-d170-bs40-f1.000-r00:004340.976: Loop 17/100
exp033-n3072-k20-d170-bs40-f1.000-r00:004409.343: log(exp-norms): [3072.0, 3073.92, 3075.56]
exp033-n3072-k20-d170-bs40-f1.000-r00:004409.344: log(norms):     [3072.0, 3074.71, 3077.03, 3077.12, 3077.16, 3077.21, 3077.19, 3077.4, 3077.19, 3077.37]
exp033-n3072-k20-d170-bs40-f1.000-r00:004409.375: (69 sec)
exp033-n3072-k20-d170-bs40-f1.000-r00:004409.376: Loop 18/100
exp033-n3072-k20-d170-bs40-f1.000-r00:004480.850: log(exp-norms): [3072.0, 3073.92, 3075.56]
exp033-n3072-k20-d170-bs40-f1.000-r00:004480.851: log(norms):     [3072.0, 3074.71, 3077.03, 3077.14, 3077.12, 3077.17, 3077.16, 3077.37, 3077.19, 3077.28]
exp033-n3072-k20-d170-bs40-f1.000-r00:004480.884: (72 sec)
exp033-n3072-k20-d170-bs40-f1.000-r00:004480.884: Loop 19/100
exp033-n3072-k20-d170-bs40-f1.000-r00:004549.051: log(exp-norms): [3072.0, 3073.92, 3075.56]
exp033-n3072-k20-d170-bs40-f1.000-r00:004549.052: log(norms):     [3072.0, 3074.71, 3077.03, 3077.14, 3077.15, 3077.12, 3077.21, 3077.12, 3077.16, 3077.46]
exp033-n3072-k20-d170-bs40-f1.000-r00:004549.085: (69 sec)
exp033-n3072-k20-d170-bs40-f1.000-r00:004549.085: Loop 20/100
exp033-n3072-k20-d170-bs40-f1.000-r00:004620.543: log(exp-norms): [3072.0, 3073.92, 3075.56]
exp033-n3072-k20-d170-bs40-f1.000-r00:004620.544: log(norms):     [3072.0, 3074.71, 3077.03, 3077.14, 3077.15, 3077.12, 3077.21, 3077.12, 3077.16, 3077.29]
exp033-n3072-k20-d170-bs40-f1.000-r00:004620.577: (72 sec)
exp033-n3072-k20-d170-bs40-f1.000-r00:004620.577: Loop 21/100
exp033-n3072-k20-d170-bs40-f1.000-r00:004691.998: log(exp-norms): [3072.0, 3073.92, 3075.56]
exp033-n3072-k20-d170-bs40-f1.000-r00:004691.998: log(norms):     [3072.0, 3074.71, 3077.03, 3077.14, 3077.15, 3077.12, 3077.21, 3077.12, 3077.37, 3077.21]
exp033-n3072-k20-d170-bs40-f1.000-r00:004692.033: (72 sec)
exp033-n3072-k20-d170-bs40-f1.000-r00:004692.033: Loop 22/100
exp033-n3072-k20-d170-bs40-f1.000-r00:004766.231: log(exp-norms): [3072.0, 3073.92, 3075.56]
exp033-n3072-k20-d170-bs40-f1.000-r00:004766.232: log(norms):     [3072.0, 3074.71, 3077.03, 3077.14, 3077.25, 3077.15, 3077.25, 3077.37, 3077.42, 3077.34]
exp033-n3072-k20-d170-bs40-f1.000-r00:004766.264: (75 sec)
exp033-n3072-k20-d170-bs40-f1.000-r00:004766.265: Loop 23/100
exp033-n3072-k20-d170-bs40-f1.000-r00:004839.312: log(exp-norms): [3072.0, 3073.92, 3075.56]
exp033-n3072-k20-d170-bs40-f1.000-r00:004839.313: log(norms):     [3072.0, 3074.71, 3077.03, 3077.19, 3077.1, 3077.11, 3077.17, 3077.41, 3077.36, 3077.34]
exp033-n3072-k20-d170-bs40-f1.000-r00:004839.344: (74 sec)
exp033-n3072-k20-d170-bs40-f1.000-r00:004839.344: Loop 24/100
exp033-n3072-k20-d170-bs40-f1.000-r00:004908.486: log(exp-norms): [3072.0, 3073.92, 3075.56]
exp033-n3072-k20-d170-bs40-f1.000-r00:004908.486: log(norms):     [3072.0, 3074.71, 3077.03, 3077.19, 3077.1, 3077.11, 3077.26, 3077.17, 3077.41, 3077.34]
exp033-n3072-k20-d170-bs40-f1.000-r00:004908.519: (70 sec)
exp033-n3072-k20-d170-bs40-f1.000-r00:004908.519: Loop 25/100
exp033-n3072-k20-d170-bs40-f1.000-r00:004978.869: log(exp-norms): [3072.0, 3073.92, 3075.56]
exp033-n3072-k20-d170-bs40-f1.000-r00:004978.869: log(norms):     [3072.0, 3074.71, 3077.03, 3077.19, 3077.1, 3077.11, 3077.26, 3077.34, 3077.22, 3077.26]
exp033-n3072-k20-d170-bs40-f1.000-r00:004978.901: (71 sec)
exp033-n3072-k20-d170-bs40-f1.000-r00:004978.902: Loop 26/100
exp033-n3072-k20-d170-bs40-f1.000-r00:005052.688: log(exp-norms): [3072.0, 3073.92, 3075.56]
exp033-n3072-k20-d170-bs40-f1.000-r00:005052.688: log(norms):     [3072.0, 3074.71, 3077.03, 3077.19, 3077.1, 3077.08, 3077.21, 3077.26, 3077.31, 3077.11]
exp033-n3072-k20-d170-bs40-f1.000-r00:005052.720: (74 sec)
exp033-n3072-k20-d170-bs40-f1.000-r00:005052.721: Loop 27/100
exp033-n3072-k20-d170-bs40-f1.000-r00:005121.804: log(exp-norms): [3072.0, 3073.92, 3075.56]
exp033-n3072-k20-d170-bs40-f1.000-r00:005121.805: log(norms):     [3072.0, 3074.71, 3077.03, 3077.19, 3077.1, 3077.08, 3077.21, 3077.26, 3077.31, 3077.34]
exp033-n3072-k20-d170-bs40-f1.000-r00:005121.849: (70 sec)
exp033-n3072-k20-d170-bs40-f1.000-r00:005121.850: Loop 28/100
exp033-n3072-k20-d170-bs40-f1.000-r00:005188.189: log(exp-norms): [3072.0, 3073.92, 3075.56]
exp033-n3072-k20-d170-bs40-f1.000-r00:005188.189: log(norms):     [3072.0, 3074.71, 3077.03, 3077.19, 3077.1, 3077.08, 3077.21, 3077.26, 3077.31, 3077.34]
exp033-n3072-k20-d170-bs40-f1.000-r00:005188.227: (67 sec)
exp033-n3072-k20-d170-bs40-f1.000-r00:005188.227: Loop 29/100
exp033-n3072-k20-d170-bs40-f1.000-r00:005257.952: log(exp-norms): [3072.0, 3073.92, 3075.56]
exp033-n3072-k20-d170-bs40-f1.000-r00:005257.952: log(norms):     [3072.0, 3074.71, 3077.03, 3077.19, 3077.1, 3077.08, 3077.21, 3077.23, 3077.33, 3077.11]
exp033-n3072-k20-d170-bs40-f1.000-r00:005257.984: (70 sec)
exp033-n3072-k20-d170-bs40-f1.000-r00:005257.985: Loop 30/100
exp033-n3072-k20-d170-bs40-f1.000-r00:005327.406: log(exp-norms): [3072.0, 3073.92, 3075.56]
exp033-n3072-k20-d170-bs40-f1.000-r00:005327.406: log(norms):     [3072.0, 3074.71, 3077.03, 3077.19, 3077.06, 3077.1, 3077.24, 3077.32, 3077.08, 3077.11]
exp033-n3072-k20-d170-bs40-f1.000-r00:005327.440: (70 sec)
exp033-n3072-k20-d170-bs40-f1.000-r00:005327.440: Loop 31/100
exp033-n3072-k20-d170-bs40-f1.000-r00:005392.368: log(exp-norms): [3072.0, 3073.92, 3075.56]
exp033-n3072-k20-d170-bs40-f1.000-r00:005392.369: log(norms):     [3072.0, 3074.71, 3077.03, 3077.19, 3077.06, 3077.06, 3077.24, 3077.1, 3077.31, 3077.25]
exp033-n3072-k20-d170-bs40-f1.000-r00:005392.400: (65 sec)
exp033-n3072-k20-d170-bs40-f1.000-r00:005392.401: Loop 32/100
exp033-n3072-k20-d170-bs40-f1.000-r00:005458.731: log(exp-norms): [3072.0, 3073.92, 3075.56]
exp033-n3072-k20-d170-bs40-f1.000-r00:005458.733: log(norms):     [3072.0, 3074.71, 3077.03, 3077.19, 3077.06, 3077.07, 3077.06, 3077.24, 3077.1, 3077.2]
exp033-n3072-k20-d170-bs40-f1.000-r00:005458.764: (67 sec)
exp033-n3072-k20-d170-bs40-f1.000-r00:005458.765: Loop 33/100
exp033-n3072-k20-d170-bs40-f1.000-r00:005528.087: log(exp-norms): [3072.0, 3073.92, 3075.56]
exp033-n3072-k20-d170-bs40-f1.000-r00:005528.087: log(norms):     [3072.0, 3074.71, 3077.03, 3077.07, 3077.06, 3077.19, 3077.06, 3077.24, 3077.31, 3077.24]
exp033-n3072-k20-d170-bs40-f1.000-r00:005528.119: (70 sec)
exp033-n3072-k20-d170-bs40-f1.000-r00:005528.119: Loop 34/100
exp033-n3072-k20-d170-bs40-f1.000-r00:005596.720: log(exp-norms): [3072.0, 3073.92, 3075.56]
exp033-n3072-k20-d170-bs40-f1.000-r00:005596.721: log(norms):     [3072.0, 3074.71, 3077.03, 3077.07, 3077.06, 3077.19, 3077.06, 3077.24, 3077.31, 3077.24]
exp033-n3072-k20-d170-bs40-f1.000-r00:005596.752: (69 sec)
exp033-n3072-k20-d170-bs40-f1.000-r00:005596.752: Loop 35/100
exp033-n3072-k20-d170-bs40-f1.000-r00:005667.825: log(exp-norms): [3072.0, 3073.92, 3075.56]
exp033-n3072-k20-d170-bs40-f1.000-r00:005667.826: log(norms):     [3072.0, 3074.71, 3077.03, 3077.07, 3077.06, 3077.19, 3077.06, 3077.24, 3077.1, 3077.21]
exp033-n3072-k20-d170-bs40-f1.000-r00:005667.857: (72 sec)
exp033-n3072-k20-d170-bs40-f1.000-r00:005667.857: Loop 36/100
exp033-n3072-k20-d170-bs40-f1.000-r00:005733.570: log(exp-norms): [3072.0, 3073.92, 3075.56]
exp033-n3072-k20-d170-bs40-f1.000-r00:005733.571: log(norms):     [3072.0, 3074.71, 3077.03, 3077.07, 3077.06, 3077.19, 3077.06, 3077.24, 3077.1, 3077.21]
exp033-n3072-k20-d170-bs40-f1.000-r00:005733.604: (66 sec)
exp033-n3072-k20-d170-bs40-f1.000-r00:005733.604: Loop 37/100
exp033-n3072-k20-d170-bs40-f1.000-r00:005799.283: log(exp-norms): [3072.0, 3073.92, 3075.56]
exp033-n3072-k20-d170-bs40-f1.000-r00:005799.284: log(norms):     [3072.0, 3074.71, 3077.03, 3077.07, 3077.06, 3077.19, 3077.06, 3077.24, 3077.1, 3077.21]
exp033-n3072-k20-d170-bs40-f1.000-r00:005799.315: (66 sec)
exp033-n3072-k20-d170-bs40-f1.000-r00:005799.316: Loop 38/100
exp033-n3072-k20-d170-bs40-f1.000-r00:005867.693: log(exp-norms): [3072.0, 3073.92, 3075.56]
exp033-n3072-k20-d170-bs40-f1.000-r00:005867.693: log(norms):     [3072.0, 3074.71, 3077.03, 3077.07, 3077.06, 3077.19, 3077.06, 3077.24, 3077.1, 3077.21]
exp033-n3072-k20-d170-bs40-f1.000-r00:005867.725: (69 sec)
exp033-n3072-k20-d170-bs40-f1.000-r00:005867.726: Loop 39/100
exp033-n3072-k20-d170-bs40-f1.000-r00:005938.160: log(exp-norms): [3072.0, 3073.92, 3075.56]
exp033-n3072-k20-d170-bs40-f1.000-r00:005938.161: log(norms):     [3072.0, 3074.71, 3077.03, 3077.07, 3077.06, 3077.19, 3077.06, 3077.24, 3077.1, 3077.21]
exp033-n3072-k20-d170-bs40-f1.000-r00:005938.192: (71 sec)
exp033-n3072-k20-d170-bs40-f1.000-r00:005938.192: Loop 40/100
exp033-n3072-k20-d170-bs40-f1.000-r00:006004.697: log(exp-norms): [3072.0, 3073.92, 3075.56]
exp033-n3072-k20-d170-bs40-f1.000-r00:006004.698: log(norms):     [3072.0, 3074.71, 3077.03, 3077.07, 3077.06, 3077.19, 3077.06, 3077.24, 3077.1, 3077.21]
exp033-n3072-k20-d170-bs40-f1.000-r00:006004.733: (67 sec)
exp033-n3072-k20-d170-bs40-f1.000-r00:006004.733: Loop 41/100
exp033-n3072-k20-d170-bs40-f1.000-r00:006074.798: log(exp-norms): [3072.0, 3073.92, 3075.56]
exp033-n3072-k20-d170-bs40-f1.000-r00:006074.798: log(norms):     [3072.0, 3074.71, 3077.03, 3077.07, 3077.06, 3077.19, 3077.06, 3077.24, 3077.1, 3077.21]
exp033-n3072-k20-d170-bs40-f1.000-r00:006074.831: (71 sec)
exp033-n3072-k20-d170-bs40-f1.000-r00:006074.831: Loop 42/100
exp033-n3072-k20-d170-bs40-f1.000-r00:006141.599: log(exp-norms): [3072.0, 3073.92, 3075.56]
exp033-n3072-k20-d170-bs40-f1.000-r00:006141.600: log(norms):     [3072.0, 3074.71, 3077.03, 3077.07, 3077.06, 3077.19, 3077.06, 3077.24, 3077.1, 3077.21]
exp033-n3072-k20-d170-bs40-f1.000-r00:006141.630: (67 sec)
exp033-n3072-k20-d170-bs40-f1.000-r00:006141.630: Loop 43/100
exp033-n3072-k20-d170-bs40-f1.000-r00:006203.949: log(exp-norms): [3072.0, 3073.92, 3075.56]
exp033-n3072-k20-d170-bs40-f1.000-r00:006203.949: log(norms):     [3072.0, 3074.71, 3077.03, 3077.07, 3077.06, 3077.19, 3077.06, 3077.24, 3077.1, 3077.21]
exp033-n3072-k20-d170-bs40-f1.000-r00:006203.980: (63 sec)
exp033-n3072-k20-d170-bs40-f1.000-r00:006203.980: Loop 44/100
exp033-n3072-k20-d170-bs40-f1.000-r00:006273.794: log(exp-norms): [3072.0, 3073.92, 3075.56]
exp033-n3072-k20-d170-bs40-f1.000-r00:006273.794: log(norms):     [3072.0, 3074.71, 3077.03, 3077.07, 3077.06, 3077.19, 3077.06, 3077.24, 3077.1, 3077.26]
exp033-n3072-k20-d170-bs40-f1.000-r00:006273.826: (70 sec)
exp033-n3072-k20-d170-bs40-f1.000-r00:006273.826: Loop 45/100
exp033-n3072-k20-d170-bs40-f1.000-r00:006344.902: log(exp-norms): [3072.0, 3073.92, 3075.56]
exp033-n3072-k20-d170-bs40-f1.000-r00:006344.902: log(norms):     [3072.0, 3074.71, 3077.03, 3077.07, 3077.06, 3077.19, 3077.06, 3077.24, 3077.1, 3077.26]
exp033-n3072-k20-d170-bs40-f1.000-r00:006344.923: (72 sec)
exp033-n3072-k20-d170-bs40-f1.000-r00:006344.923: Loop 46/100
exp033-n3072-k20-d170-bs40-f1.000-r00:006410.156: log(exp-norms): [3072.0, 3073.92, 3075.56]
exp033-n3072-k20-d170-bs40-f1.000-r00:006410.156: log(norms):     [3072.0, 3074.71, 3077.03, 3077.07, 3077.06, 3077.19, 3077.06, 3077.24, 3077.1, 3077.1]
exp033-n3072-k20-d170-bs40-f1.000-r00:006410.187: (66 sec)
exp033-n3072-k20-d170-bs40-f1.000-r00:006410.187: Loop 47/100
exp033-n3072-k20-d170-bs40-f1.000-r00:006477.111: log(exp-norms): [3072.0, 3073.92, 3075.56]
exp033-n3072-k20-d170-bs40-f1.000-r00:006477.111: log(norms):     [3072.0, 3074.71, 3076.99, 3077.15, 3077.06, 3077.2, 3077.08, 3077.31, 3077.16, 3077.12]
exp033-n3072-k20-d170-bs40-f1.000-r00:006477.145: (67 sec)
exp033-n3072-k20-d170-bs40-f1.000-r00:006477.146: Loop 48/100
exp033-n3072-k20-d170-bs40-f1.000-r00:006544.116: log(exp-norms): [3072.0, 3073.92, 3075.56]
exp033-n3072-k20-d170-bs40-f1.000-r00:006544.116: log(norms):     [3072.0, 3074.71, 3076.99, 3077.15, 3077.06, 3077.2, 3077.08, 3077.31, 3077.16, 3077.12]
exp033-n3072-k20-d170-bs40-f1.000-r00:006544.148: (68 sec)
exp033-n3072-k20-d170-bs40-f1.000-r00:006544.148: Loop 49/100
exp033-n3072-k20-d170-bs40-f1.000-r00:006609.065: log(exp-norms): [3072.0, 3073.92, 3075.56]
exp033-n3072-k20-d170-bs40-f1.000-r00:006609.065: log(norms):     [3072.0, 3074.71, 3076.99, 3077.0, 3077.08, 3077.12, 3077.32, 3077.09, 3077.25, 3077.22]
exp033-n3072-k20-d170-bs40-f1.000-r00:006609.097: (65 sec)
exp033-n3072-k20-d170-bs40-f1.000-r00:006609.097: Loop 50/100
exp033-n3072-k20-d170-bs40-f1.000-r00:006673.960: log(exp-norms): [3072.0, 3073.92, 3075.56]
exp033-n3072-k20-d170-bs40-f1.000-r00:006673.960: log(norms):     [3072.0, 3074.71, 3076.99, 3077.0, 3077.08, 3077.12, 3077.32, 3077.09, 3077.25, 3077.22]
exp033-n3072-k20-d170-bs40-f1.000-r00:006673.991: (65 sec)
exp033-n3072-k20-d170-bs40-f1.000-r00:006673.991: Loop 51/100
exp033-n3072-k20-d170-bs40-f1.000-r00:006735.172: log(exp-norms): [3072.0, 3073.92, 3075.56]
exp033-n3072-k20-d170-bs40-f1.000-r00:006735.173: log(norms):     [3072.0, 3074.71, 3076.99, 3077.0, 3077.08, 3077.12, 3077.32, 3077.09, 3077.25, 3077.12]
exp033-n3072-k20-d170-bs40-f1.000-r00:006735.203: (62 sec)
exp033-n3072-k20-d170-bs40-f1.000-r00:006735.203: Loop 52/100
exp033-n3072-k20-d170-bs40-f1.000-r00:006801.157: log(exp-norms): [3072.0, 3073.92, 3075.56]
exp033-n3072-k20-d170-bs40-f1.000-r00:006801.158: log(norms):     [3072.0, 3074.71, 3076.99, 3077.0, 3077.08, 3077.12, 3077.2, 3077.1, 3077.06, 3077.09]
exp033-n3072-k20-d170-bs40-f1.000-r00:006801.188: (66 sec)
exp033-n3072-k20-d170-bs40-f1.000-r00:006801.189: Loop 53/100
exp033-n3072-k20-d170-bs40-f1.000-r00:006863.214: log(exp-norms): [3072.0, 3073.92, 3075.56]
exp033-n3072-k20-d170-bs40-f1.000-r00:006863.214: log(norms):     [3072.0, 3074.71, 3076.99, 3077.0, 3077.08, 3077.12, 3077.2, 3077.24, 3077.18, 3077.31]
exp033-n3072-k20-d170-bs40-f1.000-r00:006863.245: (63 sec)
exp033-n3072-k20-d170-bs40-f1.000-r00:006863.245: Loop 54/100
exp033-n3072-k20-d170-bs40-f1.000-r00:006927.008: log(exp-norms): [3072.0, 3073.92, 3075.56]
exp033-n3072-k20-d170-bs40-f1.000-r00:006927.009: log(norms):     [3072.0, 3074.71, 3076.99, 3077.0, 3077.08, 3077.12, 3077.2, 3077.24, 3077.18, 3077.31]
exp033-n3072-k20-d170-bs40-f1.000-r00:006927.042: (64 sec)
exp033-n3072-k20-d170-bs40-f1.000-r00:006927.042: Loop 55/100
exp033-n3072-k20-d170-bs40-f1.000-r00:006991.672: log(exp-norms): [3072.0, 3073.92, 3075.56]
exp033-n3072-k20-d170-bs40-f1.000-r00:006991.672: log(norms):     [3072.0, 3074.71, 3076.99, 3077.0, 3077.08, 3077.12, 3077.2, 3077.24, 3077.18, 3077.31]
exp033-n3072-k20-d170-bs40-f1.000-r00:006991.703: (65 sec)
exp033-n3072-k20-d170-bs40-f1.000-r00:006991.703: Loop 56/100
exp033-n3072-k20-d170-bs40-f1.000-r00:007051.892: log(exp-norms): [3072.0, 3073.92, 3075.56]
exp033-n3072-k20-d170-bs40-f1.000-r00:007051.893: log(norms):     [3072.0, 3074.71, 3076.99, 3077.0, 3077.08, 3077.12, 3077.2, 3077.24, 3077.18, 3077.31]
exp033-n3072-k20-d170-bs40-f1.000-r00:007051.923: (61 sec)
exp033-n3072-k20-d170-bs40-f1.000-r00:007051.924: Loop 57/100
exp033-n3072-k20-d170-bs40-f1.000-r00:007119.467: log(exp-norms): [3072.0, 3073.92, 3075.56]
exp033-n3072-k20-d170-bs40-f1.000-r00:007119.467: log(norms):     [3072.0, 3074.71, 3076.99, 3077.0, 3077.08, 3077.12, 3077.2, 3077.24, 3077.18, 3077.31]
exp033-n3072-k20-d170-bs40-f1.000-r00:007119.499: (68 sec)
exp033-n3072-k20-d170-bs40-f1.000-r00:007119.499: Loop 58/100
exp033-n3072-k20-d170-bs40-f1.000-r00:007184.655: log(exp-norms): [3072.0, 3073.92, 3075.56]
exp033-n3072-k20-d170-bs40-f1.000-r00:007184.655: log(norms):     [3072.0, 3074.71, 3076.99, 3077.0, 3077.08, 3077.12, 3077.11, 3077.2, 3077.24, 3077.18]
exp033-n3072-k20-d170-bs40-f1.000-r00:007184.687: (66 sec)
exp033-n3072-k20-d170-bs40-f1.000-r00:007184.687: Loop 59/100
exp033-n3072-k20-d170-bs40-f1.000-r00:007248.927: log(exp-norms): [3072.0, 3073.92, 3075.56]
exp033-n3072-k20-d170-bs40-f1.000-r00:007248.928: log(norms):     [3072.0, 3074.71, 3076.99, 3077.0, 3077.08, 3077.12, 3077.11, 3077.2, 3077.24, 3077.18]
exp033-n3072-k20-d170-bs40-f1.000-r00:007248.958: (65 sec)
exp033-n3072-k20-d170-bs40-f1.000-r00:007248.959: Loop 60/100
exp033-n3072-k20-d170-bs40-f1.000-r00:007313.573: log(exp-norms): [3072.0, 3073.92, 3075.56]
exp033-n3072-k20-d170-bs40-f1.000-r00:007313.574: log(norms):     [3072.0, 3074.71, 3076.99, 3077.0, 3077.08, 3077.12, 3077.11, 3077.2, 3077.24, 3077.18]
exp033-n3072-k20-d170-bs40-f1.000-r00:007313.604: (65 sec)
exp033-n3072-k20-d170-bs40-f1.000-r00:007313.605: Loop 61/100
exp033-n3072-k20-d170-bs40-f1.000-r00:007381.692: log(exp-norms): [3072.0, 3073.92, 3075.56]
exp033-n3072-k20-d170-bs40-f1.000-r00:007381.693: log(norms):     [3072.0, 3074.71, 3076.99, 3077.0, 3077.08, 3077.12, 3077.11, 3077.2, 3077.24, 3077.18]
exp033-n3072-k20-d170-bs40-f1.000-r00:007381.723: (69 sec)
exp033-n3072-k20-d170-bs40-f1.000-r00:007381.724: Loop 62/100
exp033-n3072-k20-d170-bs40-f1.000-r00:007448.424: log(exp-norms): [3072.0, 3073.92, 3075.56]
exp033-n3072-k20-d170-bs40-f1.000-r00:007448.424: log(norms):     [3072.0, 3074.71, 3076.99, 3077.0, 3077.08, 3077.12, 3077.11, 3077.2, 3077.24, 3077.18]
exp033-n3072-k20-d170-bs40-f1.000-r00:007448.456: (67 sec)
exp033-n3072-k20-d170-bs40-f1.000-r00:007448.456: Loop 63/100
exp033-n3072-k20-d170-bs40-f1.000-r00:007513.935: log(exp-norms): [3072.0, 3073.92, 3075.56]
exp033-n3072-k20-d170-bs40-f1.000-r00:007513.935: log(norms):     [3072.0, 3074.71, 3076.99, 3077.03, 3077.0, 3077.08, 3077.12, 3077.16, 3077.06, 3077.3]
exp033-n3072-k20-d170-bs40-f1.000-r00:007513.966: (66 sec)
exp033-n3072-k20-d170-bs40-f1.000-r00:007513.966: Loop 64/100
exp033-n3072-k20-d170-bs40-f1.000-r00:007578.472: log(exp-norms): [3072.0, 3073.92, 3075.56]
exp033-n3072-k20-d170-bs40-f1.000-r00:007578.472: log(norms):     [3072.0, 3074.71, 3076.99, 3077.03, 3077.0, 3077.08, 3077.12, 3077.16, 3077.06, 3077.3]
exp033-n3072-k20-d170-bs40-f1.000-r00:007578.502: (65 sec)
exp033-n3072-k20-d170-bs40-f1.000-r00:007578.502: Loop 65/100
exp033-n3072-k20-d170-bs40-f1.000-r00:007642.254: log(exp-norms): [3072.0, 3073.92, 3075.56]
exp033-n3072-k20-d170-bs40-f1.000-r00:007642.255: log(norms):     [3072.0, 3074.71, 3076.99, 3077.03, 3077.0, 3077.08, 3077.12, 3077.16, 3077.06, 3077.3]
exp033-n3072-k20-d170-bs40-f1.000-r00:007642.286: (64 sec)
exp033-n3072-k20-d170-bs40-f1.000-r00:007642.286: Loop 66/100
exp033-n3072-k20-d170-bs40-f1.000-r00:007709.474: log(exp-norms): [3072.0, 3073.92, 3075.56]
exp033-n3072-k20-d170-bs40-f1.000-r00:007709.474: log(norms):     [3072.0, 3074.71, 3076.99, 3077.03, 3077.0, 3077.08, 3077.12, 3077.16, 3077.06, 3077.3]
exp033-n3072-k20-d170-bs40-f1.000-r00:007709.505: (68 sec)
exp033-n3072-k20-d170-bs40-f1.000-r00:007709.506: Loop 67/100
exp033-n3072-k20-d170-bs40-f1.000-r00:007775.142: log(exp-norms): [3072.0, 3073.92, 3075.56]
exp033-n3072-k20-d170-bs40-f1.000-r00:007775.143: log(norms):     [3072.0, 3074.71, 3076.99, 3077.03, 3077.0, 3077.08, 3077.12, 3077.16, 3077.06, 3077.3]
exp033-n3072-k20-d170-bs40-f1.000-r00:007775.174: (66 sec)
exp033-n3072-k20-d170-bs40-f1.000-r00:007775.174: Loop 68/100
exp033-n3072-k20-d170-bs40-f1.000-r00:007814.556: log(exp-norms): [3072.0, 3073.92, 3075.56]
exp033-n3072-k20-d170-bs40-f1.000-r00:007814.556: log(norms):     [3072.0, 3074.71, 3076.99, 3077.03, 3077.0, 3077.08, 3077.12, 3077.16, 3077.06, 3077.3]
exp033-n3072-k20-d170-bs40-f1.000-r00:007814.587: (40 sec)
exp033-n3072-k20-d170-bs40-f1.000-r00:007814.587: Loop 69/100
exp033-n3072-k20-d170-bs40-f1.000-r00:007867.422: log(exp-norms): [3072.0, 3073.92, 3075.56]
exp033-n3072-k20-d170-bs40-f1.000-r00:007867.422: log(norms):     [3072.0, 3074.71, 3076.99, 3077.03, 3077.0, 3077.08, 3077.12, 3077.16, 3077.06, 3077.16]
exp033-n3072-k20-d170-bs40-f1.000-r00:007867.453: (53 sec)
exp033-n3072-k20-d170-bs40-f1.000-r00:007867.453: Loop 70/100
exp033-n3072-k20-d170-bs40-f1.000-r00:007928.059: log(exp-norms): [3072.0, 3073.92, 3075.56]
exp033-n3072-k20-d170-bs40-f1.000-r00:007928.060: log(norms):     [3072.0, 3074.71, 3076.99, 3077.03, 3077.0, 3077.08, 3077.12, 3077.16, 3077.06, 3077.16]
exp033-n3072-k20-d170-bs40-f1.000-r00:007928.091: (61 sec)
exp033-n3072-k20-d170-bs40-f1.000-r00:007928.091: Loop 71/100
exp033-n3072-k20-d170-bs40-f1.000-r00:007976.136: log(exp-norms): [3072.0, 3073.92, 3075.56]
exp033-n3072-k20-d170-bs40-f1.000-r00:007976.137: log(norms):     [3072.0, 3074.71, 3076.99, 3077.03, 3077.0, 3077.08, 3077.12, 3077.16, 3077.06, 3077.16]
exp033-n3072-k20-d170-bs40-f1.000-r00:007976.155: (49 sec)
exp033-n3072-k20-d170-bs40-f1.000-r00:007976.156: Loop 72/100
exp033-n3072-k20-d170-bs40-f1.000-r00:008012.808: log(exp-norms): [3072.0, 3073.92, 3075.56]
exp033-n3072-k20-d170-bs40-f1.000-r00:008012.808: log(norms):     [3072.0, 3074.71, 3076.99, 3077.03, 3077.0, 3077.08, 3077.12, 3077.16, 3077.06, 3077.16]
exp033-n3072-k20-d170-bs40-f1.000-r00:008012.827: (37 sec)
exp033-n3072-k20-d170-bs40-f1.000-r00:008012.827: Loop 73/100
exp033-n3072-k20-d170-bs40-f1.000-r00:008068.258: log(exp-norms): [3072.0, 3073.92, 3075.56]
exp033-n3072-k20-d170-bs40-f1.000-r00:008068.259: log(norms):     [3072.0, 3074.71, 3076.99, 3077.03, 3077.0, 3077.08, 3077.12, 3077.16, 3077.06, 3077.16]
exp033-n3072-k20-d170-bs40-f1.000-r00:008068.289: (56 sec)
exp033-n3072-k20-d170-bs40-f1.000-r00:008068.289: Loop 74/100
exp033-n3072-k20-d170-bs40-f1.000-r00:008117.407: log(exp-norms): [3072.0, 3073.92, 3075.56]
exp033-n3072-k20-d170-bs40-f1.000-r00:008117.407: log(norms):     [3072.0, 3074.71, 3076.99, 3077.03, 3077.0, 3077.08, 3077.12, 3077.16, 3077.06, 3077.16]
exp033-n3072-k20-d170-bs40-f1.000-r00:008117.426: (50 sec)
exp033-n3072-k20-d170-bs40-f1.000-r00:008117.426: Loop 75/100
exp033-n3072-k20-d170-bs40-f1.000-r00:008159.595: log(exp-norms): [3072.0, 3073.92, 3075.56]
exp033-n3072-k20-d170-bs40-f1.000-r00:008159.595: log(norms):     [3072.0, 3074.71, 3076.99, 3077.03, 3077.0, 3077.08, 3077.12, 3077.16, 3077.06, 3077.16]
exp033-n3072-k20-d170-bs40-f1.000-r00:008159.614: (43 sec)
exp033-n3072-k20-d170-bs40-f1.000-r00:008159.614: Loop 76/100
exp033-n3072-k20-d170-bs40-f1.000-r00:008206.817: log(exp-norms): [3072.0, 3073.92, 3075.56]
exp033-n3072-k20-d170-bs40-f1.000-r00:008206.818: log(norms):     [3072.0, 3074.71, 3076.99, 3077.03, 3077.0, 3077.08, 3077.12, 3077.16, 3077.06, 3077.16]
exp033-n3072-k20-d170-bs40-f1.000-r00:008206.837: (48 sec)
exp033-n3072-k20-d170-bs40-f1.000-r00:008206.837: Loop 77/100
exp033-n3072-k20-d170-bs40-f1.000-r00:008251.019: log(exp-norms): [3072.0, 3073.92, 3075.56]
exp033-n3072-k20-d170-bs40-f1.000-r00:008251.019: log(norms):     [3072.0, 3074.71, 3076.99, 3077.03, 3077.0, 3077.08, 3077.12, 3077.16, 3077.06, 3077.16]
exp033-n3072-k20-d170-bs40-f1.000-r00:008251.050: (45 sec)
exp033-n3072-k20-d170-bs40-f1.000-r00:008251.050: Loop 78/100
exp033-n3072-k20-d170-bs40-f1.000-r00:008314.334: log(exp-norms): [3072.0, 3073.92, 3075.56]
exp033-n3072-k20-d170-bs40-f1.000-r00:008314.334: log(norms):     [3072.0, 3074.71, 3076.99, 3077.03, 3077.0, 3077.08, 3077.12, 3077.16, 3077.06, 3077.16]
exp033-n3072-k20-d170-bs40-f1.000-r00:008314.365: (64 sec)
exp033-n3072-k20-d170-bs40-f1.000-r00:008314.365: Loop 79/100
exp033-n3072-k20-d170-bs40-f1.000-r00:008381.569: log(exp-norms): [3072.0, 3073.92, 3075.56]
exp033-n3072-k20-d170-bs40-f1.000-r00:008381.570: log(norms):     [3072.0, 3074.71, 3076.99, 3077.03, 3077.21, 3077.0, 3077.16, 3077.06, 3077.16, 3077.35]
exp033-n3072-k20-d170-bs40-f1.000-r00:008381.600: (68 sec)
exp033-n3072-k20-d170-bs40-f1.000-r00:008381.601: Loop 80/100
exp033-n3072-k20-d170-bs40-f1.000-r00:008445.635: log(exp-norms): [3072.0, 3073.92, 3075.56]
exp033-n3072-k20-d170-bs40-f1.000-r00:008445.636: log(norms):     [3072.0, 3074.71, 3076.99, 3077.03, 3077.21, 3077.0, 3077.16, 3077.06, 3077.16, 3077.35]
exp033-n3072-k20-d170-bs40-f1.000-r00:008445.667: (65 sec)
exp033-n3072-k20-d170-bs40-f1.000-r00:008445.667: Loop 81/100
exp033-n3072-k20-d170-bs40-f1.000-r00:008506.926: log(exp-norms): [3072.0, 3073.92, 3075.56]
exp033-n3072-k20-d170-bs40-f1.000-r00:008506.927: log(norms):     [3072.0, 3074.71, 3076.99, 3077.03, 3077.21, 3077.0, 3077.16, 3077.06, 3077.16, 3077.35]
exp033-n3072-k20-d170-bs40-f1.000-r00:008506.956: (62 sec)
exp033-n3072-k20-d170-bs40-f1.000-r00:008506.957: Loop 82/100
exp033-n3072-k20-d170-bs40-f1.000-r00:008565.794: log(exp-norms): [3072.0, 3073.92, 3075.56]
exp033-n3072-k20-d170-bs40-f1.000-r00:008565.795: log(norms):     [3072.0, 3074.71, 3076.99, 3077.03, 3077.21, 3077.0, 3077.17, 3077.08, 3077.22, 3077.11]
exp033-n3072-k20-d170-bs40-f1.000-r00:008565.825: (59 sec)
exp033-n3072-k20-d170-bs40-f1.000-r00:008565.825: Loop 83/100
exp033-n3072-k20-d170-bs40-f1.000-r00:008632.590: log(exp-norms): [3072.0, 3073.92, 3075.56]
exp033-n3072-k20-d170-bs40-f1.000-r00:008632.591: log(norms):     [3072.0, 3074.71, 3076.99, 3077.03, 3077.21, 3077.0, 3077.17, 3077.08, 3077.22, 3077.23]
exp033-n3072-k20-d170-bs40-f1.000-r00:008632.621: (67 sec)
exp033-n3072-k20-d170-bs40-f1.000-r00:008632.622: Loop 84/100
exp033-n3072-k20-d170-bs40-f1.000-r00:008692.634: log(exp-norms): [3072.0, 3073.92, 3075.56]
exp033-n3072-k20-d170-bs40-f1.000-r00:008692.635: log(norms):     [3072.0, 3074.71, 3076.99, 3077.03, 3077.21, 3077.0, 3077.17, 3077.08, 3077.22, 3077.23]
exp033-n3072-k20-d170-bs40-f1.000-r00:008692.665: (61 sec)
exp033-n3072-k20-d170-bs40-f1.000-r00:008692.665: Loop 85/100
exp033-n3072-k20-d170-bs40-f1.000-r00:008749.546: log(exp-norms): [3072.0, 3073.92, 3075.56]
exp033-n3072-k20-d170-bs40-f1.000-r00:008749.546: log(norms):     [3072.0, 3074.71, 3076.99, 3077.03, 3077.21, 3077.0, 3077.17, 3077.08, 3077.22, 3077.23]
exp033-n3072-k20-d170-bs40-f1.000-r00:008749.577: (57 sec)
exp033-n3072-k20-d170-bs40-f1.000-r00:008749.577: Loop 86/100
exp033-n3072-k20-d170-bs40-f1.000-r00:008803.530: log(exp-norms): [3072.0, 3073.92, 3075.56]
exp033-n3072-k20-d170-bs40-f1.000-r00:008803.531: log(norms):     [3072.0, 3074.71, 3076.99, 3077.03, 3077.21, 3077.0, 3077.17, 3077.08, 3077.22, 3077.23]
exp033-n3072-k20-d170-bs40-f1.000-r00:008803.550: (54 sec)
exp033-n3072-k20-d170-bs40-f1.000-r00:008803.550: Loop 87/100
exp033-n3072-k20-d170-bs40-f1.000-r00:008858.847: log(exp-norms): [3072.0, 3073.92, 3075.56]
exp033-n3072-k20-d170-bs40-f1.000-r00:008858.848: log(norms):     [3072.0, 3074.71, 3076.97, 3077.0, 3076.99, 3077.08, 3077.18, 3077.28, 3077.03, 3077.23]
exp033-n3072-k20-d170-bs40-f1.000-r00:008858.878: (56 sec)
exp033-n3072-k20-d170-bs40-f1.000-r00:008858.878: Loop 88/100
exp033-n3072-k20-d170-bs40-f1.000-r00:008923.248: log(exp-norms): [3072.0, 3073.92, 3075.56]
exp033-n3072-k20-d170-bs40-f1.000-r00:008923.248: log(norms):     [3072.0, 3074.71, 3076.97, 3077.0, 3076.99, 3077.08, 3077.18, 3077.28, 3077.03, 3077.23]
exp033-n3072-k20-d170-bs40-f1.000-r00:008923.278: (65 sec)
exp033-n3072-k20-d170-bs40-f1.000-r00:008923.279: Loop 89/100
exp033-n3072-k20-d170-bs40-f1.000-r00:008988.060: log(exp-norms): [3072.0, 3073.92, 3075.56]
exp033-n3072-k20-d170-bs40-f1.000-r00:008988.060: log(norms):     [3072.0, 3074.71, 3076.97, 3077.0, 3076.99, 3077.08, 3077.18, 3077.28, 3077.03, 3077.23]
exp033-n3072-k20-d170-bs40-f1.000-r00:008988.092: (65 sec)
exp033-n3072-k20-d170-bs40-f1.000-r00:008988.092: Loop 90/100
exp033-n3072-k20-d170-bs40-f1.000-r00:009050.051: log(exp-norms): [3072.0, 3073.92, 3075.56]
exp033-n3072-k20-d170-bs40-f1.000-r00:009050.052: log(norms):     [3072.0, 3074.71, 3076.97, 3077.0, 3076.99, 3077.08, 3077.18, 3077.28, 3077.03, 3077.23]
exp033-n3072-k20-d170-bs40-f1.000-r00:009050.083: (62 sec)
exp033-n3072-k20-d170-bs40-f1.000-r00:009050.083: Loop 91/100
exp033-n3072-k20-d170-bs40-f1.000-r00:009113.490: log(exp-norms): [3072.0, 3073.92, 3075.56]
exp033-n3072-k20-d170-bs40-f1.000-r00:009113.491: log(norms):     [3072.0, 3074.71, 3076.97, 3077.0, 3076.99, 3077.08, 3077.18, 3077.28, 3077.03, 3077.23]
exp033-n3072-k20-d170-bs40-f1.000-r00:009113.522: (64 sec)
exp033-n3072-k20-d170-bs40-f1.000-r00:009113.522: Loop 92/100
exp033-n3072-k20-d170-bs40-f1.000-r00:009178.960: log(exp-norms): [3072.0, 3073.92, 3075.56]
exp033-n3072-k20-d170-bs40-f1.000-r00:009178.960: log(norms):     [3072.0, 3074.71, 3076.97, 3077.0, 3076.99, 3077.08, 3077.18, 3077.28, 3077.03, 3077.23]
exp033-n3072-k20-d170-bs40-f1.000-r00:009178.990: (66 sec)
exp033-n3072-k20-d170-bs40-f1.000-r00:009178.990: Loop 93/100
exp033-n3072-k20-d170-bs40-f1.000-r00:009240.634: log(exp-norms): [3072.0, 3073.92, 3075.56]
exp033-n3072-k20-d170-bs40-f1.000-r00:009240.634: log(norms):     [3072.0, 3074.71, 3076.97, 3077.0, 3076.99, 3077.08, 3077.18, 3077.28, 3077.03, 3077.23]
exp033-n3072-k20-d170-bs40-f1.000-r00:009240.665: (62 sec)
exp033-n3072-k20-d170-bs40-f1.000-r00:009240.666: Loop 94/100
exp033-n3072-k20-d170-bs40-f1.000-r00:009305.341: log(exp-norms): [3072.0, 3073.92, 3075.56]
exp033-n3072-k20-d170-bs40-f1.000-r00:009305.341: log(norms):     [3072.0, 3074.71, 3076.97, 3077.0, 3076.99, 3077.08, 3077.18, 3077.28, 3077.03, 3077.23]
exp033-n3072-k20-d170-bs40-f1.000-r00:009305.371: (65 sec)
exp033-n3072-k20-d170-bs40-f1.000-r00:009305.372: Loop 95/100
exp033-n3072-k20-d170-bs40-f1.000-r00:009363.115: log(exp-norms): [3072.0, 3073.92, 3075.56]
exp033-n3072-k20-d170-bs40-f1.000-r00:009363.116: log(norms):     [3072.0, 3074.71, 3076.97, 3077.0, 3076.99, 3077.08, 3077.18, 3077.28, 3077.03, 3077.23]
exp033-n3072-k20-d170-bs40-f1.000-r00:009363.146: (58 sec)
exp033-n3072-k20-d170-bs40-f1.000-r00:009363.146: Loop 96/100
exp033-n3072-k20-d170-bs40-f1.000-r00:009429.090: log(exp-norms): [3072.0, 3073.92, 3075.56]
exp033-n3072-k20-d170-bs40-f1.000-r00:009429.091: log(norms):     [3072.0, 3074.71, 3076.97, 3077.0, 3076.99, 3077.08, 3077.18, 3077.28, 3077.03, 3077.23]
exp033-n3072-k20-d170-bs40-f1.000-r00:009429.122: (66 sec)
exp033-n3072-k20-d170-bs40-f1.000-r00:009429.122: Loop 97/100
exp033-n3072-k20-d170-bs40-f1.000-r00:009491.158: log(exp-norms): [3072.0, 3073.92, 3075.56]
exp033-n3072-k20-d170-bs40-f1.000-r00:009491.158: log(norms):     [3072.0, 3074.71, 3076.97, 3077.0, 3076.99, 3077.08, 3077.18, 3077.28, 3077.03, 3077.23]
exp033-n3072-k20-d170-bs40-f1.000-r00:009491.194: (63 sec)
exp033-n3072-k20-d170-bs40-f1.000-r00:009491.194: Loop 98/100
exp033-n3072-k20-d170-bs40-f1.000-r00:009547.994: log(exp-norms): [3072.0, 3073.92, 3075.56]
exp033-n3072-k20-d170-bs40-f1.000-r00:009547.995: log(norms):     [3072.0, 3074.71, 3076.97, 3077.0, 3076.99, 3077.08, 3077.18, 3077.28, 3077.03, 3077.23]
exp033-n3072-k20-d170-bs40-f1.000-r00:009548.024: (57 sec)
exp033-n3072-k20-d170-bs40-f1.000-r00:009548.025: Loop 99/100
exp033-n3072-k20-d170-bs40-f1.000-r00:009613.341: log(exp-norms): [3072.0, 3073.92, 3075.56]
exp033-n3072-k20-d170-bs40-f1.000-r00:009613.342: log(norms):     [3072.0, 3074.71, 3076.97, 3077.0, 3076.99, 3077.08, 3077.18, 3077.28, 3077.03, 3077.23]
exp033-n3072-k20-d170-bs40-f1.000-r00:009613.373: (66 sec)
exp033-n3072-k20-d170-bs40-f1.000-r00:009613.373: Loop 100/100
exp033-n3072-k20-d170-bs40-f1.000-r00:009651.585: log(exp-norms): [3072.0, 3073.92, 3075.56]
exp033-n3072-k20-d170-bs40-f1.000-r00:009651.585: log(norms):     [3072.0, 3074.71, 3076.97, 3077.0, 3076.99, 3077.08, 3076.98, 3077.18, 3077.26, 3077.03]
exp033-n3072-k20-d170-bs40-f1.000-r00:009651.603: (39 sec)
exp033-n3072-k20-d170-bs40-f1.000-r00:009651.604: ==========================Summary===========================
exp033-n3072-k20-d170-bs40-f1.000-r00:009651.604: Total time: 9652sec
exp033-n3072-k20-d170-bs40-f1.000-r00:009651.604: FAIL
exp033-n3072-k20-d170-bs40-f1.000-r00:009651.604: SUMMARY:n:3072:k:20:d:170:bs:40:t:9652:r:False
