exp034-n3072-k20-d180-bs40-f1.000-r00:000000.442: ==========================Instance==========================
exp034-n3072-k20-d180-bs40-f1.000-r00:000000.442: # of equations: 180
exp034-n3072-k20-d180-bs40-f1.000-r00:000000.447: Gap: 6.22
exp034-n3072-k20-d180-bs40-f1.000-r00:000000.457: Tau: 11.85
exp034-n3072-k20-d180-bs40-f1.000-r00:000000.458: ======================BKZ-40 reduction======================
exp034-n3072-k20-d180-bs40-f1.000-r00:000004.459: Expectedly achievable log(norm): 3078.16
exp034-n3072-k20-d180-bs40-f1.000-r00:000008.779: log(exp-norms): [3072.0, 3073.96, 3076.6]
exp034-n3072-k20-d180-bs40-f1.000-r00:000008.779: log(norms):     [3094.93, 3074.75, 3092.0, 3092.0, 3092.0, 3092.0, 3092.0, 3092.0, 3092.0, 3092.0]
exp034-n3072-k20-d180-bs40-f1.000-r00:000008.872: Loop 1/100
exp034-n3072-k20-d180-bs40-f1.000-r00:003024.325: log(exp-norms): [3072.0, 3073.96, 3076.6]
exp034-n3072-k20-d180-bs40-f1.000-r00:003024.326: log(norms):     [3074.75, 3079.67, 3079.92, 3079.94, 3080.06, 3080.1, 3080.02, 3080.01, 3080.14, 3079.97]
exp034-n3072-k20-d180-bs40-f1.000-r00:003024.362: (3016 sec)
exp034-n3072-k20-d180-bs40-f1.000-r00:003024.362: Loop 2/100
exp034-n3072-k20-d180-bs40-f1.000-r00:003160.791: log(exp-norms): [3072.0, 3073.96, 3076.6]
exp034-n3072-k20-d180-bs40-f1.000-r00:003160.791: log(norms):     [3072.0, 3074.75, 3079.55, 3079.58, 3079.68, 3079.68, 3079.87, 3079.67, 3079.68, 3079.7]
exp034-n3072-k20-d180-bs40-f1.000-r00:003160.824: (137 sec)
exp034-n3072-k20-d180-bs40-f1.000-r00:003160.825: Loop 3/100
exp034-n3072-k20-d180-bs40-f1.000-r00:003278.402: log(exp-norms): [3072.0, 3073.96, 3076.6]
exp034-n3072-k20-d180-bs40-f1.000-r00:003278.403: log(norms):     [3072.0, 3074.75, 3079.4, 3079.41, 3079.44, 3079.46, 3079.44, 3079.47, 3079.3, 3079.65]
exp034-n3072-k20-d180-bs40-f1.000-r00:003278.440: (118 sec)
exp034-n3072-k20-d180-bs40-f1.000-r00:003278.441: Loop 4/100
exp034-n3072-k20-d180-bs40-f1.000-r00:003380.868: log(exp-norms): [3072.0, 3073.96, 3076.6]
exp034-n3072-k20-d180-bs40-f1.000-r00:003380.868: log(norms):     [3072.0, 3074.75, 3078.99, 3079.23, 3079.15, 3079.05, 3079.11, 3079.33, 3079.34, 3079.28]
exp034-n3072-k20-d180-bs40-f1.000-r00:003380.902: (103 sec)
exp034-n3072-k20-d180-bs40-f1.000-r00:003380.902: Loop 5/100
exp034-n3072-k20-d180-bs40-f1.000-r00:003483.250: log(exp-norms): [3072.0, 3073.96, 3076.6]
exp034-n3072-k20-d180-bs40-f1.000-r00:003483.251: log(norms):     [3072.0, 3073.95, 3074.75, 3078.97, 3079.01, 3078.96, 3079.03, 3079.0, 3079.16, 3079.17]
exp034-n3072-k20-d180-bs40-f1.000-r00:003483.284: (103 sec)
exp034-n3072-k20-d180-bs40-f1.000-r00:003483.284: ==========================Summary===========================
exp034-n3072-k20-d180-bs40-f1.000-r00:003483.284: Total time: 3483sec
exp034-n3072-k20-d180-bs40-f1.000-r00:003483.284: SUCCESS
exp034-n3072-k20-d180-bs40-f1.000-r00:003483.285: HNP solution: 5254079764027161174016261790597937424845525211128216897708401680310855370601638156054125029039961478377145432549972499287462404288721516312210607362595614747332462791265541128932342662342036849132356693762493692248025771293368005713956142408740647879514480648146124972781351086655649028301715002884799479613279651603014629645697435676412069963924081580958757214928432657249155092842585485737358958824575235813973278064865816348277037736913965015927177893556539200912950260195849856495245451963291697889669845779263563403933227995449732794510168312845706887060748063922509968004978445504246368943445003725101871288651782866779314813011248012165264678547500569865725136544944073922605454005257529765167169318184207953191863426811485721305309067207472372863028495212445488468327031290832187590319353272052836579816077575351670079234505940572307155503134303521168468844555097414078346493214666041077902938122005521089150474257814
exp034-n3072-k20-d180-bs40-f1.000-r00:003483.285: Shared secret: 5254079764027161174016261790597937424845525211128216897708401680310855370601638156054125029039961478377145432549972499287462404288721516312210607362595614747332462791265541128932342662342036849132356693762493692248025771293368005713956142408740647879514480648146124972781351086655649028301715002884799479613279651603014629645697435676412069963924081580958757214928432657249155092842585485737358958824575235813973278064865816348277037736913965015927177893556539200912950260195849856495245451963291697889669845779263563403933227995449732794510168312845706887060748063922509968004978445504246368943445003725101871288651782866779314813011248012165264678547500569865725136544944073922605454005257529765167169318184207953191863426811485721305309067207472372863028495212445488468327031290832187590319353272052836579816077575351670079234505940572307155503134303521168468844555097414078346493214666041077902938122005521089150474257814
exp034-n3072-k20-d180-bs40-f1.000-r00:003483.285: SUMMARY:n:3072:k:20:d:180:bs:40:t:3483:r:True
