exp065-n3072-k16-d240-bs50-f1.000-r00:000000.517: ==========================Instance==========================
exp065-n3072-k16-d240-bs50-f1.000-r00:000000.517: # of equations: 240
exp065-n3072-k16-d240-bs50-f1.000-r00:000000.525: Gap: 7.52
exp065-n3072-k16-d240-bs50-f1.000-r00:000000.542: Tau: 15.04
exp065-n3072-k16-d240-bs50-f1.000-r00:000000.543: ======================BKZ-50 reduction======================
exp065-n3072-k16-d240-bs50-f1.000-r00:000008.684: Expectedly achievable log(norm): 3079.35
exp065-n3072-k16-d240-bs50-f1.000-r00:000016.002: log(exp-norms): [3072.0, 3074.17, 3077.08]
exp065-n3072-k16-d240-bs50-f1.000-r00:000016.003: log(norms):     [3091.22, 3074.96, 3088.0, 3088.0, 3088.0, 3088.0, 3088.0, 3088.0, 3088.0, 3088.0]
exp065-n3072-k16-d240-bs50-f1.000-r00:000016.088: Loop 1/100
exp065-n3072-k16-d240-bs50-f1.000-r00:012081.267: log(exp-norms): [3072.0, 3074.17, 3077.08]
exp065-n3072-k16-d240-bs50-f1.000-r00:012081.268: log(norms):     [3074.96, 3082.03, 3082.1, 3082.09, 3082.12, 3082.12, 3082.19, 3082.1, 3082.11, 3081.88]
exp065-n3072-k16-d240-bs50-f1.000-r00:012081.293: (12066 sec)
exp065-n3072-k16-d240-bs50-f1.000-r00:012081.293: Loop 2/100
exp065-n3072-k16-d240-bs50-f1.000-r00:013121.585: log(exp-norms): [3072.0, 3074.17, 3077.08]
exp065-n3072-k16-d240-bs50-f1.000-r00:013121.585: log(norms):     [3074.96, 3081.61, 3081.62, 3081.63, 3081.73, 3081.68, 3081.8, 3081.7, 3081.81, 3081.87]
exp065-n3072-k16-d240-bs50-f1.000-r00:013121.610: (1041 sec)
exp065-n3072-k16-d240-bs50-f1.000-r00:013121.610: Loop 3/100
exp065-n3072-k16-d240-bs50-f1.000-r00:014069.260: log(exp-norms): [3072.0, 3074.17, 3077.08]
exp065-n3072-k16-d240-bs50-f1.000-r00:014069.260: log(norms):     [3072.0, 3074.96, 3081.29, 3081.32, 3081.3, 3081.42, 3081.4, 3081.58, 3081.57, 3081.36]
exp065-n3072-k16-d240-bs50-f1.000-r00:014069.285: (948 sec)
exp065-n3072-k16-d240-bs50-f1.000-r00:014069.285: Loop 4/100
exp065-n3072-k16-d240-bs50-f1.000-r00:015039.529: log(exp-norms): [3072.0, 3074.17, 3077.08]
exp065-n3072-k16-d240-bs50-f1.000-r00:015039.530: log(norms):     [3072.0, 3074.96, 3080.97, 3081.01, 3081.04, 3081.08, 3081.12, 3080.99, 3081.16, 3081.02]
exp065-n3072-k16-d240-bs50-f1.000-r00:015039.556: (971 sec)
exp065-n3072-k16-d240-bs50-f1.000-r00:015039.556: Loop 5/100
exp065-n3072-k16-d240-bs50-f1.000-r00:015965.828: log(exp-norms): [3072.0, 3074.17, 3077.08]
exp065-n3072-k16-d240-bs50-f1.000-r00:015965.829: log(norms):     [3072.0, 3074.96, 3080.72, 3080.75, 3080.83, 3080.7, 3080.82, 3080.65, 3080.74, 3080.72]
exp065-n3072-k16-d240-bs50-f1.000-r00:015965.853: (927 sec)
exp065-n3072-k16-d240-bs50-f1.000-r00:015965.853: Loop 6/100
exp065-n3072-k16-d240-bs50-f1.000-r00:016873.059: log(exp-norms): [3072.0, 3074.17, 3077.08]
exp065-n3072-k16-d240-bs50-f1.000-r00:016873.059: log(norms):     [3072.0, 3074.96, 3080.44, 3080.5, 3080.72, 3080.64, 3080.58, 3080.73, 3080.74, 3080.7]
exp065-n3072-k16-d240-bs50-f1.000-r00:016873.084: (908 sec)
exp065-n3072-k16-d240-bs50-f1.000-r00:016873.084: Loop 7/100
exp065-n3072-k16-d240-bs50-f1.000-r00:017723.719: log(exp-norms): [3072.0, 3074.17, 3077.08]
exp065-n3072-k16-d240-bs50-f1.000-r00:017723.719: log(norms):     [3072.0, 3074.96, 3080.23, 3080.31, 3080.45, 3080.33, 3080.39, 3080.37, 3080.42, 3080.31]
exp065-n3072-k16-d240-bs50-f1.000-r00:017723.744: (851 sec)
exp065-n3072-k16-d240-bs50-f1.000-r00:017723.744: Loop 8/100
exp065-n3072-k16-d240-bs50-f1.000-r00:018562.872: log(exp-norms): [3072.0, 3074.17, 3077.08]
exp065-n3072-k16-d240-bs50-f1.000-r00:018562.872: log(norms):     [3072.0, 3074.96, 3080.13, 3080.14, 3080.18, 3080.18, 3080.26, 3080.32, 3080.2, 3080.4]
exp065-n3072-k16-d240-bs50-f1.000-r00:018562.897: (840 sec)
exp065-n3072-k16-d240-bs50-f1.000-r00:018562.897: Loop 9/100
exp065-n3072-k16-d240-bs50-f1.000-r00:019377.525: log(exp-norms): [3072.0, 3074.17, 3077.08]
exp065-n3072-k16-d240-bs50-f1.000-r00:019377.525: log(norms):     [3072.0, 3074.96, 3079.99, 3080.04, 3080.05, 3080.08, 3080.01, 3080.14, 3080.06, 3080.18]
exp065-n3072-k16-d240-bs50-f1.000-r00:019377.550: (815 sec)
exp065-n3072-k16-d240-bs50-f1.000-r00:019377.550: Loop 10/100
exp065-n3072-k16-d240-bs50-f1.000-r00:020186.788: log(exp-norms): [3072.0, 3074.17, 3077.08]
exp065-n3072-k16-d240-bs50-f1.000-r00:020186.789: log(norms):     [3072.0, 3074.96, 3079.79, 3079.82, 3079.9, 3080.01, 3079.98, 3079.99, 3080.04, 3080.03]
exp065-n3072-k16-d240-bs50-f1.000-r00:020186.814: (810 sec)
exp065-n3072-k16-d240-bs50-f1.000-r00:020186.814: Loop 11/100
exp065-n3072-k16-d240-bs50-f1.000-r00:020978.399: log(exp-norms): [3072.0, 3074.17, 3077.08]
exp065-n3072-k16-d240-bs50-f1.000-r00:020978.400: log(norms):     [3072.0, 3074.96, 3079.79, 3079.9, 3079.82, 3079.88, 3079.82, 3079.93, 3080.0, 3079.99]
exp065-n3072-k16-d240-bs50-f1.000-r00:020978.424: (792 sec)
exp065-n3072-k16-d240-bs50-f1.000-r00:020978.424: Loop 12/100
exp065-n3072-k16-d240-bs50-f1.000-r00:021759.623: log(exp-norms): [3072.0, 3074.17, 3077.08]
exp065-n3072-k16-d240-bs50-f1.000-r00:021759.623: log(norms):     [3072.0, 3074.96, 3079.71, 3079.74, 3079.79, 3079.77, 3079.93, 3079.8, 3079.87, 3079.83]
exp065-n3072-k16-d240-bs50-f1.000-r00:021759.648: (782 sec)
exp065-n3072-k16-d240-bs50-f1.000-r00:021759.648: Loop 13/100
exp065-n3072-k16-d240-bs50-f1.000-r00:022517.415: log(exp-norms): [3072.0, 3074.17, 3077.08]
exp065-n3072-k16-d240-bs50-f1.000-r00:022517.415: log(norms):     [3072.0, 3074.96, 3079.66, 3079.78, 3079.73, 3079.74, 3079.95, 3079.87, 3079.92, 3079.81]
exp065-n3072-k16-d240-bs50-f1.000-r00:022517.441: (758 sec)
exp065-n3072-k16-d240-bs50-f1.000-r00:022517.441: Loop 14/100
exp065-n3072-k16-d240-bs50-f1.000-r00:023275.745: log(exp-norms): [3072.0, 3074.17, 3077.08]
exp065-n3072-k16-d240-bs50-f1.000-r00:023275.745: log(norms):     [3072.0, 3074.96, 3079.6, 3079.61, 3079.74, 3079.61, 3079.67, 3079.8, 3079.85, 3079.65]
exp065-n3072-k16-d240-bs50-f1.000-r00:023275.770: (759 sec)
exp065-n3072-k16-d240-bs50-f1.000-r00:023275.770: Loop 15/100
exp065-n3072-k16-d240-bs50-f1.000-r00:024016.632: log(exp-norms): [3072.0, 3074.17, 3077.08]
exp065-n3072-k16-d240-bs50-f1.000-r00:024016.632: log(norms):     [3072.0, 3074.96, 3079.56, 3079.6, 3079.67, 3079.74, 3079.71, 3079.81, 3079.9, 3079.8]
exp065-n3072-k16-d240-bs50-f1.000-r00:024016.656: (741 sec)
exp065-n3072-k16-d240-bs50-f1.000-r00:024016.656: Loop 16/100
exp065-n3072-k16-d240-bs50-f1.000-r00:024750.751: log(exp-norms): [3072.0, 3074.17, 3077.08]
exp065-n3072-k16-d240-bs50-f1.000-r00:024750.751: log(norms):     [3072.0, 3074.96, 3079.53, 3079.56, 3079.71, 3079.74, 3079.52, 3079.6, 3079.81, 3079.82]
exp065-n3072-k16-d240-bs50-f1.000-r00:024750.777: (735 sec)
exp065-n3072-k16-d240-bs50-f1.000-r00:024750.777: Loop 17/100
exp065-n3072-k16-d240-bs50-f1.000-r00:025474.971: log(exp-norms): [3072.0, 3074.17, 3077.08]
exp065-n3072-k16-d240-bs50-f1.000-r00:025474.971: log(norms):     [3072.0, 3074.96, 3079.49, 3079.52, 3079.53, 3079.68, 3079.73, 3079.7, 3079.7, 3079.34]
exp065-n3072-k16-d240-bs50-f1.000-r00:025474.995: (725 sec)
exp065-n3072-k16-d240-bs50-f1.000-r00:025474.995: Loop 18/100
exp065-n3072-k16-d240-bs50-f1.000-r00:026194.422: log(exp-norms): [3072.0, 3074.17, 3077.08]
exp065-n3072-k16-d240-bs50-f1.000-r00:026194.422: log(norms):     [3072.0, 3074.96, 3079.34, 3079.49, 3079.52, 3079.52, 3079.62, 3079.77, 3079.59, 3079.69]
exp065-n3072-k16-d240-bs50-f1.000-r00:026194.446: (720 sec)
exp065-n3072-k16-d240-bs50-f1.000-r00:026194.447: Loop 19/100
exp065-n3072-k16-d240-bs50-f1.000-r00:026915.800: log(exp-norms): [3072.0, 3074.17, 3077.08]
exp065-n3072-k16-d240-bs50-f1.000-r00:026915.800: log(norms):     [3072.0, 3074.96, 3079.34, 3079.49, 3079.52, 3079.52, 3079.62, 3079.64, 3079.6, 3079.79]
exp065-n3072-k16-d240-bs50-f1.000-r00:026915.824: (722 sec)
exp065-n3072-k16-d240-bs50-f1.000-r00:026915.824: Loop 20/100
exp065-n3072-k16-d240-bs50-f1.000-r00:027668.706: log(exp-norms): [3072.0, 3074.17, 3077.08]
exp065-n3072-k16-d240-bs50-f1.000-r00:027668.707: log(norms):     [3072.0, 3074.96, 3079.34, 3079.48, 3079.49, 3079.59, 3079.63, 3079.68, 3079.7, 3079.66]
exp065-n3072-k16-d240-bs50-f1.000-r00:027668.731: (753 sec)
exp065-n3072-k16-d240-bs50-f1.000-r00:027668.731: Loop 21/100
exp065-n3072-k16-d240-bs50-f1.000-r00:028376.912: log(exp-norms): [3072.0, 3074.17, 3077.08]
exp065-n3072-k16-d240-bs50-f1.000-r00:028376.912: log(norms):     [3072.0, 3074.96, 3079.34, 3079.48, 3079.49, 3079.59, 3079.62, 3079.68, 3079.61, 3079.72]
exp065-n3072-k16-d240-bs50-f1.000-r00:028376.937: (709 sec)
exp065-n3072-k16-d240-bs50-f1.000-r00:028376.937: Loop 22/100
exp065-n3072-k16-d240-bs50-f1.000-r00:029099.827: log(exp-norms): [3072.0, 3074.17, 3077.08]
exp065-n3072-k16-d240-bs50-f1.000-r00:029099.828: log(norms):     [3072.0, 3074.96, 3079.34, 3079.41, 3079.57, 3079.64, 3079.51, 3079.55, 3079.76, 3079.69]
exp065-n3072-k16-d240-bs50-f1.000-r00:029099.852: (723 sec)
exp065-n3072-k16-d240-bs50-f1.000-r00:029099.852: Loop 23/100
exp065-n3072-k16-d240-bs50-f1.000-r00:029827.035: log(exp-norms): [3072.0, 3074.17, 3077.08]
exp065-n3072-k16-d240-bs50-f1.000-r00:029827.035: log(norms):     [3072.0, 3074.96, 3079.34, 3079.41, 3079.57, 3079.57, 3079.64, 3079.51, 3079.55, 3079.62]
exp065-n3072-k16-d240-bs50-f1.000-r00:029827.060: (728 sec)
exp065-n3072-k16-d240-bs50-f1.000-r00:029827.060: Loop 24/100
exp065-n3072-k16-d240-bs50-f1.000-r00:030542.356: log(exp-norms): [3072.0, 3074.17, 3077.08]
exp065-n3072-k16-d240-bs50-f1.000-r00:030542.356: log(norms):     [3072.0, 3074.96, 3079.34, 3079.41, 3079.57, 3079.4, 3079.46, 3079.48, 3079.49, 3079.55]
exp065-n3072-k16-d240-bs50-f1.000-r00:030542.380: (716 sec)
exp065-n3072-k16-d240-bs50-f1.000-r00:030542.381: Loop 25/100
exp065-n3072-k16-d240-bs50-f1.000-r00:031249.022: log(exp-norms): [3072.0, 3074.17, 3077.08]
exp065-n3072-k16-d240-bs50-f1.000-r00:031249.022: log(norms):     [3072.0, 3074.96, 3079.34, 3079.41, 3079.57, 3079.4, 3079.46, 3079.48, 3079.49, 3079.34]
exp065-n3072-k16-d240-bs50-f1.000-r00:031249.046: (707 sec)
exp065-n3072-k16-d240-bs50-f1.000-r00:031249.047: Loop 26/100
exp065-n3072-k16-d240-bs50-f1.000-r00:031947.904: log(exp-norms): [3072.0, 3074.17, 3077.08]
exp065-n3072-k16-d240-bs50-f1.000-r00:031947.904: log(norms):     [3072.0, 3074.96, 3079.34, 3079.34, 3079.46, 3079.49, 3079.49, 3079.65, 3079.69, 3079.73]
exp065-n3072-k16-d240-bs50-f1.000-r00:031947.928: (699 sec)
exp065-n3072-k16-d240-bs50-f1.000-r00:031947.928: Loop 27/100
exp065-n3072-k16-d240-bs50-f1.000-r00:032672.534: log(exp-norms): [3072.0, 3074.17, 3077.08]
exp065-n3072-k16-d240-bs50-f1.000-r00:032672.534: log(norms):     [3072.0, 3074.96, 3079.34, 3079.34, 3079.46, 3079.49, 3079.49, 3079.49, 3079.65, 3079.62]
exp065-n3072-k16-d240-bs50-f1.000-r00:032672.559: (725 sec)
exp065-n3072-k16-d240-bs50-f1.000-r00:032672.560: Loop 28/100
exp065-n3072-k16-d240-bs50-f1.000-r00:033347.899: log(exp-norms): [3072.0, 3074.17, 3077.08]
exp065-n3072-k16-d240-bs50-f1.000-r00:033347.900: log(norms):     [3072.0, 3074.96, 3079.34, 3079.34, 3079.46, 3079.49, 3079.49, 3079.49, 3079.65, 3079.43]
exp065-n3072-k16-d240-bs50-f1.000-r00:033347.924: (676 sec)
exp065-n3072-k16-d240-bs50-f1.000-r00:033347.924: Loop 29/100
exp065-n3072-k16-d240-bs50-f1.000-r00:034077.547: log(exp-norms): [3072.0, 3074.17, 3077.08]
exp065-n3072-k16-d240-bs50-f1.000-r00:034077.548: log(norms):     [3072.0, 3074.96, 3079.34, 3079.34, 3079.46, 3079.49, 3079.49, 3079.43, 3079.5, 3079.65]
exp065-n3072-k16-d240-bs50-f1.000-r00:034077.572: (730 sec)
exp065-n3072-k16-d240-bs50-f1.000-r00:034077.572: ==========================Summary===========================
exp065-n3072-k16-d240-bs50-f1.000-r00:034077.572: Total time: 34078sec
exp065-n3072-k16-d240-bs50-f1.000-r00:034077.572: SUCCESS
exp065-n3072-k16-d240-bs50-f1.000-r00:034077.572: HNP solution: 5254079764027161174016261790597937424845525211128216897708401680310855370601638156054125029039961478377145432549972499287462404288721516312210607362595614747332462791265541128932342662342036849132356693762493692248025771293368005713956142408740647879514480648146124972781351086655649028301715002884799479613279651603014629645697435676412069963924081580958757214928432657249155092842585485737358958824575235813973278064865816348277037736913965015927177893556539200912950260195849856495245451963291697889669845779263563403933227995449732794510168312845706887060748063922509968004978445504246368943445003725101871288651782866779314813011248012165264678547500569865725136544944073922605454005257529765167169318184207953191863426811485721305309067207472372863028495212445488468327031290832187590319353272052836579816077575351670079234505940572307155503134303521168468844555097414078346493214666041077902938122005521089150474257814
exp065-n3072-k16-d240-bs50-f1.000-r00:034077.573: Shared secret: 5254079764027161174016261790597937424845525211128216897708401680310855370601638156054125029039961478377145432549972499287462404288721516312210607362595614747332462791265541128932342662342036849132356693762493692248025771293368005713956142408740647879514480648146124972781351086655649028301715002884799479613279651603014629645697435676412069963924081580958757214928432657249155092842585485737358958824575235813973278064865816348277037736913965015927177893556539200912950260195849856495245451963291697889669845779263563403933227995449732794510168312845706887060748063922509968004978445504246368943445003725101871288651782866779314813011248012165264678547500569865725136544944073922605454005257529765167169318184207953191863426811485721305309067207472372863028495212445488468327031290832187590319353272052836579816077575351670079234505940572307155503134303521168468844555097414078346493214666041077902938122005521089150474257814
exp065-n3072-k16-d240-bs50-f1.000-r00:034077.573: SUMMARY:n:3072:k:16:d:240:bs:50:t:34078:r:True
