exp066-n3072-k16-d200-bs60-f1.000-r00:000000.501: ==========================Instance==========================
exp066-n3072-k16-d200-bs60-f1.000-r00:000000.502: # of equations: 200
exp066-n3072-k16-d200-bs60-f1.000-r00:000000.509: Gap: 1.29
exp066-n3072-k16-d200-bs60-f1.000-r00:000000.523: Tau: 0.49
exp066-n3072-k16-d200-bs60-f1.000-r00:000000.525: ======================BKZ-60 reduction======================
exp066-n3072-k16-d200-bs60-f1.000-r00:000006.084: Expectedly achievable log(norm): 3075.94
exp066-n3072-k16-d200-bs60-f1.000-r00:000011.613: log(exp-norms): [3072.0, 3074.04, 3074.41]
exp066-n3072-k16-d200-bs60-f1.000-r00:000011.613: log(norms):     [3091.09, 3074.83, 3088.0, 3088.0, 3088.0, 3088.0, 3088.0, 3088.0, 3088.0, 3088.0]
exp066-n3072-k16-d200-bs60-f1.000-r00:000011.718: Loop 1/100
exp066-n3072-k16-d200-bs60-f1.000-r00:004497.515: log(exp-norms): [3072.0, 3074.04, 3074.41]
exp066-n3072-k16-d200-bs60-f1.000-r00:004497.516: log(norms):     [3074.83, 3078.01, 3078.16, 3078.2, 3078.29, 3078.33, 3078.2, 3078.17, 3078.37, 3078.38]
exp066-n3072-k16-d200-bs60-f1.000-r00:004497.553: (4486 sec)
exp066-n3072-k16-d200-bs60-f1.000-r00:004497.553: Loop 2/100
exp066-n3072-k16-d200-bs60-f1.000-r00:006059.912: log(exp-norms): [3072.0, 3074.04, 3074.41]
exp066-n3072-k16-d200-bs60-f1.000-r00:006059.913: log(norms):     [3074.83, 3077.49, 3077.5, 3077.52, 3077.65, 3077.66, 3077.66, 3077.62, 3077.54, 3077.55]
exp066-n3072-k16-d200-bs60-f1.000-r00:006059.935: (1563 sec)
exp066-n3072-k16-d200-bs60-f1.000-r00:006059.936: Loop 3/100
exp066-n3072-k16-d200-bs60-f1.000-r00:007381.255: log(exp-norms): [3072.0, 3074.04, 3074.41]
exp066-n3072-k16-d200-bs60-f1.000-r00:007381.256: log(norms):     [3074.83, 3076.99, 3076.99, 3077.01, 3077.1, 3077.15, 3077.07, 3077.15, 3077.01, 3077.1]
exp066-n3072-k16-d200-bs60-f1.000-r00:007381.292: (1322 sec)
exp066-n3072-k16-d200-bs60-f1.000-r00:007381.292: Loop 4/100
exp066-n3072-k16-d200-bs60-f1.000-r00:008722.712: log(exp-norms): [3072.0, 3074.04, 3074.41]
exp066-n3072-k16-d200-bs60-f1.000-r00:008722.712: log(norms):     [3074.83, 3076.64, 3076.72, 3076.73, 3076.72, 3076.92, 3076.68, 3076.79, 3076.9, 3076.84]
exp066-n3072-k16-d200-bs60-f1.000-r00:008722.734: (1342 sec)
exp066-n3072-k16-d200-bs60-f1.000-r00:008722.734: Loop 5/100
exp066-n3072-k16-d200-bs60-f1.000-r00:009766.382: log(exp-norms): [3072.0, 3074.04, 3074.41]
exp066-n3072-k16-d200-bs60-f1.000-r00:009766.382: log(norms):     [3074.83, 3076.39, 3076.42, 3076.5, 3076.47, 3076.57, 3076.56, 3076.5, 3076.4, 3076.71]
exp066-n3072-k16-d200-bs60-f1.000-r00:009766.414: (1044 sec)
exp066-n3072-k16-d200-bs60-f1.000-r00:009766.414: Loop 6/100
exp066-n3072-k16-d200-bs60-f1.000-r00:010945.948: log(exp-norms): [3072.0, 3074.04, 3074.41]
exp066-n3072-k16-d200-bs60-f1.000-r00:010945.948: log(norms):     [3072.0, 3074.83, 3076.34, 3076.37, 3076.34, 3076.37, 3076.48, 3076.32, 3076.32, 3076.39]
exp066-n3072-k16-d200-bs60-f1.000-r00:010945.969: (1180 sec)
exp066-n3072-k16-d200-bs60-f1.000-r00:010945.970: Loop 7/100
exp066-n3072-k16-d200-bs60-f1.000-r00:011785.663: log(exp-norms): [3072.0, 3074.04, 3074.41]
exp066-n3072-k16-d200-bs60-f1.000-r00:011785.664: log(norms):     [3072.0, 3074.83, 3076.1, 3076.25, 3076.2, 3076.25, 3076.28, 3076.33, 3076.25, 3076.14]
exp066-n3072-k16-d200-bs60-f1.000-r00:011785.685: (840 sec)
exp066-n3072-k16-d200-bs60-f1.000-r00:011785.685: Loop 8/100
exp066-n3072-k16-d200-bs60-f1.000-r00:012617.618: log(exp-norms): [3072.0, 3074.04, 3074.41]
exp066-n3072-k16-d200-bs60-f1.000-r00:012617.619: log(norms):     [3072.0, 3074.83, 3076.09, 3076.1, 3076.2, 3076.14, 3076.36, 3076.12, 3076.13, 3076.16]
exp066-n3072-k16-d200-bs60-f1.000-r00:012617.640: (832 sec)
exp066-n3072-k16-d200-bs60-f1.000-r00:012617.640: Loop 9/100
exp066-n3072-k16-d200-bs60-f1.000-r00:013492.946: log(exp-norms): [3072.0, 3074.04, 3074.41]
exp066-n3072-k16-d200-bs60-f1.000-r00:013492.946: log(norms):     [3072.0, 3074.83, 3076.1, 3076.08, 3076.12, 3076.13, 3076.32, 3076.15, 3076.11, 3076.13]
exp066-n3072-k16-d200-bs60-f1.000-r00:013492.967: (876 sec)
exp066-n3072-k16-d200-bs60-f1.000-r00:013492.967: Loop 10/100
exp066-n3072-k16-d200-bs60-f1.000-r00:014403.154: log(exp-norms): [3072.0, 3074.04, 3074.41]
exp066-n3072-k16-d200-bs60-f1.000-r00:014403.154: log(norms):     [3072.0, 3074.83, 3075.91, 3075.93, 3076.0, 3076.06, 3076.06, 3076.21, 3076.16, 3076.16]
exp066-n3072-k16-d200-bs60-f1.000-r00:014403.175: (911 sec)
exp066-n3072-k16-d200-bs60-f1.000-r00:014403.175: Loop 11/100
exp066-n3072-k16-d200-bs60-f1.000-r00:015243.068: log(exp-norms): [3072.0, 3074.04, 3074.41]
exp066-n3072-k16-d200-bs60-f1.000-r00:015243.069: log(norms):     [3072.0, 3074.83, 3075.91, 3075.93, 3076.0, 3076.06, 3076.16, 3076.24, 3076.2, 3076.18]
exp066-n3072-k16-d200-bs60-f1.000-r00:015243.089: (840 sec)
exp066-n3072-k16-d200-bs60-f1.000-r00:015243.090: Loop 12/100
exp066-n3072-k16-d200-bs60-f1.000-r00:016139.296: log(exp-norms): [3072.0, 3074.04, 3074.41]
exp066-n3072-k16-d200-bs60-f1.000-r00:016139.296: log(norms):     [3072.0, 3074.83, 3075.91, 3075.93, 3076.0, 3076.06, 3076.2, 3076.18, 3076.04, 3076.26]
exp066-n3072-k16-d200-bs60-f1.000-r00:016139.319: (897 sec)
exp066-n3072-k16-d200-bs60-f1.000-r00:016139.319: Loop 13/100
exp066-n3072-k16-d200-bs60-f1.000-r00:016993.205: log(exp-norms): [3072.0, 3074.04, 3074.41]
exp066-n3072-k16-d200-bs60-f1.000-r00:016993.205: log(norms):     [3072.0, 3074.83, 3075.91, 3075.93, 3076.0, 3076.02, 3076.13, 3076.16, 3076.08, 3076.19]
exp066-n3072-k16-d200-bs60-f1.000-r00:016993.226: (854 sec)
exp066-n3072-k16-d200-bs60-f1.000-r00:016993.226: Loop 14/100
exp066-n3072-k16-d200-bs60-f1.000-r00:017852.080: log(exp-norms): [3072.0, 3074.04, 3074.41]
exp066-n3072-k16-d200-bs60-f1.000-r00:017852.080: log(norms):     [3072.0, 3074.83, 3075.91, 3075.93, 3076.0, 3076.1, 3076.13, 3076.16, 3076.08, 3076.0]
exp066-n3072-k16-d200-bs60-f1.000-r00:017852.102: (859 sec)
exp066-n3072-k16-d200-bs60-f1.000-r00:017852.102: Loop 15/100
exp066-n3072-k16-d200-bs60-f1.000-r00:018695.256: log(exp-norms): [3072.0, 3074.04, 3074.41]
exp066-n3072-k16-d200-bs60-f1.000-r00:018695.256: log(norms):     [3072.0, 3074.83, 3075.91, 3075.93, 3076.0, 3076.22, 3076.0, 3076.13, 3076.16, 3076.24]
exp066-n3072-k16-d200-bs60-f1.000-r00:018695.277: (844 sec)
exp066-n3072-k16-d200-bs60-f1.000-r00:018695.277: Loop 16/100
exp066-n3072-k16-d200-bs60-f1.000-r00:019546.281: log(exp-norms): [3072.0, 3074.04, 3074.41]
exp066-n3072-k16-d200-bs60-f1.000-r00:019546.282: log(norms):     [3072.0, 3074.83, 3075.91, 3075.93, 3076.0, 3075.87, 3076.06, 3076.13, 3075.94, 3076.21]
exp066-n3072-k16-d200-bs60-f1.000-r00:019546.302: (852 sec)
exp066-n3072-k16-d200-bs60-f1.000-r00:019546.302: Loop 17/100
exp066-n3072-k16-d200-bs60-f1.000-r00:020382.693: log(exp-norms): [3072.0, 3074.04, 3074.41]
exp066-n3072-k16-d200-bs60-f1.000-r00:020382.694: log(norms):     [3072.0, 3074.83, 3075.87, 3075.94, 3075.97, 3075.91, 3076.17, 3076.03, 3076.1, 3076.28]
exp066-n3072-k16-d200-bs60-f1.000-r00:020382.714: (837 sec)
exp066-n3072-k16-d200-bs60-f1.000-r00:020382.714: Loop 18/100
exp066-n3072-k16-d200-bs60-f1.000-r00:021239.759: log(exp-norms): [3072.0, 3074.04, 3074.41]
exp066-n3072-k16-d200-bs60-f1.000-r00:021239.760: log(norms):     [3072.0, 3074.83, 3075.87, 3075.9, 3075.97, 3075.94, 3076.03, 3075.87, 3076.11, 3076.07]
exp066-n3072-k16-d200-bs60-f1.000-r00:021239.780: (858 sec)
exp066-n3072-k16-d200-bs60-f1.000-r00:021239.780: Loop 19/100
exp066-n3072-k16-d200-bs60-f1.000-r00:022077.192: log(exp-norms): [3072.0, 3074.04, 3074.41]
exp066-n3072-k16-d200-bs60-f1.000-r00:022077.192: log(norms):     [3072.0, 3074.83, 3075.87, 3075.87, 3075.9, 3075.97, 3075.94, 3076.03, 3076.15, 3076.11]
exp066-n3072-k16-d200-bs60-f1.000-r00:022077.214: (838 sec)
exp066-n3072-k16-d200-bs60-f1.000-r00:022077.214: Loop 20/100
exp066-n3072-k16-d200-bs60-f1.000-r00:022893.020: log(exp-norms): [3072.0, 3074.04, 3074.41]
exp066-n3072-k16-d200-bs60-f1.000-r00:022893.020: log(norms):     [3072.0, 3074.83, 3075.87, 3075.87, 3075.9, 3075.97, 3075.94, 3076.14, 3076.03, 3076.18]
exp066-n3072-k16-d200-bs60-f1.000-r00:022893.041: (816 sec)
exp066-n3072-k16-d200-bs60-f1.000-r00:022893.041: Loop 21/100
exp066-n3072-k16-d200-bs60-f1.000-r00:023705.880: log(exp-norms): [3072.0, 3074.04, 3074.41]
exp066-n3072-k16-d200-bs60-f1.000-r00:023705.880: log(norms):     [3072.0, 3074.83, 3075.87, 3075.87, 3075.9, 3075.97, 3075.94, 3076.14, 3076.08, 3076.03]
exp066-n3072-k16-d200-bs60-f1.000-r00:023705.901: (813 sec)
exp066-n3072-k16-d200-bs60-f1.000-r00:023705.901: Loop 22/100
exp066-n3072-k16-d200-bs60-f1.000-r00:024527.206: log(exp-norms): [3072.0, 3074.04, 3074.41]
exp066-n3072-k16-d200-bs60-f1.000-r00:024527.206: log(norms):     [3072.0, 3074.83, 3075.87, 3075.87, 3075.9, 3075.97, 3075.94, 3076.14, 3076.08, 3076.03]
exp066-n3072-k16-d200-bs60-f1.000-r00:024527.226: (822 sec)
exp066-n3072-k16-d200-bs60-f1.000-r00:024527.227: Loop 23/100
exp066-n3072-k16-d200-bs60-f1.000-r00:025338.315: log(exp-norms): [3072.0, 3074.04, 3074.41]
exp066-n3072-k16-d200-bs60-f1.000-r00:025338.315: log(norms):     [3072.0, 3074.83, 3075.87, 3075.87, 3075.9, 3075.97, 3075.94, 3076.14, 3076.12, 3076.11]
exp066-n3072-k16-d200-bs60-f1.000-r00:025338.336: (812 sec)
exp066-n3072-k16-d200-bs60-f1.000-r00:025338.336: Loop 24/100
exp066-n3072-k16-d200-bs60-f1.000-r00:026154.466: log(exp-norms): [3072.0, 3074.04, 3074.41]
exp066-n3072-k16-d200-bs60-f1.000-r00:026154.466: log(norms):     [3072.0, 3074.83, 3075.87, 3075.87, 3075.9, 3075.97, 3075.94, 3076.14, 3076.12, 3076.11]
exp066-n3072-k16-d200-bs60-f1.000-r00:026154.487: (817 sec)
exp066-n3072-k16-d200-bs60-f1.000-r00:026154.487: Loop 25/100
exp066-n3072-k16-d200-bs60-f1.000-r00:026949.444: log(exp-norms): [3072.0, 3074.04, 3074.41]
exp066-n3072-k16-d200-bs60-f1.000-r00:026949.445: log(norms):     [3072.0, 3074.83, 3075.87, 3075.87, 3075.9, 3075.97, 3075.94, 3076.14, 3076.12, 3076.11]
exp066-n3072-k16-d200-bs60-f1.000-r00:026949.465: (795 sec)
exp066-n3072-k16-d200-bs60-f1.000-r00:026949.465: Loop 26/100
exp066-n3072-k16-d200-bs60-f1.000-r00:027738.085: log(exp-norms): [3072.0, 3074.04, 3074.41]
exp066-n3072-k16-d200-bs60-f1.000-r00:027738.085: log(norms):     [3072.0, 3074.83, 3075.87, 3075.87, 3075.9, 3075.97, 3075.94, 3076.14, 3076.12, 3076.11]
exp066-n3072-k16-d200-bs60-f1.000-r00:027738.106: (789 sec)
exp066-n3072-k16-d200-bs60-f1.000-r00:027738.106: Loop 27/100
exp066-n3072-k16-d200-bs60-f1.000-r00:028546.465: log(exp-norms): [3072.0, 3074.04, 3074.41]
exp066-n3072-k16-d200-bs60-f1.000-r00:028546.466: log(norms):     [3072.0, 3074.83, 3075.87, 3075.87, 3075.9, 3075.97, 3075.94, 3076.14, 3076.12, 3076.11]
exp066-n3072-k16-d200-bs60-f1.000-r00:028546.487: (809 sec)
exp066-n3072-k16-d200-bs60-f1.000-r00:028546.487: Loop 28/100
exp066-n3072-k16-d200-bs60-f1.000-r00:029366.213: log(exp-norms): [3072.0, 3074.04, 3074.41]
exp066-n3072-k16-d200-bs60-f1.000-r00:029366.213: log(norms):     [3072.0, 3074.83, 3075.87, 3075.86, 3075.87, 3075.9, 3075.97, 3075.94, 3075.98, 3076.14]
exp066-n3072-k16-d200-bs60-f1.000-r00:029366.234: (820 sec)
exp066-n3072-k16-d200-bs60-f1.000-r00:029366.234: Loop 29/100
exp066-n3072-k16-d200-bs60-f1.000-r00:030186.125: log(exp-norms): [3072.0, 3074.04, 3074.41]
exp066-n3072-k16-d200-bs60-f1.000-r00:030186.126: log(norms):     [3072.0, 3074.83, 3075.87, 3075.86, 3075.87, 3075.85, 3076.14, 3075.97, 3075.9, 3076.1]
exp066-n3072-k16-d200-bs60-f1.000-r00:030186.146: (820 sec)
exp066-n3072-k16-d200-bs60-f1.000-r00:030186.146: Loop 30/100
exp066-n3072-k16-d200-bs60-f1.000-r00:031023.598: log(exp-norms): [3072.0, 3074.04, 3074.41]
exp066-n3072-k16-d200-bs60-f1.000-r00:031023.598: log(norms):     [3072.0, 3074.83, 3075.85, 3075.87, 3075.86, 3076.11, 3076.12, 3076.07, 3075.94, 3076.33]
exp066-n3072-k16-d200-bs60-f1.000-r00:031023.618: (838 sec)
exp066-n3072-k16-d200-bs60-f1.000-r00:031023.619: Loop 31/100
exp066-n3072-k16-d200-bs60-f1.000-r00:031840.386: log(exp-norms): [3072.0, 3074.04, 3074.41]
exp066-n3072-k16-d200-bs60-f1.000-r00:031840.387: log(norms):     [3072.0, 3074.83, 3075.85, 3075.87, 3075.86, 3076.11, 3076.12, 3076.07, 3075.94, 3076.33]
exp066-n3072-k16-d200-bs60-f1.000-r00:031840.407: (817 sec)
exp066-n3072-k16-d200-bs60-f1.000-r00:031840.407: Loop 32/100
exp066-n3072-k16-d200-bs60-f1.000-r00:032668.769: log(exp-norms): [3072.0, 3074.04, 3074.41]
exp066-n3072-k16-d200-bs60-f1.000-r00:032668.769: log(norms):     [3072.0, 3074.83, 3075.85, 3075.92, 3075.97, 3075.87, 3076.11, 3076.12, 3075.94, 3076.16]
exp066-n3072-k16-d200-bs60-f1.000-r00:032668.789: (829 sec)
exp066-n3072-k16-d200-bs60-f1.000-r00:032668.790: Loop 33/100
exp066-n3072-k16-d200-bs60-f1.000-r00:033497.569: log(exp-norms): [3072.0, 3074.04, 3074.41]
exp066-n3072-k16-d200-bs60-f1.000-r00:033497.569: log(norms):     [3072.0, 3074.83, 3075.83, 3075.85, 3075.92, 3075.97, 3075.87, 3075.86, 3076.12, 3076.11]
exp066-n3072-k16-d200-bs60-f1.000-r00:033497.590: (829 sec)
exp066-n3072-k16-d200-bs60-f1.000-r00:033497.590: Loop 34/100
exp066-n3072-k16-d200-bs60-f1.000-r00:034291.995: log(exp-norms): [3072.0, 3074.04, 3074.41]
exp066-n3072-k16-d200-bs60-f1.000-r00:034291.996: log(norms):     [3072.0, 3074.83, 3075.83, 3075.85, 3075.92, 3075.97, 3075.87, 3075.86, 3076.12, 3076.11]
exp066-n3072-k16-d200-bs60-f1.000-r00:034292.016: (795 sec)
exp066-n3072-k16-d200-bs60-f1.000-r00:034292.016: Loop 35/100
exp066-n3072-k16-d200-bs60-f1.000-r00:035122.516: log(exp-norms): [3072.0, 3074.04, 3074.41]
exp066-n3072-k16-d200-bs60-f1.000-r00:035122.517: log(norms):     [3072.0, 3074.83, 3075.83, 3075.85, 3075.92, 3075.97, 3075.87, 3075.86, 3076.12, 3076.11]
exp066-n3072-k16-d200-bs60-f1.000-r00:035122.537: (831 sec)
exp066-n3072-k16-d200-bs60-f1.000-r00:035122.537: Loop 36/100
exp066-n3072-k16-d200-bs60-f1.000-r00:035973.495: log(exp-norms): [3072.0, 3074.04, 3074.41]
exp066-n3072-k16-d200-bs60-f1.000-r00:035973.495: log(norms):     [3072.0, 3074.83, 3075.83, 3075.85, 3075.92, 3075.97, 3075.87, 3075.86, 3076.0, 3076.12]
exp066-n3072-k16-d200-bs60-f1.000-r00:035973.516: (851 sec)
exp066-n3072-k16-d200-bs60-f1.000-r00:035973.516: Loop 37/100
exp066-n3072-k16-d200-bs60-f1.000-r00:036776.844: log(exp-norms): [3072.0, 3074.04, 3074.41]
exp066-n3072-k16-d200-bs60-f1.000-r00:036776.845: log(norms):     [3072.0, 3074.83, 3075.83, 3075.85, 3075.92, 3075.97, 3076.07, 3076.0, 3075.86, 3075.87]
exp066-n3072-k16-d200-bs60-f1.000-r00:036776.865: (804 sec)
exp066-n3072-k16-d200-bs60-f1.000-r00:036776.865: Loop 38/100
exp066-n3072-k16-d200-bs60-f1.000-r00:037598.082: log(exp-norms): [3072.0, 3074.04, 3074.41]
exp066-n3072-k16-d200-bs60-f1.000-r00:037598.083: log(norms):     [3072.0, 3074.83, 3075.83, 3075.85, 3075.92, 3075.97, 3076.07, 3076.0, 3075.86, 3075.87]
exp066-n3072-k16-d200-bs60-f1.000-r00:037598.104: (822 sec)
exp066-n3072-k16-d200-bs60-f1.000-r00:037598.104: Loop 39/100
exp066-n3072-k16-d200-bs60-f1.000-r00:038404.422: log(exp-norms): [3072.0, 3074.04, 3074.41]
exp066-n3072-k16-d200-bs60-f1.000-r00:038404.422: log(norms):     [3072.0, 3074.83, 3075.83, 3075.85, 3075.92, 3075.97, 3076.07, 3076.0, 3075.86, 3075.87]
exp066-n3072-k16-d200-bs60-f1.000-r00:038404.443: (807 sec)
exp066-n3072-k16-d200-bs60-f1.000-r00:038404.443: Loop 40/100
exp066-n3072-k16-d200-bs60-f1.000-r00:039222.619: log(exp-norms): [3072.0, 3074.04, 3074.41]
exp066-n3072-k16-d200-bs60-f1.000-r00:039222.619: log(norms):     [3072.0, 3074.83, 3075.83, 3075.85, 3075.92, 3075.97, 3076.07, 3076.0, 3075.86, 3075.87]
exp066-n3072-k16-d200-bs60-f1.000-r00:039222.640: (819 sec)
exp066-n3072-k16-d200-bs60-f1.000-r00:039222.640: Loop 41/100
exp066-n3072-k16-d200-bs60-f1.000-r00:040076.039: log(exp-norms): [3072.0, 3074.04, 3074.41]
exp066-n3072-k16-d200-bs60-f1.000-r00:040076.040: log(norms):     [3072.0, 3074.83, 3075.83, 3075.85, 3075.84, 3075.92, 3075.86, 3076.0, 3075.87, 3075.99]
exp066-n3072-k16-d200-bs60-f1.000-r00:040076.060: (854 sec)
exp066-n3072-k16-d200-bs60-f1.000-r00:040076.061: Loop 42/100
exp066-n3072-k16-d200-bs60-f1.000-r00:040911.408: log(exp-norms): [3072.0, 3074.04, 3074.41]
exp066-n3072-k16-d200-bs60-f1.000-r00:040911.408: log(norms):     [3072.0, 3074.83, 3075.83, 3075.85, 3075.84, 3075.92, 3075.86, 3076.0, 3075.87, 3075.99]
exp066-n3072-k16-d200-bs60-f1.000-r00:040911.427: (836 sec)
exp066-n3072-k16-d200-bs60-f1.000-r00:040911.427: Loop 43/100
exp066-n3072-k16-d200-bs60-f1.000-r00:041736.897: log(exp-norms): [3072.0, 3074.04, 3074.41]
exp066-n3072-k16-d200-bs60-f1.000-r00:041736.897: log(norms):     [3072.0, 3074.83, 3075.83, 3075.85, 3075.84, 3075.92, 3075.86, 3076.0, 3075.87, 3075.99]
exp066-n3072-k16-d200-bs60-f1.000-r00:041736.917: (826 sec)
exp066-n3072-k16-d200-bs60-f1.000-r00:041736.917: Loop 44/100
exp066-n3072-k16-d200-bs60-f1.000-r00:042527.328: log(exp-norms): [3072.0, 3074.04, 3074.41]
exp066-n3072-k16-d200-bs60-f1.000-r00:042527.329: log(norms):     [3072.0, 3074.83, 3075.83, 3075.85, 3075.84, 3075.92, 3075.86, 3076.0, 3076.03, 3075.96]
exp066-n3072-k16-d200-bs60-f1.000-r00:042527.348: (791 sec)
exp066-n3072-k16-d200-bs60-f1.000-r00:042527.348: Loop 45/100
exp066-n3072-k16-d200-bs60-f1.000-r00:043302.268: log(exp-norms): [3072.0, 3074.04, 3074.41]
exp066-n3072-k16-d200-bs60-f1.000-r00:043302.268: log(norms):     [3072.0, 3074.83, 3075.83, 3075.85, 3075.84, 3075.92, 3075.86, 3076.0, 3076.03, 3075.96]
exp066-n3072-k16-d200-bs60-f1.000-r00:043302.287: (775 sec)
exp066-n3072-k16-d200-bs60-f1.000-r00:043302.287: Loop 46/100
exp066-n3072-k16-d200-bs60-f1.000-r00:044069.946: log(exp-norms): [3072.0, 3074.04, 3074.41]
exp066-n3072-k16-d200-bs60-f1.000-r00:044069.946: log(norms):     [3072.0, 3074.83, 3075.83, 3075.85, 3075.84, 3075.92, 3075.86, 3076.0, 3076.03, 3076.09]
exp066-n3072-k16-d200-bs60-f1.000-r00:044069.965: (768 sec)
exp066-n3072-k16-d200-bs60-f1.000-r00:044069.965: Loop 47/100
exp066-n3072-k16-d200-bs60-f1.000-r00:044879.250: log(exp-norms): [3072.0, 3074.04, 3074.41]
exp066-n3072-k16-d200-bs60-f1.000-r00:044879.251: log(norms):     [3072.0, 3074.83, 3075.83, 3075.85, 3075.84, 3075.92, 3076.1, 3075.86, 3076.0, 3076.03]
exp066-n3072-k16-d200-bs60-f1.000-r00:044879.270: (810 sec)
exp066-n3072-k16-d200-bs60-f1.000-r00:044879.270: Loop 48/100
exp066-n3072-k16-d200-bs60-f1.000-r00:045658.622: log(exp-norms): [3072.0, 3074.04, 3074.41]
exp066-n3072-k16-d200-bs60-f1.000-r00:045658.622: log(norms):     [3072.0, 3074.83, 3075.83, 3075.85, 3075.84, 3075.92, 3076.1, 3075.86, 3076.0, 3076.03]
exp066-n3072-k16-d200-bs60-f1.000-r00:045658.641: (780 sec)
exp066-n3072-k16-d200-bs60-f1.000-r00:045658.642: Loop 49/100
exp066-n3072-k16-d200-bs60-f1.000-r00:046474.074: log(exp-norms): [3072.0, 3074.04, 3074.41]
exp066-n3072-k16-d200-bs60-f1.000-r00:046474.074: log(norms):     [3072.0, 3074.83, 3075.83, 3075.85, 3075.84, 3075.92, 3076.1, 3075.96, 3075.86, 3076.05]
exp066-n3072-k16-d200-bs60-f1.000-r00:046474.093: (816 sec)
exp066-n3072-k16-d200-bs60-f1.000-r00:046474.094: Loop 50/100
exp066-n3072-k16-d200-bs60-f1.000-r00:047276.318: log(exp-norms): [3072.0, 3074.04, 3074.41]
exp066-n3072-k16-d200-bs60-f1.000-r00:047276.318: log(norms):     [3072.0, 3074.83, 3075.83, 3075.85, 3075.84, 3075.92, 3076.1, 3075.96, 3075.86, 3076.05]
exp066-n3072-k16-d200-bs60-f1.000-r00:047276.338: (803 sec)
exp066-n3072-k16-d200-bs60-f1.000-r00:047276.338: Loop 51/100
exp066-n3072-k16-d200-bs60-f1.000-r00:048061.854: log(exp-norms): [3072.0, 3074.04, 3074.41]
exp066-n3072-k16-d200-bs60-f1.000-r00:048061.854: log(norms):     [3072.0, 3074.83, 3075.83, 3075.85, 3075.84, 3075.91, 3075.86, 3075.96, 3076.0, 3075.92]
exp066-n3072-k16-d200-bs60-f1.000-r00:048061.873: (786 sec)
exp066-n3072-k16-d200-bs60-f1.000-r00:048061.873: Loop 52/100
exp066-n3072-k16-d200-bs60-f1.000-r00:048842.633: log(exp-norms): [3072.0, 3074.04, 3074.41]
exp066-n3072-k16-d200-bs60-f1.000-r00:048842.634: log(norms):     [3072.0, 3074.83, 3075.83, 3075.85, 3075.84, 3075.91, 3075.86, 3075.96, 3076.0, 3075.92]
exp066-n3072-k16-d200-bs60-f1.000-r00:048842.653: (781 sec)
exp066-n3072-k16-d200-bs60-f1.000-r00:048842.653: Loop 53/100
exp066-n3072-k16-d200-bs60-f1.000-r00:049651.798: log(exp-norms): [3072.0, 3074.04, 3074.41]
exp066-n3072-k16-d200-bs60-f1.000-r00:049651.798: log(norms):     [3072.0, 3074.83, 3075.83, 3075.85, 3075.84, 3075.91, 3075.86, 3075.96, 3076.0, 3075.92]
exp066-n3072-k16-d200-bs60-f1.000-r00:049651.817: (810 sec)
exp066-n3072-k16-d200-bs60-f1.000-r00:049651.818: Loop 54/100
exp066-n3072-k16-d200-bs60-f1.000-r00:050424.896: log(exp-norms): [3072.0, 3074.04, 3074.41]
exp066-n3072-k16-d200-bs60-f1.000-r00:050424.896: log(norms):     [3072.0, 3074.83, 3075.83, 3075.85, 3075.84, 3075.91, 3075.86, 3075.96, 3076.0, 3075.92]
exp066-n3072-k16-d200-bs60-f1.000-r00:050424.915: (774 sec)
exp066-n3072-k16-d200-bs60-f1.000-r00:050424.916: Loop 55/100
exp066-n3072-k16-d200-bs60-f1.000-r00:051216.195: log(exp-norms): [3072.0, 3074.04, 3074.41]
exp066-n3072-k16-d200-bs60-f1.000-r00:051216.196: log(norms):     [3072.0, 3074.83, 3075.83, 3075.85, 3075.84, 3075.91, 3075.86, 3075.96, 3076.0, 3075.92]
exp066-n3072-k16-d200-bs60-f1.000-r00:051216.215: (792 sec)
exp066-n3072-k16-d200-bs60-f1.000-r00:051216.215: Loop 56/100
exp066-n3072-k16-d200-bs60-f1.000-r00:052001.731: log(exp-norms): [3072.0, 3074.04, 3074.41]
exp066-n3072-k16-d200-bs60-f1.000-r00:052001.731: log(norms):     [3072.0, 3074.83, 3075.83, 3075.85, 3075.84, 3075.91, 3075.86, 3075.96, 3076.0, 3076.07]
exp066-n3072-k16-d200-bs60-f1.000-r00:052001.751: (786 sec)
exp066-n3072-k16-d200-bs60-f1.000-r00:052001.751: Loop 57/100
exp066-n3072-k16-d200-bs60-f1.000-r00:052780.271: log(exp-norms): [3072.0, 3074.04, 3074.41]
exp066-n3072-k16-d200-bs60-f1.000-r00:052780.272: log(norms):     [3072.0, 3074.83, 3075.83, 3075.85, 3075.84, 3075.91, 3075.86, 3075.96, 3075.95, 3076.09]
exp066-n3072-k16-d200-bs60-f1.000-r00:052780.291: (779 sec)
exp066-n3072-k16-d200-bs60-f1.000-r00:052780.291: Loop 58/100
exp066-n3072-k16-d200-bs60-f1.000-r00:053562.740: log(exp-norms): [3072.0, 3074.04, 3074.41]
exp066-n3072-k16-d200-bs60-f1.000-r00:053562.740: log(norms):     [3072.0, 3074.83, 3075.83, 3075.85, 3075.84, 3075.91, 3075.86, 3075.96, 3075.95, 3076.09]
exp066-n3072-k16-d200-bs60-f1.000-r00:053562.761: (783 sec)
exp066-n3072-k16-d200-bs60-f1.000-r00:053562.761: Loop 59/100
exp066-n3072-k16-d200-bs60-f1.000-r00:054375.896: log(exp-norms): [3072.0, 3074.04, 3074.41]
exp066-n3072-k16-d200-bs60-f1.000-r00:054375.896: log(norms):     [3072.0, 3074.83, 3075.8, 3075.83, 3075.85, 3075.84, 3075.91, 3076.15, 3076.09, 3075.95]
exp066-n3072-k16-d200-bs60-f1.000-r00:054375.915: (814 sec)
exp066-n3072-k16-d200-bs60-f1.000-r00:054375.915: Loop 60/100
exp066-n3072-k16-d200-bs60-f1.000-r00:055152.039: log(exp-norms): [3072.0, 3074.04, 3074.41]
exp066-n3072-k16-d200-bs60-f1.000-r00:055152.039: log(norms):     [3072.0, 3074.83, 3075.8, 3075.83, 3075.85, 3075.84, 3075.91, 3076.15, 3076.09, 3075.95]
exp066-n3072-k16-d200-bs60-f1.000-r00:055152.058: (777 sec)
exp066-n3072-k16-d200-bs60-f1.000-r00:055152.058: Loop 61/100
exp066-n3072-k16-d200-bs60-f1.000-r00:055913.719: log(exp-norms): [3072.0, 3074.04, 3074.41]
exp066-n3072-k16-d200-bs60-f1.000-r00:055913.719: log(norms):     [3072.0, 3074.83, 3075.8, 3075.83, 3075.85, 3075.84, 3075.91, 3076.15, 3076.09, 3075.95]
exp066-n3072-k16-d200-bs60-f1.000-r00:055913.738: (762 sec)
exp066-n3072-k16-d200-bs60-f1.000-r00:055913.738: Loop 62/100
exp066-n3072-k16-d200-bs60-f1.000-r00:056703.235: log(exp-norms): [3072.0, 3074.04, 3074.41]
exp066-n3072-k16-d200-bs60-f1.000-r00:056703.235: log(norms):     [3072.0, 3074.83, 3075.8, 3075.83, 3075.85, 3075.84, 3075.91, 3076.15, 3076.09, 3076.04]
exp066-n3072-k16-d200-bs60-f1.000-r00:056703.254: (790 sec)
exp066-n3072-k16-d200-bs60-f1.000-r00:056703.254: Loop 63/100
exp066-n3072-k16-d200-bs60-f1.000-r00:057475.493: log(exp-norms): [3072.0, 3074.04, 3074.41]
exp066-n3072-k16-d200-bs60-f1.000-r00:057475.493: log(norms):     [3072.0, 3074.83, 3075.8, 3075.83, 3075.85, 3075.84, 3075.91, 3076.15, 3076.09, 3076.04]
exp066-n3072-k16-d200-bs60-f1.000-r00:057475.512: (773 sec)
exp066-n3072-k16-d200-bs60-f1.000-r00:057475.513: Loop 64/100
exp066-n3072-k16-d200-bs60-f1.000-r00:058235.412: log(exp-norms): [3072.0, 3074.04, 3074.41]
exp066-n3072-k16-d200-bs60-f1.000-r00:058235.412: log(norms):     [3072.0, 3074.83, 3075.8, 3075.83, 3075.85, 3075.84, 3075.91, 3076.15, 3076.09, 3076.04]
exp066-n3072-k16-d200-bs60-f1.000-r00:058235.431: (760 sec)
exp066-n3072-k16-d200-bs60-f1.000-r00:058235.431: Loop 65/100
exp066-n3072-k16-d200-bs60-f1.000-r00:059008.242: log(exp-norms): [3072.0, 3074.04, 3074.41]
exp066-n3072-k16-d200-bs60-f1.000-r00:059008.243: log(norms):     [3072.0, 3074.83, 3075.8, 3075.83, 3075.85, 3075.84, 3075.91, 3076.15, 3076.09, 3076.04]
exp066-n3072-k16-d200-bs60-f1.000-r00:059008.262: (773 sec)
exp066-n3072-k16-d200-bs60-f1.000-r00:059008.262: Loop 66/100
exp066-n3072-k16-d200-bs60-f1.000-r00:059807.958: log(exp-norms): [3072.0, 3074.04, 3074.41]
exp066-n3072-k16-d200-bs60-f1.000-r00:059807.958: log(norms):     [3072.0, 3074.83, 3075.8, 3075.83, 3075.85, 3075.84, 3075.91, 3076.15, 3076.09, 3076.04]
exp066-n3072-k16-d200-bs60-f1.000-r00:059807.977: (800 sec)
exp066-n3072-k16-d200-bs60-f1.000-r00:059807.977: Loop 67/100
exp066-n3072-k16-d200-bs60-f1.000-r00:060598.382: log(exp-norms): [3072.0, 3074.04, 3074.41]
exp066-n3072-k16-d200-bs60-f1.000-r00:060598.382: log(norms):     [3072.0, 3074.83, 3075.8, 3075.83, 3075.85, 3075.84, 3075.91, 3076.15, 3076.09, 3076.04]
exp066-n3072-k16-d200-bs60-f1.000-r00:060598.401: (791 sec)
exp066-n3072-k16-d200-bs60-f1.000-r00:060598.401: Loop 68/100
exp066-n3072-k16-d200-bs60-f1.000-r00:061387.523: log(exp-norms): [3072.0, 3074.04, 3074.41]
exp066-n3072-k16-d200-bs60-f1.000-r00:061387.523: log(norms):     [3072.0, 3074.83, 3075.8, 3075.83, 3075.85, 3075.84, 3075.91, 3076.15, 3076.09, 3076.04]
exp066-n3072-k16-d200-bs60-f1.000-r00:061387.542: (790 sec)
exp066-n3072-k16-d200-bs60-f1.000-r00:061387.543: Loop 69/100
exp066-n3072-k16-d200-bs60-f1.000-r00:062162.694: log(exp-norms): [3072.0, 3074.04, 3074.41]
exp066-n3072-k16-d200-bs60-f1.000-r00:062162.694: log(norms):     [3072.0, 3074.83, 3075.8, 3075.83, 3075.85, 3075.84, 3075.91, 3076.15, 3076.09, 3076.04]
exp066-n3072-k16-d200-bs60-f1.000-r00:062162.713: (776 sec)
exp066-n3072-k16-d200-bs60-f1.000-r00:062162.714: Loop 70/100
exp066-n3072-k16-d200-bs60-f1.000-r00:062957.652: log(exp-norms): [3072.0, 3074.04, 3074.41]
exp066-n3072-k16-d200-bs60-f1.000-r00:062957.652: log(norms):     [3072.0, 3074.83, 3075.8, 3075.83, 3075.85, 3075.84, 3075.91, 3076.15, 3076.09, 3076.04]
exp066-n3072-k16-d200-bs60-f1.000-r00:062957.672: (795 sec)
exp066-n3072-k16-d200-bs60-f1.000-r00:062957.673: Loop 71/100
exp066-n3072-k16-d200-bs60-f1.000-r00:063731.171: log(exp-norms): [3072.0, 3074.04, 3074.41]
exp066-n3072-k16-d200-bs60-f1.000-r00:063731.171: log(norms):     [3072.0, 3074.83, 3075.8, 3075.83, 3075.85, 3075.84, 3075.91, 3076.15, 3076.09, 3076.04]
exp066-n3072-k16-d200-bs60-f1.000-r00:063731.190: (774 sec)
exp066-n3072-k16-d200-bs60-f1.000-r00:063731.190: Loop 72/100
exp066-n3072-k16-d200-bs60-f1.000-r00:064492.269: log(exp-norms): [3072.0, 3074.04, 3074.41]
exp066-n3072-k16-d200-bs60-f1.000-r00:064492.269: log(norms):     [3072.0, 3074.83, 3075.8, 3075.83, 3075.85, 3075.84, 3076.01, 3076.04, 3075.91, 3075.9]
exp066-n3072-k16-d200-bs60-f1.000-r00:064492.288: (762 sec)
exp066-n3072-k16-d200-bs60-f1.000-r00:064492.288: Loop 73/100
exp066-n3072-k16-d200-bs60-f1.000-r00:065295.480: log(exp-norms): [3072.0, 3074.04, 3074.41]
exp066-n3072-k16-d200-bs60-f1.000-r00:065295.481: log(norms):     [3072.0, 3074.83, 3075.8, 3075.83, 3075.85, 3075.84, 3076.01, 3076.04, 3075.91, 3075.99]
exp066-n3072-k16-d200-bs60-f1.000-r00:065295.500: (804 sec)
exp066-n3072-k16-d200-bs60-f1.000-r00:065295.500: Loop 74/100
exp066-n3072-k16-d200-bs60-f1.000-r00:066092.596: log(exp-norms): [3072.0, 3074.04, 3074.41]
exp066-n3072-k16-d200-bs60-f1.000-r00:066092.596: log(norms):     [3072.0, 3074.83, 3075.8, 3075.83, 3075.85, 3075.84, 3076.01, 3076.11, 3076.04, 3075.91]
exp066-n3072-k16-d200-bs60-f1.000-r00:066092.615: (798 sec)
exp066-n3072-k16-d200-bs60-f1.000-r00:066092.615: Loop 75/100
exp066-n3072-k16-d200-bs60-f1.000-r00:066883.061: log(exp-norms): [3072.0, 3074.04, 3074.41]
exp066-n3072-k16-d200-bs60-f1.000-r00:066883.062: log(norms):     [3072.0, 3074.83, 3075.8, 3075.83, 3075.85, 3075.84, 3076.01, 3076.11, 3076.04, 3075.91]
exp066-n3072-k16-d200-bs60-f1.000-r00:066883.081: (791 sec)
exp066-n3072-k16-d200-bs60-f1.000-r00:066883.081: Loop 76/100
exp066-n3072-k16-d200-bs60-f1.000-r00:067650.137: log(exp-norms): [3072.0, 3074.04, 3074.41]
exp066-n3072-k16-d200-bs60-f1.000-r00:067650.137: log(norms):     [3072.0, 3074.83, 3075.8, 3075.83, 3075.85, 3075.84, 3076.01, 3076.11, 3076.04, 3075.91]
exp066-n3072-k16-d200-bs60-f1.000-r00:067650.156: (768 sec)
exp066-n3072-k16-d200-bs60-f1.000-r00:067650.157: Loop 77/100
exp066-n3072-k16-d200-bs60-f1.000-r00:068420.269: log(exp-norms): [3072.0, 3074.04, 3074.41]
exp066-n3072-k16-d200-bs60-f1.000-r00:068420.270: log(norms):     [3072.0, 3074.83, 3075.8, 3075.83, 3075.85, 3075.84, 3076.01, 3076.11, 3075.85, 3076.04]
exp066-n3072-k16-d200-bs60-f1.000-r00:068420.289: (771 sec)
exp066-n3072-k16-d200-bs60-f1.000-r00:068420.289: Loop 78/100
exp066-n3072-k16-d200-bs60-f1.000-r00:069206.207: log(exp-norms): [3072.0, 3074.04, 3074.41]
exp066-n3072-k16-d200-bs60-f1.000-r00:069206.208: log(norms):     [3072.0, 3074.83, 3075.8, 3075.83, 3075.85, 3075.85, 3075.84, 3076.01, 3075.97, 3076.02]
exp066-n3072-k16-d200-bs60-f1.000-r00:069206.227: (786 sec)
exp066-n3072-k16-d200-bs60-f1.000-r00:069206.227: Loop 79/100
exp066-n3072-k16-d200-bs60-f1.000-r00:070003.396: log(exp-norms): [3072.0, 3074.04, 3074.41]
exp066-n3072-k16-d200-bs60-f1.000-r00:070003.397: log(norms):     [3072.0, 3074.83, 3075.8, 3075.83, 3075.85, 3075.85, 3075.84, 3076.01, 3075.97, 3076.02]
exp066-n3072-k16-d200-bs60-f1.000-r00:070003.416: (798 sec)
exp066-n3072-k16-d200-bs60-f1.000-r00:070003.416: Loop 80/100
exp066-n3072-k16-d200-bs60-f1.000-r00:070775.318: log(exp-norms): [3072.0, 3074.04, 3074.41]
exp066-n3072-k16-d200-bs60-f1.000-r00:070775.318: log(norms):     [3072.0, 3074.83, 3075.8, 3075.83, 3075.85, 3075.85, 3075.84, 3076.01, 3075.97, 3076.02]
exp066-n3072-k16-d200-bs60-f1.000-r00:070775.337: (772 sec)
exp066-n3072-k16-d200-bs60-f1.000-r00:070775.337: Loop 81/100
exp066-n3072-k16-d200-bs60-f1.000-r00:071582.940: log(exp-norms): [3072.0, 3074.04, 3074.41]
exp066-n3072-k16-d200-bs60-f1.000-r00:071582.940: log(norms):     [3072.0, 3074.83, 3075.8, 3075.83, 3075.85, 3075.85, 3075.84, 3076.01, 3075.97, 3076.02]
exp066-n3072-k16-d200-bs60-f1.000-r00:071582.959: (808 sec)
exp066-n3072-k16-d200-bs60-f1.000-r00:071582.959: Loop 82/100
exp066-n3072-k16-d200-bs60-f1.000-r00:072359.672: log(exp-norms): [3072.0, 3074.04, 3074.41]
exp066-n3072-k16-d200-bs60-f1.000-r00:072359.673: log(norms):     [3072.0, 3074.83, 3075.8, 3075.83, 3075.85, 3075.85, 3075.84, 3076.01, 3075.97, 3076.02]
exp066-n3072-k16-d200-bs60-f1.000-r00:072359.692: (777 sec)
exp066-n3072-k16-d200-bs60-f1.000-r00:072359.692: Loop 83/100
exp066-n3072-k16-d200-bs60-f1.000-r00:073105.878: log(exp-norms): [3072.0, 3074.04, 3074.41]
exp066-n3072-k16-d200-bs60-f1.000-r00:073105.878: log(norms):     [3072.0, 3074.83, 3075.8, 3075.83, 3075.85, 3075.85, 3075.84, 3076.01, 3075.97, 3076.02]
exp066-n3072-k16-d200-bs60-f1.000-r00:073105.898: (747 sec)
exp066-n3072-k16-d200-bs60-f1.000-r00:073105.898: Loop 84/100
exp066-n3072-k16-d200-bs60-f1.000-r00:073897.941: log(exp-norms): [3072.0, 3074.04, 3074.41]
exp066-n3072-k16-d200-bs60-f1.000-r00:073897.941: log(norms):     [3072.0, 3074.83, 3075.8, 3075.83, 3075.85, 3075.85, 3075.84, 3076.01, 3075.97, 3076.02]
exp066-n3072-k16-d200-bs60-f1.000-r00:073897.960: (793 sec)
exp066-n3072-k16-d200-bs60-f1.000-r00:073897.960: Loop 85/100
exp066-n3072-k16-d200-bs60-f1.000-r00:074678.848: log(exp-norms): [3072.0, 3074.04, 3074.41]
exp066-n3072-k16-d200-bs60-f1.000-r00:074678.848: log(norms):     [3072.0, 3074.83, 3075.8, 3075.83, 3075.85, 3075.85, 3075.84, 3076.01, 3075.97, 3076.02]
exp066-n3072-k16-d200-bs60-f1.000-r00:074678.867: (781 sec)
exp066-n3072-k16-d200-bs60-f1.000-r00:074678.867: Loop 86/100
exp066-n3072-k16-d200-bs60-f1.000-r00:075473.938: log(exp-norms): [3072.0, 3074.04, 3074.41]
exp066-n3072-k16-d200-bs60-f1.000-r00:075473.939: log(norms):     [3072.0, 3074.83, 3075.8, 3075.83, 3075.85, 3075.85, 3075.84, 3076.01, 3075.97, 3076.02]
exp066-n3072-k16-d200-bs60-f1.000-r00:075473.958: (796 sec)
exp066-n3072-k16-d200-bs60-f1.000-r00:075473.958: Loop 87/100
exp066-n3072-k16-d200-bs60-f1.000-r00:076261.607: log(exp-norms): [3072.0, 3074.04, 3074.41]
exp066-n3072-k16-d200-bs60-f1.000-r00:076261.607: log(norms):     [3072.0, 3074.83, 3075.8, 3075.83, 3075.85, 3075.85, 3075.84, 3076.01, 3075.97, 3076.02]
exp066-n3072-k16-d200-bs60-f1.000-r00:076261.627: (788 sec)
exp066-n3072-k16-d200-bs60-f1.000-r00:076261.627: Loop 88/100
exp066-n3072-k16-d200-bs60-f1.000-r00:077037.206: log(exp-norms): [3072.0, 3074.04, 3074.41]
exp066-n3072-k16-d200-bs60-f1.000-r00:077037.207: log(norms):     [3072.0, 3074.83, 3075.8, 3075.83, 3075.85, 3075.85, 3075.84, 3076.01, 3075.97, 3076.19]
exp066-n3072-k16-d200-bs60-f1.000-r00:077037.227: (776 sec)
exp066-n3072-k16-d200-bs60-f1.000-r00:077037.228: Loop 89/100
exp066-n3072-k16-d200-bs60-f1.000-r00:077843.483: log(exp-norms): [3072.0, 3074.04, 3074.41]
exp066-n3072-k16-d200-bs60-f1.000-r00:077843.483: log(norms):     [3072.0, 3074.83, 3075.8, 3075.83, 3075.85, 3075.85, 3075.84, 3076.01, 3075.97, 3076.19]
exp066-n3072-k16-d200-bs60-f1.000-r00:077843.504: (807 sec)
exp066-n3072-k16-d200-bs60-f1.000-r00:077843.504: Loop 90/100
exp066-n3072-k16-d200-bs60-f1.000-r00:078629.703: log(exp-norms): [3072.0, 3074.04, 3074.41]
exp066-n3072-k16-d200-bs60-f1.000-r00:078629.704: log(norms):     [3072.0, 3074.83, 3075.8, 3075.83, 3075.85, 3075.85, 3075.84, 3076.01, 3075.97, 3076.19]
exp066-n3072-k16-d200-bs60-f1.000-r00:078629.723: (787 sec)
exp066-n3072-k16-d200-bs60-f1.000-r00:078629.723: Loop 91/100
exp066-n3072-k16-d200-bs60-f1.000-r00:079419.232: log(exp-norms): [3072.0, 3074.04, 3074.41]
exp066-n3072-k16-d200-bs60-f1.000-r00:079419.232: log(norms):     [3072.0, 3074.83, 3075.8, 3075.83, 3075.85, 3075.85, 3075.84, 3076.01, 3075.97, 3076.19]
exp066-n3072-k16-d200-bs60-f1.000-r00:079419.251: (790 sec)
exp066-n3072-k16-d200-bs60-f1.000-r00:079419.252: Loop 92/100
exp066-n3072-k16-d200-bs60-f1.000-r00:080216.568: log(exp-norms): [3072.0, 3074.04, 3074.41]
exp066-n3072-k16-d200-bs60-f1.000-r00:080216.568: log(norms):     [3072.0, 3074.83, 3075.8, 3075.83, 3075.85, 3075.85, 3075.84, 3076.01, 3075.97, 3076.19]
exp066-n3072-k16-d200-bs60-f1.000-r00:080216.587: (798 sec)
exp066-n3072-k16-d200-bs60-f1.000-r00:080216.587: Loop 93/100
exp066-n3072-k16-d200-bs60-f1.000-r00:080995.790: log(exp-norms): [3072.0, 3074.04, 3074.41]
exp066-n3072-k16-d200-bs60-f1.000-r00:080995.791: log(norms):     [3072.0, 3074.83, 3075.8, 3075.83, 3075.85, 3075.85, 3075.84, 3076.01, 3075.97, 3076.19]
exp066-n3072-k16-d200-bs60-f1.000-r00:080995.810: (780 sec)
exp066-n3072-k16-d200-bs60-f1.000-r00:080995.810: Loop 94/100
exp066-n3072-k16-d200-bs60-f1.000-r00:081783.734: log(exp-norms): [3072.0, 3074.04, 3074.41]
exp066-n3072-k16-d200-bs60-f1.000-r00:081783.735: log(norms):     [3072.0, 3074.83, 3075.8, 3075.83, 3075.85, 3075.85, 3075.84, 3076.01, 3075.97, 3076.19]
exp066-n3072-k16-d200-bs60-f1.000-r00:081783.754: (788 sec)
exp066-n3072-k16-d200-bs60-f1.000-r00:081783.754: Loop 95/100
exp066-n3072-k16-d200-bs60-f1.000-r00:082559.320: log(exp-norms): [3072.0, 3074.04, 3074.41]
exp066-n3072-k16-d200-bs60-f1.000-r00:082559.321: log(norms):     [3072.0, 3074.83, 3075.8, 3075.83, 3075.85, 3075.85, 3075.84, 3076.01, 3075.97, 3076.19]
exp066-n3072-k16-d200-bs60-f1.000-r00:082559.340: (776 sec)
exp066-n3072-k16-d200-bs60-f1.000-r00:082559.340: Loop 96/100
exp066-n3072-k16-d200-bs60-f1.000-r00:083334.140: log(exp-norms): [3072.0, 3074.04, 3074.41]
exp066-n3072-k16-d200-bs60-f1.000-r00:083334.140: log(norms):     [3072.0, 3074.83, 3075.8, 3075.83, 3075.85, 3075.85, 3075.84, 3076.01, 3075.97, 3076.19]
exp066-n3072-k16-d200-bs60-f1.000-r00:083334.159: (775 sec)
exp066-n3072-k16-d200-bs60-f1.000-r00:083334.159: Loop 97/100
exp066-n3072-k16-d200-bs60-f1.000-r00:084128.083: log(exp-norms): [3072.0, 3074.04, 3074.41]
exp066-n3072-k16-d200-bs60-f1.000-r00:084128.083: log(norms):     [3072.0, 3074.83, 3075.8, 3075.83, 3075.85, 3075.85, 3075.84, 3076.01, 3075.97, 3076.19]
exp066-n3072-k16-d200-bs60-f1.000-r00:084128.104: (794 sec)
exp066-n3072-k16-d200-bs60-f1.000-r00:084128.104: Loop 98/100
exp066-n3072-k16-d200-bs60-f1.000-r00:084905.604: log(exp-norms): [3072.0, 3074.04, 3074.41]
exp066-n3072-k16-d200-bs60-f1.000-r00:084905.605: log(norms):     [3072.0, 3074.83, 3075.8, 3075.83, 3075.85, 3075.85, 3075.84, 3076.01, 3075.97, 3076.19]
exp066-n3072-k16-d200-bs60-f1.000-r00:084905.624: (778 sec)
exp066-n3072-k16-d200-bs60-f1.000-r00:084905.624: Loop 99/100
exp066-n3072-k16-d200-bs60-f1.000-r00:085694.239: log(exp-norms): [3072.0, 3074.04, 3074.41]
exp066-n3072-k16-d200-bs60-f1.000-r00:085694.240: log(norms):     [3072.0, 3074.83, 3075.8, 3075.83, 3075.85, 3075.85, 3075.84, 3076.01, 3075.97, 3076.19]
exp066-n3072-k16-d200-bs60-f1.000-r00:085694.259: (789 sec)
exp066-n3072-k16-d200-bs60-f1.000-r00:085694.259: Loop 100/100
exp066-n3072-k16-d200-bs60-f1.000-r00:086494.375: log(exp-norms): [3072.0, 3074.04, 3074.41]
exp066-n3072-k16-d200-bs60-f1.000-r00:086494.375: log(norms):     [3072.0, 3074.83, 3075.8, 3075.83, 3075.85, 3075.85, 3075.84, 3076.01, 3075.97, 3076.19]
exp066-n3072-k16-d200-bs60-f1.000-r00:086494.394: (801 sec)
exp066-n3072-k16-d200-bs60-f1.000-r00:086494.394: ==========================Summary===========================
exp066-n3072-k16-d200-bs60-f1.000-r00:086494.394: Total time: 86494sec
exp066-n3072-k16-d200-bs60-f1.000-r00:086494.394: FAIL
exp066-n3072-k16-d200-bs60-f1.000-r00:086494.394: SUMMARY:n:3072:k:16:d:200:bs:60:t:86494:r:False
