exp044-n3072-k20-d180-bs50-f1.000-r00:000000.396: ==========================Instance==========================
exp044-n3072-k20-d180-bs50-f1.000-r00:000000.396: # of equations: 180
exp044-n3072-k20-d180-bs50-f1.000-r00:000000.402: Gap: 6.22
exp044-n3072-k20-d180-bs50-f1.000-r00:000000.412: Tau: 11.85
exp044-n3072-k20-d180-bs50-f1.000-r00:000000.413: ======================BKZ-50 reduction======================
exp044-n3072-k20-d180-bs50-f1.000-r00:000004.482: Expectedly achievable log(norm): 3078.04
exp044-n3072-k20-d180-bs50-f1.000-r00:000008.930: log(exp-norms): [3072.0, 3073.96, 3076.6]
exp044-n3072-k20-d180-bs50-f1.000-r00:000008.931: log(norms):     [3094.93, 3074.75, 3092.0, 3092.0, 3092.0, 3092.0, 3092.0, 3092.0, 3092.0, 3092.0]
exp044-n3072-k20-d180-bs50-f1.000-r00:000009.027: Loop 1/100
exp044-n3072-k20-d180-bs50-f1.000-r00:003226.948: log(exp-norms): [3072.0, 3073.96, 3076.6]
exp044-n3072-k20-d180-bs50-f1.000-r00:003226.949: log(norms):     [3072.0, 3074.75, 3079.64, 3079.67, 3079.71, 3079.79, 3079.74, 3079.8, 3079.77, 3079.55]
exp044-n3072-k20-d180-bs50-f1.000-r00:003226.984: (3218 sec)
exp044-n3072-k20-d180-bs50-f1.000-r00:003226.985: Loop 2/100
exp044-n3072-k20-d180-bs50-f1.000-r00:003891.139: log(exp-norms): [3072.0, 3073.96, 3076.6]
exp044-n3072-k20-d180-bs50-f1.000-r00:003891.142: log(norms):     [3072.0, 3074.75, 3079.27, 3079.45, 3079.38, 3079.5, 3079.45, 3079.37, 3079.45, 3079.5]
exp044-n3072-k20-d180-bs50-f1.000-r00:003891.177: (665 sec)
exp044-n3072-k20-d180-bs50-f1.000-r00:003891.177: Loop 3/100
exp044-n3072-k20-d180-bs50-f1.000-r00:004494.780: log(exp-norms): [3072.0, 3073.96, 3076.6]
exp044-n3072-k20-d180-bs50-f1.000-r00:004494.781: log(norms):     [3072.0, 3073.95, 3074.75, 3078.94, 3079.02, 3079.17, 3079.12, 3079.16, 3079.19, 3079.11]
exp044-n3072-k20-d180-bs50-f1.000-r00:004494.814: (604 sec)
exp044-n3072-k20-d180-bs50-f1.000-r00:004494.815: ==========================Summary===========================
exp044-n3072-k20-d180-bs50-f1.000-r00:004494.815: Total time: 4495sec
exp044-n3072-k20-d180-bs50-f1.000-r00:004494.815: SUCCESS
exp044-n3072-k20-d180-bs50-f1.000-r00:004494.815: HNP solution: 5254079764027161174016261790597937424845525211128216897708401680310855370601638156054125029039961478377145432549972499287462404288721516312210607362595614747332462791265541128932342662342036849132356693762493692248025771293368005713956142408740647879514480648146124972781351086655649028301715002884799479613279651603014629645697435676412069963924081580958757214928432657249155092842585485737358958824575235813973278064865816348277037736913965015927177893556539200912950260195849856495245451963291697889669845779263563403933227995449732794510168312845706887060748063922509968004978445504246368943445003725101871288651782866779314813011248012165264678547500569865725136544944073922605454005257529765167169318184207953191863426811485721305309067207472372863028495212445488468327031290832187590319353272052836579816077575351670079234505940572307155503134303521168468844555097414078346493214666041077902938122005521089150474257814
exp044-n3072-k20-d180-bs50-f1.000-r00:004494.815: Shared secret: 5254079764027161174016261790597937424845525211128216897708401680310855370601638156054125029039961478377145432549972499287462404288721516312210607362595614747332462791265541128932342662342036849132356693762493692248025771293368005713956142408740647879514480648146124972781351086655649028301715002884799479613279651603014629645697435676412069963924081580958757214928432657249155092842585485737358958824575235813973278064865816348277037736913965015927177893556539200912950260195849856495245451963291697889669845779263563403933227995449732794510168312845706887060748063922509968004978445504246368943445003725101871288651782866779314813011248012165264678547500569865725136544944073922605454005257529765167169318184207953191863426811485721305309067207472372863028495212445488468327031290832187590319353272052836579816077575351670079234505940572307155503134303521168468844555097414078346493214666041077902938122005521089150474257814
exp044-n3072-k20-d180-bs50-f1.000-r00:004494.815: SUMMARY:n:3072:k:20:d:180:bs:50:t:4495:r:True
