exp036-n3072-k20-d200-bs40-f1.000-r00:000000.396: ==========================Instance==========================
exp036-n3072-k20-d200-bs40-f1.000-r00:000000.396: # of equations: 200
exp036-n3072-k20-d200-bs40-f1.000-r00:000000.401: Gap: 20.12
exp036-n3072-k20-d200-bs40-f1.000-r00:000000.411: Tau: 117.71
exp036-n3072-k20-d200-bs40-f1.000-r00:000000.412: ======================BKZ-40 reduction======================
exp036-n3072-k20-d200-bs40-f1.000-r00:000005.957: Expectedly achievable log(norm): 3080.22
exp036-n3072-k20-d200-bs40-f1.000-r00:000011.591: log(exp-norms): [3072.0, 3074.04, 3078.37]
exp036-n3072-k20-d200-bs40-f1.000-r00:000011.591: log(norms):     [3095.0, 3074.83, 3092.0, 3092.0, 3092.0, 3092.0, 3092.0, 3092.0, 3092.0, 3092.0]
exp036-n3072-k20-d200-bs40-f1.000-r00:000011.691: Loop 1/100
exp036-n3072-k20-d200-bs40-f1.000-r00:004251.791: log(exp-norms): [3072.0, 3074.04, 3078.37]
exp036-n3072-k20-d200-bs40-f1.000-r00:004251.792: log(norms):     [3072.0, 3074.83, 3082.42, 3082.49, 3082.51, 3082.53, 3082.52, 3082.72, 3082.7, 3082.56]
exp036-n3072-k20-d200-bs40-f1.000-r00:004251.836: (4241 sec)
exp036-n3072-k20-d200-bs40-f1.000-r00:004251.837: Loop 2/100
exp036-n3072-k20-d200-bs40-f1.000-r00:004461.398: log(exp-norms): [3072.0, 3074.04, 3078.37]
exp036-n3072-k20-d200-bs40-f1.000-r00:004461.399: log(norms):     [3072.0, 3074.03, 3074.83, 3082.2, 3082.22, 3082.22, 3082.36, 3082.16, 3082.05, 3082.32]
exp036-n3072-k20-d200-bs40-f1.000-r00:004461.442: (210 sec)
exp036-n3072-k20-d200-bs40-f1.000-r00:004461.442: ==========================Summary===========================
exp036-n3072-k20-d200-bs40-f1.000-r00:004461.442: Total time: 4462sec
exp036-n3072-k20-d200-bs40-f1.000-r00:004461.442: SUCCESS
exp036-n3072-k20-d200-bs40-f1.000-r00:004461.442: HNP solution: 5254079764027161174016261790597937424845525211128216897708401680310855370601638156054125029039961478377145432549972499287462404288721516312210607362595614747332462791265541128932342662342036849132356693762493692248025771293368005713956142408740647879514480648146124972781351086655649028301715002884799479613279651603014629645697435676412069963924081580958757214928432657249155092842585485737358958824575235813973278064865816348277037736913965015927177893556539200912950260195849856495245451963291697889669845779263563403933227995449732794510168312845706887060748063922509968004978445504246368943445003725101871288651782866779314813011248012165264678547500569865725136544944073922605454005257529765167169318184207953191863426811485721305309067207472372863028495212445488468327031290832187590319353272052836579816077575351670079234505940572307155503134303521168468844555097414078346493214666041077902938122005521089150474257814
exp036-n3072-k20-d200-bs40-f1.000-r00:004461.442: Shared secret: 5254079764027161174016261790597937424845525211128216897708401680310855370601638156054125029039961478377145432549972499287462404288721516312210607362595614747332462791265541128932342662342036849132356693762493692248025771293368005713956142408740647879514480648146124972781351086655649028301715002884799479613279651603014629645697435676412069963924081580958757214928432657249155092842585485737358958824575235813973278064865816348277037736913965015927177893556539200912950260195849856495245451963291697889669845779263563403933227995449732794510168312845706887060748063922509968004978445504246368943445003725101871288651782866779314813011248012165264678547500569865725136544944073922605454005257529765167169318184207953191863426811485721305309067207472372863028495212445488468327031290832187590319353272052836579816077575351670079234505940572307155503134303521168468844555097414078346493214666041077902938122005521089150474257814
exp036-n3072-k20-d200-bs40-f1.000-r00:004461.443: SUMMARY:n:3072:k:20:d:200:bs:40:t:4462:r:True
