exp061-n3072-k16-d200-bs50-f1.000-r00:000000.472: ==========================Instance==========================
exp061-n3072-k16-d200-bs50-f1.000-r00:000000.472: # of equations: 200
exp061-n3072-k16-d200-bs50-f1.000-r00:000000.479: Gap: 1.29
exp061-n3072-k16-d200-bs50-f1.000-r00:000000.492: Tau: 0.49
exp061-n3072-k16-d200-bs50-f1.000-r00:000000.493: ======================BKZ-50 reduction======================
exp061-n3072-k16-d200-bs50-f1.000-r00:000006.045: Expectedly achievable log(norm): 3076.12
exp061-n3072-k16-d200-bs50-f1.000-r00:000011.716: log(exp-norms): [3072.0, 3074.04, 3074.41]
exp061-n3072-k16-d200-bs50-f1.000-r00:000011.717: log(norms):     [3091.09, 3074.83, 3088.0, 3088.0, 3088.0, 3088.0, 3088.0, 3088.0, 3088.0, 3088.0]
exp061-n3072-k16-d200-bs50-f1.000-r00:000011.821: Loop 1/100
exp061-n3072-k16-d200-bs50-f1.000-r00:003660.194: log(exp-norms): [3072.0, 3074.04, 3074.41]
exp061-n3072-k16-d200-bs50-f1.000-r00:003660.195: log(norms):     [3074.83, 3078.22, 3078.28, 3078.31, 3078.32, 3078.45, 3078.3, 3078.45, 3078.47, 3078.34]
exp061-n3072-k16-d200-bs50-f1.000-r00:003660.231: (3649 sec)
exp061-n3072-k16-d200-bs50-f1.000-r00:003660.232: Loop 2/100
exp061-n3072-k16-d200-bs50-f1.000-r00:004536.761: log(exp-norms): [3072.0, 3074.04, 3074.41]
exp061-n3072-k16-d200-bs50-f1.000-r00:004536.767: log(norms):     [3074.83, 3077.85, 3077.93, 3078.02, 3077.84, 3077.98, 3077.99, 3077.96, 3077.95, 3078.07]
exp061-n3072-k16-d200-bs50-f1.000-r00:004536.805: (877 sec)
exp061-n3072-k16-d200-bs50-f1.000-r00:004536.805: Loop 3/100
exp061-n3072-k16-d200-bs50-f1.000-r00:005391.248: log(exp-norms): [3072.0, 3074.04, 3074.41]
exp061-n3072-k16-d200-bs50-f1.000-r00:005391.249: log(norms):     [3074.83, 3077.39, 3077.5, 3077.39, 3077.53, 3077.53, 3077.65, 3077.52, 3077.56, 3077.61]
exp061-n3072-k16-d200-bs50-f1.000-r00:005391.285: (855 sec)
exp061-n3072-k16-d200-bs50-f1.000-r00:005391.286: Loop 4/100
exp061-n3072-k16-d200-bs50-f1.000-r00:006155.756: log(exp-norms): [3072.0, 3074.04, 3074.41]
exp061-n3072-k16-d200-bs50-f1.000-r00:006155.757: log(norms):     [3074.83, 3077.07, 3077.14, 3077.22, 3077.18, 3077.21, 3077.3, 3077.2, 3077.26, 3077.33]
exp061-n3072-k16-d200-bs50-f1.000-r00:006155.795: (765 sec)
exp061-n3072-k16-d200-bs50-f1.000-r00:006155.795: Loop 5/100
exp061-n3072-k16-d200-bs50-f1.000-r00:006980.509: log(exp-norms): [3072.0, 3074.04, 3074.41]
exp061-n3072-k16-d200-bs50-f1.000-r00:006980.510: log(norms):     [3074.83, 3076.91, 3076.91, 3077.05, 3076.95, 3077.01, 3077.05, 3076.92, 3077.14, 3077.05]
exp061-n3072-k16-d200-bs50-f1.000-r00:006980.547: (825 sec)
exp061-n3072-k16-d200-bs50-f1.000-r00:006980.547: Loop 6/100
exp061-n3072-k16-d200-bs50-f1.000-r00:007642.918: log(exp-norms): [3072.0, 3074.04, 3074.41]
exp061-n3072-k16-d200-bs50-f1.000-r00:007642.919: log(norms):     [3074.83, 3076.71, 3076.73, 3076.75, 3076.75, 3076.79, 3076.84, 3076.87, 3076.81, 3076.93]
exp061-n3072-k16-d200-bs50-f1.000-r00:007642.941: (663 sec)
exp061-n3072-k16-d200-bs50-f1.000-r00:007642.941: Loop 7/100
exp061-n3072-k16-d200-bs50-f1.000-r00:008238.023: log(exp-norms): [3072.0, 3074.04, 3074.41]
exp061-n3072-k16-d200-bs50-f1.000-r00:008238.024: log(norms):     [3074.83, 3076.58, 3076.6, 3076.67, 3076.59, 3076.64, 3076.85, 3076.68, 3076.81, 3076.68]
exp061-n3072-k16-d200-bs50-f1.000-r00:008238.045: (596 sec)
exp061-n3072-k16-d200-bs50-f1.000-r00:008238.045: Loop 8/100
exp061-n3072-k16-d200-bs50-f1.000-r00:008874.509: log(exp-norms): [3072.0, 3074.04, 3074.41]
exp061-n3072-k16-d200-bs50-f1.000-r00:008874.509: log(norms):     [3074.83, 3076.43, 3076.43, 3076.54, 3076.6, 3076.61, 3076.53, 3076.62, 3076.61, 3076.81]
exp061-n3072-k16-d200-bs50-f1.000-r00:008874.531: (637 sec)
exp061-n3072-k16-d200-bs50-f1.000-r00:008874.531: Loop 9/100
exp061-n3072-k16-d200-bs50-f1.000-r00:009424.163: log(exp-norms): [3072.0, 3074.04, 3074.41]
exp061-n3072-k16-d200-bs50-f1.000-r00:009424.163: log(norms):     [3074.83, 3076.43, 3076.44, 3076.43, 3076.45, 3076.55, 3076.66, 3076.69, 3076.65, 3076.6]
exp061-n3072-k16-d200-bs50-f1.000-r00:009424.184: (550 sec)
exp061-n3072-k16-d200-bs50-f1.000-r00:009424.184: Loop 10/100
exp061-n3072-k16-d200-bs50-f1.000-r00:009956.964: log(exp-norms): [3072.0, 3074.04, 3074.41]
exp061-n3072-k16-d200-bs50-f1.000-r00:009956.964: log(norms):     [3074.83, 3076.32, 3076.36, 3076.48, 3076.56, 3076.49, 3076.61, 3076.57, 3076.59, 3076.6]
exp061-n3072-k16-d200-bs50-f1.000-r00:009956.999: (533 sec)
exp061-n3072-k16-d200-bs50-f1.000-r00:009956.999: Loop 11/100
exp061-n3072-k16-d200-bs50-f1.000-r00:010495.236: log(exp-norms): [3072.0, 3074.04, 3074.41]
exp061-n3072-k16-d200-bs50-f1.000-r00:010495.236: log(norms):     [3074.83, 3076.32, 3076.32, 3076.47, 3076.33, 3076.52, 3076.53, 3076.39, 3076.5, 3076.61]
exp061-n3072-k16-d200-bs50-f1.000-r00:010495.270: (539 sec)
exp061-n3072-k16-d200-bs50-f1.000-r00:010495.271: Loop 12/100
exp061-n3072-k16-d200-bs50-f1.000-r00:010951.910: log(exp-norms): [3072.0, 3074.04, 3074.41]
exp061-n3072-k16-d200-bs50-f1.000-r00:010951.910: log(norms):     [3074.83, 3076.24, 3076.37, 3076.29, 3076.29, 3076.37, 3076.31, 3076.32, 3076.44, 3076.52]
exp061-n3072-k16-d200-bs50-f1.000-r00:010951.931: (457 sec)
exp061-n3072-k16-d200-bs50-f1.000-r00:010951.931: Loop 13/100
exp061-n3072-k16-d200-bs50-f1.000-r00:011372.239: log(exp-norms): [3072.0, 3074.04, 3074.41]
exp061-n3072-k16-d200-bs50-f1.000-r00:011372.239: log(norms):     [3074.83, 3076.24, 3076.37, 3076.29, 3076.32, 3076.44, 3076.44, 3076.32, 3076.31, 3076.45]
exp061-n3072-k16-d200-bs50-f1.000-r00:011372.260: (421 sec)
exp061-n3072-k16-d200-bs50-f1.000-r00:011372.260: Loop 14/100
exp061-n3072-k16-d200-bs50-f1.000-r00:011795.641: log(exp-norms): [3072.0, 3074.04, 3074.41]
exp061-n3072-k16-d200-bs50-f1.000-r00:011795.642: log(norms):     [3074.83, 3076.24, 3076.37, 3076.29, 3076.32, 3076.36, 3076.38, 3076.3, 3076.45, 3076.44]
exp061-n3072-k16-d200-bs50-f1.000-r00:011795.662: (424 sec)
exp061-n3072-k16-d200-bs50-f1.000-r00:011795.663: Loop 15/100
exp061-n3072-k16-d200-bs50-f1.000-r00:012217.506: log(exp-norms): [3072.0, 3074.04, 3074.41]
exp061-n3072-k16-d200-bs50-f1.000-r00:012217.506: log(norms):     [3074.83, 3076.24, 3076.37, 3076.29, 3076.36, 3076.51, 3076.32, 3076.44, 3076.39, 3076.45]
exp061-n3072-k16-d200-bs50-f1.000-r00:012217.527: (422 sec)
exp061-n3072-k16-d200-bs50-f1.000-r00:012217.527: Loop 16/100
exp061-n3072-k16-d200-bs50-f1.000-r00:012643.135: log(exp-norms): [3072.0, 3074.04, 3074.41]
exp061-n3072-k16-d200-bs50-f1.000-r00:012643.135: log(norms):     [3074.83, 3076.04, 3076.24, 3076.28, 3076.37, 3076.33, 3076.4, 3076.32, 3076.51, 3076.4]
exp061-n3072-k16-d200-bs50-f1.000-r00:012643.156: (426 sec)
exp061-n3072-k16-d200-bs50-f1.000-r00:012643.156: Loop 17/100
exp061-n3072-k16-d200-bs50-f1.000-r00:013053.741: log(exp-norms): [3072.0, 3074.04, 3074.41]
exp061-n3072-k16-d200-bs50-f1.000-r00:013053.741: log(norms):     [3074.83, 3076.04, 3076.23, 3076.21, 3076.33, 3076.41, 3076.43, 3076.33, 3076.43, 3076.35]
exp061-n3072-k16-d200-bs50-f1.000-r00:013053.762: (411 sec)
exp061-n3072-k16-d200-bs50-f1.000-r00:013053.762: Loop 18/100
exp061-n3072-k16-d200-bs50-f1.000-r00:013467.297: log(exp-norms): [3072.0, 3074.04, 3074.41]
exp061-n3072-k16-d200-bs50-f1.000-r00:013467.298: log(norms):     [3074.83, 3076.04, 3076.23, 3076.27, 3076.21, 3076.3, 3076.35, 3076.28, 3076.45, 3076.54]
exp061-n3072-k16-d200-bs50-f1.000-r00:013467.318: (414 sec)
exp061-n3072-k16-d200-bs50-f1.000-r00:013467.318: Loop 19/100
exp061-n3072-k16-d200-bs50-f1.000-r00:013883.854: log(exp-norms): [3072.0, 3074.04, 3074.41]
exp061-n3072-k16-d200-bs50-f1.000-r00:013883.855: log(norms):     [3074.83, 3076.04, 3076.11, 3076.3, 3076.32, 3076.35, 3076.4, 3076.32, 3076.09, 3076.34]
exp061-n3072-k16-d200-bs50-f1.000-r00:013883.876: (417 sec)
exp061-n3072-k16-d200-bs50-f1.000-r00:013883.876: Loop 20/100
exp061-n3072-k16-d200-bs50-f1.000-r00:014292.072: log(exp-norms): [3072.0, 3074.04, 3074.41]
exp061-n3072-k16-d200-bs50-f1.000-r00:014292.072: log(norms):     [3074.83, 3076.04, 3076.11, 3076.09, 3076.19, 3076.29, 3076.37, 3076.13, 3076.18, 3076.47]
exp061-n3072-k16-d200-bs50-f1.000-r00:014292.093: (409 sec)
exp061-n3072-k16-d200-bs50-f1.000-r00:014292.093: Loop 21/100
exp061-n3072-k16-d200-bs50-f1.000-r00:014688.493: log(exp-norms): [3072.0, 3074.04, 3074.41]
exp061-n3072-k16-d200-bs50-f1.000-r00:014688.494: log(norms):     [3074.83, 3076.04, 3076.11, 3076.13, 3076.29, 3076.37, 3076.19, 3076.09, 3076.45, 3076.35]
exp061-n3072-k16-d200-bs50-f1.000-r00:014688.514: (397 sec)
exp061-n3072-k16-d200-bs50-f1.000-r00:014688.515: Loop 22/100
exp061-n3072-k16-d200-bs50-f1.000-r00:015096.059: log(exp-norms): [3072.0, 3074.04, 3074.41]
exp061-n3072-k16-d200-bs50-f1.000-r00:015096.059: log(norms):     [3072.0, 3074.83, 3076.04, 3076.1, 3076.13, 3076.29, 3076.37, 3076.18, 3076.09, 3076.44]
exp061-n3072-k16-d200-bs50-f1.000-r00:015096.080: (408 sec)
exp061-n3072-k16-d200-bs50-f1.000-r00:015096.080: Loop 23/100
exp061-n3072-k16-d200-bs50-f1.000-r00:015480.280: log(exp-norms): [3072.0, 3074.04, 3074.41]
exp061-n3072-k16-d200-bs50-f1.000-r00:015480.280: log(norms):     [3072.0, 3074.83, 3076.04, 3076.1, 3076.13, 3076.25, 3076.29, 3076.37, 3076.36, 3076.23]
exp061-n3072-k16-d200-bs50-f1.000-r00:015480.302: (385 sec)
exp061-n3072-k16-d200-bs50-f1.000-r00:015480.302: Loop 24/100
exp061-n3072-k16-d200-bs50-f1.000-r00:015904.185: log(exp-norms): [3072.0, 3074.04, 3074.41]
exp061-n3072-k16-d200-bs50-f1.000-r00:015904.185: log(norms):     [3072.0, 3074.83, 3076.04, 3076.1, 3076.13, 3076.12, 3076.25, 3076.22, 3076.39, 3076.27]
exp061-n3072-k16-d200-bs50-f1.000-r00:015904.206: (424 sec)
exp061-n3072-k16-d200-bs50-f1.000-r00:015904.206: Loop 25/100
exp061-n3072-k16-d200-bs50-f1.000-r00:016306.952: log(exp-norms): [3072.0, 3074.04, 3074.41]
exp061-n3072-k16-d200-bs50-f1.000-r00:016306.952: log(norms):     [3072.0, 3074.83, 3076.04, 3076.1, 3076.13, 3076.12, 3076.25, 3076.22, 3076.39, 3076.27]
exp061-n3072-k16-d200-bs50-f1.000-r00:016306.973: (403 sec)
exp061-n3072-k16-d200-bs50-f1.000-r00:016306.973: Loop 26/100
exp061-n3072-k16-d200-bs50-f1.000-r00:016721.980: log(exp-norms): [3072.0, 3074.04, 3074.41]
exp061-n3072-k16-d200-bs50-f1.000-r00:016721.980: log(norms):     [3072.0, 3074.83, 3076.04, 3076.1, 3076.12, 3076.12, 3076.22, 3076.27, 3076.13, 3076.27]
exp061-n3072-k16-d200-bs50-f1.000-r00:016722.000: (416 sec)
exp061-n3072-k16-d200-bs50-f1.000-r00:016722.001: Loop 27/100
exp061-n3072-k16-d200-bs50-f1.000-r00:017107.461: log(exp-norms): [3072.0, 3074.04, 3074.41]
exp061-n3072-k16-d200-bs50-f1.000-r00:017107.461: log(norms):     [3072.0, 3074.83, 3076.04, 3076.1, 3076.12, 3076.12, 3076.22, 3076.27, 3076.13, 3076.27]
exp061-n3072-k16-d200-bs50-f1.000-r00:017107.482: (386 sec)
exp061-n3072-k16-d200-bs50-f1.000-r00:017107.482: Loop 28/100
exp061-n3072-k16-d200-bs50-f1.000-r00:017510.076: log(exp-norms): [3072.0, 3074.04, 3074.41]
exp061-n3072-k16-d200-bs50-f1.000-r00:017510.076: log(norms):     [3072.0, 3074.83, 3076.04, 3076.1, 3076.12, 3076.12, 3076.22, 3076.27, 3076.13, 3076.18]
exp061-n3072-k16-d200-bs50-f1.000-r00:017510.097: (403 sec)
exp061-n3072-k16-d200-bs50-f1.000-r00:017510.097: Loop 29/100
exp061-n3072-k16-d200-bs50-f1.000-r00:017909.210: log(exp-norms): [3072.0, 3074.04, 3074.41]
exp061-n3072-k16-d200-bs50-f1.000-r00:017909.210: log(norms):     [3072.0, 3074.83, 3076.04, 3076.1, 3076.12, 3076.12, 3076.22, 3076.27, 3076.13, 3076.26]
exp061-n3072-k16-d200-bs50-f1.000-r00:017909.231: (400 sec)
exp061-n3072-k16-d200-bs50-f1.000-r00:017909.231: Loop 30/100
exp061-n3072-k16-d200-bs50-f1.000-r00:018303.380: log(exp-norms): [3072.0, 3074.04, 3074.41]
exp061-n3072-k16-d200-bs50-f1.000-r00:018303.380: log(norms):     [3072.0, 3074.83, 3076.04, 3076.1, 3076.12, 3076.12, 3076.22, 3076.27, 3076.13, 3076.26]
exp061-n3072-k16-d200-bs50-f1.000-r00:018303.401: (395 sec)
exp061-n3072-k16-d200-bs50-f1.000-r00:018303.401: Loop 31/100
exp061-n3072-k16-d200-bs50-f1.000-r00:018675.631: log(exp-norms): [3072.0, 3074.04, 3074.41]
exp061-n3072-k16-d200-bs50-f1.000-r00:018675.632: log(norms):     [3072.0, 3074.83, 3076.04, 3076.04, 3076.1, 3076.12, 3076.12, 3076.22, 3076.27, 3076.18]
exp061-n3072-k16-d200-bs50-f1.000-r00:018675.653: (373 sec)
exp061-n3072-k16-d200-bs50-f1.000-r00:018675.653: Loop 32/100
exp061-n3072-k16-d200-bs50-f1.000-r00:019075.538: log(exp-norms): [3072.0, 3074.04, 3074.41]
exp061-n3072-k16-d200-bs50-f1.000-r00:019075.538: log(norms):     [3072.0, 3074.83, 3076.04, 3076.04, 3076.1, 3076.12, 3076.12, 3076.22, 3076.34, 3076.31]
exp061-n3072-k16-d200-bs50-f1.000-r00:019075.559: (400 sec)
exp061-n3072-k16-d200-bs50-f1.000-r00:019075.559: Loop 33/100
exp061-n3072-k16-d200-bs50-f1.000-r00:019477.951: log(exp-norms): [3072.0, 3074.04, 3074.41]
exp061-n3072-k16-d200-bs50-f1.000-r00:019477.951: log(norms):     [3072.0, 3074.83, 3076.04, 3076.04, 3076.1, 3076.12, 3076.12, 3076.22, 3076.34, 3076.31]
exp061-n3072-k16-d200-bs50-f1.000-r00:019477.972: (403 sec)
exp061-n3072-k16-d200-bs50-f1.000-r00:019477.972: Loop 34/100
exp061-n3072-k16-d200-bs50-f1.000-r00:019856.268: log(exp-norms): [3072.0, 3074.04, 3074.41]
exp061-n3072-k16-d200-bs50-f1.000-r00:019856.268: log(norms):     [3072.0, 3074.83, 3076.04, 3076.04, 3076.1, 3076.12, 3076.12, 3076.22, 3076.34, 3076.31]
exp061-n3072-k16-d200-bs50-f1.000-r00:019856.289: (379 sec)
exp061-n3072-k16-d200-bs50-f1.000-r00:019856.289: Loop 35/100
exp061-n3072-k16-d200-bs50-f1.000-r00:020234.401: log(exp-norms): [3072.0, 3074.04, 3074.41]
exp061-n3072-k16-d200-bs50-f1.000-r00:020234.401: log(norms):     [3072.0, 3074.83, 3076.04, 3076.04, 3076.1, 3076.12, 3076.12, 3076.22, 3076.34, 3076.31]
exp061-n3072-k16-d200-bs50-f1.000-r00:020234.422: (379 sec)
exp061-n3072-k16-d200-bs50-f1.000-r00:020234.422: Loop 36/100
exp061-n3072-k16-d200-bs50-f1.000-r00:020635.539: log(exp-norms): [3072.0, 3074.04, 3074.41]
exp061-n3072-k16-d200-bs50-f1.000-r00:020635.539: log(norms):     [3072.0, 3074.83, 3076.04, 3076.04, 3076.1, 3076.12, 3076.12, 3076.22, 3076.34, 3076.31]
exp061-n3072-k16-d200-bs50-f1.000-r00:020635.560: (402 sec)
exp061-n3072-k16-d200-bs50-f1.000-r00:020635.560: Loop 37/100
exp061-n3072-k16-d200-bs50-f1.000-r00:021023.182: log(exp-norms): [3072.0, 3074.04, 3074.41]
exp061-n3072-k16-d200-bs50-f1.000-r00:021023.183: log(norms):     [3072.0, 3074.83, 3076.04, 3076.17, 3076.04, 3076.1, 3076.12, 3076.32, 3076.29, 3076.27]
exp061-n3072-k16-d200-bs50-f1.000-r00:021023.204: (388 sec)
exp061-n3072-k16-d200-bs50-f1.000-r00:021023.204: Loop 38/100
exp061-n3072-k16-d200-bs50-f1.000-r00:021416.946: log(exp-norms): [3072.0, 3074.04, 3074.41]
exp061-n3072-k16-d200-bs50-f1.000-r00:021416.946: log(norms):     [3072.0, 3074.83, 3076.04, 3076.17, 3076.04, 3076.1, 3076.12, 3076.32, 3076.28, 3076.19]
exp061-n3072-k16-d200-bs50-f1.000-r00:021416.967: (394 sec)
exp061-n3072-k16-d200-bs50-f1.000-r00:021416.967: Loop 39/100
exp061-n3072-k16-d200-bs50-f1.000-r00:021817.322: log(exp-norms): [3072.0, 3074.04, 3074.41]
exp061-n3072-k16-d200-bs50-f1.000-r00:021817.322: log(norms):     [3072.0, 3074.83, 3076.04, 3076.17, 3076.04, 3076.1, 3076.12, 3076.32, 3076.28, 3076.19]
exp061-n3072-k16-d200-bs50-f1.000-r00:021817.343: (401 sec)
exp061-n3072-k16-d200-bs50-f1.000-r00:021817.343: Loop 40/100
exp061-n3072-k16-d200-bs50-f1.000-r00:022220.631: log(exp-norms): [3072.0, 3074.04, 3074.41]
exp061-n3072-k16-d200-bs50-f1.000-r00:022220.631: log(norms):     [3072.0, 3074.83, 3076.04, 3076.17, 3076.04, 3076.1, 3076.12, 3076.32, 3076.28, 3076.31]
exp061-n3072-k16-d200-bs50-f1.000-r00:022220.651: (404 sec)
exp061-n3072-k16-d200-bs50-f1.000-r00:022220.652: Loop 41/100
exp061-n3072-k16-d200-bs50-f1.000-r00:022619.020: log(exp-norms): [3072.0, 3074.04, 3074.41]
exp061-n3072-k16-d200-bs50-f1.000-r00:022619.021: log(norms):     [3072.0, 3074.83, 3076.04, 3076.17, 3076.04, 3076.1, 3076.12, 3076.32, 3076.28, 3076.31]
exp061-n3072-k16-d200-bs50-f1.000-r00:022619.041: (399 sec)
exp061-n3072-k16-d200-bs50-f1.000-r00:022619.041: Loop 42/100
exp061-n3072-k16-d200-bs50-f1.000-r00:023033.362: log(exp-norms): [3072.0, 3074.04, 3074.41]
exp061-n3072-k16-d200-bs50-f1.000-r00:023033.362: log(norms):     [3072.0, 3074.83, 3076.04, 3076.17, 3076.04, 3076.1, 3076.12, 3076.32, 3076.28, 3076.31]
exp061-n3072-k16-d200-bs50-f1.000-r00:023033.382: (415 sec)
exp061-n3072-k16-d200-bs50-f1.000-r00:023033.382: Loop 43/100
exp061-n3072-k16-d200-bs50-f1.000-r00:023429.216: log(exp-norms): [3072.0, 3074.04, 3074.41]
exp061-n3072-k16-d200-bs50-f1.000-r00:023429.216: log(norms):     [3072.0, 3074.83, 3076.04, 3076.17, 3076.04, 3076.1, 3076.12, 3076.32, 3076.28, 3076.31]
exp061-n3072-k16-d200-bs50-f1.000-r00:023429.238: (396 sec)
exp061-n3072-k16-d200-bs50-f1.000-r00:023429.238: Loop 44/100
exp061-n3072-k16-d200-bs50-f1.000-r00:023832.123: log(exp-norms): [3072.0, 3074.04, 3074.41]
exp061-n3072-k16-d200-bs50-f1.000-r00:023832.124: log(norms):     [3072.0, 3074.83, 3076.04, 3076.17, 3076.04, 3076.1, 3076.12, 3076.32, 3076.28, 3076.31]
exp061-n3072-k16-d200-bs50-f1.000-r00:023832.144: (403 sec)
exp061-n3072-k16-d200-bs50-f1.000-r00:023832.144: Loop 45/100
exp061-n3072-k16-d200-bs50-f1.000-r00:024231.310: log(exp-norms): [3072.0, 3074.04, 3074.41]
exp061-n3072-k16-d200-bs50-f1.000-r00:024231.311: log(norms):     [3072.0, 3074.83, 3076.04, 3076.17, 3076.04, 3076.1, 3076.12, 3076.32, 3076.28, 3076.31]
exp061-n3072-k16-d200-bs50-f1.000-r00:024231.331: (400 sec)
exp061-n3072-k16-d200-bs50-f1.000-r00:024231.331: Loop 46/100
exp061-n3072-k16-d200-bs50-f1.000-r00:024628.629: log(exp-norms): [3072.0, 3074.04, 3074.41]
exp061-n3072-k16-d200-bs50-f1.000-r00:024628.629: log(norms):     [3072.0, 3074.83, 3076.04, 3076.17, 3076.04, 3076.1, 3076.12, 3076.32, 3076.28, 3076.19]
exp061-n3072-k16-d200-bs50-f1.000-r00:024628.649: (398 sec)
exp061-n3072-k16-d200-bs50-f1.000-r00:024628.650: Loop 47/100
exp061-n3072-k16-d200-bs50-f1.000-r00:025033.808: log(exp-norms): [3072.0, 3074.04, 3074.41]
exp061-n3072-k16-d200-bs50-f1.000-r00:025033.809: log(norms):     [3072.0, 3074.83, 3076.04, 3076.17, 3076.04, 3076.1, 3076.12, 3076.32, 3076.28, 3076.19]
exp061-n3072-k16-d200-bs50-f1.000-r00:025033.829: (406 sec)
exp061-n3072-k16-d200-bs50-f1.000-r00:025033.829: Loop 48/100
exp061-n3072-k16-d200-bs50-f1.000-r00:025434.150: log(exp-norms): [3072.0, 3074.04, 3074.41]
exp061-n3072-k16-d200-bs50-f1.000-r00:025434.150: log(norms):     [3072.0, 3074.83, 3076.04, 3076.17, 3076.18, 3076.04, 3076.1, 3076.26, 3076.38, 3076.28]
exp061-n3072-k16-d200-bs50-f1.000-r00:025434.170: (401 sec)
exp061-n3072-k16-d200-bs50-f1.000-r00:025434.171: Loop 49/100
exp061-n3072-k16-d200-bs50-f1.000-r00:025837.268: log(exp-norms): [3072.0, 3074.04, 3074.41]
exp061-n3072-k16-d200-bs50-f1.000-r00:025837.268: log(norms):     [3072.0, 3074.83, 3076.04, 3076.17, 3076.18, 3076.04, 3076.1, 3076.26, 3076.38, 3076.28]
exp061-n3072-k16-d200-bs50-f1.000-r00:025837.289: (404 sec)
exp061-n3072-k16-d200-bs50-f1.000-r00:025837.289: Loop 50/100
exp061-n3072-k16-d200-bs50-f1.000-r00:026249.493: log(exp-norms): [3072.0, 3074.04, 3074.41]
exp061-n3072-k16-d200-bs50-f1.000-r00:026249.493: log(norms):     [3072.0, 3074.83, 3076.04, 3076.17, 3076.18, 3076.04, 3076.1, 3076.26, 3076.38, 3076.28]
exp061-n3072-k16-d200-bs50-f1.000-r00:026249.513: (413 sec)
exp061-n3072-k16-d200-bs50-f1.000-r00:026249.514: Loop 51/100
exp061-n3072-k16-d200-bs50-f1.000-r00:026651.640: log(exp-norms): [3072.0, 3074.04, 3074.41]
exp061-n3072-k16-d200-bs50-f1.000-r00:026651.640: log(norms):     [3072.0, 3074.83, 3076.04, 3076.17, 3076.18, 3076.04, 3076.1, 3076.26, 3076.38, 3076.28]
exp061-n3072-k16-d200-bs50-f1.000-r00:026651.660: (403 sec)
exp061-n3072-k16-d200-bs50-f1.000-r00:026651.660: Loop 52/100
exp061-n3072-k16-d200-bs50-f1.000-r00:027041.410: log(exp-norms): [3072.0, 3074.04, 3074.41]
exp061-n3072-k16-d200-bs50-f1.000-r00:027041.411: log(norms):     [3072.0, 3074.83, 3076.04, 3076.17, 3076.18, 3076.04, 3076.1, 3076.26, 3076.38, 3076.28]
exp061-n3072-k16-d200-bs50-f1.000-r00:027041.432: (390 sec)
exp061-n3072-k16-d200-bs50-f1.000-r00:027041.432: Loop 53/100
exp061-n3072-k16-d200-bs50-f1.000-r00:027437.744: log(exp-norms): [3072.0, 3074.04, 3074.41]
exp061-n3072-k16-d200-bs50-f1.000-r00:027437.744: log(norms):     [3072.0, 3074.83, 3076.04, 3076.17, 3076.18, 3076.04, 3076.15, 3076.1, 3076.26, 3076.38]
exp061-n3072-k16-d200-bs50-f1.000-r00:027437.765: (397 sec)
exp061-n3072-k16-d200-bs50-f1.000-r00:027437.765: Loop 54/100
exp061-n3072-k16-d200-bs50-f1.000-r00:027823.431: log(exp-norms): [3072.0, 3074.04, 3074.41]
exp061-n3072-k16-d200-bs50-f1.000-r00:027823.431: log(norms):     [3072.0, 3074.83, 3076.04, 3076.17, 3076.18, 3076.04, 3076.15, 3076.1, 3076.26, 3076.38]
exp061-n3072-k16-d200-bs50-f1.000-r00:027823.451: (386 sec)
exp061-n3072-k16-d200-bs50-f1.000-r00:027823.452: Loop 55/100
exp061-n3072-k16-d200-bs50-f1.000-r00:028210.489: log(exp-norms): [3072.0, 3074.04, 3074.41]
exp061-n3072-k16-d200-bs50-f1.000-r00:028210.489: log(norms):     [3072.0, 3074.83, 3076.04, 3076.17, 3076.18, 3076.04, 3076.15, 3076.1, 3076.26, 3076.38]
exp061-n3072-k16-d200-bs50-f1.000-r00:028210.509: (388 sec)
exp061-n3072-k16-d200-bs50-f1.000-r00:028210.509: Loop 56/100
exp061-n3072-k16-d200-bs50-f1.000-r00:028598.368: log(exp-norms): [3072.0, 3074.04, 3074.41]
exp061-n3072-k16-d200-bs50-f1.000-r00:028598.368: log(norms):     [3072.0, 3074.83, 3076.04, 3076.17, 3076.18, 3076.04, 3076.15, 3076.1, 3076.26, 3076.38]
exp061-n3072-k16-d200-bs50-f1.000-r00:028598.388: (388 sec)
exp061-n3072-k16-d200-bs50-f1.000-r00:028598.388: Loop 57/100
exp061-n3072-k16-d200-bs50-f1.000-r00:028995.602: log(exp-norms): [3072.0, 3074.04, 3074.41]
exp061-n3072-k16-d200-bs50-f1.000-r00:028995.602: log(norms):     [3072.0, 3074.83, 3076.04, 3076.17, 3076.18, 3076.04, 3076.15, 3076.1, 3076.29, 3076.26]
exp061-n3072-k16-d200-bs50-f1.000-r00:028995.623: (398 sec)
exp061-n3072-k16-d200-bs50-f1.000-r00:028995.623: Loop 58/100
exp061-n3072-k16-d200-bs50-f1.000-r00:029400.011: log(exp-norms): [3072.0, 3074.04, 3074.41]
exp061-n3072-k16-d200-bs50-f1.000-r00:029400.011: log(norms):     [3072.0, 3074.83, 3076.04, 3076.17, 3076.18, 3076.04, 3076.15, 3076.1, 3076.29, 3076.26]
exp061-n3072-k16-d200-bs50-f1.000-r00:029400.032: (405 sec)
exp061-n3072-k16-d200-bs50-f1.000-r00:029400.032: Loop 59/100
exp061-n3072-k16-d200-bs50-f1.000-r00:029800.242: log(exp-norms): [3072.0, 3074.04, 3074.41]
exp061-n3072-k16-d200-bs50-f1.000-r00:029800.242: log(norms):     [3072.0, 3074.83, 3076.04, 3076.17, 3076.18, 3076.04, 3076.15, 3076.1, 3076.29, 3076.26]
exp061-n3072-k16-d200-bs50-f1.000-r00:029800.263: (401 sec)
exp061-n3072-k16-d200-bs50-f1.000-r00:029800.263: Loop 60/100
exp061-n3072-k16-d200-bs50-f1.000-r00:030184.483: log(exp-norms): [3072.0, 3074.04, 3074.41]
exp061-n3072-k16-d200-bs50-f1.000-r00:030184.484: log(norms):     [3072.0, 3074.83, 3076.04, 3076.17, 3076.18, 3076.04, 3076.15, 3076.1, 3076.29, 3076.26]
exp061-n3072-k16-d200-bs50-f1.000-r00:030184.504: (385 sec)
exp061-n3072-k16-d200-bs50-f1.000-r00:030184.504: Loop 61/100
exp061-n3072-k16-d200-bs50-f1.000-r00:030579.817: log(exp-norms): [3072.0, 3074.04, 3074.41]
exp061-n3072-k16-d200-bs50-f1.000-r00:030579.818: log(norms):     [3072.0, 3074.83, 3076.04, 3076.17, 3076.18, 3076.04, 3076.15, 3076.1, 3076.29, 3076.26]
exp061-n3072-k16-d200-bs50-f1.000-r00:030579.838: (396 sec)
exp061-n3072-k16-d200-bs50-f1.000-r00:030579.838: Loop 62/100
exp061-n3072-k16-d200-bs50-f1.000-r00:030967.251: log(exp-norms): [3072.0, 3074.04, 3074.41]
exp061-n3072-k16-d200-bs50-f1.000-r00:030967.251: log(norms):     [3072.0, 3074.83, 3076.04, 3076.17, 3076.18, 3076.04, 3076.15, 3076.1, 3076.29, 3076.26]
exp061-n3072-k16-d200-bs50-f1.000-r00:030967.272: (388 sec)
exp061-n3072-k16-d200-bs50-f1.000-r00:030967.272: Loop 63/100
exp061-n3072-k16-d200-bs50-f1.000-r00:031364.015: log(exp-norms): [3072.0, 3074.04, 3074.41]
exp061-n3072-k16-d200-bs50-f1.000-r00:031364.015: log(norms):     [3072.0, 3074.83, 3076.04, 3076.17, 3076.18, 3076.04, 3076.15, 3076.1, 3076.29, 3076.26]
exp061-n3072-k16-d200-bs50-f1.000-r00:031364.035: (397 sec)
exp061-n3072-k16-d200-bs50-f1.000-r00:031364.035: Loop 64/100
exp061-n3072-k16-d200-bs50-f1.000-r00:031759.008: log(exp-norms): [3072.0, 3074.04, 3074.41]
exp061-n3072-k16-d200-bs50-f1.000-r00:031759.008: log(norms):     [3072.0, 3074.83, 3076.04, 3076.17, 3076.18, 3076.04, 3076.15, 3076.1, 3076.29, 3076.26]
exp061-n3072-k16-d200-bs50-f1.000-r00:031759.029: (395 sec)
exp061-n3072-k16-d200-bs50-f1.000-r00:031759.029: Loop 65/100
exp061-n3072-k16-d200-bs50-f1.000-r00:032159.921: log(exp-norms): [3072.0, 3074.04, 3074.41]
exp061-n3072-k16-d200-bs50-f1.000-r00:032159.922: log(norms):     [3072.0, 3074.83, 3076.04, 3076.17, 3076.18, 3076.04, 3076.15, 3076.1, 3076.29, 3076.26]
exp061-n3072-k16-d200-bs50-f1.000-r00:032159.942: (401 sec)
exp061-n3072-k16-d200-bs50-f1.000-r00:032159.942: Loop 66/100
exp061-n3072-k16-d200-bs50-f1.000-r00:032555.427: log(exp-norms): [3072.0, 3074.04, 3074.41]
exp061-n3072-k16-d200-bs50-f1.000-r00:032555.427: log(norms):     [3072.0, 3074.83, 3076.04, 3076.17, 3076.18, 3076.04, 3076.15, 3076.1, 3076.29, 3076.34]
exp061-n3072-k16-d200-bs50-f1.000-r00:032555.447: (396 sec)
exp061-n3072-k16-d200-bs50-f1.000-r00:032555.447: Loop 67/100
exp061-n3072-k16-d200-bs50-f1.000-r00:032955.376: log(exp-norms): [3072.0, 3074.04, 3074.41]
exp061-n3072-k16-d200-bs50-f1.000-r00:032955.376: log(norms):     [3072.0, 3074.83, 3076.04, 3076.17, 3076.18, 3076.04, 3076.15, 3076.1, 3076.29, 3076.34]
exp061-n3072-k16-d200-bs50-f1.000-r00:032955.397: (400 sec)
exp061-n3072-k16-d200-bs50-f1.000-r00:032955.397: Loop 68/100
exp061-n3072-k16-d200-bs50-f1.000-r00:033340.503: log(exp-norms): [3072.0, 3074.04, 3074.41]
exp061-n3072-k16-d200-bs50-f1.000-r00:033340.503: log(norms):     [3072.0, 3074.83, 3076.04, 3076.17, 3076.18, 3076.04, 3076.15, 3076.1, 3076.29, 3076.34]
exp061-n3072-k16-d200-bs50-f1.000-r00:033340.524: (386 sec)
exp061-n3072-k16-d200-bs50-f1.000-r00:033340.525: Loop 69/100
exp061-n3072-k16-d200-bs50-f1.000-r00:033742.390: log(exp-norms): [3072.0, 3074.04, 3074.41]
exp061-n3072-k16-d200-bs50-f1.000-r00:033742.391: log(norms):     [3072.0, 3074.83, 3076.04, 3076.17, 3076.18, 3076.04, 3076.15, 3076.1, 3076.29, 3076.34]
exp061-n3072-k16-d200-bs50-f1.000-r00:033742.411: (402 sec)
exp061-n3072-k16-d200-bs50-f1.000-r00:033742.411: Loop 70/100
exp061-n3072-k16-d200-bs50-f1.000-r00:034129.111: log(exp-norms): [3072.0, 3074.04, 3074.41]
exp061-n3072-k16-d200-bs50-f1.000-r00:034129.112: log(norms):     [3072.0, 3074.83, 3076.04, 3076.17, 3076.18, 3076.04, 3076.15, 3076.1, 3076.29, 3076.34]
exp061-n3072-k16-d200-bs50-f1.000-r00:034129.132: (387 sec)
exp061-n3072-k16-d200-bs50-f1.000-r00:034129.132: Loop 71/100
exp061-n3072-k16-d200-bs50-f1.000-r00:034506.914: log(exp-norms): [3072.0, 3074.04, 3074.41]
exp061-n3072-k16-d200-bs50-f1.000-r00:034506.914: log(norms):     [3072.0, 3074.83, 3076.04, 3076.17, 3076.18, 3076.04, 3076.15, 3076.1, 3076.29, 3076.34]
exp061-n3072-k16-d200-bs50-f1.000-r00:034506.934: (378 sec)
exp061-n3072-k16-d200-bs50-f1.000-r00:034506.934: Loop 72/100
exp061-n3072-k16-d200-bs50-f1.000-r00:034901.095: log(exp-norms): [3072.0, 3074.04, 3074.41]
exp061-n3072-k16-d200-bs50-f1.000-r00:034901.096: log(norms):     [3072.0, 3074.83, 3076.04, 3076.17, 3076.18, 3076.04, 3076.15, 3076.1, 3076.29, 3076.34]
exp061-n3072-k16-d200-bs50-f1.000-r00:034901.116: (395 sec)
exp061-n3072-k16-d200-bs50-f1.000-r00:034901.116: Loop 73/100
exp061-n3072-k16-d200-bs50-f1.000-r00:035289.884: log(exp-norms): [3072.0, 3074.04, 3074.41]
exp061-n3072-k16-d200-bs50-f1.000-r00:035289.885: log(norms):     [3072.0, 3074.83, 3076.04, 3076.17, 3076.18, 3076.04, 3076.15, 3076.1, 3076.29, 3076.34]
exp061-n3072-k16-d200-bs50-f1.000-r00:035289.905: (389 sec)
exp061-n3072-k16-d200-bs50-f1.000-r00:035289.905: Loop 74/100
exp061-n3072-k16-d200-bs50-f1.000-r00:035694.390: log(exp-norms): [3072.0, 3074.04, 3074.41]
exp061-n3072-k16-d200-bs50-f1.000-r00:035694.390: log(norms):     [3072.0, 3074.83, 3076.04, 3076.17, 3076.18, 3076.04, 3076.15, 3076.1, 3076.29, 3076.34]
exp061-n3072-k16-d200-bs50-f1.000-r00:035694.411: (405 sec)
exp061-n3072-k16-d200-bs50-f1.000-r00:035694.411: Loop 75/100
exp061-n3072-k16-d200-bs50-f1.000-r00:036091.392: log(exp-norms): [3072.0, 3074.04, 3074.41]
exp061-n3072-k16-d200-bs50-f1.000-r00:036091.393: log(norms):     [3072.0, 3074.83, 3076.04, 3076.17, 3076.18, 3076.04, 3076.15, 3076.1, 3076.29, 3076.34]
exp061-n3072-k16-d200-bs50-f1.000-r00:036091.414: (398 sec)
exp061-n3072-k16-d200-bs50-f1.000-r00:036091.414: Loop 76/100
exp061-n3072-k16-d200-bs50-f1.000-r00:036479.919: log(exp-norms): [3072.0, 3074.04, 3074.41]
exp061-n3072-k16-d200-bs50-f1.000-r00:036479.919: log(norms):     [3072.0, 3074.83, 3076.04, 3076.17, 3076.18, 3076.04, 3076.15, 3076.1, 3076.29, 3076.34]
exp061-n3072-k16-d200-bs50-f1.000-r00:036479.940: (389 sec)
exp061-n3072-k16-d200-bs50-f1.000-r00:036479.940: Loop 77/100
exp061-n3072-k16-d200-bs50-f1.000-r00:036879.830: log(exp-norms): [3072.0, 3074.04, 3074.41]
exp061-n3072-k16-d200-bs50-f1.000-r00:036879.830: log(norms):     [3072.0, 3074.83, 3076.04, 3076.17, 3076.18, 3076.04, 3076.15, 3076.1, 3076.29, 3076.34]
exp061-n3072-k16-d200-bs50-f1.000-r00:036879.851: (400 sec)
exp061-n3072-k16-d200-bs50-f1.000-r00:036879.851: Loop 78/100
exp061-n3072-k16-d200-bs50-f1.000-r00:037282.311: log(exp-norms): [3072.0, 3074.04, 3074.41]
exp061-n3072-k16-d200-bs50-f1.000-r00:037282.312: log(norms):     [3072.0, 3074.83, 3076.04, 3076.17, 3076.18, 3076.04, 3076.15, 3076.1, 3076.29, 3076.34]
exp061-n3072-k16-d200-bs50-f1.000-r00:037282.332: (403 sec)
exp061-n3072-k16-d200-bs50-f1.000-r00:037282.332: Loop 79/100
exp061-n3072-k16-d200-bs50-f1.000-r00:037680.132: log(exp-norms): [3072.0, 3074.04, 3074.41]
exp061-n3072-k16-d200-bs50-f1.000-r00:037680.132: log(norms):     [3072.0, 3074.83, 3076.04, 3076.17, 3076.18, 3076.04, 3076.15, 3076.1, 3076.29, 3076.34]
exp061-n3072-k16-d200-bs50-f1.000-r00:037680.153: (398 sec)
exp061-n3072-k16-d200-bs50-f1.000-r00:037680.153: Loop 80/100
exp061-n3072-k16-d200-bs50-f1.000-r00:038054.123: log(exp-norms): [3072.0, 3074.04, 3074.41]
exp061-n3072-k16-d200-bs50-f1.000-r00:038054.123: log(norms):     [3072.0, 3074.83, 3076.04, 3076.17, 3076.18, 3076.04, 3076.15, 3076.1, 3076.29, 3076.34]
exp061-n3072-k16-d200-bs50-f1.000-r00:038054.144: (374 sec)
exp061-n3072-k16-d200-bs50-f1.000-r00:038054.144: Loop 81/100
exp061-n3072-k16-d200-bs50-f1.000-r00:038443.889: log(exp-norms): [3072.0, 3074.04, 3074.41]
exp061-n3072-k16-d200-bs50-f1.000-r00:038443.889: log(norms):     [3072.0, 3074.83, 3076.04, 3076.17, 3076.18, 3076.04, 3076.15, 3076.1, 3076.29, 3076.34]
exp061-n3072-k16-d200-bs50-f1.000-r00:038443.910: (390 sec)
exp061-n3072-k16-d200-bs50-f1.000-r00:038443.910: Loop 82/100
exp061-n3072-k16-d200-bs50-f1.000-r00:038840.801: log(exp-norms): [3072.0, 3074.04, 3074.41]
exp061-n3072-k16-d200-bs50-f1.000-r00:038840.801: log(norms):     [3072.0, 3074.83, 3076.04, 3076.17, 3076.18, 3076.04, 3076.15, 3076.1, 3076.29, 3076.34]
exp061-n3072-k16-d200-bs50-f1.000-r00:038840.821: (397 sec)
exp061-n3072-k16-d200-bs50-f1.000-r00:038840.822: Loop 83/100
exp061-n3072-k16-d200-bs50-f1.000-r00:039231.596: log(exp-norms): [3072.0, 3074.04, 3074.41]
exp061-n3072-k16-d200-bs50-f1.000-r00:039231.597: log(norms):     [3072.0, 3074.83, 3076.04, 3076.17, 3076.18, 3076.04, 3076.15, 3076.1, 3076.29, 3076.34]
exp061-n3072-k16-d200-bs50-f1.000-r00:039231.617: (391 sec)
exp061-n3072-k16-d200-bs50-f1.000-r00:039231.617: Loop 84/100
exp061-n3072-k16-d200-bs50-f1.000-r00:039614.593: log(exp-norms): [3072.0, 3074.04, 3074.41]
exp061-n3072-k16-d200-bs50-f1.000-r00:039614.593: log(norms):     [3072.0, 3074.83, 3076.04, 3076.17, 3076.18, 3076.04, 3076.15, 3076.1, 3076.29, 3076.34]
exp061-n3072-k16-d200-bs50-f1.000-r00:039614.613: (383 sec)
exp061-n3072-k16-d200-bs50-f1.000-r00:039614.613: Loop 85/100
exp061-n3072-k16-d200-bs50-f1.000-r00:039995.334: log(exp-norms): [3072.0, 3074.04, 3074.41]
exp061-n3072-k16-d200-bs50-f1.000-r00:039995.335: log(norms):     [3072.0, 3074.83, 3076.04, 3076.17, 3076.18, 3076.04, 3076.15, 3076.1, 3076.29, 3076.34]
exp061-n3072-k16-d200-bs50-f1.000-r00:039995.355: (381 sec)
exp061-n3072-k16-d200-bs50-f1.000-r00:039995.355: Loop 86/100
exp061-n3072-k16-d200-bs50-f1.000-r00:040392.737: log(exp-norms): [3072.0, 3074.04, 3074.41]
exp061-n3072-k16-d200-bs50-f1.000-r00:040392.737: log(norms):     [3072.0, 3074.83, 3076.04, 3076.17, 3076.18, 3076.07, 3076.04, 3076.15, 3076.34, 3076.21]
exp061-n3072-k16-d200-bs50-f1.000-r00:040392.758: (398 sec)
exp061-n3072-k16-d200-bs50-f1.000-r00:040392.758: Loop 87/100
exp061-n3072-k16-d200-bs50-f1.000-r00:040778.581: log(exp-norms): [3072.0, 3074.04, 3074.41]
exp061-n3072-k16-d200-bs50-f1.000-r00:040778.581: log(norms):     [3072.0, 3074.83, 3076.04, 3076.17, 3076.18, 3076.07, 3076.04, 3076.15, 3076.29, 3076.34]
exp061-n3072-k16-d200-bs50-f1.000-r00:040778.602: (386 sec)
exp061-n3072-k16-d200-bs50-f1.000-r00:040778.602: Loop 88/100
exp061-n3072-k16-d200-bs50-f1.000-r00:041174.234: log(exp-norms): [3072.0, 3074.04, 3074.41]
exp061-n3072-k16-d200-bs50-f1.000-r00:041174.235: log(norms):     [3072.0, 3074.83, 3076.04, 3076.17, 3076.18, 3076.07, 3076.04, 3076.15, 3076.29, 3076.34]
exp061-n3072-k16-d200-bs50-f1.000-r00:041174.255: (396 sec)
exp061-n3072-k16-d200-bs50-f1.000-r00:041174.255: Loop 89/100
exp061-n3072-k16-d200-bs50-f1.000-r00:041569.691: log(exp-norms): [3072.0, 3074.04, 3074.41]
exp061-n3072-k16-d200-bs50-f1.000-r00:041569.692: log(norms):     [3072.0, 3074.83, 3076.04, 3076.17, 3076.18, 3076.07, 3076.04, 3076.15, 3076.29, 3076.34]
exp061-n3072-k16-d200-bs50-f1.000-r00:041569.712: (396 sec)
exp061-n3072-k16-d200-bs50-f1.000-r00:041569.712: Loop 90/100
exp061-n3072-k16-d200-bs50-f1.000-r00:041957.837: log(exp-norms): [3072.0, 3074.04, 3074.41]
exp061-n3072-k16-d200-bs50-f1.000-r00:041957.837: log(norms):     [3072.0, 3074.83, 3076.04, 3076.17, 3076.18, 3076.07, 3076.04, 3076.15, 3076.29, 3076.34]
exp061-n3072-k16-d200-bs50-f1.000-r00:041957.857: (389 sec)
exp061-n3072-k16-d200-bs50-f1.000-r00:041957.858: Loop 91/100
exp061-n3072-k16-d200-bs50-f1.000-r00:042334.190: log(exp-norms): [3072.0, 3074.04, 3074.41]
exp061-n3072-k16-d200-bs50-f1.000-r00:042334.190: log(norms):     [3072.0, 3074.83, 3076.04, 3076.17, 3076.18, 3076.07, 3076.04, 3076.15, 3076.29, 3076.34]
exp061-n3072-k16-d200-bs50-f1.000-r00:042334.210: (377 sec)
exp061-n3072-k16-d200-bs50-f1.000-r00:042334.210: Loop 92/100
exp061-n3072-k16-d200-bs50-f1.000-r00:042699.879: log(exp-norms): [3072.0, 3074.04, 3074.41]
exp061-n3072-k16-d200-bs50-f1.000-r00:042699.879: log(norms):     [3072.0, 3074.83, 3076.04, 3076.17, 3076.18, 3076.07, 3076.04, 3076.15, 3076.29, 3076.34]
exp061-n3072-k16-d200-bs50-f1.000-r00:042699.898: (366 sec)
exp061-n3072-k16-d200-bs50-f1.000-r00:042699.899: Loop 93/100
exp061-n3072-k16-d200-bs50-f1.000-r00:043093.454: log(exp-norms): [3072.0, 3074.04, 3074.41]
exp061-n3072-k16-d200-bs50-f1.000-r00:043093.454: log(norms):     [3072.0, 3074.83, 3076.04, 3076.17, 3076.18, 3076.07, 3076.04, 3076.15, 3076.29, 3076.34]
exp061-n3072-k16-d200-bs50-f1.000-r00:043093.473: (394 sec)
exp061-n3072-k16-d200-bs50-f1.000-r00:043093.474: Loop 94/100
exp061-n3072-k16-d200-bs50-f1.000-r00:043476.207: log(exp-norms): [3072.0, 3074.04, 3074.41]
exp061-n3072-k16-d200-bs50-f1.000-r00:043476.207: log(norms):     [3072.0, 3074.83, 3075.93, 3076.04, 3076.17, 3076.18, 3076.07, 3076.04, 3076.15, 3076.32]
exp061-n3072-k16-d200-bs50-f1.000-r00:043476.227: (383 sec)
exp061-n3072-k16-d200-bs50-f1.000-r00:043476.227: Loop 95/100
exp061-n3072-k16-d200-bs50-f1.000-r00:043854.925: log(exp-norms): [3072.0, 3074.04, 3074.41]
exp061-n3072-k16-d200-bs50-f1.000-r00:043854.925: log(norms):     [3072.0, 3074.83, 3075.93, 3076.04, 3076.17, 3076.18, 3076.07, 3076.04, 3076.15, 3076.32]
exp061-n3072-k16-d200-bs50-f1.000-r00:043854.946: (379 sec)
exp061-n3072-k16-d200-bs50-f1.000-r00:043854.946: Loop 96/100
exp061-n3072-k16-d200-bs50-f1.000-r00:044235.602: log(exp-norms): [3072.0, 3074.04, 3074.41]
exp061-n3072-k16-d200-bs50-f1.000-r00:044235.602: log(norms):     [3072.0, 3074.83, 3075.93, 3076.04, 3076.17, 3076.18, 3076.07, 3076.21, 3076.04, 3076.15]
exp061-n3072-k16-d200-bs50-f1.000-r00:044235.622: (381 sec)
exp061-n3072-k16-d200-bs50-f1.000-r00:044235.622: Loop 97/100
exp061-n3072-k16-d200-bs50-f1.000-r00:044623.223: log(exp-norms): [3072.0, 3074.04, 3074.41]
exp061-n3072-k16-d200-bs50-f1.000-r00:044623.223: log(norms):     [3072.0, 3074.83, 3075.93, 3076.04, 3076.17, 3076.18, 3076.07, 3076.13, 3076.21, 3076.3]
exp061-n3072-k16-d200-bs50-f1.000-r00:044623.243: (388 sec)
exp061-n3072-k16-d200-bs50-f1.000-r00:044623.243: Loop 98/100
exp061-n3072-k16-d200-bs50-f1.000-r00:045007.819: log(exp-norms): [3072.0, 3074.04, 3074.41]
exp061-n3072-k16-d200-bs50-f1.000-r00:045007.819: log(norms):     [3072.0, 3074.83, 3075.93, 3076.04, 3076.13, 3076.07, 3076.3, 3076.35, 3076.17, 3076.18]
exp061-n3072-k16-d200-bs50-f1.000-r00:045007.838: (385 sec)
exp061-n3072-k16-d200-bs50-f1.000-r00:045007.838: Loop 99/100
exp061-n3072-k16-d200-bs50-f1.000-r00:045386.634: log(exp-norms): [3072.0, 3074.04, 3074.41]
exp061-n3072-k16-d200-bs50-f1.000-r00:045386.634: log(norms):     [3072.0, 3074.83, 3075.93, 3076.04, 3076.13, 3076.07, 3076.3, 3076.35, 3076.17, 3076.18]
exp061-n3072-k16-d200-bs50-f1.000-r00:045386.654: (379 sec)
exp061-n3072-k16-d200-bs50-f1.000-r00:045386.654: Loop 100/100
exp061-n3072-k16-d200-bs50-f1.000-r00:045780.011: log(exp-norms): [3072.0, 3074.04, 3074.41]
exp061-n3072-k16-d200-bs50-f1.000-r00:045780.011: log(norms):     [3072.0, 3074.83, 3075.93, 3076.04, 3076.13, 3076.07, 3076.3, 3076.35, 3076.17, 3076.18]
exp061-n3072-k16-d200-bs50-f1.000-r00:045780.030: (394 sec)
exp061-n3072-k16-d200-bs50-f1.000-r00:045780.030: ==========================Summary===========================
exp061-n3072-k16-d200-bs50-f1.000-r00:045780.030: Total time: 45780sec
exp061-n3072-k16-d200-bs50-f1.000-r00:045780.030: FAIL
exp061-n3072-k16-d200-bs50-f1.000-r00:045780.030: SUMMARY:n:3072:k:16:d:200:bs:50:t:45780:r:False
