exp069-n3072-k16-d230-bs60-f1.000-r00:000000.566: ==========================Instance==========================
exp069-n3072-k16-d230-bs60-f1.000-r00:000000.567: # of equations: 230
exp069-n3072-k16-d230-bs60-f1.000-r00:000000.576: Gap: 5.13
exp069-n3072-k16-d230-bs60-f1.000-r00:000000.595: Tau: 7.13
exp069-n3072-k16-d230-bs60-f1.000-r00:000000.596: ======================BKZ-60 reduction======================
exp069-n3072-k16-d230-bs60-f1.000-r00:000007.508: Expectedly achievable log(norm): 3078.42
exp069-n3072-k16-d230-bs60-f1.000-r00:000014.920: log(exp-norms): [3072.0, 3074.14, 3076.49]
exp069-n3072-k16-d230-bs60-f1.000-r00:000014.920: log(norms):     [3091.18, 3074.93, 3088.0, 3088.0, 3088.0, 3088.0, 3088.0, 3088.0, 3088.0, 3088.0]
exp069-n3072-k16-d230-bs60-f1.000-r00:000015.023: Loop 1/100
exp069-n3072-k16-d230-bs60-f1.000-r00:011407.610: log(exp-norms): [3072.0, 3074.14, 3076.49]
exp069-n3072-k16-d230-bs60-f1.000-r00:011407.610: log(norms):     [3074.93, 3080.86, 3080.9, 3080.95, 3080.82, 3081.0, 3081.01, 3080.97, 3080.94, 3080.83]
exp069-n3072-k16-d230-bs60-f1.000-r00:011407.635: (11393 sec)
exp069-n3072-k16-d230-bs60-f1.000-r00:011407.635: Loop 2/100
exp069-n3072-k16-d230-bs60-f1.000-r00:012914.807: log(exp-norms): [3072.0, 3074.14, 3076.49]
exp069-n3072-k16-d230-bs60-f1.000-r00:012914.807: log(norms):     [3074.93, 3080.24, 3080.35, 3080.39, 3080.34, 3080.27, 3080.45, 3080.37, 3080.43, 3080.48]
exp069-n3072-k16-d230-bs60-f1.000-r00:012914.831: (1508 sec)
exp069-n3072-k16-d230-bs60-f1.000-r00:012914.832: Loop 3/100
exp069-n3072-k16-d230-bs60-f1.000-r00:014356.924: log(exp-norms): [3072.0, 3074.14, 3076.49]
exp069-n3072-k16-d230-bs60-f1.000-r00:014356.925: log(norms):     [3072.0, 3074.93, 3079.86, 3079.87, 3079.91, 3079.89, 3079.93, 3080.0, 3079.97, 3080.0]
exp069-n3072-k16-d230-bs60-f1.000-r00:014356.948: (1443 sec)
exp069-n3072-k16-d230-bs60-f1.000-r00:014356.948: Loop 4/100
exp069-n3072-k16-d230-bs60-f1.000-r00:015753.360: log(exp-norms): [3072.0, 3074.14, 3076.49]
exp069-n3072-k16-d230-bs60-f1.000-r00:015753.360: log(norms):     [3072.0, 3074.93, 3079.56, 3079.57, 3079.62, 3079.64, 3079.58, 3079.54, 3079.58, 3079.88]
exp069-n3072-k16-d230-bs60-f1.000-r00:015753.384: (1397 sec)
exp069-n3072-k16-d230-bs60-f1.000-r00:015753.384: Loop 5/100
exp069-n3072-k16-d230-bs60-f1.000-r00:017141.736: log(exp-norms): [3072.0, 3074.14, 3076.49]
exp069-n3072-k16-d230-bs60-f1.000-r00:017141.736: log(norms):     [3072.0, 3074.93, 3079.22, 3079.26, 3079.26, 3079.5, 3079.36, 3079.47, 3079.4, 3079.41]
exp069-n3072-k16-d230-bs60-f1.000-r00:017141.760: (1389 sec)
exp069-n3072-k16-d230-bs60-f1.000-r00:017141.760: Loop 6/100
exp069-n3072-k16-d230-bs60-f1.000-r00:018463.644: log(exp-norms): [3072.0, 3074.14, 3076.49]
exp069-n3072-k16-d230-bs60-f1.000-r00:018463.644: log(norms):     [3072.0, 3074.93, 3078.97, 3079.05, 3079.02, 3079.09, 3079.04, 3079.19, 3079.1, 3079.16]
exp069-n3072-k16-d230-bs60-f1.000-r00:018463.667: (1322 sec)
exp069-n3072-k16-d230-bs60-f1.000-r00:018463.668: Loop 7/100
exp069-n3072-k16-d230-bs60-f1.000-r00:019751.085: log(exp-norms): [3072.0, 3074.14, 3076.49]
exp069-n3072-k16-d230-bs60-f1.000-r00:019751.085: log(norms):     [3072.0, 3074.93, 3078.86, 3078.98, 3078.94, 3078.92, 3078.97, 3079.07, 3079.01, 3078.97]
exp069-n3072-k16-d230-bs60-f1.000-r00:019751.109: (1288 sec)
exp069-n3072-k16-d230-bs60-f1.000-r00:019751.109: Loop 8/100
exp069-n3072-k16-d230-bs60-f1.000-r00:021050.758: log(exp-norms): [3072.0, 3074.14, 3076.49]
exp069-n3072-k16-d230-bs60-f1.000-r00:021050.758: log(norms):     [3072.0, 3074.93, 3078.7, 3078.82, 3078.8, 3078.81, 3079.04, 3078.98, 3078.98, 3078.86]
exp069-n3072-k16-d230-bs60-f1.000-r00:021050.781: (1300 sec)
exp069-n3072-k16-d230-bs60-f1.000-r00:021050.781: Loop 9/100
exp069-n3072-k16-d230-bs60-f1.000-r00:022340.760: log(exp-norms): [3072.0, 3074.14, 3076.49]
exp069-n3072-k16-d230-bs60-f1.000-r00:022340.761: log(norms):     [3072.0, 3074.93, 3078.67, 3078.67, 3078.7, 3078.79, 3078.76, 3078.86, 3078.76, 3078.87]
exp069-n3072-k16-d230-bs60-f1.000-r00:022340.784: (1291 sec)
exp069-n3072-k16-d230-bs60-f1.000-r00:022340.784: Loop 10/100
exp069-n3072-k16-d230-bs60-f1.000-r00:023664.889: log(exp-norms): [3072.0, 3074.14, 3076.49]
exp069-n3072-k16-d230-bs60-f1.000-r00:023664.890: log(norms):     [3072.0, 3074.93, 3078.62, 3078.63, 3078.63, 3078.7, 3078.79, 3078.92, 3078.79, 3078.81]
exp069-n3072-k16-d230-bs60-f1.000-r00:023664.913: (1325 sec)
exp069-n3072-k16-d230-bs60-f1.000-r00:023664.913: Loop 11/100
exp069-n3072-k16-d230-bs60-f1.000-r00:024945.814: log(exp-norms): [3072.0, 3074.14, 3076.49]
exp069-n3072-k16-d230-bs60-f1.000-r00:024945.814: log(norms):     [3072.0, 3074.93, 3078.56, 3078.62, 3078.59, 3078.63, 3078.63, 3078.82, 3078.79, 3078.93]
exp069-n3072-k16-d230-bs60-f1.000-r00:024945.838: (1281 sec)
exp069-n3072-k16-d230-bs60-f1.000-r00:024945.838: Loop 12/100
exp069-n3072-k16-d230-bs60-f1.000-r00:026264.476: log(exp-norms): [3072.0, 3074.14, 3076.49]
exp069-n3072-k16-d230-bs60-f1.000-r00:026264.476: log(norms):     [3072.0, 3074.93, 3078.52, 3078.56, 3078.63, 3078.75, 3078.82, 3078.65, 3078.75, 3078.59]
exp069-n3072-k16-d230-bs60-f1.000-r00:026264.499: (1319 sec)
exp069-n3072-k16-d230-bs60-f1.000-r00:026264.500: Loop 13/100
exp069-n3072-k16-d230-bs60-f1.000-r00:027569.535: log(exp-norms): [3072.0, 3074.14, 3076.49]
exp069-n3072-k16-d230-bs60-f1.000-r00:027569.535: log(norms):     [3072.0, 3074.93, 3078.51, 3078.52, 3078.64, 3078.6, 3078.5, 3078.7, 3078.72, 3078.73]
exp069-n3072-k16-d230-bs60-f1.000-r00:027569.559: (1306 sec)
exp069-n3072-k16-d230-bs60-f1.000-r00:027569.559: Loop 14/100
exp069-n3072-k16-d230-bs60-f1.000-r00:028831.895: log(exp-norms): [3072.0, 3074.14, 3076.49]
exp069-n3072-k16-d230-bs60-f1.000-r00:028831.895: log(norms):     [3072.0, 3074.93, 3078.5, 3078.51, 3078.57, 3078.69, 3078.58, 3078.59, 3078.63, 3078.59]
exp069-n3072-k16-d230-bs60-f1.000-r00:028831.918: (1263 sec)
exp069-n3072-k16-d230-bs60-f1.000-r00:028831.919: Loop 15/100
exp069-n3072-k16-d230-bs60-f1.000-r00:030141.830: log(exp-norms): [3072.0, 3074.14, 3076.49]
exp069-n3072-k16-d230-bs60-f1.000-r00:030141.830: log(norms):     [3072.0, 3074.93, 3078.41, 3078.5, 3078.56, 3078.56, 3078.77, 3078.73, 3078.6, 3078.64]
exp069-n3072-k16-d230-bs60-f1.000-r00:030141.854: (1310 sec)
exp069-n3072-k16-d230-bs60-f1.000-r00:030141.855: Loop 16/100
exp069-n3072-k16-d230-bs60-f1.000-r00:031440.357: log(exp-norms): [3072.0, 3074.14, 3076.49]
exp069-n3072-k16-d230-bs60-f1.000-r00:031440.357: log(norms):     [3072.0, 3074.93, 3078.41, 3078.56, 3078.56, 3078.59, 3078.65, 3078.64, 3078.67, 3078.86]
exp069-n3072-k16-d230-bs60-f1.000-r00:031440.381: (1299 sec)
exp069-n3072-k16-d230-bs60-f1.000-r00:031440.381: Loop 17/100
exp069-n3072-k16-d230-bs60-f1.000-r00:032734.219: log(exp-norms): [3072.0, 3074.14, 3076.49]
exp069-n3072-k16-d230-bs60-f1.000-r00:032734.219: log(norms):     [3072.0, 3074.93, 3078.41, 3078.42, 3078.56, 3078.56, 3078.54, 3078.59, 3078.75, 3078.65]
exp069-n3072-k16-d230-bs60-f1.000-r00:032734.242: (1294 sec)
exp069-n3072-k16-d230-bs60-f1.000-r00:032734.243: Loop 18/100
exp069-n3072-k16-d230-bs60-f1.000-r00:034007.356: log(exp-norms): [3072.0, 3074.14, 3076.49]
exp069-n3072-k16-d230-bs60-f1.000-r00:034007.356: log(norms):     [3072.0, 3074.93, 3078.41, 3078.46, 3078.42, 3078.42, 3078.56, 3078.54, 3078.48, 3078.62]
exp069-n3072-k16-d230-bs60-f1.000-r00:034007.380: (1274 sec)
exp069-n3072-k16-d230-bs60-f1.000-r00:034007.380: Loop 19/100
exp069-n3072-k16-d230-bs60-f1.000-r00:035291.988: log(exp-norms): [3072.0, 3074.14, 3076.49]
exp069-n3072-k16-d230-bs60-f1.000-r00:035291.988: log(norms):     [3072.0, 3074.93, 3078.41, 3078.46, 3078.42, 3078.42, 3078.69, 3078.56, 3078.76, 3078.62]
exp069-n3072-k16-d230-bs60-f1.000-r00:035292.011: (1285 sec)
exp069-n3072-k16-d230-bs60-f1.000-r00:035292.012: Loop 20/100
exp069-n3072-k16-d230-bs60-f1.000-r00:036598.176: log(exp-norms): [3072.0, 3074.14, 3076.49]
exp069-n3072-k16-d230-bs60-f1.000-r00:036598.177: log(norms):     [3072.0, 3074.93, 3078.41, 3078.46, 3078.42, 3078.61, 3078.65, 3078.6, 3078.63, 3078.6]
exp069-n3072-k16-d230-bs60-f1.000-r00:036598.200: (1307 sec)
exp069-n3072-k16-d230-bs60-f1.000-r00:036598.200: Loop 21/100
exp069-n3072-k16-d230-bs60-f1.000-r00:037899.777: log(exp-norms): [3072.0, 3074.14, 3076.49]
exp069-n3072-k16-d230-bs60-f1.000-r00:037899.778: log(norms):     [3072.0, 3074.93, 3078.41, 3078.46, 3078.42, 3078.42, 3078.61, 3078.65, 3078.55, 3078.55]
exp069-n3072-k16-d230-bs60-f1.000-r00:037899.801: (1302 sec)
exp069-n3072-k16-d230-bs60-f1.000-r00:037899.801: Loop 22/100
exp069-n3072-k16-d230-bs60-f1.000-r00:039166.304: log(exp-norms): [3072.0, 3074.14, 3076.49]
exp069-n3072-k16-d230-bs60-f1.000-r00:039166.304: log(norms):     [3072.0, 3074.93, 3078.41, 3078.46, 3078.42, 3078.47, 3078.65, 3078.42, 3078.65, 3078.61]
exp069-n3072-k16-d230-bs60-f1.000-r00:039166.328: (1267 sec)
exp069-n3072-k16-d230-bs60-f1.000-r00:039166.328: Loop 23/100
exp069-n3072-k16-d230-bs60-f1.000-r00:040468.962: log(exp-norms): [3072.0, 3074.14, 3076.49]
exp069-n3072-k16-d230-bs60-f1.000-r00:040468.962: log(norms):     [3072.0, 3074.93, 3078.41, 3078.46, 3078.42, 3078.47, 3078.56, 3078.42, 3078.65, 3078.67]
exp069-n3072-k16-d230-bs60-f1.000-r00:040468.986: (1303 sec)
exp069-n3072-k16-d230-bs60-f1.000-r00:040468.986: Loop 24/100
exp069-n3072-k16-d230-bs60-f1.000-r00:041738.645: log(exp-norms): [3072.0, 3074.14, 3076.49]
exp069-n3072-k16-d230-bs60-f1.000-r00:041738.645: log(norms):     [3072.0, 3074.93, 3078.41, 3078.46, 3078.42, 3078.47, 3078.56, 3078.42, 3078.65, 3078.67]
exp069-n3072-k16-d230-bs60-f1.000-r00:041738.667: (1270 sec)
exp069-n3072-k16-d230-bs60-f1.000-r00:041738.667: Loop 25/100
exp069-n3072-k16-d230-bs60-f1.000-r00:042986.785: log(exp-norms): [3072.0, 3074.14, 3076.49]
exp069-n3072-k16-d230-bs60-f1.000-r00:042986.785: log(norms):     [3072.0, 3074.93, 3078.41, 3078.46, 3078.42, 3078.58, 3078.47, 3078.43, 3078.67, 3078.65]
exp069-n3072-k16-d230-bs60-f1.000-r00:042986.808: (1249 sec)
exp069-n3072-k16-d230-bs60-f1.000-r00:042986.809: Loop 26/100
exp069-n3072-k16-d230-bs60-f1.000-r00:044221.020: log(exp-norms): [3072.0, 3074.14, 3076.49]
exp069-n3072-k16-d230-bs60-f1.000-r00:044221.021: log(norms):     [3072.0, 3074.93, 3078.41, 3078.46, 3078.42, 3078.57, 3078.58, 3078.47, 3078.61, 3078.5]
exp069-n3072-k16-d230-bs60-f1.000-r00:044221.043: (1235 sec)
exp069-n3072-k16-d230-bs60-f1.000-r00:044221.043: Loop 27/100
exp069-n3072-k16-d230-bs60-f1.000-r00:045415.321: log(exp-norms): [3072.0, 3074.14, 3076.49]
exp069-n3072-k16-d230-bs60-f1.000-r00:045415.321: log(norms):     [3072.0, 3074.93, 3078.41, 3078.46, 3078.42, 3078.57, 3078.4, 3078.58, 3078.47, 3078.76]
exp069-n3072-k16-d230-bs60-f1.000-r00:045415.344: (1195 sec)
exp069-n3072-k16-d230-bs60-f1.000-r00:045415.344: Loop 28/100
exp069-n3072-k16-d230-bs60-f1.000-r00:046618.861: log(exp-norms): [3072.0, 3074.14, 3076.49]
exp069-n3072-k16-d230-bs60-f1.000-r00:046618.861: log(norms):     [3072.0, 3074.93, 3078.4, 3078.46, 3078.41, 3078.57, 3078.42, 3078.52, 3078.58, 3078.69]
exp069-n3072-k16-d230-bs60-f1.000-r00:046618.883: (1204 sec)
exp069-n3072-k16-d230-bs60-f1.000-r00:046618.883: Loop 29/100
exp069-n3072-k16-d230-bs60-f1.000-r00:047832.544: log(exp-norms): [3072.0, 3074.14, 3076.49]
exp069-n3072-k16-d230-bs60-f1.000-r00:047832.544: log(norms):     [3072.0, 3074.93, 3078.4, 3078.46, 3078.41, 3078.57, 3078.42, 3078.52, 3078.58, 3078.69]
exp069-n3072-k16-d230-bs60-f1.000-r00:047832.566: (1214 sec)
exp069-n3072-k16-d230-bs60-f1.000-r00:047832.566: Loop 30/100
exp069-n3072-k16-d230-bs60-f1.000-r00:049074.179: log(exp-norms): [3072.0, 3074.14, 3076.49]
exp069-n3072-k16-d230-bs60-f1.000-r00:049074.179: log(norms):     [3072.0, 3074.93, 3078.4, 3078.46, 3078.41, 3078.57, 3078.42, 3078.52, 3078.58, 3078.69]
exp069-n3072-k16-d230-bs60-f1.000-r00:049074.201: (1242 sec)
exp069-n3072-k16-d230-bs60-f1.000-r00:049074.201: Loop 31/100
exp069-n3072-k16-d230-bs60-f1.000-r00:050272.059: log(exp-norms): [3072.0, 3074.14, 3076.49]
exp069-n3072-k16-d230-bs60-f1.000-r00:050272.060: log(norms):     [3072.0, 3074.93, 3078.4, 3078.46, 3078.41, 3078.58, 3078.42, 3078.52, 3078.67, 3078.57]
exp069-n3072-k16-d230-bs60-f1.000-r00:050272.081: (1198 sec)
exp069-n3072-k16-d230-bs60-f1.000-r00:050272.082: Loop 32/100
exp069-n3072-k16-d230-bs60-f1.000-r00:051485.396: log(exp-norms): [3072.0, 3074.14, 3076.49]
exp069-n3072-k16-d230-bs60-f1.000-r00:051485.396: log(norms):     [3072.0, 3074.93, 3078.4, 3078.46, 3078.41, 3078.58, 3078.42, 3078.52, 3078.6, 3078.57]
exp069-n3072-k16-d230-bs60-f1.000-r00:051485.418: (1214 sec)
exp069-n3072-k16-d230-bs60-f1.000-r00:051485.418: Loop 33/100
exp069-n3072-k16-d230-bs60-f1.000-r00:052691.606: log(exp-norms): [3072.0, 3074.14, 3076.49]
exp069-n3072-k16-d230-bs60-f1.000-r00:052691.606: log(norms):     [3072.0, 3074.93, 3078.4, 3078.46, 3078.41, 3078.58, 3078.42, 3078.52, 3078.6, 3078.57]
exp069-n3072-k16-d230-bs60-f1.000-r00:052691.628: (1207 sec)
exp069-n3072-k16-d230-bs60-f1.000-r00:052691.628: Loop 34/100
exp069-n3072-k16-d230-bs60-f1.000-r00:053905.625: log(exp-norms): [3072.0, 3074.14, 3076.49]
exp069-n3072-k16-d230-bs60-f1.000-r00:053905.625: log(norms):     [3072.0, 3074.93, 3078.4, 3078.46, 3078.41, 3078.58, 3078.42, 3078.52, 3078.6, 3078.57]
exp069-n3072-k16-d230-bs60-f1.000-r00:053905.648: (1215 sec)
exp069-n3072-k16-d230-bs60-f1.000-r00:053905.648: Loop 35/100
exp069-n3072-k16-d230-bs60-f1.000-r00:055141.206: log(exp-norms): [3072.0, 3074.14, 3076.49]
exp069-n3072-k16-d230-bs60-f1.000-r00:055141.206: log(norms):     [3072.0, 3074.93, 3078.4, 3078.46, 3078.41, 3078.58, 3078.42, 3078.52, 3078.6, 3078.57]
exp069-n3072-k16-d230-bs60-f1.000-r00:055141.228: (1236 sec)
exp069-n3072-k16-d230-bs60-f1.000-r00:055141.228: Loop 36/100
exp069-n3072-k16-d230-bs60-f1.000-r00:056356.872: log(exp-norms): [3072.0, 3074.14, 3076.49]
exp069-n3072-k16-d230-bs60-f1.000-r00:056356.872: log(norms):     [3072.0, 3074.93, 3078.4, 3078.46, 3078.41, 3078.58, 3078.42, 3078.52, 3078.6, 3078.57]
exp069-n3072-k16-d230-bs60-f1.000-r00:056356.896: (1216 sec)
exp069-n3072-k16-d230-bs60-f1.000-r00:056356.896: Loop 37/100
exp069-n3072-k16-d230-bs60-f1.000-r00:057543.687: log(exp-norms): [3072.0, 3074.14, 3076.49]
exp069-n3072-k16-d230-bs60-f1.000-r00:057543.687: log(norms):     [3072.0, 3074.93, 3078.4, 3078.4, 3078.41, 3078.46, 3078.51, 3078.54, 3078.42, 3078.57]
exp069-n3072-k16-d230-bs60-f1.000-r00:057543.709: (1187 sec)
exp069-n3072-k16-d230-bs60-f1.000-r00:057543.709: Loop 38/100
exp069-n3072-k16-d230-bs60-f1.000-r00:058751.563: log(exp-norms): [3072.0, 3074.14, 3076.49]
exp069-n3072-k16-d230-bs60-f1.000-r00:058751.563: log(norms):     [3072.0, 3074.93, 3078.4, 3078.4, 3078.41, 3078.46, 3078.51, 3078.54, 3078.42, 3078.57]
exp069-n3072-k16-d230-bs60-f1.000-r00:058751.585: (1208 sec)
exp069-n3072-k16-d230-bs60-f1.000-r00:058751.585: Loop 39/100
exp069-n3072-k16-d230-bs60-f1.000-r00:059930.248: log(exp-norms): [3072.0, 3074.14, 3076.49]
exp069-n3072-k16-d230-bs60-f1.000-r00:059930.248: log(norms):     [3072.0, 3074.93, 3078.4, 3078.4, 3078.41, 3078.46, 3078.51, 3078.54, 3078.42, 3078.57]
exp069-n3072-k16-d230-bs60-f1.000-r00:059930.270: (1179 sec)
exp069-n3072-k16-d230-bs60-f1.000-r00:059930.270: Loop 40/100
exp069-n3072-k16-d230-bs60-f1.000-r00:061162.355: log(exp-norms): [3072.0, 3074.14, 3076.49]
exp069-n3072-k16-d230-bs60-f1.000-r00:061162.355: log(norms):     [3072.0, 3074.93, 3078.4, 3078.4, 3078.41, 3078.46, 3078.51, 3078.54, 3078.42, 3078.57]
exp069-n3072-k16-d230-bs60-f1.000-r00:061162.378: (1233 sec)
exp069-n3072-k16-d230-bs60-f1.000-r00:061162.379: Loop 41/100
exp069-n3072-k16-d230-bs60-f1.000-r00:062361.983: log(exp-norms): [3072.0, 3074.14, 3076.49]
exp069-n3072-k16-d230-bs60-f1.000-r00:062361.983: log(norms):     [3072.0, 3074.93, 3078.4, 3078.4, 3078.41, 3078.46, 3078.51, 3078.54, 3078.42, 3078.57]
exp069-n3072-k16-d230-bs60-f1.000-r00:062362.005: (1200 sec)
exp069-n3072-k16-d230-bs60-f1.000-r00:062362.005: Loop 42/100
exp069-n3072-k16-d230-bs60-f1.000-r00:063568.842: log(exp-norms): [3072.0, 3074.14, 3076.49]
exp069-n3072-k16-d230-bs60-f1.000-r00:063568.843: log(norms):     [3072.0, 3074.93, 3078.4, 3078.4, 3078.41, 3078.46, 3078.51, 3078.54, 3078.42, 3078.54]
exp069-n3072-k16-d230-bs60-f1.000-r00:063568.866: (1207 sec)
exp069-n3072-k16-d230-bs60-f1.000-r00:063568.866: Loop 43/100
exp069-n3072-k16-d230-bs60-f1.000-r00:064756.048: log(exp-norms): [3072.0, 3074.14, 3076.49]
exp069-n3072-k16-d230-bs60-f1.000-r00:064756.048: log(norms):     [3072.0, 3074.93, 3078.4, 3078.4, 3078.41, 3078.46, 3078.51, 3078.54, 3078.42, 3078.54]
exp069-n3072-k16-d230-bs60-f1.000-r00:064756.070: (1188 sec)
exp069-n3072-k16-d230-bs60-f1.000-r00:064756.071: Loop 44/100
exp069-n3072-k16-d230-bs60-f1.000-r00:065958.695: log(exp-norms): [3072.0, 3074.14, 3076.49]
exp069-n3072-k16-d230-bs60-f1.000-r00:065958.695: log(norms):     [3072.0, 3074.93, 3078.4, 3078.4, 3078.41, 3078.46, 3078.51, 3078.54, 3078.42, 3078.54]
exp069-n3072-k16-d230-bs60-f1.000-r00:065958.719: (1203 sec)
exp069-n3072-k16-d230-bs60-f1.000-r00:065958.719: Loop 45/100
exp069-n3072-k16-d230-bs60-f1.000-r00:067164.912: log(exp-norms): [3072.0, 3074.14, 3076.49]
exp069-n3072-k16-d230-bs60-f1.000-r00:067164.913: log(norms):     [3072.0, 3074.93, 3078.4, 3078.4, 3078.41, 3078.46, 3078.51, 3078.54, 3078.42, 3078.54]
exp069-n3072-k16-d230-bs60-f1.000-r00:067164.934: (1207 sec)
exp069-n3072-k16-d230-bs60-f1.000-r00:067164.935: Loop 46/100
exp069-n3072-k16-d230-bs60-f1.000-r00:068382.694: log(exp-norms): [3072.0, 3074.14, 3076.49]
exp069-n3072-k16-d230-bs60-f1.000-r00:068382.695: log(norms):     [3072.0, 3074.93, 3078.39, 3078.4, 3078.46, 3078.58, 3078.41, 3078.4, 3078.51, 3078.63]
exp069-n3072-k16-d230-bs60-f1.000-r00:068382.716: (1218 sec)
exp069-n3072-k16-d230-bs60-f1.000-r00:068382.717: Loop 47/100
exp069-n3072-k16-d230-bs60-f1.000-r00:069589.829: log(exp-norms): [3072.0, 3074.14, 3076.49]
exp069-n3072-k16-d230-bs60-f1.000-r00:069589.830: log(norms):     [3072.0, 3074.93, 3078.39, 3078.4, 3078.46, 3078.58, 3078.41, 3078.4, 3078.51, 3078.63]
exp069-n3072-k16-d230-bs60-f1.000-r00:069589.852: (1208 sec)
exp069-n3072-k16-d230-bs60-f1.000-r00:069589.852: Loop 48/100
exp069-n3072-k16-d230-bs60-f1.000-r00:070772.103: log(exp-norms): [3072.0, 3074.14, 3076.49]
exp069-n3072-k16-d230-bs60-f1.000-r00:070772.103: log(norms):     [3072.0, 3074.93, 3078.39, 3078.4, 3078.46, 3078.58, 3078.41, 3078.4, 3078.51, 3078.56]
exp069-n3072-k16-d230-bs60-f1.000-r00:070772.125: (1183 sec)
exp069-n3072-k16-d230-bs60-f1.000-r00:070772.125: Loop 49/100
exp069-n3072-k16-d230-bs60-f1.000-r00:071957.082: log(exp-norms): [3072.0, 3074.14, 3076.49]
exp069-n3072-k16-d230-bs60-f1.000-r00:071957.082: log(norms):     [3072.0, 3074.93, 3078.39, 3078.4, 3078.46, 3078.58, 3078.41, 3078.4, 3078.51, 3078.56]
exp069-n3072-k16-d230-bs60-f1.000-r00:071957.104: (1185 sec)
exp069-n3072-k16-d230-bs60-f1.000-r00:071957.104: Loop 50/100
exp069-n3072-k16-d230-bs60-f1.000-r00:073179.123: log(exp-norms): [3072.0, 3074.14, 3076.49]
exp069-n3072-k16-d230-bs60-f1.000-r00:073179.124: log(norms):     [3072.0, 3074.93, 3078.39, 3078.4, 3078.46, 3078.58, 3078.41, 3078.4, 3078.51, 3078.56]
exp069-n3072-k16-d230-bs60-f1.000-r00:073179.146: (1223 sec)
exp069-n3072-k16-d230-bs60-f1.000-r00:073179.146: Loop 51/100
exp069-n3072-k16-d230-bs60-f1.000-r00:074384.004: log(exp-norms): [3072.0, 3074.14, 3076.49]
exp069-n3072-k16-d230-bs60-f1.000-r00:074384.005: log(norms):     [3072.0, 3074.93, 3078.39, 3078.4, 3078.46, 3078.58, 3078.41, 3078.4, 3078.51, 3078.56]
exp069-n3072-k16-d230-bs60-f1.000-r00:074384.028: (1205 sec)
exp069-n3072-k16-d230-bs60-f1.000-r00:074384.028: Loop 52/100
exp069-n3072-k16-d230-bs60-f1.000-r00:075593.946: log(exp-norms): [3072.0, 3074.14, 3076.49]
exp069-n3072-k16-d230-bs60-f1.000-r00:075593.946: log(norms):     [3072.0, 3074.93, 3078.39, 3078.4, 3078.46, 3078.58, 3078.41, 3078.4, 3078.51, 3078.56]
exp069-n3072-k16-d230-bs60-f1.000-r00:075593.968: (1210 sec)
exp069-n3072-k16-d230-bs60-f1.000-r00:075593.969: Loop 53/100
exp069-n3072-k16-d230-bs60-f1.000-r00:076797.727: log(exp-norms): [3072.0, 3074.14, 3076.49]
exp069-n3072-k16-d230-bs60-f1.000-r00:076797.727: log(norms):     [3072.0, 3074.93, 3078.39, 3078.4, 3078.45, 3078.46, 3078.58, 3078.41, 3078.4, 3078.54]
exp069-n3072-k16-d230-bs60-f1.000-r00:076797.750: (1204 sec)
exp069-n3072-k16-d230-bs60-f1.000-r00:076797.750: Loop 54/100
exp069-n3072-k16-d230-bs60-f1.000-r00:078013.346: log(exp-norms): [3072.0, 3074.14, 3076.49]
exp069-n3072-k16-d230-bs60-f1.000-r00:078013.346: log(norms):     [3072.0, 3074.93, 3078.39, 3078.4, 3078.45, 3078.46, 3078.58, 3078.41, 3078.4, 3078.54]
exp069-n3072-k16-d230-bs60-f1.000-r00:078013.368: (1216 sec)
exp069-n3072-k16-d230-bs60-f1.000-r00:078013.369: Loop 55/100
exp069-n3072-k16-d230-bs60-f1.000-r00:079215.163: log(exp-norms): [3072.0, 3074.14, 3076.49]
exp069-n3072-k16-d230-bs60-f1.000-r00:079215.163: log(norms):     [3072.0, 3074.93, 3078.39, 3078.4, 3078.45, 3078.46, 3078.58, 3078.41, 3078.4, 3078.54]
exp069-n3072-k16-d230-bs60-f1.000-r00:079215.185: (1202 sec)
exp069-n3072-k16-d230-bs60-f1.000-r00:079215.185: Loop 56/100
exp069-n3072-k16-d230-bs60-f1.000-r00:080400.047: log(exp-norms): [3072.0, 3074.14, 3076.49]
exp069-n3072-k16-d230-bs60-f1.000-r00:080400.047: log(norms):     [3072.0, 3074.93, 3078.39, 3078.4, 3078.45, 3078.46, 3078.58, 3078.41, 3078.4, 3078.54]
exp069-n3072-k16-d230-bs60-f1.000-r00:080400.069: (1185 sec)
exp069-n3072-k16-d230-bs60-f1.000-r00:080400.069: Loop 57/100
exp069-n3072-k16-d230-bs60-f1.000-r00:081611.792: log(exp-norms): [3072.0, 3074.14, 3076.49]
exp069-n3072-k16-d230-bs60-f1.000-r00:081611.792: log(norms):     [3072.0, 3074.93, 3078.28, 3078.39, 3078.4, 3078.45, 3078.46, 3078.54, 3078.58, 3078.41]
exp069-n3072-k16-d230-bs60-f1.000-r00:081611.814: (1212 sec)
exp069-n3072-k16-d230-bs60-f1.000-r00:081611.814: Loop 58/100
exp069-n3072-k16-d230-bs60-f1.000-r00:082812.636: log(exp-norms): [3072.0, 3074.14, 3076.49]
exp069-n3072-k16-d230-bs60-f1.000-r00:082812.636: log(norms):     [3072.0, 3074.93, 3078.28, 3078.39, 3078.4, 3078.45, 3078.46, 3078.54, 3078.58, 3078.41]
exp069-n3072-k16-d230-bs60-f1.000-r00:082812.658: (1201 sec)
exp069-n3072-k16-d230-bs60-f1.000-r00:082812.658: Loop 59/100
exp069-n3072-k16-d230-bs60-f1.000-r00:084004.889: log(exp-norms): [3072.0, 3074.14, 3076.49]
exp069-n3072-k16-d230-bs60-f1.000-r00:084004.889: log(norms):     [3072.0, 3074.93, 3078.28, 3078.39, 3078.4, 3078.45, 3078.46, 3078.54, 3078.58, 3078.41]
exp069-n3072-k16-d230-bs60-f1.000-r00:084004.911: (1193 sec)
exp069-n3072-k16-d230-bs60-f1.000-r00:084004.911: Loop 60/100
exp069-n3072-k16-d230-bs60-f1.000-r00:085183.855: log(exp-norms): [3072.0, 3074.14, 3076.49]
exp069-n3072-k16-d230-bs60-f1.000-r00:085183.856: log(norms):     [3072.0, 3074.93, 3078.28, 3078.39, 3078.4, 3078.45, 3078.46, 3078.54, 3078.58, 3078.41]
exp069-n3072-k16-d230-bs60-f1.000-r00:085183.878: (1179 sec)
exp069-n3072-k16-d230-bs60-f1.000-r00:085183.878: Loop 61/100
exp069-n3072-k16-d230-bs60-f1.000-r00:086374.299: log(exp-norms): [3072.0, 3074.14, 3076.49]
exp069-n3072-k16-d230-bs60-f1.000-r00:086374.299: log(norms):     [3072.0, 3074.93, 3078.28, 3078.39, 3078.4, 3078.45, 3078.46, 3078.54, 3078.58, 3078.41]
exp069-n3072-k16-d230-bs60-f1.000-r00:086374.321: (1191 sec)
exp069-n3072-k16-d230-bs60-f1.000-r00:086374.321: Loop 62/100
exp069-n3072-k16-d230-bs60-f1.000-r00:087570.393: log(exp-norms): [3072.0, 3074.14, 3076.49]
exp069-n3072-k16-d230-bs60-f1.000-r00:087570.394: log(norms):     [3072.0, 3074.93, 3078.28, 3078.39, 3078.4, 3078.45, 3078.46, 3078.54, 3078.58, 3078.41]
exp069-n3072-k16-d230-bs60-f1.000-r00:087570.415: (1197 sec)
exp069-n3072-k16-d230-bs60-f1.000-r00:087570.416: Loop 63/100
exp069-n3072-k16-d230-bs60-f1.000-r00:088762.534: log(exp-norms): [3072.0, 3074.14, 3076.49]
exp069-n3072-k16-d230-bs60-f1.000-r00:088762.534: log(norms):     [3072.0, 3074.93, 3078.28, 3078.39, 3078.4, 3078.45, 3078.46, 3078.54, 3078.58, 3078.41]
exp069-n3072-k16-d230-bs60-f1.000-r00:088762.556: (1193 sec)
exp069-n3072-k16-d230-bs60-f1.000-r00:088762.556: Loop 64/100
exp069-n3072-k16-d230-bs60-f1.000-r00:089991.458: log(exp-norms): [3072.0, 3074.14, 3076.49]
exp069-n3072-k16-d230-bs60-f1.000-r00:089991.459: log(norms):     [3072.0, 3074.93, 3078.28, 3078.35, 3078.41, 3078.54, 3078.51, 3078.46, 3078.4, 3078.52]
exp069-n3072-k16-d230-bs60-f1.000-r00:089991.480: (1229 sec)
exp069-n3072-k16-d230-bs60-f1.000-r00:089991.480: Loop 65/100
exp069-n3072-k16-d230-bs60-f1.000-r00:091173.067: log(exp-norms): [3072.0, 3074.14, 3076.49]
exp069-n3072-k16-d230-bs60-f1.000-r00:091173.067: log(norms):     [3072.0, 3074.93, 3078.28, 3078.35, 3078.41, 3078.54, 3078.51, 3078.46, 3078.4, 3078.52]
exp069-n3072-k16-d230-bs60-f1.000-r00:091173.089: (1182 sec)
exp069-n3072-k16-d230-bs60-f1.000-r00:091173.089: Loop 66/100
exp069-n3072-k16-d230-bs60-f1.000-r00:092350.604: log(exp-norms): [3072.0, 3074.14, 3076.49]
exp069-n3072-k16-d230-bs60-f1.000-r00:092350.604: log(norms):     [3072.0, 3074.93, 3078.28, 3078.35, 3078.41, 3078.54, 3078.51, 3078.46, 3078.4, 3078.52]
exp069-n3072-k16-d230-bs60-f1.000-r00:092350.626: (1178 sec)
exp069-n3072-k16-d230-bs60-f1.000-r00:092350.626: Loop 67/100
exp069-n3072-k16-d230-bs60-f1.000-r00:093554.464: log(exp-norms): [3072.0, 3074.14, 3076.49]
exp069-n3072-k16-d230-bs60-f1.000-r00:093554.465: log(norms):     [3072.0, 3074.93, 3078.28, 3078.35, 3078.41, 3078.54, 3078.51, 3078.46, 3078.4, 3078.52]
exp069-n3072-k16-d230-bs60-f1.000-r00:093554.486: (1204 sec)
exp069-n3072-k16-d230-bs60-f1.000-r00:093554.487: Loop 68/100
exp069-n3072-k16-d230-bs60-f1.000-r00:094698.914: log(exp-norms): [3072.0, 3074.14, 3076.49]
exp069-n3072-k16-d230-bs60-f1.000-r00:094698.914: log(norms):     [3072.0, 3074.93, 3078.28, 3078.35, 3078.41, 3078.54, 3078.51, 3078.46, 3078.4, 3078.52]
exp069-n3072-k16-d230-bs60-f1.000-r00:094698.936: (1145 sec)
exp069-n3072-k16-d230-bs60-f1.000-r00:094698.936: Loop 69/100
exp069-n3072-k16-d230-bs60-f1.000-r00:095901.069: log(exp-norms): [3072.0, 3074.14, 3076.49]
exp069-n3072-k16-d230-bs60-f1.000-r00:095901.070: log(norms):     [3072.0, 3074.93, 3078.28, 3078.35, 3078.41, 3078.54, 3078.51, 3078.46, 3078.4, 3078.52]
exp069-n3072-k16-d230-bs60-f1.000-r00:095901.091: (1203 sec)
exp069-n3072-k16-d230-bs60-f1.000-r00:095901.092: Loop 70/100
exp069-n3072-k16-d230-bs60-f1.000-r00:097092.249: log(exp-norms): [3072.0, 3074.14, 3076.49]
exp069-n3072-k16-d230-bs60-f1.000-r00:097092.249: log(norms):     [3072.0, 3074.93, 3078.28, 3078.35, 3078.41, 3078.54, 3078.51, 3078.46, 3078.4, 3078.52]
exp069-n3072-k16-d230-bs60-f1.000-r00:097092.271: (1192 sec)
exp069-n3072-k16-d230-bs60-f1.000-r00:097092.271: Loop 71/100
exp069-n3072-k16-d230-bs60-f1.000-r00:098289.679: log(exp-norms): [3072.0, 3074.14, 3076.49]
exp069-n3072-k16-d230-bs60-f1.000-r00:098289.679: log(norms):     [3072.0, 3074.93, 3078.28, 3078.35, 3078.41, 3078.54, 3078.51, 3078.46, 3078.4, 3078.52]
exp069-n3072-k16-d230-bs60-f1.000-r00:098289.701: (1198 sec)
exp069-n3072-k16-d230-bs60-f1.000-r00:098289.701: Loop 72/100
exp069-n3072-k16-d230-bs60-f1.000-r00:099510.341: log(exp-norms): [3072.0, 3074.14, 3076.49]
exp069-n3072-k16-d230-bs60-f1.000-r00:099510.341: log(norms):     [3072.0, 3074.93, 3078.28, 3078.35, 3078.41, 3078.54, 3078.51, 3078.46, 3078.4, 3078.52]
exp069-n3072-k16-d230-bs60-f1.000-r00:099510.363: (1221 sec)
exp069-n3072-k16-d230-bs60-f1.000-r00:099510.363: Loop 73/100
exp069-n3072-k16-d230-bs60-f1.000-r00:100700.240: log(exp-norms): [3072.0, 3074.14, 3076.49]
exp069-n3072-k16-d230-bs60-f1.000-r00:100700.240: log(norms):     [3072.0, 3074.93, 3078.28, 3078.35, 3078.41, 3078.54, 3078.51, 3078.46, 3078.4, 3078.52]
exp069-n3072-k16-d230-bs60-f1.000-r00:100700.262: (1190 sec)
exp069-n3072-k16-d230-bs60-f1.000-r00:100700.262: Loop 74/100
exp069-n3072-k16-d230-bs60-f1.000-r00:101906.365: log(exp-norms): [3072.0, 3074.14, 3076.49]
exp069-n3072-k16-d230-bs60-f1.000-r00:101906.365: log(norms):     [3072.0, 3074.93, 3078.28, 3078.35, 3078.41, 3078.54, 3078.51, 3078.46, 3078.4, 3078.52]
exp069-n3072-k16-d230-bs60-f1.000-r00:101906.387: (1207 sec)
exp069-n3072-k16-d230-bs60-f1.000-r00:101906.387: Loop 75/100
exp069-n3072-k16-d230-bs60-f1.000-r00:103099.549: log(exp-norms): [3072.0, 3074.14, 3076.49]
exp069-n3072-k16-d230-bs60-f1.000-r00:103099.549: log(norms):     [3072.0, 3074.93, 3078.28, 3078.35, 3078.41, 3078.54, 3078.51, 3078.46, 3078.4, 3078.52]
exp069-n3072-k16-d230-bs60-f1.000-r00:103099.571: (1194 sec)
exp069-n3072-k16-d230-bs60-f1.000-r00:103099.571: Loop 76/100
exp069-n3072-k16-d230-bs60-f1.000-r00:104329.802: log(exp-norms): [3072.0, 3074.14, 3076.49]
exp069-n3072-k16-d230-bs60-f1.000-r00:104329.803: log(norms):     [3072.0, 3074.93, 3078.28, 3078.35, 3078.41, 3078.54, 3078.51, 3078.46, 3078.4, 3078.52]
exp069-n3072-k16-d230-bs60-f1.000-r00:104329.825: (1231 sec)
exp069-n3072-k16-d230-bs60-f1.000-r00:104329.825: Loop 77/100
exp069-n3072-k16-d230-bs60-f1.000-r00:105541.515: log(exp-norms): [3072.0, 3074.14, 3076.49]
exp069-n3072-k16-d230-bs60-f1.000-r00:105541.515: log(norms):     [3072.0, 3074.93, 3078.28, 3078.35, 3078.41, 3078.54, 3078.51, 3078.46, 3078.4, 3078.52]
exp069-n3072-k16-d230-bs60-f1.000-r00:105541.537: (1212 sec)
exp069-n3072-k16-d230-bs60-f1.000-r00:105541.537: Loop 78/100
exp069-n3072-k16-d230-bs60-f1.000-r00:106724.977: log(exp-norms): [3072.0, 3074.14, 3076.49]
exp069-n3072-k16-d230-bs60-f1.000-r00:106724.977: log(norms):     [3072.0, 3074.93, 3078.28, 3078.35, 3078.41, 3078.54, 3078.51, 3078.46, 3078.4, 3078.52]
exp069-n3072-k16-d230-bs60-f1.000-r00:106724.999: (1184 sec)
exp069-n3072-k16-d230-bs60-f1.000-r00:106724.999: Loop 79/100
exp069-n3072-k16-d230-bs60-f1.000-r00:107951.663: log(exp-norms): [3072.0, 3074.14, 3076.49]
exp069-n3072-k16-d230-bs60-f1.000-r00:107951.664: log(norms):     [3072.0, 3074.93, 3078.28, 3078.35, 3078.41, 3078.54, 3078.51, 3078.46, 3078.4, 3078.52]
exp069-n3072-k16-d230-bs60-f1.000-r00:107951.686: (1227 sec)
exp069-n3072-k16-d230-bs60-f1.000-r00:107951.686: Loop 80/100
exp069-n3072-k16-d230-bs60-f1.000-r00:109141.561: log(exp-norms): [3072.0, 3074.14, 3076.49]
exp069-n3072-k16-d230-bs60-f1.000-r00:109141.562: log(norms):     [3072.0, 3074.93, 3078.28, 3078.35, 3078.41, 3078.54, 3078.51, 3078.46, 3078.4, 3078.52]
exp069-n3072-k16-d230-bs60-f1.000-r00:109141.584: (1190 sec)
exp069-n3072-k16-d230-bs60-f1.000-r00:109141.584: Loop 81/100
exp069-n3072-k16-d230-bs60-f1.000-r00:110334.639: log(exp-norms): [3072.0, 3074.14, 3076.49]
exp069-n3072-k16-d230-bs60-f1.000-r00:110334.639: log(norms):     [3072.0, 3074.93, 3078.28, 3078.35, 3078.41, 3078.54, 3078.51, 3078.46, 3078.4, 3078.52]
exp069-n3072-k16-d230-bs60-f1.000-r00:110334.661: (1194 sec)
exp069-n3072-k16-d230-bs60-f1.000-r00:110334.662: Loop 82/100
exp069-n3072-k16-d230-bs60-f1.000-r00:111536.202: log(exp-norms): [3072.0, 3074.14, 3076.49]
exp069-n3072-k16-d230-bs60-f1.000-r00:111536.202: log(norms):     [3072.0, 3074.93, 3078.28, 3078.35, 3078.41, 3078.54, 3078.51, 3078.46, 3078.4, 3078.52]
exp069-n3072-k16-d230-bs60-f1.000-r00:111536.224: (1202 sec)
exp069-n3072-k16-d230-bs60-f1.000-r00:111536.224: Loop 83/100
exp069-n3072-k16-d230-bs60-f1.000-r00:112743.628: log(exp-norms): [3072.0, 3074.14, 3076.49]
exp069-n3072-k16-d230-bs60-f1.000-r00:112743.629: log(norms):     [3072.0, 3074.93, 3078.28, 3078.35, 3078.41, 3078.54, 3078.51, 3078.46, 3078.4, 3078.52]
exp069-n3072-k16-d230-bs60-f1.000-r00:112743.651: (1208 sec)
exp069-n3072-k16-d230-bs60-f1.000-r00:112743.651: Loop 84/100
exp069-n3072-k16-d230-bs60-f1.000-r00:113971.868: log(exp-norms): [3072.0, 3074.14, 3076.49]
exp069-n3072-k16-d230-bs60-f1.000-r00:113971.869: log(norms):     [3072.0, 3074.93, 3078.28, 3078.35, 3078.41, 3078.54, 3078.51, 3078.46, 3078.4, 3078.52]
exp069-n3072-k16-d230-bs60-f1.000-r00:113971.891: (1229 sec)
exp069-n3072-k16-d230-bs60-f1.000-r00:113971.891: Loop 85/100
exp069-n3072-k16-d230-bs60-f1.000-r00:115166.864: log(exp-norms): [3072.0, 3074.14, 3076.49]
exp069-n3072-k16-d230-bs60-f1.000-r00:115166.865: log(norms):     [3072.0, 3074.93, 3078.28, 3078.35, 3078.41, 3078.54, 3078.51, 3078.46, 3078.4, 3078.52]
exp069-n3072-k16-d230-bs60-f1.000-r00:115166.887: (1195 sec)
exp069-n3072-k16-d230-bs60-f1.000-r00:115166.887: Loop 86/100
exp069-n3072-k16-d230-bs60-f1.000-r00:116355.534: log(exp-norms): [3072.0, 3074.14, 3076.49]
exp069-n3072-k16-d230-bs60-f1.000-r00:116355.534: log(norms):     [3072.0, 3074.93, 3078.28, 3078.35, 3078.41, 3078.54, 3078.51, 3078.46, 3078.4, 3078.52]
exp069-n3072-k16-d230-bs60-f1.000-r00:116355.556: (1189 sec)
exp069-n3072-k16-d230-bs60-f1.000-r00:116355.556: Loop 87/100
exp069-n3072-k16-d230-bs60-f1.000-r00:117564.748: log(exp-norms): [3072.0, 3074.14, 3076.49]
exp069-n3072-k16-d230-bs60-f1.000-r00:117564.749: log(norms):     [3072.0, 3074.93, 3078.28, 3078.35, 3078.43, 3078.41, 3078.53, 3078.51, 3078.4, 3078.46]
exp069-n3072-k16-d230-bs60-f1.000-r00:117564.771: (1210 sec)
exp069-n3072-k16-d230-bs60-f1.000-r00:117564.771: Loop 88/100
exp069-n3072-k16-d230-bs60-f1.000-r00:118842.085: log(exp-norms): [3072.0, 3074.14, 3076.49]
exp069-n3072-k16-d230-bs60-f1.000-r00:118842.085: log(norms):     [3072.0, 3074.93, 3078.28, 3078.35, 3078.43, 3078.41, 3078.53, 3078.51, 3078.4, 3078.46]
exp069-n3072-k16-d230-bs60-f1.000-r00:118842.107: (1278 sec)
exp069-n3072-k16-d230-bs60-f1.000-r00:118842.107: Loop 89/100
exp069-n3072-k16-d230-bs60-f1.000-r00:120125.908: log(exp-norms): [3072.0, 3074.14, 3076.49]
exp069-n3072-k16-d230-bs60-f1.000-r00:120125.908: log(norms):     [3072.0, 3074.93, 3078.28, 3078.35, 3078.43, 3078.41, 3078.53, 3078.51, 3078.4, 3078.46]
exp069-n3072-k16-d230-bs60-f1.000-r00:120125.930: (1284 sec)
exp069-n3072-k16-d230-bs60-f1.000-r00:120125.930: Loop 90/100
exp069-n3072-k16-d230-bs60-f1.000-r00:121390.779: log(exp-norms): [3072.0, 3074.14, 3076.49]
exp069-n3072-k16-d230-bs60-f1.000-r00:121390.779: log(norms):     [3072.0, 3074.93, 3078.28, 3078.35, 3078.43, 3078.41, 3078.53, 3078.51, 3078.4, 3078.46]
exp069-n3072-k16-d230-bs60-f1.000-r00:121390.801: (1265 sec)
exp069-n3072-k16-d230-bs60-f1.000-r00:121390.801: Loop 91/100
