exp062-n3072-k16-d210-bs50-f1.000-r00:000000.470: ==========================Instance==========================
exp062-n3072-k16-d210-bs50-f1.000-r00:000000.471: # of equations: 210
exp062-n3072-k16-d210-bs50-f1.000-r00:000000.478: Gap: 2.14
exp062-n3072-k16-d210-bs50-f1.000-r00:000000.493: Tau: 1.30
exp062-n3072-k16-d210-bs50-f1.000-r00:000000.494: ======================BKZ-50 reduction======================
exp062-n3072-k16-d210-bs50-f1.000-r00:000006.463: Expectedly achievable log(norm): 3077.02
exp062-n3072-k16-d210-bs50-f1.000-r00:000012.570: log(exp-norms): [3072.0, 3074.07, 3075.17]
exp062-n3072-k16-d210-bs50-f1.000-r00:000012.570: log(norms):     [3091.11, 3074.86, 3088.0, 3088.0, 3088.0, 3088.0, 3088.0, 3088.0, 3088.0, 3088.0]
exp062-n3072-k16-d210-bs50-f1.000-r00:000012.673: Loop 1/100
exp062-n3072-k16-d210-bs50-f1.000-r00:009096.231: log(exp-norms): [3072.0, 3074.07, 3075.17]
exp062-n3072-k16-d210-bs50-f1.000-r00:009096.232: log(norms):     [3074.86, 3079.14, 3079.19, 3079.24, 3079.15, 3079.1, 3079.3, 3079.46, 3079.59, 3079.43]
exp062-n3072-k16-d210-bs50-f1.000-r00:009096.254: (9084 sec)
exp062-n3072-k16-d210-bs50-f1.000-r00:009096.254: Loop 2/100
exp062-n3072-k16-d210-bs50-f1.000-r00:009885.742: log(exp-norms): [3072.0, 3074.07, 3075.17]
exp062-n3072-k16-d210-bs50-f1.000-r00:009885.743: log(norms):     [3074.86, 3078.69, 3078.75, 3078.71, 3079.0, 3078.82, 3078.9, 3078.94, 3078.83, 3078.98]
exp062-n3072-k16-d210-bs50-f1.000-r00:009885.766: (790 sec)
exp062-n3072-k16-d210-bs50-f1.000-r00:009885.766: Loop 3/100
exp062-n3072-k16-d210-bs50-f1.000-r00:010530.251: log(exp-norms): [3072.0, 3074.07, 3075.17]
exp062-n3072-k16-d210-bs50-f1.000-r00:010530.251: log(norms):     [3074.86, 3078.49, 3078.53, 3078.59, 3078.62, 3078.7, 3078.73, 3078.69, 3078.78, 3078.73]
exp062-n3072-k16-d210-bs50-f1.000-r00:010530.274: (645 sec)
exp062-n3072-k16-d210-bs50-f1.000-r00:010530.274: Loop 4/100
exp062-n3072-k16-d210-bs50-f1.000-r00:011118.935: log(exp-norms): [3072.0, 3074.07, 3075.17]
exp062-n3072-k16-d210-bs50-f1.000-r00:011118.935: log(norms):     [3074.86, 3078.25, 3078.26, 3078.22, 3078.35, 3078.48, 3078.41, 3078.24, 3078.38, 3078.34]
exp062-n3072-k16-d210-bs50-f1.000-r00:011118.957: (589 sec)
exp062-n3072-k16-d210-bs50-f1.000-r00:011118.957: Loop 5/100
exp062-n3072-k16-d210-bs50-f1.000-r00:011686.106: log(exp-norms): [3072.0, 3074.07, 3075.17]
exp062-n3072-k16-d210-bs50-f1.000-r00:011686.107: log(norms):     [3074.86, 3077.83, 3077.96, 3078.02, 3077.9, 3078.03, 3078.1, 3078.07, 3078.02, 3078.02]
exp062-n3072-k16-d210-bs50-f1.000-r00:011686.128: (568 sec)
exp062-n3072-k16-d210-bs50-f1.000-r00:011686.128: Loop 6/100
exp062-n3072-k16-d210-bs50-f1.000-r00:012218.857: log(exp-norms): [3072.0, 3074.07, 3075.17]
exp062-n3072-k16-d210-bs50-f1.000-r00:012218.857: log(norms):     [3074.86, 3077.53, 3077.72, 3077.73, 3077.75, 3077.91, 3077.69, 3077.96, 3077.78, 3077.71]
exp062-n3072-k16-d210-bs50-f1.000-r00:012218.879: (533 sec)
exp062-n3072-k16-d210-bs50-f1.000-r00:012218.880: Loop 7/100
exp062-n3072-k16-d210-bs50-f1.000-r00:012746.011: log(exp-norms): [3072.0, 3074.07, 3075.17]
exp062-n3072-k16-d210-bs50-f1.000-r00:012746.011: log(norms):     [3074.86, 3077.53, 3077.59, 3077.55, 3077.66, 3077.56, 3077.61, 3077.81, 3077.86, 3077.67]
exp062-n3072-k16-d210-bs50-f1.000-r00:012746.034: (528 sec)
exp062-n3072-k16-d210-bs50-f1.000-r00:012746.034: Loop 8/100
exp062-n3072-k16-d210-bs50-f1.000-r00:013275.589: log(exp-norms): [3072.0, 3074.07, 3075.17]
exp062-n3072-k16-d210-bs50-f1.000-r00:013275.589: log(norms):     [3074.86, 3077.49, 3077.54, 3077.54, 3077.62, 3077.51, 3077.45, 3077.53, 3077.47, 3077.58]
exp062-n3072-k16-d210-bs50-f1.000-r00:013275.611: (530 sec)
exp062-n3072-k16-d210-bs50-f1.000-r00:013275.611: Loop 9/100
exp062-n3072-k16-d210-bs50-f1.000-r00:013791.810: log(exp-norms): [3072.0, 3074.07, 3075.17]
exp062-n3072-k16-d210-bs50-f1.000-r00:013791.810: log(norms):     [3072.0, 3074.86, 3077.38, 3077.43, 3077.45, 3077.56, 3077.51, 3077.47, 3077.49, 3077.59]
exp062-n3072-k16-d210-bs50-f1.000-r00:013791.832: (517 sec)
exp062-n3072-k16-d210-bs50-f1.000-r00:013791.832: Loop 10/100
exp062-n3072-k16-d210-bs50-f1.000-r00:014303.946: log(exp-norms): [3072.0, 3074.07, 3075.17]
exp062-n3072-k16-d210-bs50-f1.000-r00:014303.946: log(norms):     [3072.0, 3074.86, 3077.27, 3077.34, 3077.4, 3077.5, 3077.34, 3077.46, 3077.43, 3077.47]
exp062-n3072-k16-d210-bs50-f1.000-r00:014303.967: (513 sec)
exp062-n3072-k16-d210-bs50-f1.000-r00:014303.968: Loop 11/100
exp062-n3072-k16-d210-bs50-f1.000-r00:014794.605: log(exp-norms): [3072.0, 3074.07, 3075.17]
exp062-n3072-k16-d210-bs50-f1.000-r00:014794.605: log(norms):     [3072.0, 3074.86, 3077.25, 3077.39, 3077.36, 3077.32, 3077.37, 3077.37, 3077.37, 3077.51]
exp062-n3072-k16-d210-bs50-f1.000-r00:014794.627: (491 sec)
exp062-n3072-k16-d210-bs50-f1.000-r00:014794.627: Loop 12/100
exp062-n3072-k16-d210-bs50-f1.000-r00:015275.792: log(exp-norms): [3072.0, 3074.07, 3075.17]
exp062-n3072-k16-d210-bs50-f1.000-r00:015275.793: log(norms):     [3072.0, 3074.86, 3077.23, 3077.27, 3077.37, 3077.31, 3077.42, 3077.44, 3077.35, 3077.44]
exp062-n3072-k16-d210-bs50-f1.000-r00:015275.814: (482 sec)
exp062-n3072-k16-d210-bs50-f1.000-r00:015275.814: Loop 13/100
exp062-n3072-k16-d210-bs50-f1.000-r00:015777.050: log(exp-norms): [3072.0, 3074.07, 3075.17]
exp062-n3072-k16-d210-bs50-f1.000-r00:015777.050: log(norms):     [3072.0, 3074.86, 3077.2, 3077.28, 3077.33, 3077.26, 3077.26, 3077.24, 3077.26, 3077.4]
exp062-n3072-k16-d210-bs50-f1.000-r00:015777.073: (502 sec)
exp062-n3072-k16-d210-bs50-f1.000-r00:015777.073: Loop 14/100
exp062-n3072-k16-d210-bs50-f1.000-r00:016268.471: log(exp-norms): [3072.0, 3074.07, 3075.17]
exp062-n3072-k16-d210-bs50-f1.000-r00:016268.472: log(norms):     [3072.0, 3074.86, 3077.13, 3077.25, 3077.23, 3077.3, 3077.23, 3077.28, 3077.21, 3077.25]
exp062-n3072-k16-d210-bs50-f1.000-r00:016268.493: (492 sec)
exp062-n3072-k16-d210-bs50-f1.000-r00:016268.493: Loop 15/100
exp062-n3072-k16-d210-bs50-f1.000-r00:016768.226: log(exp-norms): [3072.0, 3074.07, 3075.17]
exp062-n3072-k16-d210-bs50-f1.000-r00:016768.227: log(norms):     [3072.0, 3074.86, 3077.13, 3077.25, 3077.19, 3077.18, 3077.34, 3077.27, 3077.07, 3077.37]
exp062-n3072-k16-d210-bs50-f1.000-r00:016768.248: (500 sec)
exp062-n3072-k16-d210-bs50-f1.000-r00:016768.248: Loop 16/100
exp062-n3072-k16-d210-bs50-f1.000-r00:017258.446: log(exp-norms): [3072.0, 3074.07, 3075.17]
exp062-n3072-k16-d210-bs50-f1.000-r00:017258.447: log(norms):     [3072.0, 3074.86, 3077.07, 3077.11, 3077.15, 3077.1, 3077.14, 3077.11, 3077.25, 3077.1]
exp062-n3072-k16-d210-bs50-f1.000-r00:017258.468: (491 sec)
exp062-n3072-k16-d210-bs50-f1.000-r00:017258.468: Loop 17/100
exp062-n3072-k16-d210-bs50-f1.000-r00:017727.211: log(exp-norms): [3072.0, 3074.07, 3075.17]
exp062-n3072-k16-d210-bs50-f1.000-r00:017727.211: log(norms):     [3072.0, 3074.86, 3077.07, 3077.11, 3077.1, 3077.18, 3077.23, 3077.25, 3077.34, 3077.1]
exp062-n3072-k16-d210-bs50-f1.000-r00:017727.233: (469 sec)
exp062-n3072-k16-d210-bs50-f1.000-r00:017727.233: Loop 18/100
exp062-n3072-k16-d210-bs50-f1.000-r00:018211.106: log(exp-norms): [3072.0, 3074.07, 3075.17]
exp062-n3072-k16-d210-bs50-f1.000-r00:018211.106: log(norms):     [3072.0, 3074.86, 3077.07, 3077.18, 3077.1, 3077.07, 3077.18, 3077.23, 3077.23, 3077.14]
exp062-n3072-k16-d210-bs50-f1.000-r00:018211.127: (484 sec)
exp062-n3072-k16-d210-bs50-f1.000-r00:018211.128: Loop 19/100
exp062-n3072-k16-d210-bs50-f1.000-r00:018678.628: log(exp-norms): [3072.0, 3074.07, 3075.17]
exp062-n3072-k16-d210-bs50-f1.000-r00:018678.628: log(norms):     [3072.0, 3074.86, 3077.05, 3077.07, 3077.1, 3077.06, 3077.19, 3077.07, 3077.18, 3077.29]
exp062-n3072-k16-d210-bs50-f1.000-r00:018678.650: (468 sec)
exp062-n3072-k16-d210-bs50-f1.000-r00:018678.650: Loop 20/100
exp062-n3072-k16-d210-bs50-f1.000-r00:019127.519: log(exp-norms): [3072.0, 3074.07, 3075.17]
exp062-n3072-k16-d210-bs50-f1.000-r00:019127.519: log(norms):     [3072.0, 3074.86, 3077.05, 3077.07, 3077.1, 3077.06, 3077.19, 3077.19, 3077.18, 3077.39]
exp062-n3072-k16-d210-bs50-f1.000-r00:019127.540: (449 sec)
exp062-n3072-k16-d210-bs50-f1.000-r00:019127.541: Loop 21/100
exp062-n3072-k16-d210-bs50-f1.000-r00:019608.188: log(exp-norms): [3072.0, 3074.07, 3075.17]
exp062-n3072-k16-d210-bs50-f1.000-r00:019608.188: log(norms):     [3072.0, 3074.86, 3077.05, 3077.07, 3077.1, 3077.06, 3077.19, 3077.21, 3077.23, 3077.42]
exp062-n3072-k16-d210-bs50-f1.000-r00:019608.209: (481 sec)
exp062-n3072-k16-d210-bs50-f1.000-r00:019608.209: Loop 22/100
exp062-n3072-k16-d210-bs50-f1.000-r00:020069.549: log(exp-norms): [3072.0, 3074.07, 3075.17]
exp062-n3072-k16-d210-bs50-f1.000-r00:020069.550: log(norms):     [3072.0, 3074.86, 3077.05, 3077.07, 3077.1, 3077.06, 3077.19, 3077.21, 3077.27, 3077.05]
exp062-n3072-k16-d210-bs50-f1.000-r00:020069.571: (462 sec)
exp062-n3072-k16-d210-bs50-f1.000-r00:020069.571: Loop 23/100
exp062-n3072-k16-d210-bs50-f1.000-r00:020541.290: log(exp-norms): [3072.0, 3074.07, 3075.17]
exp062-n3072-k16-d210-bs50-f1.000-r00:020541.290: log(norms):     [3072.0, 3074.86, 3077.05, 3077.07, 3077.1, 3077.06, 3077.05, 3077.19, 3077.34, 3077.27]
exp062-n3072-k16-d210-bs50-f1.000-r00:020541.312: (472 sec)
exp062-n3072-k16-d210-bs50-f1.000-r00:020541.313: Loop 24/100
exp062-n3072-k16-d210-bs50-f1.000-r00:021024.621: log(exp-norms): [3072.0, 3074.07, 3075.17]
exp062-n3072-k16-d210-bs50-f1.000-r00:021024.622: log(norms):     [3072.0, 3074.86, 3077.03, 3077.05, 3077.06, 3077.22, 3077.25, 3077.22, 3077.2, 3077.24]
exp062-n3072-k16-d210-bs50-f1.000-r00:021024.643: (484 sec)
exp062-n3072-k16-d210-bs50-f1.000-r00:021024.643: Loop 25/100
exp062-n3072-k16-d210-bs50-f1.000-r00:021485.349: log(exp-norms): [3072.0, 3074.07, 3075.17]
exp062-n3072-k16-d210-bs50-f1.000-r00:021485.349: log(norms):     [3072.0, 3074.86, 3077.03, 3077.05, 3077.06, 3077.22, 3077.25, 3077.22, 3077.2, 3077.25]
exp062-n3072-k16-d210-bs50-f1.000-r00:021485.372: (461 sec)
exp062-n3072-k16-d210-bs50-f1.000-r00:021485.372: Loop 26/100
exp062-n3072-k16-d210-bs50-f1.000-r00:021935.781: log(exp-norms): [3072.0, 3074.07, 3075.17]
exp062-n3072-k16-d210-bs50-f1.000-r00:021935.781: log(norms):     [3072.0, 3074.86, 3077.03, 3077.05, 3077.06, 3077.22, 3077.25, 3077.05, 3077.2, 3077.1]
exp062-n3072-k16-d210-bs50-f1.000-r00:021935.803: (451 sec)
exp062-n3072-k16-d210-bs50-f1.000-r00:021935.803: Loop 27/100
exp062-n3072-k16-d210-bs50-f1.000-r00:022412.235: log(exp-norms): [3072.0, 3074.07, 3075.17]
exp062-n3072-k16-d210-bs50-f1.000-r00:022412.235: log(norms):     [3072.0, 3074.86, 3077.03, 3077.05, 3077.06, 3077.18, 3077.2, 3077.22, 3077.05, 3077.28]
exp062-n3072-k16-d210-bs50-f1.000-r00:022412.256: (477 sec)
exp062-n3072-k16-d210-bs50-f1.000-r00:022412.257: Loop 28/100
exp062-n3072-k16-d210-bs50-f1.000-r00:022895.738: log(exp-norms): [3072.0, 3074.07, 3075.17]
exp062-n3072-k16-d210-bs50-f1.000-r00:022895.739: log(norms):     [3072.0, 3074.86, 3077.03, 3077.05, 3077.06, 3077.18, 3077.2, 3077.16, 3077.05, 3077.22]
exp062-n3072-k16-d210-bs50-f1.000-r00:022895.761: (484 sec)
exp062-n3072-k16-d210-bs50-f1.000-r00:022895.761: Loop 29/100
exp062-n3072-k16-d210-bs50-f1.000-r00:023367.556: log(exp-norms): [3072.0, 3074.07, 3075.17]
exp062-n3072-k16-d210-bs50-f1.000-r00:023367.556: log(norms):     [3072.0, 3074.86, 3077.03, 3077.05, 3077.06, 3077.18, 3077.2, 3077.27, 3077.05, 3077.27]
exp062-n3072-k16-d210-bs50-f1.000-r00:023367.577: (472 sec)
exp062-n3072-k16-d210-bs50-f1.000-r00:023367.577: Loop 30/100
exp062-n3072-k16-d210-bs50-f1.000-r00:023850.451: log(exp-norms): [3072.0, 3074.07, 3075.17]
exp062-n3072-k16-d210-bs50-f1.000-r00:023850.451: log(norms):     [3072.0, 3074.86, 3077.03, 3077.05, 3077.06, 3077.18, 3077.2, 3077.27, 3077.05, 3077.27]
exp062-n3072-k16-d210-bs50-f1.000-r00:023850.473: (483 sec)
exp062-n3072-k16-d210-bs50-f1.000-r00:023850.473: Loop 31/100
exp062-n3072-k16-d210-bs50-f1.000-r00:024329.939: log(exp-norms): [3072.0, 3074.07, 3075.17]
exp062-n3072-k16-d210-bs50-f1.000-r00:024329.939: log(norms):     [3072.0, 3074.86, 3077.03, 3077.05, 3077.06, 3077.02, 3077.18, 3077.12, 3077.18, 3077.2]
exp062-n3072-k16-d210-bs50-f1.000-r00:024329.960: (480 sec)
exp062-n3072-k16-d210-bs50-f1.000-r00:024329.961: Loop 32/100
exp062-n3072-k16-d210-bs50-f1.000-r00:024798.858: log(exp-norms): [3072.0, 3074.07, 3075.17]
exp062-n3072-k16-d210-bs50-f1.000-r00:024798.858: log(norms):     [3072.0, 3074.86, 3077.03, 3077.05, 3077.06, 3077.02, 3077.27, 3077.23, 3077.18, 3077.23]
exp062-n3072-k16-d210-bs50-f1.000-r00:024798.880: (469 sec)
exp062-n3072-k16-d210-bs50-f1.000-r00:024798.880: Loop 33/100
exp062-n3072-k16-d210-bs50-f1.000-r00:025251.072: log(exp-norms): [3072.0, 3074.07, 3075.17]
exp062-n3072-k16-d210-bs50-f1.000-r00:025251.073: log(norms):     [3072.0, 3074.86, 3077.03, 3077.05, 3077.06, 3077.02, 3077.27, 3077.23, 3077.18, 3077.23]
exp062-n3072-k16-d210-bs50-f1.000-r00:025251.094: (453 sec)
exp062-n3072-k16-d210-bs50-f1.000-r00:025251.094: Loop 34/100
exp062-n3072-k16-d210-bs50-f1.000-r00:025716.879: log(exp-norms): [3072.0, 3074.07, 3075.17]
exp062-n3072-k16-d210-bs50-f1.000-r00:025716.879: log(norms):     [3072.0, 3074.86, 3077.03, 3077.05, 3077.06, 3077.02, 3077.27, 3077.23, 3077.22, 3077.16]
exp062-n3072-k16-d210-bs50-f1.000-r00:025716.901: (466 sec)
exp062-n3072-k16-d210-bs50-f1.000-r00:025716.901: Loop 35/100
exp062-n3072-k16-d210-bs50-f1.000-r00:026171.663: log(exp-norms): [3072.0, 3074.07, 3075.17]
exp062-n3072-k16-d210-bs50-f1.000-r00:026171.664: log(norms):     [3072.0, 3074.86, 3077.03, 3077.05, 3077.06, 3077.02, 3077.27, 3077.23, 3077.22, 3077.16]
exp062-n3072-k16-d210-bs50-f1.000-r00:026171.685: (455 sec)
exp062-n3072-k16-d210-bs50-f1.000-r00:026171.685: Loop 36/100
exp062-n3072-k16-d210-bs50-f1.000-r00:026618.091: log(exp-norms): [3072.0, 3074.07, 3075.17]
exp062-n3072-k16-d210-bs50-f1.000-r00:026618.091: log(norms):     [3072.0, 3074.86, 3076.93, 3077.03, 3077.05, 3077.06, 3077.02, 3077.27, 3077.23, 3077.16]
exp062-n3072-k16-d210-bs50-f1.000-r00:026618.112: (447 sec)
exp062-n3072-k16-d210-bs50-f1.000-r00:026618.112: Loop 37/100
exp062-n3072-k16-d210-bs50-f1.000-r00:027044.970: log(exp-norms): [3072.0, 3074.07, 3075.17]
exp062-n3072-k16-d210-bs50-f1.000-r00:027044.970: log(norms):     [3072.0, 3074.86, 3076.93, 3077.03, 3077.05, 3077.06, 3077.02, 3077.27, 3077.23, 3077.31]
exp062-n3072-k16-d210-bs50-f1.000-r00:027044.991: (427 sec)
exp062-n3072-k16-d210-bs50-f1.000-r00:027044.991: Loop 38/100
exp062-n3072-k16-d210-bs50-f1.000-r00:027497.475: log(exp-norms): [3072.0, 3074.07, 3075.17]
exp062-n3072-k16-d210-bs50-f1.000-r00:027497.475: log(norms):     [3072.0, 3074.86, 3076.93, 3077.03, 3077.05, 3077.06, 3077.02, 3077.27, 3077.23, 3077.31]
exp062-n3072-k16-d210-bs50-f1.000-r00:027497.497: (453 sec)
exp062-n3072-k16-d210-bs50-f1.000-r00:027497.497: Loop 39/100
exp062-n3072-k16-d210-bs50-f1.000-r00:027957.429: log(exp-norms): [3072.0, 3074.07, 3075.17]
exp062-n3072-k16-d210-bs50-f1.000-r00:027957.430: log(norms):     [3072.0, 3074.86, 3076.93, 3077.03, 3077.05, 3077.06, 3077.02, 3077.27, 3077.23, 3077.31]
exp062-n3072-k16-d210-bs50-f1.000-r00:027957.452: (460 sec)
exp062-n3072-k16-d210-bs50-f1.000-r00:027957.452: Loop 40/100
exp062-n3072-k16-d210-bs50-f1.000-r00:028417.802: log(exp-norms): [3072.0, 3074.07, 3075.17]
exp062-n3072-k16-d210-bs50-f1.000-r00:028417.802: log(norms):     [3072.0, 3074.86, 3076.93, 3077.03, 3077.05, 3077.06, 3077.02, 3077.27, 3077.23, 3077.31]
exp062-n3072-k16-d210-bs50-f1.000-r00:028417.824: (461 sec)
exp062-n3072-k16-d210-bs50-f1.000-r00:028417.824: Loop 41/100
exp062-n3072-k16-d210-bs50-f1.000-r00:028897.754: log(exp-norms): [3072.0, 3074.07, 3075.17]
exp062-n3072-k16-d210-bs50-f1.000-r00:028897.754: log(norms):     [3072.0, 3074.86, 3076.93, 3077.03, 3077.05, 3077.06, 3077.02, 3077.27, 3077.23, 3077.31]
exp062-n3072-k16-d210-bs50-f1.000-r00:028897.775: (480 sec)
exp062-n3072-k16-d210-bs50-f1.000-r00:028897.775: Loop 42/100
exp062-n3072-k16-d210-bs50-f1.000-r00:029358.498: log(exp-norms): [3072.0, 3074.07, 3075.17]
exp062-n3072-k16-d210-bs50-f1.000-r00:029358.499: log(norms):     [3072.0, 3074.86, 3076.93, 3077.03, 3077.09, 3077.06, 3077.05, 3077.06, 3077.02, 3077.16]
exp062-n3072-k16-d210-bs50-f1.000-r00:029358.520: (461 sec)
exp062-n3072-k16-d210-bs50-f1.000-r00:029358.520: Loop 43/100
exp062-n3072-k16-d210-bs50-f1.000-r00:029837.982: log(exp-norms): [3072.0, 3074.07, 3075.17]
exp062-n3072-k16-d210-bs50-f1.000-r00:029837.982: log(norms):     [3072.0, 3074.86, 3076.93, 3077.03, 3077.09, 3077.18, 3077.19, 3077.06, 3077.35, 3077.22]
exp062-n3072-k16-d210-bs50-f1.000-r00:029838.003: (480 sec)
exp062-n3072-k16-d210-bs50-f1.000-r00:029838.004: Loop 44/100
exp062-n3072-k16-d210-bs50-f1.000-r00:030305.137: log(exp-norms): [3072.0, 3074.07, 3075.17]
exp062-n3072-k16-d210-bs50-f1.000-r00:030305.138: log(norms):     [3072.0, 3074.86, 3076.93, 3076.95, 3077.05, 3077.06, 3077.17, 3077.02, 3077.18, 3077.18]
exp062-n3072-k16-d210-bs50-f1.000-r00:030305.159: (468 sec)
exp062-n3072-k16-d210-bs50-f1.000-r00:030305.159: Loop 45/100
exp062-n3072-k16-d210-bs50-f1.000-r00:030762.521: log(exp-norms): [3072.0, 3074.07, 3075.17]
exp062-n3072-k16-d210-bs50-f1.000-r00:030762.521: log(norms):     [3072.0, 3074.86, 3076.93, 3076.95, 3077.05, 3076.96, 3077.06, 3077.17, 3077.02, 3077.17]
exp062-n3072-k16-d210-bs50-f1.000-r00:030762.543: (458 sec)
exp062-n3072-k16-d210-bs50-f1.000-r00:030762.543: Loop 46/100
exp062-n3072-k16-d210-bs50-f1.000-r00:031221.438: log(exp-norms): [3072.0, 3074.07, 3075.17]
exp062-n3072-k16-d210-bs50-f1.000-r00:031221.438: log(norms):     [3072.0, 3074.86, 3076.93, 3076.96, 3076.95, 3077.05, 3077.06, 3077.17, 3077.21, 3077.26]
exp062-n3072-k16-d210-bs50-f1.000-r00:031221.459: (459 sec)
exp062-n3072-k16-d210-bs50-f1.000-r00:031221.460: Loop 47/100
exp062-n3072-k16-d210-bs50-f1.000-r00:031674.537: log(exp-norms): [3072.0, 3074.07, 3075.17]
exp062-n3072-k16-d210-bs50-f1.000-r00:031674.538: log(norms):     [3072.0, 3074.86, 3076.93, 3076.96, 3076.95, 3077.05, 3077.06, 3077.17, 3077.21, 3077.19]
exp062-n3072-k16-d210-bs50-f1.000-r00:031674.559: (454 sec)
exp062-n3072-k16-d210-bs50-f1.000-r00:031674.559: Loop 48/100
exp062-n3072-k16-d210-bs50-f1.000-r00:032142.101: log(exp-norms): [3072.0, 3074.07, 3075.17]
exp062-n3072-k16-d210-bs50-f1.000-r00:032142.102: log(norms):     [3072.0, 3074.86, 3076.93, 3076.96, 3076.95, 3077.05, 3077.18, 3077.16, 3077.06, 3077.36]
exp062-n3072-k16-d210-bs50-f1.000-r00:032142.123: (468 sec)
exp062-n3072-k16-d210-bs50-f1.000-r00:032142.123: Loop 49/100
exp062-n3072-k16-d210-bs50-f1.000-r00:032598.228: log(exp-norms): [3072.0, 3074.07, 3075.17]
exp062-n3072-k16-d210-bs50-f1.000-r00:032598.228: log(norms):     [3072.0, 3074.86, 3076.93, 3076.96, 3076.95, 3077.05, 3077.18, 3077.16, 3077.06, 3077.36]
exp062-n3072-k16-d210-bs50-f1.000-r00:032598.250: (457 sec)
exp062-n3072-k16-d210-bs50-f1.000-r00:032598.250: Loop 50/100
exp062-n3072-k16-d210-bs50-f1.000-r00:033069.555: log(exp-norms): [3072.0, 3074.07, 3075.17]
exp062-n3072-k16-d210-bs50-f1.000-r00:033069.556: log(norms):     [3072.0, 3074.86, 3076.93, 3076.96, 3076.95, 3077.05, 3077.18, 3077.16, 3077.06, 3077.36]
exp062-n3072-k16-d210-bs50-f1.000-r00:033069.577: (472 sec)
exp062-n3072-k16-d210-bs50-f1.000-r00:033069.577: Loop 51/100
exp062-n3072-k16-d210-bs50-f1.000-r00:033532.873: log(exp-norms): [3072.0, 3074.07, 3075.17]
exp062-n3072-k16-d210-bs50-f1.000-r00:033532.874: log(norms):     [3072.0, 3074.86, 3076.93, 3076.96, 3076.95, 3077.05, 3077.18, 3077.16, 3077.06, 3077.36]
exp062-n3072-k16-d210-bs50-f1.000-r00:033532.895: (464 sec)
exp062-n3072-k16-d210-bs50-f1.000-r00:033532.895: Loop 52/100
exp062-n3072-k16-d210-bs50-f1.000-r00:033994.384: log(exp-norms): [3072.0, 3074.07, 3075.17]
exp062-n3072-k16-d210-bs50-f1.000-r00:033994.385: log(norms):     [3072.0, 3074.86, 3076.93, 3076.96, 3076.95, 3077.05, 3077.18, 3077.16, 3077.06, 3077.36]
exp062-n3072-k16-d210-bs50-f1.000-r00:033994.406: (462 sec)
exp062-n3072-k16-d210-bs50-f1.000-r00:033994.406: Loop 53/100
exp062-n3072-k16-d210-bs50-f1.000-r00:034449.346: log(exp-norms): [3072.0, 3074.07, 3075.17]
exp062-n3072-k16-d210-bs50-f1.000-r00:034449.347: log(norms):     [3072.0, 3074.86, 3076.93, 3076.96, 3076.95, 3077.05, 3077.18, 3077.16, 3077.22, 3077.08]
exp062-n3072-k16-d210-bs50-f1.000-r00:034449.370: (455 sec)
exp062-n3072-k16-d210-bs50-f1.000-r00:034449.370: Loop 54/100
exp062-n3072-k16-d210-bs50-f1.000-r00:034906.584: log(exp-norms): [3072.0, 3074.07, 3075.17]
exp062-n3072-k16-d210-bs50-f1.000-r00:034906.585: log(norms):     [3072.0, 3074.86, 3076.93, 3076.96, 3076.95, 3077.05, 3077.18, 3077.18, 3077.16, 3077.22]
exp062-n3072-k16-d210-bs50-f1.000-r00:034906.606: (458 sec)
exp062-n3072-k16-d210-bs50-f1.000-r00:034906.606: Loop 55/100
exp062-n3072-k16-d210-bs50-f1.000-r00:035384.793: log(exp-norms): [3072.0, 3074.07, 3075.17]
exp062-n3072-k16-d210-bs50-f1.000-r00:035384.793: log(norms):     [3072.0, 3074.86, 3076.93, 3076.96, 3076.95, 3077.05, 3077.18, 3077.18, 3077.16, 3077.22]
exp062-n3072-k16-d210-bs50-f1.000-r00:035384.814: (479 sec)
exp062-n3072-k16-d210-bs50-f1.000-r00:035384.814: Loop 56/100
exp062-n3072-k16-d210-bs50-f1.000-r00:035844.384: log(exp-norms): [3072.0, 3074.07, 3075.17]
exp062-n3072-k16-d210-bs50-f1.000-r00:035844.384: log(norms):     [3072.0, 3074.86, 3076.93, 3076.96, 3076.95, 3077.05, 3077.18, 3077.18, 3077.16, 3077.22]
exp062-n3072-k16-d210-bs50-f1.000-r00:035844.405: (460 sec)
exp062-n3072-k16-d210-bs50-f1.000-r00:035844.405: Loop 57/100
exp062-n3072-k16-d210-bs50-f1.000-r00:036310.449: log(exp-norms): [3072.0, 3074.07, 3075.17]
exp062-n3072-k16-d210-bs50-f1.000-r00:036310.449: log(norms):     [3072.0, 3074.86, 3076.93, 3076.96, 3076.95, 3077.05, 3077.18, 3077.18, 3077.16, 3077.22]
exp062-n3072-k16-d210-bs50-f1.000-r00:036310.470: (467 sec)
exp062-n3072-k16-d210-bs50-f1.000-r00:036310.471: Loop 58/100
exp062-n3072-k16-d210-bs50-f1.000-r00:036766.695: log(exp-norms): [3072.0, 3074.07, 3075.17]
exp062-n3072-k16-d210-bs50-f1.000-r00:036766.695: log(norms):     [3072.0, 3074.86, 3076.93, 3076.96, 3076.95, 3077.05, 3077.18, 3077.18, 3077.16, 3077.22]
exp062-n3072-k16-d210-bs50-f1.000-r00:036766.716: (457 sec)
exp062-n3072-k16-d210-bs50-f1.000-r00:036766.716: Loop 59/100
exp062-n3072-k16-d210-bs50-f1.000-r00:037232.103: log(exp-norms): [3072.0, 3074.07, 3075.17]
exp062-n3072-k16-d210-bs50-f1.000-r00:037232.104: log(norms):     [3072.0, 3074.86, 3076.93, 3076.96, 3076.95, 3077.05, 3077.18, 3077.18, 3077.16, 3077.22]
exp062-n3072-k16-d210-bs50-f1.000-r00:037232.125: (466 sec)
exp062-n3072-k16-d210-bs50-f1.000-r00:037232.125: Loop 60/100
exp062-n3072-k16-d210-bs50-f1.000-r00:037692.214: log(exp-norms): [3072.0, 3074.07, 3075.17]
exp062-n3072-k16-d210-bs50-f1.000-r00:037692.214: log(norms):     [3072.0, 3074.86, 3076.93, 3076.96, 3076.95, 3077.05, 3077.18, 3077.18, 3077.16, 3077.16]
exp062-n3072-k16-d210-bs50-f1.000-r00:037692.236: (461 sec)
exp062-n3072-k16-d210-bs50-f1.000-r00:037692.236: Loop 61/100
exp062-n3072-k16-d210-bs50-f1.000-r00:038147.982: log(exp-norms): [3072.0, 3074.07, 3075.17]
exp062-n3072-k16-d210-bs50-f1.000-r00:038147.982: log(norms):     [3072.0, 3074.86, 3076.93, 3076.96, 3076.95, 3077.05, 3077.18, 3077.18, 3077.16, 3077.16]
exp062-n3072-k16-d210-bs50-f1.000-r00:038148.003: (456 sec)
exp062-n3072-k16-d210-bs50-f1.000-r00:038148.004: Loop 62/100
exp062-n3072-k16-d210-bs50-f1.000-r00:038617.870: log(exp-norms): [3072.0, 3074.07, 3075.17]
exp062-n3072-k16-d210-bs50-f1.000-r00:038617.870: log(norms):     [3072.0, 3074.86, 3076.93, 3076.96, 3076.95, 3077.05, 3077.18, 3077.18, 3077.16, 3077.16]
exp062-n3072-k16-d210-bs50-f1.000-r00:038617.890: (470 sec)
exp062-n3072-k16-d210-bs50-f1.000-r00:038617.890: Loop 63/100
exp062-n3072-k16-d210-bs50-f1.000-r00:039067.240: log(exp-norms): [3072.0, 3074.07, 3075.17]
exp062-n3072-k16-d210-bs50-f1.000-r00:039067.241: log(norms):     [3072.0, 3074.86, 3076.93, 3076.96, 3076.95, 3077.05, 3077.18, 3077.18, 3077.16, 3077.16]
exp062-n3072-k16-d210-bs50-f1.000-r00:039067.262: (450 sec)
exp062-n3072-k16-d210-bs50-f1.000-r00:039067.262: Loop 64/100
exp062-n3072-k16-d210-bs50-f1.000-r00:039545.308: log(exp-norms): [3072.0, 3074.07, 3075.17]
exp062-n3072-k16-d210-bs50-f1.000-r00:039545.309: log(norms):     [3072.0, 3074.86, 3076.93, 3076.96, 3076.95, 3077.05, 3077.18, 3077.18, 3077.16, 3077.05]
exp062-n3072-k16-d210-bs50-f1.000-r00:039545.331: (479 sec)
exp062-n3072-k16-d210-bs50-f1.000-r00:039545.331: Loop 65/100
exp062-n3072-k16-d210-bs50-f1.000-r00:040019.641: log(exp-norms): [3072.0, 3074.07, 3075.17]
exp062-n3072-k16-d210-bs50-f1.000-r00:040019.642: log(norms):     [3072.0, 3074.86, 3076.93, 3076.96, 3076.95, 3077.05, 3077.18, 3077.18, 3077.16, 3077.23]
exp062-n3072-k16-d210-bs50-f1.000-r00:040019.663: (475 sec)
exp062-n3072-k16-d210-bs50-f1.000-r00:040019.663: Loop 66/100
exp062-n3072-k16-d210-bs50-f1.000-r00:040470.696: log(exp-norms): [3072.0, 3074.07, 3075.17]
exp062-n3072-k16-d210-bs50-f1.000-r00:040470.696: log(norms):     [3072.0, 3074.86, 3076.93, 3076.96, 3077.03, 3076.95, 3077.05, 3077.18, 3077.18, 3077.16]
exp062-n3072-k16-d210-bs50-f1.000-r00:040470.717: (452 sec)
exp062-n3072-k16-d210-bs50-f1.000-r00:040470.717: Loop 67/100
exp062-n3072-k16-d210-bs50-f1.000-r00:040933.529: log(exp-norms): [3072.0, 3074.07, 3075.17]
exp062-n3072-k16-d210-bs50-f1.000-r00:040933.529: log(norms):     [3072.0, 3074.86, 3076.93, 3076.96, 3077.03, 3076.95, 3077.05, 3077.18, 3077.18, 3077.16]
exp062-n3072-k16-d210-bs50-f1.000-r00:040933.549: (463 sec)
exp062-n3072-k16-d210-bs50-f1.000-r00:040933.549: Loop 68/100
exp062-n3072-k16-d210-bs50-f1.000-r00:041368.712: log(exp-norms): [3072.0, 3074.07, 3075.17]
exp062-n3072-k16-d210-bs50-f1.000-r00:041368.712: log(norms):     [3072.0, 3074.86, 3076.93, 3076.96, 3077.03, 3076.95, 3077.05, 3077.18, 3077.18, 3077.16]
exp062-n3072-k16-d210-bs50-f1.000-r00:041368.733: (436 sec)
exp062-n3072-k16-d210-bs50-f1.000-r00:041368.733: Loop 69/100
exp062-n3072-k16-d210-bs50-f1.000-r00:041842.867: log(exp-norms): [3072.0, 3074.07, 3075.17]
exp062-n3072-k16-d210-bs50-f1.000-r00:041842.867: log(norms):     [3072.0, 3074.86, 3076.93, 3076.96, 3077.03, 3076.95, 3077.05, 3077.18, 3077.18, 3077.16]
exp062-n3072-k16-d210-bs50-f1.000-r00:041842.890: (475 sec)
exp062-n3072-k16-d210-bs50-f1.000-r00:041842.890: Loop 70/100
exp062-n3072-k16-d210-bs50-f1.000-r00:042293.590: log(exp-norms): [3072.0, 3074.07, 3075.17]
exp062-n3072-k16-d210-bs50-f1.000-r00:042293.590: log(norms):     [3072.0, 3074.86, 3076.93, 3076.96, 3077.03, 3076.95, 3077.05, 3077.18, 3077.18, 3077.16]
exp062-n3072-k16-d210-bs50-f1.000-r00:042293.611: (451 sec)
exp062-n3072-k16-d210-bs50-f1.000-r00:042293.611: Loop 71/100
exp062-n3072-k16-d210-bs50-f1.000-r00:042732.071: log(exp-norms): [3072.0, 3074.07, 3075.17]
exp062-n3072-k16-d210-bs50-f1.000-r00:042732.071: log(norms):     [3072.0, 3074.86, 3076.93, 3076.96, 3077.03, 3076.95, 3077.05, 3077.18, 3077.18, 3077.16]
exp062-n3072-k16-d210-bs50-f1.000-r00:042732.091: (439 sec)
exp062-n3072-k16-d210-bs50-f1.000-r00:042732.091: Loop 72/100
exp062-n3072-k16-d210-bs50-f1.000-r00:043177.678: log(exp-norms): [3072.0, 3074.07, 3075.17]
exp062-n3072-k16-d210-bs50-f1.000-r00:043177.678: log(norms):     [3072.0, 3074.86, 3076.93, 3076.96, 3077.03, 3076.95, 3077.05, 3077.18, 3077.18, 3077.16]
exp062-n3072-k16-d210-bs50-f1.000-r00:043177.698: (446 sec)
exp062-n3072-k16-d210-bs50-f1.000-r00:043177.699: Loop 73/100
exp062-n3072-k16-d210-bs50-f1.000-r00:043617.868: log(exp-norms): [3072.0, 3074.07, 3075.17]
exp062-n3072-k16-d210-bs50-f1.000-r00:043617.868: log(norms):     [3072.0, 3074.86, 3076.93, 3076.96, 3077.03, 3076.95, 3077.05, 3077.18, 3077.18, 3077.16]
exp062-n3072-k16-d210-bs50-f1.000-r00:043617.888: (441 sec)
exp062-n3072-k16-d210-bs50-f1.000-r00:043617.888: Loop 74/100
exp062-n3072-k16-d210-bs50-f1.000-r00:044067.551: log(exp-norms): [3072.0, 3074.07, 3075.17]
exp062-n3072-k16-d210-bs50-f1.000-r00:044067.551: log(norms):     [3072.0, 3074.86, 3076.93, 3076.96, 3077.03, 3076.95, 3077.05, 3077.18, 3077.18, 3077.16]
exp062-n3072-k16-d210-bs50-f1.000-r00:044067.572: (450 sec)
exp062-n3072-k16-d210-bs50-f1.000-r00:044067.572: Loop 75/100
exp062-n3072-k16-d210-bs50-f1.000-r00:044514.310: log(exp-norms): [3072.0, 3074.07, 3075.17]
exp062-n3072-k16-d210-bs50-f1.000-r00:044514.311: log(norms):     [3072.0, 3074.86, 3076.93, 3076.96, 3077.03, 3076.95, 3077.05, 3077.18, 3077.18, 3077.21]
exp062-n3072-k16-d210-bs50-f1.000-r00:044514.331: (447 sec)
exp062-n3072-k16-d210-bs50-f1.000-r00:044514.331: Loop 76/100
exp062-n3072-k16-d210-bs50-f1.000-r00:044966.341: log(exp-norms): [3072.0, 3074.07, 3075.17]
exp062-n3072-k16-d210-bs50-f1.000-r00:044966.342: log(norms):     [3072.0, 3074.86, 3076.93, 3076.96, 3077.03, 3076.95, 3077.05, 3077.18, 3077.18, 3077.21]
exp062-n3072-k16-d210-bs50-f1.000-r00:044966.362: (453 sec)
exp062-n3072-k16-d210-bs50-f1.000-r00:044966.362: Loop 77/100
exp062-n3072-k16-d210-bs50-f1.000-r00:045402.555: log(exp-norms): [3072.0, 3074.07, 3075.17]
exp062-n3072-k16-d210-bs50-f1.000-r00:045402.555: log(norms):     [3072.0, 3074.86, 3076.93, 3076.96, 3077.03, 3076.95, 3077.05, 3077.18, 3077.18, 3077.21]
exp062-n3072-k16-d210-bs50-f1.000-r00:045402.575: (437 sec)
exp062-n3072-k16-d210-bs50-f1.000-r00:045402.575: Loop 78/100
exp062-n3072-k16-d210-bs50-f1.000-r00:045856.881: log(exp-norms): [3072.0, 3074.07, 3075.17]
exp062-n3072-k16-d210-bs50-f1.000-r00:045856.882: log(norms):     [3072.0, 3074.86, 3076.93, 3076.96, 3077.03, 3076.95, 3077.05, 3077.18, 3077.18, 3077.15]
exp062-n3072-k16-d210-bs50-f1.000-r00:045856.902: (455 sec)
exp062-n3072-k16-d210-bs50-f1.000-r00:045856.902: Loop 79/100
exp062-n3072-k16-d210-bs50-f1.000-r00:046291.462: log(exp-norms): [3072.0, 3074.07, 3075.17]
exp062-n3072-k16-d210-bs50-f1.000-r00:046291.463: log(norms):     [3072.0, 3074.86, 3076.93, 3076.96, 3077.03, 3076.95, 3077.05, 3077.18, 3077.18, 3077.15]
exp062-n3072-k16-d210-bs50-f1.000-r00:046291.483: (435 sec)
exp062-n3072-k16-d210-bs50-f1.000-r00:046291.483: Loop 80/100
exp062-n3072-k16-d210-bs50-f1.000-r00:046736.031: log(exp-norms): [3072.0, 3074.07, 3075.17]
exp062-n3072-k16-d210-bs50-f1.000-r00:046736.031: log(norms):     [3072.0, 3074.86, 3076.93, 3076.96, 3077.03, 3076.95, 3077.05, 3077.12, 3077.13, 3077.18]
exp062-n3072-k16-d210-bs50-f1.000-r00:046736.051: (445 sec)
exp062-n3072-k16-d210-bs50-f1.000-r00:046736.051: Loop 81/100
exp062-n3072-k16-d210-bs50-f1.000-r00:047179.095: log(exp-norms): [3072.0, 3074.07, 3075.17]
exp062-n3072-k16-d210-bs50-f1.000-r00:047179.095: log(norms):     [3072.0, 3074.86, 3076.93, 3076.96, 3077.03, 3076.95, 3077.05, 3077.12, 3077.13, 3077.09]
exp062-n3072-k16-d210-bs50-f1.000-r00:047179.115: (444 sec)
exp062-n3072-k16-d210-bs50-f1.000-r00:047179.115: Loop 82/100
exp062-n3072-k16-d210-bs50-f1.000-r00:047611.159: log(exp-norms): [3072.0, 3074.07, 3075.17]
exp062-n3072-k16-d210-bs50-f1.000-r00:047611.159: log(norms):     [3072.0, 3074.86, 3076.93, 3076.96, 3077.03, 3076.95, 3077.05, 3077.2, 3077.05, 3077.12]
exp062-n3072-k16-d210-bs50-f1.000-r00:047611.180: (433 sec)
exp062-n3072-k16-d210-bs50-f1.000-r00:047611.180: Loop 83/100
exp062-n3072-k16-d210-bs50-f1.000-r00:048051.930: log(exp-norms): [3072.0, 3074.07, 3075.17]
exp062-n3072-k16-d210-bs50-f1.000-r00:048051.930: log(norms):     [3072.0, 3074.86, 3076.93, 3076.96, 3077.03, 3076.95, 3077.05, 3077.2, 3077.05, 3077.12]
exp062-n3072-k16-d210-bs50-f1.000-r00:048051.950: (441 sec)
exp062-n3072-k16-d210-bs50-f1.000-r00:048051.950: Loop 84/100
exp062-n3072-k16-d210-bs50-f1.000-r00:048477.679: log(exp-norms): [3072.0, 3074.07, 3075.17]
exp062-n3072-k16-d210-bs50-f1.000-r00:048477.679: log(norms):     [3072.0, 3074.86, 3076.93, 3076.96, 3077.03, 3076.95, 3077.05, 3077.2, 3077.05, 3077.12]
exp062-n3072-k16-d210-bs50-f1.000-r00:048477.699: (426 sec)
exp062-n3072-k16-d210-bs50-f1.000-r00:048477.699: Loop 85/100
exp062-n3072-k16-d210-bs50-f1.000-r00:048930.800: log(exp-norms): [3072.0, 3074.07, 3075.17]
exp062-n3072-k16-d210-bs50-f1.000-r00:048930.801: log(norms):     [3072.0, 3074.86, 3076.93, 3076.96, 3077.03, 3076.95, 3077.05, 3077.2, 3077.05, 3077.12]
exp062-n3072-k16-d210-bs50-f1.000-r00:048930.821: (454 sec)
exp062-n3072-k16-d210-bs50-f1.000-r00:048930.821: Loop 86/100
exp062-n3072-k16-d210-bs50-f1.000-r00:049355.682: log(exp-norms): [3072.0, 3074.07, 3075.17]
exp062-n3072-k16-d210-bs50-f1.000-r00:049355.683: log(norms):     [3072.0, 3074.86, 3076.93, 3076.96, 3077.03, 3076.95, 3077.05, 3077.2, 3077.05, 3077.12]
exp062-n3072-k16-d210-bs50-f1.000-r00:049355.704: (425 sec)
exp062-n3072-k16-d210-bs50-f1.000-r00:049355.704: Loop 87/100
exp062-n3072-k16-d210-bs50-f1.000-r00:049788.334: log(exp-norms): [3072.0, 3074.07, 3075.17]
exp062-n3072-k16-d210-bs50-f1.000-r00:049788.335: log(norms):     [3072.0, 3074.86, 3076.93, 3076.96, 3077.03, 3076.95, 3077.05, 3077.2, 3077.05, 3077.12]
exp062-n3072-k16-d210-bs50-f1.000-r00:049788.355: (433 sec)
exp062-n3072-k16-d210-bs50-f1.000-r00:049788.355: Loop 88/100
exp062-n3072-k16-d210-bs50-f1.000-r00:050227.192: log(exp-norms): [3072.0, 3074.07, 3075.17]
exp062-n3072-k16-d210-bs50-f1.000-r00:050227.192: log(norms):     [3072.0, 3074.86, 3076.93, 3076.96, 3077.03, 3076.95, 3077.05, 3077.2, 3077.05, 3077.12]
exp062-n3072-k16-d210-bs50-f1.000-r00:050227.212: (439 sec)
exp062-n3072-k16-d210-bs50-f1.000-r00:050227.212: Loop 89/100
exp062-n3072-k16-d210-bs50-f1.000-r00:050679.977: log(exp-norms): [3072.0, 3074.07, 3075.17]
exp062-n3072-k16-d210-bs50-f1.000-r00:050679.977: log(norms):     [3072.0, 3074.86, 3076.93, 3076.96, 3077.03, 3076.95, 3077.05, 3077.2, 3077.05, 3077.12]
exp062-n3072-k16-d210-bs50-f1.000-r00:050679.997: (453 sec)
exp062-n3072-k16-d210-bs50-f1.000-r00:050679.997: Loop 90/100
exp062-n3072-k16-d210-bs50-f1.000-r00:051130.289: log(exp-norms): [3072.0, 3074.07, 3075.17]
exp062-n3072-k16-d210-bs50-f1.000-r00:051130.289: log(norms):     [3072.0, 3074.86, 3076.93, 3076.96, 3077.03, 3076.95, 3077.05, 3077.2, 3077.05, 3077.12]
exp062-n3072-k16-d210-bs50-f1.000-r00:051130.309: (451 sec)
exp062-n3072-k16-d210-bs50-f1.000-r00:051130.309: Loop 91/100
exp062-n3072-k16-d210-bs50-f1.000-r00:051569.250: log(exp-norms): [3072.0, 3074.07, 3075.17]
exp062-n3072-k16-d210-bs50-f1.000-r00:051569.251: log(norms):     [3072.0, 3074.86, 3076.93, 3076.96, 3077.03, 3076.95, 3077.05, 3077.2, 3077.05, 3077.12]
exp062-n3072-k16-d210-bs50-f1.000-r00:051569.271: (439 sec)
exp062-n3072-k16-d210-bs50-f1.000-r00:051569.271: Loop 92/100
exp062-n3072-k16-d210-bs50-f1.000-r00:052012.287: log(exp-norms): [3072.0, 3074.07, 3075.17]
exp062-n3072-k16-d210-bs50-f1.000-r00:052012.287: log(norms):     [3072.0, 3074.86, 3076.93, 3076.96, 3077.03, 3076.95, 3077.05, 3077.2, 3077.05, 3077.12]
exp062-n3072-k16-d210-bs50-f1.000-r00:052012.307: (444 sec)
exp062-n3072-k16-d210-bs50-f1.000-r00:052012.307: Loop 93/100
exp062-n3072-k16-d210-bs50-f1.000-r00:052454.705: log(exp-norms): [3072.0, 3074.07, 3075.17]
exp062-n3072-k16-d210-bs50-f1.000-r00:052454.705: log(norms):     [3072.0, 3074.86, 3076.93, 3076.96, 3077.03, 3076.95, 3077.05, 3077.2, 3077.05, 3077.12]
exp062-n3072-k16-d210-bs50-f1.000-r00:052454.725: (443 sec)
exp062-n3072-k16-d210-bs50-f1.000-r00:052454.725: Loop 94/100
exp062-n3072-k16-d210-bs50-f1.000-r00:052904.664: log(exp-norms): [3072.0, 3074.07, 3075.17]
exp062-n3072-k16-d210-bs50-f1.000-r00:052904.664: log(norms):     [3072.0, 3074.86, 3076.93, 3076.96, 3077.03, 3076.95, 3077.07, 3077.05, 3077.2, 3077.05]
exp062-n3072-k16-d210-bs50-f1.000-r00:052904.684: (450 sec)
exp062-n3072-k16-d210-bs50-f1.000-r00:052904.684: Loop 95/100
exp062-n3072-k16-d210-bs50-f1.000-r00:053349.633: log(exp-norms): [3072.0, 3074.07, 3075.17]
exp062-n3072-k16-d210-bs50-f1.000-r00:053349.633: log(norms):     [3072.0, 3074.86, 3076.93, 3076.96, 3077.03, 3076.95, 3077.07, 3077.05, 3077.2, 3077.05]
exp062-n3072-k16-d210-bs50-f1.000-r00:053349.653: (445 sec)
exp062-n3072-k16-d210-bs50-f1.000-r00:053349.653: Loop 96/100
exp062-n3072-k16-d210-bs50-f1.000-r00:053791.518: log(exp-norms): [3072.0, 3074.07, 3075.17]
exp062-n3072-k16-d210-bs50-f1.000-r00:053791.519: log(norms):     [3072.0, 3074.86, 3076.93, 3076.96, 3077.03, 3076.95, 3077.07, 3077.05, 3077.2, 3077.05]
exp062-n3072-k16-d210-bs50-f1.000-r00:053791.539: (442 sec)
exp062-n3072-k16-d210-bs50-f1.000-r00:053791.539: Loop 97/100
exp062-n3072-k16-d210-bs50-f1.000-r00:054232.768: log(exp-norms): [3072.0, 3074.07, 3075.17]
exp062-n3072-k16-d210-bs50-f1.000-r00:054232.768: log(norms):     [3072.0, 3074.86, 3076.93, 3076.96, 3077.03, 3076.95, 3077.07, 3077.05, 3077.2, 3077.05]
exp062-n3072-k16-d210-bs50-f1.000-r00:054232.788: (442 sec)
exp062-n3072-k16-d210-bs50-f1.000-r00:054232.788: Loop 98/100
exp062-n3072-k16-d210-bs50-f1.000-r00:054656.587: log(exp-norms): [3072.0, 3074.07, 3075.17]
exp062-n3072-k16-d210-bs50-f1.000-r00:054656.587: log(norms):     [3072.0, 3074.86, 3076.93, 3076.96, 3077.03, 3076.95, 3077.07, 3077.05, 3077.2, 3077.05]
exp062-n3072-k16-d210-bs50-f1.000-r00:054656.607: (424 sec)
exp062-n3072-k16-d210-bs50-f1.000-r00:054656.607: Loop 99/100
exp062-n3072-k16-d210-bs50-f1.000-r00:055091.626: log(exp-norms): [3072.0, 3074.07, 3075.17]
exp062-n3072-k16-d210-bs50-f1.000-r00:055091.626: log(norms):     [3072.0, 3074.86, 3076.93, 3076.96, 3077.03, 3076.95, 3077.07, 3077.05, 3077.2, 3077.2]
exp062-n3072-k16-d210-bs50-f1.000-r00:055091.646: (436 sec)
exp062-n3072-k16-d210-bs50-f1.000-r00:055091.646: Loop 100/100
exp062-n3072-k16-d210-bs50-f1.000-r00:055528.635: log(exp-norms): [3072.0, 3074.07, 3075.17]
exp062-n3072-k16-d210-bs50-f1.000-r00:055528.636: log(norms):     [3072.0, 3074.86, 3076.93, 3076.96, 3077.03, 3076.95, 3077.07, 3077.05, 3077.2, 3077.2]
exp062-n3072-k16-d210-bs50-f1.000-r00:055528.655: (438 sec)
exp062-n3072-k16-d210-bs50-f1.000-r00:055528.656: ==========================Summary===========================
exp062-n3072-k16-d210-bs50-f1.000-r00:055528.656: Total time: 55529sec
exp062-n3072-k16-d210-bs50-f1.000-r00:055528.656: FAIL
exp062-n3072-k16-d210-bs50-f1.000-r00:055528.656: SUMMARY:n:3072:k:16:d:210:bs:50:t:55529:r:False
