exp053-n3072-k20-d170-bs60-f1.000-r00:000000.525: ==========================Instance==========================
exp053-n3072-k20-d170-bs60-f1.000-r00:000000.525: # of equations: 170
exp053-n3072-k20-d170-bs60-f1.000-r00:000000.531: Gap: 3.12
exp053-n3072-k20-d170-bs60-f1.000-r00:000000.545: Tau: 3.07
exp053-n3072-k20-d170-bs60-f1.000-r00:000000.547: ======================BKZ-60 reduction======================
exp053-n3072-k20-d170-bs60-f1.000-r00:000004.522: Expectedly achievable log(norm): 3076.72
exp053-n3072-k20-d170-bs60-f1.000-r00:000008.426: log(exp-norms): [3072.0, 3073.92, 3075.56]
exp053-n3072-k20-d170-bs60-f1.000-r00:000008.426: log(norms):     [3094.89, 3074.71, 3092.0, 3092.0, 3092.0, 3092.0, 3092.0, 3092.0, 3092.0, 3092.0]
exp053-n3072-k20-d170-bs60-f1.000-r00:000008.536: Loop 1/100
exp053-n3072-k20-d170-bs60-f1.000-r00:003047.737: log(exp-norms): [3072.0, 3073.92, 3075.56]
exp053-n3072-k20-d170-bs60-f1.000-r00:003047.738: log(norms):     [3072.0, 3074.71, 3078.55, 3078.57, 3078.49, 3078.62, 3078.58, 3078.37, 3078.65, 3078.66]
exp053-n3072-k20-d170-bs60-f1.000-r00:003047.772: (3040 sec)
exp053-n3072-k20-d170-bs60-f1.000-r00:003047.772: Loop 2/100
exp053-n3072-k20-d170-bs60-f1.000-r00:004134.418: log(exp-norms): [3072.0, 3073.92, 3075.56]
exp053-n3072-k20-d170-bs60-f1.000-r00:004134.419: log(norms):     [3072.0, 3074.71, 3077.91, 3077.91, 3077.91, 3077.9, 3077.98, 3078.02, 3077.82, 3077.89]
exp053-n3072-k20-d170-bs60-f1.000-r00:004134.451: (1087 sec)
exp053-n3072-k20-d170-bs60-f1.000-r00:004134.451: Loop 3/100
exp053-n3072-k20-d170-bs60-f1.000-r00:005105.315: log(exp-norms): [3072.0, 3073.92, 3075.56]
exp053-n3072-k20-d170-bs60-f1.000-r00:005105.316: log(norms):     [3072.0, 3074.71, 3077.28, 3077.35, 3077.4, 3077.44, 3077.53, 3077.37, 3077.55, 3077.56]
exp053-n3072-k20-d170-bs60-f1.000-r00:005105.347: (971 sec)
exp053-n3072-k20-d170-bs60-f1.000-r00:005105.347: Loop 4/100
exp053-n3072-k20-d170-bs60-f1.000-r00:005988.201: log(exp-norms): [3072.0, 3073.92, 3075.56]
exp053-n3072-k20-d170-bs60-f1.000-r00:005988.202: log(norms):     [3072.0, 3074.71, 3077.04, 3077.12, 3077.18, 3077.21, 3077.14, 3077.31, 3077.24, 3077.15]
exp053-n3072-k20-d170-bs60-f1.000-r00:005988.232: (883 sec)
exp053-n3072-k20-d170-bs60-f1.000-r00:005988.233: Loop 5/100
exp053-n3072-k20-d170-bs60-f1.000-r00:006853.110: log(exp-norms): [3072.0, 3073.92, 3075.56]
exp053-n3072-k20-d170-bs60-f1.000-r00:006853.110: log(norms):     [3072.0, 3074.71, 3076.82, 3077.03, 3076.98, 3077.02, 3077.02, 3076.85, 3077.07, 3077.1]
exp053-n3072-k20-d170-bs60-f1.000-r00:006853.141: (865 sec)
exp053-n3072-k20-d170-bs60-f1.000-r00:006853.141: Loop 6/100
exp053-n3072-k20-d170-bs60-f1.000-r00:007660.249: log(exp-norms): [3072.0, 3073.92, 3075.56]
exp053-n3072-k20-d170-bs60-f1.000-r00:007660.249: log(norms):     [3072.0, 3074.71, 3076.82, 3076.85, 3076.96, 3076.92, 3076.97, 3076.83, 3077.02, 3077.02]
exp053-n3072-k20-d170-bs60-f1.000-r00:007660.268: (808 sec)
exp053-n3072-k20-d170-bs60-f1.000-r00:007660.269: Loop 7/100
exp053-n3072-k20-d170-bs60-f1.000-r00:008511.847: log(exp-norms): [3072.0, 3073.92, 3075.56]
exp053-n3072-k20-d170-bs60-f1.000-r00:008511.848: log(norms):     [3072.0, 3074.71, 3076.82, 3076.83, 3076.92, 3076.94, 3076.89, 3076.85, 3076.99, 3076.99]
exp053-n3072-k20-d170-bs60-f1.000-r00:008511.867: (852 sec)
exp053-n3072-k20-d170-bs60-f1.000-r00:008511.867: Loop 8/100
exp053-n3072-k20-d170-bs60-f1.000-r00:009348.826: log(exp-norms): [3072.0, 3073.92, 3075.56]
exp053-n3072-k20-d170-bs60-f1.000-r00:009348.827: log(norms):     [3072.0, 3073.89, 3074.71, 3076.71, 3076.74, 3076.76, 3076.8, 3076.78, 3077.02, 3076.83]
exp053-n3072-k20-d170-bs60-f1.000-r00:009348.856: (837 sec)
exp053-n3072-k20-d170-bs60-f1.000-r00:009348.856: ==========================Summary===========================
exp053-n3072-k20-d170-bs60-f1.000-r00:009348.857: Total time: 9349sec
exp053-n3072-k20-d170-bs60-f1.000-r00:009348.857: SUCCESS
exp053-n3072-k20-d170-bs60-f1.000-r00:009348.857: HNP solution: 5254079764027161174016261790597937424845525211128216897708401680310855370601638156054125029039961478377145432549972499287462404288721516312210607362595614747332462791265541128932342662342036849132356693762493692248025771293368005713956142408740647879514480648146124972781351086655649028301715002884799479613279651603014629645697435676412069963924081580958757214928432657249155092842585485737358958824575235813973278064865816348277037736913965015927177893556539200912950260195849856495245451963291697889669845779263563403933227995449732794510168312845706887060748063922509968004978445504246368943445003725101871288651782866779314813011248012165264678547500569865725136544944073922605454005257529765167169318184207953191863426811485721305309067207472372863028495212445488468327031290832187590319353272052836579816077575351670079234505940572307155503134303521168468844555097414078346493214666041077902938122005521089150474257814
exp053-n3072-k20-d170-bs60-f1.000-r00:009348.857: Shared secret: 5254079764027161174016261790597937424845525211128216897708401680310855370601638156054125029039961478377145432549972499287462404288721516312210607362595614747332462791265541128932342662342036849132356693762493692248025771293368005713956142408740647879514480648146124972781351086655649028301715002884799479613279651603014629645697435676412069963924081580958757214928432657249155092842585485737358958824575235813973278064865816348277037736913965015927177893556539200912950260195849856495245451963291697889669845779263563403933227995449732794510168312845706887060748063922509968004978445504246368943445003725101871288651782866779314813011248012165264678547500569865725136544944073922605454005257529765167169318184207953191863426811485721305309067207472372863028495212445488468327031290832187590319353272052836579816077575351670079234505940572307155503134303521168468844555097414078346493214666041077902938122005521089150474257814
exp053-n3072-k20-d170-bs60-f1.000-r00:009348.857: SUMMARY:n:3072:k:20:d:170:bs:60:t:9349:r:True
