exp045-n3072-k20-d190-bs50-f1.000-r00:000000.406: ==========================Instance==========================
exp045-n3072-k20-d190-bs50-f1.000-r00:000000.406: # of equations: 190
exp045-n3072-k20-d190-bs50-f1.000-r00:000000.412: Gap: 11.53
exp045-n3072-k20-d190-bs50-f1.000-r00:000000.424: Tau: 39.67
exp045-n3072-k20-d190-bs50-f1.000-r00:000000.425: ======================BKZ-50 reduction======================
exp045-n3072-k20-d190-bs50-f1.000-r00:000004.950: Expectedly achievable log(norm): 3079.10
exp045-n3072-k20-d190-bs50-f1.000-r00:000010.186: log(exp-norms): [3072.0, 3074.0, 3077.53]
exp045-n3072-k20-d190-bs50-f1.000-r00:000010.186: log(norms):     [3094.97, 3074.79, 3092.0, 3092.0, 3092.0, 3092.0, 3092.0, 3092.0, 3092.0, 3092.0]
exp045-n3072-k20-d190-bs50-f1.000-r00:000010.282: Loop 1/100
exp045-n3072-k20-d190-bs50-f1.000-r00:004479.452: log(exp-norms): [3072.0, 3074.0, 3077.53]
exp045-n3072-k20-d190-bs50-f1.000-r00:004479.452: log(norms):     [3072.0, 3074.79, 3081.15, 3081.23, 3081.3, 3081.22, 3081.3, 3081.23, 3081.36, 3081.23]
exp045-n3072-k20-d190-bs50-f1.000-r00:004479.492: (4470 sec)
exp045-n3072-k20-d190-bs50-f1.000-r00:004479.492: Loop 2/100
exp045-n3072-k20-d190-bs50-f1.000-r00:005353.978: log(exp-norms): [3072.0, 3074.0, 3077.53]
exp045-n3072-k20-d190-bs50-f1.000-r00:005353.979: log(norms):     [3072.0, 3074.0, 3074.79, 3080.61, 3080.67, 3080.75, 3080.81, 3080.89, 3080.73, 3080.79]
exp045-n3072-k20-d190-bs50-f1.000-r00:005354.019: (875 sec)
exp045-n3072-k20-d190-bs50-f1.000-r00:005354.019: ==========================Summary===========================
exp045-n3072-k20-d190-bs50-f1.000-r00:005354.019: Total time: 5354sec
exp045-n3072-k20-d190-bs50-f1.000-r00:005354.019: SUCCESS
exp045-n3072-k20-d190-bs50-f1.000-r00:005354.019: HNP solution: 5254079764027161174016261790597937424845525211128216897708401680310855370601638156054125029039961478377145432549972499287462404288721516312210607362595614747332462791265541128932342662342036849132356693762493692248025771293368005713956142408740647879514480648146124972781351086655649028301715002884799479613279651603014629645697435676412069963924081580958757214928432657249155092842585485737358958824575235813973278064865816348277037736913965015927177893556539200912950260195849856495245451963291697889669845779263563403933227995449732794510168312845706887060748063922509968004978445504246368943445003725101871288651782866779314813011248012165264678547500569865725136544944073922605454005257529765167169318184207953191863426811485721305309067207472372863028495212445488468327031290832187590319353272052836579816077575351670079234505940572307155503134303521168468844555097414078346493214666041077902938122005521089150474257814
exp045-n3072-k20-d190-bs50-f1.000-r00:005354.020: Shared secret: 5254079764027161174016261790597937424845525211128216897708401680310855370601638156054125029039961478377145432549972499287462404288721516312210607362595614747332462791265541128932342662342036849132356693762493692248025771293368005713956142408740647879514480648146124972781351086655649028301715002884799479613279651603014629645697435676412069963924081580958757214928432657249155092842585485737358958824575235813973278064865816348277037736913965015927177893556539200912950260195849856495245451963291697889669845779263563403933227995449732794510168312845706887060748063922509968004978445504246368943445003725101871288651782866779314813011248012165264678547500569865725136544944073922605454005257529765167169318184207953191863426811485721305309067207472372863028495212445488468327031290832187590319353272052836579816077575351670079234505940572307155503134303521168468844555097414078346493214666041077902938122005521089150474257814
exp045-n3072-k20-d190-bs50-f1.000-r00:005354.020: SUMMARY:n:3072:k:20:d:190:bs:50:t:5354:r:True
