exp032-n3072-k20-d160-bs40-f1.000-r00:000000.408: ==========================Instance==========================
exp032-n3072-k20-d160-bs40-f1.000-r00:000000.408: # of equations: 160
exp032-n3072-k20-d160-bs40-f1.000-r00:000000.413: Gap: 1.44
exp032-n3072-k20-d160-bs40-f1.000-r00:000000.423: Tau: 0.67
exp032-n3072-k20-d160-bs40-f1.000-r00:000000.424: ======================BKZ-40 reduction======================
exp032-n3072-k20-d160-bs40-f1.000-r00:000003.755: Expectedly achievable log(norm): 3075.69
exp032-n3072-k20-d160-bs40-f1.000-r00:000007.159: log(exp-norms): [3072.0, 3073.88, 3074.4]
exp032-n3072-k20-d160-bs40-f1.000-r00:000007.159: log(norms):     [3094.84, 3074.67, 3092.0, 3092.0, 3092.0, 3092.0, 3092.0, 3092.0, 3092.0, 3092.0]
exp032-n3072-k20-d160-bs40-f1.000-r00:000007.254: Loop 1/100
exp032-n3072-k20-d160-bs40-f1.000-r00:002358.033: log(exp-norms): [3072.0, 3073.88, 3074.4]
exp032-n3072-k20-d160-bs40-f1.000-r00:002358.034: log(norms):     [3074.67, 3077.25, 3077.27, 3077.31, 3077.25, 3077.47, 3077.48, 3077.38, 3077.36, 3077.33]
exp032-n3072-k20-d160-bs40-f1.000-r00:002358.071: (2351 sec)
exp032-n3072-k20-d160-bs40-f1.000-r00:002358.071: Loop 2/100
exp032-n3072-k20-d160-bs40-f1.000-r00:002457.099: log(exp-norms): [3072.0, 3073.88, 3074.4]
exp032-n3072-k20-d160-bs40-f1.000-r00:002457.100: log(norms):     [3074.67, 3076.82, 3076.96, 3076.91, 3077.03, 3076.94, 3076.84, 3077.13, 3076.99, 3077.04]
exp032-n3072-k20-d160-bs40-f1.000-r00:002457.138: (100 sec)
exp032-n3072-k20-d160-bs40-f1.000-r00:002457.139: Loop 3/100
exp032-n3072-k20-d160-bs40-f1.000-r00:002548.396: log(exp-norms): [3072.0, 3073.88, 3074.4]
exp032-n3072-k20-d160-bs40-f1.000-r00:002548.397: log(norms):     [3074.67, 3076.38, 3076.61, 3076.79, 3076.64, 3076.61, 3076.71, 3076.66, 3076.67, 3076.61]
exp032-n3072-k20-d160-bs40-f1.000-r00:002548.432: (92 sec)
exp032-n3072-k20-d160-bs40-f1.000-r00:002548.433: Loop 4/100
exp032-n3072-k20-d160-bs40-f1.000-r00:002632.456: log(exp-norms): [3072.0, 3073.88, 3074.4]
exp032-n3072-k20-d160-bs40-f1.000-r00:002632.456: log(norms):     [3074.67, 3076.38, 3076.43, 3076.44, 3076.34, 3076.49, 3076.57, 3076.4, 3076.63, 3076.31]
exp032-n3072-k20-d160-bs40-f1.000-r00:002632.493: (85 sec)
exp032-n3072-k20-d160-bs40-f1.000-r00:002632.494: Loop 5/100
exp032-n3072-k20-d160-bs40-f1.000-r00:002710.282: log(exp-norms): [3072.0, 3073.88, 3074.4]
exp032-n3072-k20-d160-bs40-f1.000-r00:002710.282: log(norms):     [3074.67, 3076.31, 3076.4, 3076.38, 3076.31, 3076.36, 3076.4, 3076.5, 3076.33, 3076.38]
exp032-n3072-k20-d160-bs40-f1.000-r00:002710.317: (78 sec)
exp032-n3072-k20-d160-bs40-f1.000-r00:002710.318: Loop 6/100
exp032-n3072-k20-d160-bs40-f1.000-r00:002781.920: log(exp-norms): [3072.0, 3073.88, 3074.4]
exp032-n3072-k20-d160-bs40-f1.000-r00:002781.920: log(norms):     [3074.67, 3076.15, 3076.22, 3076.2, 3076.31, 3076.25, 3076.45, 3076.25, 3076.35, 3076.35]
exp032-n3072-k20-d160-bs40-f1.000-r00:002781.952: (72 sec)
exp032-n3072-k20-d160-bs40-f1.000-r00:002781.952: Loop 7/100
exp032-n3072-k20-d160-bs40-f1.000-r00:002854.043: log(exp-norms): [3072.0, 3073.88, 3074.4]
exp032-n3072-k20-d160-bs40-f1.000-r00:002854.044: log(norms):     [3072.0, 3074.67, 3076.11, 3076.14, 3076.15, 3076.19, 3076.21, 3076.16, 3076.19, 3076.21]
exp032-n3072-k20-d160-bs40-f1.000-r00:002854.076: (73 sec)
exp032-n3072-k20-d160-bs40-f1.000-r00:002854.076: Loop 8/100
exp032-n3072-k20-d160-bs40-f1.000-r00:002921.652: log(exp-norms): [3072.0, 3073.88, 3074.4]
exp032-n3072-k20-d160-bs40-f1.000-r00:002921.653: log(norms):     [3072.0, 3074.67, 3075.9, 3075.94, 3076.09, 3076.05, 3075.98, 3076.08, 3076.27, 3076.26]
exp032-n3072-k20-d160-bs40-f1.000-r00:002921.683: (68 sec)
exp032-n3072-k20-d160-bs40-f1.000-r00:002921.684: Loop 9/100
exp032-n3072-k20-d160-bs40-f1.000-r00:002987.071: log(exp-norms): [3072.0, 3073.88, 3074.4]
exp032-n3072-k20-d160-bs40-f1.000-r00:002987.072: log(norms):     [3072.0, 3074.67, 3075.9, 3075.94, 3076.09, 3075.92, 3076.16, 3076.05, 3076.07, 3076.14]
exp032-n3072-k20-d160-bs40-f1.000-r00:002987.107: (66 sec)
exp032-n3072-k20-d160-bs40-f1.000-r00:002987.108: Loop 10/100
exp032-n3072-k20-d160-bs40-f1.000-r00:003049.039: log(exp-norms): [3072.0, 3073.88, 3074.4]
exp032-n3072-k20-d160-bs40-f1.000-r00:003049.039: log(norms):     [3072.0, 3074.67, 3075.9, 3075.92, 3076.15, 3075.93, 3075.99, 3076.15, 3076.25, 3076.09]
exp032-n3072-k20-d160-bs40-f1.000-r00:003049.073: (62 sec)
exp032-n3072-k20-d160-bs40-f1.000-r00:003049.073: Loop 11/100
exp032-n3072-k20-d160-bs40-f1.000-r00:003111.745: log(exp-norms): [3072.0, 3073.88, 3074.4]
exp032-n3072-k20-d160-bs40-f1.000-r00:003111.746: log(norms):     [3072.0, 3074.67, 3075.9, 3075.92, 3076.0, 3076.14, 3076.06, 3075.91, 3076.08, 3076.03]
exp032-n3072-k20-d160-bs40-f1.000-r00:003111.780: (63 sec)
exp032-n3072-k20-d160-bs40-f1.000-r00:003111.780: Loop 12/100
exp032-n3072-k20-d160-bs40-f1.000-r00:003175.168: log(exp-norms): [3072.0, 3073.88, 3074.4]
exp032-n3072-k20-d160-bs40-f1.000-r00:003175.169: log(norms):     [3072.0, 3074.67, 3075.9, 3075.89, 3075.95, 3075.94, 3075.95, 3076.03, 3075.96, 3076.12]
exp032-n3072-k20-d160-bs40-f1.000-r00:003175.200: (64 sec)
exp032-n3072-k20-d160-bs40-f1.000-r00:003175.201: Loop 13/100
exp032-n3072-k20-d160-bs40-f1.000-r00:003236.563: log(exp-norms): [3072.0, 3073.88, 3074.4]
exp032-n3072-k20-d160-bs40-f1.000-r00:003236.563: log(norms):     [3072.0, 3074.67, 3075.87, 3075.99, 3075.9, 3075.9, 3076.12, 3076.18, 3075.95, 3075.89]
exp032-n3072-k20-d160-bs40-f1.000-r00:003236.592: (62 sec)
exp032-n3072-k20-d160-bs40-f1.000-r00:003236.593: Loop 14/100
exp032-n3072-k20-d160-bs40-f1.000-r00:003296.728: log(exp-norms): [3072.0, 3073.88, 3074.4]
exp032-n3072-k20-d160-bs40-f1.000-r00:003296.729: log(norms):     [3072.0, 3074.67, 3075.87, 3075.88, 3076.03, 3075.9, 3075.9, 3075.98, 3075.96, 3076.18]
exp032-n3072-k20-d160-bs40-f1.000-r00:003296.761: (61 sec)
exp032-n3072-k20-d160-bs40-f1.000-r00:003296.761: Loop 15/100
exp032-n3072-k20-d160-bs40-f1.000-r00:003358.170: log(exp-norms): [3072.0, 3073.88, 3074.4]
exp032-n3072-k20-d160-bs40-f1.000-r00:003358.170: log(norms):     [3072.0, 3074.67, 3075.85, 3075.87, 3075.9, 3075.94, 3076.03, 3075.9, 3075.88, 3076.03]
exp032-n3072-k20-d160-bs40-f1.000-r00:003358.204: (62 sec)
exp032-n3072-k20-d160-bs40-f1.000-r00:003358.204: Loop 16/100
exp032-n3072-k20-d160-bs40-f1.000-r00:003418.192: log(exp-norms): [3072.0, 3073.88, 3074.4]
exp032-n3072-k20-d160-bs40-f1.000-r00:003418.192: log(norms):     [3072.0, 3074.67, 3075.79, 3075.87, 3075.85, 3075.98, 3076.06, 3075.88, 3076.13, 3076.04]
exp032-n3072-k20-d160-bs40-f1.000-r00:003418.226: (61 sec)
exp032-n3072-k20-d160-bs40-f1.000-r00:003418.227: Loop 17/100
exp032-n3072-k20-d160-bs40-f1.000-r00:003475.768: log(exp-norms): [3072.0, 3073.88, 3074.4]
exp032-n3072-k20-d160-bs40-f1.000-r00:003475.768: log(norms):     [3072.0, 3074.67, 3075.79, 3075.81, 3075.82, 3075.93, 3075.79, 3076.04, 3075.9, 3075.88]
exp032-n3072-k20-d160-bs40-f1.000-r00:003475.799: (58 sec)
exp032-n3072-k20-d160-bs40-f1.000-r00:003475.800: Loop 18/100
exp032-n3072-k20-d160-bs40-f1.000-r00:003535.086: log(exp-norms): [3072.0, 3073.88, 3074.4]
exp032-n3072-k20-d160-bs40-f1.000-r00:003535.086: log(norms):     [3072.0, 3074.67, 3075.79, 3075.81, 3075.77, 3075.81, 3075.95, 3075.82, 3075.82, 3075.88]
exp032-n3072-k20-d160-bs40-f1.000-r00:003535.117: (60 sec)
exp032-n3072-k20-d160-bs40-f1.000-r00:003535.117: Loop 19/100
exp032-n3072-k20-d160-bs40-f1.000-r00:003594.758: log(exp-norms): [3072.0, 3073.88, 3074.4]
exp032-n3072-k20-d160-bs40-f1.000-r00:003594.759: log(norms):     [3072.0, 3074.67, 3075.77, 3075.81, 3075.79, 3075.81, 3075.95, 3075.81, 3075.9, 3075.82]
exp032-n3072-k20-d160-bs40-f1.000-r00:003594.796: (60 sec)
exp032-n3072-k20-d160-bs40-f1.000-r00:003594.796: Loop 20/100
exp032-n3072-k20-d160-bs40-f1.000-r00:003652.544: log(exp-norms): [3072.0, 3073.88, 3074.4]
exp032-n3072-k20-d160-bs40-f1.000-r00:003652.544: log(norms):     [3072.0, 3074.67, 3075.77, 3075.81, 3075.79, 3075.81, 3075.95, 3075.81, 3075.9, 3075.82]
exp032-n3072-k20-d160-bs40-f1.000-r00:003652.578: (58 sec)
exp032-n3072-k20-d160-bs40-f1.000-r00:003652.578: Loop 21/100
exp032-n3072-k20-d160-bs40-f1.000-r00:003713.724: log(exp-norms): [3072.0, 3073.88, 3074.4]
exp032-n3072-k20-d160-bs40-f1.000-r00:003713.725: log(norms):     [3072.0, 3074.67, 3075.77, 3075.81, 3075.81, 3075.81, 3075.95, 3075.79, 3075.81, 3076.03]
exp032-n3072-k20-d160-bs40-f1.000-r00:003713.759: (62 sec)
exp032-n3072-k20-d160-bs40-f1.000-r00:003713.759: Loop 22/100
exp032-n3072-k20-d160-bs40-f1.000-r00:003774.451: log(exp-norms): [3072.0, 3073.88, 3074.4]
exp032-n3072-k20-d160-bs40-f1.000-r00:003774.451: log(norms):     [3072.0, 3074.67, 3075.77, 3075.81, 3075.81, 3075.81, 3075.95, 3076.01, 3075.83, 3075.82]
exp032-n3072-k20-d160-bs40-f1.000-r00:003774.486: (61 sec)
exp032-n3072-k20-d160-bs40-f1.000-r00:003774.486: Loop 23/100
exp032-n3072-k20-d160-bs40-f1.000-r00:003833.565: log(exp-norms): [3072.0, 3073.88, 3074.4]
exp032-n3072-k20-d160-bs40-f1.000-r00:003833.566: log(norms):     [3072.0, 3074.67, 3075.77, 3075.81, 3075.81, 3075.81, 3075.82, 3076.03, 3075.99, 3075.79]
exp032-n3072-k20-d160-bs40-f1.000-r00:003833.600: (60 sec)
exp032-n3072-k20-d160-bs40-f1.000-r00:003833.601: Loop 24/100
exp032-n3072-k20-d160-bs40-f1.000-r00:003894.265: log(exp-norms): [3072.0, 3073.88, 3074.4]
exp032-n3072-k20-d160-bs40-f1.000-r00:003894.266: log(norms):     [3072.0, 3074.67, 3075.71, 3075.73, 3075.79, 3075.97, 3075.8, 3075.94, 3075.87, 3075.93]
exp032-n3072-k20-d160-bs40-f1.000-r00:003894.300: (61 sec)
exp032-n3072-k20-d160-bs40-f1.000-r00:003894.300: Loop 25/100
exp032-n3072-k20-d160-bs40-f1.000-r00:003949.407: log(exp-norms): [3072.0, 3073.88, 3074.4]
exp032-n3072-k20-d160-bs40-f1.000-r00:003949.408: log(norms):     [3072.0, 3074.67, 3075.71, 3075.73, 3075.8, 3075.83, 3075.88, 3075.88, 3075.97, 3075.95]
exp032-n3072-k20-d160-bs40-f1.000-r00:003949.442: (56 sec)
exp032-n3072-k20-d160-bs40-f1.000-r00:003949.442: Loop 26/100
exp032-n3072-k20-d160-bs40-f1.000-r00:004005.548: log(exp-norms): [3072.0, 3073.88, 3074.4]
exp032-n3072-k20-d160-bs40-f1.000-r00:004005.548: log(norms):     [3072.0, 3074.67, 3075.71, 3075.73, 3075.8, 3075.83, 3075.88, 3075.88, 3075.97, 3075.95]
exp032-n3072-k20-d160-bs40-f1.000-r00:004005.578: (57 sec)
exp032-n3072-k20-d160-bs40-f1.000-r00:004005.578: Loop 27/100
exp032-n3072-k20-d160-bs40-f1.000-r00:004062.074: log(exp-norms): [3072.0, 3073.88, 3074.4]
exp032-n3072-k20-d160-bs40-f1.000-r00:004062.075: log(norms):     [3072.0, 3074.67, 3075.71, 3075.73, 3075.8, 3075.83, 3075.91, 3075.98, 3075.92, 3075.97]
exp032-n3072-k20-d160-bs40-f1.000-r00:004062.110: (57 sec)
exp032-n3072-k20-d160-bs40-f1.000-r00:004062.110: Loop 28/100
exp032-n3072-k20-d160-bs40-f1.000-r00:004121.521: log(exp-norms): [3072.0, 3073.88, 3074.4]
exp032-n3072-k20-d160-bs40-f1.000-r00:004121.522: log(norms):     [3072.0, 3074.67, 3075.71, 3075.73, 3075.8, 3075.83, 3075.91, 3075.96, 3075.99, 3075.88]
exp032-n3072-k20-d160-bs40-f1.000-r00:004121.556: (60 sec)
exp032-n3072-k20-d160-bs40-f1.000-r00:004121.557: Loop 29/100
exp032-n3072-k20-d160-bs40-f1.000-r00:004179.781: log(exp-norms): [3072.0, 3073.88, 3074.4]
exp032-n3072-k20-d160-bs40-f1.000-r00:004179.782: log(norms):     [3072.0, 3074.67, 3075.71, 3075.73, 3075.8, 3075.8, 3076.04, 3075.83, 3075.88, 3076.0]
exp032-n3072-k20-d160-bs40-f1.000-r00:004179.816: (59 sec)
exp032-n3072-k20-d160-bs40-f1.000-r00:004179.817: Loop 30/100
exp032-n3072-k20-d160-bs40-f1.000-r00:004235.176: log(exp-norms): [3072.0, 3073.88, 3074.4]
exp032-n3072-k20-d160-bs40-f1.000-r00:004235.177: log(norms):     [3072.0, 3074.67, 3075.71, 3075.73, 3075.8, 3075.8, 3075.86, 3075.96, 3075.89, 3075.77]
exp032-n3072-k20-d160-bs40-f1.000-r00:004235.212: (56 sec)
exp032-n3072-k20-d160-bs40-f1.000-r00:004235.213: Loop 31/100
exp032-n3072-k20-d160-bs40-f1.000-r00:004291.961: log(exp-norms): [3072.0, 3073.88, 3074.4]
exp032-n3072-k20-d160-bs40-f1.000-r00:004291.962: log(norms):     [3072.0, 3074.67, 3075.71, 3075.73, 3075.8, 3075.8, 3075.82, 3075.94, 3075.89, 3075.77]
exp032-n3072-k20-d160-bs40-f1.000-r00:004291.997: (57 sec)
exp032-n3072-k20-d160-bs40-f1.000-r00:004291.997: Loop 32/100
exp032-n3072-k20-d160-bs40-f1.000-r00:004352.146: log(exp-norms): [3072.0, 3073.88, 3074.4]
exp032-n3072-k20-d160-bs40-f1.000-r00:004352.146: log(norms):     [3072.0, 3074.67, 3075.71, 3075.73, 3075.8, 3075.8, 3075.82, 3075.94, 3075.89, 3075.77]
exp032-n3072-k20-d160-bs40-f1.000-r00:004352.176: (61 sec)
exp032-n3072-k20-d160-bs40-f1.000-r00:004352.176: Loop 33/100
exp032-n3072-k20-d160-bs40-f1.000-r00:004407.069: log(exp-norms): [3072.0, 3073.88, 3074.4]
exp032-n3072-k20-d160-bs40-f1.000-r00:004407.070: log(norms):     [3072.0, 3074.67, 3075.71, 3075.73, 3075.8, 3075.8, 3075.82, 3075.94, 3075.89, 3075.77]
exp032-n3072-k20-d160-bs40-f1.000-r00:004407.103: (55 sec)
exp032-n3072-k20-d160-bs40-f1.000-r00:004407.103: Loop 34/100
exp032-n3072-k20-d160-bs40-f1.000-r00:004462.255: log(exp-norms): [3072.0, 3073.88, 3074.4]
exp032-n3072-k20-d160-bs40-f1.000-r00:004462.255: log(norms):     [3072.0, 3074.67, 3075.71, 3075.73, 3075.8, 3075.8, 3075.82, 3075.89, 3075.86, 3075.96]
exp032-n3072-k20-d160-bs40-f1.000-r00:004462.284: (56 sec)
exp032-n3072-k20-d160-bs40-f1.000-r00:004462.285: Loop 35/100
exp032-n3072-k20-d160-bs40-f1.000-r00:004521.049: log(exp-norms): [3072.0, 3073.88, 3074.4]
exp032-n3072-k20-d160-bs40-f1.000-r00:004521.050: log(norms):     [3072.0, 3074.67, 3075.69, 3075.71, 3075.83, 3075.9, 3075.86, 3075.78, 3075.81, 3075.83]
exp032-n3072-k20-d160-bs40-f1.000-r00:004521.082: (59 sec)
exp032-n3072-k20-d160-bs40-f1.000-r00:004521.083: Loop 36/100
exp032-n3072-k20-d160-bs40-f1.000-r00:004577.641: log(exp-norms): [3072.0, 3073.88, 3074.4]
exp032-n3072-k20-d160-bs40-f1.000-r00:004577.641: log(norms):     [3072.0, 3074.67, 3075.69, 3075.71, 3075.83, 3075.9, 3075.86, 3075.78, 3075.81, 3075.83]
exp032-n3072-k20-d160-bs40-f1.000-r00:004577.672: (57 sec)
exp032-n3072-k20-d160-bs40-f1.000-r00:004577.673: Loop 37/100
exp032-n3072-k20-d160-bs40-f1.000-r00:004629.756: log(exp-norms): [3072.0, 3073.88, 3074.4]
exp032-n3072-k20-d160-bs40-f1.000-r00:004629.756: log(norms):     [3072.0, 3074.67, 3075.69, 3075.71, 3075.82, 3075.79, 3075.82, 3075.83, 3075.8, 3075.8]
exp032-n3072-k20-d160-bs40-f1.000-r00:004629.787: (53 sec)
exp032-n3072-k20-d160-bs40-f1.000-r00:004629.788: Loop 38/100
exp032-n3072-k20-d160-bs40-f1.000-r00:004688.963: log(exp-norms): [3072.0, 3073.88, 3074.4]
exp032-n3072-k20-d160-bs40-f1.000-r00:004688.963: log(norms):     [3072.0, 3074.67, 3075.69, 3075.8, 3075.8, 3075.79, 3075.93, 3075.71, 3075.9, 3075.83]
exp032-n3072-k20-d160-bs40-f1.000-r00:004689.003: (60 sec)
exp032-n3072-k20-d160-bs40-f1.000-r00:004689.003: Loop 39/100
exp032-n3072-k20-d160-bs40-f1.000-r00:004749.002: log(exp-norms): [3072.0, 3073.88, 3074.4]
exp032-n3072-k20-d160-bs40-f1.000-r00:004749.003: log(norms):     [3072.0, 3074.67, 3075.69, 3075.8, 3075.8, 3075.79, 3075.93, 3075.71, 3075.9, 3075.83]
exp032-n3072-k20-d160-bs40-f1.000-r00:004749.037: (61 sec)
exp032-n3072-k20-d160-bs40-f1.000-r00:004749.037: Loop 40/100
exp032-n3072-k20-d160-bs40-f1.000-r00:004805.043: log(exp-norms): [3072.0, 3073.88, 3074.4]
exp032-n3072-k20-d160-bs40-f1.000-r00:004805.044: log(norms):     [3072.0, 3074.67, 3075.69, 3075.66, 3075.71, 3075.86, 3075.82, 3075.82, 3076.01, 3075.83]
exp032-n3072-k20-d160-bs40-f1.000-r00:004805.074: (57 sec)
exp032-n3072-k20-d160-bs40-f1.000-r00:004805.075: Loop 41/100
exp032-n3072-k20-d160-bs40-f1.000-r00:004862.792: log(exp-norms): [3072.0, 3073.88, 3074.4]
exp032-n3072-k20-d160-bs40-f1.000-r00:004862.793: log(norms):     [3072.0, 3074.67, 3075.69, 3075.66, 3075.71, 3075.86, 3075.82, 3075.82, 3076.01, 3075.83]
exp032-n3072-k20-d160-bs40-f1.000-r00:004862.823: (58 sec)
exp032-n3072-k20-d160-bs40-f1.000-r00:004862.823: Loop 42/100
exp032-n3072-k20-d160-bs40-f1.000-r00:004921.491: log(exp-norms): [3072.0, 3073.88, 3074.4]
exp032-n3072-k20-d160-bs40-f1.000-r00:004921.492: log(norms):     [3072.0, 3074.67, 3075.69, 3075.66, 3075.71, 3075.86, 3075.82, 3075.82, 3076.01, 3075.83]
exp032-n3072-k20-d160-bs40-f1.000-r00:004921.522: (59 sec)
exp032-n3072-k20-d160-bs40-f1.000-r00:004921.522: Loop 43/100
exp032-n3072-k20-d160-bs40-f1.000-r00:004976.208: log(exp-norms): [3072.0, 3073.88, 3074.4]
exp032-n3072-k20-d160-bs40-f1.000-r00:004976.208: log(norms):     [3072.0, 3074.67, 3075.69, 3075.66, 3075.71, 3075.86, 3075.82, 3075.82, 3076.01, 3075.83]
exp032-n3072-k20-d160-bs40-f1.000-r00:004976.240: (55 sec)
exp032-n3072-k20-d160-bs40-f1.000-r00:004976.240: Loop 44/100
exp032-n3072-k20-d160-bs40-f1.000-r00:005034.585: log(exp-norms): [3072.0, 3073.88, 3074.4]
exp032-n3072-k20-d160-bs40-f1.000-r00:005034.585: log(norms):     [3072.0, 3074.67, 3075.69, 3075.66, 3075.71, 3075.86, 3075.82, 3075.82, 3075.91, 3075.83]
exp032-n3072-k20-d160-bs40-f1.000-r00:005034.615: (59 sec)
exp032-n3072-k20-d160-bs40-f1.000-r00:005034.616: Loop 45/100
exp032-n3072-k20-d160-bs40-f1.000-r00:005096.159: log(exp-norms): [3072.0, 3073.88, 3074.4]
exp032-n3072-k20-d160-bs40-f1.000-r00:005096.159: log(norms):     [3072.0, 3074.67, 3075.69, 3075.66, 3075.71, 3075.86, 3075.82, 3075.82, 3075.91, 3075.83]
exp032-n3072-k20-d160-bs40-f1.000-r00:005096.194: (62 sec)
exp032-n3072-k20-d160-bs40-f1.000-r00:005096.195: Loop 46/100
exp032-n3072-k20-d160-bs40-f1.000-r00:005155.362: log(exp-norms): [3072.0, 3073.88, 3074.4]
exp032-n3072-k20-d160-bs40-f1.000-r00:005155.363: log(norms):     [3072.0, 3074.67, 3075.69, 3075.66, 3075.71, 3075.86, 3075.82, 3075.82, 3075.91, 3075.83]
exp032-n3072-k20-d160-bs40-f1.000-r00:005155.398: (60 sec)
exp032-n3072-k20-d160-bs40-f1.000-r00:005155.398: Loop 47/100
exp032-n3072-k20-d160-bs40-f1.000-r00:005213.724: log(exp-norms): [3072.0, 3073.88, 3074.4]
exp032-n3072-k20-d160-bs40-f1.000-r00:005213.724: log(norms):     [3072.0, 3074.67, 3075.69, 3075.66, 3075.71, 3075.86, 3075.82, 3075.82, 3075.91, 3075.83]
exp032-n3072-k20-d160-bs40-f1.000-r00:005213.755: (59 sec)
exp032-n3072-k20-d160-bs40-f1.000-r00:005213.755: Loop 48/100
exp032-n3072-k20-d160-bs40-f1.000-r00:005271.646: log(exp-norms): [3072.0, 3073.88, 3074.4]
exp032-n3072-k20-d160-bs40-f1.000-r00:005271.646: log(norms):     [3072.0, 3074.67, 3075.69, 3075.66, 3075.71, 3075.86, 3075.82, 3075.82, 3075.91, 3075.83]
exp032-n3072-k20-d160-bs40-f1.000-r00:005271.676: (58 sec)
exp032-n3072-k20-d160-bs40-f1.000-r00:005271.676: Loop 49/100
exp032-n3072-k20-d160-bs40-f1.000-r00:005329.037: log(exp-norms): [3072.0, 3073.88, 3074.4]
exp032-n3072-k20-d160-bs40-f1.000-r00:005329.038: log(norms):     [3072.0, 3074.67, 3075.69, 3075.66, 3075.71, 3075.86, 3075.82, 3075.82, 3075.91, 3075.83]
exp032-n3072-k20-d160-bs40-f1.000-r00:005329.084: (58 sec)
exp032-n3072-k20-d160-bs40-f1.000-r00:005329.084: Loop 50/100
exp032-n3072-k20-d160-bs40-f1.000-r00:005386.626: log(exp-norms): [3072.0, 3073.88, 3074.4]
exp032-n3072-k20-d160-bs40-f1.000-r00:005386.627: log(norms):     [3072.0, 3074.67, 3075.69, 3075.66, 3075.71, 3075.86, 3075.82, 3075.82, 3075.91, 3075.83]
exp032-n3072-k20-d160-bs40-f1.000-r00:005386.656: (58 sec)
exp032-n3072-k20-d160-bs40-f1.000-r00:005386.657: Loop 51/100
exp032-n3072-k20-d160-bs40-f1.000-r00:005443.012: log(exp-norms): [3072.0, 3073.88, 3074.4]
exp032-n3072-k20-d160-bs40-f1.000-r00:005443.012: log(norms):     [3072.0, 3074.67, 3075.69, 3075.66, 3075.71, 3075.86, 3075.82, 3075.82, 3075.91, 3075.83]
exp032-n3072-k20-d160-bs40-f1.000-r00:005443.043: (57 sec)
exp032-n3072-k20-d160-bs40-f1.000-r00:005443.043: Loop 52/100
exp032-n3072-k20-d160-bs40-f1.000-r00:005501.819: log(exp-norms): [3072.0, 3073.88, 3074.4]
exp032-n3072-k20-d160-bs40-f1.000-r00:005501.820: log(norms):     [3072.0, 3074.67, 3075.69, 3075.66, 3075.8, 3075.71, 3075.86, 3075.82, 3075.82, 3075.91]
exp032-n3072-k20-d160-bs40-f1.000-r00:005501.849: (59 sec)
exp032-n3072-k20-d160-bs40-f1.000-r00:005501.850: Loop 53/100
exp032-n3072-k20-d160-bs40-f1.000-r00:005557.743: log(exp-norms): [3072.0, 3073.88, 3074.4]
exp032-n3072-k20-d160-bs40-f1.000-r00:005557.743: log(norms):     [3072.0, 3074.67, 3075.69, 3075.66, 3075.8, 3075.71, 3075.86, 3075.82, 3075.82, 3075.91]
exp032-n3072-k20-d160-bs40-f1.000-r00:005557.774: (56 sec)
exp032-n3072-k20-d160-bs40-f1.000-r00:005557.774: Loop 54/100
exp032-n3072-k20-d160-bs40-f1.000-r00:005608.923: log(exp-norms): [3072.0, 3073.88, 3074.4]
exp032-n3072-k20-d160-bs40-f1.000-r00:005608.923: log(norms):     [3072.0, 3074.67, 3075.69, 3075.66, 3075.8, 3075.71, 3075.86, 3075.82, 3075.82, 3075.91]
exp032-n3072-k20-d160-bs40-f1.000-r00:005608.943: (52 sec)
exp032-n3072-k20-d160-bs40-f1.000-r00:005608.944: Loop 55/100
exp032-n3072-k20-d160-bs40-f1.000-r00:005664.663: log(exp-norms): [3072.0, 3073.88, 3074.4]
exp032-n3072-k20-d160-bs40-f1.000-r00:005664.664: log(norms):     [3072.0, 3074.67, 3075.69, 3075.66, 3075.8, 3075.71, 3075.86, 3075.82, 3075.82, 3075.91]
exp032-n3072-k20-d160-bs40-f1.000-r00:005664.695: (56 sec)
exp032-n3072-k20-d160-bs40-f1.000-r00:005664.695: Loop 56/100
exp032-n3072-k20-d160-bs40-f1.000-r00:005719.713: log(exp-norms): [3072.0, 3073.88, 3074.4]
exp032-n3072-k20-d160-bs40-f1.000-r00:005719.713: log(norms):     [3072.0, 3074.67, 3075.69, 3075.66, 3075.8, 3075.71, 3075.86, 3075.82, 3075.82, 3075.91]
exp032-n3072-k20-d160-bs40-f1.000-r00:005719.744: (56 sec)
exp032-n3072-k20-d160-bs40-f1.000-r00:005719.744: Loop 57/100
exp032-n3072-k20-d160-bs40-f1.000-r00:005777.516: log(exp-norms): [3072.0, 3073.88, 3074.4]
exp032-n3072-k20-d160-bs40-f1.000-r00:005777.516: log(norms):     [3072.0, 3074.67, 3075.69, 3075.66, 3075.8, 3075.71, 3075.86, 3075.82, 3075.82, 3075.91]
exp032-n3072-k20-d160-bs40-f1.000-r00:005777.546: (58 sec)
exp032-n3072-k20-d160-bs40-f1.000-r00:005777.547: Loop 58/100
exp032-n3072-k20-d160-bs40-f1.000-r00:005833.288: log(exp-norms): [3072.0, 3073.88, 3074.4]
exp032-n3072-k20-d160-bs40-f1.000-r00:005833.288: log(norms):     [3072.0, 3074.67, 3075.69, 3075.66, 3075.8, 3075.71, 3075.86, 3075.82, 3075.82, 3075.91]
exp032-n3072-k20-d160-bs40-f1.000-r00:005833.318: (56 sec)
exp032-n3072-k20-d160-bs40-f1.000-r00:005833.319: Loop 59/100
exp032-n3072-k20-d160-bs40-f1.000-r00:005891.544: log(exp-norms): [3072.0, 3073.88, 3074.4]
exp032-n3072-k20-d160-bs40-f1.000-r00:005891.545: log(norms):     [3072.0, 3074.67, 3075.69, 3075.66, 3075.8, 3075.71, 3075.86, 3075.82, 3075.82, 3075.91]
exp032-n3072-k20-d160-bs40-f1.000-r00:005891.574: (59 sec)
exp032-n3072-k20-d160-bs40-f1.000-r00:005891.575: Loop 60/100
exp032-n3072-k20-d160-bs40-f1.000-r00:005949.531: log(exp-norms): [3072.0, 3073.88, 3074.4]
exp032-n3072-k20-d160-bs40-f1.000-r00:005949.532: log(norms):     [3072.0, 3074.67, 3075.69, 3075.66, 3075.83, 3075.8, 3075.88, 3075.86, 3075.71, 3075.83]
exp032-n3072-k20-d160-bs40-f1.000-r00:005949.563: (58 sec)
exp032-n3072-k20-d160-bs40-f1.000-r00:005949.563: Loop 61/100
exp032-n3072-k20-d160-bs40-f1.000-r00:006002.896: log(exp-norms): [3072.0, 3073.88, 3074.4]
exp032-n3072-k20-d160-bs40-f1.000-r00:006002.897: log(norms):     [3072.0, 3074.67, 3075.69, 3075.66, 3075.83, 3075.8, 3075.88, 3075.86, 3075.71, 3075.83]
exp032-n3072-k20-d160-bs40-f1.000-r00:006002.927: (54 sec)
exp032-n3072-k20-d160-bs40-f1.000-r00:006002.928: Loop 62/100
exp032-n3072-k20-d160-bs40-f1.000-r00:006059.260: log(exp-norms): [3072.0, 3073.88, 3074.4]
exp032-n3072-k20-d160-bs40-f1.000-r00:006059.261: log(norms):     [3072.0, 3074.67, 3075.69, 3075.66, 3075.83, 3075.8, 3075.88, 3075.86, 3075.71, 3075.83]
exp032-n3072-k20-d160-bs40-f1.000-r00:006059.292: (57 sec)
exp032-n3072-k20-d160-bs40-f1.000-r00:006059.292: Loop 63/100
exp032-n3072-k20-d160-bs40-f1.000-r00:006114.897: log(exp-norms): [3072.0, 3073.88, 3074.4]
exp032-n3072-k20-d160-bs40-f1.000-r00:006114.897: log(norms):     [3072.0, 3074.67, 3075.69, 3075.66, 3075.83, 3075.8, 3075.88, 3075.86, 3075.71, 3075.83]
exp032-n3072-k20-d160-bs40-f1.000-r00:006114.927: (56 sec)
exp032-n3072-k20-d160-bs40-f1.000-r00:006114.927: Loop 64/100
exp032-n3072-k20-d160-bs40-f1.000-r00:006172.771: log(exp-norms): [3072.0, 3073.88, 3074.4]
exp032-n3072-k20-d160-bs40-f1.000-r00:006172.772: log(norms):     [3072.0, 3074.67, 3075.69, 3075.66, 3075.83, 3075.8, 3075.88, 3075.86, 3075.71, 3075.83]
exp032-n3072-k20-d160-bs40-f1.000-r00:006172.802: (58 sec)
exp032-n3072-k20-d160-bs40-f1.000-r00:006172.802: Loop 65/100
exp032-n3072-k20-d160-bs40-f1.000-r00:006226.470: log(exp-norms): [3072.0, 3073.88, 3074.4]
exp032-n3072-k20-d160-bs40-f1.000-r00:006226.470: log(norms):     [3072.0, 3074.67, 3075.69, 3075.66, 3075.83, 3075.8, 3075.88, 3075.86, 3075.71, 3075.83]
exp032-n3072-k20-d160-bs40-f1.000-r00:006226.500: (54 sec)
exp032-n3072-k20-d160-bs40-f1.000-r00:006226.500: Loop 66/100
exp032-n3072-k20-d160-bs40-f1.000-r00:006283.172: log(exp-norms): [3072.0, 3073.88, 3074.4]
exp032-n3072-k20-d160-bs40-f1.000-r00:006283.173: log(norms):     [3072.0, 3074.67, 3075.69, 3075.66, 3075.83, 3075.8, 3075.88, 3075.86, 3075.71, 3075.83]
exp032-n3072-k20-d160-bs40-f1.000-r00:006283.202: (57 sec)
exp032-n3072-k20-d160-bs40-f1.000-r00:006283.202: Loop 67/100
exp032-n3072-k20-d160-bs40-f1.000-r00:006334.246: log(exp-norms): [3072.0, 3073.88, 3074.4]
exp032-n3072-k20-d160-bs40-f1.000-r00:006334.247: log(norms):     [3072.0, 3074.67, 3075.69, 3075.66, 3075.83, 3075.8, 3075.88, 3075.89, 3075.86, 3075.71]
exp032-n3072-k20-d160-bs40-f1.000-r00:006334.276: (52 sec)
exp032-n3072-k20-d160-bs40-f1.000-r00:006334.276: Loop 68/100
exp032-n3072-k20-d160-bs40-f1.000-r00:006389.475: log(exp-norms): [3072.0, 3073.88, 3074.4]
exp032-n3072-k20-d160-bs40-f1.000-r00:006389.476: log(norms):     [3072.0, 3074.67, 3075.69, 3075.66, 3075.83, 3075.8, 3075.88, 3075.89, 3075.86, 3075.71]
exp032-n3072-k20-d160-bs40-f1.000-r00:006389.505: (56 sec)
exp032-n3072-k20-d160-bs40-f1.000-r00:006389.505: Loop 69/100
exp032-n3072-k20-d160-bs40-f1.000-r00:006446.611: log(exp-norms): [3072.0, 3073.88, 3074.4]
exp032-n3072-k20-d160-bs40-f1.000-r00:006446.612: log(norms):     [3072.0, 3074.67, 3075.69, 3075.66, 3075.83, 3075.8, 3075.86, 3075.88, 3075.89, 3075.86]
exp032-n3072-k20-d160-bs40-f1.000-r00:006446.642: (58 sec)
exp032-n3072-k20-d160-bs40-f1.000-r00:006446.643: Loop 70/100
exp032-n3072-k20-d160-bs40-f1.000-r00:006502.581: log(exp-norms): [3072.0, 3073.88, 3074.4]
exp032-n3072-k20-d160-bs40-f1.000-r00:006502.581: log(norms):     [3072.0, 3074.67, 3075.69, 3075.66, 3075.83, 3075.8, 3075.86, 3075.88, 3075.89, 3075.86]
exp032-n3072-k20-d160-bs40-f1.000-r00:006502.610: (56 sec)
exp032-n3072-k20-d160-bs40-f1.000-r00:006502.610: Loop 71/100
exp032-n3072-k20-d160-bs40-f1.000-r00:006555.695: log(exp-norms): [3072.0, 3073.88, 3074.4]
exp032-n3072-k20-d160-bs40-f1.000-r00:006555.696: log(norms):     [3072.0, 3074.67, 3075.69, 3075.66, 3075.83, 3075.73, 3075.88, 3075.8, 3075.91, 3075.89]
exp032-n3072-k20-d160-bs40-f1.000-r00:006555.725: (54 sec)
exp032-n3072-k20-d160-bs40-f1.000-r00:006555.725: Loop 72/100
exp032-n3072-k20-d160-bs40-f1.000-r00:006609.714: log(exp-norms): [3072.0, 3073.88, 3074.4]
exp032-n3072-k20-d160-bs40-f1.000-r00:006609.714: log(norms):     [3072.0, 3074.67, 3075.69, 3075.66, 3075.83, 3075.73, 3075.88, 3075.8, 3075.91, 3075.89]
exp032-n3072-k20-d160-bs40-f1.000-r00:006609.744: (55 sec)
exp032-n3072-k20-d160-bs40-f1.000-r00:006609.744: Loop 73/100
exp032-n3072-k20-d160-bs40-f1.000-r00:006665.316: log(exp-norms): [3072.0, 3073.88, 3074.4]
exp032-n3072-k20-d160-bs40-f1.000-r00:006665.317: log(norms):     [3072.0, 3074.67, 3075.69, 3075.66, 3075.83, 3075.73, 3075.88, 3075.8, 3075.91, 3075.89]
exp032-n3072-k20-d160-bs40-f1.000-r00:006665.347: (56 sec)
exp032-n3072-k20-d160-bs40-f1.000-r00:006665.347: Loop 74/100
exp032-n3072-k20-d160-bs40-f1.000-r00:006715.903: log(exp-norms): [3072.0, 3073.88, 3074.4]
exp032-n3072-k20-d160-bs40-f1.000-r00:006715.904: log(norms):     [3072.0, 3074.67, 3075.69, 3075.66, 3075.83, 3075.76, 3075.73, 3075.88, 3075.85, 3075.98]
exp032-n3072-k20-d160-bs40-f1.000-r00:006715.937: (51 sec)
exp032-n3072-k20-d160-bs40-f1.000-r00:006715.937: Loop 75/100
exp032-n3072-k20-d160-bs40-f1.000-r00:006771.636: log(exp-norms): [3072.0, 3073.88, 3074.4]
exp032-n3072-k20-d160-bs40-f1.000-r00:006771.636: log(norms):     [3072.0, 3074.67, 3075.69, 3075.66, 3075.83, 3075.76, 3075.73, 3075.88, 3075.85, 3075.98]
exp032-n3072-k20-d160-bs40-f1.000-r00:006771.666: (56 sec)
exp032-n3072-k20-d160-bs40-f1.000-r00:006771.666: Loop 76/100
exp032-n3072-k20-d160-bs40-f1.000-r00:006821.228: log(exp-norms): [3072.0, 3073.88, 3074.4]
exp032-n3072-k20-d160-bs40-f1.000-r00:006821.229: log(norms):     [3072.0, 3074.67, 3075.69, 3075.66, 3075.83, 3075.76, 3075.73, 3075.88, 3075.85, 3076.0]
exp032-n3072-k20-d160-bs40-f1.000-r00:006821.259: (50 sec)
exp032-n3072-k20-d160-bs40-f1.000-r00:006821.260: Loop 77/100
exp032-n3072-k20-d160-bs40-f1.000-r00:006870.661: log(exp-norms): [3072.0, 3073.88, 3074.4]
exp032-n3072-k20-d160-bs40-f1.000-r00:006870.662: log(norms):     [3072.0, 3074.67, 3075.69, 3075.66, 3075.83, 3075.76, 3075.73, 3075.88, 3075.85, 3076.0]
exp032-n3072-k20-d160-bs40-f1.000-r00:006870.690: (50 sec)
exp032-n3072-k20-d160-bs40-f1.000-r00:006870.690: Loop 78/100
exp032-n3072-k20-d160-bs40-f1.000-r00:006925.267: log(exp-norms): [3072.0, 3073.88, 3074.4]
exp032-n3072-k20-d160-bs40-f1.000-r00:006925.267: log(norms):     [3072.0, 3074.67, 3075.69, 3075.66, 3075.83, 3075.76, 3075.73, 3075.73, 3075.84, 3075.84]
exp032-n3072-k20-d160-bs40-f1.000-r00:006925.297: (55 sec)
exp032-n3072-k20-d160-bs40-f1.000-r00:006925.297: Loop 79/100
exp032-n3072-k20-d160-bs40-f1.000-r00:006978.944: log(exp-norms): [3072.0, 3073.88, 3074.4]
exp032-n3072-k20-d160-bs40-f1.000-r00:006978.944: log(norms):     [3072.0, 3074.67, 3075.69, 3075.66, 3075.83, 3075.76, 3075.73, 3075.73, 3075.84, 3075.84]
exp032-n3072-k20-d160-bs40-f1.000-r00:006978.973: (54 sec)
exp032-n3072-k20-d160-bs40-f1.000-r00:006978.973: Loop 80/100
exp032-n3072-k20-d160-bs40-f1.000-r00:007034.832: log(exp-norms): [3072.0, 3073.88, 3074.4]
exp032-n3072-k20-d160-bs40-f1.000-r00:007034.833: log(norms):     [3072.0, 3074.67, 3075.69, 3075.66, 3075.83, 3075.76, 3075.73, 3075.91, 3075.73, 3075.84]
exp032-n3072-k20-d160-bs40-f1.000-r00:007034.863: (56 sec)
exp032-n3072-k20-d160-bs40-f1.000-r00:007034.863: Loop 81/100
exp032-n3072-k20-d160-bs40-f1.000-r00:007084.857: log(exp-norms): [3072.0, 3073.88, 3074.4]
exp032-n3072-k20-d160-bs40-f1.000-r00:007084.857: log(norms):     [3072.0, 3074.67, 3075.69, 3075.66, 3075.83, 3075.76, 3075.73, 3075.91, 3075.73, 3075.84]
exp032-n3072-k20-d160-bs40-f1.000-r00:007084.876: (51 sec)
exp032-n3072-k20-d160-bs40-f1.000-r00:007084.876: Loop 82/100
exp032-n3072-k20-d160-bs40-f1.000-r00:007135.332: log(exp-norms): [3072.0, 3073.88, 3074.4]
exp032-n3072-k20-d160-bs40-f1.000-r00:007135.333: log(norms):     [3072.0, 3074.67, 3075.69, 3075.66, 3075.83, 3075.76, 3075.73, 3075.91, 3076.0, 3075.77]
exp032-n3072-k20-d160-bs40-f1.000-r00:007135.361: (51 sec)
exp032-n3072-k20-d160-bs40-f1.000-r00:007135.362: Loop 83/100
exp032-n3072-k20-d160-bs40-f1.000-r00:007191.138: log(exp-norms): [3072.0, 3073.88, 3074.4]
exp032-n3072-k20-d160-bs40-f1.000-r00:007191.139: log(norms):     [3072.0, 3074.67, 3075.69, 3075.66, 3075.83, 3075.76, 3075.73, 3075.91, 3076.0, 3075.91]
exp032-n3072-k20-d160-bs40-f1.000-r00:007191.168: (56 sec)
exp032-n3072-k20-d160-bs40-f1.000-r00:007191.168: Loop 84/100
exp032-n3072-k20-d160-bs40-f1.000-r00:007242.896: log(exp-norms): [3072.0, 3073.88, 3074.4]
exp032-n3072-k20-d160-bs40-f1.000-r00:007242.896: log(norms):     [3072.0, 3074.67, 3075.69, 3075.66, 3075.83, 3075.76, 3075.81, 3075.91, 3075.73, 3076.0]
exp032-n3072-k20-d160-bs40-f1.000-r00:007242.915: (52 sec)
exp032-n3072-k20-d160-bs40-f1.000-r00:007242.915: Loop 85/100
exp032-n3072-k20-d160-bs40-f1.000-r00:007297.637: log(exp-norms): [3072.0, 3073.88, 3074.4]
exp032-n3072-k20-d160-bs40-f1.000-r00:007297.638: log(norms):     [3072.0, 3074.67, 3075.69, 3075.66, 3075.83, 3075.76, 3075.81, 3075.91, 3075.69, 3075.73]
exp032-n3072-k20-d160-bs40-f1.000-r00:007297.667: (55 sec)
exp032-n3072-k20-d160-bs40-f1.000-r00:007297.667: Loop 86/100
exp032-n3072-k20-d160-bs40-f1.000-r00:007347.221: log(exp-norms): [3072.0, 3073.88, 3074.4]
exp032-n3072-k20-d160-bs40-f1.000-r00:007347.221: log(norms):     [3072.0, 3074.67, 3075.69, 3075.66, 3075.83, 3075.76, 3075.81, 3075.91, 3075.69, 3075.73]
exp032-n3072-k20-d160-bs40-f1.000-r00:007347.250: (50 sec)
exp032-n3072-k20-d160-bs40-f1.000-r00:007347.251: Loop 87/100
exp032-n3072-k20-d160-bs40-f1.000-r00:007401.715: log(exp-norms): [3072.0, 3073.88, 3074.4]
exp032-n3072-k20-d160-bs40-f1.000-r00:007401.715: log(norms):     [3072.0, 3074.67, 3075.69, 3075.66, 3075.83, 3075.76, 3075.81, 3075.91, 3075.69, 3075.73]
exp032-n3072-k20-d160-bs40-f1.000-r00:007401.733: (55 sec)
exp032-n3072-k20-d160-bs40-f1.000-r00:007401.733: Loop 88/100
exp032-n3072-k20-d160-bs40-f1.000-r00:007452.994: log(exp-norms): [3072.0, 3073.88, 3074.4]
exp032-n3072-k20-d160-bs40-f1.000-r00:007452.995: log(norms):     [3072.0, 3074.67, 3075.69, 3075.66, 3075.83, 3075.76, 3075.81, 3075.91, 3075.69, 3075.73]
exp032-n3072-k20-d160-bs40-f1.000-r00:007453.014: (52 sec)
exp032-n3072-k20-d160-bs40-f1.000-r00:007453.014: Loop 89/100
exp032-n3072-k20-d160-bs40-f1.000-r00:007484.517: log(exp-norms): [3072.0, 3073.88, 3074.4]
exp032-n3072-k20-d160-bs40-f1.000-r00:007484.518: log(norms):     [3072.0, 3074.67, 3075.69, 3075.66, 3075.83, 3075.76, 3075.81, 3075.91, 3075.69, 3075.73]
exp032-n3072-k20-d160-bs40-f1.000-r00:007484.535: (32 sec)
exp032-n3072-k20-d160-bs40-f1.000-r00:007484.535: Loop 90/100
exp032-n3072-k20-d160-bs40-f1.000-r00:007516.739: log(exp-norms): [3072.0, 3073.88, 3074.4]
exp032-n3072-k20-d160-bs40-f1.000-r00:007516.740: log(norms):     [3072.0, 3074.67, 3075.69, 3075.66, 3075.83, 3075.76, 3075.81, 3075.91, 3075.69, 3075.73]
exp032-n3072-k20-d160-bs40-f1.000-r00:007516.757: (33 sec)
exp032-n3072-k20-d160-bs40-f1.000-r00:007516.757: Loop 91/100
exp032-n3072-k20-d160-bs40-f1.000-r00:007549.166: log(exp-norms): [3072.0, 3073.88, 3074.4]
exp032-n3072-k20-d160-bs40-f1.000-r00:007549.167: log(norms):     [3072.0, 3074.67, 3075.69, 3075.66, 3075.83, 3075.76, 3075.81, 3075.91, 3075.69, 3075.73]
exp032-n3072-k20-d160-bs40-f1.000-r00:007549.195: (33 sec)
exp032-n3072-k20-d160-bs40-f1.000-r00:007549.196: Loop 92/100
exp032-n3072-k20-d160-bs40-f1.000-r00:007600.774: log(exp-norms): [3072.0, 3073.88, 3074.4]
exp032-n3072-k20-d160-bs40-f1.000-r00:007600.774: log(norms):     [3072.0, 3074.67, 3075.69, 3075.66, 3075.83, 3075.76, 3075.81, 3075.91, 3075.69, 3075.73]
exp032-n3072-k20-d160-bs40-f1.000-r00:007600.792: (52 sec)
exp032-n3072-k20-d160-bs40-f1.000-r00:007600.792: Loop 93/100
exp032-n3072-k20-d160-bs40-f1.000-r00:007636.794: log(exp-norms): [3072.0, 3073.88, 3074.4]
exp032-n3072-k20-d160-bs40-f1.000-r00:007636.795: log(norms):     [3072.0, 3074.67, 3075.69, 3075.66, 3075.83, 3075.76, 3075.81, 3075.91, 3075.69, 3075.73]
exp032-n3072-k20-d160-bs40-f1.000-r00:007636.824: (37 sec)
exp032-n3072-k20-d160-bs40-f1.000-r00:007636.824: Loop 94/100
exp032-n3072-k20-d160-bs40-f1.000-r00:007689.347: log(exp-norms): [3072.0, 3073.88, 3074.4]
exp032-n3072-k20-d160-bs40-f1.000-r00:007689.347: log(norms):     [3072.0, 3074.67, 3075.69, 3075.66, 3075.83, 3075.76, 3075.81, 3075.91, 3075.69, 3075.7]
exp032-n3072-k20-d160-bs40-f1.000-r00:007689.376: (53 sec)
exp032-n3072-k20-d160-bs40-f1.000-r00:007689.376: Loop 95/100
exp032-n3072-k20-d160-bs40-f1.000-r00:007726.386: log(exp-norms): [3072.0, 3073.88, 3074.4]
exp032-n3072-k20-d160-bs40-f1.000-r00:007726.387: log(norms):     [3072.0, 3074.67, 3075.69, 3075.66, 3075.83, 3075.76, 3075.81, 3075.91, 3075.74, 3075.7]
exp032-n3072-k20-d160-bs40-f1.000-r00:007726.405: (38 sec)
exp032-n3072-k20-d160-bs40-f1.000-r00:007726.405: Loop 96/100
exp032-n3072-k20-d160-bs40-f1.000-r00:007776.714: log(exp-norms): [3072.0, 3073.88, 3074.4]
exp032-n3072-k20-d160-bs40-f1.000-r00:007776.714: log(norms):     [3072.0, 3074.67, 3075.69, 3075.66, 3075.83, 3075.76, 3075.81, 3075.91, 3075.74, 3075.7]
exp032-n3072-k20-d160-bs40-f1.000-r00:007776.743: (51 sec)
exp032-n3072-k20-d160-bs40-f1.000-r00:007776.743: Loop 97/100
exp032-n3072-k20-d160-bs40-f1.000-r00:007828.778: log(exp-norms): [3072.0, 3073.88, 3074.4]
exp032-n3072-k20-d160-bs40-f1.000-r00:007828.778: log(norms):     [3072.0, 3074.67, 3075.69, 3075.66, 3075.83, 3075.76, 3075.81, 3075.91, 3075.74, 3075.7]
exp032-n3072-k20-d160-bs40-f1.000-r00:007828.796: (53 sec)
exp032-n3072-k20-d160-bs40-f1.000-r00:007828.796: Loop 98/100
exp032-n3072-k20-d160-bs40-f1.000-r00:007860.718: log(exp-norms): [3072.0, 3073.88, 3074.4]
exp032-n3072-k20-d160-bs40-f1.000-r00:007860.718: log(norms):     [3072.0, 3074.67, 3075.69, 3075.66, 3075.83, 3075.76, 3075.81, 3075.84, 3075.91, 3075.69]
exp032-n3072-k20-d160-bs40-f1.000-r00:007860.736: (32 sec)
exp032-n3072-k20-d160-bs40-f1.000-r00:007860.736: Loop 99/100
exp032-n3072-k20-d160-bs40-f1.000-r00:007911.984: log(exp-norms): [3072.0, 3073.88, 3074.4]
exp032-n3072-k20-d160-bs40-f1.000-r00:007911.984: log(norms):     [3072.0, 3074.67, 3075.69, 3075.66, 3075.83, 3075.76, 3075.81, 3075.84, 3075.7, 3075.74]
exp032-n3072-k20-d160-bs40-f1.000-r00:007912.013: (52 sec)
exp032-n3072-k20-d160-bs40-f1.000-r00:007912.014: Loop 100/100
exp032-n3072-k20-d160-bs40-f1.000-r00:007954.738: log(exp-norms): [3072.0, 3073.88, 3074.4]
exp032-n3072-k20-d160-bs40-f1.000-r00:007954.738: log(norms):     [3072.0, 3074.67, 3075.69, 3075.66, 3075.83, 3075.76, 3075.81, 3075.84, 3075.7, 3075.74]
exp032-n3072-k20-d160-bs40-f1.000-r00:007954.767: (43 sec)
exp032-n3072-k20-d160-bs40-f1.000-r00:007954.768: ==========================Summary===========================
exp032-n3072-k20-d160-bs40-f1.000-r00:007954.768: Total time: 7955sec
exp032-n3072-k20-d160-bs40-f1.000-r00:007954.768: FAIL
exp032-n3072-k20-d160-bs40-f1.000-r00:007954.768: SUMMARY:n:3072:k:20:d:160:bs:40:t:7955:r:False
