exp054-n3072-k20-d180-bs60-f1.000-r00:000000.451: ==========================Instance==========================
exp054-n3072-k20-d180-bs60-f1.000-r00:000000.451: # of equations: 180
exp054-n3072-k20-d180-bs60-f1.000-r00:000000.457: Gap: 6.22
exp054-n3072-k20-d180-bs60-f1.000-r00:000000.470: Tau: 11.85
exp054-n3072-k20-d180-bs60-f1.000-r00:000000.471: ======================BKZ-60 reduction======================
exp054-n3072-k20-d180-bs60-f1.000-r00:000004.955: Expectedly achievable log(norm): 3077.88
exp054-n3072-k20-d180-bs60-f1.000-r00:000009.296: log(exp-norms): [3072.0, 3073.96, 3076.6]
exp054-n3072-k20-d180-bs60-f1.000-r00:000009.297: log(norms):     [3094.93, 3074.75, 3092.0, 3092.0, 3092.0, 3092.0, 3092.0, 3092.0, 3092.0, 3092.0]
exp054-n3072-k20-d180-bs60-f1.000-r00:000009.399: Loop 1/100
exp054-n3072-k20-d180-bs60-f1.000-r00:003544.376: log(exp-norms): [3072.0, 3073.96, 3076.6]
exp054-n3072-k20-d180-bs60-f1.000-r00:003544.377: log(norms):     [3072.0, 3074.75, 3079.6, 3079.64, 3079.7, 3079.77, 3079.58, 3079.84, 3079.79, 3079.61]
exp054-n3072-k20-d180-bs60-f1.000-r00:003544.411: (3536 sec)
exp054-n3072-k20-d180-bs60-f1.000-r00:003544.411: Loop 2/100
exp054-n3072-k20-d180-bs60-f1.000-r00:004744.915: log(exp-norms): [3072.0, 3073.96, 3076.6]
exp054-n3072-k20-d180-bs60-f1.000-r00:004744.915: log(norms):     [3072.0, 3073.95, 3074.75, 3078.96, 3079.03, 3079.04, 3079.06, 3079.15, 3079.23, 3079.05]
exp054-n3072-k20-d180-bs60-f1.000-r00:004744.948: (1201 sec)
exp054-n3072-k20-d180-bs60-f1.000-r00:004744.948: ==========================Summary===========================
exp054-n3072-k20-d180-bs60-f1.000-r00:004744.949: Total time: 4745sec
exp054-n3072-k20-d180-bs60-f1.000-r00:004744.949: SUCCESS
exp054-n3072-k20-d180-bs60-f1.000-r00:004744.949: HNP solution: 5254079764027161174016261790597937424845525211128216897708401680310855370601638156054125029039961478377145432549972499287462404288721516312210607362595614747332462791265541128932342662342036849132356693762493692248025771293368005713956142408740647879514480648146124972781351086655649028301715002884799479613279651603014629645697435676412069963924081580958757214928432657249155092842585485737358958824575235813973278064865816348277037736913965015927177893556539200912950260195849856495245451963291697889669845779263563403933227995449732794510168312845706887060748063922509968004978445504246368943445003725101871288651782866779314813011248012165264678547500569865725136544944073922605454005257529765167169318184207953191863426811485721305309067207472372863028495212445488468327031290832187590319353272052836579816077575351670079234505940572307155503134303521168468844555097414078346493214666041077902938122005521089150474257814
exp054-n3072-k20-d180-bs60-f1.000-r00:004744.949: Shared secret: 5254079764027161174016261790597937424845525211128216897708401680310855370601638156054125029039961478377145432549972499287462404288721516312210607362595614747332462791265541128932342662342036849132356693762493692248025771293368005713956142408740647879514480648146124972781351086655649028301715002884799479613279651603014629645697435676412069963924081580958757214928432657249155092842585485737358958824575235813973278064865816348277037736913965015927177893556539200912950260195849856495245451963291697889669845779263563403933227995449732794510168312845706887060748063922509968004978445504246368943445003725101871288651782866779314813011248012165264678547500569865725136544944073922605454005257529765167169318184207953191863426811485721305309067207472372863028495212445488468327031290832187590319353272052836579816077575351670079234505940572307155503134303521168468844555097414078346493214666041077902938122005521089150474257814
exp054-n3072-k20-d180-bs60-f1.000-r00:004744.949: SUMMARY:n:3072:k:20:d:180:bs:60:t:4745:r:True
