exp043-n3072-k20-d170-bs50-f1.000-r00:000000.390: ==========================Instance==========================
exp043-n3072-k20-d170-bs50-f1.000-r00:000000.391: # of equations: 170
exp043-n3072-k20-d170-bs50-f1.000-r00:000000.396: Gap: 3.12
exp043-n3072-k20-d170-bs50-f1.000-r00:000000.406: Tau: 3.07
exp043-n3072-k20-d170-bs50-f1.000-r00:000000.407: ======================BKZ-50 reduction======================
exp043-n3072-k20-d170-bs50-f1.000-r00:000004.168: Expectedly achievable log(norm): 3076.87
exp043-n3072-k20-d170-bs50-f1.000-r00:000008.245: log(exp-norms): [3072.0, 3073.92, 3075.56]
exp043-n3072-k20-d170-bs50-f1.000-r00:000008.245: log(norms):     [3094.89, 3074.71, 3092.0, 3092.0, 3092.0, 3092.0, 3092.0, 3092.0, 3092.0, 3092.0]
exp043-n3072-k20-d170-bs50-f1.000-r00:000008.335: Loop 1/100
exp043-n3072-k20-d170-bs50-f1.000-r00:002886.321: log(exp-norms): [3072.0, 3073.92, 3075.56]
exp043-n3072-k20-d170-bs50-f1.000-r00:002886.323: log(norms):     [3074.71, 3078.5, 3078.63, 3078.71, 3078.71, 3078.68, 3078.6, 3078.83, 3078.67, 3078.5]
exp043-n3072-k20-d170-bs50-f1.000-r00:002886.355: (2879 sec)
exp043-n3072-k20-d170-bs50-f1.000-r00:002886.355: Loop 2/100
exp043-n3072-k20-d170-bs50-f1.000-r00:003478.613: log(exp-norms): [3072.0, 3073.92, 3075.56]
exp043-n3072-k20-d170-bs50-f1.000-r00:003478.615: log(norms):     [3072.0, 3074.71, 3078.09, 3078.22, 3078.25, 3078.23, 3078.19, 3078.34, 3078.16, 3078.44]
exp043-n3072-k20-d170-bs50-f1.000-r00:003478.653: (593 sec)
exp043-n3072-k20-d170-bs50-f1.000-r00:003478.654: Loop 3/100
exp043-n3072-k20-d170-bs50-f1.000-r00:004008.737: log(exp-norms): [3072.0, 3073.92, 3075.56]
exp043-n3072-k20-d170-bs50-f1.000-r00:004008.738: log(norms):     [3072.0, 3074.71, 3077.75, 3077.82, 3077.86, 3077.92, 3077.99, 3078.03, 3077.85, 3077.89]
exp043-n3072-k20-d170-bs50-f1.000-r00:004008.773: (531 sec)
exp043-n3072-k20-d170-bs50-f1.000-r00:004008.774: Loop 4/100
exp043-n3072-k20-d170-bs50-f1.000-r00:004492.209: log(exp-norms): [3072.0, 3073.92, 3075.56]
exp043-n3072-k20-d170-bs50-f1.000-r00:004492.210: log(norms):     [3072.0, 3074.71, 3077.49, 3077.5, 3077.5, 3077.64, 3077.51, 3077.77, 3077.49, 3077.56]
exp043-n3072-k20-d170-bs50-f1.000-r00:004492.248: (484 sec)
exp043-n3072-k20-d170-bs50-f1.000-r00:004492.249: Loop 5/100
exp043-n3072-k20-d170-bs50-f1.000-r00:004973.869: log(exp-norms): [3072.0, 3073.92, 3075.56]
exp043-n3072-k20-d170-bs50-f1.000-r00:004973.870: log(norms):     [3072.0, 3074.71, 3077.29, 3077.35, 3077.47, 3077.42, 3077.47, 3077.47, 3077.57, 3077.43]
exp043-n3072-k20-d170-bs50-f1.000-r00:004973.902: (482 sec)
exp043-n3072-k20-d170-bs50-f1.000-r00:004973.903: Loop 6/100
exp043-n3072-k20-d170-bs50-f1.000-r00:005437.579: log(exp-norms): [3072.0, 3073.92, 3075.56]
exp043-n3072-k20-d170-bs50-f1.000-r00:005437.580: log(norms):     [3072.0, 3074.71, 3077.2, 3077.21, 3077.2, 3077.24, 3077.34, 3077.24, 3077.29, 3077.24]
exp043-n3072-k20-d170-bs50-f1.000-r00:005437.611: (464 sec)
exp043-n3072-k20-d170-bs50-f1.000-r00:005437.611: Loop 7/100
exp043-n3072-k20-d170-bs50-f1.000-r00:005891.898: log(exp-norms): [3072.0, 3073.92, 3075.56]
exp043-n3072-k20-d170-bs50-f1.000-r00:005891.898: log(norms):     [3072.0, 3074.71, 3077.13, 3077.15, 3077.29, 3077.22, 3077.26, 3077.23, 3077.17, 3077.28]
exp043-n3072-k20-d170-bs50-f1.000-r00:005891.929: (455 sec)
exp043-n3072-k20-d170-bs50-f1.000-r00:005891.929: Loop 8/100
exp043-n3072-k20-d170-bs50-f1.000-r00:006305.536: log(exp-norms): [3072.0, 3073.92, 3075.56]
exp043-n3072-k20-d170-bs50-f1.000-r00:006305.536: log(norms):     [3072.0, 3074.71, 3077.04, 3077.1, 3077.08, 3077.15, 3077.11, 3077.28, 3077.33, 3077.21]
exp043-n3072-k20-d170-bs50-f1.000-r00:006305.568: (414 sec)
exp043-n3072-k20-d170-bs50-f1.000-r00:006305.568: Loop 9/100
exp043-n3072-k20-d170-bs50-f1.000-r00:006699.630: log(exp-norms): [3072.0, 3073.92, 3075.56]
exp043-n3072-k20-d170-bs50-f1.000-r00:006699.631: log(norms):     [3072.0, 3074.71, 3077.0, 3077.1, 3077.11, 3077.03, 3077.11, 3077.04, 3077.25, 3077.29]
exp043-n3072-k20-d170-bs50-f1.000-r00:006699.661: (395 sec)
exp043-n3072-k20-d170-bs50-f1.000-r00:006699.662: Loop 10/100
exp043-n3072-k20-d170-bs50-f1.000-r00:007131.473: log(exp-norms): [3072.0, 3073.92, 3075.56]
exp043-n3072-k20-d170-bs50-f1.000-r00:007131.473: log(norms):     [3072.0, 3074.71, 3076.98, 3077.01, 3077.04, 3077.09, 3077.03, 3077.1, 3077.09, 3077.06]
exp043-n3072-k20-d170-bs50-f1.000-r00:007131.493: (432 sec)
exp043-n3072-k20-d170-bs50-f1.000-r00:007131.494: Loop 11/100
exp043-n3072-k20-d170-bs50-f1.000-r00:007610.823: log(exp-norms): [3072.0, 3073.92, 3075.56]
exp043-n3072-k20-d170-bs50-f1.000-r00:007610.824: log(norms):     [3072.0, 3074.71, 3076.93, 3077.03, 3077.14, 3077.11, 3077.03, 3077.02, 3077.14, 3077.24]
exp043-n3072-k20-d170-bs50-f1.000-r00:007610.856: (480 sec)
exp043-n3072-k20-d170-bs50-f1.000-r00:007610.856: Loop 12/100
exp043-n3072-k20-d170-bs50-f1.000-r00:008052.675: log(exp-norms): [3072.0, 3073.92, 3075.56]
exp043-n3072-k20-d170-bs50-f1.000-r00:008052.677: log(norms):     [3072.0, 3074.71, 3076.93, 3076.98, 3077.0, 3077.07, 3077.02, 3077.1, 3077.17, 3077.15]
exp043-n3072-k20-d170-bs50-f1.000-r00:008052.709: (442 sec)
exp043-n3072-k20-d170-bs50-f1.000-r00:008052.710: Loop 13/100
exp043-n3072-k20-d170-bs50-f1.000-r00:008479.375: log(exp-norms): [3072.0, 3073.92, 3075.56]
exp043-n3072-k20-d170-bs50-f1.000-r00:008479.375: log(norms):     [3072.0, 3074.71, 3076.93, 3076.98, 3076.97, 3076.99, 3077.11, 3077.02, 3077.0, 3077.09]
exp043-n3072-k20-d170-bs50-f1.000-r00:008479.395: (427 sec)
exp043-n3072-k20-d170-bs50-f1.000-r00:008479.395: Loop 14/100
exp043-n3072-k20-d170-bs50-f1.000-r00:008906.790: log(exp-norms): [3072.0, 3073.92, 3075.56]
exp043-n3072-k20-d170-bs50-f1.000-r00:008906.791: log(norms):     [3072.0, 3074.71, 3076.91, 3076.99, 3076.93, 3077.15, 3077.11, 3077.2, 3076.96, 3077.11]
exp043-n3072-k20-d170-bs50-f1.000-r00:008906.823: (428 sec)
exp043-n3072-k20-d170-bs50-f1.000-r00:008906.823: Loop 15/100
exp043-n3072-k20-d170-bs50-f1.000-r00:009337.425: log(exp-norms): [3072.0, 3073.92, 3075.56]
exp043-n3072-k20-d170-bs50-f1.000-r00:009337.426: log(norms):     [3072.0, 3074.71, 3076.91, 3076.99, 3076.96, 3077.01, 3077.01, 3077.14, 3077.12, 3077.01]
exp043-n3072-k20-d170-bs50-f1.000-r00:009337.456: (431 sec)
exp043-n3072-k20-d170-bs50-f1.000-r00:009337.456: Loop 16/100
exp043-n3072-k20-d170-bs50-f1.000-r00:009753.472: log(exp-norms): [3072.0, 3073.92, 3075.56]
exp043-n3072-k20-d170-bs50-f1.000-r00:009753.473: log(norms):     [3072.0, 3074.71, 3076.91, 3076.99, 3077.03, 3076.96, 3077.01, 3077.15, 3077.0, 3077.12]
exp043-n3072-k20-d170-bs50-f1.000-r00:009753.492: (417 sec)
exp043-n3072-k20-d170-bs50-f1.000-r00:009753.492: Loop 17/100
exp043-n3072-k20-d170-bs50-f1.000-r00:010149.528: log(exp-norms): [3072.0, 3073.92, 3075.56]
exp043-n3072-k20-d170-bs50-f1.000-r00:010149.528: log(norms):     [3072.0, 3074.71, 3076.88, 3076.91, 3076.99, 3077.03, 3077.04, 3076.99, 3077.11, 3077.26]
exp043-n3072-k20-d170-bs50-f1.000-r00:010149.559: (397 sec)
exp043-n3072-k20-d170-bs50-f1.000-r00:010149.559: Loop 18/100
exp043-n3072-k20-d170-bs50-f1.000-r00:010523.752: log(exp-norms): [3072.0, 3073.92, 3075.56]
exp043-n3072-k20-d170-bs50-f1.000-r00:010523.753: log(norms):     [3072.0, 3074.71, 3076.88, 3076.91, 3077.09, 3076.97, 3076.93, 3077.03, 3076.99, 3077.08]
exp043-n3072-k20-d170-bs50-f1.000-r00:010523.780: (375 sec)
exp043-n3072-k20-d170-bs50-f1.000-r00:010523.780: Loop 19/100
exp043-n3072-k20-d170-bs50-f1.000-r00:010868.457: log(exp-norms): [3072.0, 3073.92, 3075.56]
exp043-n3072-k20-d170-bs50-f1.000-r00:010868.457: log(norms):     [3072.0, 3074.71, 3076.88, 3076.97, 3076.93, 3076.99, 3077.02, 3076.91, 3077.04, 3077.08]
exp043-n3072-k20-d170-bs50-f1.000-r00:010868.488: (345 sec)
exp043-n3072-k20-d170-bs50-f1.000-r00:010868.488: Loop 20/100
exp043-n3072-k20-d170-bs50-f1.000-r00:011226.773: log(exp-norms): [3072.0, 3073.92, 3075.56]
exp043-n3072-k20-d170-bs50-f1.000-r00:011226.774: log(norms):     [3072.0, 3074.71, 3076.7, 3076.88, 3076.97, 3076.93, 3076.99, 3077.02, 3077.08, 3077.04]
exp043-n3072-k20-d170-bs50-f1.000-r00:011226.794: (359 sec)
exp043-n3072-k20-d170-bs50-f1.000-r00:011226.794: Loop 21/100
exp043-n3072-k20-d170-bs50-f1.000-r00:011598.553: log(exp-norms): [3072.0, 3073.92, 3075.56]
exp043-n3072-k20-d170-bs50-f1.000-r00:011598.553: log(norms):     [3072.0, 3074.71, 3076.7, 3076.88, 3076.97, 3076.93, 3076.99, 3077.02, 3077.07, 3076.95]
exp043-n3072-k20-d170-bs50-f1.000-r00:011598.573: (372 sec)
exp043-n3072-k20-d170-bs50-f1.000-r00:011598.573: Loop 22/100
exp043-n3072-k20-d170-bs50-f1.000-r00:011984.857: log(exp-norms): [3072.0, 3073.92, 3075.56]
exp043-n3072-k20-d170-bs50-f1.000-r00:011984.858: log(norms):     [3072.0, 3074.71, 3076.7, 3076.88, 3076.97, 3076.93, 3076.99, 3077.02, 3077.06, 3077.14]
exp043-n3072-k20-d170-bs50-f1.000-r00:011984.887: (387 sec)
exp043-n3072-k20-d170-bs50-f1.000-r00:011984.888: Loop 23/100
exp043-n3072-k20-d170-bs50-f1.000-r00:012389.435: log(exp-norms): [3072.0, 3073.92, 3075.56]
exp043-n3072-k20-d170-bs50-f1.000-r00:012389.435: log(norms):     [3072.0, 3074.71, 3076.7, 3076.88, 3077.01, 3076.99, 3076.9, 3077.0, 3076.95, 3077.16]
exp043-n3072-k20-d170-bs50-f1.000-r00:012389.465: (405 sec)
exp043-n3072-k20-d170-bs50-f1.000-r00:012389.465: Loop 24/100
exp043-n3072-k20-d170-bs50-f1.000-r00:012782.611: log(exp-norms): [3072.0, 3073.92, 3075.56]
exp043-n3072-k20-d170-bs50-f1.000-r00:012782.611: log(norms):     [3072.0, 3074.71, 3076.7, 3076.88, 3076.93, 3077.0, 3076.9, 3077.15, 3077.05, 3077.0]
exp043-n3072-k20-d170-bs50-f1.000-r00:012782.642: (394 sec)
exp043-n3072-k20-d170-bs50-f1.000-r00:012782.642: Loop 25/100
exp043-n3072-k20-d170-bs50-f1.000-r00:013103.531: log(exp-norms): [3072.0, 3073.92, 3075.56]
exp043-n3072-k20-d170-bs50-f1.000-r00:013103.532: log(norms):     [3072.0, 3074.71, 3076.7, 3076.88, 3076.93, 3077.0, 3076.9, 3077.15, 3077.03, 3077.0]
exp043-n3072-k20-d170-bs50-f1.000-r00:013103.561: (321 sec)
exp043-n3072-k20-d170-bs50-f1.000-r00:013103.561: Loop 26/100
exp043-n3072-k20-d170-bs50-f1.000-r00:013402.668: log(exp-norms): [3072.0, 3073.92, 3075.56]
exp043-n3072-k20-d170-bs50-f1.000-r00:013402.668: log(norms):     [3072.0, 3074.71, 3076.7, 3076.88, 3076.93, 3077.0, 3076.9, 3077.15, 3076.91, 3077.03]
exp043-n3072-k20-d170-bs50-f1.000-r00:013402.686: (300 sec)
exp043-n3072-k20-d170-bs50-f1.000-r00:013402.686: Loop 27/100
exp043-n3072-k20-d170-bs50-f1.000-r00:013651.875: log(exp-norms): [3072.0, 3073.92, 3075.56]
exp043-n3072-k20-d170-bs50-f1.000-r00:013651.875: log(norms):     [3072.0, 3074.71, 3076.7, 3076.88, 3076.91, 3076.93, 3077.12, 3076.91, 3077.1, 3076.9]
exp043-n3072-k20-d170-bs50-f1.000-r00:013651.893: (250 sec)
exp043-n3072-k20-d170-bs50-f1.000-r00:013651.893: Loop 28/100
exp043-n3072-k20-d170-bs50-f1.000-r00:013901.245: log(exp-norms): [3072.0, 3073.92, 3075.56]
exp043-n3072-k20-d170-bs50-f1.000-r00:013901.245: log(norms):     [3072.0, 3074.71, 3076.7, 3076.88, 3077.08, 3076.91, 3076.93, 3077.12, 3076.91, 3077.1]
exp043-n3072-k20-d170-bs50-f1.000-r00:013901.263: (250 sec)
exp043-n3072-k20-d170-bs50-f1.000-r00:013901.263: Loop 29/100
exp043-n3072-k20-d170-bs50-f1.000-r00:014152.462: log(exp-norms): [3072.0, 3073.92, 3075.56]
exp043-n3072-k20-d170-bs50-f1.000-r00:014152.462: log(norms):     [3072.0, 3074.71, 3076.7, 3076.88, 3077.08, 3076.91, 3076.93, 3077.12, 3077.05, 3077.1]
exp043-n3072-k20-d170-bs50-f1.000-r00:014152.480: (252 sec)
exp043-n3072-k20-d170-bs50-f1.000-r00:014152.480: Loop 30/100
exp043-n3072-k20-d170-bs50-f1.000-r00:014413.742: log(exp-norms): [3072.0, 3073.92, 3075.56]
exp043-n3072-k20-d170-bs50-f1.000-r00:014413.742: log(norms):     [3072.0, 3074.71, 3076.7, 3076.88, 3077.08, 3076.91, 3076.83, 3076.93, 3077.12, 3077.05]
exp043-n3072-k20-d170-bs50-f1.000-r00:014413.759: (262 sec)
exp043-n3072-k20-d170-bs50-f1.000-r00:014413.760: Loop 31/100
exp043-n3072-k20-d170-bs50-f1.000-r00:014706.464: log(exp-norms): [3072.0, 3073.92, 3075.56]
exp043-n3072-k20-d170-bs50-f1.000-r00:014706.464: log(norms):     [3072.0, 3074.71, 3076.7, 3076.88, 3077.08, 3076.91, 3076.83, 3076.97, 3077.11, 3077.1]
exp043-n3072-k20-d170-bs50-f1.000-r00:014706.493: (293 sec)
exp043-n3072-k20-d170-bs50-f1.000-r00:014706.493: Loop 32/100
exp043-n3072-k20-d170-bs50-f1.000-r00:014947.800: log(exp-norms): [3072.0, 3073.92, 3075.56]
exp043-n3072-k20-d170-bs50-f1.000-r00:014947.800: log(norms):     [3072.0, 3074.71, 3076.7, 3076.88, 3077.08, 3076.91, 3076.83, 3076.97, 3077.11, 3077.1]
exp043-n3072-k20-d170-bs50-f1.000-r00:014947.818: (242 sec)
exp043-n3072-k20-d170-bs50-f1.000-r00:014947.818: Loop 33/100
exp043-n3072-k20-d170-bs50-f1.000-r00:015194.997: log(exp-norms): [3072.0, 3073.92, 3075.56]
exp043-n3072-k20-d170-bs50-f1.000-r00:015194.998: log(norms):     [3072.0, 3074.71, 3076.7, 3076.88, 3076.9, 3076.91, 3076.83, 3077.08, 3077.04, 3076.97]
exp043-n3072-k20-d170-bs50-f1.000-r00:015195.015: (248 sec)
exp043-n3072-k20-d170-bs50-f1.000-r00:015195.015: Loop 34/100
exp043-n3072-k20-d170-bs50-f1.000-r00:015443.379: log(exp-norms): [3072.0, 3073.92, 3075.56]
exp043-n3072-k20-d170-bs50-f1.000-r00:015443.379: log(norms):     [3072.0, 3074.71, 3076.7, 3076.88, 3076.9, 3077.04, 3077.08, 3076.91, 3076.83, 3076.97]
exp043-n3072-k20-d170-bs50-f1.000-r00:015443.397: (249 sec)
exp043-n3072-k20-d170-bs50-f1.000-r00:015443.398: Loop 35/100
exp043-n3072-k20-d170-bs50-f1.000-r00:015684.223: log(exp-norms): [3072.0, 3073.92, 3075.56]
exp043-n3072-k20-d170-bs50-f1.000-r00:015684.223: log(norms):     [3072.0, 3074.71, 3076.7, 3076.88, 3076.9, 3077.04, 3077.08, 3076.91, 3076.83, 3076.8]
exp043-n3072-k20-d170-bs50-f1.000-r00:015684.241: (241 sec)
exp043-n3072-k20-d170-bs50-f1.000-r00:015684.241: Loop 36/100
exp043-n3072-k20-d170-bs50-f1.000-r00:015925.381: log(exp-norms): [3072.0, 3073.92, 3075.56]
exp043-n3072-k20-d170-bs50-f1.000-r00:015925.381: log(norms):     [3072.0, 3074.71, 3076.7, 3076.8, 3076.97, 3076.88, 3076.88, 3076.9, 3076.9, 3076.91]
exp043-n3072-k20-d170-bs50-f1.000-r00:015925.398: (242 sec)
exp043-n3072-k20-d170-bs50-f1.000-r00:015925.398: Loop 37/100
exp043-n3072-k20-d170-bs50-f1.000-r00:016141.839: log(exp-norms): [3072.0, 3073.92, 3075.56]
exp043-n3072-k20-d170-bs50-f1.000-r00:016141.839: log(norms):     [3072.0, 3074.71, 3076.7, 3076.8, 3076.97, 3076.88, 3076.88, 3076.9, 3076.92, 3077.09]
exp043-n3072-k20-d170-bs50-f1.000-r00:016141.857: (217 sec)
exp043-n3072-k20-d170-bs50-f1.000-r00:016141.857: Loop 38/100
exp043-n3072-k20-d170-bs50-f1.000-r00:016377.779: log(exp-norms): [3072.0, 3073.92, 3075.56]
exp043-n3072-k20-d170-bs50-f1.000-r00:016377.779: log(norms):     [3072.0, 3074.71, 3076.7, 3076.8, 3076.97, 3076.88, 3076.88, 3076.9, 3076.92, 3077.09]
exp043-n3072-k20-d170-bs50-f1.000-r00:016377.797: (236 sec)
exp043-n3072-k20-d170-bs50-f1.000-r00:016377.797: Loop 39/100
exp043-n3072-k20-d170-bs50-f1.000-r00:016619.665: log(exp-norms): [3072.0, 3073.92, 3075.56]
exp043-n3072-k20-d170-bs50-f1.000-r00:016619.665: log(norms):     [3072.0, 3074.71, 3076.7, 3076.8, 3076.97, 3076.88, 3076.88, 3076.99, 3077.09, 3076.9]
exp043-n3072-k20-d170-bs50-f1.000-r00:016619.682: (242 sec)
exp043-n3072-k20-d170-bs50-f1.000-r00:016619.683: Loop 40/100
exp043-n3072-k20-d170-bs50-f1.000-r00:016860.814: log(exp-norms): [3072.0, 3073.92, 3075.56]
exp043-n3072-k20-d170-bs50-f1.000-r00:016860.814: log(norms):     [3072.0, 3074.71, 3076.7, 3076.8, 3076.97, 3076.88, 3076.88, 3076.99, 3076.97, 3076.92]
exp043-n3072-k20-d170-bs50-f1.000-r00:016860.832: (242 sec)
exp043-n3072-k20-d170-bs50-f1.000-r00:016860.833: Loop 41/100
exp043-n3072-k20-d170-bs50-f1.000-r00:017094.601: log(exp-norms): [3072.0, 3073.92, 3075.56]
exp043-n3072-k20-d170-bs50-f1.000-r00:017094.601: log(norms):     [3072.0, 3074.71, 3076.7, 3076.72, 3076.8, 3076.97, 3076.88, 3076.88, 3076.99, 3076.97]
exp043-n3072-k20-d170-bs50-f1.000-r00:017094.619: (234 sec)
exp043-n3072-k20-d170-bs50-f1.000-r00:017094.619: Loop 42/100
exp043-n3072-k20-d170-bs50-f1.000-r00:017328.434: log(exp-norms): [3072.0, 3073.92, 3075.56]
exp043-n3072-k20-d170-bs50-f1.000-r00:017328.435: log(norms):     [3072.0, 3074.71, 3076.7, 3076.72, 3076.8, 3076.97, 3076.88, 3076.88, 3076.93, 3076.99]
exp043-n3072-k20-d170-bs50-f1.000-r00:017328.452: (234 sec)
exp043-n3072-k20-d170-bs50-f1.000-r00:017328.452: Loop 43/100
exp043-n3072-k20-d170-bs50-f1.000-r00:017557.468: log(exp-norms): [3072.0, 3073.92, 3075.56]
exp043-n3072-k20-d170-bs50-f1.000-r00:017557.469: log(norms):     [3072.0, 3074.71, 3076.7, 3076.72, 3076.8, 3076.97, 3076.88, 3076.88, 3076.93, 3076.99]
exp043-n3072-k20-d170-bs50-f1.000-r00:017557.486: (230 sec)
exp043-n3072-k20-d170-bs50-f1.000-r00:017557.486: Loop 44/100
exp043-n3072-k20-d170-bs50-f1.000-r00:017794.531: log(exp-norms): [3072.0, 3073.92, 3075.56]
exp043-n3072-k20-d170-bs50-f1.000-r00:017794.531: log(norms):     [3072.0, 3074.71, 3076.7, 3076.72, 3076.8, 3076.97, 3076.88, 3076.88, 3076.93, 3076.99]
exp043-n3072-k20-d170-bs50-f1.000-r00:017794.549: (238 sec)
exp043-n3072-k20-d170-bs50-f1.000-r00:017794.550: Loop 45/100
exp043-n3072-k20-d170-bs50-f1.000-r00:018032.380: log(exp-norms): [3072.0, 3073.92, 3075.56]
exp043-n3072-k20-d170-bs50-f1.000-r00:018032.381: log(norms):     [3072.0, 3074.71, 3076.7, 3076.72, 3076.8, 3076.97, 3076.88, 3076.88, 3076.93, 3076.99]
exp043-n3072-k20-d170-bs50-f1.000-r00:018032.398: (238 sec)
exp043-n3072-k20-d170-bs50-f1.000-r00:018032.398: Loop 46/100
exp043-n3072-k20-d170-bs50-f1.000-r00:018271.656: log(exp-norms): [3072.0, 3073.92, 3075.56]
exp043-n3072-k20-d170-bs50-f1.000-r00:018271.657: log(norms):     [3072.0, 3074.71, 3076.7, 3076.72, 3076.8, 3076.97, 3076.88, 3076.88, 3076.93, 3076.99]
exp043-n3072-k20-d170-bs50-f1.000-r00:018271.674: (240 sec)
exp043-n3072-k20-d170-bs50-f1.000-r00:018271.675: Loop 47/100
exp043-n3072-k20-d170-bs50-f1.000-r00:018494.769: log(exp-norms): [3072.0, 3073.92, 3075.56]
exp043-n3072-k20-d170-bs50-f1.000-r00:018494.770: log(norms):     [3072.0, 3074.71, 3076.7, 3076.72, 3076.8, 3076.97, 3076.88, 3076.88, 3076.93, 3077.05]
exp043-n3072-k20-d170-bs50-f1.000-r00:018494.787: (224 sec)
exp043-n3072-k20-d170-bs50-f1.000-r00:018494.787: Loop 48/100
exp043-n3072-k20-d170-bs50-f1.000-r00:018723.207: log(exp-norms): [3072.0, 3073.92, 3075.56]
exp043-n3072-k20-d170-bs50-f1.000-r00:018723.207: log(norms):     [3072.0, 3074.71, 3076.7, 3076.72, 3076.8, 3076.97, 3076.88, 3076.88, 3076.93, 3077.05]
exp043-n3072-k20-d170-bs50-f1.000-r00:018723.224: (229 sec)
exp043-n3072-k20-d170-bs50-f1.000-r00:018723.225: Loop 49/100
exp043-n3072-k20-d170-bs50-f1.000-r00:018953.604: log(exp-norms): [3072.0, 3073.92, 3075.56]
exp043-n3072-k20-d170-bs50-f1.000-r00:018953.604: log(norms):     [3072.0, 3074.71, 3076.7, 3076.72, 3076.8, 3076.8, 3076.97, 3076.88, 3076.97, 3076.88]
exp043-n3072-k20-d170-bs50-f1.000-r00:018953.622: (231 sec)
exp043-n3072-k20-d170-bs50-f1.000-r00:018953.622: Loop 50/100
exp043-n3072-k20-d170-bs50-f1.000-r00:019182.482: log(exp-norms): [3072.0, 3073.92, 3075.56]
exp043-n3072-k20-d170-bs50-f1.000-r00:019182.483: log(norms):     [3072.0, 3074.71, 3076.7, 3076.72, 3076.8, 3076.8, 3076.97, 3076.88, 3076.97, 3076.88]
exp043-n3072-k20-d170-bs50-f1.000-r00:019182.500: (229 sec)
exp043-n3072-k20-d170-bs50-f1.000-r00:019182.500: Loop 51/100
exp043-n3072-k20-d170-bs50-f1.000-r00:019405.797: log(exp-norms): [3072.0, 3073.92, 3075.56]
exp043-n3072-k20-d170-bs50-f1.000-r00:019405.798: log(norms):     [3072.0, 3074.71, 3076.7, 3076.72, 3076.8, 3076.8, 3076.97, 3076.88, 3076.97, 3076.88]
exp043-n3072-k20-d170-bs50-f1.000-r00:019405.816: (224 sec)
exp043-n3072-k20-d170-bs50-f1.000-r00:019405.816: Loop 52/100
exp043-n3072-k20-d170-bs50-f1.000-r00:019638.243: log(exp-norms): [3072.0, 3073.92, 3075.56]
exp043-n3072-k20-d170-bs50-f1.000-r00:019638.243: log(norms):     [3072.0, 3074.71, 3076.7, 3076.72, 3076.8, 3076.8, 3076.97, 3076.88, 3076.97, 3076.88]
exp043-n3072-k20-d170-bs50-f1.000-r00:019638.261: (233 sec)
exp043-n3072-k20-d170-bs50-f1.000-r00:019638.261: Loop 53/100
exp043-n3072-k20-d170-bs50-f1.000-r00:019855.355: log(exp-norms): [3072.0, 3073.92, 3075.56]
exp043-n3072-k20-d170-bs50-f1.000-r00:019855.355: log(norms):     [3072.0, 3074.71, 3076.7, 3076.72, 3076.8, 3076.8, 3076.97, 3076.88, 3076.97, 3076.88]
exp043-n3072-k20-d170-bs50-f1.000-r00:019855.373: (218 sec)
exp043-n3072-k20-d170-bs50-f1.000-r00:019855.373: Loop 54/100
exp043-n3072-k20-d170-bs50-f1.000-r00:020076.513: log(exp-norms): [3072.0, 3073.92, 3075.56]
exp043-n3072-k20-d170-bs50-f1.000-r00:020076.513: log(norms):     [3072.0, 3074.71, 3076.7, 3076.72, 3076.8, 3076.8, 3076.97, 3076.88, 3076.97, 3076.88]
exp043-n3072-k20-d170-bs50-f1.000-r00:020076.530: (222 sec)
exp043-n3072-k20-d170-bs50-f1.000-r00:020076.530: Loop 55/100
exp043-n3072-k20-d170-bs50-f1.000-r00:020295.179: log(exp-norms): [3072.0, 3073.92, 3075.56]
exp043-n3072-k20-d170-bs50-f1.000-r00:020295.180: log(norms):     [3072.0, 3074.71, 3076.7, 3076.72, 3076.8, 3076.8, 3076.97, 3076.88, 3076.97, 3076.88]
exp043-n3072-k20-d170-bs50-f1.000-r00:020295.197: (219 sec)
exp043-n3072-k20-d170-bs50-f1.000-r00:020295.197: Loop 56/100
exp043-n3072-k20-d170-bs50-f1.000-r00:020520.820: log(exp-norms): [3072.0, 3073.92, 3075.56]
exp043-n3072-k20-d170-bs50-f1.000-r00:020520.820: log(norms):     [3072.0, 3074.71, 3076.7, 3076.72, 3076.8, 3076.8, 3076.97, 3076.88, 3076.97, 3076.88]
exp043-n3072-k20-d170-bs50-f1.000-r00:020520.837: (226 sec)
exp043-n3072-k20-d170-bs50-f1.000-r00:020520.838: Loop 57/100
exp043-n3072-k20-d170-bs50-f1.000-r00:020745.991: log(exp-norms): [3072.0, 3073.92, 3075.56]
exp043-n3072-k20-d170-bs50-f1.000-r00:020745.991: log(norms):     [3072.0, 3074.71, 3076.7, 3076.72, 3076.8, 3076.8, 3076.97, 3076.88, 3076.97, 3076.88]
exp043-n3072-k20-d170-bs50-f1.000-r00:020746.009: (226 sec)
exp043-n3072-k20-d170-bs50-f1.000-r00:020746.009: Loop 58/100
exp043-n3072-k20-d170-bs50-f1.000-r00:020961.390: log(exp-norms): [3072.0, 3073.92, 3075.56]
exp043-n3072-k20-d170-bs50-f1.000-r00:020961.391: log(norms):     [3072.0, 3074.71, 3076.7, 3076.72, 3076.8, 3076.8, 3076.97, 3076.88, 3076.97, 3076.88]
exp043-n3072-k20-d170-bs50-f1.000-r00:020961.408: (216 sec)
exp043-n3072-k20-d170-bs50-f1.000-r00:020961.408: Loop 59/100
exp043-n3072-k20-d170-bs50-f1.000-r00:021195.605: log(exp-norms): [3072.0, 3073.92, 3075.56]
exp043-n3072-k20-d170-bs50-f1.000-r00:021195.605: log(norms):     [3072.0, 3074.71, 3076.7, 3076.72, 3076.8, 3076.8, 3076.97, 3076.88, 3077.01, 3077.06]
exp043-n3072-k20-d170-bs50-f1.000-r00:021195.622: (235 sec)
exp043-n3072-k20-d170-bs50-f1.000-r00:021195.622: Loop 60/100
exp043-n3072-k20-d170-bs50-f1.000-r00:021415.179: log(exp-norms): [3072.0, 3073.92, 3075.56]
exp043-n3072-k20-d170-bs50-f1.000-r00:021415.179: log(norms):     [3072.0, 3074.71, 3076.7, 3076.72, 3076.8, 3076.8, 3076.97, 3076.88, 3077.01, 3077.06]
exp043-n3072-k20-d170-bs50-f1.000-r00:021415.196: (220 sec)
exp043-n3072-k20-d170-bs50-f1.000-r00:021415.196: Loop 61/100
exp043-n3072-k20-d170-bs50-f1.000-r00:021644.186: log(exp-norms): [3072.0, 3073.92, 3075.56]
exp043-n3072-k20-d170-bs50-f1.000-r00:021644.187: log(norms):     [3072.0, 3074.71, 3076.7, 3076.72, 3076.8, 3076.8, 3076.97, 3076.88, 3077.01, 3077.01]
exp043-n3072-k20-d170-bs50-f1.000-r00:021644.204: (230 sec)
exp043-n3072-k20-d170-bs50-f1.000-r00:021644.205: Loop 62/100
exp043-n3072-k20-d170-bs50-f1.000-r00:021879.345: log(exp-norms): [3072.0, 3073.92, 3075.56]
exp043-n3072-k20-d170-bs50-f1.000-r00:021879.346: log(norms):     [3072.0, 3074.71, 3076.7, 3076.72, 3076.8, 3076.8, 3076.97, 3076.88, 3077.01, 3077.02]
exp043-n3072-k20-d170-bs50-f1.000-r00:021879.363: (236 sec)
exp043-n3072-k20-d170-bs50-f1.000-r00:021879.363: Loop 63/100
exp043-n3072-k20-d170-bs50-f1.000-r00:022103.424: log(exp-norms): [3072.0, 3073.92, 3075.56]
exp043-n3072-k20-d170-bs50-f1.000-r00:022103.424: log(norms):     [3072.0, 3074.71, 3076.7, 3076.72, 3076.79, 3076.8, 3076.8, 3076.91, 3076.97, 3077.01]
exp043-n3072-k20-d170-bs50-f1.000-r00:022103.442: (225 sec)
exp043-n3072-k20-d170-bs50-f1.000-r00:022103.442: Loop 64/100
exp043-n3072-k20-d170-bs50-f1.000-r00:022336.023: log(exp-norms): [3072.0, 3073.92, 3075.56]
exp043-n3072-k20-d170-bs50-f1.000-r00:022336.023: log(norms):     [3072.0, 3074.71, 3076.7, 3076.72, 3076.79, 3076.8, 3076.8, 3076.91, 3076.97, 3077.01]
exp043-n3072-k20-d170-bs50-f1.000-r00:022336.040: (233 sec)
exp043-n3072-k20-d170-bs50-f1.000-r00:022336.040: Loop 65/100
exp043-n3072-k20-d170-bs50-f1.000-r00:022563.163: log(exp-norms): [3072.0, 3073.92, 3075.56]
exp043-n3072-k20-d170-bs50-f1.000-r00:022563.163: log(norms):     [3072.0, 3074.71, 3076.7, 3076.72, 3076.79, 3076.8, 3076.8, 3076.91, 3076.89, 3076.97]
exp043-n3072-k20-d170-bs50-f1.000-r00:022563.182: (228 sec)
exp043-n3072-k20-d170-bs50-f1.000-r00:022563.182: Loop 66/100
exp043-n3072-k20-d170-bs50-f1.000-r00:022794.431: log(exp-norms): [3072.0, 3073.92, 3075.56]
exp043-n3072-k20-d170-bs50-f1.000-r00:022794.431: log(norms):     [3072.0, 3074.71, 3076.7, 3076.72, 3076.79, 3076.8, 3076.8, 3076.91, 3076.89, 3077.06]
exp043-n3072-k20-d170-bs50-f1.000-r00:022794.449: (232 sec)
exp043-n3072-k20-d170-bs50-f1.000-r00:022794.449: Loop 67/100
exp043-n3072-k20-d170-bs50-f1.000-r00:023032.326: log(exp-norms): [3072.0, 3073.92, 3075.56]
exp043-n3072-k20-d170-bs50-f1.000-r00:023032.326: log(norms):     [3072.0, 3074.71, 3076.7, 3076.72, 3076.79, 3076.8, 3076.8, 3076.91, 3076.89, 3077.05]
exp043-n3072-k20-d170-bs50-f1.000-r00:023032.344: (238 sec)
exp043-n3072-k20-d170-bs50-f1.000-r00:023032.344: Loop 68/100
exp043-n3072-k20-d170-bs50-f1.000-r00:023266.814: log(exp-norms): [3072.0, 3073.92, 3075.56]
exp043-n3072-k20-d170-bs50-f1.000-r00:023266.815: log(norms):     [3072.0, 3074.71, 3076.7, 3076.72, 3076.79, 3076.8, 3076.8, 3076.91, 3076.89, 3077.05]
exp043-n3072-k20-d170-bs50-f1.000-r00:023266.832: (235 sec)
exp043-n3072-k20-d170-bs50-f1.000-r00:023266.832: Loop 69/100
exp043-n3072-k20-d170-bs50-f1.000-r00:023495.872: log(exp-norms): [3072.0, 3073.92, 3075.56]
exp043-n3072-k20-d170-bs50-f1.000-r00:023495.872: log(norms):     [3072.0, 3074.71, 3076.7, 3076.72, 3076.79, 3076.8, 3076.8, 3076.91, 3077.03, 3076.97]
exp043-n3072-k20-d170-bs50-f1.000-r00:023495.890: (230 sec)
exp043-n3072-k20-d170-bs50-f1.000-r00:023495.890: Loop 70/100
exp043-n3072-k20-d170-bs50-f1.000-r00:023735.455: log(exp-norms): [3072.0, 3073.92, 3075.56]
exp043-n3072-k20-d170-bs50-f1.000-r00:023735.455: log(norms):     [3072.0, 3074.71, 3076.7, 3076.72, 3076.79, 3076.8, 3076.8, 3077.02, 3076.91, 3077.03]
exp043-n3072-k20-d170-bs50-f1.000-r00:023735.473: (240 sec)
exp043-n3072-k20-d170-bs50-f1.000-r00:023735.473: Loop 71/100
exp043-n3072-k20-d170-bs50-f1.000-r00:023976.332: log(exp-norms): [3072.0, 3073.92, 3075.56]
exp043-n3072-k20-d170-bs50-f1.000-r00:023976.333: log(norms):     [3072.0, 3074.71, 3076.7, 3076.72, 3076.79, 3076.8, 3076.8, 3077.02, 3076.91, 3077.03]
exp043-n3072-k20-d170-bs50-f1.000-r00:023976.350: (241 sec)
exp043-n3072-k20-d170-bs50-f1.000-r00:023976.350: Loop 72/100
exp043-n3072-k20-d170-bs50-f1.000-r00:024200.106: log(exp-norms): [3072.0, 3073.92, 3075.56]
exp043-n3072-k20-d170-bs50-f1.000-r00:024200.106: log(norms):     [3072.0, 3074.71, 3076.7, 3076.72, 3076.79, 3076.8, 3076.8, 3077.02, 3076.91, 3077.03]
exp043-n3072-k20-d170-bs50-f1.000-r00:024200.123: (224 sec)
exp043-n3072-k20-d170-bs50-f1.000-r00:024200.123: Loop 73/100
exp043-n3072-k20-d170-bs50-f1.000-r00:024436.484: log(exp-norms): [3072.0, 3073.92, 3075.56]
exp043-n3072-k20-d170-bs50-f1.000-r00:024436.485: log(norms):     [3072.0, 3074.71, 3076.7, 3076.72, 3076.79, 3076.8, 3076.8, 3076.93, 3076.91, 3077.02]
exp043-n3072-k20-d170-bs50-f1.000-r00:024436.502: (237 sec)
exp043-n3072-k20-d170-bs50-f1.000-r00:024436.502: Loop 74/100
exp043-n3072-k20-d170-bs50-f1.000-r00:024653.976: log(exp-norms): [3072.0, 3073.92, 3075.56]
exp043-n3072-k20-d170-bs50-f1.000-r00:024653.976: log(norms):     [3072.0, 3074.71, 3076.7, 3076.72, 3076.79, 3076.93, 3076.91, 3076.8, 3076.8, 3077.02]
exp043-n3072-k20-d170-bs50-f1.000-r00:024653.993: (218 sec)
exp043-n3072-k20-d170-bs50-f1.000-r00:024653.994: Loop 75/100
exp043-n3072-k20-d170-bs50-f1.000-r00:024878.166: log(exp-norms): [3072.0, 3073.92, 3075.56]
exp043-n3072-k20-d170-bs50-f1.000-r00:024878.166: log(norms):     [3072.0, 3074.71, 3076.7, 3076.72, 3076.79, 3076.93, 3076.91, 3076.8, 3076.8, 3077.02]
exp043-n3072-k20-d170-bs50-f1.000-r00:024878.185: (225 sec)
exp043-n3072-k20-d170-bs50-f1.000-r00:024878.185: Loop 76/100
exp043-n3072-k20-d170-bs50-f1.000-r00:025107.440: log(exp-norms): [3072.0, 3073.92, 3075.56]
exp043-n3072-k20-d170-bs50-f1.000-r00:025107.440: log(norms):     [3072.0, 3074.71, 3076.7, 3076.72, 3076.79, 3076.93, 3076.91, 3076.8, 3076.8, 3077.02]
exp043-n3072-k20-d170-bs50-f1.000-r00:025107.457: (230 sec)
exp043-n3072-k20-d170-bs50-f1.000-r00:025107.457: Loop 77/100
exp043-n3072-k20-d170-bs50-f1.000-r00:025329.853: log(exp-norms): [3072.0, 3073.92, 3075.56]
exp043-n3072-k20-d170-bs50-f1.000-r00:025329.853: log(norms):     [3072.0, 3074.71, 3076.7, 3076.72, 3076.79, 3076.93, 3076.91, 3076.8, 3076.8, 3077.02]
exp043-n3072-k20-d170-bs50-f1.000-r00:025329.871: (223 sec)
exp043-n3072-k20-d170-bs50-f1.000-r00:025329.871: Loop 78/100
exp043-n3072-k20-d170-bs50-f1.000-r00:025559.242: log(exp-norms): [3072.0, 3073.92, 3075.56]
exp043-n3072-k20-d170-bs50-f1.000-r00:025559.242: log(norms):     [3072.0, 3074.71, 3076.7, 3076.72, 3076.79, 3076.93, 3076.91, 3076.8, 3076.8, 3077.02]
exp043-n3072-k20-d170-bs50-f1.000-r00:025559.262: (230 sec)
exp043-n3072-k20-d170-bs50-f1.000-r00:025559.262: Loop 79/100
exp043-n3072-k20-d170-bs50-f1.000-r00:025789.994: log(exp-norms): [3072.0, 3073.92, 3075.56]
exp043-n3072-k20-d170-bs50-f1.000-r00:025789.994: log(norms):     [3072.0, 3074.71, 3076.7, 3076.72, 3076.79, 3076.93, 3076.91, 3076.8, 3076.8, 3077.02]
exp043-n3072-k20-d170-bs50-f1.000-r00:025790.013: (231 sec)
exp043-n3072-k20-d170-bs50-f1.000-r00:025790.013: Loop 80/100
exp043-n3072-k20-d170-bs50-f1.000-r00:026014.093: log(exp-norms): [3072.0, 3073.92, 3075.56]
exp043-n3072-k20-d170-bs50-f1.000-r00:026014.093: log(norms):     [3072.0, 3074.71, 3076.7, 3076.72, 3076.79, 3076.93, 3076.91, 3076.8, 3076.96, 3076.97]
exp043-n3072-k20-d170-bs50-f1.000-r00:026014.110: (225 sec)
exp043-n3072-k20-d170-bs50-f1.000-r00:026014.111: Loop 81/100
exp043-n3072-k20-d170-bs50-f1.000-r00:026253.788: log(exp-norms): [3072.0, 3073.92, 3075.56]
exp043-n3072-k20-d170-bs50-f1.000-r00:026253.788: log(norms):     [3072.0, 3074.71, 3076.7, 3076.72, 3076.79, 3076.93, 3076.91, 3076.95, 3076.8, 3076.96]
exp043-n3072-k20-d170-bs50-f1.000-r00:026253.808: (240 sec)
exp043-n3072-k20-d170-bs50-f1.000-r00:026253.809: Loop 82/100
exp043-n3072-k20-d170-bs50-f1.000-r00:026496.973: log(exp-norms): [3072.0, 3073.92, 3075.56]
exp043-n3072-k20-d170-bs50-f1.000-r00:026496.973: log(norms):     [3072.0, 3074.71, 3076.7, 3076.72, 3076.79, 3076.93, 3076.91, 3076.95, 3076.8, 3076.96]
exp043-n3072-k20-d170-bs50-f1.000-r00:026496.990: (244 sec)
exp043-n3072-k20-d170-bs50-f1.000-r00:026496.990: Loop 83/100
exp043-n3072-k20-d170-bs50-f1.000-r00:026719.326: log(exp-norms): [3072.0, 3073.92, 3075.56]
exp043-n3072-k20-d170-bs50-f1.000-r00:026719.326: log(norms):     [3072.0, 3074.71, 3076.7, 3076.72, 3076.79, 3076.93, 3076.91, 3076.95, 3076.8, 3076.96]
exp043-n3072-k20-d170-bs50-f1.000-r00:026719.343: (223 sec)
exp043-n3072-k20-d170-bs50-f1.000-r00:026719.343: Loop 84/100
exp043-n3072-k20-d170-bs50-f1.000-r00:026947.623: log(exp-norms): [3072.0, 3073.92, 3075.56]
exp043-n3072-k20-d170-bs50-f1.000-r00:026947.623: log(norms):     [3072.0, 3074.71, 3076.7, 3076.72, 3076.79, 3076.93, 3076.91, 3076.95, 3076.8, 3076.96]
exp043-n3072-k20-d170-bs50-f1.000-r00:026947.641: (229 sec)
exp043-n3072-k20-d170-bs50-f1.000-r00:026947.641: Loop 85/100
exp043-n3072-k20-d170-bs50-f1.000-r00:027181.056: log(exp-norms): [3072.0, 3073.92, 3075.56]
exp043-n3072-k20-d170-bs50-f1.000-r00:027181.056: log(norms):     [3072.0, 3074.71, 3076.7, 3076.72, 3076.79, 3076.93, 3076.91, 3076.95, 3076.8, 3076.96]
exp043-n3072-k20-d170-bs50-f1.000-r00:027181.073: (234 sec)
exp043-n3072-k20-d170-bs50-f1.000-r00:027181.074: Loop 86/100
exp043-n3072-k20-d170-bs50-f1.000-r00:027413.105: log(exp-norms): [3072.0, 3073.92, 3075.56]
exp043-n3072-k20-d170-bs50-f1.000-r00:027413.105: log(norms):     [3072.0, 3074.71, 3076.7, 3076.72, 3076.79, 3076.93, 3076.91, 3076.95, 3076.8, 3076.96]
exp043-n3072-k20-d170-bs50-f1.000-r00:027413.123: (233 sec)
exp043-n3072-k20-d170-bs50-f1.000-r00:027413.123: Loop 87/100
exp043-n3072-k20-d170-bs50-f1.000-r00:027643.611: log(exp-norms): [3072.0, 3073.92, 3075.56]
exp043-n3072-k20-d170-bs50-f1.000-r00:027643.611: log(norms):     [3072.0, 3074.71, 3076.7, 3076.72, 3076.79, 3076.93, 3076.91, 3076.95, 3076.8, 3076.96]
exp043-n3072-k20-d170-bs50-f1.000-r00:027643.629: (231 sec)
exp043-n3072-k20-d170-bs50-f1.000-r00:027643.629: Loop 88/100
exp043-n3072-k20-d170-bs50-f1.000-r00:027868.098: log(exp-norms): [3072.0, 3073.92, 3075.56]
exp043-n3072-k20-d170-bs50-f1.000-r00:027868.098: log(norms):     [3072.0, 3074.71, 3076.7, 3076.72, 3076.79, 3076.93, 3076.91, 3076.95, 3076.8, 3076.96]
exp043-n3072-k20-d170-bs50-f1.000-r00:027868.116: (225 sec)
exp043-n3072-k20-d170-bs50-f1.000-r00:027868.116: Loop 89/100
exp043-n3072-k20-d170-bs50-f1.000-r00:028096.368: log(exp-norms): [3072.0, 3073.92, 3075.56]
exp043-n3072-k20-d170-bs50-f1.000-r00:028096.369: log(norms):     [3072.0, 3074.71, 3076.7, 3076.72, 3076.79, 3076.93, 3076.91, 3076.95, 3076.8, 3076.96]
exp043-n3072-k20-d170-bs50-f1.000-r00:028096.386: (229 sec)
exp043-n3072-k20-d170-bs50-f1.000-r00:028096.386: Loop 90/100
exp043-n3072-k20-d170-bs50-f1.000-r00:028322.138: log(exp-norms): [3072.0, 3073.92, 3075.56]
exp043-n3072-k20-d170-bs50-f1.000-r00:028322.138: log(norms):     [3072.0, 3074.71, 3076.7, 3076.72, 3076.79, 3076.93, 3076.91, 3076.95, 3076.8, 3076.96]
exp043-n3072-k20-d170-bs50-f1.000-r00:028322.156: (226 sec)
exp043-n3072-k20-d170-bs50-f1.000-r00:028322.156: Loop 91/100
exp043-n3072-k20-d170-bs50-f1.000-r00:028558.457: log(exp-norms): [3072.0, 3073.92, 3075.56]
exp043-n3072-k20-d170-bs50-f1.000-r00:028558.458: log(norms):     [3072.0, 3074.71, 3076.7, 3076.72, 3076.79, 3076.93, 3076.91, 3076.95, 3076.8, 3076.96]
exp043-n3072-k20-d170-bs50-f1.000-r00:028558.475: (237 sec)
exp043-n3072-k20-d170-bs50-f1.000-r00:028558.475: Loop 92/100
exp043-n3072-k20-d170-bs50-f1.000-r00:028788.007: log(exp-norms): [3072.0, 3073.92, 3075.56]
exp043-n3072-k20-d170-bs50-f1.000-r00:028788.008: log(norms):     [3072.0, 3074.71, 3076.7, 3076.72, 3076.79, 3076.93, 3076.91, 3076.95, 3076.9, 3076.8]
exp043-n3072-k20-d170-bs50-f1.000-r00:028788.025: (230 sec)
exp043-n3072-k20-d170-bs50-f1.000-r00:028788.025: Loop 93/100
exp043-n3072-k20-d170-bs50-f1.000-r00:029015.149: log(exp-norms): [3072.0, 3073.92, 3075.56]
exp043-n3072-k20-d170-bs50-f1.000-r00:029015.149: log(norms):     [3072.0, 3074.71, 3076.7, 3076.72, 3076.79, 3076.93, 3076.91, 3076.95, 3076.9, 3076.8]
exp043-n3072-k20-d170-bs50-f1.000-r00:029015.166: (228 sec)
exp043-n3072-k20-d170-bs50-f1.000-r00:029015.167: Loop 94/100
exp043-n3072-k20-d170-bs50-f1.000-r00:029251.060: log(exp-norms): [3072.0, 3073.92, 3075.56]
exp043-n3072-k20-d170-bs50-f1.000-r00:029251.060: log(norms):     [3072.0, 3074.71, 3076.7, 3076.72, 3076.79, 3076.93, 3076.91, 3076.95, 3076.9, 3076.8]
exp043-n3072-k20-d170-bs50-f1.000-r00:029251.077: (236 sec)
exp043-n3072-k20-d170-bs50-f1.000-r00:029251.077: Loop 95/100
exp043-n3072-k20-d170-bs50-f1.000-r00:029474.869: log(exp-norms): [3072.0, 3073.92, 3075.56]
exp043-n3072-k20-d170-bs50-f1.000-r00:029474.869: log(norms):     [3072.0, 3074.71, 3076.7, 3076.72, 3076.79, 3076.93, 3076.91, 3076.95, 3076.9, 3076.8]
exp043-n3072-k20-d170-bs50-f1.000-r00:029474.887: (224 sec)
exp043-n3072-k20-d170-bs50-f1.000-r00:029474.887: Loop 96/100
exp043-n3072-k20-d170-bs50-f1.000-r00:029692.941: log(exp-norms): [3072.0, 3073.92, 3075.56]
exp043-n3072-k20-d170-bs50-f1.000-r00:029692.941: log(norms):     [3072.0, 3074.71, 3076.7, 3076.72, 3076.79, 3076.93, 3076.91, 3076.95, 3076.9, 3076.8]
exp043-n3072-k20-d170-bs50-f1.000-r00:029692.958: (219 sec)
exp043-n3072-k20-d170-bs50-f1.000-r00:029692.959: Loop 97/100
exp043-n3072-k20-d170-bs50-f1.000-r00:029913.778: log(exp-norms): [3072.0, 3073.92, 3075.56]
exp043-n3072-k20-d170-bs50-f1.000-r00:029913.778: log(norms):     [3072.0, 3074.71, 3076.7, 3076.72, 3076.79, 3076.93, 3076.91, 3076.95, 3076.9, 3076.8]
exp043-n3072-k20-d170-bs50-f1.000-r00:029913.796: (221 sec)
exp043-n3072-k20-d170-bs50-f1.000-r00:029913.796: Loop 98/100
exp043-n3072-k20-d170-bs50-f1.000-r00:030141.489: log(exp-norms): [3072.0, 3073.92, 3075.56]
exp043-n3072-k20-d170-bs50-f1.000-r00:030141.489: log(norms):     [3072.0, 3074.71, 3076.7, 3076.72, 3076.79, 3076.93, 3076.91, 3076.95, 3076.9, 3076.8]
exp043-n3072-k20-d170-bs50-f1.000-r00:030141.507: (228 sec)
exp043-n3072-k20-d170-bs50-f1.000-r00:030141.507: Loop 99/100
exp043-n3072-k20-d170-bs50-f1.000-r00:030378.660: log(exp-norms): [3072.0, 3073.92, 3075.56]
exp043-n3072-k20-d170-bs50-f1.000-r00:030378.660: log(norms):     [3072.0, 3074.71, 3076.7, 3076.72, 3076.79, 3076.93, 3076.91, 3076.95, 3076.9, 3076.8]
exp043-n3072-k20-d170-bs50-f1.000-r00:030378.678: (238 sec)
exp043-n3072-k20-d170-bs50-f1.000-r00:030378.678: Loop 100/100
exp043-n3072-k20-d170-bs50-f1.000-r00:030617.625: log(exp-norms): [3072.0, 3073.92, 3075.56]
exp043-n3072-k20-d170-bs50-f1.000-r00:030617.625: log(norms):     [3072.0, 3074.71, 3076.7, 3076.72, 3076.79, 3076.93, 3076.91, 3076.95, 3076.9, 3076.8]
exp043-n3072-k20-d170-bs50-f1.000-r00:030617.642: (239 sec)
exp043-n3072-k20-d170-bs50-f1.000-r00:030617.642: ==========================Summary===========================
exp043-n3072-k20-d170-bs50-f1.000-r00:030617.642: Total time: 30618sec
exp043-n3072-k20-d170-bs50-f1.000-r00:030617.642: FAIL
exp043-n3072-k20-d170-bs50-f1.000-r00:030617.642: SUMMARY:n:3072:k:20:d:170:bs:50:t:30618:r:False
