exp051-n3072-k20-d150-bs50-f1.000-r00:000000.510: ==========================Instance==========================
exp051-n3072-k20-d150-bs50-f1.000-r00:000000.511: # of equations: 150
exp051-n3072-k20-d150-bs50-f1.000-r00:000000.517: Gap: 0.60
exp051-n3072-k20-d150-bs50-f1.000-r00:000000.529: Tau: 0.12
exp051-n3072-k20-d150-bs50-f1.000-r00:000000.531: ======================BKZ-50 reduction======================
exp051-n3072-k20-d150-bs50-f1.000-r00:000003.382: Expectedly achievable log(norm): 3074.14
exp051-n3072-k20-d150-bs50-f1.000-r00:000006.202: log(exp-norms): [3072.0, 3073.83, 3073.09]
exp051-n3072-k20-d150-bs50-f1.000-r00:000006.203: log(norms):     [3094.8, 3074.62, 3092.0, 3092.0, 3092.0, 3092.0, 3092.0, 3092.0, 3092.0, 3092.0]
exp051-n3072-k20-d150-bs50-f1.000-r00:000006.297: Loop 1/100
exp051-n3072-k20-d150-bs50-f1.000-r00:001625.355: log(exp-norms): [3072.0, 3073.83, 3073.09]
exp051-n3072-k20-d150-bs50-f1.000-r00:001625.356: log(norms):     [3074.62, 3075.39, 3075.53, 3075.55, 3075.55, 3075.53, 3075.49, 3075.38, 3075.62, 3075.37]
exp051-n3072-k20-d150-bs50-f1.000-r00:001625.386: (1620 sec)
exp051-n3072-k20-d150-bs50-f1.000-r00:001625.386: Loop 2/100
exp051-n3072-k20-d150-bs50-f1.000-r00:002024.653: log(exp-norms): [3072.0, 3073.83, 3073.09]
exp051-n3072-k20-d150-bs50-f1.000-r00:002024.653: log(norms):     [3074.62, 3075.07, 3075.11, 3075.02, 3075.11, 3075.05, 3075.22, 3074.98, 3075.16, 3075.1]
exp051-n3072-k20-d150-bs50-f1.000-r00:002024.680: (400 sec)
exp051-n3072-k20-d150-bs50-f1.000-r00:002024.680: Loop 3/100
exp051-n3072-k20-d150-bs50-f1.000-r00:002389.198: log(exp-norms): [3072.0, 3073.83, 3073.09]
exp051-n3072-k20-d150-bs50-f1.000-r00:002389.199: log(norms):     [3074.62, 3074.74, 3074.73, 3074.85, 3074.75, 3074.94, 3074.86, 3074.68, 3074.88, 3074.89]
exp051-n3072-k20-d150-bs50-f1.000-r00:002389.233: (365 sec)
exp051-n3072-k20-d150-bs50-f1.000-r00:002389.234: Loop 4/100
exp051-n3072-k20-d150-bs50-f1.000-r00:002746.602: log(exp-norms): [3072.0, 3073.83, 3073.09]
exp051-n3072-k20-d150-bs50-f1.000-r00:002746.602: log(norms):     [3074.39, 3074.47, 3074.62, 3074.55, 3074.59, 3074.66, 3074.63, 3074.74, 3074.51, 3074.64]
exp051-n3072-k20-d150-bs50-f1.000-r00:002746.631: (358 sec)
exp051-n3072-k20-d150-bs50-f1.000-r00:002746.631: Loop 5/100
exp051-n3072-k20-d150-bs50-f1.000-r00:003092.919: log(exp-norms): [3072.0, 3073.83, 3073.09]
exp051-n3072-k20-d150-bs50-f1.000-r00:003092.920: log(norms):     [3074.39, 3074.39, 3074.51, 3074.48, 3074.56, 3074.51, 3074.59, 3074.6, 3074.37, 3074.49]
exp051-n3072-k20-d150-bs50-f1.000-r00:003092.948: (347 sec)
exp051-n3072-k20-d150-bs50-f1.000-r00:003092.948: Loop 6/100
exp051-n3072-k20-d150-bs50-f1.000-r00:003431.814: log(exp-norms): [3072.0, 3073.83, 3073.09]
exp051-n3072-k20-d150-bs50-f1.000-r00:003431.814: log(norms):     [3074.37, 3074.46, 3074.5, 3074.35, 3074.51, 3074.49, 3074.4, 3074.4, 3074.54, 3074.54]
exp051-n3072-k20-d150-bs50-f1.000-r00:003431.843: (339 sec)
exp051-n3072-k20-d150-bs50-f1.000-r00:003431.844: Loop 7/100
exp051-n3072-k20-d150-bs50-f1.000-r00:003751.958: log(exp-norms): [3072.0, 3073.83, 3073.09]
exp051-n3072-k20-d150-bs50-f1.000-r00:003751.959: log(norms):     [3074.24, 3074.39, 3074.31, 3074.32, 3074.47, 3074.54, 3074.41, 3074.39, 3074.57, 3074.52]
exp051-n3072-k20-d150-bs50-f1.000-r00:003751.988: (321 sec)
exp051-n3072-k20-d150-bs50-f1.000-r00:003751.988: Loop 8/100
exp051-n3072-k20-d150-bs50-f1.000-r00:004064.404: log(exp-norms): [3072.0, 3073.83, 3073.09]
exp051-n3072-k20-d150-bs50-f1.000-r00:004064.405: log(norms):     [3074.24, 3074.39, 3074.31, 3074.32, 3074.37, 3074.37, 3074.53, 3074.43, 3074.45, 3074.39]
exp051-n3072-k20-d150-bs50-f1.000-r00:004064.432: (313 sec)
exp051-n3072-k20-d150-bs50-f1.000-r00:004064.432: Loop 9/100
exp051-n3072-k20-d150-bs50-f1.000-r00:004372.823: log(exp-norms): [3072.0, 3073.83, 3073.09]
exp051-n3072-k20-d150-bs50-f1.000-r00:004372.824: log(norms):     [3074.2, 3074.34, 3074.3, 3074.28, 3074.32, 3074.36, 3074.33, 3074.39, 3074.51, 3074.27]
exp051-n3072-k20-d150-bs50-f1.000-r00:004372.853: (309 sec)
exp051-n3072-k20-d150-bs50-f1.000-r00:004372.853: Loop 10/100
exp051-n3072-k20-d150-bs50-f1.000-r00:004663.635: log(exp-norms): [3072.0, 3073.83, 3073.09]
exp051-n3072-k20-d150-bs50-f1.000-r00:004663.635: log(norms):     [3074.07, 3074.19, 3074.2, 3074.29, 3074.4, 3074.3, 3074.29, 3074.43, 3074.19, 3074.32]
exp051-n3072-k20-d150-bs50-f1.000-r00:004663.662: (291 sec)
exp051-n3072-k20-d150-bs50-f1.000-r00:004663.662: Loop 11/100
exp051-n3072-k20-d150-bs50-f1.000-r00:004942.925: log(exp-norms): [3072.0, 3073.83, 3073.09]
exp051-n3072-k20-d150-bs50-f1.000-r00:004942.926: log(norms):     [3074.07, 3074.19, 3074.19, 3074.3, 3074.4, 3074.39, 3074.32, 3074.34, 3074.36, 3074.28]
exp051-n3072-k20-d150-bs50-f1.000-r00:004942.953: (280 sec)
exp051-n3072-k20-d150-bs50-f1.000-r00:004942.954: Loop 12/100
exp051-n3072-k20-d150-bs50-f1.000-r00:005231.394: log(exp-norms): [3072.0, 3073.83, 3073.09]
exp051-n3072-k20-d150-bs50-f1.000-r00:005231.394: log(norms):     [3074.07, 3074.19, 3074.19, 3074.3, 3074.32, 3074.34, 3074.39, 3074.4, 3074.4, 3074.45]
exp051-n3072-k20-d150-bs50-f1.000-r00:005231.436: (289 sec)
exp051-n3072-k20-d150-bs50-f1.000-r00:005231.436: Loop 13/100
exp051-n3072-k20-d150-bs50-f1.000-r00:005521.492: log(exp-norms): [3072.0, 3073.83, 3073.09]
exp051-n3072-k20-d150-bs50-f1.000-r00:005521.492: log(norms):     [3074.03, 3074.07, 3074.19, 3074.19, 3074.3, 3074.32, 3074.34, 3074.39, 3074.27, 3074.62]
exp051-n3072-k20-d150-bs50-f1.000-r00:005521.520: (291 sec)
exp051-n3072-k20-d150-bs50-f1.000-r00:005521.521: Loop 14/100
exp051-n3072-k20-d150-bs50-f1.000-r00:005793.646: log(exp-norms): [3072.0, 3073.83, 3073.09]
exp051-n3072-k20-d150-bs50-f1.000-r00:005793.647: log(norms):     [3074.03, 3074.07, 3074.23, 3074.19, 3074.19, 3074.3, 3074.32, 3074.34, 3074.42, 3074.37]
exp051-n3072-k20-d150-bs50-f1.000-r00:005793.664: (273 sec)
exp051-n3072-k20-d150-bs50-f1.000-r00:005793.665: Loop 15/100
exp051-n3072-k20-d150-bs50-f1.000-r00:006028.191: log(exp-norms): [3072.0, 3073.83, 3073.09]
exp051-n3072-k20-d150-bs50-f1.000-r00:006028.191: log(norms):     [3074.03, 3074.07, 3074.23, 3074.19, 3074.19, 3074.3, 3074.32, 3074.34, 3074.42, 3074.37]
exp051-n3072-k20-d150-bs50-f1.000-r00:006028.209: (235 sec)
exp051-n3072-k20-d150-bs50-f1.000-r00:006028.209: Loop 16/100
exp051-n3072-k20-d150-bs50-f1.000-r00:006313.979: log(exp-norms): [3072.0, 3073.83, 3073.09]
exp051-n3072-k20-d150-bs50-f1.000-r00:006313.980: log(norms):     [3074.03, 3074.07, 3074.23, 3074.19, 3074.19, 3074.3, 3074.32, 3074.34, 3074.42, 3074.37]
exp051-n3072-k20-d150-bs50-f1.000-r00:006314.007: (286 sec)
exp051-n3072-k20-d150-bs50-f1.000-r00:006314.007: Loop 17/100
exp051-n3072-k20-d150-bs50-f1.000-r00:006571.058: log(exp-norms): [3072.0, 3073.83, 3073.09]
exp051-n3072-k20-d150-bs50-f1.000-r00:006571.059: log(norms):     [3074.03, 3074.07, 3074.23, 3074.15, 3074.19, 3074.19, 3074.32, 3074.3, 3074.35, 3074.37]
exp051-n3072-k20-d150-bs50-f1.000-r00:006571.086: (258 sec)
exp051-n3072-k20-d150-bs50-f1.000-r00:006571.087: Loop 18/100
exp051-n3072-k20-d150-bs50-f1.000-r00:006811.126: log(exp-norms): [3072.0, 3073.83, 3073.09]
exp051-n3072-k20-d150-bs50-f1.000-r00:006811.127: log(norms):     [3074.03, 3074.07, 3074.23, 3074.09, 3074.15, 3074.35, 3074.51, 3074.36, 3074.37, 3074.19]
exp051-n3072-k20-d150-bs50-f1.000-r00:006811.144: (241 sec)
exp051-n3072-k20-d150-bs50-f1.000-r00:006811.144: Loop 19/100
exp051-n3072-k20-d150-bs50-f1.000-r00:007085.753: log(exp-norms): [3072.0, 3073.83, 3073.09]
exp051-n3072-k20-d150-bs50-f1.000-r00:007085.754: log(norms):     [3074.03, 3074.07, 3074.23, 3074.09, 3074.24, 3074.15, 3074.35, 3074.24, 3074.39, 3074.31]
exp051-n3072-k20-d150-bs50-f1.000-r00:007085.771: (275 sec)
exp051-n3072-k20-d150-bs50-f1.000-r00:007085.772: Loop 20/100
exp051-n3072-k20-d150-bs50-f1.000-r00:007344.146: log(exp-norms): [3072.0, 3073.83, 3073.09]
exp051-n3072-k20-d150-bs50-f1.000-r00:007344.146: log(norms):     [3074.03, 3074.02, 3074.07, 3074.23, 3074.09, 3074.24, 3074.15, 3074.24, 3074.28, 3074.47]
exp051-n3072-k20-d150-bs50-f1.000-r00:007344.174: (259 sec)
exp051-n3072-k20-d150-bs50-f1.000-r00:007344.174: Loop 21/100
exp051-n3072-k20-d150-bs50-f1.000-r00:007540.018: log(exp-norms): [3072.0, 3073.83, 3073.09]
exp051-n3072-k20-d150-bs50-f1.000-r00:007540.019: log(norms):     [3074.03, 3074.02, 3074.07, 3074.23, 3074.09, 3074.2, 3074.24, 3074.15, 3074.24, 3074.3]
exp051-n3072-k20-d150-bs50-f1.000-r00:007540.035: (196 sec)
exp051-n3072-k20-d150-bs50-f1.000-r00:007540.035: Loop 22/100
exp051-n3072-k20-d150-bs50-f1.000-r00:007800.674: log(exp-norms): [3072.0, 3073.83, 3073.09]
exp051-n3072-k20-d150-bs50-f1.000-r00:007800.674: log(norms):     [3074.03, 3074.02, 3074.07, 3074.23, 3074.09, 3074.2, 3074.42, 3074.24, 3074.26, 3074.37]
exp051-n3072-k20-d150-bs50-f1.000-r00:007800.702: (261 sec)
exp051-n3072-k20-d150-bs50-f1.000-r00:007800.702: Loop 23/100
exp051-n3072-k20-d150-bs50-f1.000-r00:008054.776: log(exp-norms): [3072.0, 3073.83, 3073.09]
exp051-n3072-k20-d150-bs50-f1.000-r00:008054.776: log(norms):     [3074.03, 3074.02, 3074.07, 3074.23, 3074.09, 3074.2, 3074.37, 3074.42, 3074.24, 3074.43]
exp051-n3072-k20-d150-bs50-f1.000-r00:008054.803: (255 sec)
exp051-n3072-k20-d150-bs50-f1.000-r00:008054.804: Loop 24/100
exp051-n3072-k20-d150-bs50-f1.000-r00:008332.648: log(exp-norms): [3072.0, 3073.83, 3073.09]
exp051-n3072-k20-d150-bs50-f1.000-r00:008332.648: log(norms):     [3074.03, 3074.02, 3074.07, 3074.23, 3074.09, 3074.2, 3074.37, 3074.42, 3074.24, 3074.43]
exp051-n3072-k20-d150-bs50-f1.000-r00:008332.675: (278 sec)
exp051-n3072-k20-d150-bs50-f1.000-r00:008332.675: Loop 25/100
exp051-n3072-k20-d150-bs50-f1.000-r00:008584.535: log(exp-norms): [3072.0, 3073.83, 3073.09]
exp051-n3072-k20-d150-bs50-f1.000-r00:008584.535: log(norms):     [3074.03, 3074.02, 3074.07, 3074.23, 3074.09, 3074.2, 3074.37, 3074.42, 3074.24, 3074.43]
exp051-n3072-k20-d150-bs50-f1.000-r00:008584.562: (252 sec)
exp051-n3072-k20-d150-bs50-f1.000-r00:008584.562: Loop 26/100
exp051-n3072-k20-d150-bs50-f1.000-r00:008823.142: log(exp-norms): [3072.0, 3073.83, 3073.09]
exp051-n3072-k20-d150-bs50-f1.000-r00:008823.142: log(norms):     [3074.03, 3074.02, 3074.07, 3074.23, 3074.09, 3074.2, 3074.37, 3074.42, 3074.24, 3074.43]
exp051-n3072-k20-d150-bs50-f1.000-r00:008823.170: (239 sec)
exp051-n3072-k20-d150-bs50-f1.000-r00:008823.170: Loop 27/100
exp051-n3072-k20-d150-bs50-f1.000-r00:009060.515: log(exp-norms): [3072.0, 3073.83, 3073.09]
exp051-n3072-k20-d150-bs50-f1.000-r00:009060.516: log(norms):     [3074.03, 3074.02, 3074.07, 3074.23, 3074.09, 3074.2, 3074.37, 3074.42, 3074.24, 3074.43]
exp051-n3072-k20-d150-bs50-f1.000-r00:009060.532: (238 sec)
exp051-n3072-k20-d150-bs50-f1.000-r00:009060.532: Loop 28/100
exp051-n3072-k20-d150-bs50-f1.000-r00:009315.030: log(exp-norms): [3072.0, 3073.83, 3073.09]
exp051-n3072-k20-d150-bs50-f1.000-r00:009315.031: log(norms):     [3074.03, 3074.02, 3074.07, 3074.23, 3074.09, 3074.2, 3074.37, 3074.42, 3074.24, 3074.43]
exp051-n3072-k20-d150-bs50-f1.000-r00:009315.057: (255 sec)
exp051-n3072-k20-d150-bs50-f1.000-r00:009315.057: Loop 29/100
exp051-n3072-k20-d150-bs50-f1.000-r00:009538.081: log(exp-norms): [3072.0, 3073.83, 3073.09]
exp051-n3072-k20-d150-bs50-f1.000-r00:009538.081: log(norms):     [3074.03, 3074.02, 3074.09, 3074.07, 3074.23, 3074.09, 3074.2, 3074.38, 3074.42, 3074.24]
exp051-n3072-k20-d150-bs50-f1.000-r00:009538.098: (224 sec)
exp051-n3072-k20-d150-bs50-f1.000-r00:009538.098: Loop 30/100
exp051-n3072-k20-d150-bs50-f1.000-r00:009785.795: log(exp-norms): [3072.0, 3073.83, 3073.09]
exp051-n3072-k20-d150-bs50-f1.000-r00:009785.795: log(norms):     [3074.03, 3074.02, 3074.09, 3074.07, 3074.23, 3074.09, 3074.2, 3074.38, 3074.42, 3074.24]
exp051-n3072-k20-d150-bs50-f1.000-r00:009785.822: (248 sec)
exp051-n3072-k20-d150-bs50-f1.000-r00:009785.822: Loop 31/100
exp051-n3072-k20-d150-bs50-f1.000-r00:010032.996: log(exp-norms): [3072.0, 3073.83, 3073.09]
exp051-n3072-k20-d150-bs50-f1.000-r00:010032.996: log(norms):     [3074.03, 3074.02, 3074.09, 3074.07, 3074.23, 3074.09, 3074.21, 3074.2, 3074.29, 3074.38]
exp051-n3072-k20-d150-bs50-f1.000-r00:010033.022: (248 sec)
exp051-n3072-k20-d150-bs50-f1.000-r00:010033.022: Loop 32/100
exp051-n3072-k20-d150-bs50-f1.000-r00:010304.139: log(exp-norms): [3072.0, 3073.83, 3073.09]
exp051-n3072-k20-d150-bs50-f1.000-r00:010304.139: log(norms):     [3074.03, 3074.02, 3074.09, 3074.07, 3074.23, 3074.09, 3074.21, 3074.31, 3074.51, 3074.38]
exp051-n3072-k20-d150-bs50-f1.000-r00:010304.165: (272 sec)
exp051-n3072-k20-d150-bs50-f1.000-r00:010304.165: Loop 33/100
exp051-n3072-k20-d150-bs50-f1.000-r00:010525.712: log(exp-norms): [3072.0, 3073.83, 3073.09]
exp051-n3072-k20-d150-bs50-f1.000-r00:010525.712: log(norms):     [3074.03, 3074.02, 3074.09, 3074.07, 3074.23, 3074.09, 3074.21, 3074.31, 3074.51, 3074.38]
exp051-n3072-k20-d150-bs50-f1.000-r00:010525.728: (222 sec)
exp051-n3072-k20-d150-bs50-f1.000-r00:010525.728: Loop 34/100
exp051-n3072-k20-d150-bs50-f1.000-r00:010689.729: log(exp-norms): [3072.0, 3073.83, 3073.09]
exp051-n3072-k20-d150-bs50-f1.000-r00:010689.729: log(norms):     [3073.98, 3074.03, 3074.02, 3074.09, 3074.17, 3074.28, 3074.2, 3074.36, 3074.33, 3074.09]
exp051-n3072-k20-d150-bs50-f1.000-r00:010689.746: (165 sec)
exp051-n3072-k20-d150-bs50-f1.000-r00:010689.746: Loop 35/100
exp051-n3072-k20-d150-bs50-f1.000-r00:010873.156: log(exp-norms): [3072.0, 3073.83, 3073.09]
exp051-n3072-k20-d150-bs50-f1.000-r00:010873.156: log(norms):     [3073.98, 3074.03, 3074.02, 3074.09, 3074.17, 3074.28, 3074.2, 3074.36, 3074.33, 3074.09]
exp051-n3072-k20-d150-bs50-f1.000-r00:010873.172: (184 sec)
exp051-n3072-k20-d150-bs50-f1.000-r00:010873.173: Loop 36/100
exp051-n3072-k20-d150-bs50-f1.000-r00:011102.687: log(exp-norms): [3072.0, 3073.83, 3073.09]
exp051-n3072-k20-d150-bs50-f1.000-r00:011102.687: log(norms):     [3073.98, 3074.03, 3074.02, 3074.09, 3074.17, 3074.19, 3074.28, 3074.21, 3074.23, 3074.07]
exp051-n3072-k20-d150-bs50-f1.000-r00:011102.703: (230 sec)
exp051-n3072-k20-d150-bs50-f1.000-r00:011102.703: Loop 37/100
exp051-n3072-k20-d150-bs50-f1.000-r00:011253.649: log(exp-norms): [3072.0, 3073.83, 3073.09]
exp051-n3072-k20-d150-bs50-f1.000-r00:011253.649: log(norms):     [3073.98, 3074.03, 3074.02, 3074.19, 3074.09, 3074.17, 3074.27, 3074.28, 3074.2, 3074.36]
exp051-n3072-k20-d150-bs50-f1.000-r00:011253.665: (151 sec)
exp051-n3072-k20-d150-bs50-f1.000-r00:011253.665: Loop 38/100
exp051-n3072-k20-d150-bs50-f1.000-r00:011414.557: log(exp-norms): [3072.0, 3073.83, 3073.09]
exp051-n3072-k20-d150-bs50-f1.000-r00:011414.558: log(norms):     [3073.98, 3074.03, 3074.02, 3074.19, 3074.09, 3074.17, 3074.27, 3074.28, 3074.2, 3074.27]
exp051-n3072-k20-d150-bs50-f1.000-r00:011414.573: (161 sec)
exp051-n3072-k20-d150-bs50-f1.000-r00:011414.574: Loop 39/100
exp051-n3072-k20-d150-bs50-f1.000-r00:011588.600: log(exp-norms): [3072.0, 3073.83, 3073.09]
exp051-n3072-k20-d150-bs50-f1.000-r00:011588.600: log(norms):     [3073.98, 3074.03, 3074.02, 3074.19, 3074.09, 3074.17, 3074.27, 3074.28, 3074.2, 3074.28]
exp051-n3072-k20-d150-bs50-f1.000-r00:011588.625: (175 sec)
exp051-n3072-k20-d150-bs50-f1.000-r00:011588.625: Loop 40/100
exp051-n3072-k20-d150-bs50-f1.000-r00:011785.977: log(exp-norms): [3072.0, 3073.83, 3073.09]
exp051-n3072-k20-d150-bs50-f1.000-r00:011785.977: log(norms):     [3073.98, 3074.03, 3074.02, 3074.19, 3074.09, 3074.17, 3074.27, 3074.38, 3074.28, 3074.4]
exp051-n3072-k20-d150-bs50-f1.000-r00:011786.003: (198 sec)
exp051-n3072-k20-d150-bs50-f1.000-r00:011786.003: Loop 41/100
exp051-n3072-k20-d150-bs50-f1.000-r00:011979.556: log(exp-norms): [3072.0, 3073.83, 3073.09]
exp051-n3072-k20-d150-bs50-f1.000-r00:011979.556: log(norms):     [3073.98, 3074.03, 3074.02, 3074.19, 3074.09, 3074.17, 3074.27, 3074.38, 3074.28, 3074.4]
exp051-n3072-k20-d150-bs50-f1.000-r00:011979.572: (194 sec)
exp051-n3072-k20-d150-bs50-f1.000-r00:011979.572: Loop 42/100
exp051-n3072-k20-d150-bs50-f1.000-r00:012149.607: log(exp-norms): [3072.0, 3073.83, 3073.09]
exp051-n3072-k20-d150-bs50-f1.000-r00:012149.607: log(norms):     [3073.98, 3074.03, 3074.02, 3074.19, 3074.09, 3074.17, 3074.27, 3074.38, 3074.28, 3074.4]
exp051-n3072-k20-d150-bs50-f1.000-r00:012149.623: (171 sec)
exp051-n3072-k20-d150-bs50-f1.000-r00:012149.623: Loop 43/100
exp051-n3072-k20-d150-bs50-f1.000-r00:012342.928: log(exp-norms): [3072.0, 3073.83, 3073.09]
exp051-n3072-k20-d150-bs50-f1.000-r00:012342.929: log(norms):     [3073.98, 3074.03, 3074.02, 3074.19, 3074.09, 3074.17, 3074.27, 3074.38, 3074.28, 3074.4]
exp051-n3072-k20-d150-bs50-f1.000-r00:012342.945: (194 sec)
exp051-n3072-k20-d150-bs50-f1.000-r00:012342.945: Loop 44/100
exp051-n3072-k20-d150-bs50-f1.000-r00:012513.511: log(exp-norms): [3072.0, 3073.83, 3073.09]
exp051-n3072-k20-d150-bs50-f1.000-r00:012513.511: log(norms):     [3073.98, 3074.03, 3074.02, 3074.19, 3074.09, 3074.17, 3074.27, 3074.38, 3074.28, 3074.11]
exp051-n3072-k20-d150-bs50-f1.000-r00:012513.527: (171 sec)
exp051-n3072-k20-d150-bs50-f1.000-r00:012513.528: Loop 45/100
exp051-n3072-k20-d150-bs50-f1.000-r00:012689.620: log(exp-norms): [3072.0, 3073.83, 3073.09]
exp051-n3072-k20-d150-bs50-f1.000-r00:012689.620: log(norms):     [3073.98, 3074.03, 3074.02, 3074.11, 3074.31, 3074.09, 3074.17, 3074.26, 3074.19, 3074.38]
exp051-n3072-k20-d150-bs50-f1.000-r00:012689.636: (177 sec)
exp051-n3072-k20-d150-bs50-f1.000-r00:012689.636: Loop 46/100
exp051-n3072-k20-d150-bs50-f1.000-r00:012846.814: log(exp-norms): [3072.0, 3073.83, 3073.09]
exp051-n3072-k20-d150-bs50-f1.000-r00:012846.814: log(norms):     [3073.98, 3074.03, 3074.02, 3074.11, 3074.31, 3074.09, 3074.17, 3074.26, 3074.47, 3074.49]
exp051-n3072-k20-d150-bs50-f1.000-r00:012846.830: (158 sec)
exp051-n3072-k20-d150-bs50-f1.000-r00:012846.830: Loop 47/100
exp051-n3072-k20-d150-bs50-f1.000-r00:013000.005: log(exp-norms): [3072.0, 3073.83, 3073.09]
exp051-n3072-k20-d150-bs50-f1.000-r00:013000.006: log(norms):     [3073.98, 3074.03, 3074.02, 3074.11, 3074.31, 3074.09, 3074.17, 3074.26, 3074.47, 3074.49]
exp051-n3072-k20-d150-bs50-f1.000-r00:013000.021: (154 sec)
exp051-n3072-k20-d150-bs50-f1.000-r00:013000.021: Loop 48/100
exp051-n3072-k20-d150-bs50-f1.000-r00:013154.325: log(exp-norms): [3072.0, 3073.83, 3073.09]
exp051-n3072-k20-d150-bs50-f1.000-r00:013154.325: log(norms):     [3073.98, 3074.03, 3074.02, 3074.11, 3074.31, 3074.09, 3074.17, 3074.26, 3074.47, 3074.49]
exp051-n3072-k20-d150-bs50-f1.000-r00:013154.341: (155 sec)
exp051-n3072-k20-d150-bs50-f1.000-r00:013154.342: Loop 49/100
exp051-n3072-k20-d150-bs50-f1.000-r00:013305.971: log(exp-norms): [3072.0, 3073.83, 3073.09]
exp051-n3072-k20-d150-bs50-f1.000-r00:013305.971: log(norms):     [3073.98, 3074.03, 3074.02, 3074.11, 3074.31, 3074.09, 3074.17, 3074.26, 3074.47, 3074.49]
exp051-n3072-k20-d150-bs50-f1.000-r00:013305.986: (152 sec)
exp051-n3072-k20-d150-bs50-f1.000-r00:013305.987: Loop 50/100
exp051-n3072-k20-d150-bs50-f1.000-r00:013492.560: log(exp-norms): [3072.0, 3073.83, 3073.09]
exp051-n3072-k20-d150-bs50-f1.000-r00:013492.560: log(norms):     [3073.98, 3074.03, 3074.02, 3074.11, 3074.31, 3074.09, 3074.17, 3074.26, 3074.47, 3074.49]
exp051-n3072-k20-d150-bs50-f1.000-r00:013492.575: (187 sec)
exp051-n3072-k20-d150-bs50-f1.000-r00:013492.576: Loop 51/100
exp051-n3072-k20-d150-bs50-f1.000-r00:013644.201: log(exp-norms): [3072.0, 3073.83, 3073.09]
exp051-n3072-k20-d150-bs50-f1.000-r00:013644.201: log(norms):     [3073.98, 3074.03, 3074.02, 3074.11, 3074.31, 3074.21, 3074.17, 3074.09, 3074.39, 3074.22]
exp051-n3072-k20-d150-bs50-f1.000-r00:013644.217: (152 sec)
exp051-n3072-k20-d150-bs50-f1.000-r00:013644.217: Loop 52/100
exp051-n3072-k20-d150-bs50-f1.000-r00:013799.022: log(exp-norms): [3072.0, 3073.83, 3073.09]
exp051-n3072-k20-d150-bs50-f1.000-r00:013799.023: log(norms):     [3073.98, 3074.03, 3074.02, 3074.11, 3074.31, 3074.21, 3074.17, 3074.09, 3074.39, 3074.22]
exp051-n3072-k20-d150-bs50-f1.000-r00:013799.038: (155 sec)
exp051-n3072-k20-d150-bs50-f1.000-r00:013799.038: Loop 53/100
exp051-n3072-k20-d150-bs50-f1.000-r00:013955.455: log(exp-norms): [3072.0, 3073.83, 3073.09]
exp051-n3072-k20-d150-bs50-f1.000-r00:013955.456: log(norms):     [3073.98, 3074.03, 3074.02, 3074.11, 3074.31, 3074.21, 3074.17, 3074.09, 3074.39, 3074.22]
exp051-n3072-k20-d150-bs50-f1.000-r00:013955.471: (157 sec)
exp051-n3072-k20-d150-bs50-f1.000-r00:013955.471: Loop 54/100
exp051-n3072-k20-d150-bs50-f1.000-r00:014108.800: log(exp-norms): [3072.0, 3073.83, 3073.09]
exp051-n3072-k20-d150-bs50-f1.000-r00:014108.800: log(norms):     [3073.98, 3074.03, 3074.02, 3074.11, 3074.31, 3074.21, 3074.17, 3074.09, 3074.39, 3074.22]
exp051-n3072-k20-d150-bs50-f1.000-r00:014108.815: (154 sec)
exp051-n3072-k20-d150-bs50-f1.000-r00:014108.816: Loop 55/100
exp051-n3072-k20-d150-bs50-f1.000-r00:014258.588: log(exp-norms): [3072.0, 3073.83, 3073.09]
exp051-n3072-k20-d150-bs50-f1.000-r00:014258.588: log(norms):     [3073.98, 3074.03, 3074.02, 3074.11, 3074.31, 3074.21, 3074.11, 3074.22, 3074.09, 3074.17]
exp051-n3072-k20-d150-bs50-f1.000-r00:014258.603: (150 sec)
exp051-n3072-k20-d150-bs50-f1.000-r00:014258.604: Loop 56/100
exp051-n3072-k20-d150-bs50-f1.000-r00:014410.407: log(exp-norms): [3072.0, 3073.83, 3073.09]
exp051-n3072-k20-d150-bs50-f1.000-r00:014410.407: log(norms):     [3073.98, 3074.03, 3074.02, 3074.11, 3074.31, 3074.21, 3074.11, 3074.22, 3074.28, 3074.09]
exp051-n3072-k20-d150-bs50-f1.000-r00:014410.423: (152 sec)
exp051-n3072-k20-d150-bs50-f1.000-r00:014410.423: Loop 57/100
exp051-n3072-k20-d150-bs50-f1.000-r00:014560.144: log(exp-norms): [3072.0, 3073.83, 3073.09]
exp051-n3072-k20-d150-bs50-f1.000-r00:014560.144: log(norms):     [3073.98, 3074.03, 3074.02, 3074.11, 3074.31, 3074.21, 3074.11, 3074.22, 3074.28, 3074.3]
exp051-n3072-k20-d150-bs50-f1.000-r00:014560.159: (150 sec)
exp051-n3072-k20-d150-bs50-f1.000-r00:014560.160: Loop 58/100
exp051-n3072-k20-d150-bs50-f1.000-r00:014718.131: log(exp-norms): [3072.0, 3073.83, 3073.09]
exp051-n3072-k20-d150-bs50-f1.000-r00:014718.132: log(norms):     [3073.98, 3074.03, 3074.02, 3074.11, 3074.31, 3074.21, 3074.11, 3074.22, 3074.28, 3074.3]
exp051-n3072-k20-d150-bs50-f1.000-r00:014718.147: (158 sec)
exp051-n3072-k20-d150-bs50-f1.000-r00:014718.147: Loop 59/100
exp051-n3072-k20-d150-bs50-f1.000-r00:014874.301: log(exp-norms): [3072.0, 3073.83, 3073.09]
exp051-n3072-k20-d150-bs50-f1.000-r00:014874.301: log(norms):     [3073.98, 3074.03, 3074.02, 3074.11, 3074.31, 3074.21, 3074.11, 3074.22, 3074.28, 3074.3]
exp051-n3072-k20-d150-bs50-f1.000-r00:014874.317: (157 sec)
exp051-n3072-k20-d150-bs50-f1.000-r00:014874.317: Loop 60/100
exp051-n3072-k20-d150-bs50-f1.000-r00:015031.985: log(exp-norms): [3072.0, 3073.83, 3073.09]
exp051-n3072-k20-d150-bs50-f1.000-r00:015031.985: log(norms):     [3073.98, 3074.03, 3074.02, 3074.11, 3074.31, 3074.21, 3074.11, 3074.22, 3074.28, 3074.3]
exp051-n3072-k20-d150-bs50-f1.000-r00:015032.000: (158 sec)
exp051-n3072-k20-d150-bs50-f1.000-r00:015032.001: Loop 61/100
exp051-n3072-k20-d150-bs50-f1.000-r00:015188.523: log(exp-norms): [3072.0, 3073.83, 3073.09]
exp051-n3072-k20-d150-bs50-f1.000-r00:015188.523: log(norms):     [3073.98, 3074.03, 3074.02, 3074.11, 3074.31, 3074.21, 3074.11, 3074.22, 3074.22, 3074.28]
exp051-n3072-k20-d150-bs50-f1.000-r00:015188.539: (157 sec)
exp051-n3072-k20-d150-bs50-f1.000-r00:015188.539: Loop 62/100
exp051-n3072-k20-d150-bs50-f1.000-r00:015340.925: log(exp-norms): [3072.0, 3073.83, 3073.09]
exp051-n3072-k20-d150-bs50-f1.000-r00:015340.925: log(norms):     [3073.98, 3074.03, 3074.02, 3074.11, 3074.31, 3074.21, 3074.11, 3074.22, 3074.22, 3074.28]
exp051-n3072-k20-d150-bs50-f1.000-r00:015340.941: (153 sec)
exp051-n3072-k20-d150-bs50-f1.000-r00:015340.941: Loop 63/100
exp051-n3072-k20-d150-bs50-f1.000-r00:015484.112: log(exp-norms): [3072.0, 3073.83, 3073.09]
exp051-n3072-k20-d150-bs50-f1.000-r00:015484.113: log(norms):     [3073.98, 3074.03, 3074.02, 3074.11, 3074.31, 3074.21, 3074.11, 3074.22, 3074.22, 3074.28]
exp051-n3072-k20-d150-bs50-f1.000-r00:015484.128: (144 sec)
exp051-n3072-k20-d150-bs50-f1.000-r00:015484.128: Loop 64/100
exp051-n3072-k20-d150-bs50-f1.000-r00:015628.815: log(exp-norms): [3072.0, 3073.83, 3073.09]
exp051-n3072-k20-d150-bs50-f1.000-r00:015628.816: log(norms):     [3073.98, 3074.03, 3074.02, 3074.11, 3074.31, 3074.21, 3074.11, 3074.22, 3074.22, 3074.28]
exp051-n3072-k20-d150-bs50-f1.000-r00:015628.831: (145 sec)
exp051-n3072-k20-d150-bs50-f1.000-r00:015628.831: Loop 65/100
exp051-n3072-k20-d150-bs50-f1.000-r00:015786.922: log(exp-norms): [3072.0, 3073.83, 3073.09]
exp051-n3072-k20-d150-bs50-f1.000-r00:015786.922: log(norms):     [3073.98, 3074.03, 3074.02, 3074.16, 3074.11, 3074.31, 3074.21, 3074.11, 3074.09, 3074.28]
exp051-n3072-k20-d150-bs50-f1.000-r00:015786.937: (159 sec)
exp051-n3072-k20-d150-bs50-f1.000-r00:015786.937: Loop 66/100
exp051-n3072-k20-d150-bs50-f1.000-r00:015940.716: log(exp-norms): [3072.0, 3073.83, 3073.09]
exp051-n3072-k20-d150-bs50-f1.000-r00:015940.716: log(norms):     [3073.98, 3074.03, 3074.02, 3074.16, 3074.11, 3074.31, 3074.21, 3074.11, 3074.35, 3074.09]
exp051-n3072-k20-d150-bs50-f1.000-r00:015940.732: (154 sec)
exp051-n3072-k20-d150-bs50-f1.000-r00:015940.732: Loop 67/100
exp051-n3072-k20-d150-bs50-f1.000-r00:016095.369: log(exp-norms): [3072.0, 3073.83, 3073.09]
exp051-n3072-k20-d150-bs50-f1.000-r00:016095.369: log(norms):     [3073.98, 3074.03, 3074.02, 3074.16, 3074.11, 3074.31, 3074.21, 3074.11, 3074.35, 3074.09]
exp051-n3072-k20-d150-bs50-f1.000-r00:016095.385: (155 sec)
exp051-n3072-k20-d150-bs50-f1.000-r00:016095.385: Loop 68/100
exp051-n3072-k20-d150-bs50-f1.000-r00:016237.416: log(exp-norms): [3072.0, 3073.83, 3073.09]
exp051-n3072-k20-d150-bs50-f1.000-r00:016237.416: log(norms):     [3073.98, 3074.03, 3074.02, 3074.16, 3074.11, 3074.31, 3074.21, 3074.11, 3074.35, 3074.09]
exp051-n3072-k20-d150-bs50-f1.000-r00:016237.431: (143 sec)
exp051-n3072-k20-d150-bs50-f1.000-r00:016237.432: Loop 69/100
exp051-n3072-k20-d150-bs50-f1.000-r00:016390.978: log(exp-norms): [3072.0, 3073.83, 3073.09]
exp051-n3072-k20-d150-bs50-f1.000-r00:016390.978: log(norms):     [3073.98, 3074.03, 3074.02, 3074.16, 3074.11, 3074.31, 3074.21, 3074.11, 3074.35, 3074.09]
exp051-n3072-k20-d150-bs50-f1.000-r00:016390.994: (154 sec)
exp051-n3072-k20-d150-bs50-f1.000-r00:016390.994: Loop 70/100
exp051-n3072-k20-d150-bs50-f1.000-r00:016539.123: log(exp-norms): [3072.0, 3073.83, 3073.09]
exp051-n3072-k20-d150-bs50-f1.000-r00:016539.124: log(norms):     [3073.98, 3074.03, 3074.02, 3074.16, 3074.11, 3074.31, 3074.21, 3074.11, 3074.35, 3074.09]
exp051-n3072-k20-d150-bs50-f1.000-r00:016539.139: (149 sec)
exp051-n3072-k20-d150-bs50-f1.000-r00:016539.139: Loop 71/100
exp051-n3072-k20-d150-bs50-f1.000-r00:016690.652: log(exp-norms): [3072.0, 3073.83, 3073.09]
exp051-n3072-k20-d150-bs50-f1.000-r00:016690.653: log(norms):     [3073.98, 3074.03, 3074.02, 3074.16, 3074.11, 3074.31, 3074.21, 3074.11, 3074.35, 3074.09]
exp051-n3072-k20-d150-bs50-f1.000-r00:016690.669: (152 sec)
exp051-n3072-k20-d150-bs50-f1.000-r00:016690.669: Loop 72/100
exp051-n3072-k20-d150-bs50-f1.000-r00:016845.429: log(exp-norms): [3072.0, 3073.83, 3073.09]
exp051-n3072-k20-d150-bs50-f1.000-r00:016845.430: log(norms):     [3073.98, 3074.03, 3074.02, 3074.16, 3074.11, 3074.31, 3074.21, 3074.11, 3074.35, 3074.09]
exp051-n3072-k20-d150-bs50-f1.000-r00:016845.445: (155 sec)
exp051-n3072-k20-d150-bs50-f1.000-r00:016845.445: Loop 73/100
exp051-n3072-k20-d150-bs50-f1.000-r00:016993.699: log(exp-norms): [3072.0, 3073.83, 3073.09]
exp051-n3072-k20-d150-bs50-f1.000-r00:016993.699: log(norms):     [3073.98, 3074.03, 3074.02, 3074.16, 3074.11, 3074.31, 3074.21, 3074.11, 3074.35, 3074.09]
exp051-n3072-k20-d150-bs50-f1.000-r00:016993.715: (149 sec)
exp051-n3072-k20-d150-bs50-f1.000-r00:016993.715: Loop 74/100
exp051-n3072-k20-d150-bs50-f1.000-r00:017145.618: log(exp-norms): [3072.0, 3073.83, 3073.09]
exp051-n3072-k20-d150-bs50-f1.000-r00:017145.619: log(norms):     [3073.98, 3074.03, 3074.02, 3074.16, 3074.11, 3074.31, 3074.21, 3074.11, 3074.35, 3074.09]
exp051-n3072-k20-d150-bs50-f1.000-r00:017145.634: (152 sec)
exp051-n3072-k20-d150-bs50-f1.000-r00:017145.634: Loop 75/100
exp051-n3072-k20-d150-bs50-f1.000-r00:017285.957: log(exp-norms): [3072.0, 3073.83, 3073.09]
exp051-n3072-k20-d150-bs50-f1.000-r00:017285.957: log(norms):     [3073.98, 3074.03, 3074.02, 3074.16, 3074.24, 3074.11, 3074.39, 3074.18, 3074.11, 3074.36]
exp051-n3072-k20-d150-bs50-f1.000-r00:017285.972: (141 sec)
exp051-n3072-k20-d150-bs50-f1.000-r00:017285.973: Loop 76/100
exp051-n3072-k20-d150-bs50-f1.000-r00:017438.357: log(exp-norms): [3072.0, 3073.83, 3073.09]
exp051-n3072-k20-d150-bs50-f1.000-r00:017438.357: log(norms):     [3073.98, 3074.03, 3074.02, 3074.16, 3074.24, 3074.11, 3074.39, 3074.18, 3074.11, 3074.36]
exp051-n3072-k20-d150-bs50-f1.000-r00:017438.373: (153 sec)
exp051-n3072-k20-d150-bs50-f1.000-r00:017438.373: Loop 77/100
exp051-n3072-k20-d150-bs50-f1.000-r00:017594.588: log(exp-norms): [3072.0, 3073.83, 3073.09]
exp051-n3072-k20-d150-bs50-f1.000-r00:017594.588: log(norms):     [3073.98, 3074.03, 3074.02, 3074.16, 3074.24, 3074.11, 3074.39, 3074.18, 3074.11, 3074.36]
exp051-n3072-k20-d150-bs50-f1.000-r00:017594.604: (157 sec)
exp051-n3072-k20-d150-bs50-f1.000-r00:017594.605: Loop 78/100
exp051-n3072-k20-d150-bs50-f1.000-r00:017749.214: log(exp-norms): [3072.0, 3073.83, 3073.09]
exp051-n3072-k20-d150-bs50-f1.000-r00:017749.215: log(norms):     [3073.98, 3074.03, 3074.02, 3074.16, 3074.24, 3074.11, 3074.39, 3074.18, 3074.11, 3074.36]
exp051-n3072-k20-d150-bs50-f1.000-r00:017749.230: (155 sec)
exp051-n3072-k20-d150-bs50-f1.000-r00:017749.230: Loop 79/100
exp051-n3072-k20-d150-bs50-f1.000-r00:017897.825: log(exp-norms): [3072.0, 3073.83, 3073.09]
exp051-n3072-k20-d150-bs50-f1.000-r00:017897.826: log(norms):     [3073.98, 3074.03, 3074.02, 3074.16, 3074.24, 3074.11, 3074.39, 3074.18, 3074.11, 3074.36]
exp051-n3072-k20-d150-bs50-f1.000-r00:017897.841: (149 sec)
exp051-n3072-k20-d150-bs50-f1.000-r00:017897.841: Loop 80/100
exp051-n3072-k20-d150-bs50-f1.000-r00:018048.956: log(exp-norms): [3072.0, 3073.83, 3073.09]
exp051-n3072-k20-d150-bs50-f1.000-r00:018048.956: log(norms):     [3073.98, 3074.03, 3074.02, 3074.16, 3074.24, 3074.11, 3074.39, 3074.18, 3074.11, 3074.36]
exp051-n3072-k20-d150-bs50-f1.000-r00:018048.972: (152 sec)
exp051-n3072-k20-d150-bs50-f1.000-r00:018048.972: Loop 81/100
exp051-n3072-k20-d150-bs50-f1.000-r00:018197.208: log(exp-norms): [3072.0, 3073.83, 3073.09]
exp051-n3072-k20-d150-bs50-f1.000-r00:018197.208: log(norms):     [3073.98, 3074.03, 3074.02, 3074.16, 3074.24, 3074.16, 3074.11, 3074.32, 3074.25, 3074.39]
exp051-n3072-k20-d150-bs50-f1.000-r00:018197.224: (149 sec)
exp051-n3072-k20-d150-bs50-f1.000-r00:018197.224: Loop 82/100
exp051-n3072-k20-d150-bs50-f1.000-r00:018330.292: log(exp-norms): [3072.0, 3073.83, 3073.09]
exp051-n3072-k20-d150-bs50-f1.000-r00:018330.293: log(norms):     [3073.98, 3074.03, 3074.02, 3074.16, 3074.24, 3074.16, 3074.11, 3074.26, 3074.32, 3074.14]
exp051-n3072-k20-d150-bs50-f1.000-r00:018330.308: (134 sec)
exp051-n3072-k20-d150-bs50-f1.000-r00:018330.308: Loop 83/100
exp051-n3072-k20-d150-bs50-f1.000-r00:018484.049: log(exp-norms): [3072.0, 3073.83, 3073.09]
exp051-n3072-k20-d150-bs50-f1.000-r00:018484.050: log(norms):     [3073.98, 3074.03, 3074.02, 3074.16, 3074.24, 3074.16, 3074.11, 3074.26, 3074.4, 3074.32]
exp051-n3072-k20-d150-bs50-f1.000-r00:018484.065: (154 sec)
exp051-n3072-k20-d150-bs50-f1.000-r00:018484.065: Loop 84/100
exp051-n3072-k20-d150-bs50-f1.000-r00:018634.318: log(exp-norms): [3072.0, 3073.83, 3073.09]
exp051-n3072-k20-d150-bs50-f1.000-r00:018634.318: log(norms):     [3073.98, 3074.03, 3074.02, 3074.16, 3074.24, 3074.16, 3074.4, 3074.26, 3074.18, 3074.11]
exp051-n3072-k20-d150-bs50-f1.000-r00:018634.334: (151 sec)
exp051-n3072-k20-d150-bs50-f1.000-r00:018634.334: Loop 85/100
exp051-n3072-k20-d150-bs50-f1.000-r00:018776.966: log(exp-norms): [3072.0, 3073.83, 3073.09]
exp051-n3072-k20-d150-bs50-f1.000-r00:018776.967: log(norms):     [3073.98, 3074.03, 3074.02, 3074.16, 3074.24, 3074.16, 3074.4, 3074.26, 3074.18, 3074.11]
exp051-n3072-k20-d150-bs50-f1.000-r00:018776.982: (143 sec)
exp051-n3072-k20-d150-bs50-f1.000-r00:018776.982: Loop 86/100
exp051-n3072-k20-d150-bs50-f1.000-r00:018917.218: log(exp-norms): [3072.0, 3073.83, 3073.09]
exp051-n3072-k20-d150-bs50-f1.000-r00:018917.218: log(norms):     [3073.98, 3074.03, 3074.02, 3074.16, 3074.24, 3074.16, 3074.4, 3074.26, 3074.18, 3074.11]
exp051-n3072-k20-d150-bs50-f1.000-r00:018917.234: (141 sec)
exp051-n3072-k20-d150-bs50-f1.000-r00:018917.234: Loop 87/100
exp051-n3072-k20-d150-bs50-f1.000-r00:019050.593: log(exp-norms): [3072.0, 3073.83, 3073.09]
exp051-n3072-k20-d150-bs50-f1.000-r00:019050.594: log(norms):     [3073.98, 3074.03, 3074.02, 3074.16, 3074.24, 3074.16, 3074.4, 3074.26, 3074.18, 3074.11]
exp051-n3072-k20-d150-bs50-f1.000-r00:019050.609: (134 sec)
exp051-n3072-k20-d150-bs50-f1.000-r00:019050.609: Loop 88/100
exp051-n3072-k20-d150-bs50-f1.000-r00:019209.038: log(exp-norms): [3072.0, 3073.83, 3073.09]
exp051-n3072-k20-d150-bs50-f1.000-r00:019209.038: log(norms):     [3073.98, 3074.03, 3074.02, 3074.09, 3074.16, 3074.24, 3074.16, 3074.39, 3074.26, 3074.18]
exp051-n3072-k20-d150-bs50-f1.000-r00:019209.053: (159 sec)
exp051-n3072-k20-d150-bs50-f1.000-r00:019209.054: Loop 89/100
exp051-n3072-k20-d150-bs50-f1.000-r00:019361.015: log(exp-norms): [3072.0, 3073.83, 3073.09]
exp051-n3072-k20-d150-bs50-f1.000-r00:019361.015: log(norms):     [3073.98, 3074.03, 3074.02, 3074.09, 3074.16, 3074.24, 3074.16, 3074.21, 3074.39, 3074.26]
exp051-n3072-k20-d150-bs50-f1.000-r00:019361.030: (152 sec)
exp051-n3072-k20-d150-bs50-f1.000-r00:019361.031: Loop 90/100
exp051-n3072-k20-d150-bs50-f1.000-r00:019507.686: log(exp-norms): [3072.0, 3073.83, 3073.09]
exp051-n3072-k20-d150-bs50-f1.000-r00:019507.686: log(norms):     [3073.98, 3074.03, 3074.02, 3074.09, 3074.16, 3074.24, 3074.16, 3074.21, 3074.39, 3074.26]
exp051-n3072-k20-d150-bs50-f1.000-r00:019507.703: (147 sec)
exp051-n3072-k20-d150-bs50-f1.000-r00:019507.703: Loop 91/100
exp051-n3072-k20-d150-bs50-f1.000-r00:019657.342: log(exp-norms): [3072.0, 3073.83, 3073.09]
exp051-n3072-k20-d150-bs50-f1.000-r00:019657.342: log(norms):     [3073.98, 3074.03, 3074.02, 3074.09, 3074.16, 3074.24, 3074.16, 3074.21, 3074.39, 3074.26]
exp051-n3072-k20-d150-bs50-f1.000-r00:019657.359: (150 sec)
exp051-n3072-k20-d150-bs50-f1.000-r00:019657.359: Loop 92/100
exp051-n3072-k20-d150-bs50-f1.000-r00:019797.120: log(exp-norms): [3072.0, 3073.83, 3073.09]
exp051-n3072-k20-d150-bs50-f1.000-r00:019797.120: log(norms):     [3073.98, 3074.03, 3074.02, 3074.09, 3074.16, 3074.24, 3074.16, 3074.21, 3074.39, 3074.26]
exp051-n3072-k20-d150-bs50-f1.000-r00:019797.136: (140 sec)
exp051-n3072-k20-d150-bs50-f1.000-r00:019797.136: Loop 93/100
exp051-n3072-k20-d150-bs50-f1.000-r00:019948.317: log(exp-norms): [3072.0, 3073.83, 3073.09]
exp051-n3072-k20-d150-bs50-f1.000-r00:019948.317: log(norms):     [3073.98, 3074.03, 3074.02, 3074.13, 3074.09, 3074.16, 3074.24, 3074.34, 3074.16, 3074.35]
exp051-n3072-k20-d150-bs50-f1.000-r00:019948.332: (152 sec)
exp051-n3072-k20-d150-bs50-f1.000-r00:019948.332: Loop 94/100
exp051-n3072-k20-d150-bs50-f1.000-r00:020102.109: log(exp-norms): [3072.0, 3073.83, 3073.09]
exp051-n3072-k20-d150-bs50-f1.000-r00:020102.109: log(norms):     [3073.98, 3074.03, 3074.02, 3074.13, 3074.09, 3074.16, 3074.24, 3074.34, 3074.16, 3074.35]
exp051-n3072-k20-d150-bs50-f1.000-r00:020102.124: (154 sec)
exp051-n3072-k20-d150-bs50-f1.000-r00:020102.125: Loop 95/100
exp051-n3072-k20-d150-bs50-f1.000-r00:020250.983: log(exp-norms): [3072.0, 3073.83, 3073.09]
exp051-n3072-k20-d150-bs50-f1.000-r00:020250.983: log(norms):     [3073.98, 3074.03, 3074.02, 3074.13, 3074.09, 3074.16, 3074.24, 3074.34, 3074.16, 3074.35]
exp051-n3072-k20-d150-bs50-f1.000-r00:020250.999: (149 sec)
exp051-n3072-k20-d150-bs50-f1.000-r00:020250.999: Loop 96/100
exp051-n3072-k20-d150-bs50-f1.000-r00:020406.611: log(exp-norms): [3072.0, 3073.83, 3073.09]
exp051-n3072-k20-d150-bs50-f1.000-r00:020406.611: log(norms):     [3073.98, 3074.03, 3074.02, 3074.13, 3074.09, 3074.16, 3074.24, 3074.34, 3074.16, 3074.35]
exp051-n3072-k20-d150-bs50-f1.000-r00:020406.627: (156 sec)
exp051-n3072-k20-d150-bs50-f1.000-r00:020406.627: Loop 97/100
exp051-n3072-k20-d150-bs50-f1.000-r00:020563.973: log(exp-norms): [3072.0, 3073.83, 3073.09]
exp051-n3072-k20-d150-bs50-f1.000-r00:020563.973: log(norms):     [3073.98, 3074.03, 3074.02, 3074.13, 3074.09, 3074.16, 3074.24, 3074.34, 3074.34, 3074.16]
exp051-n3072-k20-d150-bs50-f1.000-r00:020563.989: (158 sec)
exp051-n3072-k20-d150-bs50-f1.000-r00:020563.989: Loop 98/100
exp051-n3072-k20-d150-bs50-f1.000-r00:020710.619: log(exp-norms): [3072.0, 3073.83, 3073.09]
exp051-n3072-k20-d150-bs50-f1.000-r00:020710.620: log(norms):     [3073.98, 3074.03, 3074.02, 3074.13, 3074.09, 3074.16, 3074.24, 3074.34, 3074.34, 3074.36]
exp051-n3072-k20-d150-bs50-f1.000-r00:020710.635: (147 sec)
exp051-n3072-k20-d150-bs50-f1.000-r00:020710.635: Loop 99/100
exp051-n3072-k20-d150-bs50-f1.000-r00:020856.362: log(exp-norms): [3072.0, 3073.83, 3073.09]
exp051-n3072-k20-d150-bs50-f1.000-r00:020856.362: log(norms):     [3073.98, 3074.03, 3074.02, 3074.13, 3074.09, 3074.16, 3074.24, 3074.34, 3074.19, 3074.34]
exp051-n3072-k20-d150-bs50-f1.000-r00:020856.378: (146 sec)
exp051-n3072-k20-d150-bs50-f1.000-r00:020856.378: Loop 100/100
exp051-n3072-k20-d150-bs50-f1.000-r00:021003.101: log(exp-norms): [3072.0, 3073.83, 3073.09]
exp051-n3072-k20-d150-bs50-f1.000-r00:021003.102: log(norms):     [3073.98, 3074.03, 3074.02, 3074.13, 3074.09, 3074.16, 3074.24, 3074.34, 3074.19, 3074.34]
exp051-n3072-k20-d150-bs50-f1.000-r00:021003.117: (147 sec)
exp051-n3072-k20-d150-bs50-f1.000-r00:021003.117: ==========================Summary===========================
exp051-n3072-k20-d150-bs50-f1.000-r00:021003.117: Total time: 21003sec
exp051-n3072-k20-d150-bs50-f1.000-r00:021003.117: FAIL
exp051-n3072-k20-d150-bs50-f1.000-r00:021003.117: SUMMARY:n:3072:k:20:d:150:bs:50:t:21003:r:False
