exp035-n3072-k20-d190-bs40-f1.000-r00:000000.435: ==========================Instance==========================
exp035-n3072-k20-d190-bs40-f1.000-r00:000000.435: # of equations: 190
exp035-n3072-k20-d190-bs40-f1.000-r00:000000.441: Gap: 11.53
exp035-n3072-k20-d190-bs40-f1.000-r00:000000.451: Tau: 39.67
exp035-n3072-k20-d190-bs40-f1.000-r00:000000.452: ======================BKZ-40 reduction======================
exp035-n3072-k20-d190-bs40-f1.000-r00:000005.105: Expectedly achievable log(norm): 3079.23
exp035-n3072-k20-d190-bs40-f1.000-r00:000010.039: log(exp-norms): [3072.0, 3074.0, 3077.53]
exp035-n3072-k20-d190-bs40-f1.000-r00:000010.040: log(norms):     [3094.97, 3074.79, 3092.0, 3092.0, 3092.0, 3092.0, 3092.0, 3092.0, 3092.0, 3092.0]
exp035-n3072-k20-d190-bs40-f1.000-r00:000010.136: Loop 1/100
exp035-n3072-k20-d190-bs40-f1.000-r00:003059.150: log(exp-norms): [3072.0, 3074.0, 3077.53]
exp035-n3072-k20-d190-bs40-f1.000-r00:003059.151: log(norms):     [3072.0, 3074.79, 3081.36, 3081.37, 3081.36, 3081.6, 3081.47, 3081.33, 3081.04, 3081.36]
exp035-n3072-k20-d190-bs40-f1.000-r00:003059.187: (3050 sec)
exp035-n3072-k20-d190-bs40-f1.000-r00:003059.188: Loop 2/100
exp035-n3072-k20-d190-bs40-f1.000-r00:003217.635: log(exp-norms): [3072.0, 3074.0, 3077.53]
exp035-n3072-k20-d190-bs40-f1.000-r00:003217.636: log(norms):     [3072.0, 3074.79, 3080.92, 3081.06, 3081.12, 3081.01, 3081.14, 3080.99, 3080.87, 3081.18]
exp035-n3072-k20-d190-bs40-f1.000-r00:003217.670: (159 sec)
exp035-n3072-k20-d190-bs40-f1.000-r00:003217.670: Loop 3/100
exp035-n3072-k20-d190-bs40-f1.000-r00:003362.941: log(exp-norms): [3072.0, 3074.0, 3077.53]
exp035-n3072-k20-d190-bs40-f1.000-r00:003362.941: log(norms):     [3072.0, 3074.0, 3074.79, 3080.63, 3080.66, 3080.82, 3080.86, 3080.75, 3080.82, 3080.83]
exp035-n3072-k20-d190-bs40-f1.000-r00:003362.976: (146 sec)
exp035-n3072-k20-d190-bs40-f1.000-r00:003362.977: ==========================Summary===========================
exp035-n3072-k20-d190-bs40-f1.000-r00:003362.977: Total time: 3363sec
exp035-n3072-k20-d190-bs40-f1.000-r00:003362.977: SUCCESS
exp035-n3072-k20-d190-bs40-f1.000-r00:003362.977: HNP solution: 5254079764027161174016261790597937424845525211128216897708401680310855370601638156054125029039961478377145432549972499287462404288721516312210607362595614747332462791265541128932342662342036849132356693762493692248025771293368005713956142408740647879514480648146124972781351086655649028301715002884799479613279651603014629645697435676412069963924081580958757214928432657249155092842585485737358958824575235813973278064865816348277037736913965015927177893556539200912950260195849856495245451963291697889669845779263563403933227995449732794510168312845706887060748063922509968004978445504246368943445003725101871288651782866779314813011248012165264678547500569865725136544944073922605454005257529765167169318184207953191863426811485721305309067207472372863028495212445488468327031290832187590319353272052836579816077575351670079234505940572307155503134303521168468844555097414078346493214666041077902938122005521089150474257814
exp035-n3072-k20-d190-bs40-f1.000-r00:003362.977: Shared secret: 5254079764027161174016261790597937424845525211128216897708401680310855370601638156054125029039961478377145432549972499287462404288721516312210607362595614747332462791265541128932342662342036849132356693762493692248025771293368005713956142408740647879514480648146124972781351086655649028301715002884799479613279651603014629645697435676412069963924081580958757214928432657249155092842585485737358958824575235813973278064865816348277037736913965015927177893556539200912950260195849856495245451963291697889669845779263563403933227995449732794510168312845706887060748063922509968004978445504246368943445003725101871288651782866779314813011248012165264678547500569865725136544944073922605454005257529765167169318184207953191863426811485721305309067207472372863028495212445488468327031290832187590319353272052836579816077575351670079234505940572307155503134303521168468844555097414078346493214666041077902938122005521089150474257814
exp035-n3072-k20-d190-bs40-f1.000-r00:003362.977: SUMMARY:n:3072:k:20:d:190:bs:40:t:3363:r:True
