exp064-n3072-k16-d230-bs50-f1.000-r00:000000.523: ==========================Instance==========================
exp064-n3072-k16-d230-bs50-f1.000-r00:000000.524: # of equations: 230
exp064-n3072-k16-d230-bs50-f1.000-r00:000000.532: Gap: 5.13
exp064-n3072-k16-d230-bs50-f1.000-r00:000000.550: Tau: 7.13
exp064-n3072-k16-d230-bs50-f1.000-r00:000000.551: ======================BKZ-50 reduction======================
exp064-n3072-k16-d230-bs50-f1.000-r00:000008.020: Expectedly achievable log(norm): 3078.63
exp064-n3072-k16-d230-bs50-f1.000-r00:000015.288: log(exp-norms): [3072.0, 3074.14, 3076.49]
exp064-n3072-k16-d230-bs50-f1.000-r00:000015.288: log(norms):     [3091.18, 3074.93, 3088.0, 3088.0, 3088.0, 3088.0, 3088.0, 3088.0, 3088.0, 3088.0]
exp064-n3072-k16-d230-bs50-f1.000-r00:000015.389: Loop 1/100
exp064-n3072-k16-d230-bs50-f1.000-r00:010900.732: log(exp-norms): [3072.0, 3074.14, 3076.49]
exp064-n3072-k16-d230-bs50-f1.000-r00:010900.732: log(norms):     [3074.93, 3080.95, 3081.08, 3081.01, 3081.05, 3081.2, 3081.09, 3081.03, 3081.34, 3080.99]
exp064-n3072-k16-d230-bs50-f1.000-r00:010900.757: (10886 sec)
exp064-n3072-k16-d230-bs50-f1.000-r00:010900.757: Loop 2/100
exp064-n3072-k16-d230-bs50-f1.000-r00:011776.940: log(exp-norms): [3072.0, 3074.14, 3076.49]
exp064-n3072-k16-d230-bs50-f1.000-r00:011776.940: log(norms):     [3074.93, 3080.56, 3080.56, 3080.66, 3080.79, 3080.67, 3080.57, 3080.72, 3080.73, 3080.63]
exp064-n3072-k16-d230-bs50-f1.000-r00:011776.963: (877 sec)
exp064-n3072-k16-d230-bs50-f1.000-r00:011776.964: Loop 3/100
exp064-n3072-k16-d230-bs50-f1.000-r00:012639.122: log(exp-norms): [3072.0, 3074.14, 3076.49]
exp064-n3072-k16-d230-bs50-f1.000-r00:012639.122: log(norms):     [3074.93, 3080.29, 3080.29, 3080.33, 3080.35, 3080.49, 3080.45, 3080.42, 3080.39, 3080.37]
exp064-n3072-k16-d230-bs50-f1.000-r00:012639.146: (863 sec)
exp064-n3072-k16-d230-bs50-f1.000-r00:012639.146: Loop 4/100
exp064-n3072-k16-d230-bs50-f1.000-r00:013436.487: log(exp-norms): [3072.0, 3074.14, 3076.49]
exp064-n3072-k16-d230-bs50-f1.000-r00:013436.487: log(norms):     [3072.0, 3074.93, 3079.89, 3079.99, 3080.04, 3080.06, 3080.2, 3080.01, 3080.13, 3080.09]
exp064-n3072-k16-d230-bs50-f1.000-r00:013436.511: (798 sec)
exp064-n3072-k16-d230-bs50-f1.000-r00:013436.512: Loop 5/100
exp064-n3072-k16-d230-bs50-f1.000-r00:014204.694: log(exp-norms): [3072.0, 3074.14, 3076.49]
exp064-n3072-k16-d230-bs50-f1.000-r00:014204.694: log(norms):     [3072.0, 3074.93, 3079.69, 3079.81, 3079.94, 3079.89, 3079.87, 3079.98, 3079.94, 3079.97]
exp064-n3072-k16-d230-bs50-f1.000-r00:014204.718: (769 sec)
exp064-n3072-k16-d230-bs50-f1.000-r00:014204.718: Loop 6/100
exp064-n3072-k16-d230-bs50-f1.000-r00:014956.929: log(exp-norms): [3072.0, 3074.14, 3076.49]
exp064-n3072-k16-d230-bs50-f1.000-r00:014956.929: log(norms):     [3072.0, 3074.93, 3079.43, 3079.54, 3079.69, 3079.56, 3079.51, 3079.52, 3079.71, 3079.84]
exp064-n3072-k16-d230-bs50-f1.000-r00:014956.953: (753 sec)
exp064-n3072-k16-d230-bs50-f1.000-r00:014956.953: Loop 7/100
exp064-n3072-k16-d230-bs50-f1.000-r00:015689.242: log(exp-norms): [3072.0, 3074.14, 3076.49]
exp064-n3072-k16-d230-bs50-f1.000-r00:015689.242: log(norms):     [3072.0, 3074.93, 3079.2, 3079.43, 3079.47, 3079.42, 3079.51, 3079.56, 3079.47, 3079.5]
exp064-n3072-k16-d230-bs50-f1.000-r00:015689.266: (733 sec)
exp064-n3072-k16-d230-bs50-f1.000-r00:015689.266: Loop 8/100
exp064-n3072-k16-d230-bs50-f1.000-r00:016410.787: log(exp-norms): [3072.0, 3074.14, 3076.49]
exp064-n3072-k16-d230-bs50-f1.000-r00:016410.787: log(norms):     [3072.0, 3074.93, 3079.2, 3079.25, 3079.37, 3079.39, 3079.25, 3079.33, 3079.27, 3079.47]
exp064-n3072-k16-d230-bs50-f1.000-r00:016410.811: (722 sec)
exp064-n3072-k16-d230-bs50-f1.000-r00:016410.811: Loop 9/100
exp064-n3072-k16-d230-bs50-f1.000-r00:017110.009: log(exp-norms): [3072.0, 3074.14, 3076.49]
exp064-n3072-k16-d230-bs50-f1.000-r00:017110.009: log(norms):     [3072.0, 3074.93, 3079.17, 3079.26, 3079.19, 3079.34, 3079.23, 3079.23, 3079.41, 3079.14]
exp064-n3072-k16-d230-bs50-f1.000-r00:017110.033: (700 sec)
exp064-n3072-k16-d230-bs50-f1.000-r00:017110.034: Loop 10/100
exp064-n3072-k16-d230-bs50-f1.000-r00:017804.026: log(exp-norms): [3072.0, 3074.14, 3076.49]
exp064-n3072-k16-d230-bs50-f1.000-r00:017804.026: log(norms):     [3072.0, 3074.93, 3079.05, 3079.14, 3079.13, 3079.12, 3079.28, 3079.27, 3079.19, 3079.14]
exp064-n3072-k16-d230-bs50-f1.000-r00:017804.050: (695 sec)
exp064-n3072-k16-d230-bs50-f1.000-r00:017804.050: Loop 11/100
exp064-n3072-k16-d230-bs50-f1.000-r00:018487.232: log(exp-norms): [3072.0, 3074.14, 3076.49]
exp064-n3072-k16-d230-bs50-f1.000-r00:018487.232: log(norms):     [3072.0, 3074.93, 3079.01, 3079.06, 3079.14, 3079.2, 3079.11, 3079.02, 3079.06, 3079.21]
exp064-n3072-k16-d230-bs50-f1.000-r00:018487.255: (684 sec)
exp064-n3072-k16-d230-bs50-f1.000-r00:018487.256: Loop 12/100
exp064-n3072-k16-d230-bs50-f1.000-r00:019164.535: log(exp-norms): [3072.0, 3074.14, 3076.49]
exp064-n3072-k16-d230-bs50-f1.000-r00:019164.536: log(norms):     [3072.0, 3074.93, 3078.9, 3078.97, 3079.14, 3078.95, 3079.19, 3079.03, 3079.05, 3079.13]
exp064-n3072-k16-d230-bs50-f1.000-r00:019164.560: (678 sec)
exp064-n3072-k16-d230-bs50-f1.000-r00:019164.560: Loop 13/100
exp064-n3072-k16-d230-bs50-f1.000-r00:019828.414: log(exp-norms): [3072.0, 3074.14, 3076.49]
exp064-n3072-k16-d230-bs50-f1.000-r00:019828.415: log(norms):     [3072.0, 3074.93, 3078.88, 3078.89, 3078.9, 3078.97, 3079.07, 3079.04, 3078.94, 3079.12]
exp064-n3072-k16-d230-bs50-f1.000-r00:019828.438: (664 sec)
exp064-n3072-k16-d230-bs50-f1.000-r00:019828.438: Loop 14/100
exp064-n3072-k16-d230-bs50-f1.000-r00:020484.721: log(exp-norms): [3072.0, 3074.14, 3076.49]
exp064-n3072-k16-d230-bs50-f1.000-r00:020484.721: log(norms):     [3072.0, 3074.93, 3078.81, 3078.91, 3078.95, 3078.93, 3079.0, 3079.13, 3079.02, 3078.96]
exp064-n3072-k16-d230-bs50-f1.000-r00:020484.744: (657 sec)
exp064-n3072-k16-d230-bs50-f1.000-r00:020484.745: Loop 15/100
exp064-n3072-k16-d230-bs50-f1.000-r00:021142.858: log(exp-norms): [3072.0, 3074.14, 3076.49]
exp064-n3072-k16-d230-bs50-f1.000-r00:021142.859: log(norms):     [3072.0, 3074.93, 3078.81, 3078.91, 3078.95, 3078.93, 3079.0, 3079.05, 3078.95, 3078.94]
exp064-n3072-k16-d230-bs50-f1.000-r00:021142.882: (659 sec)
exp064-n3072-k16-d230-bs50-f1.000-r00:021142.882: Loop 16/100
exp064-n3072-k16-d230-bs50-f1.000-r00:021773.279: log(exp-norms): [3072.0, 3074.14, 3076.49]
exp064-n3072-k16-d230-bs50-f1.000-r00:021773.279: log(norms):     [3072.0, 3074.93, 3078.77, 3078.92, 3079.02, 3078.93, 3078.85, 3079.06, 3078.84, 3078.84]
exp064-n3072-k16-d230-bs50-f1.000-r00:021773.302: (631 sec)
exp064-n3072-k16-d230-bs50-f1.000-r00:021773.302: Loop 17/100
exp064-n3072-k16-d230-bs50-f1.000-r00:022412.951: log(exp-norms): [3072.0, 3074.14, 3076.49]
exp064-n3072-k16-d230-bs50-f1.000-r00:022412.952: log(norms):     [3072.0, 3074.93, 3078.77, 3078.92, 3078.97, 3078.85, 3079.02, 3078.95, 3078.95, 3078.84]
exp064-n3072-k16-d230-bs50-f1.000-r00:022412.975: (640 sec)
exp064-n3072-k16-d230-bs50-f1.000-r00:022412.975: Loop 18/100
exp064-n3072-k16-d230-bs50-f1.000-r00:023039.871: log(exp-norms): [3072.0, 3074.14, 3076.49]
exp064-n3072-k16-d230-bs50-f1.000-r00:023039.871: log(norms):     [3072.0, 3074.93, 3078.73, 3078.77, 3078.84, 3078.77, 3078.89, 3078.95, 3079.01, 3078.97]
exp064-n3072-k16-d230-bs50-f1.000-r00:023039.894: (627 sec)
exp064-n3072-k16-d230-bs50-f1.000-r00:023039.895: Loop 19/100
exp064-n3072-k16-d230-bs50-f1.000-r00:023674.920: log(exp-norms): [3072.0, 3074.14, 3076.49]
exp064-n3072-k16-d230-bs50-f1.000-r00:023674.920: log(norms):     [3072.0, 3074.93, 3078.67, 3078.73, 3078.84, 3078.77, 3078.81, 3078.96, 3078.77, 3078.92]
exp064-n3072-k16-d230-bs50-f1.000-r00:023674.943: (636 sec)
exp064-n3072-k16-d230-bs50-f1.000-r00:023674.944: Loop 20/100
exp064-n3072-k16-d230-bs50-f1.000-r00:024317.806: log(exp-norms): [3072.0, 3074.14, 3076.49]
exp064-n3072-k16-d230-bs50-f1.000-r00:024317.806: log(norms):     [3072.0, 3074.93, 3078.67, 3078.73, 3078.84, 3078.77, 3078.81, 3078.96, 3078.77, 3078.92]
exp064-n3072-k16-d230-bs50-f1.000-r00:024317.829: (643 sec)
exp064-n3072-k16-d230-bs50-f1.000-r00:024317.830: Loop 21/100
exp064-n3072-k16-d230-bs50-f1.000-r00:024971.198: log(exp-norms): [3072.0, 3074.14, 3076.49]
exp064-n3072-k16-d230-bs50-f1.000-r00:024971.199: log(norms):     [3072.0, 3074.93, 3078.61, 3078.67, 3078.88, 3078.83, 3078.92, 3078.88, 3078.9, 3078.83]
exp064-n3072-k16-d230-bs50-f1.000-r00:024971.222: (654 sec)
exp064-n3072-k16-d230-bs50-f1.000-r00:024971.222: Loop 22/100
exp064-n3072-k16-d230-bs50-f1.000-r00:025599.560: log(exp-norms): [3072.0, 3074.14, 3076.49]
exp064-n3072-k16-d230-bs50-f1.000-r00:025599.560: log(norms):     [3072.0, 3074.93, 3078.61, 3078.67, 3078.88, 3078.83, 3078.92, 3078.83, 3078.88, 3078.96]
exp064-n3072-k16-d230-bs50-f1.000-r00:025599.583: (629 sec)
exp064-n3072-k16-d230-bs50-f1.000-r00:025599.584: Loop 23/100
exp064-n3072-k16-d230-bs50-f1.000-r00:026243.972: log(exp-norms): [3072.0, 3074.14, 3076.49]
exp064-n3072-k16-d230-bs50-f1.000-r00:026243.972: log(norms):     [3072.0, 3074.93, 3078.61, 3078.63, 3078.67, 3078.88, 3078.8, 3078.89, 3078.89, 3078.7]
exp064-n3072-k16-d230-bs50-f1.000-r00:026243.995: (645 sec)
exp064-n3072-k16-d230-bs50-f1.000-r00:026243.996: Loop 24/100
exp064-n3072-k16-d230-bs50-f1.000-r00:026863.269: log(exp-norms): [3072.0, 3074.14, 3076.49]
exp064-n3072-k16-d230-bs50-f1.000-r00:026863.270: log(norms):     [3072.0, 3074.93, 3078.61, 3078.63, 3078.8, 3078.67, 3078.87, 3078.8, 3078.89, 3078.89]
exp064-n3072-k16-d230-bs50-f1.000-r00:026863.293: (620 sec)
exp064-n3072-k16-d230-bs50-f1.000-r00:026863.293: Loop 25/100
exp064-n3072-k16-d230-bs50-f1.000-r00:027474.197: log(exp-norms): [3072.0, 3074.14, 3076.49]
exp064-n3072-k16-d230-bs50-f1.000-r00:027474.197: log(norms):     [3072.0, 3074.93, 3078.61, 3078.63, 3078.8, 3078.67, 3078.87, 3078.8, 3078.89, 3078.89]
exp064-n3072-k16-d230-bs50-f1.000-r00:027474.219: (611 sec)
exp064-n3072-k16-d230-bs50-f1.000-r00:027474.220: Loop 26/100
exp064-n3072-k16-d230-bs50-f1.000-r00:028102.963: log(exp-norms): [3072.0, 3074.14, 3076.49]
exp064-n3072-k16-d230-bs50-f1.000-r00:028102.964: log(norms):     [3072.0, 3074.93, 3078.61, 3078.63, 3078.8, 3078.67, 3078.87, 3078.85, 3078.9, 3078.8]
exp064-n3072-k16-d230-bs50-f1.000-r00:028102.988: (629 sec)
exp064-n3072-k16-d230-bs50-f1.000-r00:028102.988: Loop 27/100
exp064-n3072-k16-d230-bs50-f1.000-r00:028715.931: log(exp-norms): [3072.0, 3074.14, 3076.49]
exp064-n3072-k16-d230-bs50-f1.000-r00:028715.932: log(norms):     [3072.0, 3074.93, 3078.61, 3078.63, 3078.69, 3078.85, 3078.8, 3078.89, 3078.87, 3078.67]
exp064-n3072-k16-d230-bs50-f1.000-r00:028715.955: (613 sec)
exp064-n3072-k16-d230-bs50-f1.000-r00:028715.955: Loop 28/100
exp064-n3072-k16-d230-bs50-f1.000-r00:029344.824: log(exp-norms): [3072.0, 3074.14, 3076.49]
exp064-n3072-k16-d230-bs50-f1.000-r00:029344.824: log(norms):     [3072.0, 3074.93, 3078.61, 3078.63, 3078.69, 3078.85, 3078.8, 3078.89, 3078.92, 3078.86]
exp064-n3072-k16-d230-bs50-f1.000-r00:029344.848: (629 sec)
exp064-n3072-k16-d230-bs50-f1.000-r00:029344.848: Loop 29/100
exp064-n3072-k16-d230-bs50-f1.000-r00:029952.503: log(exp-norms): [3072.0, 3074.14, 3076.49]
exp064-n3072-k16-d230-bs50-f1.000-r00:029952.504: log(norms):     [3072.0, 3074.93, 3078.61, 3078.63, 3078.69, 3078.85, 3078.77, 3078.8, 3078.89, 3078.86]
exp064-n3072-k16-d230-bs50-f1.000-r00:029952.528: (608 sec)
exp064-n3072-k16-d230-bs50-f1.000-r00:029952.528: Loop 30/100
exp064-n3072-k16-d230-bs50-f1.000-r00:030568.649: log(exp-norms): [3072.0, 3074.14, 3076.49]
exp064-n3072-k16-d230-bs50-f1.000-r00:030568.649: log(norms):     [3072.0, 3074.93, 3078.61, 3078.63, 3078.69, 3078.85, 3078.77, 3078.8, 3078.89, 3078.86]
exp064-n3072-k16-d230-bs50-f1.000-r00:030568.673: (617 sec)
exp064-n3072-k16-d230-bs50-f1.000-r00:030568.674: Loop 31/100
exp064-n3072-k16-d230-bs50-f1.000-r00:031189.265: log(exp-norms): [3072.0, 3074.14, 3076.49]
exp064-n3072-k16-d230-bs50-f1.000-r00:031189.265: log(norms):     [3072.0, 3074.93, 3078.61, 3078.63, 3078.69, 3078.85, 3078.71, 3078.77, 3078.88, 3078.88]
exp064-n3072-k16-d230-bs50-f1.000-r00:031189.289: (621 sec)
exp064-n3072-k16-d230-bs50-f1.000-r00:031189.289: Loop 32/100
exp064-n3072-k16-d230-bs50-f1.000-r00:031812.709: log(exp-norms): [3072.0, 3074.14, 3076.49]
exp064-n3072-k16-d230-bs50-f1.000-r00:031812.709: log(norms):     [3072.0, 3074.93, 3078.61, 3078.63, 3078.69, 3078.85, 3078.71, 3078.77, 3078.8, 3078.8]
exp064-n3072-k16-d230-bs50-f1.000-r00:031812.733: (624 sec)
exp064-n3072-k16-d230-bs50-f1.000-r00:031812.733: Loop 33/100
exp064-n3072-k16-d230-bs50-f1.000-r00:032423.022: log(exp-norms): [3072.0, 3074.14, 3076.49]
exp064-n3072-k16-d230-bs50-f1.000-r00:032423.022: log(norms):     [3072.0, 3074.93, 3078.61, 3078.63, 3078.69, 3078.85, 3078.71, 3078.77, 3078.68, 3078.64]
exp064-n3072-k16-d230-bs50-f1.000-r00:032423.045: (611 sec)
exp064-n3072-k16-d230-bs50-f1.000-r00:032423.045: Loop 34/100
exp064-n3072-k16-d230-bs50-f1.000-r00:033051.106: log(exp-norms): [3072.0, 3074.14, 3076.49]
exp064-n3072-k16-d230-bs50-f1.000-r00:033051.106: log(norms):     [3072.0, 3074.93, 3078.61, 3078.63, 3078.69, 3078.85, 3078.71, 3078.77, 3078.73, 3078.68]
exp064-n3072-k16-d230-bs50-f1.000-r00:033051.129: (629 sec)
exp064-n3072-k16-d230-bs50-f1.000-r00:033051.130: Loop 35/100
exp064-n3072-k16-d230-bs50-f1.000-r00:033670.789: log(exp-norms): [3072.0, 3074.14, 3076.49]
exp064-n3072-k16-d230-bs50-f1.000-r00:033670.790: log(norms):     [3072.0, 3074.93, 3078.61, 3078.63, 3078.73, 3078.74, 3078.68, 3078.71, 3078.86, 3078.77]
exp064-n3072-k16-d230-bs50-f1.000-r00:033670.813: (620 sec)
exp064-n3072-k16-d230-bs50-f1.000-r00:033670.813: Loop 36/100
exp064-n3072-k16-d230-bs50-f1.000-r00:034297.844: log(exp-norms): [3072.0, 3074.14, 3076.49]
exp064-n3072-k16-d230-bs50-f1.000-r00:034297.844: log(norms):     [3072.0, 3074.93, 3078.61, 3078.63, 3078.73, 3078.74, 3078.68, 3078.71, 3078.86, 3078.81]
exp064-n3072-k16-d230-bs50-f1.000-r00:034297.867: (628 sec)
exp064-n3072-k16-d230-bs50-f1.000-r00:034297.868: Loop 37/100
exp064-n3072-k16-d230-bs50-f1.000-r00:034915.980: log(exp-norms): [3072.0, 3074.14, 3076.49]
exp064-n3072-k16-d230-bs50-f1.000-r00:034915.981: log(norms):     [3072.0, 3074.93, 3078.61, 3078.68, 3078.63, 3078.73, 3078.69, 3078.71, 3078.65, 3078.77]
exp064-n3072-k16-d230-bs50-f1.000-r00:034916.004: (619 sec)
exp064-n3072-k16-d230-bs50-f1.000-r00:034916.004: Loop 38/100
exp064-n3072-k16-d230-bs50-f1.000-r00:035517.781: log(exp-norms): [3072.0, 3074.14, 3076.49]
exp064-n3072-k16-d230-bs50-f1.000-r00:035517.781: log(norms):     [3072.0, 3074.93, 3078.61, 3078.68, 3078.63, 3078.73, 3078.69, 3078.71, 3078.65, 3078.77]
exp064-n3072-k16-d230-bs50-f1.000-r00:035517.806: (602 sec)
exp064-n3072-k16-d230-bs50-f1.000-r00:035517.806: Loop 39/100
exp064-n3072-k16-d230-bs50-f1.000-r00:036129.865: log(exp-norms): [3072.0, 3074.14, 3076.49]
exp064-n3072-k16-d230-bs50-f1.000-r00:036129.865: log(norms):     [3072.0, 3074.93, 3078.61, 3078.68, 3078.63, 3078.73, 3078.69, 3078.71, 3078.94, 3078.95]
exp064-n3072-k16-d230-bs50-f1.000-r00:036129.888: (613 sec)
exp064-n3072-k16-d230-bs50-f1.000-r00:036129.889: Loop 40/100
exp064-n3072-k16-d230-bs50-f1.000-r00:036757.538: log(exp-norms): [3072.0, 3074.14, 3076.49]
exp064-n3072-k16-d230-bs50-f1.000-r00:036757.539: log(norms):     [3072.0, 3074.93, 3078.61, 3078.68, 3078.63, 3078.73, 3078.69, 3078.71, 3078.94, 3078.95]
exp064-n3072-k16-d230-bs50-f1.000-r00:036757.563: (628 sec)
exp064-n3072-k16-d230-bs50-f1.000-r00:036757.563: Loop 41/100
exp064-n3072-k16-d230-bs50-f1.000-r00:037373.115: log(exp-norms): [3072.0, 3074.14, 3076.49]
exp064-n3072-k16-d230-bs50-f1.000-r00:037373.116: log(norms):     [3072.0, 3074.93, 3078.61, 3078.68, 3078.63, 3078.73, 3078.69, 3078.71, 3078.88, 3078.95]
exp064-n3072-k16-d230-bs50-f1.000-r00:037373.139: (616 sec)
exp064-n3072-k16-d230-bs50-f1.000-r00:037373.139: Loop 42/100
exp064-n3072-k16-d230-bs50-f1.000-r00:037990.782: log(exp-norms): [3072.0, 3074.14, 3076.49]
exp064-n3072-k16-d230-bs50-f1.000-r00:037990.783: log(norms):     [3072.0, 3074.93, 3078.61, 3078.68, 3078.63, 3078.73, 3078.69, 3078.84, 3078.94, 3078.71]
exp064-n3072-k16-d230-bs50-f1.000-r00:037990.806: (618 sec)
exp064-n3072-k16-d230-bs50-f1.000-r00:037990.806: Loop 43/100
exp064-n3072-k16-d230-bs50-f1.000-r00:038603.859: log(exp-norms): [3072.0, 3074.14, 3076.49]
exp064-n3072-k16-d230-bs50-f1.000-r00:038603.860: log(norms):     [3072.0, 3074.93, 3078.61, 3078.68, 3078.63, 3078.73, 3078.69, 3078.84, 3078.94, 3078.87]
exp064-n3072-k16-d230-bs50-f1.000-r00:038603.884: (614 sec)
exp064-n3072-k16-d230-bs50-f1.000-r00:038603.884: Loop 44/100
exp064-n3072-k16-d230-bs50-f1.000-r00:039207.164: log(exp-norms): [3072.0, 3074.14, 3076.49]
exp064-n3072-k16-d230-bs50-f1.000-r00:039207.164: log(norms):     [3072.0, 3074.93, 3078.61, 3078.68, 3078.63, 3078.73, 3078.61, 3078.87, 3078.71, 3078.88]
exp064-n3072-k16-d230-bs50-f1.000-r00:039207.188: (604 sec)
exp064-n3072-k16-d230-bs50-f1.000-r00:039207.188: Loop 45/100
exp064-n3072-k16-d230-bs50-f1.000-r00:039819.257: log(exp-norms): [3072.0, 3074.14, 3076.49]
exp064-n3072-k16-d230-bs50-f1.000-r00:039819.257: log(norms):     [3072.0, 3074.93, 3078.61, 3078.68, 3078.63, 3078.73, 3078.61, 3078.87, 3078.71, 3078.72]
exp064-n3072-k16-d230-bs50-f1.000-r00:039819.282: (613 sec)
exp064-n3072-k16-d230-bs50-f1.000-r00:039819.282: Loop 46/100
exp064-n3072-k16-d230-bs50-f1.000-r00:040424.110: log(exp-norms): [3072.0, 3074.14, 3076.49]
exp064-n3072-k16-d230-bs50-f1.000-r00:040424.110: log(norms):     [3072.0, 3074.93, 3078.61, 3078.68, 3078.63, 3078.73, 3078.61, 3078.87, 3078.71, 3078.72]
exp064-n3072-k16-d230-bs50-f1.000-r00:040424.133: (605 sec)
exp064-n3072-k16-d230-bs50-f1.000-r00:040424.133: Loop 47/100
exp064-n3072-k16-d230-bs50-f1.000-r00:041031.132: log(exp-norms): [3072.0, 3074.14, 3076.49]
exp064-n3072-k16-d230-bs50-f1.000-r00:041031.132: log(norms):     [3072.0, 3074.93, 3078.61, 3078.68, 3078.63, 3078.73, 3078.61, 3078.87, 3078.71, 3078.72]
exp064-n3072-k16-d230-bs50-f1.000-r00:041031.156: (608 sec)
exp064-n3072-k16-d230-bs50-f1.000-r00:041031.156: Loop 48/100
exp064-n3072-k16-d230-bs50-f1.000-r00:041659.277: log(exp-norms): [3072.0, 3074.14, 3076.49]
exp064-n3072-k16-d230-bs50-f1.000-r00:041659.277: log(norms):     [3072.0, 3074.93, 3078.61, 3078.68, 3078.63, 3078.73, 3078.61, 3078.87, 3078.71, 3078.72]
exp064-n3072-k16-d230-bs50-f1.000-r00:041659.301: (629 sec)
exp064-n3072-k16-d230-bs50-f1.000-r00:041659.301: Loop 49/100
exp064-n3072-k16-d230-bs50-f1.000-r00:042268.954: log(exp-norms): [3072.0, 3074.14, 3076.49]
exp064-n3072-k16-d230-bs50-f1.000-r00:042268.954: log(norms):     [3072.0, 3074.93, 3078.61, 3078.68, 3078.63, 3078.73, 3078.61, 3078.87, 3078.71, 3078.72]
exp064-n3072-k16-d230-bs50-f1.000-r00:042268.978: (610 sec)
exp064-n3072-k16-d230-bs50-f1.000-r00:042268.978: Loop 50/100
exp064-n3072-k16-d230-bs50-f1.000-r00:042859.253: log(exp-norms): [3072.0, 3074.14, 3076.49]
exp064-n3072-k16-d230-bs50-f1.000-r00:042859.253: log(norms):     [3072.0, 3074.93, 3078.61, 3078.68, 3078.63, 3078.73, 3078.61, 3078.87, 3078.71, 3078.72]
exp064-n3072-k16-d230-bs50-f1.000-r00:042859.275: (591 sec)
exp064-n3072-k16-d230-bs50-f1.000-r00:042859.275: Loop 51/100
exp064-n3072-k16-d230-bs50-f1.000-r00:043445.094: log(exp-norms): [3072.0, 3074.14, 3076.49]
exp064-n3072-k16-d230-bs50-f1.000-r00:043445.095: log(norms):     [3072.0, 3074.93, 3078.61, 3078.68, 3078.63, 3078.73, 3078.61, 3078.87, 3078.71, 3078.78]
exp064-n3072-k16-d230-bs50-f1.000-r00:043445.117: (586 sec)
exp064-n3072-k16-d230-bs50-f1.000-r00:043445.117: Loop 52/100
exp064-n3072-k16-d230-bs50-f1.000-r00:044040.171: log(exp-norms): [3072.0, 3074.14, 3076.49]
exp064-n3072-k16-d230-bs50-f1.000-r00:044040.171: log(norms):     [3072.0, 3074.93, 3078.61, 3078.68, 3078.7, 3078.63, 3078.73, 3078.61, 3078.87, 3078.78]
exp064-n3072-k16-d230-bs50-f1.000-r00:044040.195: (596 sec)
exp064-n3072-k16-d230-bs50-f1.000-r00:044040.195: Loop 53/100
exp064-n3072-k16-d230-bs50-f1.000-r00:044626.709: log(exp-norms): [3072.0, 3074.14, 3076.49]
exp064-n3072-k16-d230-bs50-f1.000-r00:044626.709: log(norms):     [3072.0, 3074.93, 3078.6, 3078.61, 3078.68, 3078.7, 3078.63, 3078.78, 3078.87, 3078.73]
exp064-n3072-k16-d230-bs50-f1.000-r00:044626.731: (587 sec)
exp064-n3072-k16-d230-bs50-f1.000-r00:044626.731: Loop 54/100
exp064-n3072-k16-d230-bs50-f1.000-r00:045206.780: log(exp-norms): [3072.0, 3074.14, 3076.49]
exp064-n3072-k16-d230-bs50-f1.000-r00:045206.780: log(norms):     [3072.0, 3074.93, 3078.6, 3078.61, 3078.68, 3078.7, 3078.63, 3078.66, 3078.85, 3078.68]
exp064-n3072-k16-d230-bs50-f1.000-r00:045206.803: (581 sec)
exp064-n3072-k16-d230-bs50-f1.000-r00:045206.803: Loop 55/100
exp064-n3072-k16-d230-bs50-f1.000-r00:045770.931: log(exp-norms): [3072.0, 3074.14, 3076.49]
exp064-n3072-k16-d230-bs50-f1.000-r00:045770.932: log(norms):     [3072.0, 3074.93, 3078.6, 3078.61, 3078.68, 3078.7, 3078.63, 3078.66, 3078.85, 3078.68]
exp064-n3072-k16-d230-bs50-f1.000-r00:045770.954: (565 sec)
exp064-n3072-k16-d230-bs50-f1.000-r00:045770.954: Loop 56/100
exp064-n3072-k16-d230-bs50-f1.000-r00:046330.901: log(exp-norms): [3072.0, 3074.14, 3076.49]
exp064-n3072-k16-d230-bs50-f1.000-r00:046330.901: log(norms):     [3072.0, 3074.93, 3078.57, 3078.6, 3078.61, 3078.8, 3078.7, 3078.68, 3078.63, 3078.73]
exp064-n3072-k16-d230-bs50-f1.000-r00:046330.923: (560 sec)
exp064-n3072-k16-d230-bs50-f1.000-r00:046330.923: Loop 57/100
exp064-n3072-k16-d230-bs50-f1.000-r00:046921.121: log(exp-norms): [3072.0, 3074.14, 3076.49]
exp064-n3072-k16-d230-bs50-f1.000-r00:046921.121: log(norms):     [3072.0, 3074.93, 3078.57, 3078.6, 3078.61, 3078.8, 3078.7, 3078.68, 3078.63, 3078.73]
exp064-n3072-k16-d230-bs50-f1.000-r00:046921.143: (591 sec)
exp064-n3072-k16-d230-bs50-f1.000-r00:046921.143: Loop 58/100
exp064-n3072-k16-d230-bs50-f1.000-r00:047515.684: log(exp-norms): [3072.0, 3074.14, 3076.49]
exp064-n3072-k16-d230-bs50-f1.000-r00:047515.684: log(norms):     [3072.0, 3074.93, 3078.57, 3078.6, 3078.61, 3078.8, 3078.7, 3078.68, 3078.87, 3078.63]
exp064-n3072-k16-d230-bs50-f1.000-r00:047515.708: (595 sec)
exp064-n3072-k16-d230-bs50-f1.000-r00:047515.708: Loop 59/100
exp064-n3072-k16-d230-bs50-f1.000-r00:048103.049: log(exp-norms): [3072.0, 3074.14, 3076.49]
exp064-n3072-k16-d230-bs50-f1.000-r00:048103.049: log(norms):     [3072.0, 3074.93, 3078.57, 3078.63, 3078.61, 3078.7, 3078.68, 3078.63, 3078.6, 3078.87]
exp064-n3072-k16-d230-bs50-f1.000-r00:048103.071: (588 sec)
exp064-n3072-k16-d230-bs50-f1.000-r00:048103.071: Loop 60/100
exp064-n3072-k16-d230-bs50-f1.000-r00:048706.507: log(exp-norms): [3072.0, 3074.14, 3076.49]
exp064-n3072-k16-d230-bs50-f1.000-r00:048706.507: log(norms):     [3072.0, 3074.93, 3078.57, 3078.63, 3078.61, 3078.7, 3078.68, 3078.92, 3078.63, 3078.7]
exp064-n3072-k16-d230-bs50-f1.000-r00:048706.529: (604 sec)
exp064-n3072-k16-d230-bs50-f1.000-r00:048706.529: Loop 61/100
exp064-n3072-k16-d230-bs50-f1.000-r00:049286.066: log(exp-norms): [3072.0, 3074.14, 3076.49]
exp064-n3072-k16-d230-bs50-f1.000-r00:049286.066: log(norms):     [3072.0, 3074.93, 3078.57, 3078.63, 3078.61, 3078.7, 3078.68, 3078.92, 3078.63, 3078.7]
exp064-n3072-k16-d230-bs50-f1.000-r00:049286.088: (580 sec)
exp064-n3072-k16-d230-bs50-f1.000-r00:049286.088: Loop 62/100
exp064-n3072-k16-d230-bs50-f1.000-r00:049867.353: log(exp-norms): [3072.0, 3074.14, 3076.49]
exp064-n3072-k16-d230-bs50-f1.000-r00:049867.353: log(norms):     [3072.0, 3074.93, 3078.57, 3078.63, 3078.61, 3078.7, 3078.68, 3078.92, 3078.63, 3078.7]
exp064-n3072-k16-d230-bs50-f1.000-r00:049867.375: (582 sec)
exp064-n3072-k16-d230-bs50-f1.000-r00:049867.375: Loop 63/100
exp064-n3072-k16-d230-bs50-f1.000-r00:050441.983: log(exp-norms): [3072.0, 3074.14, 3076.49]
exp064-n3072-k16-d230-bs50-f1.000-r00:050441.983: log(norms):     [3072.0, 3074.93, 3078.57, 3078.63, 3078.61, 3078.7, 3078.68, 3078.92, 3078.83, 3078.78]
exp064-n3072-k16-d230-bs50-f1.000-r00:050442.005: (575 sec)
exp064-n3072-k16-d230-bs50-f1.000-r00:050442.006: Loop 64/100
exp064-n3072-k16-d230-bs50-f1.000-r00:051028.946: log(exp-norms): [3072.0, 3074.14, 3076.49]
exp064-n3072-k16-d230-bs50-f1.000-r00:051028.947: log(norms):     [3072.0, 3074.93, 3078.57, 3078.63, 3078.61, 3078.7, 3078.68, 3078.92, 3078.83, 3078.78]
exp064-n3072-k16-d230-bs50-f1.000-r00:051028.968: (587 sec)
exp064-n3072-k16-d230-bs50-f1.000-r00:051028.969: Loop 65/100
exp064-n3072-k16-d230-bs50-f1.000-r00:051601.280: log(exp-norms): [3072.0, 3074.14, 3076.49]
exp064-n3072-k16-d230-bs50-f1.000-r00:051601.280: log(norms):     [3072.0, 3074.93, 3078.57, 3078.63, 3078.61, 3078.7, 3078.68, 3078.92, 3078.88, 3078.87]
exp064-n3072-k16-d230-bs50-f1.000-r00:051601.302: (573 sec)
exp064-n3072-k16-d230-bs50-f1.000-r00:051601.302: Loop 66/100
exp064-n3072-k16-d230-bs50-f1.000-r00:052185.221: log(exp-norms): [3072.0, 3074.14, 3076.49]
exp064-n3072-k16-d230-bs50-f1.000-r00:052185.221: log(norms):     [3072.0, 3074.93, 3078.57, 3078.63, 3078.61, 3078.7, 3078.68, 3078.92, 3078.88, 3078.87]
exp064-n3072-k16-d230-bs50-f1.000-r00:052185.243: (584 sec)
exp064-n3072-k16-d230-bs50-f1.000-r00:052185.243: Loop 67/100
exp064-n3072-k16-d230-bs50-f1.000-r00:052761.975: log(exp-norms): [3072.0, 3074.14, 3076.49]
exp064-n3072-k16-d230-bs50-f1.000-r00:052761.976: log(norms):     [3072.0, 3074.93, 3078.57, 3078.63, 3078.61, 3078.7, 3078.68, 3078.92, 3078.75, 3078.88]
exp064-n3072-k16-d230-bs50-f1.000-r00:052761.997: (577 sec)
exp064-n3072-k16-d230-bs50-f1.000-r00:052761.997: Loop 68/100
exp064-n3072-k16-d230-bs50-f1.000-r00:053335.064: log(exp-norms): [3072.0, 3074.14, 3076.49]
exp064-n3072-k16-d230-bs50-f1.000-r00:053335.064: log(norms):     [3072.0, 3074.93, 3078.57, 3078.63, 3078.61, 3078.7, 3078.68, 3078.92, 3078.75, 3078.88]
exp064-n3072-k16-d230-bs50-f1.000-r00:053335.087: (574 sec)
exp064-n3072-k16-d230-bs50-f1.000-r00:053335.087: Loop 69/100
exp064-n3072-k16-d230-bs50-f1.000-r00:053918.660: log(exp-norms): [3072.0, 3074.14, 3076.49]
exp064-n3072-k16-d230-bs50-f1.000-r00:053918.660: log(norms):     [3072.0, 3074.93, 3078.57, 3078.63, 3078.61, 3078.7, 3078.68, 3078.92, 3078.75, 3078.88]
exp064-n3072-k16-d230-bs50-f1.000-r00:053918.681: (584 sec)
exp064-n3072-k16-d230-bs50-f1.000-r00:053918.682: Loop 70/100
exp064-n3072-k16-d230-bs50-f1.000-r00:054509.491: log(exp-norms): [3072.0, 3074.14, 3076.49]
exp064-n3072-k16-d230-bs50-f1.000-r00:054509.492: log(norms):     [3072.0, 3074.93, 3078.57, 3078.63, 3078.61, 3078.7, 3078.68, 3078.92, 3078.75, 3078.74]
exp064-n3072-k16-d230-bs50-f1.000-r00:054509.514: (591 sec)
exp064-n3072-k16-d230-bs50-f1.000-r00:054509.514: Loop 71/100
exp064-n3072-k16-d230-bs50-f1.000-r00:055107.978: log(exp-norms): [3072.0, 3074.14, 3076.49]
exp064-n3072-k16-d230-bs50-f1.000-r00:055107.978: log(norms):     [3072.0, 3074.93, 3078.57, 3078.63, 3078.61, 3078.7, 3078.68, 3078.92, 3078.75, 3078.74]
exp064-n3072-k16-d230-bs50-f1.000-r00:055108.000: (599 sec)
exp064-n3072-k16-d230-bs50-f1.000-r00:055108.000: Loop 72/100
exp064-n3072-k16-d230-bs50-f1.000-r00:055687.353: log(exp-norms): [3072.0, 3074.14, 3076.49]
exp064-n3072-k16-d230-bs50-f1.000-r00:055687.354: log(norms):     [3072.0, 3074.93, 3078.57, 3078.63, 3078.61, 3078.7, 3078.68, 3078.83, 3078.92, 3078.75]
exp064-n3072-k16-d230-bs50-f1.000-r00:055687.375: (580 sec)
exp064-n3072-k16-d230-bs50-f1.000-r00:055687.375: Loop 73/100
exp064-n3072-k16-d230-bs50-f1.000-r00:056271.049: log(exp-norms): [3072.0, 3074.14, 3076.49]
exp064-n3072-k16-d230-bs50-f1.000-r00:056271.049: log(norms):     [3072.0, 3074.93, 3078.57, 3078.63, 3078.61, 3078.7, 3078.68, 3078.83, 3078.92, 3078.75]
exp064-n3072-k16-d230-bs50-f1.000-r00:056271.071: (584 sec)
exp064-n3072-k16-d230-bs50-f1.000-r00:056271.071: Loop 74/100
exp064-n3072-k16-d230-bs50-f1.000-r00:056853.882: log(exp-norms): [3072.0, 3074.14, 3076.49]
exp064-n3072-k16-d230-bs50-f1.000-r00:056853.882: log(norms):     [3072.0, 3074.93, 3078.57, 3078.63, 3078.61, 3078.7, 3078.68, 3078.83, 3078.92, 3078.75]
exp064-n3072-k16-d230-bs50-f1.000-r00:056853.904: (583 sec)
exp064-n3072-k16-d230-bs50-f1.000-r00:056853.904: Loop 75/100
exp064-n3072-k16-d230-bs50-f1.000-r00:057435.977: log(exp-norms): [3072.0, 3074.14, 3076.49]
exp064-n3072-k16-d230-bs50-f1.000-r00:057435.977: log(norms):     [3072.0, 3074.93, 3078.57, 3078.63, 3078.61, 3078.7, 3078.68, 3078.83, 3078.92, 3078.75]
exp064-n3072-k16-d230-bs50-f1.000-r00:057435.999: (583 sec)
exp064-n3072-k16-d230-bs50-f1.000-r00:057435.999: Loop 76/100
exp064-n3072-k16-d230-bs50-f1.000-r00:058041.834: log(exp-norms): [3072.0, 3074.14, 3076.49]
exp064-n3072-k16-d230-bs50-f1.000-r00:058041.835: log(norms):     [3072.0, 3074.93, 3078.57, 3078.63, 3078.61, 3078.7, 3078.68, 3078.83, 3078.92, 3078.75]
exp064-n3072-k16-d230-bs50-f1.000-r00:058041.856: (606 sec)
exp064-n3072-k16-d230-bs50-f1.000-r00:058041.857: Loop 77/100
exp064-n3072-k16-d230-bs50-f1.000-r00:058641.677: log(exp-norms): [3072.0, 3074.14, 3076.49]
exp064-n3072-k16-d230-bs50-f1.000-r00:058641.678: log(norms):     [3072.0, 3074.93, 3078.57, 3078.63, 3078.61, 3078.7, 3078.68, 3078.83, 3078.92, 3078.75]
exp064-n3072-k16-d230-bs50-f1.000-r00:058641.700: (600 sec)
exp064-n3072-k16-d230-bs50-f1.000-r00:058641.700: Loop 78/100
exp064-n3072-k16-d230-bs50-f1.000-r00:059210.882: log(exp-norms): [3072.0, 3074.14, 3076.49]
exp064-n3072-k16-d230-bs50-f1.000-r00:059210.883: log(norms):     [3072.0, 3074.93, 3078.57, 3078.63, 3078.61, 3078.7, 3078.68, 3078.83, 3078.92, 3078.75]
exp064-n3072-k16-d230-bs50-f1.000-r00:059210.904: (570 sec)
exp064-n3072-k16-d230-bs50-f1.000-r00:059210.905: Loop 79/100
exp064-n3072-k16-d230-bs50-f1.000-r00:059775.742: log(exp-norms): [3072.0, 3074.14, 3076.49]
exp064-n3072-k16-d230-bs50-f1.000-r00:059775.743: log(norms):     [3072.0, 3074.93, 3078.57, 3078.63, 3078.61, 3078.7, 3078.68, 3078.83, 3078.92, 3078.75]
exp064-n3072-k16-d230-bs50-f1.000-r00:059775.764: (565 sec)
exp064-n3072-k16-d230-bs50-f1.000-r00:059775.764: Loop 80/100
exp064-n3072-k16-d230-bs50-f1.000-r00:060362.779: log(exp-norms): [3072.0, 3074.14, 3076.49]
exp064-n3072-k16-d230-bs50-f1.000-r00:060362.779: log(norms):     [3072.0, 3074.93, 3078.57, 3078.63, 3078.61, 3078.7, 3078.68, 3078.83, 3078.92, 3078.81]
exp064-n3072-k16-d230-bs50-f1.000-r00:060362.801: (588 sec)
exp064-n3072-k16-d230-bs50-f1.000-r00:060362.801: Loop 81/100
exp064-n3072-k16-d230-bs50-f1.000-r00:060938.114: log(exp-norms): [3072.0, 3074.14, 3076.49]
exp064-n3072-k16-d230-bs50-f1.000-r00:060938.115: log(norms):     [3072.0, 3074.93, 3078.57, 3078.63, 3078.61, 3078.7, 3078.68, 3078.83, 3078.92, 3078.81]
exp064-n3072-k16-d230-bs50-f1.000-r00:060938.136: (576 sec)
exp064-n3072-k16-d230-bs50-f1.000-r00:060938.137: Loop 82/100
exp064-n3072-k16-d230-bs50-f1.000-r00:061518.185: log(exp-norms): [3072.0, 3074.14, 3076.49]
exp064-n3072-k16-d230-bs50-f1.000-r00:061518.185: log(norms):     [3072.0, 3074.93, 3078.57, 3078.69, 3078.63, 3078.61, 3078.7, 3078.68, 3078.83, 3078.92]
exp064-n3072-k16-d230-bs50-f1.000-r00:061518.207: (581 sec)
exp064-n3072-k16-d230-bs50-f1.000-r00:061518.208: Loop 83/100
exp064-n3072-k16-d230-bs50-f1.000-r00:062100.575: log(exp-norms): [3072.0, 3074.14, 3076.49]
exp064-n3072-k16-d230-bs50-f1.000-r00:062100.575: log(norms):     [3072.0, 3074.93, 3078.57, 3078.69, 3078.63, 3078.63, 3078.61, 3078.68, 3078.7, 3078.83]
exp064-n3072-k16-d230-bs50-f1.000-r00:062100.599: (583 sec)
exp064-n3072-k16-d230-bs50-f1.000-r00:062100.599: Loop 84/100
exp064-n3072-k16-d230-bs50-f1.000-r00:062674.737: log(exp-norms): [3072.0, 3074.14, 3076.49]
exp064-n3072-k16-d230-bs50-f1.000-r00:062674.737: log(norms):     [3072.0, 3074.93, 3078.57, 3078.69, 3078.63, 3078.63, 3078.61, 3078.68, 3078.7, 3078.83]
exp064-n3072-k16-d230-bs50-f1.000-r00:062674.759: (575 sec)
exp064-n3072-k16-d230-bs50-f1.000-r00:062674.759: Loop 85/100
exp064-n3072-k16-d230-bs50-f1.000-r00:063259.196: log(exp-norms): [3072.0, 3074.14, 3076.49]
exp064-n3072-k16-d230-bs50-f1.000-r00:063259.197: log(norms):     [3072.0, 3074.93, 3078.57, 3078.69, 3078.63, 3078.63, 3078.61, 3078.68, 3078.7, 3078.83]
exp064-n3072-k16-d230-bs50-f1.000-r00:063259.218: (585 sec)
exp064-n3072-k16-d230-bs50-f1.000-r00:063259.218: Loop 86/100
exp064-n3072-k16-d230-bs50-f1.000-r00:063829.191: log(exp-norms): [3072.0, 3074.14, 3076.49]
exp064-n3072-k16-d230-bs50-f1.000-r00:063829.191: log(norms):     [3072.0, 3074.93, 3078.57, 3078.69, 3078.63, 3078.63, 3078.61, 3078.68, 3078.7, 3078.83]
exp064-n3072-k16-d230-bs50-f1.000-r00:063829.213: (570 sec)
exp064-n3072-k16-d230-bs50-f1.000-r00:063829.213: Loop 87/100
exp064-n3072-k16-d230-bs50-f1.000-r00:064408.187: log(exp-norms): [3072.0, 3074.14, 3076.49]
exp064-n3072-k16-d230-bs50-f1.000-r00:064408.188: log(norms):     [3072.0, 3074.93, 3078.57, 3078.69, 3078.63, 3078.63, 3078.61, 3078.68, 3078.7, 3078.67]
exp064-n3072-k16-d230-bs50-f1.000-r00:064408.209: (579 sec)
exp064-n3072-k16-d230-bs50-f1.000-r00:064408.210: Loop 88/100
exp064-n3072-k16-d230-bs50-f1.000-r00:064999.229: log(exp-norms): [3072.0, 3074.14, 3076.49]
exp064-n3072-k16-d230-bs50-f1.000-r00:064999.229: log(norms):     [3072.0, 3074.93, 3078.57, 3078.69, 3078.63, 3078.63, 3078.61, 3078.78, 3078.68, 3078.67]
exp064-n3072-k16-d230-bs50-f1.000-r00:064999.251: (592 sec)
exp064-n3072-k16-d230-bs50-f1.000-r00:064999.251: Loop 89/100
exp064-n3072-k16-d230-bs50-f1.000-r00:065574.611: log(exp-norms): [3072.0, 3074.14, 3076.49]
exp064-n3072-k16-d230-bs50-f1.000-r00:065574.611: log(norms):     [3072.0, 3074.93, 3078.57, 3078.69, 3078.63, 3078.63, 3078.61, 3078.78, 3078.68, 3078.67]
exp064-n3072-k16-d230-bs50-f1.000-r00:065574.633: (576 sec)
exp064-n3072-k16-d230-bs50-f1.000-r00:065574.633: Loop 90/100
exp064-n3072-k16-d230-bs50-f1.000-r00:066159.295: log(exp-norms): [3072.0, 3074.14, 3076.49]
exp064-n3072-k16-d230-bs50-f1.000-r00:066159.295: log(norms):     [3072.0, 3074.93, 3078.57, 3078.69, 3078.63, 3078.63, 3078.61, 3078.78, 3078.68, 3078.67]
exp064-n3072-k16-d230-bs50-f1.000-r00:066159.317: (585 sec)
exp064-n3072-k16-d230-bs50-f1.000-r00:066159.318: Loop 91/100
exp064-n3072-k16-d230-bs50-f1.000-r00:066748.244: log(exp-norms): [3072.0, 3074.14, 3076.49]
exp064-n3072-k16-d230-bs50-f1.000-r00:066748.244: log(norms):     [3072.0, 3074.93, 3078.57, 3078.69, 3078.63, 3078.59, 3078.7, 3078.63, 3078.61, 3078.81]
exp064-n3072-k16-d230-bs50-f1.000-r00:066748.266: (589 sec)
exp064-n3072-k16-d230-bs50-f1.000-r00:066748.266: Loop 92/100
exp064-n3072-k16-d230-bs50-f1.000-r00:067324.026: log(exp-norms): [3072.0, 3074.14, 3076.49]
exp064-n3072-k16-d230-bs50-f1.000-r00:067324.027: log(norms):     [3072.0, 3074.93, 3078.57, 3078.69, 3078.63, 3078.59, 3078.7, 3078.63, 3078.61, 3078.81]
exp064-n3072-k16-d230-bs50-f1.000-r00:067324.048: (576 sec)
exp064-n3072-k16-d230-bs50-f1.000-r00:067324.049: Loop 93/100
exp064-n3072-k16-d230-bs50-f1.000-r00:067885.540: log(exp-norms): [3072.0, 3074.14, 3076.49]
exp064-n3072-k16-d230-bs50-f1.000-r00:067885.540: log(norms):     [3072.0, 3074.93, 3078.57, 3078.69, 3078.63, 3078.59, 3078.7, 3078.63, 3078.61, 3078.81]
exp064-n3072-k16-d230-bs50-f1.000-r00:067885.562: (562 sec)
exp064-n3072-k16-d230-bs50-f1.000-r00:067885.562: Loop 94/100
exp064-n3072-k16-d230-bs50-f1.000-r00:068470.635: log(exp-norms): [3072.0, 3074.14, 3076.49]
exp064-n3072-k16-d230-bs50-f1.000-r00:068470.635: log(norms):     [3072.0, 3074.93, 3078.57, 3078.69, 3078.63, 3078.59, 3078.7, 3078.63, 3078.61, 3078.81]
exp064-n3072-k16-d230-bs50-f1.000-r00:068470.657: (586 sec)
exp064-n3072-k16-d230-bs50-f1.000-r00:068470.657: Loop 95/100
exp064-n3072-k16-d230-bs50-f1.000-r00:069052.761: log(exp-norms): [3072.0, 3074.14, 3076.49]
exp064-n3072-k16-d230-bs50-f1.000-r00:069052.761: log(norms):     [3072.0, 3074.93, 3078.57, 3078.69, 3078.63, 3078.59, 3078.7, 3078.63, 3078.61, 3078.79]
exp064-n3072-k16-d230-bs50-f1.000-r00:069052.783: (583 sec)
exp064-n3072-k16-d230-bs50-f1.000-r00:069052.783: Loop 96/100
exp064-n3072-k16-d230-bs50-f1.000-r00:069645.922: log(exp-norms): [3072.0, 3074.14, 3076.49]
exp064-n3072-k16-d230-bs50-f1.000-r00:069645.922: log(norms):     [3072.0, 3074.93, 3078.57, 3078.69, 3078.63, 3078.59, 3078.7, 3078.63, 3078.61, 3078.79]
exp064-n3072-k16-d230-bs50-f1.000-r00:069645.944: (594 sec)
exp064-n3072-k16-d230-bs50-f1.000-r00:069645.944: Loop 97/100
exp064-n3072-k16-d230-bs50-f1.000-r00:070235.675: log(exp-norms): [3072.0, 3074.14, 3076.49]
exp064-n3072-k16-d230-bs50-f1.000-r00:070235.676: log(norms):     [3072.0, 3074.93, 3078.57, 3078.69, 3078.63, 3078.76, 3078.59, 3078.82, 3078.63, 3078.79]
exp064-n3072-k16-d230-bs50-f1.000-r00:070235.697: (590 sec)
exp064-n3072-k16-d230-bs50-f1.000-r00:070235.697: Loop 98/100
exp064-n3072-k16-d230-bs50-f1.000-r00:070823.300: log(exp-norms): [3072.0, 3074.14, 3076.49]
exp064-n3072-k16-d230-bs50-f1.000-r00:070823.300: log(norms):     [3072.0, 3074.93, 3078.57, 3078.69, 3078.63, 3078.76, 3078.59, 3078.82, 3078.63, 3078.79]
exp064-n3072-k16-d230-bs50-f1.000-r00:070823.323: (588 sec)
exp064-n3072-k16-d230-bs50-f1.000-r00:070823.324: Loop 99/100
exp064-n3072-k16-d230-bs50-f1.000-r00:071426.997: log(exp-norms): [3072.0, 3074.14, 3076.49]
exp064-n3072-k16-d230-bs50-f1.000-r00:071426.997: log(norms):     [3072.0, 3074.93, 3078.57, 3078.69, 3078.63, 3078.76, 3078.68, 3078.59, 3078.82, 3078.74]
exp064-n3072-k16-d230-bs50-f1.000-r00:071427.019: (604 sec)
exp064-n3072-k16-d230-bs50-f1.000-r00:071427.019: Loop 100/100
exp064-n3072-k16-d230-bs50-f1.000-r00:071997.360: log(exp-norms): [3072.0, 3074.14, 3076.49]
exp064-n3072-k16-d230-bs50-f1.000-r00:071997.360: log(norms):     [3072.0, 3074.93, 3078.57, 3078.69, 3078.63, 3078.76, 3078.68, 3078.59, 3078.82, 3078.74]
exp064-n3072-k16-d230-bs50-f1.000-r00:071997.381: (571 sec)
exp064-n3072-k16-d230-bs50-f1.000-r00:071997.382: ==========================Summary===========================
exp064-n3072-k16-d230-bs50-f1.000-r00:071997.382: Total time: 71997sec
exp064-n3072-k16-d230-bs50-f1.000-r00:071997.382: FAIL
exp064-n3072-k16-d230-bs50-f1.000-r00:071997.382: SUMMARY:n:3072:k:16:d:230:bs:50:t:71997:r:False
