exp042-n3072-k20-d160-bs50-f1.000-r00:000000.377: ==========================Instance==========================
exp042-n3072-k20-d160-bs50-f1.000-r00:000000.377: # of equations: 160
exp042-n3072-k20-d160-bs50-f1.000-r00:000000.381: Gap: 1.44
exp042-n3072-k20-d160-bs50-f1.000-r00:000000.391: Tau: 0.67
exp042-n3072-k20-d160-bs50-f1.000-r00:000000.392: ======================BKZ-50 reduction======================
exp042-n3072-k20-d160-bs50-f1.000-r00:000003.628: Expectedly achievable log(norm): 3075.58
exp042-n3072-k20-d160-bs50-f1.000-r00:000006.954: log(exp-norms): [3072.0, 3073.88, 3074.4]
exp042-n3072-k20-d160-bs50-f1.000-r00:000006.955: log(norms):     [3094.84, 3074.67, 3092.0, 3092.0, 3092.0, 3092.0, 3092.0, 3092.0, 3092.0, 3092.0]
exp042-n3072-k20-d160-bs50-f1.000-r00:000007.054: Loop 1/100
exp042-n3072-k20-d160-bs50-f1.000-r00:002258.990: log(exp-norms): [3072.0, 3073.88, 3074.4]
exp042-n3072-k20-d160-bs50-f1.000-r00:002258.992: log(norms):     [3074.67, 3077.09, 3077.16, 3077.03, 3077.16, 3077.24, 3077.26, 3077.13, 3077.2, 3077.21]
exp042-n3072-k20-d160-bs50-f1.000-r00:002259.024: (2252 sec)
exp042-n3072-k20-d160-bs50-f1.000-r00:002259.025: Loop 2/100
exp042-n3072-k20-d160-bs50-f1.000-r00:002755.837: log(exp-norms): [3072.0, 3073.88, 3074.4]
exp042-n3072-k20-d160-bs50-f1.000-r00:002755.838: log(norms):     [3074.67, 3076.65, 3076.76, 3076.82, 3076.7, 3076.79, 3076.71, 3076.78, 3076.76, 3076.59]
exp042-n3072-k20-d160-bs50-f1.000-r00:002755.873: (497 sec)
exp042-n3072-k20-d160-bs50-f1.000-r00:002755.874: Loop 3/100
exp042-n3072-k20-d160-bs50-f1.000-r00:003227.011: log(exp-norms): [3072.0, 3073.88, 3074.4]
exp042-n3072-k20-d160-bs50-f1.000-r00:003227.012: log(norms):     [3072.0, 3074.67, 3076.26, 3076.3, 3076.29, 3076.36, 3076.35, 3076.51, 3076.51, 3076.51]
exp042-n3072-k20-d160-bs50-f1.000-r00:003227.048: (472 sec)
exp042-n3072-k20-d160-bs50-f1.000-r00:003227.048: Loop 4/100
exp042-n3072-k20-d160-bs50-f1.000-r00:003671.805: log(exp-norms): [3072.0, 3073.88, 3074.4]
exp042-n3072-k20-d160-bs50-f1.000-r00:003671.807: log(norms):     [3072.0, 3074.67, 3076.02, 3076.02, 3076.06, 3076.16, 3076.14, 3076.15, 3076.11, 3076.04]
exp042-n3072-k20-d160-bs50-f1.000-r00:003671.842: (445 sec)
exp042-n3072-k20-d160-bs50-f1.000-r00:003671.842: Loop 5/100
exp042-n3072-k20-d160-bs50-f1.000-r00:004108.548: log(exp-norms): [3072.0, 3073.88, 3074.4]
exp042-n3072-k20-d160-bs50-f1.000-r00:004108.548: log(norms):     [3072.0, 3074.67, 3075.89, 3075.89, 3075.97, 3075.97, 3076.07, 3076.0, 3075.9, 3076.17]
exp042-n3072-k20-d160-bs50-f1.000-r00:004108.578: (437 sec)
exp042-n3072-k20-d160-bs50-f1.000-r00:004108.578: Loop 6/100
exp042-n3072-k20-d160-bs50-f1.000-r00:004515.216: log(exp-norms): [3072.0, 3073.88, 3074.4]
exp042-n3072-k20-d160-bs50-f1.000-r00:004515.216: log(norms):     [3072.0, 3074.67, 3075.77, 3075.79, 3075.79, 3075.72, 3075.75, 3075.76, 3075.88, 3076.06]
exp042-n3072-k20-d160-bs50-f1.000-r00:004515.249: (407 sec)
exp042-n3072-k20-d160-bs50-f1.000-r00:004515.249: Loop 7/100
exp042-n3072-k20-d160-bs50-f1.000-r00:004918.625: log(exp-norms): [3072.0, 3073.88, 3074.4]
exp042-n3072-k20-d160-bs50-f1.000-r00:004918.625: log(norms):     [3072.0, 3074.67, 3075.61, 3075.68, 3075.8, 3075.76, 3075.81, 3075.91, 3075.9, 3075.83]
exp042-n3072-k20-d160-bs50-f1.000-r00:004918.660: (404 sec)
exp042-n3072-k20-d160-bs50-f1.000-r00:004918.660: Loop 8/100
exp042-n3072-k20-d160-bs50-f1.000-r00:005327.044: log(exp-norms): [3072.0, 3073.88, 3074.4]
exp042-n3072-k20-d160-bs50-f1.000-r00:005327.045: log(norms):     [3072.0, 3074.67, 3075.61, 3075.68, 3075.68, 3075.8, 3075.9, 3075.83, 3075.76, 3075.82]
exp042-n3072-k20-d160-bs50-f1.000-r00:005327.078: (409 sec)
exp042-n3072-k20-d160-bs50-f1.000-r00:005327.078: Loop 9/100
exp042-n3072-k20-d160-bs50-f1.000-r00:005699.199: log(exp-norms): [3072.0, 3073.88, 3074.4]
exp042-n3072-k20-d160-bs50-f1.000-r00:005699.200: log(norms):     [3072.0, 3074.67, 3075.61, 3075.76, 3075.68, 3075.68, 3075.87, 3075.69, 3075.8, 3075.9]
exp042-n3072-k20-d160-bs50-f1.000-r00:005699.229: (373 sec)
exp042-n3072-k20-d160-bs50-f1.000-r00:005699.229: Loop 10/100
exp042-n3072-k20-d160-bs50-f1.000-r00:006078.509: log(exp-norms): [3072.0, 3073.88, 3074.4]
exp042-n3072-k20-d160-bs50-f1.000-r00:006078.509: log(norms):     [3072.0, 3074.67, 3075.61, 3075.69, 3075.72, 3075.68, 3075.68, 3075.87, 3075.77, 3075.9]
exp042-n3072-k20-d160-bs50-f1.000-r00:006078.539: (380 sec)
exp042-n3072-k20-d160-bs50-f1.000-r00:006078.539: Loop 11/100
exp042-n3072-k20-d160-bs50-f1.000-r00:006426.520: log(exp-norms): [3072.0, 3073.88, 3074.4]
exp042-n3072-k20-d160-bs50-f1.000-r00:006426.520: log(norms):     [3072.0, 3074.67, 3075.61, 3075.69, 3075.66, 3075.71, 3075.72, 3075.68, 3075.68, 3075.73]
exp042-n3072-k20-d160-bs50-f1.000-r00:006426.549: (349 sec)
exp042-n3072-k20-d160-bs50-f1.000-r00:006426.550: Loop 12/100
exp042-n3072-k20-d160-bs50-f1.000-r00:006770.946: log(exp-norms): [3072.0, 3073.88, 3074.4]
exp042-n3072-k20-d160-bs50-f1.000-r00:006770.947: log(norms):     [3072.0, 3074.67, 3075.61, 3075.6, 3075.72, 3075.69, 3075.66, 3075.71, 3075.71, 3075.74]
exp042-n3072-k20-d160-bs50-f1.000-r00:006770.978: (345 sec)
exp042-n3072-k20-d160-bs50-f1.000-r00:006770.978: Loop 13/100
exp042-n3072-k20-d160-bs50-f1.000-r00:007093.251: log(exp-norms): [3072.0, 3073.88, 3074.4]
exp042-n3072-k20-d160-bs50-f1.000-r00:007093.251: log(norms):     [3072.0, 3074.67, 3075.61, 3075.6, 3075.66, 3075.66, 3075.69, 3075.64, 3075.68, 3075.78]
exp042-n3072-k20-d160-bs50-f1.000-r00:007093.269: (323 sec)
exp042-n3072-k20-d160-bs50-f1.000-r00:007093.269: Loop 14/100
exp042-n3072-k20-d160-bs50-f1.000-r00:007426.811: log(exp-norms): [3072.0, 3073.88, 3074.4]
exp042-n3072-k20-d160-bs50-f1.000-r00:007426.812: log(norms):     [3072.0, 3074.67, 3075.61, 3075.6, 3075.63, 3075.66, 3075.66, 3075.69, 3075.64, 3075.68]
exp042-n3072-k20-d160-bs50-f1.000-r00:007426.831: (334 sec)
exp042-n3072-k20-d160-bs50-f1.000-r00:007426.831: Loop 15/100
exp042-n3072-k20-d160-bs50-f1.000-r00:007775.378: log(exp-norms): [3072.0, 3073.88, 3074.4]
exp042-n3072-k20-d160-bs50-f1.000-r00:007775.378: log(norms):     [3072.0, 3074.67, 3075.57, 3075.63, 3075.59, 3075.58, 3075.61, 3075.6, 3075.8, 3075.83]
exp042-n3072-k20-d160-bs50-f1.000-r00:007775.408: (349 sec)
exp042-n3072-k20-d160-bs50-f1.000-r00:007775.408: Loop 16/100
exp042-n3072-k20-d160-bs50-f1.000-r00:008095.751: log(exp-norms): [3072.0, 3073.88, 3074.4]
exp042-n3072-k20-d160-bs50-f1.000-r00:008095.752: log(norms):     [3072.0, 3074.67, 3075.57, 3075.63, 3075.59, 3075.58, 3075.8, 3075.64, 3075.65, 3075.83]
exp042-n3072-k20-d160-bs50-f1.000-r00:008095.781: (321 sec)
exp042-n3072-k20-d160-bs50-f1.000-r00:008095.781: Loop 17/100
exp042-n3072-k20-d160-bs50-f1.000-r00:008435.465: log(exp-norms): [3072.0, 3073.88, 3074.4]
exp042-n3072-k20-d160-bs50-f1.000-r00:008435.465: log(norms):     [3072.0, 3074.67, 3075.57, 3075.63, 3075.59, 3075.58, 3075.8, 3075.76, 3075.73, 3075.77]
exp042-n3072-k20-d160-bs50-f1.000-r00:008435.494: (340 sec)
exp042-n3072-k20-d160-bs50-f1.000-r00:008435.495: Loop 18/100
exp042-n3072-k20-d160-bs50-f1.000-r00:008770.099: log(exp-norms): [3072.0, 3073.88, 3074.4]
exp042-n3072-k20-d160-bs50-f1.000-r00:008770.099: log(norms):     [3072.0, 3074.67, 3075.57, 3075.63, 3075.59, 3075.58, 3075.8, 3075.76, 3075.73, 3075.77]
exp042-n3072-k20-d160-bs50-f1.000-r00:008770.128: (335 sec)
exp042-n3072-k20-d160-bs50-f1.000-r00:008770.129: Loop 19/100
exp042-n3072-k20-d160-bs50-f1.000-r00:009118.212: log(exp-norms): [3072.0, 3073.88, 3074.4]
exp042-n3072-k20-d160-bs50-f1.000-r00:009118.212: log(norms):     [3072.0, 3074.67, 3075.57, 3075.63, 3075.59, 3075.58, 3075.8, 3075.76, 3075.73, 3075.77]
exp042-n3072-k20-d160-bs50-f1.000-r00:009118.241: (349 sec)
exp042-n3072-k20-d160-bs50-f1.000-r00:009118.241: Loop 20/100
exp042-n3072-k20-d160-bs50-f1.000-r00:009443.742: log(exp-norms): [3072.0, 3073.88, 3074.4]
exp042-n3072-k20-d160-bs50-f1.000-r00:009443.742: log(norms):     [3072.0, 3074.67, 3075.57, 3075.63, 3075.59, 3075.58, 3075.8, 3075.76, 3075.73, 3075.77]
exp042-n3072-k20-d160-bs50-f1.000-r00:009443.762: (326 sec)
exp042-n3072-k20-d160-bs50-f1.000-r00:009443.763: Loop 21/100
exp042-n3072-k20-d160-bs50-f1.000-r00:009769.580: log(exp-norms): [3072.0, 3073.88, 3074.4]
exp042-n3072-k20-d160-bs50-f1.000-r00:009769.581: log(norms):     [3072.0, 3074.67, 3075.57, 3075.63, 3075.59, 3075.58, 3075.8, 3075.76, 3075.73, 3075.77]
exp042-n3072-k20-d160-bs50-f1.000-r00:009769.609: (326 sec)
exp042-n3072-k20-d160-bs50-f1.000-r00:009769.609: Loop 22/100
exp042-n3072-k20-d160-bs50-f1.000-r00:010107.456: log(exp-norms): [3072.0, 3073.88, 3074.4]
exp042-n3072-k20-d160-bs50-f1.000-r00:010107.457: log(norms):     [3072.0, 3074.67, 3075.57, 3075.63, 3075.59, 3075.58, 3075.8, 3075.76, 3075.73, 3075.77]
exp042-n3072-k20-d160-bs50-f1.000-r00:010107.486: (338 sec)
exp042-n3072-k20-d160-bs50-f1.000-r00:010107.486: Loop 23/100
exp042-n3072-k20-d160-bs50-f1.000-r00:010451.478: log(exp-norms): [3072.0, 3073.88, 3074.4]
exp042-n3072-k20-d160-bs50-f1.000-r00:010451.479: log(norms):     [3072.0, 3074.67, 3075.49, 3075.58, 3075.61, 3075.59, 3075.8, 3075.57, 3075.76, 3075.66]
exp042-n3072-k20-d160-bs50-f1.000-r00:010451.497: (345 sec)
exp042-n3072-k20-d160-bs50-f1.000-r00:010451.498: Loop 24/100
exp042-n3072-k20-d160-bs50-f1.000-r00:010739.189: log(exp-norms): [3072.0, 3073.88, 3074.4]
exp042-n3072-k20-d160-bs50-f1.000-r00:010739.190: log(norms):     [3072.0, 3074.67, 3075.49, 3075.58, 3075.61, 3075.65, 3075.7, 3075.95, 3075.67, 3075.95]
exp042-n3072-k20-d160-bs50-f1.000-r00:010739.208: (288 sec)
exp042-n3072-k20-d160-bs50-f1.000-r00:010739.208: Loop 25/100
exp042-n3072-k20-d160-bs50-f1.000-r00:011061.564: log(exp-norms): [3072.0, 3073.88, 3074.4]
exp042-n3072-k20-d160-bs50-f1.000-r00:011061.564: log(norms):     [3072.0, 3074.67, 3075.49, 3075.58, 3075.61, 3075.65, 3075.7, 3075.8, 3075.67, 3075.95]
exp042-n3072-k20-d160-bs50-f1.000-r00:011061.593: (323 sec)
exp042-n3072-k20-d160-bs50-f1.000-r00:011061.593: Loop 26/100
exp042-n3072-k20-d160-bs50-f1.000-r00:011415.248: log(exp-norms): [3072.0, 3073.88, 3074.4]
exp042-n3072-k20-d160-bs50-f1.000-r00:011415.249: log(norms):     [3072.0, 3074.67, 3075.49, 3075.58, 3075.61, 3075.65, 3075.66, 3075.7, 3075.95, 3075.7]
exp042-n3072-k20-d160-bs50-f1.000-r00:011415.278: (354 sec)
exp042-n3072-k20-d160-bs50-f1.000-r00:011415.278: Loop 27/100
exp042-n3072-k20-d160-bs50-f1.000-r00:011714.645: log(exp-norms): [3072.0, 3073.88, 3074.4]
exp042-n3072-k20-d160-bs50-f1.000-r00:011714.646: log(norms):     [3072.0, 3074.67, 3075.49, 3075.58, 3075.61, 3075.65, 3075.67, 3075.72, 3075.95, 3075.7]
exp042-n3072-k20-d160-bs50-f1.000-r00:011714.663: (300 sec)
exp042-n3072-k20-d160-bs50-f1.000-r00:011714.663: Loop 28/100
exp042-n3072-k20-d160-bs50-f1.000-r00:011973.381: log(exp-norms): [3072.0, 3073.88, 3074.4]
exp042-n3072-k20-d160-bs50-f1.000-r00:011973.381: log(norms):     [3072.0, 3074.67, 3075.49, 3075.58, 3075.61, 3075.74, 3075.65, 3075.67, 3075.72, 3075.67]
exp042-n3072-k20-d160-bs50-f1.000-r00:011973.399: (259 sec)
exp042-n3072-k20-d160-bs50-f1.000-r00:011973.399: Loop 29/100
exp042-n3072-k20-d160-bs50-f1.000-r00:012260.130: log(exp-norms): [3072.0, 3073.88, 3074.4]
exp042-n3072-k20-d160-bs50-f1.000-r00:012260.130: log(norms):     [3072.0, 3074.67, 3075.49, 3075.58, 3075.61, 3075.74, 3075.65, 3075.67, 3075.72, 3075.67]
exp042-n3072-k20-d160-bs50-f1.000-r00:012260.147: (287 sec)
exp042-n3072-k20-d160-bs50-f1.000-r00:012260.148: Loop 30/100
exp042-n3072-k20-d160-bs50-f1.000-r00:012553.846: log(exp-norms): [3072.0, 3073.88, 3074.4]
exp042-n3072-k20-d160-bs50-f1.000-r00:012553.846: log(norms):     [3072.0, 3074.67, 3075.49, 3075.58, 3075.61, 3075.66, 3075.65, 3075.71, 3075.67, 3075.72]
exp042-n3072-k20-d160-bs50-f1.000-r00:012553.875: (294 sec)
exp042-n3072-k20-d160-bs50-f1.000-r00:012553.875: Loop 31/100
exp042-n3072-k20-d160-bs50-f1.000-r00:012883.735: log(exp-norms): [3072.0, 3073.88, 3074.4]
exp042-n3072-k20-d160-bs50-f1.000-r00:012883.735: log(norms):     [3072.0, 3074.67, 3075.49, 3075.58, 3075.61, 3075.66, 3075.65, 3075.71, 3075.67, 3075.74]
exp042-n3072-k20-d160-bs50-f1.000-r00:012883.764: (330 sec)
exp042-n3072-k20-d160-bs50-f1.000-r00:012883.764: Loop 32/100
exp042-n3072-k20-d160-bs50-f1.000-r00:013147.423: log(exp-norms): [3072.0, 3073.88, 3074.4]
exp042-n3072-k20-d160-bs50-f1.000-r00:013147.424: log(norms):     [3072.0, 3074.67, 3075.49, 3075.58, 3075.61, 3075.66, 3075.65, 3075.71, 3075.67, 3075.74]
exp042-n3072-k20-d160-bs50-f1.000-r00:013147.452: (264 sec)
exp042-n3072-k20-d160-bs50-f1.000-r00:013147.452: Loop 33/100
exp042-n3072-k20-d160-bs50-f1.000-r00:013395.540: log(exp-norms): [3072.0, 3073.88, 3074.4]
exp042-n3072-k20-d160-bs50-f1.000-r00:013395.540: log(norms):     [3072.0, 3074.67, 3075.49, 3075.58, 3075.61, 3075.66, 3075.65, 3075.71, 3075.67, 3075.74]
exp042-n3072-k20-d160-bs50-f1.000-r00:013395.557: (249 sec)
exp042-n3072-k20-d160-bs50-f1.000-r00:013395.558: Loop 34/100
exp042-n3072-k20-d160-bs50-f1.000-r00:013598.851: log(exp-norms): [3072.0, 3073.88, 3074.4]
exp042-n3072-k20-d160-bs50-f1.000-r00:013598.851: log(norms):     [3072.0, 3074.67, 3075.49, 3075.58, 3075.61, 3075.66, 3075.65, 3075.71, 3075.67, 3075.74]
exp042-n3072-k20-d160-bs50-f1.000-r00:013598.878: (204 sec)
exp042-n3072-k20-d160-bs50-f1.000-r00:013598.878: Loop 35/100
exp042-n3072-k20-d160-bs50-f1.000-r00:013792.290: log(exp-norms): [3072.0, 3073.88, 3074.4]
exp042-n3072-k20-d160-bs50-f1.000-r00:013792.290: log(norms):     [3072.0, 3074.67, 3075.49, 3075.58, 3075.61, 3075.66, 3075.65, 3075.71, 3075.67, 3075.74]
exp042-n3072-k20-d160-bs50-f1.000-r00:013792.307: (194 sec)
exp042-n3072-k20-d160-bs50-f1.000-r00:013792.308: Loop 36/100
exp042-n3072-k20-d160-bs50-f1.000-r00:014004.281: log(exp-norms): [3072.0, 3073.88, 3074.4]
exp042-n3072-k20-d160-bs50-f1.000-r00:014004.282: log(norms):     [3072.0, 3074.67, 3075.49, 3075.58, 3075.61, 3075.66, 3075.65, 3075.71, 3075.84, 3075.67]
exp042-n3072-k20-d160-bs50-f1.000-r00:014004.300: (212 sec)
exp042-n3072-k20-d160-bs50-f1.000-r00:014004.300: Loop 37/100
exp042-n3072-k20-d160-bs50-f1.000-r00:014256.880: log(exp-norms): [3072.0, 3073.88, 3074.4]
exp042-n3072-k20-d160-bs50-f1.000-r00:014256.880: log(norms):     [3072.0, 3074.67, 3075.49, 3075.58, 3075.61, 3075.66, 3075.65, 3075.7, 3075.84, 3075.71]
exp042-n3072-k20-d160-bs50-f1.000-r00:014256.912: (253 sec)
exp042-n3072-k20-d160-bs50-f1.000-r00:014256.912: Loop 38/100
exp042-n3072-k20-d160-bs50-f1.000-r00:014510.481: log(exp-norms): [3072.0, 3073.88, 3074.4]
exp042-n3072-k20-d160-bs50-f1.000-r00:014510.482: log(norms):     [3072.0, 3074.67, 3075.49, 3075.58, 3075.52, 3075.61, 3075.66, 3075.65, 3075.7, 3075.79]
exp042-n3072-k20-d160-bs50-f1.000-r00:014510.500: (254 sec)
exp042-n3072-k20-d160-bs50-f1.000-r00:014510.500: Loop 39/100
exp042-n3072-k20-d160-bs50-f1.000-r00:014731.862: log(exp-norms): [3072.0, 3073.88, 3074.4]
exp042-n3072-k20-d160-bs50-f1.000-r00:014731.862: log(norms):     [3072.0, 3074.67, 3075.49, 3075.58, 3075.52, 3075.61, 3075.66, 3075.65, 3075.7, 3075.79]
exp042-n3072-k20-d160-bs50-f1.000-r00:014731.879: (222 sec)
exp042-n3072-k20-d160-bs50-f1.000-r00:014731.879: Loop 40/100
exp042-n3072-k20-d160-bs50-f1.000-r00:014923.254: log(exp-norms): [3072.0, 3073.88, 3074.4]
exp042-n3072-k20-d160-bs50-f1.000-r00:014923.255: log(norms):     [3072.0, 3074.67, 3075.45, 3075.49, 3075.58, 3075.52, 3075.71, 3075.79, 3075.79, 3075.84]
exp042-n3072-k20-d160-bs50-f1.000-r00:014923.272: (192 sec)
exp042-n3072-k20-d160-bs50-f1.000-r00:014923.272: Loop 41/100
exp042-n3072-k20-d160-bs50-f1.000-r00:015106.792: log(exp-norms): [3072.0, 3073.88, 3074.4]
exp042-n3072-k20-d160-bs50-f1.000-r00:015106.793: log(norms):     [3072.0, 3074.67, 3075.45, 3075.49, 3075.58, 3075.52, 3075.71, 3075.79, 3075.79, 3075.84]
exp042-n3072-k20-d160-bs50-f1.000-r00:015106.809: (184 sec)
exp042-n3072-k20-d160-bs50-f1.000-r00:015106.809: Loop 42/100
exp042-n3072-k20-d160-bs50-f1.000-r00:015305.238: log(exp-norms): [3072.0, 3073.88, 3074.4]
exp042-n3072-k20-d160-bs50-f1.000-r00:015305.238: log(norms):     [3072.0, 3074.67, 3075.45, 3075.49, 3075.58, 3075.52, 3075.71, 3075.79, 3075.79, 3075.81]
exp042-n3072-k20-d160-bs50-f1.000-r00:015305.255: (199 sec)
exp042-n3072-k20-d160-bs50-f1.000-r00:015305.255: Loop 43/100
exp042-n3072-k20-d160-bs50-f1.000-r00:015512.280: log(exp-norms): [3072.0, 3073.88, 3074.4]
exp042-n3072-k20-d160-bs50-f1.000-r00:015512.280: log(norms):     [3072.0, 3074.67, 3075.45, 3075.49, 3075.58, 3075.52, 3075.56, 3075.73, 3075.77, 3075.82]
exp042-n3072-k20-d160-bs50-f1.000-r00:015512.297: (208 sec)
exp042-n3072-k20-d160-bs50-f1.000-r00:015512.297: Loop 44/100
exp042-n3072-k20-d160-bs50-f1.000-r00:015711.291: log(exp-norms): [3072.0, 3073.88, 3074.4]
exp042-n3072-k20-d160-bs50-f1.000-r00:015711.291: log(norms):     [3072.0, 3074.67, 3075.45, 3075.49, 3075.58, 3075.52, 3075.56, 3075.73, 3075.77, 3075.71]
exp042-n3072-k20-d160-bs50-f1.000-r00:015711.307: (200 sec)
exp042-n3072-k20-d160-bs50-f1.000-r00:015711.308: Loop 45/100
exp042-n3072-k20-d160-bs50-f1.000-r00:015923.392: log(exp-norms): [3072.0, 3073.88, 3074.4]
exp042-n3072-k20-d160-bs50-f1.000-r00:015923.392: log(norms):     [3072.0, 3074.67, 3075.45, 3075.49, 3075.58, 3075.52, 3075.56, 3075.73, 3075.65, 3075.8]
exp042-n3072-k20-d160-bs50-f1.000-r00:015923.409: (213 sec)
exp042-n3072-k20-d160-bs50-f1.000-r00:015923.409: Loop 46/100
exp042-n3072-k20-d160-bs50-f1.000-r00:016115.491: log(exp-norms): [3072.0, 3073.88, 3074.4]
exp042-n3072-k20-d160-bs50-f1.000-r00:016115.491: log(norms):     [3072.0, 3074.67, 3075.45, 3075.49, 3075.58, 3075.52, 3075.56, 3075.73, 3075.65, 3075.8]
exp042-n3072-k20-d160-bs50-f1.000-r00:016115.507: (193 sec)
exp042-n3072-k20-d160-bs50-f1.000-r00:016115.508: Loop 47/100
exp042-n3072-k20-d160-bs50-f1.000-r00:016323.470: log(exp-norms): [3072.0, 3073.88, 3074.4]
exp042-n3072-k20-d160-bs50-f1.000-r00:016323.471: log(norms):     [3072.0, 3074.67, 3075.45, 3075.49, 3075.58, 3075.52, 3075.56, 3075.73, 3075.65, 3075.76]
exp042-n3072-k20-d160-bs50-f1.000-r00:016323.488: (208 sec)
exp042-n3072-k20-d160-bs50-f1.000-r00:016323.488: Loop 48/100
exp042-n3072-k20-d160-bs50-f1.000-r00:016518.663: log(exp-norms): [3072.0, 3073.88, 3074.4]
exp042-n3072-k20-d160-bs50-f1.000-r00:016518.664: log(norms):     [3072.0, 3074.67, 3075.45, 3075.49, 3075.58, 3075.52, 3075.56, 3075.73, 3075.65, 3075.76]
exp042-n3072-k20-d160-bs50-f1.000-r00:016518.680: (196 sec)
exp042-n3072-k20-d160-bs50-f1.000-r00:016518.680: Loop 49/100
exp042-n3072-k20-d160-bs50-f1.000-r00:016718.335: log(exp-norms): [3072.0, 3073.88, 3074.4]
exp042-n3072-k20-d160-bs50-f1.000-r00:016718.335: log(norms):     [3072.0, 3074.67, 3075.45, 3075.49, 3075.58, 3075.52, 3075.56, 3075.73, 3075.65, 3075.76]
exp042-n3072-k20-d160-bs50-f1.000-r00:016718.351: (200 sec)
exp042-n3072-k20-d160-bs50-f1.000-r00:016718.351: Loop 50/100
exp042-n3072-k20-d160-bs50-f1.000-r00:016907.409: log(exp-norms): [3072.0, 3073.88, 3074.4]
exp042-n3072-k20-d160-bs50-f1.000-r00:016907.409: log(norms):     [3072.0, 3074.67, 3075.45, 3075.49, 3075.58, 3075.52, 3075.56, 3075.73, 3075.65, 3075.76]
exp042-n3072-k20-d160-bs50-f1.000-r00:016907.425: (190 sec)
exp042-n3072-k20-d160-bs50-f1.000-r00:016907.426: Loop 51/100
exp042-n3072-k20-d160-bs50-f1.000-r00:017116.001: log(exp-norms): [3072.0, 3073.88, 3074.4]
exp042-n3072-k20-d160-bs50-f1.000-r00:017116.001: log(norms):     [3072.0, 3074.67, 3075.45, 3075.49, 3075.58, 3075.52, 3075.56, 3075.64, 3075.54, 3075.73]
exp042-n3072-k20-d160-bs50-f1.000-r00:017116.018: (209 sec)
exp042-n3072-k20-d160-bs50-f1.000-r00:017116.018: Loop 52/100
exp042-n3072-k20-d160-bs50-f1.000-r00:017311.154: log(exp-norms): [3072.0, 3073.88, 3074.4]
exp042-n3072-k20-d160-bs50-f1.000-r00:017311.154: log(norms):     [3072.0, 3074.67, 3075.45, 3075.49, 3075.58, 3075.52, 3075.56, 3075.64, 3075.54, 3075.73]
exp042-n3072-k20-d160-bs50-f1.000-r00:017311.170: (196 sec)
exp042-n3072-k20-d160-bs50-f1.000-r00:017311.170: Loop 53/100
exp042-n3072-k20-d160-bs50-f1.000-r00:017499.697: log(exp-norms): [3072.0, 3073.88, 3074.4]
exp042-n3072-k20-d160-bs50-f1.000-r00:017499.697: log(norms):     [3072.0, 3074.67, 3075.45, 3075.49, 3075.58, 3075.52, 3075.56, 3075.64, 3075.54, 3075.73]
exp042-n3072-k20-d160-bs50-f1.000-r00:017499.714: (189 sec)
exp042-n3072-k20-d160-bs50-f1.000-r00:017499.714: Loop 54/100
exp042-n3072-k20-d160-bs50-f1.000-r00:017689.223: log(exp-norms): [3072.0, 3073.88, 3074.4]
exp042-n3072-k20-d160-bs50-f1.000-r00:017689.224: log(norms):     [3072.0, 3074.67, 3075.45, 3075.49, 3075.58, 3075.52, 3075.56, 3075.64, 3075.75, 3075.54]
exp042-n3072-k20-d160-bs50-f1.000-r00:017689.240: (190 sec)
exp042-n3072-k20-d160-bs50-f1.000-r00:017689.240: Loop 55/100
exp042-n3072-k20-d160-bs50-f1.000-r00:017887.133: log(exp-norms): [3072.0, 3073.88, 3074.4]
exp042-n3072-k20-d160-bs50-f1.000-r00:017887.133: log(norms):     [3072.0, 3074.67, 3075.45, 3075.49, 3075.58, 3075.52, 3075.56, 3075.64, 3075.75, 3075.54]
exp042-n3072-k20-d160-bs50-f1.000-r00:017887.149: (198 sec)
exp042-n3072-k20-d160-bs50-f1.000-r00:017887.149: Loop 56/100
exp042-n3072-k20-d160-bs50-f1.000-r00:018082.278: log(exp-norms): [3072.0, 3073.88, 3074.4]
exp042-n3072-k20-d160-bs50-f1.000-r00:018082.278: log(norms):     [3072.0, 3074.67, 3075.45, 3075.49, 3075.58, 3075.52, 3075.56, 3075.64, 3075.75, 3075.82]
exp042-n3072-k20-d160-bs50-f1.000-r00:018082.294: (196 sec)
exp042-n3072-k20-d160-bs50-f1.000-r00:018082.295: Loop 57/100
exp042-n3072-k20-d160-bs50-f1.000-r00:018266.192: log(exp-norms): [3072.0, 3073.88, 3074.4]
exp042-n3072-k20-d160-bs50-f1.000-r00:018266.193: log(norms):     [3072.0, 3074.67, 3075.45, 3075.49, 3075.58, 3075.52, 3075.56, 3075.64, 3075.75, 3075.82]
exp042-n3072-k20-d160-bs50-f1.000-r00:018266.209: (184 sec)
exp042-n3072-k20-d160-bs50-f1.000-r00:018266.209: Loop 58/100
exp042-n3072-k20-d160-bs50-f1.000-r00:018463.638: log(exp-norms): [3072.0, 3073.88, 3074.4]
exp042-n3072-k20-d160-bs50-f1.000-r00:018463.638: log(norms):     [3072.0, 3074.67, 3075.45, 3075.49, 3075.58, 3075.52, 3075.56, 3075.64, 3075.67, 3075.77]
exp042-n3072-k20-d160-bs50-f1.000-r00:018463.655: (198 sec)
exp042-n3072-k20-d160-bs50-f1.000-r00:018463.655: Loop 59/100
exp042-n3072-k20-d160-bs50-f1.000-r00:018665.147: log(exp-norms): [3072.0, 3073.88, 3074.4]
exp042-n3072-k20-d160-bs50-f1.000-r00:018665.148: log(norms):     [3072.0, 3074.67, 3075.45, 3075.58, 3075.49, 3075.58, 3075.67, 3075.54, 3075.67, 3075.75]
exp042-n3072-k20-d160-bs50-f1.000-r00:018665.165: (202 sec)
exp042-n3072-k20-d160-bs50-f1.000-r00:018665.165: Loop 60/100
exp042-n3072-k20-d160-bs50-f1.000-r00:018857.952: log(exp-norms): [3072.0, 3073.88, 3074.4]
exp042-n3072-k20-d160-bs50-f1.000-r00:018857.952: log(norms):     [3072.0, 3074.67, 3075.45, 3075.58, 3075.49, 3075.58, 3075.67, 3075.54, 3075.67, 3075.75]
exp042-n3072-k20-d160-bs50-f1.000-r00:018857.968: (193 sec)
exp042-n3072-k20-d160-bs50-f1.000-r00:018857.969: Loop 61/100
exp042-n3072-k20-d160-bs50-f1.000-r00:019057.873: log(exp-norms): [3072.0, 3073.88, 3074.4]
exp042-n3072-k20-d160-bs50-f1.000-r00:019057.874: log(norms):     [3072.0, 3074.67, 3075.45, 3075.58, 3075.49, 3075.58, 3075.67, 3075.54, 3075.67, 3075.75]
exp042-n3072-k20-d160-bs50-f1.000-r00:019057.890: (200 sec)
exp042-n3072-k20-d160-bs50-f1.000-r00:019057.890: Loop 62/100
exp042-n3072-k20-d160-bs50-f1.000-r00:019248.951: log(exp-norms): [3072.0, 3073.88, 3074.4]
exp042-n3072-k20-d160-bs50-f1.000-r00:019248.951: log(norms):     [3072.0, 3074.67, 3075.45, 3075.58, 3075.49, 3075.58, 3075.67, 3075.54, 3075.65, 3075.73]
exp042-n3072-k20-d160-bs50-f1.000-r00:019248.968: (192 sec)
exp042-n3072-k20-d160-bs50-f1.000-r00:019248.968: Loop 63/100
exp042-n3072-k20-d160-bs50-f1.000-r00:019436.097: log(exp-norms): [3072.0, 3073.88, 3074.4]
exp042-n3072-k20-d160-bs50-f1.000-r00:019436.097: log(norms):     [3072.0, 3074.67, 3075.45, 3075.58, 3075.49, 3075.58, 3075.67, 3075.54, 3075.65, 3075.73]
exp042-n3072-k20-d160-bs50-f1.000-r00:019436.114: (188 sec)
exp042-n3072-k20-d160-bs50-f1.000-r00:019436.114: Loop 64/100
exp042-n3072-k20-d160-bs50-f1.000-r00:019623.412: log(exp-norms): [3072.0, 3073.88, 3074.4]
exp042-n3072-k20-d160-bs50-f1.000-r00:019623.412: log(norms):     [3072.0, 3074.67, 3075.45, 3075.58, 3075.49, 3075.58, 3075.67, 3075.54, 3075.65, 3075.73]
exp042-n3072-k20-d160-bs50-f1.000-r00:019623.429: (188 sec)
exp042-n3072-k20-d160-bs50-f1.000-r00:019623.429: Loop 65/100
exp042-n3072-k20-d160-bs50-f1.000-r00:019823.473: log(exp-norms): [3072.0, 3073.88, 3074.4]
exp042-n3072-k20-d160-bs50-f1.000-r00:019823.473: log(norms):     [3072.0, 3074.67, 3075.45, 3075.58, 3075.49, 3075.58, 3075.67, 3075.68, 3075.75, 3075.65]
exp042-n3072-k20-d160-bs50-f1.000-r00:019823.490: (201 sec)
exp042-n3072-k20-d160-bs50-f1.000-r00:019823.490: Loop 66/100
exp042-n3072-k20-d160-bs50-f1.000-r00:020025.991: log(exp-norms): [3072.0, 3073.88, 3074.4]
exp042-n3072-k20-d160-bs50-f1.000-r00:020025.992: log(norms):     [3072.0, 3074.67, 3075.45, 3075.58, 3075.49, 3075.58, 3075.67, 3075.68, 3075.75, 3075.65]
exp042-n3072-k20-d160-bs50-f1.000-r00:020026.009: (203 sec)
exp042-n3072-k20-d160-bs50-f1.000-r00:020026.009: Loop 67/100
exp042-n3072-k20-d160-bs50-f1.000-r00:020214.742: log(exp-norms): [3072.0, 3073.88, 3074.4]
exp042-n3072-k20-d160-bs50-f1.000-r00:020214.742: log(norms):     [3072.0, 3074.67, 3075.45, 3075.58, 3075.49, 3075.58, 3075.67, 3075.68, 3075.75, 3075.65]
exp042-n3072-k20-d160-bs50-f1.000-r00:020214.759: (189 sec)
exp042-n3072-k20-d160-bs50-f1.000-r00:020214.759: Loop 68/100
exp042-n3072-k20-d160-bs50-f1.000-r00:020413.703: log(exp-norms): [3072.0, 3073.88, 3074.4]
exp042-n3072-k20-d160-bs50-f1.000-r00:020413.704: log(norms):     [3072.0, 3074.67, 3075.45, 3075.58, 3075.49, 3075.58, 3075.67, 3075.68, 3075.75, 3075.65]
exp042-n3072-k20-d160-bs50-f1.000-r00:020413.720: (199 sec)
exp042-n3072-k20-d160-bs50-f1.000-r00:020413.720: Loop 69/100
exp042-n3072-k20-d160-bs50-f1.000-r00:020604.989: log(exp-norms): [3072.0, 3073.88, 3074.4]
exp042-n3072-k20-d160-bs50-f1.000-r00:020604.989: log(norms):     [3072.0, 3074.67, 3075.45, 3075.58, 3075.49, 3075.58, 3075.67, 3075.68, 3075.75, 3075.65]
exp042-n3072-k20-d160-bs50-f1.000-r00:020605.005: (192 sec)
exp042-n3072-k20-d160-bs50-f1.000-r00:020605.005: Loop 70/100
exp042-n3072-k20-d160-bs50-f1.000-r00:020788.355: log(exp-norms): [3072.0, 3073.88, 3074.4]
exp042-n3072-k20-d160-bs50-f1.000-r00:020788.355: log(norms):     [3072.0, 3074.67, 3075.45, 3075.58, 3075.49, 3075.58, 3075.67, 3075.68, 3075.75, 3075.65]
exp042-n3072-k20-d160-bs50-f1.000-r00:020788.372: (184 sec)
exp042-n3072-k20-d160-bs50-f1.000-r00:020788.372: Loop 71/100
exp042-n3072-k20-d160-bs50-f1.000-r00:020979.919: log(exp-norms): [3072.0, 3073.88, 3074.4]
exp042-n3072-k20-d160-bs50-f1.000-r00:020979.919: log(norms):     [3072.0, 3074.67, 3075.45, 3075.58, 3075.49, 3075.58, 3075.67, 3075.68, 3075.75, 3075.65]
exp042-n3072-k20-d160-bs50-f1.000-r00:020979.936: (192 sec)
exp042-n3072-k20-d160-bs50-f1.000-r00:020979.936: Loop 72/100
exp042-n3072-k20-d160-bs50-f1.000-r00:021165.540: log(exp-norms): [3072.0, 3073.88, 3074.4]
exp042-n3072-k20-d160-bs50-f1.000-r00:021165.540: log(norms):     [3072.0, 3074.67, 3075.45, 3075.58, 3075.49, 3075.58, 3075.67, 3075.68, 3075.75, 3075.65]
exp042-n3072-k20-d160-bs50-f1.000-r00:021165.557: (186 sec)
exp042-n3072-k20-d160-bs50-f1.000-r00:021165.557: Loop 73/100
exp042-n3072-k20-d160-bs50-f1.000-r00:021354.487: log(exp-norms): [3072.0, 3073.88, 3074.4]
exp042-n3072-k20-d160-bs50-f1.000-r00:021354.487: log(norms):     [3072.0, 3074.67, 3075.45, 3075.58, 3075.49, 3075.58, 3075.67, 3075.68, 3075.75, 3075.65]
exp042-n3072-k20-d160-bs50-f1.000-r00:021354.504: (189 sec)
exp042-n3072-k20-d160-bs50-f1.000-r00:021354.504: Loop 74/100
exp042-n3072-k20-d160-bs50-f1.000-r00:021547.819: log(exp-norms): [3072.0, 3073.88, 3074.4]
exp042-n3072-k20-d160-bs50-f1.000-r00:021547.820: log(norms):     [3072.0, 3074.67, 3075.45, 3075.58, 3075.49, 3075.58, 3075.67, 3075.68, 3075.75, 3075.65]
exp042-n3072-k20-d160-bs50-f1.000-r00:021547.836: (194 sec)
exp042-n3072-k20-d160-bs50-f1.000-r00:021547.836: Loop 75/100
exp042-n3072-k20-d160-bs50-f1.000-r00:021743.658: log(exp-norms): [3072.0, 3073.88, 3074.4]
exp042-n3072-k20-d160-bs50-f1.000-r00:021743.658: log(norms):     [3072.0, 3074.67, 3075.45, 3075.58, 3075.49, 3075.58, 3075.67, 3075.68, 3075.75, 3075.65]
exp042-n3072-k20-d160-bs50-f1.000-r00:021743.675: (196 sec)
exp042-n3072-k20-d160-bs50-f1.000-r00:021743.675: Loop 76/100
exp042-n3072-k20-d160-bs50-f1.000-r00:021935.454: log(exp-norms): [3072.0, 3073.88, 3074.4]
exp042-n3072-k20-d160-bs50-f1.000-r00:021935.455: log(norms):     [3072.0, 3074.67, 3075.45, 3075.58, 3075.49, 3075.58, 3075.67, 3075.68, 3075.75, 3075.65]
exp042-n3072-k20-d160-bs50-f1.000-r00:021935.471: (192 sec)
exp042-n3072-k20-d160-bs50-f1.000-r00:021935.471: Loop 77/100
exp042-n3072-k20-d160-bs50-f1.000-r00:022121.484: log(exp-norms): [3072.0, 3073.88, 3074.4]
exp042-n3072-k20-d160-bs50-f1.000-r00:022121.484: log(norms):     [3072.0, 3074.67, 3075.45, 3075.58, 3075.49, 3075.58, 3075.67, 3075.68, 3075.75, 3075.65]
exp042-n3072-k20-d160-bs50-f1.000-r00:022121.500: (187 sec)
exp042-n3072-k20-d160-bs50-f1.000-r00:022121.500: Loop 78/100
exp042-n3072-k20-d160-bs50-f1.000-r00:022313.175: log(exp-norms): [3072.0, 3073.88, 3074.4]
exp042-n3072-k20-d160-bs50-f1.000-r00:022313.176: log(norms):     [3072.0, 3074.67, 3075.45, 3075.58, 3075.49, 3075.58, 3075.67, 3075.68, 3075.75, 3075.65]
exp042-n3072-k20-d160-bs50-f1.000-r00:022313.192: (192 sec)
exp042-n3072-k20-d160-bs50-f1.000-r00:022313.192: Loop 79/100
exp042-n3072-k20-d160-bs50-f1.000-r00:022499.535: log(exp-norms): [3072.0, 3073.88, 3074.4]
exp042-n3072-k20-d160-bs50-f1.000-r00:022499.536: log(norms):     [3072.0, 3074.67, 3075.45, 3075.58, 3075.49, 3075.58, 3075.67, 3075.68, 3075.75, 3075.65]
exp042-n3072-k20-d160-bs50-f1.000-r00:022499.552: (187 sec)
exp042-n3072-k20-d160-bs50-f1.000-r00:022499.552: Loop 80/100
exp042-n3072-k20-d160-bs50-f1.000-r00:022674.940: log(exp-norms): [3072.0, 3073.88, 3074.4]
exp042-n3072-k20-d160-bs50-f1.000-r00:022674.940: log(norms):     [3072.0, 3074.67, 3075.45, 3075.58, 3075.49, 3075.58, 3075.67, 3075.67, 3075.65, 3075.68]
exp042-n3072-k20-d160-bs50-f1.000-r00:022674.957: (176 sec)
exp042-n3072-k20-d160-bs50-f1.000-r00:022674.957: Loop 81/100
exp042-n3072-k20-d160-bs50-f1.000-r00:022851.512: log(exp-norms): [3072.0, 3073.88, 3074.4]
exp042-n3072-k20-d160-bs50-f1.000-r00:022851.512: log(norms):     [3072.0, 3074.67, 3075.45, 3075.58, 3075.49, 3075.58, 3075.67, 3075.67, 3075.65, 3075.68]
exp042-n3072-k20-d160-bs50-f1.000-r00:022851.529: (177 sec)
exp042-n3072-k20-d160-bs50-f1.000-r00:022851.529: Loop 82/100
exp042-n3072-k20-d160-bs50-f1.000-r00:023036.151: log(exp-norms): [3072.0, 3073.88, 3074.4]
exp042-n3072-k20-d160-bs50-f1.000-r00:023036.151: log(norms):     [3072.0, 3074.67, 3075.45, 3075.58, 3075.49, 3075.58, 3075.67, 3075.67, 3075.65, 3075.68]
exp042-n3072-k20-d160-bs50-f1.000-r00:023036.169: (185 sec)
exp042-n3072-k20-d160-bs50-f1.000-r00:023036.169: Loop 83/100
exp042-n3072-k20-d160-bs50-f1.000-r00:023228.872: log(exp-norms): [3072.0, 3073.88, 3074.4]
exp042-n3072-k20-d160-bs50-f1.000-r00:023228.872: log(norms):     [3072.0, 3074.67, 3075.45, 3075.58, 3075.49, 3075.58, 3075.67, 3075.67, 3075.65, 3075.68]
exp042-n3072-k20-d160-bs50-f1.000-r00:023228.889: (193 sec)
exp042-n3072-k20-d160-bs50-f1.000-r00:023228.889: Loop 84/100
exp042-n3072-k20-d160-bs50-f1.000-r00:023414.243: log(exp-norms): [3072.0, 3073.88, 3074.4]
exp042-n3072-k20-d160-bs50-f1.000-r00:023414.243: log(norms):     [3072.0, 3074.67, 3075.45, 3075.58, 3075.49, 3075.58, 3075.67, 3075.67, 3075.65, 3075.68]
exp042-n3072-k20-d160-bs50-f1.000-r00:023414.259: (186 sec)
exp042-n3072-k20-d160-bs50-f1.000-r00:023414.259: Loop 85/100
exp042-n3072-k20-d160-bs50-f1.000-r00:023594.048: log(exp-norms): [3072.0, 3073.88, 3074.4]
exp042-n3072-k20-d160-bs50-f1.000-r00:023594.048: log(norms):     [3072.0, 3074.67, 3075.45, 3075.58, 3075.49, 3075.58, 3075.67, 3075.67, 3075.65, 3075.68]
exp042-n3072-k20-d160-bs50-f1.000-r00:023594.064: (180 sec)
exp042-n3072-k20-d160-bs50-f1.000-r00:023594.064: Loop 86/100
exp042-n3072-k20-d160-bs50-f1.000-r00:023766.667: log(exp-norms): [3072.0, 3073.88, 3074.4]
exp042-n3072-k20-d160-bs50-f1.000-r00:023766.667: log(norms):     [3072.0, 3074.67, 3075.45, 3075.58, 3075.49, 3075.58, 3075.67, 3075.67, 3075.65, 3075.68]
exp042-n3072-k20-d160-bs50-f1.000-r00:023766.684: (173 sec)
exp042-n3072-k20-d160-bs50-f1.000-r00:023766.684: Loop 87/100
exp042-n3072-k20-d160-bs50-f1.000-r00:023951.733: log(exp-norms): [3072.0, 3073.88, 3074.4]
exp042-n3072-k20-d160-bs50-f1.000-r00:023951.733: log(norms):     [3072.0, 3074.67, 3075.45, 3075.58, 3075.49, 3075.58, 3075.67, 3075.67, 3075.65, 3075.68]
exp042-n3072-k20-d160-bs50-f1.000-r00:023951.749: (186 sec)
exp042-n3072-k20-d160-bs50-f1.000-r00:023951.750: Loop 88/100
exp042-n3072-k20-d160-bs50-f1.000-r00:024137.614: log(exp-norms): [3072.0, 3073.88, 3074.4]
exp042-n3072-k20-d160-bs50-f1.000-r00:024137.614: log(norms):     [3072.0, 3074.67, 3075.45, 3075.58, 3075.49, 3075.58, 3075.67, 3075.67, 3075.65, 3075.68]
exp042-n3072-k20-d160-bs50-f1.000-r00:024137.631: (186 sec)
exp042-n3072-k20-d160-bs50-f1.000-r00:024137.631: Loop 89/100
exp042-n3072-k20-d160-bs50-f1.000-r00:024329.156: log(exp-norms): [3072.0, 3073.88, 3074.4]
exp042-n3072-k20-d160-bs50-f1.000-r00:024329.156: log(norms):     [3072.0, 3074.67, 3075.45, 3075.58, 3075.49, 3075.58, 3075.67, 3075.67, 3075.65, 3075.68]
exp042-n3072-k20-d160-bs50-f1.000-r00:024329.172: (192 sec)
exp042-n3072-k20-d160-bs50-f1.000-r00:024329.172: Loop 90/100
exp042-n3072-k20-d160-bs50-f1.000-r00:024509.455: log(exp-norms): [3072.0, 3073.88, 3074.4]
exp042-n3072-k20-d160-bs50-f1.000-r00:024509.456: log(norms):     [3072.0, 3074.67, 3075.45, 3075.58, 3075.49, 3075.58, 3075.67, 3075.67, 3075.65, 3075.68]
exp042-n3072-k20-d160-bs50-f1.000-r00:024509.472: (181 sec)
exp042-n3072-k20-d160-bs50-f1.000-r00:024509.472: Loop 91/100
exp042-n3072-k20-d160-bs50-f1.000-r00:024690.471: log(exp-norms): [3072.0, 3073.88, 3074.4]
exp042-n3072-k20-d160-bs50-f1.000-r00:024690.472: log(norms):     [3072.0, 3074.67, 3075.45, 3075.58, 3075.49, 3075.58, 3075.67, 3075.67, 3075.65, 3075.68]
exp042-n3072-k20-d160-bs50-f1.000-r00:024690.488: (182 sec)
exp042-n3072-k20-d160-bs50-f1.000-r00:024690.488: Loop 92/100
exp042-n3072-k20-d160-bs50-f1.000-r00:024877.796: log(exp-norms): [3072.0, 3073.88, 3074.4]
exp042-n3072-k20-d160-bs50-f1.000-r00:024877.796: log(norms):     [3072.0, 3074.67, 3075.45, 3075.58, 3075.49, 3075.58, 3075.67, 3075.67, 3075.65, 3075.68]
exp042-n3072-k20-d160-bs50-f1.000-r00:024877.813: (188 sec)
exp042-n3072-k20-d160-bs50-f1.000-r00:024877.813: Loop 93/100
exp042-n3072-k20-d160-bs50-f1.000-r00:025071.490: log(exp-norms): [3072.0, 3073.88, 3074.4]
exp042-n3072-k20-d160-bs50-f1.000-r00:025071.490: log(norms):     [3072.0, 3074.67, 3075.45, 3075.58, 3075.44, 3075.49, 3075.58, 3075.67, 3075.67, 3075.72]
exp042-n3072-k20-d160-bs50-f1.000-r00:025071.506: (194 sec)
exp042-n3072-k20-d160-bs50-f1.000-r00:025071.506: Loop 94/100
exp042-n3072-k20-d160-bs50-f1.000-r00:025257.218: log(exp-norms): [3072.0, 3073.88, 3074.4]
exp042-n3072-k20-d160-bs50-f1.000-r00:025257.218: log(norms):     [3072.0, 3074.67, 3075.45, 3075.58, 3075.44, 3075.49, 3075.58, 3075.67, 3075.67, 3075.67]
exp042-n3072-k20-d160-bs50-f1.000-r00:025257.234: (186 sec)
exp042-n3072-k20-d160-bs50-f1.000-r00:025257.234: Loop 95/100
exp042-n3072-k20-d160-bs50-f1.000-r00:025443.356: log(exp-norms): [3072.0, 3073.88, 3074.4]
exp042-n3072-k20-d160-bs50-f1.000-r00:025443.356: log(norms):     [3072.0, 3074.67, 3075.45, 3075.58, 3075.44, 3075.49, 3075.58, 3075.67, 3075.67, 3075.67]
exp042-n3072-k20-d160-bs50-f1.000-r00:025443.373: (187 sec)
exp042-n3072-k20-d160-bs50-f1.000-r00:025443.373: Loop 96/100
exp042-n3072-k20-d160-bs50-f1.000-r00:025631.051: log(exp-norms): [3072.0, 3073.88, 3074.4]
exp042-n3072-k20-d160-bs50-f1.000-r00:025631.051: log(norms):     [3072.0, 3074.67, 3075.45, 3075.58, 3075.44, 3075.63, 3075.72, 3075.58, 3075.59, 3075.49]
exp042-n3072-k20-d160-bs50-f1.000-r00:025631.068: (188 sec)
exp042-n3072-k20-d160-bs50-f1.000-r00:025631.068: Loop 97/100
exp042-n3072-k20-d160-bs50-f1.000-r00:025819.596: log(exp-norms): [3072.0, 3073.88, 3074.4]
exp042-n3072-k20-d160-bs50-f1.000-r00:025819.596: log(norms):     [3072.0, 3074.67, 3075.45, 3075.58, 3075.44, 3075.63, 3075.72, 3075.58, 3075.59, 3075.71]
exp042-n3072-k20-d160-bs50-f1.000-r00:025819.613: (189 sec)
exp042-n3072-k20-d160-bs50-f1.000-r00:025819.613: Loop 98/100
exp042-n3072-k20-d160-bs50-f1.000-r00:026005.708: log(exp-norms): [3072.0, 3073.88, 3074.4]
exp042-n3072-k20-d160-bs50-f1.000-r00:026005.708: log(norms):     [3072.0, 3074.67, 3075.45, 3075.58, 3075.44, 3075.63, 3075.72, 3075.58, 3075.59, 3075.71]
exp042-n3072-k20-d160-bs50-f1.000-r00:026005.725: (187 sec)
exp042-n3072-k20-d160-bs50-f1.000-r00:026005.725: Loop 99/100
exp042-n3072-k20-d160-bs50-f1.000-r00:026196.889: log(exp-norms): [3072.0, 3073.88, 3074.4]
exp042-n3072-k20-d160-bs50-f1.000-r00:026196.889: log(norms):     [3072.0, 3074.67, 3075.45, 3075.58, 3075.44, 3075.63, 3075.72, 3075.58, 3075.59, 3075.71]
exp042-n3072-k20-d160-bs50-f1.000-r00:026196.906: (192 sec)
exp042-n3072-k20-d160-bs50-f1.000-r00:026196.906: Loop 100/100
exp042-n3072-k20-d160-bs50-f1.000-r00:026387.349: log(exp-norms): [3072.0, 3073.88, 3074.4]
exp042-n3072-k20-d160-bs50-f1.000-r00:026387.349: log(norms):     [3072.0, 3074.67, 3075.45, 3075.58, 3075.44, 3075.63, 3075.72, 3075.58, 3075.59, 3075.71]
exp042-n3072-k20-d160-bs50-f1.000-r00:026387.365: (191 sec)
exp042-n3072-k20-d160-bs50-f1.000-r00:026387.365: ==========================Summary===========================
exp042-n3072-k20-d160-bs50-f1.000-r00:026387.366: Total time: 26387sec
exp042-n3072-k20-d160-bs50-f1.000-r00:026387.366: FAIL
exp042-n3072-k20-d160-bs50-f1.000-r00:026387.366: SUMMARY:n:3072:k:20:d:160:bs:50:t:26387:r:False
