exp052-n3072-k20-d160-bs60-f1.000-r00:000000.550: ==========================Instance==========================
exp052-n3072-k20-d160-bs60-f1.000-r00:000000.551: # of equations: 160
exp052-n3072-k20-d160-bs60-f1.000-r00:000000.558: Gap: 1.44
exp052-n3072-k20-d160-bs60-f1.000-r00:000000.571: Tau: 0.67
exp052-n3072-k20-d160-bs60-f1.000-r00:000000.573: ======================BKZ-60 reduction======================
exp052-n3072-k20-d160-bs60-f1.000-r00:000004.127: Expectedly achievable log(norm): 3075.44
exp052-n3072-k20-d160-bs60-f1.000-r00:000007.695: log(exp-norms): [3072.0, 3073.88, 3074.4]
exp052-n3072-k20-d160-bs60-f1.000-r00:000007.696: log(norms):     [3094.84, 3074.67, 3092.0, 3092.0, 3092.0, 3092.0, 3092.0, 3092.0, 3092.0, 3092.0]
exp052-n3072-k20-d160-bs60-f1.000-r00:000007.803: Loop 1/100
exp052-n3072-k20-d160-bs60-f1.000-r00:002433.105: log(exp-norms): [3072.0, 3073.88, 3074.4]
exp052-n3072-k20-d160-bs60-f1.000-r00:002433.106: log(norms):     [3074.67, 3076.74, 3076.8, 3076.82, 3076.96, 3076.95, 3076.86, 3076.93, 3077.06, 3077.06]
exp052-n3072-k20-d160-bs60-f1.000-r00:002433.141: (2426 sec)
exp052-n3072-k20-d160-bs60-f1.000-r00:002433.142: Loop 2/100
exp052-n3072-k20-d160-bs60-f1.000-r00:003353.133: log(exp-norms): [3072.0, 3073.88, 3074.4]
exp052-n3072-k20-d160-bs60-f1.000-r00:003353.134: log(norms):     [3072.0, 3074.67, 3076.16, 3076.26, 3076.32, 3076.32, 3076.45, 3076.42, 3076.61, 3076.38]
exp052-n3072-k20-d160-bs60-f1.000-r00:003353.164: (921 sec)
exp052-n3072-k20-d160-bs60-f1.000-r00:003353.164: Loop 3/100
exp052-n3072-k20-d160-bs60-f1.000-r00:004193.416: log(exp-norms): [3072.0, 3073.88, 3074.4]
exp052-n3072-k20-d160-bs60-f1.000-r00:004193.417: log(norms):     [3072.0, 3074.67, 3075.89, 3076.0, 3075.96, 3076.01, 3075.85, 3075.78, 3075.97, 3075.97]
exp052-n3072-k20-d160-bs60-f1.000-r00:004193.447: (841 sec)
exp052-n3072-k20-d160-bs60-f1.000-r00:004193.447: Loop 4/100
exp052-n3072-k20-d160-bs60-f1.000-r00:004931.384: log(exp-norms): [3072.0, 3073.88, 3074.4]
exp052-n3072-k20-d160-bs60-f1.000-r00:004931.385: log(norms):     [3072.0, 3074.67, 3075.69, 3075.81, 3075.73, 3075.85, 3075.75, 3075.79, 3075.88, 3075.87]
exp052-n3072-k20-d160-bs60-f1.000-r00:004931.415: (738 sec)
exp052-n3072-k20-d160-bs60-f1.000-r00:004931.415: Loop 5/100
exp052-n3072-k20-d160-bs60-f1.000-r00:005665.048: log(exp-norms): [3072.0, 3073.88, 3074.4]
exp052-n3072-k20-d160-bs60-f1.000-r00:005665.049: log(norms):     [3072.0, 3074.67, 3075.5, 3075.6, 3075.64, 3075.77, 3075.64, 3075.61, 3075.79, 3075.62]
exp052-n3072-k20-d160-bs60-f1.000-r00:005665.078: (734 sec)
exp052-n3072-k20-d160-bs60-f1.000-r00:005665.078: Loop 6/100
exp052-n3072-k20-d160-bs60-f1.000-r00:006418.873: log(exp-norms): [3072.0, 3073.88, 3074.4]
exp052-n3072-k20-d160-bs60-f1.000-r00:006418.873: log(norms):     [3072.0, 3074.67, 3075.5, 3075.5, 3075.57, 3075.64, 3075.64, 3075.64, 3075.68, 3075.66]
exp052-n3072-k20-d160-bs60-f1.000-r00:006418.903: (754 sec)
exp052-n3072-k20-d160-bs60-f1.000-r00:006418.903: Loop 7/100
exp052-n3072-k20-d160-bs60-f1.000-r00:007090.355: log(exp-norms): [3072.0, 3073.88, 3074.4]
exp052-n3072-k20-d160-bs60-f1.000-r00:007090.355: log(norms):     [3072.0, 3074.67, 3075.5, 3075.53, 3075.63, 3075.57, 3075.63, 3075.68, 3075.67, 3075.72]
exp052-n3072-k20-d160-bs60-f1.000-r00:007090.383: (672 sec)
exp052-n3072-k20-d160-bs60-f1.000-r00:007090.384: Loop 8/100
exp052-n3072-k20-d160-bs60-f1.000-r00:007705.229: log(exp-norms): [3072.0, 3073.88, 3074.4]
exp052-n3072-k20-d160-bs60-f1.000-r00:007705.229: log(norms):     [3072.0, 3074.67, 3075.4, 3075.54, 3075.49, 3075.5, 3075.53, 3075.63, 3075.69, 3075.58]
exp052-n3072-k20-d160-bs60-f1.000-r00:007705.262: (615 sec)
exp052-n3072-k20-d160-bs60-f1.000-r00:007705.263: Loop 9/100
exp052-n3072-k20-d160-bs60-f1.000-r00:008393.210: log(exp-norms): [3072.0, 3073.88, 3074.4]
exp052-n3072-k20-d160-bs60-f1.000-r00:008393.211: log(norms):     [3072.0, 3074.67, 3075.4, 3075.54, 3075.49, 3075.5, 3075.53, 3075.72, 3075.63, 3075.58]
exp052-n3072-k20-d160-bs60-f1.000-r00:008393.239: (688 sec)
exp052-n3072-k20-d160-bs60-f1.000-r00:008393.240: Loop 10/100
exp052-n3072-k20-d160-bs60-f1.000-r00:009058.151: log(exp-norms): [3072.0, 3073.88, 3074.4]
exp052-n3072-k20-d160-bs60-f1.000-r00:009058.152: log(norms):     [3072.0, 3074.67, 3075.4, 3075.54, 3075.49, 3075.5, 3075.57, 3075.48, 3075.68, 3075.52]
exp052-n3072-k20-d160-bs60-f1.000-r00:009058.180: (665 sec)
exp052-n3072-k20-d160-bs60-f1.000-r00:009058.180: Loop 11/100
exp052-n3072-k20-d160-bs60-f1.000-r00:009593.954: log(exp-norms): [3072.0, 3073.88, 3074.4]
exp052-n3072-k20-d160-bs60-f1.000-r00:009593.954: log(norms):     [3072.0, 3074.67, 3075.4, 3075.54, 3075.49, 3075.46, 3075.47, 3075.5, 3075.57, 3075.48]
exp052-n3072-k20-d160-bs60-f1.000-r00:009593.972: (536 sec)
exp052-n3072-k20-d160-bs60-f1.000-r00:009593.972: Loop 12/100
exp052-n3072-k20-d160-bs60-f1.000-r00:010079.535: log(exp-norms): [3072.0, 3073.88, 3074.4]
exp052-n3072-k20-d160-bs60-f1.000-r00:010079.536: log(norms):     [3072.0, 3074.67, 3075.4, 3075.54, 3075.49, 3075.46, 3075.47, 3075.54, 3075.48, 3075.77]
exp052-n3072-k20-d160-bs60-f1.000-r00:010079.553: (486 sec)
exp052-n3072-k20-d160-bs60-f1.000-r00:010079.553: Loop 13/100
exp052-n3072-k20-d160-bs60-f1.000-r00:010546.565: log(exp-norms): [3072.0, 3073.88, 3074.4]
exp052-n3072-k20-d160-bs60-f1.000-r00:010546.565: log(norms):     [3072.0, 3074.67, 3075.4, 3075.45, 3075.48, 3075.5, 3075.59, 3075.55, 3075.64, 3075.52]
exp052-n3072-k20-d160-bs60-f1.000-r00:010546.593: (468 sec)
exp052-n3072-k20-d160-bs60-f1.000-r00:010546.593: Loop 14/100
exp052-n3072-k20-d160-bs60-f1.000-r00:011169.206: log(exp-norms): [3072.0, 3073.88, 3074.4]
exp052-n3072-k20-d160-bs60-f1.000-r00:011169.206: log(norms):     [3072.0, 3074.67, 3075.31, 3075.36, 3075.4, 3075.44, 3075.45, 3075.48, 3075.7, 3075.58]
exp052-n3072-k20-d160-bs60-f1.000-r00:011169.234: (623 sec)
exp052-n3072-k20-d160-bs60-f1.000-r00:011169.234: Loop 15/100
exp052-n3072-k20-d160-bs60-f1.000-r00:011727.689: log(exp-norms): [3072.0, 3073.88, 3074.4]
exp052-n3072-k20-d160-bs60-f1.000-r00:011727.690: log(norms):     [3072.0, 3074.67, 3075.31, 3075.36, 3075.4, 3075.44, 3075.45, 3075.46, 3075.54, 3075.64]
exp052-n3072-k20-d160-bs60-f1.000-r00:011727.707: (559 sec)
exp052-n3072-k20-d160-bs60-f1.000-r00:011727.707: Loop 16/100
exp052-n3072-k20-d160-bs60-f1.000-r00:012144.891: log(exp-norms): [3072.0, 3073.88, 3074.4]
exp052-n3072-k20-d160-bs60-f1.000-r00:012144.891: log(norms):     [3072.0, 3074.67, 3075.31, 3075.36, 3075.4, 3075.44, 3075.45, 3075.46, 3075.54, 3075.64]
exp052-n3072-k20-d160-bs60-f1.000-r00:012144.908: (418 sec)
exp052-n3072-k20-d160-bs60-f1.000-r00:012144.909: Loop 17/100
exp052-n3072-k20-d160-bs60-f1.000-r00:012562.268: log(exp-norms): [3072.0, 3073.88, 3074.4]
exp052-n3072-k20-d160-bs60-f1.000-r00:012562.268: log(norms):     [3072.0, 3074.67, 3075.31, 3075.36, 3075.4, 3075.44, 3075.45, 3075.46, 3075.54, 3075.46]
exp052-n3072-k20-d160-bs60-f1.000-r00:012562.285: (418 sec)
exp052-n3072-k20-d160-bs60-f1.000-r00:012562.285: Loop 18/100
exp052-n3072-k20-d160-bs60-f1.000-r00:012980.766: log(exp-norms): [3072.0, 3073.88, 3074.4]
exp052-n3072-k20-d160-bs60-f1.000-r00:012980.767: log(norms):     [3072.0, 3074.67, 3075.31, 3075.36, 3075.4, 3075.44, 3075.45, 3075.46, 3075.54, 3075.46]
exp052-n3072-k20-d160-bs60-f1.000-r00:012980.784: (419 sec)
exp052-n3072-k20-d160-bs60-f1.000-r00:012980.784: Loop 19/100
exp052-n3072-k20-d160-bs60-f1.000-r00:013395.289: log(exp-norms): [3072.0, 3073.88, 3074.4]
exp052-n3072-k20-d160-bs60-f1.000-r00:013395.289: log(norms):     [3072.0, 3074.67, 3075.31, 3075.36, 3075.4, 3075.44, 3075.45, 3075.46, 3075.54, 3075.46]
exp052-n3072-k20-d160-bs60-f1.000-r00:013395.306: (415 sec)
exp052-n3072-k20-d160-bs60-f1.000-r00:013395.307: Loop 20/100
exp052-n3072-k20-d160-bs60-f1.000-r00:013809.767: log(exp-norms): [3072.0, 3073.88, 3074.4]
exp052-n3072-k20-d160-bs60-f1.000-r00:013809.768: log(norms):     [3072.0, 3074.67, 3075.31, 3075.36, 3075.39, 3075.45, 3075.4, 3075.46, 3075.54, 3075.44]
exp052-n3072-k20-d160-bs60-f1.000-r00:013809.784: (415 sec)
exp052-n3072-k20-d160-bs60-f1.000-r00:013809.784: Loop 21/100
exp052-n3072-k20-d160-bs60-f1.000-r00:014221.685: log(exp-norms): [3072.0, 3073.88, 3074.4]
exp052-n3072-k20-d160-bs60-f1.000-r00:014221.685: log(norms):     [3072.0, 3074.67, 3075.31, 3075.36, 3075.39, 3075.45, 3075.4, 3075.46, 3075.54, 3075.44]
exp052-n3072-k20-d160-bs60-f1.000-r00:014221.701: (412 sec)
exp052-n3072-k20-d160-bs60-f1.000-r00:014221.702: Loop 22/100
exp052-n3072-k20-d160-bs60-f1.000-r00:014631.361: log(exp-norms): [3072.0, 3073.88, 3074.4]
exp052-n3072-k20-d160-bs60-f1.000-r00:014631.361: log(norms):     [3072.0, 3074.67, 3075.31, 3075.36, 3075.39, 3075.45, 3075.4, 3075.46, 3075.54, 3075.44]
exp052-n3072-k20-d160-bs60-f1.000-r00:014631.378: (410 sec)
exp052-n3072-k20-d160-bs60-f1.000-r00:014631.378: Loop 23/100
exp052-n3072-k20-d160-bs60-f1.000-r00:015025.880: log(exp-norms): [3072.0, 3073.88, 3074.4]
exp052-n3072-k20-d160-bs60-f1.000-r00:015025.880: log(norms):     [3072.0, 3074.67, 3075.31, 3075.36, 3075.39, 3075.45, 3075.4, 3075.46, 3075.54, 3075.44]
exp052-n3072-k20-d160-bs60-f1.000-r00:015025.896: (395 sec)
exp052-n3072-k20-d160-bs60-f1.000-r00:015025.897: Loop 24/100
exp052-n3072-k20-d160-bs60-f1.000-r00:015422.116: log(exp-norms): [3072.0, 3073.88, 3074.4]
exp052-n3072-k20-d160-bs60-f1.000-r00:015422.116: log(norms):     [3072.0, 3074.67, 3075.31, 3075.36, 3075.39, 3075.45, 3075.4, 3075.46, 3075.54, 3075.44]
exp052-n3072-k20-d160-bs60-f1.000-r00:015422.133: (397 sec)
exp052-n3072-k20-d160-bs60-f1.000-r00:015422.133: Loop 25/100
exp052-n3072-k20-d160-bs60-f1.000-r00:015829.853: log(exp-norms): [3072.0, 3073.88, 3074.4]
exp052-n3072-k20-d160-bs60-f1.000-r00:015829.853: log(norms):     [3072.0, 3074.67, 3075.31, 3075.36, 3075.39, 3075.45, 3075.4, 3075.46, 3075.54, 3075.44]
exp052-n3072-k20-d160-bs60-f1.000-r00:015829.870: (408 sec)
exp052-n3072-k20-d160-bs60-f1.000-r00:015829.870: Loop 26/100
exp052-n3072-k20-d160-bs60-f1.000-r00:016268.444: log(exp-norms): [3072.0, 3073.88, 3074.4]
exp052-n3072-k20-d160-bs60-f1.000-r00:016268.445: log(norms):     [3072.0, 3074.67, 3075.31, 3075.36, 3075.39, 3075.6, 3075.45, 3075.4, 3075.49, 3075.45]
exp052-n3072-k20-d160-bs60-f1.000-r00:016268.461: (439 sec)
exp052-n3072-k20-d160-bs60-f1.000-r00:016268.461: Loop 27/100
exp052-n3072-k20-d160-bs60-f1.000-r00:016684.256: log(exp-norms): [3072.0, 3073.88, 3074.4]
exp052-n3072-k20-d160-bs60-f1.000-r00:016684.256: log(norms):     [3072.0, 3074.67, 3075.31, 3075.36, 3075.39, 3075.6, 3075.45, 3075.4, 3075.49, 3075.54]
exp052-n3072-k20-d160-bs60-f1.000-r00:016684.273: (416 sec)
exp052-n3072-k20-d160-bs60-f1.000-r00:016684.274: Loop 28/100
exp052-n3072-k20-d160-bs60-f1.000-r00:017093.976: log(exp-norms): [3072.0, 3073.88, 3074.4]
exp052-n3072-k20-d160-bs60-f1.000-r00:017093.977: log(norms):     [3072.0, 3074.67, 3075.31, 3075.36, 3075.39, 3075.6, 3075.45, 3075.4, 3075.49, 3075.54]
exp052-n3072-k20-d160-bs60-f1.000-r00:017093.993: (410 sec)
exp052-n3072-k20-d160-bs60-f1.000-r00:017093.993: Loop 29/100
exp052-n3072-k20-d160-bs60-f1.000-r00:017496.199: log(exp-norms): [3072.0, 3073.88, 3074.4]
exp052-n3072-k20-d160-bs60-f1.000-r00:017496.199: log(norms):     [3072.0, 3074.67, 3075.31, 3075.36, 3075.44, 3075.39, 3075.45, 3075.6, 3075.4, 3075.49]
exp052-n3072-k20-d160-bs60-f1.000-r00:017496.216: (403 sec)
exp052-n3072-k20-d160-bs60-f1.000-r00:017496.216: Loop 30/100
exp052-n3072-k20-d160-bs60-f1.000-r00:017907.951: log(exp-norms): [3072.0, 3073.88, 3074.4]
exp052-n3072-k20-d160-bs60-f1.000-r00:017907.951: log(norms):     [3072.0, 3074.67, 3075.31, 3075.36, 3075.44, 3075.39, 3075.45, 3075.6, 3075.4, 3075.54]
exp052-n3072-k20-d160-bs60-f1.000-r00:017907.968: (412 sec)
exp052-n3072-k20-d160-bs60-f1.000-r00:017907.968: Loop 31/100
exp052-n3072-k20-d160-bs60-f1.000-r00:018311.869: log(exp-norms): [3072.0, 3073.88, 3074.4]
exp052-n3072-k20-d160-bs60-f1.000-r00:018311.869: log(norms):     [3072.0, 3074.67, 3075.31, 3075.36, 3075.44, 3075.39, 3075.45, 3075.6, 3075.4, 3075.54]
exp052-n3072-k20-d160-bs60-f1.000-r00:018311.885: (404 sec)
exp052-n3072-k20-d160-bs60-f1.000-r00:018311.886: Loop 32/100
exp052-n3072-k20-d160-bs60-f1.000-r00:018726.488: log(exp-norms): [3072.0, 3073.88, 3074.4]
exp052-n3072-k20-d160-bs60-f1.000-r00:018726.488: log(norms):     [3072.0, 3074.67, 3075.31, 3075.36, 3075.44, 3075.39, 3075.45, 3075.6, 3075.4, 3075.54]
exp052-n3072-k20-d160-bs60-f1.000-r00:018726.505: (415 sec)
exp052-n3072-k20-d160-bs60-f1.000-r00:018726.505: Loop 33/100
exp052-n3072-k20-d160-bs60-f1.000-r00:019122.543: log(exp-norms): [3072.0, 3073.88, 3074.4]
exp052-n3072-k20-d160-bs60-f1.000-r00:019122.544: log(norms):     [3072.0, 3074.67, 3075.31, 3075.36, 3075.44, 3075.39, 3075.45, 3075.6, 3075.4, 3075.54]
exp052-n3072-k20-d160-bs60-f1.000-r00:019122.560: (397 sec)
exp052-n3072-k20-d160-bs60-f1.000-r00:019122.560: Loop 34/100
exp052-n3072-k20-d160-bs60-f1.000-r00:019542.795: log(exp-norms): [3072.0, 3073.88, 3074.4]
exp052-n3072-k20-d160-bs60-f1.000-r00:019542.795: log(norms):     [3072.0, 3074.67, 3075.31, 3075.36, 3075.44, 3075.39, 3075.45, 3075.6, 3075.4, 3075.54]
exp052-n3072-k20-d160-bs60-f1.000-r00:019542.812: (421 sec)
exp052-n3072-k20-d160-bs60-f1.000-r00:019542.812: Loop 35/100
exp052-n3072-k20-d160-bs60-f1.000-r00:019964.105: log(exp-norms): [3072.0, 3073.88, 3074.4]
exp052-n3072-k20-d160-bs60-f1.000-r00:019964.106: log(norms):     [3072.0, 3074.67, 3075.31, 3075.36, 3075.44, 3075.39, 3075.45, 3075.6, 3075.4, 3075.62]
exp052-n3072-k20-d160-bs60-f1.000-r00:019964.122: (422 sec)
exp052-n3072-k20-d160-bs60-f1.000-r00:019964.122: Loop 36/100
exp052-n3072-k20-d160-bs60-f1.000-r00:020386.195: log(exp-norms): [3072.0, 3073.88, 3074.4]
exp052-n3072-k20-d160-bs60-f1.000-r00:020386.196: log(norms):     [3072.0, 3074.67, 3075.31, 3075.36, 3075.44, 3075.51, 3075.57, 3075.45, 3075.39, 3075.6]
exp052-n3072-k20-d160-bs60-f1.000-r00:020386.212: (423 sec)
exp052-n3072-k20-d160-bs60-f1.000-r00:020386.212: Loop 37/100
exp052-n3072-k20-d160-bs60-f1.000-r00:020806.381: log(exp-norms): [3072.0, 3073.88, 3074.4]
exp052-n3072-k20-d160-bs60-f1.000-r00:020806.382: log(norms):     [3072.0, 3074.67, 3075.31, 3075.36, 3075.44, 3075.51, 3075.57, 3075.73, 3075.42, 3075.49]
exp052-n3072-k20-d160-bs60-f1.000-r00:020806.398: (421 sec)
exp052-n3072-k20-d160-bs60-f1.000-r00:020806.398: Loop 38/100
exp052-n3072-k20-d160-bs60-f1.000-r00:021209.514: log(exp-norms): [3072.0, 3073.88, 3074.4]
exp052-n3072-k20-d160-bs60-f1.000-r00:021209.515: log(norms):     [3072.0, 3074.67, 3075.31, 3075.36, 3075.44, 3075.51, 3075.57, 3075.59, 3075.73, 3075.62]
exp052-n3072-k20-d160-bs60-f1.000-r00:021209.532: (404 sec)
exp052-n3072-k20-d160-bs60-f1.000-r00:021209.532: Loop 39/100
exp052-n3072-k20-d160-bs60-f1.000-r00:021616.446: log(exp-norms): [3072.0, 3073.88, 3074.4]
exp052-n3072-k20-d160-bs60-f1.000-r00:021616.446: log(norms):     [3072.0, 3074.67, 3075.31, 3075.36, 3075.44, 3075.51, 3075.57, 3075.53, 3075.59, 3075.73]
exp052-n3072-k20-d160-bs60-f1.000-r00:021616.462: (407 sec)
exp052-n3072-k20-d160-bs60-f1.000-r00:021616.463: Loop 40/100
exp052-n3072-k20-d160-bs60-f1.000-r00:022031.893: log(exp-norms): [3072.0, 3073.88, 3074.4]
exp052-n3072-k20-d160-bs60-f1.000-r00:022031.893: log(norms):     [3072.0, 3074.67, 3075.31, 3075.36, 3075.43, 3075.44, 3075.51, 3075.64, 3075.59, 3075.73]
exp052-n3072-k20-d160-bs60-f1.000-r00:022031.910: (416 sec)
exp052-n3072-k20-d160-bs60-f1.000-r00:022031.910: Loop 41/100
exp052-n3072-k20-d160-bs60-f1.000-r00:022453.272: log(exp-norms): [3072.0, 3073.88, 3074.4]
exp052-n3072-k20-d160-bs60-f1.000-r00:022453.272: log(norms):     [3072.0, 3074.67, 3075.31, 3075.36, 3075.43, 3075.44, 3075.51, 3075.64, 3075.5, 3075.66]
exp052-n3072-k20-d160-bs60-f1.000-r00:022453.288: (422 sec)
exp052-n3072-k20-d160-bs60-f1.000-r00:022453.288: Loop 42/100
exp052-n3072-k20-d160-bs60-f1.000-r00:022864.879: log(exp-norms): [3072.0, 3073.88, 3074.4]
exp052-n3072-k20-d160-bs60-f1.000-r00:022864.880: log(norms):     [3072.0, 3074.67, 3075.31, 3075.36, 3075.43, 3075.44, 3075.51, 3075.64, 3075.5, 3075.66]
exp052-n3072-k20-d160-bs60-f1.000-r00:022864.897: (412 sec)
exp052-n3072-k20-d160-bs60-f1.000-r00:022864.897: Loop 43/100
exp052-n3072-k20-d160-bs60-f1.000-r00:023275.516: log(exp-norms): [3072.0, 3073.88, 3074.4]
exp052-n3072-k20-d160-bs60-f1.000-r00:023275.516: log(norms):     [3072.0, 3074.67, 3075.31, 3075.36, 3075.43, 3075.44, 3075.51, 3075.64, 3075.5, 3075.66]
exp052-n3072-k20-d160-bs60-f1.000-r00:023275.532: (411 sec)
exp052-n3072-k20-d160-bs60-f1.000-r00:023275.532: Loop 44/100
exp052-n3072-k20-d160-bs60-f1.000-r00:023674.405: log(exp-norms): [3072.0, 3073.88, 3074.4]
exp052-n3072-k20-d160-bs60-f1.000-r00:023674.406: log(norms):     [3072.0, 3074.67, 3075.31, 3075.36, 3075.43, 3075.44, 3075.51, 3075.64, 3075.5, 3075.66]
exp052-n3072-k20-d160-bs60-f1.000-r00:023674.422: (399 sec)
exp052-n3072-k20-d160-bs60-f1.000-r00:023674.422: Loop 45/100
exp052-n3072-k20-d160-bs60-f1.000-r00:024087.656: log(exp-norms): [3072.0, 3073.88, 3074.4]
exp052-n3072-k20-d160-bs60-f1.000-r00:024087.656: log(norms):     [3072.0, 3074.67, 3075.31, 3075.36, 3075.43, 3075.44, 3075.51, 3075.64, 3075.5, 3075.66]
exp052-n3072-k20-d160-bs60-f1.000-r00:024087.673: (414 sec)
exp052-n3072-k20-d160-bs60-f1.000-r00:024087.673: Loop 46/100
exp052-n3072-k20-d160-bs60-f1.000-r00:024493.661: log(exp-norms): [3072.0, 3073.88, 3074.4]
exp052-n3072-k20-d160-bs60-f1.000-r00:024493.662: log(norms):     [3072.0, 3074.67, 3075.31, 3075.36, 3075.43, 3075.44, 3075.51, 3075.64, 3075.5, 3075.66]
exp052-n3072-k20-d160-bs60-f1.000-r00:024493.678: (407 sec)
exp052-n3072-k20-d160-bs60-f1.000-r00:024493.678: Loop 47/100
exp052-n3072-k20-d160-bs60-f1.000-r00:024899.877: log(exp-norms): [3072.0, 3073.88, 3074.4]
exp052-n3072-k20-d160-bs60-f1.000-r00:024899.877: log(norms):     [3072.0, 3074.67, 3075.31, 3075.36, 3075.43, 3075.44, 3075.51, 3075.64, 3075.5, 3075.66]
exp052-n3072-k20-d160-bs60-f1.000-r00:024899.894: (407 sec)
exp052-n3072-k20-d160-bs60-f1.000-r00:024899.894: Loop 48/100
exp052-n3072-k20-d160-bs60-f1.000-r00:025310.229: log(exp-norms): [3072.0, 3073.88, 3074.4]
exp052-n3072-k20-d160-bs60-f1.000-r00:025310.229: log(norms):     [3072.0, 3074.67, 3075.31, 3075.36, 3075.43, 3075.44, 3075.51, 3075.64, 3075.5, 3075.66]
exp052-n3072-k20-d160-bs60-f1.000-r00:025310.246: (411 sec)
exp052-n3072-k20-d160-bs60-f1.000-r00:025310.246: Loop 49/100
exp052-n3072-k20-d160-bs60-f1.000-r00:025722.147: log(exp-norms): [3072.0, 3073.88, 3074.4]
exp052-n3072-k20-d160-bs60-f1.000-r00:025722.147: log(norms):     [3072.0, 3074.67, 3075.31, 3075.36, 3075.43, 3075.44, 3075.51, 3075.64, 3075.5, 3075.66]
exp052-n3072-k20-d160-bs60-f1.000-r00:025722.164: (412 sec)
exp052-n3072-k20-d160-bs60-f1.000-r00:025722.164: Loop 50/100
exp052-n3072-k20-d160-bs60-f1.000-r00:026109.510: log(exp-norms): [3072.0, 3073.88, 3074.4]
exp052-n3072-k20-d160-bs60-f1.000-r00:026109.511: log(norms):     [3072.0, 3074.67, 3075.31, 3075.36, 3075.43, 3075.44, 3075.51, 3075.64, 3075.5, 3075.66]
exp052-n3072-k20-d160-bs60-f1.000-r00:026109.527: (388 sec)
exp052-n3072-k20-d160-bs60-f1.000-r00:026109.527: Loop 51/100
exp052-n3072-k20-d160-bs60-f1.000-r00:026503.379: log(exp-norms): [3072.0, 3073.88, 3074.4]
exp052-n3072-k20-d160-bs60-f1.000-r00:026503.380: log(norms):     [3072.0, 3074.67, 3075.31, 3075.36, 3075.43, 3075.44, 3075.51, 3075.64, 3075.5, 3075.66]
exp052-n3072-k20-d160-bs60-f1.000-r00:026503.396: (394 sec)
exp052-n3072-k20-d160-bs60-f1.000-r00:026503.396: Loop 52/100
exp052-n3072-k20-d160-bs60-f1.000-r00:026888.431: log(exp-norms): [3072.0, 3073.88, 3074.4]
exp052-n3072-k20-d160-bs60-f1.000-r00:026888.431: log(norms):     [3072.0, 3074.67, 3075.31, 3075.36, 3075.43, 3075.44, 3075.51, 3075.64, 3075.5, 3075.66]
exp052-n3072-k20-d160-bs60-f1.000-r00:026888.447: (386 sec)
exp052-n3072-k20-d160-bs60-f1.000-r00:026888.448: Loop 53/100
exp052-n3072-k20-d160-bs60-f1.000-r00:027271.647: log(exp-norms): [3072.0, 3073.88, 3074.4]
exp052-n3072-k20-d160-bs60-f1.000-r00:027271.647: log(norms):     [3072.0, 3074.67, 3075.31, 3075.36, 3075.43, 3075.44, 3075.51, 3075.64, 3075.5, 3075.66]
exp052-n3072-k20-d160-bs60-f1.000-r00:027271.663: (384 sec)
exp052-n3072-k20-d160-bs60-f1.000-r00:027271.663: Loop 54/100
exp052-n3072-k20-d160-bs60-f1.000-r00:027664.854: log(exp-norms): [3072.0, 3073.88, 3074.4]
exp052-n3072-k20-d160-bs60-f1.000-r00:027664.855: log(norms):     [3072.0, 3074.67, 3075.31, 3075.36, 3075.43, 3075.44, 3075.51, 3075.64, 3075.5, 3075.66]
exp052-n3072-k20-d160-bs60-f1.000-r00:027664.872: (394 sec)
exp052-n3072-k20-d160-bs60-f1.000-r00:027664.872: Loop 55/100
exp052-n3072-k20-d160-bs60-f1.000-r00:028032.050: log(exp-norms): [3072.0, 3073.88, 3074.4]
exp052-n3072-k20-d160-bs60-f1.000-r00:028032.051: log(norms):     [3072.0, 3074.67, 3075.31, 3075.36, 3075.43, 3075.44, 3075.51, 3075.64, 3075.5, 3075.66]
exp052-n3072-k20-d160-bs60-f1.000-r00:028032.067: (368 sec)
exp052-n3072-k20-d160-bs60-f1.000-r00:028032.067: Loop 56/100
exp052-n3072-k20-d160-bs60-f1.000-r00:028418.365: log(exp-norms): [3072.0, 3073.88, 3074.4]
exp052-n3072-k20-d160-bs60-f1.000-r00:028418.365: log(norms):     [3072.0, 3074.67, 3075.31, 3075.36, 3075.43, 3075.44, 3075.51, 3075.64, 3075.5, 3075.66]
exp052-n3072-k20-d160-bs60-f1.000-r00:028418.382: (387 sec)
exp052-n3072-k20-d160-bs60-f1.000-r00:028418.382: Loop 57/100
exp052-n3072-k20-d160-bs60-f1.000-r00:028808.958: log(exp-norms): [3072.0, 3073.88, 3074.4]
exp052-n3072-k20-d160-bs60-f1.000-r00:028808.958: log(norms):     [3072.0, 3074.67, 3075.31, 3075.36, 3075.43, 3075.44, 3075.51, 3075.64, 3075.5, 3075.66]
exp052-n3072-k20-d160-bs60-f1.000-r00:028808.975: (391 sec)
exp052-n3072-k20-d160-bs60-f1.000-r00:028808.975: Loop 58/100
exp052-n3072-k20-d160-bs60-f1.000-r00:029208.059: log(exp-norms): [3072.0, 3073.88, 3074.4]
exp052-n3072-k20-d160-bs60-f1.000-r00:029208.059: log(norms):     [3072.0, 3074.67, 3075.31, 3075.36, 3075.43, 3075.44, 3075.51, 3075.64, 3075.5, 3075.66]
exp052-n3072-k20-d160-bs60-f1.000-r00:029208.076: (400 sec)
exp052-n3072-k20-d160-bs60-f1.000-r00:029208.076: Loop 59/100
exp052-n3072-k20-d160-bs60-f1.000-r00:029606.395: log(exp-norms): [3072.0, 3073.88, 3074.4]
exp052-n3072-k20-d160-bs60-f1.000-r00:029606.396: log(norms):     [3072.0, 3074.67, 3075.31, 3075.36, 3075.35, 3075.43, 3075.44, 3075.51, 3075.64, 3075.5]
exp052-n3072-k20-d160-bs60-f1.000-r00:029606.412: (399 sec)
exp052-n3072-k20-d160-bs60-f1.000-r00:029606.412: Loop 60/100
exp052-n3072-k20-d160-bs60-f1.000-r00:030016.377: log(exp-norms): [3072.0, 3073.88, 3074.4]
exp052-n3072-k20-d160-bs60-f1.000-r00:030016.377: log(norms):     [3072.0, 3074.67, 3075.31, 3075.36, 3075.35, 3075.43, 3075.44, 3075.51, 3075.64, 3075.5]
exp052-n3072-k20-d160-bs60-f1.000-r00:030016.394: (410 sec)
exp052-n3072-k20-d160-bs60-f1.000-r00:030016.394: Loop 61/100
exp052-n3072-k20-d160-bs60-f1.000-r00:030420.915: log(exp-norms): [3072.0, 3073.88, 3074.4]
exp052-n3072-k20-d160-bs60-f1.000-r00:030420.915: log(norms):     [3072.0, 3074.67, 3075.31, 3075.36, 3075.35, 3075.45, 3075.43, 3075.44, 3075.51, 3075.64]
exp052-n3072-k20-d160-bs60-f1.000-r00:030420.931: (405 sec)
exp052-n3072-k20-d160-bs60-f1.000-r00:030420.931: Loop 62/100
exp052-n3072-k20-d160-bs60-f1.000-r00:030835.645: log(exp-norms): [3072.0, 3073.88, 3074.4]
exp052-n3072-k20-d160-bs60-f1.000-r00:030835.645: log(norms):     [3072.0, 3074.67, 3075.31, 3075.36, 3075.35, 3075.45, 3075.43, 3075.44, 3075.51, 3075.64]
exp052-n3072-k20-d160-bs60-f1.000-r00:030835.661: (415 sec)
exp052-n3072-k20-d160-bs60-f1.000-r00:030835.661: Loop 63/100
exp052-n3072-k20-d160-bs60-f1.000-r00:031207.111: log(exp-norms): [3072.0, 3073.88, 3074.4]
exp052-n3072-k20-d160-bs60-f1.000-r00:031207.112: log(norms):     [3072.0, 3074.67, 3075.31, 3075.36, 3075.35, 3075.45, 3075.43, 3075.44, 3075.51, 3075.64]
exp052-n3072-k20-d160-bs60-f1.000-r00:031207.128: (372 sec)
exp052-n3072-k20-d160-bs60-f1.000-r00:031207.128: Loop 64/100
exp052-n3072-k20-d160-bs60-f1.000-r00:031600.205: log(exp-norms): [3072.0, 3073.88, 3074.4]
exp052-n3072-k20-d160-bs60-f1.000-r00:031600.205: log(norms):     [3072.0, 3074.67, 3075.31, 3075.36, 3075.35, 3075.45, 3075.43, 3075.56, 3075.44, 3075.51]
exp052-n3072-k20-d160-bs60-f1.000-r00:031600.221: (394 sec)
exp052-n3072-k20-d160-bs60-f1.000-r00:031600.221: Loop 65/100
exp052-n3072-k20-d160-bs60-f1.000-r00:032001.137: log(exp-norms): [3072.0, 3073.88, 3074.4]
exp052-n3072-k20-d160-bs60-f1.000-r00:032001.138: log(norms):     [3072.0, 3074.67, 3075.31, 3075.36, 3075.35, 3075.45, 3075.43, 3075.35, 3075.36, 3075.51]
exp052-n3072-k20-d160-bs60-f1.000-r00:032001.155: (401 sec)
exp052-n3072-k20-d160-bs60-f1.000-r00:032001.155: Loop 66/100
exp052-n3072-k20-d160-bs60-f1.000-r00:032400.321: log(exp-norms): [3072.0, 3073.88, 3074.4]
exp052-n3072-k20-d160-bs60-f1.000-r00:032400.321: log(norms):     [3072.0, 3074.67, 3075.31, 3075.36, 3075.35, 3075.45, 3075.43, 3075.35, 3075.36, 3075.51]
exp052-n3072-k20-d160-bs60-f1.000-r00:032400.338: (400 sec)
exp052-n3072-k20-d160-bs60-f1.000-r00:032400.338: Loop 67/100
exp052-n3072-k20-d160-bs60-f1.000-r00:032802.564: log(exp-norms): [3072.0, 3073.88, 3074.4]
exp052-n3072-k20-d160-bs60-f1.000-r00:032802.564: log(norms):     [3072.0, 3074.67, 3075.31, 3075.36, 3075.35, 3075.45, 3075.43, 3075.35, 3075.36, 3075.51]
exp052-n3072-k20-d160-bs60-f1.000-r00:032802.581: (403 sec)
exp052-n3072-k20-d160-bs60-f1.000-r00:032802.581: Loop 68/100
exp052-n3072-k20-d160-bs60-f1.000-r00:033186.595: log(exp-norms): [3072.0, 3073.88, 3074.4]
exp052-n3072-k20-d160-bs60-f1.000-r00:033186.596: log(norms):     [3072.0, 3074.67, 3075.31, 3075.36, 3075.35, 3075.45, 3075.43, 3075.35, 3075.36, 3075.51]
exp052-n3072-k20-d160-bs60-f1.000-r00:033186.612: (385 sec)
exp052-n3072-k20-d160-bs60-f1.000-r00:033186.612: Loop 69/100
exp052-n3072-k20-d160-bs60-f1.000-r00:033584.178: log(exp-norms): [3072.0, 3073.88, 3074.4]
exp052-n3072-k20-d160-bs60-f1.000-r00:033584.178: log(norms):     [3072.0, 3074.67, 3075.31, 3075.36, 3075.35, 3075.45, 3075.43, 3075.35, 3075.36, 3075.51]
exp052-n3072-k20-d160-bs60-f1.000-r00:033584.195: (398 sec)
exp052-n3072-k20-d160-bs60-f1.000-r00:033584.195: Loop 70/100
exp052-n3072-k20-d160-bs60-f1.000-r00:033963.470: log(exp-norms): [3072.0, 3073.88, 3074.4]
exp052-n3072-k20-d160-bs60-f1.000-r00:033963.470: log(norms):     [3072.0, 3074.67, 3075.31, 3075.36, 3075.35, 3075.45, 3075.43, 3075.35, 3075.36, 3075.51]
exp052-n3072-k20-d160-bs60-f1.000-r00:033963.486: (380 sec)
exp052-n3072-k20-d160-bs60-f1.000-r00:033963.487: Loop 71/100
exp052-n3072-k20-d160-bs60-f1.000-r00:034342.514: log(exp-norms): [3072.0, 3073.88, 3074.4]
exp052-n3072-k20-d160-bs60-f1.000-r00:034342.515: log(norms):     [3072.0, 3074.67, 3075.31, 3075.36, 3075.35, 3075.45, 3075.43, 3075.35, 3075.36, 3075.51]
exp052-n3072-k20-d160-bs60-f1.000-r00:034342.531: (380 sec)
exp052-n3072-k20-d160-bs60-f1.000-r00:034342.531: Loop 72/100
exp052-n3072-k20-d160-bs60-f1.000-r00:034723.951: log(exp-norms): [3072.0, 3073.88, 3074.4]
exp052-n3072-k20-d160-bs60-f1.000-r00:034723.952: log(norms):     [3072.0, 3074.67, 3075.31, 3075.36, 3075.35, 3075.45, 3075.43, 3075.35, 3075.36, 3075.51]
exp052-n3072-k20-d160-bs60-f1.000-r00:034723.968: (382 sec)
exp052-n3072-k20-d160-bs60-f1.000-r00:034723.968: Loop 73/100
exp052-n3072-k20-d160-bs60-f1.000-r00:035118.305: log(exp-norms): [3072.0, 3073.88, 3074.4]
exp052-n3072-k20-d160-bs60-f1.000-r00:035118.305: log(norms):     [3072.0, 3074.67, 3075.31, 3075.36, 3075.35, 3075.45, 3075.43, 3075.35, 3075.36, 3075.51]
exp052-n3072-k20-d160-bs60-f1.000-r00:035118.322: (395 sec)
exp052-n3072-k20-d160-bs60-f1.000-r00:035118.322: Loop 74/100
exp052-n3072-k20-d160-bs60-f1.000-r00:035507.059: log(exp-norms): [3072.0, 3073.88, 3074.4]
exp052-n3072-k20-d160-bs60-f1.000-r00:035507.059: log(norms):     [3072.0, 3074.67, 3075.31, 3075.36, 3075.35, 3075.45, 3075.43, 3075.35, 3075.36, 3075.51]
exp052-n3072-k20-d160-bs60-f1.000-r00:035507.076: (389 sec)
exp052-n3072-k20-d160-bs60-f1.000-r00:035507.076: Loop 75/100
exp052-n3072-k20-d160-bs60-f1.000-r00:035893.910: log(exp-norms): [3072.0, 3073.88, 3074.4]
exp052-n3072-k20-d160-bs60-f1.000-r00:035893.911: log(norms):     [3072.0, 3074.67, 3075.31, 3075.36, 3075.35, 3075.45, 3075.43, 3075.35, 3075.36, 3075.51]
exp052-n3072-k20-d160-bs60-f1.000-r00:035893.927: (387 sec)
exp052-n3072-k20-d160-bs60-f1.000-r00:035893.927: Loop 76/100
exp052-n3072-k20-d160-bs60-f1.000-r00:036293.007: log(exp-norms): [3072.0, 3073.88, 3074.4]
exp052-n3072-k20-d160-bs60-f1.000-r00:036293.007: log(norms):     [3072.0, 3074.67, 3075.31, 3075.36, 3075.35, 3075.45, 3075.43, 3075.35, 3075.36, 3075.51]
exp052-n3072-k20-d160-bs60-f1.000-r00:036293.024: (400 sec)
exp052-n3072-k20-d160-bs60-f1.000-r00:036293.024: Loop 77/100
exp052-n3072-k20-d160-bs60-f1.000-r00:036683.595: log(exp-norms): [3072.0, 3073.88, 3074.4]
exp052-n3072-k20-d160-bs60-f1.000-r00:036683.595: log(norms):     [3072.0, 3074.67, 3075.31, 3075.36, 3075.35, 3075.45, 3075.43, 3075.35, 3075.36, 3075.51]
exp052-n3072-k20-d160-bs60-f1.000-r00:036683.611: (391 sec)
exp052-n3072-k20-d160-bs60-f1.000-r00:036683.611: Loop 78/100
exp052-n3072-k20-d160-bs60-f1.000-r00:037082.192: log(exp-norms): [3072.0, 3073.88, 3074.4]
exp052-n3072-k20-d160-bs60-f1.000-r00:037082.193: log(norms):     [3072.0, 3074.67, 3075.31, 3075.36, 3075.35, 3075.45, 3075.43, 3075.35, 3075.36, 3075.51]
exp052-n3072-k20-d160-bs60-f1.000-r00:037082.209: (399 sec)
exp052-n3072-k20-d160-bs60-f1.000-r00:037082.209: Loop 79/100
exp052-n3072-k20-d160-bs60-f1.000-r00:037480.798: log(exp-norms): [3072.0, 3073.88, 3074.4]
exp052-n3072-k20-d160-bs60-f1.000-r00:037480.798: log(norms):     [3072.0, 3074.67, 3075.31, 3075.36, 3075.35, 3075.45, 3075.43, 3075.35, 3075.36, 3075.51]
exp052-n3072-k20-d160-bs60-f1.000-r00:037480.816: (399 sec)
exp052-n3072-k20-d160-bs60-f1.000-r00:037480.816: Loop 80/100
exp052-n3072-k20-d160-bs60-f1.000-r00:037874.184: log(exp-norms): [3072.0, 3073.88, 3074.4]
exp052-n3072-k20-d160-bs60-f1.000-r00:037874.185: log(norms):     [3072.0, 3074.67, 3075.31, 3075.36, 3075.35, 3075.45, 3075.43, 3075.35, 3075.36, 3075.51]
exp052-n3072-k20-d160-bs60-f1.000-r00:037874.201: (394 sec)
exp052-n3072-k20-d160-bs60-f1.000-r00:037874.201: Loop 81/100
exp052-n3072-k20-d160-bs60-f1.000-r00:038278.731: log(exp-norms): [3072.0, 3073.88, 3074.4]
exp052-n3072-k20-d160-bs60-f1.000-r00:038278.731: log(norms):     [3072.0, 3074.67, 3075.31, 3075.36, 3075.35, 3075.45, 3075.43, 3075.35, 3075.36, 3075.51]
exp052-n3072-k20-d160-bs60-f1.000-r00:038278.748: (405 sec)
exp052-n3072-k20-d160-bs60-f1.000-r00:038278.748: Loop 82/100
exp052-n3072-k20-d160-bs60-f1.000-r00:038672.563: log(exp-norms): [3072.0, 3073.88, 3074.4]
exp052-n3072-k20-d160-bs60-f1.000-r00:038672.563: log(norms):     [3072.0, 3074.67, 3075.31, 3075.36, 3075.35, 3075.45, 3075.43, 3075.35, 3075.36, 3075.51]
exp052-n3072-k20-d160-bs60-f1.000-r00:038672.579: (394 sec)
exp052-n3072-k20-d160-bs60-f1.000-r00:038672.580: Loop 83/100
exp052-n3072-k20-d160-bs60-f1.000-r00:039070.109: log(exp-norms): [3072.0, 3073.88, 3074.4]
exp052-n3072-k20-d160-bs60-f1.000-r00:039070.109: log(norms):     [3072.0, 3074.67, 3075.31, 3075.36, 3075.35, 3075.45, 3075.43, 3075.35, 3075.36, 3075.51]
exp052-n3072-k20-d160-bs60-f1.000-r00:039070.125: (398 sec)
exp052-n3072-k20-d160-bs60-f1.000-r00:039070.125: Loop 84/100
exp052-n3072-k20-d160-bs60-f1.000-r00:039460.507: log(exp-norms): [3072.0, 3073.88, 3074.4]
exp052-n3072-k20-d160-bs60-f1.000-r00:039460.507: log(norms):     [3072.0, 3074.67, 3075.31, 3075.36, 3075.35, 3075.45, 3075.43, 3075.35, 3075.36, 3075.51]
exp052-n3072-k20-d160-bs60-f1.000-r00:039460.524: (391 sec)
exp052-n3072-k20-d160-bs60-f1.000-r00:039460.524: Loop 85/100
exp052-n3072-k20-d160-bs60-f1.000-r00:039855.886: log(exp-norms): [3072.0, 3073.88, 3074.4]
exp052-n3072-k20-d160-bs60-f1.000-r00:039855.887: log(norms):     [3072.0, 3074.67, 3075.31, 3075.36, 3075.35, 3075.45, 3075.43, 3075.35, 3075.36, 3075.51]
exp052-n3072-k20-d160-bs60-f1.000-r00:039855.903: (396 sec)
exp052-n3072-k20-d160-bs60-f1.000-r00:039855.903: Loop 86/100
exp052-n3072-k20-d160-bs60-f1.000-r00:040240.652: log(exp-norms): [3072.0, 3073.88, 3074.4]
exp052-n3072-k20-d160-bs60-f1.000-r00:040240.652: log(norms):     [3072.0, 3074.67, 3075.31, 3075.36, 3075.35, 3075.45, 3075.43, 3075.35, 3075.36, 3075.51]
exp052-n3072-k20-d160-bs60-f1.000-r00:040240.669: (385 sec)
exp052-n3072-k20-d160-bs60-f1.000-r00:040240.669: Loop 87/100
exp052-n3072-k20-d160-bs60-f1.000-r00:040611.277: log(exp-norms): [3072.0, 3073.88, 3074.4]
exp052-n3072-k20-d160-bs60-f1.000-r00:040611.277: log(norms):     [3072.0, 3074.67, 3075.31, 3075.36, 3075.35, 3075.45, 3075.43, 3075.35, 3075.36, 3075.51]
exp052-n3072-k20-d160-bs60-f1.000-r00:040611.294: (371 sec)
exp052-n3072-k20-d160-bs60-f1.000-r00:040611.294: Loop 88/100
exp052-n3072-k20-d160-bs60-f1.000-r00:041002.777: log(exp-norms): [3072.0, 3073.88, 3074.4]
exp052-n3072-k20-d160-bs60-f1.000-r00:041002.777: log(norms):     [3072.0, 3074.67, 3075.31, 3075.36, 3075.35, 3075.45, 3075.43, 3075.35, 3075.36, 3075.51]
exp052-n3072-k20-d160-bs60-f1.000-r00:041002.793: (392 sec)
exp052-n3072-k20-d160-bs60-f1.000-r00:041002.794: Loop 89/100
exp052-n3072-k20-d160-bs60-f1.000-r00:041377.623: log(exp-norms): [3072.0, 3073.88, 3074.4]
exp052-n3072-k20-d160-bs60-f1.000-r00:041377.623: log(norms):     [3072.0, 3074.67, 3075.31, 3075.36, 3075.35, 3075.45, 3075.43, 3075.35, 3075.36, 3075.51]
exp052-n3072-k20-d160-bs60-f1.000-r00:041377.639: (375 sec)
exp052-n3072-k20-d160-bs60-f1.000-r00:041377.640: Loop 90/100
exp052-n3072-k20-d160-bs60-f1.000-r00:041780.784: log(exp-norms): [3072.0, 3073.88, 3074.4]
exp052-n3072-k20-d160-bs60-f1.000-r00:041780.784: log(norms):     [3072.0, 3074.67, 3075.31, 3075.36, 3075.35, 3075.45, 3075.43, 3075.35, 3075.36, 3075.51]
exp052-n3072-k20-d160-bs60-f1.000-r00:041780.800: (404 sec)
exp052-n3072-k20-d160-bs60-f1.000-r00:041780.800: Loop 91/100
exp052-n3072-k20-d160-bs60-f1.000-r00:042168.808: log(exp-norms): [3072.0, 3073.88, 3074.4]
exp052-n3072-k20-d160-bs60-f1.000-r00:042168.809: log(norms):     [3072.0, 3074.67, 3075.31, 3075.36, 3075.35, 3075.45, 3075.43, 3075.35, 3075.36, 3075.51]
exp052-n3072-k20-d160-bs60-f1.000-r00:042168.825: (389 sec)
exp052-n3072-k20-d160-bs60-f1.000-r00:042168.825: Loop 92/100
exp052-n3072-k20-d160-bs60-f1.000-r00:042533.324: log(exp-norms): [3072.0, 3073.88, 3074.4]
exp052-n3072-k20-d160-bs60-f1.000-r00:042533.324: log(norms):     [3072.0, 3074.67, 3075.31, 3075.36, 3075.35, 3075.45, 3075.43, 3075.35, 3075.36, 3075.51]
exp052-n3072-k20-d160-bs60-f1.000-r00:042533.341: (365 sec)
exp052-n3072-k20-d160-bs60-f1.000-r00:042533.341: Loop 93/100
exp052-n3072-k20-d160-bs60-f1.000-r00:042923.487: log(exp-norms): [3072.0, 3073.88, 3074.4]
exp052-n3072-k20-d160-bs60-f1.000-r00:042923.487: log(norms):     [3072.0, 3074.67, 3075.31, 3075.36, 3075.35, 3075.45, 3075.43, 3075.35, 3075.36, 3075.51]
exp052-n3072-k20-d160-bs60-f1.000-r00:042923.504: (391 sec)
exp052-n3072-k20-d160-bs60-f1.000-r00:042923.504: Loop 94/100
exp052-n3072-k20-d160-bs60-f1.000-r00:043306.124: log(exp-norms): [3072.0, 3073.88, 3074.4]
exp052-n3072-k20-d160-bs60-f1.000-r00:043306.125: log(norms):     [3072.0, 3074.67, 3075.31, 3075.36, 3075.35, 3075.45, 3075.43, 3075.35, 3075.36, 3075.51]
exp052-n3072-k20-d160-bs60-f1.000-r00:043306.140: (383 sec)
exp052-n3072-k20-d160-bs60-f1.000-r00:043306.141: Loop 95/100
exp052-n3072-k20-d160-bs60-f1.000-r00:043674.903: log(exp-norms): [3072.0, 3073.88, 3074.4]
exp052-n3072-k20-d160-bs60-f1.000-r00:043674.903: log(norms):     [3072.0, 3074.67, 3075.31, 3075.36, 3075.35, 3075.45, 3075.43, 3075.35, 3075.36, 3075.51]
exp052-n3072-k20-d160-bs60-f1.000-r00:043674.920: (369 sec)
exp052-n3072-k20-d160-bs60-f1.000-r00:043674.920: Loop 96/100
exp052-n3072-k20-d160-bs60-f1.000-r00:044027.369: log(exp-norms): [3072.0, 3073.88, 3074.4]
exp052-n3072-k20-d160-bs60-f1.000-r00:044027.369: log(norms):     [3072.0, 3074.67, 3075.31, 3075.36, 3075.35, 3075.45, 3075.43, 3075.35, 3075.36, 3075.51]
exp052-n3072-k20-d160-bs60-f1.000-r00:044027.385: (353 sec)
exp052-n3072-k20-d160-bs60-f1.000-r00:044027.385: Loop 97/100
exp052-n3072-k20-d160-bs60-f1.000-r00:044384.122: log(exp-norms): [3072.0, 3073.88, 3074.4]
exp052-n3072-k20-d160-bs60-f1.000-r00:044384.122: log(norms):     [3072.0, 3074.67, 3075.31, 3075.36, 3075.35, 3075.45, 3075.43, 3075.35, 3075.36, 3075.51]
exp052-n3072-k20-d160-bs60-f1.000-r00:044384.137: (357 sec)
exp052-n3072-k20-d160-bs60-f1.000-r00:044384.137: Loop 98/100
exp052-n3072-k20-d160-bs60-f1.000-r00:044752.047: log(exp-norms): [3072.0, 3073.88, 3074.4]
exp052-n3072-k20-d160-bs60-f1.000-r00:044752.047: log(norms):     [3072.0, 3074.67, 3075.31, 3075.36, 3075.35, 3075.45, 3075.43, 3075.35, 3075.36, 3075.51]
exp052-n3072-k20-d160-bs60-f1.000-r00:044752.064: (368 sec)
exp052-n3072-k20-d160-bs60-f1.000-r00:044752.064: Loop 99/100
exp052-n3072-k20-d160-bs60-f1.000-r00:045117.367: log(exp-norms): [3072.0, 3073.88, 3074.4]
exp052-n3072-k20-d160-bs60-f1.000-r00:045117.367: log(norms):     [3072.0, 3074.67, 3075.31, 3075.36, 3075.35, 3075.45, 3075.43, 3075.35, 3075.36, 3075.51]
exp052-n3072-k20-d160-bs60-f1.000-r00:045117.384: (366 sec)
exp052-n3072-k20-d160-bs60-f1.000-r00:045117.384: Loop 100/100
exp052-n3072-k20-d160-bs60-f1.000-r00:045490.682: log(exp-norms): [3072.0, 3073.88, 3074.4]
exp052-n3072-k20-d160-bs60-f1.000-r00:045490.682: log(norms):     [3072.0, 3074.67, 3075.31, 3075.36, 3075.35, 3075.45, 3075.43, 3075.35, 3075.36, 3075.51]
exp052-n3072-k20-d160-bs60-f1.000-r00:045490.698: (374 sec)
exp052-n3072-k20-d160-bs60-f1.000-r00:045490.698: ==========================Summary===========================
exp052-n3072-k20-d160-bs60-f1.000-r00:045490.698: Total time: 45491sec
exp052-n3072-k20-d160-bs60-f1.000-r00:045490.698: FAIL
exp052-n3072-k20-d160-bs60-f1.000-r00:045490.698: SUMMARY:n:3072:k:20:d:160:bs:60:t:45491:r:False
