exp068-n3072-k16-d220-bs60-f1.000-r00:000000.473: ==========================Instance==========================
exp068-n3072-k16-d220-bs60-f1.000-r00:000000.473: # of equations: 220
exp068-n3072-k16-d220-bs60-f1.000-r00:000000.480: Gap: 3.38
exp068-n3072-k16-d220-bs60-f1.000-r00:000000.495: Tau: 3.16
exp068-n3072-k16-d220-bs60-f1.000-r00:000000.496: ======================BKZ-60 reduction======================
exp068-n3072-k16-d220-bs60-f1.000-r00:000007.071: Expectedly achievable log(norm): 3077.66
exp068-n3072-k16-d220-bs60-f1.000-r00:000013.243: log(exp-norms): [3072.0, 3074.1, 3075.86]
exp068-n3072-k16-d220-bs60-f1.000-r00:000013.243: log(norms):     [3091.14, 3074.89, 3088.0, 3088.0, 3088.0, 3088.0, 3088.0, 3088.0, 3088.0, 3088.0]
exp068-n3072-k16-d220-bs60-f1.000-r00:000013.331: Loop 1/100
exp068-n3072-k16-d220-bs60-f1.000-r00:010705.141: log(exp-norms): [3072.0, 3074.1, 3075.86]
exp068-n3072-k16-d220-bs60-f1.000-r00:010705.142: log(norms):     [3074.89, 3079.93, 3079.95, 3079.96, 3079.93, 3080.05, 3079.96, 3080.08, 3079.95, 3080.1]
exp068-n3072-k16-d220-bs60-f1.000-r00:010705.165: (10692 sec)
exp068-n3072-k16-d220-bs60-f1.000-r00:010705.165: Loop 2/100
exp068-n3072-k16-d220-bs60-f1.000-r00:012157.851: log(exp-norms): [3072.0, 3074.1, 3075.86]
exp068-n3072-k16-d220-bs60-f1.000-r00:012157.851: log(norms):     [3074.89, 3079.25, 3079.39, 3079.52, 3079.45, 3079.45, 3079.37, 3079.49, 3079.55, 3079.65]
exp068-n3072-k16-d220-bs60-f1.000-r00:012157.874: (1453 sec)
exp068-n3072-k16-d220-bs60-f1.000-r00:012157.874: Loop 3/100
exp068-n3072-k16-d220-bs60-f1.000-r00:013482.648: log(exp-norms): [3072.0, 3074.1, 3075.86]
exp068-n3072-k16-d220-bs60-f1.000-r00:013482.649: log(norms):     [3072.0, 3074.89, 3078.95, 3079.03, 3079.05, 3079.11, 3079.1, 3079.07, 3079.17, 3079.13]
exp068-n3072-k16-d220-bs60-f1.000-r00:013482.671: (1325 sec)
exp068-n3072-k16-d220-bs60-f1.000-r00:013482.672: Loop 4/100
exp068-n3072-k16-d220-bs60-f1.000-r00:014721.050: log(exp-norms): [3072.0, 3074.1, 3075.86]
exp068-n3072-k16-d220-bs60-f1.000-r00:014721.050: log(norms):     [3072.0, 3074.89, 3078.65, 3078.68, 3078.65, 3078.76, 3078.66, 3078.92, 3078.78, 3078.8]
exp068-n3072-k16-d220-bs60-f1.000-r00:014721.073: (1239 sec)
exp068-n3072-k16-d220-bs60-f1.000-r00:014721.073: Loop 5/100
exp068-n3072-k16-d220-bs60-f1.000-r00:015948.185: log(exp-norms): [3072.0, 3074.1, 3075.86]
exp068-n3072-k16-d220-bs60-f1.000-r00:015948.185: log(norms):     [3072.0, 3074.89, 3078.34, 3078.35, 3078.44, 3078.43, 3078.44, 3078.63, 3078.41, 3078.63]
exp068-n3072-k16-d220-bs60-f1.000-r00:015948.209: (1228 sec)
exp068-n3072-k16-d220-bs60-f1.000-r00:015948.209: Loop 6/100
exp068-n3072-k16-d220-bs60-f1.000-r00:017182.100: log(exp-norms): [3072.0, 3074.1, 3075.86]
exp068-n3072-k16-d220-bs60-f1.000-r00:017182.101: log(norms):     [3072.0, 3074.89, 3078.16, 3078.18, 3078.2, 3078.19, 3078.2, 3078.31, 3078.34, 3078.4]
exp068-n3072-k16-d220-bs60-f1.000-r00:017182.123: (1234 sec)
exp068-n3072-k16-d220-bs60-f1.000-r00:017182.124: Loop 7/100
exp068-n3072-k16-d220-bs60-f1.000-r00:018360.558: log(exp-norms): [3072.0, 3074.1, 3075.86]
exp068-n3072-k16-d220-bs60-f1.000-r00:018360.558: log(norms):     [3072.0, 3074.89, 3077.96, 3077.96, 3077.96, 3078.03, 3078.18, 3078.02, 3078.29, 3078.13]
exp068-n3072-k16-d220-bs60-f1.000-r00:018360.582: (1179 sec)
exp068-n3072-k16-d220-bs60-f1.000-r00:018360.582: Loop 8/100
exp068-n3072-k16-d220-bs60-f1.000-r00:019541.679: log(exp-norms): [3072.0, 3074.1, 3075.86]
exp068-n3072-k16-d220-bs60-f1.000-r00:019541.680: log(norms):     [3072.0, 3074.89, 3077.91, 3077.93, 3077.96, 3078.02, 3077.99, 3078.04, 3078.04, 3077.95]
exp068-n3072-k16-d220-bs60-f1.000-r00:019541.703: (1182 sec)
exp068-n3072-k16-d220-bs60-f1.000-r00:019541.704: Loop 9/100
exp068-n3072-k16-d220-bs60-f1.000-r00:020719.690: log(exp-norms): [3072.0, 3074.1, 3075.86]
exp068-n3072-k16-d220-bs60-f1.000-r00:020719.690: log(norms):     [3072.0, 3074.89, 3077.8, 3077.86, 3077.91, 3078.05, 3078.03, 3078.01, 3078.04, 3078.18]
exp068-n3072-k16-d220-bs60-f1.000-r00:020719.712: (1179 sec)
exp068-n3072-k16-d220-bs60-f1.000-r00:020719.713: Loop 10/100
exp068-n3072-k16-d220-bs60-f1.000-r00:021893.644: log(exp-norms): [3072.0, 3074.1, 3075.86]
exp068-n3072-k16-d220-bs60-f1.000-r00:021893.645: log(norms):     [3072.0, 3074.89, 3077.8, 3077.88, 3077.89, 3077.9, 3077.86, 3077.86, 3078.0, 3077.98]
exp068-n3072-k16-d220-bs60-f1.000-r00:021893.668: (1174 sec)
exp068-n3072-k16-d220-bs60-f1.000-r00:021893.668: Loop 11/100
exp068-n3072-k16-d220-bs60-f1.000-r00:023025.410: log(exp-norms): [3072.0, 3074.1, 3075.86]
exp068-n3072-k16-d220-bs60-f1.000-r00:023025.410: log(norms):     [3072.0, 3074.89, 3077.71, 3077.91, 3077.84, 3077.85, 3078.01, 3077.89, 3077.78, 3077.94]
exp068-n3072-k16-d220-bs60-f1.000-r00:023025.433: (1132 sec)
exp068-n3072-k16-d220-bs60-f1.000-r00:023025.433: Loop 12/100
exp068-n3072-k16-d220-bs60-f1.000-r00:024185.037: log(exp-norms): [3072.0, 3074.1, 3075.86]
exp068-n3072-k16-d220-bs60-f1.000-r00:024185.038: log(norms):     [3072.0, 3074.89, 3077.71, 3077.75, 3077.84, 3077.87, 3078.01, 3077.89, 3077.87, 3077.86]
exp068-n3072-k16-d220-bs60-f1.000-r00:024185.060: (1160 sec)
exp068-n3072-k16-d220-bs60-f1.000-r00:024185.060: Loop 13/100
exp068-n3072-k16-d220-bs60-f1.000-r00:025312.596: log(exp-norms): [3072.0, 3074.1, 3075.86]
exp068-n3072-k16-d220-bs60-f1.000-r00:025312.596: log(norms):     [3072.0, 3074.89, 3077.67, 3077.7, 3077.9, 3077.71, 3077.99, 3077.87, 3077.85, 3078.01]
exp068-n3072-k16-d220-bs60-f1.000-r00:025312.618: (1128 sec)
exp068-n3072-k16-d220-bs60-f1.000-r00:025312.618: Loop 14/100
exp068-n3072-k16-d220-bs60-f1.000-r00:026460.506: log(exp-norms): [3072.0, 3074.1, 3075.86]
exp068-n3072-k16-d220-bs60-f1.000-r00:026460.506: log(norms):     [3072.0, 3074.89, 3077.67, 3077.7, 3077.79, 3077.71, 3077.76, 3077.73, 3077.84, 3077.9]
exp068-n3072-k16-d220-bs60-f1.000-r00:026460.528: (1148 sec)
exp068-n3072-k16-d220-bs60-f1.000-r00:026460.529: Loop 15/100
exp068-n3072-k16-d220-bs60-f1.000-r00:027595.116: log(exp-norms): [3072.0, 3074.1, 3075.86]
exp068-n3072-k16-d220-bs60-f1.000-r00:027595.116: log(norms):     [3072.0, 3074.89, 3077.67, 3077.68, 3077.7, 3077.88, 3077.9, 3077.8, 3077.79, 3077.9]
exp068-n3072-k16-d220-bs60-f1.000-r00:027595.139: (1135 sec)
exp068-n3072-k16-d220-bs60-f1.000-r00:027595.140: Loop 16/100
exp068-n3072-k16-d220-bs60-f1.000-r00:028706.591: log(exp-norms): [3072.0, 3074.1, 3075.86]
exp068-n3072-k16-d220-bs60-f1.000-r00:028706.591: log(norms):     [3072.0, 3074.89, 3077.65, 3077.72, 3077.81, 3077.76, 3077.91, 3077.67, 3077.68, 3077.75]
exp068-n3072-k16-d220-bs60-f1.000-r00:028706.613: (1112 sec)
exp068-n3072-k16-d220-bs60-f1.000-r00:028706.614: Loop 17/100
exp068-n3072-k16-d220-bs60-f1.000-r00:029842.205: log(exp-norms): [3072.0, 3074.1, 3075.86]
exp068-n3072-k16-d220-bs60-f1.000-r00:029842.205: log(norms):     [3072.0, 3074.89, 3077.65, 3077.72, 3077.81, 3077.76, 3077.9, 3077.71, 3077.87, 3077.84]
exp068-n3072-k16-d220-bs60-f1.000-r00:029842.228: (1136 sec)
exp068-n3072-k16-d220-bs60-f1.000-r00:029842.228: Loop 18/100
exp068-n3072-k16-d220-bs60-f1.000-r00:030971.830: log(exp-norms): [3072.0, 3074.1, 3075.86]
exp068-n3072-k16-d220-bs60-f1.000-r00:030971.831: log(norms):     [3072.0, 3074.89, 3077.65, 3077.72, 3077.65, 3077.65, 3077.77, 3077.81, 3077.76, 3077.9]
exp068-n3072-k16-d220-bs60-f1.000-r00:030971.854: (1130 sec)
exp068-n3072-k16-d220-bs60-f1.000-r00:030971.854: Loop 19/100
exp068-n3072-k16-d220-bs60-f1.000-r00:032110.823: log(exp-norms): [3072.0, 3074.1, 3075.86]
exp068-n3072-k16-d220-bs60-f1.000-r00:032110.823: log(norms):     [3072.0, 3074.89, 3077.65, 3077.72, 3077.65, 3077.65, 3077.67, 3077.84, 3077.71, 3077.93]
exp068-n3072-k16-d220-bs60-f1.000-r00:032110.845: (1139 sec)
exp068-n3072-k16-d220-bs60-f1.000-r00:032110.846: Loop 20/100
exp068-n3072-k16-d220-bs60-f1.000-r00:033214.492: log(exp-norms): [3072.0, 3074.1, 3075.86]
exp068-n3072-k16-d220-bs60-f1.000-r00:033214.492: log(norms):     [3072.0, 3074.89, 3077.65, 3077.72, 3077.65, 3077.65, 3077.77, 3077.88, 3077.84, 3077.92]
exp068-n3072-k16-d220-bs60-f1.000-r00:033214.514: (1104 sec)
exp068-n3072-k16-d220-bs60-f1.000-r00:033214.514: Loop 21/100
exp068-n3072-k16-d220-bs60-f1.000-r00:034320.489: log(exp-norms): [3072.0, 3074.1, 3075.86]
exp068-n3072-k16-d220-bs60-f1.000-r00:034320.489: log(norms):     [3072.0, 3074.89, 3077.65, 3077.72, 3077.65, 3077.65, 3077.77, 3077.88, 3077.84, 3077.92]
exp068-n3072-k16-d220-bs60-f1.000-r00:034320.512: (1106 sec)
exp068-n3072-k16-d220-bs60-f1.000-r00:034320.512: Loop 22/100
exp068-n3072-k16-d220-bs60-f1.000-r00:035453.602: log(exp-norms): [3072.0, 3074.1, 3075.86]
exp068-n3072-k16-d220-bs60-f1.000-r00:035453.602: log(norms):     [3072.0, 3074.89, 3077.65, 3077.72, 3077.65, 3077.65, 3077.77, 3077.88, 3077.84, 3077.92]
exp068-n3072-k16-d220-bs60-f1.000-r00:035453.624: (1134 sec)
exp068-n3072-k16-d220-bs60-f1.000-r00:035453.625: Loop 23/100
exp068-n3072-k16-d220-bs60-f1.000-r00:036538.100: log(exp-norms): [3072.0, 3074.1, 3075.86]
exp068-n3072-k16-d220-bs60-f1.000-r00:036538.101: log(norms):     [3072.0, 3074.89, 3077.65, 3077.72, 3077.65, 3077.65, 3077.77, 3077.88, 3077.84, 3077.85]
exp068-n3072-k16-d220-bs60-f1.000-r00:036538.123: (1085 sec)
exp068-n3072-k16-d220-bs60-f1.000-r00:036538.123: Loop 24/100
exp068-n3072-k16-d220-bs60-f1.000-r00:037642.583: log(exp-norms): [3072.0, 3074.1, 3075.86]
exp068-n3072-k16-d220-bs60-f1.000-r00:037642.584: log(norms):     [3072.0, 3074.89, 3077.65, 3077.72, 3077.65, 3077.65, 3077.77, 3077.76, 3077.75, 3077.84]
exp068-n3072-k16-d220-bs60-f1.000-r00:037642.606: (1105 sec)
exp068-n3072-k16-d220-bs60-f1.000-r00:037642.606: Loop 25/100
exp068-n3072-k16-d220-bs60-f1.000-r00:038746.182: log(exp-norms): [3072.0, 3074.1, 3075.86]
exp068-n3072-k16-d220-bs60-f1.000-r00:038746.183: log(norms):     [3072.0, 3074.89, 3077.65, 3077.72, 3077.65, 3077.65, 3077.77, 3077.76, 3077.98, 3077.75]
exp068-n3072-k16-d220-bs60-f1.000-r00:038746.205: (1104 sec)
exp068-n3072-k16-d220-bs60-f1.000-r00:038746.205: Loop 26/100
exp068-n3072-k16-d220-bs60-f1.000-r00:039841.564: log(exp-norms): [3072.0, 3074.1, 3075.86]
exp068-n3072-k16-d220-bs60-f1.000-r00:039841.564: log(norms):     [3072.0, 3074.89, 3077.65, 3077.72, 3077.65, 3077.65, 3077.77, 3077.76, 3077.98, 3077.75]
exp068-n3072-k16-d220-bs60-f1.000-r00:039841.586: (1096 sec)
exp068-n3072-k16-d220-bs60-f1.000-r00:039841.586: Loop 27/100
exp068-n3072-k16-d220-bs60-f1.000-r00:040990.461: log(exp-norms): [3072.0, 3074.1, 3075.86]
exp068-n3072-k16-d220-bs60-f1.000-r00:040990.462: log(norms):     [3072.0, 3074.89, 3077.65, 3077.72, 3077.65, 3077.65, 3077.77, 3077.76, 3077.98, 3077.87]
exp068-n3072-k16-d220-bs60-f1.000-r00:040990.484: (1149 sec)
exp068-n3072-k16-d220-bs60-f1.000-r00:040990.484: Loop 28/100
exp068-n3072-k16-d220-bs60-f1.000-r00:042075.049: log(exp-norms): [3072.0, 3074.1, 3075.86]
exp068-n3072-k16-d220-bs60-f1.000-r00:042075.049: log(norms):     [3072.0, 3074.89, 3077.65, 3077.69, 3077.72, 3077.65, 3077.77, 3077.76, 3077.8, 3077.87]
exp068-n3072-k16-d220-bs60-f1.000-r00:042075.071: (1085 sec)
exp068-n3072-k16-d220-bs60-f1.000-r00:042075.071: Loop 29/100
exp068-n3072-k16-d220-bs60-f1.000-r00:043128.823: log(exp-norms): [3072.0, 3074.1, 3075.86]
exp068-n3072-k16-d220-bs60-f1.000-r00:043128.824: log(norms):     [3072.0, 3074.89, 3077.65, 3077.69, 3077.72, 3077.65, 3077.77, 3077.76, 3077.8, 3077.87]
exp068-n3072-k16-d220-bs60-f1.000-r00:043128.845: (1054 sec)
exp068-n3072-k16-d220-bs60-f1.000-r00:043128.845: Loop 30/100
exp068-n3072-k16-d220-bs60-f1.000-r00:044147.971: log(exp-norms): [3072.0, 3074.1, 3075.86]
exp068-n3072-k16-d220-bs60-f1.000-r00:044147.972: log(norms):     [3072.0, 3074.89, 3077.65, 3077.69, 3077.72, 3077.65, 3077.77, 3077.76, 3077.8, 3077.87]
exp068-n3072-k16-d220-bs60-f1.000-r00:044147.993: (1020 sec)
exp068-n3072-k16-d220-bs60-f1.000-r00:044147.993: Loop 31/100
exp068-n3072-k16-d220-bs60-f1.000-r00:045222.420: log(exp-norms): [3072.0, 3074.1, 3075.86]
exp068-n3072-k16-d220-bs60-f1.000-r00:045222.420: log(norms):     [3072.0, 3074.89, 3077.65, 3077.69, 3077.72, 3077.65, 3077.77, 3077.76, 3077.8, 3077.87]
exp068-n3072-k16-d220-bs60-f1.000-r00:045222.441: (1075 sec)
exp068-n3072-k16-d220-bs60-f1.000-r00:045222.441: Loop 32/100
exp068-n3072-k16-d220-bs60-f1.000-r00:046252.244: log(exp-norms): [3072.0, 3074.1, 3075.86]
exp068-n3072-k16-d220-bs60-f1.000-r00:046252.244: log(norms):     [3072.0, 3074.89, 3077.65, 3077.69, 3077.72, 3077.65, 3077.77, 3077.76, 3077.8, 3077.87]
exp068-n3072-k16-d220-bs60-f1.000-r00:046252.265: (1030 sec)
exp068-n3072-k16-d220-bs60-f1.000-r00:046252.265: Loop 33/100
exp068-n3072-k16-d220-bs60-f1.000-r00:047296.714: log(exp-norms): [3072.0, 3074.1, 3075.86]
exp068-n3072-k16-d220-bs60-f1.000-r00:047296.714: log(norms):     [3072.0, 3074.89, 3077.65, 3077.69, 3077.72, 3077.65, 3077.77, 3077.76, 3077.8, 3077.95]
exp068-n3072-k16-d220-bs60-f1.000-r00:047296.736: (1045 sec)
exp068-n3072-k16-d220-bs60-f1.000-r00:047296.737: Loop 34/100
exp068-n3072-k16-d220-bs60-f1.000-r00:048327.209: log(exp-norms): [3072.0, 3074.1, 3075.86]
exp068-n3072-k16-d220-bs60-f1.000-r00:048327.210: log(norms):     [3072.0, 3074.89, 3077.65, 3077.69, 3077.72, 3077.65, 3077.77, 3077.76, 3077.8, 3077.95]
exp068-n3072-k16-d220-bs60-f1.000-r00:048327.230: (1031 sec)
exp068-n3072-k16-d220-bs60-f1.000-r00:048327.230: Loop 35/100
exp068-n3072-k16-d220-bs60-f1.000-r00:049367.300: log(exp-norms): [3072.0, 3074.1, 3075.86]
exp068-n3072-k16-d220-bs60-f1.000-r00:049367.300: log(norms):     [3072.0, 3074.89, 3077.65, 3077.69, 3077.72, 3077.65, 3077.77, 3077.76, 3077.8, 3077.95]
exp068-n3072-k16-d220-bs60-f1.000-r00:049367.321: (1041 sec)
exp068-n3072-k16-d220-bs60-f1.000-r00:049367.321: Loop 36/100
exp068-n3072-k16-d220-bs60-f1.000-r00:050409.914: log(exp-norms): [3072.0, 3074.1, 3075.86]
exp068-n3072-k16-d220-bs60-f1.000-r00:050409.914: log(norms):     [3072.0, 3074.89, 3077.65, 3077.69, 3077.72, 3077.65, 3077.77, 3077.76, 3077.8, 3077.95]
exp068-n3072-k16-d220-bs60-f1.000-r00:050409.935: (1043 sec)
exp068-n3072-k16-d220-bs60-f1.000-r00:050409.935: Loop 37/100
exp068-n3072-k16-d220-bs60-f1.000-r00:051450.568: log(exp-norms): [3072.0, 3074.1, 3075.86]
exp068-n3072-k16-d220-bs60-f1.000-r00:051450.568: log(norms):     [3072.0, 3074.89, 3077.65, 3077.69, 3077.72, 3077.65, 3077.77, 3077.76, 3077.88, 3077.87]
exp068-n3072-k16-d220-bs60-f1.000-r00:051450.589: (1041 sec)
exp068-n3072-k16-d220-bs60-f1.000-r00:051450.589: Loop 38/100
exp068-n3072-k16-d220-bs60-f1.000-r00:052498.943: log(exp-norms): [3072.0, 3074.1, 3075.86]
exp068-n3072-k16-d220-bs60-f1.000-r00:052498.943: log(norms):     [3072.0, 3074.89, 3077.65, 3077.69, 3077.72, 3077.65, 3077.77, 3077.76, 3077.88, 3077.87]
exp068-n3072-k16-d220-bs60-f1.000-r00:052498.964: (1049 sec)
exp068-n3072-k16-d220-bs60-f1.000-r00:052498.964: Loop 39/100
exp068-n3072-k16-d220-bs60-f1.000-r00:053529.767: log(exp-norms): [3072.0, 3074.1, 3075.86]
exp068-n3072-k16-d220-bs60-f1.000-r00:053529.767: log(norms):     [3072.0, 3074.89, 3077.65, 3077.69, 3077.72, 3077.65, 3077.77, 3077.76, 3077.88, 3077.87]
exp068-n3072-k16-d220-bs60-f1.000-r00:053529.790: (1031 sec)
exp068-n3072-k16-d220-bs60-f1.000-r00:053529.790: Loop 40/100
exp068-n3072-k16-d220-bs60-f1.000-r00:054575.941: log(exp-norms): [3072.0, 3074.1, 3075.86]
exp068-n3072-k16-d220-bs60-f1.000-r00:054575.942: log(norms):     [3072.0, 3074.89, 3077.65, 3077.69, 3077.72, 3077.65, 3077.77, 3077.76, 3077.88, 3077.87]
exp068-n3072-k16-d220-bs60-f1.000-r00:054575.964: (1047 sec)
exp068-n3072-k16-d220-bs60-f1.000-r00:054575.964: Loop 41/100
exp068-n3072-k16-d220-bs60-f1.000-r00:055615.797: log(exp-norms): [3072.0, 3074.1, 3075.86]
exp068-n3072-k16-d220-bs60-f1.000-r00:055615.797: log(norms):     [3072.0, 3074.89, 3077.65, 3077.69, 3077.72, 3077.65, 3077.77, 3077.76, 3077.88, 3077.87]
exp068-n3072-k16-d220-bs60-f1.000-r00:055615.818: (1040 sec)
exp068-n3072-k16-d220-bs60-f1.000-r00:055615.818: Loop 42/100
exp068-n3072-k16-d220-bs60-f1.000-r00:056640.078: log(exp-norms): [3072.0, 3074.1, 3075.86]
exp068-n3072-k16-d220-bs60-f1.000-r00:056640.078: log(norms):     [3072.0, 3074.89, 3077.65, 3077.69, 3077.72, 3077.65, 3077.77, 3077.76, 3077.88, 3077.87]
exp068-n3072-k16-d220-bs60-f1.000-r00:056640.099: (1025 sec)
exp068-n3072-k16-d220-bs60-f1.000-r00:056640.099: Loop 43/100
exp068-n3072-k16-d220-bs60-f1.000-r00:057685.073: log(exp-norms): [3072.0, 3074.1, 3075.86]
exp068-n3072-k16-d220-bs60-f1.000-r00:057685.073: log(norms):     [3072.0, 3074.89, 3077.65, 3077.69, 3077.72, 3077.79, 3077.65, 3077.77, 3077.76, 3077.88]
exp068-n3072-k16-d220-bs60-f1.000-r00:057685.094: (1045 sec)
exp068-n3072-k16-d220-bs60-f1.000-r00:057685.094: Loop 44/100
exp068-n3072-k16-d220-bs60-f1.000-r00:058750.094: log(exp-norms): [3072.0, 3074.1, 3075.86]
exp068-n3072-k16-d220-bs60-f1.000-r00:058750.094: log(norms):     [3072.0, 3074.89, 3077.65, 3077.69, 3077.72, 3077.79, 3077.65, 3077.77, 3077.76, 3077.88]
exp068-n3072-k16-d220-bs60-f1.000-r00:058750.115: (1066 sec)
exp068-n3072-k16-d220-bs60-f1.000-r00:058750.115: Loop 45/100
exp068-n3072-k16-d220-bs60-f1.000-r00:059805.641: log(exp-norms): [3072.0, 3074.1, 3075.86]
exp068-n3072-k16-d220-bs60-f1.000-r00:059805.642: log(norms):     [3072.0, 3074.89, 3077.58, 3077.72, 3077.65, 3077.69, 3077.79, 3077.72, 3077.76, 3077.65]
exp068-n3072-k16-d220-bs60-f1.000-r00:059805.663: (1056 sec)
exp068-n3072-k16-d220-bs60-f1.000-r00:059805.663: Loop 46/100
exp068-n3072-k16-d220-bs60-f1.000-r00:060861.508: log(exp-norms): [3072.0, 3074.1, 3075.86]
exp068-n3072-k16-d220-bs60-f1.000-r00:060861.508: log(norms):     [3072.0, 3074.89, 3077.58, 3077.72, 3077.7, 3077.77, 3077.86, 3077.65, 3077.67, 3077.94]
exp068-n3072-k16-d220-bs60-f1.000-r00:060861.531: (1056 sec)
exp068-n3072-k16-d220-bs60-f1.000-r00:060861.531: Loop 47/100
exp068-n3072-k16-d220-bs60-f1.000-r00:061918.650: log(exp-norms): [3072.0, 3074.1, 3075.86]
exp068-n3072-k16-d220-bs60-f1.000-r00:061918.651: log(norms):     [3072.0, 3074.89, 3077.58, 3077.72, 3077.7, 3077.71, 3077.79, 3077.86, 3077.77, 3077.65]
exp068-n3072-k16-d220-bs60-f1.000-r00:061918.672: (1058 sec)
exp068-n3072-k16-d220-bs60-f1.000-r00:061918.672: Loop 48/100
exp068-n3072-k16-d220-bs60-f1.000-r00:062974.914: log(exp-norms): [3072.0, 3074.1, 3075.86]
exp068-n3072-k16-d220-bs60-f1.000-r00:062974.915: log(norms):     [3072.0, 3074.89, 3077.58, 3077.72, 3077.7, 3077.71, 3077.79, 3077.92, 3077.86, 3077.77]
exp068-n3072-k16-d220-bs60-f1.000-r00:062974.935: (1057 sec)
exp068-n3072-k16-d220-bs60-f1.000-r00:062974.936: Loop 49/100
exp068-n3072-k16-d220-bs60-f1.000-r00:064028.671: log(exp-norms): [3072.0, 3074.1, 3075.86]
exp068-n3072-k16-d220-bs60-f1.000-r00:064028.671: log(norms):     [3072.0, 3074.89, 3077.58, 3077.72, 3077.7, 3077.71, 3077.79, 3077.87, 3077.92, 3077.86]
exp068-n3072-k16-d220-bs60-f1.000-r00:064028.692: (1054 sec)
exp068-n3072-k16-d220-bs60-f1.000-r00:064028.692: Loop 50/100
exp068-n3072-k16-d220-bs60-f1.000-r00:065088.526: log(exp-norms): [3072.0, 3074.1, 3075.86]
exp068-n3072-k16-d220-bs60-f1.000-r00:065088.526: log(norms):     [3072.0, 3074.89, 3077.58, 3077.68, 3077.72, 3077.71, 3077.7, 3077.79, 3077.91, 3077.86]
exp068-n3072-k16-d220-bs60-f1.000-r00:065088.547: (1060 sec)
exp068-n3072-k16-d220-bs60-f1.000-r00:065088.547: Loop 51/100
exp068-n3072-k16-d220-bs60-f1.000-r00:066150.626: log(exp-norms): [3072.0, 3074.1, 3075.86]
exp068-n3072-k16-d220-bs60-f1.000-r00:066150.626: log(norms):     [3072.0, 3074.89, 3077.58, 3077.68, 3077.72, 3077.71, 3077.7, 3077.79, 3077.91, 3077.86]
exp068-n3072-k16-d220-bs60-f1.000-r00:066150.647: (1063 sec)
exp068-n3072-k16-d220-bs60-f1.000-r00:066150.647: Loop 52/100
exp068-n3072-k16-d220-bs60-f1.000-r00:067179.648: log(exp-norms): [3072.0, 3074.1, 3075.86]
exp068-n3072-k16-d220-bs60-f1.000-r00:067179.648: log(norms):     [3072.0, 3074.89, 3077.58, 3077.68, 3077.72, 3077.71, 3077.7, 3077.79, 3077.91, 3077.88]
exp068-n3072-k16-d220-bs60-f1.000-r00:067179.669: (1030 sec)
exp068-n3072-k16-d220-bs60-f1.000-r00:067179.669: Loop 53/100
exp068-n3072-k16-d220-bs60-f1.000-r00:068214.188: log(exp-norms): [3072.0, 3074.1, 3075.86]
exp068-n3072-k16-d220-bs60-f1.000-r00:068214.189: log(norms):     [3072.0, 3074.89, 3077.58, 3077.68, 3077.72, 3077.71, 3077.7, 3077.79, 3077.91, 3077.88]
exp068-n3072-k16-d220-bs60-f1.000-r00:068214.210: (1035 sec)
exp068-n3072-k16-d220-bs60-f1.000-r00:068214.210: Loop 54/100
exp068-n3072-k16-d220-bs60-f1.000-r00:069285.997: log(exp-norms): [3072.0, 3074.1, 3075.86]
exp068-n3072-k16-d220-bs60-f1.000-r00:069285.998: log(norms):     [3072.0, 3074.89, 3077.58, 3077.68, 3077.72, 3077.71, 3077.7, 3077.79, 3077.91, 3077.75]
exp068-n3072-k16-d220-bs60-f1.000-r00:069286.019: (1072 sec)
exp068-n3072-k16-d220-bs60-f1.000-r00:069286.019: Loop 55/100
exp068-n3072-k16-d220-bs60-f1.000-r00:070329.552: log(exp-norms): [3072.0, 3074.1, 3075.86]
exp068-n3072-k16-d220-bs60-f1.000-r00:070329.553: log(norms):     [3072.0, 3074.89, 3077.58, 3077.68, 3077.72, 3077.71, 3077.7, 3077.79, 3077.91, 3077.75]
exp068-n3072-k16-d220-bs60-f1.000-r00:070329.574: (1044 sec)
exp068-n3072-k16-d220-bs60-f1.000-r00:070329.574: Loop 56/100
exp068-n3072-k16-d220-bs60-f1.000-r00:071372.071: log(exp-norms): [3072.0, 3074.1, 3075.86]
exp068-n3072-k16-d220-bs60-f1.000-r00:071372.071: log(norms):     [3072.0, 3074.89, 3077.58, 3077.68, 3077.72, 3077.71, 3077.7, 3077.71, 3077.79, 3077.91]
exp068-n3072-k16-d220-bs60-f1.000-r00:071372.092: (1043 sec)
exp068-n3072-k16-d220-bs60-f1.000-r00:071372.092: Loop 57/100
exp068-n3072-k16-d220-bs60-f1.000-r00:072421.288: log(exp-norms): [3072.0, 3074.1, 3075.86]
exp068-n3072-k16-d220-bs60-f1.000-r00:072421.288: log(norms):     [3072.0, 3074.89, 3077.58, 3077.68, 3077.72, 3077.71, 3077.7, 3077.71, 3077.79, 3077.74]
exp068-n3072-k16-d220-bs60-f1.000-r00:072421.309: (1050 sec)
exp068-n3072-k16-d220-bs60-f1.000-r00:072421.310: Loop 58/100
exp068-n3072-k16-d220-bs60-f1.000-r00:073483.930: log(exp-norms): [3072.0, 3074.1, 3075.86]
exp068-n3072-k16-d220-bs60-f1.000-r00:073483.930: log(norms):     [3072.0, 3074.89, 3077.58, 3077.68, 3077.72, 3077.71, 3077.7, 3077.71, 3077.79, 3077.74]
exp068-n3072-k16-d220-bs60-f1.000-r00:073483.951: (1063 sec)
exp068-n3072-k16-d220-bs60-f1.000-r00:073483.951: Loop 59/100
exp068-n3072-k16-d220-bs60-f1.000-r00:074512.234: log(exp-norms): [3072.0, 3074.1, 3075.86]
exp068-n3072-k16-d220-bs60-f1.000-r00:074512.234: log(norms):     [3072.0, 3074.89, 3077.58, 3077.68, 3077.71, 3077.72, 3077.74, 3077.71, 3077.7, 3077.71]
exp068-n3072-k16-d220-bs60-f1.000-r00:074512.255: (1029 sec)
exp068-n3072-k16-d220-bs60-f1.000-r00:074512.255: Loop 60/100
exp068-n3072-k16-d220-bs60-f1.000-r00:075594.424: log(exp-norms): [3072.0, 3074.1, 3075.86]
exp068-n3072-k16-d220-bs60-f1.000-r00:075594.424: log(norms):     [3072.0, 3074.89, 3077.58, 3077.68, 3077.71, 3077.72, 3077.73, 3077.74, 3077.71, 3077.87]
exp068-n3072-k16-d220-bs60-f1.000-r00:075594.445: (1083 sec)
exp068-n3072-k16-d220-bs60-f1.000-r00:075594.446: Loop 61/100
exp068-n3072-k16-d220-bs60-f1.000-r00:076608.661: log(exp-norms): [3072.0, 3074.1, 3075.86]
exp068-n3072-k16-d220-bs60-f1.000-r00:076608.661: log(norms):     [3072.0, 3074.89, 3077.58, 3077.68, 3077.71, 3077.72, 3077.73, 3077.74, 3077.71, 3077.87]
exp068-n3072-k16-d220-bs60-f1.000-r00:076608.683: (1015 sec)
exp068-n3072-k16-d220-bs60-f1.000-r00:076608.683: Loop 62/100
exp068-n3072-k16-d220-bs60-f1.000-r00:077658.514: log(exp-norms): [3072.0, 3074.1, 3075.86]
exp068-n3072-k16-d220-bs60-f1.000-r00:077658.514: log(norms):     [3072.0, 3074.89, 3077.58, 3077.68, 3077.71, 3077.72, 3077.73, 3077.74, 3077.75, 3077.71]
exp068-n3072-k16-d220-bs60-f1.000-r00:077658.535: (1050 sec)
exp068-n3072-k16-d220-bs60-f1.000-r00:077658.535: Loop 63/100
exp068-n3072-k16-d220-bs60-f1.000-r00:078684.193: log(exp-norms): [3072.0, 3074.1, 3075.86]
exp068-n3072-k16-d220-bs60-f1.000-r00:078684.193: log(norms):     [3072.0, 3074.89, 3077.58, 3077.68, 3077.71, 3077.72, 3077.73, 3077.74, 3077.75, 3077.78]
exp068-n3072-k16-d220-bs60-f1.000-r00:078684.214: (1026 sec)
exp068-n3072-k16-d220-bs60-f1.000-r00:078684.214: Loop 64/100
exp068-n3072-k16-d220-bs60-f1.000-r00:079777.161: log(exp-norms): [3072.0, 3074.1, 3075.86]
exp068-n3072-k16-d220-bs60-f1.000-r00:079777.161: log(norms):     [3072.0, 3074.89, 3077.58, 3077.68, 3077.71, 3077.72, 3077.73, 3077.74, 3077.75, 3077.91]
exp068-n3072-k16-d220-bs60-f1.000-r00:079777.182: (1093 sec)
exp068-n3072-k16-d220-bs60-f1.000-r00:079777.182: Loop 65/100
exp068-n3072-k16-d220-bs60-f1.000-r00:080820.092: log(exp-norms): [3072.0, 3074.1, 3075.86]
exp068-n3072-k16-d220-bs60-f1.000-r00:080820.093: log(norms):     [3072.0, 3074.89, 3077.58, 3077.68, 3077.71, 3077.72, 3077.73, 3077.74, 3077.75, 3077.91]
exp068-n3072-k16-d220-bs60-f1.000-r00:080820.113: (1043 sec)
exp068-n3072-k16-d220-bs60-f1.000-r00:080820.114: Loop 66/100
exp068-n3072-k16-d220-bs60-f1.000-r00:081883.153: log(exp-norms): [3072.0, 3074.1, 3075.86]
exp068-n3072-k16-d220-bs60-f1.000-r00:081883.154: log(norms):     [3072.0, 3074.89, 3077.58, 3077.68, 3077.71, 3077.72, 3077.73, 3077.74, 3077.75, 3077.91]
exp068-n3072-k16-d220-bs60-f1.000-r00:081883.175: (1064 sec)
exp068-n3072-k16-d220-bs60-f1.000-r00:081883.175: Loop 67/100
exp068-n3072-k16-d220-bs60-f1.000-r00:082939.930: log(exp-norms): [3072.0, 3074.1, 3075.86]
exp068-n3072-k16-d220-bs60-f1.000-r00:082939.931: log(norms):     [3072.0, 3074.89, 3077.58, 3077.68, 3077.71, 3077.72, 3077.73, 3077.74, 3077.75, 3077.91]
exp068-n3072-k16-d220-bs60-f1.000-r00:082939.952: (1057 sec)
exp068-n3072-k16-d220-bs60-f1.000-r00:082939.952: Loop 68/100
exp068-n3072-k16-d220-bs60-f1.000-r00:084003.616: log(exp-norms): [3072.0, 3074.1, 3075.86]
exp068-n3072-k16-d220-bs60-f1.000-r00:084003.617: log(norms):     [3072.0, 3074.89, 3077.58, 3077.68, 3077.71, 3077.72, 3077.73, 3077.74, 3077.75, 3077.91]
exp068-n3072-k16-d220-bs60-f1.000-r00:084003.637: (1064 sec)
exp068-n3072-k16-d220-bs60-f1.000-r00:084003.638: Loop 69/100
exp068-n3072-k16-d220-bs60-f1.000-r00:085058.301: log(exp-norms): [3072.0, 3074.1, 3075.86]
exp068-n3072-k16-d220-bs60-f1.000-r00:085058.302: log(norms):     [3072.0, 3074.89, 3077.58, 3077.68, 3077.71, 3077.72, 3077.73, 3077.74, 3077.79, 3077.75]
exp068-n3072-k16-d220-bs60-f1.000-r00:085058.322: (1055 sec)
exp068-n3072-k16-d220-bs60-f1.000-r00:085058.323: Loop 70/100
exp068-n3072-k16-d220-bs60-f1.000-r00:086126.191: log(exp-norms): [3072.0, 3074.1, 3075.86]
exp068-n3072-k16-d220-bs60-f1.000-r00:086126.191: log(norms):     [3072.0, 3074.89, 3077.58, 3077.68, 3077.71, 3077.72, 3077.73, 3077.74, 3077.79, 3077.92]
exp068-n3072-k16-d220-bs60-f1.000-r00:086126.212: (1068 sec)
exp068-n3072-k16-d220-bs60-f1.000-r00:086126.212: Loop 71/100
exp068-n3072-k16-d220-bs60-f1.000-r00:087196.551: log(exp-norms): [3072.0, 3074.1, 3075.86]
exp068-n3072-k16-d220-bs60-f1.000-r00:087196.551: log(norms):     [3072.0, 3074.89, 3077.58, 3077.68, 3077.71, 3077.72, 3077.73, 3077.74, 3077.79, 3077.92]
exp068-n3072-k16-d220-bs60-f1.000-r00:087196.574: (1071 sec)
exp068-n3072-k16-d220-bs60-f1.000-r00:087196.574: Loop 72/100
exp068-n3072-k16-d220-bs60-f1.000-r00:088228.898: log(exp-norms): [3072.0, 3074.1, 3075.86]
exp068-n3072-k16-d220-bs60-f1.000-r00:088228.898: log(norms):     [3072.0, 3074.89, 3077.58, 3077.68, 3077.71, 3077.72, 3077.73, 3077.74, 3077.79, 3077.92]
exp068-n3072-k16-d220-bs60-f1.000-r00:088228.919: (1033 sec)
exp068-n3072-k16-d220-bs60-f1.000-r00:088228.919: Loop 73/100
exp068-n3072-k16-d220-bs60-f1.000-r00:089295.056: log(exp-norms): [3072.0, 3074.1, 3075.86]
exp068-n3072-k16-d220-bs60-f1.000-r00:089295.056: log(norms):     [3072.0, 3074.89, 3077.58, 3077.68, 3077.71, 3077.72, 3077.73, 3077.74, 3077.79, 3077.95]
exp068-n3072-k16-d220-bs60-f1.000-r00:089295.077: (1067 sec)
exp068-n3072-k16-d220-bs60-f1.000-r00:089295.077: Loop 74/100
exp068-n3072-k16-d220-bs60-f1.000-r00:090364.585: log(exp-norms): [3072.0, 3074.1, 3075.86]
exp068-n3072-k16-d220-bs60-f1.000-r00:090364.586: log(norms):     [3072.0, 3074.89, 3077.58, 3077.68, 3077.71, 3077.72, 3077.74, 3077.73, 3077.74, 3077.79]
exp068-n3072-k16-d220-bs60-f1.000-r00:090364.606: (1070 sec)
exp068-n3072-k16-d220-bs60-f1.000-r00:090364.607: Loop 75/100
exp068-n3072-k16-d220-bs60-f1.000-r00:091409.064: log(exp-norms): [3072.0, 3074.1, 3075.86]
exp068-n3072-k16-d220-bs60-f1.000-r00:091409.064: log(norms):     [3072.0, 3074.89, 3077.58, 3077.68, 3077.71, 3077.72, 3077.74, 3077.73, 3077.74, 3077.79]
exp068-n3072-k16-d220-bs60-f1.000-r00:091409.085: (1045 sec)
exp068-n3072-k16-d220-bs60-f1.000-r00:091409.086: Loop 76/100
exp068-n3072-k16-d220-bs60-f1.000-r00:092461.563: log(exp-norms): [3072.0, 3074.1, 3075.86]
exp068-n3072-k16-d220-bs60-f1.000-r00:092461.563: log(norms):     [3072.0, 3074.89, 3077.58, 3077.68, 3077.71, 3077.72, 3077.74, 3077.73, 3077.74, 3077.79]
exp068-n3072-k16-d220-bs60-f1.000-r00:092461.584: (1053 sec)
exp068-n3072-k16-d220-bs60-f1.000-r00:092461.584: Loop 77/100
exp068-n3072-k16-d220-bs60-f1.000-r00:093528.486: log(exp-norms): [3072.0, 3074.1, 3075.86]
exp068-n3072-k16-d220-bs60-f1.000-r00:093528.487: log(norms):     [3072.0, 3074.89, 3077.58, 3077.68, 3077.71, 3077.72, 3077.74, 3077.74, 3077.74, 3077.73]
exp068-n3072-k16-d220-bs60-f1.000-r00:093528.507: (1067 sec)
exp068-n3072-k16-d220-bs60-f1.000-r00:093528.508: Loop 78/100
exp068-n3072-k16-d220-bs60-f1.000-r00:094610.445: log(exp-norms): [3072.0, 3074.1, 3075.86]
exp068-n3072-k16-d220-bs60-f1.000-r00:094610.445: log(norms):     [3072.0, 3074.89, 3077.58, 3077.68, 3077.71, 3077.72, 3077.74, 3077.74, 3077.75, 3077.79]
exp068-n3072-k16-d220-bs60-f1.000-r00:094610.466: (1082 sec)
exp068-n3072-k16-d220-bs60-f1.000-r00:094610.466: Loop 79/100
exp068-n3072-k16-d220-bs60-f1.000-r00:095653.382: log(exp-norms): [3072.0, 3074.1, 3075.86]
exp068-n3072-k16-d220-bs60-f1.000-r00:095653.382: log(norms):     [3072.0, 3074.89, 3077.58, 3077.68, 3077.71, 3077.72, 3077.74, 3077.74, 3077.75, 3077.79]
exp068-n3072-k16-d220-bs60-f1.000-r00:095653.403: (1043 sec)
exp068-n3072-k16-d220-bs60-f1.000-r00:095653.403: Loop 80/100
exp068-n3072-k16-d220-bs60-f1.000-r00:096715.399: log(exp-norms): [3072.0, 3074.1, 3075.86]
exp068-n3072-k16-d220-bs60-f1.000-r00:096715.399: log(norms):     [3072.0, 3074.89, 3077.58, 3077.68, 3077.71, 3077.72, 3077.74, 3077.74, 3077.73, 3077.75]
exp068-n3072-k16-d220-bs60-f1.000-r00:096715.420: (1063 sec)
exp068-n3072-k16-d220-bs60-f1.000-r00:096715.420: Loop 81/100
exp068-n3072-k16-d220-bs60-f1.000-r00:097779.342: log(exp-norms): [3072.0, 3074.1, 3075.86]
exp068-n3072-k16-d220-bs60-f1.000-r00:097779.342: log(norms):     [3072.0, 3074.89, 3077.58, 3077.68, 3077.71, 3077.72, 3077.74, 3077.74, 3077.73, 3077.83]
exp068-n3072-k16-d220-bs60-f1.000-r00:097779.363: (1064 sec)
exp068-n3072-k16-d220-bs60-f1.000-r00:097779.363: Loop 82/100
exp068-n3072-k16-d220-bs60-f1.000-r00:098851.970: log(exp-norms): [3072.0, 3074.1, 3075.86]
exp068-n3072-k16-d220-bs60-f1.000-r00:098851.970: log(norms):     [3072.0, 3074.89, 3077.58, 3077.68, 3077.71, 3077.72, 3077.74, 3077.74, 3077.73, 3077.83]
exp068-n3072-k16-d220-bs60-f1.000-r00:098851.992: (1073 sec)
exp068-n3072-k16-d220-bs60-f1.000-r00:098851.993: Loop 83/100
exp068-n3072-k16-d220-bs60-f1.000-r00:099914.357: log(exp-norms): [3072.0, 3074.1, 3075.86]
exp068-n3072-k16-d220-bs60-f1.000-r00:099914.358: log(norms):     [3072.0, 3074.89, 3077.58, 3077.68, 3077.71, 3077.72, 3077.74, 3077.74, 3077.83, 3077.84]
exp068-n3072-k16-d220-bs60-f1.000-r00:099914.379: (1063 sec)
exp068-n3072-k16-d220-bs60-f1.000-r00:099914.379: Loop 84/100
exp068-n3072-k16-d220-bs60-f1.000-r00:100950.427: log(exp-norms): [3072.0, 3074.1, 3075.86]
exp068-n3072-k16-d220-bs60-f1.000-r00:100950.428: log(norms):     [3072.0, 3074.89, 3077.58, 3077.68, 3077.71, 3077.72, 3077.74, 3077.74, 3077.83, 3077.84]
exp068-n3072-k16-d220-bs60-f1.000-r00:100950.448: (1037 sec)
exp068-n3072-k16-d220-bs60-f1.000-r00:100950.449: Loop 85/100
exp068-n3072-k16-d220-bs60-f1.000-r00:102006.033: log(exp-norms): [3072.0, 3074.1, 3075.86]
exp068-n3072-k16-d220-bs60-f1.000-r00:102006.033: log(norms):     [3072.0, 3074.89, 3077.58, 3077.68, 3077.71, 3077.72, 3077.74, 3077.74, 3077.83, 3077.84]
exp068-n3072-k16-d220-bs60-f1.000-r00:102006.054: (1056 sec)
exp068-n3072-k16-d220-bs60-f1.000-r00:102006.054: Loop 86/100
exp068-n3072-k16-d220-bs60-f1.000-r00:103077.781: log(exp-norms): [3072.0, 3074.1, 3075.86]
exp068-n3072-k16-d220-bs60-f1.000-r00:103077.781: log(norms):     [3072.0, 3074.89, 3077.58, 3077.68, 3077.71, 3077.72, 3077.74, 3077.74, 3077.83, 3077.84]
exp068-n3072-k16-d220-bs60-f1.000-r00:103077.802: (1072 sec)
exp068-n3072-k16-d220-bs60-f1.000-r00:103077.802: Loop 87/100
exp068-n3072-k16-d220-bs60-f1.000-r00:104145.767: log(exp-norms): [3072.0, 3074.1, 3075.86]
exp068-n3072-k16-d220-bs60-f1.000-r00:104145.767: log(norms):     [3072.0, 3074.89, 3077.58, 3077.68, 3077.71, 3077.72, 3077.74, 3077.74, 3077.83, 3077.84]
exp068-n3072-k16-d220-bs60-f1.000-r00:104145.788: (1068 sec)
exp068-n3072-k16-d220-bs60-f1.000-r00:104145.789: Loop 88/100
exp068-n3072-k16-d220-bs60-f1.000-r00:105192.394: log(exp-norms): [3072.0, 3074.1, 3075.86]
exp068-n3072-k16-d220-bs60-f1.000-r00:105192.394: log(norms):     [3072.0, 3074.89, 3077.58, 3077.68, 3077.71, 3077.72, 3077.74, 3077.74, 3077.83, 3077.84]
exp068-n3072-k16-d220-bs60-f1.000-r00:105192.415: (1047 sec)
exp068-n3072-k16-d220-bs60-f1.000-r00:105192.415: Loop 89/100
exp068-n3072-k16-d220-bs60-f1.000-r00:106232.412: log(exp-norms): [3072.0, 3074.1, 3075.86]
exp068-n3072-k16-d220-bs60-f1.000-r00:106232.413: log(norms):     [3072.0, 3074.89, 3077.58, 3077.68, 3077.71, 3077.72, 3077.74, 3077.74, 3077.83, 3077.84]
exp068-n3072-k16-d220-bs60-f1.000-r00:106232.434: (1041 sec)
exp068-n3072-k16-d220-bs60-f1.000-r00:106232.434: Loop 90/100
exp068-n3072-k16-d220-bs60-f1.000-r00:107277.261: log(exp-norms): [3072.0, 3074.1, 3075.86]
exp068-n3072-k16-d220-bs60-f1.000-r00:107277.261: log(norms):     [3072.0, 3074.89, 3077.58, 3077.68, 3077.71, 3077.72, 3077.74, 3077.74, 3077.83, 3077.84]
exp068-n3072-k16-d220-bs60-f1.000-r00:107277.283: (1045 sec)
exp068-n3072-k16-d220-bs60-f1.000-r00:107277.283: Loop 91/100
exp068-n3072-k16-d220-bs60-f1.000-r00:108326.287: log(exp-norms): [3072.0, 3074.1, 3075.86]
exp068-n3072-k16-d220-bs60-f1.000-r00:108326.287: log(norms):     [3072.0, 3074.89, 3077.58, 3077.68, 3077.71, 3077.72, 3077.74, 3077.74, 3077.83, 3077.84]
exp068-n3072-k16-d220-bs60-f1.000-r00:108326.308: (1050 sec)
exp068-n3072-k16-d220-bs60-f1.000-r00:108326.308: Loop 92/100
exp068-n3072-k16-d220-bs60-f1.000-r00:109393.692: log(exp-norms): [3072.0, 3074.1, 3075.86]
exp068-n3072-k16-d220-bs60-f1.000-r00:109393.693: log(norms):     [3072.0, 3074.89, 3077.58, 3077.68, 3077.71, 3077.72, 3077.74, 3077.74, 3077.83, 3077.84]
exp068-n3072-k16-d220-bs60-f1.000-r00:109393.714: (1068 sec)
exp068-n3072-k16-d220-bs60-f1.000-r00:109393.715: Loop 93/100
exp068-n3072-k16-d220-bs60-f1.000-r00:110457.234: log(exp-norms): [3072.0, 3074.1, 3075.86]
exp068-n3072-k16-d220-bs60-f1.000-r00:110457.235: log(norms):     [3072.0, 3074.89, 3077.58, 3077.68, 3077.71, 3077.72, 3077.74, 3077.74, 3077.83, 3077.84]
exp068-n3072-k16-d220-bs60-f1.000-r00:110457.256: (1064 sec)
exp068-n3072-k16-d220-bs60-f1.000-r00:110457.256: Loop 94/100
exp068-n3072-k16-d220-bs60-f1.000-r00:111504.691: log(exp-norms): [3072.0, 3074.1, 3075.86]
exp068-n3072-k16-d220-bs60-f1.000-r00:111504.692: log(norms):     [3072.0, 3074.89, 3077.58, 3077.68, 3077.71, 3077.72, 3077.74, 3077.74, 3077.83, 3077.84]
exp068-n3072-k16-d220-bs60-f1.000-r00:111504.712: (1048 sec)
exp068-n3072-k16-d220-bs60-f1.000-r00:111504.713: Loop 95/100
exp068-n3072-k16-d220-bs60-f1.000-r00:112570.780: log(exp-norms): [3072.0, 3074.1, 3075.86]
exp068-n3072-k16-d220-bs60-f1.000-r00:112570.781: log(norms):     [3072.0, 3074.89, 3077.58, 3077.68, 3077.71, 3077.72, 3077.74, 3077.74, 3077.83, 3077.84]
exp068-n3072-k16-d220-bs60-f1.000-r00:112570.802: (1067 sec)
exp068-n3072-k16-d220-bs60-f1.000-r00:112570.802: Loop 96/100
exp068-n3072-k16-d220-bs60-f1.000-r00:113643.965: log(exp-norms): [3072.0, 3074.1, 3075.86]
exp068-n3072-k16-d220-bs60-f1.000-r00:113643.966: log(norms):     [3072.0, 3074.89, 3077.58, 3077.68, 3077.71, 3077.72, 3077.74, 3077.74, 3077.83, 3077.84]
exp068-n3072-k16-d220-bs60-f1.000-r00:113643.987: (1074 sec)
exp068-n3072-k16-d220-bs60-f1.000-r00:113643.987: Loop 97/100
exp068-n3072-k16-d220-bs60-f1.000-r00:114717.979: log(exp-norms): [3072.0, 3074.1, 3075.86]
exp068-n3072-k16-d220-bs60-f1.000-r00:114717.979: log(norms):     [3072.0, 3074.89, 3077.58, 3077.68, 3077.71, 3077.72, 3077.74, 3077.74, 3077.83, 3077.84]
exp068-n3072-k16-d220-bs60-f1.000-r00:114718.000: (1075 sec)
exp068-n3072-k16-d220-bs60-f1.000-r00:114718.001: Loop 98/100
exp068-n3072-k16-d220-bs60-f1.000-r00:115756.651: log(exp-norms): [3072.0, 3074.1, 3075.86]
exp068-n3072-k16-d220-bs60-f1.000-r00:115756.651: log(norms):     [3072.0, 3074.89, 3077.58, 3077.68, 3077.71, 3077.72, 3077.74, 3077.74, 3077.83, 3077.84]
exp068-n3072-k16-d220-bs60-f1.000-r00:115756.674: (1039 sec)
exp068-n3072-k16-d220-bs60-f1.000-r00:115756.674: Loop 99/100
exp068-n3072-k16-d220-bs60-f1.000-r00:116833.719: log(exp-norms): [3072.0, 3074.1, 3075.86]
exp068-n3072-k16-d220-bs60-f1.000-r00:116833.719: log(norms):     [3072.0, 3074.89, 3077.58, 3077.68, 3077.71, 3077.72, 3077.74, 3077.74, 3077.83, 3077.84]
exp068-n3072-k16-d220-bs60-f1.000-r00:116833.740: (1078 sec)
exp068-n3072-k16-d220-bs60-f1.000-r00:116833.741: Loop 100/100
exp068-n3072-k16-d220-bs60-f1.000-r00:117880.855: log(exp-norms): [3072.0, 3074.1, 3075.86]
exp068-n3072-k16-d220-bs60-f1.000-r00:117880.855: log(norms):     [3072.0, 3074.89, 3077.58, 3077.68, 3077.71, 3077.72, 3077.74, 3077.74, 3077.83, 3077.84]
exp068-n3072-k16-d220-bs60-f1.000-r00:117880.876: (1048 sec)
exp068-n3072-k16-d220-bs60-f1.000-r00:117880.876: ==========================Summary===========================
exp068-n3072-k16-d220-bs60-f1.000-r00:117880.876: Total time: 117881sec
exp068-n3072-k16-d220-bs60-f1.000-r00:117880.876: FAIL
exp068-n3072-k16-d220-bs60-f1.000-r00:117880.877: SUMMARY:n:3072:k:16:d:220:bs:60:t:117881:r:False
