exp041-n3072-k20-d150-bs50-f1.000-r00:000000.378: ==========================Instance==========================
exp041-n3072-k20-d150-bs50-f1.000-r00:000000.378: # of equations: 150
exp041-n3072-k20-d150-bs50-f1.000-r00:000000.383: Gap: 0.60
exp041-n3072-k20-d150-bs50-f1.000-r00:000000.392: Tau: 0.12
exp041-n3072-k20-d150-bs50-f1.000-r00:000000.393: ======================BKZ-50 reduction======================
exp041-n3072-k20-d150-bs50-f1.000-r00:000003.224: Expectedly achievable log(norm): 3074.14
exp041-n3072-k20-d150-bs50-f1.000-r00:000006.113: log(exp-norms): [3072.0, 3073.83, 3073.09]
exp041-n3072-k20-d150-bs50-f1.000-r00:000006.113: log(norms):     [3094.8, 3074.62, 3092.0, 3092.0, 3092.0, 3092.0, 3092.0, 3092.0, 3092.0, 3092.0]
exp041-n3072-k20-d150-bs50-f1.000-r00:000006.217: Loop 1/100
exp041-n3072-k20-d150-bs50-f1.000-r00:002542.043: log(exp-norms): [3072.0, 3073.83, 3073.09]
exp041-n3072-k20-d150-bs50-f1.000-r00:002542.045: log(norms):     [3074.62, 3075.39, 3075.53, 3075.55, 3075.55, 3075.53, 3075.49, 3075.38, 3075.62, 3075.37]
exp041-n3072-k20-d150-bs50-f1.000-r00:002542.073: (2536 sec)
exp041-n3072-k20-d150-bs50-f1.000-r00:002542.074: Loop 2/100
exp041-n3072-k20-d150-bs50-f1.000-r00:002961.978: log(exp-norms): [3072.0, 3073.83, 3073.09]
exp041-n3072-k20-d150-bs50-f1.000-r00:002961.979: log(norms):     [3074.62, 3075.07, 3075.11, 3075.02, 3075.11, 3075.05, 3075.22, 3074.98, 3075.16, 3075.1]
exp041-n3072-k20-d150-bs50-f1.000-r00:002962.013: (420 sec)
exp041-n3072-k20-d150-bs50-f1.000-r00:002962.014: Loop 3/100
exp041-n3072-k20-d150-bs50-f1.000-r00:003326.733: log(exp-norms): [3072.0, 3073.83, 3073.09]
exp041-n3072-k20-d150-bs50-f1.000-r00:003326.734: log(norms):     [3074.62, 3074.74, 3074.73, 3074.85, 3074.75, 3074.94, 3074.86, 3074.68, 3074.88, 3074.89]
exp041-n3072-k20-d150-bs50-f1.000-r00:003326.762: (365 sec)
exp041-n3072-k20-d150-bs50-f1.000-r00:003326.763: Loop 4/100
exp041-n3072-k20-d150-bs50-f1.000-r00:003680.724: log(exp-norms): [3072.0, 3073.83, 3073.09]
exp041-n3072-k20-d150-bs50-f1.000-r00:003680.724: log(norms):     [3074.39, 3074.47, 3074.62, 3074.55, 3074.59, 3074.66, 3074.63, 3074.74, 3074.51, 3074.64]
exp041-n3072-k20-d150-bs50-f1.000-r00:003680.752: (354 sec)
exp041-n3072-k20-d150-bs50-f1.000-r00:003680.753: Loop 5/100
exp041-n3072-k20-d150-bs50-f1.000-r00:004021.096: log(exp-norms): [3072.0, 3073.83, 3073.09]
exp041-n3072-k20-d150-bs50-f1.000-r00:004021.098: log(norms):     [3074.39, 3074.39, 3074.51, 3074.48, 3074.56, 3074.51, 3074.59, 3074.6, 3074.37, 3074.49]
exp041-n3072-k20-d150-bs50-f1.000-r00:004021.127: (341 sec)
exp041-n3072-k20-d150-bs50-f1.000-r00:004021.127: Loop 6/100
exp041-n3072-k20-d150-bs50-f1.000-r00:004348.994: log(exp-norms): [3072.0, 3073.83, 3073.09]
exp041-n3072-k20-d150-bs50-f1.000-r00:004348.995: log(norms):     [3074.37, 3074.46, 3074.5, 3074.35, 3074.51, 3074.49, 3074.4, 3074.4, 3074.54, 3074.54]
exp041-n3072-k20-d150-bs50-f1.000-r00:004349.022: (328 sec)
exp041-n3072-k20-d150-bs50-f1.000-r00:004349.022: Loop 7/100
exp041-n3072-k20-d150-bs50-f1.000-r00:004648.254: log(exp-norms): [3072.0, 3073.83, 3073.09]
exp041-n3072-k20-d150-bs50-f1.000-r00:004648.255: log(norms):     [3074.24, 3074.39, 3074.31, 3074.32, 3074.47, 3074.54, 3074.41, 3074.39, 3074.57, 3074.52]
exp041-n3072-k20-d150-bs50-f1.000-r00:004648.283: (300 sec)
exp041-n3072-k20-d150-bs50-f1.000-r00:004648.283: Loop 8/100
exp041-n3072-k20-d150-bs50-f1.000-r00:004948.853: log(exp-norms): [3072.0, 3073.83, 3073.09]
exp041-n3072-k20-d150-bs50-f1.000-r00:004948.853: log(norms):     [3074.24, 3074.39, 3074.31, 3074.32, 3074.37, 3074.37, 3074.53, 3074.43, 3074.45, 3074.39]
exp041-n3072-k20-d150-bs50-f1.000-r00:004948.881: (301 sec)
exp041-n3072-k20-d150-bs50-f1.000-r00:004948.882: Loop 9/100
exp041-n3072-k20-d150-bs50-f1.000-r00:005237.631: log(exp-norms): [3072.0, 3073.83, 3073.09]
exp041-n3072-k20-d150-bs50-f1.000-r00:005237.632: log(norms):     [3074.2, 3074.34, 3074.3, 3074.28, 3074.32, 3074.36, 3074.33, 3074.39, 3074.51, 3074.27]
exp041-n3072-k20-d150-bs50-f1.000-r00:005237.662: (289 sec)
exp041-n3072-k20-d150-bs50-f1.000-r00:005237.663: Loop 10/100
exp041-n3072-k20-d150-bs50-f1.000-r00:005514.690: log(exp-norms): [3072.0, 3073.83, 3073.09]
exp041-n3072-k20-d150-bs50-f1.000-r00:005514.691: log(norms):     [3074.07, 3074.19, 3074.2, 3074.29, 3074.4, 3074.3, 3074.29, 3074.43, 3074.19, 3074.32]
exp041-n3072-k20-d150-bs50-f1.000-r00:005514.720: (278 sec)
exp041-n3072-k20-d150-bs50-f1.000-r00:005514.721: Loop 11/100
exp041-n3072-k20-d150-bs50-f1.000-r00:005792.390: log(exp-norms): [3072.0, 3073.83, 3073.09]
exp041-n3072-k20-d150-bs50-f1.000-r00:005792.391: log(norms):     [3074.07, 3074.19, 3074.19, 3074.3, 3074.4, 3074.39, 3074.32, 3074.34, 3074.36, 3074.28]
exp041-n3072-k20-d150-bs50-f1.000-r00:005792.417: (278 sec)
exp041-n3072-k20-d150-bs50-f1.000-r00:005792.418: Loop 12/100
exp041-n3072-k20-d150-bs50-f1.000-r00:006060.002: log(exp-norms): [3072.0, 3073.83, 3073.09]
exp041-n3072-k20-d150-bs50-f1.000-r00:006060.004: log(norms):     [3074.07, 3074.19, 3074.19, 3074.3, 3074.32, 3074.34, 3074.39, 3074.4, 3074.4, 3074.45]
exp041-n3072-k20-d150-bs50-f1.000-r00:006060.031: (268 sec)
exp041-n3072-k20-d150-bs50-f1.000-r00:006060.032: Loop 13/100
exp041-n3072-k20-d150-bs50-f1.000-r00:006347.268: log(exp-norms): [3072.0, 3073.83, 3073.09]
exp041-n3072-k20-d150-bs50-f1.000-r00:006347.269: log(norms):     [3074.03, 3074.07, 3074.19, 3074.19, 3074.3, 3074.32, 3074.34, 3074.39, 3074.27, 3074.62]
exp041-n3072-k20-d150-bs50-f1.000-r00:006347.296: (288 sec)
exp041-n3072-k20-d150-bs50-f1.000-r00:006347.296: Loop 14/100
exp041-n3072-k20-d150-bs50-f1.000-r00:006613.502: log(exp-norms): [3072.0, 3073.83, 3073.09]
exp041-n3072-k20-d150-bs50-f1.000-r00:006613.503: log(norms):     [3074.03, 3074.07, 3074.23, 3074.19, 3074.19, 3074.3, 3074.32, 3074.34, 3074.42, 3074.37]
exp041-n3072-k20-d150-bs50-f1.000-r00:006613.530: (267 sec)
exp041-n3072-k20-d150-bs50-f1.000-r00:006613.530: Loop 15/100
exp041-n3072-k20-d150-bs50-f1.000-r00:006863.626: log(exp-norms): [3072.0, 3073.83, 3073.09]
exp041-n3072-k20-d150-bs50-f1.000-r00:006863.627: log(norms):     [3074.03, 3074.07, 3074.23, 3074.19, 3074.19, 3074.3, 3074.32, 3074.34, 3074.42, 3074.37]
exp041-n3072-k20-d150-bs50-f1.000-r00:006863.654: (251 sec)
exp041-n3072-k20-d150-bs50-f1.000-r00:006863.655: Loop 16/100
exp041-n3072-k20-d150-bs50-f1.000-r00:007121.813: log(exp-norms): [3072.0, 3073.83, 3073.09]
exp041-n3072-k20-d150-bs50-f1.000-r00:007121.813: log(norms):     [3074.03, 3074.07, 3074.23, 3074.19, 3074.19, 3074.3, 3074.32, 3074.34, 3074.42, 3074.37]
exp041-n3072-k20-d150-bs50-f1.000-r00:007121.839: (259 sec)
exp041-n3072-k20-d150-bs50-f1.000-r00:007121.839: Loop 17/100
exp041-n3072-k20-d150-bs50-f1.000-r00:007374.467: log(exp-norms): [3072.0, 3073.83, 3073.09]
exp041-n3072-k20-d150-bs50-f1.000-r00:007374.468: log(norms):     [3074.03, 3074.07, 3074.23, 3074.15, 3074.19, 3074.19, 3074.32, 3074.3, 3074.35, 3074.37]
exp041-n3072-k20-d150-bs50-f1.000-r00:007374.496: (253 sec)
exp041-n3072-k20-d150-bs50-f1.000-r00:007374.497: Loop 18/100
exp041-n3072-k20-d150-bs50-f1.000-r00:007638.965: log(exp-norms): [3072.0, 3073.83, 3073.09]
exp041-n3072-k20-d150-bs50-f1.000-r00:007638.965: log(norms):     [3074.03, 3074.07, 3074.23, 3074.09, 3074.15, 3074.35, 3074.51, 3074.36, 3074.37, 3074.19]
exp041-n3072-k20-d150-bs50-f1.000-r00:007638.993: (265 sec)
exp041-n3072-k20-d150-bs50-f1.000-r00:007638.993: Loop 19/100
exp041-n3072-k20-d150-bs50-f1.000-r00:007900.634: log(exp-norms): [3072.0, 3073.83, 3073.09]
exp041-n3072-k20-d150-bs50-f1.000-r00:007900.635: log(norms):     [3074.03, 3074.07, 3074.23, 3074.09, 3074.24, 3074.15, 3074.35, 3074.24, 3074.39, 3074.31]
exp041-n3072-k20-d150-bs50-f1.000-r00:007900.661: (262 sec)
exp041-n3072-k20-d150-bs50-f1.000-r00:007900.661: Loop 20/100
exp041-n3072-k20-d150-bs50-f1.000-r00:008178.261: log(exp-norms): [3072.0, 3073.83, 3073.09]
exp041-n3072-k20-d150-bs50-f1.000-r00:008178.262: log(norms):     [3074.03, 3074.02, 3074.07, 3074.23, 3074.09, 3074.24, 3074.15, 3074.24, 3074.28, 3074.47]
exp041-n3072-k20-d150-bs50-f1.000-r00:008178.278: (278 sec)
exp041-n3072-k20-d150-bs50-f1.000-r00:008178.278: Loop 21/100
exp041-n3072-k20-d150-bs50-f1.000-r00:008438.017: log(exp-norms): [3072.0, 3073.83, 3073.09]
exp041-n3072-k20-d150-bs50-f1.000-r00:008438.018: log(norms):     [3074.03, 3074.02, 3074.07, 3074.23, 3074.09, 3074.2, 3074.24, 3074.15, 3074.24, 3074.3]
exp041-n3072-k20-d150-bs50-f1.000-r00:008438.046: (260 sec)
exp041-n3072-k20-d150-bs50-f1.000-r00:008438.046: Loop 22/100
exp041-n3072-k20-d150-bs50-f1.000-r00:008720.451: log(exp-norms): [3072.0, 3073.83, 3073.09]
exp041-n3072-k20-d150-bs50-f1.000-r00:008720.452: log(norms):     [3074.03, 3074.02, 3074.07, 3074.23, 3074.09, 3074.2, 3074.42, 3074.24, 3074.26, 3074.37]
exp041-n3072-k20-d150-bs50-f1.000-r00:008720.480: (283 sec)
exp041-n3072-k20-d150-bs50-f1.000-r00:008720.480: Loop 23/100
exp041-n3072-k20-d150-bs50-f1.000-r00:008969.826: log(exp-norms): [3072.0, 3073.83, 3073.09]
exp041-n3072-k20-d150-bs50-f1.000-r00:008969.827: log(norms):     [3074.03, 3074.02, 3074.07, 3074.23, 3074.09, 3074.2, 3074.37, 3074.42, 3074.24, 3074.43]
exp041-n3072-k20-d150-bs50-f1.000-r00:008969.857: (250 sec)
exp041-n3072-k20-d150-bs50-f1.000-r00:008969.858: Loop 24/100
exp041-n3072-k20-d150-bs50-f1.000-r00:009242.025: log(exp-norms): [3072.0, 3073.83, 3073.09]
exp041-n3072-k20-d150-bs50-f1.000-r00:009242.025: log(norms):     [3074.03, 3074.02, 3074.07, 3074.23, 3074.09, 3074.2, 3074.37, 3074.42, 3074.24, 3074.43]
exp041-n3072-k20-d150-bs50-f1.000-r00:009242.052: (273 sec)
exp041-n3072-k20-d150-bs50-f1.000-r00:009242.052: Loop 25/100
exp041-n3072-k20-d150-bs50-f1.000-r00:009480.859: log(exp-norms): [3072.0, 3073.83, 3073.09]
exp041-n3072-k20-d150-bs50-f1.000-r00:009480.860: log(norms):     [3074.03, 3074.02, 3074.07, 3074.23, 3074.09, 3074.2, 3074.37, 3074.42, 3074.24, 3074.43]
exp041-n3072-k20-d150-bs50-f1.000-r00:009480.887: (239 sec)
exp041-n3072-k20-d150-bs50-f1.000-r00:009480.887: Loop 26/100
exp041-n3072-k20-d150-bs50-f1.000-r00:009738.511: log(exp-norms): [3072.0, 3073.83, 3073.09]
exp041-n3072-k20-d150-bs50-f1.000-r00:009738.511: log(norms):     [3074.03, 3074.02, 3074.07, 3074.23, 3074.09, 3074.2, 3074.37, 3074.42, 3074.24, 3074.43]
exp041-n3072-k20-d150-bs50-f1.000-r00:009738.539: (258 sec)
exp041-n3072-k20-d150-bs50-f1.000-r00:009738.539: Loop 27/100
exp041-n3072-k20-d150-bs50-f1.000-r00:009997.922: log(exp-norms): [3072.0, 3073.83, 3073.09]
exp041-n3072-k20-d150-bs50-f1.000-r00:009997.923: log(norms):     [3074.03, 3074.02, 3074.07, 3074.23, 3074.09, 3074.2, 3074.37, 3074.42, 3074.24, 3074.43]
exp041-n3072-k20-d150-bs50-f1.000-r00:009997.950: (260 sec)
exp041-n3072-k20-d150-bs50-f1.000-r00:009997.950: Loop 28/100
exp041-n3072-k20-d150-bs50-f1.000-r00:010271.476: log(exp-norms): [3072.0, 3073.83, 3073.09]
exp041-n3072-k20-d150-bs50-f1.000-r00:010271.477: log(norms):     [3074.03, 3074.02, 3074.07, 3074.23, 3074.09, 3074.2, 3074.37, 3074.42, 3074.24, 3074.43]
exp041-n3072-k20-d150-bs50-f1.000-r00:010271.504: (274 sec)
exp041-n3072-k20-d150-bs50-f1.000-r00:010271.505: Loop 29/100
exp041-n3072-k20-d150-bs50-f1.000-r00:010521.352: log(exp-norms): [3072.0, 3073.83, 3073.09]
exp041-n3072-k20-d150-bs50-f1.000-r00:010521.353: log(norms):     [3074.03, 3074.02, 3074.09, 3074.07, 3074.23, 3074.09, 3074.2, 3074.38, 3074.42, 3074.24]
exp041-n3072-k20-d150-bs50-f1.000-r00:010521.383: (250 sec)
exp041-n3072-k20-d150-bs50-f1.000-r00:010521.384: Loop 30/100
exp041-n3072-k20-d150-bs50-f1.000-r00:010771.693: log(exp-norms): [3072.0, 3073.83, 3073.09]
exp041-n3072-k20-d150-bs50-f1.000-r00:010771.694: log(norms):     [3074.03, 3074.02, 3074.09, 3074.07, 3074.23, 3074.09, 3074.2, 3074.38, 3074.42, 3074.24]
exp041-n3072-k20-d150-bs50-f1.000-r00:010771.710: (251 sec)
exp041-n3072-k20-d150-bs50-f1.000-r00:010771.711: Loop 31/100
exp041-n3072-k20-d150-bs50-f1.000-r00:011023.640: log(exp-norms): [3072.0, 3073.83, 3073.09]
exp041-n3072-k20-d150-bs50-f1.000-r00:011023.640: log(norms):     [3074.03, 3074.02, 3074.09, 3074.07, 3074.23, 3074.09, 3074.21, 3074.2, 3074.29, 3074.38]
exp041-n3072-k20-d150-bs50-f1.000-r00:011023.668: (252 sec)
exp041-n3072-k20-d150-bs50-f1.000-r00:011023.668: Loop 32/100
exp041-n3072-k20-d150-bs50-f1.000-r00:011286.045: log(exp-norms): [3072.0, 3073.83, 3073.09]
exp041-n3072-k20-d150-bs50-f1.000-r00:011286.045: log(norms):     [3074.03, 3074.02, 3074.09, 3074.07, 3074.23, 3074.09, 3074.21, 3074.31, 3074.51, 3074.38]
exp041-n3072-k20-d150-bs50-f1.000-r00:011286.062: (263 sec)
exp041-n3072-k20-d150-bs50-f1.000-r00:011286.062: Loop 33/100
exp041-n3072-k20-d150-bs50-f1.000-r00:011529.040: log(exp-norms): [3072.0, 3073.83, 3073.09]
exp041-n3072-k20-d150-bs50-f1.000-r00:011529.040: log(norms):     [3074.03, 3074.02, 3074.09, 3074.07, 3074.23, 3074.09, 3074.21, 3074.31, 3074.51, 3074.38]
exp041-n3072-k20-d150-bs50-f1.000-r00:011529.067: (244 sec)
exp041-n3072-k20-d150-bs50-f1.000-r00:011529.067: Loop 34/100
exp041-n3072-k20-d150-bs50-f1.000-r00:011739.063: log(exp-norms): [3072.0, 3073.83, 3073.09]
exp041-n3072-k20-d150-bs50-f1.000-r00:011739.063: log(norms):     [3073.98, 3074.03, 3074.02, 3074.09, 3074.17, 3074.28, 3074.2, 3074.36, 3074.33, 3074.09]
exp041-n3072-k20-d150-bs50-f1.000-r00:011739.094: (211 sec)
exp041-n3072-k20-d150-bs50-f1.000-r00:011739.094: Loop 35/100
exp041-n3072-k20-d150-bs50-f1.000-r00:011973.380: log(exp-norms): [3072.0, 3073.83, 3073.09]
exp041-n3072-k20-d150-bs50-f1.000-r00:011973.380: log(norms):     [3073.98, 3074.03, 3074.02, 3074.09, 3074.17, 3074.28, 3074.2, 3074.36, 3074.33, 3074.09]
exp041-n3072-k20-d150-bs50-f1.000-r00:011973.406: (235 sec)
exp041-n3072-k20-d150-bs50-f1.000-r00:011973.407: Loop 36/100
exp041-n3072-k20-d150-bs50-f1.000-r00:012242.827: log(exp-norms): [3072.0, 3073.83, 3073.09]
exp041-n3072-k20-d150-bs50-f1.000-r00:012242.828: log(norms):     [3073.98, 3074.03, 3074.02, 3074.09, 3074.17, 3074.19, 3074.28, 3074.21, 3074.23, 3074.07]
exp041-n3072-k20-d150-bs50-f1.000-r00:012242.854: (270 sec)
exp041-n3072-k20-d150-bs50-f1.000-r00:012242.855: Loop 37/100
exp041-n3072-k20-d150-bs50-f1.000-r00:012469.847: log(exp-norms): [3072.0, 3073.83, 3073.09]
exp041-n3072-k20-d150-bs50-f1.000-r00:012469.847: log(norms):     [3073.98, 3074.03, 3074.02, 3074.19, 3074.09, 3074.17, 3074.27, 3074.28, 3074.2, 3074.36]
exp041-n3072-k20-d150-bs50-f1.000-r00:012469.864: (228 sec)
exp041-n3072-k20-d150-bs50-f1.000-r00:012469.864: Loop 38/100
exp041-n3072-k20-d150-bs50-f1.000-r00:012639.854: log(exp-norms): [3072.0, 3073.83, 3073.09]
exp041-n3072-k20-d150-bs50-f1.000-r00:012639.854: log(norms):     [3073.98, 3074.03, 3074.02, 3074.19, 3074.09, 3074.17, 3074.27, 3074.28, 3074.2, 3074.27]
exp041-n3072-k20-d150-bs50-f1.000-r00:012639.870: (171 sec)
exp041-n3072-k20-d150-bs50-f1.000-r00:012639.870: Loop 39/100
exp041-n3072-k20-d150-bs50-f1.000-r00:012824.403: log(exp-norms): [3072.0, 3073.83, 3073.09]
exp041-n3072-k20-d150-bs50-f1.000-r00:012824.403: log(norms):     [3073.98, 3074.03, 3074.02, 3074.19, 3074.09, 3074.17, 3074.27, 3074.28, 3074.2, 3074.28]
exp041-n3072-k20-d150-bs50-f1.000-r00:012824.419: (185 sec)
exp041-n3072-k20-d150-bs50-f1.000-r00:012824.420: Loop 40/100
exp041-n3072-k20-d150-bs50-f1.000-r00:012990.613: log(exp-norms): [3072.0, 3073.83, 3073.09]
exp041-n3072-k20-d150-bs50-f1.000-r00:012990.613: log(norms):     [3073.98, 3074.03, 3074.02, 3074.19, 3074.09, 3074.17, 3074.27, 3074.38, 3074.28, 3074.4]
exp041-n3072-k20-d150-bs50-f1.000-r00:012990.629: (167 sec)
exp041-n3072-k20-d150-bs50-f1.000-r00:012990.629: Loop 41/100
exp041-n3072-k20-d150-bs50-f1.000-r00:013152.375: log(exp-norms): [3072.0, 3073.83, 3073.09]
exp041-n3072-k20-d150-bs50-f1.000-r00:013152.375: log(norms):     [3073.98, 3074.03, 3074.02, 3074.19, 3074.09, 3074.17, 3074.27, 3074.38, 3074.28, 3074.4]
exp041-n3072-k20-d150-bs50-f1.000-r00:013152.391: (162 sec)
exp041-n3072-k20-d150-bs50-f1.000-r00:013152.391: Loop 42/100
exp041-n3072-k20-d150-bs50-f1.000-r00:013366.349: log(exp-norms): [3072.0, 3073.83, 3073.09]
exp041-n3072-k20-d150-bs50-f1.000-r00:013366.350: log(norms):     [3073.98, 3074.03, 3074.02, 3074.19, 3074.09, 3074.17, 3074.27, 3074.38, 3074.28, 3074.4]
exp041-n3072-k20-d150-bs50-f1.000-r00:013366.375: (214 sec)
exp041-n3072-k20-d150-bs50-f1.000-r00:013366.376: Loop 43/100
exp041-n3072-k20-d150-bs50-f1.000-r00:013561.602: log(exp-norms): [3072.0, 3073.83, 3073.09]
exp041-n3072-k20-d150-bs50-f1.000-r00:013561.602: log(norms):     [3073.98, 3074.03, 3074.02, 3074.19, 3074.09, 3074.17, 3074.27, 3074.38, 3074.28, 3074.4]
exp041-n3072-k20-d150-bs50-f1.000-r00:013561.618: (196 sec)
exp041-n3072-k20-d150-bs50-f1.000-r00:013561.619: Loop 44/100
exp041-n3072-k20-d150-bs50-f1.000-r00:013764.602: log(exp-norms): [3072.0, 3073.83, 3073.09]
exp041-n3072-k20-d150-bs50-f1.000-r00:013764.602: log(norms):     [3073.98, 3074.03, 3074.02, 3074.19, 3074.09, 3074.17, 3074.27, 3074.38, 3074.28, 3074.11]
exp041-n3072-k20-d150-bs50-f1.000-r00:013764.618: (203 sec)
exp041-n3072-k20-d150-bs50-f1.000-r00:013764.618: Loop 45/100
exp041-n3072-k20-d150-bs50-f1.000-r00:013961.447: log(exp-norms): [3072.0, 3073.83, 3073.09]
exp041-n3072-k20-d150-bs50-f1.000-r00:013961.447: log(norms):     [3073.98, 3074.03, 3074.02, 3074.11, 3074.31, 3074.09, 3074.17, 3074.26, 3074.19, 3074.38]
exp041-n3072-k20-d150-bs50-f1.000-r00:013961.463: (197 sec)
exp041-n3072-k20-d150-bs50-f1.000-r00:013961.463: Loop 46/100
exp041-n3072-k20-d150-bs50-f1.000-r00:014120.283: log(exp-norms): [3072.0, 3073.83, 3073.09]
exp041-n3072-k20-d150-bs50-f1.000-r00:014120.283: log(norms):     [3073.98, 3074.03, 3074.02, 3074.11, 3074.31, 3074.09, 3074.17, 3074.26, 3074.47, 3074.49]
exp041-n3072-k20-d150-bs50-f1.000-r00:014120.299: (159 sec)
exp041-n3072-k20-d150-bs50-f1.000-r00:014120.299: Loop 47/100
exp041-n3072-k20-d150-bs50-f1.000-r00:014277.374: log(exp-norms): [3072.0, 3073.83, 3073.09]
exp041-n3072-k20-d150-bs50-f1.000-r00:014277.375: log(norms):     [3073.98, 3074.03, 3074.02, 3074.11, 3074.31, 3074.09, 3074.17, 3074.26, 3074.47, 3074.49]
exp041-n3072-k20-d150-bs50-f1.000-r00:014277.390: (158 sec)
exp041-n3072-k20-d150-bs50-f1.000-r00:014277.391: Loop 48/100
exp041-n3072-k20-d150-bs50-f1.000-r00:014457.895: log(exp-norms): [3072.0, 3073.83, 3073.09]
exp041-n3072-k20-d150-bs50-f1.000-r00:014457.896: log(norms):     [3073.98, 3074.03, 3074.02, 3074.11, 3074.31, 3074.09, 3074.17, 3074.26, 3074.47, 3074.49]
exp041-n3072-k20-d150-bs50-f1.000-r00:014457.922: (181 sec)
exp041-n3072-k20-d150-bs50-f1.000-r00:014457.922: Loop 49/100
exp041-n3072-k20-d150-bs50-f1.000-r00:014624.376: log(exp-norms): [3072.0, 3073.83, 3073.09]
exp041-n3072-k20-d150-bs50-f1.000-r00:014624.376: log(norms):     [3073.98, 3074.03, 3074.02, 3074.11, 3074.31, 3074.09, 3074.17, 3074.26, 3074.47, 3074.49]
exp041-n3072-k20-d150-bs50-f1.000-r00:014624.392: (167 sec)
exp041-n3072-k20-d150-bs50-f1.000-r00:014624.392: Loop 50/100
exp041-n3072-k20-d150-bs50-f1.000-r00:014841.003: log(exp-norms): [3072.0, 3073.83, 3073.09]
exp041-n3072-k20-d150-bs50-f1.000-r00:014841.003: log(norms):     [3073.98, 3074.03, 3074.02, 3074.11, 3074.31, 3074.09, 3074.17, 3074.26, 3074.47, 3074.49]
exp041-n3072-k20-d150-bs50-f1.000-r00:014841.019: (217 sec)
exp041-n3072-k20-d150-bs50-f1.000-r00:014841.019: Loop 51/100
exp041-n3072-k20-d150-bs50-f1.000-r00:015013.467: log(exp-norms): [3072.0, 3073.83, 3073.09]
exp041-n3072-k20-d150-bs50-f1.000-r00:015013.467: log(norms):     [3073.98, 3074.03, 3074.02, 3074.11, 3074.31, 3074.21, 3074.17, 3074.09, 3074.39, 3074.22]
exp041-n3072-k20-d150-bs50-f1.000-r00:015013.482: (173 sec)
exp041-n3072-k20-d150-bs50-f1.000-r00:015013.483: Loop 52/100
exp041-n3072-k20-d150-bs50-f1.000-r00:015169.633: log(exp-norms): [3072.0, 3073.83, 3073.09]
exp041-n3072-k20-d150-bs50-f1.000-r00:015169.633: log(norms):     [3073.98, 3074.03, 3074.02, 3074.11, 3074.31, 3074.21, 3074.17, 3074.09, 3074.39, 3074.22]
exp041-n3072-k20-d150-bs50-f1.000-r00:015169.649: (157 sec)
exp041-n3072-k20-d150-bs50-f1.000-r00:015169.649: Loop 53/100
exp041-n3072-k20-d150-bs50-f1.000-r00:015330.203: log(exp-norms): [3072.0, 3073.83, 3073.09]
exp041-n3072-k20-d150-bs50-f1.000-r00:015330.204: log(norms):     [3073.98, 3074.03, 3074.02, 3074.11, 3074.31, 3074.21, 3074.17, 3074.09, 3074.39, 3074.22]
exp041-n3072-k20-d150-bs50-f1.000-r00:015330.229: (161 sec)
exp041-n3072-k20-d150-bs50-f1.000-r00:015330.229: Loop 54/100
exp041-n3072-k20-d150-bs50-f1.000-r00:015507.317: log(exp-norms): [3072.0, 3073.83, 3073.09]
exp041-n3072-k20-d150-bs50-f1.000-r00:015507.317: log(norms):     [3073.98, 3074.03, 3074.02, 3074.11, 3074.31, 3074.21, 3074.17, 3074.09, 3074.39, 3074.22]
exp041-n3072-k20-d150-bs50-f1.000-r00:015507.333: (178 sec)
exp041-n3072-k20-d150-bs50-f1.000-r00:015507.333: Loop 55/100
exp041-n3072-k20-d150-bs50-f1.000-r00:015659.147: log(exp-norms): [3072.0, 3073.83, 3073.09]
exp041-n3072-k20-d150-bs50-f1.000-r00:015659.148: log(norms):     [3073.98, 3074.03, 3074.02, 3074.11, 3074.31, 3074.21, 3074.11, 3074.22, 3074.09, 3074.17]
exp041-n3072-k20-d150-bs50-f1.000-r00:015659.163: (152 sec)
exp041-n3072-k20-d150-bs50-f1.000-r00:015659.163: Loop 56/100
exp041-n3072-k20-d150-bs50-f1.000-r00:015811.859: log(exp-norms): [3072.0, 3073.83, 3073.09]
exp041-n3072-k20-d150-bs50-f1.000-r00:015811.859: log(norms):     [3073.98, 3074.03, 3074.02, 3074.11, 3074.31, 3074.21, 3074.11, 3074.22, 3074.28, 3074.09]
exp041-n3072-k20-d150-bs50-f1.000-r00:015811.875: (153 sec)
exp041-n3072-k20-d150-bs50-f1.000-r00:015811.875: Loop 57/100
exp041-n3072-k20-d150-bs50-f1.000-r00:015961.975: log(exp-norms): [3072.0, 3073.83, 3073.09]
exp041-n3072-k20-d150-bs50-f1.000-r00:015961.975: log(norms):     [3073.98, 3074.03, 3074.02, 3074.11, 3074.31, 3074.21, 3074.11, 3074.22, 3074.28, 3074.3]
exp041-n3072-k20-d150-bs50-f1.000-r00:015961.990: (151 sec)
exp041-n3072-k20-d150-bs50-f1.000-r00:015961.991: Loop 58/100
exp041-n3072-k20-d150-bs50-f1.000-r00:016120.518: log(exp-norms): [3072.0, 3073.83, 3073.09]
exp041-n3072-k20-d150-bs50-f1.000-r00:016120.518: log(norms):     [3073.98, 3074.03, 3074.02, 3074.11, 3074.31, 3074.21, 3074.11, 3074.22, 3074.28, 3074.3]
exp041-n3072-k20-d150-bs50-f1.000-r00:016120.535: (159 sec)
exp041-n3072-k20-d150-bs50-f1.000-r00:016120.535: Loop 59/100
exp041-n3072-k20-d150-bs50-f1.000-r00:016277.574: log(exp-norms): [3072.0, 3073.83, 3073.09]
exp041-n3072-k20-d150-bs50-f1.000-r00:016277.575: log(norms):     [3073.98, 3074.03, 3074.02, 3074.11, 3074.31, 3074.21, 3074.11, 3074.22, 3074.28, 3074.3]
exp041-n3072-k20-d150-bs50-f1.000-r00:016277.591: (158 sec)
exp041-n3072-k20-d150-bs50-f1.000-r00:016277.591: Loop 60/100
exp041-n3072-k20-d150-bs50-f1.000-r00:016436.238: log(exp-norms): [3072.0, 3073.83, 3073.09]
exp041-n3072-k20-d150-bs50-f1.000-r00:016436.238: log(norms):     [3073.98, 3074.03, 3074.02, 3074.11, 3074.31, 3074.21, 3074.11, 3074.22, 3074.28, 3074.3]
exp041-n3072-k20-d150-bs50-f1.000-r00:016436.253: (159 sec)
exp041-n3072-k20-d150-bs50-f1.000-r00:016436.254: Loop 61/100
exp041-n3072-k20-d150-bs50-f1.000-r00:016592.346: log(exp-norms): [3072.0, 3073.83, 3073.09]
exp041-n3072-k20-d150-bs50-f1.000-r00:016592.346: log(norms):     [3073.98, 3074.03, 3074.02, 3074.11, 3074.31, 3074.21, 3074.11, 3074.22, 3074.22, 3074.28]
exp041-n3072-k20-d150-bs50-f1.000-r00:016592.362: (157 sec)
exp041-n3072-k20-d150-bs50-f1.000-r00:016592.362: Loop 62/100
exp041-n3072-k20-d150-bs50-f1.000-r00:016744.993: log(exp-norms): [3072.0, 3073.83, 3073.09]
exp041-n3072-k20-d150-bs50-f1.000-r00:016744.993: log(norms):     [3073.98, 3074.03, 3074.02, 3074.11, 3074.31, 3074.21, 3074.11, 3074.22, 3074.22, 3074.28]
exp041-n3072-k20-d150-bs50-f1.000-r00:016745.009: (153 sec)
exp041-n3072-k20-d150-bs50-f1.000-r00:016745.010: Loop 63/100
exp041-n3072-k20-d150-bs50-f1.000-r00:016888.961: log(exp-norms): [3072.0, 3073.83, 3073.09]
exp041-n3072-k20-d150-bs50-f1.000-r00:016888.962: log(norms):     [3073.98, 3074.03, 3074.02, 3074.11, 3074.31, 3074.21, 3074.11, 3074.22, 3074.22, 3074.28]
exp041-n3072-k20-d150-bs50-f1.000-r00:016888.977: (144 sec)
exp041-n3072-k20-d150-bs50-f1.000-r00:016888.977: Loop 64/100
exp041-n3072-k20-d150-bs50-f1.000-r00:017034.216: log(exp-norms): [3072.0, 3073.83, 3073.09]
exp041-n3072-k20-d150-bs50-f1.000-r00:017034.216: log(norms):     [3073.98, 3074.03, 3074.02, 3074.11, 3074.31, 3074.21, 3074.11, 3074.22, 3074.22, 3074.28]
exp041-n3072-k20-d150-bs50-f1.000-r00:017034.231: (146 sec)
exp041-n3072-k20-d150-bs50-f1.000-r00:017034.231: Loop 65/100
exp041-n3072-k20-d150-bs50-f1.000-r00:017192.943: log(exp-norms): [3072.0, 3073.83, 3073.09]
exp041-n3072-k20-d150-bs50-f1.000-r00:017192.943: log(norms):     [3073.98, 3074.03, 3074.02, 3074.16, 3074.11, 3074.31, 3074.21, 3074.11, 3074.09, 3074.28]
exp041-n3072-k20-d150-bs50-f1.000-r00:017192.959: (159 sec)
exp041-n3072-k20-d150-bs50-f1.000-r00:017192.959: Loop 66/100
exp041-n3072-k20-d150-bs50-f1.000-r00:017346.725: log(exp-norms): [3072.0, 3073.83, 3073.09]
exp041-n3072-k20-d150-bs50-f1.000-r00:017346.725: log(norms):     [3073.98, 3074.03, 3074.02, 3074.16, 3074.11, 3074.31, 3074.21, 3074.11, 3074.35, 3074.09]
exp041-n3072-k20-d150-bs50-f1.000-r00:017346.740: (154 sec)
exp041-n3072-k20-d150-bs50-f1.000-r00:017346.741: Loop 67/100
exp041-n3072-k20-d150-bs50-f1.000-r00:017501.506: log(exp-norms): [3072.0, 3073.83, 3073.09]
exp041-n3072-k20-d150-bs50-f1.000-r00:017501.506: log(norms):     [3073.98, 3074.03, 3074.02, 3074.16, 3074.11, 3074.31, 3074.21, 3074.11, 3074.35, 3074.09]
exp041-n3072-k20-d150-bs50-f1.000-r00:017501.522: (155 sec)
exp041-n3072-k20-d150-bs50-f1.000-r00:017501.522: Loop 68/100
exp041-n3072-k20-d150-bs50-f1.000-r00:017643.981: log(exp-norms): [3072.0, 3073.83, 3073.09]
exp041-n3072-k20-d150-bs50-f1.000-r00:017643.982: log(norms):     [3073.98, 3074.03, 3074.02, 3074.16, 3074.11, 3074.31, 3074.21, 3074.11, 3074.35, 3074.09]
exp041-n3072-k20-d150-bs50-f1.000-r00:017643.997: (143 sec)
exp041-n3072-k20-d150-bs50-f1.000-r00:017643.997: Loop 69/100
exp041-n3072-k20-d150-bs50-f1.000-r00:017796.702: log(exp-norms): [3072.0, 3073.83, 3073.09]
exp041-n3072-k20-d150-bs50-f1.000-r00:017796.703: log(norms):     [3073.98, 3074.03, 3074.02, 3074.16, 3074.11, 3074.31, 3074.21, 3074.11, 3074.35, 3074.09]
exp041-n3072-k20-d150-bs50-f1.000-r00:017796.718: (153 sec)
exp041-n3072-k20-d150-bs50-f1.000-r00:017796.718: Loop 70/100
exp041-n3072-k20-d150-bs50-f1.000-r00:017944.648: log(exp-norms): [3072.0, 3073.83, 3073.09]
exp041-n3072-k20-d150-bs50-f1.000-r00:017944.648: log(norms):     [3073.98, 3074.03, 3074.02, 3074.16, 3074.11, 3074.31, 3074.21, 3074.11, 3074.35, 3074.09]
exp041-n3072-k20-d150-bs50-f1.000-r00:017944.664: (148 sec)
exp041-n3072-k20-d150-bs50-f1.000-r00:017944.664: Loop 71/100
exp041-n3072-k20-d150-bs50-f1.000-r00:018096.548: log(exp-norms): [3072.0, 3073.83, 3073.09]
exp041-n3072-k20-d150-bs50-f1.000-r00:018096.549: log(norms):     [3073.98, 3074.03, 3074.02, 3074.16, 3074.11, 3074.31, 3074.21, 3074.11, 3074.35, 3074.09]
exp041-n3072-k20-d150-bs50-f1.000-r00:018096.564: (152 sec)
exp041-n3072-k20-d150-bs50-f1.000-r00:018096.564: Loop 72/100
exp041-n3072-k20-d150-bs50-f1.000-r00:018250.559: log(exp-norms): [3072.0, 3073.83, 3073.09]
exp041-n3072-k20-d150-bs50-f1.000-r00:018250.559: log(norms):     [3073.98, 3074.03, 3074.02, 3074.16, 3074.11, 3074.31, 3074.21, 3074.11, 3074.35, 3074.09]
exp041-n3072-k20-d150-bs50-f1.000-r00:018250.574: (155 sec)
exp041-n3072-k20-d150-bs50-f1.000-r00:018250.575: Loop 73/100
exp041-n3072-k20-d150-bs50-f1.000-r00:018398.840: log(exp-norms): [3072.0, 3073.83, 3073.09]
exp041-n3072-k20-d150-bs50-f1.000-r00:018398.840: log(norms):     [3073.98, 3074.03, 3074.02, 3074.16, 3074.11, 3074.31, 3074.21, 3074.11, 3074.35, 3074.09]
exp041-n3072-k20-d150-bs50-f1.000-r00:018398.855: (149 sec)
exp041-n3072-k20-d150-bs50-f1.000-r00:018398.855: Loop 74/100
exp041-n3072-k20-d150-bs50-f1.000-r00:018550.623: log(exp-norms): [3072.0, 3073.83, 3073.09]
exp041-n3072-k20-d150-bs50-f1.000-r00:018550.623: log(norms):     [3073.98, 3074.03, 3074.02, 3074.16, 3074.11, 3074.31, 3074.21, 3074.11, 3074.35, 3074.09]
exp041-n3072-k20-d150-bs50-f1.000-r00:018550.639: (152 sec)
exp041-n3072-k20-d150-bs50-f1.000-r00:018550.639: Loop 75/100
exp041-n3072-k20-d150-bs50-f1.000-r00:018690.378: log(exp-norms): [3072.0, 3073.83, 3073.09]
exp041-n3072-k20-d150-bs50-f1.000-r00:018690.379: log(norms):     [3073.98, 3074.03, 3074.02, 3074.16, 3074.24, 3074.11, 3074.39, 3074.18, 3074.11, 3074.36]
exp041-n3072-k20-d150-bs50-f1.000-r00:018690.394: (140 sec)
exp041-n3072-k20-d150-bs50-f1.000-r00:018690.394: Loop 76/100
exp041-n3072-k20-d150-bs50-f1.000-r00:018842.403: log(exp-norms): [3072.0, 3073.83, 3073.09]
exp041-n3072-k20-d150-bs50-f1.000-r00:018842.404: log(norms):     [3073.98, 3074.03, 3074.02, 3074.16, 3074.24, 3074.11, 3074.39, 3074.18, 3074.11, 3074.36]
exp041-n3072-k20-d150-bs50-f1.000-r00:018842.419: (153 sec)
exp041-n3072-k20-d150-bs50-f1.000-r00:018842.419: Loop 77/100
exp041-n3072-k20-d150-bs50-f1.000-r00:018998.933: log(exp-norms): [3072.0, 3073.83, 3073.09]
exp041-n3072-k20-d150-bs50-f1.000-r00:018998.933: log(norms):     [3073.98, 3074.03, 3074.02, 3074.16, 3074.24, 3074.11, 3074.39, 3074.18, 3074.11, 3074.36]
exp041-n3072-k20-d150-bs50-f1.000-r00:018998.950: (157 sec)
exp041-n3072-k20-d150-bs50-f1.000-r00:018998.950: Loop 78/100
exp041-n3072-k20-d150-bs50-f1.000-r00:019153.732: log(exp-norms): [3072.0, 3073.83, 3073.09]
exp041-n3072-k20-d150-bs50-f1.000-r00:019153.732: log(norms):     [3073.98, 3074.03, 3074.02, 3074.16, 3074.24, 3074.11, 3074.39, 3074.18, 3074.11, 3074.36]
exp041-n3072-k20-d150-bs50-f1.000-r00:019153.747: (155 sec)
exp041-n3072-k20-d150-bs50-f1.000-r00:019153.748: Loop 79/100
exp041-n3072-k20-d150-bs50-f1.000-r00:019302.911: log(exp-norms): [3072.0, 3073.83, 3073.09]
exp041-n3072-k20-d150-bs50-f1.000-r00:019302.911: log(norms):     [3073.98, 3074.03, 3074.02, 3074.16, 3074.24, 3074.11, 3074.39, 3074.18, 3074.11, 3074.36]
exp041-n3072-k20-d150-bs50-f1.000-r00:019302.927: (150 sec)
exp041-n3072-k20-d150-bs50-f1.000-r00:019302.927: Loop 80/100
exp041-n3072-k20-d150-bs50-f1.000-r00:019454.137: log(exp-norms): [3072.0, 3073.83, 3073.09]
exp041-n3072-k20-d150-bs50-f1.000-r00:019454.137: log(norms):     [3073.98, 3074.03, 3074.02, 3074.16, 3074.24, 3074.11, 3074.39, 3074.18, 3074.11, 3074.36]
exp041-n3072-k20-d150-bs50-f1.000-r00:019454.153: (152 sec)
exp041-n3072-k20-d150-bs50-f1.000-r00:019454.153: Loop 81/100
exp041-n3072-k20-d150-bs50-f1.000-r00:019602.961: log(exp-norms): [3072.0, 3073.83, 3073.09]
exp041-n3072-k20-d150-bs50-f1.000-r00:019602.961: log(norms):     [3073.98, 3074.03, 3074.02, 3074.16, 3074.24, 3074.16, 3074.11, 3074.32, 3074.25, 3074.39]
exp041-n3072-k20-d150-bs50-f1.000-r00:019602.977: (149 sec)
exp041-n3072-k20-d150-bs50-f1.000-r00:019602.977: Loop 82/100
exp041-n3072-k20-d150-bs50-f1.000-r00:019737.230: log(exp-norms): [3072.0, 3073.83, 3073.09]
exp041-n3072-k20-d150-bs50-f1.000-r00:019737.230: log(norms):     [3073.98, 3074.03, 3074.02, 3074.16, 3074.24, 3074.16, 3074.11, 3074.26, 3074.32, 3074.14]
exp041-n3072-k20-d150-bs50-f1.000-r00:019737.246: (135 sec)
exp041-n3072-k20-d150-bs50-f1.000-r00:019737.246: Loop 83/100
exp041-n3072-k20-d150-bs50-f1.000-r00:019891.275: log(exp-norms): [3072.0, 3073.83, 3073.09]
exp041-n3072-k20-d150-bs50-f1.000-r00:019891.275: log(norms):     [3073.98, 3074.03, 3074.02, 3074.16, 3074.24, 3074.16, 3074.11, 3074.26, 3074.4, 3074.32]
exp041-n3072-k20-d150-bs50-f1.000-r00:019891.290: (155 sec)
exp041-n3072-k20-d150-bs50-f1.000-r00:019891.290: Loop 84/100
exp041-n3072-k20-d150-bs50-f1.000-r00:020042.048: log(exp-norms): [3072.0, 3073.83, 3073.09]
exp041-n3072-k20-d150-bs50-f1.000-r00:020042.048: log(norms):     [3073.98, 3074.03, 3074.02, 3074.16, 3074.24, 3074.16, 3074.4, 3074.26, 3074.18, 3074.11]
exp041-n3072-k20-d150-bs50-f1.000-r00:020042.063: (151 sec)
exp041-n3072-k20-d150-bs50-f1.000-r00:020042.064: Loop 85/100
exp041-n3072-k20-d150-bs50-f1.000-r00:020185.934: log(exp-norms): [3072.0, 3073.83, 3073.09]
exp041-n3072-k20-d150-bs50-f1.000-r00:020185.934: log(norms):     [3073.98, 3074.03, 3074.02, 3074.16, 3074.24, 3074.16, 3074.4, 3074.26, 3074.18, 3074.11]
exp041-n3072-k20-d150-bs50-f1.000-r00:020185.950: (144 sec)
exp041-n3072-k20-d150-bs50-f1.000-r00:020185.950: Loop 86/100
exp041-n3072-k20-d150-bs50-f1.000-r00:020327.209: log(exp-norms): [3072.0, 3073.83, 3073.09]
exp041-n3072-k20-d150-bs50-f1.000-r00:020327.210: log(norms):     [3073.98, 3074.03, 3074.02, 3074.16, 3074.24, 3074.16, 3074.4, 3074.26, 3074.18, 3074.11]
exp041-n3072-k20-d150-bs50-f1.000-r00:020327.225: (142 sec)
exp041-n3072-k20-d150-bs50-f1.000-r00:020327.225: Loop 87/100
exp041-n3072-k20-d150-bs50-f1.000-r00:020461.308: log(exp-norms): [3072.0, 3073.83, 3073.09]
exp041-n3072-k20-d150-bs50-f1.000-r00:020461.309: log(norms):     [3073.98, 3074.03, 3074.02, 3074.16, 3074.24, 3074.16, 3074.4, 3074.26, 3074.18, 3074.11]
exp041-n3072-k20-d150-bs50-f1.000-r00:020461.324: (135 sec)
exp041-n3072-k20-d150-bs50-f1.000-r00:020461.324: Loop 88/100
exp041-n3072-k20-d150-bs50-f1.000-r00:020620.579: log(exp-norms): [3072.0, 3073.83, 3073.09]
exp041-n3072-k20-d150-bs50-f1.000-r00:020620.580: log(norms):     [3073.98, 3074.03, 3074.02, 3074.09, 3074.16, 3074.24, 3074.16, 3074.39, 3074.26, 3074.18]
exp041-n3072-k20-d150-bs50-f1.000-r00:020620.595: (160 sec)
exp041-n3072-k20-d150-bs50-f1.000-r00:020620.595: Loop 89/100
exp041-n3072-k20-d150-bs50-f1.000-r00:020773.332: log(exp-norms): [3072.0, 3073.83, 3073.09]
exp041-n3072-k20-d150-bs50-f1.000-r00:020773.332: log(norms):     [3073.98, 3074.03, 3074.02, 3074.09, 3074.16, 3074.24, 3074.16, 3074.21, 3074.39, 3074.26]
exp041-n3072-k20-d150-bs50-f1.000-r00:020773.348: (153 sec)
exp041-n3072-k20-d150-bs50-f1.000-r00:020773.348: Loop 90/100
exp041-n3072-k20-d150-bs50-f1.000-r00:020920.867: log(exp-norms): [3072.0, 3073.83, 3073.09]
exp041-n3072-k20-d150-bs50-f1.000-r00:020920.867: log(norms):     [3073.98, 3074.03, 3074.02, 3074.09, 3074.16, 3074.24, 3074.16, 3074.21, 3074.39, 3074.26]
exp041-n3072-k20-d150-bs50-f1.000-r00:020920.883: (148 sec)
exp041-n3072-k20-d150-bs50-f1.000-r00:020920.883: Loop 91/100
exp041-n3072-k20-d150-bs50-f1.000-r00:021071.600: log(exp-norms): [3072.0, 3073.83, 3073.09]
exp041-n3072-k20-d150-bs50-f1.000-r00:021071.600: log(norms):     [3073.98, 3074.03, 3074.02, 3074.09, 3074.16, 3074.24, 3074.16, 3074.21, 3074.39, 3074.26]
exp041-n3072-k20-d150-bs50-f1.000-r00:021071.615: (151 sec)
exp041-n3072-k20-d150-bs50-f1.000-r00:021071.616: Loop 92/100
exp041-n3072-k20-d150-bs50-f1.000-r00:021211.546: log(exp-norms): [3072.0, 3073.83, 3073.09]
exp041-n3072-k20-d150-bs50-f1.000-r00:021211.546: log(norms):     [3073.98, 3074.03, 3074.02, 3074.09, 3074.16, 3074.24, 3074.16, 3074.21, 3074.39, 3074.26]
exp041-n3072-k20-d150-bs50-f1.000-r00:021211.561: (140 sec)
exp041-n3072-k20-d150-bs50-f1.000-r00:021211.561: Loop 93/100
exp041-n3072-k20-d150-bs50-f1.000-r00:021362.286: log(exp-norms): [3072.0, 3073.83, 3073.09]
exp041-n3072-k20-d150-bs50-f1.000-r00:021362.286: log(norms):     [3073.98, 3074.03, 3074.02, 3074.13, 3074.09, 3074.16, 3074.24, 3074.34, 3074.16, 3074.35]
exp041-n3072-k20-d150-bs50-f1.000-r00:021362.301: (151 sec)
exp041-n3072-k20-d150-bs50-f1.000-r00:021362.301: Loop 94/100
exp041-n3072-k20-d150-bs50-f1.000-r00:021515.843: log(exp-norms): [3072.0, 3073.83, 3073.09]
exp041-n3072-k20-d150-bs50-f1.000-r00:021515.843: log(norms):     [3073.98, 3074.03, 3074.02, 3074.13, 3074.09, 3074.16, 3074.24, 3074.34, 3074.16, 3074.35]
exp041-n3072-k20-d150-bs50-f1.000-r00:021515.859: (154 sec)
exp041-n3072-k20-d150-bs50-f1.000-r00:021515.859: Loop 95/100
exp041-n3072-k20-d150-bs50-f1.000-r00:021665.056: log(exp-norms): [3072.0, 3073.83, 3073.09]
exp041-n3072-k20-d150-bs50-f1.000-r00:021665.056: log(norms):     [3073.98, 3074.03, 3074.02, 3074.13, 3074.09, 3074.16, 3074.24, 3074.34, 3074.16, 3074.35]
exp041-n3072-k20-d150-bs50-f1.000-r00:021665.072: (150 sec)
exp041-n3072-k20-d150-bs50-f1.000-r00:021665.072: Loop 96/100
exp041-n3072-k20-d150-bs50-f1.000-r00:021821.083: log(exp-norms): [3072.0, 3073.83, 3073.09]
exp041-n3072-k20-d150-bs50-f1.000-r00:021821.083: log(norms):     [3073.98, 3074.03, 3074.02, 3074.13, 3074.09, 3074.16, 3074.24, 3074.34, 3074.16, 3074.35]
exp041-n3072-k20-d150-bs50-f1.000-r00:021821.098: (157 sec)
exp041-n3072-k20-d150-bs50-f1.000-r00:021821.099: Loop 97/100
exp041-n3072-k20-d150-bs50-f1.000-r00:021978.985: log(exp-norms): [3072.0, 3073.83, 3073.09]
exp041-n3072-k20-d150-bs50-f1.000-r00:021978.985: log(norms):     [3073.98, 3074.03, 3074.02, 3074.13, 3074.09, 3074.16, 3074.24, 3074.34, 3074.34, 3074.16]
exp041-n3072-k20-d150-bs50-f1.000-r00:021979.000: (158 sec)
exp041-n3072-k20-d150-bs50-f1.000-r00:021979.000: Loop 98/100
exp041-n3072-k20-d150-bs50-f1.000-r00:022126.112: log(exp-norms): [3072.0, 3073.83, 3073.09]
exp041-n3072-k20-d150-bs50-f1.000-r00:022126.113: log(norms):     [3073.98, 3074.03, 3074.02, 3074.13, 3074.09, 3074.16, 3074.24, 3074.34, 3074.34, 3074.36]
exp041-n3072-k20-d150-bs50-f1.000-r00:022126.129: (148 sec)
exp041-n3072-k20-d150-bs50-f1.000-r00:022126.129: Loop 99/100
exp041-n3072-k20-d150-bs50-f1.000-r00:022272.387: log(exp-norms): [3072.0, 3073.83, 3073.09]
exp041-n3072-k20-d150-bs50-f1.000-r00:022272.387: log(norms):     [3073.98, 3074.03, 3074.02, 3074.13, 3074.09, 3074.16, 3074.24, 3074.34, 3074.19, 3074.34]
exp041-n3072-k20-d150-bs50-f1.000-r00:022272.402: (147 sec)
exp041-n3072-k20-d150-bs50-f1.000-r00:022272.402: Loop 100/100
exp041-n3072-k20-d150-bs50-f1.000-r00:022419.753: log(exp-norms): [3072.0, 3073.83, 3073.09]
exp041-n3072-k20-d150-bs50-f1.000-r00:022419.754: log(norms):     [3073.98, 3074.03, 3074.02, 3074.13, 3074.09, 3074.16, 3074.24, 3074.34, 3074.19, 3074.34]
exp041-n3072-k20-d150-bs50-f1.000-r00:022419.769: (148 sec)
exp041-n3072-k20-d150-bs50-f1.000-r00:022419.769: ==========================Summary===========================
exp041-n3072-k20-d150-bs50-f1.000-r00:022419.769: Total time: 22420sec
exp041-n3072-k20-d150-bs50-f1.000-r00:022419.769: FAIL
exp041-n3072-k20-d150-bs50-f1.000-r00:022419.769: SUMMARY:n:3072:k:20:d:150:bs:50:t:22420:r:False
