exp031-n3072-k20-d150-bs40-f1.000-r00:000000.468: ==========================Instance==========================
exp031-n3072-k20-d150-bs40-f1.000-r00:000000.468: # of equations: 150
exp031-n3072-k20-d150-bs40-f1.000-r00:000000.473: Gap: 0.60
exp031-n3072-k20-d150-bs40-f1.000-r00:000000.482: Tau: 0.12
exp031-n3072-k20-d150-bs40-f1.000-r00:000000.483: ======================BKZ-40 reduction======================
exp031-n3072-k20-d150-bs40-f1.000-r00:000003.623: Expectedly achievable log(norm): 3074.25
exp031-n3072-k20-d150-bs40-f1.000-r00:000006.804: log(exp-norms): [3072.0, 3073.83, 3073.09]
exp031-n3072-k20-d150-bs40-f1.000-r00:000006.804: log(norms):     [3094.8, 3074.62, 3092.0, 3092.0, 3092.0, 3092.0, 3092.0, 3092.0, 3092.0, 3092.0]
exp031-n3072-k20-d150-bs40-f1.000-r00:000006.902: Loop 1/100
exp031-n3072-k20-d150-bs40-f1.000-r00:002181.081: log(exp-norms): [3072.0, 3073.83, 3073.09]
exp031-n3072-k20-d150-bs40-f1.000-r00:002181.082: log(norms):     [3074.62, 3075.53, 3075.68, 3075.79, 3075.86, 3075.84, 3075.82, 3075.82, 3075.84, 3075.67]
exp031-n3072-k20-d150-bs40-f1.000-r00:002181.115: (2175 sec)
exp031-n3072-k20-d150-bs40-f1.000-r00:002181.116: Loop 2/100
exp031-n3072-k20-d150-bs40-f1.000-r00:002262.710: log(exp-norms): [3072.0, 3073.83, 3073.09]
exp031-n3072-k20-d150-bs40-f1.000-r00:002262.711: log(norms):     [3074.62, 3075.33, 3075.35, 3075.37, 3075.39, 3075.55, 3075.49, 3075.5, 3075.33, 3075.47]
exp031-n3072-k20-d150-bs40-f1.000-r00:002262.747: (82 sec)
exp031-n3072-k20-d150-bs40-f1.000-r00:002262.747: Loop 3/100
exp031-n3072-k20-d150-bs40-f1.000-r00:002335.139: log(exp-norms): [3072.0, 3073.83, 3073.09]
exp031-n3072-k20-d150-bs40-f1.000-r00:002335.140: log(norms):     [3074.62, 3075.04, 3075.13, 3075.11, 3075.11, 3075.14, 3075.36, 3075.3, 3075.21, 3075.18]
exp031-n3072-k20-d150-bs40-f1.000-r00:002335.175: (73 sec)
exp031-n3072-k20-d150-bs40-f1.000-r00:002335.175: Loop 4/100
exp031-n3072-k20-d150-bs40-f1.000-r00:002400.791: log(exp-norms): [3072.0, 3073.83, 3073.09]
exp031-n3072-k20-d150-bs40-f1.000-r00:002400.792: log(norms):     [3074.62, 3074.81, 3074.9, 3074.95, 3074.94, 3075.04, 3075.21, 3074.95, 3074.85, 3075.09]
exp031-n3072-k20-d150-bs40-f1.000-r00:002400.824: (66 sec)
exp031-n3072-k20-d150-bs40-f1.000-r00:002400.825: Loop 5/100
exp031-n3072-k20-d150-bs40-f1.000-r00:002462.040: log(exp-norms): [3072.0, 3073.83, 3073.09]
exp031-n3072-k20-d150-bs40-f1.000-r00:002462.041: log(norms):     [3074.62, 3074.72, 3074.73, 3074.87, 3074.81, 3074.94, 3074.78, 3074.82, 3075.0, 3074.7]
exp031-n3072-k20-d150-bs40-f1.000-r00:002462.073: (62 sec)
exp031-n3072-k20-d150-bs40-f1.000-r00:002462.074: Loop 6/100
exp031-n3072-k20-d150-bs40-f1.000-r00:002520.204: log(exp-norms): [3072.0, 3073.83, 3073.09]
exp031-n3072-k20-d150-bs40-f1.000-r00:002520.205: log(norms):     [3074.62, 3074.68, 3074.65, 3074.9, 3074.74, 3074.76, 3074.72, 3074.85, 3074.52, 3074.84]
exp031-n3072-k20-d150-bs40-f1.000-r00:002520.239: (59 sec)
exp031-n3072-k20-d150-bs40-f1.000-r00:002520.240: Loop 7/100
exp031-n3072-k20-d150-bs40-f1.000-r00:002580.274: log(exp-norms): [3072.0, 3073.83, 3073.09]
exp031-n3072-k20-d150-bs40-f1.000-r00:002580.275: log(norms):     [3074.52, 3074.68, 3074.66, 3074.6, 3074.58, 3074.81, 3074.59, 3074.8, 3074.72, 3074.81]
exp031-n3072-k20-d150-bs40-f1.000-r00:002580.305: (61 sec)
exp031-n3072-k20-d150-bs40-f1.000-r00:002580.306: Loop 8/100
exp031-n3072-k20-d150-bs40-f1.000-r00:002637.432: log(exp-norms): [3072.0, 3073.83, 3073.09]
exp031-n3072-k20-d150-bs40-f1.000-r00:002637.432: log(norms):     [3074.49, 3074.52, 3074.56, 3074.51, 3074.69, 3074.65, 3074.82, 3074.67, 3074.68, 3074.79]
exp031-n3072-k20-d150-bs40-f1.000-r00:002637.464: (58 sec)
exp031-n3072-k20-d150-bs40-f1.000-r00:002637.465: Loop 9/100
exp031-n3072-k20-d150-bs40-f1.000-r00:002690.760: log(exp-norms): [3072.0, 3073.83, 3073.09]
exp031-n3072-k20-d150-bs40-f1.000-r00:002690.761: log(norms):     [3074.49, 3074.54, 3074.66, 3074.55, 3074.63, 3074.6, 3074.76, 3074.63, 3074.82, 3074.75]
exp031-n3072-k20-d150-bs40-f1.000-r00:002690.790: (54 sec)
exp031-n3072-k20-d150-bs40-f1.000-r00:002690.790: Loop 10/100
exp031-n3072-k20-d150-bs40-f1.000-r00:002744.444: log(exp-norms): [3072.0, 3073.83, 3073.09]
exp031-n3072-k20-d150-bs40-f1.000-r00:002744.445: log(norms):     [3074.49, 3074.5, 3074.68, 3074.52, 3074.63, 3074.51, 3074.59, 3074.76, 3074.51, 3074.76]
exp031-n3072-k20-d150-bs40-f1.000-r00:002744.473: (54 sec)
exp031-n3072-k20-d150-bs40-f1.000-r00:002744.473: Loop 11/100
exp031-n3072-k20-d150-bs40-f1.000-r00:002797.535: log(exp-norms): [3072.0, 3073.83, 3073.09]
exp031-n3072-k20-d150-bs40-f1.000-r00:002797.536: log(norms):     [3074.35, 3074.45, 3074.46, 3074.57, 3074.51, 3074.53, 3074.52, 3074.44, 3074.71, 3074.71]
exp031-n3072-k20-d150-bs40-f1.000-r00:002797.565: (54 sec)
exp031-n3072-k20-d150-bs40-f1.000-r00:002797.565: Loop 12/100
exp031-n3072-k20-d150-bs40-f1.000-r00:002848.112: log(exp-norms): [3072.0, 3073.83, 3073.09]
exp031-n3072-k20-d150-bs40-f1.000-r00:002848.112: log(norms):     [3074.35, 3074.45, 3074.46, 3074.57, 3074.51, 3074.53, 3074.48, 3074.69, 3074.66, 3074.81]
exp031-n3072-k20-d150-bs40-f1.000-r00:002848.145: (51 sec)
exp031-n3072-k20-d150-bs40-f1.000-r00:002848.145: Loop 13/100
exp031-n3072-k20-d150-bs40-f1.000-r00:002896.224: log(exp-norms): [3072.0, 3073.83, 3073.09]
exp031-n3072-k20-d150-bs40-f1.000-r00:002896.224: log(norms):     [3074.35, 3074.45, 3074.46, 3074.57, 3074.51, 3074.53, 3074.71, 3074.48, 3074.71, 3074.54]
exp031-n3072-k20-d150-bs40-f1.000-r00:002896.253: (49 sec)
exp031-n3072-k20-d150-bs40-f1.000-r00:002896.254: Loop 14/100
exp031-n3072-k20-d150-bs40-f1.000-r00:002946.527: log(exp-norms): [3072.0, 3073.83, 3073.09]
exp031-n3072-k20-d150-bs40-f1.000-r00:002946.527: log(norms):     [3074.35, 3074.45, 3074.57, 3074.54, 3074.46, 3074.57, 3074.51, 3074.59, 3074.45, 3074.58]
exp031-n3072-k20-d150-bs40-f1.000-r00:002946.561: (51 sec)
exp031-n3072-k20-d150-bs40-f1.000-r00:002946.561: Loop 15/100
exp031-n3072-k20-d150-bs40-f1.000-r00:002997.943: log(exp-norms): [3072.0, 3073.83, 3073.09]
exp031-n3072-k20-d150-bs40-f1.000-r00:002997.943: log(norms):     [3074.35, 3074.46, 3074.39, 3074.45, 3074.57, 3074.36, 3074.48, 3074.54, 3074.56, 3074.58]
exp031-n3072-k20-d150-bs40-f1.000-r00:002997.977: (52 sec)
exp031-n3072-k20-d150-bs40-f1.000-r00:002997.977: Loop 16/100
exp031-n3072-k20-d150-bs40-f1.000-r00:003050.120: log(exp-norms): [3072.0, 3073.83, 3073.09]
exp031-n3072-k20-d150-bs40-f1.000-r00:003050.121: log(norms):     [3074.35, 3074.36, 3074.46, 3074.44, 3074.39, 3074.5, 3074.66, 3074.57, 3074.48, 3074.68]
exp031-n3072-k20-d150-bs40-f1.000-r00:003050.154: (53 sec)
exp031-n3072-k20-d150-bs40-f1.000-r00:003050.154: Loop 17/100
exp031-n3072-k20-d150-bs40-f1.000-r00:003100.263: log(exp-norms): [3072.0, 3073.83, 3073.09]
exp031-n3072-k20-d150-bs40-f1.000-r00:003100.264: log(norms):     [3074.33, 3074.36, 3074.36, 3074.29, 3074.48, 3074.56, 3074.35, 3074.5, 3074.81, 3074.53]
exp031-n3072-k20-d150-bs40-f1.000-r00:003100.295: (51 sec)
exp031-n3072-k20-d150-bs40-f1.000-r00:003100.295: Loop 18/100
exp031-n3072-k20-d150-bs40-f1.000-r00:003149.290: log(exp-norms): [3072.0, 3073.83, 3073.09]
exp031-n3072-k20-d150-bs40-f1.000-r00:003149.291: log(norms):     [3074.29, 3074.33, 3074.36, 3074.36, 3074.48, 3074.54, 3074.56, 3074.35, 3074.81, 3074.5]
exp031-n3072-k20-d150-bs40-f1.000-r00:003149.322: (50 sec)
exp031-n3072-k20-d150-bs40-f1.000-r00:003149.322: Loop 19/100
exp031-n3072-k20-d150-bs40-f1.000-r00:003199.684: log(exp-norms): [3072.0, 3073.83, 3073.09]
exp031-n3072-k20-d150-bs40-f1.000-r00:003199.685: log(norms):     [3074.29, 3074.33, 3074.36, 3074.36, 3074.48, 3074.35, 3074.54, 3074.83, 3074.65, 3074.51]
exp031-n3072-k20-d150-bs40-f1.000-r00:003199.713: (51 sec)
exp031-n3072-k20-d150-bs40-f1.000-r00:003199.713: Loop 20/100
exp031-n3072-k20-d150-bs40-f1.000-r00:003245.567: log(exp-norms): [3072.0, 3073.83, 3073.09]
exp031-n3072-k20-d150-bs40-f1.000-r00:003245.567: log(norms):     [3074.29, 3074.33, 3074.36, 3074.36, 3074.44, 3074.48, 3074.36, 3074.35, 3074.58, 3074.56]
exp031-n3072-k20-d150-bs40-f1.000-r00:003245.596: (46 sec)
exp031-n3072-k20-d150-bs40-f1.000-r00:003245.596: Loop 21/100
exp031-n3072-k20-d150-bs40-f1.000-r00:003293.169: log(exp-norms): [3072.0, 3073.83, 3073.09]
exp031-n3072-k20-d150-bs40-f1.000-r00:003293.169: log(norms):     [3074.29, 3074.33, 3074.36, 3074.36, 3074.44, 3074.48, 3074.36, 3074.35, 3074.58, 3074.52]
exp031-n3072-k20-d150-bs40-f1.000-r00:003293.200: (48 sec)
exp031-n3072-k20-d150-bs40-f1.000-r00:003293.200: Loop 22/100
exp031-n3072-k20-d150-bs40-f1.000-r00:003344.801: log(exp-norms): [3072.0, 3073.83, 3073.09]
exp031-n3072-k20-d150-bs40-f1.000-r00:003344.801: log(norms):     [3074.29, 3074.33, 3074.36, 3074.4, 3074.44, 3074.36, 3074.48, 3074.36, 3074.48, 3074.35]
exp031-n3072-k20-d150-bs40-f1.000-r00:003344.839: (52 sec)
exp031-n3072-k20-d150-bs40-f1.000-r00:003344.839: Loop 23/100
exp031-n3072-k20-d150-bs40-f1.000-r00:003394.538: log(exp-norms): [3072.0, 3073.83, 3073.09]
exp031-n3072-k20-d150-bs40-f1.000-r00:003394.539: log(norms):     [3074.29, 3074.33, 3074.36, 3074.4, 3074.44, 3074.36, 3074.48, 3074.36, 3074.48, 3074.35]
exp031-n3072-k20-d150-bs40-f1.000-r00:003394.572: (50 sec)
exp031-n3072-k20-d150-bs40-f1.000-r00:003394.572: Loop 24/100
exp031-n3072-k20-d150-bs40-f1.000-r00:003438.827: log(exp-norms): [3072.0, 3073.83, 3073.09]
exp031-n3072-k20-d150-bs40-f1.000-r00:003438.827: log(norms):     [3074.29, 3074.33, 3074.36, 3074.4, 3074.44, 3074.36, 3074.48, 3074.36, 3074.48, 3074.46]
exp031-n3072-k20-d150-bs40-f1.000-r00:003438.857: (45 sec)
exp031-n3072-k20-d150-bs40-f1.000-r00:003438.857: Loop 25/100
exp031-n3072-k20-d150-bs40-f1.000-r00:003486.117: log(exp-norms): [3072.0, 3073.83, 3073.09]
exp031-n3072-k20-d150-bs40-f1.000-r00:003486.117: log(norms):     [3074.29, 3074.31, 3074.36, 3074.33, 3074.36, 3074.4, 3074.44, 3074.48, 3074.36, 3074.46]
exp031-n3072-k20-d150-bs40-f1.000-r00:003486.150: (48 sec)
exp031-n3072-k20-d150-bs40-f1.000-r00:003486.150: Loop 26/100
exp031-n3072-k20-d150-bs40-f1.000-r00:003532.762: log(exp-norms): [3072.0, 3073.83, 3073.09]
exp031-n3072-k20-d150-bs40-f1.000-r00:003532.763: log(norms):     [3074.29, 3074.39, 3074.31, 3074.36, 3074.33, 3074.53, 3074.36, 3074.4, 3074.5, 3074.44]
exp031-n3072-k20-d150-bs40-f1.000-r00:003532.798: (47 sec)
exp031-n3072-k20-d150-bs40-f1.000-r00:003532.798: Loop 27/100
exp031-n3072-k20-d150-bs40-f1.000-r00:003579.620: log(exp-norms): [3072.0, 3073.83, 3073.09]
exp031-n3072-k20-d150-bs40-f1.000-r00:003579.621: log(norms):     [3074.29, 3074.39, 3074.31, 3074.36, 3074.55, 3074.33, 3074.65, 3074.5, 3074.51, 3074.36]
exp031-n3072-k20-d150-bs40-f1.000-r00:003579.656: (47 sec)
exp031-n3072-k20-d150-bs40-f1.000-r00:003579.656: Loop 28/100
exp031-n3072-k20-d150-bs40-f1.000-r00:003628.989: log(exp-norms): [3072.0, 3073.83, 3073.09]
exp031-n3072-k20-d150-bs40-f1.000-r00:003628.989: log(norms):     [3074.29, 3074.39, 3074.31, 3074.36, 3074.36, 3074.51, 3074.46, 3074.36, 3074.56, 3074.36]
exp031-n3072-k20-d150-bs40-f1.000-r00:003629.022: (50 sec)
exp031-n3072-k20-d150-bs40-f1.000-r00:003629.023: Loop 29/100
exp031-n3072-k20-d150-bs40-f1.000-r00:003679.730: log(exp-norms): [3072.0, 3073.83, 3073.09]
exp031-n3072-k20-d150-bs40-f1.000-r00:003679.731: log(norms):     [3074.29, 3074.39, 3074.31, 3074.36, 3074.36, 3074.51, 3074.46, 3074.36, 3074.49, 3074.56]
exp031-n3072-k20-d150-bs40-f1.000-r00:003679.759: (51 sec)
exp031-n3072-k20-d150-bs40-f1.000-r00:003679.759: Loop 30/100
exp031-n3072-k20-d150-bs40-f1.000-r00:003727.944: log(exp-norms): [3072.0, 3073.83, 3073.09]
exp031-n3072-k20-d150-bs40-f1.000-r00:003727.945: log(norms):     [3074.29, 3074.39, 3074.31, 3074.36, 3074.36, 3074.51, 3074.46, 3074.36, 3074.49, 3074.56]
exp031-n3072-k20-d150-bs40-f1.000-r00:003727.973: (49 sec)
exp031-n3072-k20-d150-bs40-f1.000-r00:003727.973: Loop 31/100
exp031-n3072-k20-d150-bs40-f1.000-r00:003777.056: log(exp-norms): [3072.0, 3073.83, 3073.09]
exp031-n3072-k20-d150-bs40-f1.000-r00:003777.056: log(norms):     [3074.29, 3074.39, 3074.31, 3074.36, 3074.36, 3074.51, 3074.46, 3074.36, 3074.49, 3074.52]
exp031-n3072-k20-d150-bs40-f1.000-r00:003777.085: (50 sec)
exp031-n3072-k20-d150-bs40-f1.000-r00:003777.085: Loop 32/100
exp031-n3072-k20-d150-bs40-f1.000-r00:003826.639: log(exp-norms): [3072.0, 3073.83, 3073.09]
exp031-n3072-k20-d150-bs40-f1.000-r00:003826.639: log(norms):     [3074.29, 3074.39, 3074.31, 3074.36, 3074.36, 3074.51, 3074.43, 3074.45, 3074.56, 3074.49]
exp031-n3072-k20-d150-bs40-f1.000-r00:003826.673: (50 sec)
exp031-n3072-k20-d150-bs40-f1.000-r00:003826.673: Loop 33/100
exp031-n3072-k20-d150-bs40-f1.000-r00:003874.382: log(exp-norms): [3072.0, 3073.83, 3073.09]
exp031-n3072-k20-d150-bs40-f1.000-r00:003874.382: log(norms):     [3074.29, 3074.39, 3074.31, 3074.36, 3074.36, 3074.51, 3074.43, 3074.59, 3074.46, 3074.55]
exp031-n3072-k20-d150-bs40-f1.000-r00:003874.411: (48 sec)
exp031-n3072-k20-d150-bs40-f1.000-r00:003874.411: Loop 34/100
exp031-n3072-k20-d150-bs40-f1.000-r00:003922.714: log(exp-norms): [3072.0, 3073.83, 3073.09]
exp031-n3072-k20-d150-bs40-f1.000-r00:003922.715: log(norms):     [3074.29, 3074.39, 3074.31, 3074.36, 3074.36, 3074.51, 3074.43, 3074.57, 3074.57, 3074.43]
exp031-n3072-k20-d150-bs40-f1.000-r00:003922.743: (49 sec)
exp031-n3072-k20-d150-bs40-f1.000-r00:003922.744: Loop 35/100
exp031-n3072-k20-d150-bs40-f1.000-r00:003969.884: log(exp-norms): [3072.0, 3073.83, 3073.09]
exp031-n3072-k20-d150-bs40-f1.000-r00:003969.885: log(norms):     [3074.29, 3074.39, 3074.31, 3074.36, 3074.36, 3074.51, 3074.43, 3074.57, 3074.57, 3074.38]
exp031-n3072-k20-d150-bs40-f1.000-r00:003969.913: (48 sec)
exp031-n3072-k20-d150-bs40-f1.000-r00:003969.913: Loop 36/100
exp031-n3072-k20-d150-bs40-f1.000-r00:004013.160: log(exp-norms): [3072.0, 3073.83, 3073.09]
exp031-n3072-k20-d150-bs40-f1.000-r00:004013.160: log(norms):     [3074.28, 3074.29, 3074.39, 3074.31, 3074.36, 3074.36, 3074.51, 3074.43, 3074.57, 3074.57]
exp031-n3072-k20-d150-bs40-f1.000-r00:004013.188: (44 sec)
exp031-n3072-k20-d150-bs40-f1.000-r00:004013.188: Loop 37/100
exp031-n3072-k20-d150-bs40-f1.000-r00:004056.027: log(exp-norms): [3072.0, 3073.83, 3073.09]
exp031-n3072-k20-d150-bs40-f1.000-r00:004056.028: log(norms):     [3074.28, 3074.29, 3074.39, 3074.31, 3074.36, 3074.36, 3074.49, 3074.51, 3074.36, 3074.58]
exp031-n3072-k20-d150-bs40-f1.000-r00:004056.057: (43 sec)
exp031-n3072-k20-d150-bs40-f1.000-r00:004056.057: Loop 38/100
exp031-n3072-k20-d150-bs40-f1.000-r00:004099.251: log(exp-norms): [3072.0, 3073.83, 3073.09]
exp031-n3072-k20-d150-bs40-f1.000-r00:004099.252: log(norms):     [3074.28, 3074.29, 3074.4, 3074.4, 3074.39, 3074.31, 3074.49, 3074.5, 3074.5, 3074.36]
exp031-n3072-k20-d150-bs40-f1.000-r00:004099.283: (44 sec)
exp031-n3072-k20-d150-bs40-f1.000-r00:004099.283: Loop 39/100
exp031-n3072-k20-d150-bs40-f1.000-r00:004146.803: log(exp-norms): [3072.0, 3073.83, 3073.09]
exp031-n3072-k20-d150-bs40-f1.000-r00:004146.804: log(norms):     [3074.28, 3074.29, 3074.4, 3074.4, 3074.31, 3074.31, 3074.39, 3074.38, 3074.49, 3074.5]
exp031-n3072-k20-d150-bs40-f1.000-r00:004146.833: (48 sec)
exp031-n3072-k20-d150-bs40-f1.000-r00:004146.833: Loop 40/100
exp031-n3072-k20-d150-bs40-f1.000-r00:004199.190: log(exp-norms): [3072.0, 3073.83, 3073.09]
exp031-n3072-k20-d150-bs40-f1.000-r00:004199.191: log(norms):     [3074.28, 3074.29, 3074.39, 3074.4, 3074.4, 3074.31, 3074.31, 3074.39, 3074.49, 3074.38]
exp031-n3072-k20-d150-bs40-f1.000-r00:004199.221: (53 sec)
exp031-n3072-k20-d150-bs40-f1.000-r00:004199.221: Loop 41/100
exp031-n3072-k20-d150-bs40-f1.000-r00:004248.670: log(exp-norms): [3072.0, 3073.83, 3073.09]
exp031-n3072-k20-d150-bs40-f1.000-r00:004248.671: log(norms):     [3074.28, 3074.29, 3074.39, 3074.4, 3074.4, 3074.31, 3074.48, 3074.52, 3074.38, 3074.49]
exp031-n3072-k20-d150-bs40-f1.000-r00:004248.703: (50 sec)
exp031-n3072-k20-d150-bs40-f1.000-r00:004248.703: Loop 42/100
exp031-n3072-k20-d150-bs40-f1.000-r00:004297.082: log(exp-norms): [3072.0, 3073.83, 3073.09]
exp031-n3072-k20-d150-bs40-f1.000-r00:004297.082: log(norms):     [3074.25, 3074.28, 3074.29, 3074.39, 3074.4, 3074.43, 3074.48, 3074.45, 3074.38, 3074.4]
exp031-n3072-k20-d150-bs40-f1.000-r00:004297.112: (49 sec)
exp031-n3072-k20-d150-bs40-f1.000-r00:004297.112: Loop 43/100
exp031-n3072-k20-d150-bs40-f1.000-r00:004344.694: log(exp-norms): [3072.0, 3073.83, 3073.09]
exp031-n3072-k20-d150-bs40-f1.000-r00:004344.694: log(norms):     [3074.25, 3074.28, 3074.29, 3074.39, 3074.23, 3074.4, 3074.43, 3074.48, 3074.45, 3074.46]
exp031-n3072-k20-d150-bs40-f1.000-r00:004344.722: (48 sec)
exp031-n3072-k20-d150-bs40-f1.000-r00:004344.722: Loop 44/100
exp031-n3072-k20-d150-bs40-f1.000-r00:004391.664: log(exp-norms): [3072.0, 3073.83, 3073.09]
exp031-n3072-k20-d150-bs40-f1.000-r00:004391.665: log(norms):     [3074.23, 3074.25, 3074.28, 3074.39, 3074.29, 3074.4, 3074.64, 3074.5, 3074.51, 3074.4]
exp031-n3072-k20-d150-bs40-f1.000-r00:004391.693: (47 sec)
exp031-n3072-k20-d150-bs40-f1.000-r00:004391.693: Loop 45/100
exp031-n3072-k20-d150-bs40-f1.000-r00:004442.010: log(exp-norms): [3072.0, 3073.83, 3073.09]
exp031-n3072-k20-d150-bs40-f1.000-r00:004442.010: log(norms):     [3074.23, 3074.25, 3074.28, 3074.39, 3074.29, 3074.4, 3074.64, 3074.39, 3074.66, 3074.5]
exp031-n3072-k20-d150-bs40-f1.000-r00:004442.039: (51 sec)
exp031-n3072-k20-d150-bs40-f1.000-r00:004442.039: Loop 46/100
exp031-n3072-k20-d150-bs40-f1.000-r00:004487.485: log(exp-norms): [3072.0, 3073.83, 3073.09]
exp031-n3072-k20-d150-bs40-f1.000-r00:004487.485: log(norms):     [3074.23, 3074.25, 3074.28, 3074.39, 3074.29, 3074.4, 3074.64, 3074.39, 3074.66, 3074.5]
exp031-n3072-k20-d150-bs40-f1.000-r00:004487.514: (46 sec)
exp031-n3072-k20-d150-bs40-f1.000-r00:004487.514: Loop 47/100
exp031-n3072-k20-d150-bs40-f1.000-r00:004532.937: log(exp-norms): [3072.0, 3073.83, 3073.09]
exp031-n3072-k20-d150-bs40-f1.000-r00:004532.938: log(norms):     [3074.23, 3074.25, 3074.28, 3074.39, 3074.29, 3074.4, 3074.28, 3074.52, 3074.41, 3074.45]
exp031-n3072-k20-d150-bs40-f1.000-r00:004532.967: (46 sec)
exp031-n3072-k20-d150-bs40-f1.000-r00:004532.967: Loop 48/100
exp031-n3072-k20-d150-bs40-f1.000-r00:004583.155: log(exp-norms): [3072.0, 3073.83, 3073.09]
exp031-n3072-k20-d150-bs40-f1.000-r00:004583.156: log(norms):     [3074.23, 3074.25, 3074.28, 3074.39, 3074.29, 3074.4, 3074.28, 3074.48, 3074.52, 3074.36]
exp031-n3072-k20-d150-bs40-f1.000-r00:004583.185: (51 sec)
exp031-n3072-k20-d150-bs40-f1.000-r00:004583.185: Loop 49/100
exp031-n3072-k20-d150-bs40-f1.000-r00:004633.125: log(exp-norms): [3072.0, 3073.83, 3073.09]
exp031-n3072-k20-d150-bs40-f1.000-r00:004633.125: log(norms):     [3074.19, 3074.23, 3074.39, 3074.28, 3074.29, 3074.4, 3074.28, 3074.5, 3074.38, 3074.48]
exp031-n3072-k20-d150-bs40-f1.000-r00:004633.153: (50 sec)
exp031-n3072-k20-d150-bs40-f1.000-r00:004633.154: Loop 50/100
exp031-n3072-k20-d150-bs40-f1.000-r00:004680.887: log(exp-norms): [3072.0, 3073.83, 3073.09]
exp031-n3072-k20-d150-bs40-f1.000-r00:004680.888: log(norms):     [3074.19, 3074.23, 3074.39, 3074.28, 3074.29, 3074.19, 3074.4, 3074.5, 3074.28, 3074.48]
exp031-n3072-k20-d150-bs40-f1.000-r00:004680.916: (48 sec)
exp031-n3072-k20-d150-bs40-f1.000-r00:004680.917: Loop 51/100
exp031-n3072-k20-d150-bs40-f1.000-r00:004731.183: log(exp-norms): [3072.0, 3073.83, 3073.09]
exp031-n3072-k20-d150-bs40-f1.000-r00:004731.184: log(norms):     [3074.19, 3074.19, 3074.29, 3074.39, 3074.28, 3074.23, 3074.4, 3074.5, 3074.28, 3074.48]
exp031-n3072-k20-d150-bs40-f1.000-r00:004731.215: (51 sec)
exp031-n3072-k20-d150-bs40-f1.000-r00:004731.215: Loop 52/100
exp031-n3072-k20-d150-bs40-f1.000-r00:004778.447: log(exp-norms): [3072.0, 3073.83, 3073.09]
exp031-n3072-k20-d150-bs40-f1.000-r00:004778.447: log(norms):     [3074.19, 3074.19, 3074.29, 3074.39, 3074.28, 3074.23, 3074.4, 3074.5, 3074.28, 3074.48]
exp031-n3072-k20-d150-bs40-f1.000-r00:004778.476: (48 sec)
exp031-n3072-k20-d150-bs40-f1.000-r00:004778.476: Loop 53/100
exp031-n3072-k20-d150-bs40-f1.000-r00:004826.828: log(exp-norms): [3072.0, 3073.83, 3073.09]
exp031-n3072-k20-d150-bs40-f1.000-r00:004826.828: log(norms):     [3074.19, 3074.19, 3074.29, 3074.39, 3074.28, 3074.23, 3074.4, 3074.5, 3074.28, 3074.48]
exp031-n3072-k20-d150-bs40-f1.000-r00:004826.857: (49 sec)
exp031-n3072-k20-d150-bs40-f1.000-r00:004826.858: Loop 54/100
exp031-n3072-k20-d150-bs40-f1.000-r00:004874.387: log(exp-norms): [3072.0, 3073.83, 3073.09]
exp031-n3072-k20-d150-bs40-f1.000-r00:004874.387: log(norms):     [3074.19, 3074.19, 3074.29, 3074.39, 3074.28, 3074.23, 3074.4, 3074.5, 3074.28, 3074.48]
exp031-n3072-k20-d150-bs40-f1.000-r00:004874.416: (48 sec)
exp031-n3072-k20-d150-bs40-f1.000-r00:004874.416: Loop 55/100
exp031-n3072-k20-d150-bs40-f1.000-r00:004920.645: log(exp-norms): [3072.0, 3073.83, 3073.09]
exp031-n3072-k20-d150-bs40-f1.000-r00:004920.646: log(norms):     [3074.19, 3074.19, 3074.29, 3074.39, 3074.28, 3074.23, 3074.4, 3074.5, 3074.28, 3074.48]
exp031-n3072-k20-d150-bs40-f1.000-r00:004920.678: (47 sec)
exp031-n3072-k20-d150-bs40-f1.000-r00:004920.679: Loop 56/100
exp031-n3072-k20-d150-bs40-f1.000-r00:004968.092: log(exp-norms): [3072.0, 3073.83, 3073.09]
exp031-n3072-k20-d150-bs40-f1.000-r00:004968.092: log(norms):     [3074.19, 3074.19, 3074.29, 3074.39, 3074.28, 3074.23, 3074.4, 3074.5, 3074.28, 3074.48]
exp031-n3072-k20-d150-bs40-f1.000-r00:004968.125: (48 sec)
exp031-n3072-k20-d150-bs40-f1.000-r00:004968.125: Loop 57/100
exp031-n3072-k20-d150-bs40-f1.000-r00:005015.192: log(exp-norms): [3072.0, 3073.83, 3073.09]
exp031-n3072-k20-d150-bs40-f1.000-r00:005015.193: log(norms):     [3074.19, 3074.19, 3074.29, 3074.39, 3074.28, 3074.23, 3074.4, 3074.32, 3074.5, 3074.48]
exp031-n3072-k20-d150-bs40-f1.000-r00:005015.224: (48 sec)
exp031-n3072-k20-d150-bs40-f1.000-r00:005015.225: Loop 58/100
exp031-n3072-k20-d150-bs40-f1.000-r00:005062.325: log(exp-norms): [3072.0, 3073.83, 3073.09]
exp031-n3072-k20-d150-bs40-f1.000-r00:005062.326: log(norms):     [3074.19, 3074.19, 3074.29, 3074.39, 3074.28, 3074.23, 3074.4, 3074.32, 3074.5, 3074.48]
exp031-n3072-k20-d150-bs40-f1.000-r00:005062.357: (48 sec)
exp031-n3072-k20-d150-bs40-f1.000-r00:005062.357: Loop 59/100
exp031-n3072-k20-d150-bs40-f1.000-r00:005107.636: log(exp-norms): [3072.0, 3073.83, 3073.09]
exp031-n3072-k20-d150-bs40-f1.000-r00:005107.637: log(norms):     [3074.19, 3074.19, 3074.29, 3074.39, 3074.28, 3074.23, 3074.4, 3074.32, 3074.49, 3074.5]
exp031-n3072-k20-d150-bs40-f1.000-r00:005107.666: (46 sec)
exp031-n3072-k20-d150-bs40-f1.000-r00:005107.666: Loop 60/100
exp031-n3072-k20-d150-bs40-f1.000-r00:005155.389: log(exp-norms): [3072.0, 3073.83, 3073.09]
exp031-n3072-k20-d150-bs40-f1.000-r00:005155.390: log(norms):     [3074.19, 3074.19, 3074.29, 3074.39, 3074.28, 3074.23, 3074.4, 3074.45, 3074.62, 3074.35]
exp031-n3072-k20-d150-bs40-f1.000-r00:005155.418: (48 sec)
exp031-n3072-k20-d150-bs40-f1.000-r00:005155.419: Loop 61/100
exp031-n3072-k20-d150-bs40-f1.000-r00:005201.561: log(exp-norms): [3072.0, 3073.83, 3073.09]
exp031-n3072-k20-d150-bs40-f1.000-r00:005201.561: log(norms):     [3074.19, 3074.19, 3074.29, 3074.39, 3074.28, 3074.23, 3074.4, 3074.45, 3074.62, 3074.35]
exp031-n3072-k20-d150-bs40-f1.000-r00:005201.590: (47 sec)
exp031-n3072-k20-d150-bs40-f1.000-r00:005201.590: Loop 62/100
exp031-n3072-k20-d150-bs40-f1.000-r00:005247.528: log(exp-norms): [3072.0, 3073.83, 3073.09]
exp031-n3072-k20-d150-bs40-f1.000-r00:005247.529: log(norms):     [3074.19, 3074.19, 3074.29, 3074.39, 3074.28, 3074.23, 3074.4, 3074.45, 3074.62, 3074.35]
exp031-n3072-k20-d150-bs40-f1.000-r00:005247.557: (46 sec)
exp031-n3072-k20-d150-bs40-f1.000-r00:005247.558: Loop 63/100
exp031-n3072-k20-d150-bs40-f1.000-r00:005294.287: log(exp-norms): [3072.0, 3073.83, 3073.09]
exp031-n3072-k20-d150-bs40-f1.000-r00:005294.288: log(norms):     [3074.19, 3074.19, 3074.29, 3074.39, 3074.28, 3074.23, 3074.4, 3074.45, 3074.62, 3074.35]
exp031-n3072-k20-d150-bs40-f1.000-r00:005294.316: (47 sec)
exp031-n3072-k20-d150-bs40-f1.000-r00:005294.317: Loop 64/100
exp031-n3072-k20-d150-bs40-f1.000-r00:005339.707: log(exp-norms): [3072.0, 3073.83, 3073.09]
exp031-n3072-k20-d150-bs40-f1.000-r00:005339.707: log(norms):     [3074.19, 3074.19, 3074.29, 3074.39, 3074.28, 3074.23, 3074.4, 3074.45, 3074.62, 3074.35]
exp031-n3072-k20-d150-bs40-f1.000-r00:005339.735: (46 sec)
exp031-n3072-k20-d150-bs40-f1.000-r00:005339.736: Loop 65/100
exp031-n3072-k20-d150-bs40-f1.000-r00:005388.270: log(exp-norms): [3072.0, 3073.83, 3073.09]
exp031-n3072-k20-d150-bs40-f1.000-r00:005388.270: log(norms):     [3074.19, 3074.19, 3074.29, 3074.39, 3074.28, 3074.23, 3074.4, 3074.45, 3074.62, 3074.35]
exp031-n3072-k20-d150-bs40-f1.000-r00:005388.300: (49 sec)
exp031-n3072-k20-d150-bs40-f1.000-r00:005388.300: Loop 66/100
exp031-n3072-k20-d150-bs40-f1.000-r00:005431.750: log(exp-norms): [3072.0, 3073.83, 3073.09]
exp031-n3072-k20-d150-bs40-f1.000-r00:005431.751: log(norms):     [3074.19, 3074.19, 3074.29, 3074.39, 3074.28, 3074.23, 3074.4, 3074.45, 3074.62, 3074.35]
exp031-n3072-k20-d150-bs40-f1.000-r00:005431.783: (44 sec)
exp031-n3072-k20-d150-bs40-f1.000-r00:005431.783: Loop 67/100
exp031-n3072-k20-d150-bs40-f1.000-r00:005475.684: log(exp-norms): [3072.0, 3073.83, 3073.09]
exp031-n3072-k20-d150-bs40-f1.000-r00:005475.684: log(norms):     [3074.19, 3074.19, 3074.29, 3074.39, 3074.28, 3074.23, 3074.4, 3074.45, 3074.62, 3074.35]
exp031-n3072-k20-d150-bs40-f1.000-r00:005475.712: (44 sec)
exp031-n3072-k20-d150-bs40-f1.000-r00:005475.712: Loop 68/100
exp031-n3072-k20-d150-bs40-f1.000-r00:005518.911: log(exp-norms): [3072.0, 3073.83, 3073.09]
exp031-n3072-k20-d150-bs40-f1.000-r00:005518.912: log(norms):     [3074.19, 3074.19, 3074.29, 3074.4, 3074.39, 3074.28, 3074.23, 3074.45, 3074.4, 3074.62]
exp031-n3072-k20-d150-bs40-f1.000-r00:005518.939: (44 sec)
exp031-n3072-k20-d150-bs40-f1.000-r00:005518.940: Loop 69/100
exp031-n3072-k20-d150-bs40-f1.000-r00:005559.912: log(exp-norms): [3072.0, 3073.83, 3073.09]
exp031-n3072-k20-d150-bs40-f1.000-r00:005559.913: log(norms):     [3074.19, 3074.19, 3074.29, 3074.4, 3074.39, 3074.28, 3074.23, 3074.45, 3074.4, 3074.62]
exp031-n3072-k20-d150-bs40-f1.000-r00:005559.930: (41 sec)
exp031-n3072-k20-d150-bs40-f1.000-r00:005559.930: Loop 70/100
exp031-n3072-k20-d150-bs40-f1.000-r00:005604.027: log(exp-norms): [3072.0, 3073.83, 3073.09]
exp031-n3072-k20-d150-bs40-f1.000-r00:005604.028: log(norms):     [3074.19, 3074.19, 3074.29, 3074.4, 3074.39, 3074.28, 3074.23, 3074.45, 3074.4, 3074.62]
exp031-n3072-k20-d150-bs40-f1.000-r00:005604.056: (45 sec)
exp031-n3072-k20-d150-bs40-f1.000-r00:005604.056: Loop 71/100
exp031-n3072-k20-d150-bs40-f1.000-r00:005649.627: log(exp-norms): [3072.0, 3073.83, 3073.09]
exp031-n3072-k20-d150-bs40-f1.000-r00:005649.627: log(norms):     [3074.19, 3074.19, 3074.29, 3074.4, 3074.39, 3074.28, 3074.23, 3074.45, 3074.4, 3074.62]
exp031-n3072-k20-d150-bs40-f1.000-r00:005649.644: (46 sec)
exp031-n3072-k20-d150-bs40-f1.000-r00:005649.645: Loop 72/100
exp031-n3072-k20-d150-bs40-f1.000-r00:005693.235: log(exp-norms): [3072.0, 3073.83, 3073.09]
exp031-n3072-k20-d150-bs40-f1.000-r00:005693.235: log(norms):     [3074.19, 3074.19, 3074.29, 3074.4, 3074.34, 3074.39, 3074.28, 3074.23, 3074.39, 3074.4]
exp031-n3072-k20-d150-bs40-f1.000-r00:005693.264: (44 sec)
exp031-n3072-k20-d150-bs40-f1.000-r00:005693.264: Loop 73/100
exp031-n3072-k20-d150-bs40-f1.000-r00:005738.136: log(exp-norms): [3072.0, 3073.83, 3073.09]
exp031-n3072-k20-d150-bs40-f1.000-r00:005738.137: log(norms):     [3074.19, 3074.19, 3074.29, 3074.4, 3074.34, 3074.39, 3074.28, 3074.23, 3074.39, 3074.4]
exp031-n3072-k20-d150-bs40-f1.000-r00:005738.165: (45 sec)
exp031-n3072-k20-d150-bs40-f1.000-r00:005738.165: Loop 74/100
exp031-n3072-k20-d150-bs40-f1.000-r00:005784.647: log(exp-norms): [3072.0, 3073.83, 3073.09]
exp031-n3072-k20-d150-bs40-f1.000-r00:005784.647: log(norms):     [3074.19, 3074.19, 3074.29, 3074.4, 3074.34, 3074.39, 3074.28, 3074.23, 3074.39, 3074.4]
exp031-n3072-k20-d150-bs40-f1.000-r00:005784.675: (47 sec)
exp031-n3072-k20-d150-bs40-f1.000-r00:005784.676: Loop 75/100
exp031-n3072-k20-d150-bs40-f1.000-r00:005826.585: log(exp-norms): [3072.0, 3073.83, 3073.09]
exp031-n3072-k20-d150-bs40-f1.000-r00:005826.585: log(norms):     [3074.19, 3074.19, 3074.24, 3074.29, 3074.4, 3074.34, 3074.39, 3074.4, 3074.28, 3074.23]
exp031-n3072-k20-d150-bs40-f1.000-r00:005826.614: (42 sec)
exp031-n3072-k20-d150-bs40-f1.000-r00:005826.614: Loop 76/100
exp031-n3072-k20-d150-bs40-f1.000-r00:005867.845: log(exp-norms): [3072.0, 3073.83, 3073.09]
exp031-n3072-k20-d150-bs40-f1.000-r00:005867.845: log(norms):     [3074.19, 3074.19, 3074.24, 3074.29, 3074.4, 3074.34, 3074.39, 3074.4, 3074.28, 3074.23]
exp031-n3072-k20-d150-bs40-f1.000-r00:005867.862: (42 sec)
exp031-n3072-k20-d150-bs40-f1.000-r00:005867.863: Loop 77/100
exp031-n3072-k20-d150-bs40-f1.000-r00:005912.772: log(exp-norms): [3072.0, 3073.83, 3073.09]
exp031-n3072-k20-d150-bs40-f1.000-r00:005912.773: log(norms):     [3074.19, 3074.19, 3074.24, 3074.29, 3074.4, 3074.34, 3074.39, 3074.4, 3074.28, 3074.23]
exp031-n3072-k20-d150-bs40-f1.000-r00:005912.800: (45 sec)
exp031-n3072-k20-d150-bs40-f1.000-r00:005912.800: Loop 78/100
exp031-n3072-k20-d150-bs40-f1.000-r00:005954.393: log(exp-norms): [3072.0, 3073.83, 3073.09]
exp031-n3072-k20-d150-bs40-f1.000-r00:005954.393: log(norms):     [3074.19, 3074.19, 3074.24, 3074.29, 3074.4, 3074.34, 3074.39, 3074.4, 3074.28, 3074.23]
exp031-n3072-k20-d150-bs40-f1.000-r00:005954.421: (42 sec)
exp031-n3072-k20-d150-bs40-f1.000-r00:005954.421: Loop 79/100
exp031-n3072-k20-d150-bs40-f1.000-r00:005997.491: log(exp-norms): [3072.0, 3073.83, 3073.09]
exp031-n3072-k20-d150-bs40-f1.000-r00:005997.491: log(norms):     [3074.19, 3074.19, 3074.24, 3074.29, 3074.4, 3074.34, 3074.39, 3074.4, 3074.28, 3074.23]
exp031-n3072-k20-d150-bs40-f1.000-r00:005997.519: (44 sec)
exp031-n3072-k20-d150-bs40-f1.000-r00:005997.519: Loop 80/100
exp031-n3072-k20-d150-bs40-f1.000-r00:006041.344: log(exp-norms): [3072.0, 3073.83, 3073.09]
exp031-n3072-k20-d150-bs40-f1.000-r00:006041.344: log(norms):     [3074.19, 3074.19, 3074.24, 3074.29, 3074.4, 3074.34, 3074.39, 3074.4, 3074.28, 3074.23]
exp031-n3072-k20-d150-bs40-f1.000-r00:006041.372: (44 sec)
exp031-n3072-k20-d150-bs40-f1.000-r00:006041.372: Loop 81/100
exp031-n3072-k20-d150-bs40-f1.000-r00:006088.547: log(exp-norms): [3072.0, 3073.83, 3073.09]
exp031-n3072-k20-d150-bs40-f1.000-r00:006088.548: log(norms):     [3074.19, 3074.19, 3074.24, 3074.29, 3074.4, 3074.34, 3074.39, 3074.4, 3074.28, 3074.56]
exp031-n3072-k20-d150-bs40-f1.000-r00:006088.576: (48 sec)
exp031-n3072-k20-d150-bs40-f1.000-r00:006088.576: Loop 82/100
exp031-n3072-k20-d150-bs40-f1.000-r00:006135.569: log(exp-norms): [3072.0, 3073.83, 3073.09]
exp031-n3072-k20-d150-bs40-f1.000-r00:006135.569: log(norms):     [3074.19, 3074.19, 3074.24, 3074.29, 3074.4, 3074.34, 3074.39, 3074.4, 3074.28, 3074.56]
exp031-n3072-k20-d150-bs40-f1.000-r00:006135.598: (48 sec)
exp031-n3072-k20-d150-bs40-f1.000-r00:006135.598: Loop 83/100
exp031-n3072-k20-d150-bs40-f1.000-r00:006178.753: log(exp-norms): [3072.0, 3073.83, 3073.09]
exp031-n3072-k20-d150-bs40-f1.000-r00:006178.753: log(norms):     [3074.19, 3074.19, 3074.24, 3074.29, 3074.4, 3074.34, 3074.39, 3074.4, 3074.28, 3074.56]
exp031-n3072-k20-d150-bs40-f1.000-r00:006178.781: (44 sec)
exp031-n3072-k20-d150-bs40-f1.000-r00:006178.781: Loop 84/100
exp031-n3072-k20-d150-bs40-f1.000-r00:006223.247: log(exp-norms): [3072.0, 3073.83, 3073.09]
exp031-n3072-k20-d150-bs40-f1.000-r00:006223.248: log(norms):     [3074.19, 3074.19, 3074.24, 3074.29, 3074.4, 3074.34, 3074.39, 3074.4, 3074.28, 3074.56]
exp031-n3072-k20-d150-bs40-f1.000-r00:006223.276: (45 sec)
exp031-n3072-k20-d150-bs40-f1.000-r00:006223.276: Loop 85/100
exp031-n3072-k20-d150-bs40-f1.000-r00:006270.166: log(exp-norms): [3072.0, 3073.83, 3073.09]
exp031-n3072-k20-d150-bs40-f1.000-r00:006270.166: log(norms):     [3074.19, 3074.19, 3074.24, 3074.29, 3074.4, 3074.34, 3074.39, 3074.4, 3074.28, 3074.56]
exp031-n3072-k20-d150-bs40-f1.000-r00:006270.194: (47 sec)
exp031-n3072-k20-d150-bs40-f1.000-r00:006270.194: Loop 86/100
exp031-n3072-k20-d150-bs40-f1.000-r00:006310.643: log(exp-norms): [3072.0, 3073.83, 3073.09]
exp031-n3072-k20-d150-bs40-f1.000-r00:006310.643: log(norms):     [3074.19, 3074.19, 3074.24, 3074.29, 3074.4, 3074.34, 3074.39, 3074.4, 3074.28, 3074.56]
exp031-n3072-k20-d150-bs40-f1.000-r00:006310.660: (41 sec)
exp031-n3072-k20-d150-bs40-f1.000-r00:006310.660: Loop 87/100
exp031-n3072-k20-d150-bs40-f1.000-r00:006353.987: log(exp-norms): [3072.0, 3073.83, 3073.09]
exp031-n3072-k20-d150-bs40-f1.000-r00:006353.987: log(norms):     [3074.19, 3074.19, 3074.24, 3074.29, 3074.4, 3074.34, 3074.39, 3074.4, 3074.28, 3074.56]
exp031-n3072-k20-d150-bs40-f1.000-r00:006354.015: (44 sec)
exp031-n3072-k20-d150-bs40-f1.000-r00:006354.015: Loop 88/100
exp031-n3072-k20-d150-bs40-f1.000-r00:006400.806: log(exp-norms): [3072.0, 3073.83, 3073.09]
exp031-n3072-k20-d150-bs40-f1.000-r00:006400.807: log(norms):     [3074.19, 3074.19, 3074.24, 3074.29, 3074.4, 3074.34, 3074.39, 3074.4, 3074.28, 3074.56]
exp031-n3072-k20-d150-bs40-f1.000-r00:006400.835: (47 sec)
exp031-n3072-k20-d150-bs40-f1.000-r00:006400.835: Loop 89/100
exp031-n3072-k20-d150-bs40-f1.000-r00:006448.769: log(exp-norms): [3072.0, 3073.83, 3073.09]
exp031-n3072-k20-d150-bs40-f1.000-r00:006448.769: log(norms):     [3074.19, 3074.19, 3074.24, 3074.27, 3074.44, 3074.39, 3074.34, 3074.29, 3074.45, 3074.4]
exp031-n3072-k20-d150-bs40-f1.000-r00:006448.796: (48 sec)
exp031-n3072-k20-d150-bs40-f1.000-r00:006448.797: Loop 90/100
exp031-n3072-k20-d150-bs40-f1.000-r00:006494.725: log(exp-norms): [3072.0, 3073.83, 3073.09]
exp031-n3072-k20-d150-bs40-f1.000-r00:006494.726: log(norms):     [3074.19, 3074.19, 3074.24, 3074.27, 3074.44, 3074.39, 3074.34, 3074.29, 3074.45, 3074.4]
exp031-n3072-k20-d150-bs40-f1.000-r00:006494.755: (46 sec)
exp031-n3072-k20-d150-bs40-f1.000-r00:006494.755: Loop 91/100
exp031-n3072-k20-d150-bs40-f1.000-r00:006537.533: log(exp-norms): [3072.0, 3073.83, 3073.09]
exp031-n3072-k20-d150-bs40-f1.000-r00:006537.533: log(norms):     [3074.19, 3074.19, 3074.24, 3074.27, 3074.44, 3074.39, 3074.34, 3074.41, 3074.45, 3074.29]
exp031-n3072-k20-d150-bs40-f1.000-r00:006537.561: (43 sec)
exp031-n3072-k20-d150-bs40-f1.000-r00:006537.561: Loop 92/100
exp031-n3072-k20-d150-bs40-f1.000-r00:006581.519: log(exp-norms): [3072.0, 3073.83, 3073.09]
exp031-n3072-k20-d150-bs40-f1.000-r00:006581.520: log(norms):     [3074.19, 3074.19, 3074.24, 3074.27, 3074.44, 3074.39, 3074.34, 3074.41, 3074.45, 3074.29]
exp031-n3072-k20-d150-bs40-f1.000-r00:006581.548: (44 sec)
exp031-n3072-k20-d150-bs40-f1.000-r00:006581.548: Loop 93/100
exp031-n3072-k20-d150-bs40-f1.000-r00:006625.045: log(exp-norms): [3072.0, 3073.83, 3073.09]
exp031-n3072-k20-d150-bs40-f1.000-r00:006625.046: log(norms):     [3074.19, 3074.19, 3074.24, 3074.27, 3074.44, 3074.39, 3074.34, 3074.41, 3074.45, 3074.29]
exp031-n3072-k20-d150-bs40-f1.000-r00:006625.073: (44 sec)
exp031-n3072-k20-d150-bs40-f1.000-r00:006625.074: Loop 94/100
exp031-n3072-k20-d150-bs40-f1.000-r00:006669.573: log(exp-norms): [3072.0, 3073.83, 3073.09]
exp031-n3072-k20-d150-bs40-f1.000-r00:006669.573: log(norms):     [3074.19, 3074.19, 3074.24, 3074.27, 3074.35, 3074.44, 3074.39, 3074.34, 3074.29, 3074.45]
exp031-n3072-k20-d150-bs40-f1.000-r00:006669.601: (45 sec)
exp031-n3072-k20-d150-bs40-f1.000-r00:006669.601: Loop 95/100
exp031-n3072-k20-d150-bs40-f1.000-r00:006709.689: log(exp-norms): [3072.0, 3073.83, 3073.09]
exp031-n3072-k20-d150-bs40-f1.000-r00:006709.689: log(norms):     [3074.19, 3074.19, 3074.24, 3074.27, 3074.35, 3074.44, 3074.39, 3074.34, 3074.29, 3074.45]
exp031-n3072-k20-d150-bs40-f1.000-r00:006709.706: (41 sec)
exp031-n3072-k20-d150-bs40-f1.000-r00:006709.706: Loop 96/100
exp031-n3072-k20-d150-bs40-f1.000-r00:006753.214: log(exp-norms): [3072.0, 3073.83, 3073.09]
exp031-n3072-k20-d150-bs40-f1.000-r00:006753.214: log(norms):     [3074.19, 3074.19, 3074.24, 3074.27, 3074.35, 3074.44, 3074.39, 3074.35, 3074.34, 3074.29]
exp031-n3072-k20-d150-bs40-f1.000-r00:006753.242: (44 sec)
exp031-n3072-k20-d150-bs40-f1.000-r00:006753.242: Loop 97/100
exp031-n3072-k20-d150-bs40-f1.000-r00:006798.611: log(exp-norms): [3072.0, 3073.83, 3073.09]
exp031-n3072-k20-d150-bs40-f1.000-r00:006798.612: log(norms):     [3074.19, 3074.19, 3074.24, 3074.37, 3074.42, 3074.34, 3074.35, 3074.57, 3074.29, 3074.44]
exp031-n3072-k20-d150-bs40-f1.000-r00:006798.640: (46 sec)
exp031-n3072-k20-d150-bs40-f1.000-r00:006798.640: Loop 98/100
exp031-n3072-k20-d150-bs40-f1.000-r00:006843.709: log(exp-norms): [3072.0, 3073.83, 3073.09]
exp031-n3072-k20-d150-bs40-f1.000-r00:006843.709: log(norms):     [3074.19, 3074.19, 3074.25, 3074.3, 3074.28, 3074.27, 3074.35, 3074.39, 3074.44, 3074.39]
exp031-n3072-k20-d150-bs40-f1.000-r00:006843.737: (46 sec)
exp031-n3072-k20-d150-bs40-f1.000-r00:006843.737: Loop 99/100
exp031-n3072-k20-d150-bs40-f1.000-r00:006882.340: log(exp-norms): [3072.0, 3073.83, 3073.09]
exp031-n3072-k20-d150-bs40-f1.000-r00:006882.340: log(norms):     [3074.19, 3074.19, 3074.25, 3074.3, 3074.28, 3074.24, 3074.27, 3074.35, 3074.44, 3074.39]
exp031-n3072-k20-d150-bs40-f1.000-r00:006882.371: (39 sec)
exp031-n3072-k20-d150-bs40-f1.000-r00:006882.372: Loop 100/100
exp031-n3072-k20-d150-bs40-f1.000-r00:006928.247: log(exp-norms): [3072.0, 3073.83, 3073.09]
exp031-n3072-k20-d150-bs40-f1.000-r00:006928.248: log(norms):     [3074.19, 3074.19, 3074.25, 3074.3, 3074.28, 3074.42, 3074.39, 3074.45, 3074.27, 3074.47]
exp031-n3072-k20-d150-bs40-f1.000-r00:006928.275: (46 sec)
exp031-n3072-k20-d150-bs40-f1.000-r00:006928.275: ==========================Summary===========================
exp031-n3072-k20-d150-bs40-f1.000-r00:006928.275: Total time: 6928sec
exp031-n3072-k20-d150-bs40-f1.000-r00:006928.275: FAIL
exp031-n3072-k20-d150-bs40-f1.000-r00:006928.276: SUMMARY:n:3072:k:20:d:150:bs:40:t:6928:r:False
