exp063-n3072-k16-d220-bs50-f1.000-r00:000000.470: ==========================Instance==========================
exp063-n3072-k16-d220-bs50-f1.000-r00:000000.470: # of equations: 220
exp063-n3072-k16-d220-bs50-f1.000-r00:000000.478: Gap: 3.38
exp063-n3072-k16-d220-bs50-f1.000-r00:000000.492: Tau: 3.16
exp063-n3072-k16-d220-bs50-f1.000-r00:000000.494: ======================BKZ-50 reduction======================
exp063-n3072-k16-d220-bs50-f1.000-r00:000006.898: Expectedly achievable log(norm): 3077.85
exp063-n3072-k16-d220-bs50-f1.000-r00:000013.310: log(exp-norms): [3072.0, 3074.1, 3075.86]
exp063-n3072-k16-d220-bs50-f1.000-r00:000013.311: log(norms):     [3091.14, 3074.89, 3088.0, 3088.0, 3088.0, 3088.0, 3088.0, 3088.0, 3088.0, 3088.0]
exp063-n3072-k16-d220-bs50-f1.000-r00:000013.414: Loop 1/100
exp063-n3072-k16-d220-bs50-f1.000-r00:010205.595: log(exp-norms): [3072.0, 3074.1, 3075.86]
exp063-n3072-k16-d220-bs50-f1.000-r00:010205.596: log(norms):     [3074.89, 3080.05, 3080.15, 3080.07, 3080.16, 3080.21, 3080.24, 3080.27, 3080.09, 3080.22]
exp063-n3072-k16-d220-bs50-f1.000-r00:010205.619: (10193 sec)
exp063-n3072-k16-d220-bs50-f1.000-r00:010205.620: Loop 2/100
exp063-n3072-k16-d220-bs50-f1.000-r00:011163.154: log(exp-norms): [3072.0, 3074.1, 3075.86]
exp063-n3072-k16-d220-bs50-f1.000-r00:011163.154: log(norms):     [3074.89, 3079.63, 3079.72, 3079.84, 3079.72, 3079.77, 3079.89, 3079.98, 3079.68, 3079.53]
exp063-n3072-k16-d220-bs50-f1.000-r00:011163.177: (958 sec)
exp063-n3072-k16-d220-bs50-f1.000-r00:011163.177: Loop 3/100
exp063-n3072-k16-d220-bs50-f1.000-r00:011869.420: log(exp-norms): [3072.0, 3074.1, 3075.86]
exp063-n3072-k16-d220-bs50-f1.000-r00:011869.421: log(norms):     [3074.89, 3079.3, 3079.44, 3079.4, 3079.69, 3079.54, 3079.5, 3079.45, 3079.33, 3079.68]
exp063-n3072-k16-d220-bs50-f1.000-r00:011869.443: (707 sec)
exp063-n3072-k16-d220-bs50-f1.000-r00:011869.444: Loop 4/100
exp063-n3072-k16-d220-bs50-f1.000-r00:012558.279: log(exp-norms): [3072.0, 3074.1, 3075.86]
exp063-n3072-k16-d220-bs50-f1.000-r00:012558.279: log(norms):     [3074.89, 3079.14, 3079.17, 3079.18, 3079.28, 3079.19, 3079.21, 3079.21, 3079.33, 3079.32]
exp063-n3072-k16-d220-bs50-f1.000-r00:012558.302: (689 sec)
exp063-n3072-k16-d220-bs50-f1.000-r00:012558.302: Loop 5/100
exp063-n3072-k16-d220-bs50-f1.000-r00:013199.541: log(exp-norms): [3072.0, 3074.1, 3075.86]
exp063-n3072-k16-d220-bs50-f1.000-r00:013199.541: log(norms):     [3072.0, 3074.89, 3078.93, 3078.96, 3078.89, 3078.9, 3079.05, 3078.97, 3079.07, 3078.95]
exp063-n3072-k16-d220-bs50-f1.000-r00:013199.564: (642 sec)
exp063-n3072-k16-d220-bs50-f1.000-r00:013199.564: Loop 6/100
exp063-n3072-k16-d220-bs50-f1.000-r00:013828.647: log(exp-norms): [3072.0, 3074.1, 3075.86]
exp063-n3072-k16-d220-bs50-f1.000-r00:013828.647: log(norms):     [3072.0, 3074.89, 3078.66, 3078.69, 3078.78, 3078.76, 3078.87, 3078.75, 3078.85, 3078.57]
exp063-n3072-k16-d220-bs50-f1.000-r00:013828.670: (630 sec)
exp063-n3072-k16-d220-bs50-f1.000-r00:013828.671: Loop 7/100
exp063-n3072-k16-d220-bs50-f1.000-r00:014451.653: log(exp-norms): [3072.0, 3074.1, 3075.86]
exp063-n3072-k16-d220-bs50-f1.000-r00:014451.653: log(norms):     [3072.0, 3074.89, 3078.4, 3078.57, 3078.6, 3078.58, 3078.5, 3078.47, 3078.57, 3078.82]
exp063-n3072-k16-d220-bs50-f1.000-r00:014451.676: (624 sec)
exp063-n3072-k16-d220-bs50-f1.000-r00:014451.676: Loop 8/100
exp063-n3072-k16-d220-bs50-f1.000-r00:015054.238: log(exp-norms): [3072.0, 3074.1, 3075.86]
exp063-n3072-k16-d220-bs50-f1.000-r00:015054.238: log(norms):     [3072.0, 3074.89, 3078.38, 3078.41, 3078.38, 3078.5, 3078.46, 3078.46, 3078.57, 3078.57]
exp063-n3072-k16-d220-bs50-f1.000-r00:015054.261: (603 sec)
exp063-n3072-k16-d220-bs50-f1.000-r00:015054.262: Loop 9/100
exp063-n3072-k16-d220-bs50-f1.000-r00:015665.397: log(exp-norms): [3072.0, 3074.1, 3075.86]
exp063-n3072-k16-d220-bs50-f1.000-r00:015665.397: log(norms):     [3072.0, 3074.89, 3078.23, 3078.36, 3078.31, 3078.42, 3078.45, 3078.4, 3078.35, 3078.29]
exp063-n3072-k16-d220-bs50-f1.000-r00:015665.420: (612 sec)
exp063-n3072-k16-d220-bs50-f1.000-r00:015665.420: Loop 10/100
exp063-n3072-k16-d220-bs50-f1.000-r00:016249.689: log(exp-norms): [3072.0, 3074.1, 3075.86]
exp063-n3072-k16-d220-bs50-f1.000-r00:016249.689: log(norms):     [3072.0, 3074.89, 3078.17, 3078.17, 3078.41, 3078.32, 3078.32, 3078.27, 3078.5, 3078.46]
exp063-n3072-k16-d220-bs50-f1.000-r00:016249.712: (585 sec)
exp063-n3072-k16-d220-bs50-f1.000-r00:016249.712: Loop 11/100
exp063-n3072-k16-d220-bs50-f1.000-r00:016836.844: log(exp-norms): [3072.0, 3074.1, 3075.86]
exp063-n3072-k16-d220-bs50-f1.000-r00:016836.844: log(norms):     [3072.0, 3074.89, 3078.14, 3078.16, 3078.16, 3078.32, 3078.42, 3078.1, 3078.3, 3078.31]
exp063-n3072-k16-d220-bs50-f1.000-r00:016836.867: (588 sec)
exp063-n3072-k16-d220-bs50-f1.000-r00:016836.867: Loop 12/100
exp063-n3072-k16-d220-bs50-f1.000-r00:017409.791: log(exp-norms): [3072.0, 3074.1, 3075.86]
exp063-n3072-k16-d220-bs50-f1.000-r00:017409.791: log(norms):     [3072.0, 3074.89, 3078.1, 3078.22, 3078.3, 3078.14, 3078.14, 3078.23, 3078.47, 3078.24]
exp063-n3072-k16-d220-bs50-f1.000-r00:017409.815: (573 sec)
exp063-n3072-k16-d220-bs50-f1.000-r00:017409.815: Loop 13/100
exp063-n3072-k16-d220-bs50-f1.000-r00:017983.730: log(exp-norms): [3072.0, 3074.1, 3075.86]
exp063-n3072-k16-d220-bs50-f1.000-r00:017983.730: log(norms):     [3072.0, 3074.89, 3078.1, 3078.15, 3078.12, 3078.25, 3078.2, 3078.27, 3078.29, 3078.25]
exp063-n3072-k16-d220-bs50-f1.000-r00:017983.753: (574 sec)
exp063-n3072-k16-d220-bs50-f1.000-r00:017983.753: Loop 14/100
exp063-n3072-k16-d220-bs50-f1.000-r00:018566.708: log(exp-norms): [3072.0, 3074.1, 3075.86]
exp063-n3072-k16-d220-bs50-f1.000-r00:018566.708: log(norms):     [3072.0, 3074.89, 3078.0, 3078.08, 3078.21, 3078.15, 3078.13, 3078.17, 3078.13, 3078.2]
exp063-n3072-k16-d220-bs50-f1.000-r00:018566.731: (583 sec)
exp063-n3072-k16-d220-bs50-f1.000-r00:018566.731: Loop 15/100
exp063-n3072-k16-d220-bs50-f1.000-r00:019137.263: log(exp-norms): [3072.0, 3074.1, 3075.86]
exp063-n3072-k16-d220-bs50-f1.000-r00:019137.263: log(norms):     [3072.0, 3074.89, 3077.98, 3078.08, 3077.99, 3078.0, 3078.04, 3078.25, 3078.18, 3078.26]
exp063-n3072-k16-d220-bs50-f1.000-r00:019137.285: (571 sec)
exp063-n3072-k16-d220-bs50-f1.000-r00:019137.286: Loop 16/100
exp063-n3072-k16-d220-bs50-f1.000-r00:019676.892: log(exp-norms): [3072.0, 3074.1, 3075.86]
exp063-n3072-k16-d220-bs50-f1.000-r00:019676.893: log(norms):     [3072.0, 3074.89, 3077.98, 3078.08, 3077.99, 3078.08, 3078.13, 3078.24, 3078.32, 3078.12]
exp063-n3072-k16-d220-bs50-f1.000-r00:019676.915: (540 sec)
exp063-n3072-k16-d220-bs50-f1.000-r00:019676.915: Loop 17/100
exp063-n3072-k16-d220-bs50-f1.000-r00:020225.608: log(exp-norms): [3072.0, 3074.1, 3075.86]
exp063-n3072-k16-d220-bs50-f1.000-r00:020225.609: log(norms):     [3072.0, 3074.89, 3077.81, 3077.99, 3077.98, 3078.08, 3078.08, 3078.11, 3078.11, 3078.14]
exp063-n3072-k16-d220-bs50-f1.000-r00:020225.631: (549 sec)
exp063-n3072-k16-d220-bs50-f1.000-r00:020225.631: Loop 18/100
exp063-n3072-k16-d220-bs50-f1.000-r00:020766.602: log(exp-norms): [3072.0, 3074.1, 3075.86]
exp063-n3072-k16-d220-bs50-f1.000-r00:020766.602: log(norms):     [3072.0, 3074.89, 3077.81, 3077.88, 3078.12, 3077.99, 3078.14, 3078.01, 3078.28, 3078.07]
exp063-n3072-k16-d220-bs50-f1.000-r00:020766.624: (541 sec)
exp063-n3072-k16-d220-bs50-f1.000-r00:020766.624: Loop 19/100
exp063-n3072-k16-d220-bs50-f1.000-r00:021304.466: log(exp-norms): [3072.0, 3074.1, 3075.86]
exp063-n3072-k16-d220-bs50-f1.000-r00:021304.466: log(norms):     [3072.0, 3074.89, 3077.81, 3077.88, 3077.89, 3078.0, 3078.11, 3078.05, 3078.12, 3078.01]
exp063-n3072-k16-d220-bs50-f1.000-r00:021304.489: (538 sec)
exp063-n3072-k16-d220-bs50-f1.000-r00:021304.490: Loop 20/100
exp063-n3072-k16-d220-bs50-f1.000-r00:021854.356: log(exp-norms): [3072.0, 3074.1, 3075.86]
exp063-n3072-k16-d220-bs50-f1.000-r00:021854.356: log(norms):     [3072.0, 3074.89, 3077.81, 3077.86, 3077.88, 3077.89, 3078.0, 3078.11, 3078.08, 3078.02]
exp063-n3072-k16-d220-bs50-f1.000-r00:021854.379: (550 sec)
exp063-n3072-k16-d220-bs50-f1.000-r00:021854.379: Loop 21/100
exp063-n3072-k16-d220-bs50-f1.000-r00:022394.234: log(exp-norms): [3072.0, 3074.1, 3075.86]
exp063-n3072-k16-d220-bs50-f1.000-r00:022394.234: log(norms):     [3072.0, 3074.89, 3077.81, 3077.86, 3077.88, 3078.0, 3078.11, 3078.21, 3078.12, 3078.25]
exp063-n3072-k16-d220-bs50-f1.000-r00:022394.256: (540 sec)
exp063-n3072-k16-d220-bs50-f1.000-r00:022394.256: Loop 22/100
exp063-n3072-k16-d220-bs50-f1.000-r00:022928.409: log(exp-norms): [3072.0, 3074.1, 3075.86]
exp063-n3072-k16-d220-bs50-f1.000-r00:022928.410: log(norms):     [3072.0, 3074.89, 3077.81, 3077.86, 3077.88, 3078.0, 3078.11, 3078.21, 3078.12, 3078.15]
exp063-n3072-k16-d220-bs50-f1.000-r00:022928.432: (535 sec)
exp063-n3072-k16-d220-bs50-f1.000-r00:022928.432: Loop 23/100
exp063-n3072-k16-d220-bs50-f1.000-r00:023458.706: log(exp-norms): [3072.0, 3074.1, 3075.86]
exp063-n3072-k16-d220-bs50-f1.000-r00:023458.706: log(norms):     [3072.0, 3074.89, 3077.81, 3077.86, 3077.88, 3078.0, 3078.11, 3078.21, 3078.12, 3078.15]
exp063-n3072-k16-d220-bs50-f1.000-r00:023458.728: (531 sec)
exp063-n3072-k16-d220-bs50-f1.000-r00:023458.728: Loop 24/100
exp063-n3072-k16-d220-bs50-f1.000-r00:023998.738: log(exp-norms): [3072.0, 3074.1, 3075.86]
exp063-n3072-k16-d220-bs50-f1.000-r00:023998.739: log(norms):     [3072.0, 3074.89, 3077.81, 3077.86, 3077.98, 3077.92, 3077.98, 3077.88, 3078.02, 3077.98]
exp063-n3072-k16-d220-bs50-f1.000-r00:023998.761: (541 sec)
exp063-n3072-k16-d220-bs50-f1.000-r00:023998.761: Loop 25/100
exp063-n3072-k16-d220-bs50-f1.000-r00:024528.862: log(exp-norms): [3072.0, 3074.1, 3075.86]
exp063-n3072-k16-d220-bs50-f1.000-r00:024528.862: log(norms):     [3072.0, 3074.89, 3077.81, 3077.86, 3077.98, 3078.04, 3077.95, 3078.08, 3078.0, 3077.88]
exp063-n3072-k16-d220-bs50-f1.000-r00:024528.885: (531 sec)
exp063-n3072-k16-d220-bs50-f1.000-r00:024528.885: Loop 26/100
exp063-n3072-k16-d220-bs50-f1.000-r00:025081.050: log(exp-norms): [3072.0, 3074.1, 3075.86]
exp063-n3072-k16-d220-bs50-f1.000-r00:025081.050: log(norms):     [3072.0, 3074.89, 3077.81, 3077.86, 3077.95, 3078.04, 3077.98, 3078.05, 3078.18, 3078.15]
exp063-n3072-k16-d220-bs50-f1.000-r00:025081.073: (553 sec)
exp063-n3072-k16-d220-bs50-f1.000-r00:025081.073: Loop 27/100
exp063-n3072-k16-d220-bs50-f1.000-r00:025617.698: log(exp-norms): [3072.0, 3074.1, 3075.86]
exp063-n3072-k16-d220-bs50-f1.000-r00:025617.699: log(norms):     [3072.0, 3074.89, 3077.81, 3077.86, 3077.95, 3078.04, 3077.98, 3078.05, 3078.18, 3078.15]
exp063-n3072-k16-d220-bs50-f1.000-r00:025617.721: (537 sec)
exp063-n3072-k16-d220-bs50-f1.000-r00:025617.721: Loop 28/100
exp063-n3072-k16-d220-bs50-f1.000-r00:026165.015: log(exp-norms): [3072.0, 3074.1, 3075.86]
exp063-n3072-k16-d220-bs50-f1.000-r00:026165.016: log(norms):     [3072.0, 3074.89, 3077.81, 3077.86, 3077.95, 3078.04, 3077.98, 3078.11, 3078.05, 3078.18]
exp063-n3072-k16-d220-bs50-f1.000-r00:026165.038: (548 sec)
exp063-n3072-k16-d220-bs50-f1.000-r00:026165.038: Loop 29/100
exp063-n3072-k16-d220-bs50-f1.000-r00:026680.314: log(exp-norms): [3072.0, 3074.1, 3075.86]
exp063-n3072-k16-d220-bs50-f1.000-r00:026680.314: log(norms):     [3072.0, 3074.89, 3077.81, 3077.86, 3077.95, 3077.92, 3078.04, 3078.07, 3077.98, 3078.15]
exp063-n3072-k16-d220-bs50-f1.000-r00:026680.335: (516 sec)
exp063-n3072-k16-d220-bs50-f1.000-r00:026680.335: Loop 30/100
exp063-n3072-k16-d220-bs50-f1.000-r00:027208.684: log(exp-norms): [3072.0, 3074.1, 3075.86]
exp063-n3072-k16-d220-bs50-f1.000-r00:027208.684: log(norms):     [3072.0, 3074.89, 3077.81, 3077.86, 3077.95, 3077.92, 3077.96, 3078.07, 3078.04, 3078.07]
exp063-n3072-k16-d220-bs50-f1.000-r00:027208.707: (529 sec)
exp063-n3072-k16-d220-bs50-f1.000-r00:027208.707: Loop 31/100
exp063-n3072-k16-d220-bs50-f1.000-r00:027736.705: log(exp-norms): [3072.0, 3074.1, 3075.86]
exp063-n3072-k16-d220-bs50-f1.000-r00:027736.705: log(norms):     [3072.0, 3074.89, 3077.75, 3077.81, 3077.86, 3077.95, 3077.92, 3078.12, 3078.04, 3078.07]
exp063-n3072-k16-d220-bs50-f1.000-r00:027736.728: (529 sec)
exp063-n3072-k16-d220-bs50-f1.000-r00:027736.728: Loop 32/100
exp063-n3072-k16-d220-bs50-f1.000-r00:028277.450: log(exp-norms): [3072.0, 3074.1, 3075.86]
exp063-n3072-k16-d220-bs50-f1.000-r00:028277.450: log(norms):     [3072.0, 3074.89, 3077.75, 3077.81, 3077.86, 3077.95, 3077.92, 3078.12, 3078.12, 3077.96]
exp063-n3072-k16-d220-bs50-f1.000-r00:028277.473: (541 sec)
exp063-n3072-k16-d220-bs50-f1.000-r00:028277.473: Loop 33/100
exp063-n3072-k16-d220-bs50-f1.000-r00:028813.377: log(exp-norms): [3072.0, 3074.1, 3075.86]
exp063-n3072-k16-d220-bs50-f1.000-r00:028813.377: log(norms):     [3072.0, 3074.89, 3077.75, 3077.81, 3077.86, 3077.92, 3077.95, 3077.92, 3078.09, 3078.12]
exp063-n3072-k16-d220-bs50-f1.000-r00:028813.399: (536 sec)
exp063-n3072-k16-d220-bs50-f1.000-r00:028813.399: Loop 34/100
exp063-n3072-k16-d220-bs50-f1.000-r00:029372.768: log(exp-norms): [3072.0, 3074.1, 3075.86]
exp063-n3072-k16-d220-bs50-f1.000-r00:029372.768: log(norms):     [3072.0, 3074.89, 3077.75, 3077.81, 3077.86, 3077.92, 3078.02, 3077.95, 3078.06, 3078.0]
exp063-n3072-k16-d220-bs50-f1.000-r00:029372.790: (560 sec)
exp063-n3072-k16-d220-bs50-f1.000-r00:029372.791: Loop 35/100
exp063-n3072-k16-d220-bs50-f1.000-r00:029883.523: log(exp-norms): [3072.0, 3074.1, 3075.86]
exp063-n3072-k16-d220-bs50-f1.000-r00:029883.523: log(norms):     [3072.0, 3074.89, 3077.75, 3077.81, 3077.84, 3078.03, 3077.86, 3077.92, 3078.02, 3077.95]
exp063-n3072-k16-d220-bs50-f1.000-r00:029883.545: (511 sec)
exp063-n3072-k16-d220-bs50-f1.000-r00:029883.545: Loop 36/100
exp063-n3072-k16-d220-bs50-f1.000-r00:030413.559: log(exp-norms): [3072.0, 3074.1, 3075.86]
exp063-n3072-k16-d220-bs50-f1.000-r00:030413.560: log(norms):     [3072.0, 3074.89, 3077.75, 3077.81, 3077.84, 3078.03, 3077.86, 3077.92, 3078.02, 3077.95]
exp063-n3072-k16-d220-bs50-f1.000-r00:030413.582: (531 sec)
exp063-n3072-k16-d220-bs50-f1.000-r00:030413.582: Loop 37/100
exp063-n3072-k16-d220-bs50-f1.000-r00:030955.680: log(exp-norms): [3072.0, 3074.1, 3075.86]
exp063-n3072-k16-d220-bs50-f1.000-r00:030955.680: log(norms):     [3072.0, 3074.89, 3077.75, 3077.81, 3077.84, 3078.03, 3077.86, 3077.92, 3078.02, 3077.95]
exp063-n3072-k16-d220-bs50-f1.000-r00:030955.703: (543 sec)
exp063-n3072-k16-d220-bs50-f1.000-r00:030955.703: Loop 38/100
exp063-n3072-k16-d220-bs50-f1.000-r00:031498.808: log(exp-norms): [3072.0, 3074.1, 3075.86]
exp063-n3072-k16-d220-bs50-f1.000-r00:031498.808: log(norms):     [3072.0, 3074.89, 3077.75, 3077.81, 3077.84, 3077.97, 3077.9, 3078.03, 3078.04, 3078.02]
exp063-n3072-k16-d220-bs50-f1.000-r00:031498.831: (544 sec)
exp063-n3072-k16-d220-bs50-f1.000-r00:031498.831: Loop 39/100
exp063-n3072-k16-d220-bs50-f1.000-r00:032042.112: log(exp-norms): [3072.0, 3074.1, 3075.86]
exp063-n3072-k16-d220-bs50-f1.000-r00:032042.112: log(norms):     [3072.0, 3074.89, 3077.75, 3077.8, 3077.81, 3077.84, 3077.97, 3077.9, 3078.22, 3077.85]
exp063-n3072-k16-d220-bs50-f1.000-r00:032042.135: (544 sec)
exp063-n3072-k16-d220-bs50-f1.000-r00:032042.136: Loop 40/100
exp063-n3072-k16-d220-bs50-f1.000-r00:032572.173: log(exp-norms): [3072.0, 3074.1, 3075.86]
exp063-n3072-k16-d220-bs50-f1.000-r00:032572.173: log(norms):     [3072.0, 3074.89, 3077.75, 3077.85, 3077.8, 3077.81, 3077.84, 3077.97, 3077.9, 3078.15]
exp063-n3072-k16-d220-bs50-f1.000-r00:032572.196: (531 sec)
exp063-n3072-k16-d220-bs50-f1.000-r00:032572.196: Loop 41/100
exp063-n3072-k16-d220-bs50-f1.000-r00:033114.589: log(exp-norms): [3072.0, 3074.1, 3075.86]
exp063-n3072-k16-d220-bs50-f1.000-r00:033114.589: log(norms):     [3072.0, 3074.89, 3077.75, 3077.85, 3077.8, 3077.81, 3077.84, 3077.97, 3077.9, 3078.15]
exp063-n3072-k16-d220-bs50-f1.000-r00:033114.611: (543 sec)
exp063-n3072-k16-d220-bs50-f1.000-r00:033114.612: Loop 42/100
exp063-n3072-k16-d220-bs50-f1.000-r00:033657.570: log(exp-norms): [3072.0, 3074.1, 3075.86]
exp063-n3072-k16-d220-bs50-f1.000-r00:033657.570: log(norms):     [3072.0, 3074.89, 3077.75, 3077.85, 3077.8, 3077.81, 3077.84, 3077.97, 3077.9, 3078.15]
exp063-n3072-k16-d220-bs50-f1.000-r00:033657.592: (543 sec)
exp063-n3072-k16-d220-bs50-f1.000-r00:033657.592: Loop 43/100
exp063-n3072-k16-d220-bs50-f1.000-r00:034212.094: log(exp-norms): [3072.0, 3074.1, 3075.86]
exp063-n3072-k16-d220-bs50-f1.000-r00:034212.094: log(norms):     [3072.0, 3074.89, 3077.75, 3077.85, 3077.8, 3077.81, 3077.84, 3077.97, 3077.9, 3078.15]
exp063-n3072-k16-d220-bs50-f1.000-r00:034212.116: (555 sec)
exp063-n3072-k16-d220-bs50-f1.000-r00:034212.117: Loop 44/100
exp063-n3072-k16-d220-bs50-f1.000-r00:034728.965: log(exp-norms): [3072.0, 3074.1, 3075.86]
exp063-n3072-k16-d220-bs50-f1.000-r00:034728.965: log(norms):     [3072.0, 3074.89, 3077.75, 3077.85, 3077.8, 3077.81, 3078.01, 3077.84, 3077.97, 3078.01]
exp063-n3072-k16-d220-bs50-f1.000-r00:034728.987: (517 sec)
exp063-n3072-k16-d220-bs50-f1.000-r00:034728.988: Loop 45/100
exp063-n3072-k16-d220-bs50-f1.000-r00:035283.988: log(exp-norms): [3072.0, 3074.1, 3075.86]
exp063-n3072-k16-d220-bs50-f1.000-r00:035283.988: log(norms):     [3072.0, 3074.89, 3077.75, 3077.85, 3077.8, 3077.81, 3078.01, 3077.86, 3078.09, 3078.05]
exp063-n3072-k16-d220-bs50-f1.000-r00:035284.010: (556 sec)
exp063-n3072-k16-d220-bs50-f1.000-r00:035284.011: Loop 46/100
exp063-n3072-k16-d220-bs50-f1.000-r00:035822.233: log(exp-norms): [3072.0, 3074.1, 3075.86]
exp063-n3072-k16-d220-bs50-f1.000-r00:035822.233: log(norms):     [3072.0, 3074.89, 3077.75, 3077.85, 3077.8, 3077.86, 3077.81, 3078.01, 3078.09, 3078.15]
exp063-n3072-k16-d220-bs50-f1.000-r00:035822.256: (539 sec)
exp063-n3072-k16-d220-bs50-f1.000-r00:035822.256: Loop 47/100
exp063-n3072-k16-d220-bs50-f1.000-r00:036349.036: log(exp-norms): [3072.0, 3074.1, 3075.86]
exp063-n3072-k16-d220-bs50-f1.000-r00:036349.037: log(norms):     [3072.0, 3074.89, 3077.75, 3077.85, 3077.8, 3077.86, 3077.81, 3078.01, 3078.09, 3078.15]
exp063-n3072-k16-d220-bs50-f1.000-r00:036349.058: (527 sec)
exp063-n3072-k16-d220-bs50-f1.000-r00:036349.058: Loop 48/100
exp063-n3072-k16-d220-bs50-f1.000-r00:036879.391: log(exp-norms): [3072.0, 3074.1, 3075.86]
exp063-n3072-k16-d220-bs50-f1.000-r00:036879.391: log(norms):     [3072.0, 3074.89, 3077.75, 3077.85, 3077.8, 3077.86, 3077.81, 3078.01, 3078.09, 3078.15]
exp063-n3072-k16-d220-bs50-f1.000-r00:036879.413: (531 sec)
exp063-n3072-k16-d220-bs50-f1.000-r00:036879.413: Loop 49/100
exp063-n3072-k16-d220-bs50-f1.000-r00:037400.475: log(exp-norms): [3072.0, 3074.1, 3075.86]
exp063-n3072-k16-d220-bs50-f1.000-r00:037400.475: log(norms):     [3072.0, 3074.89, 3077.75, 3077.85, 3077.8, 3077.86, 3077.81, 3078.01, 3078.09, 3078.04]
exp063-n3072-k16-d220-bs50-f1.000-r00:037400.497: (522 sec)
exp063-n3072-k16-d220-bs50-f1.000-r00:037400.497: Loop 50/100
exp063-n3072-k16-d220-bs50-f1.000-r00:037919.383: log(exp-norms): [3072.0, 3074.1, 3075.86]
exp063-n3072-k16-d220-bs50-f1.000-r00:037919.383: log(norms):     [3072.0, 3074.89, 3077.75, 3077.85, 3077.8, 3077.86, 3077.81, 3078.01, 3078.09, 3078.04]
exp063-n3072-k16-d220-bs50-f1.000-r00:037919.406: (519 sec)
exp063-n3072-k16-d220-bs50-f1.000-r00:037919.406: Loop 51/100
exp063-n3072-k16-d220-bs50-f1.000-r00:038444.432: log(exp-norms): [3072.0, 3074.1, 3075.86]
exp063-n3072-k16-d220-bs50-f1.000-r00:038444.432: log(norms):     [3072.0, 3074.89, 3077.75, 3077.83, 3077.85, 3077.89, 3077.8, 3077.86, 3077.99, 3078.06]
exp063-n3072-k16-d220-bs50-f1.000-r00:038444.455: (526 sec)
exp063-n3072-k16-d220-bs50-f1.000-r00:038444.455: Loop 52/100
exp063-n3072-k16-d220-bs50-f1.000-r00:038994.525: log(exp-norms): [3072.0, 3074.1, 3075.86]
exp063-n3072-k16-d220-bs50-f1.000-r00:038994.525: log(norms):     [3072.0, 3074.89, 3077.75, 3077.83, 3077.85, 3077.89, 3077.99, 3078.15, 3077.8, 3078.13]
exp063-n3072-k16-d220-bs50-f1.000-r00:038994.547: (551 sec)
exp063-n3072-k16-d220-bs50-f1.000-r00:038994.547: Loop 53/100
exp063-n3072-k16-d220-bs50-f1.000-r00:039536.515: log(exp-norms): [3072.0, 3074.1, 3075.86]
exp063-n3072-k16-d220-bs50-f1.000-r00:039536.515: log(norms):     [3072.0, 3074.89, 3077.75, 3077.78, 3077.83, 3077.85, 3077.89, 3077.99, 3078.03, 3078.15]
exp063-n3072-k16-d220-bs50-f1.000-r00:039536.537: (542 sec)
exp063-n3072-k16-d220-bs50-f1.000-r00:039536.537: Loop 54/100
exp063-n3072-k16-d220-bs50-f1.000-r00:040062.133: log(exp-norms): [3072.0, 3074.1, 3075.86]
exp063-n3072-k16-d220-bs50-f1.000-r00:040062.134: log(norms):     [3072.0, 3074.89, 3077.75, 3077.78, 3077.83, 3077.85, 3077.89, 3077.99, 3077.95, 3078.03]
exp063-n3072-k16-d220-bs50-f1.000-r00:040062.156: (526 sec)
exp063-n3072-k16-d220-bs50-f1.000-r00:040062.156: Loop 55/100
exp063-n3072-k16-d220-bs50-f1.000-r00:040599.062: log(exp-norms): [3072.0, 3074.1, 3075.86]
exp063-n3072-k16-d220-bs50-f1.000-r00:040599.062: log(norms):     [3072.0, 3074.89, 3077.75, 3077.78, 3077.83, 3077.85, 3077.89, 3077.99, 3077.95, 3078.03]
exp063-n3072-k16-d220-bs50-f1.000-r00:040599.085: (537 sec)
exp063-n3072-k16-d220-bs50-f1.000-r00:040599.085: Loop 56/100
exp063-n3072-k16-d220-bs50-f1.000-r00:041130.539: log(exp-norms): [3072.0, 3074.1, 3075.86]
exp063-n3072-k16-d220-bs50-f1.000-r00:041130.540: log(norms):     [3072.0, 3074.89, 3077.75, 3077.78, 3077.83, 3077.85, 3078.01, 3077.99, 3077.95, 3078.14]
exp063-n3072-k16-d220-bs50-f1.000-r00:041130.562: (532 sec)
exp063-n3072-k16-d220-bs50-f1.000-r00:041130.562: Loop 57/100
exp063-n3072-k16-d220-bs50-f1.000-r00:041650.316: log(exp-norms): [3072.0, 3074.1, 3075.86]
exp063-n3072-k16-d220-bs50-f1.000-r00:041650.316: log(norms):     [3072.0, 3074.89, 3077.75, 3077.78, 3077.83, 3077.85, 3078.01, 3077.99, 3077.95, 3078.14]
exp063-n3072-k16-d220-bs50-f1.000-r00:041650.339: (520 sec)
exp063-n3072-k16-d220-bs50-f1.000-r00:041650.339: Loop 58/100
exp063-n3072-k16-d220-bs50-f1.000-r00:042173.426: log(exp-norms): [3072.0, 3074.1, 3075.86]
exp063-n3072-k16-d220-bs50-f1.000-r00:042173.426: log(norms):     [3072.0, 3074.89, 3077.75, 3077.78, 3077.83, 3077.85, 3078.01, 3077.99, 3077.95, 3077.93]
exp063-n3072-k16-d220-bs50-f1.000-r00:042173.448: (524 sec)
exp063-n3072-k16-d220-bs50-f1.000-r00:042173.448: Loop 59/100
exp063-n3072-k16-d220-bs50-f1.000-r00:042675.334: log(exp-norms): [3072.0, 3074.1, 3075.86]
exp063-n3072-k16-d220-bs50-f1.000-r00:042675.334: log(norms):     [3072.0, 3074.89, 3077.75, 3077.78, 3077.83, 3077.85, 3077.93, 3078.01, 3077.99, 3077.95]
exp063-n3072-k16-d220-bs50-f1.000-r00:042675.355: (502 sec)
exp063-n3072-k16-d220-bs50-f1.000-r00:042675.355: Loop 60/100
exp063-n3072-k16-d220-bs50-f1.000-r00:043186.240: log(exp-norms): [3072.0, 3074.1, 3075.86]
exp063-n3072-k16-d220-bs50-f1.000-r00:043186.240: log(norms):     [3072.0, 3074.89, 3077.75, 3077.78, 3077.83, 3077.85, 3077.93, 3078.01, 3077.99, 3077.95]
exp063-n3072-k16-d220-bs50-f1.000-r00:043186.261: (511 sec)
exp063-n3072-k16-d220-bs50-f1.000-r00:043186.261: Loop 61/100
exp063-n3072-k16-d220-bs50-f1.000-r00:043713.394: log(exp-norms): [3072.0, 3074.1, 3075.86]
exp063-n3072-k16-d220-bs50-f1.000-r00:043713.394: log(norms):     [3072.0, 3074.89, 3077.75, 3077.78, 3077.83, 3077.85, 3077.93, 3078.01, 3077.95, 3077.99]
exp063-n3072-k16-d220-bs50-f1.000-r00:043713.415: (528 sec)
exp063-n3072-k16-d220-bs50-f1.000-r00:043713.416: Loop 62/100
exp063-n3072-k16-d220-bs50-f1.000-r00:044228.364: log(exp-norms): [3072.0, 3074.1, 3075.86]
exp063-n3072-k16-d220-bs50-f1.000-r00:044228.364: log(norms):     [3072.0, 3074.89, 3077.75, 3077.78, 3077.83, 3077.85, 3077.93, 3078.01, 3077.95, 3077.99]
exp063-n3072-k16-d220-bs50-f1.000-r00:044228.385: (515 sec)
exp063-n3072-k16-d220-bs50-f1.000-r00:044228.386: Loop 63/100
exp063-n3072-k16-d220-bs50-f1.000-r00:044740.468: log(exp-norms): [3072.0, 3074.1, 3075.86]
exp063-n3072-k16-d220-bs50-f1.000-r00:044740.469: log(norms):     [3072.0, 3074.89, 3077.75, 3077.78, 3077.83, 3077.85, 3077.93, 3077.9, 3077.99, 3078.05]
exp063-n3072-k16-d220-bs50-f1.000-r00:044740.490: (513 sec)
exp063-n3072-k16-d220-bs50-f1.000-r00:044740.490: Loop 64/100
exp063-n3072-k16-d220-bs50-f1.000-r00:045258.287: log(exp-norms): [3072.0, 3074.1, 3075.86]
exp063-n3072-k16-d220-bs50-f1.000-r00:045258.288: log(norms):     [3072.0, 3074.89, 3077.75, 3077.78, 3077.83, 3077.85, 3077.93, 3077.9, 3077.99, 3078.05]
exp063-n3072-k16-d220-bs50-f1.000-r00:045258.309: (518 sec)
exp063-n3072-k16-d220-bs50-f1.000-r00:045258.310: Loop 65/100
exp063-n3072-k16-d220-bs50-f1.000-r00:045771.577: log(exp-norms): [3072.0, 3074.1, 3075.86]
exp063-n3072-k16-d220-bs50-f1.000-r00:045771.577: log(norms):     [3072.0, 3074.89, 3077.75, 3077.78, 3077.83, 3077.85, 3077.93, 3077.9, 3077.99, 3078.05]
exp063-n3072-k16-d220-bs50-f1.000-r00:045771.598: (514 sec)
exp063-n3072-k16-d220-bs50-f1.000-r00:045771.598: Loop 66/100
exp063-n3072-k16-d220-bs50-f1.000-r00:046275.929: log(exp-norms): [3072.0, 3074.1, 3075.86]
exp063-n3072-k16-d220-bs50-f1.000-r00:046275.929: log(norms):     [3072.0, 3074.89, 3077.75, 3077.78, 3077.83, 3077.85, 3077.93, 3077.9, 3077.99, 3078.05]
exp063-n3072-k16-d220-bs50-f1.000-r00:046275.951: (505 sec)
exp063-n3072-k16-d220-bs50-f1.000-r00:046275.951: Loop 67/100
exp063-n3072-k16-d220-bs50-f1.000-r00:046769.674: log(exp-norms): [3072.0, 3074.1, 3075.86]
exp063-n3072-k16-d220-bs50-f1.000-r00:046769.675: log(norms):     [3072.0, 3074.89, 3077.75, 3077.78, 3077.83, 3077.85, 3077.93, 3077.9, 3077.99, 3078.05]
exp063-n3072-k16-d220-bs50-f1.000-r00:046769.696: (494 sec)
exp063-n3072-k16-d220-bs50-f1.000-r00:046769.696: Loop 68/100
exp063-n3072-k16-d220-bs50-f1.000-r00:047282.927: log(exp-norms): [3072.0, 3074.1, 3075.86]
exp063-n3072-k16-d220-bs50-f1.000-r00:047282.927: log(norms):     [3072.0, 3074.89, 3077.75, 3077.78, 3077.83, 3077.85, 3077.93, 3077.9, 3078.23, 3078.12]
exp063-n3072-k16-d220-bs50-f1.000-r00:047282.948: (514 sec)
exp063-n3072-k16-d220-bs50-f1.000-r00:047282.948: Loop 69/100
exp063-n3072-k16-d220-bs50-f1.000-r00:047797.947: log(exp-norms): [3072.0, 3074.1, 3075.86]
exp063-n3072-k16-d220-bs50-f1.000-r00:047797.947: log(norms):     [3072.0, 3074.89, 3077.75, 3077.78, 3077.83, 3077.85, 3077.93, 3077.9, 3078.23, 3078.12]
exp063-n3072-k16-d220-bs50-f1.000-r00:047797.968: (516 sec)
exp063-n3072-k16-d220-bs50-f1.000-r00:047797.968: Loop 70/100
exp063-n3072-k16-d220-bs50-f1.000-r00:048337.268: log(exp-norms): [3072.0, 3074.1, 3075.86]
exp063-n3072-k16-d220-bs50-f1.000-r00:048337.269: log(norms):     [3072.0, 3074.89, 3077.75, 3077.78, 3077.83, 3077.85, 3077.93, 3077.9, 3078.23, 3078.12]
exp063-n3072-k16-d220-bs50-f1.000-r00:048337.289: (540 sec)
exp063-n3072-k16-d220-bs50-f1.000-r00:048337.290: Loop 71/100
exp063-n3072-k16-d220-bs50-f1.000-r00:048853.313: log(exp-norms): [3072.0, 3074.1, 3075.86]
exp063-n3072-k16-d220-bs50-f1.000-r00:048853.313: log(norms):     [3072.0, 3074.89, 3077.75, 3077.78, 3077.83, 3077.85, 3077.93, 3077.9, 3078.23, 3078.12]
exp063-n3072-k16-d220-bs50-f1.000-r00:048853.335: (517 sec)
exp063-n3072-k16-d220-bs50-f1.000-r00:048853.335: Loop 72/100
exp063-n3072-k16-d220-bs50-f1.000-r00:049375.328: log(exp-norms): [3072.0, 3074.1, 3075.86]
exp063-n3072-k16-d220-bs50-f1.000-r00:049375.328: log(norms):     [3072.0, 3074.89, 3077.75, 3077.78, 3077.83, 3077.85, 3077.93, 3077.9, 3078.23, 3078.12]
exp063-n3072-k16-d220-bs50-f1.000-r00:049375.349: (523 sec)
exp063-n3072-k16-d220-bs50-f1.000-r00:049375.349: Loop 73/100
exp063-n3072-k16-d220-bs50-f1.000-r00:049870.503: log(exp-norms): [3072.0, 3074.1, 3075.86]
exp063-n3072-k16-d220-bs50-f1.000-r00:049870.503: log(norms):     [3072.0, 3074.89, 3077.75, 3077.78, 3077.83, 3077.85, 3077.93, 3077.9, 3078.23, 3078.12]
exp063-n3072-k16-d220-bs50-f1.000-r00:049870.524: (496 sec)
exp063-n3072-k16-d220-bs50-f1.000-r00:049870.524: Loop 74/100
exp063-n3072-k16-d220-bs50-f1.000-r00:050397.023: log(exp-norms): [3072.0, 3074.1, 3075.86]
exp063-n3072-k16-d220-bs50-f1.000-r00:050397.023: log(norms):     [3072.0, 3074.89, 3077.75, 3077.78, 3077.83, 3077.85, 3077.93, 3077.9, 3078.23, 3078.12]
exp063-n3072-k16-d220-bs50-f1.000-r00:050397.044: (527 sec)
exp063-n3072-k16-d220-bs50-f1.000-r00:050397.044: Loop 75/100
exp063-n3072-k16-d220-bs50-f1.000-r00:050905.307: log(exp-norms): [3072.0, 3074.1, 3075.86]
exp063-n3072-k16-d220-bs50-f1.000-r00:050905.308: log(norms):     [3072.0, 3074.89, 3077.75, 3077.78, 3077.83, 3077.85, 3077.93, 3077.9, 3078.23, 3078.12]
exp063-n3072-k16-d220-bs50-f1.000-r00:050905.328: (509 sec)
exp063-n3072-k16-d220-bs50-f1.000-r00:050905.329: Loop 76/100
exp063-n3072-k16-d220-bs50-f1.000-r00:051427.337: log(exp-norms): [3072.0, 3074.1, 3075.86]
exp063-n3072-k16-d220-bs50-f1.000-r00:051427.337: log(norms):     [3072.0, 3074.89, 3077.75, 3077.78, 3077.83, 3077.85, 3077.93, 3077.9, 3078.23, 3078.12]
exp063-n3072-k16-d220-bs50-f1.000-r00:051427.358: (523 sec)
exp063-n3072-k16-d220-bs50-f1.000-r00:051427.359: Loop 77/100
exp063-n3072-k16-d220-bs50-f1.000-r00:051940.727: log(exp-norms): [3072.0, 3074.1, 3075.86]
exp063-n3072-k16-d220-bs50-f1.000-r00:051940.727: log(norms):     [3072.0, 3074.89, 3077.75, 3077.78, 3077.83, 3077.85, 3077.93, 3077.9, 3078.23, 3078.12]
exp063-n3072-k16-d220-bs50-f1.000-r00:051940.748: (514 sec)
exp063-n3072-k16-d220-bs50-f1.000-r00:051940.748: Loop 78/100
exp063-n3072-k16-d220-bs50-f1.000-r00:052466.921: log(exp-norms): [3072.0, 3074.1, 3075.86]
exp063-n3072-k16-d220-bs50-f1.000-r00:052466.922: log(norms):     [3072.0, 3074.89, 3077.75, 3077.78, 3077.83, 3077.85, 3077.93, 3077.9, 3078.23, 3078.12]
exp063-n3072-k16-d220-bs50-f1.000-r00:052466.942: (527 sec)
exp063-n3072-k16-d220-bs50-f1.000-r00:052466.943: Loop 79/100
exp063-n3072-k16-d220-bs50-f1.000-r00:052975.902: log(exp-norms): [3072.0, 3074.1, 3075.86]
exp063-n3072-k16-d220-bs50-f1.000-r00:052975.903: log(norms):     [3072.0, 3074.89, 3077.75, 3077.78, 3077.83, 3077.85, 3077.93, 3077.9, 3078.23, 3078.12]
exp063-n3072-k16-d220-bs50-f1.000-r00:052975.923: (509 sec)
exp063-n3072-k16-d220-bs50-f1.000-r00:052975.923: Loop 80/100
exp063-n3072-k16-d220-bs50-f1.000-r00:053482.158: log(exp-norms): [3072.0, 3074.1, 3075.86]
exp063-n3072-k16-d220-bs50-f1.000-r00:053482.158: log(norms):     [3072.0, 3074.89, 3077.75, 3077.78, 3077.83, 3077.85, 3077.93, 3077.9, 3078.23, 3078.12]
exp063-n3072-k16-d220-bs50-f1.000-r00:053482.179: (507 sec)
exp063-n3072-k16-d220-bs50-f1.000-r00:053482.179: Loop 81/100
exp063-n3072-k16-d220-bs50-f1.000-r00:053978.056: log(exp-norms): [3072.0, 3074.1, 3075.86]
exp063-n3072-k16-d220-bs50-f1.000-r00:053978.056: log(norms):     [3072.0, 3074.89, 3077.75, 3077.78, 3077.83, 3077.93, 3077.85, 3077.93, 3077.9, 3078.11]
exp063-n3072-k16-d220-bs50-f1.000-r00:053978.078: (496 sec)
exp063-n3072-k16-d220-bs50-f1.000-r00:053978.078: Loop 82/100
exp063-n3072-k16-d220-bs50-f1.000-r00:054471.288: log(exp-norms): [3072.0, 3074.1, 3075.86]
exp063-n3072-k16-d220-bs50-f1.000-r00:054471.289: log(norms):     [3072.0, 3074.89, 3077.75, 3077.78, 3077.83, 3077.93, 3077.85, 3077.93, 3077.9, 3078.11]
exp063-n3072-k16-d220-bs50-f1.000-r00:054471.309: (494 sec)
exp063-n3072-k16-d220-bs50-f1.000-r00:054471.310: Loop 83/100
exp063-n3072-k16-d220-bs50-f1.000-r00:054981.457: log(exp-norms): [3072.0, 3074.1, 3075.86]
exp063-n3072-k16-d220-bs50-f1.000-r00:054981.457: log(norms):     [3072.0, 3074.89, 3077.75, 3077.78, 3077.83, 3077.93, 3077.85, 3077.93, 3077.9, 3078.11]
exp063-n3072-k16-d220-bs50-f1.000-r00:054981.479: (511 sec)
exp063-n3072-k16-d220-bs50-f1.000-r00:054981.480: Loop 84/100
exp063-n3072-k16-d220-bs50-f1.000-r00:055468.992: log(exp-norms): [3072.0, 3074.1, 3075.86]
exp063-n3072-k16-d220-bs50-f1.000-r00:055468.992: log(norms):     [3072.0, 3074.89, 3077.75, 3077.78, 3077.83, 3077.93, 3077.92, 3077.85, 3077.93, 3077.9]
exp063-n3072-k16-d220-bs50-f1.000-r00:055469.014: (488 sec)
exp063-n3072-k16-d220-bs50-f1.000-r00:055469.014: Loop 85/100
exp063-n3072-k16-d220-bs50-f1.000-r00:055963.039: log(exp-norms): [3072.0, 3074.1, 3075.86]
exp063-n3072-k16-d220-bs50-f1.000-r00:055963.040: log(norms):     [3072.0, 3074.89, 3077.75, 3077.78, 3077.83, 3077.93, 3077.92, 3077.85, 3077.93, 3077.9]
exp063-n3072-k16-d220-bs50-f1.000-r00:055963.060: (495 sec)
exp063-n3072-k16-d220-bs50-f1.000-r00:055963.061: Loop 86/100
exp063-n3072-k16-d220-bs50-f1.000-r00:056483.108: log(exp-norms): [3072.0, 3074.1, 3075.86]
exp063-n3072-k16-d220-bs50-f1.000-r00:056483.108: log(norms):     [3072.0, 3074.89, 3077.75, 3077.78, 3077.83, 3077.93, 3077.92, 3078.1, 3077.93, 3077.93]
exp063-n3072-k16-d220-bs50-f1.000-r00:056483.129: (521 sec)
exp063-n3072-k16-d220-bs50-f1.000-r00:056483.129: Loop 87/100
exp063-n3072-k16-d220-bs50-f1.000-r00:056979.495: log(exp-norms): [3072.0, 3074.1, 3075.86]
exp063-n3072-k16-d220-bs50-f1.000-r00:056979.495: log(norms):     [3072.0, 3074.89, 3077.75, 3077.78, 3077.83, 3077.93, 3077.92, 3078.1, 3077.93, 3078.02]
exp063-n3072-k16-d220-bs50-f1.000-r00:056979.516: (497 sec)
exp063-n3072-k16-d220-bs50-f1.000-r00:056979.516: Loop 88/100
exp063-n3072-k16-d220-bs50-f1.000-r00:057465.943: log(exp-norms): [3072.0, 3074.1, 3075.86]
exp063-n3072-k16-d220-bs50-f1.000-r00:057465.943: log(norms):     [3072.0, 3074.89, 3077.75, 3077.78, 3077.83, 3077.93, 3077.92, 3078.12, 3077.85, 3077.93]
exp063-n3072-k16-d220-bs50-f1.000-r00:057465.964: (487 sec)
exp063-n3072-k16-d220-bs50-f1.000-r00:057465.964: Loop 89/100
exp063-n3072-k16-d220-bs50-f1.000-r00:057952.819: log(exp-norms): [3072.0, 3074.1, 3075.86]
exp063-n3072-k16-d220-bs50-f1.000-r00:057952.820: log(norms):     [3072.0, 3074.89, 3077.75, 3077.78, 3077.83, 3077.93, 3077.92, 3078.12, 3077.85, 3077.93]
exp063-n3072-k16-d220-bs50-f1.000-r00:057952.842: (487 sec)
exp063-n3072-k16-d220-bs50-f1.000-r00:057952.842: Loop 90/100
exp063-n3072-k16-d220-bs50-f1.000-r00:058443.644: log(exp-norms): [3072.0, 3074.1, 3075.86]
exp063-n3072-k16-d220-bs50-f1.000-r00:058443.645: log(norms):     [3072.0, 3074.89, 3077.75, 3077.78, 3077.83, 3077.93, 3077.92, 3078.12, 3077.85, 3077.93]
exp063-n3072-k16-d220-bs50-f1.000-r00:058443.685: (491 sec)
exp063-n3072-k16-d220-bs50-f1.000-r00:058443.685: Loop 91/100
exp063-n3072-k16-d220-bs50-f1.000-r00:058957.916: log(exp-norms): [3072.0, 3074.1, 3075.86]
exp063-n3072-k16-d220-bs50-f1.000-r00:058957.916: log(norms):     [3072.0, 3074.89, 3077.75, 3077.78, 3077.83, 3077.93, 3077.92, 3078.12, 3077.85, 3077.93]
exp063-n3072-k16-d220-bs50-f1.000-r00:058957.937: (515 sec)
exp063-n3072-k16-d220-bs50-f1.000-r00:058957.937: Loop 92/100
exp063-n3072-k16-d220-bs50-f1.000-r00:059465.102: log(exp-norms): [3072.0, 3074.1, 3075.86]
exp063-n3072-k16-d220-bs50-f1.000-r00:059465.103: log(norms):     [3072.0, 3074.89, 3077.75, 3077.78, 3077.83, 3077.93, 3077.92, 3078.12, 3077.85, 3077.93]
exp063-n3072-k16-d220-bs50-f1.000-r00:059465.123: (508 sec)
exp063-n3072-k16-d220-bs50-f1.000-r00:059465.124: Loop 93/100
exp063-n3072-k16-d220-bs50-f1.000-r00:059967.867: log(exp-norms): [3072.0, 3074.1, 3075.86]
exp063-n3072-k16-d220-bs50-f1.000-r00:059967.867: log(norms):     [3072.0, 3074.89, 3077.75, 3077.78, 3077.83, 3077.88, 3077.93, 3077.92, 3078.12, 3077.85]
exp063-n3072-k16-d220-bs50-f1.000-r00:059967.888: (503 sec)
exp063-n3072-k16-d220-bs50-f1.000-r00:059967.888: Loop 94/100
exp063-n3072-k16-d220-bs50-f1.000-r00:060488.542: log(exp-norms): [3072.0, 3074.1, 3075.86]
exp063-n3072-k16-d220-bs50-f1.000-r00:060488.543: log(norms):     [3072.0, 3074.89, 3077.75, 3077.78, 3077.83, 3077.88, 3077.93, 3077.92, 3078.12, 3077.85]
exp063-n3072-k16-d220-bs50-f1.000-r00:060488.567: (521 sec)
exp063-n3072-k16-d220-bs50-f1.000-r00:060488.567: Loop 95/100
exp063-n3072-k16-d220-bs50-f1.000-r00:060998.814: log(exp-norms): [3072.0, 3074.1, 3075.86]
exp063-n3072-k16-d220-bs50-f1.000-r00:060998.815: log(norms):     [3072.0, 3074.89, 3077.75, 3077.78, 3077.83, 3077.88, 3077.93, 3077.92, 3078.12, 3077.85]
exp063-n3072-k16-d220-bs50-f1.000-r00:060998.835: (511 sec)
exp063-n3072-k16-d220-bs50-f1.000-r00:060998.836: Loop 96/100
exp063-n3072-k16-d220-bs50-f1.000-r00:061529.897: log(exp-norms): [3072.0, 3074.1, 3075.86]
exp063-n3072-k16-d220-bs50-f1.000-r00:061529.898: log(norms):     [3072.0, 3074.89, 3077.75, 3077.78, 3077.83, 3077.88, 3077.93, 3077.92, 3077.84, 3077.9]
exp063-n3072-k16-d220-bs50-f1.000-r00:061529.918: (532 sec)
exp063-n3072-k16-d220-bs50-f1.000-r00:061529.919: Loop 97/100
exp063-n3072-k16-d220-bs50-f1.000-r00:062035.654: log(exp-norms): [3072.0, 3074.1, 3075.86]
exp063-n3072-k16-d220-bs50-f1.000-r00:062035.654: log(norms):     [3072.0, 3074.89, 3077.75, 3077.77, 3077.78, 3077.85, 3077.83, 3077.88, 3077.93, 3077.92]
exp063-n3072-k16-d220-bs50-f1.000-r00:062035.675: (506 sec)
exp063-n3072-k16-d220-bs50-f1.000-r00:062035.675: Loop 98/100
exp063-n3072-k16-d220-bs50-f1.000-r00:062557.028: log(exp-norms): [3072.0, 3074.1, 3075.86]
exp063-n3072-k16-d220-bs50-f1.000-r00:062557.028: log(norms):     [3072.0, 3074.89, 3077.75, 3077.77, 3077.78, 3077.85, 3077.83, 3077.88, 3077.93, 3077.92]
exp063-n3072-k16-d220-bs50-f1.000-r00:062557.049: (522 sec)
exp063-n3072-k16-d220-bs50-f1.000-r00:062557.049: Loop 99/100
exp063-n3072-k16-d220-bs50-f1.000-r00:063056.391: log(exp-norms): [3072.0, 3074.1, 3075.86]
exp063-n3072-k16-d220-bs50-f1.000-r00:063056.392: log(norms):     [3072.0, 3074.89, 3077.75, 3077.77, 3077.78, 3077.85, 3077.83, 3077.88, 3077.93, 3078.14]
exp063-n3072-k16-d220-bs50-f1.000-r00:063056.412: (500 sec)
exp063-n3072-k16-d220-bs50-f1.000-r00:063056.413: Loop 100/100
exp063-n3072-k16-d220-bs50-f1.000-r00:063577.552: log(exp-norms): [3072.0, 3074.1, 3075.86]
exp063-n3072-k16-d220-bs50-f1.000-r00:063577.552: log(norms):     [3072.0, 3074.89, 3077.75, 3077.77, 3077.78, 3077.85, 3077.83, 3077.88, 3077.93, 3078.14]
exp063-n3072-k16-d220-bs50-f1.000-r00:063577.573: (522 sec)
exp063-n3072-k16-d220-bs50-f1.000-r00:063577.573: ==========================Summary===========================
exp063-n3072-k16-d220-bs50-f1.000-r00:063577.573: Total time: 63578sec
exp063-n3072-k16-d220-bs50-f1.000-r00:063577.573: FAIL
exp063-n3072-k16-d220-bs50-f1.000-r00:063577.573: SUMMARY:n:3072:k:16:d:220:bs:50:t:63578:r:False
