exp067-n3072-k16-d210-bs60-f1.000-r00:000000.509: ==========================Instance==========================
exp067-n3072-k16-d210-bs60-f1.000-r00:000000.510: # of equations: 210
exp067-n3072-k16-d210-bs60-f1.000-r00:000000.518: Gap: 2.14
exp067-n3072-k16-d210-bs60-f1.000-r00:000000.534: Tau: 1.30
exp067-n3072-k16-d210-bs60-f1.000-r00:000000.535: ======================BKZ-60 reduction======================
exp067-n3072-k16-d210-bs60-f1.000-r00:000006.665: Expectedly achievable log(norm): 3076.83
exp067-n3072-k16-d210-bs60-f1.000-r00:000012.806: log(exp-norms): [3072.0, 3074.07, 3075.17]
exp067-n3072-k16-d210-bs60-f1.000-r00:000012.806: log(norms):     [3091.11, 3074.86, 3088.0, 3088.0, 3088.0, 3088.0, 3088.0, 3088.0, 3088.0, 3088.0]
exp067-n3072-k16-d210-bs60-f1.000-r00:000012.909: Loop 1/100
exp067-n3072-k16-d210-bs60-f1.000-r00:009718.905: log(exp-norms): [3072.0, 3074.07, 3075.17]
exp067-n3072-k16-d210-bs60-f1.000-r00:009718.905: log(norms):     [3074.86, 3079.19, 3079.22, 3079.13, 3079.06, 3079.14, 3079.0, 3079.11, 3079.25, 3079.23]
exp067-n3072-k16-d210-bs60-f1.000-r00:009718.928: (9707 sec)
exp067-n3072-k16-d210-bs60-f1.000-r00:009718.928: Loop 2/100
exp067-n3072-k16-d210-bs60-f1.000-r00:011089.718: log(exp-norms): [3072.0, 3074.07, 3075.17]
exp067-n3072-k16-d210-bs60-f1.000-r00:011089.718: log(norms):     [3074.86, 3078.45, 3078.5, 3078.51, 3078.46, 3078.49, 3078.59, 3078.59, 3078.66, 3078.75]
exp067-n3072-k16-d210-bs60-f1.000-r00:011089.740: (1371 sec)
exp067-n3072-k16-d210-bs60-f1.000-r00:011089.740: Loop 3/100
exp067-n3072-k16-d210-bs60-f1.000-r00:012246.147: log(exp-norms): [3072.0, 3074.07, 3075.17]
exp067-n3072-k16-d210-bs60-f1.000-r00:012246.147: log(norms):     [3074.86, 3078.0, 3078.01, 3078.13, 3078.18, 3078.18, 3078.1, 3078.14, 3078.29, 3078.27]
exp067-n3072-k16-d210-bs60-f1.000-r00:012246.169: (1157 sec)
exp067-n3072-k16-d210-bs60-f1.000-r00:012246.169: Loop 4/100
exp067-n3072-k16-d210-bs60-f1.000-r00:013370.196: log(exp-norms): [3072.0, 3074.07, 3075.17]
exp067-n3072-k16-d210-bs60-f1.000-r00:013370.197: log(norms):     [3072.0, 3074.86, 3077.62, 3077.78, 3077.81, 3077.73, 3077.75, 3077.87, 3077.79, 3077.81]
exp067-n3072-k16-d210-bs60-f1.000-r00:013370.218: (1125 sec)
exp067-n3072-k16-d210-bs60-f1.000-r00:013370.218: Loop 5/100
exp067-n3072-k16-d210-bs60-f1.000-r00:014450.241: log(exp-norms): [3072.0, 3074.07, 3075.17]
exp067-n3072-k16-d210-bs60-f1.000-r00:014450.242: log(norms):     [3072.0, 3074.86, 3077.48, 3077.55, 3077.6, 3077.58, 3077.44, 3077.68, 3077.46, 3077.66]
exp067-n3072-k16-d210-bs60-f1.000-r00:014450.263: (1081 sec)
exp067-n3072-k16-d210-bs60-f1.000-r00:014450.264: Loop 6/100
exp067-n3072-k16-d210-bs60-f1.000-r00:015512.143: log(exp-norms): [3072.0, 3074.07, 3075.17]
exp067-n3072-k16-d210-bs60-f1.000-r00:015512.143: log(norms):     [3072.0, 3074.86, 3077.27, 3077.42, 3077.5, 3077.47, 3077.43, 3077.35, 3077.43, 3077.31]
exp067-n3072-k16-d210-bs60-f1.000-r00:015512.165: (1062 sec)
exp067-n3072-k16-d210-bs60-f1.000-r00:015512.165: Loop 7/100
exp067-n3072-k16-d210-bs60-f1.000-r00:016545.404: log(exp-norms): [3072.0, 3074.07, 3075.17]
exp067-n3072-k16-d210-bs60-f1.000-r00:016545.404: log(norms):     [3072.0, 3074.86, 3077.15, 3077.19, 3077.21, 3077.31, 3077.15, 3077.29, 3077.14, 3077.33]
exp067-n3072-k16-d210-bs60-f1.000-r00:016545.425: (1034 sec)
exp067-n3072-k16-d210-bs60-f1.000-r00:016545.426: Loop 8/100
exp067-n3072-k16-d210-bs60-f1.000-r00:017582.062: log(exp-norms): [3072.0, 3074.07, 3075.17]
exp067-n3072-k16-d210-bs60-f1.000-r00:017582.062: log(norms):     [3072.0, 3074.86, 3077.03, 3077.09, 3077.16, 3077.24, 3076.97, 3077.2, 3077.1, 3077.28]
exp067-n3072-k16-d210-bs60-f1.000-r00:017582.085: (1037 sec)
exp067-n3072-k16-d210-bs60-f1.000-r00:017582.085: Loop 9/100
exp067-n3072-k16-d210-bs60-f1.000-r00:018625.801: log(exp-norms): [3072.0, 3074.07, 3075.17]
exp067-n3072-k16-d210-bs60-f1.000-r00:018625.801: log(norms):     [3072.0, 3074.86, 3076.97, 3076.99, 3077.02, 3077.12, 3077.02, 3077.13, 3077.04, 3077.18]
exp067-n3072-k16-d210-bs60-f1.000-r00:018625.823: (1044 sec)
exp067-n3072-k16-d210-bs60-f1.000-r00:018625.824: Loop 10/100
exp067-n3072-k16-d210-bs60-f1.000-r00:019660.002: log(exp-norms): [3072.0, 3074.07, 3075.17]
exp067-n3072-k16-d210-bs60-f1.000-r00:019660.002: log(norms):     [3072.0, 3074.86, 3076.89, 3077.02, 3076.92, 3076.99, 3077.09, 3076.94, 3077.0, 3077.16]
exp067-n3072-k16-d210-bs60-f1.000-r00:019660.024: (1035 sec)
exp067-n3072-k16-d210-bs60-f1.000-r00:019660.024: Loop 11/100
exp067-n3072-k16-d210-bs60-f1.000-r00:020686.079: log(exp-norms): [3072.0, 3074.07, 3075.17]
exp067-n3072-k16-d210-bs60-f1.000-r00:020686.079: log(norms):     [3072.0, 3074.86, 3076.84, 3076.94, 3076.99, 3076.95, 3076.92, 3077.05, 3076.93, 3077.12]
exp067-n3072-k16-d210-bs60-f1.000-r00:020686.101: (1027 sec)
exp067-n3072-k16-d210-bs60-f1.000-r00:020686.101: Loop 12/100
exp067-n3072-k16-d210-bs60-f1.000-r00:021707.787: log(exp-norms): [3072.0, 3074.07, 3075.17]
exp067-n3072-k16-d210-bs60-f1.000-r00:021707.787: log(norms):     [3072.0, 3074.86, 3076.84, 3076.94, 3076.88, 3076.96, 3076.96, 3077.13, 3076.99, 3076.98]
exp067-n3072-k16-d210-bs60-f1.000-r00:021707.809: (1022 sec)
exp067-n3072-k16-d210-bs60-f1.000-r00:021707.809: Loop 13/100
exp067-n3072-k16-d210-bs60-f1.000-r00:022661.264: log(exp-norms): [3072.0, 3074.07, 3075.17]
exp067-n3072-k16-d210-bs60-f1.000-r00:022661.264: log(norms):     [3072.0, 3074.86, 3076.84, 3076.94, 3076.88, 3076.96, 3077.04, 3077.14, 3077.1, 3077.04]
exp067-n3072-k16-d210-bs60-f1.000-r00:022661.286: (954 sec)
exp067-n3072-k16-d210-bs60-f1.000-r00:022661.286: Loop 14/100
exp067-n3072-k16-d210-bs60-f1.000-r00:023647.992: log(exp-norms): [3072.0, 3074.07, 3075.17]
exp067-n3072-k16-d210-bs60-f1.000-r00:023647.992: log(norms):     [3072.0, 3074.86, 3076.84, 3076.94, 3076.88, 3076.95, 3076.96, 3077.04, 3077.05, 3077.05]
exp067-n3072-k16-d210-bs60-f1.000-r00:023648.014: (987 sec)
exp067-n3072-k16-d210-bs60-f1.000-r00:023648.014: Loop 15/100
exp067-n3072-k16-d210-bs60-f1.000-r00:024582.998: log(exp-norms): [3072.0, 3074.07, 3075.17]
exp067-n3072-k16-d210-bs60-f1.000-r00:024582.999: log(norms):     [3072.0, 3074.86, 3076.84, 3076.94, 3076.88, 3076.88, 3076.96, 3076.95, 3077.01, 3077.04]
exp067-n3072-k16-d210-bs60-f1.000-r00:024583.020: (936 sec)
exp067-n3072-k16-d210-bs60-f1.000-r00:024583.020: Loop 16/100
exp067-n3072-k16-d210-bs60-f1.000-r00:025558.432: log(exp-norms): [3072.0, 3074.07, 3075.17]
exp067-n3072-k16-d210-bs60-f1.000-r00:025558.432: log(norms):     [3072.0, 3074.86, 3076.82, 3076.84, 3076.94, 3076.89, 3077.03, 3076.95, 3077.04, 3076.96]
exp067-n3072-k16-d210-bs60-f1.000-r00:025558.454: (976 sec)
exp067-n3072-k16-d210-bs60-f1.000-r00:025558.454: Loop 17/100
exp067-n3072-k16-d210-bs60-f1.000-r00:026538.639: log(exp-norms): [3072.0, 3074.07, 3075.17]
exp067-n3072-k16-d210-bs60-f1.000-r00:026538.639: log(norms):     [3072.0, 3074.86, 3076.82, 3076.84, 3076.94, 3076.96, 3076.92, 3077.03, 3077.04, 3077.08]
exp067-n3072-k16-d210-bs60-f1.000-r00:026538.660: (981 sec)
exp067-n3072-k16-d210-bs60-f1.000-r00:026538.660: Loop 18/100
exp067-n3072-k16-d210-bs60-f1.000-r00:027520.099: log(exp-norms): [3072.0, 3074.07, 3075.17]
exp067-n3072-k16-d210-bs60-f1.000-r00:027520.099: log(norms):     [3072.0, 3074.86, 3076.82, 3076.84, 3076.94, 3076.96, 3076.92, 3077.0, 3077.15, 3077.17]
exp067-n3072-k16-d210-bs60-f1.000-r00:027520.120: (982 sec)
exp067-n3072-k16-d210-bs60-f1.000-r00:027520.121: Loop 19/100
exp067-n3072-k16-d210-bs60-f1.000-r00:028505.825: log(exp-norms): [3072.0, 3074.07, 3075.17]
exp067-n3072-k16-d210-bs60-f1.000-r00:028505.825: log(norms):     [3072.0, 3074.86, 3076.82, 3076.84, 3076.84, 3076.97, 3076.96, 3076.94, 3076.97, 3076.92]
exp067-n3072-k16-d210-bs60-f1.000-r00:028505.846: (986 sec)
exp067-n3072-k16-d210-bs60-f1.000-r00:028505.847: Loop 20/100
exp067-n3072-k16-d210-bs60-f1.000-r00:029509.642: log(exp-norms): [3072.0, 3074.07, 3075.17]
exp067-n3072-k16-d210-bs60-f1.000-r00:029509.642: log(norms):     [3072.0, 3074.86, 3076.82, 3076.84, 3076.84, 3076.97, 3076.96, 3076.94, 3076.97, 3077.1]
exp067-n3072-k16-d210-bs60-f1.000-r00:029509.663: (1004 sec)
exp067-n3072-k16-d210-bs60-f1.000-r00:029509.664: Loop 21/100
exp067-n3072-k16-d210-bs60-f1.000-r00:030510.577: log(exp-norms): [3072.0, 3074.07, 3075.17]
exp067-n3072-k16-d210-bs60-f1.000-r00:030510.577: log(norms):     [3072.0, 3074.86, 3076.82, 3076.84, 3076.84, 3076.97, 3076.85, 3076.96, 3076.96, 3076.97]
exp067-n3072-k16-d210-bs60-f1.000-r00:030510.600: (1001 sec)
exp067-n3072-k16-d210-bs60-f1.000-r00:030510.600: Loop 22/100
exp067-n3072-k16-d210-bs60-f1.000-r00:031486.943: log(exp-norms): [3072.0, 3074.07, 3075.17]
exp067-n3072-k16-d210-bs60-f1.000-r00:031486.944: log(norms):     [3072.0, 3074.86, 3076.82, 3076.84, 3076.84, 3076.95, 3076.97, 3076.85, 3076.96, 3077.05]
exp067-n3072-k16-d210-bs60-f1.000-r00:031486.965: (977 sec)
exp067-n3072-k16-d210-bs60-f1.000-r00:031486.965: Loop 23/100
exp067-n3072-k16-d210-bs60-f1.000-r00:032426.867: log(exp-norms): [3072.0, 3074.07, 3075.17]
exp067-n3072-k16-d210-bs60-f1.000-r00:032426.867: log(norms):     [3072.0, 3074.86, 3076.82, 3076.91, 3076.85, 3076.84, 3076.84, 3076.97, 3076.96, 3076.96]
exp067-n3072-k16-d210-bs60-f1.000-r00:032426.889: (940 sec)
exp067-n3072-k16-d210-bs60-f1.000-r00:032426.889: Loop 24/100
exp067-n3072-k16-d210-bs60-f1.000-r00:033413.750: log(exp-norms): [3072.0, 3074.07, 3075.17]
exp067-n3072-k16-d210-bs60-f1.000-r00:033413.750: log(norms):     [3072.0, 3074.86, 3076.82, 3076.84, 3076.84, 3076.84, 3076.92, 3076.85, 3076.97, 3076.95]
exp067-n3072-k16-d210-bs60-f1.000-r00:033413.771: (987 sec)
exp067-n3072-k16-d210-bs60-f1.000-r00:033413.771: Loop 25/100
exp067-n3072-k16-d210-bs60-f1.000-r00:034395.555: log(exp-norms): [3072.0, 3074.07, 3075.17]
exp067-n3072-k16-d210-bs60-f1.000-r00:034395.555: log(norms):     [3072.0, 3074.86, 3076.82, 3076.84, 3076.84, 3076.95, 3076.84, 3076.97, 3076.85, 3076.89]
exp067-n3072-k16-d210-bs60-f1.000-r00:034395.578: (982 sec)
exp067-n3072-k16-d210-bs60-f1.000-r00:034395.578: Loop 26/100
exp067-n3072-k16-d210-bs60-f1.000-r00:035377.696: log(exp-norms): [3072.0, 3074.07, 3075.17]
exp067-n3072-k16-d210-bs60-f1.000-r00:035377.697: log(norms):     [3072.0, 3074.86, 3076.82, 3076.84, 3076.84, 3076.95, 3076.84, 3076.97, 3076.85, 3076.89]
exp067-n3072-k16-d210-bs60-f1.000-r00:035377.718: (983 sec)
exp067-n3072-k16-d210-bs60-f1.000-r00:035377.718: Loop 27/100
exp067-n3072-k16-d210-bs60-f1.000-r00:036349.720: log(exp-norms): [3072.0, 3074.07, 3075.17]
exp067-n3072-k16-d210-bs60-f1.000-r00:036349.720: log(norms):     [3072.0, 3074.86, 3076.82, 3076.84, 3076.84, 3076.95, 3076.84, 3076.97, 3076.85, 3076.89]
exp067-n3072-k16-d210-bs60-f1.000-r00:036349.742: (973 sec)
exp067-n3072-k16-d210-bs60-f1.000-r00:036349.742: Loop 28/100
exp067-n3072-k16-d210-bs60-f1.000-r00:037350.070: log(exp-norms): [3072.0, 3074.07, 3075.17]
exp067-n3072-k16-d210-bs60-f1.000-r00:037350.071: log(norms):     [3072.0, 3074.86, 3076.82, 3076.84, 3076.84, 3076.95, 3076.84, 3076.87, 3076.97, 3076.88]
exp067-n3072-k16-d210-bs60-f1.000-r00:037350.092: (1001 sec)
exp067-n3072-k16-d210-bs60-f1.000-r00:037350.092: Loop 29/100
exp067-n3072-k16-d210-bs60-f1.000-r00:038327.761: log(exp-norms): [3072.0, 3074.07, 3075.17]
exp067-n3072-k16-d210-bs60-f1.000-r00:038327.762: log(norms):     [3072.0, 3074.86, 3076.81, 3076.82, 3076.84, 3076.84, 3076.95, 3076.97, 3076.84, 3076.87]
exp067-n3072-k16-d210-bs60-f1.000-r00:038327.783: (978 sec)
exp067-n3072-k16-d210-bs60-f1.000-r00:038327.783: Loop 30/100
exp067-n3072-k16-d210-bs60-f1.000-r00:039297.998: log(exp-norms): [3072.0, 3074.07, 3075.17]
exp067-n3072-k16-d210-bs60-f1.000-r00:039297.998: log(norms):     [3072.0, 3074.86, 3076.81, 3076.82, 3076.84, 3076.84, 3076.95, 3076.97, 3076.89, 3076.84]
exp067-n3072-k16-d210-bs60-f1.000-r00:039298.019: (971 sec)
exp067-n3072-k16-d210-bs60-f1.000-r00:039298.020: Loop 31/100
exp067-n3072-k16-d210-bs60-f1.000-r00:040273.210: log(exp-norms): [3072.0, 3074.07, 3075.17]
exp067-n3072-k16-d210-bs60-f1.000-r00:040273.210: log(norms):     [3072.0, 3074.86, 3076.81, 3076.83, 3076.84, 3076.84, 3076.95, 3076.97, 3076.84, 3076.89]
exp067-n3072-k16-d210-bs60-f1.000-r00:040273.232: (976 sec)
exp067-n3072-k16-d210-bs60-f1.000-r00:040273.232: Loop 32/100
exp067-n3072-k16-d210-bs60-f1.000-r00:041249.505: log(exp-norms): [3072.0, 3074.07, 3075.17]
exp067-n3072-k16-d210-bs60-f1.000-r00:041249.506: log(norms):     [3072.0, 3074.86, 3076.81, 3076.83, 3076.84, 3076.84, 3076.95, 3076.97, 3076.96, 3077.03]
exp067-n3072-k16-d210-bs60-f1.000-r00:041249.526: (977 sec)
exp067-n3072-k16-d210-bs60-f1.000-r00:041249.526: Loop 33/100
exp067-n3072-k16-d210-bs60-f1.000-r00:042186.596: log(exp-norms): [3072.0, 3074.07, 3075.17]
exp067-n3072-k16-d210-bs60-f1.000-r00:042186.596: log(norms):     [3072.0, 3074.86, 3076.81, 3076.83, 3076.84, 3076.84, 3076.95, 3076.97, 3076.96, 3077.03]
exp067-n3072-k16-d210-bs60-f1.000-r00:042186.618: (938 sec)
exp067-n3072-k16-d210-bs60-f1.000-r00:042186.619: Loop 34/100
exp067-n3072-k16-d210-bs60-f1.000-r00:043072.355: log(exp-norms): [3072.0, 3074.07, 3075.17]
exp067-n3072-k16-d210-bs60-f1.000-r00:043072.356: log(norms):     [3072.0, 3074.86, 3076.81, 3076.83, 3076.84, 3076.84, 3076.95, 3076.97, 3076.96, 3077.03]
exp067-n3072-k16-d210-bs60-f1.000-r00:043072.376: (886 sec)
exp067-n3072-k16-d210-bs60-f1.000-r00:043072.376: Loop 35/100
exp067-n3072-k16-d210-bs60-f1.000-r00:043989.412: log(exp-norms): [3072.0, 3074.07, 3075.17]
exp067-n3072-k16-d210-bs60-f1.000-r00:043989.412: log(norms):     [3072.0, 3074.86, 3076.81, 3076.83, 3076.84, 3076.84, 3076.95, 3076.97, 3076.96, 3077.03]
exp067-n3072-k16-d210-bs60-f1.000-r00:043989.432: (918 sec)
exp067-n3072-k16-d210-bs60-f1.000-r00:043989.432: Loop 36/100
exp067-n3072-k16-d210-bs60-f1.000-r00:044904.663: log(exp-norms): [3072.0, 3074.07, 3075.17]
exp067-n3072-k16-d210-bs60-f1.000-r00:044904.663: log(norms):     [3072.0, 3074.86, 3076.81, 3076.83, 3076.84, 3076.84, 3076.95, 3076.97, 3076.96, 3077.03]
exp067-n3072-k16-d210-bs60-f1.000-r00:044904.683: (916 sec)
exp067-n3072-k16-d210-bs60-f1.000-r00:044904.683: Loop 37/100
exp067-n3072-k16-d210-bs60-f1.000-r00:045848.042: log(exp-norms): [3072.0, 3074.07, 3075.17]
exp067-n3072-k16-d210-bs60-f1.000-r00:045848.042: log(norms):     [3072.0, 3074.86, 3076.81, 3076.83, 3076.84, 3076.84, 3076.84, 3076.95, 3076.97, 3076.96]
exp067-n3072-k16-d210-bs60-f1.000-r00:045848.063: (944 sec)
exp067-n3072-k16-d210-bs60-f1.000-r00:045848.063: Loop 38/100
exp067-n3072-k16-d210-bs60-f1.000-r00:046779.013: log(exp-norms): [3072.0, 3074.07, 3075.17]
exp067-n3072-k16-d210-bs60-f1.000-r00:046779.013: log(norms):     [3072.0, 3074.86, 3076.81, 3076.83, 3076.84, 3076.84, 3076.84, 3076.95, 3076.97, 3076.96]
exp067-n3072-k16-d210-bs60-f1.000-r00:046779.033: (931 sec)
exp067-n3072-k16-d210-bs60-f1.000-r00:046779.033: Loop 39/100
exp067-n3072-k16-d210-bs60-f1.000-r00:047717.259: log(exp-norms): [3072.0, 3074.07, 3075.17]
exp067-n3072-k16-d210-bs60-f1.000-r00:047717.259: log(norms):     [3072.0, 3074.86, 3076.81, 3076.83, 3076.84, 3076.84, 3076.84, 3076.95, 3076.97, 3076.96]
exp067-n3072-k16-d210-bs60-f1.000-r00:047717.279: (939 sec)
exp067-n3072-k16-d210-bs60-f1.000-r00:047717.279: Loop 40/100
exp067-n3072-k16-d210-bs60-f1.000-r00:048643.463: log(exp-norms): [3072.0, 3074.07, 3075.17]
exp067-n3072-k16-d210-bs60-f1.000-r00:048643.463: log(norms):     [3072.0, 3074.86, 3076.81, 3076.83, 3076.84, 3076.87, 3076.84, 3076.95, 3076.84, 3076.84]
exp067-n3072-k16-d210-bs60-f1.000-r00:048643.483: (927 sec)
exp067-n3072-k16-d210-bs60-f1.000-r00:048643.483: Loop 41/100
exp067-n3072-k16-d210-bs60-f1.000-r00:049584.756: log(exp-norms): [3072.0, 3074.07, 3075.17]
exp067-n3072-k16-d210-bs60-f1.000-r00:049584.757: log(norms):     [3072.0, 3074.86, 3076.81, 3076.83, 3076.84, 3076.87, 3076.84, 3077.1, 3076.84, 3076.95]
exp067-n3072-k16-d210-bs60-f1.000-r00:049584.776: (942 sec)
exp067-n3072-k16-d210-bs60-f1.000-r00:049584.777: Loop 42/100
exp067-n3072-k16-d210-bs60-f1.000-r00:050496.520: log(exp-norms): [3072.0, 3074.07, 3075.17]
exp067-n3072-k16-d210-bs60-f1.000-r00:050496.520: log(norms):     [3072.0, 3074.86, 3076.81, 3076.81, 3076.91, 3076.83, 3076.84, 3076.87, 3076.84, 3076.97]
exp067-n3072-k16-d210-bs60-f1.000-r00:050496.540: (912 sec)
exp067-n3072-k16-d210-bs60-f1.000-r00:050496.540: Loop 43/100
exp067-n3072-k16-d210-bs60-f1.000-r00:051426.776: log(exp-norms): [3072.0, 3074.07, 3075.17]
exp067-n3072-k16-d210-bs60-f1.000-r00:051426.776: log(norms):     [3072.0, 3074.86, 3076.81, 3076.81, 3076.91, 3076.83, 3076.96, 3076.84, 3076.84, 3076.87]
exp067-n3072-k16-d210-bs60-f1.000-r00:051426.797: (931 sec)
exp067-n3072-k16-d210-bs60-f1.000-r00:051426.797: Loop 44/100
exp067-n3072-k16-d210-bs60-f1.000-r00:052342.624: log(exp-norms): [3072.0, 3074.07, 3075.17]
exp067-n3072-k16-d210-bs60-f1.000-r00:052342.625: log(norms):     [3072.0, 3074.86, 3076.81, 3076.81, 3076.91, 3076.83, 3076.96, 3076.99, 3076.84, 3076.84]
exp067-n3072-k16-d210-bs60-f1.000-r00:052342.644: (916 sec)
exp067-n3072-k16-d210-bs60-f1.000-r00:052342.645: Loop 45/100
exp067-n3072-k16-d210-bs60-f1.000-r00:053257.562: log(exp-norms): [3072.0, 3074.07, 3075.17]
exp067-n3072-k16-d210-bs60-f1.000-r00:053257.563: log(norms):     [3072.0, 3074.86, 3076.81, 3076.81, 3076.91, 3076.83, 3076.96, 3076.99, 3076.84, 3076.84]
exp067-n3072-k16-d210-bs60-f1.000-r00:053257.582: (915 sec)
exp067-n3072-k16-d210-bs60-f1.000-r00:053257.583: Loop 46/100
exp067-n3072-k16-d210-bs60-f1.000-r00:054179.430: log(exp-norms): [3072.0, 3074.07, 3075.17]
exp067-n3072-k16-d210-bs60-f1.000-r00:054179.431: log(norms):     [3072.0, 3074.86, 3076.81, 3076.81, 3076.91, 3076.83, 3077.02, 3076.96, 3076.99, 3076.84]
exp067-n3072-k16-d210-bs60-f1.000-r00:054179.451: (922 sec)
exp067-n3072-k16-d210-bs60-f1.000-r00:054179.451: Loop 47/100
exp067-n3072-k16-d210-bs60-f1.000-r00:055109.813: log(exp-norms): [3072.0, 3074.07, 3075.17]
exp067-n3072-k16-d210-bs60-f1.000-r00:055109.813: log(norms):     [3072.0, 3074.86, 3076.81, 3076.81, 3076.91, 3076.83, 3077.02, 3077.11, 3077.09, 3077.09]
exp067-n3072-k16-d210-bs60-f1.000-r00:055109.833: (931 sec)
exp067-n3072-k16-d210-bs60-f1.000-r00:055109.833: Loop 48/100
exp067-n3072-k16-d210-bs60-f1.000-r00:056060.315: log(exp-norms): [3072.0, 3074.07, 3075.17]
exp067-n3072-k16-d210-bs60-f1.000-r00:056060.315: log(norms):     [3072.0, 3074.86, 3076.81, 3076.81, 3076.91, 3076.83, 3077.02, 3076.89, 3077.07, 3077.11]
exp067-n3072-k16-d210-bs60-f1.000-r00:056060.335: (951 sec)
exp067-n3072-k16-d210-bs60-f1.000-r00:056060.336: Loop 49/100
exp067-n3072-k16-d210-bs60-f1.000-r00:056981.531: log(exp-norms): [3072.0, 3074.07, 3075.17]
exp067-n3072-k16-d210-bs60-f1.000-r00:056981.531: log(norms):     [3072.0, 3074.86, 3076.81, 3076.81, 3076.91, 3076.83, 3077.02, 3076.89, 3077.07, 3077.11]
exp067-n3072-k16-d210-bs60-f1.000-r00:056981.551: (922 sec)
exp067-n3072-k16-d210-bs60-f1.000-r00:056981.551: Loop 50/100
exp067-n3072-k16-d210-bs60-f1.000-r00:057900.199: log(exp-norms): [3072.0, 3074.07, 3075.17]
exp067-n3072-k16-d210-bs60-f1.000-r00:057900.199: log(norms):     [3072.0, 3074.86, 3076.81, 3076.81, 3076.91, 3076.91, 3076.89, 3076.83, 3076.99, 3077.02]
exp067-n3072-k16-d210-bs60-f1.000-r00:057900.219: (919 sec)
exp067-n3072-k16-d210-bs60-f1.000-r00:057900.219: Loop 51/100
exp067-n3072-k16-d210-bs60-f1.000-r00:058813.126: log(exp-norms): [3072.0, 3074.07, 3075.17]
exp067-n3072-k16-d210-bs60-f1.000-r00:058813.126: log(norms):     [3072.0, 3074.86, 3076.81, 3076.81, 3076.91, 3076.91, 3076.89, 3076.83, 3076.99, 3077.02]
exp067-n3072-k16-d210-bs60-f1.000-r00:058813.147: (913 sec)
exp067-n3072-k16-d210-bs60-f1.000-r00:058813.147: Loop 52/100
exp067-n3072-k16-d210-bs60-f1.000-r00:059736.924: log(exp-norms): [3072.0, 3074.07, 3075.17]
exp067-n3072-k16-d210-bs60-f1.000-r00:059736.924: log(norms):     [3072.0, 3074.86, 3076.81, 3076.81, 3076.91, 3076.91, 3076.89, 3076.83, 3076.99, 3077.02]
exp067-n3072-k16-d210-bs60-f1.000-r00:059736.944: (924 sec)
exp067-n3072-k16-d210-bs60-f1.000-r00:059736.945: Loop 53/100
exp067-n3072-k16-d210-bs60-f1.000-r00:060670.898: log(exp-norms): [3072.0, 3074.07, 3075.17]
exp067-n3072-k16-d210-bs60-f1.000-r00:060670.898: log(norms):     [3072.0, 3074.86, 3076.81, 3076.81, 3076.91, 3076.91, 3076.89, 3076.83, 3076.99, 3077.02]
exp067-n3072-k16-d210-bs60-f1.000-r00:060670.918: (934 sec)
exp067-n3072-k16-d210-bs60-f1.000-r00:060670.918: Loop 54/100
exp067-n3072-k16-d210-bs60-f1.000-r00:061605.529: log(exp-norms): [3072.0, 3074.07, 3075.17]
exp067-n3072-k16-d210-bs60-f1.000-r00:061605.529: log(norms):     [3072.0, 3074.86, 3076.81, 3076.81, 3076.91, 3076.91, 3076.89, 3076.83, 3076.99, 3077.02]
exp067-n3072-k16-d210-bs60-f1.000-r00:061605.549: (935 sec)
exp067-n3072-k16-d210-bs60-f1.000-r00:061605.549: Loop 55/100
exp067-n3072-k16-d210-bs60-f1.000-r00:062537.142: log(exp-norms): [3072.0, 3074.07, 3075.17]
exp067-n3072-k16-d210-bs60-f1.000-r00:062537.143: log(norms):     [3072.0, 3074.86, 3076.81, 3076.81, 3076.86, 3076.91, 3076.91, 3076.89, 3076.99, 3076.83]
exp067-n3072-k16-d210-bs60-f1.000-r00:062537.163: (932 sec)
exp067-n3072-k16-d210-bs60-f1.000-r00:062537.163: Loop 56/100
exp067-n3072-k16-d210-bs60-f1.000-r00:063481.364: log(exp-norms): [3072.0, 3074.07, 3075.17]
exp067-n3072-k16-d210-bs60-f1.000-r00:063481.364: log(norms):     [3072.0, 3074.86, 3076.77, 3076.83, 3076.83, 3076.81, 3076.98, 3076.94, 3076.91, 3076.81]
exp067-n3072-k16-d210-bs60-f1.000-r00:063481.384: (945 sec)
exp067-n3072-k16-d210-bs60-f1.000-r00:063481.384: Loop 57/100
exp067-n3072-k16-d210-bs60-f1.000-r00:064402.853: log(exp-norms): [3072.0, 3074.07, 3075.17]
exp067-n3072-k16-d210-bs60-f1.000-r00:064402.853: log(norms):     [3072.0, 3074.86, 3076.77, 3076.83, 3076.83, 3076.81, 3076.98, 3076.94, 3076.78, 3077.05]
exp067-n3072-k16-d210-bs60-f1.000-r00:064402.873: (922 sec)
exp067-n3072-k16-d210-bs60-f1.000-r00:064402.873: Loop 58/100
exp067-n3072-k16-d210-bs60-f1.000-r00:065321.712: log(exp-norms): [3072.0, 3074.07, 3075.17]
exp067-n3072-k16-d210-bs60-f1.000-r00:065321.712: log(norms):     [3072.0, 3074.86, 3076.77, 3076.83, 3076.83, 3076.81, 3076.98, 3076.94, 3076.78, 3077.05]
exp067-n3072-k16-d210-bs60-f1.000-r00:065321.732: (919 sec)
exp067-n3072-k16-d210-bs60-f1.000-r00:065321.732: Loop 59/100
exp067-n3072-k16-d210-bs60-f1.000-r00:066242.646: log(exp-norms): [3072.0, 3074.07, 3075.17]
exp067-n3072-k16-d210-bs60-f1.000-r00:066242.647: log(norms):     [3072.0, 3074.86, 3076.77, 3076.83, 3076.83, 3076.81, 3076.98, 3076.94, 3076.78, 3077.05]
exp067-n3072-k16-d210-bs60-f1.000-r00:066242.667: (921 sec)
exp067-n3072-k16-d210-bs60-f1.000-r00:066242.667: Loop 60/100
exp067-n3072-k16-d210-bs60-f1.000-r00:067120.186: log(exp-norms): [3072.0, 3074.07, 3075.17]
exp067-n3072-k16-d210-bs60-f1.000-r00:067120.186: log(norms):     [3072.0, 3074.86, 3076.77, 3076.83, 3076.83, 3076.81, 3076.98, 3076.94, 3076.78, 3077.05]
exp067-n3072-k16-d210-bs60-f1.000-r00:067120.206: (878 sec)
exp067-n3072-k16-d210-bs60-f1.000-r00:067120.206: Loop 61/100
exp067-n3072-k16-d210-bs60-f1.000-r00:068007.938: log(exp-norms): [3072.0, 3074.07, 3075.17]
exp067-n3072-k16-d210-bs60-f1.000-r00:068007.938: log(norms):     [3072.0, 3074.86, 3076.77, 3076.83, 3076.83, 3076.81, 3076.98, 3076.91, 3076.95, 3076.94]
exp067-n3072-k16-d210-bs60-f1.000-r00:068007.958: (888 sec)
exp067-n3072-k16-d210-bs60-f1.000-r00:068007.959: Loop 62/100
exp067-n3072-k16-d210-bs60-f1.000-r00:068937.008: log(exp-norms): [3072.0, 3074.07, 3075.17]
exp067-n3072-k16-d210-bs60-f1.000-r00:068937.008: log(norms):     [3072.0, 3074.86, 3076.77, 3076.83, 3076.83, 3076.81, 3076.98, 3076.84, 3076.91, 3076.95]
exp067-n3072-k16-d210-bs60-f1.000-r00:068937.029: (930 sec)
exp067-n3072-k16-d210-bs60-f1.000-r00:068937.029: Loop 63/100
exp067-n3072-k16-d210-bs60-f1.000-r00:069846.233: log(exp-norms): [3072.0, 3074.07, 3075.17]
exp067-n3072-k16-d210-bs60-f1.000-r00:069846.233: log(norms):     [3072.0, 3074.86, 3076.77, 3076.83, 3076.83, 3076.81, 3076.98, 3076.84, 3076.94, 3076.91]
exp067-n3072-k16-d210-bs60-f1.000-r00:069846.253: (910 sec)
exp067-n3072-k16-d210-bs60-f1.000-r00:069846.253: Loop 64/100
exp067-n3072-k16-d210-bs60-f1.000-r00:070752.200: log(exp-norms): [3072.0, 3074.07, 3075.17]
exp067-n3072-k16-d210-bs60-f1.000-r00:070752.200: log(norms):     [3072.0, 3074.86, 3076.77, 3076.83, 3076.83, 3076.81, 3076.98, 3076.84, 3076.94, 3076.91]
exp067-n3072-k16-d210-bs60-f1.000-r00:070752.220: (906 sec)
exp067-n3072-k16-d210-bs60-f1.000-r00:070752.220: Loop 65/100
exp067-n3072-k16-d210-bs60-f1.000-r00:071666.591: log(exp-norms): [3072.0, 3074.07, 3075.17]
exp067-n3072-k16-d210-bs60-f1.000-r00:071666.591: log(norms):     [3072.0, 3074.86, 3076.77, 3076.83, 3076.83, 3076.81, 3076.98, 3076.84, 3076.94, 3076.91]
exp067-n3072-k16-d210-bs60-f1.000-r00:071666.611: (915 sec)
exp067-n3072-k16-d210-bs60-f1.000-r00:071666.611: Loop 66/100
exp067-n3072-k16-d210-bs60-f1.000-r00:072573.563: log(exp-norms): [3072.0, 3074.07, 3075.17]
exp067-n3072-k16-d210-bs60-f1.000-r00:072573.563: log(norms):     [3072.0, 3074.86, 3076.77, 3076.83, 3076.83, 3076.81, 3076.98, 3076.84, 3076.94, 3076.91]
exp067-n3072-k16-d210-bs60-f1.000-r00:072573.583: (907 sec)
exp067-n3072-k16-d210-bs60-f1.000-r00:072573.583: Loop 67/100
exp067-n3072-k16-d210-bs60-f1.000-r00:073493.265: log(exp-norms): [3072.0, 3074.07, 3075.17]
exp067-n3072-k16-d210-bs60-f1.000-r00:073493.265: log(norms):     [3072.0, 3074.86, 3076.77, 3076.83, 3076.83, 3076.81, 3076.98, 3076.84, 3076.94, 3076.91]
exp067-n3072-k16-d210-bs60-f1.000-r00:073493.285: (920 sec)
exp067-n3072-k16-d210-bs60-f1.000-r00:073493.285: Loop 68/100
exp067-n3072-k16-d210-bs60-f1.000-r00:074399.912: log(exp-norms): [3072.0, 3074.07, 3075.17]
exp067-n3072-k16-d210-bs60-f1.000-r00:074399.912: log(norms):     [3072.0, 3074.86, 3076.77, 3076.83, 3076.83, 3076.81, 3076.98, 3076.84, 3076.94, 3076.91]
exp067-n3072-k16-d210-bs60-f1.000-r00:074399.932: (907 sec)
exp067-n3072-k16-d210-bs60-f1.000-r00:074399.933: Loop 69/100
exp067-n3072-k16-d210-bs60-f1.000-r00:075331.635: log(exp-norms): [3072.0, 3074.07, 3075.17]
exp067-n3072-k16-d210-bs60-f1.000-r00:075331.636: log(norms):     [3072.0, 3074.86, 3076.77, 3076.83, 3076.83, 3076.81, 3076.98, 3076.84, 3076.94, 3076.86]
exp067-n3072-k16-d210-bs60-f1.000-r00:075331.657: (932 sec)
exp067-n3072-k16-d210-bs60-f1.000-r00:075331.657: Loop 70/100
exp067-n3072-k16-d210-bs60-f1.000-r00:076256.923: log(exp-norms): [3072.0, 3074.07, 3075.17]
exp067-n3072-k16-d210-bs60-f1.000-r00:076256.923: log(norms):     [3072.0, 3074.86, 3076.77, 3076.83, 3076.83, 3076.81, 3076.98, 3076.84, 3076.94, 3076.86]
exp067-n3072-k16-d210-bs60-f1.000-r00:076256.943: (926 sec)
exp067-n3072-k16-d210-bs60-f1.000-r00:076256.943: Loop 71/100
exp067-n3072-k16-d210-bs60-f1.000-r00:077175.636: log(exp-norms): [3072.0, 3074.07, 3075.17]
exp067-n3072-k16-d210-bs60-f1.000-r00:077175.636: log(norms):     [3072.0, 3074.86, 3076.77, 3076.83, 3076.83, 3076.81, 3076.98, 3076.84, 3076.94, 3076.86]
exp067-n3072-k16-d210-bs60-f1.000-r00:077175.656: (919 sec)
exp067-n3072-k16-d210-bs60-f1.000-r00:077175.656: Loop 72/100
exp067-n3072-k16-d210-bs60-f1.000-r00:078102.447: log(exp-norms): [3072.0, 3074.07, 3075.17]
exp067-n3072-k16-d210-bs60-f1.000-r00:078102.448: log(norms):     [3072.0, 3074.86, 3076.77, 3076.83, 3076.83, 3076.81, 3076.98, 3076.84, 3076.94, 3076.86]
exp067-n3072-k16-d210-bs60-f1.000-r00:078102.468: (927 sec)
exp067-n3072-k16-d210-bs60-f1.000-r00:078102.468: Loop 73/100
exp067-n3072-k16-d210-bs60-f1.000-r00:079042.912: log(exp-norms): [3072.0, 3074.07, 3075.17]
exp067-n3072-k16-d210-bs60-f1.000-r00:079042.912: log(norms):     [3072.0, 3074.86, 3076.77, 3076.83, 3076.83, 3076.81, 3076.98, 3076.84, 3076.94, 3076.86]
exp067-n3072-k16-d210-bs60-f1.000-r00:079042.932: (941 sec)
exp067-n3072-k16-d210-bs60-f1.000-r00:079042.932: Loop 74/100
exp067-n3072-k16-d210-bs60-f1.000-r00:079960.286: log(exp-norms): [3072.0, 3074.07, 3075.17]
exp067-n3072-k16-d210-bs60-f1.000-r00:079960.287: log(norms):     [3072.0, 3074.86, 3076.77, 3076.83, 3076.83, 3076.82, 3076.88, 3076.9, 3076.98, 3076.84]
exp067-n3072-k16-d210-bs60-f1.000-r00:079960.306: (918 sec)
exp067-n3072-k16-d210-bs60-f1.000-r00:079960.307: Loop 75/100
exp067-n3072-k16-d210-bs60-f1.000-r00:080867.767: log(exp-norms): [3072.0, 3074.07, 3075.17]
exp067-n3072-k16-d210-bs60-f1.000-r00:080867.767: log(norms):     [3072.0, 3074.86, 3076.77, 3076.83, 3076.83, 3076.82, 3076.88, 3076.9, 3076.98, 3076.84]
exp067-n3072-k16-d210-bs60-f1.000-r00:080867.787: (908 sec)
exp067-n3072-k16-d210-bs60-f1.000-r00:080867.788: Loop 76/100
exp067-n3072-k16-d210-bs60-f1.000-r00:081757.062: log(exp-norms): [3072.0, 3074.07, 3075.17]
exp067-n3072-k16-d210-bs60-f1.000-r00:081757.063: log(norms):     [3072.0, 3074.86, 3076.77, 3076.83, 3076.83, 3076.82, 3076.88, 3076.9, 3076.98, 3076.84]
exp067-n3072-k16-d210-bs60-f1.000-r00:081757.083: (890 sec)
exp067-n3072-k16-d210-bs60-f1.000-r00:081757.083: Loop 77/100
exp067-n3072-k16-d210-bs60-f1.000-r00:082648.495: log(exp-norms): [3072.0, 3074.07, 3075.17]
exp067-n3072-k16-d210-bs60-f1.000-r00:082648.496: log(norms):     [3072.0, 3074.86, 3076.77, 3076.83, 3076.83, 3076.82, 3076.88, 3076.9, 3076.98, 3076.84]
exp067-n3072-k16-d210-bs60-f1.000-r00:082648.516: (892 sec)
exp067-n3072-k16-d210-bs60-f1.000-r00:082648.516: Loop 78/100
exp067-n3072-k16-d210-bs60-f1.000-r00:083555.669: log(exp-norms): [3072.0, 3074.07, 3075.17]
exp067-n3072-k16-d210-bs60-f1.000-r00:083555.669: log(norms):     [3072.0, 3074.86, 3076.77, 3076.83, 3076.83, 3076.82, 3076.88, 3076.9, 3076.98, 3076.84]
exp067-n3072-k16-d210-bs60-f1.000-r00:083555.689: (908 sec)
exp067-n3072-k16-d210-bs60-f1.000-r00:083555.689: Loop 79/100
exp067-n3072-k16-d210-bs60-f1.000-r00:084475.605: log(exp-norms): [3072.0, 3074.07, 3075.17]
exp067-n3072-k16-d210-bs60-f1.000-r00:084475.606: log(norms):     [3072.0, 3074.86, 3076.77, 3076.83, 3076.83, 3076.82, 3076.88, 3076.9, 3076.98, 3076.84]
exp067-n3072-k16-d210-bs60-f1.000-r00:084475.626: (920 sec)
exp067-n3072-k16-d210-bs60-f1.000-r00:084475.626: Loop 80/100
exp067-n3072-k16-d210-bs60-f1.000-r00:085367.808: log(exp-norms): [3072.0, 3074.07, 3075.17]
exp067-n3072-k16-d210-bs60-f1.000-r00:085367.808: log(norms):     [3072.0, 3074.86, 3076.77, 3076.83, 3076.83, 3076.82, 3076.88, 3076.9, 3076.98, 3076.84]
exp067-n3072-k16-d210-bs60-f1.000-r00:085367.828: (893 sec)
exp067-n3072-k16-d210-bs60-f1.000-r00:085367.829: Loop 81/100
exp067-n3072-k16-d210-bs60-f1.000-r00:086277.706: log(exp-norms): [3072.0, 3074.07, 3075.17]
exp067-n3072-k16-d210-bs60-f1.000-r00:086277.706: log(norms):     [3072.0, 3074.86, 3076.77, 3076.83, 3076.83, 3076.82, 3076.88, 3076.9, 3076.98, 3076.84]
exp067-n3072-k16-d210-bs60-f1.000-r00:086277.726: (910 sec)
exp067-n3072-k16-d210-bs60-f1.000-r00:086277.726: Loop 82/100
exp067-n3072-k16-d210-bs60-f1.000-r00:087197.928: log(exp-norms): [3072.0, 3074.07, 3075.17]
exp067-n3072-k16-d210-bs60-f1.000-r00:087197.929: log(norms):     [3072.0, 3074.86, 3076.77, 3076.83, 3076.83, 3076.82, 3076.88, 3076.9, 3076.98, 3076.84]
exp067-n3072-k16-d210-bs60-f1.000-r00:087197.949: (921 sec)
exp067-n3072-k16-d210-bs60-f1.000-r00:087197.949: Loop 83/100
exp067-n3072-k16-d210-bs60-f1.000-r00:088129.018: log(exp-norms): [3072.0, 3074.07, 3075.17]
exp067-n3072-k16-d210-bs60-f1.000-r00:088129.018: log(norms):     [3072.0, 3074.86, 3076.77, 3076.83, 3076.83, 3076.82, 3076.88, 3076.9, 3076.98, 3076.84]
exp067-n3072-k16-d210-bs60-f1.000-r00:088129.038: (932 sec)
exp067-n3072-k16-d210-bs60-f1.000-r00:088129.038: Loop 84/100
exp067-n3072-k16-d210-bs60-f1.000-r00:089019.105: log(exp-norms): [3072.0, 3074.07, 3075.17]
exp067-n3072-k16-d210-bs60-f1.000-r00:089019.105: log(norms):     [3072.0, 3074.86, 3076.77, 3076.83, 3076.83, 3076.82, 3076.88, 3076.9, 3076.98, 3076.84]
exp067-n3072-k16-d210-bs60-f1.000-r00:089019.125: (891 sec)
exp067-n3072-k16-d210-bs60-f1.000-r00:089019.125: Loop 85/100
exp067-n3072-k16-d210-bs60-f1.000-r00:089904.723: log(exp-norms): [3072.0, 3074.07, 3075.17]
exp067-n3072-k16-d210-bs60-f1.000-r00:089904.723: log(norms):     [3072.0, 3074.86, 3076.77, 3076.83, 3076.83, 3076.82, 3076.88, 3076.9, 3076.98, 3076.84]
exp067-n3072-k16-d210-bs60-f1.000-r00:089904.743: (886 sec)
exp067-n3072-k16-d210-bs60-f1.000-r00:089904.743: Loop 86/100
exp067-n3072-k16-d210-bs60-f1.000-r00:090821.226: log(exp-norms): [3072.0, 3074.07, 3075.17]
exp067-n3072-k16-d210-bs60-f1.000-r00:090821.226: log(norms):     [3072.0, 3074.86, 3076.77, 3076.83, 3076.83, 3076.82, 3076.88, 3076.9, 3076.98, 3076.84]
exp067-n3072-k16-d210-bs60-f1.000-r00:090821.246: (917 sec)
exp067-n3072-k16-d210-bs60-f1.000-r00:090821.246: Loop 87/100
exp067-n3072-k16-d210-bs60-f1.000-r00:091760.478: log(exp-norms): [3072.0, 3074.07, 3075.17]
exp067-n3072-k16-d210-bs60-f1.000-r00:091760.479: log(norms):     [3072.0, 3074.86, 3076.77, 3076.83, 3076.83, 3076.82, 3076.88, 3076.9, 3076.98, 3076.84]
exp067-n3072-k16-d210-bs60-f1.000-r00:091760.499: (940 sec)
exp067-n3072-k16-d210-bs60-f1.000-r00:091760.499: Loop 88/100
exp067-n3072-k16-d210-bs60-f1.000-r00:092659.795: log(exp-norms): [3072.0, 3074.07, 3075.17]
exp067-n3072-k16-d210-bs60-f1.000-r00:092659.796: log(norms):     [3072.0, 3074.86, 3076.77, 3076.83, 3076.83, 3076.82, 3076.88, 3076.9, 3077.2, 3076.98]
exp067-n3072-k16-d210-bs60-f1.000-r00:092659.816: (900 sec)
exp067-n3072-k16-d210-bs60-f1.000-r00:092659.816: Loop 89/100
exp067-n3072-k16-d210-bs60-f1.000-r00:093592.801: log(exp-norms): [3072.0, 3074.07, 3075.17]
exp067-n3072-k16-d210-bs60-f1.000-r00:093592.802: log(norms):     [3072.0, 3074.86, 3076.77, 3076.83, 3076.83, 3076.82, 3076.88, 3076.9, 3077.2, 3076.98]
exp067-n3072-k16-d210-bs60-f1.000-r00:093592.822: (934 sec)
exp067-n3072-k16-d210-bs60-f1.000-r00:093592.822: Loop 90/100
exp067-n3072-k16-d210-bs60-f1.000-r00:094502.298: log(exp-norms): [3072.0, 3074.07, 3075.17]
exp067-n3072-k16-d210-bs60-f1.000-r00:094502.298: log(norms):     [3072.0, 3074.86, 3076.77, 3076.83, 3076.83, 3076.9, 3076.93, 3076.98, 3077.1, 3076.81]
exp067-n3072-k16-d210-bs60-f1.000-r00:094502.318: (910 sec)
exp067-n3072-k16-d210-bs60-f1.000-r00:094502.318: Loop 91/100
exp067-n3072-k16-d210-bs60-f1.000-r00:095400.897: log(exp-norms): [3072.0, 3074.07, 3075.17]
exp067-n3072-k16-d210-bs60-f1.000-r00:095400.897: log(norms):     [3072.0, 3074.86, 3076.77, 3076.83, 3076.83, 3076.9, 3076.93, 3076.98, 3077.1, 3076.81]
exp067-n3072-k16-d210-bs60-f1.000-r00:095400.917: (899 sec)
exp067-n3072-k16-d210-bs60-f1.000-r00:095400.917: Loop 92/100
exp067-n3072-k16-d210-bs60-f1.000-r00:096308.329: log(exp-norms): [3072.0, 3074.07, 3075.17]
exp067-n3072-k16-d210-bs60-f1.000-r00:096308.329: log(norms):     [3072.0, 3074.86, 3076.77, 3076.83, 3076.83, 3076.9, 3076.93, 3076.98, 3077.1, 3076.81]
exp067-n3072-k16-d210-bs60-f1.000-r00:096308.350: (908 sec)
exp067-n3072-k16-d210-bs60-f1.000-r00:096308.350: Loop 93/100
exp067-n3072-k16-d210-bs60-f1.000-r00:097225.771: log(exp-norms): [3072.0, 3074.07, 3075.17]
exp067-n3072-k16-d210-bs60-f1.000-r00:097225.771: log(norms):     [3072.0, 3074.86, 3076.77, 3076.83, 3076.83, 3076.9, 3076.93, 3076.98, 3077.1, 3076.81]
exp067-n3072-k16-d210-bs60-f1.000-r00:097225.791: (918 sec)
exp067-n3072-k16-d210-bs60-f1.000-r00:097225.791: Loop 94/100
exp067-n3072-k16-d210-bs60-f1.000-r00:098125.640: log(exp-norms): [3072.0, 3074.07, 3075.17]
exp067-n3072-k16-d210-bs60-f1.000-r00:098125.641: log(norms):     [3072.0, 3074.86, 3076.77, 3076.83, 3076.83, 3076.9, 3076.93, 3076.98, 3077.1, 3076.81]
exp067-n3072-k16-d210-bs60-f1.000-r00:098125.661: (900 sec)
exp067-n3072-k16-d210-bs60-f1.000-r00:098125.661: Loop 95/100
exp067-n3072-k16-d210-bs60-f1.000-r00:099048.909: log(exp-norms): [3072.0, 3074.07, 3075.17]
exp067-n3072-k16-d210-bs60-f1.000-r00:099048.909: log(norms):     [3072.0, 3074.86, 3076.77, 3076.83, 3076.83, 3076.9, 3076.93, 3076.98, 3077.1, 3076.81]
exp067-n3072-k16-d210-bs60-f1.000-r00:099048.930: (924 sec)
exp067-n3072-k16-d210-bs60-f1.000-r00:099048.930: Loop 96/100
exp067-n3072-k16-d210-bs60-f1.000-r00:099945.736: log(exp-norms): [3072.0, 3074.07, 3075.17]
exp067-n3072-k16-d210-bs60-f1.000-r00:099945.736: log(norms):     [3072.0, 3074.86, 3076.77, 3076.83, 3076.83, 3076.9, 3076.93, 3076.98, 3077.1, 3076.81]
exp067-n3072-k16-d210-bs60-f1.000-r00:099945.756: (897 sec)
exp067-n3072-k16-d210-bs60-f1.000-r00:099945.756: Loop 97/100
exp067-n3072-k16-d210-bs60-f1.000-r00:100864.081: log(exp-norms): [3072.0, 3074.07, 3075.17]
exp067-n3072-k16-d210-bs60-f1.000-r00:100864.082: log(norms):     [3072.0, 3074.86, 3076.77, 3076.83, 3076.83, 3076.9, 3076.93, 3076.98, 3077.1, 3076.81]
exp067-n3072-k16-d210-bs60-f1.000-r00:100864.103: (919 sec)
exp067-n3072-k16-d210-bs60-f1.000-r00:100864.103: Loop 98/100
exp067-n3072-k16-d210-bs60-f1.000-r00:101782.867: log(exp-norms): [3072.0, 3074.07, 3075.17]
exp067-n3072-k16-d210-bs60-f1.000-r00:101782.868: log(norms):     [3072.0, 3074.86, 3076.77, 3076.83, 3076.83, 3076.9, 3076.93, 3076.96, 3076.98, 3077.1]
exp067-n3072-k16-d210-bs60-f1.000-r00:101782.888: (919 sec)
exp067-n3072-k16-d210-bs60-f1.000-r00:101782.888: Loop 99/100
exp067-n3072-k16-d210-bs60-f1.000-r00:102674.350: log(exp-norms): [3072.0, 3074.07, 3075.17]
exp067-n3072-k16-d210-bs60-f1.000-r00:102674.350: log(norms):     [3072.0, 3074.86, 3076.77, 3076.83, 3076.83, 3076.9, 3076.93, 3076.96, 3076.98, 3077.1]
exp067-n3072-k16-d210-bs60-f1.000-r00:102674.370: (892 sec)
exp067-n3072-k16-d210-bs60-f1.000-r00:102674.371: Loop 100/100
exp067-n3072-k16-d210-bs60-f1.000-r00:103592.644: log(exp-norms): [3072.0, 3074.07, 3075.17]
exp067-n3072-k16-d210-bs60-f1.000-r00:103592.644: log(norms):     [3072.0, 3074.86, 3076.77, 3076.83, 3076.83, 3076.9, 3076.93, 3076.96, 3076.85, 3077.09]
exp067-n3072-k16-d210-bs60-f1.000-r00:103592.666: (919 sec)
exp067-n3072-k16-d210-bs60-f1.000-r00:103592.666: ==========================Summary===========================
exp067-n3072-k16-d210-bs60-f1.000-r00:103592.666: Total time: 103593sec
exp067-n3072-k16-d210-bs60-f1.000-r00:103592.666: FAIL
exp067-n3072-k16-d210-bs60-f1.000-r00:103592.666: SUMMARY:n:3072:k:16:d:210:bs:60:t:103593:r:False
