exp024-n2048-k12-d250-bs60-f1.000-r07:000000.300: ==========================Instance==========================
exp024-n2048-k12-d250-bs60-f1.000-r07:000000.301: # of equations: 250
exp024-n2048-k12-d250-bs60-f1.000-r07:000000.305: Gap: 11.01
exp024-n2048-k12-d250-bs60-f1.000-r07:000000.313: Tau: 31.57
exp024-n2048-k12-d250-bs60-f1.000-r07:000000.314: ======================BKZ-60 reduction======================
exp024-n2048-k12-d250-bs60-f1.000-r07:000007.962: Expectedly achievable log(norm): 2055.80
exp024-n2048-k12-d250-bs60-f1.000-r07:000015.966: log(exp-norms): [2047.94, 2050.14, 2053.6]
exp024-n2048-k12-d250-bs60-f1.000-r07:000015.967: log(norms):     [2063.04, 2050.93, 2059.89, 2059.89, 2059.89, 2059.89, 2059.89, 2059.89, 2059.89, 2059.89]
exp024-n2048-k12-d250-bs60-f1.000-r07:000016.046: Loop 1/100
exp024-n2048-k12-d250-bs60-f1.000-r07:005598.955: log(exp-norms): [2047.94, 2050.14, 2053.6]
exp024-n2048-k12-d250-bs60-f1.000-r07:005598.956: log(norms):     [2050.93, 2058.74, 2058.76, 2058.75, 2058.79, 2058.85, 2058.97, 2058.82, 2058.94, 2058.91]
exp024-n2048-k12-d250-bs60-f1.000-r07:005598.980: (5583 sec)
exp024-n2048-k12-d250-bs60-f1.000-r07:005598.980: Loop 2/100
exp024-n2048-k12-d250-bs60-f1.000-r07:007354.580: log(exp-norms): [2047.94, 2050.14, 2053.6]
exp024-n2048-k12-d250-bs60-f1.000-r07:007354.580: log(norms):     [2047.94, 2050.93, 2058.05, 2058.14, 2058.24, 2058.36, 2058.25, 2058.38, 2058.11, 2058.32]
exp024-n2048-k12-d250-bs60-f1.000-r07:007354.603: (1756 sec)
exp024-n2048-k12-d250-bs60-f1.000-r07:007354.604: Loop 3/100
exp024-n2048-k12-d250-bs60-f1.000-r07:009023.760: log(exp-norms): [2047.94, 2050.14, 2053.6]
exp024-n2048-k12-d250-bs60-f1.000-r07:009023.760: log(norms):     [2047.94, 2050.93, 2057.7, 2057.71, 2057.69, 2057.69, 2057.73, 2057.68, 2057.92, 2057.98]
exp024-n2048-k12-d250-bs60-f1.000-r07:009023.784: (1670 sec)
exp024-n2048-k12-d250-bs60-f1.000-r07:009023.784: Loop 4/100
exp024-n2048-k12-d250-bs60-f1.000-r07:010685.073: log(exp-norms): [2047.94, 2050.14, 2053.6]
exp024-n2048-k12-d250-bs60-f1.000-r07:010685.074: log(norms):     [2047.94, 2050.93, 2057.18, 2057.31, 2057.25, 2057.44, 2057.51, 2057.39, 2057.37, 2057.44]
exp024-n2048-k12-d250-bs60-f1.000-r07:010685.097: (1662 sec)
exp024-n2048-k12-d250-bs60-f1.000-r07:010685.097: Loop 5/100
exp024-n2048-k12-d250-bs60-f1.000-r07:012259.511: log(exp-norms): [2047.94, 2050.14, 2053.6]
exp024-n2048-k12-d250-bs60-f1.000-r07:012259.512: log(norms):     [2047.94, 2050.93, 2056.89, 2056.98, 2056.99, 2056.97, 2057.07, 2057.09, 2057.19, 2056.97]
exp024-n2048-k12-d250-bs60-f1.000-r07:012259.535: (1575 sec)
exp024-n2048-k12-d250-bs60-f1.000-r07:012259.536: Loop 6/100
exp024-n2048-k12-d250-bs60-f1.000-r07:013789.176: log(exp-norms): [2047.94, 2050.14, 2053.6]
exp024-n2048-k12-d250-bs60-f1.000-r07:013789.177: log(norms):     [2047.94, 2050.93, 2056.71, 2056.75, 2056.79, 2056.87, 2056.68, 2056.76, 2056.95, 2056.84]
exp024-n2048-k12-d250-bs60-f1.000-r07:013789.200: (1530 sec)
exp024-n2048-k12-d250-bs60-f1.000-r07:013789.200: ==========================Summary===========================
exp024-n2048-k12-d250-bs60-f1.000-r07:013789.200: Total time: 13789sec
exp024-n2048-k12-d250-bs60-f1.000-r07:013789.200: SUCCESS
exp024-n2048-k12-d250-bs60-f1.000-r07:013789.200: HNP solution: 21233953369665221563135936288895559299410572024710758415069488404715343447591128196283387980860955706050487247733296017143307117337889046566183811728327490953024253639724313506212776468954169451008373738109253583813006591030150094639664637056398908354346673168503441038841985369786146685299075745090451848200659333486281824725654963499264632742816542918489530648113749433724970308671504046290433646975678983777072236803209388539341996118946422823095733345190585563108527031383822342329592500460889353495185338316879793530030675542232603805950651682039327598153868662563687715755854004230161935593017742926016918213584
exp024-n2048-k12-d250-bs60-f1.000-r07:013789.200: Shared secret: 21233953369665221563135936288895559299410572024710758415069488404715343447591128196283387980860955706050487247733296017143307117337889046566183811728327490953024253639724313506212776468954169451008373738109253583813006591030150094639664637056398908354346673168503441038841985369786146685299075745090451848200659333486281824725654963499264632742816542918489530648113749433724970308671504046290433646975678983777072236803209388539341996118946422823095733345190585563108527031383822342329592500460889353495185338316879793530030675542232603805950651682039327598153868662563687715755854004230161935593017742926016918213584
exp024-n2048-k12-d250-bs60-f1.000-r07:013789.201: SUMMARY:n:2048:k:12:d:250:bs:60:t:13789:r:True
