exp012-n3072-k20-d190-bs40-f1.000-r03:000000.345: ==========================Instance==========================
exp012-n3072-k20-d190-bs40-f1.000-r03:000000.346: # of equations: 190
exp012-n3072-k20-d190-bs40-f1.000-r03:000000.350: Gap: 11.53
exp012-n3072-k20-d190-bs40-f1.000-r03:000000.361: Tau: 39.67
exp012-n3072-k20-d190-bs40-f1.000-r03:000000.362: ======================BKZ-40 reduction======================
exp012-n3072-k20-d190-bs40-f1.000-r03:000004.899: Expectedly achievable log(norm): 3079.23
exp012-n3072-k20-d190-bs40-f1.000-r03:000009.436: log(exp-norms): [3072.0, 3074.0, 3077.53]
exp012-n3072-k20-d190-bs40-f1.000-r03:000009.437: log(norms):     [3094.96, 3074.79, 3092.0, 3092.0, 3092.0, 3092.0, 3092.0, 3092.0, 3092.0, 3092.0]
exp012-n3072-k20-d190-bs40-f1.000-r03:000009.544: Loop 1/100
exp012-n3072-k20-d190-bs40-f1.000-r03:002107.163: log(exp-norms): [3072.0, 3074.0, 3077.53]
exp012-n3072-k20-d190-bs40-f1.000-r03:002107.163: log(norms):     [3072.0, 3074.79, 3081.06, 3081.06, 3081.22, 3081.23, 3081.31, 3081.3, 3081.24, 3081.32]
exp012-n3072-k20-d190-bs40-f1.000-r03:002107.183: (2098 sec)
exp012-n3072-k20-d190-bs40-f1.000-r03:002107.183: Loop 2/100
exp012-n3072-k20-d190-bs40-f1.000-r03:002194.239: log(exp-norms): [3072.0, 3074.0, 3077.53]
exp012-n3072-k20-d190-bs40-f1.000-r03:002194.239: log(norms):     [3072.0, 3074.79, 3080.82, 3080.81, 3080.95, 3080.88, 3081.08, 3080.97, 3081.08, 3081.06]
exp012-n3072-k20-d190-bs40-f1.000-r03:002194.259: (88 sec)
exp012-n3072-k20-d190-bs40-f1.000-r03:002194.259: Loop 3/100
exp012-n3072-k20-d190-bs40-f1.000-r03:002273.803: log(exp-norms): [3072.0, 3074.0, 3077.53]
exp012-n3072-k20-d190-bs40-f1.000-r03:002273.804: log(norms):     [3072.0, 3074.79, 3080.62, 3080.64, 3080.82, 3080.69, 3080.63, 3080.71, 3080.79, 3080.87]
exp012-n3072-k20-d190-bs40-f1.000-r03:002273.823: (80 sec)
exp012-n3072-k20-d190-bs40-f1.000-r03:002273.824: Loop 4/100
exp012-n3072-k20-d190-bs40-f1.000-r03:002346.988: log(exp-norms): [3072.0, 3074.0, 3077.53]
exp012-n3072-k20-d190-bs40-f1.000-r03:002346.989: log(norms):     [3072.0, 3074.03, 3074.79, 3080.35, 3080.42, 3080.59, 3080.43, 3080.67, 3080.67, 3080.41]
exp012-n3072-k20-d190-bs40-f1.000-r03:002347.008: (74 sec)
exp012-n3072-k20-d190-bs40-f1.000-r03:002347.008: ==========================Summary===========================
exp012-n3072-k20-d190-bs40-f1.000-r03:002347.008: Total time: 2347sec
exp012-n3072-k20-d190-bs40-f1.000-r03:002347.008: SUCCESS
exp012-n3072-k20-d190-bs40-f1.000-r03:002347.008: HNP solution: 1239988178999471610934306707196198152280808893482957575216622776951283542726392685712732252016336499544846076633118892305459885627411893877317369206651191052794462961390241846917283121658057229663835871709964835148155057654563527367989546928218597744178854588523643973955286124718405757522848172307899618612751768912631234184858947113380881735070683627894742107896336132891821225565011266723888385490142261671129214356222754359601550810098614981912521234871823331588520130795934123970563831915340310743443986121108677606360340256574321170775947487629824123335268842666881374674214375555187095435296545930045950806767721689246482379928556996865000291388455009310120608233394691912797967663672724684753112411484589297361262291412778281872852062933032190356805974028982798496436144546365617566804172230577777792540709347391694488911692834195478142025259850492003612302642726522379258881065863056166999267212528852263878372751417
exp012-n3072-k20-d190-bs40-f1.000-r03:002347.009: Shared secret: 1239988178999471610934306707196198152280808893482957575216622776951283542726392685712732252016336499544846076633118892305459885627411893877317369206651191052794462961390241846917283121658057229663835871709964835148155057654563527367989546928218597744178854588523643973955286124718405757522848172307899618612751768912631234184858947113380881735070683627894742107896336132891821225565011266723888385490142261671129214356222754359601550810098614981912521234871823331588520130795934123970563831915340310743443986121108677606360340256574321170775947487629824123335268842666881374674214375555187095435296545930045950806767721689246482379928556996865000291388455009310120608233394691912797967663672724684753112411484589297361262291412778281872852062933032190356805974028982798496436144546365617566804172230577777792540709347391694488911692834195478142025259850492003612302642726522379258881065863056166999267212528852263878372751417
exp012-n3072-k20-d190-bs40-f1.000-r03:002347.009: SUMMARY:n:3072:k:20:d:190:bs:40:t:2347:r:True
