exp019-n2048-k12-d250-bs60-f1.000-r02:000000.304: ==========================Instance==========================
exp019-n2048-k12-d250-bs60-f1.000-r02:000000.304: # of equations: 250
exp019-n2048-k12-d250-bs60-f1.000-r02:000000.308: Gap: 11.01
exp019-n2048-k12-d250-bs60-f1.000-r02:000000.316: Tau: 31.57
exp019-n2048-k12-d250-bs60-f1.000-r02:000000.317: ======================BKZ-60 reduction======================
exp019-n2048-k12-d250-bs60-f1.000-r02:000006.445: Expectedly achievable log(norm): 2055.80
exp019-n2048-k12-d250-bs60-f1.000-r02:000014.494: log(exp-norms): [2047.94, 2050.14, 2053.6]
exp019-n2048-k12-d250-bs60-f1.000-r02:000014.494: log(norms):     [2063.04, 2050.93, 2059.89, 2059.89, 2059.89, 2059.89, 2059.89, 2059.89, 2059.89, 2059.89]
exp019-n2048-k12-d250-bs60-f1.000-r02:000014.606: Loop 1/100
exp019-n2048-k12-d250-bs60-f1.000-r02:005576.991: log(exp-norms): [2047.94, 2050.14, 2053.6]
exp019-n2048-k12-d250-bs60-f1.000-r02:005576.991: log(norms):     [2050.93, 2058.74, 2058.76, 2058.75, 2058.79, 2058.85, 2058.97, 2058.82, 2058.94, 2058.91]
exp019-n2048-k12-d250-bs60-f1.000-r02:005577.015: (5563 sec)
exp019-n2048-k12-d250-bs60-f1.000-r02:005577.015: Loop 2/100
exp019-n2048-k12-d250-bs60-f1.000-r02:007338.226: log(exp-norms): [2047.94, 2050.14, 2053.6]
exp019-n2048-k12-d250-bs60-f1.000-r02:007338.226: log(norms):     [2047.94, 2050.93, 2058.05, 2058.14, 2058.24, 2058.36, 2058.25, 2058.38, 2058.11, 2058.32]
exp019-n2048-k12-d250-bs60-f1.000-r02:007338.250: (1762 sec)
exp019-n2048-k12-d250-bs60-f1.000-r02:007338.250: Loop 3/100
exp019-n2048-k12-d250-bs60-f1.000-r02:009014.105: log(exp-norms): [2047.94, 2050.14, 2053.6]
exp019-n2048-k12-d250-bs60-f1.000-r02:009014.105: log(norms):     [2047.94, 2050.93, 2057.7, 2057.71, 2057.69, 2057.69, 2057.73, 2057.68, 2057.92, 2057.98]
exp019-n2048-k12-d250-bs60-f1.000-r02:009014.130: (1676 sec)
exp019-n2048-k12-d250-bs60-f1.000-r02:009014.130: Loop 4/100
exp019-n2048-k12-d250-bs60-f1.000-r02:010683.507: log(exp-norms): [2047.94, 2050.14, 2053.6]
exp019-n2048-k12-d250-bs60-f1.000-r02:010683.508: log(norms):     [2047.94, 2050.93, 2057.18, 2057.31, 2057.25, 2057.44, 2057.51, 2057.39, 2057.37, 2057.44]
exp019-n2048-k12-d250-bs60-f1.000-r02:010683.532: (1670 sec)
exp019-n2048-k12-d250-bs60-f1.000-r02:010683.533: Loop 5/100
exp019-n2048-k12-d250-bs60-f1.000-r02:012257.322: log(exp-norms): [2047.94, 2050.14, 2053.6]
exp019-n2048-k12-d250-bs60-f1.000-r02:012257.322: log(norms):     [2047.94, 2050.93, 2056.89, 2056.98, 2056.99, 2056.97, 2057.07, 2057.09, 2057.19, 2056.97]
exp019-n2048-k12-d250-bs60-f1.000-r02:012257.347: (1574 sec)
exp019-n2048-k12-d250-bs60-f1.000-r02:012257.348: Loop 6/100
exp019-n2048-k12-d250-bs60-f1.000-r02:013788.772: log(exp-norms): [2047.94, 2050.14, 2053.6]
exp019-n2048-k12-d250-bs60-f1.000-r02:013788.773: log(norms):     [2047.94, 2050.93, 2056.71, 2056.75, 2056.79, 2056.87, 2056.68, 2056.76, 2056.95, 2056.84]
exp019-n2048-k12-d250-bs60-f1.000-r02:013788.797: (1532 sec)
exp019-n2048-k12-d250-bs60-f1.000-r02:013788.797: ==========================Summary===========================
exp019-n2048-k12-d250-bs60-f1.000-r02:013788.798: Total time: 13789sec
exp019-n2048-k12-d250-bs60-f1.000-r02:013788.798: SUCCESS
exp019-n2048-k12-d250-bs60-f1.000-r02:013788.798: HNP solution: 21233953369665221563135936288895559299410572024710758415069488404715343447591128196283387980860955706050487247733296017143307117337889046566183811728327490953024253639724313506212776468954169451008373738109253583813006591030150094639664637056398908354346673168503441038841985369786146685299075745090451848200659333486281824725654963499264632742816542918489530648113749433724970308671504046290433646975678983777072236803209388539341996118946422823095733345190585563108527031383822342329592500460889353495185338316879793530030675542232603805950651682039327598153868662563687715755854004230161935593017742926016918213584
exp019-n2048-k12-d250-bs60-f1.000-r02:013788.798: Shared secret: 21233953369665221563135936288895559299410572024710758415069488404715343447591128196283387980860955706050487247733296017143307117337889046566183811728327490953024253639724313506212776468954169451008373738109253583813006591030150094639664637056398908354346673168503441038841985369786146685299075745090451848200659333486281824725654963499264632742816542918489530648113749433724970308671504046290433646975678983777072236803209388539341996118946422823095733345190585563108527031383822342329592500460889353495185338316879793530030675542232603805950651682039327598153868662563687715755854004230161935593017742926016918213584
exp019-n2048-k12-d250-bs60-f1.000-r02:013788.798: SUMMARY:n:2048:k:12:d:250:bs:60:t:13789:r:True
