exp009-n3072-k20-d190-bs40-f1.000-r00:000000.354: ==========================Instance==========================
exp009-n3072-k20-d190-bs40-f1.000-r00:000000.354: # of equations: 190
exp009-n3072-k20-d190-bs40-f1.000-r00:000000.359: Gap: 11.53
exp009-n3072-k20-d190-bs40-f1.000-r00:000000.370: Tau: 39.67
exp009-n3072-k20-d190-bs40-f1.000-r00:000000.370: ======================BKZ-40 reduction======================
exp009-n3072-k20-d190-bs40-f1.000-r00:000005.411: Expectedly achievable log(norm): 3079.23
exp009-n3072-k20-d190-bs40-f1.000-r00:000010.475: log(exp-norms): [3072.0, 3074.0, 3077.53]
exp009-n3072-k20-d190-bs40-f1.000-r00:000010.475: log(norms):     [3094.96, 3074.79, 3092.0, 3092.0, 3092.0, 3092.0, 3092.0, 3092.0, 3092.0, 3092.0]
exp009-n3072-k20-d190-bs40-f1.000-r00:000010.541: Loop 1/100
exp009-n3072-k20-d190-bs40-f1.000-r00:002139.349: log(exp-norms): [3072.0, 3074.0, 3077.53]
exp009-n3072-k20-d190-bs40-f1.000-r00:002139.350: log(norms):     [3072.0, 3074.79, 3081.06, 3081.06, 3081.22, 3081.23, 3081.31, 3081.3, 3081.24, 3081.32]
exp009-n3072-k20-d190-bs40-f1.000-r00:002139.371: (2129 sec)
exp009-n3072-k20-d190-bs40-f1.000-r00:002139.372: Loop 2/100
exp009-n3072-k20-d190-bs40-f1.000-r00:002226.206: log(exp-norms): [3072.0, 3074.0, 3077.53]
exp009-n3072-k20-d190-bs40-f1.000-r00:002226.207: log(norms):     [3072.0, 3074.79, 3080.82, 3080.81, 3080.95, 3080.88, 3081.08, 3080.97, 3081.08, 3081.06]
exp009-n3072-k20-d190-bs40-f1.000-r00:002226.226: (87 sec)
exp009-n3072-k20-d190-bs40-f1.000-r00:002226.226: Loop 3/100
exp009-n3072-k20-d190-bs40-f1.000-r00:002305.641: log(exp-norms): [3072.0, 3074.0, 3077.53]
exp009-n3072-k20-d190-bs40-f1.000-r00:002305.641: log(norms):     [3072.0, 3074.79, 3080.62, 3080.64, 3080.82, 3080.69, 3080.63, 3080.71, 3080.79, 3080.87]
exp009-n3072-k20-d190-bs40-f1.000-r00:002305.660: (80 sec)
exp009-n3072-k20-d190-bs40-f1.000-r00:002305.661: Loop 4/100
exp009-n3072-k20-d190-bs40-f1.000-r00:002378.495: log(exp-norms): [3072.0, 3074.0, 3077.53]
exp009-n3072-k20-d190-bs40-f1.000-r00:002378.496: log(norms):     [3072.0, 3074.03, 3074.79, 3080.35, 3080.42, 3080.59, 3080.43, 3080.67, 3080.67, 3080.41]
exp009-n3072-k20-d190-bs40-f1.000-r00:002378.515: (73 sec)
exp009-n3072-k20-d190-bs40-f1.000-r00:002378.515: ==========================Summary===========================
exp009-n3072-k20-d190-bs40-f1.000-r00:002378.515: Total time: 2379sec
exp009-n3072-k20-d190-bs40-f1.000-r00:002378.515: SUCCESS
exp009-n3072-k20-d190-bs40-f1.000-r00:002378.515: HNP solution: 1239988178999471610934306707196198152280808893482957575216622776951283542726392685712732252016336499544846076633118892305459885627411893877317369206651191052794462961390241846917283121658057229663835871709964835148155057654563527367989546928218597744178854588523643973955286124718405757522848172307899618612751768912631234184858947113380881735070683627894742107896336132891821225565011266723888385490142261671129214356222754359601550810098614981912521234871823331588520130795934123970563831915340310743443986121108677606360340256574321170775947487629824123335268842666881374674214375555187095435296545930045950806767721689246482379928556996865000291388455009310120608233394691912797967663672724684753112411484589297361262291412778281872852062933032190356805974028982798496436144546365617566804172230577777792540709347391694488911692834195478142025259850492003612302642726522379258881065863056166999267212528852263878372751417
exp009-n3072-k20-d190-bs40-f1.000-r00:002378.515: Shared secret: 1239988178999471610934306707196198152280808893482957575216622776951283542726392685712732252016336499544846076633118892305459885627411893877317369206651191052794462961390241846917283121658057229663835871709964835148155057654563527367989546928218597744178854588523643973955286124718405757522848172307899618612751768912631234184858947113380881735070683627894742107896336132891821225565011266723888385490142261671129214356222754359601550810098614981912521234871823331588520130795934123970563831915340310743443986121108677606360340256574321170775947487629824123335268842666881374674214375555187095435296545930045950806767721689246482379928556996865000291388455009310120608233394691912797967663672724684753112411484589297361262291412778281872852062933032190356805974028982798496436144546365617566804172230577777792540709347391694488911692834195478142025259850492003612302642726522379258881065863056166999267212528852263878372751417
exp009-n3072-k20-d190-bs40-f1.000-r00:002378.515: SUMMARY:n:3072:k:20:d:190:bs:40:t:2379:r:True
