exp058-n1024-k12-d100-bs40-f1.000-r01:000000.226: ==========================Instance==========================
exp058-n1024-k12-d100-bs40-f1.000-r01:000000.226: # of equations: 100
exp058-n1024-k12-d100-bs40-f1.000-r01:000000.229: Gap: 1.91
exp058-n1024-k12-d100-bs40-f1.000-r01:000000.233: Tau: 1.50
exp058-n1024-k12-d100-bs40-f1.000-r01:000000.234: ======================BKZ-40 reduction======================
exp058-n1024-k12-d100-bs40-f1.000-r01:000001.893: Expectedly achievable log(norm): 1026.49
exp058-n1024-k12-d100-bs40-f1.000-r01:000003.345: log(exp-norms): [1023.47, 1025.01, 1025.95]
exp058-n1024-k12-d100-bs40-f1.000-r01:000003.345: log(norms):     [1037.47, 1025.8, 1034.94, 1034.94, 1034.94, 1034.94, 1034.94, 1034.94, 1034.94, 1034.94]
exp058-n1024-k12-d100-bs40-f1.000-r01:000003.449: Loop 1/100
exp058-n1024-k12-d100-bs40-f1.000-r01:000044.058: log(exp-norms): [1023.47, 1025.01, 1025.95]
exp058-n1024-k12-d100-bs40-f1.000-r01:000044.059: log(norms):     [1023.47, 1025.8, 1027.2, 1027.22, 1027.26, 1027.22, 1027.33, 1027.43, 1027.33, 1027.48]
exp058-n1024-k12-d100-bs40-f1.000-r01:000044.070: (41 sec)
exp058-n1024-k12-d100-bs40-f1.000-r01:000044.070: Loop 2/100
exp058-n1024-k12-d100-bs40-f1.000-r01:000053.724: log(exp-norms): [1023.47, 1025.01, 1025.95]
exp058-n1024-k12-d100-bs40-f1.000-r01:000053.724: log(norms):     [1023.47, 1025.8, 1026.85, 1026.99, 1027.07, 1027.04, 1027.03, 1027.12, 1027.01, 1027.0]
exp058-n1024-k12-d100-bs40-f1.000-r01:000053.735: (10 sec)
exp058-n1024-k12-d100-bs40-f1.000-r01:000053.736: Loop 3/100
exp058-n1024-k12-d100-bs40-f1.000-r01:000062.636: log(exp-norms): [1023.47, 1025.01, 1025.95]
exp058-n1024-k12-d100-bs40-f1.000-r01:000062.637: log(norms):     [1023.47, 1025.8, 1026.72, 1026.84, 1026.81, 1026.9, 1026.77, 1026.88, 1026.85, 1026.94]
exp058-n1024-k12-d100-bs40-f1.000-r01:000062.649: (9 sec)
exp058-n1024-k12-d100-bs40-f1.000-r01:000062.649: Loop 4/100
exp058-n1024-k12-d100-bs40-f1.000-r01:000071.391: log(exp-norms): [1023.47, 1025.01, 1025.95]
exp058-n1024-k12-d100-bs40-f1.000-r01:000071.391: log(norms):     [1023.47, 1025.8, 1026.72, 1026.84, 1026.8, 1026.59, 1026.73, 1026.92, 1026.68, 1026.58]
exp058-n1024-k12-d100-bs40-f1.000-r01:000071.407: (9 sec)
exp058-n1024-k12-d100-bs40-f1.000-r01:000071.407: Loop 5/100
exp058-n1024-k12-d100-bs40-f1.000-r01:000078.833: log(exp-norms): [1023.47, 1025.01, 1025.95]
exp058-n1024-k12-d100-bs40-f1.000-r01:000078.833: log(norms):     [1023.47, 1025.8, 1026.51, 1026.59, 1026.58, 1026.65, 1026.64, 1026.72, 1026.76, 1026.67]
exp058-n1024-k12-d100-bs40-f1.000-r01:000078.844: (8 sec)
exp058-n1024-k12-d100-bs40-f1.000-r01:000078.844: Loop 6/100
exp058-n1024-k12-d100-bs40-f1.000-r01:000086.330: log(exp-norms): [1023.47, 1025.01, 1025.95]
exp058-n1024-k12-d100-bs40-f1.000-r01:000086.330: log(norms):     [1023.47, 1025.8, 1026.48, 1026.61, 1026.58, 1026.51, 1026.67, 1026.73, 1026.59, 1026.81]
exp058-n1024-k12-d100-bs40-f1.000-r01:000086.342: (8 sec)
exp058-n1024-k12-d100-bs40-f1.000-r01:000086.342: Loop 7/100
exp058-n1024-k12-d100-bs40-f1.000-r01:000093.430: log(exp-norms): [1023.47, 1025.01, 1025.95]
exp058-n1024-k12-d100-bs40-f1.000-r01:000093.431: log(norms):     [1023.47, 1025.8, 1026.48, 1026.61, 1026.58, 1026.74, 1026.51, 1026.67, 1026.69, 1026.81]
exp058-n1024-k12-d100-bs40-f1.000-r01:000093.447: (8 sec)
exp058-n1024-k12-d100-bs40-f1.000-r01:000093.447: Loop 8/100
exp058-n1024-k12-d100-bs40-f1.000-r01:000100.472: log(exp-norms): [1023.47, 1025.01, 1025.95]
exp058-n1024-k12-d100-bs40-f1.000-r01:000100.473: log(norms):     [1023.47, 1025.8, 1026.48, 1026.61, 1026.58, 1026.74, 1026.66, 1026.6, 1026.75, 1026.64]
exp058-n1024-k12-d100-bs40-f1.000-r01:000100.483: (8 sec)
exp058-n1024-k12-d100-bs40-f1.000-r01:000100.483: Loop 9/100
exp058-n1024-k12-d100-bs40-f1.000-r01:000107.062: log(exp-norms): [1023.47, 1025.01, 1025.95]
exp058-n1024-k12-d100-bs40-f1.000-r01:000107.062: log(norms):     [1023.47, 1025.8, 1026.51, 1026.48, 1026.61, 1026.75, 1026.58, 1026.45, 1026.8, 1026.67]
exp058-n1024-k12-d100-bs40-f1.000-r01:000107.073: (7 sec)
exp058-n1024-k12-d100-bs40-f1.000-r01:000107.074: Loop 10/100
exp058-n1024-k12-d100-bs40-f1.000-r01:000114.447: log(exp-norms): [1023.47, 1025.01, 1025.95]
exp058-n1024-k12-d100-bs40-f1.000-r01:000114.448: log(norms):     [1023.47, 1025.21, 1025.8, 1026.45, 1026.51, 1026.48, 1026.61, 1026.75, 1026.58, 1026.56]
exp058-n1024-k12-d100-bs40-f1.000-r01:000114.459: (8 sec)
exp058-n1024-k12-d100-bs40-f1.000-r01:000114.459: ==========================Summary===========================
exp058-n1024-k12-d100-bs40-f1.000-r01:000114.459: Total time: 115sec
exp058-n1024-k12-d100-bs40-f1.000-r01:000114.459: SUCCESS
exp058-n1024-k12-d100-bs40-f1.000-r01:000114.459: HNP solution: 71613672118105524374368849924427001255233447339514749257888208790251683786943710741746328701522276890405421508880788630846762218521067815455587634259601438770616815932026295432897184703899852918914146244887389048611386094923358392377306931128756278809989584510240657385250094156686438170313209312389569212707
exp058-n1024-k12-d100-bs40-f1.000-r01:000114.459: Shared secret: 71613672118105524374368849924427001255233447339514749257888208790251683786943710741746328701522276890405421508880788630846762218521067815455587634259601438770616815932026295432897184703899852918914146244887389048611386094923358392377306931128756278809989584510240657385250094156686438170313209312389569212707
exp058-n1024-k12-d100-bs40-f1.000-r01:000114.460: SUMMARY:n:1024:k:12:d:100:bs:40:t:115:r:True
