exp059-n1024-k12-d100-bs40-f1.000-r02:000000.188: ==========================Instance==========================
exp059-n1024-k12-d100-bs40-f1.000-r02:000000.188: # of equations: 100
exp059-n1024-k12-d100-bs40-f1.000-r02:000000.190: Gap: 1.91
exp059-n1024-k12-d100-bs40-f1.000-r02:000000.193: Tau: 1.50
exp059-n1024-k12-d100-bs40-f1.000-r02:000000.194: ======================BKZ-40 reduction======================
exp059-n1024-k12-d100-bs40-f1.000-r02:000001.243: Expectedly achievable log(norm): 1026.49
exp059-n1024-k12-d100-bs40-f1.000-r02:000002.048: log(exp-norms): [1023.47, 1025.01, 1025.95]
exp059-n1024-k12-d100-bs40-f1.000-r02:000002.048: log(norms):     [1037.47, 1025.8, 1034.94, 1034.94, 1034.94, 1034.94, 1034.94, 1034.94, 1034.94, 1034.94]
exp059-n1024-k12-d100-bs40-f1.000-r02:000002.103: Loop 1/100
exp059-n1024-k12-d100-bs40-f1.000-r02:000048.252: log(exp-norms): [1023.47, 1025.01, 1025.95]
exp059-n1024-k12-d100-bs40-f1.000-r02:000048.252: log(norms):     [1023.47, 1025.8, 1027.2, 1027.22, 1027.26, 1027.22, 1027.33, 1027.43, 1027.33, 1027.48]
exp059-n1024-k12-d100-bs40-f1.000-r02:000048.263: (47 sec)
exp059-n1024-k12-d100-bs40-f1.000-r02:000048.264: Loop 2/100
exp059-n1024-k12-d100-bs40-f1.000-r02:000058.408: log(exp-norms): [1023.47, 1025.01, 1025.95]
exp059-n1024-k12-d100-bs40-f1.000-r02:000058.408: log(norms):     [1023.47, 1025.8, 1026.85, 1026.99, 1027.07, 1027.04, 1027.03, 1027.12, 1027.01, 1027.0]
exp059-n1024-k12-d100-bs40-f1.000-r02:000058.419: (11 sec)
exp059-n1024-k12-d100-bs40-f1.000-r02:000058.419: Loop 3/100
exp059-n1024-k12-d100-bs40-f1.000-r02:000066.214: log(exp-norms): [1023.47, 1025.01, 1025.95]
exp059-n1024-k12-d100-bs40-f1.000-r02:000066.214: log(norms):     [1023.47, 1025.8, 1026.72, 1026.84, 1026.81, 1026.9, 1026.77, 1026.88, 1026.85, 1026.94]
exp059-n1024-k12-d100-bs40-f1.000-r02:000066.224: (8 sec)
exp059-n1024-k12-d100-bs40-f1.000-r02:000066.224: Loop 4/100
exp059-n1024-k12-d100-bs40-f1.000-r02:000073.938: log(exp-norms): [1023.47, 1025.01, 1025.95]
exp059-n1024-k12-d100-bs40-f1.000-r02:000073.939: log(norms):     [1023.47, 1025.8, 1026.72, 1026.84, 1026.8, 1026.59, 1026.73, 1026.92, 1026.68, 1026.58]
exp059-n1024-k12-d100-bs40-f1.000-r02:000073.949: (8 sec)
exp059-n1024-k12-d100-bs40-f1.000-r02:000073.949: Loop 5/100
exp059-n1024-k12-d100-bs40-f1.000-r02:000081.167: log(exp-norms): [1023.47, 1025.01, 1025.95]
exp059-n1024-k12-d100-bs40-f1.000-r02:000081.167: log(norms):     [1023.47, 1025.8, 1026.51, 1026.59, 1026.58, 1026.65, 1026.64, 1026.72, 1026.76, 1026.67]
exp059-n1024-k12-d100-bs40-f1.000-r02:000081.177: (8 sec)
exp059-n1024-k12-d100-bs40-f1.000-r02:000081.178: Loop 6/100
exp059-n1024-k12-d100-bs40-f1.000-r02:000087.757: log(exp-norms): [1023.47, 1025.01, 1025.95]
exp059-n1024-k12-d100-bs40-f1.000-r02:000087.757: log(norms):     [1023.47, 1025.8, 1026.48, 1026.61, 1026.58, 1026.51, 1026.67, 1026.73, 1026.59, 1026.81]
exp059-n1024-k12-d100-bs40-f1.000-r02:000087.768: (7 sec)
exp059-n1024-k12-d100-bs40-f1.000-r02:000087.768: Loop 7/100
exp059-n1024-k12-d100-bs40-f1.000-r02:000094.757: log(exp-norms): [1023.47, 1025.01, 1025.95]
exp059-n1024-k12-d100-bs40-f1.000-r02:000094.757: log(norms):     [1023.47, 1025.8, 1026.48, 1026.61, 1026.58, 1026.74, 1026.51, 1026.67, 1026.69, 1026.81]
exp059-n1024-k12-d100-bs40-f1.000-r02:000094.768: (7 sec)
exp059-n1024-k12-d100-bs40-f1.000-r02:000094.768: Loop 8/100
exp059-n1024-k12-d100-bs40-f1.000-r02:000101.608: log(exp-norms): [1023.47, 1025.01, 1025.95]
exp059-n1024-k12-d100-bs40-f1.000-r02:000101.608: log(norms):     [1023.47, 1025.8, 1026.48, 1026.61, 1026.58, 1026.74, 1026.66, 1026.6, 1026.75, 1026.64]
exp059-n1024-k12-d100-bs40-f1.000-r02:000101.619: (7 sec)
exp059-n1024-k12-d100-bs40-f1.000-r02:000101.619: Loop 9/100
exp059-n1024-k12-d100-bs40-f1.000-r02:000108.197: log(exp-norms): [1023.47, 1025.01, 1025.95]
exp059-n1024-k12-d100-bs40-f1.000-r02:000108.197: log(norms):     [1023.47, 1025.8, 1026.51, 1026.48, 1026.61, 1026.75, 1026.58, 1026.45, 1026.8, 1026.67]
exp059-n1024-k12-d100-bs40-f1.000-r02:000108.208: (7 sec)
exp059-n1024-k12-d100-bs40-f1.000-r02:000108.208: Loop 10/100
exp059-n1024-k12-d100-bs40-f1.000-r02:000115.204: log(exp-norms): [1023.47, 1025.01, 1025.95]
exp059-n1024-k12-d100-bs40-f1.000-r02:000115.204: log(norms):     [1023.47, 1025.21, 1025.8, 1026.45, 1026.51, 1026.48, 1026.61, 1026.75, 1026.58, 1026.56]
exp059-n1024-k12-d100-bs40-f1.000-r02:000115.214: (8 sec)
exp059-n1024-k12-d100-bs40-f1.000-r02:000115.215: ==========================Summary===========================
exp059-n1024-k12-d100-bs40-f1.000-r02:000115.215: Total time: 116sec
exp059-n1024-k12-d100-bs40-f1.000-r02:000115.215: SUCCESS
exp059-n1024-k12-d100-bs40-f1.000-r02:000115.215: HNP solution: 71613672118105524374368849924427001255233447339514749257888208790251683786943710741746328701522276890405421508880788630846762218521067815455587634259601438770616815932026295432897184703899852918914146244887389048611386094923358392377306931128756278809989584510240657385250094156686438170313209312389569212707
exp059-n1024-k12-d100-bs40-f1.000-r02:000115.215: Shared secret: 71613672118105524374368849924427001255233447339514749257888208790251683786943710741746328701522276890405421508880788630846762218521067815455587634259601438770616815932026295432897184703899852918914146244887389048611386094923358392377306931128756278809989584510240657385250094156686438170313209312389569212707
exp059-n1024-k12-d100-bs40-f1.000-r02:000115.215: SUMMARY:n:1024:k:12:d:100:bs:40:t:116:r:True
