exp060-n1024-k12-d100-bs40-f1.000-r03:000000.184: ==========================Instance==========================
exp060-n1024-k12-d100-bs40-f1.000-r03:000000.185: # of equations: 100
exp060-n1024-k12-d100-bs40-f1.000-r03:000000.186: Gap: 1.91
exp060-n1024-k12-d100-bs40-f1.000-r03:000000.190: Tau: 1.50
exp060-n1024-k12-d100-bs40-f1.000-r03:000000.191: ======================BKZ-40 reduction======================
exp060-n1024-k12-d100-bs40-f1.000-r03:000001.518: Expectedly achievable log(norm): 1026.49
exp060-n1024-k12-d100-bs40-f1.000-r03:000002.828: log(exp-norms): [1023.47, 1025.01, 1025.95]
exp060-n1024-k12-d100-bs40-f1.000-r03:000002.829: log(norms):     [1037.47, 1025.8, 1034.94, 1034.94, 1034.94, 1034.94, 1034.94, 1034.94, 1034.94, 1034.94]
exp060-n1024-k12-d100-bs40-f1.000-r03:000002.925: Loop 1/100
exp060-n1024-k12-d100-bs40-f1.000-r03:000042.101: log(exp-norms): [1023.47, 1025.01, 1025.95]
exp060-n1024-k12-d100-bs40-f1.000-r03:000042.101: log(norms):     [1023.47, 1025.8, 1027.2, 1027.22, 1027.26, 1027.22, 1027.33, 1027.43, 1027.33, 1027.48]
exp060-n1024-k12-d100-bs40-f1.000-r03:000042.113: (40 sec)
exp060-n1024-k12-d100-bs40-f1.000-r03:000042.113: Loop 2/100
exp060-n1024-k12-d100-bs40-f1.000-r03:000052.771: log(exp-norms): [1023.47, 1025.01, 1025.95]
exp060-n1024-k12-d100-bs40-f1.000-r03:000052.772: log(norms):     [1023.47, 1025.8, 1026.85, 1026.99, 1027.07, 1027.04, 1027.03, 1027.12, 1027.01, 1027.0]
exp060-n1024-k12-d100-bs40-f1.000-r03:000052.782: (11 sec)
exp060-n1024-k12-d100-bs40-f1.000-r03:000052.782: Loop 3/100
exp060-n1024-k12-d100-bs40-f1.000-r03:000060.481: log(exp-norms): [1023.47, 1025.01, 1025.95]
exp060-n1024-k12-d100-bs40-f1.000-r03:000060.481: log(norms):     [1023.47, 1025.8, 1026.72, 1026.84, 1026.81, 1026.9, 1026.77, 1026.88, 1026.85, 1026.94]
exp060-n1024-k12-d100-bs40-f1.000-r03:000060.497: (8 sec)
exp060-n1024-k12-d100-bs40-f1.000-r03:000060.498: Loop 4/100
exp060-n1024-k12-d100-bs40-f1.000-r03:000068.423: log(exp-norms): [1023.47, 1025.01, 1025.95]
exp060-n1024-k12-d100-bs40-f1.000-r03:000068.423: log(norms):     [1023.47, 1025.8, 1026.72, 1026.84, 1026.8, 1026.59, 1026.73, 1026.92, 1026.68, 1026.58]
exp060-n1024-k12-d100-bs40-f1.000-r03:000068.433: (8 sec)
exp060-n1024-k12-d100-bs40-f1.000-r03:000068.434: Loop 5/100
exp060-n1024-k12-d100-bs40-f1.000-r03:000075.650: log(exp-norms): [1023.47, 1025.01, 1025.95]
exp060-n1024-k12-d100-bs40-f1.000-r03:000075.650: log(norms):     [1023.47, 1025.8, 1026.51, 1026.59, 1026.58, 1026.65, 1026.64, 1026.72, 1026.76, 1026.67]
exp060-n1024-k12-d100-bs40-f1.000-r03:000075.661: (8 sec)
exp060-n1024-k12-d100-bs40-f1.000-r03:000075.661: Loop 6/100
exp060-n1024-k12-d100-bs40-f1.000-r03:000082.438: log(exp-norms): [1023.47, 1025.01, 1025.95]
exp060-n1024-k12-d100-bs40-f1.000-r03:000082.439: log(norms):     [1023.47, 1025.8, 1026.48, 1026.61, 1026.58, 1026.51, 1026.67, 1026.73, 1026.59, 1026.81]
exp060-n1024-k12-d100-bs40-f1.000-r03:000082.449: (7 sec)
exp060-n1024-k12-d100-bs40-f1.000-r03:000082.450: Loop 7/100
exp060-n1024-k12-d100-bs40-f1.000-r03:000089.340: log(exp-norms): [1023.47, 1025.01, 1025.95]
exp060-n1024-k12-d100-bs40-f1.000-r03:000089.341: log(norms):     [1023.47, 1025.8, 1026.48, 1026.61, 1026.58, 1026.74, 1026.51, 1026.67, 1026.69, 1026.81]
exp060-n1024-k12-d100-bs40-f1.000-r03:000089.351: (7 sec)
exp060-n1024-k12-d100-bs40-f1.000-r03:000089.351: Loop 8/100
exp060-n1024-k12-d100-bs40-f1.000-r03:000096.130: log(exp-norms): [1023.47, 1025.01, 1025.95]
exp060-n1024-k12-d100-bs40-f1.000-r03:000096.131: log(norms):     [1023.47, 1025.8, 1026.48, 1026.61, 1026.58, 1026.74, 1026.66, 1026.6, 1026.75, 1026.64]
exp060-n1024-k12-d100-bs40-f1.000-r03:000096.141: (7 sec)
exp060-n1024-k12-d100-bs40-f1.000-r03:000096.141: Loop 9/100
exp060-n1024-k12-d100-bs40-f1.000-r03:000102.611: log(exp-norms): [1023.47, 1025.01, 1025.95]
exp060-n1024-k12-d100-bs40-f1.000-r03:000102.611: log(norms):     [1023.47, 1025.8, 1026.51, 1026.48, 1026.61, 1026.75, 1026.58, 1026.45, 1026.8, 1026.67]
exp060-n1024-k12-d100-bs40-f1.000-r03:000102.622: (7 sec)
exp060-n1024-k12-d100-bs40-f1.000-r03:000102.622: Loop 10/100
exp060-n1024-k12-d100-bs40-f1.000-r03:000109.678: log(exp-norms): [1023.47, 1025.01, 1025.95]
exp060-n1024-k12-d100-bs40-f1.000-r03:000109.679: log(norms):     [1023.47, 1025.21, 1025.8, 1026.45, 1026.51, 1026.48, 1026.61, 1026.75, 1026.58, 1026.56]
exp060-n1024-k12-d100-bs40-f1.000-r03:000109.689: (8 sec)
exp060-n1024-k12-d100-bs40-f1.000-r03:000109.689: ==========================Summary===========================
exp060-n1024-k12-d100-bs40-f1.000-r03:000109.689: Total time: 110sec
exp060-n1024-k12-d100-bs40-f1.000-r03:000109.689: SUCCESS
exp060-n1024-k12-d100-bs40-f1.000-r03:000109.689: HNP solution: 71613672118105524374368849924427001255233447339514749257888208790251683786943710741746328701522276890405421508880788630846762218521067815455587634259601438770616815932026295432897184703899852918914146244887389048611386094923358392377306931128756278809989584510240657385250094156686438170313209312389569212707
exp060-n1024-k12-d100-bs40-f1.000-r03:000109.690: Shared secret: 71613672118105524374368849924427001255233447339514749257888208790251683786943710741746328701522276890405421508880788630846762218521067815455587634259601438770616815932026295432897184703899852918914146244887389048611386094923358392377306931128756278809989584510240657385250094156686438170313209312389569212707
exp060-n1024-k12-d100-bs40-f1.000-r03:000109.690: SUMMARY:n:1024:k:12:d:100:bs:40:t:110:r:True
