exp057-n1024-k12-d100-bs40-f1.000-r00:000000.212: ==========================Instance==========================
exp057-n1024-k12-d100-bs40-f1.000-r00:000000.212: # of equations: 100
exp057-n1024-k12-d100-bs40-f1.000-r00:000000.214: Gap: 1.91
exp057-n1024-k12-d100-bs40-f1.000-r00:000000.218: Tau: 1.50
exp057-n1024-k12-d100-bs40-f1.000-r00:000000.219: ======================BKZ-40 reduction======================
exp057-n1024-k12-d100-bs40-f1.000-r00:000001.549: Expectedly achievable log(norm): 1026.49
exp057-n1024-k12-d100-bs40-f1.000-r00:000002.886: log(exp-norms): [1023.47, 1025.01, 1025.95]
exp057-n1024-k12-d100-bs40-f1.000-r00:000002.887: log(norms):     [1037.47, 1025.8, 1034.94, 1034.94, 1034.94, 1034.94, 1034.94, 1034.94, 1034.94, 1034.94]
exp057-n1024-k12-d100-bs40-f1.000-r00:000002.984: Loop 1/100
exp057-n1024-k12-d100-bs40-f1.000-r00:000039.239: log(exp-norms): [1023.47, 1025.01, 1025.95]
exp057-n1024-k12-d100-bs40-f1.000-r00:000039.239: log(norms):     [1023.47, 1025.8, 1027.2, 1027.22, 1027.26, 1027.22, 1027.33, 1027.43, 1027.33, 1027.48]
exp057-n1024-k12-d100-bs40-f1.000-r00:000039.250: (37 sec)
exp057-n1024-k12-d100-bs40-f1.000-r00:000039.250: Loop 2/100
exp057-n1024-k12-d100-bs40-f1.000-r00:000048.920: log(exp-norms): [1023.47, 1025.01, 1025.95]
exp057-n1024-k12-d100-bs40-f1.000-r00:000048.920: log(norms):     [1023.47, 1025.8, 1026.85, 1026.99, 1027.07, 1027.04, 1027.03, 1027.12, 1027.01, 1027.0]
exp057-n1024-k12-d100-bs40-f1.000-r00:000048.931: (10 sec)
exp057-n1024-k12-d100-bs40-f1.000-r00:000048.932: Loop 3/100
exp057-n1024-k12-d100-bs40-f1.000-r00:000056.701: log(exp-norms): [1023.47, 1025.01, 1025.95]
exp057-n1024-k12-d100-bs40-f1.000-r00:000056.701: log(norms):     [1023.47, 1025.8, 1026.72, 1026.84, 1026.81, 1026.9, 1026.77, 1026.88, 1026.85, 1026.94]
exp057-n1024-k12-d100-bs40-f1.000-r00:000056.711: (8 sec)
exp057-n1024-k12-d100-bs40-f1.000-r00:000056.712: Loop 4/100
exp057-n1024-k12-d100-bs40-f1.000-r00:000064.267: log(exp-norms): [1023.47, 1025.01, 1025.95]
exp057-n1024-k12-d100-bs40-f1.000-r00:000064.268: log(norms):     [1023.47, 1025.8, 1026.72, 1026.84, 1026.8, 1026.59, 1026.73, 1026.92, 1026.68, 1026.58]
exp057-n1024-k12-d100-bs40-f1.000-r00:000064.278: (8 sec)
exp057-n1024-k12-d100-bs40-f1.000-r00:000064.278: Loop 5/100
exp057-n1024-k12-d100-bs40-f1.000-r00:000071.388: log(exp-norms): [1023.47, 1025.01, 1025.95]
exp057-n1024-k12-d100-bs40-f1.000-r00:000071.388: log(norms):     [1023.47, 1025.8, 1026.51, 1026.59, 1026.58, 1026.65, 1026.64, 1026.72, 1026.76, 1026.67]
exp057-n1024-k12-d100-bs40-f1.000-r00:000071.398: (8 sec)
exp057-n1024-k12-d100-bs40-f1.000-r00:000071.399: Loop 6/100
exp057-n1024-k12-d100-bs40-f1.000-r00:000077.977: log(exp-norms): [1023.47, 1025.01, 1025.95]
exp057-n1024-k12-d100-bs40-f1.000-r00:000077.978: log(norms):     [1023.47, 1025.8, 1026.48, 1026.61, 1026.58, 1026.51, 1026.67, 1026.73, 1026.59, 1026.81]
exp057-n1024-k12-d100-bs40-f1.000-r00:000077.988: (7 sec)
exp057-n1024-k12-d100-bs40-f1.000-r00:000077.988: Loop 7/100
exp057-n1024-k12-d100-bs40-f1.000-r00:000084.889: log(exp-norms): [1023.47, 1025.01, 1025.95]
exp057-n1024-k12-d100-bs40-f1.000-r00:000084.890: log(norms):     [1023.47, 1025.8, 1026.48, 1026.61, 1026.58, 1026.74, 1026.51, 1026.67, 1026.69, 1026.81]
exp057-n1024-k12-d100-bs40-f1.000-r00:000084.900: (7 sec)
exp057-n1024-k12-d100-bs40-f1.000-r00:000084.900: Loop 8/100
exp057-n1024-k12-d100-bs40-f1.000-r00:000092.018: log(exp-norms): [1023.47, 1025.01, 1025.95]
exp057-n1024-k12-d100-bs40-f1.000-r00:000092.018: log(norms):     [1023.47, 1025.8, 1026.48, 1026.61, 1026.58, 1026.74, 1026.66, 1026.6, 1026.75, 1026.64]
exp057-n1024-k12-d100-bs40-f1.000-r00:000092.029: (8 sec)
exp057-n1024-k12-d100-bs40-f1.000-r00:000092.029: Loop 9/100
exp057-n1024-k12-d100-bs40-f1.000-r00:000098.498: log(exp-norms): [1023.47, 1025.01, 1025.95]
exp057-n1024-k12-d100-bs40-f1.000-r00:000098.498: log(norms):     [1023.47, 1025.8, 1026.51, 1026.48, 1026.61, 1026.75, 1026.58, 1026.45, 1026.8, 1026.67]
exp057-n1024-k12-d100-bs40-f1.000-r00:000098.508: (7 sec)
exp057-n1024-k12-d100-bs40-f1.000-r00:000098.509: Loop 10/100
exp057-n1024-k12-d100-bs40-f1.000-r00:000105.913: log(exp-norms): [1023.47, 1025.01, 1025.95]
exp057-n1024-k12-d100-bs40-f1.000-r00:000105.913: log(norms):     [1023.47, 1025.21, 1025.8, 1026.45, 1026.51, 1026.48, 1026.61, 1026.75, 1026.58, 1026.56]
exp057-n1024-k12-d100-bs40-f1.000-r00:000105.925: (8 sec)
exp057-n1024-k12-d100-bs40-f1.000-r00:000105.925: ==========================Summary===========================
exp057-n1024-k12-d100-bs40-f1.000-r00:000105.925: Total time: 106sec
exp057-n1024-k12-d100-bs40-f1.000-r00:000105.925: SUCCESS
exp057-n1024-k12-d100-bs40-f1.000-r00:000105.925: HNP solution: 71613672118105524374368849924427001255233447339514749257888208790251683786943710741746328701522276890405421508880788630846762218521067815455587634259601438770616815932026295432897184703899852918914146244887389048611386094923358392377306931128756278809989584510240657385250094156686438170313209312389569212707
exp057-n1024-k12-d100-bs40-f1.000-r00:000105.925: Shared secret: 71613672118105524374368849924427001255233447339514749257888208790251683786943710741746328701522276890405421508880788630846762218521067815455587634259601438770616815932026295432897184703899852918914146244887389048611386094923358392377306931128756278809989584510240657385250094156686438170313209312389569212707
exp057-n1024-k12-d100-bs40-f1.000-r00:000105.925: SUMMARY:n:1024:k:12:d:100:bs:40:t:106:r:True
