exp063-n1024-k12-d100-bs40-f1.000-r06:000000.185: ==========================Instance==========================
exp063-n1024-k12-d100-bs40-f1.000-r06:000000.186: # of equations: 100
exp063-n1024-k12-d100-bs40-f1.000-r06:000000.187: Gap: 1.91
exp063-n1024-k12-d100-bs40-f1.000-r06:000000.190: Tau: 1.50
exp063-n1024-k12-d100-bs40-f1.000-r06:000000.191: ======================BKZ-40 reduction======================
exp063-n1024-k12-d100-bs40-f1.000-r06:000001.423: Expectedly achievable log(norm): 1026.49
exp063-n1024-k12-d100-bs40-f1.000-r06:000002.661: log(exp-norms): [1023.47, 1025.01, 1025.95]
exp063-n1024-k12-d100-bs40-f1.000-r06:000002.661: log(norms):     [1037.47, 1025.8, 1034.94, 1034.94, 1034.94, 1034.94, 1034.94, 1034.94, 1034.94, 1034.94]
exp063-n1024-k12-d100-bs40-f1.000-r06:000002.753: Loop 1/100
exp063-n1024-k12-d100-bs40-f1.000-r06:000047.145: log(exp-norms): [1023.47, 1025.01, 1025.95]
exp063-n1024-k12-d100-bs40-f1.000-r06:000047.145: log(norms):     [1023.47, 1025.8, 1027.2, 1027.22, 1027.26, 1027.22, 1027.33, 1027.43, 1027.33, 1027.48]
exp063-n1024-k12-d100-bs40-f1.000-r06:000047.156: (45 sec)
exp063-n1024-k12-d100-bs40-f1.000-r06:000047.156: Loop 2/100
exp063-n1024-k12-d100-bs40-f1.000-r06:000056.843: log(exp-norms): [1023.47, 1025.01, 1025.95]
exp063-n1024-k12-d100-bs40-f1.000-r06:000056.843: log(norms):     [1023.47, 1025.8, 1026.85, 1026.99, 1027.07, 1027.04, 1027.03, 1027.12, 1027.01, 1027.0]
exp063-n1024-k12-d100-bs40-f1.000-r06:000056.854: (10 sec)
exp063-n1024-k12-d100-bs40-f1.000-r06:000056.854: Loop 3/100
exp063-n1024-k12-d100-bs40-f1.000-r06:000064.641: log(exp-norms): [1023.47, 1025.01, 1025.95]
exp063-n1024-k12-d100-bs40-f1.000-r06:000064.641: log(norms):     [1023.47, 1025.8, 1026.72, 1026.84, 1026.81, 1026.9, 1026.77, 1026.88, 1026.85, 1026.94]
exp063-n1024-k12-d100-bs40-f1.000-r06:000064.657: (8 sec)
exp063-n1024-k12-d100-bs40-f1.000-r06:000064.657: Loop 4/100
exp063-n1024-k12-d100-bs40-f1.000-r06:000073.068: log(exp-norms): [1023.47, 1025.01, 1025.95]
exp063-n1024-k12-d100-bs40-f1.000-r06:000073.069: log(norms):     [1023.47, 1025.8, 1026.72, 1026.84, 1026.8, 1026.59, 1026.73, 1026.92, 1026.68, 1026.58]
exp063-n1024-k12-d100-bs40-f1.000-r06:000073.086: (9 sec)
exp063-n1024-k12-d100-bs40-f1.000-r06:000073.086: Loop 5/100
exp063-n1024-k12-d100-bs40-f1.000-r06:000080.679: log(exp-norms): [1023.47, 1025.01, 1025.95]
exp063-n1024-k12-d100-bs40-f1.000-r06:000080.679: log(norms):     [1023.47, 1025.8, 1026.51, 1026.59, 1026.58, 1026.65, 1026.64, 1026.72, 1026.76, 1026.67]
exp063-n1024-k12-d100-bs40-f1.000-r06:000080.690: (8 sec)
exp063-n1024-k12-d100-bs40-f1.000-r06:000080.690: Loop 6/100
exp063-n1024-k12-d100-bs40-f1.000-r06:000087.276: log(exp-norms): [1023.47, 1025.01, 1025.95]
exp063-n1024-k12-d100-bs40-f1.000-r06:000087.277: log(norms):     [1023.47, 1025.8, 1026.48, 1026.61, 1026.58, 1026.51, 1026.67, 1026.73, 1026.59, 1026.81]
exp063-n1024-k12-d100-bs40-f1.000-r06:000087.288: (7 sec)
exp063-n1024-k12-d100-bs40-f1.000-r06:000087.288: Loop 7/100
exp063-n1024-k12-d100-bs40-f1.000-r06:000094.228: log(exp-norms): [1023.47, 1025.01, 1025.95]
exp063-n1024-k12-d100-bs40-f1.000-r06:000094.228: log(norms):     [1023.47, 1025.8, 1026.48, 1026.61, 1026.58, 1026.74, 1026.51, 1026.67, 1026.69, 1026.81]
exp063-n1024-k12-d100-bs40-f1.000-r06:000094.239: (7 sec)
exp063-n1024-k12-d100-bs40-f1.000-r06:000094.239: Loop 8/100
exp063-n1024-k12-d100-bs40-f1.000-r06:000101.001: log(exp-norms): [1023.47, 1025.01, 1025.95]
exp063-n1024-k12-d100-bs40-f1.000-r06:000101.001: log(norms):     [1023.47, 1025.8, 1026.48, 1026.61, 1026.58, 1026.74, 1026.66, 1026.6, 1026.75, 1026.64]
exp063-n1024-k12-d100-bs40-f1.000-r06:000101.012: (7 sec)
exp063-n1024-k12-d100-bs40-f1.000-r06:000101.012: Loop 9/100
exp063-n1024-k12-d100-bs40-f1.000-r06:000107.694: log(exp-norms): [1023.47, 1025.01, 1025.95]
exp063-n1024-k12-d100-bs40-f1.000-r06:000107.694: log(norms):     [1023.47, 1025.8, 1026.51, 1026.48, 1026.61, 1026.75, 1026.58, 1026.45, 1026.8, 1026.67]
exp063-n1024-k12-d100-bs40-f1.000-r06:000107.706: (7 sec)
exp063-n1024-k12-d100-bs40-f1.000-r06:000107.706: Loop 10/100
exp063-n1024-k12-d100-bs40-f1.000-r06:000114.633: log(exp-norms): [1023.47, 1025.01, 1025.95]
exp063-n1024-k12-d100-bs40-f1.000-r06:000114.633: log(norms):     [1023.47, 1025.21, 1025.8, 1026.45, 1026.51, 1026.48, 1026.61, 1026.75, 1026.58, 1026.56]
exp063-n1024-k12-d100-bs40-f1.000-r06:000114.643: (7 sec)
exp063-n1024-k12-d100-bs40-f1.000-r06:000114.644: ==========================Summary===========================
exp063-n1024-k12-d100-bs40-f1.000-r06:000114.644: Total time: 115sec
exp063-n1024-k12-d100-bs40-f1.000-r06:000114.644: SUCCESS
exp063-n1024-k12-d100-bs40-f1.000-r06:000114.644: HNP solution: 71613672118105524374368849924427001255233447339514749257888208790251683786943710741746328701522276890405421508880788630846762218521067815455587634259601438770616815932026295432897184703899852918914146244887389048611386094923358392377306931128756278809989584510240657385250094156686438170313209312389569212707
exp063-n1024-k12-d100-bs40-f1.000-r06:000114.644: Shared secret: 71613672118105524374368849924427001255233447339514749257888208790251683786943710741746328701522276890405421508880788630846762218521067815455587634259601438770616815932026295432897184703899852918914146244887389048611386094923358392377306931128756278809989584510240657385250094156686438170313209312389569212707
exp063-n1024-k12-d100-bs40-f1.000-r06:000114.644: SUMMARY:n:1024:k:12:d:100:bs:40:t:115:r:True
